[INFO] [1733727334.184518976] [fibonacci_action_server]: Received goal request with order 10
[INFO] [1733727334.184746124] [fibonacci_action_server]: Executing goal...
[INFO] [1733727334.184838485] [fibonacci_action_server]: Feedback: [1]
[INFO] [1733727334.228412129] [fibonacci_action_server]: Received goal request with order 10
[INFO] [1733727334.228642840] [fibonacci_action_server]: Executing goal...
[INFO] [1733727334.228845249] [fibonacci_action_server]: Feedback: [1]
[INFO] [1733727334.234249615] [fibonacci_action_server]: Received goal request with order 10
[INFO] [1733727334.234402323] [fibonacci_action_server]: Executing goal...
[INFO] [1733727334.234472073] [fibonacci_action_server]: Feedback: [1]
[INFO] [1733727334.685277865] [fibonacci_action_server]: Feedback: [2]
[INFO] [1733727334.729322519] [fibonacci_action_server]: Feedback: [2]
[INFO] [1733727334.734651871] [fibonacci_action_server]: Feedback: [2]
[INFO] [1733727335.185595775] [fibonacci_action_server]: Feedback: [3]
[INFO] [1733727335.229571598] [fibonacci_action_server]: Feedback: [3]
[INFO] [1733727335.234947848] [fibonacci_action_server]: Feedback: [3]
[INFO] [1733727335.685891168] [fibonacci_action_server]: Feedback: [5]
[INFO] [1733727335.729954899] [fibonacci_action_server]: Feedback: [5]
[INFO] [1733727335.735518282] [fibonacci_action_server]: Feedback: [5]
[INFO] [1733727336.186352241] [fibonacci_action_server]: Feedback: [8]
[INFO] [1733727336.230320988] [fibonacci_action_server]: Feedback: [8]
[INFO] [1733727336.236090789] [fibonacci_action_server]: Feedback: [8]
[INFO] [1733727336.686661036] [fibonacci_action_server]: Feedback: [13]
[INFO] [1733727336.730639603] [fibonacci_action_server]: Feedback: [13]
[INFO] [1733727336.736517434] [fibonacci_action_server]: Feedback: [13]
[INFO] [1733727337.187032343] [fibonacci_action_server]: Feedback: [21]
[INFO] [1733727337.231225100] [fibonacci_action_server]: Feedback: [21]
[INFO] [1733727337.236880148] [fibonacci_action_server]: Feedback: [21]
[INFO] [1733727337.687619867] [fibonacci_action_server]: Feedback: [34]
[INFO] [1733727337.732059963] [fibonacci_action_server]: Feedback: [34]
[INFO] [1733727337.737257644] [fibonacci_action_server]: Feedback: [34]
[INFO] [1733727338.187923774] [fibonacci_action_server]: Feedback: [55]
[INFO] [1733727338.232572305] [fibonacci_action_server]: Feedback: [55]
[INFO] [1733727338.237773338] [fibonacci_action_server]: Feedback: [55]
[INFO] [1733727338.688274317] [fibonacci_action_server]: Goal succeeded
[INFO] [1733727338.733258152] [fibonacci_action_server]: Goal succeeded
[INFO] [1733727338.738183702] [fibonacci_action_server]: Goal succeeded
[INFO] [1733727339.003028561] [fibonacci_action_server]: Received goal request with order 10
[INFO] [1733727339.003199732] [fibonacci_action_server]: Executing goal...
[INFO] [1733727339.003254946] [fibonacci_action_server]: Feedback: [1]
[INFO] [1733727339.430404611] [fibonacci_action_server]: Received goal request with order 10
[INFO] [1733727339.430628373] [fibonacci_action_server]: Executing goal...
[INFO] [1733727339.430746950] [fibonacci_action_server]: Feedback: [1]
[INFO] [1733727339.452924010] [fibonacci_action_server]: Received goal request with order 10
[INFO] [1733727339.453131264] [fibonacci_action_server]: Executing goal...
[INFO] [1733727339.453293116] [fibonacci_action_server]: Feedback: [1]
[INFO] [1733727339.503470314] [fibonacci_action_server]: Feedback: [2]
[INFO] [1733727339.931243253] [fibonacci_action_server]: Feedback: [2]
[INFO] [1733727339.953824927] [fibonacci_action_server]: Feedback: [2]
[INFO] [1733727340.004036538] [fibonacci_action_server]: Feedback: [3]
[INFO] [1733727340.431504464] [fibonacci_action_server]: Feedback: [3]
[INFO] [1733727340.454270792] [fibonacci_action_server]: Feedback: [3]
[INFO] [1733727340.504630939] [fibonacci_action_server]: Feedback: [5]
[INFO] [1733727340.932117383] [fibonacci_action_server]: Feedback: [5]
[INFO] [1733727340.954517211] [fibonacci_action_server]: Feedback: [5]
[INFO] [1733727341.005090885] [fibonacci_action_server]: Feedback: [8]
[INFO] [1733727341.432707939] [fibonacci_action_server]: Feedback: [8]
[INFO] [1733727341.454911430] [fibonacci_action_server]: Feedback: [8]
[INFO] [1733727341.505407696] [fibonacci_action_server]: Feedback: [13]
[INFO] [1733727341.933367687] [fibonacci_action_server]: Feedback: [13]
[INFO] [1733727341.955309737] [fibonacci_action_server]: Feedback: [13]
[INFO] [1733727342.005743198] [fibonacci_action_server]: Feedback: [21]
[INFO] [1733727342.433576152] [fibonacci_action_server]: Feedback: [21]
[INFO] [1733727342.455880529] [fibonacci_action_server]: Feedback: [21]
[INFO] [1733727342.505979152] [fibonacci_action_server]: Feedback: [34]
[INFO] [1733727342.933818188] [fibonacci_action_server]: Feedback: [34]
[INFO] [1733727342.956136356] [fibonacci_action_server]: Feedback: [34]
[INFO] [1733727343.006490398] [fibonacci_action_server]: Feedback: [55]
[INFO] [1733727343.434142307] [fibonacci_action_server]: Feedback: [55]
[INFO] [1733727343.456397655] [fibonacci_action_server]: Feedback: [55]
[INFO] [1733727343.506863273] [fibonacci_action_server]: Goal succeeded
[INFO] [1733727343.925903030] [fibonacci_action_server]: Received goal request with order 10
[INFO] [1733727343.926169483] [fibonacci_action_server]: Executing goal...
[INFO] [1733727343.926302517] [fibonacci_action_server]: Feedback: [1]
[INFO] [1733727343.934606229] [fibonacci_action_server]: Goal succeeded
[INFO] [1733727343.956700890] [fibonacci_action_server]: Goal succeeded
[INFO] [1733727344.350091048] [fibonacci_action_server]: Received goal request with order 10
[INFO] [1733727344.350444807] [fibonacci_action_server]: Executing goal...
[INFO] [1733727344.350587773] [fibonacci_action_server]: Feedback: [1]
[INFO] [1733727344.426831618] [fibonacci_action_server]: Feedback: [2]
[INFO] [1733727344.850849301] [fibonacci_action_server]: Feedback: [2]
[INFO] [1733727344.875125539] [fibonacci_action_server]: Received goal request with order 10
[INFO] [1733727344.875385860] [fibonacci_action_server]: Executing goal...
[INFO] [1733727344.875530401] [fibonacci_action_server]: Feedback: [1]
[INFO] [1733727344.927311396] [fibonacci_action_server]: Feedback: [3]
[INFO] [1733727345.351561739] [fibonacci_action_server]: Feedback: [3]
[INFO] [1733727345.375763731] [fibonacci_action_server]: Feedback: [2]
[INFO] [1733727345.427711483] [fibonacci_action_server]: Feedback: [5]
[INFO] [1733727345.852283424] [fibonacci_action_server]: Feedback: [5]
[INFO] [1733727345.875951980] [fibonacci_action_server]: Feedback: [3]
[INFO] [1733727345.928081162] [fibonacci_action_server]: Feedback: [8]
[INFO] [1733727346.352855705] [fibonacci_action_server]: Feedback: [8]
[INFO] [1733727346.376569843] [fibonacci_action_server]: Feedback: [5]
[INFO] [1733727346.428480826] [fibonacci_action_server]: Feedback: [13]
[INFO] [1733727346.853573634] [fibonacci_action_server]: Feedback: [13]
[INFO] [1733727346.876966583] [fibonacci_action_server]: Feedback: [8]
[INFO] [1733727346.928817835] [fibonacci_action_server]: Feedback: [21]
[INFO] [1733727347.353766401] [fibonacci_action_server]: Feedback: [21]
[INFO] [1733727347.377622289] [fibonacci_action_server]: Feedback: [13]
[INFO] [1733727347.429252013] [fibonacci_action_server]: Feedback: [34]
[INFO] [1733727347.853983369] [fibonacci_action_server]: Feedback: [34]
[INFO] [1733727347.877835775] [fibonacci_action_server]: Feedback: [21]
[INFO] [1733727347.929523591] [fibonacci_action_server]: Feedback: [55]
[INFO] [1733727348.354194782] [fibonacci_action_server]: Feedback: [55]
[INFO] [1733727348.378265888] [fibonacci_action_server]: Feedback: [34]
[INFO] [1733727348.429798510] [fibonacci_action_server]: Goal succeeded
[INFO] [1733727348.843435182] [fibonacci_action_server]: Received goal request with order 10
[INFO] [1733727348.843613171] [fibonacci_action_server]: Executing goal...
[INFO] [1733727348.843671402] [fibonacci_action_server]: Feedback: [1]
[INFO] [1733727348.854694030] [fibonacci_action_server]: Goal succeeded
[INFO] [1733727348.878674234] [fibonacci_action_server]: Feedback: [55]
[INFO] [1733727349.343886718] [fibonacci_action_server]: Feedback: [2]
[INFO] [1733727349.369201759] [fibonacci_action_server]: Received goal request with order 10
[INFO] [1733727349.369576287] [fibonacci_action_server]: Executing goal...
[INFO] [1733727349.369669554] [fibonacci_action_server]: Feedback: [1]
[INFO] [1733727349.379024017] [fibonacci_action_server]: Goal succeeded
[INFO] [1733727349.844175958] [fibonacci_action_server]: Feedback: [3]
[INFO] [1733727349.869866205] [fibonacci_action_server]: Feedback: [2]
[INFO] [1733727349.893460859] [fibonacci_action_server]: Received goal request with order 10
[INFO] [1733727349.893629360] [fibonacci_action_server]: Executing goal...
[INFO] [1733727349.893735866] [fibonacci_action_server]: Feedback: [1]
[INFO] [1733727350.344440850] [fibonacci_action_server]: Feedback: [5]
[INFO] [1733727350.370124735] [fibonacci_action_server]: Feedback: [3]
[INFO] [1733727350.393951308] [fibonacci_action_server]: Feedback: [2]
[INFO] [1733727350.844686553] [fibonacci_action_server]: Feedback: [8]
[INFO] [1733727350.870341743] [fibonacci_action_server]: Feedback: [5]
[INFO] [1733727350.894275483] [fibonacci_action_server]: Feedback: [3]
[INFO] [1733727351.345264821] [fibonacci_action_server]: Feedback: [13]
[INFO] [1733727351.370706980] [fibonacci_action_server]: Feedback: [8]
[INFO] [1733727351.394786734] [fibonacci_action_server]: Feedback: [5]
[INFO] [1733727351.845752554] [fibonacci_action_server]: Feedback: [21]
[INFO] [1733727351.871273837] [fibonacci_action_server]: Feedback: [13]
[INFO] [1733727351.895374535] [fibonacci_action_server]: Feedback: [8]
[INFO] [1733727352.346067341] [fibonacci_action_server]: Feedback: [34]
[INFO] [1733727352.371471843] [fibonacci_action_server]: Feedback: [21]
[INFO] [1733727352.395582248] [fibonacci_action_server]: Feedback: [13]
[INFO] [1733727352.846459819] [fibonacci_action_server]: Feedback: [55]
[INFO] [1733727352.871754265] [fibonacci_action_server]: Feedback: [34]
[INFO] [1733727352.896206598] [fibonacci_action_server]: Feedback: [21]
[INFO] [1733727353.346948801] [fibonacci_action_server]: Goal succeeded
[INFO] [1733727353.372156142] [fibonacci_action_server]: Feedback: [55]
[INFO] [1733727353.396470673] [fibonacci_action_server]: Feedback: [34]
[INFO] [1733727353.760479807] [fibonacci_action_server]: Received goal request with order 10
[INFO] [1733727353.760680449] [fibonacci_action_server]: Executing goal...
[INFO] [1733727353.760779517] [fibonacci_action_server]: Feedback: [1]
[INFO] [1733727353.872777359] [fibonacci_action_server]: Goal succeeded
[INFO] [1733727353.897071360] [fibonacci_action_server]: Feedback: [55]
[INFO] [1733727354.261157900] [fibonacci_action_server]: Feedback: [2]
[INFO] [1733727354.286831039] [fibonacci_action_server]: Received goal request with order 10
[INFO] [1733727354.286990922] [fibonacci_action_server]: Executing goal...
[INFO] [1733727354.287045438] [fibonacci_action_server]: Feedback: [1]
[INFO] [1733727354.397699500] [fibonacci_action_server]: Goal succeeded
[INFO] [1733727354.761788150] [fibonacci_action_server]: Feedback: [3]
[INFO] [1733727354.787292365] [fibonacci_action_server]: Feedback: [2]
[INFO] [1733727354.810824459] [fibonacci_action_server]: Received goal request with order 10
[INFO] [1733727354.811057888] [fibonacci_action_server]: Executing goal...
[INFO] [1733727354.811158054] [fibonacci_action_server]: Feedback: [1]
[INFO] [1733727355.262037007] [fibonacci_action_server]: Feedback: [5]
[INFO] [1733727355.287514633] [fibonacci_action_server]: Feedback: [3]
[INFO] [1733727355.311294405] [fibonacci_action_server]: Feedback: [2]
[INFO] [1733727355.762314910] [fibonacci_action_server]: Feedback: [8]
[INFO] [1733727355.787791657] [fibonacci_action_server]: Feedback: [5]
[INFO] [1733727355.811509092] [fibonacci_action_server]: Feedback: [3]
[INFO] [1733727356.262598502] [fibonacci_action_server]: Feedback: [13]
[INFO] [1733727356.288052340] [fibonacci_action_server]: Feedback: [8]
[INFO] [1733727356.311780501] [fibonacci_action_server]: Feedback: [5]
[INFO] [1733727356.763165814] [fibonacci_action_server]: Feedback: [21]
[INFO] [1733727356.788285842] [fibonacci_action_server]: Feedback: [13]
[INFO] [1733727356.812043344] [fibonacci_action_server]: Feedback: [8]
[INFO] [1733727357.263858056] [fibonacci_action_server]: Feedback: [34]
[INFO] [1733727357.288696698] [fibonacci_action_server]: Feedback: [21]
[INFO] [1733727357.312313366] [fibonacci_action_server]: Feedback: [13]
[INFO] [1733727357.764512196] [fibonacci_action_server]: Feedback: [55]
[INFO] [1733727357.789107052] [fibonacci_action_server]: Feedback: [34]
[INFO] [1733727357.812953994] [fibonacci_action_server]: Feedback: [21]
[INFO] [1733727358.265138890] [fibonacci_action_server]: Goal succeeded
[INFO] [1733727358.289768477] [fibonacci_action_server]: Feedback: [55]
[INFO] [1733727358.313535566] [fibonacci_action_server]: Feedback: [34]
[INFO] [1733727358.678023065] [fibonacci_action_server]: Received goal request with order 10
[INFO] [1733727358.678330451] [fibonacci_action_server]: Executing goal...
[INFO] [1733727358.678513698] [fibonacci_action_server]: Feedback: [1]
[INFO] [1733727358.790230768] [fibonacci_action_server]: Goal succeeded
[INFO] [1733727358.813805047] [fibonacci_action_server]: Feedback: [55]
[INFO] [1733727359.179078361] [fibonacci_action_server]: Feedback: [2]
[INFO] [1733727359.204194681] [fibonacci_action_server]: Received goal request with order 10
[INFO] [1733727359.204436813] [fibonacci_action_server]: Executing goal...
[INFO] [1733727359.204626611] [fibonacci_action_server]: Feedback: [1]
[INFO] [1733727359.314211663] [fibonacci_action_server]: Goal succeeded
[INFO] [1733727359.679637562] [fibonacci_action_server]: Feedback: [3]
[INFO] [1733727359.704965304] [fibonacci_action_server]: Feedback: [2]
[INFO] [1733727359.730600894] [fibonacci_action_server]: Received goal request with order 10
[INFO] [1733727359.730885064] [fibonacci_action_server]: Executing goal...
[INFO] [1733727359.730971546] [fibonacci_action_server]: Feedback: [1]
[INFO] [1733727360.180220814] [fibonacci_action_server]: Feedback: [5]
[INFO] [1733727360.205721807] [fibonacci_action_server]: Feedback: [3]
[INFO] [1733727360.231429625] [fibonacci_action_server]: Feedback: [2]
[INFO] [1733727360.680580584] [fibonacci_action_server]: Feedback: [8]
[INFO] [1733727360.705965143] [fibonacci_action_server]: Feedback: [5]
[INFO] [1733727360.731797460] [fibonacci_action_server]: Feedback: [3]
[INFO] [1733727361.181326102] [fibonacci_action_server]: Feedback: [13]
[INFO] [1733727361.206238739] [fibonacci_action_server]: Feedback: [8]
[INFO] [1733727361.232063111] [fibonacci_action_server]: Feedback: [5]
[INFO] [1733727361.681609270] [fibonacci_action_server]: Feedback: [21]
[INFO] [1733727361.706691414] [fibonacci_action_server]: Feedback: [13]
[INFO] [1733727361.732611605] [fibonacci_action_server]: Feedback: [8]
[INFO] [1733727362.181869802] [fibonacci_action_server]: Feedback: [34]
[INFO] [1733727362.207251709] [fibonacci_action_server]: Feedback: [21]
[INFO] [1733727362.233186021] [fibonacci_action_server]: Feedback: [13]
[INFO] [1733727362.682134304] [fibonacci_action_server]: Feedback: [55]
[INFO] [1733727362.707758741] [fibonacci_action_server]: Feedback: [34]
[INFO] [1733727362.733480064] [fibonacci_action_server]: Feedback: [21]
[INFO] [1733727363.182442273] [fibonacci_action_server]: Goal succeeded
[INFO] [1733727363.208057636] [fibonacci_action_server]: Feedback: [55]
[INFO] [1733727363.233761718] [fibonacci_action_server]: Feedback: [34]
[INFO] [1733727363.597231418] [fibonacci_action_server]: Received goal request with order 10
[INFO] [1733727363.597498807] [fibonacci_action_server]: Executing goal...
[INFO] [1733727363.597676144] [fibonacci_action_server]: Feedback: [1]
[INFO] [1733727363.708338744] [fibonacci_action_server]: Goal succeeded
[INFO] [1733727363.734039970] [fibonacci_action_server]: Feedback: [55]
[INFO] [1733727364.097879401] [fibonacci_action_server]: Feedback: [2]
[INFO] [1733727364.124575890] [fibonacci_action_server]: Received goal request with order 10
[INFO] [1733727364.124879916] [fibonacci_action_server]: Executing goal...
[INFO] [1733727364.125014895] [fibonacci_action_server]: Feedback: [1]
[INFO] [1733727364.234412993] [fibonacci_action_server]: Goal succeeded
[INFO] [1733727364.598165674] [fibonacci_action_server]: Feedback: [3]
[INFO] [1733727364.625574256] [fibonacci_action_server]: Feedback: [2]
[INFO] [1733727364.651010594] [fibonacci_action_server]: Received goal request with order 10
[INFO] [1733727364.651266949] [fibonacci_action_server]: Executing goal...
[INFO] [1733727364.651398119] [fibonacci_action_server]: Feedback: [1]
[INFO] [1733727365.098519075] [fibonacci_action_server]: Feedback: [5]
[INFO] [1733727365.125875372] [fibonacci_action_server]: Feedback: [3]
[INFO] [1733727365.151914874] [fibonacci_action_server]: Feedback: [2]
[INFO] [1733727365.598926278] [fibonacci_action_server]: Feedback: [8]
[INFO] [1733727365.626267253] [fibonacci_action_server]: Feedback: [5]
[INFO] [1733727365.652181556] [fibonacci_action_server]: Feedback: [3]
[INFO] [1733727366.099478744] [fibonacci_action_server]: Feedback: [13]
[INFO] [1733727366.126876319] [fibonacci_action_server]: Feedback: [8]
[INFO] [1733727366.152731935] [fibonacci_action_server]: Feedback: [5]
[INFO] [1733727366.600048181] [fibonacci_action_server]: Feedback: [21]
[INFO] [1733727366.627603900] [fibonacci_action_server]: Feedback: [13]
[INFO] [1733727366.653452601] [fibonacci_action_server]: Feedback: [8]
[INFO] [1733727367.100629084] [fibonacci_action_server]: Feedback: [34]
[INFO] [1733727367.128164243] [fibonacci_action_server]: Feedback: [21]
[INFO] [1733727367.153783198] [fibonacci_action_server]: Feedback: [13]
[INFO] [1733727367.600924369] [fibonacci_action_server]: Feedback: [55]
[INFO] [1733727367.628737115] [fibonacci_action_server]: Feedback: [34]
[INFO] [1733727367.654190099] [fibonacci_action_server]: Feedback: [21]
[INFO] [1733727368.101559972] [fibonacci_action_server]: Goal succeeded
[INFO] [1733727368.129057190] [fibonacci_action_server]: Feedback: [55]
[INFO] [1733727368.154499540] [fibonacci_action_server]: Feedback: [34]
[INFO] [1733727368.516539015] [fibonacci_action_server]: Received goal request with order 10
[INFO] [1733727368.516738076] [fibonacci_action_server]: Executing goal...
[INFO] [1733727368.516849712] [fibonacci_action_server]: Feedback: [1]
[INFO] [1733727368.629747439] [fibonacci_action_server]: Goal succeeded
[INFO] [1733727368.654925729] [fibonacci_action_server]: Feedback: [55]
[INFO] [1733727369.017109555] [fibonacci_action_server]: Feedback: [2]
[INFO] [1733727369.044285452] [fibonacci_action_server]: Received goal request with order 10
[INFO] [1733727369.044465777] [fibonacci_action_server]: Executing goal...
[INFO] [1733727369.044534435] [fibonacci_action_server]: Feedback: [1]
[INFO] [1733727369.155438923] [fibonacci_action_server]: Goal succeeded
[INFO] [1733727369.517650899] [fibonacci_action_server]: Feedback: [3]
[INFO] [1733727369.545034315] [fibonacci_action_server]: Feedback: [2]
[INFO] [1733727369.571750737] [fibonacci_action_server]: Received goal request with order 10
[INFO] [1733727369.571953489] [fibonacci_action_server]: Executing goal...
[INFO] [1733727369.572033017] [fibonacci_action_server]: Feedback: [1]
[INFO] [1733727370.017891170] [fibonacci_action_server]: Feedback: [5]
[INFO] [1733727370.045478128] [fibonacci_action_server]: Feedback: [3]
[INFO] [1733727370.072536510] [fibonacci_action_server]: Feedback: [2]
[INFO] [1733727370.518286794] [fibonacci_action_server]: Feedback: [8]
[INFO] [1733727370.545812160] [fibonacci_action_server]: Feedback: [5]
[INFO] [1733727370.572931016] [fibonacci_action_server]: Feedback: [3]
[INFO] [1733727371.018757591] [fibonacci_action_server]: Feedback: [13]
[INFO] [1733727371.046316419] [fibonacci_action_server]: Feedback: [8]
[INFO] [1733727371.073594892] [fibonacci_action_server]: Feedback: [5]
[INFO] [1733727371.519016773] [fibonacci_action_server]: Feedback: [21]
[INFO] [1733727371.546718318] [fibonacci_action_server]: Feedback: [13]
[INFO] [1733727371.574038614] [fibonacci_action_server]: Feedback: [8]
[INFO] [1733727372.019551062] [fibonacci_action_server]: Feedback: [34]
[INFO] [1733727372.047047776] [fibonacci_action_server]: Feedback: [21]
[INFO] [1733727372.074462040] [fibonacci_action_server]: Feedback: [13]
[INFO] [1733727372.519889535] [fibonacci_action_server]: Feedback: [55]
[INFO] [1733727372.547454109] [fibonacci_action_server]: Feedback: [34]
[INFO] [1733727372.574744068] [fibonacci_action_server]: Feedback: [21]
[INFO] [1733727373.020472390] [fibonacci_action_server]: Goal succeeded
[INFO] [1733727373.047936162] [fibonacci_action_server]: Feedback: [55]
[INFO] [1733727373.075427600] [fibonacci_action_server]: Feedback: [34]
[INFO] [1733727373.436184735] [fibonacci_action_server]: Received goal request with order 10
[INFO] [1733727373.436412082] [fibonacci_action_server]: Executing goal...
[INFO] [1733727373.436617706] [fibonacci_action_server]: Feedback: [1]
[INFO] [1733727373.548555441] [fibonacci_action_server]: Goal succeeded
[INFO] [1733727373.575739885] [fibonacci_action_server]: Feedback: [55]
[INFO] [1733727373.937160405] [fibonacci_action_server]: Feedback: [2]
[INFO] [1733727373.963989791] [fibonacci_action_server]: Received goal request with order 10
[INFO] [1733727373.965248992] [fibonacci_action_server]: Executing goal...
[INFO] [1733727373.965411821] [fibonacci_action_server]: Feedback: [1]
[INFO] [1733727374.076355711] [fibonacci_action_server]: Goal succeeded
[INFO] [1733727374.437733467] [fibonacci_action_server]: Feedback: [3]
[INFO] [1733727374.465785622] [fibonacci_action_server]: Feedback: [2]
[INFO] [1733727374.493925033] [fibonacci_action_server]: Received goal request with order 10
[INFO] [1733727374.494188405] [fibonacci_action_server]: Executing goal...
[INFO] [1733727374.494336820] [fibonacci_action_server]: Feedback: [1]
[INFO] [1733727374.938017411] [fibonacci_action_server]: Feedback: [5]
[INFO] [1733727374.966229196] [fibonacci_action_server]: Feedback: [3]
[INFO] [1733727374.994664430] [fibonacci_action_server]: Feedback: [2]
[INFO] [1733727375.438259134] [fibonacci_action_server]: Feedback: [8]
[INFO] [1733727375.466489894] [fibonacci_action_server]: Feedback: [5]
[INFO] [1733727375.495221234] [fibonacci_action_server]: Feedback: [3]
[INFO] [1733727375.938543735] [fibonacci_action_server]: Feedback: [13]
[INFO] [1733727375.966750278] [fibonacci_action_server]: Feedback: [8]
[INFO] [1733727375.995504877] [fibonacci_action_server]: Feedback: [5]
[INFO] [1733727376.439043514] [fibonacci_action_server]: Feedback: [21]
[INFO] [1733727376.467353398] [fibonacci_action_server]: Feedback: [13]
[INFO] [1733727376.495779411] [fibonacci_action_server]: Feedback: [8]
[INFO] [1733727376.939591702] [fibonacci_action_server]: Feedback: [34]
[INFO] [1733727376.967928688] [fibonacci_action_server]: Feedback: [21]
[INFO] [1733727376.996286677] [fibonacci_action_server]: Feedback: [13]
[INFO] [1733727377.440016445] [fibonacci_action_server]: Feedback: [55]
[INFO] [1733727377.468526257] [fibonacci_action_server]: Feedback: [34]
[INFO] [1733727377.496983960] [fibonacci_action_server]: Feedback: [21]
[INFO] [1733727377.940369430] [fibonacci_action_server]: Goal succeeded
[INFO] [1733727377.969116423] [fibonacci_action_server]: Feedback: [55]
[INFO] [1733727377.997570019] [fibonacci_action_server]: Feedback: [34]
[INFO] [1733727378.355757427] [fibonacci_action_server]: Received goal request with order 10
[INFO] [1733727378.356042584] [fibonacci_action_server]: Executing goal...
[INFO] [1733727378.356237376] [fibonacci_action_server]: Feedback: [1]
[INFO] [1733727378.469807967] [fibonacci_action_server]: Goal succeeded
[INFO] [1733727378.497830500] [fibonacci_action_server]: Feedback: [55]
[INFO] [1733727378.856556430] [fibonacci_action_server]: Feedback: [2]
[INFO] [1733727378.884123821] [fibonacci_action_server]: Received goal request with order 10
[INFO] [1733727378.884462952] [fibonacci_action_server]: Executing goal...
[INFO] [1733727378.884589209] [fibonacci_action_server]: Feedback: [1]
[INFO] [1733727378.998312993] [fibonacci_action_server]: Goal succeeded
[INFO] [1733727379.357065024] [fibonacci_action_server]: Feedback: [3]
[INFO] [1733727379.385069127] [fibonacci_action_server]: Feedback: [2]
[INFO] [1733727379.416299033] [fibonacci_action_server]: Received goal request with order 10
[INFO] [1733727379.416684681] [fibonacci_action_server]: Executing goal...
[INFO] [1733727379.416849295] [fibonacci_action_server]: Feedback: [1]
[INFO] [1733727379.857457089] [fibonacci_action_server]: Feedback: [5]
[INFO] [1733727379.885714003] [fibonacci_action_server]: Feedback: [3]
[INFO] [1733727379.917413153] [fibonacci_action_server]: Feedback: [2]
[INFO] [1733727380.357699003] [fibonacci_action_server]: Feedback: [8]
[INFO] [1733727380.385958419] [fibonacci_action_server]: Feedback: [5]
[INFO] [1733727380.417692907] [fibonacci_action_server]: Feedback: [3]
[INFO] [1733727380.858228443] [fibonacci_action_server]: Feedback: [13]
[INFO] [1733727380.886597768] [fibonacci_action_server]: Feedback: [8]
[INFO] [1733727380.918045537] [fibonacci_action_server]: Feedback: [5]
[INFO] [1733727381.358590354] [fibonacci_action_server]: Feedback: [21]
[INFO] [1733727381.387105857] [fibonacci_action_server]: Feedback: [13]
[INFO] [1733727381.418583113] [fibonacci_action_server]: Feedback: [8]
[INFO] [1733727381.858871278] [fibonacci_action_server]: Feedback: [34]
[INFO] [1733727381.887707852] [fibonacci_action_server]: Feedback: [21]
[INFO] [1733727381.919134912] [fibonacci_action_server]: Feedback: [13]
[INFO] [1733727382.359176371] [fibonacci_action_server]: Feedback: [55]
[INFO] [1733727382.387974345] [fibonacci_action_server]: Feedback: [34]
[INFO] [1733727382.419584831] [fibonacci_action_server]: Feedback: [21]
[INFO] [1733727382.859518055] [fibonacci_action_server]: Goal succeeded
[INFO] [1733727382.888251623] [fibonacci_action_server]: Feedback: [55]
[INFO] [1733727382.919903384] [fibonacci_action_server]: Feedback: [34]
[INFO] [1733727383.275292881] [fibonacci_action_server]: Received goal request with order 10
[INFO] [1733727383.275599891] [fibonacci_action_server]: Executing goal...
[INFO] [1733727383.275722100] [fibonacci_action_server]: Feedback: [1]
[INFO] [1733727383.388538317] [fibonacci_action_server]: Goal succeeded
[INFO] [1733727383.420184334] [fibonacci_action_server]: Feedback: [55]
[INFO] [1733727383.776066806] [fibonacci_action_server]: Feedback: [2]
[INFO] [1733727383.805581447] [fibonacci_action_server]: Received goal request with order 10
[INFO] [1733727383.805880166] [fibonacci_action_server]: Executing goal...
[INFO] [1733727383.806010764] [fibonacci_action_server]: Feedback: [1]
[INFO] [1733727383.920488910] [fibonacci_action_server]: Goal succeeded
[INFO] [1733727384.276333577] [fibonacci_action_server]: Feedback: [3]
[INFO] [1733727384.306467146] [fibonacci_action_server]: Feedback: [2]
[INFO] [1733727384.337584679] [fibonacci_action_server]: Received goal request with order 10
[INFO] [1733727384.337819649] [fibonacci_action_server]: Executing goal...
[INFO] [1733727384.337993728] [fibonacci_action_server]: Feedback: [1]
[INFO] [1733727384.776981704] [fibonacci_action_server]: Feedback: [5]
[INFO] [1733727384.806803636] [fibonacci_action_server]: Feedback: [3]
[INFO] [1733727384.838416441] [fibonacci_action_server]: Feedback: [2]
[INFO] [1733727385.277646112] [fibonacci_action_server]: Feedback: [8]
[INFO] [1733727385.307203512] [fibonacci_action_server]: Feedback: [5]
[INFO] [1733727385.338695602] [fibonacci_action_server]: Feedback: [3]
[INFO] [1733727385.777930851] [fibonacci_action_server]: Feedback: [13]
[INFO] [1733727385.807796001] [fibonacci_action_server]: Feedback: [8]
[INFO] [1733727385.839176796] [fibonacci_action_server]: Feedback: [5]
[INFO] [1733727386.278327838] [fibonacci_action_server]: Feedback: [21]
[INFO] [1733727386.308359099] [fibonacci_action_server]: Feedback: [13]
[INFO] [1733727386.339765505] [fibonacci_action_server]: Feedback: [8]
[INFO] [1733727386.778716529] [fibonacci_action_server]: Feedback: [34]
[INFO] [1733727386.808702578] [fibonacci_action_server]: Feedback: [21]
[INFO] [1733727386.840086233] [fibonacci_action_server]: Feedback: [13]
[INFO] [1733727387.278930266] [fibonacci_action_server]: Feedback: [55]
[INFO] [1733727387.309266401] [fibonacci_action_server]: Feedback: [34]
[INFO] [1733727387.340633511] [fibonacci_action_server]: Feedback: [21]
[INFO] [1733727387.779586115] [fibonacci_action_server]: Goal succeeded
[INFO] [1733727387.809570579] [fibonacci_action_server]: Feedback: [55]
[INFO] [1733727387.841191592] [fibonacci_action_server]: Feedback: [34]
[INFO] [1733727388.195233658] [fibonacci_action_server]: Received goal request with order 10
[INFO] [1733727388.195440904] [fibonacci_action_server]: Executing goal...
[INFO] [1733727388.195512474] [fibonacci_action_server]: Feedback: [1]
[INFO] [1733727388.310326160] [fibonacci_action_server]: Goal succeeded
[INFO] [1733727388.341423785] [fibonacci_action_server]: Feedback: [55]
[INFO] [1733727388.695775266] [fibonacci_action_server]: Feedback: [2]
[INFO] [1733727388.725334541] [fibonacci_action_server]: Received goal request with order 10
[INFO] [1733727388.725549054] [fibonacci_action_server]: Executing goal...
[INFO] [1733727388.725614577] [fibonacci_action_server]: Feedback: [1]
[INFO] [1733727388.841804335] [fibonacci_action_server]: Goal succeeded
[INFO] [1733727389.196272956] [fibonacci_action_server]: Feedback: [3]
[INFO] [1733727389.225821315] [fibonacci_action_server]: Feedback: [2]
[INFO] [1733727389.255750932] [fibonacci_action_server]: Received goal request with order 10
[INFO] [1733727389.255952954] [fibonacci_action_server]: Executing goal...
[INFO] [1733727389.256011935] [fibonacci_action_server]: Feedback: [1]
[INFO] [1733727389.696814103] [fibonacci_action_server]: Feedback: [5]
[INFO] [1733727389.726527271] [fibonacci_action_server]: Feedback: [3]
[INFO] [1733727389.756189934] [fibonacci_action_server]: Feedback: [2]
[INFO] [1733727390.197467619] [fibonacci_action_server]: Feedback: [8]
[INFO] [1733727390.227040949] [fibonacci_action_server]: Feedback: [5]
[INFO] [1733727390.256767065] [fibonacci_action_server]: Feedback: [3]
[INFO] [1733727390.697806897] [fibonacci_action_server]: Feedback: [13]
[INFO] [1733727390.727576039] [fibonacci_action_server]: Feedback: [8]
[INFO] [1733727390.757496189] [fibonacci_action_server]: Feedback: [5]
[INFO] [1733727391.198178810] [fibonacci_action_server]: Feedback: [21]
[INFO] [1733727391.228104768] [fibonacci_action_server]: Feedback: [13]
[INFO] [1733727391.257734419] [fibonacci_action_server]: Feedback: [8]
[INFO] [1733727391.698622727] [fibonacci_action_server]: Feedback: [34]
[INFO] [1733727391.728778504] [fibonacci_action_server]: Feedback: [21]
[INFO] [1733727391.758170451] [fibonacci_action_server]: Feedback: [13]
[INFO] [1733727392.199143564] [fibonacci_action_server]: Feedback: [55]
[INFO] [1733727392.229547076] [fibonacci_action_server]: Feedback: [34]
[INFO] [1733727392.258579599] [fibonacci_action_server]: Feedback: [21]
[INFO] [1733727392.699755367] [fibonacci_action_server]: Goal succeeded
[INFO] [1733727392.730252943] [fibonacci_action_server]: Feedback: [55]
[INFO] [1733727392.758984574] [fibonacci_action_server]: Feedback: [34]
[INFO] [1733727393.115676100] [fibonacci_action_server]: Received goal request with order 10
[INFO] [1733727393.116008281] [fibonacci_action_server]: Executing goal...
[INFO] [1733727393.116160932] [fibonacci_action_server]: Feedback: [1]
[INFO] [1733727393.230716121] [fibonacci_action_server]: Goal succeeded
[INFO] [1733727393.259693113] [fibonacci_action_server]: Feedback: [55]
[INFO] [1733727393.616616828] [fibonacci_action_server]: Feedback: [2]
[INFO] [1733727393.645251008] [fibonacci_action_server]: Received goal request with order 10
[INFO] [1733727393.645520910] [fibonacci_action_server]: Executing goal...
[INFO] [1733727393.645673923] [fibonacci_action_server]: Feedback: [1]
[INFO] [1733727393.760335427] [fibonacci_action_server]: Goal succeeded
[INFO] [1733727394.117205141] [fibonacci_action_server]: Feedback: [3]
[INFO] [1733727394.145945238] [fibonacci_action_server]: Feedback: [2]
[INFO] [1733727394.176280545] [fibonacci_action_server]: Received goal request with order 10
[INFO] [1733727394.176563164] [fibonacci_action_server]: Executing goal...
[INFO] [1733727394.176756988] [fibonacci_action_server]: Feedback: [1]
[INFO] [1733727394.617811642] [fibonacci_action_server]: Feedback: [5]
[INFO] [1733727394.646417031] [fibonacci_action_server]: Feedback: [3]
[INFO] [1733727394.677236516] [fibonacci_action_server]: Feedback: [2]
[INFO] [1733727395.118078742] [fibonacci_action_server]: Feedback: [8]
[INFO] [1733727395.146626408] [fibonacci_action_server]: Feedback: [5]
[INFO] [1733727395.177852430] [fibonacci_action_server]: Feedback: [3]
[INFO] [1733727395.618323696] [fibonacci_action_server]: Feedback: [13]
[INFO] [1733727395.646929025] [fibonacci_action_server]: Feedback: [8]
[INFO] [1733727395.678115190] [fibonacci_action_server]: Feedback: [5]
[INFO] [1733727396.118712749] [fibonacci_action_server]: Feedback: [21]
[INFO] [1733727396.147241380] [fibonacci_action_server]: Feedback: [13]
[INFO] [1733727396.178382485] [fibonacci_action_server]: Feedback: [8]
[INFO] [1733727396.619446436] [fibonacci_action_server]: Feedback: [34]
[INFO] [1733727396.647752061] [fibonacci_action_server]: Feedback: [21]
[INFO] [1733727396.678613654] [fibonacci_action_server]: Feedback: [13]
[INFO] [1733727397.119981997] [fibonacci_action_server]: Feedback: [55]
[INFO] [1733727397.148003186] [fibonacci_action_server]: Feedback: [34]
[INFO] [1733727397.178992719] [fibonacci_action_server]: Feedback: [21]
[INFO] [1733727397.620637970] [fibonacci_action_server]: Goal succeeded
[INFO] [1733727397.648583805] [fibonacci_action_server]: Feedback: [55]
[INFO] [1733727397.679639860] [fibonacci_action_server]: Feedback: [34]
[INFO] [1733727398.036902927] [fibonacci_action_server]: Received goal request with order 10
[INFO] [1733727398.037180956] [fibonacci_action_server]: Executing goal...
[INFO] [1733727398.037322215] [fibonacci_action_server]: Feedback: [1]
[INFO] [1733727398.149194071] [fibonacci_action_server]: Goal succeeded
[INFO] [1733727398.180249253] [fibonacci_action_server]: Feedback: [55]
[INFO] [1733727398.537827545] [fibonacci_action_server]: Feedback: [2]
[INFO] [1733727398.565957370] [fibonacci_action_server]: Received goal request with order 10
[INFO] [1733727398.566259285] [fibonacci_action_server]: Executing goal...
[INFO] [1733727398.566377052] [fibonacci_action_server]: Feedback: [1]
[INFO] [1733727398.680855679] [fibonacci_action_server]: Goal succeeded
[INFO] [1733727399.038206569] [fibonacci_action_server]: Feedback: [3]
[INFO] [1733727399.066709217] [fibonacci_action_server]: Feedback: [2]
[INFO] [1733727399.094968369] [fibonacci_action_server]: Received goal request with order 10
[INFO] [1733727399.095287852] [fibonacci_action_server]: Executing goal...
[INFO] [1733727399.095438569] [fibonacci_action_server]: Feedback: [1]
[INFO] [1733727399.538636760] [fibonacci_action_server]: Feedback: [5]
[INFO] [1733727399.567221187] [fibonacci_action_server]: Feedback: [3]
[INFO] [1733727399.595885337] [fibonacci_action_server]: Feedback: [2]
[INFO] [1733727400.038925508] [fibonacci_action_server]: Feedback: [8]
[INFO] [1733727400.067772021] [fibonacci_action_server]: Feedback: [5]
[INFO] [1733727400.096477754] [fibonacci_action_server]: Feedback: [3]
[INFO] [1733727400.539448952] [fibonacci_action_server]: Feedback: [13]
[INFO] [1733727400.568061249] [fibonacci_action_server]: Feedback: [8]
[INFO] [1733727400.597044989] [fibonacci_action_server]: Feedback: [5]
[INFO] [1733727401.039873075] [fibonacci_action_server]: Feedback: [21]
[INFO] [1733727401.068676176] [fibonacci_action_server]: Feedback: [13]
[INFO] [1733727401.097313978] [fibonacci_action_server]: Feedback: [8]
[INFO] [1733727401.540173742] [fibonacci_action_server]: Feedback: [34]
[INFO] [1733727401.569222094] [fibonacci_action_server]: Feedback: [21]
[INFO] [1733727401.597753507] [fibonacci_action_server]: Feedback: [13]
[INFO] [1733727402.040473102] [fibonacci_action_server]: Feedback: [55]
[INFO] [1733727402.069791265] [fibonacci_action_server]: Feedback: [34]
[INFO] [1733727402.098229294] [fibonacci_action_server]: Feedback: [21]
[INFO] [1733727402.540851909] [fibonacci_action_server]: Goal succeeded
[INFO] [1733727402.570075779] [fibonacci_action_server]: Feedback: [55]
[INFO] [1733727402.598623565] [fibonacci_action_server]: Feedback: [34]
[INFO] [1733727402.957011679] [fibonacci_action_server]: Received goal request with order 10
[INFO] [1733727402.957249799] [fibonacci_action_server]: Executing goal...
[INFO] [1733727402.957437771] [fibonacci_action_server]: Feedback: [1]
[INFO] [1733727403.070392713] [fibonacci_action_server]: Goal succeeded
[INFO] [1733727403.098932461] [fibonacci_action_server]: Feedback: [55]
[INFO] [1733727403.457814790] [fibonacci_action_server]: Feedback: [2]
[INFO] [1733727403.486911210] [fibonacci_action_server]: Received goal request with order 10
[INFO] [1733727403.487214351] [fibonacci_action_server]: Executing goal...
[INFO] [1733727403.487361580] [fibonacci_action_server]: Feedback: [1]
[INFO] [1733727403.599274721] [fibonacci_action_server]: Goal succeeded
[INFO] [1733727403.958111096] [fibonacci_action_server]: Feedback: [3]
[INFO] [1733727403.987859332] [fibonacci_action_server]: Feedback: [2]
[INFO] [1733727404.015112359] [fibonacci_action_server]: Received goal request with order 10
[INFO] [1733727404.015400848] [fibonacci_action_server]: Executing goal...
[INFO] [1733727404.015527410] [fibonacci_action_server]: Feedback: [1]
[INFO] [1733727404.458396135] [fibonacci_action_server]: Feedback: [5]
[INFO] [1733727404.488433118] [fibonacci_action_server]: Feedback: [3]
[INFO] [1733727404.516053584] [fibonacci_action_server]: Feedback: [2]
[INFO] [1733727404.958624527] [fibonacci_action_server]: Feedback: [8]
[INFO] [1733727404.988718107] [fibonacci_action_server]: Feedback: [5]
[INFO] [1733727405.016667849] [fibonacci_action_server]: Feedback: [3]
[INFO] [1733727405.459127641] [fibonacci_action_server]: Feedback: [13]
[INFO] [1733727405.489284962] [fibonacci_action_server]: Feedback: [8]
[INFO] [1733727405.517150143] [fibonacci_action_server]: Feedback: [5]
[INFO] [1733727405.959744412] [fibonacci_action_server]: Feedback: [21]
[INFO] [1733727405.990045262] [fibonacci_action_server]: Feedback: [13]
[INFO] [1733727406.017739456] [fibonacci_action_server]: Feedback: [8]
[INFO] [1733727406.460323437] [fibonacci_action_server]: Feedback: [34]
[INFO] [1733727406.490570920] [fibonacci_action_server]: Feedback: [21]
[INFO] [1733727406.518276714] [fibonacci_action_server]: Feedback: [13]
[INFO] [1733727406.960883102] [fibonacci_action_server]: Feedback: [55]
[INFO] [1733727406.990870465] [fibonacci_action_server]: Feedback: [34]
[INFO] [1733727407.018679507] [fibonacci_action_server]: Feedback: [21]
[INFO] [1733727407.461681822] [fibonacci_action_server]: Goal succeeded
[INFO] [1733727407.491311437] [fibonacci_action_server]: Feedback: [55]
[INFO] [1733727407.519226236] [fibonacci_action_server]: Feedback: [34]
[INFO] [1733727407.876572118] [fibonacci_action_server]: Received goal request with order 10
[INFO] [1733727407.876781589] [fibonacci_action_server]: Executing goal...
[INFO] [1733727407.876853716] [fibonacci_action_server]: Feedback: [1]
[INFO] [1733727407.991850324] [fibonacci_action_server]: Goal succeeded
[INFO] [1733727408.019495787] [fibonacci_action_server]: Feedback: [55]
[INFO] [1733727408.377072464] [fibonacci_action_server]: Feedback: [2]
[INFO] [1733727408.408714219] [fibonacci_action_server]: Received goal request with order 10
[INFO] [1733727408.408898655] [fibonacci_action_server]: Executing goal...
[INFO] [1733727408.408957245] [fibonacci_action_server]: Feedback: [1]
[INFO] [1733727408.520116893] [fibonacci_action_server]: Goal succeeded
[INFO] [1733727408.877607734] [fibonacci_action_server]: Feedback: [3]
[INFO] [1733727408.909115209] [fibonacci_action_server]: Feedback: [2]
[INFO] [1733727408.936534399] [fibonacci_action_server]: Received goal request with order 10
[INFO] [1733727408.936719994] [fibonacci_action_server]: Executing goal...
[INFO] [1733727408.936829005] [fibonacci_action_server]: Feedback: [1]
[INFO] [1733727409.377849306] [fibonacci_action_server]: Feedback: [5]
[INFO] [1733727409.409765499] [fibonacci_action_server]: Feedback: [3]
[INFO] [1733727409.437016402] [fibonacci_action_server]: Feedback: [2]
[INFO] [1733727409.878149287] [fibonacci_action_server]: Feedback: [8]
[INFO] [1733727409.909997388] [fibonacci_action_server]: Feedback: [5]
[INFO] [1733727409.937206201] [fibonacci_action_server]: Feedback: [3]
[INFO] [1733727410.378375673] [fibonacci_action_server]: Feedback: [13]
[INFO] [1733727410.410217425] [fibonacci_action_server]: Feedback: [8]
[INFO] [1733727410.437589516] [fibonacci_action_server]: Feedback: [5]
[INFO] [1733727410.878730298] [fibonacci_action_server]: Feedback: [21]
[INFO] [1733727410.910617496] [fibonacci_action_server]: Feedback: [13]
[INFO] [1733727410.937893020] [fibonacci_action_server]: Feedback: [8]
[INFO] [1733727411.379085750] [fibonacci_action_server]: Feedback: [34]
[INFO] [1733727411.411174320] [fibonacci_action_server]: Feedback: [21]
[INFO] [1733727411.438143528] [fibonacci_action_server]: Feedback: [13]
[INFO] [1733727411.879636357] [fibonacci_action_server]: Feedback: [55]
[INFO] [1733727411.911844301] [fibonacci_action_server]: Feedback: [34]
[INFO] [1733727411.938386198] [fibonacci_action_server]: Feedback: [21]
[INFO] [1733727412.380226465] [fibonacci_action_server]: Goal succeeded
[INFO] [1733727412.412152441] [fibonacci_action_server]: Feedback: [55]
[INFO] [1733727412.438660903] [fibonacci_action_server]: Feedback: [34]
[INFO] [1733727412.792725885] [fibonacci_action_server]: Received goal request with order 10
[INFO] [1733727412.792906650] [fibonacci_action_server]: Executing goal...
[INFO] [1733727412.792969997] [fibonacci_action_server]: Feedback: [1]
[INFO] [1733727412.912692345] [fibonacci_action_server]: Goal succeeded
[INFO] [1733727412.938922763] [fibonacci_action_server]: Feedback: [55]
[INFO] [1733727413.293538933] [fibonacci_action_server]: Feedback: [2]
[INFO] [1733727413.325225384] [fibonacci_action_server]: Received goal request with order 10
[INFO] [1733727413.325440944] [fibonacci_action_server]: Executing goal...
[INFO] [1733727413.325507632] [fibonacci_action_server]: Feedback: [1]
[INFO] [1733727413.439453445] [fibonacci_action_server]: Goal succeeded
[INFO] [1733727413.793792833] [fibonacci_action_server]: Feedback: [3]
[INFO] [1733727413.825699487] [fibonacci_action_server]: Feedback: [2]
[INFO] [1733727413.854054620] [fibonacci_action_server]: Received goal request with order 10
[INFO] [1733727413.854388107] [fibonacci_action_server]: Executing goal...
[INFO] [1733727413.854506036] [fibonacci_action_server]: Feedback: [1]
[INFO] [1733727414.294056373] [fibonacci_action_server]: Feedback: [5]
[INFO] [1733727414.326056834] [fibonacci_action_server]: Feedback: [3]
[INFO] [1733727414.354880264] [fibonacci_action_server]: Feedback: [2]
[INFO] [1733727414.794344931] [fibonacci_action_server]: Feedback: [8]
[INFO] [1733727414.826276881] [fibonacci_action_server]: Feedback: [5]
[INFO] [1733727414.855090310] [fibonacci_action_server]: Feedback: [3]
[INFO] [1733727415.294739046] [fibonacci_action_server]: Feedback: [13]
[INFO] [1733727415.326502202] [fibonacci_action_server]: Feedback: [8]
[INFO] [1733727415.355331121] [fibonacci_action_server]: Feedback: [5]
[INFO] [1733727415.795218884] [fibonacci_action_server]: Feedback: [21]
[INFO] [1733727415.826988119] [fibonacci_action_server]: Feedback: [13]
[INFO] [1733727415.855587776] [fibonacci_action_server]: Feedback: [8]
[INFO] [1733727416.295423117] [fibonacci_action_server]: Feedback: [34]
[INFO] [1733727416.327196187] [fibonacci_action_server]: Feedback: [21]
[INFO] [1733727416.355943202] [fibonacci_action_server]: Feedback: [13]
[INFO] [1733727416.795622250] [fibonacci_action_server]: Feedback: [55]
[INFO] [1733727416.827402659] [fibonacci_action_server]: Feedback: [34]
[INFO] [1733727416.856175346] [fibonacci_action_server]: Feedback: [21]
[INFO] [1733727417.295956299] [fibonacci_action_server]: Goal succeeded
[INFO] [1733727417.327611268] [fibonacci_action_server]: Feedback: [55]
[INFO] [1733727417.356421893] [fibonacci_action_server]: Feedback: [34]
[INFO] [1733727417.709094757] [fibonacci_action_server]: Received goal request with order 10
[INFO] [1733727417.709388149] [fibonacci_action_server]: Executing goal...
[INFO] [1733727417.709521015] [fibonacci_action_server]: Feedback: [1]
[INFO] [1733727417.827962942] [fibonacci_action_server]: Goal succeeded
[INFO] [1733727417.857013147] [fibonacci_action_server]: Feedback: [55]
[INFO] [1733727418.209794395] [fibonacci_action_server]: Feedback: [2]
[INFO] [1733727418.241853400] [fibonacci_action_server]: Received goal request with order 10
[INFO] [1733727418.242143062] [fibonacci_action_server]: Executing goal...
[INFO] [1733727418.242274465] [fibonacci_action_server]: Feedback: [1]
[INFO] [1733727418.357342790] [fibonacci_action_server]: Goal succeeded
[INFO] [1733727418.710053860] [fibonacci_action_server]: Feedback: [3]
[INFO] [1733727418.742619475] [fibonacci_action_server]: Feedback: [2]
[INFO] [1733727418.772830286] [fibonacci_action_server]: Received goal request with order 10
[INFO] [1733727418.773086307] [fibonacci_action_server]: Executing goal...
[INFO] [1733727418.773227752] [fibonacci_action_server]: Feedback: [1]
[INFO] [1733727419.210641115] [fibonacci_action_server]: Feedback: [5]
[INFO] [1733727419.242892474] [fibonacci_action_server]: Feedback: [3]
[INFO] [1733727419.273782531] [fibonacci_action_server]: Feedback: [2]
[INFO] [1733727419.711170562] [fibonacci_action_server]: Feedback: [8]
[INFO] [1733727419.743262164] [fibonacci_action_server]: Feedback: [5]
[INFO] [1733727419.774042728] [fibonacci_action_server]: Feedback: [3]
[INFO] [1733727420.211751229] [fibonacci_action_server]: Feedback: [13]
[INFO] [1733727420.243864960] [fibonacci_action_server]: Feedback: [8]
[INFO] [1733727420.274581987] [fibonacci_action_server]: Feedback: [5]
[INFO] [1733727420.711986278] [fibonacci_action_server]: Feedback: [21]
[INFO] [1733727420.744387759] [fibonacci_action_server]: Feedback: [13]
[INFO] [1733727420.775118430] [fibonacci_action_server]: Feedback: [8]
[INFO] [1733727421.212257359] [fibonacci_action_server]: Feedback: [34]
[INFO] [1733727421.244628341] [fibonacci_action_server]: Feedback: [21]
[INFO] [1733727421.275712946] [fibonacci_action_server]: Feedback: [13]
[INFO] [1733727421.712531966] [fibonacci_action_server]: Feedback: [55]
[INFO] [1733727421.744903200] [fibonacci_action_server]: Feedback: [34]
[INFO] [1733727421.775964938] [fibonacci_action_server]: Feedback: [21]
[INFO] [1733727422.213333585] [fibonacci_action_server]: Goal succeeded
[INFO] [1733727422.245120517] [fibonacci_action_server]: Feedback: [55]
[INFO] [1733727422.276234363] [fibonacci_action_server]: Feedback: [34]
[INFO] [1733727422.629616078] [fibonacci_action_server]: Received goal request with order 10
[INFO] [1733727422.629953410] [fibonacci_action_server]: Executing goal...
[INFO] [1733727422.630091903] [fibonacci_action_server]: Feedback: [1]
[INFO] [1733727422.745539713] [fibonacci_action_server]: Goal succeeded
[INFO] [1733727422.776514215] [fibonacci_action_server]: Feedback: [55]
[INFO] [1733727423.130314480] [fibonacci_action_server]: Feedback: [2]
[INFO] [1733727423.161779746] [fibonacci_action_server]: Received goal request with order 10
[INFO] [1733727423.162075367] [fibonacci_action_server]: Executing goal...
[INFO] [1733727423.162230181] [fibonacci_action_server]: Feedback: [1]
[INFO] [1733727423.277145083] [fibonacci_action_server]: Goal succeeded
[INFO] [1733727423.630693808] [fibonacci_action_server]: Feedback: [3]
[INFO] [1733727423.662510533] [fibonacci_action_server]: Feedback: [2]
[INFO] [1733727423.693144930] [fibonacci_action_server]: Received goal request with order 10
[INFO] [1733727423.693413869] [fibonacci_action_server]: Executing goal...
[INFO] [1733727423.693571794] [fibonacci_action_server]: Feedback: [1]
[INFO] [1733727424.131302920] [fibonacci_action_server]: Feedback: [5]
[INFO] [1733727424.162874944] [fibonacci_action_server]: Feedback: [3]
[INFO] [1733727424.193788023] [fibonacci_action_server]: Feedback: [2]
[INFO] [1733727424.631901197] [fibonacci_action_server]: Feedback: [8]
[INFO] [1733727424.663448794] [fibonacci_action_server]: Feedback: [5]
[INFO] [1733727424.694202847] [fibonacci_action_server]: Feedback: [3]
[INFO] [1733727425.132464582] [fibonacci_action_server]: Feedback: [13]
[INFO] [1733727425.163999396] [fibonacci_action_server]: Feedback: [8]
[INFO] [1733727425.194708175] [fibonacci_action_server]: Feedback: [5]
[INFO] [1733727425.632731017] [fibonacci_action_server]: Feedback: [21]
[INFO] [1733727425.664607072] [fibonacci_action_server]: Feedback: [13]
[INFO] [1733727425.695235121] [fibonacci_action_server]: Feedback: [8]
[INFO] [1733727426.133324197] [fibonacci_action_server]: Feedback: [34]
[INFO] [1733727426.164902151] [fibonacci_action_server]: Feedback: [21]
[INFO] [1733727426.195686207] [fibonacci_action_server]: Feedback: [13]
[INFO] [1733727426.633743464] [fibonacci_action_server]: Feedback: [55]
[INFO] [1733727426.665674549] [fibonacci_action_server]: Feedback: [34]
[INFO] [1733727426.696210254] [fibonacci_action_server]: Feedback: [21]
[INFO] [1733727427.134240420] [fibonacci_action_server]: Goal succeeded
[INFO] [1733727427.165920353] [fibonacci_action_server]: Feedback: [55]
[INFO] [1733727427.196588673] [fibonacci_action_server]: Feedback: [34]
[INFO] [1733727427.549282355] [fibonacci_action_server]: Received goal request with order 10
[INFO] [1733727427.549712915] [fibonacci_action_server]: Executing goal...
[INFO] [1733727427.549858897] [fibonacci_action_server]: Feedback: [1]
[INFO] [1733727427.666304447] [fibonacci_action_server]: Goal succeeded
[INFO] [1733727427.697132120] [fibonacci_action_server]: Feedback: [55]
[INFO] [1733727428.050203279] [fibonacci_action_server]: Feedback: [2]
[INFO] [1733727428.082818382] [fibonacci_action_server]: Received goal request with order 10
[INFO] [1733727428.083121550] [fibonacci_action_server]: Executing goal...
[INFO] [1733727428.083272943] [fibonacci_action_server]: Feedback: [1]
[INFO] [1733727428.197640368] [fibonacci_action_server]: Goal succeeded
[INFO] [1733727428.550513922] [fibonacci_action_server]: Feedback: [3]
[INFO] [1733727428.583815663] [fibonacci_action_server]: Feedback: [2]
[INFO] [1733727428.613490871] [fibonacci_action_server]: Received goal request with order 10
[INFO] [1733727428.613845654] [fibonacci_action_server]: Executing goal...
[INFO] [1733727428.614005163] [fibonacci_action_server]: Feedback: [1]
[INFO] [1733727429.051058158] [fibonacci_action_server]: Feedback: [5]
[INFO] [1733727429.084402452] [fibonacci_action_server]: Feedback: [3]
[INFO] [1733727429.114309483] [fibonacci_action_server]: Feedback: [2]
[INFO] [1733727429.551521037] [fibonacci_action_server]: Feedback: [8]
[INFO] [1733727429.584676071] [fibonacci_action_server]: Feedback: [5]
[INFO] [1733727429.614728816] [fibonacci_action_server]: Feedback: [3]
[INFO] [1733727430.051769063] [fibonacci_action_server]: Feedback: [13]
[INFO] [1733727430.085331831] [fibonacci_action_server]: Feedback: [8]
[INFO] [1733727430.115268788] [fibonacci_action_server]: Feedback: [5]
[INFO] [1733727430.552320077] [fibonacci_action_server]: Feedback: [21]
[INFO] [1733727430.585576837] [fibonacci_action_server]: Feedback: [13]
[INFO] [1733727430.615823072] [fibonacci_action_server]: Feedback: [8]
[INFO] [1733727431.052640470] [fibonacci_action_server]: Feedback: [34]
[INFO] [1733727431.085860716] [fibonacci_action_server]: Feedback: [21]
[INFO] [1733727431.116061998] [fibonacci_action_server]: Feedback: [13]
[INFO] [1733727431.552915914] [fibonacci_action_server]: Feedback: [55]
[INFO] [1733727431.586288707] [fibonacci_action_server]: Feedback: [34]
[INFO] [1733727431.616639848] [fibonacci_action_server]: Feedback: [21]
[INFO] [1733727432.053627098] [fibonacci_action_server]: Goal succeeded
[INFO] [1733727432.086847143] [fibonacci_action_server]: Feedback: [55]
[INFO] [1733727432.117364406] [fibonacci_action_server]: Feedback: [34]
[INFO] [1733727432.468717460] [fibonacci_action_server]: Received goal request with order 10
[INFO] [1733727432.468966250] [fibonacci_action_server]: Executing goal...
[INFO] [1733727432.469101055] [fibonacci_action_server]: Feedback: [1]
[INFO] [1733727432.587474358] [fibonacci_action_server]: Goal succeeded
[INFO] [1733727432.617800310] [fibonacci_action_server]: Feedback: [55]
[INFO] [1733727432.969707306] [fibonacci_action_server]: Feedback: [2]
[INFO] [1733727433.003087983] [fibonacci_action_server]: Received goal request with order 10
[INFO] [1733727433.003336961] [fibonacci_action_server]: Executing goal...
[INFO] [1733727433.003505211] [fibonacci_action_server]: Feedback: [1]
[INFO] [1733727433.118399441] [fibonacci_action_server]: Goal succeeded
[INFO] [1733727433.469960331] [fibonacci_action_server]: Feedback: [3]
[INFO] [1733727433.503814166] [fibonacci_action_server]: Feedback: [2]
[INFO] [1733727433.533079017] [fibonacci_action_server]: Received goal request with order 10
[INFO] [1733727433.533348239] [fibonacci_action_server]: Executing goal...
[INFO] [1733727433.533489806] [fibonacci_action_server]: Feedback: [1]
[INFO] [1733727433.970191433] [fibonacci_action_server]: Feedback: [5]
[INFO] [1733727434.004109875] [fibonacci_action_server]: Feedback: [3]
[INFO] [1733727434.033681090] [fibonacci_action_server]: Feedback: [2]
[INFO] [1733727434.470872105] [fibonacci_action_server]: Feedback: [8]
[INFO] [1733727434.504323696] [fibonacci_action_server]: Feedback: [5]
[INFO] [1733727434.533959717] [fibonacci_action_server]: Feedback: [3]
[INFO] [1733727434.971582008] [fibonacci_action_server]: Feedback: [13]
[INFO] [1733727435.004760094] [fibonacci_action_server]: Feedback: [8]
[INFO] [1733727435.034233658] [fibonacci_action_server]: Feedback: [5]
[INFO] [1733727435.472078100] [fibonacci_action_server]: Feedback: [21]
[INFO] [1733727435.505320740] [fibonacci_action_server]: Feedback: [13]
[INFO] [1733727435.534946551] [fibonacci_action_server]: Feedback: [8]
[INFO] [1733727435.972712184] [fibonacci_action_server]: Feedback: [34]
[INFO] [1733727436.005638701] [fibonacci_action_server]: Feedback: [21]
[INFO] [1733727436.035655331] [fibonacci_action_server]: Feedback: [13]
[INFO] [1733727436.473341817] [fibonacci_action_server]: Feedback: [55]
[INFO] [1733727436.506033428] [fibonacci_action_server]: Feedback: [34]
[INFO] [1733727436.536257419] [fibonacci_action_server]: Feedback: [21]
[INFO] [1733727436.973677298] [fibonacci_action_server]: Goal succeeded
[INFO] [1733727437.006404658] [fibonacci_action_server]: Feedback: [55]
[INFO] [1733727437.036822316] [fibonacci_action_server]: Feedback: [34]
[INFO] [1733727437.388875041] [fibonacci_action_server]: Received goal request with order 10
[INFO] [1733727437.389165934] [fibonacci_action_server]: Executing goal...
[INFO] [1733727437.389332413] [fibonacci_action_server]: Feedback: [1]
[INFO] [1733727437.506792939] [fibonacci_action_server]: Goal succeeded
[INFO] [1733727437.537421589] [fibonacci_action_server]: Feedback: [55]
[INFO] [1733727437.889984629] [fibonacci_action_server]: Feedback: [2]
[INFO] [1733727437.923343864] [fibonacci_action_server]: Received goal request with order 10
[INFO] [1733727437.923584090] [fibonacci_action_server]: Executing goal...
[INFO] [1733727437.923738493] [fibonacci_action_server]: Feedback: [1]
[INFO] [1733727438.037807265] [fibonacci_action_server]: Goal succeeded
[INFO] [1733727438.390276780] [fibonacci_action_server]: Feedback: [3]
[INFO] [1733727438.424277841] [fibonacci_action_server]: Feedback: [2]
[INFO] [1733727438.453942527] [fibonacci_action_server]: Received goal request with order 10
[INFO] [1733727438.454250153] [fibonacci_action_server]: Executing goal...
[INFO] [1733727438.454411681] [fibonacci_action_server]: Feedback: [1]
[INFO] [1733727438.890609230] [fibonacci_action_server]: Feedback: [5]
[INFO] [1733727438.924556362] [fibonacci_action_server]: Feedback: [3]
[INFO] [1733727438.954751598] [fibonacci_action_server]: Feedback: [2]
[INFO] [1733727439.390938084] [fibonacci_action_server]: Feedback: [8]
[INFO] [1733727439.425142464] [fibonacci_action_server]: Feedback: [5]
[INFO] [1733727439.455055752] [fibonacci_action_server]: Feedback: [3]
[INFO] [1733727439.891334553] [fibonacci_action_server]: Feedback: [13]
[INFO] [1733727439.925798998] [fibonacci_action_server]: Feedback: [8]
[INFO] [1733727439.955594383] [fibonacci_action_server]: Feedback: [5]
[INFO] [1733727440.391608735] [fibonacci_action_server]: Feedback: [21]
[INFO] [1733727440.426193011] [fibonacci_action_server]: Feedback: [13]
[INFO] [1733727440.456125695] [fibonacci_action_server]: Feedback: [8]
[INFO] [1733727440.891903725] [fibonacci_action_server]: Feedback: [34]
[INFO] [1733727440.926427193] [fibonacci_action_server]: Feedback: [21]
[INFO] [1733727440.956757697] [fibonacci_action_server]: Feedback: [13]
[INFO] [1733727441.392194025] [fibonacci_action_server]: Feedback: [55]
[INFO] [1733727441.426689991] [fibonacci_action_server]: Feedback: [34]
[INFO] [1733727441.456967450] [fibonacci_action_server]: Feedback: [21]
[INFO] [1733727441.892877257] [fibonacci_action_server]: Goal succeeded
[INFO] [1733727441.926973236] [fibonacci_action_server]: Feedback: [55]
[INFO] [1733727441.957274380] [fibonacci_action_server]: Feedback: [34]
[INFO] [1733727442.308283526] [fibonacci_action_server]: Received goal request with order 10
[INFO] [1733727442.308500981] [fibonacci_action_server]: Executing goal...
[INFO] [1733727442.308667081] [fibonacci_action_server]: Feedback: [1]
[INFO] [1733727442.427561930] [fibonacci_action_server]: Goal succeeded
[INFO] [1733727442.457632497] [fibonacci_action_server]: Feedback: [55]
[INFO] [1733727442.808928614] [fibonacci_action_server]: Feedback: [2]
[INFO] [1733727442.844976272] [fibonacci_action_server]: Received goal request with order 10
[INFO] [1733727442.845216722] [fibonacci_action_server]: Executing goal...
[INFO] [1733727442.845364229] [fibonacci_action_server]: Feedback: [1]
[INFO] [1733727442.957946299] [fibonacci_action_server]: Goal succeeded
[INFO] [1733727443.309538316] [fibonacci_action_server]: Feedback: [3]
[INFO] [1733727443.345597147] [fibonacci_action_server]: Feedback: [2]
[INFO] [1733727443.374825753] [fibonacci_action_server]: Received goal request with order 10
[INFO] [1733727443.375311766] [fibonacci_action_server]: Executing goal...
[INFO] [1733727443.375473911] [fibonacci_action_server]: Feedback: [1]
[INFO] [1733727443.809816657] [fibonacci_action_server]: Feedback: [5]
[INFO] [1733727443.845829975] [fibonacci_action_server]: Feedback: [3]
[INFO] [1733727443.875701140] [fibonacci_action_server]: Feedback: [2]
[INFO] [1733727444.310213137] [fibonacci_action_server]: Feedback: [8]
[INFO] [1733727444.346234536] [fibonacci_action_server]: Feedback: [5]
[INFO] [1733727444.376432964] [fibonacci_action_server]: Feedback: [3]
[INFO] [1733727444.810652545] [fibonacci_action_server]: Feedback: [13]
[INFO] [1733727444.846758451] [fibonacci_action_server]: Feedback: [8]
[INFO] [1733727444.876686433] [fibonacci_action_server]: Feedback: [5]
[INFO] [1733727445.310892814] [fibonacci_action_server]: Feedback: [21]
[INFO] [1733727445.347181569] [fibonacci_action_server]: Feedback: [13]
[INFO] [1733727445.377272826] [fibonacci_action_server]: Feedback: [8]
[INFO] [1733727445.811417177] [fibonacci_action_server]: Feedback: [34]
[INFO] [1733727445.847743077] [fibonacci_action_server]: Feedback: [21]
[INFO] [1733727445.877733056] [fibonacci_action_server]: Feedback: [13]
[INFO] [1733727446.311978098] [fibonacci_action_server]: Feedback: [55]
[INFO] [1733727446.348338462] [fibonacci_action_server]: Feedback: [34]
[INFO] [1733727446.378216266] [fibonacci_action_server]: Feedback: [21]
[INFO] [1733727446.812607865] [fibonacci_action_server]: Goal succeeded
[INFO] [1733727446.848933070] [fibonacci_action_server]: Feedback: [55]
[INFO] [1733727446.878933567] [fibonacci_action_server]: Feedback: [34]
[INFO] [1733727447.227510874] [fibonacci_action_server]: Received goal request with order 10
[INFO] [1733727447.227828687] [fibonacci_action_server]: Executing goal...
[INFO] [1733727447.227989158] [fibonacci_action_server]: Feedback: [1]
[INFO] [1733727447.349688347] [fibonacci_action_server]: Goal succeeded
[INFO] [1733727447.379499436] [fibonacci_action_server]: Feedback: [55]
[INFO] [1733727447.728239435] [fibonacci_action_server]: Feedback: [2]
[INFO] [1733727447.764710641] [fibonacci_action_server]: Received goal request with order 10
[INFO] [1733727447.764897626] [fibonacci_action_server]: Executing goal...
[INFO] [1733727447.764968939] [fibonacci_action_server]: Feedback: [1]
[INFO] [1733727447.879891196] [fibonacci_action_server]: Goal succeeded
[INFO] [1733727448.228832102] [fibonacci_action_server]: Feedback: [3]
[INFO] [1733727448.265537172] [fibonacci_action_server]: Feedback: [2]
[INFO] [1733727448.294938926] [fibonacci_action_server]: Received goal request with order 10
[INFO] [1733727448.295190456] [fibonacci_action_server]: Executing goal...
[INFO] [1733727448.295256530] [fibonacci_action_server]: Feedback: [1]
[INFO] [1733727448.729429091] [fibonacci_action_server]: Feedback: [5]
[INFO] [1733727448.765809261] [fibonacci_action_server]: Feedback: [3]
[INFO] [1733727448.795655919] [fibonacci_action_server]: Feedback: [2]
[INFO] [1733727449.229813514] [fibonacci_action_server]: Feedback: [8]
[INFO] [1733727449.266221484] [fibonacci_action_server]: Feedback: [5]
[INFO] [1733727449.296277682] [fibonacci_action_server]: Feedback: [3]
[INFO] [1733727449.730108950] [fibonacci_action_server]: Feedback: [13]
[INFO] [1733727449.766486461] [fibonacci_action_server]: Feedback: [8]
[INFO] [1733727449.796803349] [fibonacci_action_server]: Feedback: [5]
[INFO] [1733727450.230660636] [fibonacci_action_server]: Feedback: [21]
[INFO] [1733727450.266749234] [fibonacci_action_server]: Feedback: [13]
[INFO] [1733727450.297482491] [fibonacci_action_server]: Feedback: [8]
[INFO] [1733727450.731282381] [fibonacci_action_server]: Feedback: [34]
[INFO] [1733727450.767289485] [fibonacci_action_server]: Feedback: [21]
[INFO] [1733727450.797830929] [fibonacci_action_server]: Feedback: [13]
[INFO] [1733727451.231850450] [fibonacci_action_server]: Feedback: [55]
[INFO] [1733727451.267853887] [fibonacci_action_server]: Feedback: [34]
[INFO] [1733727451.298206618] [fibonacci_action_server]: Feedback: [21]
[INFO] [1733727451.732265002] [fibonacci_action_server]: Goal succeeded
[INFO] [1733727451.768445462] [fibonacci_action_server]: Feedback: [55]
[INFO] [1733727451.798609264] [fibonacci_action_server]: Feedback: [34]
[INFO] [1733727452.146730121] [fibonacci_action_server]: Received goal request with order 10
[INFO] [1733727452.147061058] [fibonacci_action_server]: Executing goal...
[INFO] [1733727452.147219323] [fibonacci_action_server]: Feedback: [1]
[INFO] [1733727452.269170427] [fibonacci_action_server]: Goal succeeded
[INFO] [1733727452.299025482] [fibonacci_action_server]: Feedback: [55]
[INFO] [1733727452.647469237] [fibonacci_action_server]: Feedback: [2]
[INFO] [1733727452.685963944] [fibonacci_action_server]: Received goal request with order 10
[INFO] [1733727452.686189169] [fibonacci_action_server]: Executing goal...
[INFO] [1733727452.686308367] [fibonacci_action_server]: Feedback: [1]
[INFO] [1733727452.799386949] [fibonacci_action_server]: Goal succeeded
[INFO] [1733727453.147735025] [fibonacci_action_server]: Feedback: [3]
[INFO] [1733727453.186561782] [fibonacci_action_server]: Feedback: [2]
[INFO] [1733727453.214444593] [fibonacci_action_server]: Received goal request with order 10
[INFO] [1733727453.214747591] [fibonacci_action_server]: Executing goal...
[INFO] [1733727453.214898721] [fibonacci_action_server]: Feedback: [1]
[INFO] [1733727453.648073723] [fibonacci_action_server]: Feedback: [5]
[INFO] [1733727453.686831196] [fibonacci_action_server]: Feedback: [3]
[INFO] [1733727453.715135493] [fibonacci_action_server]: Feedback: [2]
[INFO] [1733727454.148620194] [fibonacci_action_server]: Feedback: [8]
[INFO] [1733727454.187079912] [fibonacci_action_server]: Feedback: [5]
[INFO] [1733727454.215396431] [fibonacci_action_server]: Feedback: [3]
[INFO] [1733727454.649231339] [fibonacci_action_server]: Feedback: [13]
[INFO] [1733727454.687360139] [fibonacci_action_server]: Feedback: [8]
[INFO] [1733727454.715709628] [fibonacci_action_server]: Feedback: [5]
[INFO] [1733727455.149768190] [fibonacci_action_server]: Feedback: [21]
[INFO] [1733727455.187700228] [fibonacci_action_server]: Feedback: [13]
[INFO] [1733727455.216287954] [fibonacci_action_server]: Feedback: [8]
[INFO] [1733727455.650291855] [fibonacci_action_server]: Feedback: [34]
[INFO] [1733727455.688209248] [fibonacci_action_server]: Feedback: [21]
[INFO] [1733727455.717009217] [fibonacci_action_server]: Feedback: [13]
[INFO] [1733727456.150576188] [fibonacci_action_server]: Feedback: [55]
[INFO] [1733727456.188733882] [fibonacci_action_server]: Feedback: [34]
[INFO] [1733727456.217697341] [fibonacci_action_server]: Feedback: [21]
[INFO] [1733727456.651146924] [fibonacci_action_server]: Goal succeeded
[INFO] [1733727456.689250080] [fibonacci_action_server]: Feedback: [55]
[INFO] [1733727456.717958624] [fibonacci_action_server]: Feedback: [34]
[INFO] [1733727457.067236224] [fibonacci_action_server]: Received goal request with order 10
[INFO] [1733727457.067568813] [fibonacci_action_server]: Executing goal...
[INFO] [1733727457.067697504] [fibonacci_action_server]: Feedback: [1]
[INFO] [1733727457.189816664] [fibonacci_action_server]: Goal succeeded
[INFO] [1733727457.218369176] [fibonacci_action_server]: Feedback: [55]
[INFO] [1733727457.567922284] [fibonacci_action_server]: Feedback: [2]
[INFO] [1733727457.606638973] [fibonacci_action_server]: Received goal request with order 10
[INFO] [1733727457.606941191] [fibonacci_action_server]: Executing goal...
[INFO] [1733727457.607113403] [fibonacci_action_server]: Feedback: [1]
[INFO] [1733727457.719034699] [fibonacci_action_server]: Goal succeeded
[INFO] [1733727458.068674979] [fibonacci_action_server]: Feedback: [3]
[INFO] [1733727458.107391719] [fibonacci_action_server]: Feedback: [2]
[INFO] [1733727458.135039734] [fibonacci_action_server]: Received goal request with order 10
[INFO] [1733727458.135334642] [fibonacci_action_server]: Executing goal...
[INFO] [1733727458.135457130] [fibonacci_action_server]: Feedback: [1]
[INFO] [1733727458.569235666] [fibonacci_action_server]: Feedback: [5]
[INFO] [1733727458.607886752] [fibonacci_action_server]: Feedback: [3]
[INFO] [1733727458.635954243] [fibonacci_action_server]: Feedback: [2]
[INFO] [1733727459.069758449] [fibonacci_action_server]: Feedback: [8]
[INFO] [1733727459.108450210] [fibonacci_action_server]: Feedback: [5]
[INFO] [1733727459.136470847] [fibonacci_action_server]: Feedback: [3]
[INFO] [1733727459.569975792] [fibonacci_action_server]: Feedback: [13]
[INFO] [1733727459.609059372] [fibonacci_action_server]: Feedback: [8]
[INFO] [1733727459.636780368] [fibonacci_action_server]: Feedback: [5]
[INFO] [1733727460.070261118] [fibonacci_action_server]: Feedback: [21]
[INFO] [1733727460.109669482] [fibonacci_action_server]: Feedback: [13]
[INFO] [1733727460.137366145] [fibonacci_action_server]: Feedback: [8]
[INFO] [1733727460.570517126] [fibonacci_action_server]: Feedback: [34]
[INFO] [1733727460.609929504] [fibonacci_action_server]: Feedback: [21]
[INFO] [1733727460.637581782] [fibonacci_action_server]: Feedback: [13]
[INFO] [1733727461.071192873] [fibonacci_action_server]: Feedback: [55]
[INFO] [1733727461.110170188] [fibonacci_action_server]: Feedback: [34]
[INFO] [1733727461.137855933] [fibonacci_action_server]: Feedback: [21]
[INFO] [1733727461.571979714] [fibonacci_action_server]: Goal succeeded
[INFO] [1733727461.610546208] [fibonacci_action_server]: Feedback: [55]
[INFO] [1733727461.638132836] [fibonacci_action_server]: Feedback: [34]
[INFO] [1733727461.987342126] [fibonacci_action_server]: Received goal request with order 10
[INFO] [1733727461.987581965] [fibonacci_action_server]: Executing goal...
[INFO] [1733727461.987637199] [fibonacci_action_server]: Feedback: [1]
[INFO] [1733727462.111304990] [fibonacci_action_server]: Goal succeeded
[INFO] [1733727462.138371865] [fibonacci_action_server]: Feedback: [55]
[INFO] [1733727462.488176973] [fibonacci_action_server]: Feedback: [2]
[INFO] [1733727462.527930673] [fibonacci_action_server]: Received goal request with order 10
[INFO] [1733727462.528109443] [fibonacci_action_server]: Executing goal...
[INFO] [1733727462.528165157] [fibonacci_action_server]: Feedback: [1]
[INFO] [1733727462.638868865] [fibonacci_action_server]: Goal succeeded
[INFO] [1733727462.988753705] [fibonacci_action_server]: Feedback: [3]
[INFO] [1733727463.028818254] [fibonacci_action_server]: Feedback: [2]
[INFO] [1733727463.054358953] [fibonacci_action_server]: Received goal request with order 10
[INFO] [1733727463.054579807] [fibonacci_action_server]: Executing goal...
[INFO] [1733727463.054656614] [fibonacci_action_server]: Feedback: [1]
[INFO] [1733727463.489367112] [fibonacci_action_server]: Feedback: [5]
[INFO] [1733727463.529588189] [fibonacci_action_server]: Feedback: [3]
[INFO] [1733727463.555125981] [fibonacci_action_server]: Feedback: [2]
[INFO] [1733727463.989814733] [fibonacci_action_server]: Feedback: [8]
[INFO] [1733727464.030218605] [fibonacci_action_server]: Feedback: [5]
[INFO] [1733727464.055677569] [fibonacci_action_server]: Feedback: [3]
[INFO] [1733727464.490084376] [fibonacci_action_server]: Feedback: [13]
[INFO] [1733727464.530711327] [fibonacci_action_server]: Feedback: [8]
[INFO] [1733727464.556375885] [fibonacci_action_server]: Feedback: [5]
[INFO] [1733727464.990404948] [fibonacci_action_server]: Feedback: [21]
[INFO] [1733727465.031253272] [fibonacci_action_server]: Feedback: [13]
[INFO] [1733727465.056963756] [fibonacci_action_server]: Feedback: [8]
[INFO] [1733727465.491103378] [fibonacci_action_server]: Feedback: [34]
[INFO] [1733727465.531545084] [fibonacci_action_server]: Feedback: [21]
[INFO] [1733727465.557610586] [fibonacci_action_server]: Feedback: [13]
[INFO] [1733727465.991591530] [fibonacci_action_server]: Feedback: [55]
[INFO] [1733727466.032105751] [fibonacci_action_server]: Feedback: [34]
[INFO] [1733727466.057901588] [fibonacci_action_server]: Feedback: [21]
[INFO] [1733727466.492214851] [fibonacci_action_server]: Goal succeeded
[INFO] [1733727466.532685297] [fibonacci_action_server]: Feedback: [55]
[INFO] [1733727466.558356111] [fibonacci_action_server]: Feedback: [34]
[INFO] [1733727466.906694841] [fibonacci_action_server]: Received goal request with order 10
[INFO] [1733727466.906928517] [fibonacci_action_server]: Executing goal...
[INFO] [1733727466.907050728] [fibonacci_action_server]: Feedback: [1]
[INFO] [1733727467.033054772] [fibonacci_action_server]: Goal succeeded
[INFO] [1733727467.058913441] [fibonacci_action_server]: Feedback: [55]
[INFO] [1733727467.407466866] [fibonacci_action_server]: Feedback: [2]
[INFO] [1733727467.447326182] [fibonacci_action_server]: Received goal request with order 10
[INFO] [1733727467.447554154] [fibonacci_action_server]: Executing goal...
[INFO] [1733727467.447709145] [fibonacci_action_server]: Feedback: [1]
[INFO] [1733727467.559517064] [fibonacci_action_server]: Goal succeeded
[INFO] [1733727467.908187344] [fibonacci_action_server]: Feedback: [3]
[INFO] [1733727467.948236574] [fibonacci_action_server]: Feedback: [2]
[INFO] [1733727467.974343307] [fibonacci_action_server]: Received goal request with order 10
[INFO] [1733727467.974557155] [fibonacci_action_server]: Executing goal...
[INFO] [1733727467.974624535] [fibonacci_action_server]: Feedback: [1]
[INFO] [1733727468.408733466] [fibonacci_action_server]: Feedback: [5]
[INFO] [1733727468.448840492] [fibonacci_action_server]: Feedback: [3]
[INFO] [1733727468.475068997] [fibonacci_action_server]: Feedback: [2]
[INFO] [1733727468.909410744] [fibonacci_action_server]: Feedback: [8]
[INFO] [1733727468.949180390] [fibonacci_action_server]: Feedback: [5]
[INFO] [1733727468.975666513] [fibonacci_action_server]: Feedback: [3]
[INFO] [1733727469.409711616] [fibonacci_action_server]: Feedback: [13]
[INFO] [1733727469.449808045] [fibonacci_action_server]: Feedback: [8]
[INFO] [1733727469.476199474] [fibonacci_action_server]: Feedback: [5]
[INFO] [1733727469.910260213] [fibonacci_action_server]: Feedback: [21]
[INFO] [1733727469.950108520] [fibonacci_action_server]: Feedback: [13]
[INFO] [1733727469.976799054] [fibonacci_action_server]: Feedback: [8]
[INFO] [1733727470.410814524] [fibonacci_action_server]: Feedback: [34]
[INFO] [1733727470.450595613] [fibonacci_action_server]: Feedback: [21]
[INFO] [1733727470.477459860] [fibonacci_action_server]: Feedback: [13]
[INFO] [1733727470.911354008] [fibonacci_action_server]: Feedback: [55]
[INFO] [1733727470.951140120] [fibonacci_action_server]: Feedback: [34]
[INFO] [1733727470.977708244] [fibonacci_action_server]: Feedback: [21]
[INFO] [1733727471.412041043] [fibonacci_action_server]: Goal succeeded
[INFO] [1733727471.451732308] [fibonacci_action_server]: Feedback: [55]
[INFO] [1733727471.478334255] [fibonacci_action_server]: Feedback: [34]
[INFO] [1733727471.825912891] [fibonacci_action_server]: Received goal request with order 10
[INFO] [1733727471.826178886] [fibonacci_action_server]: Executing goal...
[INFO] [1733727471.826334877] [fibonacci_action_server]: Feedback: [1]
[INFO] [1733727471.952359269] [fibonacci_action_server]: Goal succeeded
[INFO] [1733727471.978738991] [fibonacci_action_server]: Feedback: [55]
[INFO] [1733727472.326582311] [fibonacci_action_server]: Feedback: [2]
[INFO] [1733727472.367464951] [fibonacci_action_server]: Received goal request with order 10
[INFO] [1733727472.367749581] [fibonacci_action_server]: Executing goal...
[INFO] [1733727472.367926673] [fibonacci_action_server]: Feedback: [1]
[INFO] [1733727472.479204118] [fibonacci_action_server]: Goal succeeded
[INFO] [1733727472.826840021] [fibonacci_action_server]: Feedback: [3]
[INFO] [1733727472.868121092] [fibonacci_action_server]: Feedback: [2]
[INFO] [1733727472.894179543] [fibonacci_action_server]: Received goal request with order 10
[INFO] [1733727472.894384944] [fibonacci_action_server]: Executing goal...
[INFO] [1733727472.894453833] [fibonacci_action_server]: Feedback: [1]
[INFO] [1733727473.327073868] [fibonacci_action_server]: Feedback: [5]
[INFO] [1733727473.368365774] [fibonacci_action_server]: Feedback: [3]
[INFO] [1733727473.394637913] [fibonacci_action_server]: Feedback: [2]
[INFO] [1733727473.827579798] [fibonacci_action_server]: Feedback: [8]
[INFO] [1733727473.868941979] [fibonacci_action_server]: Feedback: [5]
[INFO] [1733727473.894869789] [fibonacci_action_server]: Feedback: [3]
[INFO] [1733727474.327965538] [fibonacci_action_server]: Feedback: [13]
[INFO] [1733727474.369584091] [fibonacci_action_server]: Feedback: [8]
[INFO] [1733727474.395228944] [fibonacci_action_server]: Feedback: [5]
[INFO] [1733727474.828511668] [fibonacci_action_server]: Feedback: [21]
[INFO] [1733727474.869848254] [fibonacci_action_server]: Feedback: [13]
[INFO] [1733727474.895778306] [fibonacci_action_server]: Feedback: [8]
[INFO] [1733727475.328834778] [fibonacci_action_server]: Feedback: [34]
[INFO] [1733727475.370246645] [fibonacci_action_server]: Feedback: [21]
[INFO] [1733727475.396050593] [fibonacci_action_server]: Feedback: [13]
[INFO] [1733727475.829098711] [fibonacci_action_server]: Feedback: [55]
[INFO] [1733727475.870517461] [fibonacci_action_server]: Feedback: [34]
[INFO] [1733727475.896342852] [fibonacci_action_server]: Feedback: [21]
[INFO] [1733727476.329783918] [fibonacci_action_server]: Goal succeeded
[INFO] [1733727476.371009696] [fibonacci_action_server]: Feedback: [55]
[INFO] [1733727476.396596194] [fibonacci_action_server]: Feedback: [34]
[INFO] [1733727476.742212551] [fibonacci_action_server]: Received goal request with order 10
[INFO] [1733727476.742446114] [fibonacci_action_server]: Executing goal...
[INFO] [1733727476.742520348] [fibonacci_action_server]: Feedback: [1]
[INFO] [1733727476.871476892] [fibonacci_action_server]: Goal succeeded
[INFO] [1733727476.897220518] [fibonacci_action_server]: Feedback: [55]
[INFO] [1733727477.242677846] [fibonacci_action_server]: Feedback: [2]
[INFO] [1733727477.285235115] [fibonacci_action_server]: Received goal request with order 10
[INFO] [1733727477.285472615] [fibonacci_action_server]: Executing goal...
[INFO] [1733727477.285582360] [fibonacci_action_server]: Feedback: [1]
[INFO] [1733727477.397519335] [fibonacci_action_server]: Goal succeeded
[INFO] [1733727477.743060639] [fibonacci_action_server]: Feedback: [3]
[INFO] [1733727477.785805729] [fibonacci_action_server]: Feedback: [2]
[INFO] [1733727477.809427941] [fibonacci_action_server]: Received goal request with order 10
[INFO] [1733727477.809820910] [fibonacci_action_server]: Executing goal...
[INFO] [1733727477.810003809] [fibonacci_action_server]: Feedback: [1]
[INFO] [1733727478.243566717] [fibonacci_action_server]: Feedback: [5]
[INFO] [1733727478.286216063] [fibonacci_action_server]: Feedback: [3]
[INFO] [1733727478.310367763] [fibonacci_action_server]: Feedback: [2]
[INFO] [1733727478.743806073] [fibonacci_action_server]: Feedback: [8]
[INFO] [1733727478.786634198] [fibonacci_action_server]: Feedback: [5]
[INFO] [1733727478.810939255] [fibonacci_action_server]: Feedback: [3]
[INFO] [1733727479.244026982] [fibonacci_action_server]: Feedback: [13]
[INFO] [1733727479.286957982] [fibonacci_action_server]: Feedback: [8]
[INFO] [1733727479.311493641] [fibonacci_action_server]: Feedback: [5]
[INFO] [1733727479.744282273] [fibonacci_action_server]: Feedback: [21]
[INFO] [1733727479.787215483] [fibonacci_action_server]: Feedback: [13]
[INFO] [1733727479.811755504] [fibonacci_action_server]: Feedback: [8]
[INFO] [1733727480.244521785] [fibonacci_action_server]: Feedback: [34]
[INFO] [1733727480.287413379] [fibonacci_action_server]: Feedback: [21]
[INFO] [1733727480.312033811] [fibonacci_action_server]: Feedback: [13]
[INFO] [1733727480.745086661] [fibonacci_action_server]: Feedback: [55]
[INFO] [1733727480.787808257] [fibonacci_action_server]: Feedback: [34]
[INFO] [1733727480.812583765] [fibonacci_action_server]: Feedback: [21]
[INFO] [1733727481.245792833] [fibonacci_action_server]: Goal succeeded
[INFO] [1733727481.288314778] [fibonacci_action_server]: Feedback: [55]
[INFO] [1733727481.313390145] [fibonacci_action_server]: Feedback: [34]
[INFO] [1733727481.658720122] [fibonacci_action_server]: Received goal request with order 10
[INFO] [1733727481.658995954] [fibonacci_action_server]: Executing goal...
[INFO] [1733727481.659118921] [fibonacci_action_server]: Feedback: [1]
[INFO] [1733727481.788921210] [fibonacci_action_server]: Goal succeeded
[INFO] [1733727481.813810196] [fibonacci_action_server]: Feedback: [55]
[INFO] [1733727482.159410193] [fibonacci_action_server]: Feedback: [2]
[INFO] [1733727482.202002322] [fibonacci_action_server]: Received goal request with order 10
[INFO] [1733727482.202327656] [fibonacci_action_server]: Executing goal...
[INFO] [1733727482.202474554] [fibonacci_action_server]: Feedback: [1]
[INFO] [1733727482.314297355] [fibonacci_action_server]: Goal succeeded
[INFO] [1733727482.659937067] [fibonacci_action_server]: Feedback: [3]
[INFO] [1733727482.702881489] [fibonacci_action_server]: Feedback: [2]
[INFO] [1733727482.727440447] [fibonacci_action_server]: Received goal request with order 10
[INFO] [1733727482.727729024] [fibonacci_action_server]: Executing goal...
[INFO] [1733727482.727851416] [fibonacci_action_server]: Feedback: [1]
[INFO] [1733727483.160223377] [fibonacci_action_server]: Feedback: [5]
[INFO] [1733727483.203413910] [fibonacci_action_server]: Feedback: [3]
[INFO] [1733727483.228523898] [fibonacci_action_server]: Feedback: [2]
[INFO] [1733727483.660630912] [fibonacci_action_server]: Feedback: [8]
[INFO] [1733727483.703964341] [fibonacci_action_server]: Feedback: [5]
[INFO] [1733727483.729103083] [fibonacci_action_server]: Feedback: [3]
[INFO] [1733727484.160887843] [fibonacci_action_server]: Feedback: [13]
[INFO] [1733727484.204234132] [fibonacci_action_server]: Feedback: [8]
[INFO] [1733727484.229600806] [fibonacci_action_server]: Feedback: [5]
[INFO] [1733727484.661501915] [fibonacci_action_server]: Feedback: [21]
[INFO] [1733727484.704796377] [fibonacci_action_server]: Feedback: [13]
[INFO] [1733727484.729954777] [fibonacci_action_server]: Feedback: [8]
[INFO] [1733727485.161799972] [fibonacci_action_server]: Feedback: [34]
[INFO] [1733727485.205377828] [fibonacci_action_server]: Feedback: [21]
[INFO] [1733727485.230368354] [fibonacci_action_server]: Feedback: [13]
[INFO] [1733727485.662066058] [fibonacci_action_server]: Feedback: [55]
[INFO] [1733727485.705680497] [fibonacci_action_server]: Feedback: [34]
[INFO] [1733727485.730662721] [fibonacci_action_server]: Feedback: [21]
[INFO] [1733727486.162408603] [fibonacci_action_server]: Goal succeeded
[INFO] [1733727486.205918008] [fibonacci_action_server]: Feedback: [55]
[INFO] [1733727486.230895156] [fibonacci_action_server]: Feedback: [34]
[INFO] [1733727486.578113467] [fibonacci_action_server]: Received goal request with order 10
[INFO] [1733727486.578485423] [fibonacci_action_server]: Executing goal...
[INFO] [1733727486.578736636] [fibonacci_action_server]: Feedback: [1]
[INFO] [1733727486.706274469] [fibonacci_action_server]: Goal succeeded
[INFO] [1733727486.731192267] [fibonacci_action_server]: Feedback: [55]
[INFO] [1733727487.079260270] [fibonacci_action_server]: Feedback: [2]
[INFO] [1733727487.122020337] [fibonacci_action_server]: Received goal request with order 10
[INFO] [1733727487.122378298] [fibonacci_action_server]: Executing goal...
[INFO] [1733727487.122531421] [fibonacci_action_server]: Feedback: [1]
[INFO] [1733727487.231481422] [fibonacci_action_server]: Goal succeeded
[INFO] [1733727487.579534293] [fibonacci_action_server]: Feedback: [3]
[INFO] [1733727487.622925125] [fibonacci_action_server]: Feedback: [2]
[INFO] [1733727487.646668306] [fibonacci_action_server]: Received goal request with order 10
[INFO] [1733727487.646961850] [fibonacci_action_server]: Executing goal...
[INFO] [1733727487.647110130] [fibonacci_action_server]: Feedback: [1]
[INFO] [1733727488.080156398] [fibonacci_action_server]: Feedback: [5]
[INFO] [1733727488.123180113] [fibonacci_action_server]: Feedback: [3]
[INFO] [1733727488.147610376] [fibonacci_action_server]: Feedback: [2]
[INFO] [1733727488.580567911] [fibonacci_action_server]: Feedback: [8]
[INFO] [1733727488.623691300] [fibonacci_action_server]: Feedback: [5]
[INFO] [1733727488.647878321] [fibonacci_action_server]: Feedback: [3]
[INFO] [1733727489.081166156] [fibonacci_action_server]: Feedback: [13]
[INFO] [1733727489.124257061] [fibonacci_action_server]: Feedback: [8]
[INFO] [1733727489.148401205] [fibonacci_action_server]: Feedback: [5]
[INFO] [1733727489.581779446] [fibonacci_action_server]: Feedback: [21]
[INFO] [1733727489.624802128] [fibonacci_action_server]: Feedback: [13]
[INFO] [1733727489.648828815] [fibonacci_action_server]: Feedback: [8]
[INFO] [1733727490.082195279] [fibonacci_action_server]: Feedback: [34]
[INFO] [1733727490.125384734] [fibonacci_action_server]: Feedback: [21]
[INFO] [1733727490.149469518] [fibonacci_action_server]: Feedback: [13]
[INFO] [1733727490.582679957] [fibonacci_action_server]: Feedback: [55]
[INFO] [1733727490.625687683] [fibonacci_action_server]: Feedback: [34]
[INFO] [1733727490.649738537] [fibonacci_action_server]: Feedback: [21]
[INFO] [1733727491.083373941] [fibonacci_action_server]: Goal succeeded
[INFO] [1733727491.126026269] [fibonacci_action_server]: Feedback: [55]
[INFO] [1733727491.150069226] [fibonacci_action_server]: Feedback: [34]
[INFO] [1733727491.498298095] [fibonacci_action_server]: Received goal request with order 10
[INFO] [1733727491.498556812] [fibonacci_action_server]: Executing goal...
[INFO] [1733727491.498661100] [fibonacci_action_server]: Feedback: [1]
[INFO] [1733727491.626494166] [fibonacci_action_server]: Goal succeeded
[INFO] [1733727491.650647667] [fibonacci_action_server]: Feedback: [55]
[INFO] [1733727491.999170035] [fibonacci_action_server]: Feedback: [2]
[INFO] [1733727492.041283586] [fibonacci_action_server]: Received goal request with order 10
[INFO] [1733727492.041641722] [fibonacci_action_server]: Executing goal...
[INFO] [1733727492.041695796] [fibonacci_action_server]: Feedback: [1]
[INFO] [1733727492.151059390] [fibonacci_action_server]: Goal succeeded
[INFO] [1733727492.499771566] [fibonacci_action_server]: Feedback: [3]
[INFO] [1733727492.541901717] [fibonacci_action_server]: Feedback: [2]
[INFO] [1733727492.567221263] [fibonacci_action_server]: Received goal request with order 10
[INFO] [1733727492.567485731] [fibonacci_action_server]: Executing goal...
[INFO] [1733727492.567563647] [fibonacci_action_server]: Feedback: [1]
[INFO] [1733727493.000333170] [fibonacci_action_server]: Feedback: [5]
[INFO] [1733727493.042282209] [fibonacci_action_server]: Feedback: [3]
[INFO] [1733727493.068064246] [fibonacci_action_server]: Feedback: [2]
[INFO] [1733727493.500941270] [fibonacci_action_server]: Feedback: [8]
[INFO] [1733727493.542791420] [fibonacci_action_server]: Feedback: [5]
[INFO] [1733727493.568776589] [fibonacci_action_server]: Feedback: [3]
[INFO] [1733727494.001551560] [fibonacci_action_server]: Feedback: [13]
[INFO] [1733727494.043361733] [fibonacci_action_server]: Feedback: [8]
[INFO] [1733727494.069395495] [fibonacci_action_server]: Feedback: [5]
[INFO] [1733727494.501872284] [fibonacci_action_server]: Feedback: [21]
[INFO] [1733727494.543894965] [fibonacci_action_server]: Feedback: [13]
[INFO] [1733727494.569740980] [fibonacci_action_server]: Feedback: [8]
[INFO] [1733727495.002558595] [fibonacci_action_server]: Feedback: [34]
[INFO] [1733727495.044186815] [fibonacci_action_server]: Feedback: [21]
[INFO] [1733727495.070025049] [fibonacci_action_server]: Feedback: [13]
[INFO] [1733727495.503290229] [fibonacci_action_server]: Feedback: [55]
[INFO] [1733727495.544457781] [fibonacci_action_server]: Feedback: [34]
[INFO] [1733727495.570303681] [fibonacci_action_server]: Feedback: [21]
[INFO] [1733727496.003904293] [fibonacci_action_server]: Goal succeeded
[INFO] [1733727496.045154067] [fibonacci_action_server]: Feedback: [55]
[INFO] [1733727496.070683048] [fibonacci_action_server]: Feedback: [34]
[INFO] [1733727496.417396956] [fibonacci_action_server]: Received goal request with order 10
[INFO] [1733727496.417672775] [fibonacci_action_server]: Executing goal...
[INFO] [1733727496.417838660] [fibonacci_action_server]: Feedback: [1]
[INFO] [1733727496.545833528] [fibonacci_action_server]: Goal succeeded
[INFO] [1733727496.571372498] [fibonacci_action_server]: Feedback: [55]
[INFO] [1733727496.918222162] [fibonacci_action_server]: Feedback: [2]
[INFO] [1733727496.962034440] [fibonacci_action_server]: Received goal request with order 10
[INFO] [1733727496.962310557] [fibonacci_action_server]: Executing goal...
[INFO] [1733727496.962486504] [fibonacci_action_server]: Feedback: [1]
[INFO] [1733727497.072080441] [fibonacci_action_server]: Goal succeeded
[INFO] [1733727497.418616994] [fibonacci_action_server]: Feedback: [3]
[INFO] [1733727497.462847168] [fibonacci_action_server]: Feedback: [2]
[INFO] [1733727497.487430072] [fibonacci_action_server]: Received goal request with order 10
[INFO] [1733727497.487707414] [fibonacci_action_server]: Executing goal...
[INFO] [1733727497.487864017] [fibonacci_action_server]: Feedback: [1]
[INFO] [1733727497.918889707] [fibonacci_action_server]: Feedback: [5]
[INFO] [1733727497.963271179] [fibonacci_action_server]: Feedback: [3]
[INFO] [1733727497.988185179] [fibonacci_action_server]: Feedback: [2]
[INFO] [1733727498.419152426] [fibonacci_action_server]: Feedback: [8]
[INFO] [1733727498.463586985] [fibonacci_action_server]: Feedback: [5]
[INFO] [1733727498.488745748] [fibonacci_action_server]: Feedback: [3]
[INFO] [1733727498.919852726] [fibonacci_action_server]: Feedback: [13]
[INFO] [1733727498.963871593] [fibonacci_action_server]: Feedback: [8]
[INFO] [1733727498.989082079] [fibonacci_action_server]: Feedback: [5]
[INFO] [1733727499.420397248] [fibonacci_action_server]: Feedback: [21]
[INFO] [1733727499.464155022] [fibonacci_action_server]: Feedback: [13]
[INFO] [1733727499.489431154] [fibonacci_action_server]: Feedback: [8]
[INFO] [1733727499.921009700] [fibonacci_action_server]: Feedback: [34]
[INFO] [1733727499.964706327] [fibonacci_action_server]: Feedback: [21]
[INFO] [1733727499.989729111] [fibonacci_action_server]: Feedback: [13]
[INFO] [1733727500.421646186] [fibonacci_action_server]: Feedback: [55]
[INFO] [1733727500.465307707] [fibonacci_action_server]: Feedback: [34]
[INFO] [1733727500.490147533] [fibonacci_action_server]: Feedback: [21]
[INFO] [1733727500.921957519] [fibonacci_action_server]: Goal succeeded
[INFO] [1733727500.965627677] [fibonacci_action_server]: Feedback: [55]
[INFO] [1733727500.990544948] [fibonacci_action_server]: Feedback: [34]
[INFO] [1733727501.338072677] [fibonacci_action_server]: Received goal request with order 10
[INFO] [1733727501.338397736] [fibonacci_action_server]: Executing goal...
[INFO] [1733727501.338550719] [fibonacci_action_server]: Feedback: [1]
[INFO] [1733727501.466011611] [fibonacci_action_server]: Goal succeeded
[INFO] [1733727501.490924315] [fibonacci_action_server]: Feedback: [55]
[INFO] [1733727501.838885215] [fibonacci_action_server]: Feedback: [2]
[INFO] [1733727501.882730127] [fibonacci_action_server]: Received goal request with order 10
[INFO] [1733727501.882988799] [fibonacci_action_server]: Executing goal...
[INFO] [1733727501.883155941] [fibonacci_action_server]: Feedback: [1]
[INFO] [1733727501.991500428] [fibonacci_action_server]: Goal succeeded
[INFO] [1733727502.339418600] [fibonacci_action_server]: Feedback: [3]
[INFO] [1733727502.383360333] [fibonacci_action_server]: Feedback: [2]
[INFO] [1733727502.406768680] [fibonacci_action_server]: Received goal request with order 10
[INFO] [1733727502.407005449] [fibonacci_action_server]: Executing goal...
[INFO] [1733727502.407162665] [fibonacci_action_server]: Feedback: [1]
[INFO] [1733727502.839707471] [fibonacci_action_server]: Feedback: [5]
[INFO] [1733727502.883879299] [fibonacci_action_server]: Feedback: [3]
[INFO] [1733727502.907752224] [fibonacci_action_server]: Feedback: [2]
[INFO] [1733727503.340165395] [fibonacci_action_server]: Feedback: [8]
[INFO] [1733727503.384198913] [fibonacci_action_server]: Feedback: [5]
[INFO] [1733727503.408324906] [fibonacci_action_server]: Feedback: [3]
[INFO] [1733727503.840671740] [fibonacci_action_server]: Feedback: [13]
[INFO] [1733727503.884727805] [fibonacci_action_server]: Feedback: [8]
[INFO] [1733727503.908594122] [fibonacci_action_server]: Feedback: [5]
[INFO] [1733727504.341091618] [fibonacci_action_server]: Feedback: [21]
[INFO] [1733727504.385363414] [fibonacci_action_server]: Feedback: [13]
[INFO] [1733727504.408831765] [fibonacci_action_server]: Feedback: [8]
[INFO] [1733727504.841447477] [fibonacci_action_server]: Feedback: [34]
[INFO] [1733727504.885746757] [fibonacci_action_server]: Feedback: [21]
[INFO] [1733727504.909437776] [fibonacci_action_server]: Feedback: [13]
[INFO] [1733727505.341703780] [fibonacci_action_server]: Feedback: [55]
[INFO] [1733727505.386061019] [fibonacci_action_server]: Feedback: [34]
[INFO] [1733727505.409801097] [fibonacci_action_server]: Feedback: [21]
[INFO] [1733727505.842029625] [fibonacci_action_server]: Goal succeeded
[INFO] [1733727505.886331626] [fibonacci_action_server]: Feedback: [55]
[INFO] [1733727505.910077832] [fibonacci_action_server]: Feedback: [34]
[INFO] [1733727506.256858296] [fibonacci_action_server]: Received goal request with order 10
[INFO] [1733727506.257147951] [fibonacci_action_server]: Executing goal...
[INFO] [1733727506.257254067] [fibonacci_action_server]: Feedback: [1]
[INFO] [1733727506.386638920] [fibonacci_action_server]: Goal succeeded
[INFO] [1733727506.410352603] [fibonacci_action_server]: Feedback: [55]
[INFO] [1733727506.757772363] [fibonacci_action_server]: Feedback: [2]
[INFO] [1733727506.802170598] [fibonacci_action_server]: Received goal request with order 10
[INFO] [1733727506.802474566] [fibonacci_action_server]: Executing goal...
[INFO] [1733727506.802614978] [fibonacci_action_server]: Feedback: [1]
[INFO] [1733727506.910717597] [fibonacci_action_server]: Goal succeeded
[INFO] [1733727507.258446440] [fibonacci_action_server]: Feedback: [3]
[INFO] [1733727507.303132848] [fibonacci_action_server]: Feedback: [2]
[INFO] [1733727507.327901148] [fibonacci_action_server]: Received goal request with order 10
[INFO] [1733727507.328279637] [fibonacci_action_server]: Executing goal...
[INFO] [1733727507.328436865] [fibonacci_action_server]: Feedback: [1]
[INFO] [1733727507.758869237] [fibonacci_action_server]: Feedback: [5]
[INFO] [1733727507.803434701] [fibonacci_action_server]: Feedback: [3]
[INFO] [1733727507.828962442] [fibonacci_action_server]: Feedback: [2]
[INFO] [1733727508.259443909] [fibonacci_action_server]: Feedback: [8]
[INFO] [1733727508.304142241] [fibonacci_action_server]: Feedback: [5]
[INFO] [1733727508.329258523] [fibonacci_action_server]: Feedback: [3]
[INFO] [1733727508.759948517] [fibonacci_action_server]: Feedback: [13]
[INFO] [1733727508.804749308] [fibonacci_action_server]: Feedback: [8]
[INFO] [1733727508.829984342] [fibonacci_action_server]: Feedback: [5]
[INFO] [1733727509.260525548] [fibonacci_action_server]: Feedback: [21]
[INFO] [1733727509.305269715] [fibonacci_action_server]: Feedback: [13]
[INFO] [1733727509.330550134] [fibonacci_action_server]: Feedback: [8]
[INFO] [1733727509.760784057] [fibonacci_action_server]: Feedback: [34]
[INFO] [1733727509.805787682] [fibonacci_action_server]: Feedback: [21]
[INFO] [1733727509.831085207] [fibonacci_action_server]: Feedback: [13]
[INFO] [1733727510.261453965] [fibonacci_action_server]: Feedback: [55]
[INFO] [1733727510.306076850] [fibonacci_action_server]: Feedback: [34]
[INFO] [1733727510.331642862] [fibonacci_action_server]: Feedback: [21]
[INFO] [1733727510.761882584] [fibonacci_action_server]: Goal succeeded
[INFO] [1733727510.806836027] [fibonacci_action_server]: Feedback: [55]
[INFO] [1733727510.831911522] [fibonacci_action_server]: Feedback: [34]
[INFO] [1733727511.177067758] [fibonacci_action_server]: Received goal request with order 10
[INFO] [1733727511.177228593] [fibonacci_action_server]: Executing goal...
[INFO] [1733727511.177308845] [fibonacci_action_server]: Feedback: [1]
[INFO] [1733727511.307509854] [fibonacci_action_server]: Goal succeeded
[INFO] [1733727511.332665920] [fibonacci_action_server]: Feedback: [55]
[INFO] [1733727511.677755008] [fibonacci_action_server]: Feedback: [2]
[INFO] [1733727511.723117027] [fibonacci_action_server]: Received goal request with order 10
[INFO] [1733727511.723422351] [fibonacci_action_server]: Executing goal...
[INFO] [1733727511.723505910] [fibonacci_action_server]: Feedback: [1]
[INFO] [1733727511.833339791] [fibonacci_action_server]: Goal succeeded
[INFO] [1733727512.178195636] [fibonacci_action_server]: Feedback: [3]
[INFO] [1733727512.223984757] [fibonacci_action_server]: Feedback: [2]
[INFO] [1733727512.246403717] [fibonacci_action_server]: Received goal request with order 10
[INFO] [1733727512.246577767] [fibonacci_action_server]: Executing goal...
[INFO] [1733727512.246633947] [fibonacci_action_server]: Feedback: [1]
[INFO] [1733727512.678627972] [fibonacci_action_server]: Feedback: [5]
[INFO] [1733727512.724794898] [fibonacci_action_server]: Feedback: [3]
[INFO] [1733727512.747262735] [fibonacci_action_server]: Feedback: [2]
[INFO] [1733727513.179160146] [fibonacci_action_server]: Feedback: [8]
[INFO] [1733727513.225440719] [fibonacci_action_server]: Feedback: [5]
[INFO] [1733727513.248024914] [fibonacci_action_server]: Feedback: [3]
[INFO] [1733727513.679713741] [fibonacci_action_server]: Feedback: [13]
[INFO] [1733727513.725758241] [fibonacci_action_server]: Feedback: [8]
[INFO] [1733727513.748765929] [fibonacci_action_server]: Feedback: [5]
[INFO] [1733727514.156743171] [fibonacci_action_server]: Timeout reached, shutting down node...
[ros2run]: Segmentation fault
RAPL is set
