[INFO] [1733761568.224378272] [fibonacci_action_server]: Executing goal...
[INFO] [1733761568.224808766] [fibonacci_action_server]: Feedback: array('i', [0, 1, 1])
[INFO] [1733761568.475752033] [fibonacci_action_server]: Feedback: array('i', [0, 1, 1, 2])
[INFO] [1733761568.726802476] [fibonacci_action_server]: Feedback: array('i', [0, 1, 1, 2, 3])
[INFO] [1733761568.978084164] [fibonacci_action_server]: Feedback: array('i', [0, 1, 1, 2, 3, 5])
[INFO] [1733761569.229361218] [fibonacci_action_server]: Feedback: array('i', [0, 1, 1, 2, 3, 5, 8])
[INFO] [1733761569.480495793] [fibonacci_action_server]: Feedback: array('i', [0, 1, 1, 2, 3, 5, 8, 13])
[INFO] [1733761569.731660796] [fibonacci_action_server]: Feedback: array('i', [0, 1, 1, 2, 3, 5, 8, 13, 21])
[INFO] [1733761569.982705947] [fibonacci_action_server]: Feedback: array('i', [0, 1, 1, 2, 3, 5, 8, 13, 21, 34])
[INFO] [1733761570.233966259] [fibonacci_action_server]: Feedback: array('i', [0, 1, 1, 2, 3, 5, 8, 13, 21, 34, 55])
[INFO] [1733761570.486892344] [fibonacci_action_server]: Executing goal...
[INFO] [1733761570.487455337] [fibonacci_action_server]: Feedback: array('i', [0, 1, 1])
[INFO] [1733761570.738494735] [fibonacci_action_server]: Feedback: array('i', [0, 1, 1, 2])
[INFO] [1733761570.989785152] [fibonacci_action_server]: Feedback: array('i', [0, 1, 1, 2, 3])
[INFO] [1733761571.241090431] [fibonacci_action_server]: Feedback: array('i', [0, 1, 1, 2, 3, 5])
[INFO] [1733761571.492035029] [fibonacci_action_server]: Feedback: array('i', [0, 1, 1, 2, 3, 5, 8])
[INFO] [1733761571.743131523] [fibonacci_action_server]: Feedback: array('i', [0, 1, 1, 2, 3, 5, 8, 13])
[INFO] [1733761571.994074679] [fibonacci_action_server]: Feedback: array('i', [0, 1, 1, 2, 3, 5, 8, 13, 21])
[INFO] [1733761572.245271528] [fibonacci_action_server]: Feedback: array('i', [0, 1, 1, 2, 3, 5, 8, 13, 21, 34])
[INFO] [1733761572.496290649] [fibonacci_action_server]: Feedback: array('i', [0, 1, 1, 2, 3, 5, 8, 13, 21, 34, 55])
[INFO] [1733761572.749050441] [fibonacci_action_server]: Executing goal...
[INFO] [1733761572.749444019] [fibonacci_action_server]: Feedback: array('i', [0, 1, 1])
[INFO] [1733761573.000237128] [fibonacci_action_server]: Feedback: array('i', [0, 1, 1, 2])
[INFO] [1733761573.251495054] [fibonacci_action_server]: Feedback: array('i', [0, 1, 1, 2, 3])
[INFO] [1733761573.502486217] [fibonacci_action_server]: Feedback: array('i', [0, 1, 1, 2, 3, 5])
[INFO] [1733761573.753432690] [fibonacci_action_server]: Feedback: array('i', [0, 1, 1, 2, 3, 5, 8])
[INFO] [1733761574.004655211] [fibonacci_action_server]: Feedback: array('i', [0, 1, 1, 2, 3, 5, 8, 13])
[INFO] [1733761574.255849581] [fibonacci_action_server]: Feedback: array('i', [0, 1, 1, 2, 3, 5, 8, 13, 21])
[INFO] [1733761574.507006828] [fibonacci_action_server]: Feedback: array('i', [0, 1, 1, 2, 3, 5, 8, 13, 21, 34])
[INFO] [1733761574.758114180] [fibonacci_action_server]: Feedback: array('i', [0, 1, 1, 2, 3, 5, 8, 13, 21, 34, 55])
[INFO] [1733761575.010876391] [fibonacci_action_server]: Executing goal...
[INFO] [1733761575.011279595] [fibonacci_action_server]: Feedback: array('i', [0, 1, 1])
[INFO] [1733761575.262368012] [fibonacci_action_server]: Feedback: array('i', [0, 1, 1, 2])
[INFO] [1733761575.513573793] [fibonacci_action_server]: Feedback: array('i', [0, 1, 1, 2, 3])
[INFO] [1733761575.764771376] [fibonacci_action_server]: Feedback: array('i', [0, 1, 1, 2, 3, 5])
[INFO] [1733761576.016144478] [fibonacci_action_server]: Feedback: array('i', [0, 1, 1, 2, 3, 5, 8])
[INFO] [1733761576.267163539] [fibonacci_action_server]: Feedback: array('i', [0, 1, 1, 2, 3, 5, 8, 13])
[INFO] [1733761576.518339203] [fibonacci_action_server]: Feedback: array('i', [0, 1, 1, 2, 3, 5, 8, 13, 21])
[INFO] [1733761576.769251113] [fibonacci_action_server]: Feedback: array('i', [0, 1, 1, 2, 3, 5, 8, 13, 21, 34])
[INFO] [1733761577.020543090] [fibonacci_action_server]: Feedback: array('i', [0, 1, 1, 2, 3, 5, 8, 13, 21, 34, 55])
[INFO] [1733761577.273463501] [fibonacci_action_server]: Executing goal...
[INFO] [1733761577.273876089] [fibonacci_action_server]: Feedback: array('i', [0, 1, 1])
[INFO] [1733761577.524901307] [fibonacci_action_server]: Feedback: array('i', [0, 1, 1, 2])
[INFO] [1733761577.776105527] [fibonacci_action_server]: Feedback: array('i', [0, 1, 1, 2, 3])
[INFO] [1733761578.027233651] [fibonacci_action_server]: Feedback: array('i', [0, 1, 1, 2, 3, 5])
[INFO] [1733761578.278600464] [fibonacci_action_server]: Feedback: array('i', [0, 1, 1, 2, 3, 5, 8])
[INFO] [1733761578.529882235] [fibonacci_action_server]: Feedback: array('i', [0, 1, 1, 2, 3, 5, 8, 13])
[INFO] [1733761578.781511046] [fibonacci_action_server]: Feedback: array('i', [0, 1, 1, 2, 3, 5, 8, 13, 21])
[INFO] [1733761579.032909251] [fibonacci_action_server]: Feedback: array('i', [0, 1, 1, 2, 3, 5, 8, 13, 21, 34])
[INFO] [1733761579.284046451] [fibonacci_action_server]: Feedback: array('i', [0, 1, 1, 2, 3, 5, 8, 13, 21, 34, 55])
[INFO] [1733761579.536771851] [fibonacci_action_server]: Executing goal...
[INFO] [1733761579.537183739] [fibonacci_action_server]: Feedback: array('i', [0, 1, 1])
[INFO] [1733761579.788347492] [fibonacci_action_server]: Feedback: array('i', [0, 1, 1, 2])
[INFO] [1733761580.039537906] [fibonacci_action_server]: Feedback: array('i', [0, 1, 1, 2, 3])
[INFO] [1733761580.290636883] [fibonacci_action_server]: Feedback: array('i', [0, 1, 1, 2, 3, 5])
[INFO] [1733761580.541991677] [fibonacci_action_server]: Feedback: array('i', [0, 1, 1, 2, 3, 5, 8])
[INFO] [1733761580.792961849] [fibonacci_action_server]: Feedback: array('i', [0, 1, 1, 2, 3, 5, 8, 13])
[INFO] [1733761581.044018141] [fibonacci_action_server]: Feedback: array('i', [0, 1, 1, 2, 3, 5, 8, 13, 21])
[INFO] [1733761581.295197063] [fibonacci_action_server]: Feedback: array('i', [0, 1, 1, 2, 3, 5, 8, 13, 21, 34])
[INFO] [1733761581.546122178] [fibonacci_action_server]: Feedback: array('i', [0, 1, 1, 2, 3, 5, 8, 13, 21, 34, 55])
[INFO] [1733761581.798930674] [fibonacci_action_server]: Executing goal...
[INFO] [1733761581.799358175] [fibonacci_action_server]: Feedback: array('i', [0, 1, 1])
[INFO] [1733761582.050151362] [fibonacci_action_server]: Feedback: array('i', [0, 1, 1, 2])
[INFO] [1733761582.301488819] [fibonacci_action_server]: Feedback: array('i', [0, 1, 1, 2, 3])
[INFO] [1733761582.552631212] [fibonacci_action_server]: Feedback: array('i', [0, 1, 1, 2, 3, 5])
[INFO] [1733761582.803860090] [fibonacci_action_server]: Feedback: array('i', [0, 1, 1, 2, 3, 5, 8])
[INFO] [1733761583.055254686] [fibonacci_action_server]: Feedback: array('i', [0, 1, 1, 2, 3, 5, 8, 13])
[INFO] [1733761583.306132151] [fibonacci_action_server]: Feedback: array('i', [0, 1, 1, 2, 3, 5, 8, 13, 21])
[INFO] [1733761583.557540879] [fibonacci_action_server]: Feedback: array('i', [0, 1, 1, 2, 3, 5, 8, 13, 21, 34])
[INFO] [1733761583.808551906] [fibonacci_action_server]: Feedback: array('i', [0, 1, 1, 2, 3, 5, 8, 13, 21, 34, 55])
[INFO] [1733761584.061458557] [fibonacci_action_server]: Executing goal...
[INFO] [1733761584.061831480] [fibonacci_action_server]: Feedback: array('i', [0, 1, 1])
[INFO] [1733761584.312800555] [fibonacci_action_server]: Feedback: array('i', [0, 1, 1, 2])
[INFO] [1733761584.564017249] [fibonacci_action_server]: Feedback: array('i', [0, 1, 1, 2, 3])
[INFO] [1733761584.815389797] [fibonacci_action_server]: Feedback: array('i', [0, 1, 1, 2, 3, 5])
[INFO] [1733761585.066132776] [fibonacci_action_server]: Feedback: array('i', [0, 1, 1, 2, 3, 5, 8])
[INFO] [1733761585.317465360] [fibonacci_action_server]: Feedback: array('i', [0, 1, 1, 2, 3, 5, 8, 13])
[INFO] [1733761585.568412997] [fibonacci_action_server]: Feedback: array('i', [0, 1, 1, 2, 3, 5, 8, 13, 21])
[INFO] [1733761585.819508022] [fibonacci_action_server]: Feedback: array('i', [0, 1, 1, 2, 3, 5, 8, 13, 21, 34])
[INFO] [1733761586.070563915] [fibonacci_action_server]: Feedback: array('i', [0, 1, 1, 2, 3, 5, 8, 13, 21, 34, 55])
[INFO] [1733761586.322864937] [fibonacci_action_server]: Executing goal...
[INFO] [1733761586.323276773] [fibonacci_action_server]: Feedback: array('i', [0, 1, 1])
[INFO] [1733761586.574103154] [fibonacci_action_server]: Feedback: array('i', [0, 1, 1, 2])
[INFO] [1733761586.825037394] [fibonacci_action_server]: Feedback: array('i', [0, 1, 1, 2, 3])
[INFO] [1733761587.076383075] [fibonacci_action_server]: Feedback: array('i', [0, 1, 1, 2, 3, 5])
[INFO] [1733761587.327307962] [fibonacci_action_server]: Feedback: array('i', [0, 1, 1, 2, 3, 5, 8])
[INFO] [1733761587.578141578] [fibonacci_action_server]: Feedback: array('i', [0, 1, 1, 2, 3, 5, 8, 13])
[INFO] [1733761587.829519683] [fibonacci_action_server]: Feedback: array('i', [0, 1, 1, 2, 3, 5, 8, 13, 21])
[INFO] [1733761588.080758062] [fibonacci_action_server]: Feedback: array('i', [0, 1, 1, 2, 3, 5, 8, 13, 21, 34])
[INFO] [1733761588.332018683] [fibonacci_action_server]: Feedback: array('i', [0, 1, 1, 2, 3, 5, 8, 13, 21, 34, 55])
[INFO] [1733761588.584371682] [fibonacci_action_server]: Executing goal...
[INFO] [1733761588.584747002] [fibonacci_action_server]: Feedback: array('i', [0, 1, 1])
[INFO] [1733761588.835582961] [fibonacci_action_server]: Feedback: array('i', [0, 1, 1, 2])
[INFO] [1733761589.086886764] [fibonacci_action_server]: Feedback: array('i', [0, 1, 1, 2, 3])
[INFO] [1733761589.338115052] [fibonacci_action_server]: Feedback: array('i', [0, 1, 1, 2, 3, 5])
[INFO] [1733761589.589536402] [fibonacci_action_server]: Feedback: array('i', [0, 1, 1, 2, 3, 5, 8])
[INFO] [1733761589.840692725] [fibonacci_action_server]: Feedback: array('i', [0, 1, 1, 2, 3, 5, 8, 13])
[INFO] [1733761590.091956071] [fibonacci_action_server]: Feedback: array('i', [0, 1, 1, 2, 3, 5, 8, 13, 21])
[INFO] [1733761590.343141792] [fibonacci_action_server]: Feedback: array('i', [0, 1, 1, 2, 3, 5, 8, 13, 21, 34])
[INFO] [1733761590.594139036] [fibonacci_action_server]: Feedback: array('i', [0, 1, 1, 2, 3, 5, 8, 13, 21, 34, 55])
[INFO] [1733761590.847120596] [fibonacci_action_server]: Executing goal...
[INFO] [1733761590.847550255] [fibonacci_action_server]: Feedback: array('i', [0, 1, 1])
[INFO] [1733761591.098345359] [fibonacci_action_server]: Feedback: array('i', [0, 1, 1, 2])
[INFO] [1733761591.349602064] [fibonacci_action_server]: Feedback: array('i', [0, 1, 1, 2, 3])
[INFO] [1733761591.600508888] [fibonacci_action_server]: Feedback: array('i', [0, 1, 1, 2, 3, 5])
[INFO] [1733761591.851758007] [fibonacci_action_server]: Feedback: array('i', [0, 1, 1, 2, 3, 5, 8])
[INFO] [1733761592.102783667] [fibonacci_action_server]: Feedback: array('i', [0, 1, 1, 2, 3, 5, 8, 13])
[INFO] [1733761592.354107304] [fibonacci_action_server]: Feedback: array('i', [0, 1, 1, 2, 3, 5, 8, 13, 21])
[INFO] [1733761592.605402452] [fibonacci_action_server]: Feedback: array('i', [0, 1, 1, 2, 3, 5, 8, 13, 21, 34])
[INFO] [1733761592.856610689] [fibonacci_action_server]: Feedback: array('i', [0, 1, 1, 2, 3, 5, 8, 13, 21, 34, 55])
[INFO] [1733761593.109580918] [fibonacci_action_server]: Executing goal...
[INFO] [1733761593.109989249] [fibonacci_action_server]: Feedback: array('i', [0, 1, 1])
[INFO] [1733761593.361026761] [fibonacci_action_server]: Feedback: array('i', [0, 1, 1, 2])
[INFO] [1733761593.612212708] [fibonacci_action_server]: Feedback: array('i', [0, 1, 1, 2, 3])
[INFO] [1733761593.863320840] [fibonacci_action_server]: Feedback: array('i', [0, 1, 1, 2, 3, 5])
[INFO] [1733761594.114146242] [fibonacci_action_server]: Feedback: array('i', [0, 1, 1, 2, 3, 5, 8])
[INFO] [1733761594.365430048] [fibonacci_action_server]: Feedback: array('i', [0, 1, 1, 2, 3, 5, 8, 13])
[INFO] [1733761594.616610538] [fibonacci_action_server]: Feedback: array('i', [0, 1, 1, 2, 3, 5, 8, 13, 21])
[INFO] [1733761594.867515628] [fibonacci_action_server]: Feedback: array('i', [0, 1, 1, 2, 3, 5, 8, 13, 21, 34])
[INFO] [1733761595.118478019] [fibonacci_action_server]: Feedback: array('i', [0, 1, 1, 2, 3, 5, 8, 13, 21, 34, 55])
[INFO] [1733761595.371491369] [fibonacci_action_server]: Executing goal...
[INFO] [1733761595.371858224] [fibonacci_action_server]: Feedback: array('i', [0, 1, 1])
[INFO] [1733761595.622709436] [fibonacci_action_server]: Feedback: array('i', [0, 1, 1, 2])
[INFO] [1733761595.873902032] [fibonacci_action_server]: Feedback: array('i', [0, 1, 1, 2, 3])
[INFO] [1733761596.125173564] [fibonacci_action_server]: Feedback: array('i', [0, 1, 1, 2, 3, 5])
[INFO] [1733761596.376124672] [fibonacci_action_server]: Feedback: array('i', [0, 1, 1, 2, 3, 5, 8])
[INFO] [1733761596.627300708] [fibonacci_action_server]: Feedback: array('i', [0, 1, 1, 2, 3, 5, 8, 13])
[INFO] [1733761596.878200851] [fibonacci_action_server]: Feedback: array('i', [0, 1, 1, 2, 3, 5, 8, 13, 21])
[INFO] [1733761597.129525025] [fibonacci_action_server]: Feedback: array('i', [0, 1, 1, 2, 3, 5, 8, 13, 21, 34])
[INFO] [1733761597.380859171] [fibonacci_action_server]: Feedback: array('i', [0, 1, 1, 2, 3, 5, 8, 13, 21, 34, 55])
[INFO] [1733761597.633783475] [fibonacci_action_server]: Executing goal...
[INFO] [1733761597.634160781] [fibonacci_action_server]: Feedback: array('i', [0, 1, 1])
[INFO] [1733761597.885407637] [fibonacci_action_server]: Feedback: array('i', [0, 1, 1, 2])
[INFO] [1733761598.136344571] [fibonacci_action_server]: Feedback: array('i', [0, 1, 1, 2, 3])
[INFO] [1733761598.387537272] [fibonacci_action_server]: Feedback: array('i', [0, 1, 1, 2, 3, 5])
[INFO] [1733761598.638429955] [fibonacci_action_server]: Feedback: array('i', [0, 1, 1, 2, 3, 5, 8])
[INFO] [1733761598.889720033] [fibonacci_action_server]: Feedback: array('i', [0, 1, 1, 2, 3, 5, 8, 13])
[INFO] [1733761599.140982499] [fibonacci_action_server]: Feedback: array('i', [0, 1, 1, 2, 3, 5, 8, 13, 21])
[INFO] [1733761599.392175606] [fibonacci_action_server]: Feedback: array('i', [0, 1, 1, 2, 3, 5, 8, 13, 21, 34])
[INFO] [1733761599.643311063] [fibonacci_action_server]: Feedback: array('i', [0, 1, 1, 2, 3, 5, 8, 13, 21, 34, 55])
[INFO] [1733761599.895804731] [fibonacci_action_server]: Executing goal...
[INFO] [1733761599.896167956] [fibonacci_action_server]: Feedback: array('i', [0, 1, 1])
[INFO] [1733761600.147084809] [fibonacci_action_server]: Feedback: array('i', [0, 1, 1, 2])
[INFO] [1733761600.398084943] [fibonacci_action_server]: Feedback: array('i', [0, 1, 1, 2, 3])
[INFO] [1733761600.649116361] [fibonacci_action_server]: Feedback: array('i', [0, 1, 1, 2, 3, 5])
[INFO] [1733761600.900142250] [fibonacci_action_server]: Feedback: array('i', [0, 1, 1, 2, 3, 5, 8])
[INFO] [1733761601.151072792] [fibonacci_action_server]: Feedback: array('i', [0, 1, 1, 2, 3, 5, 8, 13])
[INFO] [1733761601.402292857] [fibonacci_action_server]: Feedback: array('i', [0, 1, 1, 2, 3, 5, 8, 13, 21])
[INFO] [1733761601.653229337] [fibonacci_action_server]: Feedback: array('i', [0, 1, 1, 2, 3, 5, 8, 13, 21, 34])
[INFO] [1733761601.904558087] [fibonacci_action_server]: Feedback: array('i', [0, 1, 1, 2, 3, 5, 8, 13, 21, 34, 55])
[INFO] [1733761602.158091217] [fibonacci_action_server]: Executing goal...
[INFO] [1733761602.158704001] [fibonacci_action_server]: Feedback: array('i', [0, 1, 1])
[INFO] [1733761602.410133502] [fibonacci_action_server]: Feedback: array('i', [0, 1, 1, 2])
[INFO] [1733761602.661646547] [fibonacci_action_server]: Feedback: array('i', [0, 1, 1, 2, 3])
[INFO] [1733761602.912701295] [fibonacci_action_server]: Feedback: array('i', [0, 1, 1, 2, 3, 5])
[INFO] [1733761603.163890483] [fibonacci_action_server]: Feedback: array('i', [0, 1, 1, 2, 3, 5, 8])
[INFO] [1733761603.414873705] [fibonacci_action_server]: Feedback: array('i', [0, 1, 1, 2, 3, 5, 8, 13])
[INFO] [1733761603.665798865] [fibonacci_action_server]: Feedback: array('i', [0, 1, 1, 2, 3, 5, 8, 13, 21])
[INFO] [1733761603.917043537] [fibonacci_action_server]: Feedback: array('i', [0, 1, 1, 2, 3, 5, 8, 13, 21, 34])
[INFO] [1733761604.168047991] [fibonacci_action_server]: Feedback: array('i', [0, 1, 1, 2, 3, 5, 8, 13, 21, 34, 55])
[INFO] [1733761604.421786547] [fibonacci_action_server]: Executing goal...
[INFO] [1733761604.422460816] [fibonacci_action_server]: Feedback: array('i', [0, 1, 1])
[INFO] [1733761604.673434643] [fibonacci_action_server]: Feedback: array('i', [0, 1, 1, 2])
[INFO] [1733761604.924708371] [fibonacci_action_server]: Feedback: array('i', [0, 1, 1, 2, 3])
[INFO] [1733761605.175878098] [fibonacci_action_server]: Feedback: array('i', [0, 1, 1, 2, 3, 5])
[INFO] [1733761605.426955857] [fibonacci_action_server]: Feedback: array('i', [0, 1, 1, 2, 3, 5, 8])
[INFO] [1733761605.678258425] [fibonacci_action_server]: Feedback: array('i', [0, 1, 1, 2, 3, 5, 8, 13])
[INFO] [1733761605.929185183] [fibonacci_action_server]: Feedback: array('i', [0, 1, 1, 2, 3, 5, 8, 13, 21])
[INFO] [1733761606.180549427] [fibonacci_action_server]: Feedback: array('i', [0, 1, 1, 2, 3, 5, 8, 13, 21, 34])
[INFO] [1733761606.431490136] [fibonacci_action_server]: Feedback: array('i', [0, 1, 1, 2, 3, 5, 8, 13, 21, 34, 55])
[INFO] [1733761606.684264400] [fibonacci_action_server]: Executing goal...
[INFO] [1733761606.684640155] [fibonacci_action_server]: Feedback: array('i', [0, 1, 1])
[INFO] [1733761606.935502624] [fibonacci_action_server]: Feedback: array('i', [0, 1, 1, 2])
[INFO] [1733761607.186493232] [fibonacci_action_server]: Feedback: array('i', [0, 1, 1, 2, 3])
[INFO] [1733761607.437694493] [fibonacci_action_server]: Feedback: array('i', [0, 1, 1, 2, 3, 5])
[INFO] [1733761607.688853035] [fibonacci_action_server]: Feedback: array('i', [0, 1, 1, 2, 3, 5, 8])
[INFO] [1733761607.939907213] [fibonacci_action_server]: Feedback: array('i', [0, 1, 1, 2, 3, 5, 8, 13])
[INFO] [1733761608.190856172] [fibonacci_action_server]: Feedback: array('i', [0, 1, 1, 2, 3, 5, 8, 13, 21])
[INFO] [1733761608.442130385] [fibonacci_action_server]: Feedback: array('i', [0, 1, 1, 2, 3, 5, 8, 13, 21, 34])
[INFO] [1733761608.693399841] [fibonacci_action_server]: Feedback: array('i', [0, 1, 1, 2, 3, 5, 8, 13, 21, 34, 55])
[INFO] [1733761608.946325403] [fibonacci_action_server]: Executing goal...
[INFO] [1733761608.946734874] [fibonacci_action_server]: Feedback: array('i', [0, 1, 1])
[INFO] [1733761609.197920531] [fibonacci_action_server]: Feedback: array('i', [0, 1, 1, 2])
[INFO] [1733761609.449121815] [fibonacci_action_server]: Feedback: array('i', [0, 1, 1, 2, 3])
[INFO] [1733761609.700468560] [fibonacci_action_server]: Feedback: array('i', [0, 1, 1, 2, 3, 5])
[INFO] [1733761609.951355554] [fibonacci_action_server]: Feedback: array('i', [0, 1, 1, 2, 3, 5, 8])
[INFO] [1733761610.202354970] [fibonacci_action_server]: Feedback: array('i', [0, 1, 1, 2, 3, 5, 8, 13])
[INFO] [1733761610.453649223] [fibonacci_action_server]: Feedback: array('i', [0, 1, 1, 2, 3, 5, 8, 13, 21])
[INFO] [1733761610.704554776] [fibonacci_action_server]: Feedback: array('i', [0, 1, 1, 2, 3, 5, 8, 13, 21, 34])
[INFO] [1733761610.955833505] [fibonacci_action_server]: Feedback: array('i', [0, 1, 1, 2, 3, 5, 8, 13, 21, 34, 55])
[INFO] [1733761611.208172419] [fibonacci_action_server]: Executing goal...
[INFO] [1733761611.208572620] [fibonacci_action_server]: Feedback: array('i', [0, 1, 1])
[INFO] [1733761611.459679778] [fibonacci_action_server]: Feedback: array('i', [0, 1, 1, 2])
[INFO] [1733761611.710645696] [fibonacci_action_server]: Feedback: array('i', [0, 1, 1, 2, 3])
[INFO] [1733761611.961543069] [fibonacci_action_server]: Feedback: array('i', [0, 1, 1, 2, 3, 5])
[INFO] [1733761612.212845354] [fibonacci_action_server]: Feedback: array('i', [0, 1, 1, 2, 3, 5, 8])
[INFO] [1733761612.464055932] [fibonacci_action_server]: Feedback: array('i', [0, 1, 1, 2, 3, 5, 8, 13])
[INFO] [1733761612.715478307] [fibonacci_action_server]: Feedback: array('i', [0, 1, 1, 2, 3, 5, 8, 13, 21])
[INFO] [1733761612.966528162] [fibonacci_action_server]: Feedback: array('i', [0, 1, 1, 2, 3, 5, 8, 13, 21, 34])
[INFO] [1733761613.217489857] [fibonacci_action_server]: Feedback: array('i', [0, 1, 1, 2, 3, 5, 8, 13, 21, 34, 55])
[INFO] [1733761613.470110187] [fibonacci_action_server]: Executing goal...
[INFO] [1733761613.470526980] [fibonacci_action_server]: Feedback: array('i', [0, 1, 1])
[INFO] [1733761613.721718360] [fibonacci_action_server]: Feedback: array('i', [0, 1, 1, 2])
[INFO] [1733761613.972662885] [fibonacci_action_server]: Feedback: array('i', [0, 1, 1, 2, 3])
[INFO] [1733761614.223898398] [fibonacci_action_server]: Feedback: array('i', [0, 1, 1, 2, 3, 5])
[INFO] [1733761614.474971805] [fibonacci_action_server]: Feedback: array('i', [0, 1, 1, 2, 3, 5, 8])
[INFO] [1733761614.725844686] [fibonacci_action_server]: Feedback: array('i', [0, 1, 1, 2, 3, 5, 8, 13])
[INFO] [1733761614.977094854] [fibonacci_action_server]: Feedback: array('i', [0, 1, 1, 2, 3, 5, 8, 13, 21])
[INFO] [1733761615.228073003] [fibonacci_action_server]: Feedback: array('i', [0, 1, 1, 2, 3, 5, 8, 13, 21, 34])
[INFO] [1733761615.478942744] [fibonacci_action_server]: Feedback: array('i', [0, 1, 1, 2, 3, 5, 8, 13, 21, 34, 55])
[INFO] [1733761615.731936179] [fibonacci_action_server]: Executing goal...
[INFO] [1733761615.732326501] [fibonacci_action_server]: Feedback: array('i', [0, 1, 1])
[INFO] [1733761615.983080015] [fibonacci_action_server]: Feedback: array('i', [0, 1, 1, 2])
[INFO] [1733761616.234077575] [fibonacci_action_server]: Feedback: array('i', [0, 1, 1, 2, 3])
[INFO] [1733761616.485000380] [fibonacci_action_server]: Feedback: array('i', [0, 1, 1, 2, 3, 5])
[INFO] [1733761616.736093478] [fibonacci_action_server]: Feedback: array('i', [0, 1, 1, 2, 3, 5, 8])
[INFO] [1733761616.987330344] [fibonacci_action_server]: Feedback: array('i', [0, 1, 1, 2, 3, 5, 8, 13])
[INFO] [1733761617.238291631] [fibonacci_action_server]: Feedback: array('i', [0, 1, 1, 2, 3, 5, 8, 13, 21])
[INFO] [1733761617.489623589] [fibonacci_action_server]: Feedback: array('i', [0, 1, 1, 2, 3, 5, 8, 13, 21, 34])
[INFO] [1733761617.740861396] [fibonacci_action_server]: Feedback: array('i', [0, 1, 1, 2, 3, 5, 8, 13, 21, 34, 55])
[INFO] [1733761617.993686162] [fibonacci_action_server]: Executing goal...
[INFO] [1733761617.994155616] [fibonacci_action_server]: Feedback: array('i', [0, 1, 1])
[INFO] [1733761618.244984480] [fibonacci_action_server]: Feedback: array('i', [0, 1, 1, 2])
[INFO] [1733761618.496152270] [fibonacci_action_server]: Feedback: array('i', [0, 1, 1, 2, 3])
[INFO] [1733761618.747173869] [fibonacci_action_server]: Feedback: array('i', [0, 1, 1, 2, 3, 5])
[INFO] [1733761618.998101933] [fibonacci_action_server]: Feedback: array('i', [0, 1, 1, 2, 3, 5, 8])
[INFO] [1733761619.249392597] [fibonacci_action_server]: Feedback: array('i', [0, 1, 1, 2, 3, 5, 8, 13])
[INFO] [1733761619.500638943] [fibonacci_action_server]: Feedback: array('i', [0, 1, 1, 2, 3, 5, 8, 13, 21])
[INFO] [1733761619.751753553] [fibonacci_action_server]: Feedback: array('i', [0, 1, 1, 2, 3, 5, 8, 13, 21, 34])
[INFO] [1733761620.002784016] [fibonacci_action_server]: Feedback: array('i', [0, 1, 1, 2, 3, 5, 8, 13, 21, 34, 55])
[INFO] [1733761620.255068713] [fibonacci_action_server]: Executing goal...
[INFO] [1733761620.255475096] [fibonacci_action_server]: Feedback: array('i', [0, 1, 1])
[INFO] [1733761620.506605716] [fibonacci_action_server]: Feedback: array('i', [0, 1, 1, 2])
[INFO] [1733761620.757581118] [fibonacci_action_server]: Feedback: array('i', [0, 1, 1, 2, 3])
[INFO] [1733761621.008669390] [fibonacci_action_server]: Feedback: array('i', [0, 1, 1, 2, 3, 5])
[INFO] [1733761621.259595078] [fibonacci_action_server]: Feedback: array('i', [0, 1, 1, 2, 3, 5, 8])
[INFO] [1733761621.510698937] [fibonacci_action_server]: Feedback: array('i', [0, 1, 1, 2, 3, 5, 8, 13])
[INFO] [1733761621.761679274] [fibonacci_action_server]: Feedback: array('i', [0, 1, 1, 2, 3, 5, 8, 13, 21])
[INFO] [1733761622.012855903] [fibonacci_action_server]: Feedback: array('i', [0, 1, 1, 2, 3, 5, 8, 13, 21, 34])
[INFO] [1733761622.264082125] [fibonacci_action_server]: Feedback: array('i', [0, 1, 1, 2, 3, 5, 8, 13, 21, 34, 55])
[INFO] [1733761622.516730951] [fibonacci_action_server]: Executing goal...
[INFO] [1733761622.517170895] [fibonacci_action_server]: Feedback: array('i', [0, 1, 1])
[INFO] [1733761622.768408360] [fibonacci_action_server]: Feedback: array('i', [0, 1, 1, 2])
[INFO] [1733761623.019474448] [fibonacci_action_server]: Feedback: array('i', [0, 1, 1, 2, 3])
[INFO] [1733761623.270898447] [fibonacci_action_server]: Feedback: array('i', [0, 1, 1, 2, 3, 5])
[INFO] [1733761623.521815573] [fibonacci_action_server]: Feedback: array('i', [0, 1, 1, 2, 3, 5, 8])
[INFO] [1733761623.772698417] [fibonacci_action_server]: Feedback: array('i', [0, 1, 1, 2, 3, 5, 8, 13])
[INFO] [1733761624.023897212] [fibonacci_action_server]: Feedback: array('i', [0, 1, 1, 2, 3, 5, 8, 13, 21])
[INFO] [1733761624.275160224] [fibonacci_action_server]: Feedback: array('i', [0, 1, 1, 2, 3, 5, 8, 13, 21, 34])
[INFO] [1733761624.526250193] [fibonacci_action_server]: Feedback: array('i', [0, 1, 1, 2, 3, 5, 8, 13, 21, 34, 55])
[INFO] [1733761624.779150712] [fibonacci_action_server]: Executing goal...
[INFO] [1733761624.779812603] [fibonacci_action_server]: Feedback: array('i', [0, 1, 1])
[INFO] [1733761625.030667805] [fibonacci_action_server]: Feedback: array('i', [0, 1, 1, 2])
[INFO] [1733761625.281959267] [fibonacci_action_server]: Feedback: array('i', [0, 1, 1, 2, 3])
[INFO] [1733761625.532890406] [fibonacci_action_server]: Feedback: array('i', [0, 1, 1, 2, 3, 5])
[INFO] [1733761625.784034869] [fibonacci_action_server]: Feedback: array('i', [0, 1, 1, 2, 3, 5, 8])
[INFO] [1733761626.034951387] [fibonacci_action_server]: Feedback: array('i', [0, 1, 1, 2, 3, 5, 8, 13])
[INFO] [1733761626.286086618] [fibonacci_action_server]: Feedback: array('i', [0, 1, 1, 2, 3, 5, 8, 13, 21])
[INFO] [1733761626.537116698] [fibonacci_action_server]: Feedback: array('i', [0, 1, 1, 2, 3, 5, 8, 13, 21, 34])
[INFO] [1733761626.788374034] [fibonacci_action_server]: Feedback: array('i', [0, 1, 1, 2, 3, 5, 8, 13, 21, 34, 55])
[INFO] [1733761627.041252618] [fibonacci_action_server]: Executing goal...
[INFO] [1733761627.041631639] [fibonacci_action_server]: Feedback: array('i', [0, 1, 1])
[INFO] [1733761627.292756671] [fibonacci_action_server]: Feedback: array('i', [0, 1, 1, 2])
[INFO] [1733761627.544018734] [fibonacci_action_server]: Feedback: array('i', [0, 1, 1, 2, 3])
[INFO] [1733761627.795131372] [fibonacci_action_server]: Feedback: array('i', [0, 1, 1, 2, 3, 5])
[INFO] [1733761628.046045005] [fibonacci_action_server]: Feedback: array('i', [0, 1, 1, 2, 3, 5, 8])
[INFO] [1733761628.297124877] [fibonacci_action_server]: Feedback: array('i', [0, 1, 1, 2, 3, 5, 8, 13])
[INFO] [1733761628.548376800] [fibonacci_action_server]: Feedback: array('i', [0, 1, 1, 2, 3, 5, 8, 13, 21])
[INFO] [1733761628.799578676] [fibonacci_action_server]: Feedback: array('i', [0, 1, 1, 2, 3, 5, 8, 13, 21, 34])
[INFO] [1733761629.050649134] [fibonacci_action_server]: Feedback: array('i', [0, 1, 1, 2, 3, 5, 8, 13, 21, 34, 55])
[INFO] [1733761629.303262872] [fibonacci_action_server]: Executing goal...
[INFO] [1733761629.303626958] [fibonacci_action_server]: Feedback: array('i', [0, 1, 1])
[INFO] [1733761629.554530769] [fibonacci_action_server]: Feedback: array('i', [0, 1, 1, 2])
[INFO] [1733761629.805802618] [fibonacci_action_server]: Feedback: array('i', [0, 1, 1, 2, 3])
[INFO] [1733761630.056951144] [fibonacci_action_server]: Feedback: array('i', [0, 1, 1, 2, 3, 5])
[INFO] [1733761630.308034087] [fibonacci_action_server]: Feedback: array('i', [0, 1, 1, 2, 3, 5, 8])
[INFO] [1733761630.559253841] [fibonacci_action_server]: Feedback: array('i', [0, 1, 1, 2, 3, 5, 8, 13])
[INFO] [1733761630.810142253] [fibonacci_action_server]: Feedback: array('i', [0, 1, 1, 2, 3, 5, 8, 13, 21])
[INFO] [1733761631.061435413] [fibonacci_action_server]: Feedback: array('i', [0, 1, 1, 2, 3, 5, 8, 13, 21, 34])
[INFO] [1733761631.312339008] [fibonacci_action_server]: Feedback: array('i', [0, 1, 1, 2, 3, 5, 8, 13, 21, 34, 55])
[INFO] [1733761631.564987397] [fibonacci_action_server]: Executing goal...
[INFO] [1733761631.565373398] [fibonacci_action_server]: Feedback: array('i', [0, 1, 1])
[INFO] [1733761631.816419416] [fibonacci_action_server]: Feedback: array('i', [0, 1, 1, 2])
[INFO] [1733761632.067599072] [fibonacci_action_server]: Feedback: array('i', [0, 1, 1, 2, 3])
[INFO] [1733761632.318726501] [fibonacci_action_server]: Feedback: array('i', [0, 1, 1, 2, 3, 5])
[INFO] [1733761632.570066096] [fibonacci_action_server]: Feedback: array('i', [0, 1, 1, 2, 3, 5, 8])
[INFO] [1733761632.821415280] [fibonacci_action_server]: Feedback: array('i', [0, 1, 1, 2, 3, 5, 8, 13])
[INFO] [1733761633.072567748] [fibonacci_action_server]: Feedback: array('i', [0, 1, 1, 2, 3, 5, 8, 13, 21])
[INFO] [1733761633.323735213] [fibonacci_action_server]: Feedback: array('i', [0, 1, 1, 2, 3, 5, 8, 13, 21, 34])
[INFO] [1733761633.575025719] [fibonacci_action_server]: Feedback: array('i', [0, 1, 1, 2, 3, 5, 8, 13, 21, 34, 55])
[INFO] [1733761633.827330950] [fibonacci_action_server]: Executing goal...
[INFO] [1733761633.827703417] [fibonacci_action_server]: Feedback: array('i', [0, 1, 1])
[INFO] [1733761634.078475322] [fibonacci_action_server]: Feedback: array('i', [0, 1, 1, 2])
[INFO] [1733761634.329359319] [fibonacci_action_server]: Feedback: array('i', [0, 1, 1, 2, 3])
[INFO] [1733761634.580225159] [fibonacci_action_server]: Feedback: array('i', [0, 1, 1, 2, 3, 5])
[INFO] [1733761634.831409896] [fibonacci_action_server]: Feedback: array('i', [0, 1, 1, 2, 3, 5, 8])
[INFO] [1733761635.082348997] [fibonacci_action_server]: Feedback: array('i', [0, 1, 1, 2, 3, 5, 8, 13])
[INFO] [1733761635.333519844] [fibonacci_action_server]: Feedback: array('i', [0, 1, 1, 2, 3, 5, 8, 13, 21])
[INFO] [1733761635.584478917] [fibonacci_action_server]: Feedback: array('i', [0, 1, 1, 2, 3, 5, 8, 13, 21, 34])
[INFO] [1733761635.835440693] [fibonacci_action_server]: Feedback: array('i', [0, 1, 1, 2, 3, 5, 8, 13, 21, 34, 55])
[INFO] [1733761636.088433172] [fibonacci_action_server]: Executing goal...
[INFO] [1733761636.089045187] [fibonacci_action_server]: Feedback: array('i', [0, 1, 1])
[INFO] [1733761636.339980297] [fibonacci_action_server]: Feedback: array('i', [0, 1, 1, 2])
[INFO] [1733761636.590995978] [fibonacci_action_server]: Feedback: array('i', [0, 1, 1, 2, 3])
[INFO] [1733761636.841947386] [fibonacci_action_server]: Feedback: array('i', [0, 1, 1, 2, 3, 5])
[INFO] [1733761637.092895802] [fibonacci_action_server]: Feedback: array('i', [0, 1, 1, 2, 3, 5, 8])
[INFO] [1733761637.343976722] [fibonacci_action_server]: Feedback: array('i', [0, 1, 1, 2, 3, 5, 8, 13])
[INFO] [1733761637.595046014] [fibonacci_action_server]: Feedback: array('i', [0, 1, 1, 2, 3, 5, 8, 13, 21])
[INFO] [1733761637.845796628] [fibonacci_action_server]: Feedback: array('i', [0, 1, 1, 2, 3, 5, 8, 13, 21, 34])
[INFO] [1733761638.096643849] [fibonacci_action_server]: Feedback: array('i', [0, 1, 1, 2, 3, 5, 8, 13, 21, 34, 55])
[INFO] [1733761638.350023995] [fibonacci_action_server]: Executing goal...
[INFO] [1733761638.350694527] [fibonacci_action_server]: Feedback: array('i', [0, 1, 1])
[INFO] [1733761638.601569372] [fibonacci_action_server]: Feedback: array('i', [0, 1, 1, 2])
[INFO] [1733761638.852761884] [fibonacci_action_server]: Feedback: array('i', [0, 1, 1, 2, 3])
[INFO] [1733761639.103938029] [fibonacci_action_server]: Feedback: array('i', [0, 1, 1, 2, 3, 5])
[INFO] [1733761639.354855447] [fibonacci_action_server]: Feedback: array('i', [0, 1, 1, 2, 3, 5, 8])
[INFO] [1733761639.605927970] [fibonacci_action_server]: Feedback: array('i', [0, 1, 1, 2, 3, 5, 8, 13])
[INFO] [1733761639.856827170] [fibonacci_action_server]: Feedback: array('i', [0, 1, 1, 2, 3, 5, 8, 13, 21])
[INFO] [1733761640.107864467] [fibonacci_action_server]: Feedback: array('i', [0, 1, 1, 2, 3, 5, 8, 13, 21, 34])
[INFO] [1733761640.359033185] [fibonacci_action_server]: Feedback: array('i', [0, 1, 1, 2, 3, 5, 8, 13, 21, 34, 55])
[INFO] [1733761640.611669797] [fibonacci_action_server]: Executing goal...
[INFO] [1733761640.612115112] [fibonacci_action_server]: Feedback: array('i', [0, 1, 1])
[INFO] [1733761640.862925917] [fibonacci_action_server]: Feedback: array('i', [0, 1, 1, 2])
[INFO] [1733761641.113790401] [fibonacci_action_server]: Feedback: array('i', [0, 1, 1, 2, 3])
[INFO] [1733761641.365107727] [fibonacci_action_server]: Feedback: array('i', [0, 1, 1, 2, 3, 5])
[INFO] [1733761641.616133221] [fibonacci_action_server]: Feedback: array('i', [0, 1, 1, 2, 3, 5, 8])
[INFO] [1733761641.867050017] [fibonacci_action_server]: Feedback: array('i', [0, 1, 1, 2, 3, 5, 8, 13])
[INFO] [1733761642.117956547] [fibonacci_action_server]: Feedback: array('i', [0, 1, 1, 2, 3, 5, 8, 13, 21])
[INFO] [1733761642.368828160] [fibonacci_action_server]: Feedback: array('i', [0, 1, 1, 2, 3, 5, 8, 13, 21, 34])
[INFO] [1733761642.620022950] [fibonacci_action_server]: Feedback: array('i', [0, 1, 1, 2, 3, 5, 8, 13, 21, 34, 55])
[INFO] [1733761642.872971401] [fibonacci_action_server]: Executing goal...
[INFO] [1733761642.873569587] [fibonacci_action_server]: Feedback: array('i', [0, 1, 1])
[INFO] [1733761643.124722811] [fibonacci_action_server]: Feedback: array('i', [0, 1, 1, 2])
[INFO] [1733761643.375970076] [fibonacci_action_server]: Feedback: array('i', [0, 1, 1, 2, 3])
[INFO] [1733761643.626873265] [fibonacci_action_server]: Feedback: array('i', [0, 1, 1, 2, 3, 5])
[INFO] [1733761643.877913225] [fibonacci_action_server]: Feedback: array('i', [0, 1, 1, 2, 3, 5, 8])
[INFO] [1733761644.128817295] [fibonacci_action_server]: Feedback: array('i', [0, 1, 1, 2, 3, 5, 8, 13])
[INFO] [1733761644.379992553] [fibonacci_action_server]: Feedback: array('i', [0, 1, 1, 2, 3, 5, 8, 13, 21])
[INFO] [1733761644.630948058] [fibonacci_action_server]: Feedback: array('i', [0, 1, 1, 2, 3, 5, 8, 13, 21, 34])
[INFO] [1733761644.882109347] [fibonacci_action_server]: Feedback: array('i', [0, 1, 1, 2, 3, 5, 8, 13, 21, 34, 55])
[INFO] [1733761645.135969548] [fibonacci_action_server]: Executing goal...
[INFO] [1733761645.136575836] [fibonacci_action_server]: Feedback: array('i', [0, 1, 1])
[INFO] [1733761645.387436772] [fibonacci_action_server]: Feedback: array('i', [0, 1, 1, 2])
[INFO] [1733761645.638555454] [fibonacci_action_server]: Feedback: array('i', [0, 1, 1, 2, 3])
[INFO] [1733761645.889655634] [fibonacci_action_server]: Feedback: array('i', [0, 1, 1, 2, 3, 5])
[INFO] [1733761646.140839282] [fibonacci_action_server]: Feedback: array('i', [0, 1, 1, 2, 3, 5, 8])
[INFO] [1733761646.392016128] [fibonacci_action_server]: Feedback: array('i', [0, 1, 1, 2, 3, 5, 8, 13])
[INFO] [1733761646.643210190] [fibonacci_action_server]: Feedback: array('i', [0, 1, 1, 2, 3, 5, 8, 13, 21])
[INFO] [1733761646.894124035] [fibonacci_action_server]: Feedback: array('i', [0, 1, 1, 2, 3, 5, 8, 13, 21, 34])
[INFO] [1733761647.145416732] [fibonacci_action_server]: Feedback: array('i', [0, 1, 1, 2, 3, 5, 8, 13, 21, 34, 55])
[INFO] [1733761647.398252263] [fibonacci_action_server]: Executing goal...
[INFO] [1733761647.398677429] [fibonacci_action_server]: Feedback: array('i', [0, 1, 1])
[INFO] [1733761647.649526106] [fibonacci_action_server]: Feedback: array('i', [0, 1, 1, 2])
[INFO] [1733761647.900697695] [fibonacci_action_server]: Feedback: array('i', [0, 1, 1, 2, 3])
[INFO] [1733761648.152120067] [fibonacci_action_server]: Feedback: array('i', [0, 1, 1, 2, 3, 5])
[INFO] [1733761648.402981737] [fibonacci_action_server]: Feedback: array('i', [0, 1, 1, 2, 3, 5, 8])
[INFO] [1733761648.653768830] [fibonacci_action_server]: Feedback: array('i', [0, 1, 1, 2, 3, 5, 8, 13])
[INFO] [1733761648.904718340] [fibonacci_action_server]: Feedback: array('i', [0, 1, 1, 2, 3, 5, 8, 13, 21])
[INFO] [1733761649.155871973] [fibonacci_action_server]: Feedback: array('i', [0, 1, 1, 2, 3, 5, 8, 13, 21, 34])
[INFO] [1733761649.406933467] [fibonacci_action_server]: Feedback: array('i', [0, 1, 1, 2, 3, 5, 8, 13, 21, 34, 55])
[INFO] [1733761649.659734926] [fibonacci_action_server]: Executing goal...
[INFO] [1733761649.660202341] [fibonacci_action_server]: Feedback: array('i', [0, 1, 1])
[INFO] [1733761649.911280808] [fibonacci_action_server]: Feedback: array('i', [0, 1, 1, 2])
[INFO] [1733761650.162072588] [fibonacci_action_server]: Feedback: array('i', [0, 1, 1, 2, 3])
[INFO] [1733761650.413013230] [fibonacci_action_server]: Feedback: array('i', [0, 1, 1, 2, 3, 5])
[INFO] [1733761650.663913563] [fibonacci_action_server]: Feedback: array('i', [0, 1, 1, 2, 3, 5, 8])
[INFO] [1733761650.915099128] [fibonacci_action_server]: Feedback: array('i', [0, 1, 1, 2, 3, 5, 8, 13])
[INFO] [1733761651.166437374] [fibonacci_action_server]: Feedback: array('i', [0, 1, 1, 2, 3, 5, 8, 13, 21])
[INFO] [1733761651.417826686] [fibonacci_action_server]: Feedback: array('i', [0, 1, 1, 2, 3, 5, 8, 13, 21, 34])
[INFO] [1733761651.669037536] [fibonacci_action_server]: Feedback: array('i', [0, 1, 1, 2, 3, 5, 8, 13, 21, 34, 55])
[INFO] [1733761651.921941222] [fibonacci_action_server]: Executing goal...
[INFO] [1733761651.922304732] [fibonacci_action_server]: Feedback: array('i', [0, 1, 1])
[INFO] [1733761652.173225284] [fibonacci_action_server]: Feedback: array('i', [0, 1, 1, 2])
[INFO] [1733761652.424207170] [fibonacci_action_server]: Feedback: array('i', [0, 1, 1, 2, 3])
[INFO] [1733761652.675272178] [fibonacci_action_server]: Feedback: array('i', [0, 1, 1, 2, 3, 5])
[INFO] [1733761652.926428723] [fibonacci_action_server]: Feedback: array('i', [0, 1, 1, 2, 3, 5, 8])
[INFO] [1733761653.177292568] [fibonacci_action_server]: Feedback: array('i', [0, 1, 1, 2, 3, 5, 8, 13])
[INFO] [1733761653.428378533] [fibonacci_action_server]: Feedback: array('i', [0, 1, 1, 2, 3, 5, 8, 13, 21])
[INFO] [1733761653.679270678] [fibonacci_action_server]: Feedback: array('i', [0, 1, 1, 2, 3, 5, 8, 13, 21, 34])
[INFO] [1733761653.930328515] [fibonacci_action_server]: Feedback: array('i', [0, 1, 1, 2, 3, 5, 8, 13, 21, 34, 55])
[INFO] [1733761654.183520845] [fibonacci_action_server]: Executing goal...
[INFO] [1733761654.184210232] [fibonacci_action_server]: Feedback: array('i', [0, 1, 1])
[INFO] [1733761654.435188109] [fibonacci_action_server]: Feedback: array('i', [0, 1, 1, 2])
[INFO] [1733761654.686241499] [fibonacci_action_server]: Feedback: array('i', [0, 1, 1, 2, 3])
[INFO] [1733761654.937652134] [fibonacci_action_server]: Feedback: array('i', [0, 1, 1, 2, 3, 5])
[INFO] [1733761655.188607186] [fibonacci_action_server]: Feedback: array('i', [0, 1, 1, 2, 3, 5, 8])
[INFO] [1733761655.439509331] [fibonacci_action_server]: Feedback: array('i', [0, 1, 1, 2, 3, 5, 8, 13])
[INFO] [1733761655.690548874] [fibonacci_action_server]: Feedback: array('i', [0, 1, 1, 2, 3, 5, 8, 13, 21])
[INFO] [1733761655.941859225] [fibonacci_action_server]: Feedback: array('i', [0, 1, 1, 2, 3, 5, 8, 13, 21, 34])
[INFO] [1733761656.193100848] [fibonacci_action_server]: Feedback: array('i', [0, 1, 1, 2, 3, 5, 8, 13, 21, 34, 55])
[INFO] [1733761656.445899168] [fibonacci_action_server]: Executing goal...
[INFO] [1733761656.446275359] [fibonacci_action_server]: Feedback: array('i', [0, 1, 1])
[INFO] [1733761656.697522575] [fibonacci_action_server]: Feedback: array('i', [0, 1, 1, 2])
[INFO] [1733761656.948575277] [fibonacci_action_server]: Feedback: array('i', [0, 1, 1, 2, 3])
[INFO] [1733761657.199529545] [fibonacci_action_server]: Feedback: array('i', [0, 1, 1, 2, 3, 5])
[INFO] [1733761657.450554783] [fibonacci_action_server]: Feedback: array('i', [0, 1, 1, 2, 3, 5, 8])
[INFO] [1733761657.701657851] [fibonacci_action_server]: Feedback: array('i', [0, 1, 1, 2, 3, 5, 8, 13])
[INFO] [1733761657.952767986] [fibonacci_action_server]: Feedback: array('i', [0, 1, 1, 2, 3, 5, 8, 13, 21])
[INFO] [1733761658.204048014] [fibonacci_action_server]: Feedback: array('i', [0, 1, 1, 2, 3, 5, 8, 13, 21, 34])
[INFO] [1733761658.455120520] [fibonacci_action_server]: Feedback: array('i', [0, 1, 1, 2, 3, 5, 8, 13, 21, 34, 55])
[INFO] [1733761658.708278518] [fibonacci_action_server]: Executing goal...
[INFO] [1733761658.708930014] [fibonacci_action_server]: Feedback: array('i', [0, 1, 1])
[INFO] [1733761658.959908299] [fibonacci_action_server]: Feedback: array('i', [0, 1, 1, 2])
[INFO] [1733761659.210926354] [fibonacci_action_server]: Feedback: array('i', [0, 1, 1, 2, 3])
[INFO] [1733761659.462099560] [fibonacci_action_server]: Feedback: array('i', [0, 1, 1, 2, 3, 5])
[INFO] [1733761659.713406652] [fibonacci_action_server]: Feedback: array('i', [0, 1, 1, 2, 3, 5, 8])
[INFO] [1733761659.964756494] [fibonacci_action_server]: Feedback: array('i', [0, 1, 1, 2, 3, 5, 8, 13])
[INFO] [1733761660.215955026] [fibonacci_action_server]: Feedback: array('i', [0, 1, 1, 2, 3, 5, 8, 13, 21])
[INFO] [1733761660.466972404] [fibonacci_action_server]: Feedback: array('i', [0, 1, 1, 2, 3, 5, 8, 13, 21, 34])
[INFO] [1733761660.717795659] [fibonacci_action_server]: Feedback: array('i', [0, 1, 1, 2, 3, 5, 8, 13, 21, 34, 55])
[INFO] [1733761660.970616911] [fibonacci_action_server]: Executing goal...
[INFO] [1733761660.971033411] [fibonacci_action_server]: Feedback: array('i', [0, 1, 1])
[INFO] [1733761661.221824772] [fibonacci_action_server]: Feedback: array('i', [0, 1, 1, 2])
[INFO] [1733761661.473073336] [fibonacci_action_server]: Feedback: array('i', [0, 1, 1, 2, 3])
[INFO] [1733761661.724282546] [fibonacci_action_server]: Feedback: array('i', [0, 1, 1, 2, 3, 5])
[INFO] [1733761661.975458238] [fibonacci_action_server]: Feedback: array('i', [0, 1, 1, 2, 3, 5, 8])
[INFO] [1733761662.226558803] [fibonacci_action_server]: Feedback: array('i', [0, 1, 1, 2, 3, 5, 8, 13])
[INFO] [1733761662.477573952] [fibonacci_action_server]: Feedback: array('i', [0, 1, 1, 2, 3, 5, 8, 13, 21])
[INFO] [1733761662.728637760] [fibonacci_action_server]: Feedback: array('i', [0, 1, 1, 2, 3, 5, 8, 13, 21, 34])
[INFO] [1733761662.979864940] [fibonacci_action_server]: Feedback: array('i', [0, 1, 1, 2, 3, 5, 8, 13, 21, 34, 55])
[INFO] [1733761663.232211648] [fibonacci_action_server]: Executing goal...
[INFO] [1733761663.232647151] [fibonacci_action_server]: Feedback: array('i', [0, 1, 1])
[INFO] [1733761663.483769960] [fibonacci_action_server]: Feedback: array('i', [0, 1, 1, 2])
[INFO] [1733761663.734650278] [fibonacci_action_server]: Feedback: array('i', [0, 1, 1, 2, 3])
[INFO] [1733761663.985770485] [fibonacci_action_server]: Feedback: array('i', [0, 1, 1, 2, 3, 5])
[INFO] [1733761664.236984552] [fibonacci_action_server]: Feedback: array('i', [0, 1, 1, 2, 3, 5, 8])
[INFO] [1733761664.488305124] [fibonacci_action_server]: Feedback: array('i', [0, 1, 1, 2, 3, 5, 8, 13])
[INFO] [1733761664.739468088] [fibonacci_action_server]: Feedback: array('i', [0, 1, 1, 2, 3, 5, 8, 13, 21])
[INFO] [1733761664.990553637] [fibonacci_action_server]: Feedback: array('i', [0, 1, 1, 2, 3, 5, 8, 13, 21, 34])
[INFO] [1733761665.241742334] [fibonacci_action_server]: Feedback: array('i', [0, 1, 1, 2, 3, 5, 8, 13, 21, 34, 55])
[INFO] [1733761665.494820771] [fibonacci_action_server]: Executing goal...
[INFO] [1733761665.495428419] [fibonacci_action_server]: Feedback: array('i', [0, 1, 1])
[INFO] [1733761665.746134012] [fibonacci_action_server]: Feedback: array('i', [0, 1, 1, 2])
[INFO] [1733761665.997441109] [fibonacci_action_server]: Feedback: array('i', [0, 1, 1, 2, 3])
[INFO] [1733761666.248654257] [fibonacci_action_server]: Feedback: array('i', [0, 1, 1, 2, 3, 5])
[INFO] [1733761666.499954698] [fibonacci_action_server]: Feedback: array('i', [0, 1, 1, 2, 3, 5, 8])
[INFO] [1733761666.751002212] [fibonacci_action_server]: Feedback: array('i', [0, 1, 1, 2, 3, 5, 8, 13])
[INFO] [1733761667.001803309] [fibonacci_action_server]: Feedback: array('i', [0, 1, 1, 2, 3, 5, 8, 13, 21])
[INFO] [1733761667.252812779] [fibonacci_action_server]: Feedback: array('i', [0, 1, 1, 2, 3, 5, 8, 13, 21, 34])
[INFO] [1733761667.504053074] [fibonacci_action_server]: Feedback: array('i', [0, 1, 1, 2, 3, 5, 8, 13, 21, 34, 55])
[INFO] [1733761667.756992146] [fibonacci_action_server]: Executing goal...
[INFO] [1733761667.757450272] [fibonacci_action_server]: Feedback: array('i', [0, 1, 1])
[INFO] [1733761668.008220608] [fibonacci_action_server]: Feedback: array('i', [0, 1, 1, 2])
[INFO] [1733761668.259492694] [fibonacci_action_server]: Feedback: array('i', [0, 1, 1, 2, 3])
[INFO] [1733761668.510443599] [fibonacci_action_server]: Feedback: array('i', [0, 1, 1, 2, 3, 5])
[INFO] [1733761668.761788900] [fibonacci_action_server]: Feedback: array('i', [0, 1, 1, 2, 3, 5, 8])
[INFO] [1733761669.012829435] [fibonacci_action_server]: Feedback: array('i', [0, 1, 1, 2, 3, 5, 8, 13])
[INFO] [1733761669.264072370] [fibonacci_action_server]: Feedback: array('i', [0, 1, 1, 2, 3, 5, 8, 13, 21])
[INFO] [1733761669.515095498] [fibonacci_action_server]: Feedback: array('i', [0, 1, 1, 2, 3, 5, 8, 13, 21, 34])
[INFO] [1733761669.766333227] [fibonacci_action_server]: Feedback: array('i', [0, 1, 1, 2, 3, 5, 8, 13, 21, 34, 55])
[INFO] [1733761670.019720922] [fibonacci_action_server]: Executing goal...
[INFO] [1733761670.020348708] [fibonacci_action_server]: Feedback: array('i', [0, 1, 1])
[INFO] [1733761670.271207348] [fibonacci_action_server]: Feedback: array('i', [0, 1, 1, 2])
[INFO] [1733761670.522342904] [fibonacci_action_server]: Feedback: array('i', [0, 1, 1, 2, 3])
[INFO] [1733761670.773721401] [fibonacci_action_server]: Feedback: array('i', [0, 1, 1, 2, 3, 5])
[INFO] [1733761671.025010991] [fibonacci_action_server]: Feedback: array('i', [0, 1, 1, 2, 3, 5, 8])
[INFO] [1733761671.276204032] [fibonacci_action_server]: Feedback: array('i', [0, 1, 1, 2, 3, 5, 8, 13])
[INFO] [1733761671.527394555] [fibonacci_action_server]: Feedback: array('i', [0, 1, 1, 2, 3, 5, 8, 13, 21])
[INFO] [1733761671.778485858] [fibonacci_action_server]: Feedback: array('i', [0, 1, 1, 2, 3, 5, 8, 13, 21, 34])
[INFO] [1733761672.029447811] [fibonacci_action_server]: Feedback: array('i', [0, 1, 1, 2, 3, 5, 8, 13, 21, 34, 55])
[INFO] [1733761672.282331870] [fibonacci_action_server]: Executing goal...
[INFO] [1733761672.282703033] [fibonacci_action_server]: Feedback: array('i', [0, 1, 1])
[INFO] [1733761672.533848229] [fibonacci_action_server]: Feedback: array('i', [0, 1, 1, 2])
[INFO] [1733761672.784823227] [fibonacci_action_server]: Feedback: array('i', [0, 1, 1, 2, 3])
[INFO] [1733761673.036073163] [fibonacci_action_server]: Feedback: array('i', [0, 1, 1, 2, 3, 5])
[INFO] [1733761673.286974578] [fibonacci_action_server]: Feedback: array('i', [0, 1, 1, 2, 3, 5, 8])
[INFO] [1733761673.538025625] [fibonacci_action_server]: Feedback: array('i', [0, 1, 1, 2, 3, 5, 8, 13])
[INFO] [1733761673.789201162] [fibonacci_action_server]: Feedback: array('i', [0, 1, 1, 2, 3, 5, 8, 13, 21])
[INFO] [1733761674.040413596] [fibonacci_action_server]: Feedback: array('i', [0, 1, 1, 2, 3, 5, 8, 13, 21, 34])
[INFO] [1733761674.291761885] [fibonacci_action_server]: Feedback: array('i', [0, 1, 1, 2, 3, 5, 8, 13, 21, 34, 55])
[INFO] [1733761674.544423232] [fibonacci_action_server]: Executing goal...
[INFO] [1733761674.544791582] [fibonacci_action_server]: Feedback: array('i', [0, 1, 1])
[INFO] [1733761674.795667564] [fibonacci_action_server]: Feedback: array('i', [0, 1, 1, 2])
[INFO] [1733761675.046776705] [fibonacci_action_server]: Feedback: array('i', [0, 1, 1, 2, 3])
[INFO] [1733761675.298042440] [fibonacci_action_server]: Feedback: array('i', [0, 1, 1, 2, 3, 5])
[INFO] [1733761675.549507274] [fibonacci_action_server]: Feedback: array('i', [0, 1, 1, 2, 3, 5, 8])
[INFO] [1733761675.800653764] [fibonacci_action_server]: Feedback: array('i', [0, 1, 1, 2, 3, 5, 8, 13])
[INFO] [1733761676.051854602] [fibonacci_action_server]: Feedback: array('i', [0, 1, 1, 2, 3, 5, 8, 13, 21])
[INFO] [1733761676.302913404] [fibonacci_action_server]: Feedback: array('i', [0, 1, 1, 2, 3, 5, 8, 13, 21, 34])
[INFO] [1733761676.554110676] [fibonacci_action_server]: Feedback: array('i', [0, 1, 1, 2, 3, 5, 8, 13, 21, 34, 55])
[INFO] [1733761676.807133491] [fibonacci_action_server]: Executing goal...
[INFO] [1733761676.807729148] [fibonacci_action_server]: Feedback: array('i', [0, 1, 1])
[INFO] [1733761677.058733676] [fibonacci_action_server]: Feedback: array('i', [0, 1, 1, 2])
[INFO] [1733761677.309950751] [fibonacci_action_server]: Feedback: array('i', [0, 1, 1, 2, 3])
[INFO] [1733761677.560866988] [fibonacci_action_server]: Feedback: array('i', [0, 1, 1, 2, 3, 5])
[INFO] [1733761677.812254620] [fibonacci_action_server]: Feedback: array('i', [0, 1, 1, 2, 3, 5, 8])
[INFO] [1733761678.063158270] [fibonacci_action_server]: Feedback: array('i', [0, 1, 1, 2, 3, 5, 8, 13])
[INFO] [1733761678.314461577] [fibonacci_action_server]: Feedback: array('i', [0, 1, 1, 2, 3, 5, 8, 13, 21])
[INFO] [1733761678.565453486] [fibonacci_action_server]: Feedback: array('i', [0, 1, 1, 2, 3, 5, 8, 13, 21, 34])
[INFO] [1733761678.816642190] [fibonacci_action_server]: Feedback: array('i', [0, 1, 1, 2, 3, 5, 8, 13, 21, 34, 55])
[INFO] [1733761679.070204617] [fibonacci_action_server]: Executing goal...
[INFO] [1733761679.070831120] [fibonacci_action_server]: Feedback: array('i', [0, 1, 1])
[INFO] [1733761679.321851037] [fibonacci_action_server]: Feedback: array('i', [0, 1, 1, 2])
[INFO] [1733761679.572904636] [fibonacci_action_server]: Feedback: array('i', [0, 1, 1, 2, 3])
[INFO] [1733761679.824087712] [fibonacci_action_server]: Feedback: array('i', [0, 1, 1, 2, 3, 5])
[INFO] [1733761680.075465529] [fibonacci_action_server]: Feedback: array('i', [0, 1, 1, 2, 3, 5, 8])
[INFO] [1733761680.326542932] [fibonacci_action_server]: Feedback: array('i', [0, 1, 1, 2, 3, 5, 8, 13])
[INFO] [1733761680.577785841] [fibonacci_action_server]: Feedback: array('i', [0, 1, 1, 2, 3, 5, 8, 13, 21])
[INFO] [1733761680.829042143] [fibonacci_action_server]: Feedback: array('i', [0, 1, 1, 2, 3, 5, 8, 13, 21, 34])
[INFO] [1733761681.080130671] [fibonacci_action_server]: Feedback: array('i', [0, 1, 1, 2, 3, 5, 8, 13, 21, 34, 55])
[INFO] [1733761681.333584358] [fibonacci_action_server]: Executing goal...
[INFO] [1733761681.334201336] [fibonacci_action_server]: Feedback: array('i', [0, 1, 1])
[INFO] [1733761681.585410170] [fibonacci_action_server]: Feedback: array('i', [0, 1, 1, 2])
[INFO] [1733761681.836671266] [fibonacci_action_server]: Feedback: array('i', [0, 1, 1, 2, 3])
[INFO] [1733761682.087715522] [fibonacci_action_server]: Feedback: array('i', [0, 1, 1, 2, 3, 5])
[INFO] [1733761682.338650487] [fibonacci_action_server]: Feedback: array('i', [0, 1, 1, 2, 3, 5, 8])
[INFO] [1733761682.589937549] [fibonacci_action_server]: Feedback: array('i', [0, 1, 1, 2, 3, 5, 8, 13])
[INFO] [1733761682.840869414] [fibonacci_action_server]: Feedback: array('i', [0, 1, 1, 2, 3, 5, 8, 13, 21])
[INFO] [1733761683.092267911] [fibonacci_action_server]: Feedback: array('i', [0, 1, 1, 2, 3, 5, 8, 13, 21, 34])
[INFO] [1733761683.343196046] [fibonacci_action_server]: Feedback: array('i', [0, 1, 1, 2, 3, 5, 8, 13, 21, 34, 55])
[INFO] [1733761683.595564620] [fibonacci_action_server]: Executing goal...
[INFO] [1733761683.595959165] [fibonacci_action_server]: Feedback: array('i', [0, 1, 1])
[INFO] [1733761683.846908360] [fibonacci_action_server]: Feedback: array('i', [0, 1, 1, 2])
[INFO] [1733761684.098037322] [fibonacci_action_server]: Feedback: array('i', [0, 1, 1, 2, 3])
[INFO] [1733761684.349428580] [fibonacci_action_server]: Feedback: array('i', [0, 1, 1, 2, 3, 5])
[INFO] [1733761684.600619641] [fibonacci_action_server]: Feedback: array('i', [0, 1, 1, 2, 3, 5, 8])
[INFO] [1733761684.851883109] [fibonacci_action_server]: Feedback: array('i', [0, 1, 1, 2, 3, 5, 8, 13])
[INFO] [1733761685.102865437] [fibonacci_action_server]: Feedback: array('i', [0, 1, 1, 2, 3, 5, 8, 13, 21])
[INFO] [1733761685.354090305] [fibonacci_action_server]: Feedback: array('i', [0, 1, 1, 2, 3, 5, 8, 13, 21, 34])
[INFO] [1733761685.605152489] [fibonacci_action_server]: Feedback: array('i', [0, 1, 1, 2, 3, 5, 8, 13, 21, 34, 55])
[INFO] [1733761685.858658337] [fibonacci_action_server]: Executing goal...
[INFO] [1733761685.859267359] [fibonacci_action_server]: Feedback: array('i', [0, 1, 1])
[INFO] [1733761686.110231488] [fibonacci_action_server]: Feedback: array('i', [0, 1, 1, 2])
[INFO] [1733761686.361347497] [fibonacci_action_server]: Feedback: array('i', [0, 1, 1, 2, 3])
[INFO] [1733761686.612523038] [fibonacci_action_server]: Feedback: array('i', [0, 1, 1, 2, 3, 5])
[INFO] [1733761686.863514851] [fibonacci_action_server]: Feedback: array('i', [0, 1, 1, 2, 3, 5, 8])
[INFO] [1733761687.114355005] [fibonacci_action_server]: Feedback: array('i', [0, 1, 1, 2, 3, 5, 8, 13])
[INFO] [1733761687.365529312] [fibonacci_action_server]: Feedback: array('i', [0, 1, 1, 2, 3, 5, 8, 13, 21])
[INFO] [1733761687.616460112] [fibonacci_action_server]: Feedback: array('i', [0, 1, 1, 2, 3, 5, 8, 13, 21, 34])
[INFO] [1733761687.867767012] [fibonacci_action_server]: Feedback: array('i', [0, 1, 1, 2, 3, 5, 8, 13, 21, 34, 55])
[INFO] [1733761688.120000687] [fibonacci_action_server]: Executing goal...
[INFO] [1733761688.120378670] [fibonacci_action_server]: Feedback: array('i', [0, 1, 1])
[INFO] [1733761688.371395560] [fibonacci_action_server]: Feedback: array('i', [0, 1, 1, 2])
[INFO] [1733761688.622519286] [fibonacci_action_server]: Feedback: array('i', [0, 1, 1, 2, 3])
[INFO] [1733761688.873494946] [fibonacci_action_server]: Feedback: array('i', [0, 1, 1, 2, 3, 5])
[INFO] [1733761689.124694017] [fibonacci_action_server]: Feedback: array('i', [0, 1, 1, 2, 3, 5, 8])
[INFO] [1733761689.375890901] [fibonacci_action_server]: Feedback: array('i', [0, 1, 1, 2, 3, 5, 8, 13])
[INFO] [1733761689.627274128] [fibonacci_action_server]: Feedback: array('i', [0, 1, 1, 2, 3, 5, 8, 13, 21])
[INFO] [1733761689.878271251] [fibonacci_action_server]: Feedback: array('i', [0, 1, 1, 2, 3, 5, 8, 13, 21, 34])
[INFO] [1733761690.129534612] [fibonacci_action_server]: Feedback: array('i', [0, 1, 1, 2, 3, 5, 8, 13, 21, 34, 55])
[INFO] [1733761690.382404828] [fibonacci_action_server]: Executing goal...
[INFO] [1733761690.382777534] [fibonacci_action_server]: Feedback: array('i', [0, 1, 1])
[INFO] [1733761690.633584592] [fibonacci_action_server]: Feedback: array('i', [0, 1, 1, 2])
[INFO] [1733761690.884490792] [fibonacci_action_server]: Feedback: array('i', [0, 1, 1, 2, 3])
[INFO] [1733761691.135455082] [fibonacci_action_server]: Feedback: array('i', [0, 1, 1, 2, 3, 5])
[INFO] [1733761691.386493124] [fibonacci_action_server]: Feedback: array('i', [0, 1, 1, 2, 3, 5, 8])
[INFO] [1733761691.637520410] [fibonacci_action_server]: Feedback: array('i', [0, 1, 1, 2, 3, 5, 8, 13])
[INFO] [1733761691.888430243] [fibonacci_action_server]: Feedback: array('i', [0, 1, 1, 2, 3, 5, 8, 13, 21])
[INFO] [1733761692.139778381] [fibonacci_action_server]: Feedback: array('i', [0, 1, 1, 2, 3, 5, 8, 13, 21, 34])
[INFO] [1733761692.390859120] [fibonacci_action_server]: Feedback: array('i', [0, 1, 1, 2, 3, 5, 8, 13, 21, 34, 55])
[INFO] [1733761692.643563545] [fibonacci_action_server]: Executing goal...
[INFO] [1733761692.643971293] [fibonacci_action_server]: Feedback: array('i', [0, 1, 1])
[INFO] [1733761692.894727348] [fibonacci_action_server]: Feedback: array('i', [0, 1, 1, 2])
[INFO] [1733761693.145978158] [fibonacci_action_server]: Feedback: array('i', [0, 1, 1, 2, 3])
[INFO] [1733761693.397212886] [fibonacci_action_server]: Feedback: array('i', [0, 1, 1, 2, 3, 5])
[INFO] [1733761693.648484396] [fibonacci_action_server]: Feedback: array('i', [0, 1, 1, 2, 3, 5, 8])
[INFO] [1733761693.899666531] [fibonacci_action_server]: Feedback: array('i', [0, 1, 1, 2, 3, 5, 8, 13])
[INFO] [1733761694.150712822] [fibonacci_action_server]: Feedback: array('i', [0, 1, 1, 2, 3, 5, 8, 13, 21])
[INFO] [1733761694.401697232] [fibonacci_action_server]: Feedback: array('i', [0, 1, 1, 2, 3, 5, 8, 13, 21, 34])
[INFO] [1733761694.652770705] [fibonacci_action_server]: Feedback: array('i', [0, 1, 1, 2, 3, 5, 8, 13, 21, 34, 55])
[INFO] [1733761694.905626985] [fibonacci_action_server]: Executing goal...
[INFO] [1733761694.906001179] [fibonacci_action_server]: Feedback: array('i', [0, 1, 1])
[INFO] [1733761695.157228134] [fibonacci_action_server]: Feedback: array('i', [0, 1, 1, 2])
[INFO] [1733761695.408449820] [fibonacci_action_server]: Feedback: array('i', [0, 1, 1, 2, 3])
[INFO] [1733761695.659628531] [fibonacci_action_server]: Feedback: array('i', [0, 1, 1, 2, 3, 5])
[INFO] [1733761695.910781463] [fibonacci_action_server]: Feedback: array('i', [0, 1, 1, 2, 3, 5, 8])
[INFO] [1733761696.161733068] [fibonacci_action_server]: Feedback: array('i', [0, 1, 1, 2, 3, 5, 8, 13])
[INFO] [1733761696.412888678] [fibonacci_action_server]: Feedback: array('i', [0, 1, 1, 2, 3, 5, 8, 13, 21])
[INFO] [1733761696.664004832] [fibonacci_action_server]: Feedback: array('i', [0, 1, 1, 2, 3, 5, 8, 13, 21, 34])
[INFO] [1733761696.915311023] [fibonacci_action_server]: Feedback: array('i', [0, 1, 1, 2, 3, 5, 8, 13, 21, 34, 55])
[INFO] [1733761697.168433853] [fibonacci_action_server]: Executing goal...
[INFO] [1733761697.169069614] [fibonacci_action_server]: Feedback: array('i', [0, 1, 1])
[INFO] [1733761697.420233841] [fibonacci_action_server]: Feedback: array('i', [0, 1, 1, 2])
[INFO] [1733761697.671294827] [fibonacci_action_server]: Feedback: array('i', [0, 1, 1, 2, 3])
[INFO] [1733761697.922377159] [fibonacci_action_server]: Feedback: array('i', [0, 1, 1, 2, 3, 5])
[INFO] [1733761698.173661322] [fibonacci_action_server]: Feedback: array('i', [0, 1, 1, 2, 3, 5, 8])
[INFO] [1733761698.424865551] [fibonacci_action_server]: Feedback: array('i', [0, 1, 1, 2, 3, 5, 8, 13])
[INFO] [1733761698.675850477] [fibonacci_action_server]: Feedback: array('i', [0, 1, 1, 2, 3, 5, 8, 13, 21])
[INFO] [1733761698.926875179] [fibonacci_action_server]: Feedback: array('i', [0, 1, 1, 2, 3, 5, 8, 13, 21, 34])
[INFO] [1733761699.177774823] [fibonacci_action_server]: Feedback: array('i', [0, 1, 1, 2, 3, 5, 8, 13, 21, 34, 55])
[INFO] [1733761699.430570738] [fibonacci_action_server]: Executing goal...
[INFO] [1733761699.430963519] [fibonacci_action_server]: Feedback: array('i', [0, 1, 1])
[INFO] [1733761699.682169462] [fibonacci_action_server]: Feedback: array('i', [0, 1, 1, 2])
[INFO] [1733761699.933246389] [fibonacci_action_server]: Feedback: array('i', [0, 1, 1, 2, 3])
[INFO] [1733761700.184233568] [fibonacci_action_server]: Feedback: array('i', [0, 1, 1, 2, 3, 5])
[INFO] [1733761700.435517450] [fibonacci_action_server]: Feedback: array('i', [0, 1, 1, 2, 3, 5, 8])
[INFO] [1733761700.686562139] [fibonacci_action_server]: Feedback: array('i', [0, 1, 1, 2, 3, 5, 8, 13])
[INFO] [1733761700.937463073] [fibonacci_action_server]: Feedback: array('i', [0, 1, 1, 2, 3, 5, 8, 13, 21])
[INFO] [1733761701.188522901] [fibonacci_action_server]: Feedback: array('i', [0, 1, 1, 2, 3, 5, 8, 13, 21, 34])
[INFO] [1733761701.439470888] [fibonacci_action_server]: Feedback: array('i', [0, 1, 1, 2, 3, 5, 8, 13, 21, 34, 55])
[INFO] [1733761701.692739582] [fibonacci_action_server]: Executing goal...
[INFO] [1733761701.693367179] [fibonacci_action_server]: Feedback: array('i', [0, 1, 1])
[INFO] [1733761701.944486302] [fibonacci_action_server]: Feedback: array('i', [0, 1, 1, 2])
[INFO] [1733761702.195679954] [fibonacci_action_server]: Feedback: array('i', [0, 1, 1, 2, 3])
[INFO] [1733761702.446832300] [fibonacci_action_server]: Feedback: array('i', [0, 1, 1, 2, 3, 5])
[INFO] [1733761702.697805190] [fibonacci_action_server]: Feedback: array('i', [0, 1, 1, 2, 3, 5, 8])
[INFO] [1733761702.948810785] [fibonacci_action_server]: Feedback: array('i', [0, 1, 1, 2, 3, 5, 8, 13])
[INFO] [1733761703.199754886] [fibonacci_action_server]: Feedback: array('i', [0, 1, 1, 2, 3, 5, 8, 13, 21])
[INFO] [1733761703.450942556] [fibonacci_action_server]: Feedback: array('i', [0, 1, 1, 2, 3, 5, 8, 13, 21, 34])
[INFO] [1733761703.701771506] [fibonacci_action_server]: Feedback: array('i', [0, 1, 1, 2, 3, 5, 8, 13, 21, 34, 55])
[INFO] [1733761703.954003212] [fibonacci_action_server]: Executing goal...
[INFO] [1733761703.954461113] [fibonacci_action_server]: Feedback: array('i', [0, 1, 1])
[INFO] [1733761704.205344929] [fibonacci_action_server]: Feedback: array('i', [0, 1, 1, 2])
[INFO] [1733761704.456451542] [fibonacci_action_server]: Feedback: array('i', [0, 1, 1, 2, 3])
[INFO] [1733761704.707640108] [fibonacci_action_server]: Feedback: array('i', [0, 1, 1, 2, 3, 5])
[INFO] [1733761704.959023916] [fibonacci_action_server]: Feedback: array('i', [0, 1, 1, 2, 3, 5, 8])
[INFO] [1733761705.209732702] [fibonacci_action_server]: Feedback: array('i', [0, 1, 1, 2, 3, 5, 8, 13])
[INFO] [1733761705.461005312] [fibonacci_action_server]: Feedback: array('i', [0, 1, 1, 2, 3, 5, 8, 13, 21])
[INFO] [1733761705.711950298] [fibonacci_action_server]: Feedback: array('i', [0, 1, 1, 2, 3, 5, 8, 13, 21, 34])
[INFO] [1733761705.962990305] [fibonacci_action_server]: Feedback: array('i', [0, 1, 1, 2, 3, 5, 8, 13, 21, 34, 55])
[INFO] [1733761706.215857586] [fibonacci_action_server]: Executing goal...
[INFO] [1733761706.216448000] [fibonacci_action_server]: Feedback: array('i', [0, 1, 1])
[INFO] [1733761706.467485326] [fibonacci_action_server]: Feedback: array('i', [0, 1, 1, 2])
[INFO] [1733761706.718520029] [fibonacci_action_server]: Feedback: array('i', [0, 1, 1, 2, 3])
[INFO] [1733761706.969912134] [fibonacci_action_server]: Feedback: array('i', [0, 1, 1, 2, 3, 5])
[INFO] [1733761707.221191579] [fibonacci_action_server]: Feedback: array('i', [0, 1, 1, 2, 3, 5, 8])
[INFO] [1733761707.472479275] [fibonacci_action_server]: Feedback: array('i', [0, 1, 1, 2, 3, 5, 8, 13])
[INFO] [1733761707.723642090] [fibonacci_action_server]: Feedback: array('i', [0, 1, 1, 2, 3, 5, 8, 13, 21])
[INFO] [1733761707.975022554] [fibonacci_action_server]: Feedback: array('i', [0, 1, 1, 2, 3, 5, 8, 13, 21, 34])
[INFO] [1733761708.225792066] [fibonacci_action_server]: Feedback: array('i', [0, 1, 1, 2, 3, 5, 8, 13, 21, 34, 55])
[INFO] [1733761708.479452469] [fibonacci_action_server]: Executing goal...
[INFO] [1733761708.480040861] [fibonacci_action_server]: Feedback: array('i', [0, 1, 1])
[INFO] [1733761708.730979085] [fibonacci_action_server]: Feedback: array('i', [0, 1, 1, 2])
[INFO] [1733761708.982116485] [fibonacci_action_server]: Feedback: array('i', [0, 1, 1, 2, 3])
[INFO] [1733761709.233058322] [fibonacci_action_server]: Feedback: array('i', [0, 1, 1, 2, 3, 5])
[INFO] [1733761709.484152757] [fibonacci_action_server]: Feedback: array('i', [0, 1, 1, 2, 3, 5, 8])
[INFO] [1733761709.735357736] [fibonacci_action_server]: Feedback: array('i', [0, 1, 1, 2, 3, 5, 8, 13])
[INFO] [1733761709.986454812] [fibonacci_action_server]: Feedback: array('i', [0, 1, 1, 2, 3, 5, 8, 13, 21])
[INFO] [1733761710.237725778] [fibonacci_action_server]: Feedback: array('i', [0, 1, 1, 2, 3, 5, 8, 13, 21, 34])
[INFO] [1733761710.488611887] [fibonacci_action_server]: Feedback: array('i', [0, 1, 1, 2, 3, 5, 8, 13, 21, 34, 55])
[INFO] [1733761710.742011782] [fibonacci_action_server]: Executing goal...
[INFO] [1733761710.742601248] [fibonacci_action_server]: Feedback: array('i', [0, 1, 1])
[INFO] [1733761710.993597307] [fibonacci_action_server]: Feedback: array('i', [0, 1, 1, 2])
[INFO] [1733761711.244802414] [fibonacci_action_server]: Feedback: array('i', [0, 1, 1, 2, 3])
[INFO] [1733761711.496138287] [fibonacci_action_server]: Feedback: array('i', [0, 1, 1, 2, 3, 5])
[INFO] [1733761711.747216432] [fibonacci_action_server]: Feedback: array('i', [0, 1, 1, 2, 3, 5, 8])
[INFO] [1733761711.998118364] [fibonacci_action_server]: Feedback: array('i', [0, 1, 1, 2, 3, 5, 8, 13])
[INFO] [1733761712.249468860] [fibonacci_action_server]: Feedback: array('i', [0, 1, 1, 2, 3, 5, 8, 13, 21])
[INFO] [1733761712.500885448] [fibonacci_action_server]: Feedback: array('i', [0, 1, 1, 2, 3, 5, 8, 13, 21, 34])
[INFO] [1733761712.751795279] [fibonacci_action_server]: Feedback: array('i', [0, 1, 1, 2, 3, 5, 8, 13, 21, 34, 55])
[INFO] [1733761713.004329372] [fibonacci_action_server]: Executing goal...
[INFO] [1733761713.004696068] [fibonacci_action_server]: Feedback: array('i', [0, 1, 1])
[INFO] [1733761713.255622006] [fibonacci_action_server]: Feedback: array('i', [0, 1, 1, 2])
[INFO] [1733761713.506698108] [fibonacci_action_server]: Feedback: array('i', [0, 1, 1, 2, 3])
[INFO] [1733761713.757888335] [fibonacci_action_server]: Feedback: array('i', [0, 1, 1, 2, 3, 5])
[INFO] [1733761714.009125033] [fibonacci_action_server]: Feedback: array('i', [0, 1, 1, 2, 3, 5, 8])
[INFO] [1733761714.260384990] [fibonacci_action_server]: Feedback: array('i', [0, 1, 1, 2, 3, 5, 8, 13])
[INFO] [1733761714.511472306] [fibonacci_action_server]: Feedback: array('i', [0, 1, 1, 2, 3, 5, 8, 13, 21])
[INFO] [1733761714.762681009] [fibonacci_action_server]: Feedback: array('i', [0, 1, 1, 2, 3, 5, 8, 13, 21, 34])
[INFO] [1733761715.013953471] [fibonacci_action_server]: Feedback: array('i', [0, 1, 1, 2, 3, 5, 8, 13, 21, 34, 55])
[INFO] [1733761715.266960016] [fibonacci_action_server]: Executing goal...
[INFO] [1733761715.267595491] [fibonacci_action_server]: Feedback: array('i', [0, 1, 1])
[INFO] [1733761715.518613624] [fibonacci_action_server]: Feedback: array('i', [0, 1, 1, 2])
[INFO] [1733761715.769600275] [fibonacci_action_server]: Feedback: array('i', [0, 1, 1, 2, 3])
[INFO] [1733761716.020814604] [fibonacci_action_server]: Feedback: array('i', [0, 1, 1, 2, 3, 5])
[INFO] [1733761716.271863670] [fibonacci_action_server]: Feedback: array('i', [0, 1, 1, 2, 3, 5, 8])
[INFO] [1733761716.523031360] [fibonacci_action_server]: Feedback: array('i', [0, 1, 1, 2, 3, 5, 8, 13])
[INFO] [1733761716.773778995] [fibonacci_action_server]: Feedback: array('i', [0, 1, 1, 2, 3, 5, 8, 13, 21])
[INFO] [1733761717.025069418] [fibonacci_action_server]: Feedback: array('i', [0, 1, 1, 2, 3, 5, 8, 13, 21, 34])
[INFO] [1733761717.276284062] [fibonacci_action_server]: Feedback: array('i', [0, 1, 1, 2, 3, 5, 8, 13, 21, 34, 55])
[INFO] [1733761717.528652363] [fibonacci_action_server]: Executing goal...
[INFO] [1733761717.529028512] [fibonacci_action_server]: Feedback: array('i', [0, 1, 1])
[INFO] [1733761717.780077362] [fibonacci_action_server]: Feedback: array('i', [0, 1, 1, 2])
[INFO] [1733761718.031130217] [fibonacci_action_server]: Feedback: array('i', [0, 1, 1, 2, 3])
[INFO] [1733761718.282117429] [fibonacci_action_server]: Feedback: array('i', [0, 1, 1, 2, 3, 5])
[INFO] [1733761718.533459021] [fibonacci_action_server]: Feedback: array('i', [0, 1, 1, 2, 3, 5, 8])
[INFO] [1733761718.784640962] [fibonacci_action_server]: Feedback: array('i', [0, 1, 1, 2, 3, 5, 8, 13])
[INFO] [1733761719.035909233] [fibonacci_action_server]: Feedback: array('i', [0, 1, 1, 2, 3, 5, 8, 13, 21])
[INFO] [1733761719.286860858] [fibonacci_action_server]: Feedback: array('i', [0, 1, 1, 2, 3, 5, 8, 13, 21, 34])
[INFO] [1733761719.538163815] [fibonacci_action_server]: Feedback: array('i', [0, 1, 1, 2, 3, 5, 8, 13, 21, 34, 55])
[INFO] [1733761719.791208912] [fibonacci_action_server]: Executing goal...
[INFO] [1733761719.791604438] [fibonacci_action_server]: Feedback: array('i', [0, 1, 1])
[INFO] [1733761720.042433017] [fibonacci_action_server]: Feedback: array('i', [0, 1, 1, 2])
[INFO] [1733761720.293856193] [fibonacci_action_server]: Feedback: array('i', [0, 1, 1, 2, 3])
[INFO] [1733761720.544732578] [fibonacci_action_server]: Feedback: array('i', [0, 1, 1, 2, 3, 5])
[INFO] [1733761720.795889039] [fibonacci_action_server]: Feedback: array('i', [0, 1, 1, 2, 3, 5, 8])
[INFO] [1733761721.046887565] [fibonacci_action_server]: Feedback: array('i', [0, 1, 1, 2, 3, 5, 8, 13])
[INFO] [1733761721.297884396] [fibonacci_action_server]: Feedback: array('i', [0, 1, 1, 2, 3, 5, 8, 13, 21])
[INFO] [1733761721.549262238] [fibonacci_action_server]: Feedback: array('i', [0, 1, 1, 2, 3, 5, 8, 13, 21, 34])
[INFO] [1733761721.800542510] [fibonacci_action_server]: Feedback: array('i', [0, 1, 1, 2, 3, 5, 8, 13, 21, 34, 55])
[INFO] [1733761722.053420591] [fibonacci_action_server]: Executing goal...
[INFO] [1733761722.053862079] [fibonacci_action_server]: Feedback: array('i', [0, 1, 1])
[INFO] [1733761722.304882700] [fibonacci_action_server]: Feedback: array('i', [0, 1, 1, 2])
[INFO] [1733761722.556251405] [fibonacci_action_server]: Feedback: array('i', [0, 1, 1, 2, 3])
[INFO] [1733761722.807601841] [fibonacci_action_server]: Feedback: array('i', [0, 1, 1, 2, 3, 5])
[INFO] [1733761723.058746535] [fibonacci_action_server]: Feedback: array('i', [0, 1, 1, 2, 3, 5, 8])
[INFO] [1733761723.309995507] [fibonacci_action_server]: Feedback: array('i', [0, 1, 1, 2, 3, 5, 8, 13])
[INFO] [1733761723.561228161] [fibonacci_action_server]: Feedback: array('i', [0, 1, 1, 2, 3, 5, 8, 13, 21])
[INFO] [1733761723.812537919] [fibonacci_action_server]: Feedback: array('i', [0, 1, 1, 2, 3, 5, 8, 13, 21, 34])
[INFO] [1733761724.063744956] [fibonacci_action_server]: Feedback: array('i', [0, 1, 1, 2, 3, 5, 8, 13, 21, 34, 55])
[INFO] [1733761724.316390567] [fibonacci_action_server]: Executing goal...
[INFO] [1733761724.316754410] [fibonacci_action_server]: Feedback: array('i', [0, 1, 1])
[INFO] [1733761724.567553591] [fibonacci_action_server]: Feedback: array('i', [0, 1, 1, 2])
[INFO] [1733761724.818465178] [fibonacci_action_server]: Feedback: array('i', [0, 1, 1, 2, 3])
[INFO] [1733761725.069836662] [fibonacci_action_server]: Feedback: array('i', [0, 1, 1, 2, 3, 5])
[INFO] [1733761725.320745576] [fibonacci_action_server]: Feedback: array('i', [0, 1, 1, 2, 3, 5, 8])
[INFO] [1733761725.572007672] [fibonacci_action_server]: Feedback: array('i', [0, 1, 1, 2, 3, 5, 8, 13])
[INFO] [1733761725.822919936] [fibonacci_action_server]: Feedback: array('i', [0, 1, 1, 2, 3, 5, 8, 13, 21])
[INFO] [1733761726.073887822] [fibonacci_action_server]: Feedback: array('i', [0, 1, 1, 2, 3, 5, 8, 13, 21, 34])
[INFO] [1733761726.325186322] [fibonacci_action_server]: Feedback: array('i', [0, 1, 1, 2, 3, 5, 8, 13, 21, 34, 55])
[INFO] [1733761726.578672949] [fibonacci_action_server]: Executing goal...
[INFO] [1733761726.579303301] [fibonacci_action_server]: Feedback: array('i', [0, 1, 1])
[INFO] [1733761726.830126791] [fibonacci_action_server]: Feedback: array('i', [0, 1, 1, 2])
[INFO] [1733761727.081453845] [fibonacci_action_server]: Feedback: array('i', [0, 1, 1, 2, 3])
[INFO] [1733761727.332387346] [fibonacci_action_server]: Feedback: array('i', [0, 1, 1, 2, 3, 5])
[INFO] [1733761727.583262485] [fibonacci_action_server]: Feedback: array('i', [0, 1, 1, 2, 3, 5, 8])
[INFO] [1733761727.834133297] [fibonacci_action_server]: Feedback: array('i', [0, 1, 1, 2, 3, 5, 8, 13])
[INFO] [1733761728.085565336] [fibonacci_action_server]: Feedback: array('i', [0, 1, 1, 2, 3, 5, 8, 13, 21])
[INFO] [1733761728.336816608] [fibonacci_action_server]: Feedback: array('i', [0, 1, 1, 2, 3, 5, 8, 13, 21, 34])
[INFO] [1733761728.587998852] [fibonacci_action_server]: Feedback: array('i', [0, 1, 1, 2, 3, 5, 8, 13, 21, 34, 55])
[INFO] [1733761728.841384534] [fibonacci_action_server]: Executing goal...
[INFO] [1733761728.841993772] [fibonacci_action_server]: Feedback: array('i', [0, 1, 1])
[INFO] [1733761729.093121267] [fibonacci_action_server]: Feedback: array('i', [0, 1, 1, 2])
[INFO] [1733761729.344073927] [fibonacci_action_server]: Feedback: array('i', [0, 1, 1, 2, 3])
[INFO] [1733761729.595137614] [fibonacci_action_server]: Feedback: array('i', [0, 1, 1, 2, 3, 5])
[INFO] [1733761729.846308821] [fibonacci_action_server]: Feedback: array('i', [0, 1, 1, 2, 3, 5, 8])
[INFO] [1733761730.097209415] [fibonacci_action_server]: Feedback: array('i', [0, 1, 1, 2, 3, 5, 8, 13])
[INFO] [1733761730.348571589] [fibonacci_action_server]: Feedback: array('i', [0, 1, 1, 2, 3, 5, 8, 13, 21])
[INFO] [1733761730.599508524] [fibonacci_action_server]: Feedback: array('i', [0, 1, 1, 2, 3, 5, 8, 13, 21, 34])
[INFO] [1733761730.850403459] [fibonacci_action_server]: Feedback: array('i', [0, 1, 1, 2, 3, 5, 8, 13, 21, 34, 55])
[INFO] [1733761731.103169761] [fibonacci_action_server]: Executing goal...
[INFO] [1733761731.103696761] [fibonacci_action_server]: Feedback: array('i', [0, 1, 1])
[INFO] [1733761731.354716578] [fibonacci_action_server]: Feedback: array('i', [0, 1, 1, 2])
[INFO] [1733761731.605981333] [fibonacci_action_server]: Feedback: array('i', [0, 1, 1, 2, 3])
[INFO] [1733761731.857250615] [fibonacci_action_server]: Feedback: array('i', [0, 1, 1, 2, 3, 5])
[INFO] [1733761732.108710597] [fibonacci_action_server]: Feedback: array('i', [0, 1, 1, 2, 3, 5, 8])
[INFO] [1733761732.359701546] [fibonacci_action_server]: Feedback: array('i', [0, 1, 1, 2, 3, 5, 8, 13])
[INFO] [1733761732.610783280] [fibonacci_action_server]: Feedback: array('i', [0, 1, 1, 2, 3, 5, 8, 13, 21])
[INFO] [1733761732.862041634] [fibonacci_action_server]: Feedback: array('i', [0, 1, 1, 2, 3, 5, 8, 13, 21, 34])
[INFO] [1733761733.113382070] [fibonacci_action_server]: Feedback: array('i', [0, 1, 1, 2, 3, 5, 8, 13, 21, 34, 55])
[INFO] [1733761733.367146022] [fibonacci_action_server]: Executing goal...
[INFO] [1733761733.367750106] [fibonacci_action_server]: Feedback: array('i', [0, 1, 1])
[INFO] [1733761733.618824817] [fibonacci_action_server]: Feedback: array('i', [0, 1, 1, 2])
[INFO] [1733761733.870118097] [fibonacci_action_server]: Feedback: array('i', [0, 1, 1, 2, 3])
[INFO] [1733761734.121206314] [fibonacci_action_server]: Feedback: array('i', [0, 1, 1, 2, 3, 5])
[INFO] [1733761734.372397110] [fibonacci_action_server]: Feedback: array('i', [0, 1, 1, 2, 3, 5, 8])
[INFO] [1733761734.623585985] [fibonacci_action_server]: Feedback: array('i', [0, 1, 1, 2, 3, 5, 8, 13])
[INFO] [1733761734.874476497] [fibonacci_action_server]: Feedback: array('i', [0, 1, 1, 2, 3, 5, 8, 13, 21])
[INFO] [1733761735.125663809] [fibonacci_action_server]: Feedback: array('i', [0, 1, 1, 2, 3, 5, 8, 13, 21, 34])
[INFO] [1733761735.376637551] [fibonacci_action_server]: Feedback: array('i', [0, 1, 1, 2, 3, 5, 8, 13, 21, 34, 55])
[INFO] [1733761735.630094116] [fibonacci_action_server]: Executing goal...
[INFO] [1733761735.630698398] [fibonacci_action_server]: Feedback: array('i', [0, 1, 1])
[INFO] [1733761735.881524993] [fibonacci_action_server]: Feedback: array('i', [0, 1, 1, 2])
[INFO] [1733761736.132882177] [fibonacci_action_server]: Feedback: array('i', [0, 1, 1, 2, 3])
[INFO] [1733761736.384161524] [fibonacci_action_server]: Feedback: array('i', [0, 1, 1, 2, 3, 5])
[INFO] [1733761736.635323608] [fibonacci_action_server]: Feedback: array('i', [0, 1, 1, 2, 3, 5, 8])
[INFO] [1733761736.886245763] [fibonacci_action_server]: Feedback: array('i', [0, 1, 1, 2, 3, 5, 8, 13])
[INFO] [1733761737.137532432] [fibonacci_action_server]: Feedback: array('i', [0, 1, 1, 2, 3, 5, 8, 13, 21])
[INFO] [1733761737.388820087] [fibonacci_action_server]: Feedback: array('i', [0, 1, 1, 2, 3, 5, 8, 13, 21, 34])
[INFO] [1733761737.639698980] [fibonacci_action_server]: Feedback: array('i', [0, 1, 1, 2, 3, 5, 8, 13, 21, 34, 55])
[INFO] [1733761737.892920155] [fibonacci_action_server]: Executing goal...
[INFO] [1733761737.893554365] [fibonacci_action_server]: Feedback: array('i', [0, 1, 1])
[INFO] [1733761738.144702710] [fibonacci_action_server]: Feedback: array('i', [0, 1, 1, 2])
[INFO] [1733761738.395919539] [fibonacci_action_server]: Feedback: array('i', [0, 1, 1, 2, 3])
[INFO] [1733761738.646804703] [fibonacci_action_server]: Feedback: array('i', [0, 1, 1, 2, 3, 5])
[INFO] [1733761738.897873745] [fibonacci_action_server]: Feedback: array('i', [0, 1, 1, 2, 3, 5, 8])
[INFO] [1733761739.149039779] [fibonacci_action_server]: Feedback: array('i', [0, 1, 1, 2, 3, 5, 8, 13])
[INFO] [1733761739.400073237] [fibonacci_action_server]: Feedback: array('i', [0, 1, 1, 2, 3, 5, 8, 13, 21])
[INFO] [1733761739.651116901] [fibonacci_action_server]: Feedback: array('i', [0, 1, 1, 2, 3, 5, 8, 13, 21, 34])
[INFO] [1733761739.902298753] [fibonacci_action_server]: Feedback: array('i', [0, 1, 1, 2, 3, 5, 8, 13, 21, 34, 55])
[INFO] [1733761740.154574194] [fibonacci_action_server]: Executing goal...
[INFO] [1733761740.154964018] [fibonacci_action_server]: Feedback: array('i', [0, 1, 1])
[INFO] [1733761740.406177535] [fibonacci_action_server]: Feedback: array('i', [0, 1, 1, 2])
[INFO] [1733761740.657103728] [fibonacci_action_server]: Feedback: array('i', [0, 1, 1, 2, 3])
[INFO] [1733761740.908306354] [fibonacci_action_server]: Feedback: array('i', [0, 1, 1, 2, 3, 5])
[INFO] [1733761741.159222382] [fibonacci_action_server]: Feedback: array('i', [0, 1, 1, 2, 3, 5, 8])
[INFO] [1733761741.410302433] [fibonacci_action_server]: Feedback: array('i', [0, 1, 1, 2, 3, 5, 8, 13])
[INFO] [1733761741.661788259] [fibonacci_action_server]: Feedback: array('i', [0, 1, 1, 2, 3, 5, 8, 13, 21])
[INFO] [1733761741.912790774] [fibonacci_action_server]: Feedback: array('i', [0, 1, 1, 2, 3, 5, 8, 13, 21, 34])
[INFO] [1733761742.164135370] [fibonacci_action_server]: Feedback: array('i', [0, 1, 1, 2, 3, 5, 8, 13, 21, 34, 55])
[INFO] [1733761742.416468010] [fibonacci_action_server]: Executing goal...
[INFO] [1733761742.416830373] [fibonacci_action_server]: Feedback: array('i', [0, 1, 1])
[INFO] [1733761742.667903079] [fibonacci_action_server]: Feedback: array('i', [0, 1, 1, 2])
[INFO] [1733761742.919166192] [fibonacci_action_server]: Feedback: array('i', [0, 1, 1, 2, 3])
[INFO] [1733761743.170084173] [fibonacci_action_server]: Feedback: array('i', [0, 1, 1, 2, 3, 5])
[INFO] [1733761743.421568076] [fibonacci_action_server]: Feedback: array('i', [0, 1, 1, 2, 3, 5, 8])
[INFO] [1733761743.672781340] [fibonacci_action_server]: Feedback: array('i', [0, 1, 1, 2, 3, 5, 8, 13])
[INFO] [1733761743.924025438] [fibonacci_action_server]: Feedback: array('i', [0, 1, 1, 2, 3, 5, 8, 13, 21])
[INFO] [1733761744.174978367] [fibonacci_action_server]: Feedback: array('i', [0, 1, 1, 2, 3, 5, 8, 13, 21, 34])
[INFO] [1733761744.425785364] [fibonacci_action_server]: Feedback: array('i', [0, 1, 1, 2, 3, 5, 8, 13, 21, 34, 55])
[INFO] [1733761744.678679510] [fibonacci_action_server]: Executing goal...
[INFO] [1733761744.679044618] [fibonacci_action_server]: Feedback: array('i', [0, 1, 1])
[INFO] [1733761744.929777734] [fibonacci_action_server]: Feedback: array('i', [0, 1, 1, 2])
[INFO] [1733761745.180921510] [fibonacci_action_server]: Feedback: array('i', [0, 1, 1, 2, 3])
[INFO] [1733761745.432047286] [fibonacci_action_server]: Feedback: array('i', [0, 1, 1, 2, 3, 5])
[INFO] [1733761745.683170991] [fibonacci_action_server]: Feedback: array('i', [0, 1, 1, 2, 3, 5, 8])
[INFO] [1733761745.934050618] [fibonacci_action_server]: Feedback: array('i', [0, 1, 1, 2, 3, 5, 8, 13])
[INFO] [1733761746.184947894] [fibonacci_action_server]: Feedback: array('i', [0, 1, 1, 2, 3, 5, 8, 13, 21])
[INFO] [1733761746.436169307] [fibonacci_action_server]: Feedback: array('i', [0, 1, 1, 2, 3, 5, 8, 13, 21, 34])
[INFO] [1733761746.687404390] [fibonacci_action_server]: Feedback: array('i', [0, 1, 1, 2, 3, 5, 8, 13, 21, 34, 55])
[INFO] [1733761746.940154082] [fibonacci_action_server]: Executing goal...
[INFO] [1733761746.940534233] [fibonacci_action_server]: Feedback: array('i', [0, 1, 1])
[INFO] [1733761747.191589507] [fibonacci_action_server]: Feedback: array('i', [0, 1, 1, 2])
[INFO] [1733761747.442633159] [fibonacci_action_server]: Feedback: array('i', [0, 1, 1, 2, 3])
[INFO] [1733761747.693602234] [fibonacci_action_server]: Feedback: array('i', [0, 1, 1, 2, 3, 5])
[INFO] [1733761747.944768132] [fibonacci_action_server]: Feedback: array('i', [0, 1, 1, 2, 3, 5, 8])
[INFO] [1733761748.195982193] [fibonacci_action_server]: Feedback: array('i', [0, 1, 1, 2, 3, 5, 8, 13])
[INFO] [1733761748.447022892] [fibonacci_action_server]: Feedback: array('i', [0, 1, 1, 2, 3, 5, 8, 13, 21])
[INFO] [1733761748.697917803] [fibonacci_action_server]: Feedback: array('i', [0, 1, 1, 2, 3, 5, 8, 13, 21, 34])
[INFO] [1733761748.949147786] [fibonacci_action_server]: Feedback: array('i', [0, 1, 1, 2, 3, 5, 8, 13, 21, 34, 55])
[INFO] [1733761749.201993508] [fibonacci_action_server]: Shutting down node...
RAPL is set
