[INFO] [1733760330.985814930] [fibonacci_action_client]: Sending goal with order 10
[INFO] [1733760340.012927657] [fibonacci_action_client]: Goal accepted, waiting for result.
[INFO] [1733760340.014182629] [fibonacci_action_client]: Received feedback: array('i', [0, 1, 1])
[INFO] [1733760341.015715938] [fibonacci_action_client]: Received feedback: array('i', [0, 1, 1, 2])
[INFO] [1733760342.017277512] [fibonacci_action_client]: Received feedback: array('i', [0, 1, 1, 2, 3])
[INFO] [1733760343.018980374] [fibonacci_action_client]: Received feedback: array('i', [0, 1, 1, 2, 3, 5])
[INFO] [1733760344.020631333] [fibonacci_action_client]: Received feedback: array('i', [0, 1, 1, 2, 3, 5, 8])
[INFO] [1733760345.022713616] [fibonacci_action_client]: Received feedback: array('i', [0, 1, 1, 2, 3, 5, 8, 13])
[INFO] [1733760346.024632330] [fibonacci_action_client]: Received feedback: array('i', [0, 1, 1, 2, 3, 5, 8, 13, 21])
[INFO] [1733760347.025659867] [fibonacci_action_client]: Received feedback: array('i', [0, 1, 1, 2, 3, 5, 8, 13, 21, 34])
[INFO] [1733760348.026579941] [fibonacci_action_client]: Received feedback: array('i', [0, 1, 1, 2, 3, 5, 8, 13, 21, 34, 55])
[INFO] [1733760349.029651609] [fibonacci_action_client]: Result: array('i', [0, 1, 1, 2, 3, 5, 8, 13, 21, 34, 55])
[INFO] [1733760350.031231837] [fibonacci_action_client]: Sending goal with order 10
[INFO] [1733760358.048909415] [fibonacci_action_client]: Goal accepted, waiting for result.
[INFO] [1733760358.050461423] [fibonacci_action_client]: Received feedback: array('i', [0, 1, 1])
[INFO] [1733760359.052216843] [fibonacci_action_client]: Received feedback: array('i', [0, 1, 1, 2])
[INFO] [1733760360.054370833] [fibonacci_action_client]: Received feedback: array('i', [0, 1, 1, 2, 3])
[INFO] [1733760361.055041635] [fibonacci_action_client]: Received feedback: array('i', [0, 1, 1, 2, 3, 5])
[INFO] [1733760362.057052932] [fibonacci_action_client]: Received feedback: array('i', [0, 1, 1, 2, 3, 5, 8])
[INFO] [1733760363.058877591] [fibonacci_action_client]: Received feedback: array('i', [0, 1, 1, 2, 3, 5, 8, 13])
[INFO] [1733760364.060557862] [fibonacci_action_client]: Received feedback: array('i', [0, 1, 1, 2, 3, 5, 8, 13, 21])
[INFO] [1733760365.062571626] [fibonacci_action_client]: Received feedback: array('i', [0, 1, 1, 2, 3, 5, 8, 13, 21, 34])
[INFO] [1733760366.064468575] [fibonacci_action_client]: Received feedback: array('i', [0, 1, 1, 2, 3, 5, 8, 13, 21, 34, 55])
[INFO] [1733760367.066627926] [fibonacci_action_client]: Result: array('i', [0, 1, 1, 2, 3, 5, 8, 13, 21, 34, 55])
[INFO] [1733760368.068142769] [fibonacci_action_client]: Sending goal with order 10
[INFO] [1733760376.084559044] [fibonacci_action_client]: Goal accepted, waiting for result.
[INFO] [1733760376.085865345] [fibonacci_action_client]: Received feedback: array('i', [0, 1, 1])
[INFO] [1733760377.087980171] [fibonacci_action_client]: Received feedback: array('i', [0, 1, 1, 2])
[INFO] [1733760378.089867941] [fibonacci_action_client]: Received feedback: array('i', [0, 1, 1, 2, 3])
[INFO] [1733760379.091056923] [fibonacci_action_client]: Received feedback: array('i', [0, 1, 1, 2, 3, 5])
[INFO] [1733760380.093097020] [fibonacci_action_client]: Received feedback: array('i', [0, 1, 1, 2, 3, 5, 8])
[INFO] [1733760381.094720176] [fibonacci_action_client]: Received feedback: array('i', [0, 1, 1, 2, 3, 5, 8, 13])
[INFO] [1733760382.096732654] [fibonacci_action_client]: Received feedback: array('i', [0, 1, 1, 2, 3, 5, 8, 13, 21])
[INFO] [1733760383.098872828] [fibonacci_action_client]: Received feedback: array('i', [0, 1, 1, 2, 3, 5, 8, 13, 21, 34])
[INFO] [1733760384.100811027] [fibonacci_action_client]: Received feedback: array('i', [0, 1, 1, 2, 3, 5, 8, 13, 21, 34, 55])
[INFO] [1733760385.103233637] [fibonacci_action_client]: Result: array('i', [0, 1, 1, 2, 3, 5, 8, 13, 21, 34, 55])
[INFO] [1733760386.104889922] [fibonacci_action_client]: Sending goal with order 10
[INFO] [1733760394.119230527] [fibonacci_action_client]: Goal accepted, waiting for result.
[INFO] [1733760394.120604787] [fibonacci_action_client]: Received feedback: array('i', [0, 1, 1])
[INFO] [1733760395.122449165] [fibonacci_action_client]: Received feedback: array('i', [0, 1, 1, 2])
[INFO] [1733760396.124434471] [fibonacci_action_client]: Received feedback: array('i', [0, 1, 1, 2, 3])
[INFO] [1733760397.126005143] [fibonacci_action_client]: Received feedback: array('i', [0, 1, 1, 2, 3, 5])
[INFO] [1733760398.126763326] [fibonacci_action_client]: Received feedback: array('i', [0, 1, 1, 2, 3, 5, 8])
[INFO] [1733760399.128329008] [fibonacci_action_client]: Received feedback: array('i', [0, 1, 1, 2, 3, 5, 8, 13])
[INFO] [1733760400.130305819] [fibonacci_action_client]: Received feedback: array('i', [0, 1, 1, 2, 3, 5, 8, 13, 21])
[INFO] [1733760401.131724274] [fibonacci_action_client]: Received feedback: array('i', [0, 1, 1, 2, 3, 5, 8, 13, 21, 34])
[INFO] [1733760402.133423616] [fibonacci_action_client]: Received feedback: array('i', [0, 1, 1, 2, 3, 5, 8, 13, 21, 34, 55])
[INFO] [1733760403.136097749] [fibonacci_action_client]: Result: array('i', [0, 1, 1, 2, 3, 5, 8, 13, 21, 34, 55])
[INFO] [1733760404.137704388] [fibonacci_action_client]: Sending goal with order 10
[INFO] [1733760412.153199806] [fibonacci_action_client]: Goal accepted, waiting for result.
[INFO] [1733760412.155191405] [fibonacci_action_client]: Received feedback: array('i', [0, 1, 1])
[INFO] [1733760413.157146765] [fibonacci_action_client]: Received feedback: array('i', [0, 1, 1, 2])
[INFO] [1733760414.159184459] [fibonacci_action_client]: Received feedback: array('i', [0, 1, 1, 2, 3])
[INFO] [1733760415.161128444] [fibonacci_action_client]: Received feedback: array('i', [0, 1, 1, 2, 3, 5])
[INFO] [1733760416.162533909] [fibonacci_action_client]: Received feedback: array('i', [0, 1, 1, 2, 3, 5, 8])
[INFO] [1733760417.164611345] [fibonacci_action_client]: Received feedback: array('i', [0, 1, 1, 2, 3, 5, 8, 13])
[INFO] [1733760418.166541795] [fibonacci_action_client]: Received feedback: array('i', [0, 1, 1, 2, 3, 5, 8, 13, 21])
[INFO] [1733760419.168278963] [fibonacci_action_client]: Received feedback: array('i', [0, 1, 1, 2, 3, 5, 8, 13, 21, 34])
[INFO] [1733760420.170406168] [fibonacci_action_client]: Received feedback: array('i', [0, 1, 1, 2, 3, 5, 8, 13, 21, 34, 55])
[INFO] [1733760421.173596773] [fibonacci_action_client]: Result: array('i', [0, 1, 1, 2, 3, 5, 8, 13, 21, 34, 55])
[INFO] [1733760422.175061294] [fibonacci_action_client]: Sending goal with order 10
[INFO] [1733760430.191558907] [fibonacci_action_client]: Goal accepted, waiting for result.
[INFO] [1733760430.193187052] [fibonacci_action_client]: Received feedback: array('i', [0, 1, 1])
[INFO] [1733760431.194563568] [fibonacci_action_client]: Received feedback: array('i', [0, 1, 1, 2])
[INFO] [1733760432.196128947] [fibonacci_action_client]: Received feedback: array('i', [0, 1, 1, 2, 3])
[INFO] [1733760433.198043359] [fibonacci_action_client]: Received feedback: array('i', [0, 1, 1, 2, 3, 5])
[INFO] [1733760434.198820239] [fibonacci_action_client]: Received feedback: array('i', [0, 1, 1, 2, 3, 5, 8])
[INFO] [1733760435.200663309] [fibonacci_action_client]: Received feedback: array('i', [0, 1, 1, 2, 3, 5, 8, 13])
[INFO] [1733760436.202540710] [fibonacci_action_client]: Received feedback: array('i', [0, 1, 1, 2, 3, 5, 8, 13, 21])
[INFO] [1733760437.204530416] [fibonacci_action_client]: Received feedback: array('i', [0, 1, 1, 2, 3, 5, 8, 13, 21, 34])
[INFO] [1733760438.206576426] [fibonacci_action_client]: Received feedback: array('i', [0, 1, 1, 2, 3, 5, 8, 13, 21, 34, 55])
[INFO] [1733760439.209739854] [fibonacci_action_client]: Result: array('i', [0, 1, 1, 2, 3, 5, 8, 13, 21, 34, 55])
[INFO] [1733760440.211436341] [fibonacci_action_client]: Sending goal with order 10
[INFO] [1733760448.227163134] [fibonacci_action_client]: Goal accepted, waiting for result.
[INFO] [1733760448.228451047] [fibonacci_action_client]: Received feedback: array('i', [0, 1, 1])
[INFO] [1733760449.230211095] [fibonacci_action_client]: Received feedback: array('i', [0, 1, 1, 2])
[INFO] [1733760450.231827863] [fibonacci_action_client]: Received feedback: array('i', [0, 1, 1, 2, 3])
[INFO] [1733760451.233751415] [fibonacci_action_client]: Received feedback: array('i', [0, 1, 1, 2, 3, 5])
[INFO] [1733760452.234907981] [fibonacci_action_client]: Received feedback: array('i', [0, 1, 1, 2, 3, 5, 8])
[INFO] [1733760453.236668111] [fibonacci_action_client]: Received feedback: array('i', [0, 1, 1, 2, 3, 5, 8, 13])
[INFO] [1733760454.238650542] [fibonacci_action_client]: Received feedback: array('i', [0, 1, 1, 2, 3, 5, 8, 13, 21])
[INFO] [1733760455.240598789] [fibonacci_action_client]: Received feedback: array('i', [0, 1, 1, 2, 3, 5, 8, 13, 21, 34])
[INFO] [1733760456.242625976] [fibonacci_action_client]: Received feedback: array('i', [0, 1, 1, 2, 3, 5, 8, 13, 21, 34, 55])
[INFO] [1733760457.245701740] [fibonacci_action_client]: Result: array('i', [0, 1, 1, 2, 3, 5, 8, 13, 21, 34, 55])
[INFO] [1733760458.247345211] [fibonacci_action_client]: Sending goal with order 10
[INFO] [1733760466.262821491] [fibonacci_action_client]: Goal accepted, waiting for result.
[INFO] [1733760466.265063177] [fibonacci_action_client]: Received feedback: array('i', [0, 1, 1])
[INFO] [1733760467.266478284] [fibonacci_action_client]: Received feedback: array('i', [0, 1, 1, 2])
[INFO] [1733760468.268190730] [fibonacci_action_client]: Received feedback: array('i', [0, 1, 1, 2, 3])
[INFO] [1733760469.269966802] [fibonacci_action_client]: Received feedback: array('i', [0, 1, 1, 2, 3, 5])
[INFO] [1733760470.271751042] [fibonacci_action_client]: Received feedback: array('i', [0, 1, 1, 2, 3, 5, 8])
[INFO] [1733760471.273490808] [fibonacci_action_client]: Received feedback: array('i', [0, 1, 1, 2, 3, 5, 8, 13])
[INFO] [1733760472.275058086] [fibonacci_action_client]: Received feedback: array('i', [0, 1, 1, 2, 3, 5, 8, 13, 21])
[INFO] [1733760473.276554956] [fibonacci_action_client]: Received feedback: array('i', [0, 1, 1, 2, 3, 5, 8, 13, 21, 34])
[INFO] [1733760474.278180353] [fibonacci_action_client]: Received feedback: array('i', [0, 1, 1, 2, 3, 5, 8, 13, 21, 34, 55])
[INFO] [1733760475.280523287] [fibonacci_action_client]: Result: array('i', [0, 1, 1, 2, 3, 5, 8, 13, 21, 34, 55])
[INFO] [1733760476.281946931] [fibonacci_action_client]: Sending goal with order 10
[INFO] [1733760484.298228750] [fibonacci_action_client]: Goal accepted, waiting for result.
[INFO] [1733760484.300117385] [fibonacci_action_client]: Received feedback: array('i', [0, 1, 1])
[INFO] [1733760485.302368982] [fibonacci_action_client]: Received feedback: array('i', [0, 1, 1, 2])
[INFO] [1733760486.304179085] [fibonacci_action_client]: Received feedback: array('i', [0, 1, 1, 2, 3])
[INFO] [1733760487.304793315] [fibonacci_action_client]: Received feedback: array('i', [0, 1, 1, 2, 3, 5])
[INFO] [1733760488.306925376] [fibonacci_action_client]: Received feedback: array('i', [0, 1, 1, 2, 3, 5, 8])
[INFO] [1733760489.308657790] [fibonacci_action_client]: Received feedback: array('i', [0, 1, 1, 2, 3, 5, 8, 13])
[INFO] [1733760490.310267505] [fibonacci_action_client]: Received feedback: array('i', [0, 1, 1, 2, 3, 5, 8, 13, 21])
[INFO] [1733760491.312191288] [fibonacci_action_client]: Received feedback: array('i', [0, 1, 1, 2, 3, 5, 8, 13, 21, 34])
[INFO] [1733760492.314242482] [fibonacci_action_client]: Received feedback: array('i', [0, 1, 1, 2, 3, 5, 8, 13, 21, 34, 55])
[INFO] [1733760493.317285984] [fibonacci_action_client]: Result: array('i', [0, 1, 1, 2, 3, 5, 8, 13, 21, 34, 55])
[INFO] [1733760494.318852013] [fibonacci_action_client]: Sending goal with order 10
[INFO] [1733760502.333195943] [fibonacci_action_client]: Goal accepted, waiting for result.
[INFO] [1733760502.334652459] [fibonacci_action_client]: Received feedback: array('i', [0, 1, 1])
[INFO] [1733760503.336369172] [fibonacci_action_client]: Received feedback: array('i', [0, 1, 1, 2])
[INFO] [1733760504.338517044] [fibonacci_action_client]: Received feedback: array('i', [0, 1, 1, 2, 3])
[INFO] [1733760505.340107373] [fibonacci_action_client]: Received feedback: array('i', [0, 1, 1, 2, 3, 5])
[INFO] [1733760506.341791979] [fibonacci_action_client]: Received feedback: array('i', [0, 1, 1, 2, 3, 5, 8])
[INFO] [1733760507.342673666] [fibonacci_action_client]: Received feedback: array('i', [0, 1, 1, 2, 3, 5, 8, 13])
[INFO] [1733760508.344352815] [fibonacci_action_client]: Received feedback: array('i', [0, 1, 1, 2, 3, 5, 8, 13, 21])
[INFO] [1733760509.345971531] [fibonacci_action_client]: Received feedback: array('i', [0, 1, 1, 2, 3, 5, 8, 13, 21, 34])
[INFO] [1733760510.348012072] [fibonacci_action_client]: Received feedback: array('i', [0, 1, 1, 2, 3, 5, 8, 13, 21, 34, 55])
[INFO] [1733760502.333979318] [fibonacci_action_client]: Result: array('i', [0, 1, 1, 2, 3, 5, 8, 13, 21, 34, 55])
[INFO] [1733760503.335487016] [fibonacci_action_client]: Sending goal with order 10
[INFO] [1733760511.350326497] [fibonacci_action_client]: Goal accepted, waiting for result.
