[INFO] [1733994598.971603591] [minimal_client_async]: Result of add_two_ints: for 10 + 10 = 20
[INFO] [1733994599.967719739] [minimal_client_async]: Result of add_two_ints: for 10 + 10 = 20
[INFO] [1733994600.971229001] [minimal_client_async]: Result of add_two_ints: for 10 + 10 = 20
[INFO] [1733994601.975046958] [minimal_client_async]: Result of add_two_ints: for 10 + 10 = 20
[INFO] [1733994602.978446867] [minimal_client_async]: Result of add_two_ints: for 10 + 10 = 20
[INFO] [1733994664.697167187] [minimal_client_async]: Result of add_two_ints: for 10 + 10 = 20
[INFO] [1733994665.199223608] [minimal_client_async]: Result of add_two_ints: for 10 + 10 = 20
[INFO] [1733994665.700727812] [minimal_client_async]: Result of add_two_ints: for 10 + 10 = 20
[INFO] [1733994666.202672382] [minimal_client_async]: Result of add_two_ints: for 10 + 10 = 20
[INFO] [1733994666.704240996] [minimal_client_async]: Result of add_two_ints: for 10 + 10 = 20
[INFO] [1733994667.205700856] [minimal_client_async]: Result of add_two_ints: for 10 + 10 = 20
[INFO] [1733994667.707343318] [minimal_client_async]: Result of add_two_ints: for 10 + 10 = 20
[INFO] [1733994668.209347871] [minimal_client_async]: Result of add_two_ints: for 10 + 10 = 20
[INFO] [1733994668.711493167] [minimal_client_async]: Result of add_two_ints: for 10 + 10 = 20
[INFO] [1733994669.213390857] [minimal_client_async]: Result of add_two_ints: for 10 + 10 = 20
[INFO] [1733994669.714925714] [minimal_client_async]: Result of add_two_ints: for 10 + 10 = 20
[INFO] [1733994670.216690429] [minimal_client_async]: Result of add_two_ints: for 10 + 10 = 20
[INFO] [1733994670.718570743] [minimal_client_async]: Result of add_two_ints: for 10 + 10 = 20
[INFO] [1733994671.220600059] [minimal_client_async]: Result of add_two_ints: for 10 + 10 = 20
[INFO] [1733994671.722644658] [minimal_client_async]: Result of add_two_ints: for 10 + 10 = 20
[INFO] [1733994672.224627109] [minimal_client_async]: Result of add_two_ints: for 10 + 10 = 20
[INFO] [1733994672.726672372] [minimal_client_async]: Result of add_two_ints: for 10 + 10 = 20
[INFO] [1733994673.228654537] [minimal_client_async]: Result of add_two_ints: for 10 + 10 = 20
[INFO] [1733994673.730530331] [minimal_client_async]: Result of add_two_ints: for 10 + 10 = 20
[INFO] [1733994674.232603667] [minimal_client_async]: Result of add_two_ints: for 10 + 10 = 20
[INFO] [1733994674.734518662] [minimal_client_async]: Result of add_two_ints: for 10 + 10 = 20
[INFO] [1733994675.236235580] [minimal_client_async]: Result of add_two_ints: for 10 + 10 = 20
[INFO] [1733994675.738225394] [minimal_client_async]: Result of add_two_ints: for 10 + 10 = 20
[INFO] [1733994676.240278828] [minimal_client_async]: Result of add_two_ints: for 10 + 10 = 20
[INFO] [1733994676.742146385] [minimal_client_async]: Result of add_two_ints: for 10 + 10 = 20
[INFO] [1733994677.244286471] [minimal_client_async]: Result of add_two_ints: for 10 + 10 = 20
[INFO] [1733994677.746146375] [minimal_client_async]: Result of add_two_ints: for 10 + 10 = 20
[INFO] [1733994678.247784656] [minimal_client_async]: Result of add_two_ints: for 10 + 10 = 20
[INFO] [1733994678.749334134] [minimal_client_async]: Result of add_two_ints: for 10 + 10 = 20
[INFO] [1733994679.251301503] [minimal_client_async]: Result of add_two_ints: for 10 + 10 = 20
[INFO] [1733994679.753252273] [minimal_client_async]: Result of add_two_ints: for 10 + 10 = 20
[INFO] [1733994680.255407715] [minimal_client_async]: Result of add_two_ints: for 10 + 10 = 20
[INFO] [1733994680.757469056] [minimal_client_async]: Result of add_two_ints: for 10 + 10 = 20
[INFO] [1733994681.259510806] [minimal_client_async]: Result of add_two_ints: for 10 + 10 = 20
[INFO] [1733994681.760755063] [minimal_client_async]: Result of add_two_ints: for 10 + 10 = 20
[INFO] [1733994682.262589197] [minimal_client_async]: Result of add_two_ints: for 10 + 10 = 20
[INFO] [1733994682.764521502] [minimal_client_async]: Result of add_two_ints: for 10 + 10 = 20
[INFO] [1733994683.266278789] [minimal_client_async]: Result of add_two_ints: for 10 + 10 = 20
[INFO] [1733994683.768263791] [minimal_client_async]: Result of add_two_ints: for 10 + 10 = 20
[INFO] [1733994684.270309112] [minimal_client_async]: Result of add_two_ints: for 10 + 10 = 20
[INFO] [1733994684.772204861] [minimal_client_async]: Result of add_two_ints: for 10 + 10 = 20
[INFO] [1733994685.273734625] [minimal_client_async]: Result of add_two_ints: for 10 + 10 = 20
[INFO] [1733994685.775360952] [minimal_client_async]: Result of add_two_ints: for 10 + 10 = 20
[INFO] [1733994686.276940972] [minimal_client_async]: Result of add_two_ints: for 10 + 10 = 20
[INFO] [1733994686.778765801] [minimal_client_async]: Result of add_two_ints: for 10 + 10 = 20
[INFO] [1733994687.280435119] [minimal_client_async]: Result of add_two_ints: for 10 + 10 = 20
[INFO] [1733994687.782318060] [minimal_client_async]: Result of add_two_ints: for 10 + 10 = 20
[INFO] [1733994688.284122977] [minimal_client_async]: Result of add_two_ints: for 10 + 10 = 20
[INFO] [1733994688.785361528] [minimal_client_async]: Result of add_two_ints: for 10 + 10 = 20
[INFO] [1733994689.286945529] [minimal_client_async]: Result of add_two_ints: for 10 + 10 = 20
[INFO] [1733994689.789024765] [minimal_client_async]: Result of add_two_ints: for 10 + 10 = 20
[INFO] [1733994690.291025212] [minimal_client_async]: Result of add_two_ints: for 10 + 10 = 20
[INFO] [1733994690.792609096] [minimal_client_async]: Result of add_two_ints: for 10 + 10 = 20
[INFO] [1733994691.294586787] [minimal_client_async]: Result of add_two_ints: for 10 + 10 = 20
[INFO] [1733994691.796624879] [minimal_client_async]: Result of add_two_ints: for 10 + 10 = 20
[INFO] [1733994692.298762415] [minimal_client_async]: Result of add_two_ints: for 10 + 10 = 20
[INFO] [1733994692.799717366] [minimal_client_async]: Result of add_two_ints: for 10 + 10 = 20
[INFO] [1733994693.301276277] [minimal_client_async]: Result of add_two_ints: for 10 + 10 = 20
[INFO] [1733994693.802803733] [minimal_client_async]: Result of add_two_ints: for 10 + 10 = 20
[INFO] [1733994694.304648358] [minimal_client_async]: Result of add_two_ints: for 10 + 10 = 20
[INFO] [1733994694.806149087] [minimal_client_async]: Result of add_two_ints: for 10 + 10 = 20
[INFO] [1733994695.307982312] [minimal_client_async]: Result of add_two_ints: for 10 + 10 = 20
[INFO] [1733994695.809909924] [minimal_client_async]: Result of add_two_ints: for 10 + 10 = 20
[INFO] [1733994696.311721054] [minimal_client_async]: Result of add_two_ints: for 10 + 10 = 20
[INFO] [1733994696.813422010] [minimal_client_async]: Result of add_two_ints: for 10 + 10 = 20
[INFO] [1733994697.315459537] [minimal_client_async]: Result of add_two_ints: for 10 + 10 = 20
[INFO] [1733994697.817123981] [minimal_client_async]: Result of add_two_ints: for 10 + 10 = 20
[INFO] [1733994698.318636722] [minimal_client_async]: Result of add_two_ints: for 10 + 10 = 20
[INFO] [1733994698.820405427] [minimal_client_async]: Result of add_two_ints: for 10 + 10 = 20
[INFO] [1733994699.322121506] [minimal_client_async]: Result of add_two_ints: for 10 + 10 = 20
[INFO] [1733994699.823930000] [minimal_client_async]: Result of add_two_ints: for 10 + 10 = 20
[INFO] [1733994700.326060667] [minimal_client_async]: Result of add_two_ints: for 10 + 10 = 20
[INFO] [1733994700.827978615] [minimal_client_async]: Result of add_two_ints: for 10 + 10 = 20
[INFO] [1733994701.329884099] [minimal_client_async]: Result of add_two_ints: for 10 + 10 = 20
[INFO] [1733994701.831844542] [minimal_client_async]: Result of add_two_ints: for 10 + 10 = 20
[INFO] [1733994702.333678919] [minimal_client_async]: Result of add_two_ints: for 10 + 10 = 20
[INFO] [1733994702.835419428] [minimal_client_async]: Result of add_two_ints: for 10 + 10 = 20
[INFO] [1733994703.337214412] [minimal_client_async]: Result of add_two_ints: for 10 + 10 = 20
[INFO] [1733994703.839147045] [minimal_client_async]: Result of add_two_ints: for 10 + 10 = 20
[INFO] [1733994704.341238163] [minimal_client_async]: Result of add_two_ints: for 10 + 10 = 20
[INFO] [1733994704.843152962] [minimal_client_async]: Result of add_two_ints: for 10 + 10 = 20
[INFO] [1733994705.344695999] [minimal_client_async]: Result of add_two_ints: for 10 + 10 = 20
[INFO] [1733994705.846460928] [minimal_client_async]: Result of add_two_ints: for 10 + 10 = 20
[INFO] [1733994706.348051298] [minimal_client_async]: Result of add_two_ints: for 10 + 10 = 20
[INFO] [1733994706.849801243] [minimal_client_async]: Result of add_two_ints: for 10 + 10 = 20
[INFO] [1733994707.351710953] [minimal_client_async]: Result of add_two_ints: for 10 + 10 = 20
[INFO] [1733994707.853468995] [minimal_client_async]: Result of add_two_ints: for 10 + 10 = 20
[INFO] [1733994708.355408321] [minimal_client_async]: Result of add_two_ints: for 10 + 10 = 20
[INFO] [1733994708.856961451] [minimal_client_async]: Result of add_two_ints: for 10 + 10 = 20
[INFO] [1733994709.358470895] [minimal_client_async]: Result of add_two_ints: for 10 + 10 = 20
[INFO] [1733994709.860032006] [minimal_client_async]: Result of add_two_ints: for 10 + 10 = 20
[INFO] [1733994710.361845330] [minimal_client_async]: Result of add_two_ints: for 10 + 10 = 20
[INFO] [1733994710.863577919] [minimal_client_async]: Result of add_two_ints: for 10 + 10 = 20
[INFO] [1733994711.365670702] [minimal_client_async]: Result of add_two_ints: for 10 + 10 = 20
[INFO] [1733994711.867576638] [minimal_client_async]: Result of add_two_ints: for 10 + 10 = 20
[INFO] [1733994712.369460244] [minimal_client_async]: Result of add_two_ints: for 10 + 10 = 20
[INFO] [1733994712.871209725] [minimal_client_async]: Result of add_two_ints: for 10 + 10 = 20
[INFO] [1733994713.372683590] [minimal_client_async]: Result of add_two_ints: for 10 + 10 = 20
[INFO] [1733994713.874545184] [minimal_client_async]: Result of add_two_ints: for 10 + 10 = 20
[INFO] [1733994714.376567523] [minimal_client_async]: Result of add_two_ints: for 10 + 10 = 20
[INFO] [1733994714.878436540] [minimal_client_async]: Result of add_two_ints: for 10 + 10 = 20
[INFO] [1733994715.380559709] [minimal_client_async]: Result of add_two_ints: for 10 + 10 = 20
[INFO] [1733994715.882251913] [minimal_client_async]: Result of add_two_ints: for 10 + 10 = 20
[INFO] [1733994716.384285115] [minimal_client_async]: Result of add_two_ints: for 10 + 10 = 20
[INFO] [1733994716.886046531] [minimal_client_async]: Result of add_two_ints: for 10 + 10 = 20
[INFO] [1733994717.388102552] [minimal_client_async]: Result of add_two_ints: for 10 + 10 = 20
[INFO] [1733994717.889906079] [minimal_client_async]: Result of add_two_ints: for 10 + 10 = 20
[INFO] [1733994718.391811317] [minimal_client_async]: Result of add_two_ints: for 10 + 10 = 20
[INFO] [1733994718.893683378] [minimal_client_async]: Result of add_two_ints: for 10 + 10 = 20
[INFO] [1733994719.395734129] [minimal_client_async]: Result of add_two_ints: for 10 + 10 = 20
[INFO] [1733994719.897494190] [minimal_client_async]: Result of add_two_ints: for 10 + 10 = 20
[INFO] [1733994720.399440328] [minimal_client_async]: Result of add_two_ints: for 10 + 10 = 20
[INFO] [1733994720.900232982] [minimal_client_async]: Result of add_two_ints: for 10 + 10 = 20
[INFO] [1733994721.401807149] [minimal_client_async]: Result of add_two_ints: for 10 + 10 = 20
[INFO] [1733994721.903687103] [minimal_client_async]: Result of add_two_ints: for 10 + 10 = 20
[INFO] [1733994722.405505387] [minimal_client_async]: Result of add_two_ints: for 10 + 10 = 20
[INFO] [1733994722.907363605] [minimal_client_async]: Result of add_two_ints: for 10 + 10 = 20
[INFO] [1733994723.409166428] [minimal_client_async]: Result of add_two_ints: for 10 + 10 = 20
[INFO] [1733994723.911087368] [minimal_client_async]: Result of add_two_ints: for 10 + 10 = 20
[INFO] [1733994724.412678925] [minimal_client_async]: Result of add_two_ints: for 10 + 10 = 20
[INFO] [1733994724.914225222] [minimal_client_async]: Result of add_two_ints: for 10 + 10 = 20
[INFO] [1733994725.416322726] [minimal_client_async]: Result of add_two_ints: for 10 + 10 = 20
[INFO] [1733994736.957058606] [minimal_client_async]: Result of add_two_ints: for 10 + 10 = 20
[INFO] [1733994737.459124982] [minimal_client_async]: Result of add_two_ints: for 10 + 10 = 20
[INFO] [1733994737.961159073] [minimal_client_async]: Result of add_two_ints: for 10 + 10 = 20
[INFO] [1733994738.463172469] [minimal_client_async]: Result of add_two_ints: for 10 + 10 = 20
[INFO] [1733994738.964586974] [minimal_client_async]: Result of add_two_ints: for 10 + 10 = 20
[INFO] [1733994739.466231489] [minimal_client_async]: Result of add_two_ints: for 10 + 10 = 20
[INFO] [1733994739.968375444] [minimal_client_async]: Result of add_two_ints: for 10 + 10 = 20
[INFO] [1733994740.470269611] [minimal_client_async]: Result of add_two_ints: for 10 + 10 = 20
[INFO] [1733994740.972347432] [minimal_client_async]: Result of add_two_ints: for 10 + 10 = 20
[INFO] [1733994741.474209174] [minimal_client_async]: Result of add_two_ints: for 10 + 10 = 20
[INFO] [1733994741.975908607] [minimal_client_async]: Result of add_two_ints: for 10 + 10 = 20
[INFO] [1733994742.477590626] [minimal_client_async]: Result of add_two_ints: for 10 + 10 = 20
[INFO] [1733994742.979080454] [minimal_client_async]: Result of add_two_ints: for 10 + 10 = 20
[INFO] [1733994743.480729516] [minimal_client_async]: Result of add_two_ints: for 10 + 10 = 20
[INFO] [1733994743.982842444] [minimal_client_async]: Result of add_two_ints: for 10 + 10 = 20
[INFO] [1733994744.484911703] [minimal_client_async]: Result of add_two_ints: for 10 + 10 = 20
[INFO] [1733994744.986860894] [minimal_client_async]: Result of add_two_ints: for 10 + 10 = 20
[INFO] [1733994745.488699326] [minimal_client_async]: Result of add_two_ints: for 10 + 10 = 20
[INFO] [1733994745.990813425] [minimal_client_async]: Result of add_two_ints: for 10 + 10 = 20
[INFO] [1733994746.492265093] [minimal_client_async]: Result of add_two_ints: for 10 + 10 = 20
[INFO] [1733994746.994188642] [minimal_client_async]: Result of add_two_ints: for 10 + 10 = 20
[INFO] [1733994747.495864573] [minimal_client_async]: Result of add_two_ints: for 10 + 10 = 20
[INFO] [1733994777.453399964] [minimal_client_async]: Timeout reached. Stopping client.
RAPL is not set
733994748.499555977] [minimal_client_async]: Result of add_two_ints: for 10 + 10 = 20
[INFO] [1733994749.001368768] [minimal_client_async]: Result of add_two_ints: for 10 + 10 = 20
[INFO] [1733994749.502711048] [minimal_client_async]: Result of add_two_ints: for 10 + 10 = 20
[INFO] [1733994750.004181611] [minimal_client_async]: Result of add_two_ints: for 10 + 10 = 20
[INFO] [1733994750.505999846] [minimal_client_async]: Result of add_two_ints: for 10 + 10 = 20
[INFO] [1733994751.008051207] [minimal_client_async]: Result of add_two_ints: for 10 + 10 = 20
[INFO] [1733994751.509708804] [minimal_client_async]: Result of add_two_ints: for 10 + 10 = 20
[INFO] [1733994752.011131573] [minimal_client_async]: Result of add_two_ints: for 10 + 10 = 20
[INFO] [1733994752.512306258] [minimal_client_async]: Result of add_two_ints: for 10 + 10 = 20
[INFO] [1733994753.014034411] [minimal_client_async]: Result of add_two_ints: for 10 + 10 = 20
[INFO] [1733994753.515520529] [minimal_client_async]: Result of add_two_ints: for 10 + 10 = 20
[INFO] [1733994754.017250910] [minimal_client_async]: Result of add_two_ints: for 10 + 10 = 20
[INFO] [1733994754.518706713] [minimal_client_async]: Result of add_two_ints: for 10 + 10 = 20
[INFO] [1733994755.020178158] [minimal_client_async]: Result of add_two_ints: for 10 + 10 = 20
[INFO] [1733994755.521671193] [minimal_client_async]: Result of add_two_ints: for 10 + 10 = 20
[INFO] [1733994756.023602480] [minimal_client_async]: Result of add_two_ints: for 10 + 10 = 20
[INFO] [1733994756.525639928] [minimal_client_async]: Result of add_two_ints: for 10 + 10 = 20
[INFO] [1733994757.028118727] [minimal_client_async]: Result of add_two_ints: for 10 + 10 = 20
[INFO] [1733994757.529764645] [minimal_client_async]: Result of add_two_ints: for 10 + 10 = 20
[INFO] [1733994758.031370063] [minimal_client_async]: Result of add_two_ints: for 10 + 10 = 20
[INFO] [1733994758.532737539] [minimal_client_async]: Result of add_two_ints: for 10 + 10 = 20
[INFO] [1733994759.034452893] [minimal_client_async]: Result of add_two_ints: for 10 + 10 = 20
[INFO] [1733994759.536842770] [minimal_client_async]: Result of add_two_ints: for 10 + 10 = 20
[INFO] [1733994760.038724276] [minimal_client_async]: Result of add_two_ints: for 10 + 10 = 20
[INFO] [1733994760.540547547] [minimal_client_async]: Result of add_two_ints: for 10 + 10 = 20
[INFO] [1733994761.042431181] [minimal_client_async]: Result of add_two_ints: for 10 + 10 = 20
[INFO] [1733994761.544343393] [minimal_client_async]: Result of add_two_ints: for 10 + 10 = 20
[INFO] [1733994762.046101607] [minimal_client_async]: Result of add_two_ints: for 10 + 10 = 20
[INFO] [1733994762.547322380] [minimal_client_async]: Result of add_two_ints: for 10 + 10 = 20
[INFO] [1733994763.049534610] [minimal_client_async]: Result of add_two_ints: for 10 + 10 = 20
[INFO] [1733994763.551504601] [minimal_client_async]: Result of add_two_ints: for 10 + 10 = 20
[INFO] [1733994764.052758058] [minimal_client_async]: Result of add_two_ints: for 10 + 10 = 20
[INFO] [1733994764.554559053] [minimal_client_async]: Result of add_two_ints: for 10 + 10 = 20
[INFO] [1733994765.056522640] [minimal_client_async]: Result of add_two_ints: for 10 + 10 = 20
[INFO] [1733994765.558206220] [minimal_client_async]: Result of add_two_ints: for 10 + 10 = 20
[INFO] [1733994766.060163967] [minimal_client_async]: Result of add_two_ints: for 10 + 10 = 20
[INFO] [1733994766.561836296] [minimal_client_async]: Result of add_two_ints: for 10 + 10 = 20
[INFO] [1733994767.063622980] [minimal_client_async]: Result of add_two_ints: for 10 + 10 = 20
[INFO] [1733994767.565468665] [minimal_client_async]: Result of add_two_ints: for 10 + 10 = 20
[INFO] [1733994768.067394972] [minimal_client_async]: Result of add_two_ints: for 10 + 10 = 20
[INFO] [1733994768.569038269] [minimal_client_async]: Result of add_two_ints: for 10 + 10 = 20
[INFO] [1733994769.071014635] [minimal_client_async]: Result of add_two_ints: for 10 + 10 = 20
[INFO] [1733994769.572698500] [minimal_client_async]: Result of add_two_ints: for 10 + 10 = 20
[INFO] [1733994770.074600387] [minimal_client_async]: Result of add_two_ints: for 10 + 10 = 20
[INFO] [1733994770.576475266] [minimal_client_async]: Result of add_two_ints: for 10 + 10 = 20
[INFO] [1733994771.078466783] [minimal_client_async]: Result of add_two_ints: for 10 + 10 = 20
[INFO] [1733994771.580362336] [minimal_client_async]: Result of add_two_ints: for 10 + 10 = 20
[INFO] [1733994772.082324021] [minimal_client_async]: Result of add_two_ints: for 10 + 10 = 20
[INFO] [1733994772.583911507] [minimal_client_async]: Result of add_two_ints: for 10 + 10 = 20
[INFO] [1733994773.085788339] [minimal_client_async]: Result of add_two_ints: for 10 + 10 = 20
[INFO] [1733994773.587281525] [minimal_client_async]: Result of add_two_ints: for 10 + 10 = 20
[INFO] [1733994774.089130758] [minimal_client_async]: Result of add_two_ints: for 10 + 10 = 20
[INFO] [1733994774.591186676] [minimal_client_async]: Result of add_two_ints: for 10 + 10 = 20
[INFO] [1733994775.093356469] [minimal_client_async]: Result of add_two_ints: for 10 + 10 = 20
[INFO] [1733994775.595348788] [minimal_client_async]: Result of add_two_ints: for 10 + 10 = 20
[INFO] [1733994776.096685143] [minimal_client_async]: Result of add_two_ints: for 10 + 10 = 20
[INFO] [1733994776.598534691] [minimal_client_async]: Result of add_two_ints: for 10 + 10 = 20
[INFO] [1733994777.100053712] [minimal_client_async]: Result of add_two_ints: for 10 + 10 = 20
[INFO] [1733994777.601467847] [minimal_client_async]: Result of add_two_ints: for 10 + 10 = 20
[INFO] [1733994777.695216615] [minimal_client_async]: Timeout reached. Stopping client.
RAPL is set
