[INFO] [1733613279.031766055] [fibonacci_action_server]: Executing goal...
[INFO] [1733613279.032271818] [fibonacci_action_server]: Feedback: array('i', [0, 1, 1])
[INFO] [1733613279.533471342] [fibonacci_action_server]: Feedback: array('i', [0, 1, 1, 2])
[INFO] [1733613280.034671554] [fibonacci_action_server]: Feedback: array('i', [0, 1, 1, 2, 3])
[INFO] [1733613280.535972292] [fibonacci_action_server]: Feedback: array('i', [0, 1, 1, 2, 3, 5])
[INFO] [1733613281.037149928] [fibonacci_action_server]: Feedback: array('i', [0, 1, 1, 2, 3, 5, 8])
[INFO] [1733613281.538473486] [fibonacci_action_server]: Feedback: array('i', [0, 1, 1, 2, 3, 5, 8, 13])
[INFO] [1733613282.039722997] [fibonacci_action_server]: Feedback: array('i', [0, 1, 1, 2, 3, 5, 8, 13, 21])
[INFO] [1733613282.541047922] [fibonacci_action_server]: Feedback: array('i', [0, 1, 1, 2, 3, 5, 8, 13, 21, 34])
[INFO] [1733613283.043462468] [fibonacci_action_server]: Feedback: array('i', [0, 1, 1, 2, 3, 5, 8, 13, 21, 34, 55])
[INFO] [1733613283.547787474] [fibonacci_action_server]: Executing goal...
[INFO] [1733613283.548417562] [fibonacci_action_server]: Feedback: array('i', [0, 1, 1])
[INFO] [1733613284.049471198] [fibonacci_action_server]: Feedback: array('i', [0, 1, 1, 2])
[INFO] [1733613284.550948404] [fibonacci_action_server]: Feedback: array('i', [0, 1, 1, 2, 3])
[INFO] [1733613285.052486312] [fibonacci_action_server]: Feedback: array('i', [0, 1, 1, 2, 3, 5])
[INFO] [1733613285.553813024] [fibonacci_action_server]: Feedback: array('i', [0, 1, 1, 2, 3, 5, 8])
[INFO] [1733613286.055169985] [fibonacci_action_server]: Feedback: array('i', [0, 1, 1, 2, 3, 5, 8, 13])
[INFO] [1733613286.556223778] [fibonacci_action_server]: Feedback: array('i', [0, 1, 1, 2, 3, 5, 8, 13, 21])
[INFO] [1733613287.057530750] [fibonacci_action_server]: Feedback: array('i', [0, 1, 1, 2, 3, 5, 8, 13, 21, 34])
[INFO] [1733613287.558786321] [fibonacci_action_server]: Feedback: array('i', [0, 1, 1, 2, 3, 5, 8, 13, 21, 34, 55])
/opt/ros/humble/local/lib/python3.10/dist-packages/rclpy/action/server.py:312: RuntimeWarning: failed to send response (timeout): client will not receive response, at ./src/rmw_response.cpp:154, at ./src/rcl/service.c:314
  self._handle.send_goal_response(request_header, response_msg)
[INFO] [1733613288.162828330] [fibonacci_action_server]: Executing goal...
[INFO] [1733613288.163708716] [fibonacci_action_server]: Feedback: array('i', [0, 1, 1])
[INFO] [1733613288.665050800] [fibonacci_action_server]: Feedback: array('i', [0, 1, 1, 2])
[INFO] [1733613289.166360228] [fibonacci_action_server]: Feedback: array('i', [0, 1, 1, 2, 3])
[INFO] [1733613289.667888786] [fibonacci_action_server]: Feedback: array('i', [0, 1, 1, 2, 3, 5])
[INFO] [1733613290.169239016] [fibonacci_action_server]: Feedback: array('i', [0, 1, 1, 2, 3, 5, 8])
[INFO] [1733613290.670408808] [fibonacci_action_server]: Feedback: array('i', [0, 1, 1, 2, 3, 5, 8, 13])
[INFO] [1733613291.171559899] [fibonacci_action_server]: Feedback: array('i', [0, 1, 1, 2, 3, 5, 8, 13, 21])
[INFO] [1733613291.672336025] [fibonacci_action_server]: Feedback: array('i', [0, 1, 1, 2, 3, 5, 8, 13, 21, 34])
[INFO] [1733613292.173638767] [fibonacci_action_server]: Feedback: array('i', [0, 1, 1, 2, 3, 5, 8, 13, 21, 34, 55])
[INFO] [1733613292.776962434] [fibonacci_action_server]: Executing goal...
[INFO] [1733613292.777459262] [fibonacci_action_server]: Feedback: array('i', [0, 1, 1])
[INFO] [1733613293.278601974] [fibonacci_action_server]: Feedback: array('i', [0, 1, 1, 2])
[INFO] [1733613293.779900703] [fibonacci_action_server]: Feedback: array('i', [0, 1, 1, 2, 3])
[INFO] [1733613294.281208486] [fibonacci_action_server]: Feedback: array('i', [0, 1, 1, 2, 3, 5])
[INFO] [1733613294.782614813] [fibonacci_action_server]: Feedback: array('i', [0, 1, 1, 2, 3, 5, 8])
[INFO] [1733613295.284108851] [fibonacci_action_server]: Feedback: array('i', [0, 1, 1, 2, 3, 5, 8, 13])
[INFO] [1733613295.785218515] [fibonacci_action_server]: Feedback: array('i', [0, 1, 1, 2, 3, 5, 8, 13, 21])
[INFO] [1733613296.286467237] [fibonacci_action_server]: Feedback: array('i', [0, 1, 1, 2, 3, 5, 8, 13, 21, 34])
[INFO] [1733613296.787881168] [fibonacci_action_server]: Feedback: array('i', [0, 1, 1, 2, 3, 5, 8, 13, 21, 34, 55])
[INFO] [1733613297.390464418] [fibonacci_action_server]: Executing goal...
[INFO] [1733613297.390974533] [fibonacci_action_server]: Feedback: array('i', [0, 1, 1])
[INFO] [1733613297.892116759] [fibonacci_action_server]: Feedback: array('i', [0, 1, 1, 2])
[INFO] [1733613298.393361317] [fibonacci_action_server]: Feedback: array('i', [0, 1, 1, 2, 3])
[INFO] [1733613298.894575476] [fibonacci_action_server]: Feedback: array('i', [0, 1, 1, 2, 3, 5])
[INFO] [1733613299.395948256] [fibonacci_action_server]: Feedback: array('i', [0, 1, 1, 2, 3, 5, 8])
[INFO] [1733613299.896993237] [fibonacci_action_server]: Feedback: array('i', [0, 1, 1, 2, 3, 5, 8, 13])
[INFO] [1733613300.398096935] [fibonacci_action_server]: Feedback: array('i', [0, 1, 1, 2, 3, 5, 8, 13, 21])
[INFO] [1733613300.899247201] [fibonacci_action_server]: Feedback: array('i', [0, 1, 1, 2, 3, 5, 8, 13, 21, 34])
[INFO] [1733613301.400477622] [fibonacci_action_server]: Feedback: array('i', [0, 1, 1, 2, 3, 5, 8, 13, 21, 34, 55])
[INFO] [1733613323.961071397] [fibonacci_action_server]: Shutting down node...
RAPL is set
