[INFO] [1733667285.451783598] [fibonacci_action_server]: Received goal request with order 10
[INFO] [1733667285.452038695] [fibonacci_action_server]: Executing goal...
[INFO] [1733667285.452134931] [fibonacci_action_server]: Feedback: [1]
[INFO] [1733667285.463949295] [fibonacci_action_server]: Received goal request with order 10
[INFO] [1733667285.464103260] [fibonacci_action_server]: Executing goal...
[INFO] [1733667285.464176498] [fibonacci_action_server]: Feedback: [1]
[INFO] [1733667285.483672822] [fibonacci_action_server]: Received goal request with order 10
[INFO] [1733667285.483835404] [fibonacci_action_server]: Executing goal...
[INFO] [1733667285.483903054] [fibonacci_action_server]: Feedback: [1]
[INFO] [1733667286.452345510] [fibonacci_action_server]: Feedback: [2]
[INFO] [1733667286.464363142] [fibonacci_action_server]: Feedback: [2]
[INFO] [1733667286.484096080] [fibonacci_action_server]: Feedback: [2]
[INFO] [1733667287.452636941] [fibonacci_action_server]: Feedback: [3]
[INFO] [1733667287.464655699] [fibonacci_action_server]: Feedback: [3]
[INFO] [1733667287.484377632] [fibonacci_action_server]: Feedback: [3]
[INFO] [1733667288.452923328] [fibonacci_action_server]: Feedback: [5]
[INFO] [1733667288.465006214] [fibonacci_action_server]: Feedback: [5]
[INFO] [1733667288.484785300] [fibonacci_action_server]: Feedback: [5]
[INFO] [1733667289.453156528] [fibonacci_action_server]: Feedback: [8]
[INFO] [1733667289.465254973] [fibonacci_action_server]: Feedback: [8]
[INFO] [1733667289.485032249] [fibonacci_action_server]: Feedback: [8]
[INFO] [1733667290.453917426] [fibonacci_action_server]: Feedback: [13]
[INFO] [1733667290.465955772] [fibonacci_action_server]: Feedback: [13]
[INFO] [1733667290.485299557] [fibonacci_action_server]: Feedback: [13]
[INFO] [1733667291.454503231] [fibonacci_action_server]: Feedback: [21]
[INFO] [1733667291.466229125] [fibonacci_action_server]: Feedback: [21]
[INFO] [1733667291.485821150] [fibonacci_action_server]: Feedback: [21]
[INFO] [1733667292.454751560] [fibonacci_action_server]: Feedback: [34]
[INFO] [1733667292.466810361] [fibonacci_action_server]: Feedback: [34]
[INFO] [1733667292.486110949] [fibonacci_action_server]: Feedback: [34]
[INFO] [1733667293.455096661] [fibonacci_action_server]: Feedback: [55]
[INFO] [1733667293.467426765] [fibonacci_action_server]: Feedback: [55]
[INFO] [1733667293.486641666] [fibonacci_action_server]: Feedback: [55]
[INFO] [1733667294.455571534] [fibonacci_action_server]: Goal succeeded
[INFO] [1733667294.468069597] [fibonacci_action_server]: Goal succeeded
[INFO] [1733667294.487088163] [fibonacci_action_server]: Goal succeeded
[INFO] [1733667294.689553295] [fibonacci_action_server]: Received goal request with order 10
[INFO] [1733667294.689779909] [fibonacci_action_server]: Executing goal...
[INFO] [1733667294.689922366] [fibonacci_action_server]: Feedback: [1]
[INFO] [1733667295.101315335] [fibonacci_action_server]: Received goal request with order 10
[INFO] [1733667295.102151295] [fibonacci_action_server]: Executing goal...
[INFO] [1733667295.102234677] [fibonacci_action_server]: Feedback: [1]
[INFO] [1733667295.522416749] [fibonacci_action_server]: Received goal request with order 10
[INFO] [1733667295.522706662] [fibonacci_action_server]: Executing goal...
[INFO] [1733667295.522862284] [fibonacci_action_server]: Feedback: [1]
[INFO] [1733667295.690246732] [fibonacci_action_server]: Feedback: [2]
[INFO] [1733667296.102761177] [fibonacci_action_server]: Feedback: [2]
[INFO] [1733667296.523539450] [fibonacci_action_server]: Feedback: [2]
[INFO] [1733667296.690935076] [fibonacci_action_server]: Feedback: [3]
[INFO] [1733667297.103383875] [fibonacci_action_server]: Feedback: [3]
[INFO] [1733667297.524165604] [fibonacci_action_server]: Feedback: [3]
[INFO] [1733667297.691466707] [fibonacci_action_server]: Feedback: [5]
[INFO] [1733667298.103802468] [fibonacci_action_server]: Feedback: [5]
[INFO] [1733667298.524404197] [fibonacci_action_server]: Feedback: [5]
[INFO] [1733667298.691934167] [fibonacci_action_server]: Feedback: [8]
[INFO] [1733667299.104301612] [fibonacci_action_server]: Feedback: [8]
[INFO] [1733667299.524785482] [fibonacci_action_server]: Feedback: [8]
[INFO] [1733667299.692250382] [fibonacci_action_server]: Feedback: [13]
[INFO] [1733667300.104593129] [fibonacci_action_server]: Feedback: [13]
[INFO] [1733667300.525211429] [fibonacci_action_server]: Feedback: [13]
[INFO] [1733667300.692541085] [fibonacci_action_server]: Feedback: [21]
[INFO] [1733667301.105217646] [fibonacci_action_server]: Feedback: [21]
[INFO] [1733667301.525484679] [fibonacci_action_server]: Feedback: [21]
[INFO] [1733667301.692829691] [fibonacci_action_server]: Feedback: [34]
[INFO] [1733667302.105753627] [fibonacci_action_server]: Feedback: [34]
[INFO] [1733667302.526019165] [fibonacci_action_server]: Feedback: [34]
[INFO] [1733667302.693221174] [fibonacci_action_server]: Feedback: [55]
[INFO] [1733667303.106390458] [fibonacci_action_server]: Feedback: [55]
[INFO] [1733667303.526580623] [fibonacci_action_server]: Feedback: [55]
[INFO] [1733667303.693800037] [fibonacci_action_server]: Goal succeeded
[INFO] [1733667303.927207654] [fibonacci_action_server]: Received goal request with order 10
[INFO] [1733667303.927460603] [fibonacci_action_server]: Executing goal...
[INFO] [1733667303.927580798] [fibonacci_action_server]: Feedback: [1]
[INFO] [1733667304.106991069] [fibonacci_action_server]: Goal succeeded
[INFO] [1733667304.439439384] [fibonacci_action_server]: Received goal request with order 10
[INFO] [1733667304.439647308] [fibonacci_action_server]: Executing goal...
[INFO] [1733667304.439821368] [fibonacci_action_server]: Feedback: [1]
[INFO] [1733667304.527289606] [fibonacci_action_server]: Goal succeeded
[INFO] [1733667304.857127412] [fibonacci_action_server]: Received goal request with order 10
[INFO] [1733667304.857345898] [fibonacci_action_server]: Executing goal...
[INFO] [1733667304.857472126] [fibonacci_action_server]: Feedback: [1]
[INFO] [1733667304.927891193] [fibonacci_action_server]: Feedback: [2]
[INFO] [1733667305.440001965] [fibonacci_action_server]: Feedback: [2]
[INFO] [1733667305.857985693] [fibonacci_action_server]: Feedback: [2]
[INFO] [1733667305.928578083] [fibonacci_action_server]: Feedback: [3]
[INFO] [1733667306.440290298] [fibonacci_action_server]: Feedback: [3]
[INFO] [1733667306.858243772] [fibonacci_action_server]: Feedback: [3]
[INFO] [1733667306.928933109] [fibonacci_action_server]: Feedback: [5]
[INFO] [1733667307.440612776] [fibonacci_action_server]: Feedback: [5]
[INFO] [1733667307.858639244] [fibonacci_action_server]: Feedback: [5]
[INFO] [1733667307.929288576] [fibonacci_action_server]: Feedback: [8]
[INFO] [1733667308.440891133] [fibonacci_action_server]: Feedback: [8]
[INFO] [1733667308.859188630] [fibonacci_action_server]: Feedback: [8]
[INFO] [1733667308.929858007] [fibonacci_action_server]: Feedback: [13]
[INFO] [1733667309.441182049] [fibonacci_action_server]: Feedback: [13]
[INFO] [1733667309.859739176] [fibonacci_action_server]: Feedback: [13]
[INFO] [1733667309.930433869] [fibonacci_action_server]: Feedback: [21]
[INFO] [1733667310.441704754] [fibonacci_action_server]: Feedback: [21]
[INFO] [1733667310.860220893] [fibonacci_action_server]: Feedback: [21]
[INFO] [1733667310.930755674] [fibonacci_action_server]: Feedback: [34]
[INFO] [1733667311.442223458] [fibonacci_action_server]: Feedback: [34]
[INFO] [1733667311.860550270] [fibonacci_action_server]: Feedback: [34]
[INFO] [1733667311.931050577] [fibonacci_action_server]: Feedback: [55]
[INFO] [1733667312.442705423] [fibonacci_action_server]: Feedback: [55]
[INFO] [1733667312.861009987] [fibonacci_action_server]: Feedback: [55]
[INFO] [1733667312.931382018] [fibonacci_action_server]: Goal succeeded
[INFO] [1733667313.165441830] [fibonacci_action_server]: Received goal request with order 10
[INFO] [1733667313.165677473] [fibonacci_action_server]: Executing goal...
[INFO] [1733667313.165840626] [fibonacci_action_server]: Feedback: [1]
[INFO] [1733667313.443031829] [fibonacci_action_server]: Goal succeeded
[INFO] [1733667313.676371542] [fibonacci_action_server]: Received goal request with order 10
[INFO] [1733667313.676621341] [fibonacci_action_server]: Executing goal...
[INFO] [1733667313.676766362] [fibonacci_action_server]: Feedback: [1]
[INFO] [1733667313.861645244] [fibonacci_action_server]: Goal succeeded
[INFO] [1733667314.166077088] [fibonacci_action_server]: Feedback: [2]
[INFO] [1733667314.191856904] [fibonacci_action_server]: Received goal request with order 10
[INFO] [1733667314.192095622] [fibonacci_action_server]: Executing goal...
[INFO] [1733667314.192265921] [fibonacci_action_server]: Feedback: [1]
[INFO] [1733667314.677046778] [fibonacci_action_server]: Feedback: [2]
[INFO] [1733667315.166657912] [fibonacci_action_server]: Feedback: [3]
[INFO] [1733667315.192647792] [fibonacci_action_server]: Feedback: [2]
[INFO] [1733667315.677515260] [fibonacci_action_server]: Feedback: [3]
[INFO] [1733667316.166907310] [fibonacci_action_server]: Feedback: [5]
[INFO] [1733667316.193051367] [fibonacci_action_server]: Feedback: [3]
[INFO] [1733667316.677754220] [fibonacci_action_server]: Feedback: [5]
[INFO] [1733667317.167589207] [fibonacci_action_server]: Feedback: [8]
[INFO] [1733667317.193288834] [fibonacci_action_server]: Feedback: [5]
[INFO] [1733667317.678353854] [fibonacci_action_server]: Feedback: [8]
[INFO] [1733667318.168255119] [fibonacci_action_server]: Feedback: [13]
[INFO] [1733667318.193830708] [fibonacci_action_server]: Feedback: [8]
[INFO] [1733667318.678860500] [fibonacci_action_server]: Feedback: [13]
[INFO] [1733667319.168705737] [fibonacci_action_server]: Feedback: [21]
[INFO] [1733667319.194426102] [fibonacci_action_server]: Feedback: [13]
[INFO] [1733667319.679113274] [fibonacci_action_server]: Feedback: [21]
[INFO] [1733667320.169429962] [fibonacci_action_server]: Feedback: [34]
[INFO] [1733667320.194917757] [fibonacci_action_server]: Feedback: [21]
[INFO] [1733667320.679702827] [fibonacci_action_server]: Feedback: [34]
[INFO] [1733667321.169937336] [fibonacci_action_server]: Feedback: [55]
[INFO] [1733667321.195562100] [fibonacci_action_server]: Feedback: [34]
[INFO] [1733667321.680254461] [fibonacci_action_server]: Feedback: [55]
[INFO] [1733667322.170235316] [fibonacci_action_server]: Goal succeeded
[INFO] [1733667322.195980605] [fibonacci_action_server]: Feedback: [55]
[INFO] [1733667322.503314806] [fibonacci_action_server]: Received goal request with order 10
[INFO] [1733667322.503629667] [fibonacci_action_server]: Executing goal...
[INFO] [1733667322.503755188] [fibonacci_action_server]: Feedback: [1]
[INFO] [1733667322.680724628] [fibonacci_action_server]: Goal succeeded
[INFO] [1733667323.013998983] [fibonacci_action_server]: Received goal request with order 10
[INFO] [1733667323.014342387] [fibonacci_action_server]: Executing goal...
[INFO] [1733667323.014494772] [fibonacci_action_server]: Feedback: [1]
[INFO] [1733667323.196294801] [fibonacci_action_server]: Goal succeeded
[INFO] [1733667323.504264048] [fibonacci_action_server]: Feedback: [2]
[INFO] [1733667323.530082846] [fibonacci_action_server]: Received goal request with order 10
[INFO] [1733667323.530322330] [fibonacci_action_server]: Executing goal...
[INFO] [1733667323.530508587] [fibonacci_action_server]: Feedback: [1]
[INFO] [1733667324.015018807] [fibonacci_action_server]: Feedback: [2]
[INFO] [1733667324.504707349] [fibonacci_action_server]: Feedback: [3]
[INFO] [1733667324.530731536] [fibonacci_action_server]: Feedback: [2]
[INFO] [1733667325.015290326] [fibonacci_action_server]: Feedback: [3]
[INFO] [1733667325.505037483] [fibonacci_action_server]: Feedback: [5]
[INFO] [1733667325.531336281] [fibonacci_action_server]: Feedback: [3]
[INFO] [1733667326.015817503] [fibonacci_action_server]: Feedback: [5]
[INFO] [1733667326.505572997] [fibonacci_action_server]: Feedback: [8]
[INFO] [1733667326.531853199] [fibonacci_action_server]: Feedback: [5]
[INFO] [1733667327.016249020] [fibonacci_action_server]: Feedback: [8]
[INFO] [1733667327.505814631] [fibonacci_action_server]: Feedback: [13]
[INFO] [1733667327.532101219] [fibonacci_action_server]: Feedback: [8]
[INFO] [1733667328.016690561] [fibonacci_action_server]: Feedback: [13]
[INFO] [1733667328.506368173] [fibonacci_action_server]: Feedback: [21]
[INFO] [1733667328.532345044] [fibonacci_action_server]: Feedback: [13]
[INFO] [1733667329.017054766] [fibonacci_action_server]: Feedback: [21]
[INFO] [1733667329.506586871] [fibonacci_action_server]: Feedback: [34]
[INFO] [1733667329.532595931] [fibonacci_action_server]: Feedback: [21]
[INFO] [1733667330.017322561] [fibonacci_action_server]: Feedback: [34]
[INFO] [1733667330.507253559] [fibonacci_action_server]: Feedback: [55]
[INFO] [1733667330.532788042] [fibonacci_action_server]: Feedback: [34]
[INFO] [1733667331.017816421] [fibonacci_action_server]: Feedback: [55]
[INFO] [1733667331.507935132] [fibonacci_action_server]: Goal succeeded
[INFO] [1733667331.533148466] [fibonacci_action_server]: Feedback: [55]
[INFO] [1733667331.837467252] [fibonacci_action_server]: Received goal request with order 10
[INFO] [1733667331.837810891] [fibonacci_action_server]: Executing goal...
[INFO] [1733667331.837942747] [fibonacci_action_server]: Feedback: [1]
[INFO] [1733667332.018392298] [fibonacci_action_server]: Goal succeeded
[INFO] [1733667332.350308045] [fibonacci_action_server]: Received goal request with order 10
[INFO] [1733667332.350567705] [fibonacci_action_server]: Executing goal...
[INFO] [1733667332.350707089] [fibonacci_action_server]: Feedback: [1]
[INFO] [1733667332.533626059] [fibonacci_action_server]: Goal succeeded
[INFO] [1733667332.838563127] [fibonacci_action_server]: Feedback: [2]
[INFO] [1733667332.867363112] [fibonacci_action_server]: Received goal request with order 10
[INFO] [1733667332.867533173] [fibonacci_action_server]: Executing goal...
[INFO] [1733667332.867645104] [fibonacci_action_server]: Feedback: [1]
[INFO] [1733667333.351232068] [fibonacci_action_server]: Feedback: [2]
[INFO] [1733667333.839139401] [fibonacci_action_server]: Feedback: [3]
[INFO] [1733667333.868211050] [fibonacci_action_server]: Feedback: [2]
[INFO] [1733667334.351833084] [fibonacci_action_server]: Feedback: [3]
[INFO] [1733667334.839376603] [fibonacci_action_server]: Feedback: [5]
[INFO] [1733667334.868496777] [fibonacci_action_server]: Feedback: [3]
[INFO] [1733667335.352047054] [fibonacci_action_server]: Feedback: [5]
[INFO] [1733667335.839979204] [fibonacci_action_server]: Feedback: [8]
[INFO] [1733667335.868743754] [fibonacci_action_server]: Feedback: [5]
[INFO] [1733667336.352271926] [fibonacci_action_server]: Feedback: [8]
[INFO] [1733667336.840251150] [fibonacci_action_server]: Feedback: [13]
[INFO] [1733667336.868939110] [fibonacci_action_server]: Feedback: [8]
[INFO] [1733667337.352703879] [fibonacci_action_server]: Feedback: [13]
[INFO] [1733667337.840609487] [fibonacci_action_server]: Feedback: [21]
[INFO] [1733667337.869239454] [fibonacci_action_server]: Feedback: [13]
[INFO] [1733667338.352968172] [fibonacci_action_server]: Feedback: [21]
[INFO] [1733667338.841010049] [fibonacci_action_server]: Feedback: [34]
[INFO] [1733667338.869766410] [fibonacci_action_server]: Feedback: [21]
[INFO] [1733667339.353363781] [fibonacci_action_server]: Feedback: [34]
[INFO] [1733667339.841530382] [fibonacci_action_server]: Feedback: [55]
[INFO] [1733667339.870322945] [fibonacci_action_server]: Feedback: [34]
[INFO] [1733667340.353633745] [fibonacci_action_server]: Feedback: [55]
[INFO] [1733667340.842137133] [fibonacci_action_server]: Goal succeeded
[INFO] [1733667340.870692012] [fibonacci_action_server]: Feedback: [55]
[INFO] [1733667341.174559742] [fibonacci_action_server]: Received goal request with order 10
[INFO] [1733667341.174860868] [fibonacci_action_server]: Executing goal...
[INFO] [1733667341.175085805] [fibonacci_action_server]: Feedback: [1]
[INFO] [1733667341.354330756] [fibonacci_action_server]: Goal succeeded
[INFO] [1733667341.687716980] [fibonacci_action_server]: Received goal request with order 10
[INFO] [1733667341.688022942] [fibonacci_action_server]: Executing goal...
[INFO] [1733667341.688143759] [fibonacci_action_server]: Feedback: [1]
[INFO] [1733667341.871099279] [fibonacci_action_server]: Goal succeeded
[INFO] [1733667342.175614101] [fibonacci_action_server]: Feedback: [2]
[INFO] [1733667342.205507309] [fibonacci_action_server]: Received goal request with order 10
[INFO] [1733667342.205726325] [fibonacci_action_server]: Executing goal...
[INFO] [1733667342.205866852] [fibonacci_action_server]: Feedback: [1]
[INFO] [1733667342.688359700] [fibonacci_action_server]: Feedback: [2]
[INFO] [1733667343.175927905] [fibonacci_action_server]: Feedback: [3]
[INFO] [1733667343.206377663] [fibonacci_action_server]: Feedback: [2]
[INFO] [1733667343.688600484] [fibonacci_action_server]: Feedback: [3]
[INFO] [1733667344.176272995] [fibonacci_action_server]: Feedback: [5]
[INFO] [1733667344.207017365] [fibonacci_action_server]: Feedback: [3]
[INFO] [1733667344.688890129] [fibonacci_action_server]: Feedback: [5]
[INFO] [1733667345.176730813] [fibonacci_action_server]: Feedback: [8]
[INFO] [1733667345.207592406] [fibonacci_action_server]: Feedback: [5]
[INFO] [1733667345.689333646] [fibonacci_action_server]: Feedback: [8]
[INFO] [1733667346.177028274] [fibonacci_action_server]: Feedback: [13]
[INFO] [1733667346.208133047] [fibonacci_action_server]: Feedback: [8]
[INFO] [1733667346.689880687] [fibonacci_action_server]: Feedback: [13]
[INFO] [1733667347.177596382] [fibonacci_action_server]: Feedback: [21]
[INFO] [1733667347.208784425] [fibonacci_action_server]: Feedback: [13]
[INFO] [1733667347.690413268] [fibonacci_action_server]: Feedback: [21]
[INFO] [1733667348.177863052] [fibonacci_action_server]: Feedback: [34]
[INFO] [1733667348.209104297] [fibonacci_action_server]: Feedback: [21]
[INFO] [1733667348.690751012] [fibonacci_action_server]: Feedback: [34]
[INFO] [1733667349.178342444] [fibonacci_action_server]: Feedback: [55]
[INFO] [1733667349.209332490] [fibonacci_action_server]: Feedback: [34]
[INFO] [1733667349.691488363] [fibonacci_action_server]: Feedback: [55]
[INFO] [1733667350.178947313] [fibonacci_action_server]: Goal succeeded
[INFO] [1733667350.209887521] [fibonacci_action_server]: Feedback: [55]
[INFO] [1733667350.513019797] [fibonacci_action_server]: Received goal request with order 10
[INFO] [1733667350.513265579] [fibonacci_action_server]: Executing goal...
[INFO] [1733667350.513409511] [fibonacci_action_server]: Feedback: [1]
[INFO] [1733667350.692165119] [fibonacci_action_server]: Goal succeeded
[INFO] [1733667351.026473998] [fibonacci_action_server]: Received goal request with order 10
[INFO] [1733667351.026670969] [fibonacci_action_server]: Executing goal...
[INFO] [1733667351.026736100] [fibonacci_action_server]: Feedback: [1]
[INFO] [1733667351.210461105] [fibonacci_action_server]: Goal succeeded
[INFO] [1733667351.513907005] [fibonacci_action_server]: Feedback: [2]
[INFO] [1733667351.542736080] [fibonacci_action_server]: Received goal request with order 10
[INFO] [1733667351.543109381] [fibonacci_action_server]: Executing goal...
[INFO] [1733667351.543283851] [fibonacci_action_server]: Feedback: [1]
[INFO] [1733667352.027250817] [fibonacci_action_server]: Feedback: [2]
[INFO] [1733667352.514429529] [fibonacci_action_server]: Feedback: [3]
[INFO] [1733667352.543861023] [fibonacci_action_server]: Feedback: [2]
[INFO] [1733667353.027582823] [fibonacci_action_server]: Feedback: [3]
[INFO] [1733667353.514693670] [fibonacci_action_server]: Feedback: [5]
[INFO] [1733667353.544200140] [fibonacci_action_server]: Feedback: [3]
[INFO] [1733667354.027977755] [fibonacci_action_server]: Feedback: [5]
[INFO] [1733667354.515251608] [fibonacci_action_server]: Feedback: [8]
[INFO] [1733667354.544554373] [fibonacci_action_server]: Feedback: [5]
[INFO] [1733667355.028299583] [fibonacci_action_server]: Feedback: [8]
[INFO] [1733667355.515509174] [fibonacci_action_server]: Feedback: [13]
[INFO] [1733667355.544936489] [fibonacci_action_server]: Feedback: [8]
[INFO] [1733667356.028705176] [fibonacci_action_server]: Feedback: [13]
[INFO] [1733667356.516117701] [fibonacci_action_server]: Feedback: [21]
[INFO] [1733667356.545236346] [fibonacci_action_server]: Feedback: [13]
[INFO] [1733667357.028999130] [fibonacci_action_server]: Feedback: [21]
[INFO] [1733667357.516620095] [fibonacci_action_server]: Feedback: [34]
[INFO] [1733667357.545814871] [fibonacci_action_server]: Feedback: [21]
[INFO] [1733667358.029549364] [fibonacci_action_server]: Feedback: [34]
[INFO] [1733667358.516918634] [fibonacci_action_server]: Feedback: [55]
[INFO] [1733667358.546015836] [fibonacci_action_server]: Feedback: [34]
[INFO] [1733667359.029821389] [fibonacci_action_server]: Feedback: [55]
[INFO] [1733667359.517645487] [fibonacci_action_server]: Goal succeeded
[INFO] [1733667359.546616783] [fibonacci_action_server]: Feedback: [55]
[INFO] [1733667359.849475187] [fibonacci_action_server]: Received goal request with order 10
[INFO] [1733667359.849707447] [fibonacci_action_server]: Executing goal...
[INFO] [1733667359.849847177] [fibonacci_action_server]: Feedback: [1]
[INFO] [1733667360.030447056] [fibonacci_action_server]: Goal succeeded
[INFO] [1733667360.364244125] [fibonacci_action_server]: Received goal request with order 10
[INFO] [1733667360.364495554] [fibonacci_action_server]: Executing goal...
[INFO] [1733667360.364609973] [fibonacci_action_server]: Feedback: [1]
[INFO] [1733667360.547248007] [fibonacci_action_server]: Goal succeeded
[INFO] [1733667360.850367402] [fibonacci_action_server]: Feedback: [2]
[INFO] [1733667360.881014471] [fibonacci_action_server]: Received goal request with order 10
[INFO] [1733667360.881238503] [fibonacci_action_server]: Executing goal...
[INFO] [1733667360.881344494] [fibonacci_action_server]: Feedback: [1]
[INFO] [1733667361.364949878] [fibonacci_action_server]: Feedback: [2]
[INFO] [1733667361.850993173] [fibonacci_action_server]: Feedback: [3]
[INFO] [1733667361.881591607] [fibonacci_action_server]: Feedback: [2]
[INFO] [1733667362.365677845] [fibonacci_action_server]: Feedback: [3]
[INFO] [1733667362.851558476] [fibonacci_action_server]: Feedback: [5]
[INFO] [1733667362.881893997] [fibonacci_action_server]: Feedback: [3]
[INFO] [1733667363.366194667] [fibonacci_action_server]: Feedback: [5]
[INFO] [1733667363.851977768] [fibonacci_action_server]: Feedback: [8]
[INFO] [1733667363.882183146] [fibonacci_action_server]: Feedback: [5]
[INFO] [1733667364.366476114] [fibonacci_action_server]: Feedback: [8]
[INFO] [1733667364.852216685] [fibonacci_action_server]: Feedback: [13]
[INFO] [1733667364.882492425] [fibonacci_action_server]: Feedback: [8]
[INFO] [1733667365.366962372] [fibonacci_action_server]: Feedback: [13]
[INFO] [1733667365.852478763] [fibonacci_action_server]: Feedback: [21]
[INFO] [1733667365.883052681] [fibonacci_action_server]: Feedback: [13]
[INFO] [1733667366.367166933] [fibonacci_action_server]: Feedback: [21]
[INFO] [1733667366.853382887] [fibonacci_action_server]: Feedback: [34]
[INFO] [1733667366.883327969] [fibonacci_action_server]: Feedback: [21]
[INFO] [1733667367.367697631] [fibonacci_action_server]: Feedback: [34]
[INFO] [1733667367.853922881] [fibonacci_action_server]: Feedback: [55]
[INFO] [1733667367.883758014] [fibonacci_action_server]: Feedback: [34]
[INFO] [1733667368.368223143] [fibonacci_action_server]: Feedback: [55]
[INFO] [1733667368.854525667] [fibonacci_action_server]: Goal succeeded
[INFO] [1733667368.884205464] [fibonacci_action_server]: Feedback: [55]
[INFO] [1733667369.187279093] [fibonacci_action_server]: Received goal request with order 10
[INFO] [1733667369.187603628] [fibonacci_action_server]: Executing goal...
[INFO] [1733667369.187735398] [fibonacci_action_server]: Feedback: [1]
[INFO] [1733667369.368747156] [fibonacci_action_server]: Goal succeeded
[INFO] [1733667369.701486972] [fibonacci_action_server]: Received goal request with order 10
[INFO] [1733667369.701696779] [fibonacci_action_server]: Executing goal...
[INFO] [1733667369.701756475] [fibonacci_action_server]: Feedback: [1]
[INFO] [1733667369.884590019] [fibonacci_action_server]: Goal succeeded
[INFO] [1733667370.188250661] [fibonacci_action_server]: Feedback: [2]
[INFO] [1733667370.219079681] [fibonacci_action_server]: Received goal request with order 10
[INFO] [1733667370.219389730] [fibonacci_action_server]: Executing goal...
[INFO] [1733667370.219496381] [fibonacci_action_server]: Feedback: [1]
[INFO] [1733667370.701938249] [fibonacci_action_server]: Feedback: [2]
[INFO] [1733667371.188633445] [fibonacci_action_server]: Feedback: [3]
[INFO] [1733667371.220121498] [fibonacci_action_server]: Feedback: [2]
[INFO] [1733667371.702216590] [fibonacci_action_server]: Feedback: [3]
[INFO] [1733667372.188869299] [fibonacci_action_server]: Feedback: [5]
[INFO] [1733667372.220378074] [fibonacci_action_server]: Feedback: [3]
[INFO] [1733667372.702615734] [fibonacci_action_server]: Feedback: [5]
[INFO] [1733667373.189111773] [fibonacci_action_server]: Feedback: [8]
[INFO] [1733667373.220788560] [fibonacci_action_server]: Feedback: [5]
[INFO] [1733667373.703092591] [fibonacci_action_server]: Feedback: [8]
[INFO] [1733667374.189415118] [fibonacci_action_server]: Feedback: [13]
[INFO] [1733667374.221179759] [fibonacci_action_server]: Feedback: [8]
[INFO] [1733667374.703676007] [fibonacci_action_server]: Feedback: [13]
[INFO] [1733667375.189960684] [fibonacci_action_server]: Feedback: [21]
[INFO] [1733667375.221413905] [fibonacci_action_server]: Feedback: [13]
[INFO] [1733667375.704288026] [fibonacci_action_server]: Feedback: [21]
[INFO] [1733667376.190532576] [fibonacci_action_server]: Feedback: [34]
[INFO] [1733667376.221949484] [fibonacci_action_server]: Feedback: [21]
[INFO] [1733667376.704708694] [fibonacci_action_server]: Feedback: [34]
[INFO] [1733667377.191058828] [fibonacci_action_server]: Feedback: [55]
[INFO] [1733667377.222478435] [fibonacci_action_server]: Feedback: [34]
[INFO] [1733667377.705004574] [fibonacci_action_server]: Feedback: [55]
[INFO] [1733667378.191639909] [fibonacci_action_server]: Goal succeeded
[INFO] [1733667378.222721255] [fibonacci_action_server]: Feedback: [55]
[INFO] [1733667378.526867777] [fibonacci_action_server]: Received goal request with order 10
[INFO] [1733667378.527143848] [fibonacci_action_server]: Executing goal...
[INFO] [1733667378.527287926] [fibonacci_action_server]: Feedback: [1]
[INFO] [1733667378.705384007] [fibonacci_action_server]: Goal succeeded
[INFO] [1733667379.039224713] [fibonacci_action_server]: Received goal request with order 10
[INFO] [1733667379.039461974] [fibonacci_action_server]: Executing goal...
[INFO] [1733667379.039585042] [fibonacci_action_server]: Feedback: [1]
[INFO] [1733667379.223173209] [fibonacci_action_server]: Goal succeeded
[INFO] [1733667379.527810698] [fibonacci_action_server]: Feedback: [2]
[INFO] [1733667379.555329950] [fibonacci_action_server]: Received goal request with order 10
[INFO] [1733667379.555637143] [fibonacci_action_server]: Executing goal...
[INFO] [1733667379.555753495] [fibonacci_action_server]: Feedback: [1]
[INFO] [1733667380.040004878] [fibonacci_action_server]: Feedback: [2]
[INFO] [1733667380.528528470] [fibonacci_action_server]: Feedback: [3]
[INFO] [1733667380.555969472] [fibonacci_action_server]: Feedback: [2]
[INFO] [1733667381.040223905] [fibonacci_action_server]: Feedback: [3]
[INFO] [1733667381.528883859] [fibonacci_action_server]: Feedback: [5]
[INFO] [1733667381.556334424] [fibonacci_action_server]: Feedback: [3]
[INFO] [1733667382.040769136] [fibonacci_action_server]: Feedback: [5]
[INFO] [1733667382.529314640] [fibonacci_action_server]: Feedback: [8]
[INFO] [1733667382.556702307] [fibonacci_action_server]: Feedback: [5]
[INFO] [1733667383.041076517] [fibonacci_action_server]: Feedback: [8]
[INFO] [1733667383.529865741] [fibonacci_action_server]: Feedback: [13]
[INFO] [1733667383.557001693] [fibonacci_action_server]: Feedback: [8]
[INFO] [1733667384.041283710] [fibonacci_action_server]: Feedback: [13]
[INFO] [1733667384.530438521] [fibonacci_action_server]: Feedback: [21]
[INFO] [1733667384.557509944] [fibonacci_action_server]: Feedback: [13]
[INFO] [1733667385.041607741] [fibonacci_action_server]: Feedback: [21]
[INFO] [1733667385.530676296] [fibonacci_action_server]: Feedback: [34]
[INFO] [1733667385.557798831] [fibonacci_action_server]: Feedback: [21]
[INFO] [1733667386.041918004] [fibonacci_action_server]: Feedback: [34]
[INFO] [1733667386.530950405] [fibonacci_action_server]: Feedback: [55]
[INFO] [1733667386.558443256] [fibonacci_action_server]: Feedback: [34]
[INFO] [1733667387.042459984] [fibonacci_action_server]: Feedback: [55]
[INFO] [1733667387.531527060] [fibonacci_action_server]: Goal succeeded
[INFO] [1733667387.558831583] [fibonacci_action_server]: Feedback: [55]
[INFO] [1733667387.863472919] [fibonacci_action_server]: Received goal request with order 10
[INFO] [1733667387.863688675] [fibonacci_action_server]: Executing goal...
[INFO] [1733667387.863749109] [fibonacci_action_server]: Feedback: [1]
[INFO] [1733667388.043096932] [fibonacci_action_server]: Goal succeeded
[INFO] [1733667388.376930778] [fibonacci_action_server]: Received goal request with order 10
[INFO] [1733667388.377106686] [fibonacci_action_server]: Executing goal...
[INFO] [1733667388.377166879] [fibonacci_action_server]: Feedback: [1]
[INFO] [1733667388.559204594] [fibonacci_action_server]: Goal succeeded
[INFO] [1733667388.864237135] [fibonacci_action_server]: Feedback: [2]
[INFO] [1733667388.893973705] [fibonacci_action_server]: Received goal request with order 10
[INFO] [1733667388.894355940] [fibonacci_action_server]: Executing goal...
[INFO] [1733667388.894499771] [fibonacci_action_server]: Feedback: [1]
[INFO] [1733667389.377422393] [fibonacci_action_server]: Feedback: [2]
[INFO] [1733667389.864648589] [fibonacci_action_server]: Feedback: [3]
[INFO] [1733667389.895007080] [fibonacci_action_server]: Feedback: [2]
[INFO] [1733667390.377721657] [fibonacci_action_server]: Feedback: [3]
[INFO] [1733667390.864863603] [fibonacci_action_server]: Feedback: [5]
[INFO] [1733667390.895313388] [fibonacci_action_server]: Feedback: [3]
[INFO] [1733667391.378003474] [fibonacci_action_server]: Feedback: [5]
[INFO] [1733667391.865452054] [fibonacci_action_server]: Feedback: [8]
[INFO] [1733667391.895858935] [fibonacci_action_server]: Feedback: [5]
[INFO] [1733667392.378566982] [fibonacci_action_server]: Feedback: [8]
[INFO] [1733667392.865996539] [fibonacci_action_server]: Feedback: [13]
[INFO] [1733667392.896210418] [fibonacci_action_server]: Feedback: [8]
[INFO] [1733667393.379141464] [fibonacci_action_server]: Feedback: [13]
[INFO] [1733667393.866609110] [fibonacci_action_server]: Feedback: [21]
[INFO] [1733667393.896484349] [fibonacci_action_server]: Feedback: [13]
[INFO] [1733667394.379683781] [fibonacci_action_server]: Feedback: [21]
[INFO] [1733667394.867088596] [fibonacci_action_server]: Feedback: [34]
[INFO] [1733667394.896881524] [fibonacci_action_server]: Feedback: [21]
[INFO] [1733667395.380259411] [fibonacci_action_server]: Feedback: [34]
[INFO] [1733667395.867638904] [fibonacci_action_server]: Feedback: [55]
[INFO] [1733667395.897248164] [fibonacci_action_server]: Feedback: [34]
[INFO] [1733667396.380579602] [fibonacci_action_server]: Feedback: [55]
[INFO] [1733667396.868360030] [fibonacci_action_server]: Goal succeeded
[INFO] [1733667396.897935796] [fibonacci_action_server]: Feedback: [55]
[INFO] [1733667397.201880428] [fibonacci_action_server]: Received goal request with order 10
[INFO] [1733667397.202145744] [fibonacci_action_server]: Executing goal...
[INFO] [1733667397.202328127] [fibonacci_action_server]: Feedback: [1]
[INFO] [1733667397.381046526] [fibonacci_action_server]: Goal succeeded
[INFO] [1733667397.713249918] [fibonacci_action_server]: Received goal request with order 10
[INFO] [1733667397.713537683] [fibonacci_action_server]: Executing goal...
[INFO] [1733667397.713669527] [fibonacci_action_server]: Feedback: [1]
[INFO] [1733667397.898533094] [fibonacci_action_server]: Goal succeeded
[INFO] [1733667398.202845860] [fibonacci_action_server]: Feedback: [2]
[INFO] [1733667398.232782998] [fibonacci_action_server]: Received goal request with order 10
[INFO] [1733667398.233107751] [fibonacci_action_server]: Executing goal...
[INFO] [1733667398.233214957] [fibonacci_action_server]: Feedback: [1]
[INFO] [1733667398.714223436] [fibonacci_action_server]: Feedback: [2]
[INFO] [1733667399.203547165] [fibonacci_action_server]: Feedback: [3]
[INFO] [1733667399.233440409] [fibonacci_action_server]: Feedback: [2]
[INFO] [1733667399.714779696] [fibonacci_action_server]: Feedback: [3]
[INFO] [1733667400.204181468] [fibonacci_action_server]: Feedback: [5]
[INFO] [1733667400.234011810] [fibonacci_action_server]: Feedback: [3]
[INFO] [1733667400.715296999] [fibonacci_action_server]: Feedback: [5]
[INFO] [1733667401.204421381] [fibonacci_action_server]: Feedback: [8]
[INFO] [1733667401.234366144] [fibonacci_action_server]: Feedback: [5]
[INFO] [1733667401.715582198] [fibonacci_action_server]: Feedback: [8]
[INFO] [1733667402.204911758] [fibonacci_action_server]: Feedback: [13]
[INFO] [1733667402.234899223] [fibonacci_action_server]: Feedback: [8]
[INFO] [1733667402.716132651] [fibonacci_action_server]: Feedback: [13]
[INFO] [1733667403.205392740] [fibonacci_action_server]: Feedback: [21]
[INFO] [1733667403.235327923] [fibonacci_action_server]: Feedback: [13]
[INFO] [1733667403.716447156] [fibonacci_action_server]: Feedback: [21]
[INFO] [1733667404.205667179] [fibonacci_action_server]: Feedback: [34]
[INFO] [1733667404.235548640] [fibonacci_action_server]: Feedback: [21]
[INFO] [1733667404.717161252] [fibonacci_action_server]: Feedback: [34]
[INFO] [1733667405.206190589] [fibonacci_action_server]: Feedback: [55]
[INFO] [1733667405.236178478] [fibonacci_action_server]: Feedback: [34]
[INFO] [1733667405.717692637] [fibonacci_action_server]: Feedback: [55]
[INFO] [1733667406.206843150] [fibonacci_action_server]: Goal succeeded
[INFO] [1733667406.236615798] [fibonacci_action_server]: Feedback: [55]
[INFO] [1733667406.538970015] [fibonacci_action_server]: Received goal request with order 10
[INFO] [1733667406.539297330] [fibonacci_action_server]: Executing goal...
[INFO] [1733667406.539444747] [fibonacci_action_server]: Feedback: [1]
[INFO] [1733667406.718299183] [fibonacci_action_server]: Goal succeeded
[INFO] [1733667407.050697486] [fibonacci_action_server]: Received goal request with order 10
[INFO] [1733667407.050913457] [fibonacci_action_server]: Executing goal...
[INFO] [1733667407.050973967] [fibonacci_action_server]: Feedback: [1]
[INFO] [1733667407.237025206] [fibonacci_action_server]: Goal succeeded
[INFO] [1733667407.539839518] [fibonacci_action_server]: Feedback: [2]
[INFO] [1733667407.570593260] [fibonacci_action_server]: Received goal request with order 10
[INFO] [1733667407.571019661] [fibonacci_action_server]: Executing goal...
[INFO] [1733667407.571128626] [fibonacci_action_server]: Feedback: [1]
[INFO] [1733667408.051527516] [fibonacci_action_server]: Feedback: [2]
[INFO] [1733667408.540180402] [fibonacci_action_server]: Feedback: [3]
[INFO] [1733667408.571689326] [fibonacci_action_server]: Feedback: [2]
[INFO] [1733667409.051831817] [fibonacci_action_server]: Feedback: [3]
[INFO] [1733667409.540423274] [fibonacci_action_server]: Feedback: [5]
[INFO] [1733667409.571952833] [fibonacci_action_server]: Feedback: [3]
[INFO] [1733667410.052081274] [fibonacci_action_server]: Feedback: [5]
[INFO] [1733667410.540762816] [fibonacci_action_server]: Feedback: [8]
[INFO] [1733667410.572427173] [fibonacci_action_server]: Feedback: [5]
[INFO] [1733667411.052510958] [fibonacci_action_server]: Feedback: [8]
[INFO] [1733667411.541207999] [fibonacci_action_server]: Feedback: [13]
[INFO] [1733667411.572976954] [fibonacci_action_server]: Feedback: [8]
[INFO] [1733667412.052927453] [fibonacci_action_server]: Feedback: [13]
[INFO] [1733667412.541791734] [fibonacci_action_server]: Feedback: [21]
[INFO] [1733667412.573512804] [fibonacci_action_server]: Feedback: [13]
[INFO] [1733667413.053581207] [fibonacci_action_server]: Feedback: [21]
[INFO] [1733667413.542313253] [fibonacci_action_server]: Feedback: [34]
[INFO] [1733667413.574070996] [fibonacci_action_server]: Feedback: [21]
[INFO] [1733667414.054165416] [fibonacci_action_server]: Feedback: [34]
[INFO] [1733667414.542872265] [fibonacci_action_server]: Feedback: [55]
[INFO] [1733667414.574605351] [fibonacci_action_server]: Feedback: [34]
[INFO] [1733667415.054423345] [fibonacci_action_server]: Feedback: [55]
[INFO] [1733667415.543331329] [fibonacci_action_server]: Goal succeeded
[INFO] [1733667415.574858028] [fibonacci_action_server]: Feedback: [55]
[INFO] [1733667415.876488468] [fibonacci_action_server]: Received goal request with order 10
[INFO] [1733667415.876698086] [fibonacci_action_server]: Executing goal...
[INFO] [1733667415.876874512] [fibonacci_action_server]: Feedback: [1]
[INFO] [1733667416.055000171] [fibonacci_action_server]: Goal succeeded
[INFO] [1733667416.387031098] [fibonacci_action_server]: Received goal request with order 10
[INFO] [1733667416.387323608] [fibonacci_action_server]: Executing goal...
[INFO] [1733667416.387486669] [fibonacci_action_server]: Feedback: [1]
[INFO] [1733667416.575345486] [fibonacci_action_server]: Goal succeeded
[INFO] [1733667416.877197785] [fibonacci_action_server]: Feedback: [2]
[INFO] [1733667416.909357894] [fibonacci_action_server]: Received goal request with order 10
[INFO] [1733667416.909668843] [fibonacci_action_server]: Executing goal...
[INFO] [1733667416.909789735] [fibonacci_action_server]: Feedback: [1]
[INFO] [1733667417.388111541] [fibonacci_action_server]: Feedback: [2]
[INFO] [1733667417.877520230] [fibonacci_action_server]: Feedback: [3]
[INFO] [1733667417.910347008] [fibonacci_action_server]: Feedback: [2]
[INFO] [1733667418.388736899] [fibonacci_action_server]: Feedback: [3]
[INFO] [1733667418.877851917] [fibonacci_action_server]: Feedback: [5]
[INFO] [1733667418.911029486] [fibonacci_action_server]: Feedback: [3]
[INFO] [1733667419.389300699] [fibonacci_action_server]: Feedback: [5]
[INFO] [1733667419.878436627] [fibonacci_action_server]: Feedback: [8]
[INFO] [1733667419.911596098] [fibonacci_action_server]: Feedback: [5]
[INFO] [1733667420.389583116] [fibonacci_action_server]: Feedback: [8]
[INFO] [1733667420.879127612] [fibonacci_action_server]: Feedback: [13]
[INFO] [1733667420.911883153] [fibonacci_action_server]: Feedback: [8]
[INFO] [1733667421.390160835] [fibonacci_action_server]: Feedback: [13]
[INFO] [1733667421.879427358] [fibonacci_action_server]: Feedback: [21]
[INFO] [1733667421.912177306] [fibonacci_action_server]: Feedback: [13]
[INFO] [1733667422.390428634] [fibonacci_action_server]: Feedback: [21]
[INFO] [1733667422.879702346] [fibonacci_action_server]: Feedback: [34]
[INFO] [1733667422.912454251] [fibonacci_action_server]: Feedback: [21]
[INFO] [1733667423.390690911] [fibonacci_action_server]: Feedback: [34]
[INFO] [1733667423.880341611] [fibonacci_action_server]: Feedback: [55]
[INFO] [1733667423.913137337] [fibonacci_action_server]: Feedback: [34]
[INFO] [1733667424.391124138] [fibonacci_action_server]: Feedback: [55]
[INFO] [1733667424.880831454] [fibonacci_action_server]: Goal succeeded
[INFO] [1733667424.913656812] [fibonacci_action_server]: Feedback: [55]
[INFO] [1733667425.213511079] [fibonacci_action_server]: Received goal request with order 10
[INFO] [1733667425.213768769] [fibonacci_action_server]: Executing goal...
[INFO] [1733667425.213944561] [fibonacci_action_server]: Feedback: [1]
[INFO] [1733667425.391745904] [fibonacci_action_server]: Goal succeeded
[INFO] [1733667425.724268336] [fibonacci_action_server]: Received goal request with order 10
[INFO] [1733667425.724502121] [fibonacci_action_server]: Executing goal...
[INFO] [1733667425.724566297] [fibonacci_action_server]: Feedback: [1]
[INFO] [1733667425.914289424] [fibonacci_action_server]: Goal succeeded
[INFO] [1733667426.214455503] [fibonacci_action_server]: Feedback: [2]
[INFO] [1733667426.245535187] [fibonacci_action_server]: Received goal request with order 10
[INFO] [1733667426.245732663] [fibonacci_action_server]: Executing goal...
[INFO] [1733667426.245819805] [fibonacci_action_server]: Feedback: [1]
[INFO] [1733667426.724891059] [fibonacci_action_server]: Feedback: [2]
[INFO] [1733667427.215023855] [fibonacci_action_server]: Feedback: [3]
[INFO] [1733667427.246273252] [fibonacci_action_server]: Feedback: [2]
[INFO] [1733667427.725208255] [fibonacci_action_server]: Feedback: [3]
[INFO] [1733667428.215255793] [fibonacci_action_server]: Feedback: [5]
[INFO] [1733667428.246554389] [fibonacci_action_server]: Feedback: [3]
[INFO] [1733667428.725475180] [fibonacci_action_server]: Feedback: [5]
[INFO] [1733667429.215648914] [fibonacci_action_server]: Feedback: [8]
[INFO] [1733667429.247065940] [fibonacci_action_server]: Feedback: [5]
[INFO] [1733667429.726121452] [fibonacci_action_server]: Feedback: [8]
[INFO] [1733667430.216248095] [fibonacci_action_server]: Feedback: [13]
[INFO] [1733667430.247582894] [fibonacci_action_server]: Feedback: [8]
[INFO] [1733667430.726453980] [fibonacci_action_server]: Feedback: [13]
[INFO] [1733667431.216658362] [fibonacci_action_server]: Feedback: [21]
[INFO] [1733667431.247852268] [fibonacci_action_server]: Feedback: [13]
[INFO] [1733667431.726884320] [fibonacci_action_server]: Feedback: [21]
[INFO] [1733667432.217089773] [fibonacci_action_server]: Feedback: [34]
[INFO] [1733667432.248216582] [fibonacci_action_server]: Feedback: [21]
[INFO] [1733667432.727322315] [fibonacci_action_server]: Feedback: [34]
[INFO] [1733667433.217353515] [fibonacci_action_server]: Feedback: [55]
[INFO] [1733667433.248624000] [fibonacci_action_server]: Feedback: [34]
[INFO] [1733667433.727874926] [fibonacci_action_server]: Feedback: [55]
[INFO] [1733667434.217977271] [fibonacci_action_server]: Goal succeeded
[INFO] [1733667434.249013132] [fibonacci_action_server]: Feedback: [55]
[INFO] [1733667434.549426312] [fibonacci_action_server]: Received goal request with order 10
[INFO] [1733667434.549678776] [fibonacci_action_server]: Executing goal...
[INFO] [1733667434.549878432] [fibonacci_action_server]: Feedback: [1]
[INFO] [1733667434.728255787] [fibonacci_action_server]: Goal succeeded
[INFO] [1733667435.059169522] [fibonacci_action_server]: Received goal request with order 10
[INFO] [1733667435.059493668] [fibonacci_action_server]: Executing goal...
[INFO] [1733667435.059615324] [fibonacci_action_server]: Feedback: [1]
[INFO] [1733667435.249347613] [fibonacci_action_server]: Goal succeeded
[INFO] [1733667435.550085940] [fibonacci_action_server]: Feedback: [2]
[INFO] [1733667435.582830128] [fibonacci_action_server]: Received goal request with order 10
[INFO] [1733667435.583056589] [fibonacci_action_server]: Executing goal...
[INFO] [1733667435.583223287] [fibonacci_action_server]: Feedback: [1]
[INFO] [1733667436.059814076] [fibonacci_action_server]: Feedback: [2]
[INFO] [1733667436.550835008] [fibonacci_action_server]: Feedback: [3]
[INFO] [1733667436.583693353] [fibonacci_action_server]: Feedback: [2]
[INFO] [1733667437.060073368] [fibonacci_action_server]: Feedback: [3]
[INFO] [1733667437.551374914] [fibonacci_action_server]: Feedback: [5]
[INFO] [1733667437.584226409] [fibonacci_action_server]: Feedback: [3]
[INFO] [1733667438.060392030] [fibonacci_action_server]: Feedback: [5]
[INFO] [1733667438.552026984] [fibonacci_action_server]: Feedback: [8]
[INFO] [1733667438.584576342] [fibonacci_action_server]: Feedback: [5]
[INFO] [1733667439.060664332] [fibonacci_action_server]: Feedback: [8]
[INFO] [1733667439.552300656] [fibonacci_action_server]: Feedback: [13]
[INFO] [1733667439.585104161] [fibonacci_action_server]: Feedback: [8]
[INFO] [1733667440.060998939] [fibonacci_action_server]: Feedback: [13]
[INFO] [1733667440.552563710] [fibonacci_action_server]: Feedback: [21]
[INFO] [1733667440.585310576] [fibonacci_action_server]: Feedback: [13]
[INFO] [1733667441.061265480] [fibonacci_action_server]: Feedback: [21]
[INFO] [1733667441.552995699] [fibonacci_action_server]: Feedback: [34]
[INFO] [1733667441.585553948] [fibonacci_action_server]: Feedback: [21]
[INFO] [1733667442.061554394] [fibonacci_action_server]: Feedback: [34]
[INFO] [1733667442.553409426] [fibonacci_action_server]: Feedback: [55]
[INFO] [1733667442.585993224] [fibonacci_action_server]: Feedback: [34]
[INFO] [1733667443.062135990] [fibonacci_action_server]: Feedback: [55]
[INFO] [1733667443.553714808] [fibonacci_action_server]: Goal succeeded
[INFO] [1733667443.586508743] [fibonacci_action_server]: Feedback: [55]
[INFO] [1733667443.886182197] [fibonacci_action_server]: Received goal request with order 10
[INFO] [1733667443.886485935] [fibonacci_action_server]: Executing goal...
[INFO] [1733667443.886649725] [fibonacci_action_server]: Feedback: [1]
[INFO] [1733667444.062829363] [fibonacci_action_server]: Goal succeeded
[INFO] [1733667444.396380463] [fibonacci_action_server]: Received goal request with order 10
[INFO] [1733667444.396714481] [fibonacci_action_server]: Executing goal...
[INFO] [1733667444.396861643] [fibonacci_action_server]: Feedback: [1]
[INFO] [1733667444.587165127] [fibonacci_action_server]: Goal succeeded
[INFO] [1733667444.887107637] [fibonacci_action_server]: Feedback: [2]
[INFO] [1733667444.920504393] [fibonacci_action_server]: Received goal request with order 10
[INFO] [1733667444.920785462] [fibonacci_action_server]: Executing goal...
[INFO] [1733667444.920978824] [fibonacci_action_server]: Feedback: [1]
[INFO] [1733667445.397244200] [fibonacci_action_server]: Feedback: [2]
[INFO] [1733667445.887394546] [fibonacci_action_server]: Feedback: [3]
[INFO] [1733667445.921206377] [fibonacci_action_server]: Feedback: [2]
[INFO] [1733667446.397517585] [fibonacci_action_server]: Feedback: [3]
[INFO] [1733667446.887941913] [fibonacci_action_server]: Feedback: [5]
[INFO] [1733667446.921500830] [fibonacci_action_server]: Feedback: [3]
[INFO] [1733667447.397993084] [fibonacci_action_server]: Feedback: [5]
[INFO] [1733667447.888235796] [fibonacci_action_server]: Feedback: [8]
[INFO] [1733667447.921964769] [fibonacci_action_server]: Feedback: [5]
[INFO] [1733667448.398575519] [fibonacci_action_server]: Feedback: [8]
[INFO] [1733667448.888582117] [fibonacci_action_server]: Feedback: [13]
[INFO] [1733667448.922493965] [fibonacci_action_server]: Feedback: [8]
[INFO] [1733667449.399166723] [fibonacci_action_server]: Feedback: [13]
[INFO] [1733667449.889199841] [fibonacci_action_server]: Feedback: [21]
[INFO] [1733667449.923143290] [fibonacci_action_server]: Feedback: [13]
[INFO] [1733667450.399543870] [fibonacci_action_server]: Feedback: [21]
[INFO] [1733667450.889671709] [fibonacci_action_server]: Feedback: [34]
[INFO] [1733667450.923738981] [fibonacci_action_server]: Feedback: [21]
[INFO] [1733667451.400131376] [fibonacci_action_server]: Feedback: [34]
[INFO] [1733667451.890211580] [fibonacci_action_server]: Feedback: [55]
[INFO] [1733667451.924002120] [fibonacci_action_server]: Feedback: [34]
[INFO] [1733667452.400624605] [fibonacci_action_server]: Feedback: [55]
[INFO] [1733667452.890865212] [fibonacci_action_server]: Goal succeeded
[INFO] [1733667452.924407763] [fibonacci_action_server]: Feedback: [55]
[INFO] [1733667453.224243602] [fibonacci_action_server]: Received goal request with order 10
[INFO] [1733667453.224558254] [fibonacci_action_server]: Executing goal...
[INFO] [1733667453.224695411] [fibonacci_action_server]: Feedback: [1]
[INFO] [1733667453.400986270] [fibonacci_action_server]: Goal succeeded
[INFO] [1733667453.734794352] [fibonacci_action_server]: Received goal request with order 10
[INFO] [1733667453.735113816] [fibonacci_action_server]: Executing goal...
[INFO] [1733667453.735259246] [fibonacci_action_server]: Feedback: [1]
[INFO] [1733667453.924786055] [fibonacci_action_server]: Goal succeeded
[INFO] [1733667454.224911171] [fibonacci_action_server]: Feedback: [2]
[INFO] [1733667454.256999024] [fibonacci_action_server]: Received goal request with order 10
[INFO] [1733667454.257300149] [fibonacci_action_server]: Executing goal...
[INFO] [1733667454.257450152] [fibonacci_action_server]: Feedback: [1]
[INFO] [1733667454.735811910] [fibonacci_action_server]: Feedback: [2]
[INFO] [1733667455.225577763] [fibonacci_action_server]: Feedback: [3]
[INFO] [1733667455.257956638] [fibonacci_action_server]: Feedback: [2]
[INFO] [1733667455.736219132] [fibonacci_action_server]: Feedback: [3]
[INFO] [1733667456.226002501] [fibonacci_action_server]: Feedback: [5]
[INFO] [1733667456.258511214] [fibonacci_action_server]: Feedback: [3]
[INFO] [1733667456.736584531] [fibonacci_action_server]: Feedback: [5]
[INFO] [1733667457.226362827] [fibonacci_action_server]: Feedback: [8]
[INFO] [1733667457.258795531] [fibonacci_action_server]: Feedback: [5]
[INFO] [1733667457.737056246] [fibonacci_action_server]: Feedback: [8]
[INFO] [1733667458.226839230] [fibonacci_action_server]: Feedback: [13]
[INFO] [1733667458.259306933] [fibonacci_action_server]: Feedback: [8]
[INFO] [1733667458.737352449] [fibonacci_action_server]: Feedback: [13]
[INFO] [1733667459.227099385] [fibonacci_action_server]: Feedback: [21]
[INFO] [1733667459.259608152] [fibonacci_action_server]: Feedback: [13]
[INFO] [1733667459.737638933] [fibonacci_action_server]: Feedback: [21]
[INFO] [1733667460.227580974] [fibonacci_action_server]: Feedback: [34]
[INFO] [1733667460.260177520] [fibonacci_action_server]: Feedback: [21]
[INFO] [1733667460.738210195] [fibonacci_action_server]: Feedback: [34]
[INFO] [1733667461.228174146] [fibonacci_action_server]: Feedback: [55]
[INFO] [1733667461.260578056] [fibonacci_action_server]: Feedback: [34]
[INFO] [1733667461.738761522] [fibonacci_action_server]: Feedback: [55]
[INFO] [1733667462.228414921] [fibonacci_action_server]: Goal succeeded
[INFO] [1733667462.260932920] [fibonacci_action_server]: Feedback: [55]
[INFO] [1733667462.561092513] [fibonacci_action_server]: Received goal request with order 10
[INFO] [1733667462.561360191] [fibonacci_action_server]: Executing goal...
[INFO] [1733667462.561481323] [fibonacci_action_server]: Feedback: [1]
[INFO] [1733667462.739375986] [fibonacci_action_server]: Goal succeeded
[INFO] [1733667463.071257003] [fibonacci_action_server]: Received goal request with order 10
[INFO] [1733667463.071528481] [fibonacci_action_server]: Executing goal...
[INFO] [1733667463.071670448] [fibonacci_action_server]: Feedback: [1]
[INFO] [1733667463.261521704] [fibonacci_action_server]: Goal succeeded
[INFO] [1733667463.561924452] [fibonacci_action_server]: Feedback: [2]
[INFO] [1733667463.593328691] [fibonacci_action_server]: Received goal request with order 10
[INFO] [1733667463.593560444] [fibonacci_action_server]: Executing goal...
[INFO] [1733667463.593676686] [fibonacci_action_server]: Feedback: [1]
[INFO] [1733667464.071957866] [fibonacci_action_server]: Feedback: [2]
[INFO] [1733667464.562147754] [fibonacci_action_server]: Feedback: [3]
[INFO] [1733667464.593923609] [fibonacci_action_server]: Feedback: [2]
[INFO] [1733667465.072199893] [fibonacci_action_server]: Feedback: [3]
[INFO] [1733667465.453281010] [fibonacci_action_server]: Timeout reached, shutting down node...
RAPL is set
