[INFO] [1733770676.975080447] [fibonacci_action_server]: Executing goal...
[INFO] [1733770676.975589224] [fibonacci_action_server]: Feedback: array('i', [0, 1, 1])
[INFO] [1733770677.476994121] [fibonacci_action_server]: Feedback: array('i', [0, 1, 1, 2])
[INFO] [1733770677.977761242] [fibonacci_action_server]: Feedback: array('i', [0, 1, 1, 2, 3])
[INFO] [1733770678.479132529] [fibonacci_action_server]: Feedback: array('i', [0, 1, 1, 2, 3, 5])
[INFO] [1733770678.980546171] [fibonacci_action_server]: Feedback: array('i', [0, 1, 1, 2, 3, 5, 8])
[INFO] [1733770679.482228481] [fibonacci_action_server]: Feedback: array('i', [0, 1, 1, 2, 3, 5, 8, 13])
[INFO] [1733770679.983490370] [fibonacci_action_server]: Feedback: array('i', [0, 1, 1, 2, 3, 5, 8, 13, 21])
[INFO] [1733770680.484621308] [fibonacci_action_server]: Feedback: array('i', [0, 1, 1, 2, 3, 5, 8, 13, 21, 34])
[INFO] [1733770680.986077045] [fibonacci_action_server]: Feedback: array('i', [0, 1, 1, 2, 3, 5, 8, 13, 21, 34, 55])
[INFO] [1733770681.489582335] [fibonacci_action_server]: Executing goal...
[INFO] [1733770681.490108872] [fibonacci_action_server]: Feedback: array('i', [0, 1, 1])
[INFO] [1733770681.991429965] [fibonacci_action_server]: Feedback: array('i', [0, 1, 1, 2])
[INFO] [1733770682.492977752] [fibonacci_action_server]: Feedback: array('i', [0, 1, 1, 2, 3])
[INFO] [1733770682.994067134] [fibonacci_action_server]: Feedback: array('i', [0, 1, 1, 2, 3, 5])
[INFO] [1733770683.495308101] [fibonacci_action_server]: Feedback: array('i', [0, 1, 1, 2, 3, 5, 8])
[INFO] [1733770683.996423186] [fibonacci_action_server]: Feedback: array('i', [0, 1, 1, 2, 3, 5, 8, 13])
[INFO] [1733770684.497793458] [fibonacci_action_server]: Feedback: array('i', [0, 1, 1, 2, 3, 5, 8, 13, 21])
[INFO] [1733770684.999120217] [fibonacci_action_server]: Feedback: array('i', [0, 1, 1, 2, 3, 5, 8, 13, 21, 34])
[INFO] [1733770685.500266315] [fibonacci_action_server]: Feedback: array('i', [0, 1, 1, 2, 3, 5, 8, 13, 21, 34, 55])
[INFO] [1733770686.003078827] [fibonacci_action_server]: Executing goal...
[INFO] [1733770686.003470310] [fibonacci_action_server]: Feedback: array('i', [0, 1, 1])
[INFO] [1733770686.504533804] [fibonacci_action_server]: Feedback: array('i', [0, 1, 1, 2])
[INFO] [1733770687.005721657] [fibonacci_action_server]: Feedback: array('i', [0, 1, 1, 2, 3])
[INFO] [1733770687.506948596] [fibonacci_action_server]: Feedback: array('i', [0, 1, 1, 2, 3, 5])
[INFO] [1733770688.008332211] [fibonacci_action_server]: Feedback: array('i', [0, 1, 1, 2, 3, 5, 8])
[INFO] [1733770688.509792905] [fibonacci_action_server]: Feedback: array('i', [0, 1, 1, 2, 3, 5, 8, 13])
[INFO] [1733770689.010791723] [fibonacci_action_server]: Feedback: array('i', [0, 1, 1, 2, 3, 5, 8, 13, 21])
[INFO] [1733770689.511902117] [fibonacci_action_server]: Feedback: array('i', [0, 1, 1, 2, 3, 5, 8, 13, 21, 34])
[INFO] [1733770690.012971892] [fibonacci_action_server]: Feedback: array('i', [0, 1, 1, 2, 3, 5, 8, 13, 21, 34, 55])
[INFO] [1733770690.515712733] [fibonacci_action_server]: Executing goal...
[INFO] [1733770690.516368419] [fibonacci_action_server]: Feedback: array('i', [0, 1, 1])
[INFO] [1733770691.017527764] [fibonacci_action_server]: Feedback: array('i', [0, 1, 1, 2])
[INFO] [1733770691.518793875] [fibonacci_action_server]: Feedback: array('i', [0, 1, 1, 2, 3])
[INFO] [1733770692.020009420] [fibonacci_action_server]: Feedback: array('i', [0, 1, 1, 2, 3, 5])
[INFO] [1733770692.521435090] [fibonacci_action_server]: Feedback: array('i', [0, 1, 1, 2, 3, 5, 8])
[INFO] [1733770693.022680468] [fibonacci_action_server]: Feedback: array('i', [0, 1, 1, 2, 3, 5, 8, 13])
[INFO] [1733770693.523805565] [fibonacci_action_server]: Feedback: array('i', [0, 1, 1, 2, 3, 5, 8, 13, 21])
[INFO] [1733770694.024544219] [fibonacci_action_server]: Feedback: array('i', [0, 1, 1, 2, 3, 5, 8, 13, 21, 34])
[INFO] [1733770694.526039557] [fibonacci_action_server]: Feedback: array('i', [0, 1, 1, 2, 3, 5, 8, 13, 21, 34, 55])
[INFO] [1733770695.030549783] [fibonacci_action_server]: Executing goal...
[INFO] [1733770695.031422430] [fibonacci_action_server]: Feedback: array('i', [0, 1, 1])
[INFO] [1733770695.532933438] [fibonacci_action_server]: Feedback: array('i', [0, 1, 1, 2])
[INFO] [1733770696.034031101] [fibonacci_action_server]: Feedback: array('i', [0, 1, 1, 2, 3])
[INFO] [1733770696.535340004] [fibonacci_action_server]: Feedback: array('i', [0, 1, 1, 2, 3, 5])
[INFO] [1733770697.036498225] [fibonacci_action_server]: Feedback: array('i', [0, 1, 1, 2, 3, 5, 8])
[INFO] [1733770697.537736227] [fibonacci_action_server]: Feedback: array('i', [0, 1, 1, 2, 3, 5, 8, 13])
[INFO] [1733770698.039157466] [fibonacci_action_server]: Feedback: array('i', [0, 1, 1, 2, 3, 5, 8, 13, 21])
[INFO] [1733770698.540524846] [fibonacci_action_server]: Feedback: array('i', [0, 1, 1, 2, 3, 5, 8, 13, 21, 34])
[INFO] [1733770699.041856189] [fibonacci_action_server]: Feedback: array('i', [0, 1, 1, 2, 3, 5, 8, 13, 21, 34, 55])
[INFO] [1733770699.544699811] [fibonacci_action_server]: Executing goal...
[INFO] [1733770699.545248706] [fibonacci_action_server]: Feedback: array('i', [0, 1, 1])
[INFO] [1733770700.046468330] [fibonacci_action_server]: Feedback: array('i', [0, 1, 1, 2])
[INFO] [1733770700.547801176] [fibonacci_action_server]: Feedback: array('i', [0, 1, 1, 2, 3])
[INFO] [1733770701.049027530] [fibonacci_action_server]: Feedback: array('i', [0, 1, 1, 2, 3, 5])
[INFO] [1733770701.549935754] [fibonacci_action_server]: Feedback: array('i', [0, 1, 1, 2, 3, 5, 8])
[INFO] [1733770702.051192374] [fibonacci_action_server]: Feedback: array('i', [0, 1, 1, 2, 3, 5, 8, 13])
[INFO] [1733770702.552600015] [fibonacci_action_server]: Feedback: array('i', [0, 1, 1, 2, 3, 5, 8, 13, 21])
[INFO] [1733770703.054034172] [fibonacci_action_server]: Feedback: array('i', [0, 1, 1, 2, 3, 5, 8, 13, 21, 34])
[INFO] [1733770703.555155094] [fibonacci_action_server]: Feedback: array('i', [0, 1, 1, 2, 3, 5, 8, 13, 21, 34, 55])
[INFO] [1733770704.058705805] [fibonacci_action_server]: Executing goal...
[INFO] [1733770704.059348197] [fibonacci_action_server]: Feedback: array('i', [0, 1, 1])
[INFO] [1733770704.560474390] [fibonacci_action_server]: Feedback: array('i', [0, 1, 1, 2])
[INFO] [1733770705.061903427] [fibonacci_action_server]: Feedback: array('i', [0, 1, 1, 2, 3])
[INFO] [1733770705.563266992] [fibonacci_action_server]: Feedback: array('i', [0, 1, 1, 2, 3, 5])
[INFO] [1733770706.064675249] [fibonacci_action_server]: Feedback: array('i', [0, 1, 1, 2, 3, 5, 8])
[INFO] [1733770706.565870373] [fibonacci_action_server]: Feedback: array('i', [0, 1, 1, 2, 3, 5, 8, 13])
[INFO] [1733770707.067111306] [fibonacci_action_server]: Feedback: array('i', [0, 1, 1, 2, 3, 5, 8, 13, 21])
[INFO] [1733770707.568430083] [fibonacci_action_server]: Feedback: array('i', [0, 1, 1, 2, 3, 5, 8, 13, 21, 34])
[INFO] [1733770708.069701471] [fibonacci_action_server]: Feedback: array('i', [0, 1, 1, 2, 3, 5, 8, 13, 21, 34, 55])
[INFO] [1733770708.572784301] [fibonacci_action_server]: Executing goal...
[INFO] [1733770708.573449368] [fibonacci_action_server]: Feedback: array('i', [0, 1, 1])
[INFO] [1733770709.074555463] [fibonacci_action_server]: Feedback: array('i', [0, 1, 1, 2])
[INFO] [1733770709.575660926] [fibonacci_action_server]: Feedback: array('i', [0, 1, 1, 2, 3])
[INFO] [1733770710.077011047] [fibonacci_action_server]: Feedback: array('i', [0, 1, 1, 2, 3, 5])
[INFO] [1733770710.578399005] [fibonacci_action_server]: Feedback: array('i', [0, 1, 1, 2, 3, 5, 8])
[INFO] [1733770711.079857382] [fibonacci_action_server]: Feedback: array('i', [0, 1, 1, 2, 3, 5, 8, 13])
[INFO] [1733770711.580989237] [fibonacci_action_server]: Feedback: array('i', [0, 1, 1, 2, 3, 5, 8, 13, 21])
[INFO] [1733770712.081947815] [fibonacci_action_server]: Feedback: array('i', [0, 1, 1, 2, 3, 5, 8, 13, 21, 34])
[INFO] [1733770712.583328686] [fibonacci_action_server]: Feedback: array('i', [0, 1, 1, 2, 3, 5, 8, 13, 21, 34, 55])
[INFO] [1733770713.086872016] [fibonacci_action_server]: Executing goal...
[INFO] [1733770713.087352189] [fibonacci_action_server]: Feedback: array('i', [0, 1, 1])
[INFO] [1733770713.588534063] [fibonacci_action_server]: Feedback: array('i', [0, 1, 1, 2])
[INFO] [1733770714.089723933] [fibonacci_action_server]: Feedback: array('i', [0, 1, 1, 2, 3])
[INFO] [1733770714.590965846] [fibonacci_action_server]: Feedback: array('i', [0, 1, 1, 2, 3, 5])
[INFO] [1733770715.092317790] [fibonacci_action_server]: Feedback: array('i', [0, 1, 1, 2, 3, 5, 8])
[INFO] [1733770715.593835337] [fibonacci_action_server]: Feedback: array('i', [0, 1, 1, 2, 3, 5, 8, 13])
[INFO] [1733770716.095112573] [fibonacci_action_server]: Feedback: array('i', [0, 1, 1, 2, 3, 5, 8, 13, 21])
[INFO] [1733770716.596455312] [fibonacci_action_server]: Feedback: array('i', [0, 1, 1, 2, 3, 5, 8, 13, 21, 34])
[INFO] [1733770717.097887553] [fibonacci_action_server]: Feedback: array('i', [0, 1, 1, 2, 3, 5, 8, 13, 21, 34, 55])
[INFO] [1733770717.600851819] [fibonacci_action_server]: Executing goal...
[INFO] [1733770717.601222283] [fibonacci_action_server]: Feedback: array('i', [0, 1, 1])
[INFO] [1733770718.102034491] [fibonacci_action_server]: Feedback: array('i', [0, 1, 1, 2])
[INFO] [1733770718.603145772] [fibonacci_action_server]: Feedback: array('i', [0, 1, 1, 2, 3])
[INFO] [1733770719.104295921] [fibonacci_action_server]: Feedback: array('i', [0, 1, 1, 2, 3, 5])
[INFO] [1733770719.605438661] [fibonacci_action_server]: Feedback: array('i', [0, 1, 1, 2, 3, 5, 8])
[INFO] [1733770720.106785849] [fibonacci_action_server]: Feedback: array('i', [0, 1, 1, 2, 3, 5, 8, 13])
[INFO] [1733770720.608162241] [fibonacci_action_server]: Feedback: array('i', [0, 1, 1, 2, 3, 5, 8, 13, 21])
[INFO] [1733770721.109371893] [fibonacci_action_server]: Feedback: array('i', [0, 1, 1, 2, 3, 5, 8, 13, 21, 34])
[INFO] [1733770721.610559938] [fibonacci_action_server]: Feedback: array('i', [0, 1, 1, 2, 3, 5, 8, 13, 21, 34, 55])
[INFO] [1733770722.114117299] [fibonacci_action_server]: Executing goal...
[INFO] [1733770722.114731363] [fibonacci_action_server]: Feedback: array('i', [0, 1, 1])
[INFO] [1733770722.615730706] [fibonacci_action_server]: Feedback: array('i', [0, 1, 1, 2])
[INFO] [1733770723.116850903] [fibonacci_action_server]: Feedback: array('i', [0, 1, 1, 2, 3])
[INFO] [1733770723.618054491] [fibonacci_action_server]: Feedback: array('i', [0, 1, 1, 2, 3, 5])
[INFO] [1733770724.119277886] [fibonacci_action_server]: Feedback: array('i', [0, 1, 1, 2, 3, 5, 8])
[INFO] [1733770724.620614696] [fibonacci_action_server]: Feedback: array('i', [0, 1, 1, 2, 3, 5, 8, 13])
[INFO] [1733770725.121739694] [fibonacci_action_server]: Feedback: array('i', [0, 1, 1, 2, 3, 5, 8, 13, 21])
[INFO] [1733770725.622989928] [fibonacci_action_server]: Feedback: array('i', [0, 1, 1, 2, 3, 5, 8, 13, 21, 34])
[INFO] [1733770726.124159067] [fibonacci_action_server]: Feedback: array('i', [0, 1, 1, 2, 3, 5, 8, 13, 21, 34, 55])
[INFO] [1733770726.626464853] [fibonacci_action_server]: Executing goal...
[INFO] [1733770726.626857218] [fibonacci_action_server]: Feedback: array('i', [0, 1, 1])
[INFO] [1733770727.127840085] [fibonacci_action_server]: Feedback: array('i', [0, 1, 1, 2])
[INFO] [1733770727.629093054] [fibonacci_action_server]: Feedback: array('i', [0, 1, 1, 2, 3])
[INFO] [1733770728.129863962] [fibonacci_action_server]: Feedback: array('i', [0, 1, 1, 2, 3, 5])
[INFO] [1733770728.631091978] [fibonacci_action_server]: Feedback: array('i', [0, 1, 1, 2, 3, 5, 8])
[INFO] [1733770729.132280861] [fibonacci_action_server]: Feedback: array('i', [0, 1, 1, 2, 3, 5, 8, 13])
[INFO] [1733770729.633591861] [fibonacci_action_server]: Feedback: array('i', [0, 1, 1, 2, 3, 5, 8, 13, 21])
[INFO] [1733770730.134822292] [fibonacci_action_server]: Feedback: array('i', [0, 1, 1, 2, 3, 5, 8, 13, 21, 34])
[INFO] [1733770730.636198018] [fibonacci_action_server]: Feedback: array('i', [0, 1, 1, 2, 3, 5, 8, 13, 21, 34, 55])
[INFO] [1733770731.139135532] [fibonacci_action_server]: Executing goal...
[INFO] [1733770731.139663379] [fibonacci_action_server]: Feedback: array('i', [0, 1, 1])
[INFO] [1733770731.640722211] [fibonacci_action_server]: Feedback: array('i', [0, 1, 1, 2])
[INFO] [1733770732.142054814] [fibonacci_action_server]: Feedback: array('i', [0, 1, 1, 2, 3])
[INFO] [1733770732.643180370] [fibonacci_action_server]: Feedback: array('i', [0, 1, 1, 2, 3, 5])
[INFO] [1733770733.144657575] [fibonacci_action_server]: Feedback: array('i', [0, 1, 1, 2, 3, 5, 8])
[INFO] [1733770733.645756257] [fibonacci_action_server]: Feedback: array('i', [0, 1, 1, 2, 3, 5, 8, 13])
[INFO] [1733770734.146995577] [fibonacci_action_server]: Feedback: array('i', [0, 1, 1, 2, 3, 5, 8, 13, 21])
[INFO] [1733770734.648303591] [fibonacci_action_server]: Feedback: array('i', [0, 1, 1, 2, 3, 5, 8, 13, 21, 34])
[INFO] [1733770735.149801210] [fibonacci_action_server]: Feedback: array('i', [0, 1, 1, 2, 3, 5, 8, 13, 21, 34, 55])
[INFO] [1733770735.652574253] [fibonacci_action_server]: Executing goal...
[INFO] [1733770735.652968222] [fibonacci_action_server]: Feedback: array('i', [0, 1, 1])
[INFO] [1733770736.153732378] [fibonacci_action_server]: Feedback: array('i', [0, 1, 1, 2])
[INFO] [1733770736.654957358] [fibonacci_action_server]: Feedback: array('i', [0, 1, 1, 2, 3])
[INFO] [1733770737.156438833] [fibonacci_action_server]: Feedback: array('i', [0, 1, 1, 2, 3, 5])
[INFO] [1733770737.657727539] [fibonacci_action_server]: Feedback: array('i', [0, 1, 1, 2, 3, 5, 8])
[INFO] [1733770738.158802926] [fibonacci_action_server]: Feedback: array('i', [0, 1, 1, 2, 3, 5, 8, 13])
[INFO] [1733770738.659893644] [fibonacci_action_server]: Feedback: array('i', [0, 1, 1, 2, 3, 5, 8, 13, 21])
[INFO] [1733770739.161250328] [fibonacci_action_server]: Feedback: array('i', [0, 1, 1, 2, 3, 5, 8, 13, 21, 34])
[INFO] [1733770739.662777543] [fibonacci_action_server]: Feedback: array('i', [0, 1, 1, 2, 3, 5, 8, 13, 21, 34, 55])
[INFO] [1733770740.166002022] [fibonacci_action_server]: Executing goal...
[INFO] [1733770740.166577564] [fibonacci_action_server]: Feedback: array('i', [0, 1, 1])
[INFO] [1733770740.667873491] [fibonacci_action_server]: Feedback: array('i', [0, 1, 1, 2])
[INFO] [1733770741.169277099] [fibonacci_action_server]: Feedback: array('i', [0, 1, 1, 2, 3])
[INFO] [1733770741.670111960] [fibonacci_action_server]: Feedback: array('i', [0, 1, 1, 2, 3, 5])
[INFO] [1733770742.171239988] [fibonacci_action_server]: Feedback: array('i', [0, 1, 1, 2, 3, 5, 8])
[INFO] [1733770742.672462673] [fibonacci_action_server]: Feedback: array('i', [0, 1, 1, 2, 3, 5, 8, 13])
[INFO] [1733770743.173857664] [fibonacci_action_server]: Feedback: array('i', [0, 1, 1, 2, 3, 5, 8, 13, 21])
[INFO] [1733770743.675206375] [fibonacci_action_server]: Feedback: array('i', [0, 1, 1, 2, 3, 5, 8, 13, 21, 34])
[INFO] [1733770744.176594041] [fibonacci_action_server]: Feedback: array('i', [0, 1, 1, 2, 3, 5, 8, 13, 21, 34, 55])
[INFO] [1733770744.680228741] [fibonacci_action_server]: Executing goal...
[INFO] [1733770744.680911555] [fibonacci_action_server]: Feedback: array('i', [0, 1, 1])
[INFO] [1733770745.181947961] [fibonacci_action_server]: Feedback: array('i', [0, 1, 1, 2])
[INFO] [1733770745.683120147] [fibonacci_action_server]: Feedback: array('i', [0, 1, 1, 2, 3])
[INFO] [1733770746.184267893] [fibonacci_action_server]: Feedback: array('i', [0, 1, 1, 2, 3, 5])
[INFO] [1733770746.685749867] [fibonacci_action_server]: Feedback: array('i', [0, 1, 1, 2, 3, 5, 8])
[INFO] [1733770747.187057679] [fibonacci_action_server]: Feedback: array('i', [0, 1, 1, 2, 3, 5, 8, 13])
[INFO] [1733770747.688172177] [fibonacci_action_server]: Feedback: array('i', [0, 1, 1, 2, 3, 5, 8, 13, 21])
[INFO] [1733770748.189270954] [fibonacci_action_server]: Feedback: array('i', [0, 1, 1, 2, 3, 5, 8, 13, 21, 34])
[INFO] [1733770748.690367972] [fibonacci_action_server]: Feedback: array('i', [0, 1, 1, 2, 3, 5, 8, 13, 21, 34, 55])
[INFO] [1733770749.193847623] [fibonacci_action_server]: Executing goal...
[INFO] [1733770749.194450276] [fibonacci_action_server]: Feedback: array('i', [0, 1, 1])
[INFO] [1733770749.695633528] [fibonacci_action_server]: Feedback: array('i', [0, 1, 1, 2])
[INFO] [1733770750.197015807] [fibonacci_action_server]: Feedback: array('i', [0, 1, 1, 2, 3])
[INFO] [1733770750.698110012] [fibonacci_action_server]: Feedback: array('i', [0, 1, 1, 2, 3, 5])
[INFO] [1733770751.199446817] [fibonacci_action_server]: Feedback: array('i', [0, 1, 1, 2, 3, 5, 8])
[INFO] [1733770751.700656629] [fibonacci_action_server]: Feedback: array('i', [0, 1, 1, 2, 3, 5, 8, 13])
[INFO] [1733770752.202079298] [fibonacci_action_server]: Feedback: array('i', [0, 1, 1, 2, 3, 5, 8, 13, 21])
[INFO] [1733770752.703437446] [fibonacci_action_server]: Feedback: array('i', [0, 1, 1, 2, 3, 5, 8, 13, 21, 34])
[INFO] [1733770753.204847741] [fibonacci_action_server]: Feedback: array('i', [0, 1, 1, 2, 3, 5, 8, 13, 21, 34, 55])
[INFO] [1733770753.707558418] [fibonacci_action_server]: Executing goal...
[INFO] [1733770753.707946066] [fibonacci_action_server]: Feedback: array('i', [0, 1, 1])
[INFO] [1733770754.209285301] [fibonacci_action_server]: Feedback: array('i', [0, 1, 1, 2])
[INFO] [1733770754.710448321] [fibonacci_action_server]: Feedback: array('i', [0, 1, 1, 2, 3])
[INFO] [1733770755.211608845] [fibonacci_action_server]: Feedback: array('i', [0, 1, 1, 2, 3, 5])
[INFO] [1733770755.712969119] [fibonacci_action_server]: Feedback: array('i', [0, 1, 1, 2, 3, 5, 8])
[INFO] [1733770756.214053616] [fibonacci_action_server]: Feedback: array('i', [0, 1, 1, 2, 3, 5, 8, 13])
[INFO] [1733770756.715395489] [fibonacci_action_server]: Feedback: array('i', [0, 1, 1, 2, 3, 5, 8, 13, 21])
[INFO] [1733770757.216719553] [fibonacci_action_server]: Feedback: array('i', [0, 1, 1, 2, 3, 5, 8, 13, 21, 34])
[INFO] [1733770757.717712218] [fibonacci_action_server]: Feedback: array('i', [0, 1, 1, 2, 3, 5, 8, 13, 21, 34, 55])
[INFO] [1733770758.220261056] [fibonacci_action_server]: Executing goal...
[INFO] [1733770758.220679284] [fibonacci_action_server]: Feedback: array('i', [0, 1, 1])
[INFO] [1733770758.721748107] [fibonacci_action_server]: Feedback: array('i', [0, 1, 1, 2])
[INFO] [1733770759.223190878] [fibonacci_action_server]: Feedback: array('i', [0, 1, 1, 2, 3])
[INFO] [1733770759.724503326] [fibonacci_action_server]: Feedback: array('i', [0, 1, 1, 2, 3, 5])
[INFO] [1733770760.226025728] [fibonacci_action_server]: Feedback: array('i', [0, 1, 1, 2, 3, 5, 8])
[INFO] [1733770760.727395956] [fibonacci_action_server]: Feedback: array('i', [0, 1, 1, 2, 3, 5, 8, 13])
[INFO] [1733770761.228764488] [fibonacci_action_server]: Feedback: array('i', [0, 1, 1, 2, 3, 5, 8, 13, 21])
[INFO] [1733770761.729717093] [fibonacci_action_server]: Feedback: array('i', [0, 1, 1, 2, 3, 5, 8, 13, 21, 34])
[INFO] [1733770762.231045896] [fibonacci_action_server]: Feedback: array('i', [0, 1, 1, 2, 3, 5, 8, 13, 21, 34, 55])
[INFO] [1733770762.734033925] [fibonacci_action_server]: Executing goal...
[INFO] [1733770762.734406507] [fibonacci_action_server]: Feedback: array('i', [0, 1, 1])
[INFO] [1733770763.235646023] [fibonacci_action_server]: Feedback: array('i', [0, 1, 1, 2])
[INFO] [1733770763.736908930] [fibonacci_action_server]: Feedback: array('i', [0, 1, 1, 2, 3])
[INFO] [1733770764.237984840] [fibonacci_action_server]: Feedback: array('i', [0, 1, 1, 2, 3, 5])
[INFO] [1733770764.739235723] [fibonacci_action_server]: Feedback: array('i', [0, 1, 1, 2, 3, 5, 8])
[INFO] [1733770765.240618140] [fibonacci_action_server]: Feedback: array('i', [0, 1, 1, 2, 3, 5, 8, 13])
[INFO] [1733770765.741768190] [fibonacci_action_server]: Feedback: array('i', [0, 1, 1, 2, 3, 5, 8, 13, 21])
[INFO] [1733770766.243065119] [fibonacci_action_server]: Feedback: array('i', [0, 1, 1, 2, 3, 5, 8, 13, 21, 34])
[INFO] [1733770766.744476723] [fibonacci_action_server]: Feedback: array('i', [0, 1, 1, 2, 3, 5, 8, 13, 21, 34, 55])
[INFO] [1733770767.247531307] [fibonacci_action_server]: Executing goal...
[INFO] [1733770767.248144641] [fibonacci_action_server]: Feedback: array('i', [0, 1, 1])
[INFO] [1733770767.749258177] [fibonacci_action_server]: Feedback: array('i', [0, 1, 1, 2])
[INFO] [1733770768.250558696] [fibonacci_action_server]: Feedback: array('i', [0, 1, 1, 2, 3])
[INFO] [1733770768.751908889] [fibonacci_action_server]: Feedback: array('i', [0, 1, 1, 2, 3, 5])
[INFO] [1733770769.253463096] [fibonacci_action_server]: Feedback: array('i', [0, 1, 1, 2, 3, 5, 8])
[INFO] [1733770769.754550529] [fibonacci_action_server]: Feedback: array('i', [0, 1, 1, 2, 3, 5, 8, 13])
[INFO] [1733770770.255917750] [fibonacci_action_server]: Feedback: array('i', [0, 1, 1, 2, 3, 5, 8, 13, 21])
[INFO] [1733770770.757251501] [fibonacci_action_server]: Feedback: array('i', [0, 1, 1, 2, 3, 5, 8, 13, 21, 34])
[INFO] [1733770771.258424266] [fibonacci_action_server]: Feedback: array('i', [0, 1, 1, 2, 3, 5, 8, 13, 21, 34, 55])
[INFO] [1733770771.762080068] [fibonacci_action_server]: Executing goal...
[INFO] [1733770771.762669602] [fibonacci_action_server]: Feedback: array('i', [0, 1, 1])
[INFO] [1733770772.264177420] [fibonacci_action_server]: Feedback: array('i', [0, 1, 1, 2])
[INFO] [1733770772.765711597] [fibonacci_action_server]: Feedback: array('i', [0, 1, 1, 2, 3])
[INFO] [1733770773.267052354] [fibonacci_action_server]: Feedback: array('i', [0, 1, 1, 2, 3, 5])
[INFO] [1733770773.768431201] [fibonacci_action_server]: Feedback: array('i', [0, 1, 1, 2, 3, 5, 8])
[INFO] [1733770774.269949466] [fibonacci_action_server]: Feedback: array('i', [0, 1, 1, 2, 3, 5, 8, 13])
[INFO] [1733770774.771065530] [fibonacci_action_server]: Feedback: array('i', [0, 1, 1, 2, 3, 5, 8, 13, 21])
[INFO] [1733770775.272283558] [fibonacci_action_server]: Feedback: array('i', [0, 1, 1, 2, 3, 5, 8, 13, 21, 34])
[INFO] [1733770775.773764189] [fibonacci_action_server]: Feedback: array('i', [0, 1, 1, 2, 3, 5, 8, 13, 21, 34, 55])
[INFO] [1733770776.277147040] [fibonacci_action_server]: Executing goal...
[INFO] [1733770776.277820762] [fibonacci_action_server]: Feedback: array('i', [0, 1, 1])
[INFO] [1733770776.778932838] [fibonacci_action_server]: Feedback: array('i', [0, 1, 1, 2])
[INFO] [1733770777.280022140] [fibonacci_action_server]: Feedback: array('i', [0, 1, 1, 2, 3])
[INFO] [1733770777.781088197] [fibonacci_action_server]: Feedback: array('i', [0, 1, 1, 2, 3, 5])
[INFO] [1733770778.282214296] [fibonacci_action_server]: Feedback: array('i', [0, 1, 1, 2, 3, 5, 8])
[INFO] [1733770778.783644933] [fibonacci_action_server]: Feedback: array('i', [0, 1, 1, 2, 3, 5, 8, 13])
[INFO] [1733770779.285003985] [fibonacci_action_server]: Feedback: array('i', [0, 1, 1, 2, 3, 5, 8, 13, 21])
[INFO] [1733770779.786327041] [fibonacci_action_server]: Feedback: array('i', [0, 1, 1, 2, 3, 5, 8, 13, 21, 34])
[INFO] [1733770780.287674935] [fibonacci_action_server]: Feedback: array('i', [0, 1, 1, 2, 3, 5, 8, 13, 21, 34, 55])
[INFO] [1733770780.791249861] [fibonacci_action_server]: Executing goal...
[INFO] [1733770780.791864524] [fibonacci_action_server]: Feedback: array('i', [0, 1, 1])
[INFO] [1733770781.292909948] [fibonacci_action_server]: Feedback: array('i', [0, 1, 1, 2])
[INFO] [1733770781.794322927] [fibonacci_action_server]: Feedback: array('i', [0, 1, 1, 2, 3])
[INFO] [1733770782.295562266] [fibonacci_action_server]: Feedback: array('i', [0, 1, 1, 2, 3, 5])
[INFO] [1733770782.796440815] [fibonacci_action_server]: Feedback: array('i', [0, 1, 1, 2, 3, 5, 8])
[INFO] [1733770783.297900698] [fibonacci_action_server]: Feedback: array('i', [0, 1, 1, 2, 3, 5, 8, 13])
[INFO] [1733770783.799266455] [fibonacci_action_server]: Feedback: array('i', [0, 1, 1, 2, 3, 5, 8, 13, 21])
[INFO] [1733770784.300373039] [fibonacci_action_server]: Feedback: array('i', [0, 1, 1, 2, 3, 5, 8, 13, 21, 34])
[INFO] [1733770784.801738771] [fibonacci_action_server]: Feedback: array('i', [0, 1, 1, 2, 3, 5, 8, 13, 21, 34, 55])
[INFO] [1733770785.305092140] [fibonacci_action_server]: Executing goal...
[INFO] [1733770785.305776907] [fibonacci_action_server]: Feedback: array('i', [0, 1, 1])
[INFO] [1733770785.806939094] [fibonacci_action_server]: Feedback: array('i', [0, 1, 1, 2])
[INFO] [1733770786.308314538] [fibonacci_action_server]: Feedback: array('i', [0, 1, 1, 2, 3])
[INFO] [1733770786.809454396] [fibonacci_action_server]: Feedback: array('i', [0, 1, 1, 2, 3, 5])
[INFO] [1733770787.310538677] [fibonacci_action_server]: Feedback: array('i', [0, 1, 1, 2, 3, 5, 8])
[INFO] [1733770787.811971948] [fibonacci_action_server]: Feedback: array('i', [0, 1, 1, 2, 3, 5, 8, 13])
[INFO] [1733770788.313361986] [fibonacci_action_server]: Feedback: array('i', [0, 1, 1, 2, 3, 5, 8, 13, 21])
[INFO] [1733770788.814642960] [fibonacci_action_server]: Feedback: array('i', [0, 1, 1, 2, 3, 5, 8, 13, 21, 34])
[INFO] [1733770789.315775495] [fibonacci_action_server]: Feedback: array('i', [0, 1, 1, 2, 3, 5, 8, 13, 21, 34, 55])
[INFO] [1733770789.819345904] [fibonacci_action_server]: Executing goal...
[INFO] [1733770789.819942832] [fibonacci_action_server]: Feedback: array('i', [0, 1, 1])
[INFO] [1733770790.321367425] [fibonacci_action_server]: Feedback: array('i', [0, 1, 1, 2])
[INFO] [1733770790.822539889] [fibonacci_action_server]: Feedback: array('i', [0, 1, 1, 2, 3])
[INFO] [1733770791.323949604] [fibonacci_action_server]: Feedback: array('i', [0, 1, 1, 2, 3, 5])
[INFO] [1733770791.825469121] [fibonacci_action_server]: Feedback: array('i', [0, 1, 1, 2, 3, 5, 8])
[INFO] [1733770792.326550240] [fibonacci_action_server]: Feedback: array('i', [0, 1, 1, 2, 3, 5, 8, 13])
[INFO] [1733770792.828130789] [fibonacci_action_server]: Feedback: array('i', [0, 1, 1, 2, 3, 5, 8, 13, 21])
[INFO] [1733770793.329614990] [fibonacci_action_server]: Feedback: array('i', [0, 1, 1, 2, 3, 5, 8, 13, 21, 34])
[INFO] [1733770793.830731354] [fibonacci_action_server]: Feedback: array('i', [0, 1, 1, 2, 3, 5, 8, 13, 21, 34, 55])
[INFO] [1733770794.334151508] [fibonacci_action_server]: Executing goal...
[INFO] [1733770794.334763875] [fibonacci_action_server]: Feedback: array('i', [0, 1, 1])
[INFO] [1733770794.835879194] [fibonacci_action_server]: Feedback: array('i', [0, 1, 1, 2])
[INFO] [1733770795.337089628] [fibonacci_action_server]: Feedback: array('i', [0, 1, 1, 2, 3])
[INFO] [1733770795.837870663] [fibonacci_action_server]: Feedback: array('i', [0, 1, 1, 2, 3, 5])
[INFO] [1733770796.338964845] [fibonacci_action_server]: Feedback: array('i', [0, 1, 1, 2, 3, 5, 8])
[INFO] [1733770796.840217860] [fibonacci_action_server]: Feedback: array('i', [0, 1, 1, 2, 3, 5, 8, 13])
[INFO] [1733770797.341577789] [fibonacci_action_server]: Feedback: array('i', [0, 1, 1, 2, 3, 5, 8, 13, 21])
[INFO] [1733770797.842266982] [fibonacci_action_server]: Feedback: array('i', [0, 1, 1, 2, 3, 5, 8, 13, 21, 34])
[INFO] [1733770798.343665673] [fibonacci_action_server]: Feedback: array('i', [0, 1, 1, 2, 3, 5, 8, 13, 21, 34, 55])
[INFO] [1733770798.846086493] [fibonacci_action_server]: Executing goal...
[INFO] [1733770798.846549641] [fibonacci_action_server]: Feedback: array('i', [0, 1, 1])
[INFO] [1733770799.347804621] [fibonacci_action_server]: Feedback: array('i', [0, 1, 1, 2])
[INFO] [1733770799.849041185] [fibonacci_action_server]: Feedback: array('i', [0, 1, 1, 2, 3])
[INFO] [1733770800.349738396] [fibonacci_action_server]: Feedback: array('i', [0, 1, 1, 2, 3, 5])
[INFO] [1733770800.851225051] [fibonacci_action_server]: Feedback: array('i', [0, 1, 1, 2, 3, 5, 8])
[INFO] [1733770801.352634571] [fibonacci_action_server]: Feedback: array('i', [0, 1, 1, 2, 3, 5, 8, 13])
[INFO] [1733770801.853878509] [fibonacci_action_server]: Feedback: array('i', [0, 1, 1, 2, 3, 5, 8, 13, 21])
[INFO] [1733770802.355128585] [fibonacci_action_server]: Feedback: array('i', [0, 1, 1, 2, 3, 5, 8, 13, 21, 34])
[INFO] [1733770802.856516023] [fibonacci_action_server]: Feedback: array('i', [0, 1, 1, 2, 3, 5, 8, 13, 21, 34, 55])
[INFO] [1733770803.358987976] [fibonacci_action_server]: Executing goal...
[INFO] [1733770803.359362871] [fibonacci_action_server]: Feedback: array('i', [0, 1, 1])
[INFO] [1733770803.860490271] [fibonacci_action_server]: Feedback: array('i', [0, 1, 1, 2])
[INFO] [1733770804.361880833] [fibonacci_action_server]: Feedback: array('i', [0, 1, 1, 2, 3])
[INFO] [1733770804.863247718] [fibonacci_action_server]: Feedback: array('i', [0, 1, 1, 2, 3, 5])
[INFO] [1733770805.364348750] [fibonacci_action_server]: Feedback: array('i', [0, 1, 1, 2, 3, 5, 8])
[INFO] [1733770805.865540970] [fibonacci_action_server]: Feedback: array('i', [0, 1, 1, 2, 3, 5, 8, 13])
[INFO] [1733770806.366651688] [fibonacci_action_server]: Feedback: array('i', [0, 1, 1, 2, 3, 5, 8, 13, 21])
[INFO] [1733770806.868024373] [fibonacci_action_server]: Feedback: array('i', [0, 1, 1, 2, 3, 5, 8, 13, 21, 34])
[INFO] [1733770807.369597492] [fibonacci_action_server]: Feedback: array('i', [0, 1, 1, 2, 3, 5, 8, 13, 21, 34, 55])
[INFO] [1733770807.872342949] [fibonacci_action_server]: Executing goal...
[INFO] [1733770807.872721445] [fibonacci_action_server]: Feedback: array('i', [0, 1, 1])
[INFO] [1733770808.374016621] [fibonacci_action_server]: Feedback: array('i', [0, 1, 1, 2])
[INFO] [1733770808.875380828] [fibonacci_action_server]: Feedback: array('i', [0, 1, 1, 2, 3])
[INFO] [1733770809.376790276] [fibonacci_action_server]: Feedback: array('i', [0, 1, 1, 2, 3, 5])
[INFO] [1733770809.877699069] [fibonacci_action_server]: Feedback: array('i', [0, 1, 1, 2, 3, 5, 8])
[INFO] [1733770810.379031504] [fibonacci_action_server]: Feedback: array('i', [0, 1, 1, 2, 3, 5, 8, 13])
[INFO] [1733770810.880486488] [fibonacci_action_server]: Feedback: array('i', [0, 1, 1, 2, 3, 5, 8, 13, 21])
[INFO] [1733770811.381799867] [fibonacci_action_server]: Feedback: array('i', [0, 1, 1, 2, 3, 5, 8, 13, 21, 34])
[INFO] [1733770811.882905542] [fibonacci_action_server]: Feedback: array('i', [0, 1, 1, 2, 3, 5, 8, 13, 21, 34, 55])
[INFO] [1733770812.385879858] [fibonacci_action_server]: Executing goal...
[INFO] [1733770812.386325201] [fibonacci_action_server]: Feedback: array('i', [0, 1, 1])
[INFO] [1733770812.887394290] [fibonacci_action_server]: Feedback: array('i', [0, 1, 1, 2])
[INFO] [1733770813.388825381] [fibonacci_action_server]: Feedback: array('i', [0, 1, 1, 2, 3])
[INFO] [1733770813.890320699] [fibonacci_action_server]: Feedback: array('i', [0, 1, 1, 2, 3, 5])
[INFO] [1733770814.391680288] [fibonacci_action_server]: Feedback: array('i', [0, 1, 1, 2, 3, 5, 8])
[INFO] [1733770814.893088253] [fibonacci_action_server]: Feedback: array('i', [0, 1, 1, 2, 3, 5, 8, 13])
[INFO] [1733770815.393707787] [fibonacci_action_server]: Feedback: array('i', [0, 1, 1, 2, 3, 5, 8, 13, 21])
[INFO] [1733770815.894829194] [fibonacci_action_server]: Feedback: array('i', [0, 1, 1, 2, 3, 5, 8, 13, 21, 34])
[INFO] [1733770816.395939451] [fibonacci_action_server]: Feedback: array('i', [0, 1, 1, 2, 3, 5, 8, 13, 21, 34, 55])
[INFO] [1733770816.898946942] [fibonacci_action_server]: Executing goal...
[INFO] [1733770816.899404671] [fibonacci_action_server]: Feedback: array('i', [0, 1, 1])
[INFO] [1733770817.400810046] [fibonacci_action_server]: Feedback: array('i', [0, 1, 1, 2])
[INFO] [1733770817.901848638] [fibonacci_action_server]: Feedback: array('i', [0, 1, 1, 2, 3])
[INFO] [1733770818.403087441] [fibonacci_action_server]: Feedback: array('i', [0, 1, 1, 2, 3, 5])
[INFO] [1733770818.904500579] [fibonacci_action_server]: Feedback: array('i', [0, 1, 1, 2, 3, 5, 8])
[INFO] [1733770819.405690265] [fibonacci_action_server]: Feedback: array('i', [0, 1, 1, 2, 3, 5, 8, 13])
[INFO] [1733770819.906998825] [fibonacci_action_server]: Feedback: array('i', [0, 1, 1, 2, 3, 5, 8, 13, 21])
[INFO] [1733770820.408106087] [fibonacci_action_server]: Feedback: array('i', [0, 1, 1, 2, 3, 5, 8, 13, 21, 34])
[INFO] [1733770820.909549184] [fibonacci_action_server]: Feedback: array('i', [0, 1, 1, 2, 3, 5, 8, 13, 21, 34, 55])
[INFO] [1733770821.412398722] [fibonacci_action_server]: Executing goal...
[INFO] [1733770821.412847285] [fibonacci_action_server]: Feedback: array('i', [0, 1, 1])
[INFO] [1733770821.914051953] [fibonacci_action_server]: Feedback: array('i', [0, 1, 1, 2])
[INFO] [1733770822.415202539] [fibonacci_action_server]: Feedback: array('i', [0, 1, 1, 2, 3])
[INFO] [1733770822.916311039] [fibonacci_action_server]: Feedback: array('i', [0, 1, 1, 2, 3, 5])
[INFO] [1733770823.417614083] [fibonacci_action_server]: Feedback: array('i', [0, 1, 1, 2, 3, 5, 8])
[INFO] [1733770823.918859052] [fibonacci_action_server]: Feedback: array('i', [0, 1, 1, 2, 3, 5, 8, 13])
[INFO] [1733770824.419946019] [fibonacci_action_server]: Feedback: array('i', [0, 1, 1, 2, 3, 5, 8, 13, 21])
[INFO] [1733770824.920988085] [fibonacci_action_server]: Feedback: array('i', [0, 1, 1, 2, 3, 5, 8, 13, 21, 34])
[INFO] [1733770825.422001839] [fibonacci_action_server]: Feedback: array('i', [0, 1, 1, 2, 3, 5, 8, 13, 21, 34, 55])
[INFO] [1733770825.924776482] [fibonacci_action_server]: Executing goal...
[INFO] [1733770825.925242596] [fibonacci_action_server]: Feedback: array('i', [0, 1, 1])
[INFO] [1733770826.426692435] [fibonacci_action_server]: Feedback: array('i', [0, 1, 1, 2])
[INFO] [1733770826.928360767] [fibonacci_action_server]: Feedback: array('i', [0, 1, 1, 2, 3])
[INFO] [1733770827.429750334] [fibonacci_action_server]: Feedback: array('i', [0, 1, 1, 2, 3, 5])
[INFO] [1733770827.931027888] [fibonacci_action_server]: Feedback: array('i', [0, 1, 1, 2, 3, 5, 8])
[INFO] [1733770828.432282144] [fibonacci_action_server]: Feedback: array('i', [0, 1, 1, 2, 3, 5, 8, 13])
[INFO] [1733770828.933409585] [fibonacci_action_server]: Feedback: array('i', [0, 1, 1, 2, 3, 5, 8, 13, 21])
[INFO] [1733770829.434586130] [fibonacci_action_server]: Feedback: array('i', [0, 1, 1, 2, 3, 5, 8, 13, 21, 34])
[INFO] [1733770829.935932122] [fibonacci_action_server]: Feedback: array('i', [0, 1, 1, 2, 3, 5, 8, 13, 21, 34, 55])
[INFO] [1733770830.439279324] [fibonacci_action_server]: Executing goal...
[INFO] [1733770830.439928451] [fibonacci_action_server]: Feedback: array('i', [0, 1, 1])
[INFO] [1733770830.940940452] [fibonacci_action_server]: Feedback: array('i', [0, 1, 1, 2])
[INFO] [1733770831.441709466] [fibonacci_action_server]: Feedback: array('i', [0, 1, 1, 2, 3])
[INFO] [1733770831.942779659] [fibonacci_action_server]: Feedback: array('i', [0, 1, 1, 2, 3, 5])
[INFO] [1733770832.444041642] [fibonacci_action_server]: Feedback: array('i', [0, 1, 1, 2, 3, 5, 8])
[INFO] [1733770832.945477782] [fibonacci_action_server]: Feedback: array('i', [0, 1, 1, 2, 3, 5, 8, 13])
[INFO] [1733770833.446770759] [fibonacci_action_server]: Feedback: array('i', [0, 1, 1, 2, 3, 5, 8, 13, 21])
[INFO] [1733770833.948116574] [fibonacci_action_server]: Feedback: array('i', [0, 1, 1, 2, 3, 5, 8, 13, 21, 34])
[INFO] [1733770834.449630062] [fibonacci_action_server]: Feedback: array('i', [0, 1, 1, 2, 3, 5, 8, 13, 21, 34, 55])
[INFO] [1733770834.952981581] [fibonacci_action_server]: Executing goal...
[INFO] [1733770834.953579381] [fibonacci_action_server]: Feedback: array('i', [0, 1, 1])
[INFO] [1733770835.454806069] [fibonacci_action_server]: Feedback: array('i', [0, 1, 1, 2])
[INFO] [1733770835.956217773] [fibonacci_action_server]: Feedback: array('i', [0, 1, 1, 2, 3])
[INFO] [1733770836.457710148] [fibonacci_action_server]: Feedback: array('i', [0, 1, 1, 2, 3, 5])
[INFO] [1733770836.958945275] [fibonacci_action_server]: Feedback: array('i', [0, 1, 1, 2, 3, 5, 8])
[INFO] [1733770837.460320181] [fibonacci_action_server]: Feedback: array('i', [0, 1, 1, 2, 3, 5, 8, 13])
[INFO] [1733770837.961671427] [fibonacci_action_server]: Feedback: array('i', [0, 1, 1, 2, 3, 5, 8, 13, 21])
[INFO] [1733770838.463166085] [fibonacci_action_server]: Feedback: array('i', [0, 1, 1, 2, 3, 5, 8, 13, 21, 34])
[INFO] [1733770838.964347443] [fibonacci_action_server]: Feedback: array('i', [0, 1, 1, 2, 3, 5, 8, 13, 21, 34, 55])
[INFO] [1733770839.467905975] [fibonacci_action_server]: Executing goal...
[INFO] [1733770839.468505593] [fibonacci_action_server]: Feedback: array('i', [0, 1, 1])
[INFO] [1733770839.969796364] [fibonacci_action_server]: Feedback: array('i', [0, 1, 1, 2])
[INFO] [1733770840.471033346] [fibonacci_action_server]: Feedback: array('i', [0, 1, 1, 2, 3])
[INFO] [1733770840.972126015] [fibonacci_action_server]: Feedback: array('i', [0, 1, 1, 2, 3, 5])
[INFO] [1733770841.473194223] [fibonacci_action_server]: Feedback: array('i', [0, 1, 1, 2, 3, 5, 8])
[INFO] [1733770841.974470038] [fibonacci_action_server]: Feedback: array('i', [0, 1, 1, 2, 3, 5, 8, 13])
[INFO] [1733770842.475809374] [fibonacci_action_server]: Feedback: array('i', [0, 1, 1, 2, 3, 5, 8, 13, 21])
[INFO] [1733770842.976896786] [fibonacci_action_server]: Feedback: array('i', [0, 1, 1, 2, 3, 5, 8, 13, 21, 34])
[INFO] [1733770843.478044302] [fibonacci_action_server]: Feedback: array('i', [0, 1, 1, 2, 3, 5, 8, 13, 21, 34, 55])
[INFO] [1733770843.981541319] [fibonacci_action_server]: Executing goal...
[INFO] [1733770843.982161663] [fibonacci_action_server]: Feedback: array('i', [0, 1, 1])
[INFO] [1733770844.483460300] [fibonacci_action_server]: Feedback: array('i', [0, 1, 1, 2])
[INFO] [1733770844.984920832] [fibonacci_action_server]: Feedback: array('i', [0, 1, 1, 2, 3])
[INFO] [1733770845.485899380] [fibonacci_action_server]: Feedback: array('i', [0, 1, 1, 2, 3, 5])
[INFO] [1733770845.987268088] [fibonacci_action_server]: Feedback: array('i', [0, 1, 1, 2, 3, 5, 8])
[INFO] [1733770846.488659377] [fibonacci_action_server]: Feedback: array('i', [0, 1, 1, 2, 3, 5, 8, 13])
[INFO] [1733770846.989795956] [fibonacci_action_server]: Feedback: array('i', [0, 1, 1, 2, 3, 5, 8, 13, 21])
[INFO] [1733770847.490935335] [fibonacci_action_server]: Feedback: array('i', [0, 1, 1, 2, 3, 5, 8, 13, 21, 34])
[INFO] [1733770847.991755728] [fibonacci_action_server]: Feedback: array('i', [0, 1, 1, 2, 3, 5, 8, 13, 21, 34, 55])
[INFO] [1733770848.494785867] [fibonacci_action_server]: Executing goal...
[INFO] [1733770848.495426312] [fibonacci_action_server]: Feedback: array('i', [0, 1, 1])
[INFO] [1733770848.997053605] [fibonacci_action_server]: Feedback: array('i', [0, 1, 1, 2])
[INFO] [1733770849.498064803] [fibonacci_action_server]: Feedback: array('i', [0, 1, 1, 2, 3])
[INFO] [1733770849.999361179] [fibonacci_action_server]: Feedback: array('i', [0, 1, 1, 2, 3, 5])
[INFO] [1733770850.500748447] [fibonacci_action_server]: Feedback: array('i', [0, 1, 1, 2, 3, 5, 8])
[INFO] [1733770851.001719455] [fibonacci_action_server]: Feedback: array('i', [0, 1, 1, 2, 3, 5, 8, 13])
[INFO] [1733770851.502827169] [fibonacci_action_server]: Feedback: array('i', [0, 1, 1, 2, 3, 5, 8, 13, 21])
[INFO] [1733770852.003919239] [fibonacci_action_server]: Feedback: array('i', [0, 1, 1, 2, 3, 5, 8, 13, 21, 34])
[INFO] [1733770852.505507255] [fibonacci_action_server]: Feedback: array('i', [0, 1, 1, 2, 3, 5, 8, 13, 21, 34, 55])
[INFO] [1733770853.008256375] [fibonacci_action_server]: Executing goal...
[INFO] [1733770853.008699301] [fibonacci_action_server]: Feedback: array('i', [0, 1, 1])
[INFO] [1733770853.509719695] [fibonacci_action_server]: Feedback: array('i', [0, 1, 1, 2])
[INFO] [1733770854.011010064] [fibonacci_action_server]: Feedback: array('i', [0, 1, 1, 2, 3])
[INFO] [1733770854.512520363] [fibonacci_action_server]: Feedback: array('i', [0, 1, 1, 2, 3, 5])
[INFO] [1733770855.013720052] [fibonacci_action_server]: Feedback: array('i', [0, 1, 1, 2, 3, 5, 8])
[INFO] [1733770855.515032589] [fibonacci_action_server]: Feedback: array('i', [0, 1, 1, 2, 3, 5, 8, 13])
[INFO] [1733770856.016442401] [fibonacci_action_server]: Feedback: array('i', [0, 1, 1, 2, 3, 5, 8, 13, 21])
[INFO] [1733770856.517942713] [fibonacci_action_server]: Feedback: array('i', [0, 1, 1, 2, 3, 5, 8, 13, 21, 34])
[INFO] [1733770857.019236368] [fibonacci_action_server]: Feedback: array('i', [0, 1, 1, 2, 3, 5, 8, 13, 21, 34, 55])
[INFO] [1733770857.522408669] [fibonacci_action_server]: Shutting down node...
RAPL is set
