[INFO] [1733666682.520617822] [fibonacci_action_server]: Executing goal...
[INFO] [1733666682.521106005] [fibonacci_action_server]: Feedback: array('i', [0, 1, 1])
[INFO] [1733666683.522676081] [fibonacci_action_server]: Feedback: array('i', [0, 1, 1, 2])
[INFO] [1733666684.524512202] [fibonacci_action_server]: Feedback: array('i', [0, 1, 1, 2, 3])
[INFO] [1733666685.526445997] [fibonacci_action_server]: Feedback: array('i', [0, 1, 1, 2, 3, 5])
[INFO] [1733666686.528509646] [fibonacci_action_server]: Feedback: array('i', [0, 1, 1, 2, 3, 5, 8])
[INFO] [1733666687.530196292] [fibonacci_action_server]: Feedback: array('i', [0, 1, 1, 2, 3, 5, 8, 13])
[INFO] [1733666688.532172383] [fibonacci_action_server]: Feedback: array('i', [0, 1, 1, 2, 3, 5, 8, 13, 21])
[INFO] [1733666689.534088924] [fibonacci_action_server]: Feedback: array('i', [0, 1, 1, 2, 3, 5, 8, 13, 21, 34])
[INFO] [1733666690.535762964] [fibonacci_action_server]: Feedback: array('i', [0, 1, 1, 2, 3, 5, 8, 13, 21, 34, 55])
/opt/ros/humble/local/lib/python3.10/dist-packages/rclpy/action/server.py:312: RuntimeWarning: failed to send response (timeout): client will not receive response, at ./src/rmw_response.cpp:154, at ./src/rcl/service.c:314
  self._handle.send_goal_response(request_header, response_msg)
/opt/ros/humble/local/lib/python3.10/dist-packages/rclpy/action/server.py:431: RuntimeWarning: failed to send response (timeout): client will not receive response, at ./src/rmw_response.cpp:154, at ./src/rcl/service.c:314
  self._handle.send_result_response(request_header, future.result())
[INFO] [1733666691.740354618] [fibonacci_action_server]: Executing goal...
[INFO] [1733666691.740936884] [fibonacci_action_server]: Feedback: array('i', [0, 1, 1])
[INFO] [1733666692.742764841] [fibonacci_action_server]: Feedback: array('i', [0, 1, 1, 2])
[INFO] [1733666693.744569317] [fibonacci_action_server]: Feedback: array('i', [0, 1, 1, 2, 3])
[INFO] [1733666694.746415221] [fibonacci_action_server]: Feedback: array('i', [0, 1, 1, 2, 3, 5])
[INFO] [1733666695.748441093] [fibonacci_action_server]: Feedback: array('i', [0, 1, 1, 2, 3, 5, 8])
[INFO] [1733666696.750364503] [fibonacci_action_server]: Feedback: array('i', [0, 1, 1, 2, 3, 5, 8, 13])
[INFO] [1733666697.752283028] [fibonacci_action_server]: Feedback: array('i', [0, 1, 1, 2, 3, 5, 8, 13, 21])
[INFO] [1733666698.753533096] [fibonacci_action_server]: Feedback: array('i', [0, 1, 1, 2, 3, 5, 8, 13, 21, 34])
[INFO] [1733666699.755375898] [fibonacci_action_server]: Feedback: array('i', [0, 1, 1, 2, 3, 5, 8, 13, 21, 34, 55])
[INFO] [1733666700.858915888] [fibonacci_action_server]: Executing goal...
[INFO] [1733666700.859417383] [fibonacci_action_server]: Feedback: array('i', [0, 1, 1])
[INFO] [1733666701.860367855] [fibonacci_action_server]: Feedback: array('i', [0, 1, 1, 2])
[INFO] [1733666702.862459372] [fibonacci_action_server]: Feedback: array('i', [0, 1, 1, 2, 3])
[INFO] [1733666703.864433531] [fibonacci_action_server]: Feedback: array('i', [0, 1, 1, 2, 3, 5])
[INFO] [1733666704.866010430] [fibonacci_action_server]: Feedback: array('i', [0, 1, 1, 2, 3, 5, 8])
[INFO] [1733666705.868072003] [fibonacci_action_server]: Feedback: array('i', [0, 1, 1, 2, 3, 5, 8, 13])
[INFO] [1733666706.869940559] [fibonacci_action_server]: Feedback: array('i', [0, 1, 1, 2, 3, 5, 8, 13, 21])
[INFO] [1733666707.871649291] [fibonacci_action_server]: Feedback: array('i', [0, 1, 1, 2, 3, 5, 8, 13, 21, 34])
[INFO] [1733666708.873565410] [fibonacci_action_server]: Feedback: array('i', [0, 1, 1, 2, 3, 5, 8, 13, 21, 34, 55])
[INFO] [1733666862.461059230] [fibonacci_action_server]: Shutting down node...
RAPL is set
