[INFO] [1733765717.393498498] [fibonacci_action_server]: Received goal request with order 10
[INFO] [1733765717.393963795] [fibonacci_action_server]: Executing goal...
[INFO] [1733765717.394149615] [fibonacci_action_server]: Feedback: [1]
[INFO] [1733765717.644289043] [fibonacci_action_server]: Feedback: [2]
[INFO] [1733765717.894506054] [fibonacci_action_server]: Feedback: [3]
[INFO] [1733765718.144726604] [fibonacci_action_server]: Feedback: [5]
[INFO] [1733765718.394999016] [fibonacci_action_server]: Feedback: [8]
[INFO] [1733765718.645226086] [fibonacci_action_server]: Feedback: [13]
[INFO] [1733765718.895433435] [fibonacci_action_server]: Feedback: [21]
[INFO] [1733765719.145619193] [fibonacci_action_server]: Feedback: [34]
[INFO] [1733765719.395854810] [fibonacci_action_server]: Feedback: [55]
[INFO] [1733765719.646104664] [fibonacci_action_server]: Goal succeeded
[INFO] [1733765719.646411997] [fibonacci_action_server]: Received goal request with order 10
[INFO] [1733765719.646501754] [fibonacci_action_server]: Executing goal...
[INFO] [1733765719.646551943] [fibonacci_action_server]: Feedback: [1]
[INFO] [1733765719.896726309] [fibonacci_action_server]: Feedback: [2]
[INFO] [1733765720.146880727] [fibonacci_action_server]: Feedback: [3]
[INFO] [1733765720.397166318] [fibonacci_action_server]: Feedback: [5]
[INFO] [1733765720.647382457] [fibonacci_action_server]: Feedback: [8]
[INFO] [1733765720.897580106] [fibonacci_action_server]: Feedback: [13]
[INFO] [1733765721.147800422] [fibonacci_action_server]: Feedback: [21]
[INFO] [1733765721.398034226] [fibonacci_action_server]: Feedback: [34]
[INFO] [1733765721.648239180] [fibonacci_action_server]: Feedback: [55]
[INFO] [1733765721.898482558] [fibonacci_action_server]: Goal succeeded
[INFO] [1733765721.898773389] [fibonacci_action_server]: Received goal request with order 10
[INFO] [1733765721.898853527] [fibonacci_action_server]: Executing goal...
[INFO] [1733765721.898898012] [fibonacci_action_server]: Feedback: [1]
[INFO] [1733765722.149069602] [fibonacci_action_server]: Feedback: [2]
[INFO] [1733765722.399310701] [fibonacci_action_server]: Feedback: [3]
[INFO] [1733765722.649465976] [fibonacci_action_server]: Feedback: [5]
[INFO] [1733765722.899654033] [fibonacci_action_server]: Feedback: [8]
[INFO] [1733765723.149882931] [fibonacci_action_server]: Feedback: [13]
[INFO] [1733765723.400131937] [fibonacci_action_server]: Feedback: [21]
[INFO] [1733765723.650296363] [fibonacci_action_server]: Feedback: [34]
[INFO] [1733765723.900543709] [fibonacci_action_server]: Feedback: [55]
[INFO] [1733765724.150793865] [fibonacci_action_server]: Goal succeeded
[INFO] [1733765724.151131345] [fibonacci_action_server]: Received goal request with order 10
[INFO] [1733765724.151206128] [fibonacci_action_server]: Executing goal...
[INFO] [1733765724.151245947] [fibonacci_action_server]: Feedback: [1]
[INFO] [1733765724.401473561] [fibonacci_action_server]: Feedback: [2]
[INFO] [1733765724.651656200] [fibonacci_action_server]: Feedback: [3]
[INFO] [1733765724.901847174] [fibonacci_action_server]: Feedback: [5]
[INFO] [1733765725.152059773] [fibonacci_action_server]: Feedback: [8]
[INFO] [1733765725.402288114] [fibonacci_action_server]: Feedback: [13]
[INFO] [1733765725.652480414] [fibonacci_action_server]: Feedback: [21]
[INFO] [1733765725.902706793] [fibonacci_action_server]: Feedback: [34]
[INFO] [1733765726.152941306] [fibonacci_action_server]: Feedback: [55]
[INFO] [1733765726.403169802] [fibonacci_action_server]: Goal succeeded
[INFO] [1733765726.403536802] [fibonacci_action_server]: Received goal request with order 10
[INFO] [1733765726.403615988] [fibonacci_action_server]: Executing goal...
[INFO] [1733765726.403657578] [fibonacci_action_server]: Feedback: [1]
[INFO] [1733765726.653843460] [fibonacci_action_server]: Feedback: [2]
[INFO] [1733765726.904090926] [fibonacci_action_server]: Feedback: [3]
[INFO] [1733765727.154291723] [fibonacci_action_server]: Feedback: [5]
[INFO] [1733765727.404509708] [fibonacci_action_server]: Feedback: [8]
[INFO] [1733765727.654673413] [fibonacci_action_server]: Feedback: [13]
[INFO] [1733765727.904908748] [fibonacci_action_server]: Feedback: [21]
[INFO] [1733765728.155120520] [fibonacci_action_server]: Feedback: [34]
[INFO] [1733765728.405332686] [fibonacci_action_server]: Feedback: [55]
[INFO] [1733765728.655558737] [fibonacci_action_server]: Goal succeeded
[INFO] [1733765728.655880245] [fibonacci_action_server]: Received goal request with order 10
[INFO] [1733765728.656045895] [fibonacci_action_server]: Executing goal...
[INFO] [1733765728.656094353] [fibonacci_action_server]: Feedback: [1]
[INFO] [1733765728.906277563] [fibonacci_action_server]: Feedback: [2]
[INFO] [1733765729.156502660] [fibonacci_action_server]: Feedback: [3]
[INFO] [1733765729.406703082] [fibonacci_action_server]: Feedback: [5]
[INFO] [1733765729.656869452] [fibonacci_action_server]: Feedback: [8]
[INFO] [1733765729.907049433] [fibonacci_action_server]: Feedback: [13]
[INFO] [1733765730.157273259] [fibonacci_action_server]: Feedback: [21]
[INFO] [1733765730.407478957] [fibonacci_action_server]: Feedback: [34]
[INFO] [1733765730.657690705] [fibonacci_action_server]: Feedback: [55]
[INFO] [1733765730.907925425] [fibonacci_action_server]: Goal succeeded
[INFO] [1733765730.908290414] [fibonacci_action_server]: Received goal request with order 10
[INFO] [1733765730.908372249] [fibonacci_action_server]: Executing goal...
[INFO] [1733765730.908413165] [fibonacci_action_server]: Feedback: [1]
[INFO] [1733765731.158574746] [fibonacci_action_server]: Feedback: [2]
[INFO] [1733765731.408808800] [fibonacci_action_server]: Feedback: [3]
[INFO] [1733765731.658993262] [fibonacci_action_server]: Feedback: [5]
[INFO] [1733765731.909176740] [fibonacci_action_server]: Feedback: [8]
[INFO] [1733765732.159357412] [fibonacci_action_server]: Feedback: [13]
[INFO] [1733765732.409510806] [fibonacci_action_server]: Feedback: [21]
[INFO] [1733765732.659720173] [fibonacci_action_server]: Feedback: [34]
[INFO] [1733765732.910003106] [fibonacci_action_server]: Feedback: [55]
[INFO] [1733765733.160240182] [fibonacci_action_server]: Goal succeeded
[INFO] [1733765733.160703940] [fibonacci_action_server]: Received goal request with order 10
[INFO] [1733765733.160826855] [fibonacci_action_server]: Executing goal...
[INFO] [1733765733.160873636] [fibonacci_action_server]: Feedback: [1]
[INFO] [1733765733.411007874] [fibonacci_action_server]: Feedback: [2]
[INFO] [1733765733.661209224] [fibonacci_action_server]: Feedback: [3]
[INFO] [1733765733.911413441] [fibonacci_action_server]: Feedback: [5]
[INFO] [1733765734.161632818] [fibonacci_action_server]: Feedback: [8]
[INFO] [1733765734.411813111] [fibonacci_action_server]: Feedback: [13]
[INFO] [1733765734.662046699] [fibonacci_action_server]: Feedback: [21]
[INFO] [1733765734.912233043] [fibonacci_action_server]: Feedback: [34]
[INFO] [1733765735.162449110] [fibonacci_action_server]: Feedback: [55]
[INFO] [1733765735.412642109] [fibonacci_action_server]: Goal succeeded
[INFO] [1733765735.412868369] [fibonacci_action_server]: Received goal request with order 10
[INFO] [1733765735.412950300] [fibonacci_action_server]: Executing goal...
[INFO] [1733765735.412991209] [fibonacci_action_server]: Feedback: [1]
[INFO] [1733765735.663134398] [fibonacci_action_server]: Feedback: [2]
[INFO] [1733765735.913356380] [fibonacci_action_server]: Feedback: [3]
[INFO] [1733765736.163573989] [fibonacci_action_server]: Feedback: [5]
[INFO] [1733765736.413805138] [fibonacci_action_server]: Feedback: [8]
[INFO] [1733765736.663984233] [fibonacci_action_server]: Feedback: [13]
[INFO] [1733765736.914229717] [fibonacci_action_server]: Feedback: [21]
[INFO] [1733765737.164442180] [fibonacci_action_server]: Feedback: [34]
[INFO] [1733765737.414680069] [fibonacci_action_server]: Feedback: [55]
[INFO] [1733765737.664972887] [fibonacci_action_server]: Goal succeeded
[INFO] [1733765737.665252581] [fibonacci_action_server]: Received goal request with order 10
[INFO] [1733765737.665344363] [fibonacci_action_server]: Executing goal...
[INFO] [1733765737.665390407] [fibonacci_action_server]: Feedback: [1]
[INFO] [1733765737.915536976] [fibonacci_action_server]: Feedback: [2]
[INFO] [1733765738.165746254] [fibonacci_action_server]: Feedback: [3]
[INFO] [1733765738.415965149] [fibonacci_action_server]: Feedback: [5]
[INFO] [1733765738.666224184] [fibonacci_action_server]: Feedback: [8]
[INFO] [1733765738.916434847] [fibonacci_action_server]: Feedback: [13]
[INFO] [1733765739.166649701] [fibonacci_action_server]: Feedback: [21]
[INFO] [1733765739.416820605] [fibonacci_action_server]: Feedback: [34]
[INFO] [1733765739.667024799] [fibonacci_action_server]: Feedback: [55]
[INFO] [1733765739.917243421] [fibonacci_action_server]: Goal succeeded
[INFO] [1733765739.917480368] [fibonacci_action_server]: Received goal request with order 10
[INFO] [1733765739.917584306] [fibonacci_action_server]: Executing goal...
[INFO] [1733765739.917632281] [fibonacci_action_server]: Feedback: [1]
[INFO] [1733765740.167797405] [fibonacci_action_server]: Feedback: [2]
[INFO] [1733765740.418042788] [fibonacci_action_server]: Feedback: [3]
[INFO] [1733765740.668224301] [fibonacci_action_server]: Feedback: [5]
[INFO] [1733765740.918389532] [fibonacci_action_server]: Feedback: [8]
[INFO] [1733765741.168568809] [fibonacci_action_server]: Feedback: [13]
[INFO] [1733765741.418756434] [fibonacci_action_server]: Feedback: [21]
[INFO] [1733765741.668964997] [fibonacci_action_server]: Feedback: [34]
[INFO] [1733765741.919141999] [fibonacci_action_server]: Feedback: [55]
[INFO] [1733765742.169477880] [fibonacci_action_server]: Goal succeeded
[INFO] [1733765742.169769704] [fibonacci_action_server]: Received goal request with order 10
[INFO] [1733765742.169939887] [fibonacci_action_server]: Executing goal...
[INFO] [1733765742.170005029] [fibonacci_action_server]: Feedback: [1]
[INFO] [1733765742.420180511] [fibonacci_action_server]: Feedback: [2]
[INFO] [1733765742.670392882] [fibonacci_action_server]: Feedback: [3]
[INFO] [1733765742.920589257] [fibonacci_action_server]: Feedback: [5]
[INFO] [1733765743.170775653] [fibonacci_action_server]: Feedback: [8]
[INFO] [1733765743.420959243] [fibonacci_action_server]: Feedback: [13]
[INFO] [1733765743.671176943] [fibonacci_action_server]: Feedback: [21]
[INFO] [1733765743.921383424] [fibonacci_action_server]: Feedback: [34]
[INFO] [1733765744.171597515] [fibonacci_action_server]: Feedback: [55]
[INFO] [1733765744.421842525] [fibonacci_action_server]: Goal succeeded
[INFO] [1733765744.422176102] [fibonacci_action_server]: Received goal request with order 10
[INFO] [1733765744.422344151] [fibonacci_action_server]: Executing goal...
[INFO] [1733765744.422410717] [fibonacci_action_server]: Feedback: [1]
[INFO] [1733765744.672555763] [fibonacci_action_server]: Feedback: [2]
[INFO] [1733765744.922753174] [fibonacci_action_server]: Feedback: [3]
[INFO] [1733765745.172961120] [fibonacci_action_server]: Feedback: [5]
[INFO] [1733765745.423173034] [fibonacci_action_server]: Feedback: [8]
[INFO] [1733765745.673429818] [fibonacci_action_server]: Feedback: [13]
[INFO] [1733765745.923665421] [fibonacci_action_server]: Feedback: [21]
[INFO] [1733765746.173879676] [fibonacci_action_server]: Feedback: [34]
[INFO] [1733765746.424127142] [fibonacci_action_server]: Feedback: [55]
[INFO] [1733765746.674388052] [fibonacci_action_server]: Goal succeeded
[INFO] [1733765746.674976382] [fibonacci_action_server]: Received goal request with order 10
[INFO] [1733765746.675144665] [fibonacci_action_server]: Executing goal...
[INFO] [1733765746.675196308] [fibonacci_action_server]: Feedback: [1]
[INFO] [1733765746.925389742] [fibonacci_action_server]: Feedback: [2]
[INFO] [1733765747.175586719] [fibonacci_action_server]: Feedback: [3]
[INFO] [1733765747.425787914] [fibonacci_action_server]: Feedback: [5]
[INFO] [1733765747.675985184] [fibonacci_action_server]: Feedback: [8]
[INFO] [1733765747.926176447] [fibonacci_action_server]: Feedback: [13]
[INFO] [1733765748.176367168] [fibonacci_action_server]: Feedback: [21]
[INFO] [1733765748.426545772] [fibonacci_action_server]: Feedback: [34]
[INFO] [1733765748.676792653] [fibonacci_action_server]: Feedback: [55]
[INFO] [1733765748.927447754] [fibonacci_action_server]: Goal succeeded
[INFO] [1733765748.927799672] [fibonacci_action_server]: Received goal request with order 10
[INFO] [1733765748.927878539] [fibonacci_action_server]: Executing goal...
[INFO] [1733765748.927927646] [fibonacci_action_server]: Feedback: [1]
[INFO] [1733765749.178152702] [fibonacci_action_server]: Feedback: [2]
[INFO] [1733765749.428343120] [fibonacci_action_server]: Feedback: [3]
[INFO] [1733765749.678559996] [fibonacci_action_server]: Feedback: [5]
[INFO] [1733765749.928734111] [fibonacci_action_server]: Feedback: [8]
[INFO] [1733765750.179016619] [fibonacci_action_server]: Feedback: [13]
[INFO] [1733765750.429229844] [fibonacci_action_server]: Feedback: [21]
[INFO] [1733765750.679423419] [fibonacci_action_server]: Feedback: [34]
[INFO] [1733765750.929639754] [fibonacci_action_server]: Feedback: [55]
[INFO] [1733765751.179901123] [fibonacci_action_server]: Goal succeeded
[INFO] [1733765751.180334677] [fibonacci_action_server]: Received goal request with order 10
[INFO] [1733765751.180462910] [fibonacci_action_server]: Executing goal...
[INFO] [1733765751.180508798] [fibonacci_action_server]: Feedback: [1]
[INFO] [1733765751.430693366] [fibonacci_action_server]: Feedback: [2]
[INFO] [1733765751.680862114] [fibonacci_action_server]: Feedback: [3]
[INFO] [1733765751.931041921] [fibonacci_action_server]: Feedback: [5]
[INFO] [1733765752.181267717] [fibonacci_action_server]: Feedback: [8]
[INFO] [1733765752.431604128] [fibonacci_action_server]: Feedback: [13]
[INFO] [1733765752.681804247] [fibonacci_action_server]: Feedback: [21]
[INFO] [1733765752.932018564] [fibonacci_action_server]: Feedback: [34]
[INFO] [1733765753.182207515] [fibonacci_action_server]: Feedback: [55]
[INFO] [1733765753.432493039] [fibonacci_action_server]: Goal succeeded
[INFO] [1733765753.432894570] [fibonacci_action_server]: Received goal request with order 10
[INFO] [1733765753.433028969] [fibonacci_action_server]: Executing goal...
[INFO] [1733765753.433073477] [fibonacci_action_server]: Feedback: [1]
[INFO] [1733765753.683260525] [fibonacci_action_server]: Feedback: [2]
[INFO] [1733765753.933440065] [fibonacci_action_server]: Feedback: [3]
[INFO] [1733765754.183639497] [fibonacci_action_server]: Feedback: [5]
[INFO] [1733765754.433817212] [fibonacci_action_server]: Feedback: [8]
[INFO] [1733765754.684020216] [fibonacci_action_server]: Feedback: [13]
[INFO] [1733765754.934229166] [fibonacci_action_server]: Feedback: [21]
[INFO] [1733765755.184407417] [fibonacci_action_server]: Feedback: [34]
[INFO] [1733765755.434656622] [fibonacci_action_server]: Feedback: [55]
[INFO] [1733765755.684851742] [fibonacci_action_server]: Goal succeeded
[INFO] [1733765755.685257538] [fibonacci_action_server]: Received goal request with order 10
[INFO] [1733765755.685355396] [fibonacci_action_server]: Executing goal...
[INFO] [1733765755.685404837] [fibonacci_action_server]: Feedback: [1]
[INFO] [1733765755.935579572] [fibonacci_action_server]: Feedback: [2]
[INFO] [1733765756.185776855] [fibonacci_action_server]: Feedback: [3]
[INFO] [1733765756.435949258] [fibonacci_action_server]: Feedback: [5]
[INFO] [1733765756.686113913] [fibonacci_action_server]: Feedback: [8]
[INFO] [1733765756.936320036] [fibonacci_action_server]: Feedback: [13]
[INFO] [1733765757.186509946] [fibonacci_action_server]: Feedback: [21]
[INFO] [1733765757.436722717] [fibonacci_action_server]: Feedback: [34]
[INFO] [1733765757.686964719] [fibonacci_action_server]: Feedback: [55]
[INFO] [1733765757.937201048] [fibonacci_action_server]: Goal succeeded
[INFO] [1733765757.937555231] [fibonacci_action_server]: Received goal request with order 10
[INFO] [1733765757.937712145] [fibonacci_action_server]: Executing goal...
[INFO] [1733765757.937772046] [fibonacci_action_server]: Feedback: [1]
[INFO] [1733765758.187904304] [fibonacci_action_server]: Feedback: [2]
[INFO] [1733765758.438117013] [fibonacci_action_server]: Feedback: [3]
[INFO] [1733765758.688268223] [fibonacci_action_server]: Feedback: [5]
[INFO] [1733765758.938470180] [fibonacci_action_server]: Feedback: [8]
[INFO] [1733765759.188747455] [fibonacci_action_server]: Feedback: [13]
[INFO] [1733765759.438936855] [fibonacci_action_server]: Feedback: [21]
[INFO] [1733765759.689110206] [fibonacci_action_server]: Feedback: [34]
[INFO] [1733765759.939298674] [fibonacci_action_server]: Feedback: [55]
[INFO] [1733765760.189576454] [fibonacci_action_server]: Goal succeeded
[INFO] [1733765760.189901284] [fibonacci_action_server]: Received goal request with order 10
[INFO] [1733765760.189983879] [fibonacci_action_server]: Executing goal...
[INFO] [1733765760.190025785] [fibonacci_action_server]: Feedback: [1]
[INFO] [1733765760.440182913] [fibonacci_action_server]: Feedback: [2]
[INFO] [1733765760.690427018] [fibonacci_action_server]: Feedback: [3]
[INFO] [1733765760.940591135] [fibonacci_action_server]: Feedback: [5]
[INFO] [1733765761.190808376] [fibonacci_action_server]: Feedback: [8]
[INFO] [1733765761.440986954] [fibonacci_action_server]: Feedback: [13]
[INFO] [1733765761.691239836] [fibonacci_action_server]: Feedback: [21]
[INFO] [1733765761.941406378] [fibonacci_action_server]: Feedback: [34]
[INFO] [1733765762.191565311] [fibonacci_action_server]: Feedback: [55]
[INFO] [1733765762.441822639] [fibonacci_action_server]: Goal succeeded
[INFO] [1733765762.442250823] [fibonacci_action_server]: Received goal request with order 10
[INFO] [1733765762.442375594] [fibonacci_action_server]: Executing goal...
[INFO] [1733765762.442421043] [fibonacci_action_server]: Feedback: [1]
[INFO] [1733765762.692585814] [fibonacci_action_server]: Feedback: [2]
[INFO] [1733765762.942784603] [fibonacci_action_server]: Feedback: [3]
[INFO] [1733765763.193005667] [fibonacci_action_server]: Feedback: [5]
[INFO] [1733765763.443225560] [fibonacci_action_server]: Feedback: [8]
[INFO] [1733765763.693434604] [fibonacci_action_server]: Feedback: [13]
[INFO] [1733765763.943648143] [fibonacci_action_server]: Feedback: [21]
[INFO] [1733765764.193858440] [fibonacci_action_server]: Feedback: [34]
[INFO] [1733765764.444057815] [fibonacci_action_server]: Feedback: [55]
[INFO] [1733765764.694260639] [fibonacci_action_server]: Goal succeeded
[INFO] [1733765764.694673245] [fibonacci_action_server]: Received goal request with order 10
[INFO] [1733765764.694812356] [fibonacci_action_server]: Executing goal...
[INFO] [1733765764.694860864] [fibonacci_action_server]: Feedback: [1]
[INFO] [1733765764.945030046] [fibonacci_action_server]: Feedback: [2]
[INFO] [1733765765.195255696] [fibonacci_action_server]: Feedback: [3]
[INFO] [1733765765.445414543] [fibonacci_action_server]: Feedback: [5]
[INFO] [1733765765.695613342] [fibonacci_action_server]: Feedback: [8]
[INFO] [1733765765.945785919] [fibonacci_action_server]: Feedback: [13]
[INFO] [1733765766.195967342] [fibonacci_action_server]: Feedback: [21]
[INFO] [1733765766.446171423] [fibonacci_action_server]: Feedback: [34]
[INFO] [1733765766.696399424] [fibonacci_action_server]: Feedback: [55]
[INFO] [1733765766.946669594] [fibonacci_action_server]: Goal succeeded
[INFO] [1733765766.946961847] [fibonacci_action_server]: Received goal request with order 10
[INFO] [1733765766.947056443] [fibonacci_action_server]: Executing goal...
[INFO] [1733765766.947107212] [fibonacci_action_server]: Feedback: [1]
[INFO] [1733765767.197290470] [fibonacci_action_server]: Feedback: [2]
[INFO] [1733765767.447498002] [fibonacci_action_server]: Feedback: [3]
[INFO] [1733765767.697688579] [fibonacci_action_server]: Feedback: [5]
[INFO] [1733765767.947858277] [fibonacci_action_server]: Feedback: [8]
[INFO] [1733765768.198113332] [fibonacci_action_server]: Feedback: [13]
[INFO] [1733765768.448306005] [fibonacci_action_server]: Feedback: [21]
[INFO] [1733765768.698533172] [fibonacci_action_server]: Feedback: [34]
[INFO] [1733765768.948699914] [fibonacci_action_server]: Feedback: [55]
[INFO] [1733765769.199006978] [fibonacci_action_server]: Goal succeeded
[INFO] [1733765769.199335987] [fibonacci_action_server]: Received goal request with order 10
[INFO] [1733765769.199505400] [fibonacci_action_server]: Executing goal...
[INFO] [1733765769.199553854] [fibonacci_action_server]: Feedback: [1]
[INFO] [1733765769.449730529] [fibonacci_action_server]: Feedback: [2]
[INFO] [1733765769.699921858] [fibonacci_action_server]: Feedback: [3]
[INFO] [1733765769.950135074] [fibonacci_action_server]: Feedback: [5]
[INFO] [1733765770.200309873] [fibonacci_action_server]: Feedback: [8]
[INFO] [1733765770.450498680] [fibonacci_action_server]: Feedback: [13]
[INFO] [1733765770.700751251] [fibonacci_action_server]: Feedback: [21]
[INFO] [1733765770.950980630] [fibonacci_action_server]: Feedback: [34]
[INFO] [1733765771.201226251] [fibonacci_action_server]: Feedback: [55]
[INFO] [1733765771.451437287] [fibonacci_action_server]: Goal succeeded
[INFO] [1733765771.451713037] [fibonacci_action_server]: Received goal request with order 10
[INFO] [1733765771.451861090] [fibonacci_action_server]: Executing goal...
[INFO] [1733765771.451907924] [fibonacci_action_server]: Feedback: [1]
[INFO] [1733765771.702033550] [fibonacci_action_server]: Feedback: [2]
[INFO] [1733765771.952231670] [fibonacci_action_server]: Feedback: [3]
[INFO] [1733765772.202405148] [fibonacci_action_server]: Feedback: [5]
[INFO] [1733765772.452683310] [fibonacci_action_server]: Feedback: [8]
[INFO] [1733765772.702890451] [fibonacci_action_server]: Feedback: [13]
[INFO] [1733765772.953105939] [fibonacci_action_server]: Feedback: [21]
[INFO] [1733765773.203296815] [fibonacci_action_server]: Feedback: [34]
[INFO] [1733765773.453498928] [fibonacci_action_server]: Feedback: [55]
[INFO] [1733765773.703726948] [fibonacci_action_server]: Goal succeeded
[INFO] [1733765773.704043840] [fibonacci_action_server]: Received goal request with order 10
[INFO] [1733765773.704170910] [fibonacci_action_server]: Executing goal...
[INFO] [1733765773.704254325] [fibonacci_action_server]: Feedback: [1]
[INFO] [1733765773.954441002] [fibonacci_action_server]: Feedback: [2]
[INFO] [1733765774.204598074] [fibonacci_action_server]: Feedback: [3]
[INFO] [1733765774.454796189] [fibonacci_action_server]: Feedback: [5]
[INFO] [1733765774.704960506] [fibonacci_action_server]: Feedback: [8]
[INFO] [1733765774.955154876] [fibonacci_action_server]: Feedback: [13]
[INFO] [1733765775.205382623] [fibonacci_action_server]: Feedback: [21]
[INFO] [1733765775.455565700] [fibonacci_action_server]: Feedback: [34]
[INFO] [1733765775.705751412] [fibonacci_action_server]: Feedback: [55]
[INFO] [1733765775.955989034] [fibonacci_action_server]: Goal succeeded
[INFO] [1733765775.956397001] [fibonacci_action_server]: Received goal request with order 10
[INFO] [1733765775.956486059] [fibonacci_action_server]: Executing goal...
[INFO] [1733765775.956534352] [fibonacci_action_server]: Feedback: [1]
[INFO] [1733765776.206690514] [fibonacci_action_server]: Feedback: [2]
[INFO] [1733765776.456939511] [fibonacci_action_server]: Feedback: [3]
[INFO] [1733765776.707112012] [fibonacci_action_server]: Feedback: [5]
[INFO] [1733765776.957403905] [fibonacci_action_server]: Feedback: [8]
[INFO] [1733765777.207674339] [fibonacci_action_server]: Feedback: [13]
[INFO] [1733765777.457891166] [fibonacci_action_server]: Feedback: [21]
[INFO] [1733765777.708077796] [fibonacci_action_server]: Feedback: [34]
[INFO] [1733765777.958253868] [fibonacci_action_server]: Feedback: [55]
[INFO] [1733765778.208526034] [fibonacci_action_server]: Goal succeeded
[INFO] [1733765778.208967274] [fibonacci_action_server]: Received goal request with order 10
[INFO] [1733765778.209154993] [fibonacci_action_server]: Executing goal...
[INFO] [1733765778.209202346] [fibonacci_action_server]: Feedback: [1]
[INFO] [1733765778.459366199] [fibonacci_action_server]: Feedback: [2]
[INFO] [1733765778.709593870] [fibonacci_action_server]: Feedback: [3]
[INFO] [1733765778.959787099] [fibonacci_action_server]: Feedback: [5]
[INFO] [1733765779.210002784] [fibonacci_action_server]: Feedback: [8]
[INFO] [1733765779.460542748] [fibonacci_action_server]: Feedback: [13]
[INFO] [1733765779.710715217] [fibonacci_action_server]: Feedback: [21]
[INFO] [1733765779.960896604] [fibonacci_action_server]: Feedback: [34]
[INFO] [1733765780.211137238] [fibonacci_action_server]: Feedback: [55]
[INFO] [1733765780.461376031] [fibonacci_action_server]: Goal succeeded
[INFO] [1733765780.461669062] [fibonacci_action_server]: Received goal request with order 10
[INFO] [1733765780.461757361] [fibonacci_action_server]: Executing goal...
[INFO] [1733765780.461804940] [fibonacci_action_server]: Feedback: [1]
[INFO] [1733765780.711986207] [fibonacci_action_server]: Feedback: [2]
[INFO] [1733765780.962217610] [fibonacci_action_server]: Feedback: [3]
[INFO] [1733765781.212414074] [fibonacci_action_server]: Feedback: [5]
[INFO] [1733765781.462625246] [fibonacci_action_server]: Feedback: [8]
[INFO] [1733765781.712827219] [fibonacci_action_server]: Feedback: [13]
[INFO] [1733765781.963029104] [fibonacci_action_server]: Feedback: [21]
[INFO] [1733765782.213257485] [fibonacci_action_server]: Feedback: [34]
[INFO] [1733765782.463495729] [fibonacci_action_server]: Feedback: [55]
[INFO] [1733765782.713695150] [fibonacci_action_server]: Goal succeeded
[INFO] [1733765782.714091559] [fibonacci_action_server]: Received goal request with order 10
[INFO] [1733765782.714198860] [fibonacci_action_server]: Executing goal...
[INFO] [1733765782.714247094] [fibonacci_action_server]: Feedback: [1]
[INFO] [1733765782.964384418] [fibonacci_action_server]: Feedback: [2]
[INFO] [1733765783.214560040] [fibonacci_action_server]: Feedback: [3]
[INFO] [1733765783.464740722] [fibonacci_action_server]: Feedback: [5]
[INFO] [1733765783.714932600] [fibonacci_action_server]: Feedback: [8]
[INFO] [1733765783.965111783] [fibonacci_action_server]: Feedback: [13]
[INFO] [1733765784.215337749] [fibonacci_action_server]: Feedback: [21]
[INFO] [1733765784.465618618] [fibonacci_action_server]: Feedback: [34]
[INFO] [1733765784.715832132] [fibonacci_action_server]: Feedback: [55]
[INFO] [1733765784.966095204] [fibonacci_action_server]: Goal succeeded
[INFO] [1733765784.966442065] [fibonacci_action_server]: Received goal request with order 10
[INFO] [1733765784.966566027] [fibonacci_action_server]: Executing goal...
[INFO] [1733765784.966611337] [fibonacci_action_server]: Feedback: [1]
[INFO] [1733765785.216749345] [fibonacci_action_server]: Feedback: [2]
[INFO] [1733765785.466957211] [fibonacci_action_server]: Feedback: [3]
[INFO] [1733765785.717140091] [fibonacci_action_server]: Feedback: [5]
[INFO] [1733765785.967353480] [fibonacci_action_server]: Feedback: [8]
[INFO] [1733765786.217535088] [fibonacci_action_server]: Feedback: [13]
[INFO] [1733765786.467783885] [fibonacci_action_server]: Feedback: [21]
[INFO] [1733765786.717956096] [fibonacci_action_server]: Feedback: [34]
[INFO] [1733765786.968165522] [fibonacci_action_server]: Feedback: [55]
[INFO] [1733765787.218367767] [fibonacci_action_server]: Goal succeeded
[INFO] [1733765787.218718366] [fibonacci_action_server]: Received goal request with order 10
[INFO] [1733765787.218808067] [fibonacci_action_server]: Executing goal...
[INFO] [1733765787.218850835] [fibonacci_action_server]: Feedback: [1]
[INFO] [1733765787.469027564] [fibonacci_action_server]: Feedback: [2]
[INFO] [1733765787.719277604] [fibonacci_action_server]: Feedback: [3]
[INFO] [1733765787.969444236] [fibonacci_action_server]: Feedback: [5]
[INFO] [1733765788.219662547] [fibonacci_action_server]: Feedback: [8]
[INFO] [1733765788.469869183] [fibonacci_action_server]: Feedback: [13]
[INFO] [1733765788.720116136] [fibonacci_action_server]: Feedback: [21]
[INFO] [1733765788.970303516] [fibonacci_action_server]: Feedback: [34]
[INFO] [1733765789.220462153] [fibonacci_action_server]: Feedback: [55]
[INFO] [1733765789.470690888] [fibonacci_action_server]: Goal succeeded
[INFO] [1733765789.471022043] [fibonacci_action_server]: Received goal request with order 10
[INFO] [1733765789.471142198] [fibonacci_action_server]: Executing goal...
[INFO] [1733765789.471205891] [fibonacci_action_server]: Feedback: [1]
[INFO] [1733765789.721356951] [fibonacci_action_server]: Feedback: [2]
[INFO] [1733765789.971550132] [fibonacci_action_server]: Feedback: [3]
[INFO] [1733765790.221802406] [fibonacci_action_server]: Feedback: [5]
[INFO] [1733765790.472021253] [fibonacci_action_server]: Feedback: [8]
[INFO] [1733765790.722191755] [fibonacci_action_server]: Feedback: [13]
[INFO] [1733765790.972364158] [fibonacci_action_server]: Feedback: [21]
[INFO] [1733765791.222541428] [fibonacci_action_server]: Feedback: [34]
[INFO] [1733765791.472764869] [fibonacci_action_server]: Feedback: [55]
[INFO] [1733765791.722969597] [fibonacci_action_server]: Goal succeeded
[INFO] [1733765791.723280492] [fibonacci_action_server]: Received goal request with order 10
[INFO] [1733765791.723364838] [fibonacci_action_server]: Executing goal...
[INFO] [1733765791.723404274] [fibonacci_action_server]: Feedback: [1]
[INFO] [1733765791.973547251] [fibonacci_action_server]: Feedback: [2]
[INFO] [1733765792.223755985] [fibonacci_action_server]: Feedback: [3]
[INFO] [1733765792.473949739] [fibonacci_action_server]: Feedback: [5]
[INFO] [1733765792.724133001] [fibonacci_action_server]: Feedback: [8]
[INFO] [1733765792.974398442] [fibonacci_action_server]: Feedback: [13]
[INFO] [1733765793.224587926] [fibonacci_action_server]: Feedback: [21]
[INFO] [1733765793.474755193] [fibonacci_action_server]: Feedback: [34]
[INFO] [1733765793.724951386] [fibonacci_action_server]: Feedback: [55]
[INFO] [1733765793.975244479] [fibonacci_action_server]: Goal succeeded
[INFO] [1733765793.975580273] [fibonacci_action_server]: Received goal request with order 10
[INFO] [1733765793.975770331] [fibonacci_action_server]: Executing goal...
[INFO] [1733765793.975819772] [fibonacci_action_server]: Feedback: [1]
[INFO] [1733765794.225981688] [fibonacci_action_server]: Feedback: [2]
[INFO] [1733765794.476188102] [fibonacci_action_server]: Feedback: [3]
[INFO] [1733765794.726401196] [fibonacci_action_server]: Feedback: [5]
[INFO] [1733765794.976611714] [fibonacci_action_server]: Feedback: [8]
[INFO] [1733765795.226832914] [fibonacci_action_server]: Feedback: [13]
[INFO] [1733765795.477039766] [fibonacci_action_server]: Feedback: [21]
[INFO] [1733765795.727249529] [fibonacci_action_server]: Feedback: [34]
[INFO] [1733765795.977421364] [fibonacci_action_server]: Feedback: [55]
[INFO] [1733765796.227701650] [fibonacci_action_server]: Goal succeeded
[INFO] [1733765796.228080324] [fibonacci_action_server]: Received goal request with order 10
[INFO] [1733765796.228242775] [fibonacci_action_server]: Executing goal...
[INFO] [1733765796.228288579] [fibonacci_action_server]: Feedback: [1]
[INFO] [1733765796.478478551] [fibonacci_action_server]: Feedback: [2]
[INFO] [1733765796.728678532] [fibonacci_action_server]: Feedback: [3]
[INFO] [1733765796.978843335] [fibonacci_action_server]: Feedback: [5]
[INFO] [1733765797.229034688] [fibonacci_action_server]: Feedback: [8]
[INFO] [1733765797.479240699] [fibonacci_action_server]: Feedback: [13]
[INFO] [1733765797.729478053] [fibonacci_action_server]: Feedback: [21]
[INFO] [1733765797.979671730] [fibonacci_action_server]: Feedback: [34]
[INFO] [1733765798.229869087] [fibonacci_action_server]: Feedback: [55]
[INFO] [1733765798.480095528] [fibonacci_action_server]: Goal succeeded
[INFO] [1733765798.480451754] [fibonacci_action_server]: Received goal request with order 10
[INFO] [1733765798.480580403] [fibonacci_action_server]: Executing goal...
[INFO] [1733765798.480629029] [fibonacci_action_server]: Feedback: [1]
[INFO] [1733765798.730803338] [fibonacci_action_server]: Feedback: [2]
[INFO] [1733765798.981009464] [fibonacci_action_server]: Feedback: [3]
[INFO] [1733765799.231216916] [fibonacci_action_server]: Feedback: [5]
[INFO] [1733765799.481356992] [fibonacci_action_server]: Feedback: [8]
[INFO] [1733765799.731541033] [fibonacci_action_server]: Feedback: [13]
[INFO] [1733765799.981756231] [fibonacci_action_server]: Feedback: [21]
[INFO] [1733765800.231961508] [fibonacci_action_server]: Feedback: [34]
[INFO] [1733765800.482188362] [fibonacci_action_server]: Feedback: [55]
[INFO] [1733765800.732423036] [fibonacci_action_server]: Goal succeeded
[INFO] [1733765800.732757634] [fibonacci_action_server]: Received goal request with order 10
[INFO] [1733765800.732931784] [fibonacci_action_server]: Executing goal...
[INFO] [1733765800.733016403] [fibonacci_action_server]: Feedback: [1]
[INFO] [1733765800.983201193] [fibonacci_action_server]: Feedback: [2]
[INFO] [1733765801.233413900] [fibonacci_action_server]: Feedback: [3]
[INFO] [1733765801.483606610] [fibonacci_action_server]: Feedback: [5]
[INFO] [1733765801.733779641] [fibonacci_action_server]: Feedback: [8]
[INFO] [1733765801.984030786] [fibonacci_action_server]: Feedback: [13]
[INFO] [1733765802.234188856] [fibonacci_action_server]: Feedback: [21]
[INFO] [1733765802.484463986] [fibonacci_action_server]: Feedback: [34]
[INFO] [1733765802.734647163] [fibonacci_action_server]: Feedback: [55]
[INFO] [1733765802.984868882] [fibonacci_action_server]: Goal succeeded
[INFO] [1733765802.985311706] [fibonacci_action_server]: Received goal request with order 10
[INFO] [1733765802.985399500] [fibonacci_action_server]: Executing goal...
[INFO] [1733765802.985446984] [fibonacci_action_server]: Feedback: [1]
[INFO] [1733765803.235593716] [fibonacci_action_server]: Feedback: [2]
[INFO] [1733765803.485844352] [fibonacci_action_server]: Feedback: [3]
[INFO] [1733765803.736036119] [fibonacci_action_server]: Feedback: [5]
[INFO] [1733765803.986278445] [fibonacci_action_server]: Feedback: [8]
[INFO] [1733765804.236515455] [fibonacci_action_server]: Feedback: [13]
[INFO] [1733765804.486719201] [fibonacci_action_server]: Feedback: [21]
[INFO] [1733765804.736908271] [fibonacci_action_server]: Feedback: [34]
[INFO] [1733765804.987123503] [fibonacci_action_server]: Feedback: [55]
[INFO] [1733765805.237398355] [fibonacci_action_server]: Goal succeeded
[INFO] [1733765805.237817327] [fibonacci_action_server]: Received goal request with order 10
[INFO] [1733765805.237909232] [fibonacci_action_server]: Executing goal...
[INFO] [1733765805.237953403] [fibonacci_action_server]: Feedback: [1]
[INFO] [1733765805.488122166] [fibonacci_action_server]: Feedback: [2]
[INFO] [1733765805.738372667] [fibonacci_action_server]: Feedback: [3]
[INFO] [1733765805.988581878] [fibonacci_action_server]: Feedback: [5]
[INFO] [1733765806.238832944] [fibonacci_action_server]: Feedback: [8]
[INFO] [1733765806.489070649] [fibonacci_action_server]: Feedback: [13]
[INFO] [1733765806.739275669] [fibonacci_action_server]: Feedback: [21]
[INFO] [1733765806.989471580] [fibonacci_action_server]: Feedback: [34]
[INFO] [1733765807.239699831] [fibonacci_action_server]: Feedback: [55]
[INFO] [1733765807.489988279] [fibonacci_action_server]: Goal succeeded
[INFO] [1733765807.490348610] [fibonacci_action_server]: Received goal request with order 10
[INFO] [1733765807.490429750] [fibonacci_action_server]: Executing goal...
[INFO] [1733765807.490474788] [fibonacci_action_server]: Feedback: [1]
[INFO] [1733765807.740653821] [fibonacci_action_server]: Feedback: [2]
[INFO] [1733765807.990814077] [fibonacci_action_server]: Feedback: [3]
[INFO] [1733765808.240980391] [fibonacci_action_server]: Feedback: [5]
[INFO] [1733765808.491136749] [fibonacci_action_server]: Feedback: [8]
[INFO] [1733765808.741312287] [fibonacci_action_server]: Feedback: [13]
[INFO] [1733765808.991511831] [fibonacci_action_server]: Feedback: [21]
[INFO] [1733765809.241679517] [fibonacci_action_server]: Feedback: [34]
[INFO] [1733765809.491925132] [fibonacci_action_server]: Feedback: [55]
[INFO] [1733765809.742161082] [fibonacci_action_server]: Goal succeeded
[INFO] [1733765809.742443101] [fibonacci_action_server]: Received goal request with order 10
[INFO] [1733765809.742615130] [fibonacci_action_server]: Executing goal...
[INFO] [1733765809.742673287] [fibonacci_action_server]: Feedback: [1]
[INFO] [1733765809.992819070] [fibonacci_action_server]: Feedback: [2]
[INFO] [1733765810.243008377] [fibonacci_action_server]: Feedback: [3]
[INFO] [1733765810.493181212] [fibonacci_action_server]: Feedback: [5]
[INFO] [1733765810.743371226] [fibonacci_action_server]: Feedback: [8]
[INFO] [1733765810.993574258] [fibonacci_action_server]: Feedback: [13]
[INFO] [1733765811.243787396] [fibonacci_action_server]: Feedback: [21]
[INFO] [1733765811.494057635] [fibonacci_action_server]: Feedback: [34]
[INFO] [1733765811.744286657] [fibonacci_action_server]: Feedback: [55]
[INFO] [1733765811.994547161] [fibonacci_action_server]: Goal succeeded
[INFO] [1733765811.994974288] [fibonacci_action_server]: Received goal request with order 10
[INFO] [1733765811.995162081] [fibonacci_action_server]: Executing goal...
[INFO] [1733765811.995206833] [fibonacci_action_server]: Feedback: [1]
[INFO] [1733765812.245367379] [fibonacci_action_server]: Feedback: [2]
[INFO] [1733765812.495589965] [fibonacci_action_server]: Feedback: [3]
[INFO] [1733765812.745801354] [fibonacci_action_server]: Feedback: [5]
[INFO] [1733765812.995987227] [fibonacci_action_server]: Feedback: [8]
[INFO] [1733765813.246192956] [fibonacci_action_server]: Feedback: [13]
[INFO] [1733765813.496360941] [fibonacci_action_server]: Feedback: [21]
[INFO] [1733765813.746555188] [fibonacci_action_server]: Feedback: [34]
[INFO] [1733765813.996721847] [fibonacci_action_server]: Feedback: [55]
[INFO] [1733765814.247033960] [fibonacci_action_server]: Goal succeeded
[INFO] [1733765814.247482537] [fibonacci_action_server]: Received goal request with order 10
[INFO] [1733765814.247574572] [fibonacci_action_server]: Executing goal...
[INFO] [1733765814.247617796] [fibonacci_action_server]: Feedback: [1]
[INFO] [1733765814.497796225] [fibonacci_action_server]: Feedback: [2]
[INFO] [1733765814.748027773] [fibonacci_action_server]: Feedback: [3]
[INFO] [1733765814.998247344] [fibonacci_action_server]: Feedback: [5]
[INFO] [1733765815.248429098] [fibonacci_action_server]: Feedback: [8]
[INFO] [1733765815.498640472] [fibonacci_action_server]: Feedback: [13]
[INFO] [1733765815.748833007] [fibonacci_action_server]: Feedback: [21]
[INFO] [1733765815.999027518] [fibonacci_action_server]: Feedback: [34]
[INFO] [1733765816.249243769] [fibonacci_action_server]: Feedback: [55]
[INFO] [1733765816.499507593] [fibonacci_action_server]: Goal succeeded
[INFO] [1733765816.499950360] [fibonacci_action_server]: Received goal request with order 10
[INFO] [1733765816.500033550] [fibonacci_action_server]: Executing goal...
[INFO] [1733765816.500078847] [fibonacci_action_server]: Feedback: [1]
[INFO] [1733765816.750174040] [fibonacci_action_server]: Feedback: [2]
[INFO] [1733765817.000377006] [fibonacci_action_server]: Feedback: [3]
[INFO] [1733765817.250605556] [fibonacci_action_server]: Feedback: [5]
[INFO] [1733765817.500787900] [fibonacci_action_server]: Feedback: [8]
[INFO] [1733765817.750991101] [fibonacci_action_server]: Feedback: [13]
[INFO] [1733765818.001205352] [fibonacci_action_server]: Feedback: [21]
[INFO] [1733765818.251421151] [fibonacci_action_server]: Feedback: [34]
[INFO] [1733765818.501590963] [fibonacci_action_server]: Feedback: [55]
[INFO] [1733765818.751853957] [fibonacci_action_server]: Goal succeeded
[INFO] [1733765818.752163184] [fibonacci_action_server]: Received goal request with order 10
[INFO] [1733765818.752248467] [fibonacci_action_server]: Executing goal...
[INFO] [1733765818.752291318] [fibonacci_action_server]: Feedback: [1]
[INFO] [1733765819.002424000] [fibonacci_action_server]: Feedback: [2]
[INFO] [1733765819.252633816] [fibonacci_action_server]: Feedback: [3]
[INFO] [1733765819.502832416] [fibonacci_action_server]: Feedback: [5]
[INFO] [1733765819.752981820] [fibonacci_action_server]: Feedback: [8]
[INFO] [1733765820.003239921] [fibonacci_action_server]: Feedback: [13]
[INFO] [1733765820.253441320] [fibonacci_action_server]: Feedback: [21]
[INFO] [1733765820.503659228] [fibonacci_action_server]: Feedback: [34]
[INFO] [1733765820.753881516] [fibonacci_action_server]: Feedback: [55]
[INFO] [1733765821.004186720] [fibonacci_action_server]: Goal succeeded
[INFO] [1733765821.004505854] [fibonacci_action_server]: Received goal request with order 10
[INFO] [1733765821.004676993] [fibonacci_action_server]: Executing goal...
[INFO] [1733765821.004732674] [fibonacci_action_server]: Feedback: [1]
[INFO] [1733765821.254879625] [fibonacci_action_server]: Feedback: [2]
[INFO] [1733765821.505120253] [fibonacci_action_server]: Feedback: [3]
[INFO] [1733765821.755342696] [fibonacci_action_server]: Feedback: [5]
[INFO] [1733765822.005501530] [fibonacci_action_server]: Feedback: [8]
[INFO] [1733765822.255732128] [fibonacci_action_server]: Feedback: [13]
[INFO] [1733765822.505956113] [fibonacci_action_server]: Feedback: [21]
[INFO] [1733765822.756173184] [fibonacci_action_server]: Feedback: [34]
[INFO] [1733765823.006385477] [fibonacci_action_server]: Feedback: [55]
[INFO] [1733765823.256629065] [fibonacci_action_server]: Goal succeeded
[INFO] [1733765823.256955189] [fibonacci_action_server]: Received goal request with order 10
[INFO] [1733765823.257150941] [fibonacci_action_server]: Executing goal...
[INFO] [1733765823.257200203] [fibonacci_action_server]: Feedback: [1]
[INFO] [1733765823.507343853] [fibonacci_action_server]: Feedback: [2]
[INFO] [1733765823.757613085] [fibonacci_action_server]: Feedback: [3]
[INFO] [1733765824.007827616] [fibonacci_action_server]: Feedback: [5]
[INFO] [1733765824.258031226] [fibonacci_action_server]: Feedback: [8]
[INFO] [1733765824.508240925] [fibonacci_action_server]: Feedback: [13]
[INFO] [1733765824.758453837] [fibonacci_action_server]: Feedback: [21]
[INFO] [1733765825.008667684] [fibonacci_action_server]: Feedback: [34]
[INFO] [1733765825.258883347] [fibonacci_action_server]: Feedback: [55]
[INFO] [1733765825.509127773] [fibonacci_action_server]: Goal succeeded
[INFO] [1733765825.509514961] [fibonacci_action_server]: Received goal request with order 10
[INFO] [1733765825.509652189] [fibonacci_action_server]: Executing goal...
[INFO] [1733765825.509697504] [fibonacci_action_server]: Feedback: [1]
[INFO] [1733765825.759853782] [fibonacci_action_server]: Feedback: [2]
[INFO] [1733765826.010037541] [fibonacci_action_server]: Feedback: [3]
[INFO] [1733765826.260207668] [fibonacci_action_server]: Feedback: [5]
[INFO] [1733765826.510399620] [fibonacci_action_server]: Feedback: [8]
[INFO] [1733765826.760559747] [fibonacci_action_server]: Feedback: [13]
[INFO] [1733765827.010789220] [fibonacci_action_server]: Feedback: [21]
[INFO] [1733765827.261046411] [fibonacci_action_server]: Feedback: [34]
[INFO] [1733765827.511256966] [fibonacci_action_server]: Feedback: [55]
[INFO] [1733765827.761464857] [fibonacci_action_server]: Goal succeeded
[INFO] [1733765827.761771732] [fibonacci_action_server]: Received goal request with order 10
[INFO] [1733765827.761926033] [fibonacci_action_server]: Executing goal...
[INFO] [1733765827.761974870] [fibonacci_action_server]: Feedback: [1]
[INFO] [1733765828.012141426] [fibonacci_action_server]: Feedback: [2]
[INFO] [1733765828.262360400] [fibonacci_action_server]: Feedback: [3]
[INFO] [1733765828.512552088] [fibonacci_action_server]: Feedback: [5]
[INFO] [1733765828.762807944] [fibonacci_action_server]: Feedback: [8]
[INFO] [1733765829.013004223] [fibonacci_action_server]: Feedback: [13]
[INFO] [1733765829.263159813] [fibonacci_action_server]: Feedback: [21]
[INFO] [1733765829.513408964] [fibonacci_action_server]: Feedback: [34]
[INFO] [1733765829.763634901] [fibonacci_action_server]: Feedback: [55]
[INFO] [1733765830.013897706] [fibonacci_action_server]: Goal succeeded
[INFO] [1733765830.014260739] [fibonacci_action_server]: Received goal request with order 10
[INFO] [1733765830.014435433] [fibonacci_action_server]: Executing goal...
[INFO] [1733765830.014483318] [fibonacci_action_server]: Feedback: [1]
[INFO] [1733765830.264649288] [fibonacci_action_server]: Feedback: [2]
[INFO] [1733765830.514861385] [fibonacci_action_server]: Feedback: [3]
[INFO] [1733765830.765059380] [fibonacci_action_server]: Feedback: [5]
[INFO] [1733765831.015238432] [fibonacci_action_server]: Feedback: [8]
[INFO] [1733765831.265462867] [fibonacci_action_server]: Feedback: [13]
[INFO] [1733765831.515683958] [fibonacci_action_server]: Feedback: [21]
[INFO] [1733765831.765839058] [fibonacci_action_server]: Feedback: [34]
[INFO] [1733765832.016048737] [fibonacci_action_server]: Feedback: [55]
[INFO] [1733765832.266300205] [fibonacci_action_server]: Goal succeeded
[INFO] [1733765832.266642454] [fibonacci_action_server]: Received goal request with order 10
[INFO] [1733765832.266768168] [fibonacci_action_server]: Executing goal...
[INFO] [1733765832.266813973] [fibonacci_action_server]: Feedback: [1]
[INFO] [1733765832.516996112] [fibonacci_action_server]: Feedback: [2]
[INFO] [1733765832.767217029] [fibonacci_action_server]: Feedback: [3]
[INFO] [1733765833.017410012] [fibonacci_action_server]: Feedback: [5]
[INFO] [1733765833.267658281] [fibonacci_action_server]: Feedback: [8]
[INFO] [1733765833.517869179] [fibonacci_action_server]: Feedback: [13]
[INFO] [1733765833.768081595] [fibonacci_action_server]: Feedback: [21]
[INFO] [1733765834.018260835] [fibonacci_action_server]: Feedback: [34]
[INFO] [1733765834.268473824] [fibonacci_action_server]: Feedback: [55]
[INFO] [1733765834.518704169] [fibonacci_action_server]: Goal succeeded
[INFO] [1733765834.519064164] [fibonacci_action_server]: Received goal request with order 10
[INFO] [1733765834.519142668] [fibonacci_action_server]: Executing goal...
[INFO] [1733765834.519185101] [fibonacci_action_server]: Feedback: [1]
[INFO] [1733765834.769294131] [fibonacci_action_server]: Feedback: [2]
[INFO] [1733765835.019509860] [fibonacci_action_server]: Feedback: [3]
[INFO] [1733765835.269677641] [fibonacci_action_server]: Feedback: [5]
[INFO] [1733765835.519882013] [fibonacci_action_server]: Feedback: [8]
[INFO] [1733765835.770111468] [fibonacci_action_server]: Feedback: [13]
[INFO] [1733765836.020333517] [fibonacci_action_server]: Feedback: [21]
[INFO] [1733765836.270486478] [fibonacci_action_server]: Feedback: [34]
[INFO] [1733765836.520732535] [fibonacci_action_server]: Feedback: [55]
[INFO] [1733765836.770968201] [fibonacci_action_server]: Goal succeeded
[INFO] [1733765836.771283577] [fibonacci_action_server]: Received goal request with order 10
[INFO] [1733765836.771378220] [fibonacci_action_server]: Executing goal...
[INFO] [1733765836.771411988] [fibonacci_action_server]: Feedback: [1]
[INFO] [1733765837.021575114] [fibonacci_action_server]: Feedback: [2]
[INFO] [1733765837.271771064] [fibonacci_action_server]: Feedback: [3]
[INFO] [1733765837.521943853] [fibonacci_action_server]: Feedback: [5]
[INFO] [1733765837.772122070] [fibonacci_action_server]: Feedback: [8]
[INFO] [1733765838.022321801] [fibonacci_action_server]: Feedback: [13]
[INFO] [1733765838.272590465] [fibonacci_action_server]: Feedback: [21]
[INFO] [1733765838.522785117] [fibonacci_action_server]: Feedback: [34]
[INFO] [1733765838.773005867] [fibonacci_action_server]: Feedback: [55]
[INFO] [1733765839.023305414] [fibonacci_action_server]: Goal succeeded
[INFO] [1733765839.023612057] [fibonacci_action_server]: Received goal request with order 10
[INFO] [1733765839.023696145] [fibonacci_action_server]: Executing goal...
[INFO] [1733765839.023742053] [fibonacci_action_server]: Feedback: [1]
[INFO] [1733765839.273906962] [fibonacci_action_server]: Feedback: [2]
[INFO] [1733765839.524063684] [fibonacci_action_server]: Feedback: [3]
[INFO] [1733765839.774331370] [fibonacci_action_server]: Feedback: [5]
[INFO] [1733765840.024532524] [fibonacci_action_server]: Feedback: [8]
[INFO] [1733765840.274711086] [fibonacci_action_server]: Feedback: [13]
[INFO] [1733765840.524896560] [fibonacci_action_server]: Feedback: [21]
[INFO] [1733765840.775141932] [fibonacci_action_server]: Feedback: [34]
[INFO] [1733765841.025357783] [fibonacci_action_server]: Feedback: [55]
[INFO] [1733765841.275641125] [fibonacci_action_server]: Goal succeeded
[INFO] [1733765841.275961169] [fibonacci_action_server]: Received goal request with order 10
[INFO] [1733765841.276049061] [fibonacci_action_server]: Executing goal...
[INFO] [1733765841.276094582] [fibonacci_action_server]: Feedback: [1]
[INFO] [1733765841.526264628] [fibonacci_action_server]: Feedback: [2]
[INFO] [1733765841.776461649] [fibonacci_action_server]: Feedback: [3]
[INFO] [1733765842.026704629] [fibonacci_action_server]: Feedback: [5]
[INFO] [1733765842.276858590] [fibonacci_action_server]: Feedback: [8]
[INFO] [1733765842.527011201] [fibonacci_action_server]: Feedback: [13]
[INFO] [1733765842.777266846] [fibonacci_action_server]: Feedback: [21]
[INFO] [1733765843.027489313] [fibonacci_action_server]: Feedback: [34]
[INFO] [1733765843.277748149] [fibonacci_action_server]: Feedback: [55]
[INFO] [1733765843.527977012] [fibonacci_action_server]: Goal succeeded
[INFO] [1733765843.528315126] [fibonacci_action_server]: Received goal request with order 10
[INFO] [1733765843.528475200] [fibonacci_action_server]: Executing goal...
[INFO] [1733765843.528523914] [fibonacci_action_server]: Feedback: [1]
[INFO] [1733765843.778679067] [fibonacci_action_server]: Feedback: [2]
[INFO] [1733765844.028874315] [fibonacci_action_server]: Feedback: [3]
[INFO] [1733765844.279134841] [fibonacci_action_server]: Feedback: [5]
[INFO] [1733765844.529373303] [fibonacci_action_server]: Feedback: [8]
[INFO] [1733765844.779533199] [fibonacci_action_server]: Feedback: [13]
[INFO] [1733765845.029748471] [fibonacci_action_server]: Feedback: [21]
[INFO] [1733765845.279937040] [fibonacci_action_server]: Feedback: [34]
[INFO] [1733765845.530154899] [fibonacci_action_server]: Feedback: [55]
[INFO] [1733765845.780407697] [fibonacci_action_server]: Goal succeeded
[INFO] [1733765845.780651420] [fibonacci_action_server]: Received goal request with order 10
[INFO] [1733765845.780756919] [fibonacci_action_server]: Executing goal...
[INFO] [1733765845.780805569] [fibonacci_action_server]: Feedback: [1]
[INFO] [1733765846.031013751] [fibonacci_action_server]: Feedback: [2]
[INFO] [1733765846.281211349] [fibonacci_action_server]: Feedback: [3]
[INFO] [1733765846.531426814] [fibonacci_action_server]: Feedback: [5]
[INFO] [1733765846.781614430] [fibonacci_action_server]: Feedback: [8]
[INFO] [1733765847.031764627] [fibonacci_action_server]: Feedback: [13]
[INFO] [1733765847.282004061] [fibonacci_action_server]: Feedback: [21]
[INFO] [1733765847.532227455] [fibonacci_action_server]: Feedback: [34]
[INFO] [1733765847.782414545] [fibonacci_action_server]: Feedback: [55]
[INFO] [1733765848.032677160] [fibonacci_action_server]: Goal succeeded
[INFO] [1733765848.033078670] [fibonacci_action_server]: Received goal request with order 10
[INFO] [1733765848.033165983] [fibonacci_action_server]: Executing goal...
[INFO] [1733765848.033211995] [fibonacci_action_server]: Feedback: [1]
[INFO] [1733765848.283388418] [fibonacci_action_server]: Feedback: [2]
[INFO] [1733765848.533553682] [fibonacci_action_server]: Feedback: [3]
[INFO] [1733765848.783766162] [fibonacci_action_server]: Feedback: [5]
[INFO] [1733765849.033967666] [fibonacci_action_server]: Feedback: [8]
[INFO] [1733765849.284199744] [fibonacci_action_server]: Feedback: [13]
[INFO] [1733765849.534421445] [fibonacci_action_server]: Feedback: [21]
[INFO] [1733765849.784613205] [fibonacci_action_server]: Feedback: [34]
[INFO] [1733765850.034825781] [fibonacci_action_server]: Feedback: [55]
[INFO] [1733765850.285081106] [fibonacci_action_server]: Goal succeeded
[INFO] [1733765850.285333488] [fibonacci_action_server]: Received goal request with order 10
[INFO] [1733765850.285517929] [fibonacci_action_server]: Executing goal...
[INFO] [1733765850.285568867] [fibonacci_action_server]: Feedback: [1]
[INFO] [1733765850.535700709] [fibonacci_action_server]: Feedback: [2]
[INFO] [1733765850.785882493] [fibonacci_action_server]: Feedback: [3]
[INFO] [1733765851.036090486] [fibonacci_action_server]: Feedback: [5]
[INFO] [1733765851.286294159] [fibonacci_action_server]: Feedback: [8]
[INFO] [1733765851.536549917] [fibonacci_action_server]: Feedback: [13]
[INFO] [1733765851.786756149] [fibonacci_action_server]: Feedback: [21]
[INFO] [1733765852.036947684] [fibonacci_action_server]: Feedback: [34]
[INFO] [1733765852.287143751] [fibonacci_action_server]: Feedback: [55]
[INFO] [1733765852.537464338] [fibonacci_action_server]: Goal succeeded
[INFO] [1733765852.537799257] [fibonacci_action_server]: Received goal request with order 10
[INFO] [1733765852.537886463] [fibonacci_action_server]: Executing goal...
[INFO] [1733765852.537928583] [fibonacci_action_server]: Feedback: [1]
[INFO] [1733765852.788064786] [fibonacci_action_server]: Feedback: [2]
[INFO] [1733765853.038276543] [fibonacci_action_server]: Feedback: [3]
[INFO] [1733765853.288459243] [fibonacci_action_server]: Feedback: [5]
[INFO] [1733765853.538669067] [fibonacci_action_server]: Feedback: [8]
[INFO] [1733765853.788823074] [fibonacci_action_server]: Feedback: [13]
[INFO] [1733765854.039064386] [fibonacci_action_server]: Feedback: [21]
[INFO] [1733765854.289252416] [fibonacci_action_server]: Feedback: [34]
[INFO] [1733765854.539463877] [fibonacci_action_server]: Feedback: [55]
[INFO] [1733765854.789698407] [fibonacci_action_server]: Goal succeeded
[INFO] [1733765854.790042172] [fibonacci_action_server]: Received goal request with order 10
[INFO] [1733765854.790161225] [fibonacci_action_server]: Executing goal...
[INFO] [1733765854.790216478] [fibonacci_action_server]: Feedback: [1]
[INFO] [1733765855.040353746] [fibonacci_action_server]: Feedback: [2]
[INFO] [1733765855.290546410] [fibonacci_action_server]: Feedback: [3]
[INFO] [1733765855.540778010] [fibonacci_action_server]: Feedback: [5]
[INFO] [1733765855.790935552] [fibonacci_action_server]: Feedback: [8]
[INFO] [1733765856.041133361] [fibonacci_action_server]: Feedback: [13]
[INFO] [1733765856.291333027] [fibonacci_action_server]: Feedback: [21]
[INFO] [1733765856.541580029] [fibonacci_action_server]: Feedback: [34]
[INFO] [1733765856.791793417] [fibonacci_action_server]: Feedback: [55]
[INFO] [1733765857.042058747] [fibonacci_action_server]: Goal succeeded
[INFO] [1733765857.042520513] [fibonacci_action_server]: Received goal request with order 10
[INFO] [1733765857.042646660] [fibonacci_action_server]: Executing goal...
[INFO] [1733765857.042704766] [fibonacci_action_server]: Feedback: [1]
[INFO] [1733765857.292876663] [fibonacci_action_server]: Feedback: [2]
[INFO] [1733765857.543068803] [fibonacci_action_server]: Feedback: [3]
[INFO] [1733765857.793365945] [fibonacci_action_server]: Feedback: [5]
[INFO] [1733765858.043585718] [fibonacci_action_server]: Feedback: [8]
[INFO] [1733765858.293782093] [fibonacci_action_server]: Feedback: [13]
[INFO] [1733765858.543993645] [fibonacci_action_server]: Feedback: [21]
[INFO] [1733765858.794209317] [fibonacci_action_server]: Feedback: [34]
[INFO] [1733765859.044388732] [fibonacci_action_server]: Feedback: [55]
[INFO] [1733765859.294623810] [fibonacci_action_server]: Goal succeeded
[INFO] [1733765859.294987393] [fibonacci_action_server]: Received goal request with order 10
[INFO] [1733765859.295094588] [fibonacci_action_server]: Executing goal...
[INFO] [1733765859.295147585] [fibonacci_action_server]: Feedback: [1]
[INFO] [1733765859.545294181] [fibonacci_action_server]: Feedback: [2]
[INFO] [1733765859.795534639] [fibonacci_action_server]: Feedback: [3]
[INFO] [1733765860.045683259] [fibonacci_action_server]: Feedback: [5]
[INFO] [1733765860.295916402] [fibonacci_action_server]: Feedback: [8]
[INFO] [1733765860.546111336] [fibonacci_action_server]: Feedback: [13]
[INFO] [1733765860.796305750] [fibonacci_action_server]: Feedback: [21]
[INFO] [1733765861.046453487] [fibonacci_action_server]: Feedback: [34]
[INFO] [1733765861.296715043] [fibonacci_action_server]: Feedback: [55]
[INFO] [1733765861.546983741] [fibonacci_action_server]: Goal succeeded
[INFO] [1733765861.547273194] [fibonacci_action_server]: Received goal request with order 10
[INFO] [1733765861.547365235] [fibonacci_action_server]: Executing goal...
[INFO] [1733765861.547411813] [fibonacci_action_server]: Feedback: [1]
[INFO] [1733765861.797609034] [fibonacci_action_server]: Feedback: [2]
[INFO] [1733765862.047889655] [fibonacci_action_server]: Feedback: [3]
[INFO] [1733765862.298053666] [fibonacci_action_server]: Feedback: [5]
[INFO] [1733765862.548249828] [fibonacci_action_server]: Feedback: [8]
[INFO] [1733765862.798481376] [fibonacci_action_server]: Feedback: [13]
[INFO] [1733765863.048714909] [fibonacci_action_server]: Feedback: [21]
[INFO] [1733765863.298894157] [fibonacci_action_server]: Feedback: [34]
[INFO] [1733765863.549082762] [fibonacci_action_server]: Feedback: [55]
[INFO] [1733765863.799275875] [fibonacci_action_server]: Goal succeeded
[INFO] [1733765863.799559905] [fibonacci_action_server]: Received goal request with order 10
[INFO] [1733765863.799652540] [fibonacci_action_server]: Executing goal...
[INFO] [1733765863.799697748] [fibonacci_action_server]: Feedback: [1]
[INFO] [1733765864.049870794] [fibonacci_action_server]: Feedback: [2]
[INFO] [1733765864.300089201] [fibonacci_action_server]: Feedback: [3]
[INFO] [1733765864.550311034] [fibonacci_action_server]: Feedback: [5]
[INFO] [1733765864.800470150] [fibonacci_action_server]: Feedback: [8]
[INFO] [1733765865.050717793] [fibonacci_action_server]: Feedback: [13]
[INFO] [1733765865.300873464] [fibonacci_action_server]: Feedback: [21]
[INFO] [1733765865.551079433] [fibonacci_action_server]: Feedback: [34]
[INFO] [1733765865.801261711] [fibonacci_action_server]: Feedback: [55]
[INFO] [1733765866.051513808] [fibonacci_action_server]: Goal succeeded
[INFO] [1733765866.051803145] [fibonacci_action_server]: Received goal request with order 10
[INFO] [1733765866.051899331] [fibonacci_action_server]: Executing goal...
[INFO] [1733765866.051946594] [fibonacci_action_server]: Feedback: [1]
[INFO] [1733765866.302155408] [fibonacci_action_server]: Feedback: [2]
[INFO] [1733765866.552338454] [fibonacci_action_server]: Feedback: [3]
[INFO] [1733765866.802560693] [fibonacci_action_server]: Feedback: [5]
[INFO] [1733765867.052766967] [fibonacci_action_server]: Feedback: [8]
[INFO] [1733765867.302995435] [fibonacci_action_server]: Feedback: [13]
[INFO] [1733765867.553217294] [fibonacci_action_server]: Feedback: [21]
[INFO] [1733765867.803431348] [fibonacci_action_server]: Feedback: [34]
[INFO] [1733765868.053656931] [fibonacci_action_server]: Feedback: [55]
[INFO] [1733765868.303940999] [fibonacci_action_server]: Goal succeeded
[INFO] [1733765868.304232373] [fibonacci_action_server]: Received goal request with order 10
[INFO] [1733765868.304310350] [fibonacci_action_server]: Executing goal...
[INFO] [1733765868.304355592] [fibonacci_action_server]: Feedback: [1]
[INFO] [1733765868.554512516] [fibonacci_action_server]: Feedback: [2]
[INFO] [1733765868.804681497] [fibonacci_action_server]: Feedback: [3]
[INFO] [1733765869.054917358] [fibonacci_action_server]: Feedback: [5]
[INFO] [1733765869.305149721] [fibonacci_action_server]: Feedback: [8]
[INFO] [1733765869.555305020] [fibonacci_action_server]: Feedback: [13]
[INFO] [1733765869.805459969] [fibonacci_action_server]: Feedback: [21]
[INFO] [1733765870.055663782] [fibonacci_action_server]: Feedback: [34]
[INFO] [1733765870.305827317] [fibonacci_action_server]: Feedback: [55]
[INFO] [1733765870.556076617] [fibonacci_action_server]: Goal succeeded
[INFO] [1733765870.556435310] [fibonacci_action_server]: Received goal request with order 10
[INFO] [1733765870.556581178] [fibonacci_action_server]: Executing goal...
[INFO] [1733765870.556631776] [fibonacci_action_server]: Feedback: [1]
[INFO] [1733765870.806813345] [fibonacci_action_server]: Feedback: [2]
[INFO] [1733765871.057006870] [fibonacci_action_server]: Feedback: [3]
[INFO] [1733765871.307215111] [fibonacci_action_server]: Feedback: [5]
[INFO] [1733765871.557475829] [fibonacci_action_server]: Feedback: [8]
[INFO] [1733765871.807707730] [fibonacci_action_server]: Feedback: [13]
[INFO] [1733765872.057956665] [fibonacci_action_server]: Feedback: [21]
[INFO] [1733765872.308185864] [fibonacci_action_server]: Feedback: [34]
[INFO] [1733765872.558395891] [fibonacci_action_server]: Feedback: [55]
[INFO] [1733765872.808604715] [fibonacci_action_server]: Goal succeeded
[INFO] [1733765872.809028630] [fibonacci_action_server]: Received goal request with order 10
[INFO] [1733765872.809151826] [fibonacci_action_server]: Executing goal...
[INFO] [1733765872.809203785] [fibonacci_action_server]: Feedback: [1]
[INFO] [1733765873.059392119] [fibonacci_action_server]: Feedback: [2]
[INFO] [1733765873.309590726] [fibonacci_action_server]: Feedback: [3]
[INFO] [1733765873.559781446] [fibonacci_action_server]: Feedback: [5]
[INFO] [1733765873.810019909] [fibonacci_action_server]: Feedback: [8]
[INFO] [1733765874.060230940] [fibonacci_action_server]: Feedback: [13]
[INFO] [1733765874.310409538] [fibonacci_action_server]: Feedback: [21]
[INFO] [1733765874.560610526] [fibonacci_action_server]: Feedback: [34]
[INFO] [1733765874.810804705] [fibonacci_action_server]: Feedback: [55]
[INFO] [1733765875.061088143] [fibonacci_action_server]: Goal succeeded
[INFO] [1733765875.061444717] [fibonacci_action_server]: Received goal request with order 10
[INFO] [1733765875.061592834] [fibonacci_action_server]: Executing goal...
[INFO] [1733765875.061640743] [fibonacci_action_server]: Feedback: [1]
[INFO] [1733765875.311821449] [fibonacci_action_server]: Feedback: [2]
[INFO] [1733765875.562015868] [fibonacci_action_server]: Feedback: [3]
[INFO] [1733765875.812225662] [fibonacci_action_server]: Feedback: [5]
[INFO] [1733765876.062455274] [fibonacci_action_server]: Feedback: [8]
[INFO] [1733765876.312662385] [fibonacci_action_server]: Feedback: [13]
[INFO] [1733765876.562831364] [fibonacci_action_server]: Feedback: [21]
[INFO] [1733765876.813012886] [fibonacci_action_server]: Feedback: [34]
[INFO] [1733765877.063213157] [fibonacci_action_server]: Feedback: [55]
[INFO] [1733765877.313490431] [fibonacci_action_server]: Goal succeeded
[INFO] [1733765877.313995139] [fibonacci_action_server]: Received goal request with order 10
[INFO] [1733765877.314109055] [fibonacci_action_server]: Executing goal...
[INFO] [1733765877.314175545] [fibonacci_action_server]: Feedback: [1]
[INFO] [1733765877.564302013] [fibonacci_action_server]: Feedback: [2]
[INFO] [1733765877.814523806] [fibonacci_action_server]: Feedback: [3]
[INFO] [1733765878.064756245] [fibonacci_action_server]: Feedback: [5]
[INFO] [1733765878.314991742] [fibonacci_action_server]: Feedback: [8]
[INFO] [1733765878.565257803] [fibonacci_action_server]: Feedback: [13]
[INFO] [1733765878.815429718] [fibonacci_action_server]: Feedback: [21]
[INFO] [1733765879.065688755] [fibonacci_action_server]: Feedback: [34]
[INFO] [1733765879.315880064] [fibonacci_action_server]: Feedback: [55]
[INFO] [1733765879.566104611] [fibonacci_action_server]: Goal succeeded
[INFO] [1733765879.566610884] [fibonacci_action_server]: Received goal request with order 10
[INFO] [1733765879.566756838] [fibonacci_action_server]: Executing goal...
[INFO] [1733765879.566816650] [fibonacci_action_server]: Feedback: [1]
[INFO] [1733765879.816936121] [fibonacci_action_server]: Feedback: [2]
[INFO] [1733765880.067127672] [fibonacci_action_server]: Feedback: [3]
[INFO] [1733765880.317535758] [fibonacci_action_server]: Feedback: [5]
[INFO] [1733765880.567752934] [fibonacci_action_server]: Feedback: [8]
[INFO] [1733765880.817929713] [fibonacci_action_server]: Feedback: [13]
[INFO] [1733765881.068137320] [fibonacci_action_server]: Feedback: [21]
[INFO] [1733765881.318326240] [fibonacci_action_server]: Feedback: [34]
[INFO] [1733765881.568500478] [fibonacci_action_server]: Feedback: [55]
[INFO] [1733765881.818771877] [fibonacci_action_server]: Goal succeeded
[INFO] [1733765881.819094166] [fibonacci_action_server]: Received goal request with order 10
[INFO] [1733765881.819218220] [fibonacci_action_server]: Executing goal...
[INFO] [1733765881.819263625] [fibonacci_action_server]: Feedback: [1]
[INFO] [1733765882.069391768] [fibonacci_action_server]: Feedback: [2]
[INFO] [1733765882.319651055] [fibonacci_action_server]: Feedback: [3]
[INFO] [1733765882.569856048] [fibonacci_action_server]: Feedback: [5]
[INFO] [1733765882.820037551] [fibonacci_action_server]: Feedback: [8]
[INFO] [1733765883.070252634] [fibonacci_action_server]: Feedback: [13]
[INFO] [1733765883.320459551] [fibonacci_action_server]: Feedback: [21]
[INFO] [1733765883.570630030] [fibonacci_action_server]: Feedback: [34]
[INFO] [1733765883.820798504] [fibonacci_action_server]: Feedback: [55]
[INFO] [1733765884.071023292] [fibonacci_action_server]: Goal succeeded
[INFO] [1733765884.071376657] [fibonacci_action_server]: Received goal request with order 10
[INFO] [1733765884.071485010] [fibonacci_action_server]: Executing goal...
[INFO] [1733765884.071546326] [fibonacci_action_server]: Feedback: [1]
[INFO] [1733765884.321733175] [fibonacci_action_server]: Feedback: [2]
[INFO] [1733765884.571941047] [fibonacci_action_server]: Feedback: [3]
[INFO] [1733765884.822166269] [fibonacci_action_server]: Feedback: [5]
[INFO] [1733765885.072361550] [fibonacci_action_server]: Feedback: [8]
[INFO] [1733765885.322520919] [fibonacci_action_server]: Feedback: [13]
[INFO] [1733765885.572710034] [fibonacci_action_server]: Feedback: [21]
[INFO] [1733765885.822870808] [fibonacci_action_server]: Feedback: [34]
[INFO] [1733765886.073074217] [fibonacci_action_server]: Feedback: [55]
[INFO] [1733765886.323308082] [fibonacci_action_server]: Goal succeeded
[INFO] [1733765886.323671502] [fibonacci_action_server]: Received goal request with order 10
[INFO] [1733765886.323766438] [fibonacci_action_server]: Executing goal...
[INFO] [1733765886.323827643] [fibonacci_action_server]: Feedback: [1]
[INFO] [1733765886.573991561] [fibonacci_action_server]: Feedback: [2]
[INFO] [1733765886.824175938] [fibonacci_action_server]: Feedback: [3]
[INFO] [1733765887.074329728] [fibonacci_action_server]: Feedback: [5]
[INFO] [1733765887.324555799] [fibonacci_action_server]: Feedback: [8]
[INFO] [1733765887.574779160] [fibonacci_action_server]: Feedback: [13]
[INFO] [1733765887.824975826] [fibonacci_action_server]: Feedback: [21]
[INFO] [1733765888.075194550] [fibonacci_action_server]: Feedback: [34]
[INFO] [1733765888.325368076] [fibonacci_action_server]: Feedback: [55]
[INFO] [1733765888.575629314] [fibonacci_action_server]: Goal succeeded
[INFO] [1733765888.576043828] [fibonacci_action_server]: Received goal request with order 10
[INFO] [1733765888.576181498] [fibonacci_action_server]: Executing goal...
[INFO] [1733765888.576236973] [fibonacci_action_server]: Feedback: [1]
[INFO] [1733765888.826378484] [fibonacci_action_server]: Feedback: [2]
[INFO] [1733765889.076610526] [fibonacci_action_server]: Feedback: [3]
[INFO] [1733765889.326791314] [fibonacci_action_server]: Feedback: [5]
[INFO] [1733765889.577024011] [fibonacci_action_server]: Feedback: [8]
[INFO] [1733765889.827251075] [fibonacci_action_server]: Feedback: [13]
[INFO] [1733765890.077482513] [fibonacci_action_server]: Feedback: [21]
[INFO] [1733765890.327705173] [fibonacci_action_server]: Feedback: [34]
[INFO] [1733765890.577939690] [fibonacci_action_server]: Feedback: [55]
[INFO] [1733765890.828224264] [fibonacci_action_server]: Goal succeeded
[INFO] [1733765890.828484023] [fibonacci_action_server]: Received goal request with order 10
[INFO] [1733765890.828603435] [fibonacci_action_server]: Executing goal...
[INFO] [1733765890.828657803] [fibonacci_action_server]: Feedback: [1]
[INFO] [1733765891.078829979] [fibonacci_action_server]: Feedback: [2]
[INFO] [1733765891.329053291] [fibonacci_action_server]: Feedback: [3]
[INFO] [1733765891.579274977] [fibonacci_action_server]: Feedback: [5]
[INFO] [1733765891.829517392] [fibonacci_action_server]: Feedback: [8]
[INFO] [1733765892.079714854] [fibonacci_action_server]: Feedback: [13]
[INFO] [1733765892.329947241] [fibonacci_action_server]: Feedback: [21]
[INFO] [1733765892.580200808] [fibonacci_action_server]: Feedback: [34]
[INFO] [1733765892.830439212] [fibonacci_action_server]: Feedback: [55]
[INFO] [1733765893.080737021] [fibonacci_action_server]: Goal succeeded
[INFO] [1733765893.081073480] [fibonacci_action_server]: Received goal request with order 10
[INFO] [1733765893.081173992] [fibonacci_action_server]: Executing goal...
[INFO] [1733765893.081226469] [fibonacci_action_server]: Feedback: [1]
[INFO] [1733765893.331362937] [fibonacci_action_server]: Feedback: [2]
[INFO] [1733765893.581589223] [fibonacci_action_server]: Feedback: [3]
[INFO] [1733765893.831755708] [fibonacci_action_server]: Feedback: [5]
[INFO] [1733765894.081988817] [fibonacci_action_server]: Feedback: [8]
[INFO] [1733765894.332140056] [fibonacci_action_server]: Feedback: [13]
[INFO] [1733765894.582364337] [fibonacci_action_server]: Feedback: [21]
[INFO] [1733765894.832561536] [fibonacci_action_server]: Feedback: [34]
[INFO] [1733765895.082792072] [fibonacci_action_server]: Feedback: [55]
[INFO] [1733765895.333103559] [fibonacci_action_server]: Goal succeeded
[INFO] [1733765895.333422942] [fibonacci_action_server]: Received goal request with order 10
[INFO] [1733765895.333510755] [fibonacci_action_server]: Executing goal...
[INFO] [1733765895.333555803] [fibonacci_action_server]: Feedback: [1]
[INFO] [1733765895.583726546] [fibonacci_action_server]: Feedback: [2]
[INFO] [1733765895.833939395] [fibonacci_action_server]: Feedback: [3]
[INFO] [1733765896.084154327] [fibonacci_action_server]: Feedback: [5]
[INFO] [1733765896.334328269] [fibonacci_action_server]: Feedback: [8]
[INFO] [1733765896.584500601] [fibonacci_action_server]: Feedback: [13]
[INFO] [1733765896.834683319] [fibonacci_action_server]: Feedback: [21]
[INFO] [1733765897.084895011] [fibonacci_action_server]: Feedback: [34]
[INFO] [1733765897.316635971] [fibonacci_action_server]: Timeout reached, shutting down node...
[ros2run]: Segmentation fault
RAPL is set
