[INFO] [1733734303.291125938] [fibonacci_action_server]: Received goal request with order 10
[INFO] [1733734303.291355620] [fibonacci_action_server]: Executing goal...
[INFO] [1733734303.291434277] [fibonacci_action_server]: Feedback: [1]
[INFO] [1733734303.313423829] [fibonacci_action_server]: Received goal request with order 10
[INFO] [1733734303.313546478] [fibonacci_action_server]: Executing goal...
[INFO] [1733734303.313616118] [fibonacci_action_server]: Feedback: [1]
[INFO] [1733734304.291748516] [fibonacci_action_server]: Feedback: [2]
[INFO] [1733734304.313807599] [fibonacci_action_server]: Feedback: [2]
[INFO] [1733734305.292030338] [fibonacci_action_server]: Feedback: [3]
[INFO] [1733734305.314289256] [fibonacci_action_server]: Feedback: [3]
[INFO] [1733734306.292456490] [fibonacci_action_server]: Feedback: [5]
[INFO] [1733734306.314701767] [fibonacci_action_server]: Feedback: [5]
[INFO] [1733734307.292860823] [fibonacci_action_server]: Feedback: [8]
[INFO] [1733734307.314977522] [fibonacci_action_server]: Feedback: [8]
[INFO] [1733734308.293451759] [fibonacci_action_server]: Feedback: [13]
[INFO] [1733734308.315631795] [fibonacci_action_server]: Feedback: [13]
[INFO] [1733734309.293741052] [fibonacci_action_server]: Feedback: [21]
[INFO] [1733734309.316127327] [fibonacci_action_server]: Feedback: [21]
[INFO] [1733734310.294028042] [fibonacci_action_server]: Feedback: [34]
[INFO] [1733734310.316690039] [fibonacci_action_server]: Feedback: [34]
[INFO] [1733734311.294673681] [fibonacci_action_server]: Feedback: [55]
[INFO] [1733734311.317414407] [fibonacci_action_server]: Feedback: [55]
[INFO] [1733734312.295267662] [fibonacci_action_server]: Goal succeeded
[INFO] [1733734312.317818640] [fibonacci_action_server]: Goal succeeded
[INFO] [1733734312.528532837] [fibonacci_action_server]: Received goal request with order 10
[INFO] [1733734312.528794534] [fibonacci_action_server]: Executing goal...
[INFO] [1733734312.528932983] [fibonacci_action_server]: Feedback: [1]
[INFO] [1733734312.951935654] [fibonacci_action_server]: Received goal request with order 10
[INFO] [1733734312.952090695] [fibonacci_action_server]: Executing goal...
[INFO] [1733734312.952145552] [fibonacci_action_server]: Feedback: [1]
[INFO] [1733734313.529521418] [fibonacci_action_server]: Feedback: [2]
[INFO] [1733734313.952673193] [fibonacci_action_server]: Feedback: [2]
[INFO] [1733734314.530109555] [fibonacci_action_server]: Feedback: [3]
[INFO] [1733734314.953246818] [fibonacci_action_server]: Feedback: [3]
[INFO] [1733734315.530614274] [fibonacci_action_server]: Feedback: [5]
[INFO] [1733734315.953578089] [fibonacci_action_server]: Feedback: [5]
[INFO] [1733734316.531173503] [fibonacci_action_server]: Feedback: [8]
[INFO] [1733734316.953830086] [fibonacci_action_server]: Feedback: [8]
[INFO] [1733734317.531895721] [fibonacci_action_server]: Feedback: [13]
[INFO] [1733734317.954078843] [fibonacci_action_server]: Feedback: [13]
[INFO] [1733734318.532386453] [fibonacci_action_server]: Feedback: [21]
[INFO] [1733734318.954450787] [fibonacci_action_server]: Feedback: [21]
[INFO] [1733734319.532637618] [fibonacci_action_server]: Feedback: [34]
[INFO] [1733734319.954972599] [fibonacci_action_server]: Feedback: [34]
[INFO] [1733734320.533147799] [fibonacci_action_server]: Feedback: [55]
[INFO] [1733734320.955545952] [fibonacci_action_server]: Feedback: [55]
[INFO] [1733734321.533818233] [fibonacci_action_server]: Goal succeeded
[INFO] [1733734321.765474733] [fibonacci_action_server]: Received goal request with order 10
[INFO] [1733734321.765733325] [fibonacci_action_server]: Executing goal...
[INFO] [1733734321.765851660] [fibonacci_action_server]: Feedback: [1]
[INFO] [1733734321.956203446] [fibonacci_action_server]: Goal succeeded
[INFO] [1733734322.291047425] [fibonacci_action_server]: Received goal request with order 10
[INFO] [1733734322.291358977] [fibonacci_action_server]: Executing goal...
[INFO] [1733734322.291501327] [fibonacci_action_server]: Feedback: [1]
[INFO] [1733734322.766226642] [fibonacci_action_server]: Feedback: [2]
[INFO] [1733734323.291984796] [fibonacci_action_server]: Feedback: [2]
[INFO] [1733734323.766524797] [fibonacci_action_server]: Feedback: [3]
[INFO] [1733734324.292291645] [fibonacci_action_server]: Feedback: [3]
[INFO] [1733734324.766819068] [fibonacci_action_server]: Feedback: [5]
[INFO] [1733734325.292793683] [fibonacci_action_server]: Feedback: [5]
[INFO] [1733734325.767406481] [fibonacci_action_server]: Feedback: [8]
[INFO] [1733734326.293388522] [fibonacci_action_server]: Feedback: [8]
[INFO] [1733734326.767725893] [fibonacci_action_server]: Feedback: [13]
[INFO] [1733734327.293701009] [fibonacci_action_server]: Feedback: [13]
[INFO] [1733734327.767913243] [fibonacci_action_server]: Feedback: [21]
[INFO] [1733734328.294304190] [fibonacci_action_server]: Feedback: [21]
[INFO] [1733734328.768511413] [fibonacci_action_server]: Feedback: [34]
[INFO] [1733734329.294715596] [fibonacci_action_server]: Feedback: [34]
[INFO] [1733734329.769090245] [fibonacci_action_server]: Feedback: [55]
[INFO] [1733734330.295301617] [fibonacci_action_server]: Feedback: [55]
[INFO] [1733734330.769491697] [fibonacci_action_server]: Goal succeeded
[INFO] [1733734331.002423591] [fibonacci_action_server]: Received goal request with order 10
[INFO] [1733734331.002682328] [fibonacci_action_server]: Executing goal...
[INFO] [1733734331.002830506] [fibonacci_action_server]: Feedback: [1]
[INFO] [1733734331.295664937] [fibonacci_action_server]: Goal succeeded
[INFO] [1733734331.528116966] [fibonacci_action_server]: Received goal request with order 10
[INFO] [1733734331.528386333] [fibonacci_action_server]: Executing goal...
[INFO] [1733734331.528518336] [fibonacci_action_server]: Feedback: [1]
[INFO] [1733734332.003294388] [fibonacci_action_server]: Feedback: [2]
[INFO] [1733734332.529057134] [fibonacci_action_server]: Feedback: [2]
[INFO] [1733734333.003721195] [fibonacci_action_server]: Feedback: [3]
[INFO] [1733734333.529709671] [fibonacci_action_server]: Feedback: [3]
[INFO] [1733734334.004126959] [fibonacci_action_server]: Feedback: [5]
[INFO] [1733734334.530111742] [fibonacci_action_server]: Feedback: [5]
[INFO] [1733734335.004750295] [fibonacci_action_server]: Feedback: [8]
[INFO] [1733734335.530685722] [fibonacci_action_server]: Feedback: [8]
[INFO] [1733734336.005046270] [fibonacci_action_server]: Feedback: [13]
[INFO] [1733734336.530973745] [fibonacci_action_server]: Feedback: [13]
[INFO] [1733734337.005610527] [fibonacci_action_server]: Feedback: [21]
[INFO] [1733734337.531515748] [fibonacci_action_server]: Feedback: [21]
[INFO] [1733734338.005837546] [fibonacci_action_server]: Feedback: [34]
[INFO] [1733734338.532030700] [fibonacci_action_server]: Feedback: [34]
[INFO] [1733734339.006114720] [fibonacci_action_server]: Feedback: [55]
[INFO] [1733734339.532284881] [fibonacci_action_server]: Feedback: [55]
[INFO] [1733734340.006439287] [fibonacci_action_server]: Goal succeeded
[INFO] [1733734340.239278716] [fibonacci_action_server]: Received goal request with order 10
[INFO] [1733734340.239394180] [fibonacci_action_server]: Executing goal...
[INFO] [1733734340.239445706] [fibonacci_action_server]: Feedback: [1]
[INFO] [1733734340.532595374] [fibonacci_action_server]: Goal succeeded
[INFO] [1733734340.763291324] [fibonacci_action_server]: Received goal request with order 10
[INFO] [1733734340.763465530] [fibonacci_action_server]: Executing goal...
[INFO] [1733734340.763543962] [fibonacci_action_server]: Feedback: [1]
[INFO] [1733734341.239968904] [fibonacci_action_server]: Feedback: [2]
[INFO] [1733734341.764027676] [fibonacci_action_server]: Feedback: [2]
[INFO] [1733734342.240217946] [fibonacci_action_server]: Feedback: [3]
[INFO] [1733734342.764553235] [fibonacci_action_server]: Feedback: [3]
[INFO] [1733734343.240410946] [fibonacci_action_server]: Feedback: [5]
[INFO] [1733734343.764797267] [fibonacci_action_server]: Feedback: [5]
[INFO] [1733734344.240898077] [fibonacci_action_server]: Feedback: [8]
[INFO] [1733734344.765179899] [fibonacci_action_server]: Feedback: [8]
[INFO] [1733734345.241175825] [fibonacci_action_server]: Feedback: [13]
[INFO] [1733734345.765753830] [fibonacci_action_server]: Feedback: [13]
[INFO] [1733734346.241757712] [fibonacci_action_server]: Feedback: [21]
[INFO] [1733734346.766265360] [fibonacci_action_server]: Feedback: [21]
[INFO] [1733734347.242224372] [fibonacci_action_server]: Feedback: [34]
[INFO] [1733734347.766691956] [fibonacci_action_server]: Feedback: [34]
[INFO] [1733734348.242523320] [fibonacci_action_server]: Feedback: [55]
[INFO] [1733734348.767027186] [fibonacci_action_server]: Feedback: [55]
[INFO] [1733734349.243229167] [fibonacci_action_server]: Goal succeeded
[INFO] [1733734349.476489646] [fibonacci_action_server]: Received goal request with order 10
[INFO] [1733734349.476711681] [fibonacci_action_server]: Executing goal...
[INFO] [1733734349.476848017] [fibonacci_action_server]: Feedback: [1]
[INFO] [1733734349.767678208] [fibonacci_action_server]: Goal succeeded
[INFO] [1733734350.001282654] [fibonacci_action_server]: Received goal request with order 10
[INFO] [1733734350.001522407] [fibonacci_action_server]: Executing goal...
[INFO] [1733734350.001646969] [fibonacci_action_server]: Feedback: [1]
[INFO] [1733734350.477455735] [fibonacci_action_server]: Feedback: [2]
[INFO] [1733734351.001888799] [fibonacci_action_server]: Feedback: [2]
[INFO] [1733734351.477823566] [fibonacci_action_server]: Feedback: [3]
[INFO] [1733734352.002265611] [fibonacci_action_server]: Feedback: [3]
[INFO] [1733734352.478050623] [fibonacci_action_server]: Feedback: [5]
[INFO] [1733734353.002498253] [fibonacci_action_server]: Feedback: [5]
[INFO] [1733734353.478675696] [fibonacci_action_server]: Feedback: [8]
[INFO] [1733734354.003064944] [fibonacci_action_server]: Feedback: [8]
[INFO] [1733734354.479186588] [fibonacci_action_server]: Feedback: [13]
[INFO] [1733734355.003590752] [fibonacci_action_server]: Feedback: [13]
[INFO] [1733734355.479441065] [fibonacci_action_server]: Feedback: [21]
[INFO] [1733734356.003859748] [fibonacci_action_server]: Feedback: [21]
[INFO] [1733734356.479940388] [fibonacci_action_server]: Feedback: [34]
[INFO] [1733734357.004332853] [fibonacci_action_server]: Feedback: [34]
[INFO] [1733734357.480518304] [fibonacci_action_server]: Feedback: [55]
[INFO] [1733734358.004913575] [fibonacci_action_server]: Feedback: [55]
[INFO] [1733734358.480823560] [fibonacci_action_server]: Goal succeeded
[INFO] [1733734358.714635639] [fibonacci_action_server]: Received goal request with order 10
[INFO] [1733734358.714955722] [fibonacci_action_server]: Executing goal...
[INFO] [1733734358.715107264] [fibonacci_action_server]: Feedback: [1]
[INFO] [1733734359.005722337] [fibonacci_action_server]: Goal succeeded
[INFO] [1733734359.240352562] [fibonacci_action_server]: Received goal request with order 10
[INFO] [1733734359.240541506] [fibonacci_action_server]: Executing goal...
[INFO] [1733734359.240677715] [fibonacci_action_server]: Feedback: [1]
[INFO] [1733734359.715333223] [fibonacci_action_server]: Feedback: [2]
[INFO] [1733734360.241166855] [fibonacci_action_server]: Feedback: [2]
[INFO] [1733734360.715822336] [fibonacci_action_server]: Feedback: [3]
[INFO] [1733734361.241719057] [fibonacci_action_server]: Feedback: [3]
[INFO] [1733734361.716244915] [fibonacci_action_server]: Feedback: [5]
[INFO] [1733734362.242102782] [fibonacci_action_server]: Feedback: [5]
[INFO] [1733734362.716938933] [fibonacci_action_server]: Feedback: [8]
[INFO] [1733734363.242513982] [fibonacci_action_server]: Feedback: [8]
[INFO] [1733734363.717597144] [fibonacci_action_server]: Feedback: [13]
[INFO] [1733734364.243074532] [fibonacci_action_server]: Feedback: [13]
[INFO] [1733734364.717880860] [fibonacci_action_server]: Feedback: [21]
[INFO] [1733734365.243353461] [fibonacci_action_server]: Feedback: [21]
[INFO] [1733734365.718498806] [fibonacci_action_server]: Feedback: [34]
[INFO] [1733734366.243956151] [fibonacci_action_server]: Feedback: [34]
[INFO] [1733734366.719046937] [fibonacci_action_server]: Feedback: [55]
[INFO] [1733734367.244513784] [fibonacci_action_server]: Feedback: [55]
[INFO] [1733734367.719620063] [fibonacci_action_server]: Goal succeeded
[INFO] [1733734367.951513726] [fibonacci_action_server]: Received goal request with order 10
[INFO] [1733734367.951740398] [fibonacci_action_server]: Executing goal...
[INFO] [1733734367.951850841] [fibonacci_action_server]: Feedback: [1]
[INFO] [1733734368.244814459] [fibonacci_action_server]: Goal succeeded
[INFO] [1733734368.477745988] [fibonacci_action_server]: Received goal request with order 10
[INFO] [1733734368.477920256] [fibonacci_action_server]: Executing goal...
[INFO] [1733734368.477980320] [fibonacci_action_server]: Feedback: [1]
[INFO] [1733734368.952066633] [fibonacci_action_server]: Feedback: [2]
[INFO] [1733734369.478163870] [fibonacci_action_server]: Feedback: [2]
[INFO] [1733734369.952597567] [fibonacci_action_server]: Feedback: [3]
[INFO] [1733734370.478909275] [fibonacci_action_server]: Feedback: [3]
[INFO] [1733734370.952926405] [fibonacci_action_server]: Feedback: [5]
[INFO] [1733734371.479429949] [fibonacci_action_server]: Feedback: [5]
[INFO] [1733734371.953240945] [fibonacci_action_server]: Feedback: [8]
[INFO] [1733734372.479681106] [fibonacci_action_server]: Feedback: [8]
[INFO] [1733734372.953537970] [fibonacci_action_server]: Feedback: [13]
[INFO] [1733734373.480267232] [fibonacci_action_server]: Feedback: [13]
[INFO] [1733734373.953975095] [fibonacci_action_server]: Feedback: [21]
[INFO] [1733734374.480786825] [fibonacci_action_server]: Feedback: [21]
[INFO] [1733734374.954352444] [fibonacci_action_server]: Feedback: [34]
[INFO] [1733734375.481488873] [fibonacci_action_server]: Feedback: [34]
[INFO] [1733734375.954746149] [fibonacci_action_server]: Feedback: [55]
[INFO] [1733734376.481771170] [fibonacci_action_server]: Feedback: [55]
[INFO] [1733734376.955014008] [fibonacci_action_server]: Goal succeeded
[INFO] [1733734377.189852773] [fibonacci_action_server]: Received goal request with order 10
[INFO] [1733734377.190164903] [fibonacci_action_server]: Executing goal...
[INFO] [1733734377.190302563] [fibonacci_action_server]: Feedback: [1]
[INFO] [1733734377.482184586] [fibonacci_action_server]: Goal succeeded
[INFO] [1733734377.713898910] [fibonacci_action_server]: Received goal request with order 10
[INFO] [1733734377.714138314] [fibonacci_action_server]: Executing goal...
[INFO] [1733734377.714264658] [fibonacci_action_server]: Feedback: [1]
[INFO] [1733734378.190643421] [fibonacci_action_server]: Feedback: [2]
[INFO] [1733734378.714604759] [fibonacci_action_server]: Feedback: [2]
[INFO] [1733734379.190995338] [fibonacci_action_server]: Feedback: [3]
[INFO] [1733734379.715253562] [fibonacci_action_server]: Feedback: [3]
[INFO] [1733734380.191303971] [fibonacci_action_server]: Feedback: [5]
[INFO] [1733734380.715653745] [fibonacci_action_server]: Feedback: [5]
[INFO] [1733734381.191604936] [fibonacci_action_server]: Feedback: [8]
[INFO] [1733734381.715949356] [fibonacci_action_server]: Feedback: [8]
[INFO] [1733734382.192118411] [fibonacci_action_server]: Feedback: [13]
[INFO] [1733734382.716672843] [fibonacci_action_server]: Feedback: [13]
[INFO] [1733734383.192627297] [fibonacci_action_server]: Feedback: [21]
[INFO] [1733734383.717259512] [fibonacci_action_server]: Feedback: [21]
[INFO] [1733734384.192971076] [fibonacci_action_server]: Feedback: [34]
[INFO] [1733734384.717528407] [fibonacci_action_server]: Feedback: [34]
[INFO] [1733734385.193569866] [fibonacci_action_server]: Feedback: [55]
[INFO] [1733734385.718213708] [fibonacci_action_server]: Feedback: [55]
[INFO] [1733734386.193865073] [fibonacci_action_server]: Goal succeeded
[INFO] [1733734386.425899265] [fibonacci_action_server]: Received goal request with order 10
[INFO] [1733734386.426107451] [fibonacci_action_server]: Executing goal...
[INFO] [1733734386.426259149] [fibonacci_action_server]: Feedback: [1]
[INFO] [1733734386.718786489] [fibonacci_action_server]: Goal succeeded
[INFO] [1733734386.951452312] [fibonacci_action_server]: Received goal request with order 10
[INFO] [1733734386.951700156] [fibonacci_action_server]: Executing goal...
[INFO] [1733734386.951858653] [fibonacci_action_server]: Feedback: [1]
[INFO] [1733734387.426728226] [fibonacci_action_server]: Feedback: [2]
[INFO] [1733734387.952344092] [fibonacci_action_server]: Feedback: [2]
[INFO] [1733734388.427034042] [fibonacci_action_server]: Feedback: [3]
[INFO] [1733734388.952962834] [fibonacci_action_server]: Feedback: [3]
[INFO] [1733734389.427498289] [fibonacci_action_server]: Feedback: [5]
[INFO] [1733734389.953547387] [fibonacci_action_server]: Feedback: [5]
[INFO] [1733734390.428080920] [fibonacci_action_server]: Feedback: [8]
[INFO] [1733734390.953947602] [fibonacci_action_server]: Feedback: [8]
[INFO] [1733734391.428623365] [fibonacci_action_server]: Feedback: [13]
[INFO] [1733734391.954222542] [fibonacci_action_server]: Feedback: [13]
[INFO] [1733734392.429093397] [fibonacci_action_server]: Feedback: [21]
[INFO] [1733734392.954625770] [fibonacci_action_server]: Feedback: [21]
[INFO] [1733734393.429364345] [fibonacci_action_server]: Feedback: [34]
[INFO] [1733734393.954902078] [fibonacci_action_server]: Feedback: [34]
[INFO] [1733734394.429870336] [fibonacci_action_server]: Feedback: [55]
[INFO] [1733734394.955306661] [fibonacci_action_server]: Feedback: [55]
[INFO] [1733734395.430344528] [fibonacci_action_server]: Goal succeeded
[INFO] [1733734395.663216605] [fibonacci_action_server]: Received goal request with order 10
[INFO] [1733734395.663477443] [fibonacci_action_server]: Executing goal...
[INFO] [1733734395.663616139] [fibonacci_action_server]: Feedback: [1]
[INFO] [1733734395.955884761] [fibonacci_action_server]: Goal succeeded
[INFO] [1733734396.189705711] [fibonacci_action_server]: Received goal request with order 10
[INFO] [1733734396.189917216] [fibonacci_action_server]: Executing goal...
[INFO] [1733734396.190038983] [fibonacci_action_server]: Feedback: [1]
[INFO] [1733734396.664109980] [fibonacci_action_server]: Feedback: [2]
[INFO] [1733734397.190339688] [fibonacci_action_server]: Feedback: [2]
[INFO] [1733734397.664433701] [fibonacci_action_server]: Feedback: [3]
[INFO] [1733734398.190613832] [fibonacci_action_server]: Feedback: [3]
[INFO] [1733734398.664741813] [fibonacci_action_server]: Feedback: [5]
[INFO] [1733734399.190798460] [fibonacci_action_server]: Feedback: [5]
[INFO] [1733734399.665381964] [fibonacci_action_server]: Feedback: [8]
[INFO] [1733734400.191303465] [fibonacci_action_server]: Feedback: [8]
[INFO] [1733734400.665627293] [fibonacci_action_server]: Feedback: [13]
[INFO] [1733734401.191564034] [fibonacci_action_server]: Feedback: [13]
[INFO] [1733734401.665819961] [fibonacci_action_server]: Feedback: [21]
[INFO] [1733734402.191991275] [fibonacci_action_server]: Feedback: [21]
[INFO] [1733734402.666229852] [fibonacci_action_server]: Feedback: [34]
[INFO] [1733734403.192540143] [fibonacci_action_server]: Feedback: [34]
[INFO] [1733734403.666466065] [fibonacci_action_server]: Feedback: [55]
[INFO] [1733734404.192938993] [fibonacci_action_server]: Feedback: [55]
[INFO] [1733734404.666901592] [fibonacci_action_server]: Goal succeeded
[INFO] [1733734404.900990852] [fibonacci_action_server]: Received goal request with order 10
[INFO] [1733734404.901201718] [fibonacci_action_server]: Executing goal...
[INFO] [1733734404.901376362] [fibonacci_action_server]: Feedback: [1]
[INFO] [1733734405.193676859] [fibonacci_action_server]: Goal succeeded
[INFO] [1733734405.427602551] [fibonacci_action_server]: Received goal request with order 10
[INFO] [1733734405.427883060] [fibonacci_action_server]: Executing goal...
[INFO] [1733734405.428036474] [fibonacci_action_server]: Feedback: [1]
[INFO] [1733734405.901988581] [fibonacci_action_server]: Feedback: [2]
[INFO] [1733734406.428582247] [fibonacci_action_server]: Feedback: [2]
[INFO] [1733734406.902375859] [fibonacci_action_server]: Feedback: [3]
[INFO] [1733734407.429156967] [fibonacci_action_server]: Feedback: [3]
[INFO] [1733734407.902875480] [fibonacci_action_server]: Feedback: [5]
[INFO] [1733734408.429707984] [fibonacci_action_server]: Feedback: [5]
[INFO] [1733734408.903477345] [fibonacci_action_server]: Feedback: [8]
[INFO] [1733734409.430081583] [fibonacci_action_server]: Feedback: [8]
[INFO] [1733734409.903758729] [fibonacci_action_server]: Feedback: [13]
[INFO] [1733734410.430353514] [fibonacci_action_server]: Feedback: [13]
[INFO] [1733734410.904306713] [fibonacci_action_server]: Feedback: [21]
[INFO] [1733734411.430749691] [fibonacci_action_server]: Feedback: [21]
[INFO] [1733734411.904904971] [fibonacci_action_server]: Feedback: [34]
[INFO] [1733734412.431283025] [fibonacci_action_server]: Feedback: [34]
[INFO] [1733734412.905332365] [fibonacci_action_server]: Feedback: [55]
[INFO] [1733734413.431546292] [fibonacci_action_server]: Feedback: [55]
[INFO] [1733734413.905813270] [fibonacci_action_server]: Goal succeeded
[INFO] [1733734414.139304360] [fibonacci_action_server]: Received goal request with order 10
[INFO] [1733734414.139476785] [fibonacci_action_server]: Executing goal...
[INFO] [1733734414.139534074] [fibonacci_action_server]: Feedback: [1]
[INFO] [1733734414.432136683] [fibonacci_action_server]: Goal succeeded
[INFO] [1733734414.664442543] [fibonacci_action_server]: Received goal request with order 10
[INFO] [1733734414.664568652] [fibonacci_action_server]: Executing goal...
[INFO] [1733734414.664632130] [fibonacci_action_server]: Feedback: [1]
[INFO] [1733734415.139713874] [fibonacci_action_server]: Feedback: [2]
[INFO] [1733734415.665275098] [fibonacci_action_server]: Feedback: [2]
[INFO] [1733734416.140065282] [fibonacci_action_server]: Feedback: [3]
[INFO] [1733734416.665777290] [fibonacci_action_server]: Feedback: [3]
[INFO] [1733734417.140304862] [fibonacci_action_server]: Feedback: [5]
[INFO] [1733734417.666289591] [fibonacci_action_server]: Feedback: [5]
[INFO] [1733734418.140842111] [fibonacci_action_server]: Feedback: [8]
[INFO] [1733734418.666699768] [fibonacci_action_server]: Feedback: [8]
[INFO] [1733734419.141558378] [fibonacci_action_server]: Feedback: [13]
[INFO] [1733734419.667265083] [fibonacci_action_server]: Feedback: [13]
[INFO] [1733734420.141864759] [fibonacci_action_server]: Feedback: [21]
[INFO] [1733734420.667828894] [fibonacci_action_server]: Feedback: [21]
[INFO] [1733734421.142349069] [fibonacci_action_server]: Feedback: [34]
[INFO] [1733734421.668403667] [fibonacci_action_server]: Feedback: [34]
[INFO] [1733734422.142692755] [fibonacci_action_server]: Feedback: [55]
[INFO] [1733734422.668688086] [fibonacci_action_server]: Feedback: [55]
[INFO] [1733734423.143139012] [fibonacci_action_server]: Goal succeeded
[INFO] [1733734423.377621917] [fibonacci_action_server]: Received goal request with order 10
[INFO] [1733734423.377846809] [fibonacci_action_server]: Executing goal...
[INFO] [1733734423.377959794] [fibonacci_action_server]: Feedback: [1]
[INFO] [1733734423.668960668] [fibonacci_action_server]: Goal succeeded
[INFO] [1733734423.901931410] [fibonacci_action_server]: Received goal request with order 10
[INFO] [1733734423.902119984] [fibonacci_action_server]: Executing goal...
[INFO] [1733734423.902261525] [fibonacci_action_server]: Feedback: [1]
[INFO] [1733734424.378519143] [fibonacci_action_server]: Feedback: [2]
[INFO] [1733734424.902880623] [fibonacci_action_server]: Feedback: [2]
[INFO] [1733734425.379064933] [fibonacci_action_server]: Feedback: [3]
[INFO] [1733734425.903421269] [fibonacci_action_server]: Feedback: [3]
[INFO] [1733734426.379304202] [fibonacci_action_server]: Feedback: [5]
[INFO] [1733734426.903637783] [fibonacci_action_server]: Feedback: [5]
[INFO] [1733734427.379966234] [fibonacci_action_server]: Feedback: [8]
[INFO] [1733734427.904120893] [fibonacci_action_server]: Feedback: [8]
[INFO] [1733734428.380526148] [fibonacci_action_server]: Feedback: [13]
[INFO] [1733734428.904561131] [fibonacci_action_server]: Feedback: [13]
[INFO] [1733734429.380835760] [fibonacci_action_server]: Feedback: [21]
[INFO] [1733734429.904821244] [fibonacci_action_server]: Feedback: [21]
[INFO] [1733734430.381534411] [fibonacci_action_server]: Feedback: [34]
[INFO] [1733734430.905374657] [fibonacci_action_server]: Feedback: [34]
[INFO] [1733734431.381858094] [fibonacci_action_server]: Feedback: [55]
[INFO] [1733734431.905787022] [fibonacci_action_server]: Feedback: [55]
[INFO] [1733734432.382424401] [fibonacci_action_server]: Goal succeeded
[INFO] [1733734432.613208078] [fibonacci_action_server]: Received goal request with order 10
[INFO] [1733734432.613400058] [fibonacci_action_server]: Executing goal...
[INFO] [1733734432.613551185] [fibonacci_action_server]: Feedback: [1]
[INFO] [1733734432.906252849] [fibonacci_action_server]: Goal succeeded
[INFO] [1733734433.140375135] [fibonacci_action_server]: Received goal request with order 10
[INFO] [1733734433.140595621] [fibonacci_action_server]: Executing goal...
[INFO] [1733734433.140703295] [fibonacci_action_server]: Feedback: [1]
[INFO] [1733734433.613711657] [fibonacci_action_server]: Feedback: [2]
[INFO] [1733734434.141175668] [fibonacci_action_server]: Feedback: [2]
[INFO] [1733734434.614151716] [fibonacci_action_server]: Feedback: [3]
[INFO] [1733734435.141481350] [fibonacci_action_server]: Feedback: [3]
[INFO] [1733734435.614408028] [fibonacci_action_server]: Feedback: [5]
[INFO] [1733734436.141715452] [fibonacci_action_server]: Feedback: [5]
[INFO] [1733734436.614976901] [fibonacci_action_server]: Feedback: [8]
[INFO] [1733734437.142138663] [fibonacci_action_server]: Feedback: [8]
[INFO] [1733734437.615238188] [fibonacci_action_server]: Feedback: [13]
[INFO] [1733734438.142376532] [fibonacci_action_server]: Feedback: [13]
[INFO] [1733734438.615478600] [fibonacci_action_server]: Feedback: [21]
[INFO] [1733734439.142596758] [fibonacci_action_server]: Feedback: [21]
[INFO] [1733734439.616133973] [fibonacci_action_server]: Feedback: [34]
[INFO] [1733734440.143145331] [fibonacci_action_server]: Feedback: [34]
[INFO] [1733734440.616624941] [fibonacci_action_server]: Feedback: [55]
[INFO] [1733734441.143630852] [fibonacci_action_server]: Feedback: [55]
[INFO] [1733734441.616962664] [fibonacci_action_server]: Goal succeeded
[INFO] [1733734441.850512791] [fibonacci_action_server]: Received goal request with order 10
[INFO] [1733734441.850683106] [fibonacci_action_server]: Executing goal...
[INFO] [1733734441.850740973] [fibonacci_action_server]: Feedback: [1]
[INFO] [1733734442.144276102] [fibonacci_action_server]: Goal succeeded
[INFO] [1733734442.374048332] [fibonacci_action_server]: Received goal request with order 10
[INFO] [1733734442.374286585] [fibonacci_action_server]: Executing goal...
[INFO] [1733734442.374373687] [fibonacci_action_server]: Feedback: [1]
[INFO] [1733734442.851396272] [fibonacci_action_server]: Feedback: [2]
[INFO] [1733734443.374586378] [fibonacci_action_server]: Feedback: [2]
[INFO] [1733734443.851910250] [fibonacci_action_server]: Feedback: [3]
[INFO] [1733734444.375117099] [fibonacci_action_server]: Feedback: [3]
[INFO] [1733734444.852482612] [fibonacci_action_server]: Feedback: [5]
[INFO] [1733734445.375389405] [fibonacci_action_server]: Feedback: [5]
[INFO] [1733734445.853072530] [fibonacci_action_server]: Feedback: [8]
[INFO] [1733734446.375962000] [fibonacci_action_server]: Feedback: [8]
[INFO] [1733734446.853691994] [fibonacci_action_server]: Feedback: [13]
[INFO] [1733734447.376506200] [fibonacci_action_server]: Feedback: [13]
[INFO] [1733734447.854079122] [fibonacci_action_server]: Feedback: [21]
[INFO] [1733734448.376772357] [fibonacci_action_server]: Feedback: [21]
[INFO] [1733734448.854555536] [fibonacci_action_server]: Feedback: [34]
[INFO] [1733734449.377364458] [fibonacci_action_server]: Feedback: [34]
[INFO] [1733734449.854982303] [fibonacci_action_server]: Feedback: [55]
[INFO] [1733734450.377678876] [fibonacci_action_server]: Feedback: [55]
[INFO] [1733734450.855272150] [fibonacci_action_server]: Goal succeeded
[INFO] [1733734451.088895149] [fibonacci_action_server]: Received goal request with order 10
[INFO] [1733734451.089171875] [fibonacci_action_server]: Executing goal...
[INFO] [1733734451.089287983] [fibonacci_action_server]: Feedback: [1]
[INFO] [1733734451.377978373] [fibonacci_action_server]: Goal succeeded
[INFO] [1733734451.610821858] [fibonacci_action_server]: Received goal request with order 10
[INFO] [1733734451.611117005] [fibonacci_action_server]: Executing goal...
[INFO] [1733734451.611265821] [fibonacci_action_server]: Feedback: [1]
[INFO] [1733734452.089511377] [fibonacci_action_server]: Feedback: [2]
[INFO] [1733734452.611740494] [fibonacci_action_server]: Feedback: [2]
[INFO] [1733734453.089792025] [fibonacci_action_server]: Feedback: [3]
[INFO] [1733734453.612270302] [fibonacci_action_server]: Feedback: [3]
[INFO] [1733734454.090051816] [fibonacci_action_server]: Feedback: [5]
[INFO] [1733734454.612538468] [fibonacci_action_server]: Feedback: [5]
[INFO] [1733734455.090297556] [fibonacci_action_server]: Feedback: [8]
[INFO] [1733734455.613053864] [fibonacci_action_server]: Feedback: [8]
[INFO] [1733734456.090706051] [fibonacci_action_server]: Feedback: [13]
[INFO] [1733734456.613647902] [fibonacci_action_server]: Feedback: [13]
[INFO] [1733734457.091000918] [fibonacci_action_server]: Feedback: [21]
[INFO] [1733734457.613868069] [fibonacci_action_server]: Feedback: [21]
[INFO] [1733734458.091377861] [fibonacci_action_server]: Feedback: [34]
[INFO] [1733734458.614246961] [fibonacci_action_server]: Feedback: [34]
[INFO] [1733734459.091893195] [fibonacci_action_server]: Feedback: [55]
[INFO] [1733734459.614642684] [fibonacci_action_server]: Feedback: [55]
[INFO] [1733734460.092519916] [fibonacci_action_server]: Goal succeeded
[INFO] [1733734460.325489590] [fibonacci_action_server]: Received goal request with order 10
[INFO] [1733734460.325741988] [fibonacci_action_server]: Executing goal...
[INFO] [1733734460.325890451] [fibonacci_action_server]: Feedback: [1]
[INFO] [1733734460.615123469] [fibonacci_action_server]: Goal succeeded
[INFO] [1733734460.847756508] [fibonacci_action_server]: Received goal request with order 10
[INFO] [1733734460.847955509] [fibonacci_action_server]: Executing goal...
[INFO] [1733734460.848077199] [fibonacci_action_server]: Feedback: [1]
[INFO] [1733734461.326227793] [fibonacci_action_server]: Feedback: [2]
[INFO] [1733734461.848345520] [fibonacci_action_server]: Feedback: [2]
[INFO] [1733734462.326672365] [fibonacci_action_server]: Feedback: [3]
[INFO] [1733734462.849080204] [fibonacci_action_server]: Feedback: [3]
[INFO] [1733734463.327195831] [fibonacci_action_server]: Feedback: [5]
[INFO] [1733734463.849532989] [fibonacci_action_server]: Feedback: [5]
[INFO] [1733734464.327622961] [fibonacci_action_server]: Feedback: [8]
[INFO] [1733734464.849834297] [fibonacci_action_server]: Feedback: [8]
[INFO] [1733734465.328155860] [fibonacci_action_server]: Feedback: [13]
[INFO] [1733734465.850244522] [fibonacci_action_server]: Feedback: [13]
[INFO] [1733734466.328662240] [fibonacci_action_server]: Feedback: [21]
[INFO] [1733734466.850541864] [fibonacci_action_server]: Feedback: [21]
[INFO] [1733734467.328977022] [fibonacci_action_server]: Feedback: [34]
[INFO] [1733734467.850870420] [fibonacci_action_server]: Feedback: [34]
[INFO] [1733734468.329588470] [fibonacci_action_server]: Feedback: [55]
[INFO] [1733734468.851446400] [fibonacci_action_server]: Feedback: [55]
[INFO] [1733734469.329894841] [fibonacci_action_server]: Goal succeeded
[INFO] [1733734469.561051578] [fibonacci_action_server]: Received goal request with order 10
[INFO] [1733734469.561309609] [fibonacci_action_server]: Executing goal...
[INFO] [1733734469.561460653] [fibonacci_action_server]: Feedback: [1]
[INFO] [1733734469.852044165] [fibonacci_action_server]: Goal succeeded
[INFO] [1733734470.085031530] [fibonacci_action_server]: Received goal request with order 10
[INFO] [1733734470.085319556] [fibonacci_action_server]: Executing goal...
[INFO] [1733734470.085450132] [fibonacci_action_server]: Feedback: [1]
[INFO] [1733734470.561666035] [fibonacci_action_server]: Feedback: [2]
[INFO] [1733734471.085673016] [fibonacci_action_server]: Feedback: [2]
[INFO] [1733734471.561902999] [fibonacci_action_server]: Feedback: [3]
[INFO] [1733734472.085899985] [fibonacci_action_server]: Feedback: [3]
[INFO] [1733734472.562403094] [fibonacci_action_server]: Feedback: [5]
[INFO] [1733734473.086402966] [fibonacci_action_server]: Feedback: [5]
[INFO] [1733734473.562922560] [fibonacci_action_server]: Feedback: [8]
[INFO] [1733734474.086660695] [fibonacci_action_server]: Feedback: [8]
[INFO] [1733734474.563458322] [fibonacci_action_server]: Feedback: [13]
[INFO] [1733734475.087157984] [fibonacci_action_server]: Feedback: [13]
[INFO] [1733734475.564030828] [fibonacci_action_server]: Feedback: [21]
[INFO] [1733734476.087476118] [fibonacci_action_server]: Feedback: [21]
[INFO] [1733734476.564642765] [fibonacci_action_server]: Feedback: [34]
[INFO] [1733734477.087955806] [fibonacci_action_server]: Feedback: [34]
[INFO] [1733734477.565422256] [fibonacci_action_server]: Feedback: [55]
[INFO] [1733734478.088571550] [fibonacci_action_server]: Feedback: [55]
[INFO] [1733734478.565833965] [fibonacci_action_server]: Goal succeeded
[INFO] [1733734478.798125707] [fibonacci_action_server]: Received goal request with order 10
[INFO] [1733734478.798338103] [fibonacci_action_server]: Executing goal...
[INFO] [1733734478.798394536] [fibonacci_action_server]: Feedback: [1]
[INFO] [1733734479.089221236] [fibonacci_action_server]: Goal succeeded
[INFO] [1733734479.320812935] [fibonacci_action_server]: Received goal request with order 10
[INFO] [1733734479.321016369] [fibonacci_action_server]: Executing goal...
[INFO] [1733734479.321134567] [fibonacci_action_server]: Feedback: [1]
[INFO] [1733734479.798746897] [fibonacci_action_server]: Feedback: [2]
[INFO] [1733734480.321723302] [fibonacci_action_server]: Feedback: [2]
[INFO] [1733734480.798982731] [fibonacci_action_server]: Feedback: [3]
[INFO] [1733734481.321977544] [fibonacci_action_server]: Feedback: [3]
[INFO] [1733734481.799409366] [fibonacci_action_server]: Feedback: [5]
[INFO] [1733734482.322484473] [fibonacci_action_server]: Feedback: [5]
[INFO] [1733734482.799809553] [fibonacci_action_server]: Feedback: [8]
[INFO] [1733734483.287105492] [fibonacci_action_server]: Timeout reached, shutting down node...
[ros2run]: Segmentation fault
RAPL is set
