[INFO] [1733624777.004194832] [fibonacci_action_server]: Executing goal...
[INFO] [1733624777.004690236] [fibonacci_action_server]: Feedback: array('i', [0, 1, 1])
[INFO] [1733624778.006534042] [fibonacci_action_server]: Feedback: array('i', [0, 1, 1, 2])
[INFO] [1733624779.008549573] [fibonacci_action_server]: Feedback: array('i', [0, 1, 1, 2, 3])
[INFO] [1733624780.010628219] [fibonacci_action_server]: Feedback: array('i', [0, 1, 1, 2, 3, 5])
[INFO] [1733624781.012332987] [fibonacci_action_server]: Feedback: array('i', [0, 1, 1, 2, 3, 5, 8])
[INFO] [1733624782.014258455] [fibonacci_action_server]: Feedback: array('i', [0, 1, 1, 2, 3, 5, 8, 13])
[INFO] [1733624783.016303946] [fibonacci_action_server]: Feedback: array('i', [0, 1, 1, 2, 3, 5, 8, 13, 21])
[INFO] [1733624784.017944086] [fibonacci_action_server]: Feedback: array('i', [0, 1, 1, 2, 3, 5, 8, 13, 21, 34])
[INFO] [1733624785.019626899] [fibonacci_action_server]: Feedback: array('i', [0, 1, 1, 2, 3, 5, 8, 13, 21, 34, 55])
/opt/ros/humble/local/lib/python3.10/dist-packages/rclpy/action/server.py:312: RuntimeWarning: failed to send response (timeout): client will not receive response, at ./src/rmw_response.cpp:154, at ./src/rcl/service.c:314
  self._handle.send_goal_response(request_header, response_msg)
/opt/ros/humble/local/lib/python3.10/dist-packages/rclpy/action/server.py:431: RuntimeWarning: failed to send response (timeout): client will not receive response, at ./src/rmw_response.cpp:154, at ./src/rcl/service.c:314
  self._handle.send_result_response(request_header, future.result())
[INFO] [1733624786.224636318] [fibonacci_action_server]: Executing goal...
[INFO] [1733624786.225189464] [fibonacci_action_server]: Feedback: array('i', [0, 1, 1])
[INFO] [1733624787.226965139] [fibonacci_action_server]: Feedback: array('i', [0, 1, 1, 2])
[INFO] [1733624788.228215293] [fibonacci_action_server]: Feedback: array('i', [0, 1, 1, 2, 3])
[INFO] [1733624789.230090631] [fibonacci_action_server]: Feedback: array('i', [0, 1, 1, 2, 3, 5])
[INFO] [1733624790.231953333] [fibonacci_action_server]: Feedback: array('i', [0, 1, 1, 2, 3, 5, 8])
[INFO] [1733624791.233920713] [fibonacci_action_server]: Feedback: array('i', [0, 1, 1, 2, 3, 5, 8, 13])
[INFO] [1733624792.235963760] [fibonacci_action_server]: Feedback: array('i', [0, 1, 1, 2, 3, 5, 8, 13, 21])
[INFO] [1733624793.237637274] [fibonacci_action_server]: Feedback: array('i', [0, 1, 1, 2, 3, 5, 8, 13, 21, 34])
[INFO] [1733624794.239545629] [fibonacci_action_server]: Feedback: array('i', [0, 1, 1, 2, 3, 5, 8, 13, 21, 34, 55])
[INFO] [1733624956.755763442] [fibonacci_action_server]: Shutting down node...
RAPL is set
