[INFO] [1733982731.848285929] [minimal_client_async]: Result of add_two_ints: for 10 + 10 = 20
[INFO] [1733982732.844922298] [minimal_client_async]: Result of add_two_ints: for 10 + 10 = 20
[INFO] [1733982733.848533956] [minimal_client_async]: Result of add_two_ints: for 10 + 10 = 20
[INFO] [1733982734.851948064] [minimal_client_async]: Result of add_two_ints: for 10 + 10 = 20
[INFO] [1733982735.855544980] [minimal_client_async]: Result of add_two_ints: for 10 + 10 = 20
[INFO] [1733982787.034329811] [minimal_client_async]: Result of add_two_ints: for 10 + 10 = 20
[INFO] [1733982787.535533810] [minimal_client_async]: Result of add_two_ints: for 10 + 10 = 20
[INFO] [1733982788.037329772] [minimal_client_async]: Result of add_two_ints: for 10 + 10 = 20
[INFO] [1733982788.538984335] [minimal_client_async]: Result of add_two_ints: for 10 + 10 = 20
[INFO] [1733982789.040661652] [minimal_client_async]: Result of add_two_ints: for 10 + 10 = 20
[INFO] [1733982789.542341136] [minimal_client_async]: Result of add_two_ints: for 10 + 10 = 20
[INFO] [1733982790.043941151] [minimal_client_async]: Result of add_two_ints: for 10 + 10 = 20
[INFO] [1733982790.545985425] [minimal_client_async]: Result of add_two_ints: for 10 + 10 = 20
[INFO] [1733982791.047820460] [minimal_client_async]: Result of add_two_ints: for 10 + 10 = 20
[INFO] [1733982791.549672988] [minimal_client_async]: Result of add_two_ints: for 10 + 10 = 20
[INFO] [1733982792.051354184] [minimal_client_async]: Result of add_two_ints: for 10 + 10 = 20
[INFO] [1733982792.553269632] [minimal_client_async]: Result of add_two_ints: for 10 + 10 = 20
[INFO] [1733982793.055350504] [minimal_client_async]: Result of add_two_ints: for 10 + 10 = 20
[INFO] [1733982793.557246803] [minimal_client_async]: Result of add_two_ints: for 10 + 10 = 20
[INFO] [1733982794.059004994] [minimal_client_async]: Result of add_two_ints: for 10 + 10 = 20
[INFO] [1733982794.560769897] [minimal_client_async]: Result of add_two_ints: for 10 + 10 = 20
[INFO] [1733982795.062271141] [minimal_client_async]: Result of add_two_ints: for 10 + 10 = 20
[INFO] [1733982795.563815773] [minimal_client_async]: Result of add_two_ints: for 10 + 10 = 20
[INFO] [1733982796.065488596] [minimal_client_async]: Result of add_two_ints: for 10 + 10 = 20
[INFO] [1733982796.567324968] [minimal_client_async]: Result of add_two_ints: for 10 + 10 = 20
[INFO] [1733982797.069397106] [minimal_client_async]: Result of add_two_ints: for 10 + 10 = 20
[INFO] [1733982797.571169755] [minimal_client_async]: Result of add_two_ints: for 10 + 10 = 20
[INFO] [1733982798.073027004] [minimal_client_async]: Result of add_two_ints: for 10 + 10 = 20
[INFO] [1733982798.574509394] [minimal_client_async]: Result of add_two_ints: for 10 + 10 = 20
[INFO] [1733982799.076322473] [minimal_client_async]: Result of add_two_ints: for 10 + 10 = 20
[INFO] [1733982799.578423453] [minimal_client_async]: Result of add_two_ints: for 10 + 10 = 20
[INFO] [1733982800.080115807] [minimal_client_async]: Result of add_two_ints: for 10 + 10 = 20
[INFO] [1733982800.582158811] [minimal_client_async]: Result of add_two_ints: for 10 + 10 = 20
[INFO] [1733982801.084286645] [minimal_client_async]: Result of add_two_ints: for 10 + 10 = 20
[INFO] [1733982801.586328492] [minimal_client_async]: Result of add_two_ints: for 10 + 10 = 20
[INFO] [1733982802.088100300] [minimal_client_async]: Result of add_two_ints: for 10 + 10 = 20
[INFO] [1733982802.590127161] [minimal_client_async]: Result of add_two_ints: for 10 + 10 = 20
[INFO] [1733982803.092020631] [minimal_client_async]: Result of add_two_ints: for 10 + 10 = 20
[INFO] [1733982803.594151266] [minimal_client_async]: Result of add_two_ints: for 10 + 10 = 20
[INFO] [1733982804.096095136] [minimal_client_async]: Result of add_two_ints: for 10 + 10 = 20
[INFO] [1733982804.598039079] [minimal_client_async]: Result of add_two_ints: for 10 + 10 = 20
[INFO] [1733982805.099941466] [minimal_client_async]: Result of add_two_ints: for 10 + 10 = 20
[INFO] [1733982805.601880441] [minimal_client_async]: Result of add_two_ints: for 10 + 10 = 20
[INFO] [1733982806.103621392] [minimal_client_async]: Result of add_two_ints: for 10 + 10 = 20
[INFO] [1733982806.605173417] [minimal_client_async]: Result of add_two_ints: for 10 + 10 = 20
[INFO] [1733982807.106758469] [minimal_client_async]: Result of add_two_ints: for 10 + 10 = 20
[INFO] [1733982807.608423749] [minimal_client_async]: Result of add_two_ints: for 10 + 10 = 20
[INFO] [1733982808.110388374] [minimal_client_async]: Result of add_two_ints: for 10 + 10 = 20
[INFO] [1733982808.612394639] [minimal_client_async]: Result of add_two_ints: for 10 + 10 = 20
[INFO] [1733982809.114470494] [minimal_client_async]: Result of add_two_ints: for 10 + 10 = 20
[INFO] [1733982809.616355670] [minimal_client_async]: Result of add_two_ints: for 10 + 10 = 20
[INFO] [1733982810.118328468] [minimal_client_async]: Result of add_two_ints: for 10 + 10 = 20
[INFO] [1733982810.620216849] [minimal_client_async]: Result of add_two_ints: for 10 + 10 = 20
[INFO] [1733982811.122228355] [minimal_client_async]: Result of add_two_ints: for 10 + 10 = 20
[INFO] [1733982811.624056563] [minimal_client_async]: Result of add_two_ints: for 10 + 10 = 20
[INFO] [1733982812.125931915] [minimal_client_async]: Result of add_two_ints: for 10 + 10 = 20
[INFO] [1733982812.627989890] [minimal_client_async]: Result of add_two_ints: for 10 + 10 = 20
[INFO] [1733982813.130139510] [minimal_client_async]: Result of add_two_ints: for 10 + 10 = 20
[INFO] [1733982813.631979839] [minimal_client_async]: Result of add_two_ints: for 10 + 10 = 20
[INFO] [1733982814.134111948] [minimal_client_async]: Result of add_two_ints: for 10 + 10 = 20
[INFO] [1733982814.635981020] [minimal_client_async]: Result of add_two_ints: for 10 + 10 = 20
[INFO] [1733982815.138089931] [minimal_client_async]: Result of add_two_ints: for 10 + 10 = 20
[INFO] [1733982815.639987015] [minimal_client_async]: Result of add_two_ints: for 10 + 10 = 20
[INFO] [1733982816.141593970] [minimal_client_async]: Result of add_two_ints: for 10 + 10 = 20
[INFO] [1733982816.643611163] [minimal_client_async]: Result of add_two_ints: for 10 + 10 = 20
[INFO] [1733982817.145629142] [minimal_client_async]: Result of add_two_ints: for 10 + 10 = 20
[INFO] [1733982817.647455484] [minimal_client_async]: Result of add_two_ints: for 10 + 10 = 20
[INFO] [1733982818.149458152] [minimal_client_async]: Result of add_two_ints: for 10 + 10 = 20
[INFO] [1733982818.651322049] [minimal_client_async]: Result of add_two_ints: for 10 + 10 = 20
[INFO] [1733982819.153179641] [minimal_client_async]: Result of add_two_ints: for 10 + 10 = 20
[INFO] [1733982819.654675029] [minimal_client_async]: Result of add_two_ints: for 10 + 10 = 20
[INFO] [1733982820.155991253] [minimal_client_async]: Result of add_two_ints: for 10 + 10 = 20
[INFO] [1733982820.658105271] [minimal_client_async]: Result of add_two_ints: for 10 + 10 = 20
[INFO] [1733982821.160176970] [minimal_client_async]: Result of add_two_ints: for 10 + 10 = 20
[INFO] [1733982821.662238928] [minimal_client_async]: Result of add_two_ints: for 10 + 10 = 20
[INFO] [1733982822.164236955] [minimal_client_async]: Result of add_two_ints: for 10 + 10 = 20
[INFO] [1733982822.666210271] [minimal_client_async]: Result of add_two_ints: for 10 + 10 = 20
[INFO] [1733982823.168112208] [minimal_client_async]: Result of add_two_ints: for 10 + 10 = 20
[INFO] [1733982823.670028778] [minimal_client_async]: Result of add_two_ints: for 10 + 10 = 20
[INFO] [1733982824.171687703] [minimal_client_async]: Result of add_two_ints: for 10 + 10 = 20
[INFO] [1733982824.673719610] [minimal_client_async]: Result of add_two_ints: for 10 + 10 = 20
[INFO] [1733982825.175823134] [minimal_client_async]: Result of add_two_ints: for 10 + 10 = 20
[INFO] [1733982825.677948165] [minimal_client_async]: Result of add_two_ints: for 10 + 10 = 20
[INFO] [1733982826.179847568] [minimal_client_async]: Result of add_two_ints: for 10 + 10 = 20
[INFO] [1733982826.681798354] [minimal_client_async]: Result of add_two_ints: for 10 + 10 = 20
[INFO] [1733982827.183632044] [minimal_client_async]: Result of add_two_ints: for 10 + 10 = 20
[INFO] [1733982827.685704076] [minimal_client_async]: Result of add_two_ints: for 10 + 10 = 20
[INFO] [1733982828.187647033] [minimal_client_async]: Result of add_two_ints: for 10 + 10 = 20
[INFO] [1733982828.689640315] [minimal_client_async]: Result of add_two_ints: for 10 + 10 = 20
[INFO] [1733982829.191391728] [minimal_client_async]: Result of add_two_ints: for 10 + 10 = 20
[INFO] [1733982829.693340773] [minimal_client_async]: Result of add_two_ints: for 10 + 10 = 20
[INFO] [1733982830.195143846] [minimal_client_async]: Result of add_two_ints: for 10 + 10 = 20
[INFO] [1733982830.697130725] [minimal_client_async]: Result of add_two_ints: for 10 + 10 = 20
[INFO] [1733982831.198681862] [minimal_client_async]: Result of add_two_ints: for 10 + 10 = 20
[INFO] [1733982831.700276020] [minimal_client_async]: Result of add_two_ints: for 10 + 10 = 20
[INFO] [1733982832.201973926] [minimal_client_async]: Result of add_two_ints: for 10 + 10 = 20
[INFO] [1733982832.703444708] [minimal_client_async]: Result of add_two_ints: for 10 + 10 = 20
[INFO] [1733982833.205515323] [minimal_client_async]: Result of add_two_ints: for 10 + 10 = 20
[INFO] [1733982833.707277454] [minimal_client_async]: Result of add_two_ints: for 10 + 10 = 20
[INFO] [1733982834.209170723] [minimal_client_async]: Result of add_two_ints: for 10 + 10 = 20
[INFO] [1733982834.710604830] [minimal_client_async]: Result of add_two_ints: for 10 + 10 = 20
[INFO] [1733982835.212443143] [minimal_client_async]: Result of add_two_ints: for 10 + 10 = 20
[INFO] [1733982835.714306265] [minimal_client_async]: Result of add_two_ints: for 10 + 10 = 20
[INFO] [1733982836.215939489] [minimal_client_async]: Result of add_two_ints: for 10 + 10 = 20
[INFO] [1733982836.717766196] [minimal_client_async]: Result of add_two_ints: for 10 + 10 = 20
[INFO] [1733982837.219774046] [minimal_client_async]: Result of add_two_ints: for 10 + 10 = 20
[INFO] [1733982869.833186187] [minimal_client_async]: Result of add_two_ints: for 10 + 10 = 20
[INFO] [1733982870.334100238] [minimal_client_async]: Result of add_two_ints: for 10 + 10 = 20
[INFO] [1733982870.835925133] [minimal_client_async]: Result of add_two_ints: for 10 + 10 = 20
[INFO] [1733982871.337960093] [minimal_client_async]: Result of add_two_ints: for 10 + 10 = 20
[INFO] [1733982871.839782512] [minimal_client_async]: Result of add_two_ints: for 10 + 10 = 20
[INFO] [1733982872.341653287] [minimal_client_async]: Result of add_two_ints: for 10 + 10 = 20
[INFO] [1733982872.843501145] [minimal_client_async]: Result of add_two_ints: for 10 + 10 = 20
[INFO] [1733982873.345318227] [minimal_client_async]: Result of add_two_ints: for 10 + 10 = 20
[INFO] [1733982873.846576270] [minimal_client_async]: Result of add_two_ints: for 10 + 10 = 20
[INFO] [1733982874.348260330] [minimal_client_async]: Result of add_two_ints: for 10 + 10 = 20
[INFO] [1733982874.850289039] [minimal_client_async]: Result of add_two_ints: for 10 + 10 = 20
[INFO] [1733982875.352223664] [minimal_client_async]: Result of add_two_ints: for 10 + 10 = 20
[INFO] [1733982875.854174644] [minimal_client_async]: Result of add_two_ints: for 10 + 10 = 20
[INFO] [1733982876.356091821] [minimal_client_async]: Result of add_two_ints: for 10 + 10 = 20
[INFO] [1733982876.858091454] [minimal_client_async]: Result of add_two_ints: for 10 + 10 = 20
[INFO] [1733982877.359713109] [minimal_client_async]: Result of add_two_ints: for 10 + 10 = 20
[INFO] [1733982877.861255805] [minimal_client_async]: Result of add_two_ints: for 10 + 10 = 20
[INFO] [1733982878.363126874] [minimal_client_async]: Result of add_two_ints: for 10 + 10 = 20
[INFO] [1733982878.865005403] [minimal_client_async]: Result of add_two_ints: for 10 + 10 = 20
[INFO] [1733982879.366680071] [minimal_client_async]: Result of add_two_ints: for 10 + 10 = 20
[INFO] [1733982879.868528801] [minimal_client_async]: Result of add_two_ints: for 10 + 10 = 20
[INFO] [1733982880.370383316] [minimal_client_async]: Result of add_two_ints: for 10 + 10 = 20
[INFO] [1733982880.872194408] [minimal_client_async]: Result of add_two_ints: for 10 + 10 = 20
[INFO] [1733982881.374135568] [minimal_client_async]: Result of add_two_ints: for 10 + 10 = 20
[INFO] [1733982881.875890765] [minimal_client_async]: Result of add_two_ints: for 10 + 10 = 20
[INFO] [1733982882.377284461] [minimal_client_async]: Result of add_two_ints: for 10 + 10 = 20
[INFO] [1733982882.879388947] [minimal_client_async]: Result of add_two_ints: for 10 + 10 = 20
[INFO] [1733982883.381347344] [minimal_client_async]: Result of add_two_ints: for 10 + 10 = 20
[INFO] [1733982883.882716823] [minimal_client_async]: Result of add_two_ints: for 10 + 10 = 20
[INFO] [1733982884.384462094] [minimal_client_async]: Result of add_two_ints: for 10 + 10 = 20
[INFO] [1733982884.886190626] [minimal_client_async]: Result of add_two_ints: for 10 + 10 = 20
[INFO] [1733982885.387953478] [minimal_client_async]: Result of add_two_ints: for 10 + 10 = 20
[INFO] [1733982885.890163104] [minimal_client_async]: Result of add_two_ints: for 10 + 10 = 20
[INFO] [1733982886.391936359] [minimal_client_async]: Result of add_two_ints: for 10 + 10 = 20
[INFO] [1733982886.893877393] [minimal_client_async]: Result of add_two_ints: for 10 + 10 = 20
[INFO] [1733982887.395131849] [minimal_client_async]: Result of add_two_ints: for 10 + 10 = 20
[INFO] [1733982887.896992782] [minimal_client_async]: Result of add_two_ints: for 10 + 10 = 20
[INFO] [1733982888.398449464] [minimal_client_async]: Result of add_two_ints: for 10 + 10 = 20
[INFO] [1733982888.899982742] [minimal_client_async]: Result of add_two_ints: for 10 + 10 = 20
[INFO] [1733982889.401523518] [minimal_client_async]: Result of add_two_ints: for 10 + 10 = 20
[INFO] [1733982889.903046608] [minimal_client_async]: Result of add_two_ints: for 10 + 10 = 20
[INFO] [1733982890.404402267] [minimal_client_async]: Result of add_two_ints: for 10 + 10 = 20
[INFO] [1733982890.906438874] [minimal_client_async]: Result of add_two_ints: for 10 + 10 = 20
[INFO] [1733982891.408437330] [minimal_client_async]: Result of add_two_ints: for 10 + 10 = 20
[INFO] [1733982891.910428802] [minimal_client_async]: Result of add_two_ints: for 10 + 10 = 20
[INFO] [1733982892.412189368] [minimal_client_async]: Result of add_two_ints: for 10 + 10 = 20
[INFO] [1733982892.914164537] [minimal_client_async]: Result of add_two_ints: for 10 + 10 = 20
[INFO] [1733982893.415992627] [minimal_client_async]: Result of add_two_ints: for 10 + 10 = 20
[INFO] [1733982893.917569185] [minimal_client_async]: Result of add_two_ints: for 10 + 10 = 20
[INFO] [1733982894.419388269] [minimal_client_async]: Result of add_two_ints: for 10 + 10 = 20
[INFO] [1733982894.921345643] [minimal_client_async]: Result of add_two_ints: for 10 + 10 = 20
[INFO] [1733982895.423366692] [minimal_client_async]: Result of add_two_ints: for 10 + 10 = 20
[INFO] [1733982895.924916930] [minimal_client_async]: Result of add_two_ints: for 10 + 10 = 20
[INFO] [1733982896.426666444] [minimal_client_async]: Result of add_two_ints: for 10 + 10 = 20
[INFO] [1733982896.928543273] [minimal_client_async]: Result of add_two_ints: for 10 + 10 = 20
[INFO] [1733982897.430544656] [minimal_client_async]: Result of add_two_ints: for 10 + 10 = 20
[INFO] [1733982897.932110951] [minimal_client_async]: Result of add_two_ints: for 10 + 10 = 20
[INFO] [1733982898.433901954] [minimal_client_async]: Result of add_two_ints: for 10 + 10 = 20
[INFO] [1733982898.935852004] [minimal_client_async]: Result of add_two_ints: for 10 + 10 = 20
[INFO] [1733982899.437562041] [minimal_client_async]: Result of add_two_ints: for 10 + 10 = 20
[INFO] [1733982899.939414474] [minimal_client_async]: Result of add_two_ints: for 10 + 10 = 20
[INFO] [1733982900.441334438] [minimal_client_async]: Result of add_two_ints: for 10 + 10 = 20
[INFO] [1733982900.943081352] [minimal_client_async]: Result of add_two_ints: for 10 + 10 = 20
[INFO] [1733982901.444973006] [minimal_client_async]: Result of add_two_ints: for 10 + 10 = 20
[INFO] [1733982910.329863321] [minimal_client_async]: Timeout reached. Stopping client.
RAPL is set
] [1733982902.447653271] [minimal_client_async]: Result of add_two_ints: for 10 + 10 = 20
[INFO] [1733982902.948973005] [minimal_client_async]: Result of add_two_ints: for 10 + 10 = 20
[INFO] [1733982903.450420603] [minimal_client_async]: Result of add_two_ints: for 10 + 10 = 20
[INFO] [1733982903.952187150] [minimal_client_async]: Result of add_two_ints: for 10 + 10 = 20
[INFO] [1733982904.454043387] [minimal_client_async]: Result of add_two_ints: for 10 + 10 = 20
[INFO] [1733982904.955866792] [minimal_client_async]: Result of add_two_ints: for 10 + 10 = 20
[INFO] [1733982905.457702171] [minimal_client_async]: Result of add_two_ints: for 10 + 10 = 20
[INFO] [1733982905.959428147] [minimal_client_async]: Result of add_two_ints: for 10 + 10 = 20
[INFO] [1733982906.461181707] [minimal_client_async]: Result of add_two_ints: for 10 + 10 = 20
[INFO] [1733982906.962893828] [minimal_client_async]: Result of add_two_ints: for 10 + 10 = 20
[INFO] [1733982907.464297917] [minimal_client_async]: Result of add_two_ints: for 10 + 10 = 20
[INFO] [1733982907.965789657] [minimal_client_async]: Result of add_two_ints: for 10 + 10 = 20
[INFO] [1733982908.467449604] [minimal_client_async]: Result of add_two_ints: for 10 + 10 = 20
[INFO] [1733982908.969330328] [minimal_client_async]: Result of add_two_ints: for 10 + 10 = 20
[INFO] [1733982909.470983244] [minimal_client_async]: Result of add_two_ints: for 10 + 10 = 20
[INFO] [1733982909.973311730] [minimal_client_async]: Result of add_two_ints: for 10 + 10 = 20
[INFO] [1733982910.474629464] [minimal_client_async]: Result of add_two_ints: for 10 + 10 = 20
[INFO] [1733982910.531737481] [minimal_client_async]: Timeout reached. Stopping client.
RAPL is not set
