Component: client --->
Starting Shapiro-Wilk test...
Group: cpp
Shapiro-Wilk statistic: 0.867805091157865
P-value: 2.334441127927328e-15
The data is likely not normally distributed (reject H0).

Group: py
Shapiro-Wilk statistic: 0.8754516373478913
P-value: 7.038151846656422e-15
The data is likely not normally distributed (reject H0).

Shapiro-Wilk test indicates non-normal distribution among groups. Running Welch's ANOVA and Kruskal-Wallis...
Group means: [np.float64(0.08461679352242311), np.float64(0.3508181454911422)]
Group variances: [np.float64(0.003783226608812175), np.float64(0.06385693722881794)]
Group sizes: [300, 300]
Numerator: 4.960149118028055
Denominator: 0.00022546721279210038
Degrees of freedom: 0.006688963210702341
Kruskal-Wallis H statistic: 260.0957311035418, p-value: 1.6354943997828877e-58
The test indicates a significant difference between the groups. Running post-hoc Dunn's test
Dunn's test results (adjusted p-values):
              cpp            py
cpp  1.000000e+00  1.635494e-58
py   1.635494e-58  1.000000e+00
Welch's ANOVA statistic: 21999.425355924046, p-value: 0.0
Component: client, Language: cpp --->
Group: cpp
[0.18193766 0.22017411 0.19221288 0.05568493 0.06475365 0.06553611
 0.03024761 0.02921201 0.03818934 0.02658419 0.02371375 0.02257989
 0.17725894 0.17787234 0.20168131 0.05782734 0.06409386 0.07488479
 0.03384742 0.03777639 0.0315248  0.02022621 0.0214608  0.02344937
 0.14026998 0.18832854 0.15975571 0.06308682 0.05810988 0.06970531
 0.03507762 0.03658374 0.02848531 0.01811247 0.0256492  0.0241693
 0.16639844 0.18812185 0.19455674 0.06383578 0.07570988 0.07108401
 0.03286698 0.03512927 0.0373747  0.01982508 0.02520172 0.02868638
 0.16757167 0.19804005 0.19222564 0.0652759  0.06475899 0.08151
 0.02784723 0.03294506 0.0325206  0.01840128 0.02107729 0.02454936
 0.19047825 0.15635806 0.15648157 0.0538591  0.06349008 0.07422869
 0.03848462 0.03712907 0.03401746 0.02275656 0.02347462 0.02758357
 0.19342671 0.19280446 0.20787328 0.05979728 0.07043693 0.07171213
 0.02956005 0.03065344 0.03576783 0.01581177 0.01229812 0.01489285
 0.17003092 0.18650824 0.17707628 0.06521778 0.06589985 0.06535212
 0.03093162 0.03889887 0.04113325 0.01912093 0.02715292 0.02753021
 0.20571876 0.19891264 0.22731033 0.06753057 0.06556404 0.07101249
 0.03621049 0.0389443  0.05320619 0.02100268 0.030506   0.0280146
 0.18418013 0.17870123 0.26761391 0.05367057 0.05501177 0.06418318
 0.03407866 0.03279624 0.04186742 0.02532358 0.03004301 0.02917292
 0.09838676 0.067974   0.10151554 0.06622586 0.0643108  0.06234389
 0.03673575 0.04130368 0.05026503 0.01876037 0.0216057  0.02090628
 0.0939875  0.08597628 0.21545849 0.0617673  0.07054533 0.07980504
 0.02908809 0.03769418 0.04511045 0.02129034 0.02294654 0.02435565
 0.16365191 0.09345014 0.12702256 0.06298007 0.07428018 0.07262157
 0.03601775 0.03052578 0.03437283 0.02637227 0.02837293 0.03429968
 0.08804975 0.11851291 0.0996152  0.06014271 0.05115541 0.07809532
 0.03716107 0.03341159 0.05229514 0.02167016 0.02527095 0.03150604
 0.10204753 0.12075204 0.10319305 0.05919981 0.06829208 0.08773246
 0.03542926 0.03791156 0.04027038 0.02681421 0.02703175 0.02664441
 0.10141622 0.10611315 0.12389163 0.05820262 0.06635263 0.07393336
 0.03707647 0.04259321 0.04740486 0.0237844  0.02455554 0.03451352
 0.10731972 0.07916805 0.09258177 0.07119668 0.0675039  0.0626388
 0.04067755 0.0369616  0.03989837 0.02433316 0.0295441  0.02936647
 0.08336615 0.1067992  0.08947509 0.06248918 0.07012136 0.07166382
 0.03681533 0.03821658 0.04834135 0.01892816 0.02195065 0.02386224
 0.08569401 0.12816889 0.10480208 0.06418719 0.07167961 0.07282236
 0.03527099 0.04655776 0.03599549 0.02502909 0.02734464 0.0231195
 0.07947394 0.1227937  0.12559491 0.05288754 0.07427567 0.06079256
 0.03444519 0.04159945 0.04227662 0.02018847 0.0263941  0.02554056
 0.18193766 0.22017411 0.19221288 0.17725894 0.17787234 0.20168131
 0.14026998 0.18832854 0.15975571 0.16639844 0.18812185 0.19455674
 0.16757167 0.19804005 0.19222564 0.19047825 0.15635806 0.15648157
 0.19342671 0.19280446 0.20787328 0.17003092 0.18650824 0.17707628
 0.20571876 0.19891264 0.22731033 0.18418013 0.17870123 0.26761391
 0.09838676 0.067974   0.10151554 0.0939875  0.08597628 0.21545849
 0.16365191 0.09345014 0.12702256 0.08804975 0.11851291 0.0996152
 0.10204753 0.12075204 0.10319305 0.10141622 0.10611315 0.12389163
 0.10731972 0.07916805 0.09258177 0.08336615 0.1067992  0.08947509
 0.08569401 0.12816889 0.10480208 0.07947394 0.1227937  0.12559491]
Starting Shapiro-Wilk test...
Group: cpp
Shapiro-Wilk statistic: 0.867805091157865
P-value: 2.334441127927328e-15
The data is likely not normally distributed (reject H0).

Shapiro-Wilk test indicates non-normal distribution among groups. Running Welch's ANOVA and Kruskal-Wallis...
Group means: [np.float64(0.08461679352242311)]
Group variances: [np.float64(0.003783226608812175)]
Group sizes: [300]
Numerator: 0.0
Denominator: 1.261075536270725e-05
Degrees of freedom: 0.0033444816053511705
Kruskal requires at least two groups.
Welch's ANOVA statistic: 0.0, p-value: 1.0
Starting Shapiro-Wilk test...
Group: 0.05
Shapiro-Wilk statistic: 0.9339600301532294
P-value: 0.0029357992933375285
The data is likely not normally distributed (reject H0).

Group: 0.1
Shapiro-Wilk statistic: 0.9339600301532294
P-value: 0.0029357992933375285
The data is likely not normally distributed (reject H0).

Group: 0.25
Shapiro-Wilk statistic: 0.9853875764815462
P-value: 0.6901979995779899
The data is likely normally distributed (fail to reject H0).

Group: 0.5
Shapiro-Wilk statistic: 0.9446742601858411
P-value: 0.008814911067642503
The data is likely not normally distributed (reject H0).

Group: 1.0
Shapiro-Wilk statistic: 0.9922490980961344
P-value: 0.9687767760749396
The data is likely normally distributed (fail to reject H0).

Shapiro-Wilk test indicates non-normal distribution among groups. Running Welch's ANOVA and Kruskal-Wallis...
Group means: [np.float64(0.14760221349744773), np.float64(0.14760221349744773), np.float64(0.06638448253534061), np.float64(0.03725051612469143), np.float64(0.02424454195718799)]
Group variances: [np.float64(0.002335943935906022), np.float64(0.002335943935906022), np.float64(5.3977826978878546e-05), np.float64(3.255990109618601e-05), np.float64(1.9163739993179003e-05)]
Group sizes: [60, 60, 60, 60, 60]
Numerator: 268.6537491399811
Denominator: 7.96264889980048e-05
Degrees of freedom: 0.0847457627118644
Kruskal-Wallis H statistic: 269.9872056279895, p-value: 3.2102709226604773e-57
The test indicates a significant difference between the groups. Running post-hoc Dunn's test
Dunn's test results (adjusted p-values):
              0.05          0.10          0.25          0.50          1.00
0.05  1.000000e+00  1.000000e+00  2.339610e-07  1.886327e-20  1.722636e-38
0.10  1.000000e+00  1.000000e+00  2.339610e-07  1.886327e-20  1.722636e-38
0.25  2.339610e-07  2.339610e-07  1.000000e+00  8.626000e-04  3.900453e-13
0.50  1.886327e-20  1.886327e-20  8.626000e-04  1.000000e+00  2.748018e-03
1.00  1.722636e-38  1.722636e-38  3.900453e-13  2.748018e-03  1.000000e+00
Welch's ANOVA statistic: 3373924.337499205, p-value: 0.0
Component: client, Language: cpp, Interval: 0.05,  --->
Group: 0.05
[0.18193766 0.22017411 0.19221288 0.17725894 0.17787234 0.20168131
 0.14026998 0.18832854 0.15975571 0.16639844 0.18812185 0.19455674
 0.16757167 0.19804005 0.19222564 0.19047825 0.15635806 0.15648157
 0.19342671 0.19280446 0.20787328 0.17003092 0.18650824 0.17707628
 0.20571876 0.19891264 0.22731033 0.18418013 0.17870123 0.26761391
 0.09838676 0.067974   0.10151554 0.0939875  0.08597628 0.21545849
 0.16365191 0.09345014 0.12702256 0.08804975 0.11851291 0.0996152
 0.10204753 0.12075204 0.10319305 0.10141622 0.10611315 0.12389163
 0.10731972 0.07916805 0.09258177 0.08336615 0.1067992  0.08947509
 0.08569401 0.12816889 0.10480208 0.07947394 0.1227937  0.12559491]
Starting Shapiro-Wilk test...
Group: 0.05
Shapiro-Wilk statistic: 0.9339600301532294
P-value: 0.0029357992933375285
The data is likely not normally distributed (reject H0).

Shapiro-Wilk test indicates non-normal distribution among groups. Running Welch's ANOVA and Kruskal-Wallis...
Group means: [np.float64(0.14760221349744773)]
Group variances: [np.float64(0.002335943935906022)]
Group sizes: [60]
Numerator: 0.0
Denominator: 3.8932398931767035e-05
Degrees of freedom: 0.01694915254237288
Kruskal requires at least two groups.
Welch's ANOVA statistic: 0.0, p-value: 1.0
Starting Shapiro-Wilk test...
Group: 1
Shapiro-Wilk statistic: 0.867979056202084
P-value: 0.010828599700216228
The data is likely not normally distributed (reject H0).

Group: 2
Shapiro-Wilk statistic: 0.9177044024543858
P-value: 0.0895069749536742
The data is likely normally distributed (fail to reject H0).

Group: 3
Shapiro-Wilk statistic: 0.926437723531533
P-value: 0.13184598881827442
The data is likely normally distributed (fail to reject H0).

Shapiro-Wilk test indicates non-normal distribution among groups. Running Welch's ANOVA and Kruskal-Wallis...
Group means: [np.float64(0.1390332480486357), np.float64(0.1457764941816018), np.float64(0.15799689826210578)]
Group variances: [np.float64(0.002004458099391408), np.float64(0.00225762087633748), np.float64(0.002797104939726864)]
Group sizes: [20, 20, 20]
Numerator: 0.07673741154786082
Denominator: 0.0003529591957727876
Degrees of freedom: 0.15789473684210525
Kruskal-Wallis H statistic: 2.0472131147541006, p-value: 0.35929677619004385
The test indicates no significant difference between the groups.
Welch's ANOVA statistic: 217.41156617225357, p-value: 0.0
Component: client, Language: cpp, Interval: 0.05, Clients: 1 --->
Group: 1
[0.18193766 0.17725894 0.14026998 0.16639844 0.16757167 0.19047825
 0.19342671 0.17003092 0.20571876 0.18418013 0.09838676 0.0939875
 0.16365191 0.08804975 0.10204753 0.10141622 0.10731972 0.08336615
 0.08569401 0.07947394]
Starting Shapiro-Wilk test...
Group: 1
Shapiro-Wilk statistic: 0.867979056202084
P-value: 0.010828599700216228
The data is likely not normally distributed (reject H0).

Shapiro-Wilk test indicates non-normal distribution among groups. Running Welch's ANOVA and Kruskal-Wallis...
Group means: [np.float64(0.1390332480486357)]
Group variances: [np.float64(0.002004458099391408)]
Group sizes: [20]
Numerator: 0.0
Denominator: 0.00010022290496957041
Degrees of freedom: 0.05263157894736842
Kruskal requires at least two groups.
Welch's ANOVA statistic: 0.0, p-value: 1.0
Component: client, Language: cpp, Interval: 0.05, Clients: 2 --->
Group: 2
[0.22017411 0.17787234 0.18832854 0.18812185 0.19804005 0.15635806
 0.19280446 0.18650824 0.19891264 0.17870123 0.067974   0.08597628
 0.09345014 0.11851291 0.12075204 0.10611315 0.07916805 0.1067992
 0.12816889 0.1227937 ]
Starting Shapiro-Wilk test...
Group: 2
Shapiro-Wilk statistic: 0.9177044024543858
P-value: 0.0895069749536742
The data is likely normally distributed (fail to reject H0).

Component: client, Language: cpp, Interval: 0.05, Clients: 3 --->
Group: 3
[0.19221288 0.20168131 0.15975571 0.19455674 0.19222564 0.15648157
 0.20787328 0.17707628 0.22731033 0.26761391 0.10151554 0.21545849
 0.12702256 0.0996152  0.10319305 0.12389163 0.09258177 0.08947509
 0.10480208 0.12559491]
Starting Shapiro-Wilk test...
Group: 3
Shapiro-Wilk statistic: 0.926437723531533
P-value: 0.13184598881827442
The data is likely normally distributed (fail to reject H0).

Component: client, Language: cpp, Interval: 0.25,  --->
Group: 0.25
[0.05568493 0.06475365 0.06553611 0.05782734 0.06409386 0.07488479
 0.06308682 0.05810988 0.06970531 0.06383578 0.07570988 0.07108401
 0.0652759  0.06475899 0.08151    0.0538591  0.06349008 0.07422869
 0.05979728 0.07043693 0.07171213 0.06521778 0.06589985 0.06535212
 0.06753057 0.06556404 0.07101249 0.05367057 0.05501177 0.06418318
 0.06622586 0.0643108  0.06234389 0.0617673  0.07054533 0.07980504
 0.06298007 0.07428018 0.07262157 0.06014271 0.05115541 0.07809532
 0.05919981 0.06829208 0.08773246 0.05820262 0.06635263 0.07393336
 0.07119668 0.0675039  0.0626388  0.06248918 0.07012136 0.07166382
 0.06418719 0.07167961 0.07282236 0.05288754 0.07427567 0.06079256]
Starting Shapiro-Wilk test...
Group: 0.25
Shapiro-Wilk statistic: 0.9853875764815462
P-value: 0.6901979995779899
The data is likely normally distributed (fail to reject H0).

Starting Shapiro-Wilk test...
Group: 1
Shapiro-Wilk statistic: 0.9737906646074155
P-value: 0.8320109875244857
The data is likely normally distributed (fail to reject H0).

Group: 2
Shapiro-Wilk statistic: 0.9380386566555535
P-value: 0.22010641755853547
The data is likely normally distributed (fail to reject H0).

Group: 3
Shapiro-Wilk statistic: 0.9611549652329157
P-value: 0.5671736951862637
The data is likely normally distributed (fail to reject H0).

Levene's test for language cpp, msg_interval 0.25 and different num_clients.
Levene's test statistic: 0.4761633442643814, p-value: 0.6236104679077435
Levene's test indicates equal variances. Running ANOVA...
ANOVA test: p = 8.887498707618282e-06
ANOVA test rejects the null hypothesis. There is statistical difference among groups.)
Since ANOVA is significant we perform Tukey's HSD test...

Tukey's HSD Test Results:
Multiple Comparison of Means - Tukey HSD, FWER=0.05
==================================================
group1 group2 meandiff p-adj  lower  upper  reject
--------------------------------------------------
     1      2   0.0051 0.0293 0.0004 0.0097   True
     1      3   0.0103    0.0 0.0057  0.015   True
     2      3   0.0053 0.0224 0.0006 0.0099   True
--------------------------------------------------
Component: client, Language: cpp, Interval: 0.25, Clients: 1 --->
Group: 1
[0.05568493 0.05782734 0.06308682 0.06383578 0.0652759  0.0538591
 0.05979728 0.06521778 0.06753057 0.05367057 0.06622586 0.0617673
 0.06298007 0.06014271 0.05919981 0.05820262 0.07119668 0.06248918
 0.06418719 0.05288754]
Starting Shapiro-Wilk test...
Group: 1
Shapiro-Wilk statistic: 0.9737906646074155
P-value: 0.8320109875244857
The data is likely normally distributed (fail to reject H0).

Component: client, Language: cpp, Interval: 0.25, Clients: 2 --->
Group: 2
[0.06475365 0.06409386 0.05810988 0.07570988 0.06475899 0.06349008
 0.07043693 0.06589985 0.06556404 0.05501177 0.0643108  0.07054533
 0.07428018 0.05115541 0.06829208 0.06635263 0.0675039  0.07012136
 0.07167961 0.07427567]
Starting Shapiro-Wilk test...
Group: 2
Shapiro-Wilk statistic: 0.9380386566555535
P-value: 0.22010641755853547
The data is likely normally distributed (fail to reject H0).

Component: client, Language: cpp, Interval: 0.25, Clients: 3 --->
Group: 3
[0.06553611 0.07488479 0.06970531 0.07108401 0.08151    0.07422869
 0.07171213 0.06535212 0.07101249 0.06418318 0.06234389 0.07980504
 0.07262157 0.07809532 0.08773246 0.07393336 0.0626388  0.07166382
 0.07282236 0.06079256]
Starting Shapiro-Wilk test...
Group: 3
Shapiro-Wilk statistic: 0.9611549652329157
P-value: 0.5671736951862637
The data is likely normally distributed (fail to reject H0).

Component: client, Language: cpp, Interval: 0.1,  --->
Group: 0.1
[0.18193766 0.22017411 0.19221288 0.17725894 0.17787234 0.20168131
 0.14026998 0.18832854 0.15975571 0.16639844 0.18812185 0.19455674
 0.16757167 0.19804005 0.19222564 0.19047825 0.15635806 0.15648157
 0.19342671 0.19280446 0.20787328 0.17003092 0.18650824 0.17707628
 0.20571876 0.19891264 0.22731033 0.18418013 0.17870123 0.26761391
 0.09838676 0.067974   0.10151554 0.0939875  0.08597628 0.21545849
 0.16365191 0.09345014 0.12702256 0.08804975 0.11851291 0.0996152
 0.10204753 0.12075204 0.10319305 0.10141622 0.10611315 0.12389163
 0.10731972 0.07916805 0.09258177 0.08336615 0.1067992  0.08947509
 0.08569401 0.12816889 0.10480208 0.07947394 0.1227937  0.12559491]
Starting Shapiro-Wilk test...
Group: 0.1
Shapiro-Wilk statistic: 0.9339600301532294
P-value: 0.0029357992933375285
The data is likely not normally distributed (reject H0).

Shapiro-Wilk test indicates non-normal distribution among groups. Running Welch's ANOVA and Kruskal-Wallis...
Group means: [np.float64(0.14760221349744773)]
Group variances: [np.float64(0.002335943935906022)]
Group sizes: [60]
Numerator: 0.0
Denominator: 3.8932398931767035e-05
Degrees of freedom: 0.01694915254237288
Kruskal requires at least two groups.
Welch's ANOVA statistic: 0.0, p-value: 1.0
Starting Shapiro-Wilk test...
Group: 1
Shapiro-Wilk statistic: 0.867979056202084
P-value: 0.010828599700216228
The data is likely not normally distributed (reject H0).

Group: 2
Shapiro-Wilk statistic: 0.9177044024543858
P-value: 0.0895069749536742
The data is likely normally distributed (fail to reject H0).

Group: 3
Shapiro-Wilk statistic: 0.926437723531533
P-value: 0.13184598881827442
The data is likely normally distributed (fail to reject H0).

Shapiro-Wilk test indicates non-normal distribution among groups. Running Welch's ANOVA and Kruskal-Wallis...
Group means: [np.float64(0.1390332480486357), np.float64(0.1457764941816018), np.float64(0.15799689826210578)]
Group variances: [np.float64(0.002004458099391408), np.float64(0.00225762087633748), np.float64(0.002797104939726864)]
Group sizes: [20, 20, 20]
Numerator: 0.07673741154786082
Denominator: 0.0003529591957727876
Degrees of freedom: 0.15789473684210525
Kruskal-Wallis H statistic: 2.0472131147541006, p-value: 0.35929677619004385
The test indicates no significant difference between the groups.
Welch's ANOVA statistic: 217.41156617225357, p-value: 0.0
Component: client, Language: cpp, Interval: 0.1, Clients: 1 --->
Group: 1
[0.18193766 0.17725894 0.14026998 0.16639844 0.16757167 0.19047825
 0.19342671 0.17003092 0.20571876 0.18418013 0.09838676 0.0939875
 0.16365191 0.08804975 0.10204753 0.10141622 0.10731972 0.08336615
 0.08569401 0.07947394]
Starting Shapiro-Wilk test...
Group: 1
Shapiro-Wilk statistic: 0.867979056202084
P-value: 0.010828599700216228
The data is likely not normally distributed (reject H0).

Shapiro-Wilk test indicates non-normal distribution among groups. Running Welch's ANOVA and Kruskal-Wallis...
Group means: [np.float64(0.1390332480486357)]
Group variances: [np.float64(0.002004458099391408)]
Group sizes: [20]
Numerator: 0.0
Denominator: 0.00010022290496957041
Degrees of freedom: 0.05263157894736842
Kruskal requires at least two groups.
Welch's ANOVA statistic: 0.0, p-value: 1.0
Component: client, Language: cpp, Interval: 0.1, Clients: 2 --->
Group: 2
[0.22017411 0.17787234 0.18832854 0.18812185 0.19804005 0.15635806
 0.19280446 0.18650824 0.19891264 0.17870123 0.067974   0.08597628
 0.09345014 0.11851291 0.12075204 0.10611315 0.07916805 0.1067992
 0.12816889 0.1227937 ]
Starting Shapiro-Wilk test...
Group: 2
Shapiro-Wilk statistic: 0.9177044024543858
P-value: 0.0895069749536742
The data is likely normally distributed (fail to reject H0).

Component: client, Language: cpp, Interval: 0.1, Clients: 3 --->
Group: 3
[0.19221288 0.20168131 0.15975571 0.19455674 0.19222564 0.15648157
 0.20787328 0.17707628 0.22731033 0.26761391 0.10151554 0.21545849
 0.12702256 0.0996152  0.10319305 0.12389163 0.09258177 0.08947509
 0.10480208 0.12559491]
Starting Shapiro-Wilk test...
Group: 3
Shapiro-Wilk statistic: 0.926437723531533
P-value: 0.13184598881827442
The data is likely normally distributed (fail to reject H0).

Component: client, Language: cpp, Interval: 0.5,  --->
Group: 0.5
[0.03024761 0.02921201 0.03818934 0.03384742 0.03777639 0.0315248
 0.03507762 0.03658374 0.02848531 0.03286698 0.03512927 0.0373747
 0.02784723 0.03294506 0.0325206  0.03848462 0.03712907 0.03401746
 0.02956005 0.03065344 0.03576783 0.03093162 0.03889887 0.04113325
 0.03621049 0.0389443  0.05320619 0.03407866 0.03279624 0.04186742
 0.03673575 0.04130368 0.05026503 0.02908809 0.03769418 0.04511045
 0.03601775 0.03052578 0.03437283 0.03716107 0.03341159 0.05229514
 0.03542926 0.03791156 0.04027038 0.03707647 0.04259321 0.04740486
 0.04067755 0.0369616  0.03989837 0.03681533 0.03821658 0.04834135
 0.03527099 0.04655776 0.03599549 0.03444519 0.04159945 0.04227662]
Starting Shapiro-Wilk test...
Group: 0.5
Shapiro-Wilk statistic: 0.9446742601858411
P-value: 0.008814911067642503
The data is likely not normally distributed (reject H0).

Shapiro-Wilk test indicates non-normal distribution among groups. Running Welch's ANOVA and Kruskal-Wallis...
Group means: [np.float64(0.03725051612469143)]
Group variances: [np.float64(3.255990109618601e-05)]
Group sizes: [60]
Numerator: 0.0
Denominator: 5.426650182697668e-07
Degrees of freedom: 0.01694915254237288
Kruskal requires at least two groups.
Welch's ANOVA statistic: 0.0, p-value: 1.0
Starting Shapiro-Wilk test...
Group: 1
Shapiro-Wilk statistic: 0.9549751894793456
P-value: 0.4489374506076551
The data is likely normally distributed (fail to reject H0).

Group: 2
Shapiro-Wilk statistic: 0.9714459442311549
P-value: 0.7850791849558996
The data is likely normally distributed (fail to reject H0).

Group: 3
Shapiro-Wilk statistic: 0.9669848231033427
P-value: 0.690370602810685
The data is likely normally distributed (fail to reject H0).

Levene's test for language cpp, msg_interval 0.5 and different num_clients.
Levene's test statistic: 5.390226603399332, p-value: 0.007177216352929255
Levene's test indicates unequal variances. Running Welch's ANOVA and Kruskal-Wallis...
Group means: [np.float64(0.03439348789124435), np.float64(0.036842188729977736), np.float64(0.040515871752852206)]
Group variances: [np.float64(1.1418564484137425e-05), np.float64(1.926968629008793e-05), np.float64(5.0427348454616835e-05)]
Group sizes: [20, 20, 20]
Numerator: 0.9349505955247253
Denominator: 4.0557799614421095e-06
Degrees of freedom: 0.15789473684210525
Kruskal-Wallis H statistic: 9.538360655737705, p-value: 0.008487334140834735
The test indicates a significant difference between the groups. Running post-hoc Dunn's test
Dunn's test results (adjusted p-values):
          1         2         3
1  1.000000  0.237064  0.006247
2  0.237064  1.000000  0.558682
3  0.006247  0.558682  1.000000
Welch's ANOVA statistic: 230523.00776008712, p-value: 0.0
Component: client, Language: cpp, Interval: 0.5, Clients: 1 --->
Group: 1
[0.03024761 0.03384742 0.03507762 0.03286698 0.02784723 0.03848462
 0.02956005 0.03093162 0.03621049 0.03407866 0.03673575 0.02908809
 0.03601775 0.03716107 0.03542926 0.03707647 0.04067755 0.03681533
 0.03527099 0.03444519]
Starting Shapiro-Wilk test...
Group: 1
Shapiro-Wilk statistic: 0.9549751894793456
P-value: 0.4489374506076551
The data is likely normally distributed (fail to reject H0).

Component: client, Language: cpp, Interval: 0.5, Clients: 2 --->
Group: 2
[0.02921201 0.03777639 0.03658374 0.03512927 0.03294506 0.03712907
 0.03065344 0.03889887 0.0389443  0.03279624 0.04130368 0.03769418
 0.03052578 0.03341159 0.03791156 0.04259321 0.0369616  0.03821658
 0.04655776 0.04159945]
Starting Shapiro-Wilk test...
Group: 2
Shapiro-Wilk statistic: 0.9714459442311549
P-value: 0.7850791849558996
The data is likely normally distributed (fail to reject H0).

Component: client, Language: cpp, Interval: 0.5, Clients: 3 --->
Group: 3
[0.03818934 0.0315248  0.02848531 0.0373747  0.0325206  0.03401746
 0.03576783 0.04113325 0.05320619 0.04186742 0.05026503 0.04511045
 0.03437283 0.05229514 0.04027038 0.04740486 0.03989837 0.04834135
 0.03599549 0.04227662]
Starting Shapiro-Wilk test...
Group: 3
Shapiro-Wilk statistic: 0.9669848231033427
P-value: 0.690370602810685
The data is likely normally distributed (fail to reject H0).

Component: client, Language: cpp, Interval: 1.0,  --->
Group: 1.0
[0.02658419 0.02371375 0.02257989 0.02022621 0.0214608  0.02344937
 0.01811247 0.0256492  0.0241693  0.01982508 0.02520172 0.02868638
 0.01840128 0.02107729 0.02454936 0.02275656 0.02347462 0.02758357
 0.01581177 0.01229812 0.01489285 0.01912093 0.02715292 0.02753021
 0.02100268 0.030506   0.0280146  0.02532358 0.03004301 0.02917292
 0.01876037 0.0216057  0.02090628 0.02129034 0.02294654 0.02435565
 0.02637227 0.02837293 0.03429968 0.02167016 0.02527095 0.03150604
 0.02681421 0.02703175 0.02664441 0.0237844  0.02455554 0.03451352
 0.02433316 0.0295441  0.02936647 0.01892816 0.02195065 0.02386224
 0.02502909 0.02734464 0.0231195  0.02018847 0.0263941  0.02554056]
Starting Shapiro-Wilk test...
Group: 1.0
Shapiro-Wilk statistic: 0.9922490980961344
P-value: 0.9687767760749396
The data is likely normally distributed (fail to reject H0).

Starting Shapiro-Wilk test...
Group: 1
Shapiro-Wilk statistic: 0.9476291962005576
P-value: 0.3325314459447356
The data is likely normally distributed (fail to reject H0).

Group: 2
Shapiro-Wilk statistic: 0.902857696582693
P-value: 0.046667899569887206
The data is likely not normally distributed (reject H0).

Group: 3
Shapiro-Wilk statistic: 0.9623101375928265
P-value: 0.5909634412875349
The data is likely normally distributed (fail to reject H0).

Shapiro-Wilk test indicates non-normal distribution among groups. Running Welch's ANOVA and Kruskal-Wallis...
Group means: [np.float64(0.021716768595043852), np.float64(0.024779717241872785), np.float64(0.026237140034647322)]
Group variances: [np.float64(1.0445738704346208e-05), np.float64(1.694784445396688e-05), np.float64(2.0908032763666373e-05)]
Group sizes: [20, 20, 20]
Numerator: 0.8184982719387311
Denominator: 2.415080796098973e-06
Degrees of freedom: 0.15789473684210525
Kruskal-Wallis H statistic: 13.138032786885248, p-value: 0.0014031769075925342
The test indicates a significant difference between the groups. Running post-hoc Dunn's test
Dunn's test results (adjusted p-values):
          1         2         3
1  1.000000  0.021506  0.001685
2  0.021506  1.000000  1.000000
3  0.001685  1.000000  1.000000
Welch's ANOVA statistic: 338911.341293771, p-value: 0.0
Component: client, Language: cpp, Interval: 1.0, Clients: 1 --->
Group: 1
[0.02658419 0.02022621 0.01811247 0.01982508 0.01840128 0.02275656
 0.01581177 0.01912093 0.02100268 0.02532358 0.01876037 0.02129034
 0.02637227 0.02167016 0.02681421 0.0237844  0.02433316 0.01892816
 0.02502909 0.02018847]
Starting Shapiro-Wilk test...
Group: 1
Shapiro-Wilk statistic: 0.9476291962005576
P-value: 0.3325314459447356
The data is likely normally distributed (fail to reject H0).

Component: client, Language: cpp, Interval: 1.0, Clients: 2 --->
Group: 2
[0.02371375 0.0214608  0.0256492  0.02520172 0.02107729 0.02347462
 0.01229812 0.02715292 0.030506   0.03004301 0.0216057  0.02294654
 0.02837293 0.02527095 0.02703175 0.02455554 0.0295441  0.02195065
 0.02734464 0.0263941 ]
Starting Shapiro-Wilk test...
Group: 2
Shapiro-Wilk statistic: 0.902857696582693
P-value: 0.046667899569887206
The data is likely not normally distributed (reject H0).

Shapiro-Wilk test indicates non-normal distribution among groups. Running Welch's ANOVA and Kruskal-Wallis...
Group means: [np.float64(0.024779717241872785)]
Group variances: [np.float64(1.694784445396688e-05)]
Group sizes: [20]
Numerator: 0.0
Denominator: 8.473922226983439e-07
Degrees of freedom: 0.05263157894736842
Kruskal requires at least two groups.
Welch's ANOVA statistic: 0.0, p-value: 1.0
Component: client, Language: cpp, Interval: 1.0, Clients: 3 --->
Group: 3
[0.02257989 0.02344937 0.0241693  0.02868638 0.02454936 0.02758357
 0.01489285 0.02753021 0.0280146  0.02917292 0.02090628 0.02435565
 0.03429968 0.03150604 0.02664441 0.03451352 0.02936647 0.02386224
 0.0231195  0.02554056]
Starting Shapiro-Wilk test...
Group: 3
Shapiro-Wilk statistic: 0.9623101375928265
P-value: 0.5909634412875349
The data is likely normally distributed (fail to reject H0).

Starting Shapiro-Wilk test...
Group: 1
Shapiro-Wilk statistic: 0.8523307191232987
P-value: 1.4473160879593454e-08
The data is likely not normally distributed (reject H0).

Group: 2
Shapiro-Wilk statistic: 0.8550529981856299
P-value: 1.8310637430703228e-08
The data is likely not normally distributed (reject H0).

Group: 3
Shapiro-Wilk statistic: 0.870912322967587
P-value: 7.631466226436611e-08
The data is likely not normally distributed (reject H0).

Shapiro-Wilk test indicates non-normal distribution among groups. Running Welch's ANOVA and Kruskal-Wallis...
Group means: [np.float64(0.0790860009092371), np.float64(0.08389843782578353), np.float64(0.09086594183224865)]
Group variances: [np.float64(0.0033628782527748914), np.float64(0.0036439158567320626), np.float64(0.004348448318688235)]
Group sizes: [100, 100, 100]
Numerator: 0.018218532253468808
Denominator: 0.00011355242428195188
Degrees of freedom: 0.030303030303030304
Kruskal-Wallis H statistic: 2.616531897446511, p-value: 0.2702883440980631
The test indicates no significant difference between the groups.
Welch's ANOVA statistic: 160.44159663409738, p-value: 0.0
Component: client, Clients: 1, Language: cpp --->
Group: 1
[0.18193766 0.05568493 0.03024761 0.02658419 0.17725894 0.05782734
 0.03384742 0.02022621 0.14026998 0.06308682 0.03507762 0.01811247
 0.16639844 0.06383578 0.03286698 0.01982508 0.16757167 0.0652759
 0.02784723 0.01840128 0.19047825 0.0538591  0.03848462 0.02275656
 0.19342671 0.05979728 0.02956005 0.01581177 0.17003092 0.06521778
 0.03093162 0.01912093 0.20571876 0.06753057 0.03621049 0.02100268
 0.18418013 0.05367057 0.03407866 0.02532358 0.09838676 0.06622586
 0.03673575 0.01876037 0.0939875  0.0617673  0.02908809 0.02129034
 0.16365191 0.06298007 0.03601775 0.02637227 0.08804975 0.06014271
 0.03716107 0.02167016 0.10204753 0.05919981 0.03542926 0.02681421
 0.10141622 0.05820262 0.03707647 0.0237844  0.10731972 0.07119668
 0.04067755 0.02433316 0.08336615 0.06248918 0.03681533 0.01892816
 0.08569401 0.06418719 0.03527099 0.02502909 0.07947394 0.05288754
 0.03444519 0.02018847 0.18193766 0.17725894 0.14026998 0.16639844
 0.16757167 0.19047825 0.19342671 0.17003092 0.20571876 0.18418013
 0.09838676 0.0939875  0.16365191 0.08804975 0.10204753 0.10141622
 0.10731972 0.08336615 0.08569401 0.07947394]
Starting Shapiro-Wilk test...
Group: 1
Shapiro-Wilk statistic: 0.8523307191232987
P-value: 1.4473160879593454e-08
The data is likely not normally distributed (reject H0).

Shapiro-Wilk test indicates non-normal distribution among groups. Running Welch's ANOVA and Kruskal-Wallis...
Group means: [np.float64(0.0790860009092371)]
Group variances: [np.float64(0.0033628782527748914)]
Group sizes: [100]
Numerator: 0.0
Denominator: 3.3628782527748916e-05
Degrees of freedom: 0.010101010101010102
Kruskal requires at least two groups.
Welch's ANOVA statistic: 0.0, p-value: 1.0
Starting Shapiro-Wilk test...
Group: 0.05
Shapiro-Wilk statistic: 0.867979056202084
P-value: 0.010828599700216228
The data is likely not normally distributed (reject H0).

Group: 0.1
Shapiro-Wilk statistic: 0.867979056202084
P-value: 0.010828599700216228
The data is likely not normally distributed (reject H0).

Group: 0.25
Shapiro-Wilk statistic: 0.9737906646074155
P-value: 0.8320109875244857
The data is likely normally distributed (fail to reject H0).

Group: 0.5
Shapiro-Wilk statistic: 0.9549751894793456
P-value: 0.4489374506076551
The data is likely normally distributed (fail to reject H0).

Group: 1.0
Shapiro-Wilk statistic: 0.9476291962005576
P-value: 0.3325314459447356
The data is likely normally distributed (fail to reject H0).

Shapiro-Wilk test indicates non-normal distribution among groups. Running Welch's ANOVA and Kruskal-Wallis...
Group means: [np.float64(0.1390332480486357), np.float64(0.1390332480486357), np.float64(0.06125325196262603), np.float64(0.03439348789124435), np.float64(0.021716768595043852)]
Group variances: [np.float64(0.002004458099391408), np.float64(0.002004458099391408), np.float64(2.4215288423719584e-05), np.float64(1.1418564484137425e-05), np.float64(1.0445738704346208e-05)]
Group sizes: [20, 20, 20, 20, 20]
Numerator: 506.7242551146688
Denominator: 0.000202749789519751
Degrees of freedom: 0.2631578947368421
Kruskal-Wallis H statistic: 90.3078677309008, p-value: 1.1326726381369652e-18
The test indicates a significant difference between the groups. Running post-hoc Dunn's test
Dunn's test results (adjusted p-values):
              0.05          0.10      0.25          0.50          1.00
0.05  1.000000e+00  1.000000e+00  0.010746  5.026507e-07  2.338118e-13
0.10  1.000000e+00  1.000000e+00  0.010746  5.026507e-07  2.338118e-13
0.25  1.074631e-02  1.074631e-02  1.000000  2.924649e-01  1.298865e-04
0.50  5.026507e-07  5.026507e-07  0.292465  1.000000e+00  2.924649e-01
1.00  2.338118e-13  2.338118e-13  0.000130  2.924649e-01  1.000000e+00
Welch's ANOVA statistic: 2499259.093264341, p-value: 0.0
Component: client, Clients: 2, Language: cpp --->
Group: 2
[0.22017411 0.06475365 0.02921201 0.02371375 0.17787234 0.06409386
 0.03777639 0.0214608  0.18832854 0.05810988 0.03658374 0.0256492
 0.18812185 0.07570988 0.03512927 0.02520172 0.19804005 0.06475899
 0.03294506 0.02107729 0.15635806 0.06349008 0.03712907 0.02347462
 0.19280446 0.07043693 0.03065344 0.01229812 0.18650824 0.06589985
 0.03889887 0.02715292 0.19891264 0.06556404 0.0389443  0.030506
 0.17870123 0.05501177 0.03279624 0.03004301 0.067974   0.0643108
 0.04130368 0.0216057  0.08597628 0.07054533 0.03769418 0.02294654
 0.09345014 0.07428018 0.03052578 0.02837293 0.11851291 0.05115541
 0.03341159 0.02527095 0.12075204 0.06829208 0.03791156 0.02703175
 0.10611315 0.06635263 0.04259321 0.02455554 0.07916805 0.0675039
 0.0369616  0.0295441  0.1067992  0.07012136 0.03821658 0.02195065
 0.12816889 0.07167961 0.04655776 0.02734464 0.1227937  0.07427567
 0.04159945 0.0263941  0.22017411 0.17787234 0.18832854 0.18812185
 0.19804005 0.15635806 0.19280446 0.18650824 0.19891264 0.17870123
 0.067974   0.08597628 0.09345014 0.11851291 0.12075204 0.10611315
 0.07916805 0.1067992  0.12816889 0.1227937 ]
Starting Shapiro-Wilk test...
Group: 2
Shapiro-Wilk statistic: 0.8550529981856299
P-value: 1.8310637430703228e-08
The data is likely not normally distributed (reject H0).

Shapiro-Wilk test indicates non-normal distribution among groups. Running Welch's ANOVA and Kruskal-Wallis...
Group means: [np.float64(0.08389843782578353)]
Group variances: [np.float64(0.0036439158567320626)]
Group sizes: [100]
Numerator: 0.0
Denominator: 3.6439158567320625e-05
Degrees of freedom: 0.010101010101010102
Kruskal requires at least two groups.
Welch's ANOVA statistic: 0.0, p-value: 1.0
Component: client, Clients: 3, Language: cpp --->
Group: 3
[0.19221288 0.06553611 0.03818934 0.02257989 0.20168131 0.07488479
 0.0315248  0.02344937 0.15975571 0.06970531 0.02848531 0.0241693
 0.19455674 0.07108401 0.0373747  0.02868638 0.19222564 0.08151
 0.0325206  0.02454936 0.15648157 0.07422869 0.03401746 0.02758357
 0.20787328 0.07171213 0.03576783 0.01489285 0.17707628 0.06535212
 0.04113325 0.02753021 0.22731033 0.07101249 0.05320619 0.0280146
 0.26761391 0.06418318 0.04186742 0.02917292 0.10151554 0.06234389
 0.05026503 0.02090628 0.21545849 0.07980504 0.04511045 0.02435565
 0.12702256 0.07262157 0.03437283 0.03429968 0.0996152  0.07809532
 0.05229514 0.03150604 0.10319305 0.08773246 0.04027038 0.02664441
 0.12389163 0.07393336 0.04740486 0.03451352 0.09258177 0.0626388
 0.03989837 0.02936647 0.08947509 0.07166382 0.04834135 0.02386224
 0.10480208 0.07282236 0.03599549 0.0231195  0.12559491 0.06079256
 0.04227662 0.02554056 0.19221288 0.20168131 0.15975571 0.19455674
 0.19222564 0.15648157 0.20787328 0.17707628 0.22731033 0.26761391
 0.10151554 0.21545849 0.12702256 0.0996152  0.10319305 0.12389163
 0.09258177 0.08947509 0.10480208 0.12559491]
Starting Shapiro-Wilk test...
Group: 3
Shapiro-Wilk statistic: 0.870912322967587
P-value: 7.631466226436611e-08
The data is likely not normally distributed (reject H0).

Shapiro-Wilk test indicates non-normal distribution among groups. Running Welch's ANOVA and Kruskal-Wallis...
Group means: [np.float64(0.09086594183224865)]
Group variances: [np.float64(0.004348448318688235)]
Group sizes: [100]
Numerator: 0.0
Denominator: 4.348448318688235e-05
Degrees of freedom: 0.010101010101010102
Kruskal requires at least two groups.
Welch's ANOVA statistic: 0.0, p-value: 1.0
Component: client, Language: py --->
Group: py
[0.61838123 0.75968008 0.74116166 0.25860618 0.25312141 0.26980671
 0.12192328 0.13301572 0.1510308  0.07355677 0.08412777 0.08299777
 0.92386208 0.6873696  0.80044444 0.29031216 0.28113082 0.23928249
 0.13690736 0.13798733 0.13801718 0.07481914 0.07308675 0.084252
 0.77602679 0.70481919 0.64323961 0.27433665 0.27182467 0.29025385
 0.13533311 0.13059395 0.15819904 0.07716518 0.07549225 0.07890765
 0.80239719 0.65881384 0.74527041 0.26007915 0.25514422 0.2628076
 0.13522702 0.13939747 0.14353423 0.07296559 0.06715736 0.07429467
 0.74814004 0.70485471 0.68567289 0.2506363  0.25377463 0.26038385
 0.11810416 0.13664922 0.15317771 0.08788374 0.07762737 0.07336905
 0.81519983 0.70292643 0.64278079 0.24420632 0.26268175 0.24238537
 0.14012481 0.16351507 0.13818242 0.07488983 0.0769984  0.07208388
 0.75134538 0.7478359  0.74926755 0.27921757 0.27824814 0.29885507
 0.14177258 0.12782747 0.12597665 0.06402666 0.07804409 0.06110971
 0.74952022 0.70440717 0.76823755 0.30990696 0.25141468 0.27222898
 0.14850666 0.14904979 0.14890204 0.08772659 0.08369729 0.0887777
 0.82730769 0.78093881 0.73520619 0.28133967 0.2978874  0.29244545
 0.15844564 0.15195017 0.16288062 0.07837462 0.08664312 0.08187661
 0.78129786 0.75004309 0.74752103 0.29156383 0.28117345 0.28249431
 0.13473127 0.14247027 0.14970682 0.08188689 0.07939361 0.0914582
 0.80922095 0.53396489 0.46364319 0.34348262 0.27246263 0.27150251
 0.14780009 0.16421304 0.17132714 0.08203584 0.07886401 0.09063599
 0.3478064  0.48719187 0.40634774 0.26204321 0.29753774 0.27281782
 0.14497911 0.14233453 0.14766128 0.0840284  0.08318167 0.08791815
 0.77180288 0.52493584 0.88497127 0.32326099 0.26699963 0.29432717
 0.14603274 0.15268916 0.14391694 0.07922662 0.08250577 0.08680244
 0.51214145 0.48259571 0.45373941 0.29087093 0.29182509 0.31257528
 0.14699984 0.14814033 0.15264487 0.09338037 0.08774514 0.0896421
 0.42253455 0.64173012 0.59628517 0.29545579 0.28270884 0.28877685
 0.15192637 0.15303537 0.15450822 0.10237471 0.08386849 0.07569769
 0.54195845 0.49160773 0.43325211 0.28192389 0.27263356 0.28234273
 0.14068761 0.16380637 0.17770723 0.07806746 0.10463045 0.09024058
 0.46050519 0.52231399 0.41608712 0.26167228 0.2661552  0.28688135
 0.14729691 0.16662015 0.16938518 0.08438139 0.07745729 0.08642566
 0.37565056 0.3418222  0.56152039 0.24737307 0.25795699 0.30076317
 0.14640471 0.14228689 0.14781572 0.07342075 0.0840114  0.08571722
 0.37625076 0.52603959 0.61847222 0.27952747 0.25843135 0.28156522
 0.14617494 0.14449097 0.15511644 0.07891884 0.08003911 0.08544296
 0.36688108 0.41781444 0.42726067 0.2697393  0.27132221 0.28115716
 0.14715538 0.14271053 0.14776386 0.09258451 0.0768199  0.0836406
 0.61838123 0.75968008 0.74116166 0.92386208 0.6873696  0.80044444
 0.77602679 0.70481919 0.64323961 0.80239719 0.65881384 0.74527041
 0.74814004 0.70485471 0.68567289 0.81519983 0.70292643 0.64278079
 0.75134538 0.7478359  0.74926755 0.74952022 0.70440717 0.76823755
 0.82730769 0.78093881 0.73520619 0.78129786 0.75004309 0.74752103
 0.80922095 0.53396489 0.46364319 0.3478064  0.48719187 0.40634774
 0.77180288 0.52493584 0.88497127 0.51214145 0.48259571 0.45373941
 0.42253455 0.64173012 0.59628517 0.54195845 0.49160773 0.43325211
 0.46050519 0.52231399 0.41608712 0.37565056 0.3418222  0.56152039
 0.37625076 0.52603959 0.61847222 0.36688108 0.41781444 0.42726067]
Starting Shapiro-Wilk test...
Group: py
Shapiro-Wilk statistic: 0.8754516373478913
P-value: 7.038151846656422e-15
The data is likely not normally distributed (reject H0).

Shapiro-Wilk test indicates non-normal distribution among groups. Running Welch's ANOVA and Kruskal-Wallis...
Group means: [np.float64(0.3508181454911422)]
Group variances: [np.float64(0.06385693722881794)]
Group sizes: [300]
Numerator: 0.0
Denominator: 0.00021285645742939312
Degrees of freedom: 0.0033444816053511705
Kruskal requires at least two groups.
Welch's ANOVA statistic: 0.0, p-value: 1.0
Starting Shapiro-Wilk test...
Group: 0.05
Shapiro-Wilk statistic: 0.936280933276242
P-value: 0.003705898970405249
The data is likely not normally distributed (reject H0).

Group: 0.1
Shapiro-Wilk statistic: 0.936280933276242
P-value: 0.003705898970405249
The data is likely not normally distributed (reject H0).

Group: 0.25
Shapiro-Wilk statistic: 0.970521883843074
P-value: 0.1547569421860851
The data is likely normally distributed (fail to reject H0).

Group: 0.5
Shapiro-Wilk statistic: 0.9832924584030898
P-value: 0.5822312491404568
The data is likely normally distributed (fail to reject H0).

Group: 1.0
Shapiro-Wilk statistic: 0.9752104247928112
P-value: 0.2601567793196627
The data is likely normally distributed (fail to reject H0).

Shapiro-Wilk test indicates non-normal distribution among groups. Running Welch's ANOVA and Kruskal-Wallis...
Group means: [np.float64(0.6245052867746773), np.float64(0.6245052867746773), np.float64(0.2767273614642674), np.float64(0.14677952954192072), np.float64(0.0815732629001683)]
Group variances: [np.float64(0.024513020785669047), np.float64(0.024513020785669047), np.float64(0.0003999948920154978), np.float64(0.00013603792109669703), np.float64(6.208836614322942e-05)]
Group sizes: [60, 60, 60, 60, 60]
Numerator: 1493.4404526068665
Denominator: 0.0008270693791765586
Degrees of freedom: 0.0847457627118644
Kruskal-Wallis H statistic: 272.646837989373, p-value: 8.575036634238987e-58
The test indicates a significant difference between the groups. Running post-hoc Dunn's test
Dunn's test results (adjusted p-values):
              0.05          0.10          0.25          0.50          1.00
0.05  1.000000e+00  1.000000e+00  1.350753e-07  2.796514e-20  4.027582e-39
0.10  1.000000e+00  1.000000e+00  1.350753e-07  2.796514e-20  4.027582e-39
0.25  1.350753e-07  1.350753e-07  1.000000e+00  1.503114e-03  3.482177e-13
0.50  2.796514e-20  2.796514e-20  1.503114e-03  1.000000e+00  1.515903e-03
1.00  4.027582e-39  4.027582e-39  3.482177e-13  1.515903e-03  1.000000e+00
Welch's ANOVA statistic: 1805701.5411376443, p-value: 0.0
Component: client, Language: py, Interval: 0.05,  --->
Group: 0.05
[0.61838123 0.75968008 0.74116166 0.92386208 0.6873696  0.80044444
 0.77602679 0.70481919 0.64323961 0.80239719 0.65881384 0.74527041
 0.74814004 0.70485471 0.68567289 0.81519983 0.70292643 0.64278079
 0.75134538 0.7478359  0.74926755 0.74952022 0.70440717 0.76823755
 0.82730769 0.78093881 0.73520619 0.78129786 0.75004309 0.74752103
 0.80922095 0.53396489 0.46364319 0.3478064  0.48719187 0.40634774
 0.77180288 0.52493584 0.88497127 0.51214145 0.48259571 0.45373941
 0.42253455 0.64173012 0.59628517 0.54195845 0.49160773 0.43325211
 0.46050519 0.52231399 0.41608712 0.37565056 0.3418222  0.56152039
 0.37625076 0.52603959 0.61847222 0.36688108 0.41781444 0.42726067]
Starting Shapiro-Wilk test...
Group: 0.05
Shapiro-Wilk statistic: 0.936280933276242
P-value: 0.003705898970405249
The data is likely not normally distributed (reject H0).

Shapiro-Wilk test indicates non-normal distribution among groups. Running Welch's ANOVA and Kruskal-Wallis...
Group means: [np.float64(0.6245052867746773)]
Group variances: [np.float64(0.024513020785669047)]
Group sizes: [60]
Numerator: 0.0
Denominator: 0.00040855034642781746
Degrees of freedom: 0.01694915254237288
Kruskal requires at least two groups.
Welch's ANOVA statistic: 0.0, p-value: 1.0
Starting Shapiro-Wilk test...
Group: 1
Shapiro-Wilk statistic: 0.868875814396925
P-value: 0.011227236822805747
The data is likely not normally distributed (reject H0).

Group: 2
Shapiro-Wilk statistic: 0.914365631929613
P-value: 0.07723120506735173
The data is likely normally distributed (fail to reject H0).

Group: 3
Shapiro-Wilk statistic: 0.9163982694079733
P-value: 0.08448331340962195
The data is likely normally distributed (fail to reject H0).

Shapiro-Wilk test indicates non-normal distribution among groups. Running Welch's ANOVA and Kruskal-Wallis...
Group means: [np.float64(0.6389115299062675), np.float64(0.6085852603622136), np.float64(0.6260190700555509)]
Group variances: [np.float64(0.03676953135528917), np.float64(0.01668669606185057), np.float64(0.022175491209978356)]
Group sizes: [20, 20, 20]
Numerator: 0.020936260814100386
Denominator: 0.0037815859313559044
Degrees of freedom: 0.15789473684210525
Kruskal-Wallis H statistic: 1.2108196721311515, p-value: 0.5458506714997788
The test indicates no significant difference between the groups.
Welch's ANOVA statistic: 5.536370505428022, p-value: 0.0015941067694217326
Component: client, Language: py, Interval: 0.05, Clients: 1 --->
Group: 1
[0.61838123 0.92386208 0.77602679 0.80239719 0.74814004 0.81519983
 0.75134538 0.74952022 0.82730769 0.78129786 0.80922095 0.3478064
 0.77180288 0.51214145 0.42253455 0.54195845 0.46050519 0.37565056
 0.37625076 0.36688108]
Starting Shapiro-Wilk test...
Group: 1
Shapiro-Wilk statistic: 0.868875814396925
P-value: 0.011227236822805747
The data is likely not normally distributed (reject H0).

Shapiro-Wilk test indicates non-normal distribution among groups. Running Welch's ANOVA and Kruskal-Wallis...
Group means: [np.float64(0.6389115299062675)]
Group variances: [np.float64(0.03676953135528917)]
Group sizes: [20]
Numerator: 0.0
Denominator: 0.0018384765677644584
Degrees of freedom: 0.05263157894736842
Kruskal requires at least two groups.
Welch's ANOVA statistic: 0.0, p-value: 1.0
Component: client, Language: py, Interval: 0.05, Clients: 2 --->
Group: 2
[0.75968008 0.6873696  0.70481919 0.65881384 0.70485471 0.70292643
 0.7478359  0.70440717 0.78093881 0.75004309 0.53396489 0.48719187
 0.52493584 0.48259571 0.64173012 0.49160773 0.52231399 0.3418222
 0.52603959 0.41781444]
Starting Shapiro-Wilk test...
Group: 2
Shapiro-Wilk statistic: 0.914365631929613
P-value: 0.07723120506735173
The data is likely normally distributed (fail to reject H0).

Component: client, Language: py, Interval: 0.05, Clients: 3 --->
Group: 3
[0.74116166 0.80044444 0.64323961 0.74527041 0.68567289 0.64278079
 0.74926755 0.76823755 0.73520619 0.74752103 0.46364319 0.40634774
 0.88497127 0.45373941 0.59628517 0.43325211 0.41608712 0.56152039
 0.61847222 0.42726067]
Starting Shapiro-Wilk test...
Group: 3
Shapiro-Wilk statistic: 0.9163982694079733
P-value: 0.08448331340962195
The data is likely normally distributed (fail to reject H0).

Component: client, Language: py, Interval: 0.25,  --->
Group: 0.25
[0.25860618 0.25312141 0.26980671 0.29031216 0.28113082 0.23928249
 0.27433665 0.27182467 0.29025385 0.26007915 0.25514422 0.2628076
 0.2506363  0.25377463 0.26038385 0.24420632 0.26268175 0.24238537
 0.27921757 0.27824814 0.29885507 0.30990696 0.25141468 0.27222898
 0.28133967 0.2978874  0.29244545 0.29156383 0.28117345 0.28249431
 0.34348262 0.27246263 0.27150251 0.26204321 0.29753774 0.27281782
 0.32326099 0.26699963 0.29432717 0.29087093 0.29182509 0.31257528
 0.29545579 0.28270884 0.28877685 0.28192389 0.27263356 0.28234273
 0.26167228 0.2661552  0.28688135 0.24737307 0.25795699 0.30076317
 0.27952747 0.25843135 0.28156522 0.2697393  0.27132221 0.28115716]
Starting Shapiro-Wilk test...
Group: 0.25
Shapiro-Wilk statistic: 0.970521883843074
P-value: 0.1547569421860851
The data is likely normally distributed (fail to reject H0).

Starting Shapiro-Wilk test...
Group: 1
Shapiro-Wilk statistic: 0.9426423991415738
P-value: 0.2688680767998136
The data is likely normally distributed (fail to reject H0).

Group: 2
Shapiro-Wilk statistic: 0.9417574857547184
P-value: 0.2587852249038434
The data is likely normally distributed (fail to reject H0).

Group: 3
Shapiro-Wilk statistic: 0.9617819183262737
P-value: 0.5800320714886285
The data is likely normally distributed (fail to reject H0).

Levene's test for language py, msg_interval 0.25 and different num_clients.
Levene's test statistic: 1.8192862580599791, p-value: 0.17143037212576717
Levene's test indicates equal variances. Running ANOVA...
ANOVA test: p = 0.3248634475690182
ANOVA test fails to reject the null hypothesis. There is not statistical difference among groups.)
Component: client, Language: py, Interval: 0.25, Clients: 1 --->
Group: 1
[0.25860618 0.29031216 0.27433665 0.26007915 0.2506363  0.24420632
 0.27921757 0.30990696 0.28133967 0.29156383 0.34348262 0.26204321
 0.32326099 0.29087093 0.29545579 0.28192389 0.26167228 0.24737307
 0.27952747 0.2697393 ]
Starting Shapiro-Wilk test...
Group: 1
Shapiro-Wilk statistic: 0.9426423991415738
P-value: 0.2688680767998136
The data is likely normally distributed (fail to reject H0).

Component: client, Language: py, Interval: 0.25, Clients: 2 --->
Group: 2
[0.25312141 0.28113082 0.27182467 0.25514422 0.25377463 0.26268175
 0.27824814 0.25141468 0.2978874  0.28117345 0.27246263 0.29753774
 0.26699963 0.29182509 0.28270884 0.27263356 0.2661552  0.25795699
 0.25843135 0.27132221]
Starting Shapiro-Wilk test...
Group: 2
Shapiro-Wilk statistic: 0.9417574857547184
P-value: 0.2587852249038434
The data is likely normally distributed (fail to reject H0).

Component: client, Language: py, Interval: 0.25, Clients: 3 --->
Group: 3
[0.26980671 0.23928249 0.29025385 0.2628076  0.26038385 0.24238537
 0.29885507 0.27222898 0.29244545 0.28249431 0.27150251 0.27281782
 0.29432717 0.31257528 0.28877685 0.28234273 0.28688135 0.30076317
 0.28156522 0.28115716]
Starting Shapiro-Wilk test...
Group: 3
Shapiro-Wilk statistic: 0.9617819183262737
P-value: 0.5800320714886285
The data is likely normally distributed (fail to reject H0).

Component: client, Language: py, Interval: 0.1,  --->
Group: 0.1
[0.61838123 0.75968008 0.74116166 0.92386208 0.6873696  0.80044444
 0.77602679 0.70481919 0.64323961 0.80239719 0.65881384 0.74527041
 0.74814004 0.70485471 0.68567289 0.81519983 0.70292643 0.64278079
 0.75134538 0.7478359  0.74926755 0.74952022 0.70440717 0.76823755
 0.82730769 0.78093881 0.73520619 0.78129786 0.75004309 0.74752103
 0.80922095 0.53396489 0.46364319 0.3478064  0.48719187 0.40634774
 0.77180288 0.52493584 0.88497127 0.51214145 0.48259571 0.45373941
 0.42253455 0.64173012 0.59628517 0.54195845 0.49160773 0.43325211
 0.46050519 0.52231399 0.41608712 0.37565056 0.3418222  0.56152039
 0.37625076 0.52603959 0.61847222 0.36688108 0.41781444 0.42726067]
Starting Shapiro-Wilk test...
Group: 0.1
Shapiro-Wilk statistic: 0.936280933276242
P-value: 0.003705898970405249
The data is likely not normally distributed (reject H0).

Shapiro-Wilk test indicates non-normal distribution among groups. Running Welch's ANOVA and Kruskal-Wallis...
Group means: [np.float64(0.6245052867746773)]
Group variances: [np.float64(0.024513020785669047)]
Group sizes: [60]
Numerator: 0.0
Denominator: 0.00040855034642781746
Degrees of freedom: 0.01694915254237288
Kruskal requires at least two groups.
Welch's ANOVA statistic: 0.0, p-value: 1.0
Starting Shapiro-Wilk test...
Group: 1
Shapiro-Wilk statistic: 0.868875814396925
P-value: 0.011227236822805747
The data is likely not normally distributed (reject H0).

Group: 2
Shapiro-Wilk statistic: 0.914365631929613
P-value: 0.07723120506735173
The data is likely normally distributed (fail to reject H0).

Group: 3
Shapiro-Wilk statistic: 0.9163982694079733
P-value: 0.08448331340962195
The data is likely normally distributed (fail to reject H0).

Shapiro-Wilk test indicates non-normal distribution among groups. Running Welch's ANOVA and Kruskal-Wallis...
Group means: [np.float64(0.6389115299062675), np.float64(0.6085852603622136), np.float64(0.6260190700555509)]
Group variances: [np.float64(0.03676953135528917), np.float64(0.01668669606185057), np.float64(0.022175491209978356)]
Group sizes: [20, 20, 20]
Numerator: 0.020936260814100386
Denominator: 0.0037815859313559044
Degrees of freedom: 0.15789473684210525
Kruskal-Wallis H statistic: 1.2108196721311515, p-value: 0.5458506714997788
The test indicates no significant difference between the groups.
Welch's ANOVA statistic: 5.536370505428022, p-value: 0.0015941067694217326
Component: client, Language: py, Interval: 0.1, Clients: 1 --->
Group: 1
[0.61838123 0.92386208 0.77602679 0.80239719 0.74814004 0.81519983
 0.75134538 0.74952022 0.82730769 0.78129786 0.80922095 0.3478064
 0.77180288 0.51214145 0.42253455 0.54195845 0.46050519 0.37565056
 0.37625076 0.36688108]
Starting Shapiro-Wilk test...
Group: 1
Shapiro-Wilk statistic: 0.868875814396925
P-value: 0.011227236822805747
The data is likely not normally distributed (reject H0).

Shapiro-Wilk test indicates non-normal distribution among groups. Running Welch's ANOVA and Kruskal-Wallis...
Group means: [np.float64(0.6389115299062675)]
Group variances: [np.float64(0.03676953135528917)]
Group sizes: [20]
Numerator: 0.0
Denominator: 0.0018384765677644584
Degrees of freedom: 0.05263157894736842
Kruskal requires at least two groups.
Welch's ANOVA statistic: 0.0, p-value: 1.0
Component: client, Language: py, Interval: 0.1, Clients: 2 --->
Group: 2
[0.75968008 0.6873696  0.70481919 0.65881384 0.70485471 0.70292643
 0.7478359  0.70440717 0.78093881 0.75004309 0.53396489 0.48719187
 0.52493584 0.48259571 0.64173012 0.49160773 0.52231399 0.3418222
 0.52603959 0.41781444]
Starting Shapiro-Wilk test...
Group: 2
Shapiro-Wilk statistic: 0.914365631929613
P-value: 0.07723120506735173
The data is likely normally distributed (fail to reject H0).

Component: client, Language: py, Interval: 0.1, Clients: 3 --->
Group: 3
[0.74116166 0.80044444 0.64323961 0.74527041 0.68567289 0.64278079
 0.74926755 0.76823755 0.73520619 0.74752103 0.46364319 0.40634774
 0.88497127 0.45373941 0.59628517 0.43325211 0.41608712 0.56152039
 0.61847222 0.42726067]
Starting Shapiro-Wilk test...
Group: 3
Shapiro-Wilk statistic: 0.9163982694079733
P-value: 0.08448331340962195
The data is likely normally distributed (fail to reject H0).

Component: client, Language: py, Interval: 0.5,  --->
Group: 0.5
[0.12192328 0.13301572 0.1510308  0.13690736 0.13798733 0.13801718
 0.13533311 0.13059395 0.15819904 0.13522702 0.13939747 0.14353423
 0.11810416 0.13664922 0.15317771 0.14012481 0.16351507 0.13818242
 0.14177258 0.12782747 0.12597665 0.14850666 0.14904979 0.14890204
 0.15844564 0.15195017 0.16288062 0.13473127 0.14247027 0.14970682
 0.14780009 0.16421304 0.17132714 0.14497911 0.14233453 0.14766128
 0.14603274 0.15268916 0.14391694 0.14699984 0.14814033 0.15264487
 0.15192637 0.15303537 0.15450822 0.14068761 0.16380637 0.17770723
 0.14729691 0.16662015 0.16938518 0.14640471 0.14228689 0.14781572
 0.14617494 0.14449097 0.15511644 0.14715538 0.14271053 0.14776386]
Starting Shapiro-Wilk test...
Group: 0.5
Shapiro-Wilk statistic: 0.9832924584030898
P-value: 0.5822312491404568
The data is likely normally distributed (fail to reject H0).

Starting Shapiro-Wilk test...
Group: 1
Shapiro-Wilk statistic: 0.9033713715473496
P-value: 0.04772014469413586
The data is likely not normally distributed (reject H0).

Group: 2
Shapiro-Wilk statistic: 0.9480015698615377
P-value: 0.337771442862622
The data is likely normally distributed (fail to reject H0).

Group: 3
Shapiro-Wilk statistic: 0.966853110429734
P-value: 0.6875356237001787
The data is likely normally distributed (fail to reject H0).

Shapiro-Wilk test indicates non-normal distribution among groups. Running Welch's ANOVA and Kruskal-Wallis...
Group means: [np.float64(0.14182667945075036), np.float64(0.14663919024053987), np.float64(0.15187271893447196)]
Group variances: [np.float64(9.128622001666155e-05), np.float64(0.00013159465867030944), np.float64(0.00014640424752538793)]
Group sizes: [20, 20, 20]
Numerator: 0.4460574536643098
Denominator: 1.8464256310617947e-05
Degrees of freedom: 0.15789473684210525
Kruskal-Wallis H statistic: 8.188524590163922, p-value: 0.016668037842069553
The test indicates a significant difference between the groups. Running post-hoc Dunn's test
Dunn's test results (adjusted p-values):
          1         2         3
1  1.000000  0.664859  0.013039
2  0.664859  1.000000  0.309531
3  0.013039  0.309531  1.000000
Welch's ANOVA statistic: 24157.888959102165, p-value: 0.0
Component: client, Language: py, Interval: 0.5, Clients: 1 --->
Group: 1
[0.12192328 0.13690736 0.13533311 0.13522702 0.11810416 0.14012481
 0.14177258 0.14850666 0.15844564 0.13473127 0.14780009 0.14497911
 0.14603274 0.14699984 0.15192637 0.14068761 0.14729691 0.14640471
 0.14617494 0.14715538]
Starting Shapiro-Wilk test...
Group: 1
Shapiro-Wilk statistic: 0.9033713715473496
P-value: 0.04772014469413586
The data is likely not normally distributed (reject H0).

Shapiro-Wilk test indicates non-normal distribution among groups. Running Welch's ANOVA and Kruskal-Wallis...
Group means: [np.float64(0.14182667945075036)]
Group variances: [np.float64(9.128622001666155e-05)]
Group sizes: [20]
Numerator: 0.0
Denominator: 4.564311000833078e-06
Degrees of freedom: 0.05263157894736842
Kruskal requires at least two groups.
Welch's ANOVA statistic: 0.0, p-value: 1.0
Component: client, Language: py, Interval: 0.5, Clients: 2 --->
Group: 2
[0.13301572 0.13798733 0.13059395 0.13939747 0.13664922 0.16351507
 0.12782747 0.14904979 0.15195017 0.14247027 0.16421304 0.14233453
 0.15268916 0.14814033 0.15303537 0.16380637 0.16662015 0.14228689
 0.14449097 0.14271053]
Starting Shapiro-Wilk test...
Group: 2
Shapiro-Wilk statistic: 0.9480015698615377
P-value: 0.337771442862622
The data is likely normally distributed (fail to reject H0).

Component: client, Language: py, Interval: 0.5, Clients: 3 --->
Group: 3
[0.1510308  0.13801718 0.15819904 0.14353423 0.15317771 0.13818242
 0.12597665 0.14890204 0.16288062 0.14970682 0.17132714 0.14766128
 0.14391694 0.15264487 0.15450822 0.17770723 0.16938518 0.14781572
 0.15511644 0.14776386]
Starting Shapiro-Wilk test...
Group: 3
Shapiro-Wilk statistic: 0.966853110429734
P-value: 0.6875356237001787
The data is likely normally distributed (fail to reject H0).

Component: client, Language: py, Interval: 1.0,  --->
Group: 1.0
[0.07355677 0.08412777 0.08299777 0.07481914 0.07308675 0.084252
 0.07716518 0.07549225 0.07890765 0.07296559 0.06715736 0.07429467
 0.08788374 0.07762737 0.07336905 0.07488983 0.0769984  0.07208388
 0.06402666 0.07804409 0.06110971 0.08772659 0.08369729 0.0887777
 0.07837462 0.08664312 0.08187661 0.08188689 0.07939361 0.0914582
 0.08203584 0.07886401 0.09063599 0.0840284  0.08318167 0.08791815
 0.07922662 0.08250577 0.08680244 0.09338037 0.08774514 0.0896421
 0.10237471 0.08386849 0.07569769 0.07806746 0.10463045 0.09024058
 0.08438139 0.07745729 0.08642566 0.07342075 0.0840114  0.08571722
 0.07891884 0.08003911 0.08544296 0.09258451 0.0768199  0.0836406 ]
Starting Shapiro-Wilk test...
Group: 1.0
Shapiro-Wilk statistic: 0.9752104247928112
P-value: 0.2601567793196627
The data is likely normally distributed (fail to reject H0).

Starting Shapiro-Wilk test...
Group: 1
Shapiro-Wilk statistic: 0.9613900600524974
P-value: 0.571979928230685
The data is likely normally distributed (fail to reject H0).

Group: 2
Shapiro-Wilk statistic: 0.8696028396272124
P-value: 0.011561816996087526
The data is likely not normally distributed (reject H0).

Group: 3
Shapiro-Wilk statistic: 0.8885525457676873
P-value: 0.025296502793543674
The data is likely not normally distributed (reject H0).

Shapiro-Wilk test indicates non-normal distribution among groups. Running Welch's ANOVA and Kruskal-Wallis...
Group means: [np.float64(0.08108569552058086), np.float64(0.08106956244197094), np.float64(0.08256453073795308)]
Group variances: [np.float64(7.56846113132794e-05), np.float64(5.4516540153846176e-05), np.float64(6.104793494874211e-05)]
Group sizes: [20, 20, 20]
Numerator: 0.023890591907813466
Denominator: 9.562454320793386e-06
Degrees of freedom: 0.15789473684210525
Kruskal-Wallis H statistic: 1.91606557377051, p-value: 0.3836468592518521
The test indicates no significant difference between the groups.
Welch's ANOVA statistic: 2498.37448696239, p-value: 0.0
Component: client, Language: py, Interval: 1.0, Clients: 1 --->
Group: 1
[0.07355677 0.07481914 0.07716518 0.07296559 0.08788374 0.07488983
 0.06402666 0.08772659 0.07837462 0.08188689 0.08203584 0.0840284
 0.07922662 0.09338037 0.10237471 0.07806746 0.08438139 0.07342075
 0.07891884 0.09258451]
Starting Shapiro-Wilk test...
Group: 1
Shapiro-Wilk statistic: 0.9613900600524974
P-value: 0.571979928230685
The data is likely normally distributed (fail to reject H0).

Component: client, Language: py, Interval: 1.0, Clients: 2 --->
Group: 2
[0.08412777 0.07308675 0.07549225 0.06715736 0.07762737 0.0769984
 0.07804409 0.08369729 0.08664312 0.07939361 0.07886401 0.08318167
 0.08250577 0.08774514 0.08386849 0.10463045 0.07745729 0.0840114
 0.08003911 0.0768199 ]
Starting Shapiro-Wilk test...
Group: 2
Shapiro-Wilk statistic: 0.8696028396272124
P-value: 0.011561816996087526
The data is likely not normally distributed (reject H0).

Shapiro-Wilk test indicates non-normal distribution among groups. Running Welch's ANOVA and Kruskal-Wallis...
Group means: [np.float64(0.08106956244197094)]
Group variances: [np.float64(5.4516540153846176e-05)]
Group sizes: [20]
Numerator: 0.0
Denominator: 2.725827007692309e-06
Degrees of freedom: 0.05263157894736842
Kruskal requires at least two groups.
Welch's ANOVA statistic: 0.0, p-value: 1.0
Component: client, Language: py, Interval: 1.0, Clients: 3 --->
Group: 3
[0.08299777 0.084252   0.07890765 0.07429467 0.07336905 0.07208388
 0.06110971 0.0887777  0.08187661 0.0914582  0.09063599 0.08791815
 0.08680244 0.0896421  0.07569769 0.09024058 0.08642566 0.08571722
 0.08544296 0.0836406 ]
Starting Shapiro-Wilk test...
Group: 3
Shapiro-Wilk statistic: 0.8885525457676873
P-value: 0.025296502793543674
The data is likely not normally distributed (reject H0).

Shapiro-Wilk test indicates non-normal distribution among groups. Running Welch's ANOVA and Kruskal-Wallis...
Group means: [np.float64(0.08256453073795308)]
Group variances: [np.float64(6.104793494874211e-05)]
Group sizes: [20]
Numerator: 0.0
Denominator: 3.0523967474371054e-06
Degrees of freedom: 0.05263157894736842
Kruskal requires at least two groups.
Welch's ANOVA statistic: 0.0, p-value: 1.0
Starting Shapiro-Wilk test...
Group: 1
Shapiro-Wilk statistic: 0.8522485524930644
P-value: 1.4371389814569606e-08
The data is likely not normally distributed (reject H0).

Group: 2
Shapiro-Wilk statistic: 0.8692799654366606
P-value: 6.557374056219333e-08
The data is likely not normally distributed (reject H0).

Group: 3
Shapiro-Wilk statistic: 0.8790618689445884
P-value: 1.6566606030548654e-07
The data is likely not normally distributed (reject H0).

Shapiro-Wilk test indicates non-normal distribution among groups. Running Welch's ANOVA and Kruskal-Wallis...
Group means: [np.float64(0.35610263025257877), np.float64(0.34322019894915157), np.float64(0.3531316072716963)]
Group variances: [np.float64(0.07231703036768934), np.float64(0.057670112572439175), np.float64(0.06278178194664596)]
Group sizes: [100, 100, 100]
Numerator: 0.0014724245493916563
Denominator: 0.0019276892488677448
Degrees of freedom: 0.030303030303030304
Kruskal-Wallis H statistic: 0.27987349912994186, p-value: 0.8694132244244124
The test indicates no significant difference between the groups.
Welch's ANOVA statistic: 0.7638287915215097, p-value: 0.011172010173086444
Component: client, Clients: 1, Language: py --->
Group: 1
[0.61838123 0.25860618 0.12192328 0.07355677 0.92386208 0.29031216
 0.13690736 0.07481914 0.77602679 0.27433665 0.13533311 0.07716518
 0.80239719 0.26007915 0.13522702 0.07296559 0.74814004 0.2506363
 0.11810416 0.08788374 0.81519983 0.24420632 0.14012481 0.07488983
 0.75134538 0.27921757 0.14177258 0.06402666 0.74952022 0.30990696
 0.14850666 0.08772659 0.82730769 0.28133967 0.15844564 0.07837462
 0.78129786 0.29156383 0.13473127 0.08188689 0.80922095 0.34348262
 0.14780009 0.08203584 0.3478064  0.26204321 0.14497911 0.0840284
 0.77180288 0.32326099 0.14603274 0.07922662 0.51214145 0.29087093
 0.14699984 0.09338037 0.42253455 0.29545579 0.15192637 0.10237471
 0.54195845 0.28192389 0.14068761 0.07806746 0.46050519 0.26167228
 0.14729691 0.08438139 0.37565056 0.24737307 0.14640471 0.07342075
 0.37625076 0.27952747 0.14617494 0.07891884 0.36688108 0.2697393
 0.14715538 0.09258451 0.61838123 0.92386208 0.77602679 0.80239719
 0.74814004 0.81519983 0.75134538 0.74952022 0.82730769 0.78129786
 0.80922095 0.3478064  0.77180288 0.51214145 0.42253455 0.54195845
 0.46050519 0.37565056 0.37625076 0.36688108]
Starting Shapiro-Wilk test...
Group: 1
Shapiro-Wilk statistic: 0.8522485524930644
P-value: 1.4371389814569606e-08
The data is likely not normally distributed (reject H0).

Shapiro-Wilk test indicates non-normal distribution among groups. Running Welch's ANOVA and Kruskal-Wallis...
Group means: [np.float64(0.35610263025257877)]
Group variances: [np.float64(0.07231703036768934)]
Group sizes: [100]
Numerator: 0.0
Denominator: 0.0007231703036768934
Degrees of freedom: 0.010101010101010102
Kruskal requires at least two groups.
Welch's ANOVA statistic: 0.0, p-value: 1.0
Starting Shapiro-Wilk test...
Group: 0.05
Shapiro-Wilk statistic: 0.868875814396925
P-value: 0.011227236822805747
The data is likely not normally distributed (reject H0).

Group: 0.1
Shapiro-Wilk statistic: 0.868875814396925
P-value: 0.011227236822805747
The data is likely not normally distributed (reject H0).

Group: 0.25
Shapiro-Wilk statistic: 0.9426423991415738
P-value: 0.2688680767998136
The data is likely normally distributed (fail to reject H0).

Group: 0.5
Shapiro-Wilk statistic: 0.9033713715473496
P-value: 0.04772014469413586
The data is likely not normally distributed (reject H0).

Group: 1.0
Shapiro-Wilk statistic: 0.9613900600524974
P-value: 0.571979928230685
The data is likely normally distributed (fail to reject H0).

Shapiro-Wilk test indicates non-normal distribution among groups. Running Welch's ANOVA and Kruskal-Wallis...
Group means: [np.float64(0.6389115299062675), np.float64(0.6389115299062675), np.float64(0.27977771647902794), np.float64(0.14182667945075036), np.float64(0.08108569552058086)]
Group variances: [np.float64(0.03676953135528917), np.float64(0.03676953135528917), np.float64(0.0006450853311971754), np.float64(9.128622001666155e-05), np.float64(7.56846113132794e-05)]
Group sizes: [20, 20, 20, 20, 20]
Numerator: 1515.685890871433
Denominator: 0.0037175559436552724
Degrees of freedom: 0.2631578947368421
Kruskal-Wallis H statistic: 90.3078677309008, p-value: 1.1326726381369652e-18
The test indicates a significant difference between the groups. Running post-hoc Dunn's test
Dunn's test results (adjusted p-values):
              0.05          0.10      0.25          0.50          1.00
0.05  1.000000e+00  1.000000e+00  0.010746  5.026507e-07  2.338118e-13
0.10  1.000000e+00  1.000000e+00  0.010746  5.026507e-07  2.338118e-13
0.25  1.074631e-02  1.074631e-02  1.000000  2.924649e-01  1.298865e-04
0.50  5.026507e-07  5.026507e-07  0.292465  1.000000e+00  2.924649e-01
1.00  2.338118e-13  2.338118e-13  0.000130  2.924649e-01  1.000000e+00
Welch's ANOVA statistic: 407710.3112485083, p-value: 0.0
Component: client, Clients: 2, Language: py --->
Group: 2
[0.75968008 0.25312141 0.13301572 0.08412777 0.6873696  0.28113082
 0.13798733 0.07308675 0.70481919 0.27182467 0.13059395 0.07549225
 0.65881384 0.25514422 0.13939747 0.06715736 0.70485471 0.25377463
 0.13664922 0.07762737 0.70292643 0.26268175 0.16351507 0.0769984
 0.7478359  0.27824814 0.12782747 0.07804409 0.70440717 0.25141468
 0.14904979 0.08369729 0.78093881 0.2978874  0.15195017 0.08664312
 0.75004309 0.28117345 0.14247027 0.07939361 0.53396489 0.27246263
 0.16421304 0.07886401 0.48719187 0.29753774 0.14233453 0.08318167
 0.52493584 0.26699963 0.15268916 0.08250577 0.48259571 0.29182509
 0.14814033 0.08774514 0.64173012 0.28270884 0.15303537 0.08386849
 0.49160773 0.27263356 0.16380637 0.10463045 0.52231399 0.2661552
 0.16662015 0.07745729 0.3418222  0.25795699 0.14228689 0.0840114
 0.52603959 0.25843135 0.14449097 0.08003911 0.41781444 0.27132221
 0.14271053 0.0768199  0.75968008 0.6873696  0.70481919 0.65881384
 0.70485471 0.70292643 0.7478359  0.70440717 0.78093881 0.75004309
 0.53396489 0.48719187 0.52493584 0.48259571 0.64173012 0.49160773
 0.52231399 0.3418222  0.52603959 0.41781444]
Starting Shapiro-Wilk test...
Group: 2
Shapiro-Wilk statistic: 0.8692799654366606
P-value: 6.557374056219333e-08
The data is likely not normally distributed (reject H0).

Shapiro-Wilk test indicates non-normal distribution among groups. Running Welch's ANOVA and Kruskal-Wallis...
Group means: [np.float64(0.34322019894915157)]
Group variances: [np.float64(0.057670112572439175)]
Group sizes: [100]
Numerator: 0.0
Denominator: 0.0005767011257243917
Degrees of freedom: 0.010101010101010102
Kruskal requires at least two groups.
Welch's ANOVA statistic: 0.0, p-value: 1.0
Component: client, Clients: 3, Language: py --->
Group: 3
[0.74116166 0.26980671 0.1510308  0.08299777 0.80044444 0.23928249
 0.13801718 0.084252   0.64323961 0.29025385 0.15819904 0.07890765
 0.74527041 0.2628076  0.14353423 0.07429467 0.68567289 0.26038385
 0.15317771 0.07336905 0.64278079 0.24238537 0.13818242 0.07208388
 0.74926755 0.29885507 0.12597665 0.06110971 0.76823755 0.27222898
 0.14890204 0.0887777  0.73520619 0.29244545 0.16288062 0.08187661
 0.74752103 0.28249431 0.14970682 0.0914582  0.46364319 0.27150251
 0.17132714 0.09063599 0.40634774 0.27281782 0.14766128 0.08791815
 0.88497127 0.29432717 0.14391694 0.08680244 0.45373941 0.31257528
 0.15264487 0.0896421  0.59628517 0.28877685 0.15450822 0.07569769
 0.43325211 0.28234273 0.17770723 0.09024058 0.41608712 0.28688135
 0.16938518 0.08642566 0.56152039 0.30076317 0.14781572 0.08571722
 0.61847222 0.28156522 0.15511644 0.08544296 0.42726067 0.28115716
 0.14776386 0.0836406  0.74116166 0.80044444 0.64323961 0.74527041
 0.68567289 0.64278079 0.74926755 0.76823755 0.73520619 0.74752103
 0.46364319 0.40634774 0.88497127 0.45373941 0.59628517 0.43325211
 0.41608712 0.56152039 0.61847222 0.42726067]
Starting Shapiro-Wilk test...
Group: 3
Shapiro-Wilk statistic: 0.8790618689445884
P-value: 1.6566606030548654e-07
The data is likely not normally distributed (reject H0).

Shapiro-Wilk test indicates non-normal distribution among groups. Running Welch's ANOVA and Kruskal-Wallis...
Group means: [np.float64(0.3531316072716963)]
Group variances: [np.float64(0.06278178194664596)]
Group sizes: [100]
Numerator: 0.0
Denominator: 0.0006278178194664597
Degrees of freedom: 0.010101010101010102
Kruskal requires at least two groups.
Welch's ANOVA statistic: 0.0, p-value: 1.0
Starting Shapiro-Wilk test...
Group: 0.05
Shapiro-Wilk statistic: 0.868875814396925
P-value: 0.011227236822805747
The data is likely not normally distributed (reject H0).

Group: 0.1
Shapiro-Wilk statistic: 0.868875814396925
P-value: 0.011227236822805747
The data is likely not normally distributed (reject H0).

Group: 0.25
Shapiro-Wilk statistic: 0.9426423991415738
P-value: 0.2688680767998136
The data is likely normally distributed (fail to reject H0).

Group: 0.5
Shapiro-Wilk statistic: 0.9033713715473496
P-value: 0.04772014469413586
The data is likely not normally distributed (reject H0).

Group: 1.0
Shapiro-Wilk statistic: 0.9613900600524974
P-value: 0.571979928230685
The data is likely normally distributed (fail to reject H0).

Shapiro-Wilk test indicates non-normal distribution among groups. Running Welch's ANOVA and Kruskal-Wallis...
Group means: [np.float64(0.6389115299062675), np.float64(0.6389115299062675), np.float64(0.27977771647902794), np.float64(0.14182667945075036), np.float64(0.08108569552058086)]
Group variances: [np.float64(0.03676953135528917), np.float64(0.03676953135528917), np.float64(0.0006450853311971754), np.float64(9.128622001666155e-05), np.float64(7.56846113132794e-05)]
Group sizes: [20, 20, 20, 20, 20]
Numerator: 1515.685890871433
Denominator: 0.0037175559436552724
Degrees of freedom: 0.2631578947368421
Kruskal-Wallis H statistic: 90.3078677309008, p-value: 1.1326726381369652e-18
The test indicates a significant difference between the groups. Running post-hoc Dunn's test
Dunn's test results (adjusted p-values):
              0.05          0.10      0.25          0.50          1.00
0.05  1.000000e+00  1.000000e+00  0.010746  5.026507e-07  2.338118e-13
0.10  1.000000e+00  1.000000e+00  0.010746  5.026507e-07  2.338118e-13
0.25  1.074631e-02  1.074631e-02  1.000000  2.924649e-01  1.298865e-04
0.50  5.026507e-07  5.026507e-07  0.292465  1.000000e+00  2.924649e-01
1.00  2.338118e-13  2.338118e-13  0.000130  2.924649e-01  1.000000e+00
Welch's ANOVA statistic: 407710.3112485083, p-value: 0.0
Component: client, Num clients: 1 --->
Group: 1
[0.61838123 0.18193766 0.25860618 0.05568493 0.12192328 0.03024761
 0.07355677 0.02658419 0.92386208 0.17725894 0.29031216 0.05782734
 0.13690736 0.03384742 0.07481914 0.02022621 0.77602679 0.14026998
 0.27433665 0.06308682 0.13533311 0.03507762 0.07716518 0.01811247
 0.80239719 0.16639844 0.26007915 0.06383578 0.13522702 0.03286698
 0.07296559 0.01982508 0.74814004 0.16757167 0.2506363  0.0652759
 0.11810416 0.02784723 0.08788374 0.01840128 0.81519983 0.19047825
 0.24420632 0.0538591  0.14012481 0.03848462 0.07488983 0.02275656
 0.75134538 0.19342671 0.27921757 0.05979728 0.14177258 0.02956005
 0.06402666 0.01581177 0.74952022 0.17003092 0.30990696 0.06521778
 0.14850666 0.03093162 0.08772659 0.01912093 0.82730769 0.20571876
 0.28133967 0.06753057 0.15844564 0.03621049 0.07837462 0.02100268
 0.78129786 0.18418013 0.29156383 0.05367057 0.13473127 0.03407866
 0.08188689 0.02532358 0.80922095 0.09838676 0.34348262 0.06622586
 0.14780009 0.03673575 0.08203584 0.01876037 0.3478064  0.0939875
 0.26204321 0.0617673  0.14497911 0.02908809 0.0840284  0.02129034
 0.77180288 0.16365191 0.32326099 0.06298007 0.14603274 0.03601775
 0.07922662 0.02637227 0.51214145 0.08804975 0.29087093 0.06014271
 0.14699984 0.03716107 0.09338037 0.02167016 0.42253455 0.10204753
 0.29545579 0.05919981 0.15192637 0.03542926 0.10237471 0.02681421
 0.54195845 0.10141622 0.28192389 0.05820262 0.14068761 0.03707647
 0.07806746 0.0237844  0.46050519 0.10731972 0.26167228 0.07119668
 0.14729691 0.04067755 0.08438139 0.02433316 0.37565056 0.08336615
 0.24737307 0.06248918 0.14640471 0.03681533 0.07342075 0.01892816
 0.37625076 0.08569401 0.27952747 0.06418719 0.14617494 0.03527099
 0.07891884 0.02502909 0.36688108 0.07947394 0.2697393  0.05288754
 0.14715538 0.03444519 0.09258451 0.02018847 0.61838123 0.18193766
 0.92386208 0.17725894 0.77602679 0.14026998 0.80239719 0.16639844
 0.74814004 0.16757167 0.81519983 0.19047825 0.75134538 0.19342671
 0.74952022 0.17003092 0.82730769 0.20571876 0.78129786 0.18418013
 0.80922095 0.09838676 0.3478064  0.0939875  0.77180288 0.16365191
 0.51214145 0.08804975 0.42253455 0.10204753 0.54195845 0.10141622
 0.46050519 0.10731972 0.37565056 0.08336615 0.37625076 0.08569401
 0.36688108 0.07947394]
Starting Shapiro-Wilk test...
Group: 1
Shapiro-Wilk statistic: 0.7510218037329438
P-value: 4.50619350293982e-17
The data is likely not normally distributed (reject H0).

Shapiro-Wilk test indicates non-normal distribution among groups. Running Welch's ANOVA and Kruskal-Wallis...
Group means: [np.float64(0.217594315580908)]
Group variances: [np.float64(0.0569307618093632)]
Group sizes: [200]
Numerator: 0.0
Denominator: 0.000284653809046816
Degrees of freedom: 0.005025125628140704
Kruskal requires at least two groups.
Welch's ANOVA statistic: 0.0, p-value: 1.0
Component: client, Num clients: 2 --->
Group: 2
[0.75968008 0.22017411 0.25312141 0.06475365 0.13301572 0.02921201
 0.08412777 0.02371375 0.6873696  0.17787234 0.28113082 0.06409386
 0.13798733 0.03777639 0.07308675 0.0214608  0.70481919 0.18832854
 0.27182467 0.05810988 0.13059395 0.03658374 0.07549225 0.0256492
 0.65881384 0.18812185 0.25514422 0.07570988 0.13939747 0.03512927
 0.06715736 0.02520172 0.70485471 0.19804005 0.25377463 0.06475899
 0.13664922 0.03294506 0.07762737 0.02107729 0.70292643 0.15635806
 0.26268175 0.06349008 0.16351507 0.03712907 0.0769984  0.02347462
 0.7478359  0.19280446 0.27824814 0.07043693 0.12782747 0.03065344
 0.07804409 0.01229812 0.70440717 0.18650824 0.25141468 0.06589985
 0.14904979 0.03889887 0.08369729 0.02715292 0.78093881 0.19891264
 0.2978874  0.06556404 0.15195017 0.0389443  0.08664312 0.030506
 0.75004309 0.17870123 0.28117345 0.05501177 0.14247027 0.03279624
 0.07939361 0.03004301 0.53396489 0.067974   0.27246263 0.0643108
 0.16421304 0.04130368 0.07886401 0.0216057  0.48719187 0.08597628
 0.29753774 0.07054533 0.14233453 0.03769418 0.08318167 0.02294654
 0.52493584 0.09345014 0.26699963 0.07428018 0.15268916 0.03052578
 0.08250577 0.02837293 0.48259571 0.11851291 0.29182509 0.05115541
 0.14814033 0.03341159 0.08774514 0.02527095 0.64173012 0.12075204
 0.28270884 0.06829208 0.15303537 0.03791156 0.08386849 0.02703175
 0.49160773 0.10611315 0.27263356 0.06635263 0.16380637 0.04259321
 0.10463045 0.02455554 0.52231399 0.07916805 0.2661552  0.0675039
 0.16662015 0.0369616  0.07745729 0.0295441  0.3418222  0.1067992
 0.25795699 0.07012136 0.14228689 0.03821658 0.0840114  0.02195065
 0.52603959 0.12816889 0.25843135 0.07167961 0.14449097 0.04655776
 0.08003911 0.02734464 0.41781444 0.1227937  0.27132221 0.07427567
 0.14271053 0.04159945 0.0768199  0.0263941  0.75968008 0.22017411
 0.6873696  0.17787234 0.70481919 0.18832854 0.65881384 0.18812185
 0.70485471 0.19804005 0.70292643 0.15635806 0.7478359  0.19280446
 0.70440717 0.18650824 0.78093881 0.19891264 0.75004309 0.17870123
 0.53396489 0.067974   0.48719187 0.08597628 0.52493584 0.09345014
 0.48259571 0.11851291 0.64173012 0.12075204 0.49160773 0.10611315
 0.52231399 0.07916805 0.3418222  0.1067992  0.52603959 0.12816889
 0.41781444 0.1227937 ]
Starting Shapiro-Wilk test...
Group: 2
Shapiro-Wilk statistic: 0.7788595422856359
P-value: 4.3363620660537816e-16
The data is likely not normally distributed (reject H0).

Shapiro-Wilk test indicates non-normal distribution among groups. Running Welch's ANOVA and Kruskal-Wallis...
Group means: [np.float64(0.21355931838746753)]
Group variances: [np.float64(0.04739938494519703)]
Group sizes: [200]
Numerator: 0.0
Denominator: 0.00023699692472598514
Degrees of freedom: 0.005025125628140704
Kruskal requires at least two groups.
Welch's ANOVA statistic: 0.0, p-value: 1.0
Component: client, Num clients: 3 --->
Group: 3
[0.74116166 0.19221288 0.26980671 0.06553611 0.1510308  0.03818934
 0.08299777 0.02257989 0.80044444 0.20168131 0.23928249 0.07488479
 0.13801718 0.0315248  0.084252   0.02344937 0.64323961 0.15975571
 0.29025385 0.06970531 0.15819904 0.02848531 0.07890765 0.0241693
 0.74527041 0.19455674 0.2628076  0.07108401 0.14353423 0.0373747
 0.07429467 0.02868638 0.68567289 0.19222564 0.26038385 0.08151
 0.15317771 0.0325206  0.07336905 0.02454936 0.64278079 0.15648157
 0.24238537 0.07422869 0.13818242 0.03401746 0.07208388 0.02758357
 0.74926755 0.20787328 0.29885507 0.07171213 0.12597665 0.03576783
 0.06110971 0.01489285 0.76823755 0.17707628 0.27222898 0.06535212
 0.14890204 0.04113325 0.0887777  0.02753021 0.73520619 0.22731033
 0.29244545 0.07101249 0.16288062 0.05320619 0.08187661 0.0280146
 0.74752103 0.26761391 0.28249431 0.06418318 0.14970682 0.04186742
 0.0914582  0.02917292 0.46364319 0.10151554 0.27150251 0.06234389
 0.17132714 0.05026503 0.09063599 0.02090628 0.40634774 0.21545849
 0.27281782 0.07980504 0.14766128 0.04511045 0.08791815 0.02435565
 0.88497127 0.12702256 0.29432717 0.07262157 0.14391694 0.03437283
 0.08680244 0.03429968 0.45373941 0.0996152  0.31257528 0.07809532
 0.15264487 0.05229514 0.0896421  0.03150604 0.59628517 0.10319305
 0.28877685 0.08773246 0.15450822 0.04027038 0.07569769 0.02664441
 0.43325211 0.12389163 0.28234273 0.07393336 0.17770723 0.04740486
 0.09024058 0.03451352 0.41608712 0.09258177 0.28688135 0.0626388
 0.16938518 0.03989837 0.08642566 0.02936647 0.56152039 0.08947509
 0.30076317 0.07166382 0.14781572 0.04834135 0.08571722 0.02386224
 0.61847222 0.10480208 0.28156522 0.07282236 0.15511644 0.03599549
 0.08544296 0.0231195  0.42726067 0.12559491 0.28115716 0.06079256
 0.14776386 0.04227662 0.0836406  0.02554056 0.74116166 0.19221288
 0.80044444 0.20168131 0.64323961 0.15975571 0.74527041 0.19455674
 0.68567289 0.19222564 0.64278079 0.15648157 0.74926755 0.20787328
 0.76823755 0.17707628 0.73520619 0.22731033 0.74752103 0.26761391
 0.46364319 0.10151554 0.40634774 0.21545849 0.88497127 0.12702256
 0.45373941 0.0996152  0.59628517 0.10319305 0.43325211 0.12389163
 0.41608712 0.09258177 0.56152039 0.08947509 0.61847222 0.10480208
 0.42726067 0.12559491]
Starting Shapiro-Wilk test...
Group: 3
Shapiro-Wilk statistic: 0.7838559534557749
P-value: 6.652565136286177e-16
The data is likely not normally distributed (reject H0).

Shapiro-Wilk test indicates non-normal distribution among groups. Running Welch's ANOVA and Kruskal-Wallis...
Group means: [np.float64(0.2219987745519725)]
Group variances: [np.float64(0.050678677184361316)]
Group sizes: [200]
Numerator: 0.0
Denominator: 0.0002533933859218066
Degrees of freedom: 0.005025125628140704
Kruskal requires at least two groups.
Welch's ANOVA statistic: 0.0, p-value: 1.0
Starting Shapiro-Wilk test...
Group: 1
Shapiro-Wilk statistic: 0.7510218037329438
P-value: 4.50619350293982e-17
The data is likely not normally distributed (reject H0).

Group: 2
Shapiro-Wilk statistic: 0.7788595422856359
P-value: 4.3363620660537816e-16
The data is likely not normally distributed (reject H0).

Group: 3
Shapiro-Wilk statistic: 0.7838559534557749
P-value: 6.652565136286177e-16
The data is likely not normally distributed (reject H0).

Shapiro-Wilk test indicates non-normal distribution among groups. Running Welch's ANOVA and Kruskal-Wallis...
Group means: [np.float64(0.217594315580908), np.float64(0.21355931838746753), np.float64(0.2219987745519725)]
Group variances: [np.float64(0.0569307618093632), np.float64(0.04739938494519703), np.float64(0.050678677184361316)]
Group sizes: [200, 200, 200]
Numerator: 0.0007267258812881369
Denominator: 0.0007750441196946076
Degrees of freedom: 0.01507537688442211
Kruskal-Wallis H statistic: 0.6604238320343625, p-value: 0.7187713981193966
The test indicates no significant difference between the groups.
Welch's ANOVA statistic: 0.9376574350044617, p-value: 0.004534560631113571
Component: client, Interval: 0.05 --->
Group: 0.05
[0.61838123 0.75968008 0.74116166 0.18193766 0.22017411 0.19221288
 0.92386208 0.6873696  0.80044444 0.17725894 0.17787234 0.20168131
 0.77602679 0.70481919 0.64323961 0.14026998 0.18832854 0.15975571
 0.80239719 0.65881384 0.74527041 0.16639844 0.18812185 0.19455674
 0.74814004 0.70485471 0.68567289 0.16757167 0.19804005 0.19222564
 0.81519983 0.70292643 0.64278079 0.19047825 0.15635806 0.15648157
 0.75134538 0.7478359  0.74926755 0.19342671 0.19280446 0.20787328
 0.74952022 0.70440717 0.76823755 0.17003092 0.18650824 0.17707628
 0.82730769 0.78093881 0.73520619 0.20571876 0.19891264 0.22731033
 0.78129786 0.75004309 0.74752103 0.18418013 0.17870123 0.26761391
 0.80922095 0.53396489 0.46364319 0.09838676 0.067974   0.10151554
 0.3478064  0.48719187 0.40634774 0.0939875  0.08597628 0.21545849
 0.77180288 0.52493584 0.88497127 0.16365191 0.09345014 0.12702256
 0.51214145 0.48259571 0.45373941 0.08804975 0.11851291 0.0996152
 0.42253455 0.64173012 0.59628517 0.10204753 0.12075204 0.10319305
 0.54195845 0.49160773 0.43325211 0.10141622 0.10611315 0.12389163
 0.46050519 0.52231399 0.41608712 0.10731972 0.07916805 0.09258177
 0.37565056 0.3418222  0.56152039 0.08336615 0.1067992  0.08947509
 0.37625076 0.52603959 0.61847222 0.08569401 0.12816889 0.10480208
 0.36688108 0.41781444 0.42726067 0.07947394 0.1227937  0.12559491]
Starting Shapiro-Wilk test...
Group: 0.05
Shapiro-Wilk statistic: 0.8685578385299896
P-value: 6.536984233162801e-09
The data is likely not normally distributed (reject H0).

Shapiro-Wilk test indicates non-normal distribution among groups. Running Welch's ANOVA and Kruskal-Wallis...
Group means: [np.float64(0.3860537501360625)]
Group variances: [np.float64(0.07064861476983973)]
Group sizes: [120]
Numerator: 0.0
Denominator: 0.0005887384564153311
Degrees of freedom: 0.008403361344537815
Kruskal requires at least two groups.
Welch's ANOVA statistic: 0.0, p-value: 1.0
Component: client, Interval: 0.25 --->
Group: 0.25
[0.25860618 0.25312141 0.26980671 0.05568493 0.06475365 0.06553611
 0.29031216 0.28113082 0.23928249 0.05782734 0.06409386 0.07488479
 0.27433665 0.27182467 0.29025385 0.06308682 0.05810988 0.06970531
 0.26007915 0.25514422 0.2628076  0.06383578 0.07570988 0.07108401
 0.2506363  0.25377463 0.26038385 0.0652759  0.06475899 0.08151
 0.24420632 0.26268175 0.24238537 0.0538591  0.06349008 0.07422869
 0.27921757 0.27824814 0.29885507 0.05979728 0.07043693 0.07171213
 0.30990696 0.25141468 0.27222898 0.06521778 0.06589985 0.06535212
 0.28133967 0.2978874  0.29244545 0.06753057 0.06556404 0.07101249
 0.29156383 0.28117345 0.28249431 0.05367057 0.05501177 0.06418318
 0.34348262 0.27246263 0.27150251 0.06622586 0.0643108  0.06234389
 0.26204321 0.29753774 0.27281782 0.0617673  0.07054533 0.07980504
 0.32326099 0.26699963 0.29432717 0.06298007 0.07428018 0.07262157
 0.29087093 0.29182509 0.31257528 0.06014271 0.05115541 0.07809532
 0.29545579 0.28270884 0.28877685 0.05919981 0.06829208 0.08773246
 0.28192389 0.27263356 0.28234273 0.05820262 0.06635263 0.07393336
 0.26167228 0.2661552  0.28688135 0.07119668 0.0675039  0.0626388
 0.24737307 0.25795699 0.30076317 0.06248918 0.07012136 0.07166382
 0.27952747 0.25843135 0.28156522 0.06418719 0.07167961 0.07282236
 0.2697393  0.27132221 0.28115716 0.05288754 0.07427567 0.06079256]
Starting Shapiro-Wilk test...
Group: 0.25
Shapiro-Wilk statistic: 0.7473637186650335
P-value: 4.3724542276519413e-13
The data is likely not normally distributed (reject H0).

Shapiro-Wilk test indicates non-normal distribution among groups. Running Welch's ANOVA and Kruskal-Wallis...
Group means: [np.float64(0.17155592199980402)]
Group variances: [np.float64(0.011379060436167586)]
Group sizes: [120]
Numerator: 0.0
Denominator: 9.482550363472988e-05
Degrees of freedom: 0.008403361344537815
Kruskal requires at least two groups.
Welch's ANOVA statistic: 0.0, p-value: 1.0
Component: client, Interval: 0.1 --->
Group: 0.1
[0.61838123 0.75968008 0.74116166 0.18193766 0.22017411 0.19221288
 0.92386208 0.6873696  0.80044444 0.17725894 0.17787234 0.20168131
 0.77602679 0.70481919 0.64323961 0.14026998 0.18832854 0.15975571
 0.80239719 0.65881384 0.74527041 0.16639844 0.18812185 0.19455674
 0.74814004 0.70485471 0.68567289 0.16757167 0.19804005 0.19222564
 0.81519983 0.70292643 0.64278079 0.19047825 0.15635806 0.15648157
 0.75134538 0.7478359  0.74926755 0.19342671 0.19280446 0.20787328
 0.74952022 0.70440717 0.76823755 0.17003092 0.18650824 0.17707628
 0.82730769 0.78093881 0.73520619 0.20571876 0.19891264 0.22731033
 0.78129786 0.75004309 0.74752103 0.18418013 0.17870123 0.26761391
 0.80922095 0.53396489 0.46364319 0.09838676 0.067974   0.10151554
 0.3478064  0.48719187 0.40634774 0.0939875  0.08597628 0.21545849
 0.77180288 0.52493584 0.88497127 0.16365191 0.09345014 0.12702256
 0.51214145 0.48259571 0.45373941 0.08804975 0.11851291 0.0996152
 0.42253455 0.64173012 0.59628517 0.10204753 0.12075204 0.10319305
 0.54195845 0.49160773 0.43325211 0.10141622 0.10611315 0.12389163
 0.46050519 0.52231399 0.41608712 0.10731972 0.07916805 0.09258177
 0.37565056 0.3418222  0.56152039 0.08336615 0.1067992  0.08947509
 0.37625076 0.52603959 0.61847222 0.08569401 0.12816889 0.10480208
 0.36688108 0.41781444 0.42726067 0.07947394 0.1227937  0.12559491]
Starting Shapiro-Wilk test...
Group: 0.1
Shapiro-Wilk statistic: 0.8685578385299896
P-value: 6.536984233162801e-09
The data is likely not normally distributed (reject H0).

Shapiro-Wilk test indicates non-normal distribution among groups. Running Welch's ANOVA and Kruskal-Wallis...
Group means: [np.float64(0.3860537501360625)]
Group variances: [np.float64(0.07064861476983973)]
Group sizes: [120]
Numerator: 0.0
Denominator: 0.0005887384564153311
Degrees of freedom: 0.008403361344537815
Kruskal requires at least two groups.
Welch's ANOVA statistic: 0.0, p-value: 1.0
Component: client, Interval: 0.5 --->
Group: 0.5
[0.12192328 0.13301572 0.1510308  0.03024761 0.02921201 0.03818934
 0.13690736 0.13798733 0.13801718 0.03384742 0.03777639 0.0315248
 0.13533311 0.13059395 0.15819904 0.03507762 0.03658374 0.02848531
 0.13522702 0.13939747 0.14353423 0.03286698 0.03512927 0.0373747
 0.11810416 0.13664922 0.15317771 0.02784723 0.03294506 0.0325206
 0.14012481 0.16351507 0.13818242 0.03848462 0.03712907 0.03401746
 0.14177258 0.12782747 0.12597665 0.02956005 0.03065344 0.03576783
 0.14850666 0.14904979 0.14890204 0.03093162 0.03889887 0.04113325
 0.15844564 0.15195017 0.16288062 0.03621049 0.0389443  0.05320619
 0.13473127 0.14247027 0.14970682 0.03407866 0.03279624 0.04186742
 0.14780009 0.16421304 0.17132714 0.03673575 0.04130368 0.05026503
 0.14497911 0.14233453 0.14766128 0.02908809 0.03769418 0.04511045
 0.14603274 0.15268916 0.14391694 0.03601775 0.03052578 0.03437283
 0.14699984 0.14814033 0.15264487 0.03716107 0.03341159 0.05229514
 0.15192637 0.15303537 0.15450822 0.03542926 0.03791156 0.04027038
 0.14068761 0.16380637 0.17770723 0.03707647 0.04259321 0.04740486
 0.14729691 0.16662015 0.16938518 0.04067755 0.0369616  0.03989837
 0.14640471 0.14228689 0.14781572 0.03681533 0.03821658 0.04834135
 0.14617494 0.14449097 0.15511644 0.03527099 0.04655776 0.03599549
 0.14715538 0.14271053 0.14776386 0.03444519 0.04159945 0.04227662]
Starting Shapiro-Wilk test...
Group: 0.5
Shapiro-Wilk statistic: 0.7647755411970019
P-value: 1.3847228900041514e-12
The data is likely not normally distributed (reject H0).

Shapiro-Wilk test indicates non-normal distribution among groups. Running Welch's ANOVA and Kruskal-Wallis...
Group means: [np.float64(0.09201502283330608)]
Group variances: [np.float64(0.0031079446631422517)]
Group sizes: [120]
Numerator: 0.0
Denominator: 2.5899538859518764e-05
Degrees of freedom: 0.008403361344537815
Kruskal requires at least two groups.
Welch's ANOVA statistic: 0.0, p-value: 1.0
Component: client, Interval: 1.0 --->
Group: 1.0
[0.07355677 0.08412777 0.08299777 0.02658419 0.02371375 0.02257989
 0.07481914 0.07308675 0.084252   0.02022621 0.0214608  0.02344937
 0.07716518 0.07549225 0.07890765 0.01811247 0.0256492  0.0241693
 0.07296559 0.06715736 0.07429467 0.01982508 0.02520172 0.02868638
 0.08788374 0.07762737 0.07336905 0.01840128 0.02107729 0.02454936
 0.07488983 0.0769984  0.07208388 0.02275656 0.02347462 0.02758357
 0.06402666 0.07804409 0.06110971 0.01581177 0.01229812 0.01489285
 0.08772659 0.08369729 0.0887777  0.01912093 0.02715292 0.02753021
 0.07837462 0.08664312 0.08187661 0.02100268 0.030506   0.0280146
 0.08188689 0.07939361 0.0914582  0.02532358 0.03004301 0.02917292
 0.08203584 0.07886401 0.09063599 0.01876037 0.0216057  0.02090628
 0.0840284  0.08318167 0.08791815 0.02129034 0.02294654 0.02435565
 0.07922662 0.08250577 0.08680244 0.02637227 0.02837293 0.03429968
 0.09338037 0.08774514 0.0896421  0.02167016 0.02527095 0.03150604
 0.10237471 0.08386849 0.07569769 0.02681421 0.02703175 0.02664441
 0.07806746 0.10463045 0.09024058 0.0237844  0.02455554 0.03451352
 0.08438139 0.07745729 0.08642566 0.02433316 0.0295441  0.02936647
 0.07342075 0.0840114  0.08571722 0.01892816 0.02195065 0.02386224
 0.07891884 0.08003911 0.08544296 0.02502909 0.02734464 0.0231195
 0.09258451 0.0768199  0.0836406  0.02018847 0.0263941  0.02554056]
Starting Shapiro-Wilk test...
Group: 1.0
Shapiro-Wilk statistic: 0.8081871536063493
P-value: 3.247784707073972e-11
The data is likely not normally distributed (reject H0).

Shapiro-Wilk test indicates non-normal distribution among groups. Running Welch's ANOVA and Kruskal-Wallis...
Group means: [np.float64(0.05290890242867814)]
Group variances: [np.float64(0.0008688348034520282)]
Group sizes: [120]
Numerator: 0.0
Denominator: 7.240290028766902e-06
Degrees of freedom: 0.008403361344537815
Kruskal requires at least two groups.
Welch's ANOVA statistic: 0.0, p-value: 1.0
