[INFO] [1733818023.594562938] [fibonacci_action_client]: Sending goal with order 10
[INFO] [1733818032.676527937] [fibonacci_action_client]: Goal accepted, waiting for result.
[INFO] [1733818032.677595051] [fibonacci_action_client]: Received feedback: array('i', [0, 1, 1])
[INFO] [1733818033.179067783] [fibonacci_action_client]: Received feedback: array('i', [0, 1, 1, 2])
[INFO] [1733818033.680826750] [fibonacci_action_client]: Received feedback: array('i', [0, 1, 1, 2, 3])
[INFO] [1733818034.182370989] [fibonacci_action_client]: Received feedback: array('i', [0, 1, 1, 2, 3, 5])
[INFO] [1733818034.683908766] [fibonacci_action_client]: Received feedback: array('i', [0, 1, 1, 2, 3, 5, 8])
[INFO] [1733818035.185464084] [fibonacci_action_client]: Received feedback: array('i', [0, 1, 1, 2, 3, 5, 8, 13])
[INFO] [1733818035.686941832] [fibonacci_action_client]: Received feedback: array('i', [0, 1, 1, 2, 3, 5, 8, 13, 21])
[INFO] [1733818036.188344363] [fibonacci_action_client]: Received feedback: array('i', [0, 1, 1, 2, 3, 5, 8, 13, 21, 34])
[INFO] [1733818036.689451073] [fibonacci_action_client]: Received feedback: array('i', [0, 1, 1, 2, 3, 5, 8, 13, 21, 34, 55])
[INFO] [1733818037.192664424] [fibonacci_action_client]: Result: array('i', [0, 1, 1, 2, 3, 5, 8, 13, 21, 34, 55])
[INFO] [1733818037.693741553] [fibonacci_action_client]: Sending goal with order 10
[INFO] [1733818046.221451783] [fibonacci_action_client]: Goal accepted, waiting for result.
[INFO] [1733818046.223270163] [fibonacci_action_client]: Received feedback: array('i', [0, 1, 1])
[INFO] [1733818046.724776819] [fibonacci_action_client]: Received feedback: array('i', [0, 1, 1, 2])
[INFO] [1733818047.226346577] [fibonacci_action_client]: Received feedback: array('i', [0, 1, 1, 2, 3])
[INFO] [1733818047.727708907] [fibonacci_action_client]: Received feedback: array('i', [0, 1, 1, 2, 3, 5])
[INFO] [1733818048.229096230] [fibonacci_action_client]: Received feedback: array('i', [0, 1, 1, 2, 3, 5, 8])
[INFO] [1733818048.730754223] [fibonacci_action_client]: Received feedback: array('i', [0, 1, 1, 2, 3, 5, 8, 13])
[INFO] [1733818049.232232738] [fibonacci_action_client]: Received feedback: array('i', [0, 1, 1, 2, 3, 5, 8, 13, 21])
[INFO] [1733818049.733602760] [fibonacci_action_client]: Received feedback: array('i', [0, 1, 1, 2, 3, 5, 8, 13, 21, 34])
[INFO] [1733818050.235133407] [fibonacci_action_client]: Received feedback: array('i', [0, 1, 1, 2, 3, 5, 8, 13, 21, 34, 55])
[INFO] [1733818050.737315222] [fibonacci_action_client]: Result: array('i', [0, 1, 1, 2, 3, 5, 8, 13, 21, 34, 55])
[INFO] [1733818051.238483419] [fibonacci_action_client]: Sending goal with order 10
[INFO] [1733818059.767387520] [fibonacci_action_client]: Goal accepted, waiting for result.
[INFO] [1733818059.769028813] [fibonacci_action_client]: Received feedback: array('i', [0, 1, 1])
[INFO] [1733818060.271150139] [fibonacci_action_client]: Received feedback: array('i', [0, 1, 1, 2])
[INFO] [1733818060.772446228] [fibonacci_action_client]: Received feedback: array('i', [0, 1, 1, 2, 3])
[INFO] [1733818061.273877295] [fibonacci_action_client]: Received feedback: array('i', [0, 1, 1, 2, 3, 5])
[INFO] [1733818061.775143648] [fibonacci_action_client]: Received feedback: array('i', [0, 1, 1, 2, 3, 5, 8])
[INFO] [1733818062.276346040] [fibonacci_action_client]: Received feedback: array('i', [0, 1, 1, 2, 3, 5, 8, 13])
[INFO] [1733818062.777646953] [fibonacci_action_client]: Received feedback: array('i', [0, 1, 1, 2, 3, 5, 8, 13, 21])
[INFO] [1733818063.278756035] [fibonacci_action_client]: Received feedback: array('i', [0, 1, 1, 2, 3, 5, 8, 13, 21, 34])
[INFO] [1733818063.780431364] [fibonacci_action_client]: Received feedback: array('i', [0, 1, 1, 2, 3, 5, 8, 13, 21, 34, 55])
[INFO] [1733818064.283669480] [fibonacci_action_client]: Result: array('i', [0, 1, 1, 2, 3, 5, 8, 13, 21, 34, 55])
[INFO] [1733818064.784680846] [fibonacci_action_client]: Sending goal with order 10
[INFO] [1733818073.313962070] [fibonacci_action_client]: Goal accepted, waiting for result.
[INFO] [1733818073.315686489] [fibonacci_action_client]: Received feedback: array('i', [0, 1, 1])
[INFO] [1733818073.817272663] [fibonacci_action_client]: Received feedback: array('i', [0, 1, 1, 2])
[INFO] [1733818074.318850965] [fibonacci_action_client]: Received feedback: array('i', [0, 1, 1, 2, 3])
[INFO] [1733818074.819747229] [fibonacci_action_client]: Received feedback: array('i', [0, 1, 1, 2, 3, 5])
[INFO] [1733818075.320998889] [fibonacci_action_client]: Received feedback: array('i', [0, 1, 1, 2, 3, 5, 8])
[INFO] [1733818075.821783330] [fibonacci_action_client]: Received feedback: array('i', [0, 1, 1, 2, 3, 5, 8, 13])
[INFO] [1733818076.323239727] [fibonacci_action_client]: Received feedback: array('i', [0, 1, 1, 2, 3, 5, 8, 13, 21])
[INFO] [1733818076.824556166] [fibonacci_action_client]: Received feedback: array('i', [0, 1, 1, 2, 3, 5, 8, 13, 21, 34])
[INFO] [1733818077.325963902] [fibonacci_action_client]: Received feedback: array('i', [0, 1, 1, 2, 3, 5, 8, 13, 21, 34, 55])
[INFO] [1733818077.829123098] [fibonacci_action_client]: Result: array('i', [0, 1, 1, 2, 3, 5, 8, 13, 21, 34, 55])
[INFO] [1733818078.330147028] [fibonacci_action_client]: Sending goal with order 10
[INFO] [1733818086.859115499] [fibonacci_action_client]: Goal accepted, waiting for result.
[INFO] [1733818086.860958154] [fibonacci_action_client]: Received feedback: array('i', [0, 1, 1])
[INFO] [1733818087.362635670] [fibonacci_action_client]: Received feedback: array('i', [0, 1, 1, 2])
[INFO] [1733818087.864374060] [fibonacci_action_client]: Received feedback: array('i', [0, 1, 1, 2, 3])
[INFO] [1733818088.365709207] [fibonacci_action_client]: Received feedback: array('i', [0, 1, 1, 2, 3, 5])
[INFO] [1733818088.867342313] [fibonacci_action_client]: Received feedback: array('i', [0, 1, 1, 2, 3, 5, 8])
[INFO] [1733818089.368821683] [fibonacci_action_client]: Received feedback: array('i', [0, 1, 1, 2, 3, 5, 8, 13])
[INFO] [1733818089.870384814] [fibonacci_action_client]: Received feedback: array('i', [0, 1, 1, 2, 3, 5, 8, 13, 21])
[INFO] [1733818090.371118838] [fibonacci_action_client]: Received feedback: array('i', [0, 1, 1, 2, 3, 5, 8, 13, 21, 34])
[INFO] [1733818090.872291471] [fibonacci_action_client]: Received feedback: array('i', [0, 1, 1, 2, 3, 5, 8, 13, 21, 34, 55])
[INFO] [1733818091.375052522] [fibonacci_action_client]: Result: array('i', [0, 1, 1, 2, 3, 5, 8, 13, 21, 34, 55])
[INFO] [1733818091.876564680] [fibonacci_action_client]: Sending goal with order 10
[INFO] [1733818100.405046187] [fibonacci_action_client]: Goal accepted, waiting for result.
[INFO] [1733818100.405734429] [fibonacci_action_client]: Received feedback: array('i', [0, 1, 1])
[INFO] [1733818100.906868959] [fibonacci_action_client]: Received feedback: array('i', [0, 1, 1, 2])
[INFO] [1733818101.408179057] [fibonacci_action_client]: Received feedback: array('i', [0, 1, 1, 2, 3])
[INFO] [1733818101.909766611] [fibonacci_action_client]: Received feedback: array('i', [0, 1, 1, 2, 3, 5])
[INFO] [1733818102.411294786] [fibonacci_action_client]: Received feedback: array('i', [0, 1, 1, 2, 3, 5, 8])
[INFO] [1733818102.912469251] [fibonacci_action_client]: Received feedback: array('i', [0, 1, 1, 2, 3, 5, 8, 13])
[INFO] [1733818103.413951178] [fibonacci_action_client]: Received feedback: array('i', [0, 1, 1, 2, 3, 5, 8, 13, 21])
[INFO] [1733818103.914785047] [fibonacci_action_client]: Received feedback: array('i', [0, 1, 1, 2, 3, 5, 8, 13, 21, 34])
[INFO] [1733818104.416166620] [fibonacci_action_client]: Received feedback: array('i', [0, 1, 1, 2, 3, 5, 8, 13, 21, 34, 55])
[INFO] [1733818104.919113056] [fibonacci_action_client]: Result: array('i', [0, 1, 1, 2, 3, 5, 8, 13, 21, 34, 55])
[INFO] [1733818105.420412046] [fibonacci_action_client]: Sending goal with order 10
[INFO] [1733818113.949720139] [fibonacci_action_client]: Goal accepted, waiting for result.
[INFO] [1733818113.950394040] [fibonacci_action_client]: Received feedback: array('i', [0, 1, 1])
[INFO] [1733818114.451396335] [fibonacci_action_client]: Received feedback: array('i', [0, 1, 1, 2])
[INFO] [1733818114.953223449] [fibonacci_action_client]: Received feedback: array('i', [0, 1, 1, 2, 3])
[INFO] [1733818115.454724575] [fibonacci_action_client]: Received feedback: array('i', [0, 1, 1, 2, 3, 5])
[INFO] [1733818115.956105076] [fibonacci_action_client]: Received feedback: array('i', [0, 1, 1, 2, 3, 5, 8])
[INFO] [1733818116.457417241] [fibonacci_action_client]: Received feedback: array('i', [0, 1, 1, 2, 3, 5, 8, 13])
[INFO] [1733818116.958948177] [fibonacci_action_client]: Received feedback: array('i', [0, 1, 1, 2, 3, 5, 8, 13, 21])
[INFO] [1733818117.460326273] [fibonacci_action_client]: Received feedback: array('i', [0, 1, 1, 2, 3, 5, 8, 13, 21, 34])
[INFO] [1733818117.961585989] [fibonacci_action_client]: Received feedback: array('i', [0, 1, 1, 2, 3, 5, 8, 13, 21, 34, 55])
[INFO] [1733818118.465181608] [fibonacci_action_client]: Result: array('i', [0, 1, 1, 2, 3, 5, 8, 13, 21, 34, 55])
[INFO] [1733818118.966507949] [fibonacci_action_client]: Sending goal with order 10
[INFO] [1733818127.492529627] [fibonacci_action_client]: Goal accepted, waiting for result.
[INFO] [1733818127.494030953] [fibonacci_action_client]: Received feedback: array('i', [0, 1, 1])
[INFO] [1733818127.995393905] [fibonacci_action_client]: Received feedback: array('i', [0, 1, 1, 2])
[INFO] [1733818128.496937492] [fibonacci_action_client]: Received feedback: array('i', [0, 1, 1, 2, 3])
[INFO] [1733818128.997967733] [fibonacci_action_client]: Received feedback: array('i', [0, 1, 1, 2, 3, 5])
[INFO] [1733818129.499045338] [fibonacci_action_client]: Received feedback: array('i', [0, 1, 1, 2, 3, 5, 8])
[INFO] [1733818130.000645575] [fibonacci_action_client]: Received feedback: array('i', [0, 1, 1, 2, 3, 5, 8, 13])
[INFO] [1733818130.502165722] [fibonacci_action_client]: Received feedback: array('i', [0, 1, 1, 2, 3, 5, 8, 13, 21])
[INFO] [1733818131.003330625] [fibonacci_action_client]: Received feedback: array('i', [0, 1, 1, 2, 3, 5, 8, 13, 21, 34])
[INFO] [1733818131.504844383] [fibonacci_action_client]: Received feedback: array('i', [0, 1, 1, 2, 3, 5, 8, 13, 21, 34, 55])
[INFO] [1733818132.008656609] [fibonacci_action_client]: Result: array('i', [0, 1, 1, 2, 3, 5, 8, 13, 21, 34, 55])
[INFO] [1733818132.509910056] [fibonacci_action_client]: Sending goal with order 10
[INFO] [1733818141.035828294] [fibonacci_action_client]: Goal accepted, waiting for result.
[INFO] [1733818141.037944725] [fibonacci_action_client]: Received feedback: array('i', [0, 1, 1])
[INFO] [1733818141.539578240] [fibonacci_action_client]: Received feedback: array('i', [0, 1, 1, 2])
[INFO] [1733818142.040978162] [fibonacci_action_client]: Received feedback: array('i', [0, 1, 1, 2, 3])
[INFO] [1733818142.542670197] [fibonacci_action_client]: Received feedback: array('i', [0, 1, 1, 2, 3, 5])
[INFO] [1733818143.043914892] [fibonacci_action_client]: Received feedback: array('i', [0, 1, 1, 2, 3, 5, 8])
[INFO] [1733818143.545332497] [fibonacci_action_client]: Received feedback: array('i', [0, 1, 1, 2, 3, 5, 8, 13])
[INFO] [1733818144.046448118] [fibonacci_action_client]: Received feedback: array('i', [0, 1, 1, 2, 3, 5, 8, 13, 21])
[INFO] [1733818144.547805993] [fibonacci_action_client]: Received feedback: array('i', [0, 1, 1, 2, 3, 5, 8, 13, 21, 34])
[INFO] [1733818145.048913757] [fibonacci_action_client]: Received feedback: array('i', [0, 1, 1, 2, 3, 5, 8, 13, 21, 34, 55])
[INFO] [1733818145.552252323] [fibonacci_action_client]: Result: array('i', [0, 1, 1, 2, 3, 5, 8, 13, 21, 34, 55])
[INFO] [1733818146.053795815] [fibonacci_action_client]: Sending goal with order 10
[INFO] [1733818154.581206511] [fibonacci_action_client]: Goal accepted, waiting for result.
[INFO] [1733818154.583351388] [fibonacci_action_client]: Received feedback: array('i', [0, 1, 1])
[INFO] [1733818155.085243952] [fibonacci_action_client]: Received feedback: array('i', [0, 1, 1, 2])
[INFO] [1733818155.586363676] [fibonacci_action_client]: Received feedback: array('i', [0, 1, 1, 2, 3])
[INFO] [1733818156.087358798] [fibonacci_action_client]: Received feedback: array('i', [0, 1, 1, 2, 3, 5])
[INFO] [1733818156.588717195] [fibonacci_action_client]: Received feedback: array('i', [0, 1, 1, 2, 3, 5, 8])
[INFO] [1733818157.090249534] [fibonacci_action_client]: Received feedback: array('i', [0, 1, 1, 2, 3, 5, 8, 13])
[INFO] [1733818157.591243854] [fibonacci_action_client]: Received feedback: array('i', [0, 1, 1, 2, 3, 5, 8, 13, 21])
[INFO] [1733818158.092650362] [fibonacci_action_client]: Received feedback: array('i', [0, 1, 1, 2, 3, 5, 8, 13, 21, 34])
[INFO] [1733818158.594188730] [fibonacci_action_client]: Received feedback: array('i', [0, 1, 1, 2, 3, 5, 8, 13, 21, 34, 55])
[INFO] [1733818159.096897594] [fibonacci_action_client]: Result: array('i', [0, 1, 1, 2, 3, 5, 8, 13, 21, 34, 55])
[INFO] [1733818159.597933558] [fibonacci_action_client]: Sending goal with order 10
[INFO] [1733818168.125765884] [fibonacci_action_client]: Goal accepted, waiting for result.
[INFO] [1733818168.127710224] [fibonacci_action_client]: Received feedback: array('i', [0, 1, 1])
[INFO] [1733818168.629376548] [fibonacci_action_client]: Received feedback: array('i', [0, 1, 1, 2])
[INFO] [1733818169.130704925] [fibonacci_action_client]: Received feedback: array('i', [0, 1, 1, 2, 3])
[INFO] [1733818169.632080738] [fibonacci_action_client]: Received feedback: array('i', [0, 1, 1, 2, 3, 5])
[INFO] [1733818170.133628529] [fibonacci_action_client]: Received feedback: array('i', [0, 1, 1, 2, 3, 5, 8])
[INFO] [1733818170.635126532] [fibonacci_action_client]: Received feedback: array('i', [0, 1, 1, 2, 3, 5, 8, 13])
[INFO] [1733818171.136409292] [fibonacci_action_client]: Received feedback: array('i', [0, 1, 1, 2, 3, 5, 8, 13, 21])
[INFO] [1733818171.637961176] [fibonacci_action_client]: Received feedback: array('i', [0, 1, 1, 2, 3, 5, 8, 13, 21, 34])
[INFO] [1733818172.139869057] [fibonacci_action_client]: Received feedback: array('i', [0, 1, 1, 2, 3, 5, 8, 13, 21, 34, 55])
[INFO] [1733818172.642964276] [fibonacci_action_client]: Result: array('i', [0, 1, 1, 2, 3, 5, 8, 13, 21, 34, 55])
[INFO] [1733818173.143951066] [fibonacci_action_client]: Sending goal with order 10
[INFO] [1733818181.672851825] [fibonacci_action_client]: Goal accepted, waiting for result.
[INFO] [1733818181.673684438] [fibonacci_action_client]: Received feedback: array('i', [0, 1, 1])
[INFO] [1733818182.174793289] [fibonacci_action_client]: Received feedback: array('i', [0, 1, 1, 2])
[INFO] [1733818182.676233964] [fibonacci_action_client]: Received feedback: array('i', [0, 1, 1, 2, 3])
[INFO] [1733818183.177549788] [fibonacci_action_client]: Received feedback: array('i', [0, 1, 1, 2, 3, 5])
[INFO] [1733818183.678836550] [fibonacci_action_client]: Received feedback: array('i', [0, 1, 1, 2, 3, 5, 8])
[INFO] [1733818184.180335711] [fibonacci_action_client]: Received feedback: array('i', [0, 1, 1, 2, 3, 5, 8, 13])
[INFO] [1733818184.681663014] [fibonacci_action_client]: Received feedback: array('i', [0, 1, 1, 2, 3, 5, 8, 13, 21])
[INFO] [1733818185.183059118] [fibonacci_action_client]: Received feedback: array('i', [0, 1, 1, 2, 3, 5, 8, 13, 21, 34])
[INFO] [1733818185.684458125] [fibonacci_action_client]: Received feedback: array('i', [0, 1, 1, 2, 3, 5, 8, 13, 21, 34, 55])
[INFO] [1733818186.188942886] [fibonacci_action_client]: Result: array('i', [0, 1, 1, 2, 3, 5, 8, 13, 21, 34, 55])
[INFO] [1733818186.690131149] [fibonacci_action_client]: Sending goal with order 10
[INFO] [1733818195.220177756] [fibonacci_action_client]: Goal accepted, waiting for result.
[INFO] [1733818195.220982059] [fibonacci_action_client]: Received feedback: array('i', [0, 1, 1])
[INFO] [1733818195.719980053] [fibonacci_action_client]: Received feedback: array('i', [0, 1, 1, 2])
[INFO] [1733818196.221887980] [fibonacci_action_client]: Received feedback: array('i', [0, 1, 1, 2, 3])
[INFO] [1733818196.723106102] [fibonacci_action_client]: Received feedback: array('i', [0, 1, 1, 2, 3, 5])
[INFO] [1733818197.224588798] [fibonacci_action_client]: Received feedback: array('i', [0, 1, 1, 2, 3, 5, 8])
[INFO] [1733818197.726028244] [fibonacci_action_client]: Received feedback: array('i', [0, 1, 1, 2, 3, 5, 8, 13])
[INFO] [1733818198.227160294] [fibonacci_action_client]: Received feedback: array('i', [0, 1, 1, 2, 3, 5, 8, 13, 21])
[INFO] [1733818198.728912176] [fibonacci_action_client]: Received feedback: array('i', [0, 1, 1, 2, 3, 5, 8, 13, 21, 34])
[INFO] [1733818199.230226778] [fibonacci_action_client]: Received feedback: array('i', [0, 1, 1, 2, 3, 5, 8, 13, 21, 34, 55])
[INFO] [1733818199.733947449] [fibonacci_action_client]: Result: array('i', [0, 1, 1, 2, 3, 5, 8, 13, 21, 34, 55])
[INFO] [1733818200.234966956] [fibonacci_action_client]: Sending goal with order 10
[INFO] [1733818204.246280077] [fibonacci_action_client]: Goal accepted, waiting for result.
[INFO] [1733818199.734094668] [fibonacci_action_client]: Received feedback: array('i', [0, 1, 1])
[INFO] [1733818200.235187390] [fibonacci_action_client]: Received feedback: array('i', [0, 1, 1, 2])
[INFO] [1733818200.736587603] [fibonacci_action_client]: Received feedback: array('i', [0, 1, 1, 2, 3])
[INFO] [1733818201.237993335] [fibonacci_action_client]: Received feedback: array('i', [0, 1, 1, 2, 3, 5])
[INFO] [1733818201.738761430] [fibonacci_action_client]: Received feedback: array('i', [0, 1, 1, 2, 3, 5, 8])
[INFO] [1733818202.239925557] [fibonacci_action_client]: Received feedback: array('i', [0, 1, 1, 2, 3, 5, 8, 13])
[INFO] [1733818202.741280129] [fibonacci_action_client]: Received feedback: array('i', [0, 1, 1, 2, 3, 5, 8, 13, 21])
[INFO] [1733818203.242403597] [fibonacci_action_client]: Received feedback: array('i', [0, 1, 1, 2, 3, 5, 8, 13, 21, 34])
[INFO] [1733818203.744011955] [fibonacci_action_client]: Received feedback: array('i', [0, 1, 1, 2, 3, 5, 8, 13, 21, 34, 55])
