[INFO] [1733805596.068843659] [fibonacci_action_client]: Sending goal with order 10
[INFO] [1733805598.303502808] [fibonacci_action_client]: Goal accepted, waiting for result.
[INFO] [1733805598.304992473] [fibonacci_action_client]: Received feedback: array('i', [0, 1, 1])
[INFO] [1733805598.555760121] [fibonacci_action_client]: Received feedback: array('i', [0, 1, 1, 2])
[INFO] [1733805598.806637853] [fibonacci_action_client]: Received feedback: array('i', [0, 1, 1, 2, 3])
[INFO] [1733805599.057959693] [fibonacci_action_client]: Received feedback: array('i', [0, 1, 1, 2, 3, 5])
[INFO] [1733805599.309026947] [fibonacci_action_client]: Received feedback: array('i', [0, 1, 1, 2, 3, 5, 8])
[INFO] [1733805599.560237637] [fibonacci_action_client]: Received feedback: array('i', [0, 1, 1, 2, 3, 5, 8, 13])
[INFO] [1733805599.811107488] [fibonacci_action_client]: Received feedback: array('i', [0, 1, 1, 2, 3, 5, 8, 13, 21])
[INFO] [1733805600.062451633] [fibonacci_action_client]: Received feedback: array('i', [0, 1, 1, 2, 3, 5, 8, 13, 21, 34])
[INFO] [1733805600.313614418] [fibonacci_action_client]: Received feedback: array('i', [0, 1, 1, 2, 3, 5, 8, 13, 21, 34, 55])
[INFO] [1733805600.566294883] [fibonacci_action_client]: Result: array('i', [0, 1, 1, 2, 3, 5, 8, 13, 21, 34, 55])
[INFO] [1733805600.817122213] [fibonacci_action_client]: Sending goal with order 10
[INFO] [1733805602.827991673] [fibonacci_action_client]: Goal accepted, waiting for result.
[INFO] [1733805602.829527190] [fibonacci_action_client]: Received feedback: array('i', [0, 1, 1])
[INFO] [1733805603.080813354] [fibonacci_action_client]: Received feedback: array('i', [0, 1, 1, 2])
[INFO] [1733805603.331989494] [fibonacci_action_client]: Received feedback: array('i', [0, 1, 1, 2, 3])
[INFO] [1733805603.582995756] [fibonacci_action_client]: Received feedback: array('i', [0, 1, 1, 2, 3, 5])
[INFO] [1733805603.834331572] [fibonacci_action_client]: Received feedback: array('i', [0, 1, 1, 2, 3, 5, 8])
[INFO] [1733805604.085790245] [fibonacci_action_client]: Received feedback: array('i', [0, 1, 1, 2, 3, 5, 8, 13])
[INFO] [1733805604.336982124] [fibonacci_action_client]: Received feedback: array('i', [0, 1, 1, 2, 3, 5, 8, 13, 21])
[INFO] [1733805604.588129213] [fibonacci_action_client]: Received feedback: array('i', [0, 1, 1, 2, 3, 5, 8, 13, 21, 34])
[INFO] [1733805604.838907087] [fibonacci_action_client]: Received feedback: array('i', [0, 1, 1, 2, 3, 5, 8, 13, 21, 34, 55])
[INFO] [1733805605.091531684] [fibonacci_action_client]: Result: array('i', [0, 1, 1, 2, 3, 5, 8, 13, 21, 34, 55])
[INFO] [1733805605.342514563] [fibonacci_action_client]: Sending goal with order 10
[INFO] [1733805607.353942702] [fibonacci_action_client]: Goal accepted, waiting for result.
[INFO] [1733805607.355021892] [fibonacci_action_client]: Received feedback: array('i', [0, 1, 1])
[INFO] [1733805607.606958447] [fibonacci_action_client]: Received feedback: array('i', [0, 1, 1, 2])
[INFO] [1733805607.858279398] [fibonacci_action_client]: Received feedback: array('i', [0, 1, 1, 2, 3])
[INFO] [1733805608.109623948] [fibonacci_action_client]: Received feedback: array('i', [0, 1, 1, 2, 3, 5])
[INFO] [1733805608.360255221] [fibonacci_action_client]: Received feedback: array('i', [0, 1, 1, 2, 3, 5, 8])
[INFO] [1733805608.611136465] [fibonacci_action_client]: Received feedback: array('i', [0, 1, 1, 2, 3, 5, 8, 13])
[INFO] [1733805608.862672679] [fibonacci_action_client]: Received feedback: array('i', [0, 1, 1, 2, 3, 5, 8, 13, 21])
[INFO] [1733805609.113918809] [fibonacci_action_client]: Received feedback: array('i', [0, 1, 1, 2, 3, 5, 8, 13, 21, 34])
[INFO] [1733805609.365220661] [fibonacci_action_client]: Received feedback: array('i', [0, 1, 1, 2, 3, 5, 8, 13, 21, 34, 55])
[INFO] [1733805609.617501775] [fibonacci_action_client]: Result: array('i', [0, 1, 1, 2, 3, 5, 8, 13, 21, 34, 55])
[INFO] [1733805609.868532991] [fibonacci_action_client]: Sending goal with order 10
[INFO] [1733805611.880228717] [fibonacci_action_client]: Goal accepted, waiting for result.
[INFO] [1733805611.880992900] [fibonacci_action_client]: Received feedback: array('i', [0, 1, 1])
[INFO] [1733805612.132531747] [fibonacci_action_client]: Received feedback: array('i', [0, 1, 1, 2])
[INFO] [1733805612.383296947] [fibonacci_action_client]: Received feedback: array('i', [0, 1, 1, 2, 3])
[INFO] [1733805612.634740751] [fibonacci_action_client]: Received feedback: array('i', [0, 1, 1, 2, 3, 5])
[INFO] [1733805612.885776828] [fibonacci_action_client]: Received feedback: array('i', [0, 1, 1, 2, 3, 5, 8])
[INFO] [1733805613.136948014] [fibonacci_action_client]: Received feedback: array('i', [0, 1, 1, 2, 3, 5, 8, 13])
[INFO] [1733805613.387866096] [fibonacci_action_client]: Received feedback: array('i', [0, 1, 1, 2, 3, 5, 8, 13, 21])
[INFO] [1733805613.639151347] [fibonacci_action_client]: Received feedback: array('i', [0, 1, 1, 2, 3, 5, 8, 13, 21, 34])
[INFO] [1733805613.890171119] [fibonacci_action_client]: Received feedback: array('i', [0, 1, 1, 2, 3, 5, 8, 13, 21, 34, 55])
[INFO] [1733805614.142762700] [fibonacci_action_client]: Result: array('i', [0, 1, 1, 2, 3, 5, 8, 13, 21, 34, 55])
[INFO] [1733805614.393681904] [fibonacci_action_client]: Sending goal with order 10
[INFO] [1733805616.404610942] [fibonacci_action_client]: Goal accepted, waiting for result.
[INFO] [1733805616.406190311] [fibonacci_action_client]: Received feedback: array('i', [0, 1, 1])
[INFO] [1733805616.657537546] [fibonacci_action_client]: Received feedback: array('i', [0, 1, 1, 2])
[INFO] [1733805616.908319951] [fibonacci_action_client]: Received feedback: array('i', [0, 1, 1, 2, 3])
[INFO] [1733805617.159217278] [fibonacci_action_client]: Received feedback: array('i', [0, 1, 1, 2, 3, 5])
[INFO] [1733805617.410518308] [fibonacci_action_client]: Received feedback: array('i', [0, 1, 1, 2, 3, 5, 8])
[INFO] [1733805617.661821707] [fibonacci_action_client]: Received feedback: array('i', [0, 1, 1, 2, 3, 5, 8, 13])
[INFO] [1733805617.912670141] [fibonacci_action_client]: Received feedback: array('i', [0, 1, 1, 2, 3, 5, 8, 13, 21])
[INFO] [1733805618.163909265] [fibonacci_action_client]: Received feedback: array('i', [0, 1, 1, 2, 3, 5, 8, 13, 21, 34])
[INFO] [1733805618.415019398] [fibonacci_action_client]: Received feedback: array('i', [0, 1, 1, 2, 3, 5, 8, 13, 21, 34, 55])
[INFO] [1733805618.667520147] [fibonacci_action_client]: Result: array('i', [0, 1, 1, 2, 3, 5, 8, 13, 21, 34, 55])
[INFO] [1733805618.918474194] [fibonacci_action_client]: Sending goal with order 10
[INFO] [1733805620.927607378] [fibonacci_action_client]: Goal accepted, waiting for result.
[INFO] [1733805620.928807993] [fibonacci_action_client]: Received feedback: array('i', [0, 1, 1])
[INFO] [1733805621.180496017] [fibonacci_action_client]: Received feedback: array('i', [0, 1, 1, 2])
[INFO] [1733805621.431500263] [fibonacci_action_client]: Received feedback: array('i', [0, 1, 1, 2, 3])
[INFO] [1733805621.682821964] [fibonacci_action_client]: Received feedback: array('i', [0, 1, 1, 2, 3, 5])
[INFO] [1733805621.934323789] [fibonacci_action_client]: Received feedback: array('i', [0, 1, 1, 2, 3, 5, 8])
[INFO] [1733805622.185699789] [fibonacci_action_client]: Received feedback: array('i', [0, 1, 1, 2, 3, 5, 8, 13])
[INFO] [1733805622.436668365] [fibonacci_action_client]: Received feedback: array('i', [0, 1, 1, 2, 3, 5, 8, 13, 21])
[INFO] [1733805622.687747811] [fibonacci_action_client]: Received feedback: array('i', [0, 1, 1, 2, 3, 5, 8, 13, 21, 34])
[INFO] [1733805622.939093919] [fibonacci_action_client]: Received feedback: array('i', [0, 1, 1, 2, 3, 5, 8, 13, 21, 34, 55])
[INFO] [1733805623.191505953] [fibonacci_action_client]: Result: array('i', [0, 1, 1, 2, 3, 5, 8, 13, 21, 34, 55])
[INFO] [1733805623.442278600] [fibonacci_action_client]: Sending goal with order 10
[INFO] [1733805625.455089802] [fibonacci_action_client]: Goal accepted, waiting for result.
[INFO] [1733805625.455930306] [fibonacci_action_client]: Received feedback: array('i', [0, 1, 1])
[INFO] [1733805625.707157141] [fibonacci_action_client]: Received feedback: array('i', [0, 1, 1, 2])
[INFO] [1733805625.957908369] [fibonacci_action_client]: Received feedback: array('i', [0, 1, 1, 2, 3])
[INFO] [1733805626.209236786] [fibonacci_action_client]: Received feedback: array('i', [0, 1, 1, 2, 3, 5])
[INFO] [1733805626.460322053] [fibonacci_action_client]: Received feedback: array('i', [0, 1, 1, 2, 3, 5, 8])
[INFO] [1733805626.711227381] [fibonacci_action_client]: Received feedback: array('i', [0, 1, 1, 2, 3, 5, 8, 13])
[INFO] [1733805626.962396070] [fibonacci_action_client]: Received feedback: array('i', [0, 1, 1, 2, 3, 5, 8, 13, 21])
[INFO] [1733805627.213161038] [fibonacci_action_client]: Received feedback: array('i', [0, 1, 1, 2, 3, 5, 8, 13, 21, 34])
[INFO] [1733805627.464329199] [fibonacci_action_client]: Received feedback: array('i', [0, 1, 1, 2, 3, 5, 8, 13, 21, 34, 55])
[INFO] [1733805627.716666118] [fibonacci_action_client]: Result: array('i', [0, 1, 1, 2, 3, 5, 8, 13, 21, 34, 55])
[INFO] [1733805627.967851167] [fibonacci_action_client]: Sending goal with order 10
[INFO] [1733805629.978810520] [fibonacci_action_client]: Goal accepted, waiting for result.
[INFO] [1733805629.980136831] [fibonacci_action_client]: Received feedback: array('i', [0, 1, 1])
[INFO] [1733805630.231380140] [fibonacci_action_client]: Received feedback: array('i', [0, 1, 1, 2])
[INFO] [1733805630.482701460] [fibonacci_action_client]: Received feedback: array('i', [0, 1, 1, 2, 3])
[INFO] [1733805630.734019152] [fibonacci_action_client]: Received feedback: array('i', [0, 1, 1, 2, 3, 5])
[INFO] [1733805630.984765361] [fibonacci_action_client]: Received feedback: array('i', [0, 1, 1, 2, 3, 5, 8])
[INFO] [1733805631.235956402] [fibonacci_action_client]: Received feedback: array('i', [0, 1, 1, 2, 3, 5, 8, 13])
[INFO] [1733805631.487024830] [fibonacci_action_client]: Received feedback: array('i', [0, 1, 1, 2, 3, 5, 8, 13, 21])
[INFO] [1733805631.738169604] [fibonacci_action_client]: Received feedback: array('i', [0, 1, 1, 2, 3, 5, 8, 13, 21, 34])
[INFO] [1733805631.989498259] [fibonacci_action_client]: Received feedback: array('i', [0, 1, 1, 2, 3, 5, 8, 13, 21, 34, 55])
[INFO] [1733805632.241989594] [fibonacci_action_client]: Result: array('i', [0, 1, 1, 2, 3, 5, 8, 13, 21, 34, 55])
[INFO] [1733805632.493166463] [fibonacci_action_client]: Sending goal with order 10
[INFO] [1733805634.504361928] [fibonacci_action_client]: Goal accepted, waiting for result.
[INFO] [1733805634.506035954] [fibonacci_action_client]: Received feedback: array('i', [0, 1, 1])
[INFO] [1733805634.757153475] [fibonacci_action_client]: Received feedback: array('i', [0, 1, 1, 2])
[INFO] [1733805635.008155926] [fibonacci_action_client]: Received feedback: array('i', [0, 1, 1, 2, 3])
[INFO] [1733805635.259087445] [fibonacci_action_client]: Received feedback: array('i', [0, 1, 1, 2, 3, 5])
[INFO] [1733805635.510420853] [fibonacci_action_client]: Received feedback: array('i', [0, 1, 1, 2, 3, 5, 8])
[INFO] [1733805635.761507660] [fibonacci_action_client]: Received feedback: array('i', [0, 1, 1, 2, 3, 5, 8, 13])
[INFO] [1733805636.012630587] [fibonacci_action_client]: Received feedback: array('i', [0, 1, 1, 2, 3, 5, 8, 13, 21])
[INFO] [1733805636.263754396] [fibonacci_action_client]: Received feedback: array('i', [0, 1, 1, 2, 3, 5, 8, 13, 21, 34])
[INFO] [1733805636.515059157] [fibonacci_action_client]: Received feedback: array('i', [0, 1, 1, 2, 3, 5, 8, 13, 21, 34, 55])
[INFO] [1733805636.767802794] [fibonacci_action_client]: Result: array('i', [0, 1, 1, 2, 3, 5, 8, 13, 21, 34, 55])
[INFO] [1733805637.018667034] [fibonacci_action_client]: Sending goal with order 10
[INFO] [1733805639.029658230] [fibonacci_action_client]: Goal accepted, waiting for result.
[INFO] [1733805639.030692060] [fibonacci_action_client]: Received feedback: array('i', [0, 1, 1])
[INFO] [1733805639.280945171] [fibonacci_action_client]: Received feedback: array('i', [0, 1, 1, 2])
[INFO] [1733805639.532077251] [fibonacci_action_client]: Received feedback: array('i', [0, 1, 1, 2, 3])
[INFO] [1733805639.783061573] [fibonacci_action_client]: Received feedback: array('i', [0, 1, 1, 2, 3, 5])
[INFO] [1733805640.034508911] [fibonacci_action_client]: Received feedback: array('i', [0, 1, 1, 2, 3, 5, 8])
[INFO] [1733805640.285818920] [fibonacci_action_client]: Received feedback: array('i', [0, 1, 1, 2, 3, 5, 8, 13])
[INFO] [1733805640.537194780] [fibonacci_action_client]: Received feedback: array('i', [0, 1, 1, 2, 3, 5, 8, 13, 21])
[INFO] [1733805640.788334379] [fibonacci_action_client]: Received feedback: array('i', [0, 1, 1, 2, 3, 5, 8, 13, 21, 34])
[INFO] [1733805641.039308943] [fibonacci_action_client]: Received feedback: array('i', [0, 1, 1, 2, 3, 5, 8, 13, 21, 34, 55])
[INFO] [1733805641.292264403] [fibonacci_action_client]: Result: array('i', [0, 1, 1, 2, 3, 5, 8, 13, 21, 34, 55])
[INFO] [1733805641.543005813] [fibonacci_action_client]: Sending goal with order 10
[INFO] [1733805643.553695130] [fibonacci_action_client]: Goal accepted, waiting for result.
[INFO] [1733805643.554522179] [fibonacci_action_client]: Received feedback: array('i', [0, 1, 1])
[INFO] [1733805643.805784412] [fibonacci_action_client]: Received feedback: array('i', [0, 1, 1, 2])
[INFO] [1733805644.056989468] [fibonacci_action_client]: Received feedback: array('i', [0, 1, 1, 2, 3])
[INFO] [1733805644.307817242] [fibonacci_action_client]: Received feedback: array('i', [0, 1, 1, 2, 3, 5])
[INFO] [1733805644.558903816] [fibonacci_action_client]: Received feedback: array('i', [0, 1, 1, 2, 3, 5, 8])
[INFO] [1733805644.809892720] [fibonacci_action_client]: Received feedback: array('i', [0, 1, 1, 2, 3, 5, 8, 13])
[INFO] [1733805645.061283445] [fibonacci_action_client]: Received feedback: array('i', [0, 1, 1, 2, 3, 5, 8, 13, 21])
[INFO] [1733805645.312206874] [fibonacci_action_client]: Received feedback: array('i', [0, 1, 1, 2, 3, 5, 8, 13, 21, 34])
[INFO] [1733805645.563097253] [fibonacci_action_client]: Received feedback: array('i', [0, 1, 1, 2, 3, 5, 8, 13, 21, 34, 55])
[INFO] [1733805645.815529599] [fibonacci_action_client]: Result: array('i', [0, 1, 1, 2, 3, 5, 8, 13, 21, 34, 55])
[INFO] [1733805646.066532411] [fibonacci_action_client]: Sending goal with order 10
[INFO] [1733805648.076936008] [fibonacci_action_client]: Goal accepted, waiting for result.
[INFO] [1733805648.078713739] [fibonacci_action_client]: Received feedback: array('i', [0, 1, 1])
[INFO] [1733805648.329669876] [fibonacci_action_client]: Received feedback: array('i', [0, 1, 1, 2])
[INFO] [1733805648.581042502] [fibonacci_action_client]: Received feedback: array('i', [0, 1, 1, 2, 3])
[INFO] [1733805648.832078354] [fibonacci_action_client]: Received feedback: array('i', [0, 1, 1, 2, 3, 5])
[INFO] [1733805649.083026640] [fibonacci_action_client]: Received feedback: array('i', [0, 1, 1, 2, 3, 5, 8])
[INFO] [1733805649.334329377] [fibonacci_action_client]: Received feedback: array('i', [0, 1, 1, 2, 3, 5, 8, 13])
[INFO] [1733805649.585600225] [fibonacci_action_client]: Received feedback: array('i', [0, 1, 1, 2, 3, 5, 8, 13, 21])
[INFO] [1733805649.836416848] [fibonacci_action_client]: Received feedback: array('i', [0, 1, 1, 2, 3, 5, 8, 13, 21, 34])
[INFO] [1733805650.087585348] [fibonacci_action_client]: Received feedback: array('i', [0, 1, 1, 2, 3, 5, 8, 13, 21, 34, 55])
[INFO] [1733805650.340694192] [fibonacci_action_client]: Result: array('i', [0, 1, 1, 2, 3, 5, 8, 13, 21, 34, 55])
[INFO] [1733805650.591516072] [fibonacci_action_client]: Sending goal with order 10
[INFO] [1733805652.601929701] [fibonacci_action_client]: Goal accepted, waiting for result.
[INFO] [1733805652.602623915] [fibonacci_action_client]: Received feedback: array('i', [0, 1, 1])
[INFO] [1733805652.854077210] [fibonacci_action_client]: Received feedback: array('i', [0, 1, 1, 2])
[INFO] [1733805653.105272789] [fibonacci_action_client]: Received feedback: array('i', [0, 1, 1, 2, 3])
[INFO] [1733805653.356455338] [fibonacci_action_client]: Received feedback: array('i', [0, 1, 1, 2, 3, 5])
[INFO] [1733805653.607576209] [fibonacci_action_client]: Received feedback: array('i', [0, 1, 1, 2, 3, 5, 8])
[INFO] [1733805653.858535399] [fibonacci_action_client]: Received feedback: array('i', [0, 1, 1, 2, 3, 5, 8, 13])
[INFO] [1733805654.109842592] [fibonacci_action_client]: Received feedback: array('i', [0, 1, 1, 2, 3, 5, 8, 13, 21])
[INFO] [1733805654.361003541] [fibonacci_action_client]: Received feedback: array('i', [0, 1, 1, 2, 3, 5, 8, 13, 21, 34])
[INFO] [1733805654.612134933] [fibonacci_action_client]: Received feedback: array('i', [0, 1, 1, 2, 3, 5, 8, 13, 21, 34, 55])
[INFO] [1733805654.864776200] [fibonacci_action_client]: Result: array('i', [0, 1, 1, 2, 3, 5, 8, 13, 21, 34, 55])
[INFO] [1733805655.115555032] [fibonacci_action_client]: Sending goal with order 10
[INFO] [1733805657.126745785] [fibonacci_action_client]: Goal accepted, waiting for result.
[INFO] [1733805657.128598683] [fibonacci_action_client]: Received feedback: array('i', [0, 1, 1])
[INFO] [1733805657.379837777] [fibonacci_action_client]: Received feedback: array('i', [0, 1, 1, 2])
[INFO] [1733805657.631226851] [fibonacci_action_client]: Received feedback: array('i', [0, 1, 1, 2, 3])
[INFO] [1733805657.881984241] [fibonacci_action_client]: Received feedback: array('i', [0, 1, 1, 2, 3, 5])
[INFO] [1733805658.133385471] [fibonacci_action_client]: Received feedback: array('i', [0, 1, 1, 2, 3, 5, 8])
[INFO] [1733805658.384750526] [fibonacci_action_client]: Received feedback: array('i', [0, 1, 1, 2, 3, 5, 8, 13])
[INFO] [1733805658.635682809] [fibonacci_action_client]: Received feedback: array('i', [0, 1, 1, 2, 3, 5, 8, 13, 21])
[INFO] [1733805658.886985597] [fibonacci_action_client]: Received feedback: array('i', [0, 1, 1, 2, 3, 5, 8, 13, 21, 34])
[INFO] [1733805659.138254859] [fibonacci_action_client]: Received feedback: array('i', [0, 1, 1, 2, 3, 5, 8, 13, 21, 34, 55])
[INFO] [1733805659.392134310] [fibonacci_action_client]: Result: array('i', [0, 1, 1, 2, 3, 5, 8, 13, 21, 34, 55])
[INFO] [1733805659.642958360] [fibonacci_action_client]: Sending goal with order 10
[INFO] [1733805661.654136402] [fibonacci_action_client]: Goal accepted, waiting for result.
[INFO] [1733805661.654913235] [fibonacci_action_client]: Received feedback: array('i', [0, 1, 1])
[INFO] [1733805661.906175484] [fibonacci_action_client]: Received feedback: array('i', [0, 1, 1, 2])
[INFO] [1733805662.157103816] [fibonacci_action_client]: Received feedback: array('i', [0, 1, 1, 2, 3])
[INFO] [1733805662.408145420] [fibonacci_action_client]: Received feedback: array('i', [0, 1, 1, 2, 3, 5])
[INFO] [1733805662.659039743] [fibonacci_action_client]: Received feedback: array('i', [0, 1, 1, 2, 3, 5, 8])
[INFO] [1733805662.910363989] [fibonacci_action_client]: Received feedback: array('i', [0, 1, 1, 2, 3, 5, 8, 13])
[INFO] [1733805663.161222685] [fibonacci_action_client]: Received feedback: array('i', [0, 1, 1, 2, 3, 5, 8, 13, 21])
[INFO] [1733805663.412450591] [fibonacci_action_client]: Received feedback: array('i', [0, 1, 1, 2, 3, 5, 8, 13, 21, 34])
[INFO] [1733805663.663284127] [fibonacci_action_client]: Received feedback: array('i', [0, 1, 1, 2, 3, 5, 8, 13, 21, 34, 55])
[INFO] [1733805663.916267442] [fibonacci_action_client]: Result: array('i', [0, 1, 1, 2, 3, 5, 8, 13, 21, 34, 55])
[INFO] [1733805664.167222799] [fibonacci_action_client]: Sending goal with order 10
[INFO] [1733805666.180126159] [fibonacci_action_client]: Goal accepted, waiting for result.
[INFO] [1733805666.180883307] [fibonacci_action_client]: Received feedback: array('i', [0, 1, 1])
[INFO] [1733805666.431495652] [fibonacci_action_client]: Received feedback: array('i', [0, 1, 1, 2])
[INFO] [1733805666.682797822] [fibonacci_action_client]: Received feedback: array('i', [0, 1, 1, 2, 3])
[INFO] [1733805666.934151415] [fibonacci_action_client]: Received feedback: array('i', [0, 1, 1, 2, 3, 5])
[INFO] [1733805667.185447688] [fibonacci_action_client]: Received feedback: array('i', [0, 1, 1, 2, 3, 5, 8])
[INFO] [1733805667.436598906] [fibonacci_action_client]: Received feedback: array('i', [0, 1, 1, 2, 3, 5, 8, 13])
[INFO] [1733805667.687835094] [fibonacci_action_client]: Received feedback: array('i', [0, 1, 1, 2, 3, 5, 8, 13, 21])
[INFO] [1733805667.939092934] [fibonacci_action_client]: Received feedback: array('i', [0, 1, 1, 2, 3, 5, 8, 13, 21, 34])
[INFO] [1733805668.190366424] [fibonacci_action_client]: Received feedback: array('i', [0, 1, 1, 2, 3, 5, 8, 13, 21, 34, 55])
[INFO] [1733805668.443243057] [fibonacci_action_client]: Result: array('i', [0, 1, 1, 2, 3, 5, 8, 13, 21, 34, 55])
[INFO] [1733805668.694027374] [fibonacci_action_client]: Sending goal with order 10
[INFO] [1733805670.704508064] [fibonacci_action_client]: Goal accepted, waiting for result.
[INFO] [1733805670.705215864] [fibonacci_action_client]: Received feedback: array('i', [0, 1, 1])
[INFO] [1733805670.956269881] [fibonacci_action_client]: Received feedback: array('i', [0, 1, 1, 2])
[INFO] [1733805671.207054313] [fibonacci_action_client]: Received feedback: array('i', [0, 1, 1, 2, 3])
[INFO] [1733805671.458271802] [fibonacci_action_client]: Received feedback: array('i', [0, 1, 1, 2, 3, 5])
[INFO] [1733805671.709637309] [fibonacci_action_client]: Received feedback: array('i', [0, 1, 1, 2, 3, 5, 8])
[INFO] [1733805671.960753796] [fibonacci_action_client]: Received feedback: array('i', [0, 1, 1, 2, 3, 5, 8, 13])
[INFO] [1733805672.211809812] [fibonacci_action_client]: Received feedback: array('i', [0, 1, 1, 2, 3, 5, 8, 13, 21])
[INFO] [1733805672.463295959] [fibonacci_action_client]: Received feedback: array('i', [0, 1, 1, 2, 3, 5, 8, 13, 21, 34])
[INFO] [1733805672.714229816] [fibonacci_action_client]: Received feedback: array('i', [0, 1, 1, 2, 3, 5, 8, 13, 21, 34, 55])
[INFO] [1733805672.967796265] [fibonacci_action_client]: Result: array('i', [0, 1, 1, 2, 3, 5, 8, 13, 21, 34, 55])
[INFO] [1733805673.218800607] [fibonacci_action_client]: Sending goal with order 10
[INFO] [1733805675.229276076] [fibonacci_action_client]: Goal accepted, waiting for result.
[INFO] [1733805675.229970775] [fibonacci_action_client]: Received feedback: array('i', [0, 1, 1])
[INFO] [1733805675.481009558] [fibonacci_action_client]: Received feedback: array('i', [0, 1, 1, 2])
[INFO] [1733805675.732012571] [fibonacci_action_client]: Received feedback: array('i', [0, 1, 1, 2, 3])
[INFO] [1733805675.982995463] [fibonacci_action_client]: Received feedback: array('i', [0, 1, 1, 2, 3, 5])
[INFO] [1733805676.234372437] [fibonacci_action_client]: Received feedback: array('i', [0, 1, 1, 2, 3, 5, 8])
[INFO] [1733805676.485454920] [fibonacci_action_client]: Received feedback: array('i', [0, 1, 1, 2, 3, 5, 8, 13])
[INFO] [1733805676.736215120] [fibonacci_action_client]: Received feedback: array('i', [0, 1, 1, 2, 3, 5, 8, 13, 21])
[INFO] [1733805676.987440582] [fibonacci_action_client]: Received feedback: array('i', [0, 1, 1, 2, 3, 5, 8, 13, 21, 34])
[INFO] [1733805677.238984139] [fibonacci_action_client]: Received feedback: array('i', [0, 1, 1, 2, 3, 5, 8, 13, 21, 34, 55])
[INFO] [1733805677.493471564] [fibonacci_action_client]: Result: array('i', [0, 1, 1, 2, 3, 5, 8, 13, 21, 34, 55])
[INFO] [1733805677.744135490] [fibonacci_action_client]: Sending goal with order 10
[INFO] [1733805679.755244414] [fibonacci_action_client]: Goal accepted, waiting for result.
[INFO] [1733805679.755924530] [fibonacci_action_client]: Received feedback: array('i', [0, 1, 1])
[INFO] [1733805680.007150004] [fibonacci_action_client]: Received feedback: array('i', [0, 1, 1, 2])
[INFO] [1733805680.257952439] [fibonacci_action_client]: Received feedback: array('i', [0, 1, 1, 2, 3])
[INFO] [1733805680.509160047] [fibonacci_action_client]: Received feedback: array('i', [0, 1, 1, 2, 3, 5])
[INFO] [1733805680.760403468] [fibonacci_action_client]: Received feedback: array('i', [0, 1, 1, 2, 3, 5, 8])
[INFO] [1733805681.011520203] [fibonacci_action_client]: Received feedback: array('i', [0, 1, 1, 2, 3, 5, 8, 13])
[INFO] [1733805681.262436687] [fibonacci_action_client]: Received feedback: array('i', [0, 1, 1, 2, 3, 5, 8, 13, 21])
[INFO] [1733805681.513706363] [fibonacci_action_client]: Received feedback: array('i', [0, 1, 1, 2, 3, 5, 8, 13, 21, 34])
[INFO] [1733805681.765390094] [fibonacci_action_client]: Received feedback: array('i', [0, 1, 1, 2, 3, 5, 8, 13, 21, 34, 55])
[INFO] [1733805682.019443776] [fibonacci_action_client]: Result: array('i', [0, 1, 1, 2, 3, 5, 8, 13, 21, 34, 55])
[INFO] [1733805682.270403390] [fibonacci_action_client]: Sending goal with order 10
[INFO] [1733805684.282330970] [fibonacci_action_client]: Goal accepted, waiting for result.
[INFO] [1733805684.283078498] [fibonacci_action_client]: Received feedback: array('i', [0, 1, 1])
[INFO] [1733805684.532486907] [fibonacci_action_client]: Received feedback: array('i', [0, 1, 1, 2])
[INFO] [1733805684.783852127] [fibonacci_action_client]: Received feedback: array('i', [0, 1, 1, 2, 3])
[INFO] [1733805685.035280096] [fibonacci_action_client]: Received feedback: array('i', [0, 1, 1, 2, 3, 5])
[INFO] [1733805685.286702722] [fibonacci_action_client]: Received feedback: array('i', [0, 1, 1, 2, 3, 5, 8])
[INFO] [1733805685.538000872] [fibonacci_action_client]: Received feedback: array('i', [0, 1, 1, 2, 3, 5, 8, 13])
[INFO] [1733805685.788891270] [fibonacci_action_client]: Received feedback: array('i', [0, 1, 1, 2, 3, 5, 8, 13, 21])
[INFO] [1733805686.039634793] [fibonacci_action_client]: Received feedback: array('i', [0, 1, 1, 2, 3, 5, 8, 13, 21, 34])
[INFO] [1733805686.290973604] [fibonacci_action_client]: Received feedback: array('i', [0, 1, 1, 2, 3, 5, 8, 13, 21, 34, 55])
[INFO] [1733805686.544076997] [fibonacci_action_client]: Result: array('i', [0, 1, 1, 2, 3, 5, 8, 13, 21, 34, 55])
[INFO] [1733805686.794848076] [fibonacci_action_client]: Sending goal with order 10
[INFO] [1733805688.806503300] [fibonacci_action_client]: Goal accepted, waiting for result.
[INFO] [1733805688.807285763] [fibonacci_action_client]: Received feedback: array('i', [0, 1, 1])
[INFO] [1733805689.057631964] [fibonacci_action_client]: Received feedback: array('i', [0, 1, 1, 2])
[INFO] [1733805689.308430847] [fibonacci_action_client]: Received feedback: array('i', [0, 1, 1, 2, 3])
[INFO] [1733805689.559570554] [fibonacci_action_client]: Received feedback: array('i', [0, 1, 1, 2, 3, 5])
[INFO] [1733805689.810488019] [fibonacci_action_client]: Received feedback: array('i', [0, 1, 1, 2, 3, 5, 8])
[INFO] [1733805690.061815387] [fibonacci_action_client]: Received feedback: array('i', [0, 1, 1, 2, 3, 5, 8, 13])
[INFO] [1733805690.313083723] [fibonacci_action_client]: Received feedback: array('i', [0, 1, 1, 2, 3, 5, 8, 13, 21])
[INFO] [1733805690.564111535] [fibonacci_action_client]: Received feedback: array('i', [0, 1, 1, 2, 3, 5, 8, 13, 21, 34])
[INFO] [1733805690.815472584] [fibonacci_action_client]: Received feedback: array('i', [0, 1, 1, 2, 3, 5, 8, 13, 21, 34, 55])
[INFO] [1733805691.068741530] [fibonacci_action_client]: Result: array('i', [0, 1, 1, 2, 3, 5, 8, 13, 21, 34, 55])
[INFO] [1733805691.319775926] [fibonacci_action_client]: Sending goal with order 10
[INFO] [1733805693.332290046] [fibonacci_action_client]: Goal accepted, waiting for result.
[INFO] [1733805693.333010455] [fibonacci_action_client]: Received feedback: array('i', [0, 1, 1])
[INFO] [1733805693.583630230] [fibonacci_action_client]: Received feedback: array('i', [0, 1, 1, 2])
[INFO] [1733805693.834885661] [fibonacci_action_client]: Received feedback: array('i', [0, 1, 1, 2, 3])
[INFO] [1733805694.086236205] [fibonacci_action_client]: Received feedback: array('i', [0, 1, 1, 2, 3, 5])
[INFO] [1733805694.337179955] [fibonacci_action_client]: Received feedback: array('i', [0, 1, 1, 2, 3, 5, 8])
[INFO] [1733805694.588366561] [fibonacci_action_client]: Received feedback: array('i', [0, 1, 1, 2, 3, 5, 8, 13])
[INFO] [1733805694.839656611] [fibonacci_action_client]: Received feedback: array('i', [0, 1, 1, 2, 3, 5, 8, 13, 21])
[INFO] [1733805695.090596914] [fibonacci_action_client]: Received feedback: array('i', [0, 1, 1, 2, 3, 5, 8, 13, 21, 34])
[INFO] [1733805695.341858068] [fibonacci_action_client]: Received feedback: array('i', [0, 1, 1, 2, 3, 5, 8, 13, 21, 34, 55])
[INFO] [1733805695.595222126] [fibonacci_action_client]: Result: array('i', [0, 1, 1, 2, 3, 5, 8, 13, 21, 34, 55])
[INFO] [1733805695.846216417] [fibonacci_action_client]: Sending goal with order 10
[INFO] [1733805697.859919021] [fibonacci_action_client]: Received feedback: array('i', [0, 1, 1])
[INFO] [1733805697.860371232] [fibonacci_action_client]: Goal accepted, waiting for result.
[INFO] [1733805698.109140840] [fibonacci_action_client]: Received feedback: array('i', [0, 1, 1, 2])
[INFO] [1733805698.360335791] [fibonacci_action_client]: Received feedback: array('i', [0, 1, 1, 2, 3])
[INFO] [1733805698.611259681] [fibonacci_action_client]: Received feedback: array('i', [0, 1, 1, 2, 3, 5])
[INFO] [1733805698.862467700] [fibonacci_action_client]: Received feedback: array('i', [0, 1, 1, 2, 3, 5, 8])
[INFO] [1733805699.113747309] [fibonacci_action_client]: Received feedback: array('i', [0, 1, 1, 2, 3, 5, 8, 13])
[INFO] [1733805699.364967827] [fibonacci_action_client]: Received feedback: array('i', [0, 1, 1, 2, 3, 5, 8, 13, 21])
[INFO] [1733805699.615954508] [fibonacci_action_client]: Received feedback: array('i', [0, 1, 1, 2, 3, 5, 8, 13, 21, 34])
[INFO] [1733805699.866892690] [fibonacci_action_client]: Received feedback: array('i', [0, 1, 1, 2, 3, 5, 8, 13, 21, 34, 55])
[INFO] [1733805700.120116349] [fibonacci_action_client]: Result: array('i', [0, 1, 1, 2, 3, 5, 8, 13, 21, 34, 55])
[INFO] [1733805700.370862272] [fibonacci_action_client]: Sending goal with order 10
[INFO] [1733805702.383735996] [fibonacci_action_client]: Received feedback: array('i', [0, 1, 1])
[INFO] [1733805702.384343997] [fibonacci_action_client]: Goal accepted, waiting for result.
[INFO] [1733805702.632508504] [fibonacci_action_client]: Received feedback: array('i', [0, 1, 1, 2])
[INFO] [1733805702.883829201] [fibonacci_action_client]: Received feedback: array('i', [0, 1, 1, 2, 3])
[INFO] [1733805703.135068233] [fibonacci_action_client]: Received feedback: array('i', [0, 1, 1, 2, 3, 5])
[INFO] [1733805703.386507721] [fibonacci_action_client]: Received feedback: array('i', [0, 1, 1, 2, 3, 5, 8])
[INFO] [1733805703.637766153] [fibonacci_action_client]: Received feedback: array('i', [0, 1, 1, 2, 3, 5, 8, 13])
[INFO] [1733805703.889043103] [fibonacci_action_client]: Received feedback: array('i', [0, 1, 1, 2, 3, 5, 8, 13, 21])
[INFO] [1733805704.139914726] [fibonacci_action_client]: Received feedback: array('i', [0, 1, 1, 2, 3, 5, 8, 13, 21, 34])
[INFO] [1733805704.391035106] [fibonacci_action_client]: Received feedback: array('i', [0, 1, 1, 2, 3, 5, 8, 13, 21, 34, 55])
[INFO] [1733805704.644844397] [fibonacci_action_client]: Result: array('i', [0, 1, 1, 2, 3, 5, 8, 13, 21, 34, 55])
[INFO] [1733805704.895568771] [fibonacci_action_client]: Sending goal with order 10
[INFO] [1733805706.907140128] [fibonacci_action_client]: Goal accepted, waiting for result.
[INFO] [1733805706.907954028] [fibonacci_action_client]: Received feedback: array('i', [0, 1, 1])
[INFO] [1733805707.157485883] [fibonacci_action_client]: Received feedback: array('i', [0, 1, 1, 2])
[INFO] [1733805707.408867420] [fibonacci_action_client]: Received feedback: array('i', [0, 1, 1, 2, 3])
[INFO] [1733805707.659775121] [fibonacci_action_client]: Received feedback: array('i', [0, 1, 1, 2, 3, 5])
[INFO] [1733805707.911136711] [fibonacci_action_client]: Received feedback: array('i', [0, 1, 1, 2, 3, 5, 8])
[INFO] [1733805708.162269166] [fibonacci_action_client]: Received feedback: array('i', [0, 1, 1, 2, 3, 5, 8, 13])
[INFO] [1733805708.413711610] [fibonacci_action_client]: Received feedback: array('i', [0, 1, 1, 2, 3, 5, 8, 13, 21])
[INFO] [1733805708.664861808] [fibonacci_action_client]: Received feedback: array('i', [0, 1, 1, 2, 3, 5, 8, 13, 21, 34])
[INFO] [1733805708.915971397] [fibonacci_action_client]: Received feedback: array('i', [0, 1, 1, 2, 3, 5, 8, 13, 21, 34, 55])
[INFO] [1733805709.169523606] [fibonacci_action_client]: Result: array('i', [0, 1, 1, 2, 3, 5, 8, 13, 21, 34, 55])
[INFO] [1733805709.420304172] [fibonacci_action_client]: Sending goal with order 10
[INFO] [1733805711.432312526] [fibonacci_action_client]: Goal accepted, waiting for result.
[INFO] [1733805711.433082939] [fibonacci_action_client]: Received feedback: array('i', [0, 1, 1])
[INFO] [1733805711.682886514] [fibonacci_action_client]: Received feedback: array('i', [0, 1, 1, 2])
[INFO] [1733805711.934293415] [fibonacci_action_client]: Received feedback: array('i', [0, 1, 1, 2, 3])
[INFO] [1733805712.185541805] [fibonacci_action_client]: Received feedback: array('i', [0, 1, 1, 2, 3, 5])
[INFO] [1733805712.436658202] [fibonacci_action_client]: Received feedback: array('i', [0, 1, 1, 2, 3, 5, 8])
[INFO] [1733805712.687717747] [fibonacci_action_client]: Received feedback: array('i', [0, 1, 1, 2, 3, 5, 8, 13])
[INFO] [1733805712.938993781] [fibonacci_action_client]: Received feedback: array('i', [0, 1, 1, 2, 3, 5, 8, 13, 21])
[INFO] [1733805713.190126079] [fibonacci_action_client]: Received feedback: array('i', [0, 1, 1, 2, 3, 5, 8, 13, 21, 34])
[INFO] [1733805713.441239299] [fibonacci_action_client]: Received feedback: array('i', [0, 1, 1, 2, 3, 5, 8, 13, 21, 34, 55])
[INFO] [1733805713.696844503] [fibonacci_action_client]: Result: array('i', [0, 1, 1, 2, 3, 5, 8, 13, 21, 34, 55])
[INFO] [1733805713.947558070] [fibonacci_action_client]: Sending goal with order 10
[INFO] [1733805715.956555835] [fibonacci_action_client]: Goal accepted, waiting for result.
[INFO] [1733805715.957287792] [fibonacci_action_client]: Received feedback: array('i', [0, 1, 1])
[INFO] [1733805716.207114330] [fibonacci_action_client]: Received feedback: array('i', [0, 1, 1, 2])
[INFO] [1733805716.458487486] [fibonacci_action_client]: Received feedback: array('i', [0, 1, 1, 2, 3])
[INFO] [1733805716.709809558] [fibonacci_action_client]: Received feedback: array('i', [0, 1, 1, 2, 3, 5])
[INFO] [1733805716.960951927] [fibonacci_action_client]: Received feedback: array('i', [0, 1, 1, 2, 3, 5, 8])
[INFO] [1733805717.211903292] [fibonacci_action_client]: Received feedback: array('i', [0, 1, 1, 2, 3, 5, 8, 13])
[INFO] [1733805717.462760845] [fibonacci_action_client]: Received feedback: array('i', [0, 1, 1, 2, 3, 5, 8, 13, 21])
[INFO] [1733805717.714216728] [fibonacci_action_client]: Received feedback: array('i', [0, 1, 1, 2, 3, 5, 8, 13, 21, 34])
[INFO] [1733805717.965656934] [fibonacci_action_client]: Received feedback: array('i', [0, 1, 1, 2, 3, 5, 8, 13, 21, 34, 55])
[INFO] [1733805718.219114491] [fibonacci_action_client]: Result: array('i', [0, 1, 1, 2, 3, 5, 8, 13, 21, 34, 55])
[INFO] [1733805718.469861438] [fibonacci_action_client]: Sending goal with order 10
[INFO] [1733805720.483505400] [fibonacci_action_client]: Received feedback: array('i', [0, 1, 1])
[INFO] [1733805720.483964975] [fibonacci_action_client]: Goal accepted, waiting for result.
[INFO] [1733805720.731695978] [fibonacci_action_client]: Received feedback: array('i', [0, 1, 1, 2])
[INFO] [1733805720.982995156] [fibonacci_action_client]: Received feedback: array('i', [0, 1, 1, 2, 3])
[INFO] [1733805721.233901680] [fibonacci_action_client]: Received feedback: array('i', [0, 1, 1, 2, 3, 5])
[INFO] [1733805721.484908930] [fibonacci_action_client]: Received feedback: array('i', [0, 1, 1, 2, 3, 5, 8])
[INFO] [1733805721.735865175] [fibonacci_action_client]: Received feedback: array('i', [0, 1, 1, 2, 3, 5, 8, 13])
[INFO] [1733805721.987089740] [fibonacci_action_client]: Received feedback: array('i', [0, 1, 1, 2, 3, 5, 8, 13, 21])
[INFO] [1733805722.238202593] [fibonacci_action_client]: Received feedback: array('i', [0, 1, 1, 2, 3, 5, 8, 13, 21, 34])
[INFO] [1733805722.489592282] [fibonacci_action_client]: Received feedback: array('i', [0, 1, 1, 2, 3, 5, 8, 13, 21, 34, 55])
[INFO] [1733805722.745664741] [fibonacci_action_client]: Result: array('i', [0, 1, 1, 2, 3, 5, 8, 13, 21, 34, 55])
[INFO] [1733805722.996658083] [fibonacci_action_client]: Sending goal with order 10
[INFO] [1733805725.008249459] [fibonacci_action_client]: Received feedback: array('i', [0, 1, 1])
[INFO] [1733805725.008718646] [fibonacci_action_client]: Goal accepted, waiting for result.
[INFO] [1733805725.256503161] [fibonacci_action_client]: Received feedback: array('i', [0, 1, 1, 2])
[INFO] [1733805725.507740749] [fibonacci_action_client]: Received feedback: array('i', [0, 1, 1, 2, 3])
[INFO] [1733805725.758424580] [fibonacci_action_client]: Received feedback: array('i', [0, 1, 1, 2, 3, 5])
[INFO] [1733805726.009839076] [fibonacci_action_client]: Received feedback: array('i', [0, 1, 1, 2, 3, 5, 8])
[INFO] [1733805726.261140874] [fibonacci_action_client]: Received feedback: array('i', [0, 1, 1, 2, 3, 5, 8, 13])
[INFO] [1733805726.512503917] [fibonacci_action_client]: Received feedback: array('i', [0, 1, 1, 2, 3, 5, 8, 13, 21])
[INFO] [1733805726.763039864] [fibonacci_action_client]: Received feedback: array('i', [0, 1, 1, 2, 3, 5, 8, 13, 21, 34])
[INFO] [1733805727.013976426] [fibonacci_action_client]: Received feedback: array('i', [0, 1, 1, 2, 3, 5, 8, 13, 21, 34, 55])
[INFO] [1733805727.267635562] [fibonacci_action_client]: Result: array('i', [0, 1, 1, 2, 3, 5, 8, 13, 21, 34, 55])
[INFO] [1733805727.518363455] [fibonacci_action_client]: Sending goal with order 10
[INFO] [1733805729.530023050] [fibonacci_action_client]: Goal accepted, waiting for result.
[INFO] [1733805729.530757296] [fibonacci_action_client]: Received feedback: array('i', [0, 1, 1])
[INFO] [1733805729.780538513] [fibonacci_action_client]: Received feedback: array('i', [0, 1, 1, 2])
[INFO] [1733805730.031801946] [fibonacci_action_client]: Received feedback: array('i', [0, 1, 1, 2, 3])
[INFO] [1733805730.283115044] [fibonacci_action_client]: Received feedback: array('i', [0, 1, 1, 2, 3, 5])
[INFO] [1733805730.534428287] [fibonacci_action_client]: Received feedback: array('i', [0, 1, 1, 2, 3, 5, 8])
[INFO] [1733805730.785694934] [fibonacci_action_client]: Received feedback: array('i', [0, 1, 1, 2, 3, 5, 8, 13])
[INFO] [1733805731.036758826] [fibonacci_action_client]: Received feedback: array('i', [0, 1, 1, 2, 3, 5, 8, 13, 21])
[INFO] [1733805731.287852177] [fibonacci_action_client]: Received feedback: array('i', [0, 1, 1, 2, 3, 5, 8, 13, 21, 34])
[INFO] [1733805731.539080657] [fibonacci_action_client]: Received feedback: array('i', [0, 1, 1, 2, 3, 5, 8, 13, 21, 34, 55])
[INFO] [1733805731.793024867] [fibonacci_action_client]: Result: array('i', [0, 1, 1, 2, 3, 5, 8, 13, 21, 34, 55])
[INFO] [1733805732.043899881] [fibonacci_action_client]: Sending goal with order 10
[INFO] [1733805734.055879874] [fibonacci_action_client]: Goal accepted, waiting for result.
[INFO] [1733805734.056635816] [fibonacci_action_client]: Received feedback: array('i', [0, 1, 1])
[INFO] [1733805734.306367671] [fibonacci_action_client]: Received feedback: array('i', [0, 1, 1, 2])
[INFO] [1733805734.557626484] [fibonacci_action_client]: Received feedback: array('i', [0, 1, 1, 2, 3])
[INFO] [1733805734.808825252] [fibonacci_action_client]: Received feedback: array('i', [0, 1, 1, 2, 3, 5])
[INFO] [1733805735.059882913] [fibonacci_action_client]: Received feedback: array('i', [0, 1, 1, 2, 3, 5, 8])
[INFO] [1733805735.311256216] [fibonacci_action_client]: Received feedback: array('i', [0, 1, 1, 2, 3, 5, 8, 13])
[INFO] [1733805735.562740868] [fibonacci_action_client]: Received feedback: array('i', [0, 1, 1, 2, 3, 5, 8, 13, 21])
[INFO] [1733805735.813833297] [fibonacci_action_client]: Received feedback: array('i', [0, 1, 1, 2, 3, 5, 8, 13, 21, 34])
[INFO] [1733805736.064659582] [fibonacci_action_client]: Received feedback: array('i', [0, 1, 1, 2, 3, 5, 8, 13, 21, 34, 55])
[INFO] [1733805736.319871934] [fibonacci_action_client]: Result: array('i', [0, 1, 1, 2, 3, 5, 8, 13, 21, 34, 55])
[INFO] [1733805736.570782671] [fibonacci_action_client]: Sending goal with order 10
[INFO] [1733805738.582811919] [fibonacci_action_client]: Goal accepted, waiting for result.
[INFO] [1733805738.583584248] [fibonacci_action_client]: Received feedback: array('i', [0, 1, 1])
[INFO] [1733805738.833116371] [fibonacci_action_client]: Received feedback: array('i', [0, 1, 1, 2])
[INFO] [1733805739.083917820] [fibonacci_action_client]: Received feedback: array('i', [0, 1, 1, 2, 3])
[INFO] [1733805739.335039245] [fibonacci_action_client]: Received feedback: array('i', [0, 1, 1, 2, 3, 5])
[INFO] [1733805739.586361516] [fibonacci_action_client]: Received feedback: array('i', [0, 1, 1, 2, 3, 5, 8])
[INFO] [1733805739.837681755] [fibonacci_action_client]: Received feedback: array('i', [0, 1, 1, 2, 3, 5, 8, 13])
[INFO] [1733805740.088673622] [fibonacci_action_client]: Received feedback: array('i', [0, 1, 1, 2, 3, 5, 8, 13, 21])
[INFO] [1733805740.340095632] [fibonacci_action_client]: Received feedback: array('i', [0, 1, 1, 2, 3, 5, 8, 13, 21, 34])
[INFO] [1733805740.590990684] [fibonacci_action_client]: Received feedback: array('i', [0, 1, 1, 2, 3, 5, 8, 13, 21, 34, 55])
[INFO] [1733805740.847462364] [fibonacci_action_client]: Result: array('i', [0, 1, 1, 2, 3, 5, 8, 13, 21, 34, 55])
[INFO] [1733805741.098173056] [fibonacci_action_client]: Sending goal with order 10
[INFO] [1733805743.108228896] [fibonacci_action_client]: Goal accepted, waiting for result.
[INFO] [1733805743.108956630] [fibonacci_action_client]: Received feedback: array('i', [0, 1, 1])
[INFO] [1733805743.358664793] [fibonacci_action_client]: Received feedback: array('i', [0, 1, 1, 2])
[INFO] [1733805743.609947258] [fibonacci_action_client]: Received feedback: array('i', [0, 1, 1, 2, 3])
[INFO] [1733805743.861130530] [fibonacci_action_client]: Received feedback: array('i', [0, 1, 1, 2, 3, 5])
[INFO] [1733805744.112392152] [fibonacci_action_client]: Received feedback: array('i', [0, 1, 1, 2, 3, 5, 8])
[INFO] [1733805744.363474367] [fibonacci_action_client]: Received feedback: array('i', [0, 1, 1, 2, 3, 5, 8, 13])
[INFO] [1733805744.614727240] [fibonacci_action_client]: Received feedback: array('i', [0, 1, 1, 2, 3, 5, 8, 13, 21])
[INFO] [1733805744.866049030] [fibonacci_action_client]: Received feedback: array('i', [0, 1, 1, 2, 3, 5, 8, 13, 21, 34])
[INFO] [1733805745.117115624] [fibonacci_action_client]: Received feedback: array('i', [0, 1, 1, 2, 3, 5, 8, 13, 21, 34, 55])
[INFO] [1733805745.370681076] [fibonacci_action_client]: Result: array('i', [0, 1, 1, 2, 3, 5, 8, 13, 21, 34, 55])
[INFO] [1733805745.621459541] [fibonacci_action_client]: Sending goal with order 10
[INFO] [1733805747.632974459] [fibonacci_action_client]: Goal accepted, waiting for result.
[INFO] [1733805747.633721972] [fibonacci_action_client]: Received feedback: array('i', [0, 1, 1])
[INFO] [1733805747.884116107] [fibonacci_action_client]: Received feedback: array('i', [0, 1, 1, 2])
[INFO] [1733805748.135096622] [fibonacci_action_client]: Received feedback: array('i', [0, 1, 1, 2, 3])
[INFO] [1733805748.386571544] [fibonacci_action_client]: Received feedback: array('i', [0, 1, 1, 2, 3, 5])
[INFO] [1733805748.637872224] [fibonacci_action_client]: Received feedback: array('i', [0, 1, 1, 2, 3, 5, 8])
[INFO] [1733805748.888959739] [fibonacci_action_client]: Received feedback: array('i', [0, 1, 1, 2, 3, 5, 8, 13])
[INFO] [1733805749.139790394] [fibonacci_action_client]: Received feedback: array('i', [0, 1, 1, 2, 3, 5, 8, 13, 21])
[INFO] [1733805749.391068923] [fibonacci_action_client]: Received feedback: array('i', [0, 1, 1, 2, 3, 5, 8, 13, 21, 34])
[INFO] [1733805749.642449391] [fibonacci_action_client]: Received feedback: array('i', [0, 1, 1, 2, 3, 5, 8, 13, 21, 34, 55])
[INFO] [1733805749.897943291] [fibonacci_action_client]: Result: array('i', [0, 1, 1, 2, 3, 5, 8, 13, 21, 34, 55])
[INFO] [1733805750.148687383] [fibonacci_action_client]: Sending goal with order 10
[INFO] [1733805752.160369566] [fibonacci_action_client]: Goal accepted, waiting for result.
[INFO] [1733805752.161212256] [fibonacci_action_client]: Received feedback: array('i', [0, 1, 1])
[INFO] [1733805752.410543721] [fibonacci_action_client]: Received feedback: array('i', [0, 1, 1, 2])
[INFO] [1733805752.661800919] [fibonacci_action_client]: Received feedback: array('i', [0, 1, 1, 2, 3])
[INFO] [1733805752.912990934] [fibonacci_action_client]: Received feedback: array('i', [0, 1, 1, 2, 3, 5])
[INFO] [1733805753.163630906] [fibonacci_action_client]: Received feedback: array('i', [0, 1, 1, 2, 3, 5, 8])
[INFO] [1733805753.415023799] [fibonacci_action_client]: Received feedback: array('i', [0, 1, 1, 2, 3, 5, 8, 13])
[INFO] [1733805753.665850393] [fibonacci_action_client]: Received feedback: array('i', [0, 1, 1, 2, 3, 5, 8, 13, 21])
[INFO] [1733805753.917173593] [fibonacci_action_client]: Received feedback: array('i', [0, 1, 1, 2, 3, 5, 8, 13, 21, 34])
[INFO] [1733805754.168462885] [fibonacci_action_client]: Received feedback: array('i', [0, 1, 1, 2, 3, 5, 8, 13, 21, 34, 55])
[INFO] [1733805754.422598251] [fibonacci_action_client]: Result: array('i', [0, 1, 1, 2, 3, 5, 8, 13, 21, 34, 55])
[INFO] [1733805754.673328607] [fibonacci_action_client]: Sending goal with order 10
[INFO] [1733805756.687752263] [fibonacci_action_client]: Received feedback: array('i', [0, 1, 1])
[INFO] [1733805756.688210159] [fibonacci_action_client]: Goal accepted, waiting for result.
[INFO] [1733805756.934946158] [fibonacci_action_client]: Received feedback: array('i', [0, 1, 1, 2])
[INFO] [1733805757.186371674] [fibonacci_action_client]: Received feedback: array('i', [0, 1, 1, 2, 3])
[INFO] [1733805757.437692406] [fibonacci_action_client]: Received feedback: array('i', [0, 1, 1, 2, 3, 5])
[INFO] [1733805757.688435199] [fibonacci_action_client]: Received feedback: array('i', [0, 1, 1, 2, 3, 5, 8])
[INFO] [1733805757.939686239] [fibonacci_action_client]: Received feedback: array('i', [0, 1, 1, 2, 3, 5, 8, 13])
[INFO] [1733805758.190906451] [fibonacci_action_client]: Received feedback: array('i', [0, 1, 1, 2, 3, 5, 8, 13, 21])
[INFO] [1733805758.441780475] [fibonacci_action_client]: Received feedback: array('i', [0, 1, 1, 2, 3, 5, 8, 13, 21, 34])
[INFO] [1733805758.693059315] [fibonacci_action_client]: Received feedback: array('i', [0, 1, 1, 2, 3, 5, 8, 13, 21, 34, 55])
[INFO] [1733805758.947115705] [fibonacci_action_client]: Result: array('i', [0, 1, 1, 2, 3, 5, 8, 13, 21, 34, 55])
[INFO] [1733805759.197763996] [fibonacci_action_client]: Sending goal with order 10
[INFO] [1733805761.208729472] [fibonacci_action_client]: Goal accepted, waiting for result.
[INFO] [1733805761.209777032] [fibonacci_action_client]: Received feedback: array('i', [0, 1, 1])
[INFO] [1733805761.458899193] [fibonacci_action_client]: Received feedback: array('i', [0, 1, 1, 2])
[INFO] [1733805761.710073833] [fibonacci_action_client]: Received feedback: array('i', [0, 1, 1, 2, 3])
[INFO] [1733805761.960909056] [fibonacci_action_client]: Received feedback: array('i', [0, 1, 1, 2, 3, 5])
[INFO] [1733805762.211953151] [fibonacci_action_client]: Received feedback: array('i', [0, 1, 1, 2, 3, 5, 8])
[INFO] [1733805762.463070498] [fibonacci_action_client]: Received feedback: array('i', [0, 1, 1, 2, 3, 5, 8, 13])
[INFO] [1733805762.714359549] [fibonacci_action_client]: Received feedback: array('i', [0, 1, 1, 2, 3, 5, 8, 13, 21])
[INFO] [1733805762.965445484] [fibonacci_action_client]: Received feedback: array('i', [0, 1, 1, 2, 3, 5, 8, 13, 21, 34])
[INFO] [1733805763.216493645] [fibonacci_action_client]: Received feedback: array('i', [0, 1, 1, 2, 3, 5, 8, 13, 21, 34, 55])
[INFO] [1733805763.470752935] [fibonacci_action_client]: Result: array('i', [0, 1, 1, 2, 3, 5, 8, 13, 21, 34, 55])
[INFO] [1733805763.721436110] [fibonacci_action_client]: Sending goal with order 10
[INFO] [1733805765.732465080] [fibonacci_action_client]: Received feedback: array('i', [0, 1, 1])
[INFO] [1733805765.732891729] [fibonacci_action_client]: Goal accepted, waiting for result.
[INFO] [1733805765.982474757] [fibonacci_action_client]: Received feedback: array('i', [0, 1, 1, 2])
[INFO] [1733805766.233705156] [fibonacci_action_client]: Received feedback: array('i', [0, 1, 1, 2, 3])
[INFO] [1733805766.484897199] [fibonacci_action_client]: Received feedback: array('i', [0, 1, 1, 2, 3, 5])
[INFO] [1733805766.736255830] [fibonacci_action_client]: Received feedback: array('i', [0, 1, 1, 2, 3, 5, 8])
[INFO] [1733805766.987086179] [fibonacci_action_client]: Received feedback: array('i', [0, 1, 1, 2, 3, 5, 8, 13])
[INFO] [1733805767.238466875] [fibonacci_action_client]: Received feedback: array('i', [0, 1, 1, 2, 3, 5, 8, 13, 21])
[INFO] [1733805767.489764406] [fibonacci_action_client]: Received feedback: array('i', [0, 1, 1, 2, 3, 5, 8, 13, 21, 34])
[INFO] [1733805767.740625948] [fibonacci_action_client]: Received feedback: array('i', [0, 1, 1, 2, 3, 5, 8, 13, 21, 34, 55])
[INFO] [1733805767.995797474] [fibonacci_action_client]: Result: array('i', [0, 1, 1, 2, 3, 5, 8, 13, 21, 34, 55])
[INFO] [1733805768.246518777] [fibonacci_action_client]: Sending goal with order 10
[INFO] [1733805770.258136929] [fibonacci_action_client]: Goal accepted, waiting for result.
[INFO] [1733805770.259001085] [fibonacci_action_client]: Received feedback: array('i', [0, 1, 1])
[INFO] [1733805770.507492213] [fibonacci_action_client]: Received feedback: array('i', [0, 1, 1, 2])
[INFO] [1733805770.758955168] [fibonacci_action_client]: Received feedback: array('i', [0, 1, 1, 2, 3])
[INFO] [1733805771.009820687] [fibonacci_action_client]: Received feedback: array('i', [0, 1, 1, 2, 3, 5])
[INFO] [1733805771.261032265] [fibonacci_action_client]: Received feedback: array('i', [0, 1, 1, 2, 3, 5, 8])
[INFO] [1733805771.511851570] [fibonacci_action_client]: Received feedback: array('i', [0, 1, 1, 2, 3, 5, 8, 13])
[INFO] [1733805771.763084968] [fibonacci_action_client]: Received feedback: array('i', [0, 1, 1, 2, 3, 5, 8, 13, 21])
[INFO] [1733805772.014659150] [fibonacci_action_client]: Received feedback: array('i', [0, 1, 1, 2, 3, 5, 8, 13, 21, 34])
[INFO] [1733805772.265645323] [fibonacci_action_client]: Received feedback: array('i', [0, 1, 1, 2, 3, 5, 8, 13, 21, 34, 55])
[INFO] [1733805772.519998222] [fibonacci_action_client]: Result: array('i', [0, 1, 1, 2, 3, 5, 8, 13, 21, 34, 55])
[INFO] [1733805772.770693195] [fibonacci_action_client]: Sending goal with order 10
[INFO] [1733805774.782732846] [fibonacci_action_client]: Received feedback: array('i', [0, 1, 1])
[INFO] [1733805774.783198398] [fibonacci_action_client]: Goal accepted, waiting for result.
[INFO] [1733805775.032613012] [fibonacci_action_client]: Received feedback: array('i', [0, 1, 1, 2])
[INFO] [1733805775.283590701] [fibonacci_action_client]: Received feedback: array('i', [0, 1, 1, 2, 3])
[INFO] [1733805775.534826633] [fibonacci_action_client]: Received feedback: array('i', [0, 1, 1, 2, 3, 5])
[INFO] [1733805775.786202097] [fibonacci_action_client]: Received feedback: array('i', [0, 1, 1, 2, 3, 5, 8])
[INFO] [1733805776.037340769] [fibonacci_action_client]: Received feedback: array('i', [0, 1, 1, 2, 3, 5, 8, 13])
[INFO] [1733805776.288525180] [fibonacci_action_client]: Received feedback: array('i', [0, 1, 1, 2, 3, 5, 8, 13, 21])
[INFO] [1733805776.539622757] [fibonacci_action_client]: Received feedback: array('i', [0, 1, 1, 2, 3, 5, 8, 13, 21, 34])
[INFO] [1733805776.790601402] [fibonacci_action_client]: Received feedback: array('i', [0, 1, 1, 2, 3, 5, 8, 13, 21, 34, 55])
[INFO] [1733805774.782808354] [fibonacci_action_client]: Result: array('i', [0, 1, 1, 2, 3, 5, 8, 13, 21, 34, 55])
[INFO] [1733805775.033582418] [fibonacci_action_client]: Sending goal with order 10
[INFO] [1733805777.045594618] [fibonacci_action_client]: Goal accepted, waiting for result.
