[INFO] [1733763227.896577266] [fibonacci_action_server]: Received goal request with order 10
[INFO] [1733763227.896831796] [fibonacci_action_server]: Executing goal...
[INFO] [1733763227.896929215] [fibonacci_action_server]: Feedback: [1]
[INFO] [1733763228.397061379] [fibonacci_action_server]: Feedback: [2]
[INFO] [1733763228.897259151] [fibonacci_action_server]: Feedback: [3]
[INFO] [1733763229.397468785] [fibonacci_action_server]: Feedback: [5]
[INFO] [1733763229.897694889] [fibonacci_action_server]: Feedback: [8]
[INFO] [1733763230.397886501] [fibonacci_action_server]: Feedback: [13]
[INFO] [1733763230.898058707] [fibonacci_action_server]: Feedback: [21]
[INFO] [1733763231.398252048] [fibonacci_action_server]: Feedback: [34]
[INFO] [1733763231.898468944] [fibonacci_action_server]: Feedback: [55]
[INFO] [1733763232.398707462] [fibonacci_action_server]: Goal succeeded
[INFO] [1733763232.399095371] [fibonacci_action_server]: Received goal request with order 10
[INFO] [1733763232.399242303] [fibonacci_action_server]: Executing goal...
[INFO] [1733763232.399289674] [fibonacci_action_server]: Feedback: [1]
[INFO] [1733763232.899470652] [fibonacci_action_server]: Feedback: [2]
[INFO] [1733763233.399653027] [fibonacci_action_server]: Feedback: [3]
[INFO] [1733763233.899872880] [fibonacci_action_server]: Feedback: [5]
[INFO] [1733763234.400070717] [fibonacci_action_server]: Feedback: [8]
[INFO] [1733763234.900285800] [fibonacci_action_server]: Feedback: [13]
[INFO] [1733763235.400472755] [fibonacci_action_server]: Feedback: [21]
[INFO] [1733763235.900682248] [fibonacci_action_server]: Feedback: [34]
[INFO] [1733763236.400900687] [fibonacci_action_server]: Feedback: [55]
[INFO] [1733763236.901158745] [fibonacci_action_server]: Goal succeeded
[INFO] [1733763236.901508563] [fibonacci_action_server]: Received goal request with order 10
[INFO] [1733763236.901658442] [fibonacci_action_server]: Executing goal...
[INFO] [1733763236.901715526] [fibonacci_action_server]: Feedback: [1]
[INFO] [1733763237.401865014] [fibonacci_action_server]: Feedback: [2]
[INFO] [1733763237.902060706] [fibonacci_action_server]: Feedback: [3]
[INFO] [1733763238.402256069] [fibonacci_action_server]: Feedback: [5]
[INFO] [1733763238.902461606] [fibonacci_action_server]: Feedback: [8]
[INFO] [1733763239.402647124] [fibonacci_action_server]: Feedback: [13]
[INFO] [1733763239.902821777] [fibonacci_action_server]: Feedback: [21]
[INFO] [1733763240.402988172] [fibonacci_action_server]: Feedback: [34]
[INFO] [1733763240.903194705] [fibonacci_action_server]: Feedback: [55]
[INFO] [1733763241.403397641] [fibonacci_action_server]: Goal succeeded
[INFO] [1733763241.403743684] [fibonacci_action_server]: Received goal request with order 10
[INFO] [1733763241.403913206] [fibonacci_action_server]: Executing goal...
[INFO] [1733763241.403974333] [fibonacci_action_server]: Feedback: [1]
[INFO] [1733763241.904149515] [fibonacci_action_server]: Feedback: [2]
[INFO] [1733763242.404302208] [fibonacci_action_server]: Feedback: [3]
[INFO] [1733763242.904464155] [fibonacci_action_server]: Feedback: [5]
[INFO] [1733763243.404659612] [fibonacci_action_server]: Feedback: [8]
[INFO] [1733763243.904844148] [fibonacci_action_server]: Feedback: [13]
[INFO] [1733763244.405021894] [fibonacci_action_server]: Feedback: [21]
[INFO] [1733763244.905245353] [fibonacci_action_server]: Feedback: [34]
[INFO] [1733763245.405436258] [fibonacci_action_server]: Feedback: [55]
[INFO] [1733763245.905607947] [fibonacci_action_server]: Goal succeeded
[INFO] [1733763245.905959122] [fibonacci_action_server]: Received goal request with order 10
[INFO] [1733763245.906038311] [fibonacci_action_server]: Executing goal...
[INFO] [1733763245.906076426] [fibonacci_action_server]: Feedback: [1]
[INFO] [1733763246.406215436] [fibonacci_action_server]: Feedback: [2]
[INFO] [1733763246.906382769] [fibonacci_action_server]: Feedback: [3]
[INFO] [1733763247.406533899] [fibonacci_action_server]: Feedback: [5]
[INFO] [1733763247.906739604] [fibonacci_action_server]: Feedback: [8]
[INFO] [1733763248.406947294] [fibonacci_action_server]: Feedback: [13]
[INFO] [1733763248.907152960] [fibonacci_action_server]: Feedback: [21]
[INFO] [1733763249.407314434] [fibonacci_action_server]: Feedback: [34]
[INFO] [1733763249.907493263] [fibonacci_action_server]: Feedback: [55]
[INFO] [1733763250.407681663] [fibonacci_action_server]: Goal succeeded
[INFO] [1733763250.408007973] [fibonacci_action_server]: Received goal request with order 10
[INFO] [1733763250.408087052] [fibonacci_action_server]: Executing goal...
[INFO] [1733763250.408131006] [fibonacci_action_server]: Feedback: [1]
[INFO] [1733763250.908318177] [fibonacci_action_server]: Feedback: [2]
[INFO] [1733763251.408432256] [fibonacci_action_server]: Feedback: [3]
[INFO] [1733763251.908604296] [fibonacci_action_server]: Feedback: [5]
[INFO] [1733763252.408857016] [fibonacci_action_server]: Feedback: [8]
[INFO] [1733763252.909091381] [fibonacci_action_server]: Feedback: [13]
[INFO] [1733763253.409229171] [fibonacci_action_server]: Feedback: [21]
[INFO] [1733763253.909488101] [fibonacci_action_server]: Feedback: [34]
[INFO] [1733763254.409617950] [fibonacci_action_server]: Feedback: [55]
[INFO] [1733763254.909833796] [fibonacci_action_server]: Goal succeeded
[INFO] [1733763254.910115383] [fibonacci_action_server]: Received goal request with order 10
[INFO] [1733763254.910305380] [fibonacci_action_server]: Executing goal...
[INFO] [1733763254.910351423] [fibonacci_action_server]: Feedback: [1]
[INFO] [1733763255.410512531] [fibonacci_action_server]: Feedback: [2]
[INFO] [1733763255.910705112] [fibonacci_action_server]: Feedback: [3]
[INFO] [1733763256.410813641] [fibonacci_action_server]: Feedback: [5]
[INFO] [1733763256.911021863] [fibonacci_action_server]: Feedback: [8]
[INFO] [1733763257.411210494] [fibonacci_action_server]: Feedback: [13]
[INFO] [1733763257.911406794] [fibonacci_action_server]: Feedback: [21]
[INFO] [1733763258.411613228] [fibonacci_action_server]: Feedback: [34]
[INFO] [1733763258.911856096] [fibonacci_action_server]: Feedback: [55]
[INFO] [1733763259.412107743] [fibonacci_action_server]: Goal succeeded
[INFO] [1733763259.412471521] [fibonacci_action_server]: Received goal request with order 10
[INFO] [1733763259.412567349] [fibonacci_action_server]: Executing goal...
[INFO] [1733763259.412633707] [fibonacci_action_server]: Feedback: [1]
[INFO] [1733763259.912808618] [fibonacci_action_server]: Feedback: [2]
[INFO] [1733763260.412939656] [fibonacci_action_server]: Feedback: [3]
[INFO] [1733763260.913139705] [fibonacci_action_server]: Feedback: [5]
[INFO] [1733763261.413321100] [fibonacci_action_server]: Feedback: [8]
[INFO] [1733763261.913507729] [fibonacci_action_server]: Feedback: [13]
[INFO] [1733763262.413741274] [fibonacci_action_server]: Feedback: [21]
[INFO] [1733763262.913959020] [fibonacci_action_server]: Feedback: [34]
[INFO] [1733763263.414189146] [fibonacci_action_server]: Feedback: [55]
[INFO] [1733763263.914447604] [fibonacci_action_server]: Goal succeeded
[INFO] [1733763263.914729471] [fibonacci_action_server]: Received goal request with order 10
[INFO] [1733763263.914845987] [fibonacci_action_server]: Executing goal...
[INFO] [1733763263.914891234] [fibonacci_action_server]: Feedback: [1]
[INFO] [1733763264.415073557] [fibonacci_action_server]: Feedback: [2]
[INFO] [1733763264.915255315] [fibonacci_action_server]: Feedback: [3]
[INFO] [1733763265.415453168] [fibonacci_action_server]: Feedback: [5]
[INFO] [1733763265.915618378] [fibonacci_action_server]: Feedback: [8]
[INFO] [1733763266.415851059] [fibonacci_action_server]: Feedback: [13]
[INFO] [1733763266.916054407] [fibonacci_action_server]: Feedback: [21]
[INFO] [1733763267.416258335] [fibonacci_action_server]: Feedback: [34]
[INFO] [1733763267.916465141] [fibonacci_action_server]: Feedback: [55]
[INFO] [1733763268.416716756] [fibonacci_action_server]: Goal succeeded
[INFO] [1733763268.416999268] [fibonacci_action_server]: Received goal request with order 10
[INFO] [1733763268.417083730] [fibonacci_action_server]: Executing goal...
[INFO] [1733763268.417131944] [fibonacci_action_server]: Feedback: [1]
[INFO] [1733763268.917317699] [fibonacci_action_server]: Feedback: [2]
[INFO] [1733763269.417561302] [fibonacci_action_server]: Feedback: [3]
[INFO] [1733763269.917735944] [fibonacci_action_server]: Feedback: [5]
[INFO] [1733763270.417931205] [fibonacci_action_server]: Feedback: [8]
[INFO] [1733763270.918166723] [fibonacci_action_server]: Feedback: [13]
[INFO] [1733763271.418374708] [fibonacci_action_server]: Feedback: [21]
[INFO] [1733763271.918575320] [fibonacci_action_server]: Feedback: [34]
[INFO] [1733763272.418771318] [fibonacci_action_server]: Feedback: [55]
[INFO] [1733763272.919039892] [fibonacci_action_server]: Goal succeeded
[INFO] [1733763272.919300961] [fibonacci_action_server]: Received goal request with order 10
[INFO] [1733763272.919390701] [fibonacci_action_server]: Executing goal...
[INFO] [1733763272.919435612] [fibonacci_action_server]: Feedback: [1]
[INFO] [1733763273.419565625] [fibonacci_action_server]: Feedback: [2]
[INFO] [1733763273.919792659] [fibonacci_action_server]: Feedback: [3]
[INFO] [1733763274.419948544] [fibonacci_action_server]: Feedback: [5]
[INFO] [1733763274.920175023] [fibonacci_action_server]: Feedback: [8]
[INFO] [1733763275.420366285] [fibonacci_action_server]: Feedback: [13]
[INFO] [1733763275.920585352] [fibonacci_action_server]: Feedback: [21]
[INFO] [1733763276.420752327] [fibonacci_action_server]: Feedback: [34]
[INFO] [1733763276.920999976] [fibonacci_action_server]: Feedback: [55]
[INFO] [1733763277.421208990] [fibonacci_action_server]: Goal succeeded
[INFO] [1733763277.421588872] [fibonacci_action_server]: Received goal request with order 10
[INFO] [1733763277.421682286] [fibonacci_action_server]: Executing goal...
[INFO] [1733763277.421722032] [fibonacci_action_server]: Feedback: [1]
[INFO] [1733763277.921898809] [fibonacci_action_server]: Feedback: [2]
[INFO] [1733763278.422080309] [fibonacci_action_server]: Feedback: [3]
[INFO] [1733763278.922261791] [fibonacci_action_server]: Feedback: [5]
[INFO] [1733763279.422492835] [fibonacci_action_server]: Feedback: [8]
[INFO] [1733763279.922698271] [fibonacci_action_server]: Feedback: [13]
[INFO] [1733763280.422895515] [fibonacci_action_server]: Feedback: [21]
[INFO] [1733763280.923081902] [fibonacci_action_server]: Feedback: [34]
[INFO] [1733763281.423331413] [fibonacci_action_server]: Feedback: [55]
[INFO] [1733763281.923597616] [fibonacci_action_server]: Goal succeeded
[INFO] [1733763281.923963405] [fibonacci_action_server]: Received goal request with order 10
[INFO] [1733763281.924050712] [fibonacci_action_server]: Executing goal...
[INFO] [1733763281.924102046] [fibonacci_action_server]: Feedback: [1]
[INFO] [1733763282.424269433] [fibonacci_action_server]: Feedback: [2]
[INFO] [1733763282.924465999] [fibonacci_action_server]: Feedback: [3]
[INFO] [1733763283.424658608] [fibonacci_action_server]: Feedback: [5]
[INFO] [1733763283.924807683] [fibonacci_action_server]: Feedback: [8]
[INFO] [1733763284.425027443] [fibonacci_action_server]: Feedback: [13]
[INFO] [1733763284.925249665] [fibonacci_action_server]: Feedback: [21]
[INFO] [1733763285.425441035] [fibonacci_action_server]: Feedback: [34]
[INFO] [1733763285.925656887] [fibonacci_action_server]: Feedback: [55]
[INFO] [1733763286.425882964] [fibonacci_action_server]: Goal succeeded
[INFO] [1733763286.426218802] [fibonacci_action_server]: Received goal request with order 10
[INFO] [1733763286.426430058] [fibonacci_action_server]: Executing goal...
[INFO] [1733763286.426479062] [fibonacci_action_server]: Feedback: [1]
[INFO] [1733763286.926655268] [fibonacci_action_server]: Feedback: [2]
[INFO] [1733763287.426841641] [fibonacci_action_server]: Feedback: [3]
[INFO] [1733763287.926990351] [fibonacci_action_server]: Feedback: [5]
[INFO] [1733763288.427203319] [fibonacci_action_server]: Feedback: [8]
[INFO] [1733763288.927355475] [fibonacci_action_server]: Feedback: [13]
[INFO] [1733763289.427513566] [fibonacci_action_server]: Feedback: [21]
[INFO] [1733763289.927728382] [fibonacci_action_server]: Feedback: [34]
[INFO] [1733763290.427974800] [fibonacci_action_server]: Feedback: [55]
[INFO] [1733763290.928259761] [fibonacci_action_server]: Goal succeeded
[INFO] [1733763290.928623261] [fibonacci_action_server]: Received goal request with order 10
[INFO] [1733763290.928815484] [fibonacci_action_server]: Executing goal...
[INFO] [1733763290.928863557] [fibonacci_action_server]: Feedback: [1]
[INFO] [1733763291.428974679] [fibonacci_action_server]: Feedback: [2]
[INFO] [1733763291.929182839] [fibonacci_action_server]: Feedback: [3]
[INFO] [1733763292.429343137] [fibonacci_action_server]: Feedback: [5]
[INFO] [1733763292.929550804] [fibonacci_action_server]: Feedback: [8]
[INFO] [1733763293.429719822] [fibonacci_action_server]: Feedback: [13]
[INFO] [1733763293.929913177] [fibonacci_action_server]: Feedback: [21]
[INFO] [1733763294.430111129] [fibonacci_action_server]: Feedback: [34]
[INFO] [1733763294.930300798] [fibonacci_action_server]: Feedback: [55]
[INFO] [1733763295.430578888] [fibonacci_action_server]: Goal succeeded
[INFO] [1733763295.430918893] [fibonacci_action_server]: Received goal request with order 10
[INFO] [1733763295.431108652] [fibonacci_action_server]: Executing goal...
[INFO] [1733763295.431184965] [fibonacci_action_server]: Feedback: [1]
[INFO] [1733763295.931342343] [fibonacci_action_server]: Feedback: [2]
[INFO] [1733763296.431543045] [fibonacci_action_server]: Feedback: [3]
[INFO] [1733763296.931728956] [fibonacci_action_server]: Feedback: [5]
[INFO] [1733763297.431922545] [fibonacci_action_server]: Feedback: [8]
[INFO] [1733763297.932167596] [fibonacci_action_server]: Feedback: [13]
[INFO] [1733763298.432361815] [fibonacci_action_server]: Feedback: [21]
[INFO] [1733763298.932578029] [fibonacci_action_server]: Feedback: [34]
[INFO] [1733763299.432778268] [fibonacci_action_server]: Feedback: [55]
[INFO] [1733763299.932993562] [fibonacci_action_server]: Goal succeeded
[INFO] [1733763299.933233532] [fibonacci_action_server]: Received goal request with order 10
[INFO] [1733763299.933336417] [fibonacci_action_server]: Executing goal...
[INFO] [1733763299.933384113] [fibonacci_action_server]: Feedback: [1]
[INFO] [1733763300.433586173] [fibonacci_action_server]: Feedback: [2]
[INFO] [1733763300.933761236] [fibonacci_action_server]: Feedback: [3]
[INFO] [1733763301.433967836] [fibonacci_action_server]: Feedback: [5]
[INFO] [1733763301.934141899] [fibonacci_action_server]: Feedback: [8]
[INFO] [1733763302.434366289] [fibonacci_action_server]: Feedback: [13]
[INFO] [1733763302.934538099] [fibonacci_action_server]: Feedback: [21]
[INFO] [1733763303.434691750] [fibonacci_action_server]: Feedback: [34]
[INFO] [1733763303.934897144] [fibonacci_action_server]: Feedback: [55]
[INFO] [1733763304.435179962] [fibonacci_action_server]: Goal succeeded
[INFO] [1733763304.435478440] [fibonacci_action_server]: Received goal request with order 10
[INFO] [1733763304.435558965] [fibonacci_action_server]: Executing goal...
[INFO] [1733763304.435606767] [fibonacci_action_server]: Feedback: [1]
[INFO] [1733763304.935769105] [fibonacci_action_server]: Feedback: [2]
[INFO] [1733763305.435978343] [fibonacci_action_server]: Feedback: [3]
[INFO] [1733763305.936183739] [fibonacci_action_server]: Feedback: [5]
[INFO] [1733763306.436391415] [fibonacci_action_server]: Feedback: [8]
[INFO] [1733763306.936609920] [fibonacci_action_server]: Feedback: [13]
[INFO] [1733763307.436789553] [fibonacci_action_server]: Feedback: [21]
[INFO] [1733763307.937011106] [fibonacci_action_server]: Feedback: [34]
[INFO] [1733763308.437190715] [fibonacci_action_server]: Feedback: [55]
[INFO] [1733763308.937393682] [fibonacci_action_server]: Goal succeeded
[INFO] [1733763308.937720549] [fibonacci_action_server]: Received goal request with order 10
[INFO] [1733763308.937814544] [fibonacci_action_server]: Executing goal...
[INFO] [1733763308.937852226] [fibonacci_action_server]: Feedback: [1]
[INFO] [1733763309.437991507] [fibonacci_action_server]: Feedback: [2]
[INFO] [1733763309.938215663] [fibonacci_action_server]: Feedback: [3]
[INFO] [1733763310.438368762] [fibonacci_action_server]: Feedback: [5]
[INFO] [1733763310.938556399] [fibonacci_action_server]: Feedback: [8]
[INFO] [1733763311.438753119] [fibonacci_action_server]: Feedback: [13]
[INFO] [1733763311.938938141] [fibonacci_action_server]: Feedback: [21]
[INFO] [1733763312.439162878] [fibonacci_action_server]: Feedback: [34]
[INFO] [1733763312.939344216] [fibonacci_action_server]: Feedback: [55]
[INFO] [1733763313.439621719] [fibonacci_action_server]: Goal succeeded
[INFO] [1733763313.440027376] [fibonacci_action_server]: Received goal request with order 10
[INFO] [1733763313.440186277] [fibonacci_action_server]: Executing goal...
[INFO] [1733763313.440234801] [fibonacci_action_server]: Feedback: [1]
[INFO] [1733763313.940378848] [fibonacci_action_server]: Feedback: [2]
[INFO] [1733763314.440575007] [fibonacci_action_server]: Feedback: [3]
[INFO] [1733763314.940716602] [fibonacci_action_server]: Feedback: [5]
[INFO] [1733763315.440949626] [fibonacci_action_server]: Feedback: [8]
[INFO] [1733763315.941130960] [fibonacci_action_server]: Feedback: [13]
[INFO] [1733763316.441351474] [fibonacci_action_server]: Feedback: [21]
[INFO] [1733763316.941507123] [fibonacci_action_server]: Feedback: [34]
[INFO] [1733763317.441712045] [fibonacci_action_server]: Feedback: [55]
[INFO] [1733763317.941958107] [fibonacci_action_server]: Goal succeeded
[INFO] [1733763317.942289666] [fibonacci_action_server]: Received goal request with order 10
[INFO] [1733763317.942414921] [fibonacci_action_server]: Executing goal...
[INFO] [1733763317.942462544] [fibonacci_action_server]: Feedback: [1]
[INFO] [1733763318.442605998] [fibonacci_action_server]: Feedback: [2]
[INFO] [1733763318.942797523] [fibonacci_action_server]: Feedback: [3]
[INFO] [1733763319.442956642] [fibonacci_action_server]: Feedback: [5]
[INFO] [1733763319.943130531] [fibonacci_action_server]: Feedback: [8]
[INFO] [1733763320.443336196] [fibonacci_action_server]: Feedback: [13]
[INFO] [1733763320.943538468] [fibonacci_action_server]: Feedback: [21]
[INFO] [1733763321.443683475] [fibonacci_action_server]: Feedback: [34]
[INFO] [1733763321.943883837] [fibonacci_action_server]: Feedback: [55]
[INFO] [1733763322.444144116] [fibonacci_action_server]: Goal succeeded
[INFO] [1733763322.444437984] [fibonacci_action_server]: Received goal request with order 10
[INFO] [1733763322.444539349] [fibonacci_action_server]: Executing goal...
[INFO] [1733763322.444580794] [fibonacci_action_server]: Feedback: [1]
[INFO] [1733763322.944764532] [fibonacci_action_server]: Feedback: [2]
[INFO] [1733763323.445005096] [fibonacci_action_server]: Feedback: [3]
[INFO] [1733763323.945205174] [fibonacci_action_server]: Feedback: [5]
[INFO] [1733763324.445425143] [fibonacci_action_server]: Feedback: [8]
[INFO] [1733763324.945583663] [fibonacci_action_server]: Feedback: [13]
[INFO] [1733763325.445846872] [fibonacci_action_server]: Feedback: [21]
[INFO] [1733763325.946050709] [fibonacci_action_server]: Feedback: [34]
[INFO] [1733763326.446248331] [fibonacci_action_server]: Feedback: [55]
[INFO] [1733763326.946491832] [fibonacci_action_server]: Goal succeeded
[INFO] [1733763326.946801643] [fibonacci_action_server]: Received goal request with order 10
[INFO] [1733763326.946897561] [fibonacci_action_server]: Executing goal...
[INFO] [1733763326.946946449] [fibonacci_action_server]: Feedback: [1]
[INFO] [1733763327.447089657] [fibonacci_action_server]: Feedback: [2]
[INFO] [1733763327.947238350] [fibonacci_action_server]: Feedback: [3]
[INFO] [1733763328.447453443] [fibonacci_action_server]: Feedback: [5]
[INFO] [1733763328.947573049] [fibonacci_action_server]: Feedback: [8]
[INFO] [1733763329.447755201] [fibonacci_action_server]: Feedback: [13]
[INFO] [1733763329.947968039] [fibonacci_action_server]: Feedback: [21]
[INFO] [1733763330.448223123] [fibonacci_action_server]: Feedback: [34]
[INFO] [1733763330.948462921] [fibonacci_action_server]: Feedback: [55]
[INFO] [1733763331.448686597] [fibonacci_action_server]: Goal succeeded
[INFO] [1733763331.449048676] [fibonacci_action_server]: Received goal request with order 10
[INFO] [1733763331.449129992] [fibonacci_action_server]: Executing goal...
[INFO] [1733763331.449180747] [fibonacci_action_server]: Feedback: [1]
[INFO] [1733763331.949447745] [fibonacci_action_server]: Feedback: [2]
[INFO] [1733763332.449626017] [fibonacci_action_server]: Feedback: [3]
[INFO] [1733763332.949873050] [fibonacci_action_server]: Feedback: [5]
[INFO] [1733763333.450023600] [fibonacci_action_server]: Feedback: [8]
[INFO] [1733763333.950190915] [fibonacci_action_server]: Feedback: [13]
[INFO] [1733763334.450364911] [fibonacci_action_server]: Feedback: [21]
[INFO] [1733763334.950521462] [fibonacci_action_server]: Feedback: [34]
[INFO] [1733763335.450709196] [fibonacci_action_server]: Feedback: [55]
[INFO] [1733763335.950892419] [fibonacci_action_server]: Goal succeeded
[INFO] [1733763335.951172334] [fibonacci_action_server]: Received goal request with order 10
[INFO] [1733763335.951249133] [fibonacci_action_server]: Executing goal...
[INFO] [1733763335.951288987] [fibonacci_action_server]: Feedback: [1]
[INFO] [1733763336.451467142] [fibonacci_action_server]: Feedback: [2]
[INFO] [1733763336.951652249] [fibonacci_action_server]: Feedback: [3]
[INFO] [1733763337.451884572] [fibonacci_action_server]: Feedback: [5]
[INFO] [1733763337.952086835] [fibonacci_action_server]: Feedback: [8]
[INFO] [1733763338.452259577] [fibonacci_action_server]: Feedback: [13]
[INFO] [1733763338.952402614] [fibonacci_action_server]: Feedback: [21]
[INFO] [1733763339.452599696] [fibonacci_action_server]: Feedback: [34]
[INFO] [1733763339.952773557] [fibonacci_action_server]: Feedback: [55]
[INFO] [1733763340.453093867] [fibonacci_action_server]: Goal succeeded
[INFO] [1733763340.453448748] [fibonacci_action_server]: Received goal request with order 10
[INFO] [1733763340.453566159] [fibonacci_action_server]: Executing goal...
[INFO] [1733763340.453612001] [fibonacci_action_server]: Feedback: [1]
[INFO] [1733763340.953792226] [fibonacci_action_server]: Feedback: [2]
[INFO] [1733763341.454027574] [fibonacci_action_server]: Feedback: [3]
[INFO] [1733763341.954166443] [fibonacci_action_server]: Feedback: [5]
[INFO] [1733763342.454351249] [fibonacci_action_server]: Feedback: [8]
[INFO] [1733763342.954570589] [fibonacci_action_server]: Feedback: [13]
[INFO] [1733763343.454735124] [fibonacci_action_server]: Feedback: [21]
[INFO] [1733763343.954959520] [fibonacci_action_server]: Feedback: [34]
[INFO] [1733763344.455140653] [fibonacci_action_server]: Feedback: [55]
[INFO] [1733763344.955334396] [fibonacci_action_server]: Goal succeeded
[INFO] [1733763344.955573048] [fibonacci_action_server]: Received goal request with order 10
[INFO] [1733763344.955718327] [fibonacci_action_server]: Executing goal...
[INFO] [1733763344.955762138] [fibonacci_action_server]: Feedback: [1]
[INFO] [1733763345.455938895] [fibonacci_action_server]: Feedback: [2]
[INFO] [1733763345.956165480] [fibonacci_action_server]: Feedback: [3]
[INFO] [1733763346.456328017] [fibonacci_action_server]: Feedback: [5]
[INFO] [1733763346.956536368] [fibonacci_action_server]: Feedback: [8]
[INFO] [1733763347.456732113] [fibonacci_action_server]: Feedback: [13]
[INFO] [1733763347.956943283] [fibonacci_action_server]: Feedback: [21]
[INFO] [1733763348.457166020] [fibonacci_action_server]: Feedback: [34]
[INFO] [1733763348.957322336] [fibonacci_action_server]: Feedback: [55]
[INFO] [1733763349.457530161] [fibonacci_action_server]: Goal succeeded
[INFO] [1733763349.457875128] [fibonacci_action_server]: Received goal request with order 10
[INFO] [1733763349.458048828] [fibonacci_action_server]: Executing goal...
[INFO] [1733763349.458103555] [fibonacci_action_server]: Feedback: [1]
[INFO] [1733763349.958232489] [fibonacci_action_server]: Feedback: [2]
[INFO] [1733763350.458466364] [fibonacci_action_server]: Feedback: [3]
[INFO] [1733763350.958675637] [fibonacci_action_server]: Feedback: [5]
[INFO] [1733763351.458884719] [fibonacci_action_server]: Feedback: [8]
[INFO] [1733763351.959082522] [fibonacci_action_server]: Feedback: [13]
[INFO] [1733763352.459257531] [fibonacci_action_server]: Feedback: [21]
[INFO] [1733763352.959473979] [fibonacci_action_server]: Feedback: [34]
[INFO] [1733763353.459706517] [fibonacci_action_server]: Feedback: [55]
[INFO] [1733763353.959911329] [fibonacci_action_server]: Goal succeeded
[INFO] [1733763353.960657786] [fibonacci_action_server]: Received goal request with order 10
[INFO] [1733763353.960759921] [fibonacci_action_server]: Executing goal...
[INFO] [1733763353.960803182] [fibonacci_action_server]: Feedback: [1]
[INFO] [1733763354.460961501] [fibonacci_action_server]: Feedback: [2]
[INFO] [1733763354.961147732] [fibonacci_action_server]: Feedback: [3]
[INFO] [1733763355.461330932] [fibonacci_action_server]: Feedback: [5]
[INFO] [1733763355.961502711] [fibonacci_action_server]: Feedback: [8]
[INFO] [1733763356.461727690] [fibonacci_action_server]: Feedback: [13]
[INFO] [1733763356.961940098] [fibonacci_action_server]: Feedback: [21]
[INFO] [1733763357.462132027] [fibonacci_action_server]: Feedback: [34]
[INFO] [1733763357.962362024] [fibonacci_action_server]: Feedback: [55]
[INFO] [1733763358.462570177] [fibonacci_action_server]: Goal succeeded
[INFO] [1733763358.462927722] [fibonacci_action_server]: Received goal request with order 10
[INFO] [1733763358.463080067] [fibonacci_action_server]: Executing goal...
[INFO] [1733763358.463128256] [fibonacci_action_server]: Feedback: [1]
[INFO] [1733763358.963280326] [fibonacci_action_server]: Feedback: [2]
[INFO] [1733763359.463472028] [fibonacci_action_server]: Feedback: [3]
[INFO] [1733763359.963677554] [fibonacci_action_server]: Feedback: [5]
[INFO] [1733763360.463887497] [fibonacci_action_server]: Feedback: [8]
[INFO] [1733763360.964144973] [fibonacci_action_server]: Feedback: [13]
[INFO] [1733763361.464346823] [fibonacci_action_server]: Feedback: [21]
[INFO] [1733763361.964563439] [fibonacci_action_server]: Feedback: [34]
[INFO] [1733763362.464782048] [fibonacci_action_server]: Feedback: [55]
[INFO] [1733763362.964964518] [fibonacci_action_server]: Goal succeeded
[INFO] [1733763362.965261955] [fibonacci_action_server]: Received goal request with order 10
[INFO] [1733763362.965391239] [fibonacci_action_server]: Executing goal...
[INFO] [1733763362.965436360] [fibonacci_action_server]: Feedback: [1]
[INFO] [1733763363.465567006] [fibonacci_action_server]: Feedback: [2]
[INFO] [1733763363.965781235] [fibonacci_action_server]: Feedback: [3]
[INFO] [1733763364.465988618] [fibonacci_action_server]: Feedback: [5]
[INFO] [1733763364.966179364] [fibonacci_action_server]: Feedback: [8]
[INFO] [1733763365.466374195] [fibonacci_action_server]: Feedback: [13]
[INFO] [1733763365.966568146] [fibonacci_action_server]: Feedback: [21]
[INFO] [1733763366.466779202] [fibonacci_action_server]: Feedback: [34]
[INFO] [1733763366.966990596] [fibonacci_action_server]: Feedback: [55]
[INFO] [1733763367.467204934] [fibonacci_action_server]: Goal succeeded
[INFO] [1733763367.467471080] [fibonacci_action_server]: Received goal request with order 10
[INFO] [1733763367.467646360] [fibonacci_action_server]: Executing goal...
[INFO] [1733763367.467693871] [fibonacci_action_server]: Feedback: [1]
[INFO] [1733763367.967839499] [fibonacci_action_server]: Feedback: [2]
[INFO] [1733763368.468019026] [fibonacci_action_server]: Feedback: [3]
[INFO] [1733763368.968242984] [fibonacci_action_server]: Feedback: [5]
[INFO] [1733763369.468456822] [fibonacci_action_server]: Feedback: [8]
[INFO] [1733763369.968687175] [fibonacci_action_server]: Feedback: [13]
[INFO] [1733763370.468899282] [fibonacci_action_server]: Feedback: [21]
[INFO] [1733763370.969060480] [fibonacci_action_server]: Feedback: [34]
[INFO] [1733763371.469256763] [fibonacci_action_server]: Feedback: [55]
[INFO] [1733763371.969520522] [fibonacci_action_server]: Goal succeeded
[INFO] [1733763371.969853874] [fibonacci_action_server]: Received goal request with order 10
[INFO] [1733763371.970042308] [fibonacci_action_server]: Executing goal...
[INFO] [1733763371.970089289] [fibonacci_action_server]: Feedback: [1]
[INFO] [1733763372.470217921] [fibonacci_action_server]: Feedback: [2]
[INFO] [1733763372.970454148] [fibonacci_action_server]: Feedback: [3]
[INFO] [1733763373.470626046] [fibonacci_action_server]: Feedback: [5]
[INFO] [1733763373.970881964] [fibonacci_action_server]: Feedback: [8]
[INFO] [1733763374.471139276] [fibonacci_action_server]: Feedback: [13]
[INFO] [1733763374.971363461] [fibonacci_action_server]: Feedback: [21]
[INFO] [1733763375.471574600] [fibonacci_action_server]: Feedback: [34]
[INFO] [1733763375.971791613] [fibonacci_action_server]: Feedback: [55]
[INFO] [1733763376.472058582] [fibonacci_action_server]: Goal succeeded
[INFO] [1733763376.472452056] [fibonacci_action_server]: Received goal request with order 10
[INFO] [1733763376.472650556] [fibonacci_action_server]: Executing goal...
[INFO] [1733763376.472698228] [fibonacci_action_server]: Feedback: [1]
[INFO] [1733763376.972865934] [fibonacci_action_server]: Feedback: [2]
[INFO] [1733763377.473027974] [fibonacci_action_server]: Feedback: [3]
[INFO] [1733763377.973183765] [fibonacci_action_server]: Feedback: [5]
[INFO] [1733763378.473410283] [fibonacci_action_server]: Feedback: [8]
[INFO] [1733763378.973635551] [fibonacci_action_server]: Feedback: [13]
[INFO] [1733763379.473826702] [fibonacci_action_server]: Feedback: [21]
[INFO] [1733763379.974003290] [fibonacci_action_server]: Feedback: [34]
[INFO] [1733763380.474161725] [fibonacci_action_server]: Feedback: [55]
[INFO] [1733763380.974352380] [fibonacci_action_server]: Goal succeeded
[INFO] [1733763380.974778899] [fibonacci_action_server]: Received goal request with order 10
[INFO] [1733763380.974878506] [fibonacci_action_server]: Executing goal...
[INFO] [1733763380.974924764] [fibonacci_action_server]: Feedback: [1]
[INFO] [1733763381.475084872] [fibonacci_action_server]: Feedback: [2]
[INFO] [1733763381.975284607] [fibonacci_action_server]: Feedback: [3]
[INFO] [1733763382.475463902] [fibonacci_action_server]: Feedback: [5]
[INFO] [1733763382.975674901] [fibonacci_action_server]: Feedback: [8]
[INFO] [1733763383.475832133] [fibonacci_action_server]: Feedback: [13]
[INFO] [1733763383.976030612] [fibonacci_action_server]: Feedback: [21]
[INFO] [1733763384.476184394] [fibonacci_action_server]: Feedback: [34]
[INFO] [1733763384.976332378] [fibonacci_action_server]: Feedback: [55]
[INFO] [1733763385.476620200] [fibonacci_action_server]: Goal succeeded
[INFO] [1733763385.476933237] [fibonacci_action_server]: Received goal request with order 10
[INFO] [1733763385.477033677] [fibonacci_action_server]: Executing goal...
[INFO] [1733763385.477082363] [fibonacci_action_server]: Feedback: [1]
[INFO] [1733763385.977273516] [fibonacci_action_server]: Feedback: [2]
[INFO] [1733763386.477425398] [fibonacci_action_server]: Feedback: [3]
[INFO] [1733763386.977616914] [fibonacci_action_server]: Feedback: [5]
[INFO] [1733763387.477787598] [fibonacci_action_server]: Feedback: [8]
[INFO] [1733763387.977994347] [fibonacci_action_server]: Feedback: [13]
[INFO] [1733763388.478176734] [fibonacci_action_server]: Feedback: [21]
[INFO] [1733763388.978348203] [fibonacci_action_server]: Feedback: [34]
[INFO] [1733763389.478471780] [fibonacci_action_server]: Feedback: [55]
[INFO] [1733763389.978728652] [fibonacci_action_server]: Goal succeeded
[INFO] [1733763389.979099915] [fibonacci_action_server]: Received goal request with order 10
[INFO] [1733763389.979273919] [fibonacci_action_server]: Executing goal...
[INFO] [1733763389.979325449] [fibonacci_action_server]: Feedback: [1]
[INFO] [1733763390.479467945] [fibonacci_action_server]: Feedback: [2]
[INFO] [1733763390.979649222] [fibonacci_action_server]: Feedback: [3]
[INFO] [1733763391.479847168] [fibonacci_action_server]: Feedback: [5]
[INFO] [1733763391.980063180] [fibonacci_action_server]: Feedback: [8]
[INFO] [1733763392.480272118] [fibonacci_action_server]: Feedback: [13]
[INFO] [1733763392.980411010] [fibonacci_action_server]: Feedback: [21]
[INFO] [1733763393.480651295] [fibonacci_action_server]: Feedback: [34]
[INFO] [1733763393.980856023] [fibonacci_action_server]: Feedback: [55]
[INFO] [1733763394.481042349] [fibonacci_action_server]: Goal succeeded
[INFO] [1733763394.481369741] [fibonacci_action_server]: Received goal request with order 10
[INFO] [1733763394.481480712] [fibonacci_action_server]: Executing goal...
[INFO] [1733763394.481527125] [fibonacci_action_server]: Feedback: [1]
[INFO] [1733763394.981674572] [fibonacci_action_server]: Feedback: [2]
[INFO] [1733763395.481828103] [fibonacci_action_server]: Feedback: [3]
[INFO] [1733763395.982011841] [fibonacci_action_server]: Feedback: [5]
[INFO] [1733763396.482197410] [fibonacci_action_server]: Feedback: [8]
[INFO] [1733763396.982385162] [fibonacci_action_server]: Feedback: [13]
[INFO] [1733763397.482621597] [fibonacci_action_server]: Feedback: [21]
[INFO] [1733763397.982800505] [fibonacci_action_server]: Feedback: [34]
[INFO] [1733763398.483028514] [fibonacci_action_server]: Feedback: [55]
[INFO] [1733763398.983226693] [fibonacci_action_server]: Goal succeeded
[INFO] [1733763398.983994090] [fibonacci_action_server]: Received goal request with order 10
[INFO] [1733763398.984100214] [fibonacci_action_server]: Executing goal...
[INFO] [1733763398.984143868] [fibonacci_action_server]: Feedback: [1]
[INFO] [1733763399.484322219] [fibonacci_action_server]: Feedback: [2]
[INFO] [1733763399.984513444] [fibonacci_action_server]: Feedback: [3]
[INFO] [1733763400.484671210] [fibonacci_action_server]: Feedback: [5]
[INFO] [1733763400.984871994] [fibonacci_action_server]: Feedback: [8]
[INFO] [1733763401.485100285] [fibonacci_action_server]: Feedback: [13]
[INFO] [1733763401.985301551] [fibonacci_action_server]: Feedback: [21]
[INFO] [1733763402.485455331] [fibonacci_action_server]: Feedback: [34]
[INFO] [1733763402.985658527] [fibonacci_action_server]: Feedback: [55]
[INFO] [1733763403.485875682] [fibonacci_action_server]: Goal succeeded
[INFO] [1733763403.486162316] [fibonacci_action_server]: Received goal request with order 10
[INFO] [1733763403.486245713] [fibonacci_action_server]: Executing goal...
[INFO] [1733763403.486288485] [fibonacci_action_server]: Feedback: [1]
[INFO] [1733763403.986489821] [fibonacci_action_server]: Feedback: [2]
[INFO] [1733763404.486672759] [fibonacci_action_server]: Feedback: [3]
[INFO] [1733763404.986869243] [fibonacci_action_server]: Feedback: [5]
[INFO] [1733763405.487054948] [fibonacci_action_server]: Feedback: [8]
[INFO] [1733763405.987281177] [fibonacci_action_server]: Feedback: [13]
[INFO] [1733763406.487494605] [fibonacci_action_server]: Feedback: [21]
[INFO] [1733763406.987687959] [fibonacci_action_server]: Feedback: [34]
[INFO] [1733763407.487873540] [fibonacci_action_server]: Feedback: [55]
[INFO] [1733763407.851371529] [fibonacci_action_server]: Timeout reached, shutting down node...
RAPL is set
