[INFO] [1733613827.128615956] [fibonacci_action_client]: Sending goal with order 10
[INFO] [1733613827.129347086] [fibonacci_action_client]: Goal accepted, waiting for result...
[INFO] [1733613827.129477145] [fibonacci_action_client]: Feedback received:
[INFO] [1733613827.129494164] [fibonacci_action_client]: 0
[INFO] [1733613827.129503445] [fibonacci_action_client]: 1
[INFO] [1733613827.129511712] [fibonacci_action_client]: 1
[INFO] [1733613828.333117339] [fibonacci_action_client]: Feedback received:
[INFO] [1733613828.333182538] [fibonacci_action_client]: 0
[INFO] [1733613828.333189995] [fibonacci_action_client]: 1
[INFO] [1733613828.333195360] [fibonacci_action_client]: 1
[INFO] [1733613828.333199843] [fibonacci_action_client]: 2
[INFO] [1733613829.336721325] [fibonacci_action_client]: Feedback received:
[INFO] [1733613829.336787453] [fibonacci_action_client]: 0
[INFO] [1733613829.336795913] [fibonacci_action_client]: 1
[INFO] [1733613829.336801051] [fibonacci_action_client]: 1
[INFO] [1733613829.336805671] [fibonacci_action_client]: 2
[INFO] [1733613829.336810183] [fibonacci_action_client]: 3
[INFO] [1733613830.339685084] [fibonacci_action_client]: Feedback received:
[INFO] [1733613830.340062794] [fibonacci_action_client]: 0
[INFO] [1733613830.340136079] [fibonacci_action_client]: 1
[INFO] [1733613830.340149158] [fibonacci_action_client]: 1
[INFO] [1733613830.340157793] [fibonacci_action_client]: 2
[INFO] [1733613830.340165005] [fibonacci_action_client]: 3
[INFO] [1733613830.340170614] [fibonacci_action_client]: 5
[INFO] [1733613831.343070429] [fibonacci_action_client]: Feedback received:
[INFO] [1733613831.343134349] [fibonacci_action_client]: 0
[INFO] [1733613831.343158142] [fibonacci_action_client]: 1
[INFO] [1733613831.343166126] [fibonacci_action_client]: 1
[INFO] [1733613831.343173354] [fibonacci_action_client]: 2
[INFO] [1733613831.343180391] [fibonacci_action_client]: 3
[INFO] [1733613831.343187135] [fibonacci_action_client]: 5
[INFO] [1733613831.343194435] [fibonacci_action_client]: 8
[INFO] [1733613832.345988851] [fibonacci_action_client]: Feedback received:
[INFO] [1733613832.346071275] [fibonacci_action_client]: 0
[INFO] [1733613832.346089898] [fibonacci_action_client]: 1
[INFO] [1733613832.346104168] [fibonacci_action_client]: 1
[INFO] [1733613832.346116772] [fibonacci_action_client]: 2
[INFO] [1733613832.346128013] [fibonacci_action_client]: 3
[INFO] [1733613832.346139210] [fibonacci_action_client]: 5
[INFO] [1733613832.346151521] [fibonacci_action_client]: 8
[INFO] [1733613832.346173494] [fibonacci_action_client]: 13
[INFO] [1733613833.348957976] [fibonacci_action_client]: Feedback received:
[INFO] [1733613833.349020739] [fibonacci_action_client]: 0
[INFO] [1733613833.349032410] [fibonacci_action_client]: 1
[INFO] [1733613833.349041283] [fibonacci_action_client]: 1
[INFO] [1733613833.349049903] [fibonacci_action_client]: 2
[INFO] [1733613833.349058221] [fibonacci_action_client]: 3
[INFO] [1733613833.349066374] [fibonacci_action_client]: 5
[INFO] [1733613833.349074717] [fibonacci_action_client]: 8
[INFO] [1733613833.349082788] [fibonacci_action_client]: 13
[INFO] [1733613833.349091142] [fibonacci_action_client]: 21
[INFO] [1733613834.352747081] [fibonacci_action_client]: Feedback received:
[INFO] [1733613834.352803401] [fibonacci_action_client]: 0
[INFO] [1733613834.352814195] [fibonacci_action_client]: 1
[INFO] [1733613834.352822048] [fibonacci_action_client]: 1
[INFO] [1733613834.352828995] [fibonacci_action_client]: 2
[INFO] [1733613834.352835883] [fibonacci_action_client]: 3
[INFO] [1733613834.352842672] [fibonacci_action_client]: 5
[INFO] [1733613834.352849945] [fibonacci_action_client]: 8
[INFO] [1733613834.352856840] [fibonacci_action_client]: 13
[INFO] [1733613834.352863781] [fibonacci_action_client]: 21
[INFO] [1733613834.352878785] [fibonacci_action_client]: 34
[INFO] [1733613835.255722504] [fibonacci_action_client]: Feedback received:
[INFO] [1733613835.255804977] [fibonacci_action_client]: 0
[INFO] [1733613835.255818082] [fibonacci_action_client]: 1
[INFO] [1733613835.255824070] [fibonacci_action_client]: 1
[INFO] [1733613835.255846009] [fibonacci_action_client]: 2
[INFO] [1733613835.255853595] [fibonacci_action_client]: 3
[INFO] [1733613835.255858857] [fibonacci_action_client]: 5
[INFO] [1733613835.255863708] [fibonacci_action_client]: 8
[INFO] [1733613835.255868941] [fibonacci_action_client]: 13
[INFO] [1733613835.255873630] [fibonacci_action_client]: 21
[INFO] [1733613835.255878405] [fibonacci_action_client]: 34
[INFO] [1733613835.255883064] [fibonacci_action_client]: 55
[INFO] [1733613836.760064839] [fibonacci_action_client]: Result received:
[INFO] [1733613836.760125814] [fibonacci_action_client]: 0
[INFO] [1733613836.760134125] [fibonacci_action_client]: 1
[INFO] [1733613836.760139084] [fibonacci_action_client]: 1
[INFO] [1733613836.760143898] [fibonacci_action_client]: 2
[INFO] [1733613836.760148289] [fibonacci_action_client]: 3
[INFO] [1733613836.760153576] [fibonacci_action_client]: 5
[INFO] [1733613836.760158160] [fibonacci_action_client]: 8
[INFO] [1733613836.760170137] [fibonacci_action_client]: 13
[INFO] [1733613836.760175563] [fibonacci_action_client]: 21
[INFO] [1733613836.760180179] [fibonacci_action_client]: 34
[INFO] [1733613836.760184823] [fibonacci_action_client]: 55
[INFO] [1733613836.860431739] [fibonacci_action_client]: Sending goal with order 10
[INFO] [1733613836.860866605] [fibonacci_action_client]: Goal accepted, waiting for result...
[INFO] [1733613836.914260439] [fibonacci_action_client]: Feedback received:
[INFO] [1733613836.914353378] [fibonacci_action_client]: 0
[INFO] [1733613836.914361942] [fibonacci_action_client]: 1
[INFO] [1733613836.914367707] [fibonacci_action_client]: 1
[INFO] [1733613837.964079063] [fibonacci_action_client]: Feedback received:
[INFO] [1733613837.964126643] [fibonacci_action_client]: 0
[INFO] [1733613837.964134153] [fibonacci_action_client]: 1
[INFO] [1733613837.964138881] [fibonacci_action_client]: 1
[INFO] [1733613837.964143166] [fibonacci_action_client]: 2
[INFO] [1733613838.967947028] [fibonacci_action_client]: Feedback received:
[INFO] [1733613838.967985273] [fibonacci_action_client]: 0
[INFO] [1733613838.967992317] [fibonacci_action_client]: 1
[INFO] [1733613838.967997160] [fibonacci_action_client]: 1
[INFO] [1733613838.968001429] [fibonacci_action_client]: 2
[INFO] [1733613838.968005741] [fibonacci_action_client]: 3
[INFO] [1733613839.971195738] [fibonacci_action_client]: Feedback received:
[INFO] [1733613839.971268850] [fibonacci_action_client]: 0
[INFO] [1733613839.971281424] [fibonacci_action_client]: 1
[INFO] [1733613839.971291417] [fibonacci_action_client]: 1
[INFO] [1733613839.971300830] [fibonacci_action_client]: 2
[INFO] [1733613839.971309726] [fibonacci_action_client]: 3
[INFO] [1733613839.971318774] [fibonacci_action_client]: 5
[INFO] [1733613840.974532118] [fibonacci_action_client]: Feedback received:
[INFO] [1733613840.974684303] [fibonacci_action_client]: 0
[INFO] [1733613840.974691602] [fibonacci_action_client]: 1
[INFO] [1733613840.974697247] [fibonacci_action_client]: 1
[INFO] [1733613840.974701748] [fibonacci_action_client]: 2
[INFO] [1733613840.974706467] [fibonacci_action_client]: 3
[INFO] [1733613840.974710980] [fibonacci_action_client]: 5
[INFO] [1733613840.974715532] [fibonacci_action_client]: 8
[INFO] [1733613841.948706359] [rclcpp]: signal_handler(signum=2)
terminate called after throwing an instance of 'rclcpp::exceptions::RCLError'
  what():  failed to create guard condition: the given context is not valid, either rcl_init() was not called or rcl_shutdown() was called., at ./src/rcl/guard_condition.c:67
[ros2run]: Aborted
RAPL is not set
action_client]: 3
[INFO] [1733613841.830480834] [fibonacci_action_client]: 5
[INFO] [1733613841.830485225] [fibonacci_action_client]: 8
[INFO] [1733613841.830489503] [fibonacci_action_client]: 13
[INFO] [1733613841.948962348] [rclcpp]: signal_handler(signum=2)
terminate called after throwing an instance of 'rclcpp::exceptions::RCLError'
  what():  failed to create guard condition: the given context is not valid, either rcl_init() was not called or rcl_shutdown() was called., at ./src/rcl/guard_condition.c:67
[ros2run]: Aborted
RAPL is set
set
