[INFO] [1733798456.659988463] [fibonacci_action_server]: Executing goal...
[INFO] [1733798456.660539890] [fibonacci_action_server]: Feedback: array('i', [0, 1, 1])
[INFO] [1733798456.911429360] [fibonacci_action_server]: Feedback: array('i', [0, 1, 1, 2])
[INFO] [1733798457.162558774] [fibonacci_action_server]: Feedback: array('i', [0, 1, 1, 2, 3])
[INFO] [1733798457.413873940] [fibonacci_action_server]: Feedback: array('i', [0, 1, 1, 2, 3, 5])
[INFO] [1733798457.664909206] [fibonacci_action_server]: Feedback: array('i', [0, 1, 1, 2, 3, 5, 8])
[INFO] [1733798457.916082478] [fibonacci_action_server]: Feedback: array('i', [0, 1, 1, 2, 3, 5, 8, 13])
[INFO] [1733798458.167389246] [fibonacci_action_server]: Feedback: array('i', [0, 1, 1, 2, 3, 5, 8, 13, 21])
[INFO] [1733798458.418461944] [fibonacci_action_server]: Feedback: array('i', [0, 1, 1, 2, 3, 5, 8, 13, 21, 34])
[INFO] [1733798458.669837556] [fibonacci_action_server]: Feedback: array('i', [0, 1, 1, 2, 3, 5, 8, 13, 21, 34, 55])
[INFO] [1733798458.923244124] [fibonacci_action_server]: Executing goal...
[INFO] [1733798458.923795923] [fibonacci_action_server]: Feedback: array('i', [0, 1, 1])
[INFO] [1733798459.174653534] [fibonacci_action_server]: Feedback: array('i', [0, 1, 1, 2])
[INFO] [1733798459.426283618] [fibonacci_action_server]: Feedback: array('i', [0, 1, 1, 2, 3])
[INFO] [1733798459.677507000] [fibonacci_action_server]: Feedback: array('i', [0, 1, 1, 2, 3, 5])
[INFO] [1733798459.928465256] [fibonacci_action_server]: Feedback: array('i', [0, 1, 1, 2, 3, 5, 8])
[INFO] [1733798460.179702725] [fibonacci_action_server]: Feedback: array('i', [0, 1, 1, 2, 3, 5, 8, 13])
[INFO] [1733798460.430937881] [fibonacci_action_server]: Feedback: array('i', [0, 1, 1, 2, 3, 5, 8, 13, 21])
[INFO] [1733798460.681854568] [fibonacci_action_server]: Feedback: array('i', [0, 1, 1, 2, 3, 5, 8, 13, 21, 34])
[INFO] [1733798460.933291299] [fibonacci_action_server]: Feedback: array('i', [0, 1, 1, 2, 3, 5, 8, 13, 21, 34, 55])
[INFO] [1733798461.186785266] [fibonacci_action_server]: Executing goal...
[INFO] [1733798461.187423154] [fibonacci_action_server]: Feedback: array('i', [0, 1, 1])
[INFO] [1733798461.438489282] [fibonacci_action_server]: Feedback: array('i', [0, 1, 1, 2])
[INFO] [1733798461.689370573] [fibonacci_action_server]: Feedback: array('i', [0, 1, 1, 2, 3])
[INFO] [1733798461.940322163] [fibonacci_action_server]: Feedback: array('i', [0, 1, 1, 2, 3, 5])
[INFO] [1733798462.191253405] [fibonacci_action_server]: Feedback: array('i', [0, 1, 1, 2, 3, 5, 8])
[INFO] [1733798462.442082880] [fibonacci_action_server]: Feedback: array('i', [0, 1, 1, 2, 3, 5, 8, 13])
[INFO] [1733798462.693388987] [fibonacci_action_server]: Feedback: array('i', [0, 1, 1, 2, 3, 5, 8, 13, 21])
[INFO] [1733798462.944506814] [fibonacci_action_server]: Feedback: array('i', [0, 1, 1, 2, 3, 5, 8, 13, 21, 34])
[INFO] [1733798463.195694825] [fibonacci_action_server]: Feedback: array('i', [0, 1, 1, 2, 3, 5, 8, 13, 21, 34, 55])
[INFO] [1733798463.449054572] [fibonacci_action_server]: Executing goal...
[INFO] [1733798463.449660937] [fibonacci_action_server]: Feedback: array('i', [0, 1, 1])
[INFO] [1733798463.700612797] [fibonacci_action_server]: Feedback: array('i', [0, 1, 1, 2])
[INFO] [1733798463.951637353] [fibonacci_action_server]: Feedback: array('i', [0, 1, 1, 2, 3])
[INFO] [1733798464.202782102] [fibonacci_action_server]: Feedback: array('i', [0, 1, 1, 2, 3, 5])
[INFO] [1733798464.454080087] [fibonacci_action_server]: Feedback: array('i', [0, 1, 1, 2, 3, 5, 8])
[INFO] [1733798464.705360277] [fibonacci_action_server]: Feedback: array('i', [0, 1, 1, 2, 3, 5, 8, 13])
[INFO] [1733798464.956668527] [fibonacci_action_server]: Feedback: array('i', [0, 1, 1, 2, 3, 5, 8, 13, 21])
[INFO] [1733798465.207899032] [fibonacci_action_server]: Feedback: array('i', [0, 1, 1, 2, 3, 5, 8, 13, 21, 34])
[INFO] [1733798465.458961116] [fibonacci_action_server]: Feedback: array('i', [0, 1, 1, 2, 3, 5, 8, 13, 21, 34, 55])
[INFO] [1733798465.711950474] [fibonacci_action_server]: Executing goal...
[INFO] [1733798465.712554951] [fibonacci_action_server]: Feedback: array('i', [0, 1, 1])
[INFO] [1733798465.963708864] [fibonacci_action_server]: Feedback: array('i', [0, 1, 1, 2])
[INFO] [1733798466.214704792] [fibonacci_action_server]: Feedback: array('i', [0, 1, 1, 2, 3])
[INFO] [1733798466.466023396] [fibonacci_action_server]: Feedback: array('i', [0, 1, 1, 2, 3, 5])
[INFO] [1733798466.717518338] [fibonacci_action_server]: Feedback: array('i', [0, 1, 1, 2, 3, 5, 8])
[INFO] [1733798466.968434438] [fibonacci_action_server]: Feedback: array('i', [0, 1, 1, 2, 3, 5, 8, 13])
[INFO] [1733798467.219860023] [fibonacci_action_server]: Feedback: array('i', [0, 1, 1, 2, 3, 5, 8, 13, 21])
[INFO] [1733798467.470822620] [fibonacci_action_server]: Feedback: array('i', [0, 1, 1, 2, 3, 5, 8, 13, 21, 34])
[INFO] [1733798467.722227601] [fibonacci_action_server]: Feedback: array('i', [0, 1, 1, 2, 3, 5, 8, 13, 21, 34, 55])
[INFO] [1733798467.974764784] [fibonacci_action_server]: Executing goal...
[INFO] [1733798467.975334174] [fibonacci_action_server]: Feedback: array('i', [0, 1, 1])
[INFO] [1733798468.226116701] [fibonacci_action_server]: Feedback: array('i', [0, 1, 1, 2])
[INFO] [1733798468.477077012] [fibonacci_action_server]: Feedback: array('i', [0, 1, 1, 2, 3])
[INFO] [1733798468.728250882] [fibonacci_action_server]: Feedback: array('i', [0, 1, 1, 2, 3, 5])
[INFO] [1733798468.979459960] [fibonacci_action_server]: Feedback: array('i', [0, 1, 1, 2, 3, 5, 8])
[INFO] [1733798469.230563228] [fibonacci_action_server]: Feedback: array('i', [0, 1, 1, 2, 3, 5, 8, 13])
[INFO] [1733798469.481922595] [fibonacci_action_server]: Feedback: array('i', [0, 1, 1, 2, 3, 5, 8, 13, 21])
[INFO] [1733798469.733463609] [fibonacci_action_server]: Feedback: array('i', [0, 1, 1, 2, 3, 5, 8, 13, 21, 34])
[INFO] [1733798469.985198486] [fibonacci_action_server]: Feedback: array('i', [0, 1, 1, 2, 3, 5, 8, 13, 21, 34, 55])
[INFO] [1733798470.238875949] [fibonacci_action_server]: Executing goal...
[INFO] [1733798470.239490612] [fibonacci_action_server]: Feedback: array('i', [0, 1, 1])
[INFO] [1733798470.490554246] [fibonacci_action_server]: Feedback: array('i', [0, 1, 1, 2])
[INFO] [1733798470.741505857] [fibonacci_action_server]: Feedback: array('i', [0, 1, 1, 2, 3])
[INFO] [1733798470.992735679] [fibonacci_action_server]: Feedback: array('i', [0, 1, 1, 2, 3, 5])
[INFO] [1733798471.244139796] [fibonacci_action_server]: Feedback: array('i', [0, 1, 1, 2, 3, 5, 8])
[INFO] [1733798471.495277683] [fibonacci_action_server]: Feedback: array('i', [0, 1, 1, 2, 3, 5, 8, 13])
[INFO] [1733798471.746139839] [fibonacci_action_server]: Feedback: array('i', [0, 1, 1, 2, 3, 5, 8, 13, 21])
[INFO] [1733798471.997540196] [fibonacci_action_server]: Feedback: array('i', [0, 1, 1, 2, 3, 5, 8, 13, 21, 34])
[INFO] [1733798472.248810011] [fibonacci_action_server]: Feedback: array('i', [0, 1, 1, 2, 3, 5, 8, 13, 21, 34, 55])
[INFO] [1733798472.502465568] [fibonacci_action_server]: Executing goal...
[INFO] [1733798472.503145117] [fibonacci_action_server]: Feedback: array('i', [0, 1, 1])
[INFO] [1733798472.754015200] [fibonacci_action_server]: Feedback: array('i', [0, 1, 1, 2])
[INFO] [1733798473.005001870] [fibonacci_action_server]: Feedback: array('i', [0, 1, 1, 2, 3])
[INFO] [1733798473.256175786] [fibonacci_action_server]: Feedback: array('i', [0, 1, 1, 2, 3, 5])
[INFO] [1733798473.507533664] [fibonacci_action_server]: Feedback: array('i', [0, 1, 1, 2, 3, 5, 8])
[INFO] [1733798473.758460286] [fibonacci_action_server]: Feedback: array('i', [0, 1, 1, 2, 3, 5, 8, 13])
[INFO] [1733798474.009613721] [fibonacci_action_server]: Feedback: array('i', [0, 1, 1, 2, 3, 5, 8, 13, 21])
[INFO] [1733798474.260594786] [fibonacci_action_server]: Feedback: array('i', [0, 1, 1, 2, 3, 5, 8, 13, 21, 34])
[INFO] [1733798474.511977399] [fibonacci_action_server]: Feedback: array('i', [0, 1, 1, 2, 3, 5, 8, 13, 21, 34, 55])
[INFO] [1733798474.765095133] [fibonacci_action_server]: Executing goal...
[INFO] [1733798474.765528852] [fibonacci_action_server]: Feedback: array('i', [0, 1, 1])
[INFO] [1733798475.016710630] [fibonacci_action_server]: Feedback: array('i', [0, 1, 1, 2])
[INFO] [1733798475.267725016] [fibonacci_action_server]: Feedback: array('i', [0, 1, 1, 2, 3])
[INFO] [1733798475.518916269] [fibonacci_action_server]: Feedback: array('i', [0, 1, 1, 2, 3, 5])
[INFO] [1733798475.770278495] [fibonacci_action_server]: Feedback: array('i', [0, 1, 1, 2, 3, 5, 8])
[INFO] [1733798476.021624172] [fibonacci_action_server]: Feedback: array('i', [0, 1, 1, 2, 3, 5, 8, 13])
[INFO] [1733798476.272817223] [fibonacci_action_server]: Feedback: array('i', [0, 1, 1, 2, 3, 5, 8, 13, 21])
[INFO] [1733798476.524008629] [fibonacci_action_server]: Feedback: array('i', [0, 1, 1, 2, 3, 5, 8, 13, 21, 34])
[INFO] [1733798476.775390905] [fibonacci_action_server]: Feedback: array('i', [0, 1, 1, 2, 3, 5, 8, 13, 21, 34, 55])
[INFO] [1733798477.027937476] [fibonacci_action_server]: Executing goal...
[INFO] [1733798477.028333113] [fibonacci_action_server]: Feedback: array('i', [0, 1, 1])
[INFO] [1733798477.279127576] [fibonacci_action_server]: Feedback: array('i', [0, 1, 1, 2])
[INFO] [1733798477.530057963] [fibonacci_action_server]: Feedback: array('i', [0, 1, 1, 2, 3])
[INFO] [1733798477.781222151] [fibonacci_action_server]: Feedback: array('i', [0, 1, 1, 2, 3, 5])
[INFO] [1733798478.032570171] [fibonacci_action_server]: Feedback: array('i', [0, 1, 1, 2, 3, 5, 8])
[INFO] [1733798478.283764727] [fibonacci_action_server]: Feedback: array('i', [0, 1, 1, 2, 3, 5, 8, 13])
[INFO] [1733798478.535078075] [fibonacci_action_server]: Feedback: array('i', [0, 1, 1, 2, 3, 5, 8, 13, 21])
[INFO] [1733798478.786126136] [fibonacci_action_server]: Feedback: array('i', [0, 1, 1, 2, 3, 5, 8, 13, 21, 34])
[INFO] [1733798479.037483276] [fibonacci_action_server]: Feedback: array('i', [0, 1, 1, 2, 3, 5, 8, 13, 21, 34, 55])
[INFO] [1733798479.290111240] [fibonacci_action_server]: Executing goal...
[INFO] [1733798479.290520098] [fibonacci_action_server]: Feedback: array('i', [0, 1, 1])
[INFO] [1733798479.541653816] [fibonacci_action_server]: Feedback: array('i', [0, 1, 1, 2])
[INFO] [1733798479.792762611] [fibonacci_action_server]: Feedback: array('i', [0, 1, 1, 2, 3])
[INFO] [1733798480.043724832] [fibonacci_action_server]: Feedback: array('i', [0, 1, 1, 2, 3, 5])
[INFO] [1733798480.295052622] [fibonacci_action_server]: Feedback: array('i', [0, 1, 1, 2, 3, 5, 8])
[INFO] [1733798480.545784040] [fibonacci_action_server]: Feedback: array('i', [0, 1, 1, 2, 3, 5, 8, 13])
[INFO] [1733798480.797144540] [fibonacci_action_server]: Feedback: array('i', [0, 1, 1, 2, 3, 5, 8, 13, 21])
[INFO] [1733798481.047986036] [fibonacci_action_server]: Feedback: array('i', [0, 1, 1, 2, 3, 5, 8, 13, 21, 34])
[INFO] [1733798481.299043552] [fibonacci_action_server]: Feedback: array('i', [0, 1, 1, 2, 3, 5, 8, 13, 21, 34, 55])
[INFO] [1733798481.551962231] [fibonacci_action_server]: Executing goal...
[INFO] [1733798481.552467923] [fibonacci_action_server]: Feedback: array('i', [0, 1, 1])
[INFO] [1733798481.803486246] [fibonacci_action_server]: Feedback: array('i', [0, 1, 1, 2])
[INFO] [1733798482.054795192] [fibonacci_action_server]: Feedback: array('i', [0, 1, 1, 2, 3])
[INFO] [1733798482.305911891] [fibonacci_action_server]: Feedback: array('i', [0, 1, 1, 2, 3, 5])
[INFO] [1733798482.557292352] [fibonacci_action_server]: Feedback: array('i', [0, 1, 1, 2, 3, 5, 8])
[INFO] [1733798482.808607107] [fibonacci_action_server]: Feedback: array('i', [0, 1, 1, 2, 3, 5, 8, 13])
[INFO] [1733798483.059907928] [fibonacci_action_server]: Feedback: array('i', [0, 1, 1, 2, 3, 5, 8, 13, 21])
[INFO] [1733798483.311084424] [fibonacci_action_server]: Feedback: array('i', [0, 1, 1, 2, 3, 5, 8, 13, 21, 34])
[INFO] [1733798483.562088971] [fibonacci_action_server]: Feedback: array('i', [0, 1, 1, 2, 3, 5, 8, 13, 21, 34, 55])
[INFO] [1733798483.814616127] [fibonacci_action_server]: Executing goal...
[INFO] [1733798483.815246321] [fibonacci_action_server]: Feedback: array('i', [0, 1, 1])
[INFO] [1733798484.066131223] [fibonacci_action_server]: Feedback: array('i', [0, 1, 1, 2])
[INFO] [1733798484.317611701] [fibonacci_action_server]: Feedback: array('i', [0, 1, 1, 2, 3])
[INFO] [1733798484.568837870] [fibonacci_action_server]: Feedback: array('i', [0, 1, 1, 2, 3, 5])
[INFO] [1733798484.820301862] [fibonacci_action_server]: Feedback: array('i', [0, 1, 1, 2, 3, 5, 8])
[INFO] [1733798485.071491574] [fibonacci_action_server]: Feedback: array('i', [0, 1, 1, 2, 3, 5, 8, 13])
[INFO] [1733798485.322683196] [fibonacci_action_server]: Feedback: array('i', [0, 1, 1, 2, 3, 5, 8, 13, 21])
[INFO] [1733798485.574011011] [fibonacci_action_server]: Feedback: array('i', [0, 1, 1, 2, 3, 5, 8, 13, 21, 34])
[INFO] [1733798485.825188154] [fibonacci_action_server]: Feedback: array('i', [0, 1, 1, 2, 3, 5, 8, 13, 21, 34, 55])
[INFO] [1733798486.077806552] [fibonacci_action_server]: Executing goal...
[INFO] [1733798486.078331451] [fibonacci_action_server]: Feedback: array('i', [0, 1, 1])
[INFO] [1733798486.329820832] [fibonacci_action_server]: Feedback: array('i', [0, 1, 1, 2])
[INFO] [1733798486.581158964] [fibonacci_action_server]: Feedback: array('i', [0, 1, 1, 2, 3])
[INFO] [1733798486.832153036] [fibonacci_action_server]: Feedback: array('i', [0, 1, 1, 2, 3, 5])
[INFO] [1733798487.083230998] [fibonacci_action_server]: Feedback: array('i', [0, 1, 1, 2, 3, 5, 8])
[INFO] [1733798487.334144104] [fibonacci_action_server]: Feedback: array('i', [0, 1, 1, 2, 3, 5, 8, 13])
[INFO] [1733798487.585400543] [fibonacci_action_server]: Feedback: array('i', [0, 1, 1, 2, 3, 5, 8, 13, 21])
[INFO] [1733798487.836355946] [fibonacci_action_server]: Feedback: array('i', [0, 1, 1, 2, 3, 5, 8, 13, 21, 34])
[INFO] [1733798488.087567733] [fibonacci_action_server]: Feedback: array('i', [0, 1, 1, 2, 3, 5, 8, 13, 21, 34, 55])
[INFO] [1733798488.341063424] [fibonacci_action_server]: Executing goal...
[INFO] [1733798488.341751535] [fibonacci_action_server]: Feedback: array('i', [0, 1, 1])
[INFO] [1733798488.592758107] [fibonacci_action_server]: Feedback: array('i', [0, 1, 1, 2])
[INFO] [1733798488.843861881] [fibonacci_action_server]: Feedback: array('i', [0, 1, 1, 2, 3])
[INFO] [1733798489.094957853] [fibonacci_action_server]: Feedback: array('i', [0, 1, 1, 2, 3, 5])
[INFO] [1733798489.345976055] [fibonacci_action_server]: Feedback: array('i', [0, 1, 1, 2, 3, 5, 8])
[INFO] [1733798489.597269121] [fibonacci_action_server]: Feedback: array('i', [0, 1, 1, 2, 3, 5, 8, 13])
[INFO] [1733798489.848539475] [fibonacci_action_server]: Feedback: array('i', [0, 1, 1, 2, 3, 5, 8, 13, 21])
[INFO] [1733798490.099721515] [fibonacci_action_server]: Feedback: array('i', [0, 1, 1, 2, 3, 5, 8, 13, 21, 34])
[INFO] [1733798490.350829218] [fibonacci_action_server]: Feedback: array('i', [0, 1, 1, 2, 3, 5, 8, 13, 21, 34, 55])
[INFO] [1733798490.603682422] [fibonacci_action_server]: Executing goal...
[INFO] [1733798490.604203297] [fibonacci_action_server]: Feedback: array('i', [0, 1, 1])
[INFO] [1733798490.855211411] [fibonacci_action_server]: Feedback: array('i', [0, 1, 1, 2])
[INFO] [1733798491.106640582] [fibonacci_action_server]: Feedback: array('i', [0, 1, 1, 2, 3])
[INFO] [1733798491.357926294] [fibonacci_action_server]: Feedback: array('i', [0, 1, 1, 2, 3, 5])
[INFO] [1733798491.609156526] [fibonacci_action_server]: Feedback: array('i', [0, 1, 1, 2, 3, 5, 8])
[INFO] [1733798491.860428845] [fibonacci_action_server]: Feedback: array('i', [0, 1, 1, 2, 3, 5, 8, 13])
[INFO] [1733798492.111704962] [fibonacci_action_server]: Feedback: array('i', [0, 1, 1, 2, 3, 5, 8, 13, 21])
[INFO] [1733798492.362753236] [fibonacci_action_server]: Feedback: array('i', [0, 1, 1, 2, 3, 5, 8, 13, 21, 34])
[INFO] [1733798492.614081184] [fibonacci_action_server]: Feedback: array('i', [0, 1, 1, 2, 3, 5, 8, 13, 21, 34, 55])
[INFO] [1733798492.867435615] [fibonacci_action_server]: Executing goal...
[INFO] [1733798492.868058284] [fibonacci_action_server]: Feedback: array('i', [0, 1, 1])
[INFO] [1733798493.118891189] [fibonacci_action_server]: Feedback: array('i', [0, 1, 1, 2])
[INFO] [1733798493.370185950] [fibonacci_action_server]: Feedback: array('i', [0, 1, 1, 2, 3])
[INFO] [1733798493.621275226] [fibonacci_action_server]: Feedback: array('i', [0, 1, 1, 2, 3, 5])
[INFO] [1733798493.872560739] [fibonacci_action_server]: Feedback: array('i', [0, 1, 1, 2, 3, 5, 8])
[INFO] [1733798494.123674763] [fibonacci_action_server]: Feedback: array('i', [0, 1, 1, 2, 3, 5, 8, 13])
[INFO] [1733798494.375093167] [fibonacci_action_server]: Feedback: array('i', [0, 1, 1, 2, 3, 5, 8, 13, 21])
[INFO] [1733798494.625870007] [fibonacci_action_server]: Feedback: array('i', [0, 1, 1, 2, 3, 5, 8, 13, 21, 34])
[INFO] [1733798494.876792843] [fibonacci_action_server]: Feedback: array('i', [0, 1, 1, 2, 3, 5, 8, 13, 21, 34, 55])
[INFO] [1733798495.129443008] [fibonacci_action_server]: Executing goal...
[INFO] [1733798495.129863241] [fibonacci_action_server]: Feedback: array('i', [0, 1, 1])
[INFO] [1733798495.381097424] [fibonacci_action_server]: Feedback: array('i', [0, 1, 1, 2])
[INFO] [1733798495.632349164] [fibonacci_action_server]: Feedback: array('i', [0, 1, 1, 2, 3])
[INFO] [1733798495.883430405] [fibonacci_action_server]: Feedback: array('i', [0, 1, 1, 2, 3, 5])
[INFO] [1733798496.134588812] [fibonacci_action_server]: Feedback: array('i', [0, 1, 1, 2, 3, 5, 8])
[INFO] [1733798496.385933630] [fibonacci_action_server]: Feedback: array('i', [0, 1, 1, 2, 3, 5, 8, 13])
[INFO] [1733798496.637148029] [fibonacci_action_server]: Feedback: array('i', [0, 1, 1, 2, 3, 5, 8, 13, 21])
[INFO] [1733798496.888138705] [fibonacci_action_server]: Feedback: array('i', [0, 1, 1, 2, 3, 5, 8, 13, 21, 34])
[INFO] [1733798497.139281242] [fibonacci_action_server]: Feedback: array('i', [0, 1, 1, 2, 3, 5, 8, 13, 21, 34, 55])
[INFO] [1733798497.392231358] [fibonacci_action_server]: Executing goal...
[INFO] [1733798497.392608518] [fibonacci_action_server]: Feedback: array('i', [0, 1, 1])
[INFO] [1733798497.643699216] [fibonacci_action_server]: Feedback: array('i', [0, 1, 1, 2])
[INFO] [1733798497.895022365] [fibonacci_action_server]: Feedback: array('i', [0, 1, 1, 2, 3])
[INFO] [1733798498.146106862] [fibonacci_action_server]: Feedback: array('i', [0, 1, 1, 2, 3, 5])
[INFO] [1733798498.397106433] [fibonacci_action_server]: Feedback: array('i', [0, 1, 1, 2, 3, 5, 8])
[INFO] [1733798498.648295318] [fibonacci_action_server]: Feedback: array('i', [0, 1, 1, 2, 3, 5, 8, 13])
[INFO] [1733798498.899512444] [fibonacci_action_server]: Feedback: array('i', [0, 1, 1, 2, 3, 5, 8, 13, 21])
[INFO] [1733798499.150699971] [fibonacci_action_server]: Feedback: array('i', [0, 1, 1, 2, 3, 5, 8, 13, 21, 34])
[INFO] [1733798499.402102148] [fibonacci_action_server]: Feedback: array('i', [0, 1, 1, 2, 3, 5, 8, 13, 21, 34, 55])
[INFO] [1733798499.655835855] [fibonacci_action_server]: Executing goal...
[INFO] [1733798499.656437158] [fibonacci_action_server]: Feedback: array('i', [0, 1, 1])
[INFO] [1733798499.907380570] [fibonacci_action_server]: Feedback: array('i', [0, 1, 1, 2])
[INFO] [1733798500.158496300] [fibonacci_action_server]: Feedback: array('i', [0, 1, 1, 2, 3])
[INFO] [1733798500.409461173] [fibonacci_action_server]: Feedback: array('i', [0, 1, 1, 2, 3, 5])
[INFO] [1733798500.660725979] [fibonacci_action_server]: Feedback: array('i', [0, 1, 1, 2, 3, 5, 8])
[INFO] [1733798500.911663875] [fibonacci_action_server]: Feedback: array('i', [0, 1, 1, 2, 3, 5, 8, 13])
[INFO] [1733798501.162911805] [fibonacci_action_server]: Feedback: array('i', [0, 1, 1, 2, 3, 5, 8, 13, 21])
[INFO] [1733798501.413752994] [fibonacci_action_server]: Feedback: array('i', [0, 1, 1, 2, 3, 5, 8, 13, 21, 34])
[INFO] [1733798501.665050305] [fibonacci_action_server]: Feedback: array('i', [0, 1, 1, 2, 3, 5, 8, 13, 21, 34, 55])
[INFO] [1733798501.918766264] [fibonacci_action_server]: Executing goal...
[INFO] [1733798501.919390172] [fibonacci_action_server]: Feedback: array('i', [0, 1, 1])
[INFO] [1733798502.170413699] [fibonacci_action_server]: Feedback: array('i', [0, 1, 1, 2])
[INFO] [1733798502.421760363] [fibonacci_action_server]: Feedback: array('i', [0, 1, 1, 2, 3])
[INFO] [1733798502.672781949] [fibonacci_action_server]: Feedback: array('i', [0, 1, 1, 2, 3, 5])
[INFO] [1733798502.924206343] [fibonacci_action_server]: Feedback: array('i', [0, 1, 1, 2, 3, 5, 8])
[INFO] [1733798503.175252742] [fibonacci_action_server]: Feedback: array('i', [0, 1, 1, 2, 3, 5, 8, 13])
[INFO] [1733798503.426701716] [fibonacci_action_server]: Feedback: array('i', [0, 1, 1, 2, 3, 5, 8, 13, 21])
[INFO] [1733798503.677729924] [fibonacci_action_server]: Feedback: array('i', [0, 1, 1, 2, 3, 5, 8, 13, 21, 34])
[INFO] [1733798503.928941696] [fibonacci_action_server]: Feedback: array('i', [0, 1, 1, 2, 3, 5, 8, 13, 21, 34, 55])
[INFO] [1733798504.182767739] [fibonacci_action_server]: Executing goal...
[INFO] [1733798504.183391452] [fibonacci_action_server]: Feedback: array('i', [0, 1, 1])
[INFO] [1733798504.434054488] [fibonacci_action_server]: Feedback: array('i', [0, 1, 1, 2])
[INFO] [1733798504.685425815] [fibonacci_action_server]: Feedback: array('i', [0, 1, 1, 2, 3])
[INFO] [1733798504.936634799] [fibonacci_action_server]: Feedback: array('i', [0, 1, 1, 2, 3, 5])
[INFO] [1733798505.187938569] [fibonacci_action_server]: Feedback: array('i', [0, 1, 1, 2, 3, 5, 8])
[INFO] [1733798505.439067649] [fibonacci_action_server]: Feedback: array('i', [0, 1, 1, 2, 3, 5, 8, 13])
[INFO] [1733798505.690038305] [fibonacci_action_server]: Feedback: array('i', [0, 1, 1, 2, 3, 5, 8, 13, 21])
[INFO] [1733798505.940997656] [fibonacci_action_server]: Feedback: array('i', [0, 1, 1, 2, 3, 5, 8, 13, 21, 34])
[INFO] [1733798506.192207263] [fibonacci_action_server]: Feedback: array('i', [0, 1, 1, 2, 3, 5, 8, 13, 21, 34, 55])
[INFO] [1733798506.445709537] [fibonacci_action_server]: Executing goal...
[INFO] [1733798506.446298763] [fibonacci_action_server]: Feedback: array('i', [0, 1, 1])
[INFO] [1733798506.697097912] [fibonacci_action_server]: Feedback: array('i', [0, 1, 1, 2])
[INFO] [1733798506.948341957] [fibonacci_action_server]: Feedback: array('i', [0, 1, 1, 2, 3])
[INFO] [1733798507.199291980] [fibonacci_action_server]: Feedback: array('i', [0, 1, 1, 2, 3, 5])
[INFO] [1733798507.450132160] [fibonacci_action_server]: Feedback: array('i', [0, 1, 1, 2, 3, 5, 8])
[INFO] [1733798507.701048306] [fibonacci_action_server]: Feedback: array('i', [0, 1, 1, 2, 3, 5, 8, 13])
[INFO] [1733798507.952292775] [fibonacci_action_server]: Feedback: array('i', [0, 1, 1, 2, 3, 5, 8, 13, 21])
[INFO] [1733798508.203246013] [fibonacci_action_server]: Feedback: array('i', [0, 1, 1, 2, 3, 5, 8, 13, 21, 34])
[INFO] [1733798508.454081007] [fibonacci_action_server]: Feedback: array('i', [0, 1, 1, 2, 3, 5, 8, 13, 21, 34, 55])
[INFO] [1733798508.707101935] [fibonacci_action_server]: Executing goal...
[INFO] [1733798508.707465679] [fibonacci_action_server]: Feedback: array('i', [0, 1, 1])
[INFO] [1733798508.958064700] [fibonacci_action_server]: Feedback: array('i', [0, 1, 1, 2])
[INFO] [1733798509.209411497] [fibonacci_action_server]: Feedback: array('i', [0, 1, 1, 2, 3])
[INFO] [1733798509.460616850] [fibonacci_action_server]: Feedback: array('i', [0, 1, 1, 2, 3, 5])
[INFO] [1733798509.711888527] [fibonacci_action_server]: Feedback: array('i', [0, 1, 1, 2, 3, 5, 8])
[INFO] [1733798509.963209570] [fibonacci_action_server]: Feedback: array('i', [0, 1, 1, 2, 3, 5, 8, 13])
[INFO] [1733798510.214412144] [fibonacci_action_server]: Feedback: array('i', [0, 1, 1, 2, 3, 5, 8, 13, 21])
[INFO] [1733798510.465351158] [fibonacci_action_server]: Feedback: array('i', [0, 1, 1, 2, 3, 5, 8, 13, 21, 34])
[INFO] [1733798510.716549606] [fibonacci_action_server]: Feedback: array('i', [0, 1, 1, 2, 3, 5, 8, 13, 21, 34, 55])
[INFO] [1733798510.970302023] [fibonacci_action_server]: Executing goal...
[INFO] [1733798510.970933273] [fibonacci_action_server]: Feedback: array('i', [0, 1, 1])
[INFO] [1733798511.222065182] [fibonacci_action_server]: Feedback: array('i', [0, 1, 1, 2])
[INFO] [1733798511.473388052] [fibonacci_action_server]: Feedback: array('i', [0, 1, 1, 2, 3])
[INFO] [1733798511.724618685] [fibonacci_action_server]: Feedback: array('i', [0, 1, 1, 2, 3, 5])
[INFO] [1733798511.975821777] [fibonacci_action_server]: Feedback: array('i', [0, 1, 1, 2, 3, 5, 8])
[INFO] [1733798512.226726954] [fibonacci_action_server]: Feedback: array('i', [0, 1, 1, 2, 3, 5, 8, 13])
[INFO] [1733798512.477654938] [fibonacci_action_server]: Feedback: array('i', [0, 1, 1, 2, 3, 5, 8, 13, 21])
[INFO] [1733798512.728672798] [fibonacci_action_server]: Feedback: array('i', [0, 1, 1, 2, 3, 5, 8, 13, 21, 34])
[INFO] [1733798512.979847575] [fibonacci_action_server]: Feedback: array('i', [0, 1, 1, 2, 3, 5, 8, 13, 21, 34, 55])
[INFO] [1733798513.233113214] [fibonacci_action_server]: Executing goal...
[INFO] [1733798513.233642457] [fibonacci_action_server]: Feedback: array('i', [0, 1, 1])
[INFO] [1733798513.484475411] [fibonacci_action_server]: Feedback: array('i', [0, 1, 1, 2])
[INFO] [1733798513.735684347] [fibonacci_action_server]: Feedback: array('i', [0, 1, 1, 2, 3])
[INFO] [1733798513.986600989] [fibonacci_action_server]: Feedback: array('i', [0, 1, 1, 2, 3, 5])
[INFO] [1733798514.237964074] [fibonacci_action_server]: Feedback: array('i', [0, 1, 1, 2, 3, 5, 8])
[INFO] [1733798514.488911559] [fibonacci_action_server]: Feedback: array('i', [0, 1, 1, 2, 3, 5, 8, 13])
[INFO] [1733798514.740095662] [fibonacci_action_server]: Feedback: array('i', [0, 1, 1, 2, 3, 5, 8, 13, 21])
[INFO] [1733798514.991136788] [fibonacci_action_server]: Feedback: array('i', [0, 1, 1, 2, 3, 5, 8, 13, 21, 34])
[INFO] [1733798515.242033882] [fibonacci_action_server]: Feedback: array('i', [0, 1, 1, 2, 3, 5, 8, 13, 21, 34, 55])
[INFO] [1733798515.495306375] [fibonacci_action_server]: Executing goal...
[INFO] [1733798515.495687106] [fibonacci_action_server]: Feedback: array('i', [0, 1, 1])
[INFO] [1733798515.746652599] [fibonacci_action_server]: Feedback: array('i', [0, 1, 1, 2])
[INFO] [1733798515.998058115] [fibonacci_action_server]: Feedback: array('i', [0, 1, 1, 2, 3])
[INFO] [1733798516.249513433] [fibonacci_action_server]: Feedback: array('i', [0, 1, 1, 2, 3, 5])
[INFO] [1733798516.500843953] [fibonacci_action_server]: Feedback: array('i', [0, 1, 1, 2, 3, 5, 8])
[INFO] [1733798516.752078498] [fibonacci_action_server]: Feedback: array('i', [0, 1, 1, 2, 3, 5, 8, 13])
[INFO] [1733798517.003169524] [fibonacci_action_server]: Feedback: array('i', [0, 1, 1, 2, 3, 5, 8, 13, 21])
[INFO] [1733798517.254317512] [fibonacci_action_server]: Feedback: array('i', [0, 1, 1, 2, 3, 5, 8, 13, 21, 34])
[INFO] [1733798517.505640237] [fibonacci_action_server]: Feedback: array('i', [0, 1, 1, 2, 3, 5, 8, 13, 21, 34, 55])
[INFO] [1733798517.758809803] [fibonacci_action_server]: Executing goal...
[INFO] [1733798517.759190973] [fibonacci_action_server]: Feedback: array('i', [0, 1, 1])
[INFO] [1733798518.010103514] [fibonacci_action_server]: Feedback: array('i', [0, 1, 1, 2])
[INFO] [1733798518.261384998] [fibonacci_action_server]: Feedback: array('i', [0, 1, 1, 2, 3])
[INFO] [1733798518.512624676] [fibonacci_action_server]: Feedback: array('i', [0, 1, 1, 2, 3, 5])
[INFO] [1733798518.763556787] [fibonacci_action_server]: Feedback: array('i', [0, 1, 1, 2, 3, 5, 8])
[INFO] [1733798519.014602816] [fibonacci_action_server]: Feedback: array('i', [0, 1, 1, 2, 3, 5, 8, 13])
[INFO] [1733798519.265928599] [fibonacci_action_server]: Feedback: array('i', [0, 1, 1, 2, 3, 5, 8, 13, 21])
[INFO] [1733798519.516958023] [fibonacci_action_server]: Feedback: array('i', [0, 1, 1, 2, 3, 5, 8, 13, 21, 34])
[INFO] [1733798519.768188573] [fibonacci_action_server]: Feedback: array('i', [0, 1, 1, 2, 3, 5, 8, 13, 21, 34, 55])
[INFO] [1733798520.021098590] [fibonacci_action_server]: Executing goal...
[INFO] [1733798520.021564965] [fibonacci_action_server]: Feedback: array('i', [0, 1, 1])
[INFO] [1733798520.272398664] [fibonacci_action_server]: Feedback: array('i', [0, 1, 1, 2])
[INFO] [1733798520.523726300] [fibonacci_action_server]: Feedback: array('i', [0, 1, 1, 2, 3])
[INFO] [1733798520.774717266] [fibonacci_action_server]: Feedback: array('i', [0, 1, 1, 2, 3, 5])
[INFO] [1733798521.026079619] [fibonacci_action_server]: Feedback: array('i', [0, 1, 1, 2, 3, 5, 8])
[INFO] [1733798521.277054945] [fibonacci_action_server]: Feedback: array('i', [0, 1, 1, 2, 3, 5, 8, 13])
[INFO] [1733798521.528068093] [fibonacci_action_server]: Feedback: array('i', [0, 1, 1, 2, 3, 5, 8, 13, 21])
[INFO] [1733798521.779085176] [fibonacci_action_server]: Feedback: array('i', [0, 1, 1, 2, 3, 5, 8, 13, 21, 34])
[INFO] [1733798522.030092206] [fibonacci_action_server]: Feedback: array('i', [0, 1, 1, 2, 3, 5, 8, 13, 21, 34, 55])
[INFO] [1733798522.283336880] [fibonacci_action_server]: Executing goal...
[INFO] [1733798522.283708735] [fibonacci_action_server]: Feedback: array('i', [0, 1, 1])
[INFO] [1733798522.534717075] [fibonacci_action_server]: Feedback: array('i', [0, 1, 1, 2])
[INFO] [1733798522.786044220] [fibonacci_action_server]: Feedback: array('i', [0, 1, 1, 2, 3])
[INFO] [1733798523.037428580] [fibonacci_action_server]: Feedback: array('i', [0, 1, 1, 2, 3, 5])
[INFO] [1733798523.288578959] [fibonacci_action_server]: Feedback: array('i', [0, 1, 1, 2, 3, 5, 8])
[INFO] [1733798523.539565686] [fibonacci_action_server]: Feedback: array('i', [0, 1, 1, 2, 3, 5, 8, 13])
[INFO] [1733798523.790713448] [fibonacci_action_server]: Feedback: array('i', [0, 1, 1, 2, 3, 5, 8, 13, 21])
[INFO] [1733798524.041788714] [fibonacci_action_server]: Feedback: array('i', [0, 1, 1, 2, 3, 5, 8, 13, 21, 34])
[INFO] [1733798524.292978729] [fibonacci_action_server]: Feedback: array('i', [0, 1, 1, 2, 3, 5, 8, 13, 21, 34, 55])
[INFO] [1733798524.545887101] [fibonacci_action_server]: Executing goal...
[INFO] [1733798524.546266092] [fibonacci_action_server]: Feedback: array('i', [0, 1, 1])
[INFO] [1733798524.797435003] [fibonacci_action_server]: Feedback: array('i', [0, 1, 1, 2])
[INFO] [1733798525.048706197] [fibonacci_action_server]: Feedback: array('i', [0, 1, 1, 2, 3])
[INFO] [1733798525.299904857] [fibonacci_action_server]: Feedback: array('i', [0, 1, 1, 2, 3, 5])
[INFO] [1733798525.550947318] [fibonacci_action_server]: Feedback: array('i', [0, 1, 1, 2, 3, 5, 8])
[INFO] [1733798525.801776124] [fibonacci_action_server]: Feedback: array('i', [0, 1, 1, 2, 3, 5, 8, 13])
[INFO] [1733798526.052982402] [fibonacci_action_server]: Feedback: array('i', [0, 1, 1, 2, 3, 5, 8, 13, 21])
[INFO] [1733798526.304381735] [fibonacci_action_server]: Feedback: array('i', [0, 1, 1, 2, 3, 5, 8, 13, 21, 34])
[INFO] [1733798526.555277946] [fibonacci_action_server]: Feedback: array('i', [0, 1, 1, 2, 3, 5, 8, 13, 21, 34, 55])
[INFO] [1733798526.808353714] [fibonacci_action_server]: Executing goal...
[INFO] [1733798526.808753449] [fibonacci_action_server]: Feedback: array('i', [0, 1, 1])
[INFO] [1733798527.059549544] [fibonacci_action_server]: Feedback: array('i', [0, 1, 1, 2])
[INFO] [1733798527.310881793] [fibonacci_action_server]: Feedback: array('i', [0, 1, 1, 2, 3])
[INFO] [1733798527.561874633] [fibonacci_action_server]: Feedback: array('i', [0, 1, 1, 2, 3, 5])
[INFO] [1733798527.813194451] [fibonacci_action_server]: Feedback: array('i', [0, 1, 1, 2, 3, 5, 8])
[INFO] [1733798528.064173673] [fibonacci_action_server]: Feedback: array('i', [0, 1, 1, 2, 3, 5, 8, 13])
[INFO] [1733798528.315334468] [fibonacci_action_server]: Feedback: array('i', [0, 1, 1, 2, 3, 5, 8, 13, 21])
[INFO] [1733798528.566664214] [fibonacci_action_server]: Feedback: array('i', [0, 1, 1, 2, 3, 5, 8, 13, 21, 34])
[INFO] [1733798528.817946381] [fibonacci_action_server]: Feedback: array('i', [0, 1, 1, 2, 3, 5, 8, 13, 21, 34, 55])
[INFO] [1733798529.071090356] [fibonacci_action_server]: Executing goal...
[INFO] [1733798529.071534371] [fibonacci_action_server]: Feedback: array('i', [0, 1, 1])
[INFO] [1733798529.322492464] [fibonacci_action_server]: Feedback: array('i', [0, 1, 1, 2])
[INFO] [1733798529.573868334] [fibonacci_action_server]: Feedback: array('i', [0, 1, 1, 2, 3])
[INFO] [1733798529.825121027] [fibonacci_action_server]: Feedback: array('i', [0, 1, 1, 2, 3, 5])
[INFO] [1733798530.076432551] [fibonacci_action_server]: Feedback: array('i', [0, 1, 1, 2, 3, 5, 8])
[INFO] [1733798530.327354313] [fibonacci_action_server]: Feedback: array('i', [0, 1, 1, 2, 3, 5, 8, 13])
[INFO] [1733798530.578103146] [fibonacci_action_server]: Feedback: array('i', [0, 1, 1, 2, 3, 5, 8, 13, 21])
[INFO] [1733798530.829466767] [fibonacci_action_server]: Feedback: array('i', [0, 1, 1, 2, 3, 5, 8, 13, 21, 34])
[INFO] [1733798531.080720893] [fibonacci_action_server]: Feedback: array('i', [0, 1, 1, 2, 3, 5, 8, 13, 21, 34, 55])
[INFO] [1733798531.334544904] [fibonacci_action_server]: Executing goal...
[INFO] [1733798531.335163485] [fibonacci_action_server]: Feedback: array('i', [0, 1, 1])
[INFO] [1733798531.585859011] [fibonacci_action_server]: Feedback: array('i', [0, 1, 1, 2])
[INFO] [1733798531.837074024] [fibonacci_action_server]: Feedback: array('i', [0, 1, 1, 2, 3])
[INFO] [1733798532.088393686] [fibonacci_action_server]: Feedback: array('i', [0, 1, 1, 2, 3, 5])
[INFO] [1733798532.339595197] [fibonacci_action_server]: Feedback: array('i', [0, 1, 1, 2, 3, 5, 8])
[INFO] [1733798532.590551759] [fibonacci_action_server]: Feedback: array('i', [0, 1, 1, 2, 3, 5, 8, 13])
[INFO] [1733798532.841685222] [fibonacci_action_server]: Feedback: array('i', [0, 1, 1, 2, 3, 5, 8, 13, 21])
[INFO] [1733798533.093076416] [fibonacci_action_server]: Feedback: array('i', [0, 1, 1, 2, 3, 5, 8, 13, 21, 34])
[INFO] [1733798533.344183874] [fibonacci_action_server]: Feedback: array('i', [0, 1, 1, 2, 3, 5, 8, 13, 21, 34, 55])
[INFO] [1733798533.597390069] [fibonacci_action_server]: Executing goal...
[INFO] [1733798533.597817501] [fibonacci_action_server]: Feedback: array('i', [0, 1, 1])
[INFO] [1733798533.848592723] [fibonacci_action_server]: Feedback: array('i', [0, 1, 1, 2])
[INFO] [1733798534.099849325] [fibonacci_action_server]: Feedback: array('i', [0, 1, 1, 2, 3])
[INFO] [1733798534.350847725] [fibonacci_action_server]: Feedback: array('i', [0, 1, 1, 2, 3, 5])
[INFO] [1733798534.602067017] [fibonacci_action_server]: Feedback: array('i', [0, 1, 1, 2, 3, 5, 8])
[INFO] [1733798534.853044588] [fibonacci_action_server]: Feedback: array('i', [0, 1, 1, 2, 3, 5, 8, 13])
[INFO] [1733798535.104313475] [fibonacci_action_server]: Feedback: array('i', [0, 1, 1, 2, 3, 5, 8, 13, 21])
[INFO] [1733798535.355487570] [fibonacci_action_server]: Feedback: array('i', [0, 1, 1, 2, 3, 5, 8, 13, 21, 34])
[INFO] [1733798535.606597274] [fibonacci_action_server]: Feedback: array('i', [0, 1, 1, 2, 3, 5, 8, 13, 21, 34, 55])
[INFO] [1733798535.860265719] [fibonacci_action_server]: Executing goal...
[INFO] [1733798535.860936816] [fibonacci_action_server]: Feedback: array('i', [0, 1, 1])
[INFO] [1733798536.111842760] [fibonacci_action_server]: Feedback: array('i', [0, 1, 1, 2])
[INFO] [1733798536.363210839] [fibonacci_action_server]: Feedback: array('i', [0, 1, 1, 2, 3])
[INFO] [1733798536.614156443] [fibonacci_action_server]: Feedback: array('i', [0, 1, 1, 2, 3, 5])
[INFO] [1733798536.865477140] [fibonacci_action_server]: Feedback: array('i', [0, 1, 1, 2, 3, 5, 8])
[INFO] [1733798537.116835782] [fibonacci_action_server]: Feedback: array('i', [0, 1, 1, 2, 3, 5, 8, 13])
[INFO] [1733798537.368054802] [fibonacci_action_server]: Feedback: array('i', [0, 1, 1, 2, 3, 5, 8, 13, 21])
[INFO] [1733798537.619168048] [fibonacci_action_server]: Feedback: array('i', [0, 1, 1, 2, 3, 5, 8, 13, 21, 34])
[INFO] [1733798537.870103635] [fibonacci_action_server]: Feedback: array('i', [0, 1, 1, 2, 3, 5, 8, 13, 21, 34, 55])
[INFO] [1733798538.123699952] [fibonacci_action_server]: Executing goal...
[INFO] [1733798538.124313547] [fibonacci_action_server]: Feedback: array('i', [0, 1, 1])
[INFO] [1733798538.375261197] [fibonacci_action_server]: Feedback: array('i', [0, 1, 1, 2])
[INFO] [1733798538.626344385] [fibonacci_action_server]: Feedback: array('i', [0, 1, 1, 2, 3])
[INFO] [1733798538.877521321] [fibonacci_action_server]: Feedback: array('i', [0, 1, 1, 2, 3, 5])
[INFO] [1733798539.128776982] [fibonacci_action_server]: Feedback: array('i', [0, 1, 1, 2, 3, 5, 8])
[INFO] [1733798539.379964228] [fibonacci_action_server]: Feedback: array('i', [0, 1, 1, 2, 3, 5, 8, 13])
[INFO] [1733798539.630862332] [fibonacci_action_server]: Feedback: array('i', [0, 1, 1, 2, 3, 5, 8, 13, 21])
[INFO] [1733798539.882205031] [fibonacci_action_server]: Feedback: array('i', [0, 1, 1, 2, 3, 5, 8, 13, 21, 34])
[INFO] [1733798540.133121340] [fibonacci_action_server]: Feedback: array('i', [0, 1, 1, 2, 3, 5, 8, 13, 21, 34, 55])
[INFO] [1733798540.386692242] [fibonacci_action_server]: Executing goal...
[INFO] [1733798540.387340190] [fibonacci_action_server]: Feedback: array('i', [0, 1, 1])
[INFO] [1733798540.638182534] [fibonacci_action_server]: Feedback: array('i', [0, 1, 1, 2])
[INFO] [1733798540.889564806] [fibonacci_action_server]: Feedback: array('i', [0, 1, 1, 2, 3])
[INFO] [1733798541.140483715] [fibonacci_action_server]: Feedback: array('i', [0, 1, 1, 2, 3, 5])
[INFO] [1733798541.391666521] [fibonacci_action_server]: Feedback: array('i', [0, 1, 1, 2, 3, 5, 8])
[INFO] [1733798541.642804657] [fibonacci_action_server]: Feedback: array('i', [0, 1, 1, 2, 3, 5, 8, 13])
[INFO] [1733798541.894098878] [fibonacci_action_server]: Feedback: array('i', [0, 1, 1, 2, 3, 5, 8, 13, 21])
[INFO] [1733798542.145489027] [fibonacci_action_server]: Feedback: array('i', [0, 1, 1, 2, 3, 5, 8, 13, 21, 34])
[INFO] [1733798542.396682162] [fibonacci_action_server]: Feedback: array('i', [0, 1, 1, 2, 3, 5, 8, 13, 21, 34, 55])
[INFO] [1733798542.649570074] [fibonacci_action_server]: Executing goal...
[INFO] [1733798542.649990273] [fibonacci_action_server]: Feedback: array('i', [0, 1, 1])
[INFO] [1733798542.901078940] [fibonacci_action_server]: Feedback: array('i', [0, 1, 1, 2])
[INFO] [1733798543.152350858] [fibonacci_action_server]: Feedback: array('i', [0, 1, 1, 2, 3])
[INFO] [1733798543.403432737] [fibonacci_action_server]: Feedback: array('i', [0, 1, 1, 2, 3, 5])
[INFO] [1733798543.654484348] [fibonacci_action_server]: Feedback: array('i', [0, 1, 1, 2, 3, 5, 8])
[INFO] [1733798543.905778107] [fibonacci_action_server]: Feedback: array('i', [0, 1, 1, 2, 3, 5, 8, 13])
[INFO] [1733798544.157056897] [fibonacci_action_server]: Feedback: array('i', [0, 1, 1, 2, 3, 5, 8, 13, 21])
[INFO] [1733798544.408295227] [fibonacci_action_server]: Feedback: array('i', [0, 1, 1, 2, 3, 5, 8, 13, 21, 34])
[INFO] [1733798544.659499128] [fibonacci_action_server]: Feedback: array('i', [0, 1, 1, 2, 3, 5, 8, 13, 21, 34, 55])
[INFO] [1733798544.912284040] [fibonacci_action_server]: Executing goal...
[INFO] [1733798544.912672772] [fibonacci_action_server]: Feedback: array('i', [0, 1, 1])
[INFO] [1733798545.163714589] [fibonacci_action_server]: Feedback: array('i', [0, 1, 1, 2])
[INFO] [1733798545.414814342] [fibonacci_action_server]: Feedback: array('i', [0, 1, 1, 2, 3])
[INFO] [1733798545.665980406] [fibonacci_action_server]: Feedback: array('i', [0, 1, 1, 2, 3, 5])
[INFO] [1733798545.917124876] [fibonacci_action_server]: Feedback: array('i', [0, 1, 1, 2, 3, 5, 8])
[INFO] [1733798546.168647805] [fibonacci_action_server]: Feedback: array('i', [0, 1, 1, 2, 3, 5, 8, 13])
[INFO] [1733798546.419701872] [fibonacci_action_server]: Feedback: array('i', [0, 1, 1, 2, 3, 5, 8, 13, 21])
[INFO] [1733798546.670866963] [fibonacci_action_server]: Feedback: array('i', [0, 1, 1, 2, 3, 5, 8, 13, 21, 34])
[INFO] [1733798546.921769722] [fibonacci_action_server]: Feedback: array('i', [0, 1, 1, 2, 3, 5, 8, 13, 21, 34, 55])
[INFO] [1733798547.174688678] [fibonacci_action_server]: Executing goal...
[INFO] [1733798547.175065751] [fibonacci_action_server]: Feedback: array('i', [0, 1, 1])
[INFO] [1733798547.425797897] [fibonacci_action_server]: Feedback: array('i', [0, 1, 1, 2])
[INFO] [1733798547.677146162] [fibonacci_action_server]: Feedback: array('i', [0, 1, 1, 2, 3])
[INFO] [1733798547.928394991] [fibonacci_action_server]: Feedback: array('i', [0, 1, 1, 2, 3, 5])
[INFO] [1733798548.179610129] [fibonacci_action_server]: Feedback: array('i', [0, 1, 1, 2, 3, 5, 8])
[INFO] [1733798548.430729280] [fibonacci_action_server]: Feedback: array('i', [0, 1, 1, 2, 3, 5, 8, 13])
[INFO] [1733798548.681862167] [fibonacci_action_server]: Feedback: array('i', [0, 1, 1, 2, 3, 5, 8, 13, 21])
[INFO] [1733798548.933244928] [fibonacci_action_server]: Feedback: array('i', [0, 1, 1, 2, 3, 5, 8, 13, 21, 34])
[INFO] [1733798549.184501713] [fibonacci_action_server]: Feedback: array('i', [0, 1, 1, 2, 3, 5, 8, 13, 21, 34, 55])
[INFO] [1733798549.437426370] [fibonacci_action_server]: Executing goal...
[INFO] [1733798549.437903130] [fibonacci_action_server]: Feedback: array('i', [0, 1, 1])
[INFO] [1733798549.688884209] [fibonacci_action_server]: Feedback: array('i', [0, 1, 1, 2])
[INFO] [1733798549.940129299] [fibonacci_action_server]: Feedback: array('i', [0, 1, 1, 2, 3])
[INFO] [1733798550.191063136] [fibonacci_action_server]: Feedback: array('i', [0, 1, 1, 2, 3, 5])
[INFO] [1733798550.442087442] [fibonacci_action_server]: Feedback: array('i', [0, 1, 1, 2, 3, 5, 8])
[INFO] [1733798550.693027025] [fibonacci_action_server]: Feedback: array('i', [0, 1, 1, 2, 3, 5, 8, 13])
[INFO] [1733798550.944239500] [fibonacci_action_server]: Feedback: array('i', [0, 1, 1, 2, 3, 5, 8, 13, 21])
[INFO] [1733798551.195524515] [fibonacci_action_server]: Feedback: array('i', [0, 1, 1, 2, 3, 5, 8, 13, 21, 34])
[INFO] [1733798551.446692116] [fibonacci_action_server]: Feedback: array('i', [0, 1, 1, 2, 3, 5, 8, 13, 21, 34, 55])
[INFO] [1733798551.699723792] [fibonacci_action_server]: Executing goal...
[INFO] [1733798551.700139003] [fibonacci_action_server]: Feedback: array('i', [0, 1, 1])
[INFO] [1733798551.951134258] [fibonacci_action_server]: Feedback: array('i', [0, 1, 1, 2])
[INFO] [1733798552.202108602] [fibonacci_action_server]: Feedback: array('i', [0, 1, 1, 2, 3])
[INFO] [1733798552.453203532] [fibonacci_action_server]: Feedback: array('i', [0, 1, 1, 2, 3, 5])
[INFO] [1733798552.704529167] [fibonacci_action_server]: Feedback: array('i', [0, 1, 1, 2, 3, 5, 8])
[INFO] [1733798552.955716542] [fibonacci_action_server]: Feedback: array('i', [0, 1, 1, 2, 3, 5, 8, 13])
[INFO] [1733798553.206700835] [fibonacci_action_server]: Feedback: array('i', [0, 1, 1, 2, 3, 5, 8, 13, 21])
[INFO] [1733798553.458028662] [fibonacci_action_server]: Feedback: array('i', [0, 1, 1, 2, 3, 5, 8, 13, 21, 34])
[INFO] [1733798553.708954563] [fibonacci_action_server]: Feedback: array('i', [0, 1, 1, 2, 3, 5, 8, 13, 21, 34, 55])
[INFO] [1733798553.961980413] [fibonacci_action_server]: Executing goal...
[INFO] [1733798553.962348844] [fibonacci_action_server]: Feedback: array('i', [0, 1, 1])
[INFO] [1733798554.213126554] [fibonacci_action_server]: Feedback: array('i', [0, 1, 1, 2])
[INFO] [1733798554.464222690] [fibonacci_action_server]: Feedback: array('i', [0, 1, 1, 2, 3])
[INFO] [1733798554.715179383] [fibonacci_action_server]: Feedback: array('i', [0, 1, 1, 2, 3, 5])
[INFO] [1733798554.966113741] [fibonacci_action_server]: Feedback: array('i', [0, 1, 1, 2, 3, 5, 8])
[INFO] [1733798555.217531903] [fibonacci_action_server]: Feedback: array('i', [0, 1, 1, 2, 3, 5, 8, 13])
[INFO] [1733798555.468740367] [fibonacci_action_server]: Feedback: array('i', [0, 1, 1, 2, 3, 5, 8, 13, 21])
[INFO] [1733798555.719913337] [fibonacci_action_server]: Feedback: array('i', [0, 1, 1, 2, 3, 5, 8, 13, 21, 34])
[INFO] [1733798555.971003992] [fibonacci_action_server]: Feedback: array('i', [0, 1, 1, 2, 3, 5, 8, 13, 21, 34, 55])
[INFO] [1733798556.224617409] [fibonacci_action_server]: Executing goal...
[INFO] [1733798556.225248050] [fibonacci_action_server]: Feedback: array('i', [0, 1, 1])
[INFO] [1733798556.476082133] [fibonacci_action_server]: Feedback: array('i', [0, 1, 1, 2])
[INFO] [1733798556.727179581] [fibonacci_action_server]: Feedback: array('i', [0, 1, 1, 2, 3])
[INFO] [1733798556.978575187] [fibonacci_action_server]: Feedback: array('i', [0, 1, 1, 2, 3, 5])
[INFO] [1733798557.229890036] [fibonacci_action_server]: Feedback: array('i', [0, 1, 1, 2, 3, 5, 8])
[INFO] [1733798557.481234325] [fibonacci_action_server]: Feedback: array('i', [0, 1, 1, 2, 3, 5, 8, 13])
[INFO] [1733798557.732516015] [fibonacci_action_server]: Feedback: array('i', [0, 1, 1, 2, 3, 5, 8, 13, 21])
[INFO] [1733798557.983659444] [fibonacci_action_server]: Feedback: array('i', [0, 1, 1, 2, 3, 5, 8, 13, 21, 34])
[INFO] [1733798558.234734038] [fibonacci_action_server]: Feedback: array('i', [0, 1, 1, 2, 3, 5, 8, 13, 21, 34, 55])
[INFO] [1733798558.488389805] [fibonacci_action_server]: Executing goal...
[INFO] [1733798558.489071124] [fibonacci_action_server]: Feedback: array('i', [0, 1, 1])
[INFO] [1733798558.739859202] [fibonacci_action_server]: Feedback: array('i', [0, 1, 1, 2])
[INFO] [1733798558.990957624] [fibonacci_action_server]: Feedback: array('i', [0, 1, 1, 2, 3])
[INFO] [1733798559.242033569] [fibonacci_action_server]: Feedback: array('i', [0, 1, 1, 2, 3, 5])
[INFO] [1733798559.493144678] [fibonacci_action_server]: Feedback: array('i', [0, 1, 1, 2, 3, 5, 8])
[INFO] [1733798559.744535361] [fibonacci_action_server]: Feedback: array('i', [0, 1, 1, 2, 3, 5, 8, 13])
[INFO] [1733798559.995458501] [fibonacci_action_server]: Feedback: array('i', [0, 1, 1, 2, 3, 5, 8, 13, 21])
[INFO] [1733798560.246608580] [fibonacci_action_server]: Feedback: array('i', [0, 1, 1, 2, 3, 5, 8, 13, 21, 34])
[INFO] [1733798560.497692587] [fibonacci_action_server]: Feedback: array('i', [0, 1, 1, 2, 3, 5, 8, 13, 21, 34, 55])
[INFO] [1733798560.750732144] [fibonacci_action_server]: Executing goal...
[INFO] [1733798560.751406224] [fibonacci_action_server]: Feedback: array('i', [0, 1, 1])
[INFO] [1733798561.002214568] [fibonacci_action_server]: Feedback: array('i', [0, 1, 1, 2])
[INFO] [1733798561.253464032] [fibonacci_action_server]: Feedback: array('i', [0, 1, 1, 2, 3])
[INFO] [1733798561.504758849] [fibonacci_action_server]: Feedback: array('i', [0, 1, 1, 2, 3, 5])
[INFO] [1733798561.755979239] [fibonacci_action_server]: Feedback: array('i', [0, 1, 1, 2, 3, 5, 8])
[INFO] [1733798562.006975350] [fibonacci_action_server]: Feedback: array('i', [0, 1, 1, 2, 3, 5, 8, 13])
[INFO] [1733798562.258123111] [fibonacci_action_server]: Feedback: array('i', [0, 1, 1, 2, 3, 5, 8, 13, 21])
[INFO] [1733798562.509405933] [fibonacci_action_server]: Feedback: array('i', [0, 1, 1, 2, 3, 5, 8, 13, 21, 34])
[INFO] [1733798562.760457918] [fibonacci_action_server]: Feedback: array('i', [0, 1, 1, 2, 3, 5, 8, 13, 21, 34, 55])
[INFO] [1733798563.013003030] [fibonacci_action_server]: Executing goal...
[INFO] [1733798563.013406509] [fibonacci_action_server]: Feedback: array('i', [0, 1, 1])
[INFO] [1733798563.264192457] [fibonacci_action_server]: Feedback: array('i', [0, 1, 1, 2])
[INFO] [1733798563.515300605] [fibonacci_action_server]: Feedback: array('i', [0, 1, 1, 2, 3])
[INFO] [1733798563.766688285] [fibonacci_action_server]: Feedback: array('i', [0, 1, 1, 2, 3, 5])
[INFO] [1733798564.017955960] [fibonacci_action_server]: Feedback: array('i', [0, 1, 1, 2, 3, 5, 8])
[INFO] [1733798564.269201160] [fibonacci_action_server]: Feedback: array('i', [0, 1, 1, 2, 3, 5, 8, 13])
[INFO] [1733798564.520482518] [fibonacci_action_server]: Feedback: array('i', [0, 1, 1, 2, 3, 5, 8, 13, 21])
[INFO] [1733798564.771744486] [fibonacci_action_server]: Feedback: array('i', [0, 1, 1, 2, 3, 5, 8, 13, 21, 34])
[INFO] [1733798565.022899244] [fibonacci_action_server]: Feedback: array('i', [0, 1, 1, 2, 3, 5, 8, 13, 21, 34, 55])
[INFO] [1733798565.275821680] [fibonacci_action_server]: Executing goal...
[INFO] [1733798565.276201006] [fibonacci_action_server]: Feedback: array('i', [0, 1, 1])
[INFO] [1733798565.526985385] [fibonacci_action_server]: Feedback: array('i', [0, 1, 1, 2])
[INFO] [1733798565.778102032] [fibonacci_action_server]: Feedback: array('i', [0, 1, 1, 2, 3])
[INFO] [1733798566.029515839] [fibonacci_action_server]: Feedback: array('i', [0, 1, 1, 2, 3, 5])
[INFO] [1733798566.280410795] [fibonacci_action_server]: Feedback: array('i', [0, 1, 1, 2, 3, 5, 8])
[INFO] [1733798566.531743470] [fibonacci_action_server]: Feedback: array('i', [0, 1, 1, 2, 3, 5, 8, 13])
[INFO] [1733798566.782713429] [fibonacci_action_server]: Feedback: array('i', [0, 1, 1, 2, 3, 5, 8, 13, 21])
[INFO] [1733798567.034053112] [fibonacci_action_server]: Feedback: array('i', [0, 1, 1, 2, 3, 5, 8, 13, 21, 34])
[INFO] [1733798567.285027719] [fibonacci_action_server]: Feedback: array('i', [0, 1, 1, 2, 3, 5, 8, 13, 21, 34, 55])
[INFO] [1733798567.538653104] [fibonacci_action_server]: Executing goal...
[INFO] [1733798567.539271925] [fibonacci_action_server]: Feedback: array('i', [0, 1, 1])
[INFO] [1733798567.790180396] [fibonacci_action_server]: Feedback: array('i', [0, 1, 1, 2])
[INFO] [1733798568.041473967] [fibonacci_action_server]: Feedback: array('i', [0, 1, 1, 2, 3])
[INFO] [1733798568.292874628] [fibonacci_action_server]: Feedback: array('i', [0, 1, 1, 2, 3, 5])
[INFO] [1733798568.544145078] [fibonacci_action_server]: Feedback: array('i', [0, 1, 1, 2, 3, 5, 8])
[INFO] [1733798568.795316219] [fibonacci_action_server]: Feedback: array('i', [0, 1, 1, 2, 3, 5, 8, 13])
[INFO] [1733798569.046362598] [fibonacci_action_server]: Feedback: array('i', [0, 1, 1, 2, 3, 5, 8, 13, 21])
[INFO] [1733798569.297744165] [fibonacci_action_server]: Feedback: array('i', [0, 1, 1, 2, 3, 5, 8, 13, 21, 34])
[INFO] [1733798569.548969905] [fibonacci_action_server]: Feedback: array('i', [0, 1, 1, 2, 3, 5, 8, 13, 21, 34, 55])
[INFO] [1733798569.802550360] [fibonacci_action_server]: Executing goal...
[INFO] [1733798569.803157127] [fibonacci_action_server]: Feedback: array('i', [0, 1, 1])
[INFO] [1733798570.053947628] [fibonacci_action_server]: Feedback: array('i', [0, 1, 1, 2])
[INFO] [1733798570.305190418] [fibonacci_action_server]: Feedback: array('i', [0, 1, 1, 2, 3])
[INFO] [1733798570.556637413] [fibonacci_action_server]: Feedback: array('i', [0, 1, 1, 2, 3, 5])
[INFO] [1733798570.807820645] [fibonacci_action_server]: Feedback: array('i', [0, 1, 1, 2, 3, 5, 8])
[INFO] [1733798571.059219348] [fibonacci_action_server]: Feedback: array('i', [0, 1, 1, 2, 3, 5, 8, 13])
[INFO] [1733798571.310144837] [fibonacci_action_server]: Feedback: array('i', [0, 1, 1, 2, 3, 5, 8, 13, 21])
[INFO] [1733798571.561479711] [fibonacci_action_server]: Feedback: array('i', [0, 1, 1, 2, 3, 5, 8, 13, 21, 34])
[INFO] [1733798571.812791899] [fibonacci_action_server]: Feedback: array('i', [0, 1, 1, 2, 3, 5, 8, 13, 21, 34, 55])
[INFO] [1733798572.066367187] [fibonacci_action_server]: Executing goal...
[INFO] [1733798572.066989178] [fibonacci_action_server]: Feedback: array('i', [0, 1, 1])
[INFO] [1733798572.317799046] [fibonacci_action_server]: Feedback: array('i', [0, 1, 1, 2])
[INFO] [1733798572.569039417] [fibonacci_action_server]: Feedback: array('i', [0, 1, 1, 2, 3])
[INFO] [1733798572.820406189] [fibonacci_action_server]: Feedback: array('i', [0, 1, 1, 2, 3, 5])
[INFO] [1733798573.071344687] [fibonacci_action_server]: Feedback: array('i', [0, 1, 1, 2, 3, 5, 8])
[INFO] [1733798573.322666416] [fibonacci_action_server]: Feedback: array('i', [0, 1, 1, 2, 3, 5, 8, 13])
[INFO] [1733798573.573774997] [fibonacci_action_server]: Feedback: array('i', [0, 1, 1, 2, 3, 5, 8, 13, 21])
[INFO] [1733798573.825014759] [fibonacci_action_server]: Feedback: array('i', [0, 1, 1, 2, 3, 5, 8, 13, 21, 34])
[INFO] [1733798574.075964971] [fibonacci_action_server]: Feedback: array('i', [0, 1, 1, 2, 3, 5, 8, 13, 21, 34, 55])
[INFO] [1733798574.328829355] [fibonacci_action_server]: Executing goal...
[INFO] [1733798574.329214551] [fibonacci_action_server]: Feedback: array('i', [0, 1, 1])
[INFO] [1733798574.580241207] [fibonacci_action_server]: Feedback: array('i', [0, 1, 1, 2])
[INFO] [1733798574.831446920] [fibonacci_action_server]: Feedback: array('i', [0, 1, 1, 2, 3])
[INFO] [1733798575.082356672] [fibonacci_action_server]: Feedback: array('i', [0, 1, 1, 2, 3, 5])
[INFO] [1733798575.333685892] [fibonacci_action_server]: Feedback: array('i', [0, 1, 1, 2, 3, 5, 8])
[INFO] [1733798575.584892204] [fibonacci_action_server]: Feedback: array('i', [0, 1, 1, 2, 3, 5, 8, 13])
[INFO] [1733798575.835816545] [fibonacci_action_server]: Feedback: array('i', [0, 1, 1, 2, 3, 5, 8, 13, 21])
[INFO] [1733798576.086852972] [fibonacci_action_server]: Feedback: array('i', [0, 1, 1, 2, 3, 5, 8, 13, 21, 34])
[INFO] [1733798576.338021101] [fibonacci_action_server]: Feedback: array('i', [0, 1, 1, 2, 3, 5, 8, 13, 21, 34, 55])
[INFO] [1733798576.591015369] [fibonacci_action_server]: Executing goal...
[INFO] [1733798576.591408674] [fibonacci_action_server]: Feedback: array('i', [0, 1, 1])
[INFO] [1733798576.842710195] [fibonacci_action_server]: Feedback: array('i', [0, 1, 1, 2])
[INFO] [1733798577.093965477] [fibonacci_action_server]: Feedback: array('i', [0, 1, 1, 2, 3])
[INFO] [1733798577.345320788] [fibonacci_action_server]: Feedback: array('i', [0, 1, 1, 2, 3, 5])
[INFO] [1733798577.596544250] [fibonacci_action_server]: Feedback: array('i', [0, 1, 1, 2, 3, 5, 8])
[INFO] [1733798577.847803697] [fibonacci_action_server]: Feedback: array('i', [0, 1, 1, 2, 3, 5, 8, 13])
[INFO] [1733798578.098892643] [fibonacci_action_server]: Feedback: array('i', [0, 1, 1, 2, 3, 5, 8, 13, 21])
[INFO] [1733798578.350068432] [fibonacci_action_server]: Feedback: array('i', [0, 1, 1, 2, 3, 5, 8, 13, 21, 34])
[INFO] [1733798578.601098157] [fibonacci_action_server]: Feedback: array('i', [0, 1, 1, 2, 3, 5, 8, 13, 21, 34, 55])
[INFO] [1733798578.854125653] [fibonacci_action_server]: Executing goal...
[INFO] [1733798578.854582628] [fibonacci_action_server]: Feedback: array('i', [0, 1, 1])
[INFO] [1733798579.105527268] [fibonacci_action_server]: Feedback: array('i', [0, 1, 1, 2])
[INFO] [1733798579.356455428] [fibonacci_action_server]: Feedback: array('i', [0, 1, 1, 2, 3])
[INFO] [1733798579.607707430] [fibonacci_action_server]: Feedback: array('i', [0, 1, 1, 2, 3, 5])
[INFO] [1733798579.858640736] [fibonacci_action_server]: Feedback: array('i', [0, 1, 1, 2, 3, 5, 8])
[INFO] [1733798580.109891635] [fibonacci_action_server]: Feedback: array('i', [0, 1, 1, 2, 3, 5, 8, 13])
[INFO] [1733798580.360841171] [fibonacci_action_server]: Feedback: array('i', [0, 1, 1, 2, 3, 5, 8, 13, 21])
[INFO] [1733798580.612188664] [fibonacci_action_server]: Feedback: array('i', [0, 1, 1, 2, 3, 5, 8, 13, 21, 34])
[INFO] [1733798580.863110703] [fibonacci_action_server]: Feedback: array('i', [0, 1, 1, 2, 3, 5, 8, 13, 21, 34, 55])
[INFO] [1733798581.115878321] [fibonacci_action_server]: Executing goal...
[INFO] [1733798581.116413004] [fibonacci_action_server]: Feedback: array('i', [0, 1, 1])
[INFO] [1733798581.367803110] [fibonacci_action_server]: Feedback: array('i', [0, 1, 1, 2])
[INFO] [1733798581.619070224] [fibonacci_action_server]: Feedback: array('i', [0, 1, 1, 2, 3])
[INFO] [1733798581.870409321] [fibonacci_action_server]: Feedback: array('i', [0, 1, 1, 2, 3, 5])
[INFO] [1733798582.121746472] [fibonacci_action_server]: Feedback: array('i', [0, 1, 1, 2, 3, 5, 8])
[INFO] [1733798582.373132828] [fibonacci_action_server]: Feedback: array('i', [0, 1, 1, 2, 3, 5, 8, 13])
[INFO] [1733798582.624378006] [fibonacci_action_server]: Feedback: array('i', [0, 1, 1, 2, 3, 5, 8, 13, 21])
[INFO] [1733798582.875593994] [fibonacci_action_server]: Feedback: array('i', [0, 1, 1, 2, 3, 5, 8, 13, 21, 34])
[INFO] [1733798583.126710581] [fibonacci_action_server]: Feedback: array('i', [0, 1, 1, 2, 3, 5, 8, 13, 21, 34, 55])
[INFO] [1733798583.379647136] [fibonacci_action_server]: Executing goal...
[INFO] [1733798583.380043169] [fibonacci_action_server]: Feedback: array('i', [0, 1, 1])
[INFO] [1733798583.631104754] [fibonacci_action_server]: Feedback: array('i', [0, 1, 1, 2])
[INFO] [1733798583.882134278] [fibonacci_action_server]: Feedback: array('i', [0, 1, 1, 2, 3])
[INFO] [1733798584.133549204] [fibonacci_action_server]: Feedback: array('i', [0, 1, 1, 2, 3, 5])
[INFO] [1733798584.384842043] [fibonacci_action_server]: Feedback: array('i', [0, 1, 1, 2, 3, 5, 8])
[INFO] [1733798584.635941158] [fibonacci_action_server]: Feedback: array('i', [0, 1, 1, 2, 3, 5, 8, 13])
[INFO] [1733798584.886963168] [fibonacci_action_server]: Feedback: array('i', [0, 1, 1, 2, 3, 5, 8, 13, 21])
[INFO] [1733798585.138095828] [fibonacci_action_server]: Feedback: array('i', [0, 1, 1, 2, 3, 5, 8, 13, 21, 34])
[INFO] [1733798585.389076779] [fibonacci_action_server]: Feedback: array('i', [0, 1, 1, 2, 3, 5, 8, 13, 21, 34, 55])
[INFO] [1733798585.642017524] [fibonacci_action_server]: Executing goal...
[INFO] [1733798585.642521659] [fibonacci_action_server]: Feedback: array('i', [0, 1, 1])
[INFO] [1733798585.893772610] [fibonacci_action_server]: Feedback: array('i', [0, 1, 1, 2])
[INFO] [1733798586.144700945] [fibonacci_action_server]: Feedback: array('i', [0, 1, 1, 2, 3])
[INFO] [1733798586.396064758] [fibonacci_action_server]: Feedback: array('i', [0, 1, 1, 2, 3, 5])
[INFO] [1733798586.646969122] [fibonacci_action_server]: Feedback: array('i', [0, 1, 1, 2, 3, 5, 8])
[INFO] [1733798586.898365137] [fibonacci_action_server]: Feedback: array('i', [0, 1, 1, 2, 3, 5, 8, 13])
[INFO] [1733798587.149362741] [fibonacci_action_server]: Feedback: array('i', [0, 1, 1, 2, 3, 5, 8, 13, 21])
[INFO] [1733798587.400695226] [fibonacci_action_server]: Feedback: array('i', [0, 1, 1, 2, 3, 5, 8, 13, 21, 34])
[INFO] [1733798587.651722650] [fibonacci_action_server]: Feedback: array('i', [0, 1, 1, 2, 3, 5, 8, 13, 21, 34, 55])
[INFO] [1733798587.904685582] [fibonacci_action_server]: Executing goal...
[INFO] [1733798587.905066018] [fibonacci_action_server]: Feedback: array('i', [0, 1, 1])
[INFO] [1733798588.156167203] [fibonacci_action_server]: Feedback: array('i', [0, 1, 1, 2])
[INFO] [1733798588.407388692] [fibonacci_action_server]: Feedback: array('i', [0, 1, 1, 2, 3])
[INFO] [1733798588.658530438] [fibonacci_action_server]: Feedback: array('i', [0, 1, 1, 2, 3, 5])
[INFO] [1733798588.909895973] [fibonacci_action_server]: Feedback: array('i', [0, 1, 1, 2, 3, 5, 8])
[INFO] [1733798589.161255472] [fibonacci_action_server]: Feedback: array('i', [0, 1, 1, 2, 3, 5, 8, 13])
[INFO] [1733798589.412470054] [fibonacci_action_server]: Feedback: array('i', [0, 1, 1, 2, 3, 5, 8, 13, 21])
[INFO] [1733798589.663718486] [fibonacci_action_server]: Feedback: array('i', [0, 1, 1, 2, 3, 5, 8, 13, 21, 34])
[INFO] [1733798589.914672304] [fibonacci_action_server]: Feedback: array('i', [0, 1, 1, 2, 3, 5, 8, 13, 21, 34, 55])
[INFO] [1733798590.168264342] [fibonacci_action_server]: Executing goal...
[INFO] [1733798590.168864406] [fibonacci_action_server]: Feedback: array('i', [0, 1, 1])
[INFO] [1733798590.420100430] [fibonacci_action_server]: Feedback: array('i', [0, 1, 1, 2])
[INFO] [1733798590.671148688] [fibonacci_action_server]: Feedback: array('i', [0, 1, 1, 2, 3])
[INFO] [1733798590.922116961] [fibonacci_action_server]: Feedback: array('i', [0, 1, 1, 2, 3, 5])
[INFO] [1733798591.173493351] [fibonacci_action_server]: Feedback: array('i', [0, 1, 1, 2, 3, 5, 8])
[INFO] [1733798591.424799268] [fibonacci_action_server]: Feedback: array('i', [0, 1, 1, 2, 3, 5, 8, 13])
[INFO] [1733798591.676019415] [fibonacci_action_server]: Feedback: array('i', [0, 1, 1, 2, 3, 5, 8, 13, 21])
[INFO] [1733798591.927105504] [fibonacci_action_server]: Feedback: array('i', [0, 1, 1, 2, 3, 5, 8, 13, 21, 34])
[INFO] [1733798592.178454029] [fibonacci_action_server]: Feedback: array('i', [0, 1, 1, 2, 3, 5, 8, 13, 21, 34, 55])
[INFO] [1733798592.431947343] [fibonacci_action_server]: Executing goal...
[INFO] [1733798592.432584996] [fibonacci_action_server]: Feedback: array('i', [0, 1, 1])
[INFO] [1733798592.683730004] [fibonacci_action_server]: Feedback: array('i', [0, 1, 1, 2])
[INFO] [1733798592.934675735] [fibonacci_action_server]: Feedback: array('i', [0, 1, 1, 2, 3])
[INFO] [1733798593.185913359] [fibonacci_action_server]: Feedback: array('i', [0, 1, 1, 2, 3, 5])
[INFO] [1733798593.436809566] [fibonacci_action_server]: Feedback: array('i', [0, 1, 1, 2, 3, 5, 8])
[INFO] [1733798593.688188362] [fibonacci_action_server]: Feedback: array('i', [0, 1, 1, 2, 3, 5, 8, 13])
[INFO] [1733798593.939076738] [fibonacci_action_server]: Feedback: array('i', [0, 1, 1, 2, 3, 5, 8, 13, 21])
[INFO] [1733798594.190097831] [fibonacci_action_server]: Feedback: array('i', [0, 1, 1, 2, 3, 5, 8, 13, 21, 34])
[INFO] [1733798594.441378259] [fibonacci_action_server]: Feedback: array('i', [0, 1, 1, 2, 3, 5, 8, 13, 21, 34, 55])
[INFO] [1733798594.695073621] [fibonacci_action_server]: Executing goal...
[INFO] [1733798594.695694055] [fibonacci_action_server]: Feedback: array('i', [0, 1, 1])
[INFO] [1733798594.946880882] [fibonacci_action_server]: Feedback: array('i', [0, 1, 1, 2])
[INFO] [1733798595.198143763] [fibonacci_action_server]: Feedback: array('i', [0, 1, 1, 2, 3])
[INFO] [1733798595.449429067] [fibonacci_action_server]: Feedback: array('i', [0, 1, 1, 2, 3, 5])
[INFO] [1733798595.700718074] [fibonacci_action_server]: Feedback: array('i', [0, 1, 1, 2, 3, 5, 8])
[INFO] [1733798595.951762735] [fibonacci_action_server]: Feedback: array('i', [0, 1, 1, 2, 3, 5, 8, 13])
[INFO] [1733798596.202721786] [fibonacci_action_server]: Feedback: array('i', [0, 1, 1, 2, 3, 5, 8, 13, 21])
[INFO] [1733798596.453973377] [fibonacci_action_server]: Feedback: array('i', [0, 1, 1, 2, 3, 5, 8, 13, 21, 34])
[INFO] [1733798596.705225371] [fibonacci_action_server]: Feedback: array('i', [0, 1, 1, 2, 3, 5, 8, 13, 21, 34, 55])
[INFO] [1733798596.958881375] [fibonacci_action_server]: Executing goal...
[INFO] [1733798596.959465821] [fibonacci_action_server]: Feedback: array('i', [0, 1, 1])
[INFO] [1733798597.210125411] [fibonacci_action_server]: Feedback: array('i', [0, 1, 1, 2])
[INFO] [1733798597.461481255] [fibonacci_action_server]: Feedback: array('i', [0, 1, 1, 2, 3])
[INFO] [1733798597.712612434] [fibonacci_action_server]: Feedback: array('i', [0, 1, 1, 2, 3, 5])
[INFO] [1733798597.963866263] [fibonacci_action_server]: Feedback: array('i', [0, 1, 1, 2, 3, 5, 8])
[INFO] [1733798598.214935513] [fibonacci_action_server]: Feedback: array('i', [0, 1, 1, 2, 3, 5, 8, 13])
[INFO] [1733798598.466063143] [fibonacci_action_server]: Feedback: array('i', [0, 1, 1, 2, 3, 5, 8, 13, 21])
[INFO] [1733798598.717435991] [fibonacci_action_server]: Feedback: array('i', [0, 1, 1, 2, 3, 5, 8, 13, 21, 34])
[INFO] [1733798598.968635948] [fibonacci_action_server]: Feedback: array('i', [0, 1, 1, 2, 3, 5, 8, 13, 21, 34, 55])
[INFO] [1733798599.221155976] [fibonacci_action_server]: Executing goal...
[INFO] [1733798599.221615991] [fibonacci_action_server]: Feedback: array('i', [0, 1, 1])
[INFO] [1733798599.472851932] [fibonacci_action_server]: Feedback: array('i', [0, 1, 1, 2])
[INFO] [1733798599.723810302] [fibonacci_action_server]: Feedback: array('i', [0, 1, 1, 2, 3])
[INFO] [1733798599.974830382] [fibonacci_action_server]: Feedback: array('i', [0, 1, 1, 2, 3, 5])
[INFO] [1733798600.225861771] [fibonacci_action_server]: Feedback: array('i', [0, 1, 1, 2, 3, 5, 8])
[INFO] [1733798600.477055664] [fibonacci_action_server]: Feedback: array('i', [0, 1, 1, 2, 3, 5, 8, 13])
[INFO] [1733798600.728054427] [fibonacci_action_server]: Feedback: array('i', [0, 1, 1, 2, 3, 5, 8, 13, 21])
[INFO] [1733798600.979186148] [fibonacci_action_server]: Feedback: array('i', [0, 1, 1, 2, 3, 5, 8, 13, 21, 34])
[INFO] [1733798601.230124101] [fibonacci_action_server]: Feedback: array('i', [0, 1, 1, 2, 3, 5, 8, 13, 21, 34, 55])
[INFO] [1733798601.483209800] [fibonacci_action_server]: Executing goal...
[INFO] [1733798601.483683798] [fibonacci_action_server]: Feedback: array('i', [0, 1, 1])
[INFO] [1733798601.734956165] [fibonacci_action_server]: Feedback: array('i', [0, 1, 1, 2])
[INFO] [1733798601.986099074] [fibonacci_action_server]: Feedback: array('i', [0, 1, 1, 2, 3])
[INFO] [1733798602.237138673] [fibonacci_action_server]: Feedback: array('i', [0, 1, 1, 2, 3, 5])
[INFO] [1733798602.488475529] [fibonacci_action_server]: Feedback: array('i', [0, 1, 1, 2, 3, 5, 8])
[INFO] [1733798602.739665043] [fibonacci_action_server]: Feedback: array('i', [0, 1, 1, 2, 3, 5, 8, 13])
[INFO] [1733798602.990583385] [fibonacci_action_server]: Feedback: array('i', [0, 1, 1, 2, 3, 5, 8, 13, 21])
[INFO] [1733798603.241927077] [fibonacci_action_server]: Feedback: array('i', [0, 1, 1, 2, 3, 5, 8, 13, 21, 34])
[INFO] [1733798603.493176634] [fibonacci_action_server]: Feedback: array('i', [0, 1, 1, 2, 3, 5, 8, 13, 21, 34, 55])
[INFO] [1733798603.746850495] [fibonacci_action_server]: Executing goal...
[INFO] [1733798603.747442240] [fibonacci_action_server]: Feedback: array('i', [0, 1, 1])
[INFO] [1733798603.998382964] [fibonacci_action_server]: Feedback: array('i', [0, 1, 1, 2])
[INFO] [1733798604.249711754] [fibonacci_action_server]: Feedback: array('i', [0, 1, 1, 2, 3])
[INFO] [1733798604.500970242] [fibonacci_action_server]: Feedback: array('i', [0, 1, 1, 2, 3, 5])
[INFO] [1733798604.752189731] [fibonacci_action_server]: Feedback: array('i', [0, 1, 1, 2, 3, 5, 8])
[INFO] [1733798605.003459187] [fibonacci_action_server]: Feedback: array('i', [0, 1, 1, 2, 3, 5, 8, 13])
[INFO] [1733798605.254419215] [fibonacci_action_server]: Feedback: array('i', [0, 1, 1, 2, 3, 5, 8, 13, 21])
[INFO] [1733798605.505536738] [fibonacci_action_server]: Feedback: array('i', [0, 1, 1, 2, 3, 5, 8, 13, 21, 34])
[INFO] [1733798605.756973979] [fibonacci_action_server]: Feedback: array('i', [0, 1, 1, 2, 3, 5, 8, 13, 21, 34, 55])
[INFO] [1733798606.009502304] [fibonacci_action_server]: Executing goal...
[INFO] [1733798606.009913408] [fibonacci_action_server]: Feedback: array('i', [0, 1, 1])
[INFO] [1733798606.261165278] [fibonacci_action_server]: Feedback: array('i', [0, 1, 1, 2])
[INFO] [1733798606.512283512] [fibonacci_action_server]: Feedback: array('i', [0, 1, 1, 2, 3])
[INFO] [1733798606.763660760] [fibonacci_action_server]: Feedback: array('i', [0, 1, 1, 2, 3, 5])
[INFO] [1733798607.014592630] [fibonacci_action_server]: Feedback: array('i', [0, 1, 1, 2, 3, 5, 8])
[INFO] [1733798607.265770299] [fibonacci_action_server]: Feedback: array('i', [0, 1, 1, 2, 3, 5, 8, 13])
[INFO] [1733798607.516701683] [fibonacci_action_server]: Feedback: array('i', [0, 1, 1, 2, 3, 5, 8, 13, 21])
[INFO] [1733798607.767856165] [fibonacci_action_server]: Feedback: array('i', [0, 1, 1, 2, 3, 5, 8, 13, 21, 34])
[INFO] [1733798608.019257640] [fibonacci_action_server]: Feedback: array('i', [0, 1, 1, 2, 3, 5, 8, 13, 21, 34, 55])
[INFO] [1733798608.272694286] [fibonacci_action_server]: Executing goal...
[INFO] [1733798608.273263947] [fibonacci_action_server]: Feedback: array('i', [0, 1, 1])
[INFO] [1733798608.524507794] [fibonacci_action_server]: Feedback: array('i', [0, 1, 1, 2])
[INFO] [1733798608.775713017] [fibonacci_action_server]: Feedback: array('i', [0, 1, 1, 2, 3])
[INFO] [1733798609.026846699] [fibonacci_action_server]: Feedback: array('i', [0, 1, 1, 2, 3, 5])
[INFO] [1733798609.277730912] [fibonacci_action_server]: Feedback: array('i', [0, 1, 1, 2, 3, 5, 8])
[INFO] [1733798609.528889629] [fibonacci_action_server]: Feedback: array('i', [0, 1, 1, 2, 3, 5, 8, 13])
[INFO] [1733798609.780245076] [fibonacci_action_server]: Feedback: array('i', [0, 1, 1, 2, 3, 5, 8, 13, 21])
[INFO] [1733798610.031452837] [fibonacci_action_server]: Feedback: array('i', [0, 1, 1, 2, 3, 5, 8, 13, 21, 34])
[INFO] [1733798610.282632844] [fibonacci_action_server]: Feedback: array('i', [0, 1, 1, 2, 3, 5, 8, 13, 21, 34, 55])
[INFO] [1733798610.536346574] [fibonacci_action_server]: Executing goal...
[INFO] [1733798610.536945208] [fibonacci_action_server]: Feedback: array('i', [0, 1, 1])
[INFO] [1733798610.788203411] [fibonacci_action_server]: Feedback: array('i', [0, 1, 1, 2])
[INFO] [1733798611.039430684] [fibonacci_action_server]: Feedback: array('i', [0, 1, 1, 2, 3])
[INFO] [1733798611.290402767] [fibonacci_action_server]: Feedback: array('i', [0, 1, 1, 2, 3, 5])
[INFO] [1733798611.541366953] [fibonacci_action_server]: Feedback: array('i', [0, 1, 1, 2, 3, 5, 8])
[INFO] [1733798611.792545856] [fibonacci_action_server]: Feedback: array('i', [0, 1, 1, 2, 3, 5, 8, 13])
[INFO] [1733798612.043841322] [fibonacci_action_server]: Feedback: array('i', [0, 1, 1, 2, 3, 5, 8, 13, 21])
[INFO] [1733798612.294769720] [fibonacci_action_server]: Feedback: array('i', [0, 1, 1, 2, 3, 5, 8, 13, 21, 34])
[INFO] [1733798612.546030397] [fibonacci_action_server]: Feedback: array('i', [0, 1, 1, 2, 3, 5, 8, 13, 21, 34, 55])
[INFO] [1733798612.799365439] [fibonacci_action_server]: Executing goal...
[INFO] [1733798612.799961134] [fibonacci_action_server]: Feedback: array('i', [0, 1, 1])
[INFO] [1733798613.050946804] [fibonacci_action_server]: Feedback: array('i', [0, 1, 1, 2])
[INFO] [1733798613.301844290] [fibonacci_action_server]: Feedback: array('i', [0, 1, 1, 2, 3])
[INFO] [1733798613.553163906] [fibonacci_action_server]: Feedback: array('i', [0, 1, 1, 2, 3, 5])
[INFO] [1733798613.804118639] [fibonacci_action_server]: Feedback: array('i', [0, 1, 1, 2, 3, 5, 8])
[INFO] [1733798614.055217899] [fibonacci_action_server]: Feedback: array('i', [0, 1, 1, 2, 3, 5, 8, 13])
[INFO] [1733798614.306545170] [fibonacci_action_server]: Feedback: array('i', [0, 1, 1, 2, 3, 5, 8, 13, 21])
[INFO] [1733798614.557824330] [fibonacci_action_server]: Feedback: array('i', [0, 1, 1, 2, 3, 5, 8, 13, 21, 34])
[INFO] [1733798614.809206152] [fibonacci_action_server]: Feedback: array('i', [0, 1, 1, 2, 3, 5, 8, 13, 21, 34, 55])
[INFO] [1733798615.062238103] [fibonacci_action_server]: Executing goal...
[INFO] [1733798615.062654872] [fibonacci_action_server]: Feedback: array('i', [0, 1, 1])
[INFO] [1733798615.313903786] [fibonacci_action_server]: Feedback: array('i', [0, 1, 1, 2])
[INFO] [1733798615.565136424] [fibonacci_action_server]: Feedback: array('i', [0, 1, 1, 2, 3])
[INFO] [1733798615.816251901] [fibonacci_action_server]: Feedback: array('i', [0, 1, 1, 2, 3, 5])
[INFO] [1733798616.067368695] [fibonacci_action_server]: Feedback: array('i', [0, 1, 1, 2, 3, 5, 8])
[INFO] [1733798616.318558522] [fibonacci_action_server]: Feedback: array('i', [0, 1, 1, 2, 3, 5, 8, 13])
[INFO] [1733798616.569907053] [fibonacci_action_server]: Feedback: array('i', [0, 1, 1, 2, 3, 5, 8, 13, 21])
[INFO] [1733798616.821227771] [fibonacci_action_server]: Feedback: array('i', [0, 1, 1, 2, 3, 5, 8, 13, 21, 34])
[INFO] [1733798617.072593805] [fibonacci_action_server]: Feedback: array('i', [0, 1, 1, 2, 3, 5, 8, 13, 21, 34, 55])
[INFO] [1733798617.325568338] [fibonacci_action_server]: Executing goal...
[INFO] [1733798617.326016868] [fibonacci_action_server]: Feedback: array('i', [0, 1, 1])
[INFO] [1733798617.576900310] [fibonacci_action_server]: Feedback: array('i', [0, 1, 1, 2])
[INFO] [1733798617.828091398] [fibonacci_action_server]: Feedback: array('i', [0, 1, 1, 2, 3])
[INFO] [1733798618.079173111] [fibonacci_action_server]: Feedback: array('i', [0, 1, 1, 2, 3, 5])
[INFO] [1733798618.330119190] [fibonacci_action_server]: Feedback: array('i', [0, 1, 1, 2, 3, 5, 8])
[INFO] [1733798618.581345525] [fibonacci_action_server]: Feedback: array('i', [0, 1, 1, 2, 3, 5, 8, 13])
[INFO] [1733798618.832646363] [fibonacci_action_server]: Feedback: array('i', [0, 1, 1, 2, 3, 5, 8, 13, 21])
[INFO] [1733798619.083572142] [fibonacci_action_server]: Feedback: array('i', [0, 1, 1, 2, 3, 5, 8, 13, 21, 34])
[INFO] [1733798619.334964695] [fibonacci_action_server]: Feedback: array('i', [0, 1, 1, 2, 3, 5, 8, 13, 21, 34, 55])
[INFO] [1733798619.588120224] [fibonacci_action_server]: Executing goal...
[INFO] [1733798619.588783491] [fibonacci_action_server]: Feedback: array('i', [0, 1, 1])
[INFO] [1733798619.839858746] [fibonacci_action_server]: Feedback: array('i', [0, 1, 1, 2])
[INFO] [1733798620.090783977] [fibonacci_action_server]: Feedback: array('i', [0, 1, 1, 2, 3])
[INFO] [1733798620.342081769] [fibonacci_action_server]: Feedback: array('i', [0, 1, 1, 2, 3, 5])
[INFO] [1733798620.593047990] [fibonacci_action_server]: Feedback: array('i', [0, 1, 1, 2, 3, 5, 8])
[INFO] [1733798620.844315485] [fibonacci_action_server]: Feedback: array('i', [0, 1, 1, 2, 3, 5, 8, 13])
[INFO] [1733798621.095674102] [fibonacci_action_server]: Feedback: array('i', [0, 1, 1, 2, 3, 5, 8, 13, 21])
[INFO] [1733798621.346847530] [fibonacci_action_server]: Feedback: array('i', [0, 1, 1, 2, 3, 5, 8, 13, 21, 34])
[INFO] [1733798621.598218132] [fibonacci_action_server]: Feedback: array('i', [0, 1, 1, 2, 3, 5, 8, 13, 21, 34, 55])
[INFO] [1733798621.851880310] [fibonacci_action_server]: Executing goal...
[INFO] [1733798621.852478405] [fibonacci_action_server]: Feedback: array('i', [0, 1, 1])
[INFO] [1733798622.103639578] [fibonacci_action_server]: Feedback: array('i', [0, 1, 1, 2])
[INFO] [1733798622.354999745] [fibonacci_action_server]: Feedback: array('i', [0, 1, 1, 2, 3])
[INFO] [1733798622.606030648] [fibonacci_action_server]: Feedback: array('i', [0, 1, 1, 2, 3, 5])
[INFO] [1733798622.857076996] [fibonacci_action_server]: Feedback: array('i', [0, 1, 1, 2, 3, 5, 8])
[INFO] [1733798623.108293395] [fibonacci_action_server]: Feedback: array('i', [0, 1, 1, 2, 3, 5, 8, 13])
[INFO] [1733798623.359679714] [fibonacci_action_server]: Feedback: array('i', [0, 1, 1, 2, 3, 5, 8, 13, 21])
[INFO] [1733798623.610860870] [fibonacci_action_server]: Feedback: array('i', [0, 1, 1, 2, 3, 5, 8, 13, 21, 34])
[INFO] [1733798623.861881744] [fibonacci_action_server]: Feedback: array('i', [0, 1, 1, 2, 3, 5, 8, 13, 21, 34, 55])
[INFO] [1733798624.114954908] [fibonacci_action_server]: Executing goal...
[INFO] [1733798624.115330649] [fibonacci_action_server]: Feedback: array('i', [0, 1, 1])
[INFO] [1733798624.366138277] [fibonacci_action_server]: Feedback: array('i', [0, 1, 1, 2])
[INFO] [1733798624.617491416] [fibonacci_action_server]: Feedback: array('i', [0, 1, 1, 2, 3])
[INFO] [1733798624.868579974] [fibonacci_action_server]: Feedback: array('i', [0, 1, 1, 2, 3, 5])
[INFO] [1733798625.119570555] [fibonacci_action_server]: Feedback: array('i', [0, 1, 1, 2, 3, 5, 8])
[INFO] [1733798625.370629003] [fibonacci_action_server]: Feedback: array('i', [0, 1, 1, 2, 3, 5, 8, 13])
[INFO] [1733798625.621918853] [fibonacci_action_server]: Feedback: array('i', [0, 1, 1, 2, 3, 5, 8, 13, 21])
[INFO] [1733798625.872833276] [fibonacci_action_server]: Feedback: array('i', [0, 1, 1, 2, 3, 5, 8, 13, 21, 34])
[INFO] [1733798626.124013224] [fibonacci_action_server]: Feedback: array('i', [0, 1, 1, 2, 3, 5, 8, 13, 21, 34, 55])
[INFO] [1733798626.376644006] [fibonacci_action_server]: Executing goal...
[INFO] [1733798626.377075558] [fibonacci_action_server]: Feedback: array('i', [0, 1, 1])
[INFO] [1733798626.628286670] [fibonacci_action_server]: Feedback: array('i', [0, 1, 1, 2])
[INFO] [1733798626.879247291] [fibonacci_action_server]: Feedback: array('i', [0, 1, 1, 2, 3])
[INFO] [1733798627.130258843] [fibonacci_action_server]: Feedback: array('i', [0, 1, 1, 2, 3, 5])
[INFO] [1733798627.381186834] [fibonacci_action_server]: Feedback: array('i', [0, 1, 1, 2, 3, 5, 8])
[INFO] [1733798627.632388673] [fibonacci_action_server]: Feedback: array('i', [0, 1, 1, 2, 3, 5, 8, 13])
[INFO] [1733798627.883708325] [fibonacci_action_server]: Feedback: array('i', [0, 1, 1, 2, 3, 5, 8, 13, 21])
[INFO] [1733798628.134784555] [fibonacci_action_server]: Feedback: array('i', [0, 1, 1, 2, 3, 5, 8, 13, 21, 34])
[INFO] [1733798628.386189895] [fibonacci_action_server]: Feedback: array('i', [0, 1, 1, 2, 3, 5, 8, 13, 21, 34, 55])
[INFO] [1733798628.638999467] [fibonacci_action_server]: Executing goal...
[INFO] [1733798628.639440992] [fibonacci_action_server]: Feedback: array('i', [0, 1, 1])
[INFO] [1733798628.890085361] [fibonacci_action_server]: Feedback: array('i', [0, 1, 1, 2])
[INFO] [1733798629.141069403] [fibonacci_action_server]: Feedback: array('i', [0, 1, 1, 2, 3])
[INFO] [1733798629.392277098] [fibonacci_action_server]: Feedback: array('i', [0, 1, 1, 2, 3, 5])
[INFO] [1733798629.643591049] [fibonacci_action_server]: Feedback: array('i', [0, 1, 1, 2, 3, 5, 8])
[INFO] [1733798629.894632525] [fibonacci_action_server]: Feedback: array('i', [0, 1, 1, 2, 3, 5, 8, 13])
[INFO] [1733798630.146101504] [fibonacci_action_server]: Feedback: array('i', [0, 1, 1, 2, 3, 5, 8, 13, 21])
[INFO] [1733798630.397415163] [fibonacci_action_server]: Feedback: array('i', [0, 1, 1, 2, 3, 5, 8, 13, 21, 34])
[INFO] [1733798630.648684573] [fibonacci_action_server]: Feedback: array('i', [0, 1, 1, 2, 3, 5, 8, 13, 21, 34, 55])
[INFO] [1733798630.901657364] [fibonacci_action_server]: Executing goal...
[INFO] [1733798630.902140969] [fibonacci_action_server]: Feedback: array('i', [0, 1, 1])
[INFO] [1733798631.153236442] [fibonacci_action_server]: Feedback: array('i', [0, 1, 1, 2])
[INFO] [1733798631.404469416] [fibonacci_action_server]: Feedback: array('i', [0, 1, 1, 2, 3])
[INFO] [1733798631.655687341] [fibonacci_action_server]: Feedback: array('i', [0, 1, 1, 2, 3, 5])
[INFO] [1733798631.907090575] [fibonacci_action_server]: Feedback: array('i', [0, 1, 1, 2, 3, 5, 8])
[INFO] [1733798632.157744788] [fibonacci_action_server]: Feedback: array('i', [0, 1, 1, 2, 3, 5, 8, 13])
[INFO] [1733798632.409144891] [fibonacci_action_server]: Feedback: array('i', [0, 1, 1, 2, 3, 5, 8, 13, 21])
[INFO] [1733798632.660089128] [fibonacci_action_server]: Feedback: array('i', [0, 1, 1, 2, 3, 5, 8, 13, 21, 34])
[INFO] [1733798632.911398261] [fibonacci_action_server]: Feedback: array('i', [0, 1, 1, 2, 3, 5, 8, 13, 21, 34, 55])
[INFO] [1733798633.164638637] [fibonacci_action_server]: Executing goal...
[INFO] [1733798633.165282044] [fibonacci_action_server]: Feedback: array('i', [0, 1, 1])
[INFO] [1733798633.416402623] [fibonacci_action_server]: Feedback: array('i', [0, 1, 1, 2])
[INFO] [1733798633.667409518] [fibonacci_action_server]: Feedback: array('i', [0, 1, 1, 2, 3])
[INFO] [1733798633.918486517] [fibonacci_action_server]: Feedback: array('i', [0, 1, 1, 2, 3, 5])
[INFO] [1733798634.169809758] [fibonacci_action_server]: Feedback: array('i', [0, 1, 1, 2, 3, 5, 8])
[INFO] [1733798634.421033966] [fibonacci_action_server]: Feedback: array('i', [0, 1, 1, 2, 3, 5, 8, 13])
[INFO] [1733798634.672256433] [fibonacci_action_server]: Feedback: array('i', [0, 1, 1, 2, 3, 5, 8, 13, 21])
[INFO] [1733798634.923223680] [fibonacci_action_server]: Feedback: array('i', [0, 1, 1, 2, 3, 5, 8, 13, 21, 34])
[INFO] [1733798635.174583321] [fibonacci_action_server]: Feedback: array('i', [0, 1, 1, 2, 3, 5, 8, 13, 21, 34, 55])
[INFO] [1733798635.427629451] [fibonacci_action_server]: Executing goal...
[INFO] [1733798635.428074563] [fibonacci_action_server]: Feedback: array('i', [0, 1, 1])
[INFO] [1733798635.679124669] [fibonacci_action_server]: Feedback: array('i', [0, 1, 1, 2])
[INFO] [1733798635.930082073] [fibonacci_action_server]: Feedback: array('i', [0, 1, 1, 2, 3])
[INFO] [1733798636.181267952] [fibonacci_action_server]: Feedback: array('i', [0, 1, 1, 2, 3, 5])
[INFO] [1733798636.432672141] [fibonacci_action_server]: Feedback: array('i', [0, 1, 1, 2, 3, 5, 8])
[INFO] [1733798636.683851154] [fibonacci_action_server]: Feedback: array('i', [0, 1, 1, 2, 3, 5, 8, 13])
[INFO] [1733798636.935225621] [fibonacci_action_server]: Feedback: array('i', [0, 1, 1, 2, 3, 5, 8, 13, 21])
[INFO] [1733798637.186117197] [fibonacci_action_server]: Feedback: array('i', [0, 1, 1, 2, 3, 5, 8, 13, 21, 34])
[INFO] [1733798637.437532500] [fibonacci_action_server]: Feedback: array('i', [0, 1, 1, 2, 3, 5, 8, 13, 21, 34, 55])
[INFO] [1733798637.690423036] [fibonacci_action_server]: Shutting down node...
RAPL is set
