[INFO] [1733801716.864685611] [fibonacci_action_client]: Sending goal with order 10
[INFO] [1733801716.866381818] [fibonacci_action_client]: Goal accepted, waiting for result.
[INFO] [1733801716.878091160] [fibonacci_action_client]: Received feedback: array('i', [0, 1, 1])
[INFO] [1733801717.129567327] [fibonacci_action_client]: Received feedback: array('i', [0, 1, 1, 2])
[INFO] [1733801717.380965056] [fibonacci_action_client]: Received feedback: array('i', [0, 1, 1, 2, 3])
[INFO] [1733801717.631988921] [fibonacci_action_client]: Received feedback: array('i', [0, 1, 1, 2, 3, 5])
[INFO] [1733801717.883038745] [fibonacci_action_client]: Received feedback: array('i', [0, 1, 1, 2, 3, 5, 8])
[INFO] [1733801718.133944833] [fibonacci_action_client]: Received feedback: array('i', [0, 1, 1, 2, 3, 5, 8, 13])
[INFO] [1733801718.385282905] [fibonacci_action_client]: Received feedback: array('i', [0, 1, 1, 2, 3, 5, 8, 13, 21])
[INFO] [1733801718.636236568] [fibonacci_action_client]: Received feedback: array('i', [0, 1, 1, 2, 3, 5, 8, 13, 21, 34])
[INFO] [1733801718.887084506] [fibonacci_action_client]: Received feedback: array('i', [0, 1, 1, 2, 3, 5, 8, 13, 21, 34, 55])
[INFO] [1733801719.140701943] [fibonacci_action_client]: Result: array('i', [0, 1, 1, 2, 3, 5, 8, 13, 21, 34, 55])
[INFO] [1733801719.391647443] [fibonacci_action_client]: Sending goal with order 10
[INFO] [1733801719.393032211] [fibonacci_action_client]: Goal accepted, waiting for result.
[INFO] [1733801719.394049912] [fibonacci_action_client]: Received feedback: array('i', [0, 1, 1])
[INFO] [1733801719.645106582] [fibonacci_action_client]: Received feedback: array('i', [0, 1, 1, 2])
[INFO] [1733801719.896076951] [fibonacci_action_client]: Received feedback: array('i', [0, 1, 1, 2, 3])
[INFO] [1733801720.147076386] [fibonacci_action_client]: Received feedback: array('i', [0, 1, 1, 2, 3, 5])
[INFO] [1733801720.398472755] [fibonacci_action_client]: Received feedback: array('i', [0, 1, 1, 2, 3, 5, 8])
[INFO] [1733801720.649426649] [fibonacci_action_client]: Received feedback: array('i', [0, 1, 1, 2, 3, 5, 8, 13])
[INFO] [1733801720.900187352] [fibonacci_action_client]: Received feedback: array('i', [0, 1, 1, 2, 3, 5, 8, 13, 21])
[INFO] [1733801721.151092528] [fibonacci_action_client]: Received feedback: array('i', [0, 1, 1, 2, 3, 5, 8, 13, 21, 34])
[INFO] [1733801721.402492956] [fibonacci_action_client]: Received feedback: array('i', [0, 1, 1, 2, 3, 5, 8, 13, 21, 34, 55])
[INFO] [1733801721.654051205] [fibonacci_action_client]: Result: array('i', [0, 1, 1, 2, 3, 5, 8, 13, 21, 34, 55])
[INFO] [1733801721.905104660] [fibonacci_action_client]: Sending goal with order 10
[INFO] [1733801721.906770930] [fibonacci_action_client]: Goal accepted, waiting for result.
[INFO] [1733801721.907944150] [fibonacci_action_client]: Received feedback: array('i', [0, 1, 1])
[INFO] [1733801722.159023290] [fibonacci_action_client]: Received feedback: array('i', [0, 1, 1, 2])
[INFO] [1733801722.410344895] [fibonacci_action_client]: Received feedback: array('i', [0, 1, 1, 2, 3])
[INFO] [1733801722.661685912] [fibonacci_action_client]: Received feedback: array('i', [0, 1, 1, 2, 3, 5])
[INFO] [1733801722.912729404] [fibonacci_action_client]: Received feedback: array('i', [0, 1, 1, 2, 3, 5, 8])
[INFO] [1733801723.163792884] [fibonacci_action_client]: Received feedback: array('i', [0, 1, 1, 2, 3, 5, 8, 13])
[INFO] [1733801723.415080252] [fibonacci_action_client]: Received feedback: array('i', [0, 1, 1, 2, 3, 5, 8, 13, 21])
[INFO] [1733801723.666415961] [fibonacci_action_client]: Received feedback: array('i', [0, 1, 1, 2, 3, 5, 8, 13, 21, 34])
[INFO] [1733801723.918095215] [fibonacci_action_client]: Received feedback: array('i', [0, 1, 1, 2, 3, 5, 8, 13, 21, 34, 55])
[INFO] [1733801724.169604466] [fibonacci_action_client]: Result: array('i', [0, 1, 1, 2, 3, 5, 8, 13, 21, 34, 55])
[INFO] [1733801724.420391585] [fibonacci_action_client]: Sending goal with order 10
[INFO] [1733801724.422286956] [fibonacci_action_client]: Goal accepted, waiting for result.
[INFO] [1733801724.423274029] [fibonacci_action_client]: Received feedback: array('i', [0, 1, 1])
[INFO] [1733801724.674788605] [fibonacci_action_client]: Received feedback: array('i', [0, 1, 1, 2])
[INFO] [1733801724.926158505] [fibonacci_action_client]: Received feedback: array('i', [0, 1, 1, 2, 3])
[INFO] [1733801725.177555457] [fibonacci_action_client]: Received feedback: array('i', [0, 1, 1, 2, 3, 5])
[INFO] [1733801725.428728613] [fibonacci_action_client]: Received feedback: array('i', [0, 1, 1, 2, 3, 5, 8])
[INFO] [1733801725.679777628] [fibonacci_action_client]: Received feedback: array('i', [0, 1, 1, 2, 3, 5, 8, 13])
[INFO] [1733801725.931072687] [fibonacci_action_client]: Received feedback: array('i', [0, 1, 1, 2, 3, 5, 8, 13, 21])
[INFO] [1733801726.182400003] [fibonacci_action_client]: Received feedback: array('i', [0, 1, 1, 2, 3, 5, 8, 13, 21, 34])
[INFO] [1733801726.433749362] [fibonacci_action_client]: Received feedback: array('i', [0, 1, 1, 2, 3, 5, 8, 13, 21, 34, 55])
[INFO] [1733801726.684715065] [fibonacci_action_client]: Result: array('i', [0, 1, 1, 2, 3, 5, 8, 13, 21, 34, 55])
[INFO] [1733801726.935762830] [fibonacci_action_client]: Sending goal with order 10
[INFO] [1733801726.937360928] [fibonacci_action_client]: Goal accepted, waiting for result.
[INFO] [1733801726.938594230] [fibonacci_action_client]: Received feedback: array('i', [0, 1, 1])
[INFO] [1733801727.189914877] [fibonacci_action_client]: Received feedback: array('i', [0, 1, 1, 2])
[INFO] [1733801727.440730144] [fibonacci_action_client]: Received feedback: array('i', [0, 1, 1, 2, 3])
[INFO] [1733801727.691658364] [fibonacci_action_client]: Received feedback: array('i', [0, 1, 1, 2, 3, 5])
[INFO] [1733801727.942657075] [fibonacci_action_client]: Received feedback: array('i', [0, 1, 1, 2, 3, 5, 8])
[INFO] [1733801728.193853236] [fibonacci_action_client]: Received feedback: array('i', [0, 1, 1, 2, 3, 5, 8, 13])
[INFO] [1733801728.444733240] [fibonacci_action_client]: Received feedback: array('i', [0, 1, 1, 2, 3, 5, 8, 13, 21])
[INFO] [1733801728.695838438] [fibonacci_action_client]: Received feedback: array('i', [0, 1, 1, 2, 3, 5, 8, 13, 21, 34])
[INFO] [1733801728.946941224] [fibonacci_action_client]: Received feedback: array('i', [0, 1, 1, 2, 3, 5, 8, 13, 21, 34, 55])
[INFO] [1733801729.198618074] [fibonacci_action_client]: Result: array('i', [0, 1, 1, 2, 3, 5, 8, 13, 21, 34, 55])
[INFO] [1733801729.449759303] [fibonacci_action_client]: Sending goal with order 10
[INFO] [1733801729.451343828] [fibonacci_action_client]: Goal accepted, waiting for result.
[INFO] [1733801729.452551201] [fibonacci_action_client]: Received feedback: array('i', [0, 1, 1])
[INFO] [1733801729.703628369] [fibonacci_action_client]: Received feedback: array('i', [0, 1, 1, 2])
[INFO] [1733801729.954954006] [fibonacci_action_client]: Received feedback: array('i', [0, 1, 1, 2, 3])
[INFO] [1733801730.206280229] [fibonacci_action_client]: Received feedback: array('i', [0, 1, 1, 2, 3, 5])
[INFO] [1733801730.457284976] [fibonacci_action_client]: Received feedback: array('i', [0, 1, 1, 2, 3, 5, 8])
[INFO] [1733801730.708393699] [fibonacci_action_client]: Received feedback: array('i', [0, 1, 1, 2, 3, 5, 8, 13])
[INFO] [1733801730.959569016] [fibonacci_action_client]: Received feedback: array('i', [0, 1, 1, 2, 3, 5, 8, 13, 21])
[INFO] [1733801731.210931875] [fibonacci_action_client]: Received feedback: array('i', [0, 1, 1, 2, 3, 5, 8, 13, 21, 34])
[INFO] [1733801731.462219717] [fibonacci_action_client]: Received feedback: array('i', [0, 1, 1, 2, 3, 5, 8, 13, 21, 34, 55])
[INFO] [1733801731.713673780] [fibonacci_action_client]: Result: array('i', [0, 1, 1, 2, 3, 5, 8, 13, 21, 34, 55])
[INFO] [1733801731.964753496] [fibonacci_action_client]: Sending goal with order 10
[INFO] [1733801731.966395840] [fibonacci_action_client]: Goal accepted, waiting for result.
[INFO] [1733801731.967451590] [fibonacci_action_client]: Received feedback: array('i', [0, 1, 1])
[INFO] [1733801732.218921688] [fibonacci_action_client]: Received feedback: array('i', [0, 1, 1, 2])
[INFO] [1733801732.470288270] [fibonacci_action_client]: Received feedback: array('i', [0, 1, 1, 2, 3])
[INFO] [1733801732.721598732] [fibonacci_action_client]: Received feedback: array('i', [0, 1, 1, 2, 3, 5])
[INFO] [1733801732.972690797] [fibonacci_action_client]: Received feedback: array('i', [0, 1, 1, 2, 3, 5, 8])
[INFO] [1733801733.223754568] [fibonacci_action_client]: Received feedback: array('i', [0, 1, 1, 2, 3, 5, 8, 13])
[INFO] [1733801733.474816987] [fibonacci_action_client]: Received feedback: array('i', [0, 1, 1, 2, 3, 5, 8, 13, 21])
[INFO] [1733801733.726196482] [fibonacci_action_client]: Received feedback: array('i', [0, 1, 1, 2, 3, 5, 8, 13, 21, 34])
[INFO] [1733801733.977667652] [fibonacci_action_client]: Received feedback: array('i', [0, 1, 1, 2, 3, 5, 8, 13, 21, 34, 55])
[INFO] [1733801734.228803464] [fibonacci_action_client]: Result: array('i', [0, 1, 1, 2, 3, 5, 8, 13, 21, 34, 55])
[INFO] [1733801734.479875351] [fibonacci_action_client]: Sending goal with order 10
[INFO] [1733801734.481555735] [fibonacci_action_client]: Goal accepted, waiting for result.
[INFO] [1733801734.482624175] [fibonacci_action_client]: Received feedback: array('i', [0, 1, 1])
[INFO] [1733801734.733544647] [fibonacci_action_client]: Received feedback: array('i', [0, 1, 1, 2])
[INFO] [1733801734.984647760] [fibonacci_action_client]: Received feedback: array('i', [0, 1, 1, 2, 3])
[INFO] [1733801735.235538324] [fibonacci_action_client]: Received feedback: array('i', [0, 1, 1, 2, 3, 5])
[INFO] [1733801735.486938705] [fibonacci_action_client]: Received feedback: array('i', [0, 1, 1, 2, 3, 5, 8])
[INFO] [1733801735.737864489] [fibonacci_action_client]: Received feedback: array('i', [0, 1, 1, 2, 3, 5, 8, 13])
[INFO] [1733801735.989089371] [fibonacci_action_client]: Received feedback: array('i', [0, 1, 1, 2, 3, 5, 8, 13, 21])
[INFO] [1733801736.240470752] [fibonacci_action_client]: Received feedback: array('i', [0, 1, 1, 2, 3, 5, 8, 13, 21, 34])
[INFO] [1733801736.491533323] [fibonacci_action_client]: Received feedback: array('i', [0, 1, 1, 2, 3, 5, 8, 13, 21, 34, 55])
[INFO] [1733801736.742496903] [fibonacci_action_client]: Result: array('i', [0, 1, 1, 2, 3, 5, 8, 13, 21, 34, 55])
[INFO] [1733801736.993743228] [fibonacci_action_client]: Sending goal with order 10
[INFO] [1733801736.995139216] [fibonacci_action_client]: Goal accepted, waiting for result.
[INFO] [1733801736.996213651] [fibonacci_action_client]: Received feedback: array('i', [0, 1, 1])
[INFO] [1733801737.247751904] [fibonacci_action_client]: Received feedback: array('i', [0, 1, 1, 2])
[INFO] [1733801737.498626801] [fibonacci_action_client]: Received feedback: array('i', [0, 1, 1, 2, 3])
[INFO] [1733801737.750099257] [fibonacci_action_client]: Received feedback: array('i', [0, 1, 1, 2, 3, 5])
[INFO] [1733801738.001579352] [fibonacci_action_client]: Received feedback: array('i', [0, 1, 1, 2, 3, 5, 8])
[INFO] [1733801738.252693532] [fibonacci_action_client]: Received feedback: array('i', [0, 1, 1, 2, 3, 5, 8, 13])
[INFO] [1733801738.503959152] [fibonacci_action_client]: Received feedback: array('i', [0, 1, 1, 2, 3, 5, 8, 13, 21])
[INFO] [1733801738.754840308] [fibonacci_action_client]: Received feedback: array('i', [0, 1, 1, 2, 3, 5, 8, 13, 21, 34])
[INFO] [1733801739.005891930] [fibonacci_action_client]: Received feedback: array('i', [0, 1, 1, 2, 3, 5, 8, 13, 21, 34, 55])
[INFO] [1733801739.257488715] [fibonacci_action_client]: Result: array('i', [0, 1, 1, 2, 3, 5, 8, 13, 21, 34, 55])
[INFO] [1733801739.508531477] [fibonacci_action_client]: Sending goal with order 10
[INFO] [1733801739.510336009] [fibonacci_action_client]: Goal accepted, waiting for result.
[INFO] [1733801739.511496337] [fibonacci_action_client]: Received feedback: array('i', [0, 1, 1])
[INFO] [1733801739.762933663] [fibonacci_action_client]: Received feedback: array('i', [0, 1, 1, 2])
[INFO] [1733801740.014247430] [fibonacci_action_client]: Received feedback: array('i', [0, 1, 1, 2, 3])
[INFO] [1733801740.265158669] [fibonacci_action_client]: Received feedback: array('i', [0, 1, 1, 2, 3, 5])
[INFO] [1733801740.516406984] [fibonacci_action_client]: Received feedback: array('i', [0, 1, 1, 2, 3, 5, 8])
[INFO] [1733801740.767772347] [fibonacci_action_client]: Received feedback: array('i', [0, 1, 1, 2, 3, 5, 8, 13])
[INFO] [1733801741.018640774] [fibonacci_action_client]: Received feedback: array('i', [0, 1, 1, 2, 3, 5, 8, 13, 21])
[INFO] [1733801741.269918269] [fibonacci_action_client]: Received feedback: array('i', [0, 1, 1, 2, 3, 5, 8, 13, 21, 34])
[INFO] [1733801741.520816188] [fibonacci_action_client]: Received feedback: array('i', [0, 1, 1, 2, 3, 5, 8, 13, 21, 34, 55])
[INFO] [1733801741.772533040] [fibonacci_action_client]: Result: array('i', [0, 1, 1, 2, 3, 5, 8, 13, 21, 34, 55])
[INFO] [1733801742.023433665] [fibonacci_action_client]: Sending goal with order 10
[INFO] [1733801742.025133375] [fibonacci_action_client]: Goal accepted, waiting for result.
[INFO] [1733801742.026485622] [fibonacci_action_client]: Received feedback: array('i', [0, 1, 1])
[INFO] [1733801742.277741034] [fibonacci_action_client]: Received feedback: array('i', [0, 1, 1, 2])
[INFO] [1733801742.529153624] [fibonacci_action_client]: Received feedback: array('i', [0, 1, 1, 2, 3])
[INFO] [1733801742.780116193] [fibonacci_action_client]: Received feedback: array('i', [0, 1, 1, 2, 3, 5])
[INFO] [1733801743.031229729] [fibonacci_action_client]: Received feedback: array('i', [0, 1, 1, 2, 3, 5, 8])
[INFO] [1733801743.282650821] [fibonacci_action_client]: Received feedback: array('i', [0, 1, 1, 2, 3, 5, 8, 13])
[INFO] [1733801743.533945987] [fibonacci_action_client]: Received feedback: array('i', [0, 1, 1, 2, 3, 5, 8, 13, 21])
[INFO] [1733801743.785157468] [fibonacci_action_client]: Received feedback: array('i', [0, 1, 1, 2, 3, 5, 8, 13, 21, 34])
[INFO] [1733801744.036561214] [fibonacci_action_client]: Received feedback: array('i', [0, 1, 1, 2, 3, 5, 8, 13, 21, 34, 55])
[INFO] [1733801744.287643404] [fibonacci_action_client]: Result: array('i', [0, 1, 1, 2, 3, 5, 8, 13, 21, 34, 55])
[INFO] [1733801744.538885400] [fibonacci_action_client]: Sending goal with order 10
[INFO] [1733801744.540490402] [fibonacci_action_client]: Goal accepted, waiting for result.
[INFO] [1733801744.541713764] [fibonacci_action_client]: Received feedback: array('i', [0, 1, 1])
[INFO] [1733801744.792635150] [fibonacci_action_client]: Received feedback: array('i', [0, 1, 1, 2])
[INFO] [1733801745.043747793] [fibonacci_action_client]: Received feedback: array('i', [0, 1, 1, 2, 3])
[INFO] [1733801745.295075661] [fibonacci_action_client]: Received feedback: array('i', [0, 1, 1, 2, 3, 5])
[INFO] [1733801745.546458369] [fibonacci_action_client]: Received feedback: array('i', [0, 1, 1, 2, 3, 5, 8])
[INFO] [1733801745.797748257] [fibonacci_action_client]: Received feedback: array('i', [0, 1, 1, 2, 3, 5, 8, 13])
[INFO] [1733801746.048869971] [fibonacci_action_client]: Received feedback: array('i', [0, 1, 1, 2, 3, 5, 8, 13, 21])
[INFO] [1733801746.299983775] [fibonacci_action_client]: Received feedback: array('i', [0, 1, 1, 2, 3, 5, 8, 13, 21, 34])
[INFO] [1733801746.551090730] [fibonacci_action_client]: Received feedback: array('i', [0, 1, 1, 2, 3, 5, 8, 13, 21, 34, 55])
[INFO] [1733801746.802736192] [fibonacci_action_client]: Result: array('i', [0, 1, 1, 2, 3, 5, 8, 13, 21, 34, 55])
[INFO] [1733801747.053564040] [fibonacci_action_client]: Sending goal with order 10
[INFO] [1733801747.055245063] [fibonacci_action_client]: Goal accepted, waiting for result.
[INFO] [1733801747.056416719] [fibonacci_action_client]: Received feedback: array('i', [0, 1, 1])
[INFO] [1733801747.307503845] [fibonacci_action_client]: Received feedback: array('i', [0, 1, 1, 2])
[INFO] [1733801747.558932266] [fibonacci_action_client]: Received feedback: array('i', [0, 1, 1, 2, 3])
[INFO] [1733801747.809777508] [fibonacci_action_client]: Received feedback: array('i', [0, 1, 1, 2, 3, 5])
[INFO] [1733801748.061272616] [fibonacci_action_client]: Received feedback: array('i', [0, 1, 1, 2, 3, 5, 8])
[INFO] [1733801748.312398839] [fibonacci_action_client]: Received feedback: array('i', [0, 1, 1, 2, 3, 5, 8, 13])
[INFO] [1733801748.563642718] [fibonacci_action_client]: Received feedback: array('i', [0, 1, 1, 2, 3, 5, 8, 13, 21])
[INFO] [1733801748.814620028] [fibonacci_action_client]: Received feedback: array('i', [0, 1, 1, 2, 3, 5, 8, 13, 21, 34])
[INFO] [1733801749.066050127] [fibonacci_action_client]: Received feedback: array('i', [0, 1, 1, 2, 3, 5, 8, 13, 21, 34, 55])
[INFO] [1733801749.317098785] [fibonacci_action_client]: Result: array('i', [0, 1, 1, 2, 3, 5, 8, 13, 21, 34, 55])
[INFO] [1733801749.568161805] [fibonacci_action_client]: Sending goal with order 10
[INFO] [1733801749.569755850] [fibonacci_action_client]: Goal accepted, waiting for result.
[INFO] [1733801749.570964008] [fibonacci_action_client]: Received feedback: array('i', [0, 1, 1])
[INFO] [1733801749.822488749] [fibonacci_action_client]: Received feedback: array('i', [0, 1, 1, 2])
[INFO] [1733801750.073804054] [fibonacci_action_client]: Received feedback: array('i', [0, 1, 1, 2, 3])
[INFO] [1733801750.325121387] [fibonacci_action_client]: Received feedback: array('i', [0, 1, 1, 2, 3, 5])
[INFO] [1733801750.576089083] [fibonacci_action_client]: Received feedback: array('i', [0, 1, 1, 2, 3, 5, 8])
[INFO] [1733801750.827024103] [fibonacci_action_client]: Received feedback: array('i', [0, 1, 1, 2, 3, 5, 8, 13])
[INFO] [1733801751.078068394] [fibonacci_action_client]: Received feedback: array('i', [0, 1, 1, 2, 3, 5, 8, 13, 21])
[INFO] [1733801751.329190105] [fibonacci_action_client]: Received feedback: array('i', [0, 1, 1, 2, 3, 5, 8, 13, 21, 34])
[INFO] [1733801751.580195057] [fibonacci_action_client]: Received feedback: array('i', [0, 1, 1, 2, 3, 5, 8, 13, 21, 34, 55])
[INFO] [1733801751.831696469] [fibonacci_action_client]: Result: array('i', [0, 1, 1, 2, 3, 5, 8, 13, 21, 34, 55])
[INFO] [1733801752.082931021] [fibonacci_action_client]: Sending goal with order 10
[INFO] [1733801752.084575530] [fibonacci_action_client]: Goal accepted, waiting for result.
[INFO] [1733801752.085850629] [fibonacci_action_client]: Received feedback: array('i', [0, 1, 1])
[INFO] [1733801752.336996816] [fibonacci_action_client]: Received feedback: array('i', [0, 1, 1, 2])
[INFO] [1733801752.588090737] [fibonacci_action_client]: Received feedback: array('i', [0, 1, 1, 2, 3])
[INFO] [1733801752.839017332] [fibonacci_action_client]: Received feedback: array('i', [0, 1, 1, 2, 3, 5])
[INFO] [1733801753.090436897] [fibonacci_action_client]: Received feedback: array('i', [0, 1, 1, 2, 3, 5, 8])
[INFO] [1733801753.341661249] [fibonacci_action_client]: Received feedback: array('i', [0, 1, 1, 2, 3, 5, 8, 13])
[INFO] [1733801753.592800380] [fibonacci_action_client]: Received feedback: array('i', [0, 1, 1, 2, 3, 5, 8, 13, 21])
[INFO] [1733801753.843669660] [fibonacci_action_client]: Received feedback: array('i', [0, 1, 1, 2, 3, 5, 8, 13, 21, 34])
[INFO] [1733801754.094946822] [fibonacci_action_client]: Received feedback: array('i', [0, 1, 1, 2, 3, 5, 8, 13, 21, 34, 55])
[INFO] [1733801754.346688692] [fibonacci_action_client]: Result: array('i', [0, 1, 1, 2, 3, 5, 8, 13, 21, 34, 55])
[INFO] [1733801754.597512767] [fibonacci_action_client]: Sending goal with order 10
[INFO] [1733801754.599078302] [fibonacci_action_client]: Goal accepted, waiting for result.
[INFO] [1733801754.600309249] [fibonacci_action_client]: Received feedback: array('i', [0, 1, 1])
[INFO] [1733801754.851664283] [fibonacci_action_client]: Received feedback: array('i', [0, 1, 1, 2])
[INFO] [1733801755.102752779] [fibonacci_action_client]: Received feedback: array('i', [0, 1, 1, 2, 3])
[INFO] [1733801755.353999114] [fibonacci_action_client]: Received feedback: array('i', [0, 1, 1, 2, 3, 5])
[INFO] [1733801755.604910968] [fibonacci_action_client]: Received feedback: array('i', [0, 1, 1, 2, 3, 5, 8])
[INFO] [1733801755.855987485] [fibonacci_action_client]: Received feedback: array('i', [0, 1, 1, 2, 3, 5, 8, 13])
[INFO] [1733801756.106945341] [fibonacci_action_client]: Received feedback: array('i', [0, 1, 1, 2, 3, 5, 8, 13, 21])
[INFO] [1733801756.358196656] [fibonacci_action_client]: Received feedback: array('i', [0, 1, 1, 2, 3, 5, 8, 13, 21, 34])
[INFO] [1733801756.609695518] [fibonacci_action_client]: Received feedback: array('i', [0, 1, 1, 2, 3, 5, 8, 13, 21, 34, 55])
[INFO] [1733801756.861177522] [fibonacci_action_client]: Result: array('i', [0, 1, 1, 2, 3, 5, 8, 13, 21, 34, 55])
[INFO] [1733801757.112268061] [fibonacci_action_client]: Sending goal with order 10
[INFO] [1733801757.113901348] [fibonacci_action_client]: Goal accepted, waiting for result.
[INFO] [1733801757.115196276] [fibonacci_action_client]: Received feedback: array('i', [0, 1, 1])
[INFO] [1733801757.366501807] [fibonacci_action_client]: Received feedback: array('i', [0, 1, 1, 2])
[INFO] [1733801757.617933738] [fibonacci_action_client]: Received feedback: array('i', [0, 1, 1, 2, 3])
[INFO] [1733801757.868887035] [fibonacci_action_client]: Received feedback: array('i', [0, 1, 1, 2, 3, 5])
[INFO] [1733801758.119913336] [fibonacci_action_client]: Received feedback: array('i', [0, 1, 1, 2, 3, 5, 8])
[INFO] [1733801758.371017296] [fibonacci_action_client]: Received feedback: array('i', [0, 1, 1, 2, 3, 5, 8, 13])
[INFO] [1733801758.622327263] [fibonacci_action_client]: Received feedback: array('i', [0, 1, 1, 2, 3, 5, 8, 13, 21])
[INFO] [1733801758.873263418] [fibonacci_action_client]: Received feedback: array('i', [0, 1, 1, 2, 3, 5, 8, 13, 21, 34])
[INFO] [1733801759.124527586] [fibonacci_action_client]: Received feedback: array('i', [0, 1, 1, 2, 3, 5, 8, 13, 21, 34, 55])
[INFO] [1733801759.376094875] [fibonacci_action_client]: Result: array('i', [0, 1, 1, 2, 3, 5, 8, 13, 21, 34, 55])
[INFO] [1733801759.627023733] [fibonacci_action_client]: Sending goal with order 10
[INFO] [1733801759.628627736] [fibonacci_action_client]: Goal accepted, waiting for result.
[INFO] [1733801759.629981621] [fibonacci_action_client]: Received feedback: array('i', [0, 1, 1])
[INFO] [1733801759.881038009] [fibonacci_action_client]: Received feedback: array('i', [0, 1, 1, 2])
[INFO] [1733801760.131938107] [fibonacci_action_client]: Received feedback: array('i', [0, 1, 1, 2, 3])
[INFO] [1733801760.382973240] [fibonacci_action_client]: Received feedback: array('i', [0, 1, 1, 2, 3, 5])
[INFO] [1733801760.634340148] [fibonacci_action_client]: Received feedback: array('i', [0, 1, 1, 2, 3, 5, 8])
[INFO] [1733801760.885222794] [fibonacci_action_client]: Received feedback: array('i', [0, 1, 1, 2, 3, 5, 8, 13])
[INFO] [1733801761.136584220] [fibonacci_action_client]: Received feedback: array('i', [0, 1, 1, 2, 3, 5, 8, 13, 21])
[INFO] [1733801761.387701968] [fibonacci_action_client]: Received feedback: array('i', [0, 1, 1, 2, 3, 5, 8, 13, 21, 34])
[INFO] [1733801761.639001275] [fibonacci_action_client]: Received feedback: array('i', [0, 1, 1, 2, 3, 5, 8, 13, 21, 34, 55])
[INFO] [1733801761.890853497] [fibonacci_action_client]: Result: array('i', [0, 1, 1, 2, 3, 5, 8, 13, 21, 34, 55])
[INFO] [1733801762.142140053] [fibonacci_action_client]: Sending goal with order 10
[INFO] [1733801762.143795649] [fibonacci_action_client]: Goal accepted, waiting for result.
[INFO] [1733801762.145304691] [fibonacci_action_client]: Received feedback: array('i', [0, 1, 1])
[INFO] [1733801762.396244679] [fibonacci_action_client]: Received feedback: array('i', [0, 1, 1, 2])
[INFO] [1733801762.647114837] [fibonacci_action_client]: Received feedback: array('i', [0, 1, 1, 2, 3])
[INFO] [1733801762.898454121] [fibonacci_action_client]: Received feedback: array('i', [0, 1, 1, 2, 3, 5])
[INFO] [1733801763.149792304] [fibonacci_action_client]: Received feedback: array('i', [0, 1, 1, 2, 3, 5, 8])
[INFO] [1733801763.400960726] [fibonacci_action_client]: Received feedback: array('i', [0, 1, 1, 2, 3, 5, 8, 13])
[INFO] [1733801763.652109062] [fibonacci_action_client]: Received feedback: array('i', [0, 1, 1, 2, 3, 5, 8, 13, 21])
[INFO] [1733801763.903607095] [fibonacci_action_client]: Received feedback: array('i', [0, 1, 1, 2, 3, 5, 8, 13, 21, 34])
[INFO] [1733801764.154570008] [fibonacci_action_client]: Received feedback: array('i', [0, 1, 1, 2, 3, 5, 8, 13, 21, 34, 55])
[INFO] [1733801764.406307993] [fibonacci_action_client]: Result: array('i', [0, 1, 1, 2, 3, 5, 8, 13, 21, 34, 55])
[INFO] [1733801764.657214971] [fibonacci_action_client]: Sending goal with order 10
[INFO] [1733801764.658995658] [fibonacci_action_client]: Goal accepted, waiting for result.
[INFO] [1733801764.660830782] [fibonacci_action_client]: Received feedback: array('i', [0, 1, 1])
[INFO] [1733801764.911412310] [fibonacci_action_client]: Received feedback: array('i', [0, 1, 1, 2])
[INFO] [1733801765.162783150] [fibonacci_action_client]: Received feedback: array('i', [0, 1, 1, 2, 3])
[INFO] [1733801765.414029778] [fibonacci_action_client]: Received feedback: array('i', [0, 1, 1, 2, 3, 5])
[INFO] [1733801765.665496845] [fibonacci_action_client]: Received feedback: array('i', [0, 1, 1, 2, 3, 5, 8])
[INFO] [1733801765.916682223] [fibonacci_action_client]: Received feedback: array('i', [0, 1, 1, 2, 3, 5, 8, 13])
[INFO] [1733801766.167816557] [fibonacci_action_client]: Received feedback: array('i', [0, 1, 1, 2, 3, 5, 8, 13, 21])
[INFO] [1733801766.418610423] [fibonacci_action_client]: Received feedback: array('i', [0, 1, 1, 2, 3, 5, 8, 13, 21, 34])
[INFO] [1733801766.669914149] [fibonacci_action_client]: Received feedback: array('i', [0, 1, 1, 2, 3, 5, 8, 13, 21, 34, 55])
[INFO] [1733801766.921648210] [fibonacci_action_client]: Result: array('i', [0, 1, 1, 2, 3, 5, 8, 13, 21, 34, 55])
[INFO] [1733801767.172478871] [fibonacci_action_client]: Sending goal with order 10
[INFO] [1733801767.173978975] [fibonacci_action_client]: Goal accepted, waiting for result.
[INFO] [1733801767.175402727] [fibonacci_action_client]: Received feedback: array('i', [0, 1, 1])
[INFO] [1733801767.426605653] [fibonacci_action_client]: Received feedback: array('i', [0, 1, 1, 2])
[INFO] [1733801767.677707344] [fibonacci_action_client]: Received feedback: array('i', [0, 1, 1, 2, 3])
[INFO] [1733801767.928986975] [fibonacci_action_client]: Received feedback: array('i', [0, 1, 1, 2, 3, 5])
[INFO] [1733801768.180036341] [fibonacci_action_client]: Received feedback: array('i', [0, 1, 1, 2, 3, 5, 8])
[INFO] [1733801768.431250790] [fibonacci_action_client]: Received feedback: array('i', [0, 1, 1, 2, 3, 5, 8, 13])
[INFO] [1733801768.682125040] [fibonacci_action_client]: Received feedback: array('i', [0, 1, 1, 2, 3, 5, 8, 13, 21])
[INFO] [1733801768.933421963] [fibonacci_action_client]: Received feedback: array('i', [0, 1, 1, 2, 3, 5, 8, 13, 21, 34])
[INFO] [1733801769.184220422] [fibonacci_action_client]: Received feedback: array('i', [0, 1, 1, 2, 3, 5, 8, 13, 21, 34, 55])
[INFO] [1733801769.435700058] [fibonacci_action_client]: Result: array('i', [0, 1, 1, 2, 3, 5, 8, 13, 21, 34, 55])
[INFO] [1733801769.686882022] [fibonacci_action_client]: Sending goal with order 10
[INFO] [1733801769.688891192] [fibonacci_action_client]: Goal accepted, waiting for result.
[INFO] [1733801769.690679360] [fibonacci_action_client]: Received feedback: array('i', [0, 1, 1])
[INFO] [1733801769.941705602] [fibonacci_action_client]: Received feedback: array('i', [0, 1, 1, 2])
[INFO] [1733801770.192921942] [fibonacci_action_client]: Received feedback: array('i', [0, 1, 1, 2, 3])
[INFO] [1733801770.443954960] [fibonacci_action_client]: Received feedback: array('i', [0, 1, 1, 2, 3, 5])
[INFO] [1733801770.695046391] [fibonacci_action_client]: Received feedback: array('i', [0, 1, 1, 2, 3, 5, 8])
[INFO] [1733801770.946089129] [fibonacci_action_client]: Received feedback: array('i', [0, 1, 1, 2, 3, 5, 8, 13])
[INFO] [1733801771.197077422] [fibonacci_action_client]: Received feedback: array('i', [0, 1, 1, 2, 3, 5, 8, 13, 21])
[INFO] [1733801771.448291015] [fibonacci_action_client]: Received feedback: array('i', [0, 1, 1, 2, 3, 5, 8, 13, 21, 34])
[INFO] [1733801771.699038470] [fibonacci_action_client]: Received feedback: array('i', [0, 1, 1, 2, 3, 5, 8, 13, 21, 34, 55])
[INFO] [1733801771.950823029] [fibonacci_action_client]: Result: array('i', [0, 1, 1, 2, 3, 5, 8, 13, 21, 34, 55])
[INFO] [1733801772.201892456] [fibonacci_action_client]: Sending goal with order 10
[INFO] [1733801772.203477331] [fibonacci_action_client]: Goal accepted, waiting for result.
[INFO] [1733801772.204912729] [fibonacci_action_client]: Received feedback: array('i', [0, 1, 1])
[INFO] [1733801772.455698488] [fibonacci_action_client]: Received feedback: array('i', [0, 1, 1, 2])
[INFO] [1733801772.707030226] [fibonacci_action_client]: Received feedback: array('i', [0, 1, 1, 2, 3])
[INFO] [1733801772.958323009] [fibonacci_action_client]: Received feedback: array('i', [0, 1, 1, 2, 3, 5])
[INFO] [1733801773.209166722] [fibonacci_action_client]: Received feedback: array('i', [0, 1, 1, 2, 3, 5, 8])
[INFO] [1733801773.460490742] [fibonacci_action_client]: Received feedback: array('i', [0, 1, 1, 2, 3, 5, 8, 13])
[INFO] [1733801773.711815054] [fibonacci_action_client]: Received feedback: array('i', [0, 1, 1, 2, 3, 5, 8, 13, 21])
[INFO] [1733801773.962806863] [fibonacci_action_client]: Received feedback: array('i', [0, 1, 1, 2, 3, 5, 8, 13, 21, 34])
[INFO] [1733801774.214103807] [fibonacci_action_client]: Received feedback: array('i', [0, 1, 1, 2, 3, 5, 8, 13, 21, 34, 55])
[INFO] [1733801774.465812003] [fibonacci_action_client]: Result: array('i', [0, 1, 1, 2, 3, 5, 8, 13, 21, 34, 55])
[INFO] [1733801774.717078880] [fibonacci_action_client]: Sending goal with order 10
[INFO] [1733801774.719072569] [fibonacci_action_client]: Goal accepted, waiting for result.
[INFO] [1733801774.720928030] [fibonacci_action_client]: Received feedback: array('i', [0, 1, 1])
[INFO] [1733801774.971584989] [fibonacci_action_client]: Received feedback: array('i', [0, 1, 1, 2])
[INFO] [1733801775.222949208] [fibonacci_action_client]: Received feedback: array('i', [0, 1, 1, 2, 3])
[INFO] [1733801775.474023742] [fibonacci_action_client]: Received feedback: array('i', [0, 1, 1, 2, 3, 5])
[INFO] [1733801775.725069307] [fibonacci_action_client]: Received feedback: array('i', [0, 1, 1, 2, 3, 5, 8])
[INFO] [1733801775.975971829] [fibonacci_action_client]: Received feedback: array('i', [0, 1, 1, 2, 3, 5, 8, 13])
[INFO] [1733801776.226865354] [fibonacci_action_client]: Received feedback: array('i', [0, 1, 1, 2, 3, 5, 8, 13, 21])
[INFO] [1733801776.478297960] [fibonacci_action_client]: Received feedback: array('i', [0, 1, 1, 2, 3, 5, 8, 13, 21, 34])
[INFO] [1733801776.729617998] [fibonacci_action_client]: Received feedback: array('i', [0, 1, 1, 2, 3, 5, 8, 13, 21, 34, 55])
[INFO] [1733801776.981827846] [fibonacci_action_client]: Result: array('i', [0, 1, 1, 2, 3, 5, 8, 13, 21, 34, 55])
[INFO] [1733801777.232915794] [fibonacci_action_client]: Sending goal with order 10
[INFO] [1733801777.234843571] [fibonacci_action_client]: Goal accepted, waiting for result.
[INFO] [1733801777.236653669] [fibonacci_action_client]: Received feedback: array('i', [0, 1, 1])
[INFO] [1733801777.487588081] [fibonacci_action_client]: Received feedback: array('i', [0, 1, 1, 2])
[INFO] [1733801777.738795778] [fibonacci_action_client]: Received feedback: array('i', [0, 1, 1, 2, 3])
[INFO] [1733801777.989818137] [fibonacci_action_client]: Received feedback: array('i', [0, 1, 1, 2, 3, 5])
[INFO] [1733801778.240763138] [fibonacci_action_client]: Received feedback: array('i', [0, 1, 1, 2, 3, 5, 8])
[INFO] [1733801778.491816008] [fibonacci_action_client]: Received feedback: array('i', [0, 1, 1, 2, 3, 5, 8, 13])
[INFO] [1733801778.743228456] [fibonacci_action_client]: Received feedback: array('i', [0, 1, 1, 2, 3, 5, 8, 13, 21])
[INFO] [1733801778.994593951] [fibonacci_action_client]: Received feedback: array('i', [0, 1, 1, 2, 3, 5, 8, 13, 21, 34])
[INFO] [1733801779.245903617] [fibonacci_action_client]: Received feedback: array('i', [0, 1, 1, 2, 3, 5, 8, 13, 21, 34, 55])
[INFO] [1733801779.497543381] [fibonacci_action_client]: Result: array('i', [0, 1, 1, 2, 3, 5, 8, 13, 21, 34, 55])
[INFO] [1733801779.748653121] [fibonacci_action_client]: Sending goal with order 10
[INFO] [1733801779.750544184] [fibonacci_action_client]: Goal accepted, waiting for result.
[INFO] [1733801779.752410166] [fibonacci_action_client]: Received feedback: array('i', [0, 1, 1])
[INFO] [1733801780.003103519] [fibonacci_action_client]: Received feedback: array('i', [0, 1, 1, 2])
[INFO] [1733801780.254473106] [fibonacci_action_client]: Received feedback: array('i', [0, 1, 1, 2, 3])
[INFO] [1733801780.505364847] [fibonacci_action_client]: Received feedback: array('i', [0, 1, 1, 2, 3, 5])
[INFO] [1733801780.756265313] [fibonacci_action_client]: Received feedback: array('i', [0, 1, 1, 2, 3, 5, 8])
[INFO] [1733801781.007415882] [fibonacci_action_client]: Received feedback: array('i', [0, 1, 1, 2, 3, 5, 8, 13])
[INFO] [1733801781.258312509] [fibonacci_action_client]: Received feedback: array('i', [0, 1, 1, 2, 3, 5, 8, 13, 21])
[INFO] [1733801781.509725873] [fibonacci_action_client]: Received feedback: array('i', [0, 1, 1, 2, 3, 5, 8, 13, 21, 34])
[INFO] [1733801781.760514114] [fibonacci_action_client]: Received feedback: array('i', [0, 1, 1, 2, 3, 5, 8, 13, 21, 34, 55])
[INFO] [1733801782.012410956] [fibonacci_action_client]: Result: array('i', [0, 1, 1, 2, 3, 5, 8, 13, 21, 34, 55])
[INFO] [1733801782.263118194] [fibonacci_action_client]: Sending goal with order 10
[INFO] [1733801782.264866235] [fibonacci_action_client]: Goal accepted, waiting for result.
[INFO] [1733801782.266862969] [fibonacci_action_client]: Received feedback: array('i', [0, 1, 1])
[INFO] [1733801782.517802978] [fibonacci_action_client]: Received feedback: array('i', [0, 1, 1, 2])
[INFO] [1733801782.768912622] [fibonacci_action_client]: Received feedback: array('i', [0, 1, 1, 2, 3])
[INFO] [1733801783.019997980] [fibonacci_action_client]: Received feedback: array('i', [0, 1, 1, 2, 3, 5])
[INFO] [1733801783.270984822] [fibonacci_action_client]: Received feedback: array('i', [0, 1, 1, 2, 3, 5, 8])
[INFO] [1733801783.522286674] [fibonacci_action_client]: Received feedback: array('i', [0, 1, 1, 2, 3, 5, 8, 13])
[INFO] [1733801783.773627791] [fibonacci_action_client]: Received feedback: array('i', [0, 1, 1, 2, 3, 5, 8, 13, 21])
[INFO] [1733801784.024717453] [fibonacci_action_client]: Received feedback: array('i', [0, 1, 1, 2, 3, 5, 8, 13, 21, 34])
[INFO] [1733801784.276075719] [fibonacci_action_client]: Received feedback: array('i', [0, 1, 1, 2, 3, 5, 8, 13, 21, 34, 55])
[INFO] [1733801784.527496782] [fibonacci_action_client]: Result: array('i', [0, 1, 1, 2, 3, 5, 8, 13, 21, 34, 55])
[INFO] [1733801784.778220493] [fibonacci_action_client]: Sending goal with order 10
[INFO] [1733801784.779782583] [fibonacci_action_client]: Goal accepted, waiting for result.
[INFO] [1733801784.781414831] [fibonacci_action_client]: Received feedback: array('i', [0, 1, 1])
[INFO] [1733801785.032419107] [fibonacci_action_client]: Received feedback: array('i', [0, 1, 1, 2])
[INFO] [1733801785.283417084] [fibonacci_action_client]: Received feedback: array('i', [0, 1, 1, 2, 3])
[INFO] [1733801785.534495261] [fibonacci_action_client]: Received feedback: array('i', [0, 1, 1, 2, 3, 5])
[INFO] [1733801785.785760864] [fibonacci_action_client]: Received feedback: array('i', [0, 1, 1, 2, 3, 5, 8])
[INFO] [1733801786.036949025] [fibonacci_action_client]: Received feedback: array('i', [0, 1, 1, 2, 3, 5, 8, 13])
[INFO] [1733801786.288123893] [fibonacci_action_client]: Received feedback: array('i', [0, 1, 1, 2, 3, 5, 8, 13, 21])
[INFO] [1733801786.539049645] [fibonacci_action_client]: Received feedback: array('i', [0, 1, 1, 2, 3, 5, 8, 13, 21, 34])
[INFO] [1733801786.790167586] [fibonacci_action_client]: Received feedback: array('i', [0, 1, 1, 2, 3, 5, 8, 13, 21, 34, 55])
[INFO] [1733801787.041919776] [fibonacci_action_client]: Result: array('i', [0, 1, 1, 2, 3, 5, 8, 13, 21, 34, 55])
[INFO] [1733801787.292678515] [fibonacci_action_client]: Sending goal with order 10
[INFO] [1733801787.294338060] [fibonacci_action_client]: Goal accepted, waiting for result.
[INFO] [1733801787.296381202] [fibonacci_action_client]: Received feedback: array('i', [0, 1, 1])
[INFO] [1733801787.546855371] [fibonacci_action_client]: Received feedback: array('i', [0, 1, 1, 2])
[INFO] [1733801787.798265648] [fibonacci_action_client]: Received feedback: array('i', [0, 1, 1, 2, 3])
[INFO] [1733801788.049124453] [fibonacci_action_client]: Received feedback: array('i', [0, 1, 1, 2, 3, 5])
[INFO] [1733801788.300415644] [fibonacci_action_client]: Received feedback: array('i', [0, 1, 1, 2, 3, 5, 8])
[INFO] [1733801788.551438652] [fibonacci_action_client]: Received feedback: array('i', [0, 1, 1, 2, 3, 5, 8, 13])
[INFO] [1733801788.802650458] [fibonacci_action_client]: Received feedback: array('i', [0, 1, 1, 2, 3, 5, 8, 13, 21])
[INFO] [1733801789.053719584] [fibonacci_action_client]: Received feedback: array('i', [0, 1, 1, 2, 3, 5, 8, 13, 21, 34])
[INFO] [1733801789.304486186] [fibonacci_action_client]: Received feedback: array('i', [0, 1, 1, 2, 3, 5, 8, 13, 21, 34, 55])
[INFO] [1733801789.556376049] [fibonacci_action_client]: Result: array('i', [0, 1, 1, 2, 3, 5, 8, 13, 21, 34, 55])
[INFO] [1733801789.807367628] [fibonacci_action_client]: Sending goal with order 10
[INFO] [1733801789.809078477] [fibonacci_action_client]: Goal accepted, waiting for result.
[INFO] [1733801789.810714913] [fibonacci_action_client]: Received feedback: array('i', [0, 1, 1])
[INFO] [1733801790.061630253] [fibonacci_action_client]: Received feedback: array('i', [0, 1, 1, 2])
[INFO] [1733801790.312827789] [fibonacci_action_client]: Received feedback: array('i', [0, 1, 1, 2, 3])
[INFO] [1733801790.564138556] [fibonacci_action_client]: Received feedback: array('i', [0, 1, 1, 2, 3, 5])
[INFO] [1733801790.815036018] [fibonacci_action_client]: Received feedback: array('i', [0, 1, 1, 2, 3, 5, 8])
[INFO] [1733801791.066392855] [fibonacci_action_client]: Received feedback: array('i', [0, 1, 1, 2, 3, 5, 8, 13])
[INFO] [1733801791.317391616] [fibonacci_action_client]: Received feedback: array('i', [0, 1, 1, 2, 3, 5, 8, 13, 21])
[INFO] [1733801791.568555975] [fibonacci_action_client]: Received feedback: array('i', [0, 1, 1, 2, 3, 5, 8, 13, 21, 34])
[INFO] [1733801791.819847062] [fibonacci_action_client]: Received feedback: array('i', [0, 1, 1, 2, 3, 5, 8, 13, 21, 34, 55])
[INFO] [1733801792.071605074] [fibonacci_action_client]: Result: array('i', [0, 1, 1, 2, 3, 5, 8, 13, 21, 34, 55])
[INFO] [1733801792.322163015] [fibonacci_action_client]: Sending goal with order 10
[INFO] [1733801792.323838315] [fibonacci_action_client]: Goal accepted, waiting for result.
[INFO] [1733801792.325545234] [fibonacci_action_client]: Received feedback: array('i', [0, 1, 1])
[INFO] [1733801792.576174317] [fibonacci_action_client]: Received feedback: array('i', [0, 1, 1, 2])
[INFO] [1733801792.827093845] [fibonacci_action_client]: Received feedback: array('i', [0, 1, 1, 2, 3])
[INFO] [1733801793.078310439] [fibonacci_action_client]: Received feedback: array('i', [0, 1, 1, 2, 3, 5])
[INFO] [1733801793.329720270] [fibonacci_action_client]: Received feedback: array('i', [0, 1, 1, 2, 3, 5, 8])
[INFO] [1733801793.580640806] [fibonacci_action_client]: Received feedback: array('i', [0, 1, 1, 2, 3, 5, 8, 13])
[INFO] [1733801793.831645450] [fibonacci_action_client]: Received feedback: array('i', [0, 1, 1, 2, 3, 5, 8, 13, 21])
[INFO] [1733801794.083009889] [fibonacci_action_client]: Received feedback: array('i', [0, 1, 1, 2, 3, 5, 8, 13, 21, 34])
[INFO] [1733801794.334019139] [fibonacci_action_client]: Received feedback: array('i', [0, 1, 1, 2, 3, 5, 8, 13, 21, 34, 55])
[INFO] [1733801794.586274418] [fibonacci_action_client]: Result: array('i', [0, 1, 1, 2, 3, 5, 8, 13, 21, 34, 55])
[INFO] [1733801794.837002350] [fibonacci_action_client]: Sending goal with order 10
[INFO] [1733801794.838916069] [fibonacci_action_client]: Goal accepted, waiting for result.
[INFO] [1733801794.841096251] [fibonacci_action_client]: Received feedback: array('i', [0, 1, 1])
[INFO] [1733801795.091636200] [fibonacci_action_client]: Received feedback: array('i', [0, 1, 1, 2])
[INFO] [1733801795.342662739] [fibonacci_action_client]: Received feedback: array('i', [0, 1, 1, 2, 3])
[INFO] [1733801795.593980367] [fibonacci_action_client]: Received feedback: array('i', [0, 1, 1, 2, 3, 5])
[INFO] [1733801795.844828470] [fibonacci_action_client]: Received feedback: array('i', [0, 1, 1, 2, 3, 5, 8])
[INFO] [1733801796.095878269] [fibonacci_action_client]: Received feedback: array('i', [0, 1, 1, 2, 3, 5, 8, 13])
[INFO] [1733801796.346836278] [fibonacci_action_client]: Received feedback: array('i', [0, 1, 1, 2, 3, 5, 8, 13, 21])
[INFO] [1733801796.598162719] [fibonacci_action_client]: Received feedback: array('i', [0, 1, 1, 2, 3, 5, 8, 13, 21, 34])
[INFO] [1733801796.849609191] [fibonacci_action_client]: Received feedback: array('i', [0, 1, 1, 2, 3, 5, 8, 13, 21, 34, 55])
[INFO] [1733801797.101866009] [fibonacci_action_client]: Result: array('i', [0, 1, 1, 2, 3, 5, 8, 13, 21, 34, 55])
[INFO] [1733801797.353080391] [fibonacci_action_client]: Sending goal with order 10
[INFO] [1733801797.355073752] [fibonacci_action_client]: Goal accepted, waiting for result.
[INFO] [1733801797.357051970] [fibonacci_action_client]: Received feedback: array('i', [0, 1, 1])
[INFO] [1733801797.607499626] [fibonacci_action_client]: Received feedback: array('i', [0, 1, 1, 2])
[INFO] [1733801797.858862363] [fibonacci_action_client]: Received feedback: array('i', [0, 1, 1, 2, 3])
[INFO] [1733801798.110007049] [fibonacci_action_client]: Received feedback: array('i', [0, 1, 1, 2, 3, 5])
[INFO] [1733801798.361233192] [fibonacci_action_client]: Received feedback: array('i', [0, 1, 1, 2, 3, 5, 8])
[INFO] [1733801798.612591741] [fibonacci_action_client]: Received feedback: array('i', [0, 1, 1, 2, 3, 5, 8, 13])
[INFO] [1733801798.863598259] [fibonacci_action_client]: Received feedback: array('i', [0, 1, 1, 2, 3, 5, 8, 13, 21])
[INFO] [1733801799.114856541] [fibonacci_action_client]: Received feedback: array('i', [0, 1, 1, 2, 3, 5, 8, 13, 21, 34])
[INFO] [1733801799.366211992] [fibonacci_action_client]: Received feedback: array('i', [0, 1, 1, 2, 3, 5, 8, 13, 21, 34, 55])
[INFO] [1733801799.618449864] [fibonacci_action_client]: Result: array('i', [0, 1, 1, 2, 3, 5, 8, 13, 21, 34, 55])
[INFO] [1733801799.869622691] [fibonacci_action_client]: Sending goal with order 10
[INFO] [1733801799.871579930] [fibonacci_action_client]: Goal accepted, waiting for result.
[INFO] [1733801799.873689465] [fibonacci_action_client]: Received feedback: array('i', [0, 1, 1])
[INFO] [1733801800.124377001] [fibonacci_action_client]: Received feedback: array('i', [0, 1, 1, 2])
[INFO] [1733801800.375291037] [fibonacci_action_client]: Received feedback: array('i', [0, 1, 1, 2, 3])
[INFO] [1733801800.626700428] [fibonacci_action_client]: Received feedback: array('i', [0, 1, 1, 2, 3, 5])
[INFO] [1733801800.877627930] [fibonacci_action_client]: Received feedback: array('i', [0, 1, 1, 2, 3, 5, 8])
[INFO] [1733801801.128394588] [fibonacci_action_client]: Received feedback: array('i', [0, 1, 1, 2, 3, 5, 8, 13])
[INFO] [1733801801.379716479] [fibonacci_action_client]: Received feedback: array('i', [0, 1, 1, 2, 3, 5, 8, 13, 21])
[INFO] [1733801801.630629287] [fibonacci_action_client]: Received feedback: array('i', [0, 1, 1, 2, 3, 5, 8, 13, 21, 34])
[INFO] [1733801801.881947067] [fibonacci_action_client]: Received feedback: array('i', [0, 1, 1, 2, 3, 5, 8, 13, 21, 34, 55])
[INFO] [1733801802.133772586] [fibonacci_action_client]: Result: array('i', [0, 1, 1, 2, 3, 5, 8, 13, 21, 34, 55])
[INFO] [1733801802.384940618] [fibonacci_action_client]: Sending goal with order 10
[INFO] [1733801802.386491186] [fibonacci_action_client]: Goal accepted, waiting for result.
[INFO] [1733801802.388218233] [fibonacci_action_client]: Received feedback: array('i', [0, 1, 1])
[INFO] [1733801802.638605602] [fibonacci_action_client]: Received feedback: array('i', [0, 1, 1, 2])
[INFO] [1733801802.889883033] [fibonacci_action_client]: Received feedback: array('i', [0, 1, 1, 2, 3])
[INFO] [1733801803.141234925] [fibonacci_action_client]: Received feedback: array('i', [0, 1, 1, 2, 3, 5])
[INFO] [1733801803.392339322] [fibonacci_action_client]: Received feedback: array('i', [0, 1, 1, 2, 3, 5, 8])
[INFO] [1733801803.643765392] [fibonacci_action_client]: Received feedback: array('i', [0, 1, 1, 2, 3, 5, 8, 13])
[INFO] [1733801803.895074033] [fibonacci_action_client]: Received feedback: array('i', [0, 1, 1, 2, 3, 5, 8, 13, 21])
[INFO] [1733801804.146435174] [fibonacci_action_client]: Received feedback: array('i', [0, 1, 1, 2, 3, 5, 8, 13, 21, 34])
[INFO] [1733801804.397797311] [fibonacci_action_client]: Received feedback: array('i', [0, 1, 1, 2, 3, 5, 8, 13, 21, 34, 55])
[INFO] [1733801804.649380614] [fibonacci_action_client]: Result: array('i', [0, 1, 1, 2, 3, 5, 8, 13, 21, 34, 55])
[INFO] [1733801804.900276374] [fibonacci_action_client]: Sending goal with order 10
[INFO] [1733801804.902204756] [fibonacci_action_client]: Goal accepted, waiting for result.
[INFO] [1733801804.904505621] [fibonacci_action_client]: Received feedback: array('i', [0, 1, 1])
[INFO] [1733801805.155053703] [fibonacci_action_client]: Received feedback: array('i', [0, 1, 1, 2])
[INFO] [1733801805.406482631] [fibonacci_action_client]: Received feedback: array('i', [0, 1, 1, 2, 3])
[INFO] [1733801805.657824471] [fibonacci_action_client]: Received feedback: array('i', [0, 1, 1, 2, 3, 5])
[INFO] [1733801805.908863070] [fibonacci_action_client]: Received feedback: array('i', [0, 1, 1, 2, 3, 5, 8])
[INFO] [1733801806.159978031] [fibonacci_action_client]: Received feedback: array('i', [0, 1, 1, 2, 3, 5, 8, 13])
[INFO] [1733801806.411009593] [fibonacci_action_client]: Received feedback: array('i', [0, 1, 1, 2, 3, 5, 8, 13, 21])
[INFO] [1733801806.662290966] [fibonacci_action_client]: Received feedback: array('i', [0, 1, 1, 2, 3, 5, 8, 13, 21, 34])
[INFO] [1733801806.913586413] [fibonacci_action_client]: Received feedback: array('i', [0, 1, 1, 2, 3, 5, 8, 13, 21, 34, 55])
[INFO] [1733801807.166181440] [fibonacci_action_client]: Result: array('i', [0, 1, 1, 2, 3, 5, 8, 13, 21, 34, 55])
[INFO] [1733801807.417263928] [fibonacci_action_client]: Sending goal with order 10
[INFO] [1733801807.418943682] [fibonacci_action_client]: Goal accepted, waiting for result.
[INFO] [1733801807.420722470] [fibonacci_action_client]: Received feedback: array('i', [0, 1, 1])
[INFO] [1733801807.671295693] [fibonacci_action_client]: Received feedback: array('i', [0, 1, 1, 2])
[INFO] [1733801807.922042219] [fibonacci_action_client]: Received feedback: array('i', [0, 1, 1, 2, 3])
[INFO] [1733801808.173236047] [fibonacci_action_client]: Received feedback: array('i', [0, 1, 1, 2, 3, 5])
[INFO] [1733801808.424129369] [fibonacci_action_client]: Received feedback: array('i', [0, 1, 1, 2, 3, 5, 8])
[INFO] [1733801808.675205288] [fibonacci_action_client]: Received feedback: array('i', [0, 1, 1, 2, 3, 5, 8, 13])
[INFO] [1733801808.926232429] [fibonacci_action_client]: Received feedback: array('i', [0, 1, 1, 2, 3, 5, 8, 13, 21])
[INFO] [1733801809.177634994] [fibonacci_action_client]: Received feedback: array('i', [0, 1, 1, 2, 3, 5, 8, 13, 21, 34])
[INFO] [1733801809.428655186] [fibonacci_action_client]: Received feedback: array('i', [0, 1, 1, 2, 3, 5, 8, 13, 21, 34, 55])
[INFO] [1733801809.680519462] [fibonacci_action_client]: Result: array('i', [0, 1, 1, 2, 3, 5, 8, 13, 21, 34, 55])
[INFO] [1733801809.931449821] [fibonacci_action_client]: Sending goal with order 10
[INFO] [1733801809.934999051] [fibonacci_action_client]: Goal accepted, waiting for result.
[INFO] [1733801809.936173565] [fibonacci_action_client]: Received feedback: array('i', [0, 1, 1])
[INFO] [1733801810.185567474] [fibonacci_action_client]: Received feedback: array('i', [0, 1, 1, 2])
[INFO] [1733801810.436857968] [fibonacci_action_client]: Received feedback: array('i', [0, 1, 1, 2, 3])
[INFO] [1733801810.688129693] [fibonacci_action_client]: Received feedback: array('i', [0, 1, 1, 2, 3, 5])
[INFO] [1733801810.939008062] [fibonacci_action_client]: Received feedback: array('i', [0, 1, 1, 2, 3, 5, 8])
[INFO] [1733801811.190396370] [fibonacci_action_client]: Received feedback: array('i', [0, 1, 1, 2, 3, 5, 8, 13])
[INFO] [1733801811.441719373] [fibonacci_action_client]: Received feedback: array('i', [0, 1, 1, 2, 3, 5, 8, 13, 21])
[INFO] [1733801811.692630587] [fibonacci_action_client]: Received feedback: array('i', [0, 1, 1, 2, 3, 5, 8, 13, 21, 34])
[INFO] [1733801811.943654383] [fibonacci_action_client]: Received feedback: array('i', [0, 1, 1, 2, 3, 5, 8, 13, 21, 34, 55])
[INFO] [1733801812.195682488] [fibonacci_action_client]: Result: array('i', [0, 1, 1, 2, 3, 5, 8, 13, 21, 34, 55])
[INFO] [1733801812.446573017] [fibonacci_action_client]: Sending goal with order 10
[INFO] [1733801812.448132460] [fibonacci_action_client]: Goal accepted, waiting for result.
[INFO] [1733801812.450057614] [fibonacci_action_client]: Received feedback: array('i', [0, 1, 1])
[INFO] [1733801812.700714137] [fibonacci_action_client]: Received feedback: array('i', [0, 1, 1, 2])
[INFO] [1733801812.951819855] [fibonacci_action_client]: Received feedback: array('i', [0, 1, 1, 2, 3])
[INFO] [1733801813.202952046] [fibonacci_action_client]: Received feedback: array('i', [0, 1, 1, 2, 3, 5])
[INFO] [1733801813.454326682] [fibonacci_action_client]: Received feedback: array('i', [0, 1, 1, 2, 3, 5, 8])
[INFO] [1733801813.705781938] [fibonacci_action_client]: Received feedback: array('i', [0, 1, 1, 2, 3, 5, 8, 13])
[INFO] [1733801813.957001853] [fibonacci_action_client]: Received feedback: array('i', [0, 1, 1, 2, 3, 5, 8, 13, 21])
[INFO] [1733801814.208147699] [fibonacci_action_client]: Received feedback: array('i', [0, 1, 1, 2, 3, 5, 8, 13, 21, 34])
[INFO] [1733801814.459530460] [fibonacci_action_client]: Received feedback: array('i', [0, 1, 1, 2, 3, 5, 8, 13, 21, 34, 55])
[INFO] [1733801814.711097616] [fibonacci_action_client]: Result: array('i', [0, 1, 1, 2, 3, 5, 8, 13, 21, 34, 55])
[INFO] [1733801814.962289236] [fibonacci_action_client]: Sending goal with order 10
[INFO] [1733801814.963903535] [fibonacci_action_client]: Goal accepted, waiting for result.
[INFO] [1733801814.965831567] [fibonacci_action_client]: Received feedback: array('i', [0, 1, 1])
[INFO] [1733801815.215969084] [fibonacci_action_client]: Received feedback: array('i', [0, 1, 1, 2])
[INFO] [1733801815.466949804] [fibonacci_action_client]: Received feedback: array('i', [0, 1, 1, 2, 3])
[INFO] [1733801815.717800577] [fibonacci_action_client]: Received feedback: array('i', [0, 1, 1, 2, 3, 5])
[INFO] [1733801815.969064226] [fibonacci_action_client]: Received feedback: array('i', [0, 1, 1, 2, 3, 5, 8])
[INFO] [1733801816.219853734] [fibonacci_action_client]: Received feedback: array('i', [0, 1, 1, 2, 3, 5, 8, 13])
[INFO] [1733801816.470965325] [fibonacci_action_client]: Received feedback: array('i', [0, 1, 1, 2, 3, 5, 8, 13, 21])
[INFO] [1733801816.722154729] [fibonacci_action_client]: Received feedback: array('i', [0, 1, 1, 2, 3, 5, 8, 13, 21, 34])
[INFO] [1733801816.973550145] [fibonacci_action_client]: Received feedback: array('i', [0, 1, 1, 2, 3, 5, 8, 13, 21, 34, 55])
[INFO] [1733801817.225771796] [fibonacci_action_client]: Result: array('i', [0, 1, 1, 2, 3, 5, 8, 13, 21, 34, 55])
[INFO] [1733801817.476863213] [fibonacci_action_client]: Sending goal with order 10
[INFO] [1733801817.479411789] [fibonacci_action_client]: Goal accepted, waiting for result.
[INFO] [1733801817.480140039] [fibonacci_action_client]: Received feedback: array('i', [0, 1, 1])
[INFO] [1733801817.730824419] [fibonacci_action_client]: Received feedback: array('i', [0, 1, 1, 2])
[INFO] [1733801817.982213191] [fibonacci_action_client]: Received feedback: array('i', [0, 1, 1, 2, 3])
[INFO] [1733801818.233650155] [fibonacci_action_client]: Received feedback: array('i', [0, 1, 1, 2, 3, 5])
[INFO] [1733801818.484579916] [fibonacci_action_client]: Received feedback: array('i', [0, 1, 1, 2, 3, 5, 8])
[INFO] [1733801818.735665548] [fibonacci_action_client]: Received feedback: array('i', [0, 1, 1, 2, 3, 5, 8, 13])
[INFO] [1733801818.986851130] [fibonacci_action_client]: Received feedback: array('i', [0, 1, 1, 2, 3, 5, 8, 13, 21])
[INFO] [1733801819.238157623] [fibonacci_action_client]: Received feedback: array('i', [0, 1, 1, 2, 3, 5, 8, 13, 21, 34])
[INFO] [1733801819.489465458] [fibonacci_action_client]: Received feedback: array('i', [0, 1, 1, 2, 3, 5, 8, 13, 21, 34, 55])
[INFO] [1733801819.741524684] [fibonacci_action_client]: Result: array('i', [0, 1, 1, 2, 3, 5, 8, 13, 21, 34, 55])
[INFO] [1733801819.992620978] [fibonacci_action_client]: Sending goal with order 10
[INFO] [1733801819.994204510] [fibonacci_action_client]: Goal accepted, waiting for result.
[INFO] [1733801819.996107709] [fibonacci_action_client]: Received feedback: array('i', [0, 1, 1])
[INFO] [1733801820.246703711] [fibonacci_action_client]: Received feedback: array('i', [0, 1, 1, 2])
[INFO] [1733801820.497964593] [fibonacci_action_client]: Received feedback: array('i', [0, 1, 1, 2, 3])
[INFO] [1733801820.748823424] [fibonacci_action_client]: Received feedback: array('i', [0, 1, 1, 2, 3, 5])
[INFO] [1733801820.999930950] [fibonacci_action_client]: Received feedback: array('i', [0, 1, 1, 2, 3, 5, 8])
[INFO] [1733801821.251432063] [fibonacci_action_client]: Received feedback: array('i', [0, 1, 1, 2, 3, 5, 8, 13])
[INFO] [1733801821.502375849] [fibonacci_action_client]: Received feedback: array('i', [0, 1, 1, 2, 3, 5, 8, 13, 21])
[INFO] [1733801821.753704286] [fibonacci_action_client]: Received feedback: array('i', [0, 1, 1, 2, 3, 5, 8, 13, 21, 34])
[INFO] [1733801822.004665257] [fibonacci_action_client]: Received feedback: array('i', [0, 1, 1, 2, 3, 5, 8, 13, 21, 34, 55])
[INFO] [1733801822.256684767] [fibonacci_action_client]: Result: array('i', [0, 1, 1, 2, 3, 5, 8, 13, 21, 34, 55])
[INFO] [1733801822.507454800] [fibonacci_action_client]: Sending goal with order 10
[INFO] [1733801822.508993100] [fibonacci_action_client]: Goal accepted, waiting for result.
[INFO] [1733801822.511148862] [fibonacci_action_client]: Received feedback: array('i', [0, 1, 1])
[INFO] [1733801822.761637354] [fibonacci_action_client]: Received feedback: array('i', [0, 1, 1, 2])
[INFO] [1733801823.012421146] [fibonacci_action_client]: Received feedback: array('i', [0, 1, 1, 2, 3])
[INFO] [1733801823.263666696] [fibonacci_action_client]: Received feedback: array('i', [0, 1, 1, 2, 3, 5])
[INFO] [1733801823.514957302] [fibonacci_action_client]: Received feedback: array('i', [0, 1, 1, 2, 3, 5, 8])
[INFO] [1733801823.766293321] [fibonacci_action_client]: Received feedback: array('i', [0, 1, 1, 2, 3, 5, 8, 13])
[INFO] [1733801824.017764251] [fibonacci_action_client]: Received feedback: array('i', [0, 1, 1, 2, 3, 5, 8, 13, 21])
[INFO] [1733801824.268968785] [fibonacci_action_client]: Received feedback: array('i', [0, 1, 1, 2, 3, 5, 8, 13, 21, 34])
[INFO] [1733801824.520244014] [fibonacci_action_client]: Received feedback: array('i', [0, 1, 1, 2, 3, 5, 8, 13, 21, 34, 55])
[INFO] [1733801824.771974916] [fibonacci_action_client]: Result: array('i', [0, 1, 1, 2, 3, 5, 8, 13, 21, 34, 55])
[INFO] [1733801825.023134535] [fibonacci_action_client]: Sending goal with order 10
[INFO] [1733801825.024744303] [fibonacci_action_client]: Goal accepted, waiting for result.
[INFO] [1733801825.026732063] [fibonacci_action_client]: Received feedback: array('i', [0, 1, 1])
[INFO] [1733801825.276942714] [fibonacci_action_client]: Received feedback: array('i', [0, 1, 1, 2])
[INFO] [1733801825.527961477] [fibonacci_action_client]: Received feedback: array('i', [0, 1, 1, 2, 3])
[INFO] [1733801825.779075529] [fibonacci_action_client]: Received feedback: array('i', [0, 1, 1, 2, 3, 5])
[INFO] [1733801826.030517438] [fibonacci_action_client]: Received feedback: array('i', [0, 1, 1, 2, 3, 5, 8])
[INFO] [1733801826.281815777] [fibonacci_action_client]: Received feedback: array('i', [0, 1, 1, 2, 3, 5, 8, 13])
[INFO] [1733801826.533019603] [fibonacci_action_client]: Received feedback: array('i', [0, 1, 1, 2, 3, 5, 8, 13, 21])
[INFO] [1733801826.784169371] [fibonacci_action_client]: Received feedback: array('i', [0, 1, 1, 2, 3, 5, 8, 13, 21, 34])
[INFO] [1733801827.035135016] [fibonacci_action_client]: Received feedback: array('i', [0, 1, 1, 2, 3, 5, 8, 13, 21, 34, 55])
[INFO] [1733801827.287286961] [fibonacci_action_client]: Result: array('i', [0, 1, 1, 2, 3, 5, 8, 13, 21, 34, 55])
[INFO] [1733801827.538052946] [fibonacci_action_client]: Sending goal with order 10
[INFO] [1733801827.539437589] [fibonacci_action_client]: Goal accepted, waiting for result.
[INFO] [1733801827.541496735] [fibonacci_action_client]: Received feedback: array('i', [0, 1, 1])
[INFO] [1733801827.791753347] [fibonacci_action_client]: Received feedback: array('i', [0, 1, 1, 2])
[INFO] [1733801828.042887761] [fibonacci_action_client]: Received feedback: array('i', [0, 1, 1, 2, 3])
[INFO] [1733801828.293909535] [fibonacci_action_client]: Received feedback: array('i', [0, 1, 1, 2, 3, 5])
[INFO] [1733801828.545186752] [fibonacci_action_client]: Received feedback: array('i', [0, 1, 1, 2, 3, 5, 8])
[INFO] [1733801828.796078312] [fibonacci_action_client]: Received feedback: array('i', [0, 1, 1, 2, 3, 5, 8, 13])
[INFO] [1733801829.047422304] [fibonacci_action_client]: Received feedback: array('i', [0, 1, 1, 2, 3, 5, 8, 13, 21])
[INFO] [1733801829.298354221] [fibonacci_action_client]: Received feedback: array('i', [0, 1, 1, 2, 3, 5, 8, 13, 21, 34])
[INFO] [1733801829.549785824] [fibonacci_action_client]: Received feedback: array('i', [0, 1, 1, 2, 3, 5, 8, 13, 21, 34, 55])
[INFO] [1733801829.801495682] [fibonacci_action_client]: Result: array('i', [0, 1, 1, 2, 3, 5, 8, 13, 21, 34, 55])
[INFO] [1733801830.052686701] [fibonacci_action_client]: Sending goal with order 10
[INFO] [1733801830.054284151] [fibonacci_action_client]: Goal accepted, waiting for result.
[INFO] [1733801830.056264509] [fibonacci_action_client]: Received feedback: array('i', [0, 1, 1])
[INFO] [1733801830.306399591] [fibonacci_action_client]: Received feedback: array('i', [0, 1, 1, 2])
[INFO] [1733801830.557734632] [fibonacci_action_client]: Received feedback: array('i', [0, 1, 1, 2, 3])
[INFO] [1733801830.809145453] [fibonacci_action_client]: Received feedback: array('i', [0, 1, 1, 2, 3, 5])
[INFO] [1733801831.060316654] [fibonacci_action_client]: Received feedback: array('i', [0, 1, 1, 2, 3, 5, 8])
[INFO] [1733801831.311652666] [fibonacci_action_client]: Received feedback: array('i', [0, 1, 1, 2, 3, 5, 8, 13])
[INFO] [1733801831.562897917] [fibonacci_action_client]: Received feedback: array('i', [0, 1, 1, 2, 3, 5, 8, 13, 21])
[INFO] [1733801831.814193301] [fibonacci_action_client]: Received feedback: array('i', [0, 1, 1, 2, 3, 5, 8, 13, 21, 34])
[INFO] [1733801832.065396584] [fibonacci_action_client]: Received feedback: array('i', [0, 1, 1, 2, 3, 5, 8, 13, 21, 34, 55])
[INFO] [1733801832.317555346] [fibonacci_action_client]: Result: array('i', [0, 1, 1, 2, 3, 5, 8, 13, 21, 34, 55])
[INFO] [1733801832.568647894] [fibonacci_action_client]: Sending goal with order 10
[INFO] [1733801832.570254298] [fibonacci_action_client]: Goal accepted, waiting for result.
[INFO] [1733801832.572269212] [fibonacci_action_client]: Received feedback: array('i', [0, 1, 1])
[INFO] [1733801832.822762418] [fibonacci_action_client]: Received feedback: array('i', [0, 1, 1, 2])
[INFO] [1733801833.074261560] [fibonacci_action_client]: Received feedback: array('i', [0, 1, 1, 2, 3])
[INFO] [1733801833.325530807] [fibonacci_action_client]: Received feedback: array('i', [0, 1, 1, 2, 3, 5])
[INFO] [1733801833.576705809] [fibonacci_action_client]: Received feedback: array('i', [0, 1, 1, 2, 3, 5, 8])
[INFO] [1733801833.827796086] [fibonacci_action_client]: Received feedback: array('i', [0, 1, 1, 2, 3, 5, 8, 13])
[INFO] [1733801834.079093059] [fibonacci_action_client]: Received feedback: array('i', [0, 1, 1, 2, 3, 5, 8, 13, 21])
[INFO] [1733801834.330139259] [fibonacci_action_client]: Received feedback: array('i', [0, 1, 1, 2, 3, 5, 8, 13, 21, 34])
[INFO] [1733801834.581222088] [fibonacci_action_client]: Received feedback: array('i', [0, 1, 1, 2, 3, 5, 8, 13, 21, 34, 55])
[INFO] [1733801834.833589676] [fibonacci_action_client]: Result: array('i', [0, 1, 1, 2, 3, 5, 8, 13, 21, 34, 55])
[INFO] [1733801835.084343601] [fibonacci_action_client]: Sending goal with order 10
[INFO] [1733801835.086473979] [fibonacci_action_client]: Goal accepted, waiting for result.
[INFO] [1733801835.088803513] [fibonacci_action_client]: Received feedback: array('i', [0, 1, 1])
[INFO] [1733801835.339339698] [fibonacci_action_client]: Received feedback: array('i', [0, 1, 1, 2])
[INFO] [1733801835.590236944] [fibonacci_action_client]: Received feedback: array('i', [0, 1, 1, 2, 3])
[INFO] [1733801835.841366189] [fibonacci_action_client]: Received feedback: array('i', [0, 1, 1, 2, 3, 5])
[INFO] [1733801836.092174973] [fibonacci_action_client]: Received feedback: array('i', [0, 1, 1, 2, 3, 5, 8])
[INFO] [1733801836.343610293] [fibonacci_action_client]: Received feedback: array('i', [0, 1, 1, 2, 3, 5, 8, 13])
[INFO] [1733801836.594496438] [fibonacci_action_client]: Received feedback: array('i', [0, 1, 1, 2, 3, 5, 8, 13, 21])
[INFO] [1733801836.845648891] [fibonacci_action_client]: Received feedback: array('i', [0, 1, 1, 2, 3, 5, 8, 13, 21, 34])
[INFO] [1733801837.096969584] [fibonacci_action_client]: Received feedback: array('i', [0, 1, 1, 2, 3, 5, 8, 13, 21, 34, 55])
[INFO] [1733801837.349115091] [fibonacci_action_client]: Result: array('i', [0, 1, 1, 2, 3, 5, 8, 13, 21, 34, 55])
[INFO] [1733801837.600364104] [fibonacci_action_client]: Sending goal with order 10
[INFO] [1733801837.603074099] [fibonacci_action_client]: Goal accepted, waiting for result.
[INFO] [1733801837.603834913] [fibonacci_action_client]: Received feedback: array('i', [0, 1, 1])
[INFO] [1733801837.853907734] [fibonacci_action_client]: Received feedback: array('i', [0, 1, 1, 2])
[INFO] [1733801838.105445381] [fibonacci_action_client]: Received feedback: array('i', [0, 1, 1, 2, 3])
[INFO] [1733801838.356662203] [fibonacci_action_client]: Received feedback: array('i', [0, 1, 1, 2, 3, 5])
[INFO] [1733801838.607806774] [fibonacci_action_client]: Received feedback: array('i', [0, 1, 1, 2, 3, 5, 8])
[INFO] [1733801838.858662581] [fibonacci_action_client]: Received feedback: array('i', [0, 1, 1, 2, 3, 5, 8, 13])
[INFO] [1733801839.109903190] [fibonacci_action_client]: Received feedback: array('i', [0, 1, 1, 2, 3, 5, 8, 13, 21])
[INFO] [1733801839.361143178] [fibonacci_action_client]: Received feedback: array('i', [0, 1, 1, 2, 3, 5, 8, 13, 21, 34])
[INFO] [1733801839.612279100] [fibonacci_action_client]: Received feedback: array('i', [0, 1, 1, 2, 3, 5, 8, 13, 21, 34, 55])
[INFO] [1733801839.864663295] [fibonacci_action_client]: Result: array('i', [0, 1, 1, 2, 3, 5, 8, 13, 21, 34, 55])
[INFO] [1733801840.115670043] [fibonacci_action_client]: Sending goal with order 10
[INFO] [1733801840.119369236] [fibonacci_action_client]: Goal accepted, waiting for result.
[INFO] [1733801840.120121449] [fibonacci_action_client]: Received feedback: array('i', [0, 1, 1])
[INFO] [1733801840.370695846] [fibonacci_action_client]: Received feedback: array('i', [0, 1, 1, 2])
[INFO] [1733801840.621884269] [fibonacci_action_client]: Received feedback: array('i', [0, 1, 1, 2, 3])
[INFO] [1733801840.873141300] [fibonacci_action_client]: Received feedback: array('i', [0, 1, 1, 2, 3, 5])
[INFO] [1733801841.124011031] [fibonacci_action_client]: Received feedback: array('i', [0, 1, 1, 2, 3, 5, 8])
[INFO] [1733801841.375094530] [fibonacci_action_client]: Received feedback: array('i', [0, 1, 1, 2, 3, 5, 8, 13])
[INFO] [1733801841.625943322] [fibonacci_action_client]: Received feedback: array('i', [0, 1, 1, 2, 3, 5, 8, 13, 21])
[INFO] [1733801841.876950014] [fibonacci_action_client]: Received feedback: array('i', [0, 1, 1, 2, 3, 5, 8, 13, 21, 34])
[INFO] [1733801842.128319690] [fibonacci_action_client]: Received feedback: array('i', [0, 1, 1, 2, 3, 5, 8, 13, 21, 34, 55])
[INFO] [1733801842.380675539] [fibonacci_action_client]: Result: array('i', [0, 1, 1, 2, 3, 5, 8, 13, 21, 34, 55])
[INFO] [1733801842.631925527] [fibonacci_action_client]: Sending goal with order 10
[INFO] [1733801842.633533905] [fibonacci_action_client]: Goal accepted, waiting for result.
[INFO] [1733801842.635976892] [fibonacci_action_client]: Received feedback: array('i', [0, 1, 1])
[INFO] [1733801842.885742071] [fibonacci_action_client]: Received feedback: array('i', [0, 1, 1, 2])
[INFO] [1733801843.137057389] [fibonacci_action_client]: Received feedback: array('i', [0, 1, 1, 2, 3])
[INFO] [1733801843.388089595] [fibonacci_action_client]: Received feedback: array('i', [0, 1, 1, 2, 3, 5])
[INFO] [1733801843.638958557] [fibonacci_action_client]: Received feedback: array('i', [0, 1, 1, 2, 3, 5, 8])
[INFO] [1733801843.889826425] [fibonacci_action_client]: Received feedback: array('i', [0, 1, 1, 2, 3, 5, 8, 13])
[INFO] [1733801844.141040092] [fibonacci_action_client]: Received feedback: array('i', [0, 1, 1, 2, 3, 5, 8, 13, 21])
[INFO] [1733801844.392416678] [fibonacci_action_client]: Received feedback: array('i', [0, 1, 1, 2, 3, 5, 8, 13, 21, 34])
[INFO] [1733801844.643419130] [fibonacci_action_client]: Received feedback: array('i', [0, 1, 1, 2, 3, 5, 8, 13, 21, 34, 55])
[INFO] [1733801844.895838502] [fibonacci_action_client]: Result: array('i', [0, 1, 1, 2, 3, 5, 8, 13, 21, 34, 55])
[INFO] [1733801845.146627478] [fibonacci_action_client]: Sending goal with order 10
[INFO] [1733801845.148166450] [fibonacci_action_client]: Goal accepted, waiting for result.
[INFO] [1733801845.150253480] [fibonacci_action_client]: Received feedback: array('i', [0, 1, 1])
[INFO] [1733801845.400583749] [fibonacci_action_client]: Received feedback: array('i', [0, 1, 1, 2])
[INFO] [1733801845.651459764] [fibonacci_action_client]: Received feedback: array('i', [0, 1, 1, 2, 3])
[INFO] [1733801845.902717583] [fibonacci_action_client]: Received feedback: array('i', [0, 1, 1, 2, 3, 5])
[INFO] [1733801846.154146958] [fibonacci_action_client]: Received feedback: array('i', [0, 1, 1, 2, 3, 5, 8])
[INFO] [1733801846.405557361] [fibonacci_action_client]: Received feedback: array('i', [0, 1, 1, 2, 3, 5, 8, 13])
[INFO] [1733801846.656866365] [fibonacci_action_client]: Received feedback: array('i', [0, 1, 1, 2, 3, 5, 8, 13, 21])
[INFO] [1733801846.907966332] [fibonacci_action_client]: Received feedback: array('i', [0, 1, 1, 2, 3, 5, 8, 13, 21, 34])
[INFO] [1733801847.159013071] [fibonacci_action_client]: Received feedback: array('i', [0, 1, 1, 2, 3, 5, 8, 13, 21, 34, 55])
[INFO] [1733801847.411412147] [fibonacci_action_client]: Result: array('i', [0, 1, 1, 2, 3, 5, 8, 13, 21, 34, 55])
[INFO] [1733801847.662029545] [fibonacci_action_client]: Sending goal with order 10
[INFO] [1733801847.663633317] [fibonacci_action_client]: Goal accepted, waiting for result.
[INFO] [1733801847.665840894] [fibonacci_action_client]: Received feedback: array('i', [0, 1, 1])
[INFO] [1733801847.915920303] [fibonacci_action_client]: Received feedback: array('i', [0, 1, 1, 2])
[INFO] [1733801848.166802209] [fibonacci_action_client]: Received feedback: array('i', [0, 1, 1, 2, 3])
[INFO] [1733801848.418107523] [fibonacci_action_client]: Received feedback: array('i', [0, 1, 1, 2, 3, 5])
[INFO] [1733801848.669144434] [fibonacci_action_client]: Received feedback: array('i', [0, 1, 1, 2, 3, 5, 8])
[INFO] [1733801848.920474570] [fibonacci_action_client]: Received feedback: array('i', [0, 1, 1, 2, 3, 5, 8, 13])
[INFO] [1733801849.171545778] [fibonacci_action_client]: Received feedback: array('i', [0, 1, 1, 2, 3, 5, 8, 13, 21])
[INFO] [1733801849.422639652] [fibonacci_action_client]: Received feedback: array('i', [0, 1, 1, 2, 3, 5, 8, 13, 21, 34])
[INFO] [1733801849.673551992] [fibonacci_action_client]: Received feedback: array('i', [0, 1, 1, 2, 3, 5, 8, 13, 21, 34, 55])
[INFO] [1733801849.926095797] [fibonacci_action_client]: Result: array('i', [0, 1, 1, 2, 3, 5, 8, 13, 21, 34, 55])
[INFO] [1733801850.176835065] [fibonacci_action_client]: Sending goal with order 10
[INFO] [1733801850.178367042] [fibonacci_action_client]: Goal accepted, waiting for result.
[INFO] [1733801850.180572755] [fibonacci_action_client]: Received feedback: array('i', [0, 1, 1])
[INFO] [1733801850.431057798] [fibonacci_action_client]: Received feedback: array('i', [0, 1, 1, 2])
[INFO] [1733801850.682484541] [fibonacci_action_client]: Received feedback: array('i', [0, 1, 1, 2, 3])
[INFO] [1733801850.933846633] [fibonacci_action_client]: Received feedback: array('i', [0, 1, 1, 2, 3, 5])
[INFO] [1733801851.184887221] [fibonacci_action_client]: Received feedback: array('i', [0, 1, 1, 2, 3, 5, 8])
[INFO] [1733801851.436050460] [fibonacci_action_client]: Received feedback: array('i', [0, 1, 1, 2, 3, 5, 8, 13])
[INFO] [1733801851.687420195] [fibonacci_action_client]: Received feedback: array('i', [0, 1, 1, 2, 3, 5, 8, 13, 21])
[INFO] [1733801851.938777957] [fibonacci_action_client]: Received feedback: array('i', [0, 1, 1, 2, 3, 5, 8, 13, 21, 34])
[INFO] [1733801852.190016790] [fibonacci_action_client]: Received feedback: array('i', [0, 1, 1, 2, 3, 5, 8, 13, 21, 34, 55])
[INFO] [1733801852.442129009] [fibonacci_action_client]: Result: array('i', [0, 1, 1, 2, 3, 5, 8, 13, 21, 34, 55])
[INFO] [1733801852.693240269] [fibonacci_action_client]: Sending goal with order 10
[INFO] [1733801852.694892884] [fibonacci_action_client]: Goal accepted, waiting for result.
[INFO] [1733801852.697023139] [fibonacci_action_client]: Received feedback: array('i', [0, 1, 1])
[INFO] [1733801852.947400407] [fibonacci_action_client]: Received feedback: array('i', [0, 1, 1, 2])
[INFO] [1733801853.198761639] [fibonacci_action_client]: Received feedback: array('i', [0, 1, 1, 2, 3])
[INFO] [1733801853.450139174] [fibonacci_action_client]: Received feedback: array('i', [0, 1, 1, 2, 3, 5])
[INFO] [1733801853.701221449] [fibonacci_action_client]: Received feedback: array('i', [0, 1, 1, 2, 3, 5, 8])
[INFO] [1733801853.952429494] [fibonacci_action_client]: Received feedback: array('i', [0, 1, 1, 2, 3, 5, 8, 13])
[INFO] [1733801854.203432758] [fibonacci_action_client]: Received feedback: array('i', [0, 1, 1, 2, 3, 5, 8, 13, 21])
[INFO] [1733801854.454835434] [fibonacci_action_client]: Received feedback: array('i', [0, 1, 1, 2, 3, 5, 8, 13, 21, 34])
[INFO] [1733801854.706185731] [fibonacci_action_client]: Received feedback: array('i', [0, 1, 1, 2, 3, 5, 8, 13, 21, 34, 55])
[INFO] [1733801854.958334676] [fibonacci_action_client]: Result: array('i', [0, 1, 1, 2, 3, 5, 8, 13, 21, 34, 55])
[INFO] [1733801855.209575788] [fibonacci_action_client]: Sending goal with order 10
[INFO] [1733801855.211192718] [fibonacci_action_client]: Goal accepted, waiting for result.
[INFO] [1733801855.213465257] [fibonacci_action_client]: Received feedback: array('i', [0, 1, 1])
[INFO] [1733801855.463596482] [fibonacci_action_client]: Received feedback: array('i', [0, 1, 1, 2])
[INFO] [1733801855.714922186] [fibonacci_action_client]: Received feedback: array('i', [0, 1, 1, 2, 3])
[INFO] [1733801855.965988187] [fibonacci_action_client]: Received feedback: array('i', [0, 1, 1, 2, 3, 5])
[INFO] [1733801856.217008487] [fibonacci_action_client]: Received feedback: array('i', [0, 1, 1, 2, 3, 5, 8])
[INFO] [1733801856.467891427] [fibonacci_action_client]: Received feedback: array('i', [0, 1, 1, 2, 3, 5, 8, 13])
[INFO] [1733801856.718993422] [fibonacci_action_client]: Received feedback: array('i', [0, 1, 1, 2, 3, 5, 8, 13, 21])
[INFO] [1733801856.969796159] [fibonacci_action_client]: Received feedback: array('i', [0, 1, 1, 2, 3, 5, 8, 13, 21, 34])
[INFO] [1733801857.221059645] [fibonacci_action_client]: Received feedback: array('i', [0, 1, 1, 2, 3, 5, 8, 13, 21, 34, 55])
[INFO] [1733801857.473662012] [fibonacci_action_client]: Result: array('i', [0, 1, 1, 2, 3, 5, 8, 13, 21, 34, 55])
[INFO] [1733801857.724780305] [fibonacci_action_client]: Sending goal with order 10
[INFO] [1733801857.727848498] [fibonacci_action_client]: Goal accepted, waiting for result.
[INFO] [1733801857.728618318] [fibonacci_action_client]: Received feedback: array('i', [0, 1, 1])
[INFO] [1733801857.979255294] [fibonacci_action_client]: Received feedback: array('i', [0, 1, 1, 2])
[INFO] [1733801858.230539102] [fibonacci_action_client]: Received feedback: array('i', [0, 1, 1, 2, 3])
[INFO] [1733801858.481808035] [fibonacci_action_client]: Received feedback: array('i', [0, 1, 1, 2, 3, 5])
[INFO] [1733801858.732936980] [fibonacci_action_client]: Received feedback: array('i', [0, 1, 1, 2, 3, 5, 8])
[INFO] [1733801858.984258808] [fibonacci_action_client]: Received feedback: array('i', [0, 1, 1, 2, 3, 5, 8, 13])
[INFO] [1733801859.235119721] [fibonacci_action_client]: Received feedback: array('i', [0, 1, 1, 2, 3, 5, 8, 13, 21])
[INFO] [1733801859.486453823] [fibonacci_action_client]: Received feedback: array('i', [0, 1, 1, 2, 3, 5, 8, 13, 21, 34])
[INFO] [1733801859.737727896] [fibonacci_action_client]: Received feedback: array('i', [0, 1, 1, 2, 3, 5, 8, 13, 21, 34, 55])
[INFO] [1733801859.990389524] [fibonacci_action_client]: Result: array('i', [0, 1, 1, 2, 3, 5, 8, 13, 21, 34, 55])
[INFO] [1733801860.241561848] [fibonacci_action_client]: Sending goal with order 10
[INFO] [1733801860.243199299] [fibonacci_action_client]: Goal accepted, waiting for result.
[INFO] [1733801860.245484780] [fibonacci_action_client]: Received feedback: array('i', [0, 1, 1])
[INFO] [1733801860.495702204] [fibonacci_action_client]: Received feedback: array('i', [0, 1, 1, 2])
[INFO] [1733801860.746736042] [fibonacci_action_client]: Received feedback: array('i', [0, 1, 1, 2, 3])
[INFO] [1733801860.998067514] [fibonacci_action_client]: Received feedback: array('i', [0, 1, 1, 2, 3, 5])
[INFO] [1733801861.249453944] [fibonacci_action_client]: Received feedback: array('i', [0, 1, 1, 2, 3, 5, 8])
[INFO] [1733801861.500344339] [fibonacci_action_client]: Received feedback: array('i', [0, 1, 1, 2, 3, 5, 8, 13])
[INFO] [1733801861.751423403] [fibonacci_action_client]: Received feedback: array('i', [0, 1, 1, 2, 3, 5, 8, 13, 21])
[INFO] [1733801862.002822542] [fibonacci_action_client]: Received feedback: array('i', [0, 1, 1, 2, 3, 5, 8, 13, 21, 34])
[INFO] [1733801862.253861711] [fibonacci_action_client]: Received feedback: array('i', [0, 1, 1, 2, 3, 5, 8, 13, 21, 34, 55])
[INFO] [1733801862.506469413] [fibonacci_action_client]: Result: array('i', [0, 1, 1, 2, 3, 5, 8, 13, 21, 34, 55])
[INFO] [1733801862.757246229] [fibonacci_action_client]: Sending goal with order 10
[INFO] [1733801862.759011267] [fibonacci_action_client]: Goal accepted, waiting for result.
[INFO] [1733801862.761246135] [fibonacci_action_client]: Received feedback: array('i', [0, 1, 1])
[INFO] [1733801863.011033307] [fibonacci_action_client]: Received feedback: array('i', [0, 1, 1, 2])
[INFO] [1733801863.261844116] [fibonacci_action_client]: Received feedback: array('i', [0, 1, 1, 2, 3])
[INFO] [1733801863.513059366] [fibonacci_action_client]: Received feedback: array('i', [0, 1, 1, 2, 3, 5])
[INFO] [1733801863.764125126] [fibonacci_action_client]: Received feedback: array('i', [0, 1, 1, 2, 3, 5, 8])
[INFO] [1733801864.015389715] [fibonacci_action_client]: Received feedback: array('i', [0, 1, 1, 2, 3, 5, 8, 13])
[INFO] [1733801864.266803028] [fibonacci_action_client]: Received feedback: array('i', [0, 1, 1, 2, 3, 5, 8, 13, 21])
[INFO] [1733801864.518118169] [fibonacci_action_client]: Received feedback: array('i', [0, 1, 1, 2, 3, 5, 8, 13, 21, 34])
[INFO] [1733801864.769376060] [fibonacci_action_client]: Received feedback: array('i', [0, 1, 1, 2, 3, 5, 8, 13, 21, 34, 55])
[INFO] [1733801865.021893139] [fibonacci_action_client]: Result: array('i', [0, 1, 1, 2, 3, 5, 8, 13, 21, 34, 55])
[INFO] [1733801865.272972396] [fibonacci_action_client]: Sending goal with order 10
[INFO] [1733801865.275958120] [fibonacci_action_client]: Goal accepted, waiting for result.
[INFO] [1733801865.276769285] [fibonacci_action_client]: Received feedback: array('i', [0, 1, 1])
[INFO] [1733801865.527052208] [fibonacci_action_client]: Received feedback: array('i', [0, 1, 1, 2])
[INFO] [1733801865.778509535] [fibonacci_action_client]: Received feedback: array('i', [0, 1, 1, 2, 3])
[INFO] [1733801866.029604001] [fibonacci_action_client]: Received feedback: array('i', [0, 1, 1, 2, 3, 5])
[INFO] [1733801866.280857278] [fibonacci_action_client]: Received feedback: array('i', [0, 1, 1, 2, 3, 5, 8])
[INFO] [1733801866.532190130] [fibonacci_action_client]: Received feedback: array('i', [0, 1, 1, 2, 3, 5, 8, 13])
[INFO] [1733801866.783009371] [fibonacci_action_client]: Received feedback: array('i', [0, 1, 1, 2, 3, 5, 8, 13, 21])
[INFO] [1733801867.034326073] [fibonacci_action_client]: Received feedback: array('i', [0, 1, 1, 2, 3, 5, 8, 13, 21, 34])
[INFO] [1733801867.285617697] [fibonacci_action_client]: Received feedback: array('i', [0, 1, 1, 2, 3, 5, 8, 13, 21, 34, 55])
[INFO] [1733801867.538495705] [fibonacci_action_client]: Result: array('i', [0, 1, 1, 2, 3, 5, 8, 13, 21, 34, 55])
[INFO] [1733801867.789651278] [fibonacci_action_client]: Sending goal with order 10
[INFO] [1733801867.793600394] [fibonacci_action_client]: Goal accepted, waiting for result.
[INFO] [1733801867.794411668] [fibonacci_action_client]: Received feedback: array('i', [0, 1, 1])
[INFO] [1733801868.044417372] [fibonacci_action_client]: Received feedback: array('i', [0, 1, 1, 2])
[INFO] [1733801868.295358718] [fibonacci_action_client]: Received feedback: array('i', [0, 1, 1, 2, 3])
[INFO] [1733801868.546789345] [fibonacci_action_client]: Received feedback: array('i', [0, 1, 1, 2, 3, 5])
[INFO] [1733801868.797821096] [fibonacci_action_client]: Received feedback: array('i', [0, 1, 1, 2, 3, 5, 8])
[INFO] [1733801869.049054638] [fibonacci_action_client]: Received feedback: array('i', [0, 1, 1, 2, 3, 5, 8, 13])
[INFO] [1733801869.300436805] [fibonacci_action_client]: Received feedback: array('i', [0, 1, 1, 2, 3, 5, 8, 13, 21])
[INFO] [1733801869.551433861] [fibonacci_action_client]: Received feedback: array('i', [0, 1, 1, 2, 3, 5, 8, 13, 21, 34])
[INFO] [1733801869.802707152] [fibonacci_action_client]: Received feedback: array('i', [0, 1, 1, 2, 3, 5, 8, 13, 21, 34, 55])
[INFO] [1733801870.054827605] [fibonacci_action_client]: Result: array('i', [0, 1, 1, 2, 3, 5, 8, 13, 21, 34, 55])
[INFO] [1733801870.305988627] [fibonacci_action_client]: Sending goal with order 10
[INFO] [1733801870.307879817] [fibonacci_action_client]: Goal accepted, waiting for result.
[INFO] [1733801870.310336798] [fibonacci_action_client]: Received feedback: array('i', [0, 1, 1])
[INFO] [1733801870.560221547] [fibonacci_action_client]: Received feedback: array('i', [0, 1, 1, 2])
[INFO] [1733801870.811400575] [fibonacci_action_client]: Received feedback: array('i', [0, 1, 1, 2, 3])
[INFO] [1733801871.062356885] [fibonacci_action_client]: Received feedback: array('i', [0, 1, 1, 2, 3, 5])
[INFO] [1733801871.313551493] [fibonacci_action_client]: Received feedback: array('i', [0, 1, 1, 2, 3, 5, 8])
[INFO] [1733801871.564783264] [fibonacci_action_client]: Received feedback: array('i', [0, 1, 1, 2, 3, 5, 8, 13])
[INFO] [1733801871.815974362] [fibonacci_action_client]: Received feedback: array('i', [0, 1, 1, 2, 3, 5, 8, 13, 21])
[INFO] [1733801872.067319704] [fibonacci_action_client]: Received feedback: array('i', [0, 1, 1, 2, 3, 5, 8, 13, 21, 34])
[INFO] [1733801872.318711758] [fibonacci_action_client]: Received feedback: array('i', [0, 1, 1, 2, 3, 5, 8, 13, 21, 34, 55])
[INFO] [1733801872.571584248] [fibonacci_action_client]: Result: array('i', [0, 1, 1, 2, 3, 5, 8, 13, 21, 34, 55])
[INFO] [1733801872.822362555] [fibonacci_action_client]: Sending goal with order 10
[INFO] [1733801872.826211580] [fibonacci_action_client]: Goal accepted, waiting for result.
[INFO] [1733801872.827028070] [fibonacci_action_client]: Received feedback: array('i', [0, 1, 1])
[INFO] [1733801873.077373167] [fibonacci_action_client]: Received feedback: array('i', [0, 1, 1, 2])
[INFO] [1733801873.328448329] [fibonacci_action_client]: Received feedback: array('i', [0, 1, 1, 2, 3])
[INFO] [1733801873.579350288] [fibonacci_action_client]: Received feedback: array('i', [0, 1, 1, 2, 3, 5])
[INFO] [1733801873.830628285] [fibonacci_action_client]: Received feedback: array('i', [0, 1, 1, 2, 3, 5, 8])
[INFO] [1733801874.081835226] [fibonacci_action_client]: Received feedback: array('i', [0, 1, 1, 2, 3, 5, 8, 13])
[INFO] [1733801874.332878201] [fibonacci_action_client]: Received feedback: array('i', [0, 1, 1, 2, 3, 5, 8, 13, 21])
[INFO] [1733801874.583973325] [fibonacci_action_client]: Received feedback: array('i', [0, 1, 1, 2, 3, 5, 8, 13, 21, 34])
[INFO] [1733801874.835016659] [fibonacci_action_client]: Received feedback: array('i', [0, 1, 1, 2, 3, 5, 8, 13, 21, 34, 55])
[INFO] [1733801875.087582280] [fibonacci_action_client]: Result: array('i', [0, 1, 1, 2, 3, 5, 8, 13, 21, 34, 55])
[INFO] [1733801875.338465065] [fibonacci_action_client]: Sending goal with order 10
[INFO] [1733801875.342430486] [fibonacci_action_client]: Goal accepted, waiting for result.
[INFO] [1733801875.343249423] [fibonacci_action_client]: Received feedback: array('i', [0, 1, 1])
[INFO] [1733801875.592948342] [fibonacci_action_client]: Received feedback: array('i', [0, 1, 1, 2])
[INFO] [1733801875.844087878] [fibonacci_action_client]: Received feedback: array('i', [0, 1, 1, 2, 3])
[INFO] [1733801876.095056796] [fibonacci_action_client]: Received feedback: array('i', [0, 1, 1, 2, 3, 5])
[INFO] [1733801876.346223084] [fibonacci_action_client]: Received feedback: array('i', [0, 1, 1, 2, 3, 5, 8])
[INFO] [1733801876.597748143] [fibonacci_action_client]: Received feedback: array('i', [0, 1, 1, 2, 3, 5, 8, 13])
[INFO] [1733801876.848765458] [fibonacci_action_client]: Received feedback: array('i', [0, 1, 1, 2, 3, 5, 8, 13, 21])
[INFO] [1733801877.099888040] [fibonacci_action_client]: Received feedback: array('i', [0, 1, 1, 2, 3, 5, 8, 13, 21, 34])
[INFO] [1733801877.350617961] [fibonacci_action_client]: Received feedback: array('i', [0, 1, 1, 2, 3, 5, 8, 13, 21, 34, 55])
[INFO] [1733801877.603260538] [fibonacci_action_client]: Result: array('i', [0, 1, 1, 2, 3, 5, 8, 13, 21, 34, 55])
[INFO] [1733801877.853810407] [fibonacci_action_client]: Sending goal with order 10
[INFO] [1733801877.855879852] [fibonacci_action_client]: Goal accepted, waiting for result.
[INFO] [1733801877.859451456] [fibonacci_action_client]: Received feedback: array('i', [0, 1, 1])
[INFO] [1733801878.108304423] [fibonacci_action_client]: Received feedback: array('i', [0, 1, 1, 2])
[INFO] [1733801878.359608055] [fibonacci_action_client]: Received feedback: array('i', [0, 1, 1, 2, 3])
[INFO] [1733801878.610935753] [fibonacci_action_client]: Received feedback: array('i', [0, 1, 1, 2, 3, 5])
[INFO] [1733801878.862203967] [fibonacci_action_client]: Received feedback: array('i', [0, 1, 1, 2, 3, 5, 8])
[INFO] [1733801879.113527555] [fibonacci_action_client]: Received feedback: array('i', [0, 1, 1, 2, 3, 5, 8, 13])
[INFO] [1733801879.364399050] [fibonacci_action_client]: Received feedback: array('i', [0, 1, 1, 2, 3, 5, 8, 13, 21])
[INFO] [1733801879.615388840] [fibonacci_action_client]: Received feedback: array('i', [0, 1, 1, 2, 3, 5, 8, 13, 21, 34])
[INFO] [1733801879.866722878] [fibonacci_action_client]: Received feedback: array('i', [0, 1, 1, 2, 3, 5, 8, 13, 21, 34, 55])
[INFO] [1733801880.119585816] [fibonacci_action_client]: Result: array('i', [0, 1, 1, 2, 3, 5, 8, 13, 21, 34, 55])
[INFO] [1733801880.370480548] [fibonacci_action_client]: Sending goal with order 10
[INFO] [1733801880.373750193] [fibonacci_action_client]: Goal accepted, waiting for result.
[INFO] [1733801880.374552433] [fibonacci_action_client]: Received feedback: array('i', [0, 1, 1])
[INFO] [1733801880.624785791] [fibonacci_action_client]: Received feedback: array('i', [0, 1, 1, 2])
[INFO] [1733801880.875843460] [fibonacci_action_client]: Received feedback: array('i', [0, 1, 1, 2, 3])
[INFO] [1733801881.126991935] [fibonacci_action_client]: Received feedback: array('i', [0, 1, 1, 2, 3, 5])
[INFO] [1733801881.378407992] [fibonacci_action_client]: Received feedback: array('i', [0, 1, 1, 2, 3, 5, 8])
[INFO] [1733801881.629512590] [fibonacci_action_client]: Received feedback: array('i', [0, 1, 1, 2, 3, 5, 8, 13])
[INFO] [1733801881.880611690] [fibonacci_action_client]: Received feedback: array('i', [0, 1, 1, 2, 3, 5, 8, 13, 21])
[INFO] [1733801882.131715522] [fibonacci_action_client]: Received feedback: array('i', [0, 1, 1, 2, 3, 5, 8, 13, 21, 34])
[INFO] [1733801882.382871840] [fibonacci_action_client]: Received feedback: array('i', [0, 1, 1, 2, 3, 5, 8, 13, 21, 34, 55])
[INFO] [1733801882.635434858] [fibonacci_action_client]: Result: array('i', [0, 1, 1, 2, 3, 5, 8, 13, 21, 34, 55])
[INFO] [1733801882.886026983] [fibonacci_action_client]: Sending goal with order 10
[INFO] [1733801882.889036453] [fibonacci_action_client]: Goal accepted, waiting for result.
[INFO] [1733801882.889884262] [fibonacci_action_client]: Received feedback: array('i', [0, 1, 1])
[INFO] [1733801883.139791752] [fibonacci_action_client]: Received feedback: array('i', [0, 1, 1, 2])
[INFO] [1733801883.391207597] [fibonacci_action_client]: Received feedback: array('i', [0, 1, 1, 2, 3])
[INFO] [1733801883.642263224] [fibonacci_action_client]: Received feedback: array('i', [0, 1, 1, 2, 3, 5])
[INFO] [1733801883.893694099] [fibonacci_action_client]: Received feedback: array('i', [0, 1, 1, 2, 3, 5, 8])
[INFO] [1733801884.144587839] [fibonacci_action_client]: Received feedback: array('i', [0, 1, 1, 2, 3, 5, 8, 13])
[INFO] [1733801884.395630302] [fibonacci_action_client]: Received feedback: array('i', [0, 1, 1, 2, 3, 5, 8, 13, 21])
[INFO] [1733801884.646696701] [fibonacci_action_client]: Received feedback: array('i', [0, 1, 1, 2, 3, 5, 8, 13, 21, 34])
[INFO] [1733801884.897593292] [fibonacci_action_client]: Received feedback: array('i', [0, 1, 1, 2, 3, 5, 8, 13, 21, 34, 55])
[INFO] [1733801885.150797150] [fibonacci_action_client]: Result: array('i', [0, 1, 1, 2, 3, 5, 8, 13, 21, 34, 55])
[INFO] [1733801885.401903231] [fibonacci_action_client]: Sending goal with order 10
[INFO] [1733801885.405998231] [fibonacci_action_client]: Goal accepted, waiting for result.
[INFO] [1733801885.406874762] [fibonacci_action_client]: Received feedback: array('i', [0, 1, 1])
[INFO] [1733801885.656936503] [fibonacci_action_client]: Received feedback: array('i', [0, 1, 1, 2])
[INFO] [1733801885.907986011] [fibonacci_action_client]: Received feedback: array('i', [0, 1, 1, 2, 3])
[INFO] [1733801886.159353420] [fibonacci_action_client]: Received feedback: array('i', [0, 1, 1, 2, 3, 5])
[INFO] [1733801886.410853794] [fibonacci_action_client]: Received feedback: array('i', [0, 1, 1, 2, 3, 5, 8])
[INFO] [1733801886.661862654] [fibonacci_action_client]: Received feedback: array('i', [0, 1, 1, 2, 3, 5, 8, 13])
[INFO] [1733801886.913034216] [fibonacci_action_client]: Received feedback: array('i', [0, 1, 1, 2, 3, 5, 8, 13, 21])
[INFO] [1733801887.163794744] [fibonacci_action_client]: Received feedback: array('i', [0, 1, 1, 2, 3, 5, 8, 13, 21, 34])
[INFO] [1733801887.415246777] [fibonacci_action_client]: Received feedback: array('i', [0, 1, 1, 2, 3, 5, 8, 13, 21, 34, 55])
[INFO] [1733801887.667872239] [fibonacci_action_client]: Result: array('i', [0, 1, 1, 2, 3, 5, 8, 13, 21, 34, 55])
[INFO] [1733801887.918891216] [fibonacci_action_client]: Sending goal with order 10
[INFO] [1733801887.922293669] [fibonacci_action_client]: Goal accepted, waiting for result.
[INFO] [1733801887.923210551] [fibonacci_action_client]: Received feedback: array('i', [0, 1, 1])
[INFO] [1733801888.173006319] [fibonacci_action_client]: Received feedback: array('i', [0, 1, 1, 2])
[INFO] [1733801888.424111965] [fibonacci_action_client]: Received feedback: array('i', [0, 1, 1, 2, 3])
[INFO] [1733801888.674952237] [fibonacci_action_client]: Received feedback: array('i', [0, 1, 1, 2, 3, 5])
[INFO] [1733801888.926024293] [fibonacci_action_client]: Received feedback: array('i', [0, 1, 1, 2, 3, 5, 8])
[INFO] [1733801889.176982673] [fibonacci_action_client]: Received feedback: array('i', [0, 1, 1, 2, 3, 5, 8, 13])
[INFO] [1733801889.428016769] [fibonacci_action_client]: Received feedback: array('i', [0, 1, 1, 2, 3, 5, 8, 13, 21])
[INFO] [1733801889.679356183] [fibonacci_action_client]: Received feedback: array('i', [0, 1, 1, 2, 3, 5, 8, 13, 21, 34])
[INFO] [1733801889.930219016] [fibonacci_action_client]: Received feedback: array('i', [0, 1, 1, 2, 3, 5, 8, 13, 21, 34, 55])
[INFO] [1733801890.183167720] [fibonacci_action_client]: Result: array('i', [0, 1, 1, 2, 3, 5, 8, 13, 21, 34, 55])
[INFO] [1733801890.433812747] [fibonacci_action_client]: Sending goal with order 10
[INFO] [1733801890.435957831] [fibonacci_action_client]: Goal accepted, waiting for result.
[INFO] [1733801890.439109264] [fibonacci_action_client]: Received feedback: array('i', [0, 1, 1])
[INFO] [1733801890.688811898] [fibonacci_action_client]: Received feedback: array('i', [0, 1, 1, 2])
[INFO] [1733801890.939682809] [fibonacci_action_client]: Received feedback: array('i', [0, 1, 1, 2, 3])
[INFO] [1733801891.191057023] [fibonacci_action_client]: Received feedback: array('i', [0, 1, 1, 2, 3, 5])
[INFO] [1733801891.442104334] [fibonacci_action_client]: Received feedback: array('i', [0, 1, 1, 2, 3, 5, 8])
[INFO] [1733801891.693265173] [fibonacci_action_client]: Received feedback: array('i', [0, 1, 1, 2, 3, 5, 8, 13])
[INFO] [1733801891.944457202] [fibonacci_action_client]: Received feedback: array('i', [0, 1, 1, 2, 3, 5, 8, 13, 21])
[INFO] [1733801892.195565032] [fibonacci_action_client]: Received feedback: array('i', [0, 1, 1, 2, 3, 5, 8, 13, 21, 34])
[INFO] [1733801892.446711839] [fibonacci_action_client]: Received feedback: array('i', [0, 1, 1, 2, 3, 5, 8, 13, 21, 34, 55])
[INFO] [1733801892.699576862] [fibonacci_action_client]: Result: array('i', [0, 1, 1, 2, 3, 5, 8, 13, 21, 34, 55])
[INFO] [1733801892.950310492] [fibonacci_action_client]: Sending goal with order 10
[INFO] [1733801892.953476150] [fibonacci_action_client]: Goal accepted, waiting for result.
[INFO] [1733801892.954281583] [fibonacci_action_client]: Received feedback: array('i', [0, 1, 1])
[INFO] [1733801893.204046351] [fibonacci_action_client]: Received feedback: array('i', [0, 1, 1, 2])
[INFO] [1733801893.454807837] [fibonacci_action_client]: Received feedback: array('i', [0, 1, 1, 2, 3])
[INFO] [1733801893.706135957] [fibonacci_action_client]: Received feedback: array('i', [0, 1, 1, 2, 3, 5])
[INFO] [1733801893.957369668] [fibonacci_action_client]: Received feedback: array('i', [0, 1, 1, 2, 3, 5, 8])
[INFO] [1733801894.208508477] [fibonacci_action_client]: Received feedback: array('i', [0, 1, 1, 2, 3, 5, 8, 13])
[INFO] [1733801894.459395682] [fibonacci_action_client]: Received feedback: array('i', [0, 1, 1, 2, 3, 5, 8, 13, 21])
[INFO] [1733801894.710649115] [fibonacci_action_client]: Received feedback: array('i', [0, 1, 1, 2, 3, 5, 8, 13, 21, 34])
[INFO] [1733801894.961904724] [fibonacci_action_client]: Received feedback: array('i', [0, 1, 1, 2, 3, 5, 8, 13, 21, 34, 55])
[INFO] [1733801895.214644241] [fibonacci_action_client]: Result: array('i', [0, 1, 1, 2, 3, 5, 8, 13, 21, 34, 55])
[INFO] [1733801895.465624873] [fibonacci_action_client]: Sending goal with order 10
[INFO] [1733801895.468743528] [fibonacci_action_client]: Goal accepted, waiting for result.
[INFO] [1733801895.469637466] [fibonacci_action_client]: Received feedback: array('i', [0, 1, 1])
[INFO] [1733801895.719511775] [fibonacci_action_client]: Received feedback: array('i', [0, 1, 1, 2])
[INFO] [1733801895.970642977] [fibonacci_action_client]: Received feedback: array('i', [0, 1, 1, 2, 3])
[INFO] [1733801896.221725880] [fibonacci_action_client]: Received feedback: array('i', [0, 1, 1, 2, 3, 5])
[INFO] [1733801896.472796161] [fibonacci_action_client]: Received feedback: array('i', [0, 1, 1, 2, 3, 5, 8])
[INFO] [1733801896.724090518] [fibonacci_action_client]: Received feedback: array('i', [0, 1, 1, 2, 3, 5, 8, 13])
[INFO] [1733801896.975013067] [fibonacci_action_client]: Received feedback: array('i', [0, 1, 1, 2, 3, 5, 8, 13, 21])
[INFO] [1733801897.226222450] [fibonacci_action_client]: Received feedback: array('i', [0, 1, 1, 2, 3, 5, 8, 13, 21, 34])
[INFO] [1733801897.477563110] [fibonacci_action_client]: Received feedback: array('i', [0, 1, 1, 2, 3, 5, 8, 13, 21, 34, 55])
