[INFO] [1733759296.786896608] [fibonacci_action_server]: Executing goal...
[INFO] [1733759296.787515692] [fibonacci_action_server]: Feedback: array('i', [0, 1, 1])
[INFO] [1733759297.289163404] [fibonacci_action_server]: Feedback: array('i', [0, 1, 1, 2])
[INFO] [1733759297.790640087] [fibonacci_action_server]: Feedback: array('i', [0, 1, 1, 2, 3])
[INFO] [1733759298.292106777] [fibonacci_action_server]: Feedback: array('i', [0, 1, 1, 2, 3, 5])
[INFO] [1733759298.793273962] [fibonacci_action_server]: Feedback: array('i', [0, 1, 1, 2, 3, 5, 8])
[INFO] [1733759299.294404432] [fibonacci_action_server]: Feedback: array('i', [0, 1, 1, 2, 3, 5, 8, 13])
[INFO] [1733759299.795826185] [fibonacci_action_server]: Feedback: array('i', [0, 1, 1, 2, 3, 5, 8, 13, 21])
[INFO] [1733759300.297435440] [fibonacci_action_server]: Feedback: array('i', [0, 1, 1, 2, 3, 5, 8, 13, 21, 34])
[INFO] [1733759300.798934792] [fibonacci_action_server]: Feedback: array('i', [0, 1, 1, 2, 3, 5, 8, 13, 21, 34, 55])
[INFO] [1733759301.302391395] [fibonacci_action_server]: Executing goal...
[INFO] [1733759301.302757180] [fibonacci_action_server]: Feedback: array('i', [0, 1, 1])
[INFO] [1733759301.804136594] [fibonacci_action_server]: Feedback: array('i', [0, 1, 1, 2])
[INFO] [1733759302.305788709] [fibonacci_action_server]: Feedback: array('i', [0, 1, 1, 2, 3])
[INFO] [1733759302.807034763] [fibonacci_action_server]: Feedback: array('i', [0, 1, 1, 2, 3, 5])
[INFO] [1733759303.308474565] [fibonacci_action_server]: Feedback: array('i', [0, 1, 1, 2, 3, 5, 8])
[INFO] [1733759303.810034189] [fibonacci_action_server]: Feedback: array('i', [0, 1, 1, 2, 3, 5, 8, 13])
[INFO] [1733759304.311518140] [fibonacci_action_server]: Feedback: array('i', [0, 1, 1, 2, 3, 5, 8, 13, 21])
[INFO] [1733759304.812900465] [fibonacci_action_server]: Feedback: array('i', [0, 1, 1, 2, 3, 5, 8, 13, 21, 34])
[INFO] [1733759305.314140097] [fibonacci_action_server]: Feedback: array('i', [0, 1, 1, 2, 3, 5, 8, 13, 21, 34, 55])
[INFO] [1733759305.816811641] [fibonacci_action_server]: Executing goal...
[INFO] [1733759305.817294087] [fibonacci_action_server]: Feedback: array('i', [0, 1, 1])
[INFO] [1733759306.318070128] [fibonacci_action_server]: Feedback: array('i', [0, 1, 1, 2])
[INFO] [1733759306.819628935] [fibonacci_action_server]: Feedback: array('i', [0, 1, 1, 2, 3])
[INFO] [1733759307.320923663] [fibonacci_action_server]: Feedback: array('i', [0, 1, 1, 2, 3, 5])
[INFO] [1733759307.821833626] [fibonacci_action_server]: Feedback: array('i', [0, 1, 1, 2, 3, 5, 8])
[INFO] [1733759308.322993146] [fibonacci_action_server]: Feedback: array('i', [0, 1, 1, 2, 3, 5, 8, 13])
[INFO] [1733759308.824123414] [fibonacci_action_server]: Feedback: array('i', [0, 1, 1, 2, 3, 5, 8, 13, 21])
[INFO] [1733759309.325578916] [fibonacci_action_server]: Feedback: array('i', [0, 1, 1, 2, 3, 5, 8, 13, 21, 34])
[INFO] [1733759309.827091967] [fibonacci_action_server]: Feedback: array('i', [0, 1, 1, 2, 3, 5, 8, 13, 21, 34, 55])
[INFO] [1733759310.330615214] [fibonacci_action_server]: Executing goal...
[INFO] [1733759310.331182197] [fibonacci_action_server]: Feedback: array('i', [0, 1, 1])
[INFO] [1733759310.832501240] [fibonacci_action_server]: Feedback: array('i', [0, 1, 1, 2])
[INFO] [1733759311.333809721] [fibonacci_action_server]: Feedback: array('i', [0, 1, 1, 2, 3])
[INFO] [1733759311.835273476] [fibonacci_action_server]: Feedback: array('i', [0, 1, 1, 2, 3, 5])
[INFO] [1733759312.336614521] [fibonacci_action_server]: Feedback: array('i', [0, 1, 1, 2, 3, 5, 8])
[INFO] [1733759312.838212735] [fibonacci_action_server]: Feedback: array('i', [0, 1, 1, 2, 3, 5, 8, 13])
[INFO] [1733759313.339620704] [fibonacci_action_server]: Feedback: array('i', [0, 1, 1, 2, 3, 5, 8, 13, 21])
[INFO] [1733759313.841055079] [fibonacci_action_server]: Feedback: array('i', [0, 1, 1, 2, 3, 5, 8, 13, 21, 34])
[INFO] [1733759314.342073683] [fibonacci_action_server]: Feedback: array('i', [0, 1, 1, 2, 3, 5, 8, 13, 21, 34, 55])
[INFO] [1733759314.845457802] [fibonacci_action_server]: Executing goal...
[INFO] [1733759314.845830476] [fibonacci_action_server]: Feedback: array('i', [0, 1, 1])
[INFO] [1733759315.346922305] [fibonacci_action_server]: Feedback: array('i', [0, 1, 1, 2])
[INFO] [1733759315.848516792] [fibonacci_action_server]: Feedback: array('i', [0, 1, 1, 2, 3])
[INFO] [1733759316.350071161] [fibonacci_action_server]: Feedback: array('i', [0, 1, 1, 2, 3, 5])
[INFO] [1733759316.851480772] [fibonacci_action_server]: Feedback: array('i', [0, 1, 1, 2, 3, 5, 8])
[INFO] [1733759317.352780462] [fibonacci_action_server]: Feedback: array('i', [0, 1, 1, 2, 3, 5, 8, 13])
[INFO] [1733759317.853951746] [fibonacci_action_server]: Feedback: array('i', [0, 1, 1, 2, 3, 5, 8, 13, 21])
[INFO] [1733759318.355366143] [fibonacci_action_server]: Feedback: array('i', [0, 1, 1, 2, 3, 5, 8, 13, 21, 34])
[INFO] [1733759318.856836041] [fibonacci_action_server]: Feedback: array('i', [0, 1, 1, 2, 3, 5, 8, 13, 21, 34, 55])
[INFO] [1733759319.359867390] [fibonacci_action_server]: Executing goal...
[INFO] [1733759319.360300036] [fibonacci_action_server]: Feedback: array('i', [0, 1, 1])
[INFO] [1733759319.861598278] [fibonacci_action_server]: Feedback: array('i', [0, 1, 1, 2])
[INFO] [1733759320.362943407] [fibonacci_action_server]: Feedback: array('i', [0, 1, 1, 2, 3])
[INFO] [1733759320.864471365] [fibonacci_action_server]: Feedback: array('i', [0, 1, 1, 2, 3, 5])
[INFO] [1733759321.365708668] [fibonacci_action_server]: Feedback: array('i', [0, 1, 1, 2, 3, 5, 8])
[INFO] [1733759321.867122487] [fibonacci_action_server]: Feedback: array('i', [0, 1, 1, 2, 3, 5, 8, 13])
[INFO] [1733759322.368631682] [fibonacci_action_server]: Feedback: array('i', [0, 1, 1, 2, 3, 5, 8, 13, 21])
[INFO] [1733759322.870056627] [fibonacci_action_server]: Feedback: array('i', [0, 1, 1, 2, 3, 5, 8, 13, 21, 34])
[INFO] [1733759323.371521428] [fibonacci_action_server]: Feedback: array('i', [0, 1, 1, 2, 3, 5, 8, 13, 21, 34, 55])
[INFO] [1733759323.874835459] [fibonacci_action_server]: Executing goal...
[INFO] [1733759323.875236670] [fibonacci_action_server]: Feedback: array('i', [0, 1, 1])
[INFO] [1733759324.376489322] [fibonacci_action_server]: Feedback: array('i', [0, 1, 1, 2])
[INFO] [1733759324.878003837] [fibonacci_action_server]: Feedback: array('i', [0, 1, 1, 2, 3])
[INFO] [1733759325.379542878] [fibonacci_action_server]: Feedback: array('i', [0, 1, 1, 2, 3, 5])
[INFO] [1733759325.881058806] [fibonacci_action_server]: Feedback: array('i', [0, 1, 1, 2, 3, 5, 8])
[INFO] [1733759326.382152837] [fibonacci_action_server]: Feedback: array('i', [0, 1, 1, 2, 3, 5, 8, 13])
[INFO] [1733759326.883305772] [fibonacci_action_server]: Feedback: array('i', [0, 1, 1, 2, 3, 5, 8, 13, 21])
[INFO] [1733759327.384636628] [fibonacci_action_server]: Feedback: array('i', [0, 1, 1, 2, 3, 5, 8, 13, 21, 34])
[INFO] [1733759327.885787757] [fibonacci_action_server]: Feedback: array('i', [0, 1, 1, 2, 3, 5, 8, 13, 21, 34, 55])
[INFO] [1733759328.389131743] [fibonacci_action_server]: Executing goal...
[INFO] [1733759328.389782058] [fibonacci_action_server]: Feedback: array('i', [0, 1, 1])
[INFO] [1733759328.890933173] [fibonacci_action_server]: Feedback: array('i', [0, 1, 1, 2])
[INFO] [1733759329.392337491] [fibonacci_action_server]: Feedback: array('i', [0, 1, 1, 2, 3])
[INFO] [1733759329.893906644] [fibonacci_action_server]: Feedback: array('i', [0, 1, 1, 2, 3, 5])
[INFO] [1733759330.395276339] [fibonacci_action_server]: Feedback: array('i', [0, 1, 1, 2, 3, 5, 8])
[INFO] [1733759330.896450774] [fibonacci_action_server]: Feedback: array('i', [0, 1, 1, 2, 3, 5, 8, 13])
[INFO] [1733759331.397999050] [fibonacci_action_server]: Feedback: array('i', [0, 1, 1, 2, 3, 5, 8, 13, 21])
[INFO] [1733759331.899569127] [fibonacci_action_server]: Feedback: array('i', [0, 1, 1, 2, 3, 5, 8, 13, 21, 34])
[INFO] [1733759332.401231997] [fibonacci_action_server]: Feedback: array('i', [0, 1, 1, 2, 3, 5, 8, 13, 21, 34, 55])
[INFO] [1733759332.904562461] [fibonacci_action_server]: Executing goal...
[INFO] [1733759332.904940694] [fibonacci_action_server]: Feedback: array('i', [0, 1, 1])
[INFO] [1733759333.406123043] [fibonacci_action_server]: Feedback: array('i', [0, 1, 1, 2])
[INFO] [1733759333.907672328] [fibonacci_action_server]: Feedback: array('i', [0, 1, 1, 2, 3])
[INFO] [1733759334.409286602] [fibonacci_action_server]: Feedback: array('i', [0, 1, 1, 2, 3, 5])
[INFO] [1733759334.911012286] [fibonacci_action_server]: Feedback: array('i', [0, 1, 1, 2, 3, 5, 8])
[INFO] [1733759335.412496977] [fibonacci_action_server]: Feedback: array('i', [0, 1, 1, 2, 3, 5, 8, 13])
[INFO] [1733759335.913448807] [fibonacci_action_server]: Feedback: array('i', [0, 1, 1, 2, 3, 5, 8, 13, 21])
[INFO] [1733759336.414802106] [fibonacci_action_server]: Feedback: array('i', [0, 1, 1, 2, 3, 5, 8, 13, 21, 34])
[INFO] [1733759336.915947423] [fibonacci_action_server]: Feedback: array('i', [0, 1, 1, 2, 3, 5, 8, 13, 21, 34, 55])
[INFO] [1733759337.419540976] [fibonacci_action_server]: Executing goal...
[INFO] [1733759337.420252455] [fibonacci_action_server]: Feedback: array('i', [0, 1, 1])
[INFO] [1733759337.921429069] [fibonacci_action_server]: Feedback: array('i', [0, 1, 1, 2])
[INFO] [1733759338.422906759] [fibonacci_action_server]: Feedback: array('i', [0, 1, 1, 2, 3])
[INFO] [1733759338.924436736] [fibonacci_action_server]: Feedback: array('i', [0, 1, 1, 2, 3, 5])
[INFO] [1733759339.425750162] [fibonacci_action_server]: Feedback: array('i', [0, 1, 1, 2, 3, 5, 8])
[INFO] [1733759339.927153321] [fibonacci_action_server]: Feedback: array('i', [0, 1, 1, 2, 3, 5, 8, 13])
[INFO] [1733759340.428359178] [fibonacci_action_server]: Feedback: array('i', [0, 1, 1, 2, 3, 5, 8, 13, 21])
[INFO] [1733759340.929860198] [fibonacci_action_server]: Feedback: array('i', [0, 1, 1, 2, 3, 5, 8, 13, 21, 34])
[INFO] [1733759341.431197567] [fibonacci_action_server]: Feedback: array('i', [0, 1, 1, 2, 3, 5, 8, 13, 21, 34, 55])
[INFO] [1733759341.935060178] [fibonacci_action_server]: Executing goal...
[INFO] [1733759341.935715646] [fibonacci_action_server]: Feedback: array('i', [0, 1, 1])
[INFO] [1733759342.437172915] [fibonacci_action_server]: Feedback: array('i', [0, 1, 1, 2])
[INFO] [1733759342.938076605] [fibonacci_action_server]: Feedback: array('i', [0, 1, 1, 2, 3])
[INFO] [1733759343.439563245] [fibonacci_action_server]: Feedback: array('i', [0, 1, 1, 2, 3, 5])
[INFO] [1733759343.940796005] [fibonacci_action_server]: Feedback: array('i', [0, 1, 1, 2, 3, 5, 8])
[INFO] [1733759344.442014923] [fibonacci_action_server]: Feedback: array('i', [0, 1, 1, 2, 3, 5, 8, 13])
[INFO] [1733759344.943413389] [fibonacci_action_server]: Feedback: array('i', [0, 1, 1, 2, 3, 5, 8, 13, 21])
[INFO] [1733759345.444829719] [fibonacci_action_server]: Feedback: array('i', [0, 1, 1, 2, 3, 5, 8, 13, 21, 34])
[INFO] [1733759345.946203464] [fibonacci_action_server]: Feedback: array('i', [0, 1, 1, 2, 3, 5, 8, 13, 21, 34, 55])
[INFO] [1733759346.449677366] [fibonacci_action_server]: Executing goal...
[INFO] [1733759346.450313166] [fibonacci_action_server]: Feedback: array('i', [0, 1, 1])
[INFO] [1733759346.951627174] [fibonacci_action_server]: Feedback: array('i', [0, 1, 1, 2])
[INFO] [1733759347.453103929] [fibonacci_action_server]: Feedback: array('i', [0, 1, 1, 2, 3])
[INFO] [1733759347.954094583] [fibonacci_action_server]: Feedback: array('i', [0, 1, 1, 2, 3, 5])
[INFO] [1733759348.455577004] [fibonacci_action_server]: Feedback: array('i', [0, 1, 1, 2, 3, 5, 8])
[INFO] [1733759348.957108671] [fibonacci_action_server]: Feedback: array('i', [0, 1, 1, 2, 3, 5, 8, 13])
[INFO] [1733759349.458087185] [fibonacci_action_server]: Feedback: array('i', [0, 1, 1, 2, 3, 5, 8, 13, 21])
[INFO] [1733759349.959616299] [fibonacci_action_server]: Feedback: array('i', [0, 1, 1, 2, 3, 5, 8, 13, 21, 34])
[INFO] [1733759350.460864956] [fibonacci_action_server]: Feedback: array('i', [0, 1, 1, 2, 3, 5, 8, 13, 21, 34, 55])
[INFO] [1733759350.964999774] [fibonacci_action_server]: Executing goal...
[INFO] [1733759350.965668967] [fibonacci_action_server]: Feedback: array('i', [0, 1, 1])
[INFO] [1733759351.466801935] [fibonacci_action_server]: Feedback: array('i', [0, 1, 1, 2])
[INFO] [1733759351.968338686] [fibonacci_action_server]: Feedback: array('i', [0, 1, 1, 2, 3])
[INFO] [1733759352.469773494] [fibonacci_action_server]: Feedback: array('i', [0, 1, 1, 2, 3, 5])
[INFO] [1733759352.971166652] [fibonacci_action_server]: Feedback: array('i', [0, 1, 1, 2, 3, 5, 8])
[INFO] [1733759353.472364346] [fibonacci_action_server]: Feedback: array('i', [0, 1, 1, 2, 3, 5, 8, 13])
[INFO] [1733759353.973972751] [fibonacci_action_server]: Feedback: array('i', [0, 1, 1, 2, 3, 5, 8, 13, 21])
[INFO] [1733759354.475483585] [fibonacci_action_server]: Feedback: array('i', [0, 1, 1, 2, 3, 5, 8, 13, 21, 34])
[INFO] [1733759354.977004017] [fibonacci_action_server]: Feedback: array('i', [0, 1, 1, 2, 3, 5, 8, 13, 21, 34, 55])
[INFO] [1733759355.480065667] [fibonacci_action_server]: Executing goal...
[INFO] [1733759355.480673600] [fibonacci_action_server]: Feedback: array('i', [0, 1, 1])
[INFO] [1733759355.982007260] [fibonacci_action_server]: Feedback: array('i', [0, 1, 1, 2])
[INFO] [1733759356.483198796] [fibonacci_action_server]: Feedback: array('i', [0, 1, 1, 2, 3])
[INFO] [1733759356.984362548] [fibonacci_action_server]: Feedback: array('i', [0, 1, 1, 2, 3, 5])
[INFO] [1733759357.485761124] [fibonacci_action_server]: Feedback: array('i', [0, 1, 1, 2, 3, 5, 8])
[INFO] [1733759357.987269857] [fibonacci_action_server]: Feedback: array('i', [0, 1, 1, 2, 3, 5, 8, 13])
[INFO] [1733759358.488583073] [fibonacci_action_server]: Feedback: array('i', [0, 1, 1, 2, 3, 5, 8, 13, 21])
[INFO] [1733759358.989988741] [fibonacci_action_server]: Feedback: array('i', [0, 1, 1, 2, 3, 5, 8, 13, 21, 34])
[INFO] [1733759359.491530771] [fibonacci_action_server]: Feedback: array('i', [0, 1, 1, 2, 3, 5, 8, 13, 21, 34, 55])
[INFO] [1733759359.994897328] [fibonacci_action_server]: Executing goal...
[INFO] [1733759359.995541847] [fibonacci_action_server]: Feedback: array('i', [0, 1, 1])
[INFO] [1733759360.496755602] [fibonacci_action_server]: Feedback: array('i', [0, 1, 1, 2])
[INFO] [1733759360.998311862] [fibonacci_action_server]: Feedback: array('i', [0, 1, 1, 2, 3])
[INFO] [1733759361.499648422] [fibonacci_action_server]: Feedback: array('i', [0, 1, 1, 2, 3, 5])
[INFO] [1733759362.001220366] [fibonacci_action_server]: Feedback: array('i', [0, 1, 1, 2, 3, 5, 8])
[INFO] [1733759362.502654133] [fibonacci_action_server]: Feedback: array('i', [0, 1, 1, 2, 3, 5, 8, 13])
[INFO] [1733759363.004120754] [fibonacci_action_server]: Feedback: array('i', [0, 1, 1, 2, 3, 5, 8, 13, 21])
[INFO] [1733759363.505675321] [fibonacci_action_server]: Feedback: array('i', [0, 1, 1, 2, 3, 5, 8, 13, 21, 34])
[INFO] [1733759364.007152101] [fibonacci_action_server]: Feedback: array('i', [0, 1, 1, 2, 3, 5, 8, 13, 21, 34, 55])
[INFO] [1733759364.510881202] [fibonacci_action_server]: Executing goal...
[INFO] [1733759364.511499805] [fibonacci_action_server]: Feedback: array('i', [0, 1, 1])
[INFO] [1733759365.013020369] [fibonacci_action_server]: Feedback: array('i', [0, 1, 1, 2])
[INFO] [1733759365.514228780] [fibonacci_action_server]: Feedback: array('i', [0, 1, 1, 2, 3])
[INFO] [1733759366.015342106] [fibonacci_action_server]: Feedback: array('i', [0, 1, 1, 2, 3, 5])
[INFO] [1733759366.516651602] [fibonacci_action_server]: Feedback: array('i', [0, 1, 1, 2, 3, 5, 8])
[INFO] [1733759367.018234812] [fibonacci_action_server]: Feedback: array('i', [0, 1, 1, 2, 3, 5, 8, 13])
[INFO] [1733759367.519739688] [fibonacci_action_server]: Feedback: array('i', [0, 1, 1, 2, 3, 5, 8, 13, 21])
[INFO] [1733759368.020997340] [fibonacci_action_server]: Feedback: array('i', [0, 1, 1, 2, 3, 5, 8, 13, 21, 34])
[INFO] [1733759368.521750534] [fibonacci_action_server]: Feedback: array('i', [0, 1, 1, 2, 3, 5, 8, 13, 21, 34, 55])
[INFO] [1733759369.025477120] [fibonacci_action_server]: Executing goal...
[INFO] [1733759369.026101979] [fibonacci_action_server]: Feedback: array('i', [0, 1, 1])
[INFO] [1733759369.527250648] [fibonacci_action_server]: Feedback: array('i', [0, 1, 1, 2])
[INFO] [1733759370.028699103] [fibonacci_action_server]: Feedback: array('i', [0, 1, 1, 2, 3])
[INFO] [1733759370.530063491] [fibonacci_action_server]: Feedback: array('i', [0, 1, 1, 2, 3, 5])
[INFO] [1733759371.031683584] [fibonacci_action_server]: Feedback: array('i', [0, 1, 1, 2, 3, 5, 8])
[INFO] [1733759371.533225147] [fibonacci_action_server]: Feedback: array('i', [0, 1, 1, 2, 3, 5, 8, 13])
[INFO] [1733759372.034479479] [fibonacci_action_server]: Feedback: array('i', [0, 1, 1, 2, 3, 5, 8, 13, 21])
[INFO] [1733759372.535951048] [fibonacci_action_server]: Feedback: array('i', [0, 1, 1, 2, 3, 5, 8, 13, 21, 34])
[INFO] [1733759373.037205119] [fibonacci_action_server]: Feedback: array('i', [0, 1, 1, 2, 3, 5, 8, 13, 21, 34, 55])
[INFO] [1733759373.539778910] [fibonacci_action_server]: Executing goal...
[INFO] [1733759373.540141652] [fibonacci_action_server]: Feedback: array('i', [0, 1, 1])
[INFO] [1733759374.041241830] [fibonacci_action_server]: Feedback: array('i', [0, 1, 1, 2])
[INFO] [1733759374.542662526] [fibonacci_action_server]: Feedback: array('i', [0, 1, 1, 2, 3])
[INFO] [1733759375.043849317] [fibonacci_action_server]: Feedback: array('i', [0, 1, 1, 2, 3, 5])
[INFO] [1733759375.544991799] [fibonacci_action_server]: Feedback: array('i', [0, 1, 1, 2, 3, 5, 8])
[INFO] [1733759376.045796056] [fibonacci_action_server]: Feedback: array('i', [0, 1, 1, 2, 3, 5, 8, 13])
[INFO] [1733759376.547059283] [fibonacci_action_server]: Feedback: array('i', [0, 1, 1, 2, 3, 5, 8, 13, 21])
[INFO] [1733759377.048487011] [fibonacci_action_server]: Feedback: array('i', [0, 1, 1, 2, 3, 5, 8, 13, 21, 34])
[INFO] [1733759377.549937295] [fibonacci_action_server]: Feedback: array('i', [0, 1, 1, 2, 3, 5, 8, 13, 21, 34, 55])
[INFO] [1733759378.053193867] [fibonacci_action_server]: Executing goal...
[INFO] [1733759378.053577551] [fibonacci_action_server]: Feedback: array('i', [0, 1, 1])
[INFO] [1733759378.554819649] [fibonacci_action_server]: Feedback: array('i', [0, 1, 1, 2])
[INFO] [1733759379.056295161] [fibonacci_action_server]: Feedback: array('i', [0, 1, 1, 2, 3])
[INFO] [1733759379.557594596] [fibonacci_action_server]: Feedback: array('i', [0, 1, 1, 2, 3, 5])
[INFO] [1733759380.059183986] [fibonacci_action_server]: Feedback: array('i', [0, 1, 1, 2, 3, 5, 8])
[INFO] [1733759380.560668970] [fibonacci_action_server]: Feedback: array('i', [0, 1, 1, 2, 3, 5, 8, 13])
[INFO] [1733759381.062040807] [fibonacci_action_server]: Feedback: array('i', [0, 1, 1, 2, 3, 5, 8, 13, 21])
[INFO] [1733759381.563523950] [fibonacci_action_server]: Feedback: array('i', [0, 1, 1, 2, 3, 5, 8, 13, 21, 34])
[INFO] [1733759382.065005716] [fibonacci_action_server]: Feedback: array('i', [0, 1, 1, 2, 3, 5, 8, 13, 21, 34, 55])
[INFO] [1733759382.567258721] [fibonacci_action_server]: Executing goal...
[INFO] [1733759382.567640246] [fibonacci_action_server]: Feedback: array('i', [0, 1, 1])
[INFO] [1733759383.069018357] [fibonacci_action_server]: Feedback: array('i', [0, 1, 1, 2])
[INFO] [1733759383.570051914] [fibonacci_action_server]: Feedback: array('i', [0, 1, 1, 2, 3])
[INFO] [1733759384.071511468] [fibonacci_action_server]: Feedback: array('i', [0, 1, 1, 2, 3, 5])
[INFO] [1733759384.572672632] [fibonacci_action_server]: Feedback: array('i', [0, 1, 1, 2, 3, 5, 8])
[INFO] [1733759385.074314958] [fibonacci_action_server]: Feedback: array('i', [0, 1, 1, 2, 3, 5, 8, 13])
[INFO] [1733759385.575748767] [fibonacci_action_server]: Feedback: array('i', [0, 1, 1, 2, 3, 5, 8, 13, 21])
[INFO] [1733759386.077150539] [fibonacci_action_server]: Feedback: array('i', [0, 1, 1, 2, 3, 5, 8, 13, 21, 34])
[INFO] [1733759386.578498337] [fibonacci_action_server]: Feedback: array('i', [0, 1, 1, 2, 3, 5, 8, 13, 21, 34, 55])
[INFO] [1733759387.080966399] [fibonacci_action_server]: Executing goal...
[INFO] [1733759387.081372762] [fibonacci_action_server]: Feedback: array('i', [0, 1, 1])
[INFO] [1733759387.582056681] [fibonacci_action_server]: Feedback: array('i', [0, 1, 1, 2])
[INFO] [1733759388.083408606] [fibonacci_action_server]: Feedback: array('i', [0, 1, 1, 2, 3])
[INFO] [1733759388.584740475] [fibonacci_action_server]: Feedback: array('i', [0, 1, 1, 2, 3, 5])
[INFO] [1733759389.085696230] [fibonacci_action_server]: Feedback: array('i', [0, 1, 1, 2, 3, 5, 8])
[INFO] [1733759389.586805279] [fibonacci_action_server]: Feedback: array('i', [0, 1, 1, 2, 3, 5, 8, 13])
[INFO] [1733759390.088173937] [fibonacci_action_server]: Feedback: array('i', [0, 1, 1, 2, 3, 5, 8, 13, 21])
[INFO] [1733759390.589996521] [fibonacci_action_server]: Feedback: array('i', [0, 1, 1, 2, 3, 5, 8, 13, 21, 34])
[INFO] [1733759391.092918200] [fibonacci_action_server]: Feedback: array('i', [0, 1, 1, 2, 3, 5, 8, 13, 21, 34, 55])
[INFO] [1733759391.595857259] [fibonacci_action_server]: Executing goal...
[INFO] [1733759391.596340147] [fibonacci_action_server]: Feedback: array('i', [0, 1, 1])
[INFO] [1733759392.097856839] [fibonacci_action_server]: Feedback: array('i', [0, 1, 1, 2])
[INFO] [1733759392.599177316] [fibonacci_action_server]: Feedback: array('i', [0, 1, 1, 2, 3])
[INFO] [1733759393.100671478] [fibonacci_action_server]: Feedback: array('i', [0, 1, 1, 2, 3, 5])
[INFO] [1733759393.601866508] [fibonacci_action_server]: Feedback: array('i', [0, 1, 1, 2, 3, 5, 8])
[INFO] [1733759394.103041580] [fibonacci_action_server]: Feedback: array('i', [0, 1, 1, 2, 3, 5, 8, 13])
[INFO] [1733759394.604447074] [fibonacci_action_server]: Feedback: array('i', [0, 1, 1, 2, 3, 5, 8, 13, 21])
[INFO] [1733759395.105811956] [fibonacci_action_server]: Feedback: array('i', [0, 1, 1, 2, 3, 5, 8, 13, 21, 34])
[INFO] [1733759395.607102602] [fibonacci_action_server]: Feedback: array('i', [0, 1, 1, 2, 3, 5, 8, 13, 21, 34, 55])
[INFO] [1733759396.110330741] [fibonacci_action_server]: Executing goal...
[INFO] [1733759396.110774710] [fibonacci_action_server]: Feedback: array('i', [0, 1, 1])
[INFO] [1733759396.612111923] [fibonacci_action_server]: Feedback: array('i', [0, 1, 1, 2])
[INFO] [1733759397.113794808] [fibonacci_action_server]: Feedback: array('i', [0, 1, 1, 2, 3])
[INFO] [1733759397.615004741] [fibonacci_action_server]: Feedback: array('i', [0, 1, 1, 2, 3, 5])
[INFO] [1733759398.116517936] [fibonacci_action_server]: Feedback: array('i', [0, 1, 1, 2, 3, 5, 8])
[INFO] [1733759398.617988874] [fibonacci_action_server]: Feedback: array('i', [0, 1, 1, 2, 3, 5, 8, 13])
[INFO] [1733759399.118967986] [fibonacci_action_server]: Feedback: array('i', [0, 1, 1, 2, 3, 5, 8, 13, 21])
[INFO] [1733759399.620104361] [fibonacci_action_server]: Feedback: array('i', [0, 1, 1, 2, 3, 5, 8, 13, 21, 34])
[INFO] [1733759400.121285862] [fibonacci_action_server]: Feedback: array('i', [0, 1, 1, 2, 3, 5, 8, 13, 21, 34, 55])
[INFO] [1733759400.623948320] [fibonacci_action_server]: Executing goal...
[INFO] [1733759400.624339479] [fibonacci_action_server]: Feedback: array('i', [0, 1, 1])
[INFO] [1733759401.125630569] [fibonacci_action_server]: Feedback: array('i', [0, 1, 1, 2])
[INFO] [1733759401.627069968] [fibonacci_action_server]: Feedback: array('i', [0, 1, 1, 2, 3])
[INFO] [1733759402.128371495] [fibonacci_action_server]: Feedback: array('i', [0, 1, 1, 2, 3, 5])
[INFO] [1733759402.629925033] [fibonacci_action_server]: Feedback: array('i', [0, 1, 1, 2, 3, 5, 8])
[INFO] [1733759403.131366155] [fibonacci_action_server]: Feedback: array('i', [0, 1, 1, 2, 3, 5, 8, 13])
[INFO] [1733759403.632539304] [fibonacci_action_server]: Feedback: array('i', [0, 1, 1, 2, 3, 5, 8, 13, 21])
[INFO] [1733759404.133860676] [fibonacci_action_server]: Feedback: array('i', [0, 1, 1, 2, 3, 5, 8, 13, 21, 34])
[INFO] [1733759404.635151349] [fibonacci_action_server]: Feedback: array('i', [0, 1, 1, 2, 3, 5, 8, 13, 21, 34, 55])
[INFO] [1733759405.138344118] [fibonacci_action_server]: Executing goal...
[INFO] [1733759405.138733398] [fibonacci_action_server]: Feedback: array('i', [0, 1, 1])
[INFO] [1733759405.640090275] [fibonacci_action_server]: Feedback: array('i', [0, 1, 1, 2])
[INFO] [1733759406.141628541] [fibonacci_action_server]: Feedback: array('i', [0, 1, 1, 2, 3])
[INFO] [1733759406.642836289] [fibonacci_action_server]: Feedback: array('i', [0, 1, 1, 2, 3, 5])
[INFO] [1733759407.144648435] [fibonacci_action_server]: Feedback: array('i', [0, 1, 1, 2, 3, 5, 8])
[INFO] [1733759407.646106421] [fibonacci_action_server]: Feedback: array('i', [0, 1, 1, 2, 3, 5, 8, 13])
[INFO] [1733759408.147253668] [fibonacci_action_server]: Feedback: array('i', [0, 1, 1, 2, 3, 5, 8, 13, 21])
[INFO] [1733759408.648785771] [fibonacci_action_server]: Feedback: array('i', [0, 1, 1, 2, 3, 5, 8, 13, 21, 34])
[INFO] [1733759409.149751894] [fibonacci_action_server]: Feedback: array('i', [0, 1, 1, 2, 3, 5, 8, 13, 21, 34, 55])
[INFO] [1733759409.652390037] [fibonacci_action_server]: Executing goal...
[INFO] [1733759409.652790216] [fibonacci_action_server]: Feedback: array('i', [0, 1, 1])
[INFO] [1733759410.153830624] [fibonacci_action_server]: Feedback: array('i', [0, 1, 1, 2])
[INFO] [1733759410.655023052] [fibonacci_action_server]: Feedback: array('i', [0, 1, 1, 2, 3])
[INFO] [1733759411.156358513] [fibonacci_action_server]: Feedback: array('i', [0, 1, 1, 2, 3, 5])
[INFO] [1733759411.657693495] [fibonacci_action_server]: Feedback: array('i', [0, 1, 1, 2, 3, 5, 8])
[INFO] [1733759412.159005506] [fibonacci_action_server]: Feedback: array('i', [0, 1, 1, 2, 3, 5, 8, 13])
[INFO] [1733759412.660504604] [fibonacci_action_server]: Feedback: array('i', [0, 1, 1, 2, 3, 5, 8, 13, 21])
[INFO] [1733759413.161891864] [fibonacci_action_server]: Feedback: array('i', [0, 1, 1, 2, 3, 5, 8, 13, 21, 34])
[INFO] [1733759413.663341066] [fibonacci_action_server]: Feedback: array('i', [0, 1, 1, 2, 3, 5, 8, 13, 21, 34, 55])
[INFO] [1733759414.166581102] [fibonacci_action_server]: Executing goal...
[INFO] [1733759414.166973698] [fibonacci_action_server]: Feedback: array('i', [0, 1, 1])
[INFO] [1733759414.668499588] [fibonacci_action_server]: Feedback: array('i', [0, 1, 1, 2])
[INFO] [1733759415.169879203] [fibonacci_action_server]: Feedback: array('i', [0, 1, 1, 2, 3])
[INFO] [1733759415.671138962] [fibonacci_action_server]: Feedback: array('i', [0, 1, 1, 2, 3, 5])
[INFO] [1733759416.172557075] [fibonacci_action_server]: Feedback: array('i', [0, 1, 1, 2, 3, 5, 8])
[INFO] [1733759416.673767593] [fibonacci_action_server]: Feedback: array('i', [0, 1, 1, 2, 3, 5, 8, 13])
[INFO] [1733759417.175040734] [fibonacci_action_server]: Feedback: array('i', [0, 1, 1, 2, 3, 5, 8, 13, 21])
[INFO] [1733759417.676454595] [fibonacci_action_server]: Feedback: array('i', [0, 1, 1, 2, 3, 5, 8, 13, 21, 34])
[INFO] [1733759418.177795426] [fibonacci_action_server]: Feedback: array('i', [0, 1, 1, 2, 3, 5, 8, 13, 21, 34, 55])
[INFO] [1733759418.680444199] [fibonacci_action_server]: Executing goal...
[INFO] [1733759418.680816984] [fibonacci_action_server]: Feedback: array('i', [0, 1, 1])
[INFO] [1733759419.181734339] [fibonacci_action_server]: Feedback: array('i', [0, 1, 1, 2])
[INFO] [1733759419.682936238] [fibonacci_action_server]: Feedback: array('i', [0, 1, 1, 2, 3])
[INFO] [1733759420.184572806] [fibonacci_action_server]: Feedback: array('i', [0, 1, 1, 2, 3, 5])
[INFO] [1733759420.686053357] [fibonacci_action_server]: Feedback: array('i', [0, 1, 1, 2, 3, 5, 8])
[INFO] [1733759421.187416541] [fibonacci_action_server]: Feedback: array('i', [0, 1, 1, 2, 3, 5, 8, 13])
[INFO] [1733759421.688813091] [fibonacci_action_server]: Feedback: array('i', [0, 1, 1, 2, 3, 5, 8, 13, 21])
[INFO] [1733759422.189905079] [fibonacci_action_server]: Feedback: array('i', [0, 1, 1, 2, 3, 5, 8, 13, 21, 34])
[INFO] [1733759422.691373441] [fibonacci_action_server]: Feedback: array('i', [0, 1, 1, 2, 3, 5, 8, 13, 21, 34, 55])
[INFO] [1733759423.194731457] [fibonacci_action_server]: Executing goal...
[INFO] [1733759423.195348820] [fibonacci_action_server]: Feedback: array('i', [0, 1, 1])
[INFO] [1733759423.696706279] [fibonacci_action_server]: Feedback: array('i', [0, 1, 1, 2])
[INFO] [1733759424.198111279] [fibonacci_action_server]: Feedback: array('i', [0, 1, 1, 2, 3])
[INFO] [1733759424.699642681] [fibonacci_action_server]: Feedback: array('i', [0, 1, 1, 2, 3, 5])
[INFO] [1733759425.201171994] [fibonacci_action_server]: Feedback: array('i', [0, 1, 1, 2, 3, 5, 8])
[INFO] [1733759425.702573972] [fibonacci_action_server]: Feedback: array('i', [0, 1, 1, 2, 3, 5, 8, 13])
[INFO] [1733759426.203755514] [fibonacci_action_server]: Feedback: array('i', [0, 1, 1, 2, 3, 5, 8, 13, 21])
[INFO] [1733759426.705053259] [fibonacci_action_server]: Feedback: array('i', [0, 1, 1, 2, 3, 5, 8, 13, 21, 34])
[INFO] [1733759427.206086536] [fibonacci_action_server]: Feedback: array('i', [0, 1, 1, 2, 3, 5, 8, 13, 21, 34, 55])
[INFO] [1733759427.709222095] [fibonacci_action_server]: Executing goal...
[INFO] [1733759427.709715540] [fibonacci_action_server]: Feedback: array('i', [0, 1, 1])
[INFO] [1733759428.210888164] [fibonacci_action_server]: Feedback: array('i', [0, 1, 1, 2])
[INFO] [1733759428.712118066] [fibonacci_action_server]: Feedback: array('i', [0, 1, 1, 2, 3])
[INFO] [1733759429.213216441] [fibonacci_action_server]: Feedback: array('i', [0, 1, 1, 2, 3, 5])
[INFO] [1733759429.714436621] [fibonacci_action_server]: Feedback: array('i', [0, 1, 1, 2, 3, 5, 8])
[INFO] [1733759430.215886514] [fibonacci_action_server]: Feedback: array('i', [0, 1, 1, 2, 3, 5, 8, 13])
[INFO] [1733759430.717118194] [fibonacci_action_server]: Feedback: array('i', [0, 1, 1, 2, 3, 5, 8, 13, 21])
[INFO] [1733759431.218146779] [fibonacci_action_server]: Feedback: array('i', [0, 1, 1, 2, 3, 5, 8, 13, 21, 34])
[INFO] [1733759431.719587263] [fibonacci_action_server]: Feedback: array('i', [0, 1, 1, 2, 3, 5, 8, 13, 21, 34, 55])
[INFO] [1733759432.222990684] [fibonacci_action_server]: Executing goal...
[INFO] [1733759432.223347334] [fibonacci_action_server]: Feedback: array('i', [0, 1, 1])
[INFO] [1733759432.724393881] [fibonacci_action_server]: Feedback: array('i', [0, 1, 1, 2])
[INFO] [1733759433.225649826] [fibonacci_action_server]: Feedback: array('i', [0, 1, 1, 2, 3])
[INFO] [1733759433.727042555] [fibonacci_action_server]: Feedback: array('i', [0, 1, 1, 2, 3, 5])
[INFO] [1733759434.228515537] [fibonacci_action_server]: Feedback: array('i', [0, 1, 1, 2, 3, 5, 8])
[INFO] [1733759434.730092233] [fibonacci_action_server]: Feedback: array('i', [0, 1, 1, 2, 3, 5, 8, 13])
[INFO] [1733759435.231541924] [fibonacci_action_server]: Feedback: array('i', [0, 1, 1, 2, 3, 5, 8, 13, 21])
[INFO] [1733759435.732824368] [fibonacci_action_server]: Feedback: array('i', [0, 1, 1, 2, 3, 5, 8, 13, 21, 34])
[INFO] [1733759436.233799604] [fibonacci_action_server]: Feedback: array('i', [0, 1, 1, 2, 3, 5, 8, 13, 21, 34, 55])
[INFO] [1733759436.736903599] [fibonacci_action_server]: Executing goal...
[INFO] [1733759436.737272361] [fibonacci_action_server]: Feedback: array('i', [0, 1, 1])
[INFO] [1733759437.238040660] [fibonacci_action_server]: Feedback: array('i', [0, 1, 1, 2])
[INFO] [1733759437.739372481] [fibonacci_action_server]: Feedback: array('i', [0, 1, 1, 2, 3])
[INFO] [1733759438.240729577] [fibonacci_action_server]: Feedback: array('i', [0, 1, 1, 2, 3, 5])
[INFO] [1733759438.741760139] [fibonacci_action_server]: Feedback: array('i', [0, 1, 1, 2, 3, 5, 8])
[INFO] [1733759439.243091940] [fibonacci_action_server]: Feedback: array('i', [0, 1, 1, 2, 3, 5, 8, 13])
[INFO] [1733759439.744340995] [fibonacci_action_server]: Feedback: array('i', [0, 1, 1, 2, 3, 5, 8, 13, 21])
[INFO] [1733759440.245637943] [fibonacci_action_server]: Feedback: array('i', [0, 1, 1, 2, 3, 5, 8, 13, 21, 34])
[INFO] [1733759440.747040867] [fibonacci_action_server]: Feedback: array('i', [0, 1, 1, 2, 3, 5, 8, 13, 21, 34, 55])
[INFO] [1733759441.250248436] [fibonacci_action_server]: Executing goal...
[INFO] [1733759441.250650208] [fibonacci_action_server]: Feedback: array('i', [0, 1, 1])
[INFO] [1733759441.751979001] [fibonacci_action_server]: Feedback: array('i', [0, 1, 1, 2])
[INFO] [1733759442.253579700] [fibonacci_action_server]: Feedback: array('i', [0, 1, 1, 2, 3])
[INFO] [1733759442.754900155] [fibonacci_action_server]: Feedback: array('i', [0, 1, 1, 2, 3, 5])
[INFO] [1733759443.256526517] [fibonacci_action_server]: Feedback: array('i', [0, 1, 1, 2, 3, 5, 8])
[INFO] [1733759443.758166441] [fibonacci_action_server]: Feedback: array('i', [0, 1, 1, 2, 3, 5, 8, 13])
[INFO] [1733759444.259530075] [fibonacci_action_server]: Feedback: array('i', [0, 1, 1, 2, 3, 5, 8, 13, 21])
[INFO] [1733759444.760944604] [fibonacci_action_server]: Feedback: array('i', [0, 1, 1, 2, 3, 5, 8, 13, 21, 34])
[INFO] [1733759445.262175525] [fibonacci_action_server]: Feedback: array('i', [0, 1, 1, 2, 3, 5, 8, 13, 21, 34, 55])
[INFO] [1733759445.764872782] [fibonacci_action_server]: Executing goal...
[INFO] [1733759445.765338256] [fibonacci_action_server]: Feedback: array('i', [0, 1, 1])
[INFO] [1733759446.266943876] [fibonacci_action_server]: Feedback: array('i', [0, 1, 1, 2])
[INFO] [1733759446.768450966] [fibonacci_action_server]: Feedback: array('i', [0, 1, 1, 2, 3])
[INFO] [1733759447.269908332] [fibonacci_action_server]: Feedback: array('i', [0, 1, 1, 2, 3, 5])
[INFO] [1733759447.771178546] [fibonacci_action_server]: Feedback: array('i', [0, 1, 1, 2, 3, 5, 8])
[INFO] [1733759448.272295823] [fibonacci_action_server]: Feedback: array('i', [0, 1, 1, 2, 3, 5, 8, 13])
[INFO] [1733759448.773640185] [fibonacci_action_server]: Feedback: array('i', [0, 1, 1, 2, 3, 5, 8, 13, 21])
[INFO] [1733759449.275138806] [fibonacci_action_server]: Feedback: array('i', [0, 1, 1, 2, 3, 5, 8, 13, 21, 34])
[INFO] [1733759449.776791578] [fibonacci_action_server]: Feedback: array('i', [0, 1, 1, 2, 3, 5, 8, 13, 21, 34, 55])
[INFO] [1733759450.280633943] [fibonacci_action_server]: Executing goal...
[INFO] [1733759450.281272109] [fibonacci_action_server]: Feedback: array('i', [0, 1, 1])
[INFO] [1733759450.782468714] [fibonacci_action_server]: Feedback: array('i', [0, 1, 1, 2])
[INFO] [1733759451.283684781] [fibonacci_action_server]: Feedback: array('i', [0, 1, 1, 2, 3])
[INFO] [1733759451.785188133] [fibonacci_action_server]: Feedback: array('i', [0, 1, 1, 2, 3, 5])
[INFO] [1733759452.286427257] [fibonacci_action_server]: Feedback: array('i', [0, 1, 1, 2, 3, 5, 8])
[INFO] [1733759452.788024431] [fibonacci_action_server]: Feedback: array('i', [0, 1, 1, 2, 3, 5, 8, 13])
[INFO] [1733759453.289381070] [fibonacci_action_server]: Feedback: array('i', [0, 1, 1, 2, 3, 5, 8, 13, 21])
[INFO] [1733759453.790794025] [fibonacci_action_server]: Feedback: array('i', [0, 1, 1, 2, 3, 5, 8, 13, 21, 34])
[INFO] [1733759454.292331188] [fibonacci_action_server]: Feedback: array('i', [0, 1, 1, 2, 3, 5, 8, 13, 21, 34, 55])
[INFO] [1733759454.795551251] [fibonacci_action_server]: Executing goal...
[INFO] [1733759454.796010854] [fibonacci_action_server]: Feedback: array('i', [0, 1, 1])
[INFO] [1733759455.297361850] [fibonacci_action_server]: Feedback: array('i', [0, 1, 1, 2])
[INFO] [1733759455.799003272] [fibonacci_action_server]: Feedback: array('i', [0, 1, 1, 2, 3])
[INFO] [1733759456.300419222] [fibonacci_action_server]: Feedback: array('i', [0, 1, 1, 2, 3, 5])
[INFO] [1733759456.801656926] [fibonacci_action_server]: Feedback: array('i', [0, 1, 1, 2, 3, 5, 8])
[INFO] [1733759457.303016795] [fibonacci_action_server]: Feedback: array('i', [0, 1, 1, 2, 3, 5, 8, 13])
[INFO] [1733759457.804327245] [fibonacci_action_server]: Feedback: array('i', [0, 1, 1, 2, 3, 5, 8, 13, 21])
[INFO] [1733759458.305534981] [fibonacci_action_server]: Feedback: array('i', [0, 1, 1, 2, 3, 5, 8, 13, 21, 34])
[INFO] [1733759458.806899090] [fibonacci_action_server]: Feedback: array('i', [0, 1, 1, 2, 3, 5, 8, 13, 21, 34, 55])
[INFO] [1733759459.310717091] [fibonacci_action_server]: Executing goal...
[INFO] [1733759459.311337593] [fibonacci_action_server]: Feedback: array('i', [0, 1, 1])
[INFO] [1733759459.812519230] [fibonacci_action_server]: Feedback: array('i', [0, 1, 1, 2])
[INFO] [1733759460.314001047] [fibonacci_action_server]: Feedback: array('i', [0, 1, 1, 2, 3])
[INFO] [1733759460.815478500] [fibonacci_action_server]: Feedback: array('i', [0, 1, 1, 2, 3, 5])
[INFO] [1733759461.316940797] [fibonacci_action_server]: Feedback: array('i', [0, 1, 1, 2, 3, 5, 8])
[INFO] [1733759461.817986000] [fibonacci_action_server]: Feedback: array('i', [0, 1, 1, 2, 3, 5, 8, 13])
[INFO] [1733759462.319446687] [fibonacci_action_server]: Feedback: array('i', [0, 1, 1, 2, 3, 5, 8, 13, 21])
[INFO] [1733759462.820938856] [fibonacci_action_server]: Feedback: array('i', [0, 1, 1, 2, 3, 5, 8, 13, 21, 34])
[INFO] [1733759463.322414536] [fibonacci_action_server]: Feedback: array('i', [0, 1, 1, 2, 3, 5, 8, 13, 21, 34, 55])
[INFO] [1733759463.825858333] [fibonacci_action_server]: Executing goal...
[INFO] [1733759463.826472318] [fibonacci_action_server]: Feedback: array('i', [0, 1, 1])
[INFO] [1733759464.327856017] [fibonacci_action_server]: Feedback: array('i', [0, 1, 1, 2])
[INFO] [1733759464.829403661] [fibonacci_action_server]: Feedback: array('i', [0, 1, 1, 2, 3])
[INFO] [1733759465.330645091] [fibonacci_action_server]: Feedback: array('i', [0, 1, 1, 2, 3, 5])
[INFO] [1733759465.832115727] [fibonacci_action_server]: Feedback: array('i', [0, 1, 1, 2, 3, 5, 8])
[INFO] [1733759466.333685184] [fibonacci_action_server]: Feedback: array('i', [0, 1, 1, 2, 3, 5, 8, 13])
[INFO] [1733759466.835121996] [fibonacci_action_server]: Feedback: array('i', [0, 1, 1, 2, 3, 5, 8, 13, 21])
[INFO] [1733759467.336329867] [fibonacci_action_server]: Feedback: array('i', [0, 1, 1, 2, 3, 5, 8, 13, 21, 34])
[INFO] [1733759467.837475109] [fibonacci_action_server]: Feedback: array('i', [0, 1, 1, 2, 3, 5, 8, 13, 21, 34, 55])
[INFO] [1733759468.340047118] [fibonacci_action_server]: Executing goal...
[INFO] [1733759468.340436046] [fibonacci_action_server]: Feedback: array('i', [0, 1, 1])
[INFO] [1733759468.841931905] [fibonacci_action_server]: Feedback: array('i', [0, 1, 1, 2])
[INFO] [1733759469.343395979] [fibonacci_action_server]: Feedback: array('i', [0, 1, 1, 2, 3])
[INFO] [1733759469.844948720] [fibonacci_action_server]: Feedback: array('i', [0, 1, 1, 2, 3, 5])
[INFO] [1733759470.346161348] [fibonacci_action_server]: Feedback: array('i', [0, 1, 1, 2, 3, 5, 8])
[INFO] [1733759470.847612807] [fibonacci_action_server]: Feedback: array('i', [0, 1, 1, 2, 3, 5, 8, 13])
[INFO] [1733759471.348951316] [fibonacci_action_server]: Feedback: array('i', [0, 1, 1, 2, 3, 5, 8, 13, 21])
[INFO] [1733759471.850177640] [fibonacci_action_server]: Feedback: array('i', [0, 1, 1, 2, 3, 5, 8, 13, 21, 34])
[INFO] [1733759472.351679841] [fibonacci_action_server]: Feedback: array('i', [0, 1, 1, 2, 3, 5, 8, 13, 21, 34, 55])
[INFO] [1733759472.855013904] [fibonacci_action_server]: Executing goal...
[INFO] [1733759472.855433841] [fibonacci_action_server]: Feedback: array('i', [0, 1, 1])
[INFO] [1733759473.356782817] [fibonacci_action_server]: Feedback: array('i', [0, 1, 1, 2])
[INFO] [1733759473.857999608] [fibonacci_action_server]: Feedback: array('i', [0, 1, 1, 2, 3])
[INFO] [1733759474.359485855] [fibonacci_action_server]: Feedback: array('i', [0, 1, 1, 2, 3, 5])
[INFO] [1733759474.860669162] [fibonacci_action_server]: Feedback: array('i', [0, 1, 1, 2, 3, 5, 8])
[INFO] [1733759475.362237898] [fibonacci_action_server]: Feedback: array('i', [0, 1, 1, 2, 3, 5, 8, 13])
[INFO] [1733759475.863808340] [fibonacci_action_server]: Feedback: array('i', [0, 1, 1, 2, 3, 5, 8, 13, 21])
[INFO] [1733759476.364954760] [fibonacci_action_server]: Feedback: array('i', [0, 1, 1, 2, 3, 5, 8, 13, 21, 34])
[INFO] [1733759476.865749940] [fibonacci_action_server]: Feedback: array('i', [0, 1, 1, 2, 3, 5, 8, 13, 21, 34, 55])
[INFO] [1733759477.369073087] [fibonacci_action_server]: Shutting down node...
RAPL is set
