[INFO] [1733819449.085595704] [fibonacci_action_server]: Received goal request with order 10
[INFO] [1733819449.086163090] [fibonacci_action_server]: Executing goal...
[INFO] [1733819449.086284874] [fibonacci_action_server]: Feedback: [1]
[INFO] [1733819450.086471356] [fibonacci_action_server]: Feedback: [2]
[INFO] [1733819451.086629292] [fibonacci_action_server]: Feedback: [3]
[INFO] [1733819452.086783969] [fibonacci_action_server]: Feedback: [5]
[INFO] [1733819453.087011707] [fibonacci_action_server]: Feedback: [8]
[INFO] [1733819454.087212791] [fibonacci_action_server]: Feedback: [13]
[INFO] [1733819455.087427699] [fibonacci_action_server]: Feedback: [21]
[INFO] [1733819456.087624785] [fibonacci_action_server]: Feedback: [34]
[INFO] [1733819457.087803893] [fibonacci_action_server]: Feedback: [55]
[INFO] [1733819458.088080633] [fibonacci_action_server]: Goal succeeded
[INFO] [1733819458.088440431] [fibonacci_action_server]: Received goal request with order 10
[INFO] [1733819458.088542004] [fibonacci_action_server]: Executing goal...
[INFO] [1733819458.088633178] [fibonacci_action_server]: Feedback: [1]
[INFO] [1733819459.088754650] [fibonacci_action_server]: Feedback: [2]
[INFO] [1733819460.088975102] [fibonacci_action_server]: Feedback: [3]
[INFO] [1733819461.089137219] [fibonacci_action_server]: Feedback: [5]
[INFO] [1733819462.089349129] [fibonacci_action_server]: Feedback: [8]
[INFO] [1733819463.089559327] [fibonacci_action_server]: Feedback: [13]
[INFO] [1733819464.089764701] [fibonacci_action_server]: Feedback: [21]
[INFO] [1733819465.089934382] [fibonacci_action_server]: Feedback: [34]
[INFO] [1733819466.090154051] [fibonacci_action_server]: Feedback: [55]
[INFO] [1733819467.090343611] [fibonacci_action_server]: Goal succeeded
[INFO] [1733819467.090689536] [fibonacci_action_server]: Received goal request with order 10
[INFO] [1733819467.090813756] [fibonacci_action_server]: Executing goal...
[INFO] [1733819467.090860248] [fibonacci_action_server]: Feedback: [1]
[INFO] [1733819468.090991958] [fibonacci_action_server]: Feedback: [2]
[INFO] [1733819469.091172839] [fibonacci_action_server]: Feedback: [3]
[INFO] [1733819470.091373893] [fibonacci_action_server]: Feedback: [5]
[INFO] [1733819471.091596633] [fibonacci_action_server]: Feedback: [8]
[INFO] [1733819472.091791750] [fibonacci_action_server]: Feedback: [13]
[INFO] [1733819473.091943859] [fibonacci_action_server]: Feedback: [21]
[INFO] [1733819474.092190926] [fibonacci_action_server]: Feedback: [34]
[INFO] [1733819475.092386945] [fibonacci_action_server]: Feedback: [55]
[INFO] [1733819476.092619438] [fibonacci_action_server]: Goal succeeded
[INFO] [1733819476.093040763] [fibonacci_action_server]: Received goal request with order 10
[INFO] [1733819476.093224389] [fibonacci_action_server]: Executing goal...
[INFO] [1733819476.093321583] [fibonacci_action_server]: Feedback: [1]
[INFO] [1733819477.093489904] [fibonacci_action_server]: Feedback: [2]
[INFO] [1733819478.093690633] [fibonacci_action_server]: Feedback: [3]
[INFO] [1733819479.093911359] [fibonacci_action_server]: Feedback: [5]
[INFO] [1733819480.094082178] [fibonacci_action_server]: Feedback: [8]
[INFO] [1733819481.094384686] [fibonacci_action_server]: Feedback: [13]
[INFO] [1733819482.094579291] [fibonacci_action_server]: Feedback: [21]
[INFO] [1733819483.094766170] [fibonacci_action_server]: Feedback: [34]
[INFO] [1733819484.095000500] [fibonacci_action_server]: Feedback: [55]
[INFO] [1733819485.095264808] [fibonacci_action_server]: Goal succeeded
[INFO] [1733819485.095564836] [fibonacci_action_server]: Received goal request with order 10
[INFO] [1733819485.095640881] [fibonacci_action_server]: Executing goal...
[INFO] [1733819485.095688089] [fibonacci_action_server]: Feedback: [1]
[INFO] [1733819486.095830474] [fibonacci_action_server]: Feedback: [2]
[INFO] [1733819487.096024583] [fibonacci_action_server]: Feedback: [3]
[INFO] [1733819488.096127619] [fibonacci_action_server]: Feedback: [5]
[INFO] [1733819489.096383083] [fibonacci_action_server]: Feedback: [8]
[INFO] [1733819490.096596981] [fibonacci_action_server]: Feedback: [13]
[INFO] [1733819491.096823743] [fibonacci_action_server]: Feedback: [21]
[INFO] [1733819492.097041154] [fibonacci_action_server]: Feedback: [34]
[INFO] [1733819493.097292820] [fibonacci_action_server]: Feedback: [55]
[INFO] [1733819494.097547810] [fibonacci_action_server]: Goal succeeded
[INFO] [1733819494.097959493] [fibonacci_action_server]: Received goal request with order 10
[INFO] [1733819494.098087468] [fibonacci_action_server]: Executing goal...
[INFO] [1733819494.098128822] [fibonacci_action_server]: Feedback: [1]
[INFO] [1733819495.098256517] [fibonacci_action_server]: Feedback: [2]
[INFO] [1733819496.098410478] [fibonacci_action_server]: Feedback: [3]
[INFO] [1733819497.098605487] [fibonacci_action_server]: Feedback: [5]
[INFO] [1733819498.098774584] [fibonacci_action_server]: Feedback: [8]
[INFO] [1733819499.098996960] [fibonacci_action_server]: Feedback: [13]
[INFO] [1733819500.099158047] [fibonacci_action_server]: Feedback: [21]
[INFO] [1733819501.099338567] [fibonacci_action_server]: Feedback: [34]
[INFO] [1733819502.099543869] [fibonacci_action_server]: Feedback: [55]
[INFO] [1733819503.099741309] [fibonacci_action_server]: Goal succeeded
[INFO] [1733819503.100118602] [fibonacci_action_server]: Received goal request with order 10
[INFO] [1733819503.100244243] [fibonacci_action_server]: Executing goal...
[INFO] [1733819503.100290712] [fibonacci_action_server]: Feedback: [1]
[INFO] [1733819504.100407641] [fibonacci_action_server]: Feedback: [2]
[INFO] [1733819505.100626143] [fibonacci_action_server]: Feedback: [3]
[INFO] [1733819506.100844491] [fibonacci_action_server]: Feedback: [5]
[INFO] [1733819507.101050978] [fibonacci_action_server]: Feedback: [8]
[INFO] [1733819508.101197918] [fibonacci_action_server]: Feedback: [13]
[INFO] [1733819509.101360042] [fibonacci_action_server]: Feedback: [21]
[INFO] [1733819510.101534143] [fibonacci_action_server]: Feedback: [34]
[INFO] [1733819511.101762879] [fibonacci_action_server]: Feedback: [55]
[INFO] [1733819512.101986344] [fibonacci_action_server]: Goal succeeded
[INFO] [1733819512.102287906] [fibonacci_action_server]: Received goal request with order 10
[INFO] [1733819512.102390184] [fibonacci_action_server]: Executing goal...
[INFO] [1733819512.102437807] [fibonacci_action_server]: Feedback: [1]
[INFO] [1733819513.102637599] [fibonacci_action_server]: Feedback: [2]
[INFO] [1733819514.102839742] [fibonacci_action_server]: Feedback: [3]
[INFO] [1733819515.103042643] [fibonacci_action_server]: Feedback: [5]
[INFO] [1733819516.103292136] [fibonacci_action_server]: Feedback: [8]
[INFO] [1733819517.103536411] [fibonacci_action_server]: Feedback: [13]
[INFO] [1733819518.103729509] [fibonacci_action_server]: Feedback: [21]
[INFO] [1733819519.103961328] [fibonacci_action_server]: Feedback: [34]
[INFO] [1733819520.104211758] [fibonacci_action_server]: Feedback: [55]
[INFO] [1733819521.104479776] [fibonacci_action_server]: Goal succeeded
[INFO] [1733819521.104787725] [fibonacci_action_server]: Received goal request with order 10
[INFO] [1733819521.104874606] [fibonacci_action_server]: Executing goal...
[INFO] [1733819521.104916045] [fibonacci_action_server]: Feedback: [1]
[INFO] [1733819522.105086453] [fibonacci_action_server]: Feedback: [2]
[INFO] [1733819523.105381358] [fibonacci_action_server]: Feedback: [3]
[INFO] [1733819524.105571816] [fibonacci_action_server]: Feedback: [5]
[INFO] [1733819525.105808657] [fibonacci_action_server]: Feedback: [8]
[INFO] [1733819526.106011478] [fibonacci_action_server]: Feedback: [13]
[INFO] [1733819527.106332470] [fibonacci_action_server]: Feedback: [21]
[INFO] [1733819528.106553129] [fibonacci_action_server]: Feedback: [34]
[INFO] [1733819529.106745158] [fibonacci_action_server]: Feedback: [55]
[INFO] [1733819530.106988248] [fibonacci_action_server]: Goal succeeded
[INFO] [1733819530.107336304] [fibonacci_action_server]: Received goal request with order 10
[INFO] [1733819530.107490220] [fibonacci_action_server]: Executing goal...
[INFO] [1733819530.107572865] [fibonacci_action_server]: Feedback: [1]
[INFO] [1733819531.107697026] [fibonacci_action_server]: Feedback: [2]
[INFO] [1733819532.107925232] [fibonacci_action_server]: Feedback: [3]
[INFO] [1733819533.108127041] [fibonacci_action_server]: Feedback: [5]
[INFO] [1733819534.108339072] [fibonacci_action_server]: Feedback: [8]
[INFO] [1733819535.108582163] [fibonacci_action_server]: Feedback: [13]
[INFO] [1733819536.108767280] [fibonacci_action_server]: Feedback: [21]
[INFO] [1733819537.108972262] [fibonacci_action_server]: Feedback: [34]
[INFO] [1733819538.109194892] [fibonacci_action_server]: Feedback: [55]
[INFO] [1733819539.109434197] [fibonacci_action_server]: Goal succeeded
[INFO] [1733819539.109800972] [fibonacci_action_server]: Received goal request with order 10
[INFO] [1733819539.109890378] [fibonacci_action_server]: Executing goal...
[INFO] [1733819539.109928400] [fibonacci_action_server]: Feedback: [1]
[INFO] [1733819540.110058097] [fibonacci_action_server]: Feedback: [2]
[INFO] [1733819541.110266745] [fibonacci_action_server]: Feedback: [3]
[INFO] [1733819542.110399832] [fibonacci_action_server]: Feedback: [5]
[INFO] [1733819543.110630773] [fibonacci_action_server]: Feedback: [8]
[INFO] [1733819544.110879617] [fibonacci_action_server]: Feedback: [13]
[INFO] [1733819545.111116992] [fibonacci_action_server]: Feedback: [21]
[INFO] [1733819546.111320225] [fibonacci_action_server]: Feedback: [34]
[INFO] [1733819547.111469358] [fibonacci_action_server]: Feedback: [55]
[INFO] [1733819548.111685308] [fibonacci_action_server]: Goal succeeded
[INFO] [1733819548.111934136] [fibonacci_action_server]: Received goal request with order 10
[INFO] [1733819548.112058617] [fibonacci_action_server]: Executing goal...
[INFO] [1733819548.112095454] [fibonacci_action_server]: Feedback: [1]
[INFO] [1733819549.112217168] [fibonacci_action_server]: Feedback: [2]
[INFO] [1733819550.112440858] [fibonacci_action_server]: Feedback: [3]
[INFO] [1733819551.112586504] [fibonacci_action_server]: Feedback: [5]
[INFO] [1733819552.112796926] [fibonacci_action_server]: Feedback: [8]
[INFO] [1733819553.113004228] [fibonacci_action_server]: Feedback: [13]
[INFO] [1733819554.113179750] [fibonacci_action_server]: Feedback: [21]
[INFO] [1733819555.113421456] [fibonacci_action_server]: Feedback: [34]
[INFO] [1733819556.113633906] [fibonacci_action_server]: Feedback: [55]
[INFO] [1733819557.113918589] [fibonacci_action_server]: Goal succeeded
[INFO] [1733819557.114249154] [fibonacci_action_server]: Received goal request with order 10
[INFO] [1733819557.114404629] [fibonacci_action_server]: Executing goal...
[INFO] [1733819557.114454503] [fibonacci_action_server]: Feedback: [1]
[INFO] [1733819558.114616899] [fibonacci_action_server]: Feedback: [2]
[INFO] [1733819559.114785334] [fibonacci_action_server]: Feedback: [3]
[INFO] [1733819560.114943802] [fibonacci_action_server]: Feedback: [5]
[INFO] [1733819561.115149507] [fibonacci_action_server]: Feedback: [8]
[INFO] [1733819562.115358586] [fibonacci_action_server]: Feedback: [13]
[INFO] [1733819563.115568712] [fibonacci_action_server]: Feedback: [21]
[INFO] [1733819564.115768227] [fibonacci_action_server]: Feedback: [34]
[INFO] [1733819565.115983446] [fibonacci_action_server]: Feedback: [55]
[INFO] [1733819566.116216987] [fibonacci_action_server]: Goal succeeded
[INFO] [1733819566.116572258] [fibonacci_action_server]: Received goal request with order 10
[INFO] [1733819566.116656595] [fibonacci_action_server]: Executing goal...
[INFO] [1733819566.116696574] [fibonacci_action_server]: Feedback: [1]
[INFO] [1733819567.116849643] [fibonacci_action_server]: Feedback: [2]
[INFO] [1733819568.117062351] [fibonacci_action_server]: Feedback: [3]
[INFO] [1733819569.117275245] [fibonacci_action_server]: Feedback: [5]
[INFO] [1733819570.117418475] [fibonacci_action_server]: Feedback: [8]
[INFO] [1733819571.117665471] [fibonacci_action_server]: Feedback: [13]
[INFO] [1733819572.117855122] [fibonacci_action_server]: Feedback: [21]
[INFO] [1733819573.118040069] [fibonacci_action_server]: Feedback: [34]
[INFO] [1733819574.118218037] [fibonacci_action_server]: Feedback: [55]
[INFO] [1733819575.118470554] [fibonacci_action_server]: Goal succeeded
[INFO] [1733819575.118826379] [fibonacci_action_server]: Received goal request with order 10
[INFO] [1733819575.118917540] [fibonacci_action_server]: Executing goal...
[INFO] [1733819575.118956715] [fibonacci_action_server]: Feedback: [1]
[INFO] [1733819576.119077019] [fibonacci_action_server]: Feedback: [2]
[INFO] [1733819577.119232646] [fibonacci_action_server]: Feedback: [3]
[INFO] [1733819578.119500114] [fibonacci_action_server]: Feedback: [5]
[INFO] [1733819579.119674810] [fibonacci_action_server]: Feedback: [8]
[INFO] [1733819580.119867185] [fibonacci_action_server]: Feedback: [13]
[INFO] [1733819581.120114443] [fibonacci_action_server]: Feedback: [21]
[INFO] [1733819582.120329285] [fibonacci_action_server]: Feedback: [34]
[INFO] [1733819583.120562557] [fibonacci_action_server]: Feedback: [55]
[INFO] [1733819584.120783754] [fibonacci_action_server]: Goal succeeded
[INFO] [1733819584.121175000] [fibonacci_action_server]: Received goal request with order 10
[INFO] [1733819584.121293231] [fibonacci_action_server]: Executing goal...
[INFO] [1733819584.121354750] [fibonacci_action_server]: Feedback: [1]
[INFO] [1733819585.121513388] [fibonacci_action_server]: Feedback: [2]
[INFO] [1733819586.121714258] [fibonacci_action_server]: Feedback: [3]
[INFO] [1733819587.121913821] [fibonacci_action_server]: Feedback: [5]
[INFO] [1733819588.122163329] [fibonacci_action_server]: Feedback: [8]
[INFO] [1733819589.122353820] [fibonacci_action_server]: Feedback: [13]
[INFO] [1733819590.122530303] [fibonacci_action_server]: Feedback: [21]
[INFO] [1733819591.122752885] [fibonacci_action_server]: Feedback: [34]
[INFO] [1733819592.123010458] [fibonacci_action_server]: Feedback: [55]
[INFO] [1733819593.123309167] [fibonacci_action_server]: Goal succeeded
[INFO] [1733819593.123671548] [fibonacci_action_server]: Received goal request with order 10
[INFO] [1733819593.123812795] [fibonacci_action_server]: Executing goal...
[INFO] [1733819593.123878076] [fibonacci_action_server]: Feedback: [1]
[INFO] [1733819594.124046391] [fibonacci_action_server]: Feedback: [2]
[INFO] [1733819595.124246139] [fibonacci_action_server]: Feedback: [3]
[INFO] [1733819596.124492796] [fibonacci_action_server]: Feedback: [5]
[INFO] [1733819597.124652358] [fibonacci_action_server]: Feedback: [8]
[INFO] [1733819598.124856409] [fibonacci_action_server]: Feedback: [13]
[INFO] [1733819599.125081965] [fibonacci_action_server]: Feedback: [21]
[INFO] [1733819600.125285342] [fibonacci_action_server]: Feedback: [34]
[INFO] [1733819601.125470100] [fibonacci_action_server]: Feedback: [55]
[INFO] [1733819602.125684911] [fibonacci_action_server]: Goal succeeded
[INFO] [1733819602.126077346] [fibonacci_action_server]: Received goal request with order 10
[INFO] [1733819602.126194862] [fibonacci_action_server]: Executing goal...
[INFO] [1733819602.126238437] [fibonacci_action_server]: Feedback: [1]
[INFO] [1733819603.126375744] [fibonacci_action_server]: Feedback: [2]
[INFO] [1733819604.126587586] [fibonacci_action_server]: Feedback: [3]
[INFO] [1733819605.126792584] [fibonacci_action_server]: Feedback: [5]
[INFO] [1733819606.126997884] [fibonacci_action_server]: Feedback: [8]
[INFO] [1733819607.127225827] [fibonacci_action_server]: Feedback: [13]
[INFO] [1733819608.127429777] [fibonacci_action_server]: Feedback: [21]
[INFO] [1733819609.127624107] [fibonacci_action_server]: Feedback: [34]
[INFO] [1733819610.127856106] [fibonacci_action_server]: Feedback: [55]
[INFO] [1733819611.128099336] [fibonacci_action_server]: Goal succeeded
[INFO] [1733819611.128363918] [fibonacci_action_server]: Received goal request with order 10
[INFO] [1733819611.128452988] [fibonacci_action_server]: Executing goal...
[INFO] [1733819611.128485025] [fibonacci_action_server]: Feedback: [1]
[INFO] [1733819612.128636854] [fibonacci_action_server]: Feedback: [2]
[INFO] [1733819613.128845678] [fibonacci_action_server]: Feedback: [3]
[INFO] [1733819614.129074717] [fibonacci_action_server]: Feedback: [5]
[INFO] [1733819615.129272178] [fibonacci_action_server]: Feedback: [8]
[INFO] [1733819616.129985416] [fibonacci_action_server]: Feedback: [13]
[INFO] [1733819617.130181075] [fibonacci_action_server]: Feedback: [21]
[INFO] [1733819618.130349130] [fibonacci_action_server]: Feedback: [34]
[INFO] [1733819619.130594100] [fibonacci_action_server]: Feedback: [55]
[INFO] [1733819620.130814473] [fibonacci_action_server]: Goal succeeded
[INFO] [1733819620.131961842] [fibonacci_action_server]: Received goal request with order 10
[INFO] [1733819620.132049627] [fibonacci_action_server]: Executing goal...
[INFO] [1733819620.132098773] [fibonacci_action_server]: Feedback: [1]
[INFO] [1733819621.132217360] [fibonacci_action_server]: Feedback: [2]
[INFO] [1733819622.132434694] [fibonacci_action_server]: Feedback: [3]
[INFO] [1733819623.132660367] [fibonacci_action_server]: Feedback: [5]
[INFO] [1733819624.132834161] [fibonacci_action_server]: Feedback: [8]
[INFO] [1733819625.133040667] [fibonacci_action_server]: Feedback: [13]
[INFO] [1733819626.133256068] [fibonacci_action_server]: Feedback: [21]
[INFO] [1733819627.133503223] [fibonacci_action_server]: Feedback: [34]
[INFO] [1733819628.133700742] [fibonacci_action_server]: Feedback: [55]
[INFO] [1733819629.011793631] [fibonacci_action_server]: Timeout reached, shutting down node...
RAPL is set
