[INFO] [1734000730.319094089] [minimal_client_async]: Result of add_two_ints: for 10 + 10 = 20
[INFO] [1734000731.817135060] [minimal_client_async]: Result of add_two_ints: for 10 + 10 = 20
[INFO] [1734000863.810076389] [minimal_client_async]: Result of add_two_ints: for 10 + 10 = 20
[INFO] [1734000864.311618564] [minimal_client_async]: Result of add_two_ints: for 10 + 10 = 20
[INFO] [1734000864.813798129] [minimal_client_async]: Result of add_two_ints: for 10 + 10 = 20
[INFO] [1734000908.308578109] [minimal_client_async]: Timeout reached. Stopping client.
RAPL is set
] [1734000863.308323220] [minimal_client_async]: Result of add_two_ints: for 10 + 10 = 20
[INFO] [1734000908.299079359] [minimal_client_async]: Timeout reached. Stopping client.
RAPL is not set
734000735.330089972] [minimal_client_async]: Result of add_two_ints: for 10 + 10 = 20
[INFO] [1734000735.832012281] [minimal_client_async]: Result of add_two_ints: for 10 + 10 = 20
[INFO] [1734000736.333982890] [minimal_client_async]: Result of add_two_ints: for 10 + 10 = 20
[INFO] [1734000736.835762133] [minimal_client_async]: Result of add_two_ints: for 10 + 10 = 20
[INFO] [1734000737.337691783] [minimal_client_async]: Result of add_two_ints: for 10 + 10 = 20
[INFO] [1734000737.839628062] [minimal_client_async]: Result of add_two_ints: for 10 + 10 = 20
[INFO] [1734000738.341701141] [minimal_client_async]: Result of add_two_ints: for 10 + 10 = 20
[INFO] [1734000738.843392764] [minimal_client_async]: Result of add_two_ints: for 10 + 10 = 20
[INFO] [1734000739.344958862] [minimal_client_async]: Result of add_two_ints: for 10 + 10 = 20
[INFO] [1734000739.846607605] [minimal_client_async]: Result of add_two_ints: for 10 + 10 = 20
[INFO] [1734000740.347956760] [minimal_client_async]: Result of add_two_ints: for 10 + 10 = 20
[INFO] [1734000740.849951578] [minimal_client_async]: Result of add_two_ints: for 10 + 10 = 20
[INFO] [1734000741.351947387] [minimal_client_async]: Result of add_two_ints: for 10 + 10 = 20
[INFO] [1734000741.854117964] [minimal_client_async]: Result of add_two_ints: for 10 + 10 = 20
[INFO] [1734000742.355909980] [minimal_client_async]: Result of add_two_ints: for 10 + 10 = 20
[INFO] [1734000742.858100234] [minimal_client_async]: Result of add_two_ints: for 10 + 10 = 20
[INFO] [1734000743.359698162] [minimal_client_async]: Result of add_two_ints: for 10 + 10 = 20
[INFO] [1734000743.862010057] [minimal_client_async]: Result of add_two_ints: for 10 + 10 = 20
[INFO] [1734000744.363949153] [minimal_client_async]: Result of add_two_ints: for 10 + 10 = 20
[INFO] [1734000744.866132024] [minimal_client_async]: Result of add_two_ints: for 10 + 10 = 20
[INFO] [1734000745.368021985] [minimal_client_async]: Result of add_two_ints: for 10 + 10 = 20
[INFO] [1734000745.869941165] [minimal_client_async]: Result of add_two_ints: for 10 + 10 = 20
[INFO] [1734000746.371828004] [minimal_client_async]: Result of add_two_ints: for 10 + 10 = 20
[INFO] [1734000746.873614590] [minimal_client_async]: Result of add_two_ints: for 10 + 10 = 20
[INFO] [1734000747.375482984] [minimal_client_async]: Result of add_two_ints: for 10 + 10 = 20
[INFO] [1734000747.877528229] [minimal_client_async]: Result of add_two_ints: for 10 + 10 = 20
[INFO] [1734000748.379307730] [minimal_client_async]: Result of add_two_ints: for 10 + 10 = 20
[INFO] [1734000748.881363580] [minimal_client_async]: Result of add_two_ints: for 10 + 10 = 20
[INFO] [1734000749.383069303] [minimal_client_async]: Result of add_two_ints: for 10 + 10 = 20
[INFO] [1734000749.884768529] [minimal_client_async]: Result of add_two_ints: for 10 + 10 = 20
[INFO] [1734000750.385645016] [minimal_client_async]: Result of add_two_ints: for 10 + 10 = 20
[INFO] [1734000750.887792162] [minimal_client_async]: Result of add_two_ints: for 10 + 10 = 20
[INFO] [1734000751.389754993] [minimal_client_async]: Result of add_two_ints: for 10 + 10 = 20
[INFO] [1734000751.891673073] [minimal_client_async]: Result of add_two_ints: for 10 + 10 = 20
[INFO] [1734000752.393655291] [minimal_client_async]: Result of add_two_ints: for 10 + 10 = 20
[INFO] [1734000752.895572179] [minimal_client_async]: Result of add_two_ints: for 10 + 10 = 20
[INFO] [1734000753.396928515] [minimal_client_async]: Result of add_two_ints: for 10 + 10 = 20
[INFO] [1734000753.898619018] [minimal_client_async]: Result of add_two_ints: for 10 + 10 = 20
[INFO] [1734000754.400720255] [minimal_client_async]: Result of add_two_ints: for 10 + 10 = 20
[INFO] [1734000754.902773362] [minimal_client_async]: Result of add_two_ints: for 10 + 10 = 20
[INFO] [1734000755.404621187] [minimal_client_async]: Result of add_two_ints: for 10 + 10 = 20
[INFO] [1734000755.906891555] [minimal_client_async]: Result of add_two_ints: for 10 + 10 = 20
[INFO] [1734000756.409004501] [minimal_client_async]: Result of add_two_ints: for 10 + 10 = 20
[INFO] [1734000756.910845687] [minimal_client_async]: Result of add_two_ints: for 10 + 10 = 20
[INFO] [1734000757.413100010] [minimal_client_async]: Result of add_two_ints: for 10 + 10 = 20
[INFO] [1734000757.915046123] [minimal_client_async]: Result of add_two_ints: for 10 + 10 = 20
[INFO] [1734000758.417001918] [minimal_client_async]: Result of add_two_ints: for 10 + 10 = 20
[INFO] [1734000758.918225210] [minimal_client_async]: Result of add_two_ints: for 10 + 10 = 20
[INFO] [1734000759.419948933] [minimal_client_async]: Result of add_two_ints: for 10 + 10 = 20
[INFO] [1734000759.921722227] [minimal_client_async]: Result of add_two_ints: for 10 + 10 = 20
[INFO] [1734000760.423369493] [minimal_client_async]: Result of add_two_ints: for 10 + 10 = 20
[INFO] [1734000760.925360304] [minimal_client_async]: Result of add_two_ints: for 10 + 10 = 20
[INFO] [1734000761.427351275] [minimal_client_async]: Result of add_two_ints: for 10 + 10 = 20
[INFO] [1734000761.929260575] [minimal_client_async]: Result of add_two_ints: for 10 + 10 = 20
[INFO] [1734000762.431151645] [minimal_client_async]: Result of add_two_ints: for 10 + 10 = 20
[INFO] [1734000762.933206449] [minimal_client_async]: Result of add_two_ints: for 10 + 10 = 20
[INFO] [1734000763.435009606] [minimal_client_async]: Result of add_two_ints: for 10 + 10 = 20
[INFO] [1734000763.936763158] [minimal_client_async]: Result of add_two_ints: for 10 + 10 = 20
[INFO] [1734000764.438454045] [minimal_client_async]: Result of add_two_ints: for 10 + 10 = 20
[INFO] [1734000764.940511027] [minimal_client_async]: Result of add_two_ints: for 10 + 10 = 20
[INFO] [1734000765.442324589] [minimal_client_async]: Result of add_two_ints: for 10 + 10 = 20
[INFO] [1734000765.944277662] [minimal_client_async]: Result of add_two_ints: for 10 + 10 = 20
[INFO] [1734000766.446213110] [minimal_client_async]: Result of add_two_ints: for 10 + 10 = 20
[INFO] [1734000766.948162259] [minimal_client_async]: Result of add_two_ints: for 10 + 10 = 20
[INFO] [1734000767.449935477] [minimal_client_async]: Result of add_two_ints: for 10 + 10 = 20
[INFO] [1734000767.951874647] [minimal_client_async]: Result of add_two_ints: for 10 + 10 = 20
[INFO] [1734000768.454017669] [minimal_client_async]: Result of add_two_ints: for 10 + 10 = 20
[INFO] [1734000768.956084722] [minimal_client_async]: Result of add_two_ints: for 10 + 10 = 20
[INFO] [1734000769.457926684] [minimal_client_async]: Result of add_two_ints: for 10 + 10 = 20
[INFO] [1734000769.959351822] [minimal_client_async]: Result of add_two_ints: for 10 + 10 = 20
[INFO] [1734000770.461040492] [minimal_client_async]: Result of add_two_ints: for 10 + 10 = 20
[INFO] [1734000770.963184462] [minimal_client_async]: Result of add_two_ints: for 10 + 10 = 20
[INFO] [1734000771.465378634] [minimal_client_async]: Result of add_two_ints: for 10 + 10 = 20
[INFO] [1734000771.967479622] [minimal_client_async]: Result of add_two_ints: for 10 + 10 = 20
[INFO] [1734000772.469405864] [minimal_client_async]: Result of add_two_ints: for 10 + 10 = 20
[INFO] [1734000772.971332234] [minimal_client_async]: Result of add_two_ints: for 10 + 10 = 20
[INFO] [1734000773.473463523] [minimal_client_async]: Result of add_two_ints: for 10 + 10 = 20
[INFO] [1734000773.975305168] [minimal_client_async]: Result of add_two_ints: for 10 + 10 = 20
[INFO] [1734000774.477302526] [minimal_client_async]: Result of add_two_ints: for 10 + 10 = 20
[INFO] [1734000774.979423578] [minimal_client_async]: Result of add_two_ints: for 10 + 10 = 20
[INFO] [1734000775.481326697] [minimal_client_async]: Result of add_two_ints: for 10 + 10 = 20
[INFO] [1734000775.983479303] [minimal_client_async]: Result of add_two_ints: for 10 + 10 = 20
[INFO] [1734000776.485416054] [minimal_client_async]: Result of add_two_ints: for 10 + 10 = 20
[INFO] [1734000776.987158244] [minimal_client_async]: Result of add_two_ints: for 10 + 10 = 20
[INFO] [1734000777.489158147] [minimal_client_async]: Result of add_two_ints: for 10 + 10 = 20
[INFO] [1734000777.991217611] [minimal_client_async]: Result of add_two_ints: for 10 + 10 = 20
[INFO] [1734000778.493479337] [minimal_client_async]: Result of add_two_ints: for 10 + 10 = 20
[INFO] [1734000778.995461670] [minimal_client_async]: Result of add_two_ints: for 10 + 10 = 20
[INFO] [1734000779.496891375] [minimal_client_async]: Result of add_two_ints: for 10 + 10 = 20
[INFO] [1734000779.998627984] [minimal_client_async]: Result of add_two_ints: for 10 + 10 = 20
[INFO] [1734000780.499921255] [minimal_client_async]: Result of add_two_ints: for 10 + 10 = 20
[INFO] [1734000781.002312268] [minimal_client_async]: Result of add_two_ints: for 10 + 10 = 20
[INFO] [1734000781.504032890] [minimal_client_async]: Result of add_two_ints: for 10 + 10 = 20
[INFO] [1734000782.005845989] [minimal_client_async]: Result of add_two_ints: for 10 + 10 = 20
[INFO] [1734000782.507675934] [minimal_client_async]: Result of add_two_ints: for 10 + 10 = 20
[INFO] [1734000783.009886646] [minimal_client_async]: Result of add_two_ints: for 10 + 10 = 20
[INFO] [1734000783.511655765] [minimal_client_async]: Result of add_two_ints: for 10 + 10 = 20
[INFO] [1734000784.013657410] [minimal_client_async]: Result of add_two_ints: for 10 + 10 = 20
[INFO] [1734000784.515365186] [minimal_client_async]: Result of add_two_ints: for 10 + 10 = 20
[INFO] [1734000785.017280522] [minimal_client_async]: Result of add_two_ints: for 10 + 10 = 20
[INFO] [1734000785.519125315] [minimal_client_async]: Result of add_two_ints: for 10 + 10 = 20
[INFO] [1734000786.021084813] [minimal_client_async]: Result of add_two_ints: for 10 + 10 = 20
[INFO] [1734000786.522785962] [minimal_client_async]: Result of add_two_ints: for 10 + 10 = 20
[INFO] [1734000787.024704153] [minimal_client_async]: Result of add_two_ints: for 10 + 10 = 20
[INFO] [1734000787.526164978] [minimal_client_async]: Result of add_two_ints: for 10 + 10 = 20
[INFO] [1734000788.028187910] [minimal_client_async]: Result of add_two_ints: for 10 + 10 = 20
[INFO] [1734000788.529801653] [minimal_client_async]: Result of add_two_ints: for 10 + 10 = 20
[INFO] [1734000789.031712410] [minimal_client_async]: Result of add_two_ints: for 10 + 10 = 20
[INFO] [1734000789.533327105] [minimal_client_async]: Result of add_two_ints: for 10 + 10 = 20
[INFO] [1734000790.035022381] [minimal_client_async]: Result of add_two_ints: for 10 + 10 = 20
[INFO] [1734000790.536905747] [minimal_client_async]: Result of add_two_ints: for 10 + 10 = 20
[INFO] [1734000791.038292271] [minimal_client_async]: Result of add_two_ints: for 10 + 10 = 20
[INFO] [1734000791.540174122] [minimal_client_async]: Result of add_two_ints: for 10 + 10 = 20
[INFO] [1734000792.042270493] [minimal_client_async]: Result of add_two_ints: for 10 + 10 = 20
[INFO] [1734000792.544174259] [minimal_client_async]: Result of add_two_ints: for 10 + 10 = 20
[INFO] [1734000793.046164964] [minimal_client_async]: Result of add_two_ints: for 10 + 10 = 20
[INFO] [1734000793.548131255] [minimal_client_async]: Result of add_two_ints: for 10 + 10 = 20
[INFO] [1734000794.049877348] [minimal_client_async]: Result of add_two_ints: for 10 + 10 = 20
[INFO] [1734000794.551703969] [minimal_client_async]: Result of add_two_ints: for 10 + 10 = 20
[INFO] [1734000795.053825746] [minimal_client_async]: Result of add_two_ints: for 10 + 10 = 20
[INFO] [1734000795.555875806] [minimal_client_async]: Result of add_two_ints: for 10 + 10 = 20
[INFO] [1734000796.058038953] [minimal_client_async]: Result of add_two_ints: for 10 + 10 = 20
[INFO] [1734000796.559991425] [minimal_client_async]: Result of add_two_ints: for 10 + 10 = 20
[INFO] [1734000797.062137050] [minimal_client_async]: Result of add_two_ints: for 10 + 10 = 20
[INFO] [1734000797.563941713] [minimal_client_async]: Result of add_two_ints: for 10 + 10 = 20
[INFO] [1734000798.065998551] [minimal_client_async]: Result of add_two_ints: for 10 + 10 = 20
[INFO] [1734000798.568029556] [minimal_client_async]: Result of add_two_ints: for 10 + 10 = 20
[INFO] [1734000799.070087489] [minimal_client_async]: Result of add_two_ints: for 10 + 10 = 20
[INFO] [1734000799.571927938] [minimal_client_async]: Result of add_two_ints: for 10 + 10 = 20
[INFO] [1734000800.073969893] [minimal_client_async]: Result of add_two_ints: for 10 + 10 = 20
[INFO] [1734000800.575176774] [minimal_client_async]: Result of add_two_ints: for 10 + 10 = 20
[INFO] [1734000801.076919217] [minimal_client_async]: Result of add_two_ints: for 10 + 10 = 20
[INFO] [1734000801.579067055] [minimal_client_async]: Result of add_two_ints: for 10 + 10 = 20
[INFO] [1734000802.081129632] [minimal_client_async]: Result of add_two_ints: for 10 + 10 = 20
[INFO] [1734000802.583160122] [minimal_client_async]: Result of add_two_ints: for 10 + 10 = 20
[INFO] [1734000803.085225506] [minimal_client_async]: Result of add_two_ints: for 10 + 10 = 20
[INFO] [1734000803.587008485] [minimal_client_async]: Result of add_two_ints: for 10 + 10 = 20
[INFO] [1734000804.089174904] [minimal_client_async]: Result of add_two_ints: for 10 + 10 = 20
[INFO] [1734000804.590596669] [minimal_client_async]: Result of add_two_ints: for 10 + 10 = 20
[INFO] [1734000805.092634235] [minimal_client_async]: Result of add_two_ints: for 10 + 10 = 20
[INFO] [1734000805.594765007] [minimal_client_async]: Result of add_two_ints: for 10 + 10 = 20
[INFO] [1734000806.096766334] [minimal_client_async]: Result of add_two_ints: for 10 + 10 = 20
[INFO] [1734000806.598234676] [minimal_client_async]: Result of add_two_ints: for 10 + 10 = 20
[INFO] [1734000807.100243840] [minimal_client_async]: Result of add_two_ints: for 10 + 10 = 20
[INFO] [1734000807.602177789] [minimal_client_async]: Result of add_two_ints: for 10 + 10 = 20
[INFO] [1734000808.104134971] [minimal_client_async]: Result of add_two_ints: for 10 + 10 = 20
[INFO] [1734000808.606142389] [minimal_client_async]: Result of add_two_ints: for 10 + 10 = 20
[INFO] [1734000809.107977912] [minimal_client_async]: Result of add_two_ints: for 10 + 10 = 20
[INFO] [1734000809.609931536] [minimal_client_async]: Result of add_two_ints: for 10 + 10 = 20
[INFO] [1734000810.111518074] [minimal_client_async]: Result of add_two_ints: for 10 + 10 = 20
[INFO] [1734000810.613352377] [minimal_client_async]: Result of add_two_ints: for 10 + 10 = 20
[INFO] [1734000811.115618361] [minimal_client_async]: Result of add_two_ints: for 10 + 10 = 20
[INFO] [1734000811.617693309] [minimal_client_async]: Result of add_two_ints: for 10 + 10 = 20
[INFO] [1734000812.119643526] [minimal_client_async]: Result of add_two_ints: for 10 + 10 = 20
[INFO] [1734000812.622044408] [minimal_client_async]: Result of add_two_ints: for 10 + 10 = 20
[INFO] [1734000813.124001211] [minimal_client_async]: Result of add_two_ints: for 10 + 10 = 20
[INFO] [1734000813.626228351] [minimal_client_async]: Result of add_two_ints: for 10 + 10 = 20
[INFO] [1734000814.128004745] [minimal_client_async]: Result of add_two_ints: for 10 + 10 = 20
[INFO] [1734000814.630030274] [minimal_client_async]: Result of add_two_ints: for 10 + 10 = 20
[INFO] [1734000815.132110302] [minimal_client_async]: Result of add_two_ints: for 10 + 10 = 20
[INFO] [1734000815.634243451] [minimal_client_async]: Result of add_two_ints: for 10 + 10 = 20
[INFO] [1734000816.136188685] [minimal_client_async]: Result of add_two_ints: for 10 + 10 = 20
[INFO] [1734000816.638252707] [minimal_client_async]: Result of add_two_ints: for 10 + 10 = 20
[INFO] [1734000817.140181887] [minimal_client_async]: Result of add_two_ints: for 10 + 10 = 20
[INFO] [1734000817.642432095] [minimal_client_async]: Result of add_two_ints: for 10 + 10 = 20
[INFO] [1734000818.144538149] [minimal_client_async]: Result of add_two_ints: for 10 + 10 = 20
[INFO] [1734000818.646696918] [minimal_client_async]: Result of add_two_ints: for 10 + 10 = 20
[INFO] [1734000819.148585434] [minimal_client_async]: Result of add_two_ints: for 10 + 10 = 20
[INFO] [1734000819.650309419] [minimal_client_async]: Result of add_two_ints: for 10 + 10 = 20
[INFO] [1734000820.152066260] [minimal_client_async]: Result of add_two_ints: for 10 + 10 = 20
[INFO] [1734000820.653801729] [minimal_client_async]: Result of add_two_ints: for 10 + 10 = 20
[INFO] [1734000821.155326525] [minimal_client_async]: Result of add_two_ints: for 10 + 10 = 20
[INFO] [1734000821.657041989] [minimal_client_async]: Result of add_two_ints: for 10 + 10 = 20
[INFO] [1734000822.158801836] [minimal_client_async]: Result of add_two_ints: for 10 + 10 = 20
[INFO] [1734000822.660500058] [minimal_client_async]: Result of add_two_ints: for 10 + 10 = 20
[INFO] [1734000823.162551382] [minimal_client_async]: Result of add_two_ints: for 10 + 10 = 20
[INFO] [1734000823.664667967] [minimal_client_async]: Result of add_two_ints: for 10 + 10 = 20
[INFO] [1734000824.166315990] [minimal_client_async]: Result of add_two_ints: for 10 + 10 = 20
[INFO] [1734000824.668117383] [minimal_client_async]: Result of add_two_ints: for 10 + 10 = 20
[INFO] [1734000825.170226427] [minimal_client_async]: Result of add_two_ints: for 10 + 10 = 20
[INFO] [1734000825.672321261] [minimal_client_async]: Result of add_two_ints: for 10 + 10 = 20
[INFO] [1734000826.174247690] [minimal_client_async]: Result of add_two_ints: for 10 + 10 = 20
[INFO] [1734000826.676215448] [minimal_client_async]: Result of add_two_ints: for 10 + 10 = 20
[INFO] [1734000827.177924550] [minimal_client_async]: Result of add_two_ints: for 10 + 10 = 20
[INFO] [1734000827.679744525] [minimal_client_async]: Result of add_two_ints: for 10 + 10 = 20
[INFO] [1734000828.181442778] [minimal_client_async]: Result of add_two_ints: for 10 + 10 = 20
[INFO] [1734000828.683532836] [minimal_client_async]: Result of add_two_ints: for 10 + 10 = 20
[INFO] [1734000829.185534923] [minimal_client_async]: Result of add_two_ints: for 10 + 10 = 20
[INFO] [1734000829.687498518] [minimal_client_async]: Result of add_two_ints: for 10 + 10 = 20
[INFO] [1734000830.189333758] [minimal_client_async]: Result of add_two_ints: for 10 + 10 = 20
[INFO] [1734000830.691259917] [minimal_client_async]: Result of add_two_ints: for 10 + 10 = 20
[INFO] [1734000831.192671153] [minimal_client_async]: Result of add_two_ints: for 10 + 10 = 20
[INFO] [1734000831.694221159] [minimal_client_async]: Result of add_two_ints: for 10 + 10 = 20
[INFO] [1734000832.196129192] [minimal_client_async]: Result of add_two_ints: for 10 + 10 = 20
[INFO] [1734000832.698344642] [minimal_client_async]: Result of add_two_ints: for 10 + 10 = 20
[INFO] [1734000833.200289227] [minimal_client_async]: Result of add_two_ints: for 10 + 10 = 20
[INFO] [1734000833.702285064] [minimal_client_async]: Result of add_two_ints: for 10 + 10 = 20
[INFO] [1734000834.204208543] [minimal_client_async]: Result of add_two_ints: for 10 + 10 = 20
[INFO] [1734000834.706346849] [minimal_client_async]: Result of add_two_ints: for 10 + 10 = 20
[INFO] [1734000835.207904227] [minimal_client_async]: Result of add_two_ints: for 10 + 10 = 20
[INFO] [1734000835.709220152] [minimal_client_async]: Result of add_two_ints: for 10 + 10 = 20
[INFO] [1734000836.211105282] [minimal_client_async]: Result of add_two_ints: for 10 + 10 = 20
[INFO] [1734000836.713107665] [minimal_client_async]: Result of add_two_ints: for 10 + 10 = 20
[INFO] [1734000837.214341088] [minimal_client_async]: Result of add_two_ints: for 10 + 10 = 20
[INFO] [1734000837.716287981] [minimal_client_async]: Result of add_two_ints: for 10 + 10 = 20
[INFO] [1734000838.218219414] [minimal_client_async]: Result of add_two_ints: for 10 + 10 = 20
[INFO] [1734000838.719711112] [minimal_client_async]: Result of add_two_ints: for 10 + 10 = 20
[INFO] [1734000839.221717963] [minimal_client_async]: Result of add_two_ints: for 10 + 10 = 20
[INFO] [1734000839.723638452] [minimal_client_async]: Result of add_two_ints: for 10 + 10 = 20
[INFO] [1734000840.225602474] [minimal_client_async]: Result of add_two_ints: for 10 + 10 = 20
[INFO] [1734000840.727227626] [minimal_client_async]: Result of add_two_ints: for 10 + 10 = 20
[INFO] [1734000841.228887696] [minimal_client_async]: Result of add_two_ints: for 10 + 10 = 20
[INFO] [1734000841.729790032] [minimal_client_async]: Result of add_two_ints: for 10 + 10 = 20
[INFO] [1734000842.231757731] [minimal_client_async]: Result of add_two_ints: for 10 + 10 = 20
[INFO] [1734000842.733842541] [minimal_client_async]: Result of add_two_ints: for 10 + 10 = 20
[INFO] [1734000843.235756296] [minimal_client_async]: Result of add_two_ints: for 10 + 10 = 20
[INFO] [1734000843.737457480] [minimal_client_async]: Result of add_two_ints: for 10 + 10 = 20
[INFO] [1734000844.239248388] [minimal_client_async]: Result of add_two_ints: for 10 + 10 = 20
[INFO] [1734000844.741293153] [minimal_client_async]: Result of add_two_ints: for 10 + 10 = 20
[INFO] [1734000845.242909914] [minimal_client_async]: Result of add_two_ints: for 10 + 10 = 20
[INFO] [1734000845.745092961] [minimal_client_async]: Result of add_two_ints: for 10 + 10 = 20
[INFO] [1734000846.247076985] [minimal_client_async]: Result of add_two_ints: for 10 + 10 = 20
[INFO] [1734000846.749065216] [minimal_client_async]: Result of add_two_ints: for 10 + 10 = 20
[INFO] [1734000847.250894570] [minimal_client_async]: Result of add_two_ints: for 10 + 10 = 20
[INFO] [1734000847.752972790] [minimal_client_async]: Result of add_two_ints: for 10 + 10 = 20
[INFO] [1734000848.253999090] [minimal_client_async]: Result of add_two_ints: for 10 + 10 = 20
[INFO] [1734000848.756082658] [minimal_client_async]: Result of add_two_ints: for 10 + 10 = 20
[INFO] [1734000849.258072826] [minimal_client_async]: Result of add_two_ints: for 10 + 10 = 20
[INFO] [1734000849.760071834] [minimal_client_async]: Result of add_two_ints: for 10 + 10 = 20
[INFO] [1734000850.261426347] [minimal_client_async]: Result of add_two_ints: for 10 + 10 = 20
[INFO] [1734000850.763066766] [minimal_client_async]: Result of add_two_ints: for 10 + 10 = 20
[INFO] [1734000851.264918046] [minimal_client_async]: Result of add_two_ints: for 10 + 10 = 20
[INFO] [1734000851.766265070] [minimal_client_async]: Result of add_two_ints: for 10 + 10 = 20
[INFO] [1734000852.268239114] [minimal_client_async]: Result of add_two_ints: for 10 + 10 = 20
[INFO] [1734000852.770322087] [minimal_client_async]: Result of add_two_ints: for 10 + 10 = 20
[INFO] [1734000853.272187783] [minimal_client_async]: Result of add_two_ints: for 10 + 10 = 20
[INFO] [1734000853.774278897] [minimal_client_async]: Result of add_two_ints: for 10 + 10 = 20
[INFO] [1734000854.276255214] [minimal_client_async]: Result of add_two_ints: for 10 + 10 = 20
[INFO] [1734000854.778265654] [minimal_client_async]: Result of add_two_ints: for 10 + 10 = 20
[INFO] [1734000855.279999349] [minimal_client_async]: Result of add_two_ints: for 10 + 10 = 20
[INFO] [1734000855.781957509] [minimal_client_async]: Result of add_two_ints: for 10 + 10 = 20
[INFO] [1734000856.283737866] [minimal_client_async]: Result of add_two_ints: for 10 + 10 = 20
[INFO] [1734000856.785827088] [minimal_client_async]: Result of add_two_ints: for 10 + 10 = 20
[INFO] [1734000857.287727715] [minimal_client_async]: Result of add_two_ints: for 10 + 10 = 20
[INFO] [1734000857.789895061] [minimal_client_async]: Result of add_two_ints: for 10 + 10 = 20
[INFO] [1734000858.291863913] [minimal_client_async]: Result of add_two_ints: for 10 + 10 = 20
[INFO] [1734000858.793912497] [minimal_client_async]: Result of add_two_ints: for 10 + 10 = 20
[INFO] [1734000859.295566481] [minimal_client_async]: Result of add_two_ints: for 10 + 10 = 20
[INFO] [1734000859.797577319] [minimal_client_async]: Result of add_two_ints: for 10 + 10 = 20
[INFO] [1734000860.299370603] [minimal_client_async]: Result of add_two_ints: for 10 + 10 = 20
[INFO] [1734000860.800808191] [minimal_client_async]: Result of add_two_ints: for 10 + 10 = 20
[INFO] [1734000865.315265106] [minimal_client_async]: Result of add_two_ints: for 10 + 10 = 20
[INFO] [1734000865.817230069] [minimal_client_async]: Result of add_two_ints: for 10 + 10 = 20
[INFO] [1734000866.318577071] [minimal_client_async]: Result of add_two_ints: for 10 + 10 = 20
[INFO] [1734000866.820588773] [minimal_client_async]: Result of add_two_ints: for 10 + 10 = 20
[INFO] [1734000867.322343442] [minimal_client_async]: Result of add_two_ints: for 10 + 10 = 20
[INFO] [1734000867.824166403] [minimal_client_async]: Result of add_two_ints: for 10 + 10 = 20
[INFO] [1734000868.326338560] [minimal_client_async]: Result of add_two_ints: for 10 + 10 = 20
[INFO] [1734000868.828254989] [minimal_client_async]: Result of add_two_ints: for 10 + 10 = 20
[INFO] [1734000869.329998220] [minimal_client_async]: Result of add_two_ints: for 10 + 10 = 20
[INFO] [1734000869.832188571] [minimal_client_async]: Result of add_two_ints: for 10 + 10 = 20
[INFO] [1734000870.334171740] [minimal_client_async]: Result of add_two_ints: for 10 + 10 = 20
[INFO] [1734000870.836211940] [minimal_client_async]: Result of add_two_ints: for 10 + 10 = 20
[INFO] [1734000871.337877709] [minimal_client_async]: Result of add_two_ints: for 10 + 10 = 20
[INFO] [1734000871.839541468] [minimal_client_async]: Result of add_two_ints: for 10 + 10 = 20
[INFO] [1734000872.341887946] [minimal_client_async]: Result of add_two_ints: for 10 + 10 = 20
[INFO] [1734000872.843787087] [minimal_client_async]: Result of add_two_ints: for 10 + 10 = 20
[INFO] [1734000873.345804556] [minimal_client_async]: Result of add_two_ints: for 10 + 10 = 20
[INFO] [1734000873.847781352] [minimal_client_async]: Result of add_two_ints: for 10 + 10 = 20
[INFO] [1734000874.349837428] [minimal_client_async]: Result of add_two_ints: for 10 + 10 = 20
[INFO] [1734000874.851798965] [minimal_client_async]: Result of add_two_ints: for 10 + 10 = 20
[INFO] [1734000875.353610508] [minimal_client_async]: Result of add_two_ints: for 10 + 10 = 20
[INFO] [1734000875.855521364] [minimal_client_async]: Result of add_two_ints: for 10 + 10 = 20
[INFO] [1734000876.357702745] [minimal_client_async]: Result of add_two_ints: for 10 + 10 = 20
[INFO] [1734000876.859710843] [minimal_client_async]: Result of add_two_ints: for 10 + 10 = 20
[INFO] [1734000877.361780911] [minimal_client_async]: Result of add_two_ints: for 10 + 10 = 20
[INFO] [1734000877.863967967] [minimal_client_async]: Result of add_two_ints: for 10 + 10 = 20
[INFO] [1734000878.365589734] [minimal_client_async]: Result of add_two_ints: for 10 + 10 = 20
[INFO] [1734000878.867430896] [minimal_client_async]: Result of add_two_ints: for 10 + 10 = 20
[INFO] [1734000879.369249452] [minimal_client_async]: Result of add_two_ints: for 10 + 10 = 20
[INFO] [1734000879.871089872] [minimal_client_async]: Result of add_two_ints: for 10 + 10 = 20
[INFO] [1734000880.373097186] [minimal_client_async]: Result of add_two_ints: for 10 + 10 = 20
[INFO] [1734000880.875039483] [minimal_client_async]: Result of add_two_ints: for 10 + 10 = 20
[INFO] [1734000881.376716824] [minimal_client_async]: Result of add_two_ints: for 10 + 10 = 20
[INFO] [1734000881.877910262] [minimal_client_async]: Result of add_two_ints: for 10 + 10 = 20
[INFO] [1734000882.379784608] [minimal_client_async]: Result of add_two_ints: for 10 + 10 = 20
[INFO] [1734000882.881674515] [minimal_client_async]: Result of add_two_ints: for 10 + 10 = 20
[INFO] [1734000883.383651663] [minimal_client_async]: Result of add_two_ints: for 10 + 10 = 20
[INFO] [1734000883.885150616] [minimal_client_async]: Result of add_two_ints: for 10 + 10 = 20
[INFO] [1734000884.386346090] [minimal_client_async]: Result of add_two_ints: for 10 + 10 = 20
[INFO] [1734000884.887989099] [minimal_client_async]: Result of add_two_ints: for 10 + 10 = 20
[INFO] [1734000885.389910492] [minimal_client_async]: Result of add_two_ints: for 10 + 10 = 20
[INFO] [1734000885.891739741] [minimal_client_async]: Result of add_two_ints: for 10 + 10 = 20
[INFO] [1734000886.393812309] [minimal_client_async]: Result of add_two_ints: for 10 + 10 = 20
[INFO] [1734000886.895678142] [minimal_client_async]: Result of add_two_ints: for 10 + 10 = 20
[INFO] [1734000887.397663072] [minimal_client_async]: Result of add_two_ints: for 10 + 10 = 20
[INFO] [1734000887.899484430] [minimal_client_async]: Result of add_two_ints: for 10 + 10 = 20
[INFO] [1734000888.401068605] [minimal_client_async]: Result of add_two_ints: for 10 + 10 = 20
[INFO] [1734000888.902975308] [minimal_client_async]: Result of add_two_ints: for 10 + 10 = 20
[INFO] [1734000889.404911546] [minimal_client_async]: Result of add_two_ints: for 10 + 10 = 20
[INFO] [1734000889.906247581] [minimal_client_async]: Result of add_two_ints: for 10 + 10 = 20
[INFO] [1734000890.408156921] [minimal_client_async]: Result of add_two_ints: for 10 + 10 = 20
[INFO] [1734000890.911369494] [minimal_client_async]: Result of add_two_ints: for 10 + 10 = 20
[INFO] [1734000891.413160107] [minimal_client_async]: Result of add_two_ints: for 10 + 10 = 20
[INFO] [1734000891.915035073] [minimal_client_async]: Result of add_two_ints: for 10 + 10 = 20
[INFO] [1734000892.416836218] [minimal_client_async]: Result of add_two_ints: for 10 + 10 = 20
[INFO] [1734000892.918731813] [minimal_client_async]: Result of add_two_ints: for 10 + 10 = 20
[INFO] [1734000893.420733660] [minimal_client_async]: Result of add_two_ints: for 10 + 10 = 20
[INFO] [1734000893.921880991] [minimal_client_async]: Result of add_two_ints: for 10 + 10 = 20
[INFO] [1734000894.423824887] [minimal_client_async]: Result of add_two_ints: for 10 + 10 = 20
[INFO] [1734000894.926014041] [minimal_client_async]: Result of add_two_ints: for 10 + 10 = 20
[INFO] [1734000895.427874677] [minimal_client_async]: Result of add_two_ints: for 10 + 10 = 20
[INFO] [1734000895.929728482] [minimal_client_async]: Result of add_two_ints: for 10 + 10 = 20
[INFO] [1734000896.431884405] [minimal_client_async]: Result of add_two_ints: for 10 + 10 = 20
[INFO] [1734000896.933963737] [minimal_client_async]: Result of add_two_ints: for 10 + 10 = 20
[INFO] [1734000897.435882462] [minimal_client_async]: Result of add_two_ints: for 10 + 10 = 20
[INFO] [1734000897.937981924] [minimal_client_async]: Result of add_two_ints: for 10 + 10 = 20
[INFO] [1734000898.439809405] [minimal_client_async]: Result of add_two_ints: for 10 + 10 = 20
[INFO] [1734000898.941657798] [minimal_client_async]: Result of add_two_ints: for 10 + 10 = 20
[INFO] [1734000899.443558417] [minimal_client_async]: Result of add_two_ints: for 10 + 10 = 20
[INFO] [1734000899.945657458] [minimal_client_async]: Result of add_two_ints: for 10 + 10 = 20
[INFO] [1734000900.447514752] [minimal_client_async]: Result of add_two_ints: for 10 + 10 = 20
[INFO] [1734000900.949520199] [minimal_client_async]: Result of add_two_ints: for 10 + 10 = 20
[INFO] [1734000901.451154211] [minimal_client_async]: Result of add_two_ints: for 10 + 10 = 20
[INFO] [1734000901.953152553] [minimal_client_async]: Result of add_two_ints: for 10 + 10 = 20
[INFO] [1734000902.454576164] [minimal_client_async]: Result of add_two_ints: for 10 + 10 = 20
[INFO] [1734000902.956805306] [minimal_client_async]: Result of add_two_ints: for 10 + 10 = 20
[INFO] [1734000903.458301858] [minimal_client_async]: Result of add_two_ints: for 10 + 10 = 20
[INFO] [1734000903.960323968] [minimal_client_async]: Result of add_two_ints: for 10 + 10 = 20
[INFO] [1734000904.462298347] [minimal_client_async]: Result of add_two_ints: for 10 + 10 = 20
[INFO] [1734000904.964369135] [minimal_client_async]: Result of add_two_ints: for 10 + 10 = 20
[INFO] [1734000905.465777355] [minimal_client_async]: Result of add_two_ints: for 10 + 10 = 20
[INFO] [1734000905.967826301] [minimal_client_async]: Result of add_two_ints: for 10 + 10 = 20
[INFO] [1734000906.469797512] [minimal_client_async]: Result of add_two_ints: for 10 + 10 = 20
[INFO] [1734000906.971848353] [minimal_client_async]: Result of add_two_ints: for 10 + 10 = 20
[INFO] [1734000907.473797359] [minimal_client_async]: Result of add_two_ints: for 10 + 10 = 20
[INFO] [1734000907.975760717] [minimal_client_async]: Result of add_two_ints: for 10 + 10 = 20
[INFO] [1734000908.313502109] [minimal_client_async]: Timeout reached. Stopping client.
RAPL is not set
