[INFO] [1733939431.664469338] [fibonacci_action_server]: Received goal request with order 10
[INFO] [1733939431.664934058] [fibonacci_action_server]: Executing goal...
[INFO] [1733939431.665075996] [fibonacci_action_server]: Feedback: [1]
[INFO] [1733939432.165520770] [fibonacci_action_server]: Feedback: [2]
[INFO] [1733939432.666010340] [fibonacci_action_server]: Feedback: [3]
[INFO] [1733939433.166441138] [fibonacci_action_server]: Feedback: [5]
[INFO] [1733939433.666713578] [fibonacci_action_server]: Feedback: [8]
[INFO] [1733939434.167096112] [fibonacci_action_server]: Feedback: [13]
[INFO] [1733939434.667450090] [fibonacci_action_server]: Feedback: [21]
[INFO] [1733939435.167677628] [fibonacci_action_server]: Feedback: [34]
[INFO] [1733939435.667878555] [fibonacci_action_server]: Feedback: [55]
[INFO] [1733939436.168343872] [fibonacci_action_server]: Goal succeeded
[INFO] [1733939436.379422585] [fibonacci_action_server]: Received goal request with order 10
[INFO] [1733939436.379587955] [fibonacci_action_server]: Executing goal...
[INFO] [1733939436.379712962] [fibonacci_action_server]: Feedback: [1]
[INFO] [1733939436.879904129] [fibonacci_action_server]: Feedback: [2]
[INFO] [1733939437.380304924] [fibonacci_action_server]: Feedback: [3]
[INFO] [1733939437.880593826] [fibonacci_action_server]: Feedback: [5]
[INFO] [1733939438.380806679] [fibonacci_action_server]: Feedback: [8]
[INFO] [1733939438.881133122] [fibonacci_action_server]: Feedback: [13]
[INFO] [1733939439.381380431] [fibonacci_action_server]: Feedback: [21]
[INFO] [1733939439.881815501] [fibonacci_action_server]: Feedback: [34]
[INFO] [1733939440.381984935] [fibonacci_action_server]: Feedback: [55]
[INFO] [1733939440.882598930] [fibonacci_action_server]: Goal succeeded
[INFO] [1733939441.103898052] [fibonacci_action_server]: Received goal request with order 10
[INFO] [1733939441.104005832] [fibonacci_action_server]: Executing goal...
[INFO] [1733939441.104059177] [fibonacci_action_server]: Feedback: [1]
[INFO] [1733939441.604226184] [fibonacci_action_server]: Feedback: [2]
[INFO] [1733939442.104539898] [fibonacci_action_server]: Feedback: [3]
[INFO] [1733939442.604982588] [fibonacci_action_server]: Feedback: [5]
[INFO] [1733939443.105287484] [fibonacci_action_server]: Feedback: [8]
[INFO] [1733939443.605564262] [fibonacci_action_server]: Feedback: [13]
[INFO] [1733939444.105733693] [fibonacci_action_server]: Feedback: [21]
[INFO] [1733939444.605895570] [fibonacci_action_server]: Feedback: [34]
[INFO] [1733939445.106121183] [fibonacci_action_server]: Feedback: [55]
[INFO] [1733939445.606496707] [fibonacci_action_server]: Goal succeeded
[INFO] [1733939445.817706699] [fibonacci_action_server]: Received goal request with order 10
[INFO] [1733939445.817846359] [fibonacci_action_server]: Executing goal...
[INFO] [1733939445.817904315] [fibonacci_action_server]: Feedback: [1]
[INFO] [1733939446.318184665] [fibonacci_action_server]: Feedback: [2]
[INFO] [1733939446.818613390] [fibonacci_action_server]: Feedback: [3]
[INFO] [1733939447.318963885] [fibonacci_action_server]: Feedback: [5]
[INFO] [1733939447.819536858] [fibonacci_action_server]: Feedback: [8]
[INFO] [1733939448.319768587] [fibonacci_action_server]: Feedback: [13]
[INFO] [1733939448.819975228] [fibonacci_action_server]: Feedback: [21]
[INFO] [1733939449.320126965] [fibonacci_action_server]: Feedback: [34]
[INFO] [1733939449.820450466] [fibonacci_action_server]: Feedback: [55]
[INFO] [1733939450.320754213] [fibonacci_action_server]: Goal succeeded
[INFO] [1733939450.532492911] [fibonacci_action_server]: Received goal request with order 10
[INFO] [1733939450.532649551] [fibonacci_action_server]: Executing goal...
[INFO] [1733939450.532698024] [fibonacci_action_server]: Feedback: [1]
[INFO] [1733939451.033007880] [fibonacci_action_server]: Feedback: [2]
[INFO] [1733939451.533204942] [fibonacci_action_server]: Feedback: [3]
[INFO] [1733939452.033423955] [fibonacci_action_server]: Feedback: [5]
[INFO] [1733939452.533613261] [fibonacci_action_server]: Feedback: [8]
[INFO] [1733939453.039724645] [fibonacci_action_server]: Feedback: [13]
[INFO] [1733939453.540131360] [fibonacci_action_server]: Feedback: [21]
[INFO] [1733939454.040346812] [fibonacci_action_server]: Feedback: [34]
[INFO] [1733939454.540634100] [fibonacci_action_server]: Feedback: [55]
[INFO] [1733939455.040864617] [fibonacci_action_server]: Goal succeeded
[INFO] [1733939455.247476558] [fibonacci_action_server]: Received goal request with order 10
[INFO] [1733939455.247619431] [fibonacci_action_server]: Executing goal...
[INFO] [1733939455.247731160] [fibonacci_action_server]: Feedback: [1]
[INFO] [1733939455.748247581] [fibonacci_action_server]: Feedback: [2]
[INFO] [1733939456.248690327] [fibonacci_action_server]: Feedback: [3]
[INFO] [1733939456.749008285] [fibonacci_action_server]: Feedback: [5]
[INFO] [1733939457.249334137] [fibonacci_action_server]: Feedback: [8]
[INFO] [1733939457.749725185] [fibonacci_action_server]: Feedback: [13]
[INFO] [1733939458.250084304] [fibonacci_action_server]: Feedback: [21]
[INFO] [1733939458.750528227] [fibonacci_action_server]: Feedback: [34]
[INFO] [1733939459.250986555] [fibonacci_action_server]: Feedback: [55]
[INFO] [1733939459.751802910] [fibonacci_action_server]: Goal succeeded
[INFO] [1733939459.962103056] [fibonacci_action_server]: Received goal request with order 10
[INFO] [1733939459.962252983] [fibonacci_action_server]: Executing goal...
[INFO] [1733939459.962311898] [fibonacci_action_server]: Feedback: [1]
[INFO] [1733939460.462492282] [fibonacci_action_server]: Feedback: [2]
[INFO] [1733939460.962683257] [fibonacci_action_server]: Feedback: [3]
[INFO] [1733939461.463029733] [fibonacci_action_server]: Feedback: [5]
[INFO] [1733939461.963264978] [fibonacci_action_server]: Feedback: [8]
[INFO] [1733939462.463485121] [fibonacci_action_server]: Feedback: [13]
[INFO] [1733939462.963704027] [fibonacci_action_server]: Feedback: [21]
[INFO] [1733939463.463913908] [fibonacci_action_server]: Feedback: [34]
[INFO] [1733939463.964112958] [fibonacci_action_server]: Feedback: [55]
[INFO] [1733939464.464522253] [fibonacci_action_server]: Goal succeeded
[INFO] [1733939464.676819682] [fibonacci_action_server]: Received goal request with order 10
[INFO] [1733939464.676937767] [fibonacci_action_server]: Executing goal...
[INFO] [1733939464.677000388] [fibonacci_action_server]: Feedback: [1]
[INFO] [1733939465.177412832] [fibonacci_action_server]: Feedback: [2]
[INFO] [1733939465.677928036] [fibonacci_action_server]: Feedback: [3]
[INFO] [1733939466.178265164] [fibonacci_action_server]: Feedback: [5]
[INFO] [1733939466.678479993] [fibonacci_action_server]: Feedback: [8]
[INFO] [1733939467.178714276] [fibonacci_action_server]: Feedback: [13]
[INFO] [1733939467.678925403] [fibonacci_action_server]: Feedback: [21]
[INFO] [1733939468.179433695] [fibonacci_action_server]: Feedback: [34]
[INFO] [1733939468.679916955] [fibonacci_action_server]: Feedback: [55]
[INFO] [1733939469.180306623] [fibonacci_action_server]: Goal succeeded
[INFO] [1733939469.392845505] [fibonacci_action_server]: Received goal request with order 10
[INFO] [1733939469.392970256] [fibonacci_action_server]: Executing goal...
[INFO] [1733939469.393023688] [fibonacci_action_server]: Feedback: [1]
[INFO] [1733939469.893296659] [fibonacci_action_server]: Feedback: [2]
[INFO] [1733939470.393487602] [fibonacci_action_server]: Feedback: [3]
[INFO] [1733939470.893834638] [fibonacci_action_server]: Feedback: [5]
[INFO] [1733939471.394036225] [fibonacci_action_server]: Feedback: [8]
[INFO] [1733939471.894361115] [fibonacci_action_server]: Feedback: [13]
[INFO] [1733939472.394573157] [fibonacci_action_server]: Feedback: [21]
[INFO] [1733939472.894828332] [fibonacci_action_server]: Feedback: [34]
[INFO] [1733939473.395282409] [fibonacci_action_server]: Feedback: [55]
[INFO] [1733939473.895474318] [fibonacci_action_server]: Goal succeeded
[INFO] [1733939474.107001560] [fibonacci_action_server]: Received goal request with order 10
[INFO] [1733939474.107238604] [fibonacci_action_server]: Executing goal...
[INFO] [1733939474.107340794] [fibonacci_action_server]: Feedback: [1]
[INFO] [1733939474.607545941] [fibonacci_action_server]: Feedback: [2]
[INFO] [1733939475.107736470] [fibonacci_action_server]: Feedback: [3]
[INFO] [1733939475.607910800] [fibonacci_action_server]: Feedback: [5]
[INFO] [1733939476.108090102] [fibonacci_action_server]: Feedback: [8]
[INFO] [1733939476.608377447] [fibonacci_action_server]: Feedback: [13]
[INFO] [1733939477.108561055] [fibonacci_action_server]: Feedback: [21]
[INFO] [1733939477.608910884] [fibonacci_action_server]: Feedback: [34]
[INFO] [1733939478.109309715] [fibonacci_action_server]: Feedback: [55]
[INFO] [1733939478.609710627] [fibonacci_action_server]: Goal succeeded
[INFO] [1733939478.820920978] [fibonacci_action_server]: Received goal request with order 10
[INFO] [1733939478.821133762] [fibonacci_action_server]: Executing goal...
[INFO] [1733939478.821189915] [fibonacci_action_server]: Feedback: [1]
[INFO] [1733939479.321428226] [fibonacci_action_server]: Feedback: [2]
[INFO] [1733939479.821769268] [fibonacci_action_server]: Feedback: [3]
[INFO] [1733939480.322003893] [fibonacci_action_server]: Feedback: [5]
[INFO] [1733939480.822472846] [fibonacci_action_server]: Feedback: [8]
[INFO] [1733939481.322961643] [fibonacci_action_server]: Feedback: [13]
[INFO] [1733939481.823313780] [fibonacci_action_server]: Feedback: [21]
[INFO] [1733939482.323631979] [fibonacci_action_server]: Feedback: [34]
[INFO] [1733939482.823793318] [fibonacci_action_server]: Feedback: [55]
[INFO] [1733939483.324045977] [fibonacci_action_server]: Goal succeeded
[INFO] [1733939483.536239012] [fibonacci_action_server]: Received goal request with order 10
[INFO] [1733939483.536345470] [fibonacci_action_server]: Executing goal...
[INFO] [1733939483.536395292] [fibonacci_action_server]: Feedback: [1]
[INFO] [1733939484.036514728] [fibonacci_action_server]: Feedback: [2]
[INFO] [1733939484.536846552] [fibonacci_action_server]: Feedback: [3]
[INFO] [1733939485.037074709] [fibonacci_action_server]: Feedback: [5]
[INFO] [1733939485.537356466] [fibonacci_action_server]: Feedback: [8]
[INFO] [1733939486.037656037] [fibonacci_action_server]: Feedback: [13]
[INFO] [1733939486.538071446] [fibonacci_action_server]: Feedback: [21]
[INFO] [1733939487.038386436] [fibonacci_action_server]: Feedback: [34]
[INFO] [1733939487.538622355] [fibonacci_action_server]: Feedback: [55]
[INFO] [1733939488.038855089] [fibonacci_action_server]: Goal succeeded
[INFO] [1733939488.252106840] [fibonacci_action_server]: Received goal request with order 10
[INFO] [1733939488.252304697] [fibonacci_action_server]: Executing goal...
[INFO] [1733939488.252383074] [fibonacci_action_server]: Feedback: [1]
[INFO] [1733939488.752677244] [fibonacci_action_server]: Feedback: [2]
[INFO] [1733939489.253011823] [fibonacci_action_server]: Feedback: [3]
[INFO] [1733939489.753461374] [fibonacci_action_server]: Feedback: [5]
[INFO] [1733939490.253806428] [fibonacci_action_server]: Feedback: [8]
[INFO] [1733939490.754011531] [fibonacci_action_server]: Feedback: [13]
[INFO] [1733939491.254181768] [fibonacci_action_server]: Feedback: [21]
[INFO] [1733939491.754384199] [fibonacci_action_server]: Feedback: [34]
[INFO] [1733939492.254536953] [fibonacci_action_server]: Feedback: [55]
[INFO] [1733939492.754781792] [fibonacci_action_server]: Goal succeeded
[INFO] [1733939492.966510617] [fibonacci_action_server]: Received goal request with order 10
[INFO] [1733939492.966722764] [fibonacci_action_server]: Executing goal...
[INFO] [1733939492.966773125] [fibonacci_action_server]: Feedback: [1]
[INFO] [1733939493.467047299] [fibonacci_action_server]: Feedback: [2]
[INFO] [1733939493.967259910] [fibonacci_action_server]: Feedback: [3]
[INFO] [1733939494.467604148] [fibonacci_action_server]: Feedback: [5]
[INFO] [1733939494.967825347] [fibonacci_action_server]: Feedback: [8]
[INFO] [1733939495.468083384] [fibonacci_action_server]: Feedback: [13]
[INFO] [1733939495.968350616] [fibonacci_action_server]: Feedback: [21]
[INFO] [1733939496.468583401] [fibonacci_action_server]: Feedback: [34]
[INFO] [1733939496.968799516] [fibonacci_action_server]: Feedback: [55]
[INFO] [1733939497.469153405] [fibonacci_action_server]: Goal succeeded
[INFO] [1733939497.681708268] [fibonacci_action_server]: Received goal request with order 10
[INFO] [1733939497.681888038] [fibonacci_action_server]: Executing goal...
[INFO] [1733939497.681975496] [fibonacci_action_server]: Feedback: [1]
[INFO] [1733939498.182160645] [fibonacci_action_server]: Feedback: [2]
[INFO] [1733939498.682645359] [fibonacci_action_server]: Feedback: [3]
[INFO] [1733939499.182959093] [fibonacci_action_server]: Feedback: [5]
[INFO] [1733939499.683438581] [fibonacci_action_server]: Feedback: [8]
[INFO] [1733939500.183811914] [fibonacci_action_server]: Feedback: [13]
[INFO] [1733939500.683977469] [fibonacci_action_server]: Feedback: [21]
[INFO] [1733939501.184200160] [fibonacci_action_server]: Feedback: [34]
[INFO] [1733939501.684422139] [fibonacci_action_server]: Feedback: [55]
[INFO] [1733939502.184797637] [fibonacci_action_server]: Goal succeeded
[INFO] [1733939502.397047546] [fibonacci_action_server]: Received goal request with order 10
[INFO] [1733939502.397228018] [fibonacci_action_server]: Executing goal...
[INFO] [1733939502.397341153] [fibonacci_action_server]: Feedback: [1]
[INFO] [1733939502.897672301] [fibonacci_action_server]: Feedback: [2]
[INFO] [1733939503.398150919] [fibonacci_action_server]: Feedback: [3]
[INFO] [1733939503.898358338] [fibonacci_action_server]: Feedback: [5]
[INFO] [1733939504.398576655] [fibonacci_action_server]: Feedback: [8]
[INFO] [1733939504.898770382] [fibonacci_action_server]: Feedback: [13]
[INFO] [1733939505.399133339] [fibonacci_action_server]: Feedback: [21]
[INFO] [1733939505.899501774] [fibonacci_action_server]: Feedback: [34]
[INFO] [1733939506.399807362] [fibonacci_action_server]: Feedback: [55]
[INFO] [1733939506.900139904] [fibonacci_action_server]: Goal succeeded
[INFO] [1733939507.111454060] [fibonacci_action_server]: Received goal request with order 10
[INFO] [1733939507.111667069] [fibonacci_action_server]: Executing goal...
[INFO] [1733939507.111782458] [fibonacci_action_server]: Feedback: [1]
[INFO] [1733939507.611923766] [fibonacci_action_server]: Feedback: [2]
[INFO] [1733939508.112143697] [fibonacci_action_server]: Feedback: [3]
[INFO] [1733939508.612351750] [fibonacci_action_server]: Feedback: [5]
[INFO] [1733939509.112556756] [fibonacci_action_server]: Feedback: [8]
[INFO] [1733939509.612918550] [fibonacci_action_server]: Feedback: [13]
[INFO] [1733939510.113131286] [fibonacci_action_server]: Feedback: [21]
[INFO] [1733939510.613353105] [fibonacci_action_server]: Feedback: [34]
[INFO] [1733939511.113571032] [fibonacci_action_server]: Feedback: [55]
[INFO] [1733939511.614077118] [fibonacci_action_server]: Goal succeeded
[INFO] [1733939511.825418047] [fibonacci_action_server]: Received goal request with order 10
[INFO] [1733939511.825535984] [fibonacci_action_server]: Executing goal...
[INFO] [1733939511.825605900] [fibonacci_action_server]: Feedback: [1]
[INFO] [1733939512.325832705] [fibonacci_action_server]: Feedback: [2]
[INFO] [1733939512.826232821] [fibonacci_action_server]: Feedback: [3]
[INFO] [1733939513.326445593] [fibonacci_action_server]: Feedback: [5]
[INFO] [1733939513.826908073] [fibonacci_action_server]: Feedback: [8]
[INFO] [1733939514.327100270] [fibonacci_action_server]: Feedback: [13]
[INFO] [1733939514.827540304] [fibonacci_action_server]: Feedback: [21]
[INFO] [1733939515.327767787] [fibonacci_action_server]: Feedback: [34]
[INFO] [1733939515.827970875] [fibonacci_action_server]: Feedback: [55]
[INFO] [1733939516.328375794] [fibonacci_action_server]: Goal succeeded
[INFO] [1733939516.539493583] [fibonacci_action_server]: Received goal request with order 10
[INFO] [1733939516.539735821] [fibonacci_action_server]: Executing goal...
[INFO] [1733939516.539854582] [fibonacci_action_server]: Feedback: [1]
[INFO] [1733939517.040034928] [fibonacci_action_server]: Feedback: [2]
[INFO] [1733939517.540330739] [fibonacci_action_server]: Feedback: [3]
[INFO] [1733939518.040632310] [fibonacci_action_server]: Feedback: [5]
[INFO] [1733939518.540903936] [fibonacci_action_server]: Feedback: [8]
[INFO] [1733939519.041106881] [fibonacci_action_server]: Feedback: [13]
[INFO] [1733939519.541293716] [fibonacci_action_server]: Feedback: [21]
[INFO] [1733939520.041767107] [fibonacci_action_server]: Feedback: [34]
[INFO] [1733939520.542031327] [fibonacci_action_server]: Feedback: [55]
[INFO] [1733939521.042405107] [fibonacci_action_server]: Goal succeeded
[INFO] [1733939521.252770365] [fibonacci_action_server]: Received goal request with order 10
[INFO] [1733939521.252968738] [fibonacci_action_server]: Executing goal...
[INFO] [1733939521.253060836] [fibonacci_action_server]: Feedback: [1]
[INFO] [1733939521.753285770] [fibonacci_action_server]: Feedback: [2]
[INFO] [1733939522.253519568] [fibonacci_action_server]: Feedback: [3]
[INFO] [1733939522.753846020] [fibonacci_action_server]: Feedback: [5]
[INFO] [1733939523.254199083] [fibonacci_action_server]: Feedback: [8]
[INFO] [1733939523.754560142] [fibonacci_action_server]: Feedback: [13]
[INFO] [1733939524.255026665] [fibonacci_action_server]: Feedback: [21]
[INFO] [1733939524.755526405] [fibonacci_action_server]: Feedback: [34]
[INFO] [1733939525.255785826] [fibonacci_action_server]: Feedback: [55]
[INFO] [1733939525.756187874] [fibonacci_action_server]: Goal succeeded
[INFO] [1733939525.967315045] [fibonacci_action_server]: Received goal request with order 10
[INFO] [1733939525.967451237] [fibonacci_action_server]: Executing goal...
[INFO] [1733939525.967515415] [fibonacci_action_server]: Feedback: [1]
[INFO] [1733939526.467906230] [fibonacci_action_server]: Feedback: [2]
[INFO] [1733939526.968111012] [fibonacci_action_server]: Feedback: [3]
[INFO] [1733939527.468366325] [fibonacci_action_server]: Feedback: [5]
[INFO] [1733939527.968576540] [fibonacci_action_server]: Feedback: [8]
[INFO] [1733939528.468910971] [fibonacci_action_server]: Feedback: [13]
[INFO] [1733939528.969153839] [fibonacci_action_server]: Feedback: [21]
[INFO] [1733939529.469346629] [fibonacci_action_server]: Feedback: [34]
[INFO] [1733939529.969715022] [fibonacci_action_server]: Feedback: [55]
[INFO] [1733939530.470014759] [fibonacci_action_server]: Goal succeeded
[INFO] [1733939530.681670606] [fibonacci_action_server]: Received goal request with order 10
[INFO] [1733939530.681789064] [fibonacci_action_server]: Executing goal...
[INFO] [1733939530.681839850] [fibonacci_action_server]: Feedback: [1]
[INFO] [1733939531.182308164] [fibonacci_action_server]: Feedback: [2]
[INFO] [1733939531.682510554] [fibonacci_action_server]: Feedback: [3]
[INFO] [1733939532.182870181] [fibonacci_action_server]: Feedback: [5]
[INFO] [1733939532.683031178] [fibonacci_action_server]: Feedback: [8]
[INFO] [1733939533.183247980] [fibonacci_action_server]: Feedback: [13]
[INFO] [1733939533.683437827] [fibonacci_action_server]: Feedback: [21]
[INFO] [1733939534.183893619] [fibonacci_action_server]: Feedback: [34]
[INFO] [1733939534.684214588] [fibonacci_action_server]: Feedback: [55]
[INFO] [1733939535.184439122] [fibonacci_action_server]: Goal succeeded
[INFO] [1733939535.396164162] [fibonacci_action_server]: Received goal request with order 10
[INFO] [1733939535.396357989] [fibonacci_action_server]: Executing goal...
[INFO] [1733939535.396467922] [fibonacci_action_server]: Feedback: [1]
[INFO] [1733939535.896793414] [fibonacci_action_server]: Feedback: [2]
[INFO] [1733939536.397008376] [fibonacci_action_server]: Feedback: [3]
[INFO] [1733939536.897215147] [fibonacci_action_server]: Feedback: [5]
[INFO] [1733939537.397432622] [fibonacci_action_server]: Feedback: [8]
[INFO] [1733939537.897639040] [fibonacci_action_server]: Feedback: [13]
[INFO] [1733939538.398101988] [fibonacci_action_server]: Feedback: [21]
[INFO] [1733939538.898494478] [fibonacci_action_server]: Feedback: [34]
[INFO] [1733939539.398926630] [fibonacci_action_server]: Feedback: [55]
[INFO] [1733939539.899230088] [fibonacci_action_server]: Goal succeeded
[INFO] [1733939540.110009977] [fibonacci_action_server]: Received goal request with order 10
[INFO] [1733939540.110220747] [fibonacci_action_server]: Executing goal...
[INFO] [1733939540.110288611] [fibonacci_action_server]: Feedback: [1]
[INFO] [1733939540.610503465] [fibonacci_action_server]: Feedback: [2]
[INFO] [1733939541.110696254] [fibonacci_action_server]: Feedback: [3]
[INFO] [1733939541.611014621] [fibonacci_action_server]: Feedback: [5]
[INFO] [1733939542.111214822] [fibonacci_action_server]: Feedback: [8]
[INFO] [1733939542.611538917] [fibonacci_action_server]: Feedback: [13]
[INFO] [1733939543.111752996] [fibonacci_action_server]: Feedback: [21]
[INFO] [1733939543.611916782] [fibonacci_action_server]: Feedback: [34]
[INFO] [1733939544.112162792] [fibonacci_action_server]: Feedback: [55]
[INFO] [1733939544.612618902] [fibonacci_action_server]: Goal succeeded
[INFO] [1733939544.824423791] [fibonacci_action_server]: Received goal request with order 10
[INFO] [1733939544.824599108] [fibonacci_action_server]: Executing goal...
[INFO] [1733939544.824652864] [fibonacci_action_server]: Feedback: [1]
[INFO] [1733939545.324983134] [fibonacci_action_server]: Feedback: [2]
[INFO] [1733939545.825503620] [fibonacci_action_server]: Feedback: [3]
[INFO] [1733939546.325842301] [fibonacci_action_server]: Feedback: [5]
[INFO] [1733939546.826228396] [fibonacci_action_server]: Feedback: [8]
[INFO] [1733939547.326668405] [fibonacci_action_server]: Feedback: [13]
[INFO] [1733939547.826981545] [fibonacci_action_server]: Feedback: [21]
[INFO] [1733939548.327223733] [fibonacci_action_server]: Feedback: [34]
[INFO] [1733939548.827641388] [fibonacci_action_server]: Feedback: [55]
[INFO] [1733939549.327894737] [fibonacci_action_server]: Goal succeeded
[INFO] [1733939549.540045075] [fibonacci_action_server]: Received goal request with order 10
[INFO] [1733939549.540243749] [fibonacci_action_server]: Executing goal...
[INFO] [1733939549.540295991] [fibonacci_action_server]: Feedback: [1]
[INFO] [1733939550.040491030] [fibonacci_action_server]: Feedback: [2]
[INFO] [1733939550.540742944] [fibonacci_action_server]: Feedback: [3]
[INFO] [1733939551.041186671] [fibonacci_action_server]: Feedback: [5]
[INFO] [1733939551.541586295] [fibonacci_action_server]: Feedback: [8]
[INFO] [1733939552.041815814] [fibonacci_action_server]: Feedback: [13]
[INFO] [1733939552.542024068] [fibonacci_action_server]: Feedback: [21]
[INFO] [1733939553.042279859] [fibonacci_action_server]: Feedback: [34]
[INFO] [1733939553.542512286] [fibonacci_action_server]: Feedback: [55]
[INFO] [1733939554.042726868] [fibonacci_action_server]: Goal succeeded
[INFO] [1733939554.256523793] [fibonacci_action_server]: Received goal request with order 10
[INFO] [1733939554.256663922] [fibonacci_action_server]: Executing goal...
[INFO] [1733939554.256724362] [fibonacci_action_server]: Feedback: [1]
[INFO] [1733939554.757005876] [fibonacci_action_server]: Feedback: [2]
[INFO] [1733939555.257501194] [fibonacci_action_server]: Feedback: [3]
[INFO] [1733939555.757709867] [fibonacci_action_server]: Feedback: [5]
[INFO] [1733939556.258033492] [fibonacci_action_server]: Feedback: [8]
[INFO] [1733939556.758248881] [fibonacci_action_server]: Feedback: [13]
[INFO] [1733939557.258405289] [fibonacci_action_server]: Feedback: [21]
[INFO] [1733939557.758628082] [fibonacci_action_server]: Feedback: [34]
[INFO] [1733939558.258932213] [fibonacci_action_server]: Feedback: [55]
[INFO] [1733939558.759403478] [fibonacci_action_server]: Goal succeeded
[INFO] [1733939558.972823675] [fibonacci_action_server]: Received goal request with order 10
[INFO] [1733939558.973026562] [fibonacci_action_server]: Executing goal...
[INFO] [1733939558.973149407] [fibonacci_action_server]: Feedback: [1]
[INFO] [1733939559.473532430] [fibonacci_action_server]: Feedback: [2]
[INFO] [1733939559.974023143] [fibonacci_action_server]: Feedback: [3]
[INFO] [1733939560.474259142] [fibonacci_action_server]: Feedback: [5]
[INFO] [1733939560.974454305] [fibonacci_action_server]: Feedback: [8]
[INFO] [1733939561.474672198] [fibonacci_action_server]: Feedback: [13]
[INFO] [1733939561.974949734] [fibonacci_action_server]: Feedback: [21]
[INFO] [1733939562.475393305] [fibonacci_action_server]: Feedback: [34]
[INFO] [1733939562.975918975] [fibonacci_action_server]: Feedback: [55]
[INFO] [1733939563.476253318] [fibonacci_action_server]: Goal succeeded
[INFO] [1733939563.688382562] [fibonacci_action_server]: Received goal request with order 10
[INFO] [1733939563.688489177] [fibonacci_action_server]: Executing goal...
[INFO] [1733939563.688550934] [fibonacci_action_server]: Feedback: [1]
[INFO] [1733939564.188839576] [fibonacci_action_server]: Feedback: [2]
[INFO] [1733939564.689033149] [fibonacci_action_server]: Feedback: [3]
[INFO] [1733939565.189247100] [fibonacci_action_server]: Feedback: [5]
[INFO] [1733939565.689449465] [fibonacci_action_server]: Feedback: [8]
[INFO] [1733939566.189675981] [fibonacci_action_server]: Feedback: [13]
[INFO] [1733939566.689961327] [fibonacci_action_server]: Feedback: [21]
[INFO] [1733939567.190519627] [fibonacci_action_server]: Feedback: [34]
[INFO] [1733939567.691050475] [fibonacci_action_server]: Feedback: [55]
[INFO] [1733939568.191426031] [fibonacci_action_server]: Goal succeeded
[INFO] [1733939568.404949263] [fibonacci_action_server]: Received goal request with order 10
[INFO] [1733939568.405211729] [fibonacci_action_server]: Executing goal...
[INFO] [1733939568.405275760] [fibonacci_action_server]: Feedback: [1]
[INFO] [1733939568.905438541] [fibonacci_action_server]: Feedback: [2]
[INFO] [1733939569.405885646] [fibonacci_action_server]: Feedback: [3]
[INFO] [1733939569.906156691] [fibonacci_action_server]: Feedback: [5]
[INFO] [1733939570.406670882] [fibonacci_action_server]: Feedback: [8]
[INFO] [1733939570.906891749] [fibonacci_action_server]: Feedback: [13]
[INFO] [1733939571.407476174] [fibonacci_action_server]: Feedback: [21]
[INFO] [1733939571.907819005] [fibonacci_action_server]: Feedback: [34]
[INFO] [1733939572.408029486] [fibonacci_action_server]: Feedback: [55]
[INFO] [1733939572.908305395] [fibonacci_action_server]: Goal succeeded
[INFO] [1733939573.120427540] [fibonacci_action_server]: Received goal request with order 10
[INFO] [1733939573.120547436] [fibonacci_action_server]: Executing goal...
[INFO] [1733939573.120605295] [fibonacci_action_server]: Feedback: [1]
[INFO] [1733939573.620783564] [fibonacci_action_server]: Feedback: [2]
[INFO] [1733939574.121031159] [fibonacci_action_server]: Feedback: [3]
[INFO] [1733939574.621361655] [fibonacci_action_server]: Feedback: [5]
[INFO] [1733939575.121613879] [fibonacci_action_server]: Feedback: [8]
[INFO] [1733939575.621845754] [fibonacci_action_server]: Feedback: [13]
[INFO] [1733939576.122054864] [fibonacci_action_server]: Feedback: [21]
[INFO] [1733939576.622266979] [fibonacci_action_server]: Feedback: [34]
[INFO] [1733939577.122445820] [fibonacci_action_server]: Feedback: [55]
[INFO] [1733939577.622684109] [fibonacci_action_server]: Goal succeeded
[INFO] [1733939577.834500441] [fibonacci_action_server]: Received goal request with order 10
[INFO] [1733939577.834749676] [fibonacci_action_server]: Executing goal...
[INFO] [1733939577.834831908] [fibonacci_action_server]: Feedback: [1]
[INFO] [1733939578.334969817] [fibonacci_action_server]: Feedback: [2]
[INFO] [1733939578.835165642] [fibonacci_action_server]: Feedback: [3]
[INFO] [1733939579.335387533] [fibonacci_action_server]: Feedback: [5]
[INFO] [1733939579.835616361] [fibonacci_action_server]: Feedback: [8]
[INFO] [1733939580.335850458] [fibonacci_action_server]: Feedback: [13]
[INFO] [1733939580.836176351] [fibonacci_action_server]: Feedback: [21]
[INFO] [1733939581.336439578] [fibonacci_action_server]: Feedback: [34]
[INFO] [1733939581.836633320] [fibonacci_action_server]: Feedback: [55]
[INFO] [1733939582.337163081] [fibonacci_action_server]: Goal succeeded
[INFO] [1733939582.547417975] [fibonacci_action_server]: Received goal request with order 10
[INFO] [1733939582.547555178] [fibonacci_action_server]: Executing goal...
[INFO] [1733939582.547611206] [fibonacci_action_server]: Feedback: [1]
[INFO] [1733939583.047799763] [fibonacci_action_server]: Feedback: [2]
[INFO] [1733939583.548046702] [fibonacci_action_server]: Feedback: [3]
[INFO] [1733939584.048369874] [fibonacci_action_server]: Feedback: [5]
[INFO] [1733939584.548625799] [fibonacci_action_server]: Feedback: [8]
[INFO] [1733939585.048940210] [fibonacci_action_server]: Feedback: [13]
[INFO] [1733939585.549378535] [fibonacci_action_server]: Feedback: [21]
[INFO] [1733939586.049841325] [fibonacci_action_server]: Feedback: [34]
[INFO] [1733939586.550088362] [fibonacci_action_server]: Feedback: [55]
[INFO] [1733939587.050403350] [fibonacci_action_server]: Goal succeeded
[INFO] [1733939587.261333568] [fibonacci_action_server]: Received goal request with order 10
[INFO] [1733939587.261440054] [fibonacci_action_server]: Executing goal...
[INFO] [1733939587.261496927] [fibonacci_action_server]: Feedback: [1]
[INFO] [1733939587.761903585] [fibonacci_action_server]: Feedback: [2]
[INFO] [1733939588.262345713] [fibonacci_action_server]: Feedback: [3]
[INFO] [1733939588.762708139] [fibonacci_action_server]: Feedback: [5]
[INFO] [1733939589.263023504] [fibonacci_action_server]: Feedback: [8]
[INFO] [1733939589.763239613] [fibonacci_action_server]: Feedback: [13]
[INFO] [1733939590.263625554] [fibonacci_action_server]: Feedback: [21]
[INFO] [1733939590.763777883] [fibonacci_action_server]: Feedback: [34]
[INFO] [1733939591.264115370] [fibonacci_action_server]: Feedback: [55]
[INFO] [1733939591.764495086] [fibonacci_action_server]: Goal succeeded
[INFO] [1733939591.975954544] [fibonacci_action_server]: Received goal request with order 10
[INFO] [1733939591.976102957] [fibonacci_action_server]: Executing goal...
[INFO] [1733939591.976164932] [fibonacci_action_server]: Feedback: [1]
[INFO] [1733939592.476319857] [fibonacci_action_server]: Feedback: [2]
[INFO] [1733939592.976614334] [fibonacci_action_server]: Feedback: [3]
[INFO] [1733939593.476799606] [fibonacci_action_server]: Feedback: [5]
[INFO] [1733939593.977037507] [fibonacci_action_server]: Feedback: [8]
[INFO] [1733939594.477377152] [fibonacci_action_server]: Feedback: [13]
[INFO] [1733939594.977713661] [fibonacci_action_server]: Feedback: [21]
[INFO] [1733939595.477912132] [fibonacci_action_server]: Feedback: [34]
[INFO] [1733939595.978269248] [fibonacci_action_server]: Feedback: [55]
[INFO] [1733939596.478717749] [fibonacci_action_server]: Goal succeeded
[INFO] [1733939596.690836210] [fibonacci_action_server]: Received goal request with order 10
[INFO] [1733939596.690945787] [fibonacci_action_server]: Executing goal...
[INFO] [1733939596.690994226] [fibonacci_action_server]: Feedback: [1]
[INFO] [1733939597.191159481] [fibonacci_action_server]: Feedback: [2]
[INFO] [1733939597.691778539] [fibonacci_action_server]: Feedback: [3]
[INFO] [1733939598.192031710] [fibonacci_action_server]: Feedback: [5]
[INFO] [1733939598.692351980] [fibonacci_action_server]: Feedback: [8]
[INFO] [1733939599.192622102] [fibonacci_action_server]: Feedback: [13]
[INFO] [1733939599.692775352] [fibonacci_action_server]: Feedback: [21]
[INFO] [1733939600.192951424] [fibonacci_action_server]: Feedback: [34]
[INFO] [1733939600.693204002] [fibonacci_action_server]: Feedback: [55]
[INFO] [1733939601.193429193] [fibonacci_action_server]: Goal succeeded
[INFO] [1733939601.405522468] [fibonacci_action_server]: Received goal request with order 10
[INFO] [1733939601.405834685] [fibonacci_action_server]: Executing goal...
[INFO] [1733939601.405927116] [fibonacci_action_server]: Feedback: [1]
[INFO] [1733939601.906228777] [fibonacci_action_server]: Feedback: [2]
[INFO] [1733939602.406577395] [fibonacci_action_server]: Feedback: [3]
[INFO] [1733939602.906768324] [fibonacci_action_server]: Feedback: [5]
[INFO] [1733939603.406954191] [fibonacci_action_server]: Feedback: [8]
[INFO] [1733939603.907133583] [fibonacci_action_server]: Feedback: [13]
[INFO] [1733939604.407385910] [fibonacci_action_server]: Feedback: [21]
[INFO] [1733939604.907721420] [fibonacci_action_server]: Feedback: [34]
[INFO] [1733939605.407939979] [fibonacci_action_server]: Feedback: [55]
[INFO] [1733939605.908195343] [fibonacci_action_server]: Goal succeeded
[INFO] [1733939606.120637267] [fibonacci_action_server]: Received goal request with order 10
[INFO] [1733939606.120913288] [fibonacci_action_server]: Executing goal...
[INFO] [1733939606.121017970] [fibonacci_action_server]: Feedback: [1]
[INFO] [1733939606.621308871] [fibonacci_action_server]: Feedback: [2]
[INFO] [1733939607.121481990] [fibonacci_action_server]: Feedback: [3]
[INFO] [1733939607.621979449] [fibonacci_action_server]: Feedback: [5]
[INFO] [1733939608.122405634] [fibonacci_action_server]: Feedback: [8]
[INFO] [1733939608.622756218] [fibonacci_action_server]: Feedback: [13]
[INFO] [1733939609.123109375] [fibonacci_action_server]: Feedback: [21]
[INFO] [1733939609.623438934] [fibonacci_action_server]: Feedback: [34]
[INFO] [1733939610.123876429] [fibonacci_action_server]: Feedback: [55]
[INFO] [1733939610.624301810] [fibonacci_action_server]: Goal succeeded
[INFO] [1733939610.835588643] [fibonacci_action_server]: Received goal request with order 10
[INFO] [1733939610.835801661] [fibonacci_action_server]: Executing goal...
[INFO] [1733939610.835871825] [fibonacci_action_server]: Feedback: [1]
[INFO] [1733939611.336025076] [fibonacci_action_server]: Feedback: [2]
[INFO] [1733939611.430837855] [fibonacci_action_server]: Timeout reached, shutting down node...
RAPL is set
