[INFO] [1733707251.814869776] [fibonacci_action_server]: Executing goal...
[INFO] [1733707251.815372274] [fibonacci_action_server]: Feedback: array('i', [0, 1, 1])
[INFO] [1733707252.066131210] [fibonacci_action_server]: Feedback: array('i', [0, 1, 1, 2])
[INFO] [1733707252.317415964] [fibonacci_action_server]: Feedback: array('i', [0, 1, 1, 2, 3])
[INFO] [1733707252.568720391] [fibonacci_action_server]: Feedback: array('i', [0, 1, 1, 2, 3, 5])
[INFO] [1733707252.820005627] [fibonacci_action_server]: Feedback: array('i', [0, 1, 1, 2, 3, 5, 8])
[INFO] [1733707253.071013946] [fibonacci_action_server]: Feedback: array('i', [0, 1, 1, 2, 3, 5, 8, 13])
[INFO] [1733707253.322124493] [fibonacci_action_server]: Feedback: array('i', [0, 1, 1, 2, 3, 5, 8, 13, 21])
[INFO] [1733707253.573213057] [fibonacci_action_server]: Feedback: array('i', [0, 1, 1, 2, 3, 5, 8, 13, 21, 34])
[INFO] [1733707253.824336702] [fibonacci_action_server]: Feedback: array('i', [0, 1, 1, 2, 3, 5, 8, 13, 21, 34, 55])
[INFO] [1733707254.331285175] [fibonacci_action_server]: Executing goal...
[INFO] [1733707254.331654426] [fibonacci_action_server]: Feedback: array('i', [0, 1, 1])
[INFO] [1733707254.582389578] [fibonacci_action_server]: Feedback: array('i', [0, 1, 1, 2])
[INFO] [1733707254.833742950] [fibonacci_action_server]: Feedback: array('i', [0, 1, 1, 2, 3])
[INFO] [1733707255.084745128] [fibonacci_action_server]: Feedback: array('i', [0, 1, 1, 2, 3, 5])
[INFO] [1733707255.335898138] [fibonacci_action_server]: Feedback: array('i', [0, 1, 1, 2, 3, 5, 8])
[INFO] [1733707255.587029063] [fibonacci_action_server]: Feedback: array('i', [0, 1, 1, 2, 3, 5, 8, 13])
[INFO] [1733707255.838312519] [fibonacci_action_server]: Feedback: array('i', [0, 1, 1, 2, 3, 5, 8, 13, 21])
[INFO] [1733707256.089701979] [fibonacci_action_server]: Feedback: array('i', [0, 1, 1, 2, 3, 5, 8, 13, 21, 34])
[INFO] [1733707256.340580226] [fibonacci_action_server]: Feedback: array('i', [0, 1, 1, 2, 3, 5, 8, 13, 21, 34, 55])
[INFO] [1733707256.845924509] [fibonacci_action_server]: Executing goal...
[INFO] [1733707256.846562730] [fibonacci_action_server]: Feedback: array('i', [0, 1, 1])
[INFO] [1733707257.097803738] [fibonacci_action_server]: Feedback: array('i', [0, 1, 1, 2])
[INFO] [1733707257.349251120] [fibonacci_action_server]: Feedback: array('i', [0, 1, 1, 2, 3])
[INFO] [1733707257.600651174] [fibonacci_action_server]: Feedback: array('i', [0, 1, 1, 2, 3, 5])
[INFO] [1733707257.852008814] [fibonacci_action_server]: Feedback: array('i', [0, 1, 1, 2, 3, 5, 8])
[INFO] [1733707258.103096716] [fibonacci_action_server]: Feedback: array('i', [0, 1, 1, 2, 3, 5, 8, 13])
[INFO] [1733707258.354152423] [fibonacci_action_server]: Feedback: array('i', [0, 1, 1, 2, 3, 5, 8, 13, 21])
[INFO] [1733707258.605256396] [fibonacci_action_server]: Feedback: array('i', [0, 1, 1, 2, 3, 5, 8, 13, 21, 34])
[INFO] [1733707258.856529575] [fibonacci_action_server]: Feedback: array('i', [0, 1, 1, 2, 3, 5, 8, 13, 21, 34, 55])
[INFO] [1733707259.361829903] [fibonacci_action_server]: Executing goal...
[INFO] [1733707259.362250586] [fibonacci_action_server]: Feedback: array('i', [0, 1, 1])
[INFO] [1733707259.613594830] [fibonacci_action_server]: Feedback: array('i', [0, 1, 1, 2])
[INFO] [1733707259.864524424] [fibonacci_action_server]: Feedback: array('i', [0, 1, 1, 2, 3])
[INFO] [1733707260.115761509] [fibonacci_action_server]: Feedback: array('i', [0, 1, 1, 2, 3, 5])
[INFO] [1733707260.366702624] [fibonacci_action_server]: Feedback: array('i', [0, 1, 1, 2, 3, 5, 8])
[INFO] [1733707260.617978776] [fibonacci_action_server]: Feedback: array('i', [0, 1, 1, 2, 3, 5, 8, 13])
[INFO] [1733707260.869219484] [fibonacci_action_server]: Feedback: array('i', [0, 1, 1, 2, 3, 5, 8, 13, 21])
[INFO] [1733707261.120400117] [fibonacci_action_server]: Feedback: array('i', [0, 1, 1, 2, 3, 5, 8, 13, 21, 34])
[INFO] [1733707261.371817094] [fibonacci_action_server]: Feedback: array('i', [0, 1, 1, 2, 3, 5, 8, 13, 21, 34, 55])
[INFO] [1733707261.877522769] [fibonacci_action_server]: Executing goal...
[INFO] [1733707261.878178657] [fibonacci_action_server]: Feedback: array('i', [0, 1, 1])
[INFO] [1733707262.129153990] [fibonacci_action_server]: Feedback: array('i', [0, 1, 1, 2])
[INFO] [1733707262.380492048] [fibonacci_action_server]: Feedback: array('i', [0, 1, 1, 2, 3])
[INFO] [1733707262.631617311] [fibonacci_action_server]: Feedback: array('i', [0, 1, 1, 2, 3, 5])
[INFO] [1733707262.882605718] [fibonacci_action_server]: Feedback: array('i', [0, 1, 1, 2, 3, 5, 8])
[INFO] [1733707263.133954718] [fibonacci_action_server]: Feedback: array('i', [0, 1, 1, 2, 3, 5, 8, 13])
[INFO] [1733707263.385023956] [fibonacci_action_server]: Feedback: array('i', [0, 1, 1, 2, 3, 5, 8, 13, 21])
[INFO] [1733707263.635894859] [fibonacci_action_server]: Feedback: array('i', [0, 1, 1, 2, 3, 5, 8, 13, 21, 34])
[INFO] [1733707263.886810959] [fibonacci_action_server]: Feedback: array('i', [0, 1, 1, 2, 3, 5, 8, 13, 21, 34, 55])
[INFO] [1733707264.392238173] [fibonacci_action_server]: Executing goal...
[INFO] [1733707264.392631787] [fibonacci_action_server]: Feedback: array('i', [0, 1, 1])
[INFO] [1733707264.643383144] [fibonacci_action_server]: Feedback: array('i', [0, 1, 1, 2])
[INFO] [1733707264.894560000] [fibonacci_action_server]: Feedback: array('i', [0, 1, 1, 2, 3])
[INFO] [1733707265.145669236] [fibonacci_action_server]: Feedback: array('i', [0, 1, 1, 2, 3, 5])
[INFO] [1733707265.396720447] [fibonacci_action_server]: Feedback: array('i', [0, 1, 1, 2, 3, 5, 8])
[INFO] [1733707265.647723961] [fibonacci_action_server]: Feedback: array('i', [0, 1, 1, 2, 3, 5, 8, 13])
[INFO] [1733707265.898856570] [fibonacci_action_server]: Feedback: array('i', [0, 1, 1, 2, 3, 5, 8, 13, 21])
[INFO] [1733707266.149979146] [fibonacci_action_server]: Feedback: array('i', [0, 1, 1, 2, 3, 5, 8, 13, 21, 34])
[INFO] [1733707266.401229743] [fibonacci_action_server]: Feedback: array('i', [0, 1, 1, 2, 3, 5, 8, 13, 21, 34, 55])
[INFO] [1733707266.907031488] [fibonacci_action_server]: Executing goal...
[INFO] [1733707266.907389971] [fibonacci_action_server]: Feedback: array('i', [0, 1, 1])
[INFO] [1733707267.158312103] [fibonacci_action_server]: Feedback: array('i', [0, 1, 1, 2])
[INFO] [1733707267.409621977] [fibonacci_action_server]: Feedback: array('i', [0, 1, 1, 2, 3])
[INFO] [1733707267.660840231] [fibonacci_action_server]: Feedback: array('i', [0, 1, 1, 2, 3, 5])
[INFO] [1733707267.912149398] [fibonacci_action_server]: Feedback: array('i', [0, 1, 1, 2, 3, 5, 8])
[INFO] [1733707268.163315188] [fibonacci_action_server]: Feedback: array('i', [0, 1, 1, 2, 3, 5, 8, 13])
[INFO] [1733707268.414651744] [fibonacci_action_server]: Feedback: array('i', [0, 1, 1, 2, 3, 5, 8, 13, 21])
[INFO] [1733707268.665943431] [fibonacci_action_server]: Feedback: array('i', [0, 1, 1, 2, 3, 5, 8, 13, 21, 34])
[INFO] [1733707268.917006143] [fibonacci_action_server]: Feedback: array('i', [0, 1, 1, 2, 3, 5, 8, 13, 21, 34, 55])
[INFO] [1733707269.422304168] [fibonacci_action_server]: Executing goal...
[INFO] [1733707269.422673310] [fibonacci_action_server]: Feedback: array('i', [0, 1, 1])
[INFO] [1733707269.673487119] [fibonacci_action_server]: Feedback: array('i', [0, 1, 1, 2])
[INFO] [1733707269.924674705] [fibonacci_action_server]: Feedback: array('i', [0, 1, 1, 2, 3])
[INFO] [1733707270.175940389] [fibonacci_action_server]: Feedback: array('i', [0, 1, 1, 2, 3, 5])
[INFO] [1733707270.426837479] [fibonacci_action_server]: Feedback: array('i', [0, 1, 1, 2, 3, 5, 8])
[INFO] [1733707270.678068788] [fibonacci_action_server]: Feedback: array('i', [0, 1, 1, 2, 3, 5, 8, 13])
[INFO] [1733707270.928963783] [fibonacci_action_server]: Feedback: array('i', [0, 1, 1, 2, 3, 5, 8, 13, 21])
[INFO] [1733707271.179970993] [fibonacci_action_server]: Feedback: array('i', [0, 1, 1, 2, 3, 5, 8, 13, 21, 34])
[INFO] [1733707271.430968538] [fibonacci_action_server]: Feedback: array('i', [0, 1, 1, 2, 3, 5, 8, 13, 21, 34, 55])
[INFO] [1733707271.936227330] [fibonacci_action_server]: Executing goal...
[INFO] [1733707271.936655792] [fibonacci_action_server]: Feedback: array('i', [0, 1, 1])
[INFO] [1733707272.187608830] [fibonacci_action_server]: Feedback: array('i', [0, 1, 1, 2])
[INFO] [1733707272.438762072] [fibonacci_action_server]: Feedback: array('i', [0, 1, 1, 2, 3])
[INFO] [1733707272.689982535] [fibonacci_action_server]: Feedback: array('i', [0, 1, 1, 2, 3, 5])
[INFO] [1733707272.941134735] [fibonacci_action_server]: Feedback: array('i', [0, 1, 1, 2, 3, 5, 8])
[INFO] [1733707273.192084859] [fibonacci_action_server]: Feedback: array('i', [0, 1, 1, 2, 3, 5, 8, 13])
[INFO] [1733707273.443102926] [fibonacci_action_server]: Feedback: array('i', [0, 1, 1, 2, 3, 5, 8, 13, 21])
[INFO] [1733707273.694031275] [fibonacci_action_server]: Feedback: array('i', [0, 1, 1, 2, 3, 5, 8, 13, 21, 34])
[INFO] [1733707273.945282879] [fibonacci_action_server]: Feedback: array('i', [0, 1, 1, 2, 3, 5, 8, 13, 21, 34, 55])
[INFO] [1733707274.450626223] [fibonacci_action_server]: Executing goal...
[INFO] [1733707274.450993127] [fibonacci_action_server]: Feedback: array('i', [0, 1, 1])
[INFO] [1733707274.702129570] [fibonacci_action_server]: Feedback: array('i', [0, 1, 1, 2])
[INFO] [1733707274.953076280] [fibonacci_action_server]: Feedback: array('i', [0, 1, 1, 2, 3])
[INFO] [1733707275.204298956] [fibonacci_action_server]: Feedback: array('i', [0, 1, 1, 2, 3, 5])
[INFO] [1733707275.455427930] [fibonacci_action_server]: Feedback: array('i', [0, 1, 1, 2, 3, 5, 8])
[INFO] [1733707275.706362282] [fibonacci_action_server]: Feedback: array('i', [0, 1, 1, 2, 3, 5, 8, 13])
[INFO] [1733707275.957690145] [fibonacci_action_server]: Feedback: array('i', [0, 1, 1, 2, 3, 5, 8, 13, 21])
[INFO] [1733707276.208624567] [fibonacci_action_server]: Feedback: array('i', [0, 1, 1, 2, 3, 5, 8, 13, 21, 34])
[INFO] [1733707276.459819565] [fibonacci_action_server]: Feedback: array('i', [0, 1, 1, 2, 3, 5, 8, 13, 21, 34, 55])
[INFO] [1733707276.964726437] [fibonacci_action_server]: Executing goal...
[INFO] [1733707276.965100085] [fibonacci_action_server]: Feedback: array('i', [0, 1, 1])
[INFO] [1733707277.216180073] [fibonacci_action_server]: Feedback: array('i', [0, 1, 1, 2])
[INFO] [1733707277.467085559] [fibonacci_action_server]: Feedback: array('i', [0, 1, 1, 2, 3])
[INFO] [1733707277.718053579] [fibonacci_action_server]: Feedback: array('i', [0, 1, 1, 2, 3, 5])
[INFO] [1733707277.969221309] [fibonacci_action_server]: Feedback: array('i', [0, 1, 1, 2, 3, 5, 8])
[INFO] [1733707278.220574657] [fibonacci_action_server]: Feedback: array('i', [0, 1, 1, 2, 3, 5, 8, 13])
[INFO] [1733707278.471729405] [fibonacci_action_server]: Feedback: array('i', [0, 1, 1, 2, 3, 5, 8, 13, 21])
[INFO] [1733707278.722942421] [fibonacci_action_server]: Feedback: array('i', [0, 1, 1, 2, 3, 5, 8, 13, 21, 34])
[INFO] [1733707278.974072897] [fibonacci_action_server]: Feedback: array('i', [0, 1, 1, 2, 3, 5, 8, 13, 21, 34, 55])
[INFO] [1733707279.479809964] [fibonacci_action_server]: Executing goal...
[INFO] [1733707279.480269567] [fibonacci_action_server]: Feedback: array('i', [0, 1, 1])
[INFO] [1733707279.731131594] [fibonacci_action_server]: Feedback: array('i', [0, 1, 1, 2])
[INFO] [1733707279.982093163] [fibonacci_action_server]: Feedback: array('i', [0, 1, 1, 2, 3])
[INFO] [1733707280.233092480] [fibonacci_action_server]: Feedback: array('i', [0, 1, 1, 2, 3, 5])
[INFO] [1733707280.484270146] [fibonacci_action_server]: Feedback: array('i', [0, 1, 1, 2, 3, 5, 8])
[INFO] [1733707280.735466760] [fibonacci_action_server]: Feedback: array('i', [0, 1, 1, 2, 3, 5, 8, 13])
[INFO] [1733707280.986384732] [fibonacci_action_server]: Feedback: array('i', [0, 1, 1, 2, 3, 5, 8, 13, 21])
[INFO] [1733707281.237677427] [fibonacci_action_server]: Feedback: array('i', [0, 1, 1, 2, 3, 5, 8, 13, 21, 34])
[INFO] [1733707281.488643820] [fibonacci_action_server]: Feedback: array('i', [0, 1, 1, 2, 3, 5, 8, 13, 21, 34, 55])
[INFO] [1733707281.993621238] [fibonacci_action_server]: Executing goal...
[INFO] [1733707281.994092053] [fibonacci_action_server]: Feedback: array('i', [0, 1, 1])
[INFO] [1733707282.245188771] [fibonacci_action_server]: Feedback: array('i', [0, 1, 1, 2])
[INFO] [1733707282.496202616] [fibonacci_action_server]: Feedback: array('i', [0, 1, 1, 2, 3])
[INFO] [1733707282.747337472] [fibonacci_action_server]: Feedback: array('i', [0, 1, 1, 2, 3, 5])
[INFO] [1733707282.998457634] [fibonacci_action_server]: Feedback: array('i', [0, 1, 1, 2, 3, 5, 8])
[INFO] [1733707283.249908649] [fibonacci_action_server]: Feedback: array('i', [0, 1, 1, 2, 3, 5, 8, 13])
[INFO] [1733707283.501224656] [fibonacci_action_server]: Feedback: array('i', [0, 1, 1, 2, 3, 5, 8, 13, 21])
[INFO] [1733707283.752468311] [fibonacci_action_server]: Feedback: array('i', [0, 1, 1, 2, 3, 5, 8, 13, 21, 34])
[INFO] [1733707284.003655647] [fibonacci_action_server]: Feedback: array('i', [0, 1, 1, 2, 3, 5, 8, 13, 21, 34, 55])
[INFO] [1733707284.508796576] [fibonacci_action_server]: Executing goal...
[INFO] [1733707284.509181324] [fibonacci_action_server]: Feedback: array('i', [0, 1, 1])
[INFO] [1733707284.760021618] [fibonacci_action_server]: Feedback: array('i', [0, 1, 1, 2])
[INFO] [1733707285.010944523] [fibonacci_action_server]: Feedback: array('i', [0, 1, 1, 2, 3])
[INFO] [1733707285.262164803] [fibonacci_action_server]: Feedback: array('i', [0, 1, 1, 2, 3, 5])
[INFO] [1733707285.513498764] [fibonacci_action_server]: Feedback: array('i', [0, 1, 1, 2, 3, 5, 8])
[INFO] [1733707285.764800978] [fibonacci_action_server]: Feedback: array('i', [0, 1, 1, 2, 3, 5, 8, 13])
[INFO] [1733707286.015848957] [fibonacci_action_server]: Feedback: array('i', [0, 1, 1, 2, 3, 5, 8, 13, 21])
[INFO] [1733707286.266849285] [fibonacci_action_server]: Feedback: array('i', [0, 1, 1, 2, 3, 5, 8, 13, 21, 34])
[INFO] [1733707286.518226124] [fibonacci_action_server]: Feedback: array('i', [0, 1, 1, 2, 3, 5, 8, 13, 21, 34, 55])
[INFO] [1733707287.023468203] [fibonacci_action_server]: Executing goal...
[INFO] [1733707287.023853559] [fibonacci_action_server]: Feedback: array('i', [0, 1, 1])
[INFO] [1733707287.274624474] [fibonacci_action_server]: Feedback: array('i', [0, 1, 1, 2])
[INFO] [1733707287.525897162] [fibonacci_action_server]: Feedback: array('i', [0, 1, 1, 2, 3])
[INFO] [1733707287.776942090] [fibonacci_action_server]: Feedback: array('i', [0, 1, 1, 2, 3, 5])
[INFO] [1733707288.028048178] [fibonacci_action_server]: Feedback: array('i', [0, 1, 1, 2, 3, 5, 8])
[INFO] [1733707288.279203323] [fibonacci_action_server]: Feedback: array('i', [0, 1, 1, 2, 3, 5, 8, 13])
[INFO] [1733707288.530308152] [fibonacci_action_server]: Feedback: array('i', [0, 1, 1, 2, 3, 5, 8, 13, 21])
[INFO] [1733707288.781557079] [fibonacci_action_server]: Feedback: array('i', [0, 1, 1, 2, 3, 5, 8, 13, 21, 34])
[INFO] [1733707289.032768862] [fibonacci_action_server]: Feedback: array('i', [0, 1, 1, 2, 3, 5, 8, 13, 21, 34, 55])
[INFO] [1733707289.538446740] [fibonacci_action_server]: Executing goal...
[INFO] [1733707289.538873872] [fibonacci_action_server]: Feedback: array('i', [0, 1, 1])
[INFO] [1733707289.790212287] [fibonacci_action_server]: Feedback: array('i', [0, 1, 1, 2])
[INFO] [1733707290.041510233] [fibonacci_action_server]: Feedback: array('i', [0, 1, 1, 2, 3])
[INFO] [1733707290.292772526] [fibonacci_action_server]: Feedback: array('i', [0, 1, 1, 2, 3, 5])
[INFO] [1733707290.543994843] [fibonacci_action_server]: Feedback: array('i', [0, 1, 1, 2, 3, 5, 8])
[INFO] [1733707290.795129598] [fibonacci_action_server]: Feedback: array('i', [0, 1, 1, 2, 3, 5, 8, 13])
[INFO] [1733707291.046138248] [fibonacci_action_server]: Feedback: array('i', [0, 1, 1, 2, 3, 5, 8, 13, 21])
[INFO] [1733707291.297097075] [fibonacci_action_server]: Feedback: array('i', [0, 1, 1, 2, 3, 5, 8, 13, 21, 34])
[INFO] [1733707291.548092252] [fibonacci_action_server]: Feedback: array('i', [0, 1, 1, 2, 3, 5, 8, 13, 21, 34, 55])
[INFO] [1733707292.053441053] [fibonacci_action_server]: Executing goal...
[INFO] [1733707292.054082280] [fibonacci_action_server]: Feedback: array('i', [0, 1, 1])
[INFO] [1733707292.305183227] [fibonacci_action_server]: Feedback: array('i', [0, 1, 1, 2])
[INFO] [1733707292.556167700] [fibonacci_action_server]: Feedback: array('i', [0, 1, 1, 2, 3])
[INFO] [1733707292.807367359] [fibonacci_action_server]: Feedback: array('i', [0, 1, 1, 2, 3, 5])
[INFO] [1733707293.058272414] [fibonacci_action_server]: Feedback: array('i', [0, 1, 1, 2, 3, 5, 8])
[INFO] [1733707293.309557046] [fibonacci_action_server]: Feedback: array('i', [0, 1, 1, 2, 3, 5, 8, 13])
[INFO] [1733707293.560887618] [fibonacci_action_server]: Feedback: array('i', [0, 1, 1, 2, 3, 5, 8, 13, 21])
[INFO] [1733707293.811901691] [fibonacci_action_server]: Feedback: array('i', [0, 1, 1, 2, 3, 5, 8, 13, 21, 34])
[INFO] [1733707294.063278687] [fibonacci_action_server]: Feedback: array('i', [0, 1, 1, 2, 3, 5, 8, 13, 21, 34, 55])
[INFO] [1733707294.568293317] [fibonacci_action_server]: Executing goal...
[INFO] [1733707294.568680180] [fibonacci_action_server]: Feedback: array('i', [0, 1, 1])
[INFO] [1733707294.819673162] [fibonacci_action_server]: Feedback: array('i', [0, 1, 1, 2])
[INFO] [1733707295.070767592] [fibonacci_action_server]: Feedback: array('i', [0, 1, 1, 2, 3])
[INFO] [1733707295.321999321] [fibonacci_action_server]: Feedback: array('i', [0, 1, 1, 2, 3, 5])
[INFO] [1733707295.573097027] [fibonacci_action_server]: Feedback: array('i', [0, 1, 1, 2, 3, 5, 8])
[INFO] [1733707295.824379391] [fibonacci_action_server]: Feedback: array('i', [0, 1, 1, 2, 3, 5, 8, 13])
[INFO] [1733707296.075344456] [fibonacci_action_server]: Feedback: array('i', [0, 1, 1, 2, 3, 5, 8, 13, 21])
[INFO] [1733707296.326242665] [fibonacci_action_server]: Feedback: array('i', [0, 1, 1, 2, 3, 5, 8, 13, 21, 34])
[INFO] [1733707296.577467457] [fibonacci_action_server]: Feedback: array('i', [0, 1, 1, 2, 3, 5, 8, 13, 21, 34, 55])
[INFO] [1733707297.082519304] [fibonacci_action_server]: Executing goal...
[INFO] [1733707297.082896179] [fibonacci_action_server]: Feedback: array('i', [0, 1, 1])
[INFO] [1733707297.333738585] [fibonacci_action_server]: Feedback: array('i', [0, 1, 1, 2])
[INFO] [1733707297.585033023] [fibonacci_action_server]: Feedback: array('i', [0, 1, 1, 2, 3])
[INFO] [1733707297.835928507] [fibonacci_action_server]: Feedback: array('i', [0, 1, 1, 2, 3, 5])
[INFO] [1733707298.087135614] [fibonacci_action_server]: Feedback: array('i', [0, 1, 1, 2, 3, 5, 8])
[INFO] [1733707298.338153456] [fibonacci_action_server]: Feedback: array('i', [0, 1, 1, 2, 3, 5, 8, 13])
[INFO] [1733707298.589389736] [fibonacci_action_server]: Feedback: array('i', [0, 1, 1, 2, 3, 5, 8, 13, 21])
[INFO] [1733707298.840380547] [fibonacci_action_server]: Feedback: array('i', [0, 1, 1, 2, 3, 5, 8, 13, 21, 34])
[INFO] [1733707299.091536288] [fibonacci_action_server]: Feedback: array('i', [0, 1, 1, 2, 3, 5, 8, 13, 21, 34, 55])
[INFO] [1733707299.596903906] [fibonacci_action_server]: Executing goal...
[INFO] [1733707299.597411426] [fibonacci_action_server]: Feedback: array('i', [0, 1, 1])
[INFO] [1733707299.848836195] [fibonacci_action_server]: Feedback: array('i', [0, 1, 1, 2])
[INFO] [1733707300.099903426] [fibonacci_action_server]: Feedback: array('i', [0, 1, 1, 2, 3])
[INFO] [1733707300.351120217] [fibonacci_action_server]: Feedback: array('i', [0, 1, 1, 2, 3, 5])
[INFO] [1733707300.602537460] [fibonacci_action_server]: Feedback: array('i', [0, 1, 1, 2, 3, 5, 8])
[INFO] [1733707300.853855670] [fibonacci_action_server]: Feedback: array('i', [0, 1, 1, 2, 3, 5, 8, 13])
[INFO] [1733707301.105095637] [fibonacci_action_server]: Feedback: array('i', [0, 1, 1, 2, 3, 5, 8, 13, 21])
[INFO] [1733707301.356349736] [fibonacci_action_server]: Feedback: array('i', [0, 1, 1, 2, 3, 5, 8, 13, 21, 34])
[INFO] [1733707301.607560692] [fibonacci_action_server]: Feedback: array('i', [0, 1, 1, 2, 3, 5, 8, 13, 21, 34, 55])
[INFO] [1733707302.112466966] [fibonacci_action_server]: Executing goal...
[INFO] [1733707302.112836382] [fibonacci_action_server]: Feedback: array('i', [0, 1, 1])
[INFO] [1733707302.364050814] [fibonacci_action_server]: Feedback: array('i', [0, 1, 1, 2])
[INFO] [1733707302.615010619] [fibonacci_action_server]: Feedback: array('i', [0, 1, 1, 2, 3])
[INFO] [1733707302.866477701] [fibonacci_action_server]: Feedback: array('i', [0, 1, 1, 2, 3, 5])
[INFO] [1733707303.117620584] [fibonacci_action_server]: Feedback: array('i', [0, 1, 1, 2, 3, 5, 8])
[INFO] [1733707303.369038141] [fibonacci_action_server]: Feedback: array('i', [0, 1, 1, 2, 3, 5, 8, 13])
[INFO] [1733707303.620046428] [fibonacci_action_server]: Feedback: array('i', [0, 1, 1, 2, 3, 5, 8, 13, 21])
[INFO] [1733707303.871044749] [fibonacci_action_server]: Feedback: array('i', [0, 1, 1, 2, 3, 5, 8, 13, 21, 34])
[INFO] [1733707304.122015710] [fibonacci_action_server]: Feedback: array('i', [0, 1, 1, 2, 3, 5, 8, 13, 21, 34, 55])
[INFO] [1733707304.627705970] [fibonacci_action_server]: Executing goal...
[INFO] [1733707304.628104790] [fibonacci_action_server]: Feedback: array('i', [0, 1, 1])
[INFO] [1733707304.879012509] [fibonacci_action_server]: Feedback: array('i', [0, 1, 1, 2])
[INFO] [1733707305.130011560] [fibonacci_action_server]: Feedback: array('i', [0, 1, 1, 2, 3])
[INFO] [1733707305.380948657] [fibonacci_action_server]: Feedback: array('i', [0, 1, 1, 2, 3, 5])
[INFO] [1733707305.632141492] [fibonacci_action_server]: Feedback: array('i', [0, 1, 1, 2, 3, 5, 8])
[INFO] [1733707305.883268863] [fibonacci_action_server]: Feedback: array('i', [0, 1, 1, 2, 3, 5, 8, 13])
[INFO] [1733707306.134099891] [fibonacci_action_server]: Feedback: array('i', [0, 1, 1, 2, 3, 5, 8, 13, 21])
[INFO] [1733707306.385358688] [fibonacci_action_server]: Feedback: array('i', [0, 1, 1, 2, 3, 5, 8, 13, 21, 34])
[INFO] [1733707306.636542985] [fibonacci_action_server]: Feedback: array('i', [0, 1, 1, 2, 3, 5, 8, 13, 21, 34, 55])
[INFO] [1733707307.142027099] [fibonacci_action_server]: Executing goal...
[INFO] [1733707307.142613006] [fibonacci_action_server]: Feedback: array('i', [0, 1, 1])
[INFO] [1733707307.393779013] [fibonacci_action_server]: Feedback: array('i', [0, 1, 1, 2])
[INFO] [1733707307.644954955] [fibonacci_action_server]: Feedback: array('i', [0, 1, 1, 2, 3])
[INFO] [1733707307.895899621] [fibonacci_action_server]: Feedback: array('i', [0, 1, 1, 2, 3, 5])
[INFO] [1733707308.147295861] [fibonacci_action_server]: Feedback: array('i', [0, 1, 1, 2, 3, 5, 8])
[INFO] [1733707308.398199926] [fibonacci_action_server]: Feedback: array('i', [0, 1, 1, 2, 3, 5, 8, 13])
[INFO] [1733707308.649460588] [fibonacci_action_server]: Feedback: array('i', [0, 1, 1, 2, 3, 5, 8, 13, 21])
[INFO] [1733707308.900430024] [fibonacci_action_server]: Feedback: array('i', [0, 1, 1, 2, 3, 5, 8, 13, 21, 34])
[INFO] [1733707309.151461361] [fibonacci_action_server]: Feedback: array('i', [0, 1, 1, 2, 3, 5, 8, 13, 21, 34, 55])
[INFO] [1733707309.656771470] [fibonacci_action_server]: Executing goal...
[INFO] [1733707309.657263813] [fibonacci_action_server]: Feedback: array('i', [0, 1, 1])
[INFO] [1733707309.908114275] [fibonacci_action_server]: Feedback: array('i', [0, 1, 1, 2])
[INFO] [1733707310.159247265] [fibonacci_action_server]: Feedback: array('i', [0, 1, 1, 2, 3])
[INFO] [1733707310.410621923] [fibonacci_action_server]: Feedback: array('i', [0, 1, 1, 2, 3, 5])
[INFO] [1733707310.661672962] [fibonacci_action_server]: Feedback: array('i', [0, 1, 1, 2, 3, 5, 8])
[INFO] [1733707310.912920757] [fibonacci_action_server]: Feedback: array('i', [0, 1, 1, 2, 3, 5, 8, 13])
[INFO] [1733707311.164248185] [fibonacci_action_server]: Feedback: array('i', [0, 1, 1, 2, 3, 5, 8, 13, 21])
[INFO] [1733707311.415443646] [fibonacci_action_server]: Feedback: array('i', [0, 1, 1, 2, 3, 5, 8, 13, 21, 34])
[INFO] [1733707311.666600452] [fibonacci_action_server]: Feedback: array('i', [0, 1, 1, 2, 3, 5, 8, 13, 21, 34, 55])
[INFO] [1733707312.171766398] [fibonacci_action_server]: Executing goal...
[INFO] [1733707312.172315966] [fibonacci_action_server]: Feedback: array('i', [0, 1, 1])
[INFO] [1733707312.423352708] [fibonacci_action_server]: Feedback: array('i', [0, 1, 1, 2])
[INFO] [1733707312.674524085] [fibonacci_action_server]: Feedback: array('i', [0, 1, 1, 2, 3])
[INFO] [1733707312.925544768] [fibonacci_action_server]: Feedback: array('i', [0, 1, 1, 2, 3, 5])
[INFO] [1733707313.176488681] [fibonacci_action_server]: Feedback: array('i', [0, 1, 1, 2, 3, 5, 8])
[INFO] [1733707313.427834275] [fibonacci_action_server]: Feedback: array('i', [0, 1, 1, 2, 3, 5, 8, 13])
[INFO] [1733707313.678775052] [fibonacci_action_server]: Feedback: array('i', [0, 1, 1, 2, 3, 5, 8, 13, 21])
[INFO] [1733707313.930066508] [fibonacci_action_server]: Feedback: array('i', [0, 1, 1, 2, 3, 5, 8, 13, 21, 34])
[INFO] [1733707314.181006561] [fibonacci_action_server]: Feedback: array('i', [0, 1, 1, 2, 3, 5, 8, 13, 21, 34, 55])
[INFO] [1733707314.686356525] [fibonacci_action_server]: Executing goal...
[INFO] [1733707314.686729861] [fibonacci_action_server]: Feedback: array('i', [0, 1, 1])
[INFO] [1733707314.937989995] [fibonacci_action_server]: Feedback: array('i', [0, 1, 1, 2])
[INFO] [1733707315.189198049] [fibonacci_action_server]: Feedback: array('i', [0, 1, 1, 2, 3])
[INFO] [1733707315.440386231] [fibonacci_action_server]: Feedback: array('i', [0, 1, 1, 2, 3, 5])
[INFO] [1733707315.691334437] [fibonacci_action_server]: Feedback: array('i', [0, 1, 1, 2, 3, 5, 8])
[INFO] [1733707315.942246409] [fibonacci_action_server]: Feedback: array('i', [0, 1, 1, 2, 3, 5, 8, 13])
[INFO] [1733707316.193469288] [fibonacci_action_server]: Feedback: array('i', [0, 1, 1, 2, 3, 5, 8, 13, 21])
[INFO] [1733707316.444705623] [fibonacci_action_server]: Feedback: array('i', [0, 1, 1, 2, 3, 5, 8, 13, 21, 34])
[INFO] [1733707316.695875118] [fibonacci_action_server]: Feedback: array('i', [0, 1, 1, 2, 3, 5, 8, 13, 21, 34, 55])
[INFO] [1733707317.201118231] [fibonacci_action_server]: Executing goal...
[INFO] [1733707317.201525736] [fibonacci_action_server]: Feedback: array('i', [0, 1, 1])
[INFO] [1733707317.452558943] [fibonacci_action_server]: Feedback: array('i', [0, 1, 1, 2])
[INFO] [1733707317.703669206] [fibonacci_action_server]: Feedback: array('i', [0, 1, 1, 2, 3])
[INFO] [1733707317.954772080] [fibonacci_action_server]: Feedback: array('i', [0, 1, 1, 2, 3, 5])
[INFO] [1733707318.205724555] [fibonacci_action_server]: Feedback: array('i', [0, 1, 1, 2, 3, 5, 8])
[INFO] [1733707318.456584384] [fibonacci_action_server]: Feedback: array('i', [0, 1, 1, 2, 3, 5, 8, 13])
[INFO] [1733707318.707765220] [fibonacci_action_server]: Feedback: array('i', [0, 1, 1, 2, 3, 5, 8, 13, 21])
[INFO] [1733707318.958695303] [fibonacci_action_server]: Feedback: array('i', [0, 1, 1, 2, 3, 5, 8, 13, 21, 34])
[INFO] [1733707319.209877130] [fibonacci_action_server]: Feedback: array('i', [0, 1, 1, 2, 3, 5, 8, 13, 21, 34, 55])
[INFO] [1733707319.715102252] [fibonacci_action_server]: Executing goal...
[INFO] [1733707319.715468371] [fibonacci_action_server]: Feedback: array('i', [0, 1, 1])
[INFO] [1733707319.966274749] [fibonacci_action_server]: Feedback: array('i', [0, 1, 1, 2])
[INFO] [1733707320.217572630] [fibonacci_action_server]: Feedback: array('i', [0, 1, 1, 2, 3])
[INFO] [1733707320.468817629] [fibonacci_action_server]: Feedback: array('i', [0, 1, 1, 2, 3, 5])
[INFO] [1733707320.720033750] [fibonacci_action_server]: Feedback: array('i', [0, 1, 1, 2, 3, 5, 8])
[INFO] [1733707320.971378085] [fibonacci_action_server]: Feedback: array('i', [0, 1, 1, 2, 3, 5, 8, 13])
[INFO] [1733707321.222443660] [fibonacci_action_server]: Feedback: array('i', [0, 1, 1, 2, 3, 5, 8, 13, 21])
[INFO] [1733707321.473652143] [fibonacci_action_server]: Feedback: array('i', [0, 1, 1, 2, 3, 5, 8, 13, 21, 34])
[INFO] [1733707321.724962501] [fibonacci_action_server]: Feedback: array('i', [0, 1, 1, 2, 3, 5, 8, 13, 21, 34, 55])
[INFO] [1733707322.230532727] [fibonacci_action_server]: Executing goal...
[INFO] [1733707322.230907336] [fibonacci_action_server]: Feedback: array('i', [0, 1, 1])
[INFO] [1733707322.482104304] [fibonacci_action_server]: Feedback: array('i', [0, 1, 1, 2])
[INFO] [1733707322.733502714] [fibonacci_action_server]: Feedback: array('i', [0, 1, 1, 2, 3])
[INFO] [1733707322.984777625] [fibonacci_action_server]: Feedback: array('i', [0, 1, 1, 2, 3, 5])
[INFO] [1733707323.235935946] [fibonacci_action_server]: Feedback: array('i', [0, 1, 1, 2, 3, 5, 8])
[INFO] [1733707323.486873194] [fibonacci_action_server]: Feedback: array('i', [0, 1, 1, 2, 3, 5, 8, 13])
[INFO] [1733707323.737828336] [fibonacci_action_server]: Feedback: array('i', [0, 1, 1, 2, 3, 5, 8, 13, 21])
[INFO] [1733707323.989223827] [fibonacci_action_server]: Feedback: array('i', [0, 1, 1, 2, 3, 5, 8, 13, 21, 34])
[INFO] [1733707324.240230828] [fibonacci_action_server]: Feedback: array('i', [0, 1, 1, 2, 3, 5, 8, 13, 21, 34, 55])
[INFO] [1733707324.745459667] [fibonacci_action_server]: Executing goal...
[INFO] [1733707324.745849129] [fibonacci_action_server]: Feedback: array('i', [0, 1, 1])
[INFO] [1733707324.996894646] [fibonacci_action_server]: Feedback: array('i', [0, 1, 1, 2])
[INFO] [1733707325.247885085] [fibonacci_action_server]: Feedback: array('i', [0, 1, 1, 2, 3])
[INFO] [1733707325.499047966] [fibonacci_action_server]: Feedback: array('i', [0, 1, 1, 2, 3, 5])
[INFO] [1733707325.749984364] [fibonacci_action_server]: Feedback: array('i', [0, 1, 1, 2, 3, 5, 8])
[INFO] [1733707326.001096459] [fibonacci_action_server]: Feedback: array('i', [0, 1, 1, 2, 3, 5, 8, 13])
[INFO] [1733707326.252408871] [fibonacci_action_server]: Feedback: array('i', [0, 1, 1, 2, 3, 5, 8, 13, 21])
[INFO] [1733707326.503369740] [fibonacci_action_server]: Feedback: array('i', [0, 1, 1, 2, 3, 5, 8, 13, 21, 34])
[INFO] [1733707326.754451070] [fibonacci_action_server]: Feedback: array('i', [0, 1, 1, 2, 3, 5, 8, 13, 21, 34, 55])
[INFO] [1733707327.259820946] [fibonacci_action_server]: Executing goal...
[INFO] [1733707327.260211311] [fibonacci_action_server]: Feedback: array('i', [0, 1, 1])
[INFO] [1733707327.511266196] [fibonacci_action_server]: Feedback: array('i', [0, 1, 1, 2])
[INFO] [1733707327.762103760] [fibonacci_action_server]: Feedback: array('i', [0, 1, 1, 2, 3])
[INFO] [1733707328.013277018] [fibonacci_action_server]: Feedback: array('i', [0, 1, 1, 2, 3, 5])
[INFO] [1733707328.264561794] [fibonacci_action_server]: Feedback: array('i', [0, 1, 1, 2, 3, 5, 8])
[INFO] [1733707328.515750395] [fibonacci_action_server]: Feedback: array('i', [0, 1, 1, 2, 3, 5, 8, 13])
[INFO] [1733707328.766662138] [fibonacci_action_server]: Feedback: array('i', [0, 1, 1, 2, 3, 5, 8, 13, 21])
[INFO] [1733707329.017888920] [fibonacci_action_server]: Feedback: array('i', [0, 1, 1, 2, 3, 5, 8, 13, 21, 34])
[INFO] [1733707329.269217378] [fibonacci_action_server]: Feedback: array('i', [0, 1, 1, 2, 3, 5, 8, 13, 21, 34, 55])
[INFO] [1733707329.774307342] [fibonacci_action_server]: Executing goal...
[INFO] [1733707329.774681619] [fibonacci_action_server]: Feedback: array('i', [0, 1, 1])
[INFO] [1733707330.025564537] [fibonacci_action_server]: Feedback: array('i', [0, 1, 1, 2])
[INFO] [1733707330.276733432] [fibonacci_action_server]: Feedback: array('i', [0, 1, 1, 2, 3])
[INFO] [1733707330.527855159] [fibonacci_action_server]: Feedback: array('i', [0, 1, 1, 2, 3, 5])
[INFO] [1733707330.778915891] [fibonacci_action_server]: Feedback: array('i', [0, 1, 1, 2, 3, 5, 8])
[INFO] [1733707331.030221087] [fibonacci_action_server]: Feedback: array('i', [0, 1, 1, 2, 3, 5, 8, 13])
[INFO] [1733707331.281597883] [fibonacci_action_server]: Feedback: array('i', [0, 1, 1, 2, 3, 5, 8, 13, 21])
[INFO] [1733707331.532529333] [fibonacci_action_server]: Feedback: array('i', [0, 1, 1, 2, 3, 5, 8, 13, 21, 34])
[INFO] [1733707331.783577458] [fibonacci_action_server]: Feedback: array('i', [0, 1, 1, 2, 3, 5, 8, 13, 21, 34, 55])
[INFO] [1733707332.289061671] [fibonacci_action_server]: Executing goal...
[INFO] [1733707332.289496930] [fibonacci_action_server]: Feedback: array('i', [0, 1, 1])
[INFO] [1733707332.540406017] [fibonacci_action_server]: Feedback: array('i', [0, 1, 1, 2])
[INFO] [1733707332.791347682] [fibonacci_action_server]: Feedback: array('i', [0, 1, 1, 2, 3])
[INFO] [1733707333.042274138] [fibonacci_action_server]: Feedback: array('i', [0, 1, 1, 2, 3, 5])
[INFO] [1733707333.293545725] [fibonacci_action_server]: Feedback: array('i', [0, 1, 1, 2, 3, 5, 8])
[INFO] [1733707333.544742731] [fibonacci_action_server]: Feedback: array('i', [0, 1, 1, 2, 3, 5, 8, 13])
[INFO] [1733707333.795623723] [fibonacci_action_server]: Feedback: array('i', [0, 1, 1, 2, 3, 5, 8, 13, 21])
[INFO] [1733707334.046584638] [fibonacci_action_server]: Feedback: array('i', [0, 1, 1, 2, 3, 5, 8, 13, 21, 34])
[INFO] [1733707334.297887959] [fibonacci_action_server]: Feedback: array('i', [0, 1, 1, 2, 3, 5, 8, 13, 21, 34, 55])
[INFO] [1733707334.803955462] [fibonacci_action_server]: Executing goal...
[INFO] [1733707334.804625166] [fibonacci_action_server]: Feedback: array('i', [0, 1, 1])
[INFO] [1733707335.055846876] [fibonacci_action_server]: Feedback: array('i', [0, 1, 1, 2])
[INFO] [1733707335.306787298] [fibonacci_action_server]: Feedback: array('i', [0, 1, 1, 2, 3])
[INFO] [1733707335.557994339] [fibonacci_action_server]: Feedback: array('i', [0, 1, 1, 2, 3, 5])
[INFO] [1733707335.809048149] [fibonacci_action_server]: Feedback: array('i', [0, 1, 1, 2, 3, 5, 8])
[INFO] [1733707336.060253649] [fibonacci_action_server]: Feedback: array('i', [0, 1, 1, 2, 3, 5, 8, 13])
[INFO] [1733707336.311629650] [fibonacci_action_server]: Feedback: array('i', [0, 1, 1, 2, 3, 5, 8, 13, 21])
[INFO] [1733707336.562793893] [fibonacci_action_server]: Feedback: array('i', [0, 1, 1, 2, 3, 5, 8, 13, 21, 34])
[INFO] [1733707336.814104008] [fibonacci_action_server]: Feedback: array('i', [0, 1, 1, 2, 3, 5, 8, 13, 21, 34, 55])
[INFO] [1733707337.319473407] [fibonacci_action_server]: Executing goal...
[INFO] [1733707337.319870096] [fibonacci_action_server]: Feedback: array('i', [0, 1, 1])
[INFO] [1733707337.570657625] [fibonacci_action_server]: Feedback: array('i', [0, 1, 1, 2])
[INFO] [1733707337.821905657] [fibonacci_action_server]: Feedback: array('i', [0, 1, 1, 2, 3])
[INFO] [1733707338.073188775] [fibonacci_action_server]: Feedback: array('i', [0, 1, 1, 2, 3, 5])
[INFO] [1733707338.324481178] [fibonacci_action_server]: Feedback: array('i', [0, 1, 1, 2, 3, 5, 8])
[INFO] [1733707338.575644205] [fibonacci_action_server]: Feedback: array('i', [0, 1, 1, 2, 3, 5, 8, 13])
[INFO] [1733707338.826617976] [fibonacci_action_server]: Feedback: array('i', [0, 1, 1, 2, 3, 5, 8, 13, 21])
[INFO] [1733707339.077874448] [fibonacci_action_server]: Feedback: array('i', [0, 1, 1, 2, 3, 5, 8, 13, 21, 34])
[INFO] [1733707339.328840916] [fibonacci_action_server]: Feedback: array('i', [0, 1, 1, 2, 3, 5, 8, 13, 21, 34, 55])
[INFO] [1733707339.834304907] [fibonacci_action_server]: Executing goal...
[INFO] [1733707339.834669793] [fibonacci_action_server]: Feedback: array('i', [0, 1, 1])
[INFO] [1733707340.085526226] [fibonacci_action_server]: Feedback: array('i', [0, 1, 1, 2])
[INFO] [1733707340.336759217] [fibonacci_action_server]: Feedback: array('i', [0, 1, 1, 2, 3])
[INFO] [1733707340.587647371] [fibonacci_action_server]: Feedback: array('i', [0, 1, 1, 2, 3, 5])
[INFO] [1733707340.838317614] [fibonacci_action_server]: Feedback: array('i', [0, 1, 1, 2, 3, 5, 8])
[INFO] [1733707341.089435228] [fibonacci_action_server]: Feedback: array('i', [0, 1, 1, 2, 3, 5, 8, 13])
[INFO] [1733707341.340372725] [fibonacci_action_server]: Feedback: array('i', [0, 1, 1, 2, 3, 5, 8, 13, 21])
[INFO] [1733707341.591270638] [fibonacci_action_server]: Feedback: array('i', [0, 1, 1, 2, 3, 5, 8, 13, 21, 34])
[INFO] [1733707341.842122321] [fibonacci_action_server]: Feedback: array('i', [0, 1, 1, 2, 3, 5, 8, 13, 21, 34, 55])
[INFO] [1733707342.347537447] [fibonacci_action_server]: Executing goal...
[INFO] [1733707342.348058111] [fibonacci_action_server]: Feedback: array('i', [0, 1, 1])
[INFO] [1733707342.599022976] [fibonacci_action_server]: Feedback: array('i', [0, 1, 1, 2])
[INFO] [1733707342.849883321] [fibonacci_action_server]: Feedback: array('i', [0, 1, 1, 2, 3])
[INFO] [1733707343.101054875] [fibonacci_action_server]: Feedback: array('i', [0, 1, 1, 2, 3, 5])
[INFO] [1733707343.352326217] [fibonacci_action_server]: Feedback: array('i', [0, 1, 1, 2, 3, 5, 8])
[INFO] [1733707343.603490382] [fibonacci_action_server]: Feedback: array('i', [0, 1, 1, 2, 3, 5, 8, 13])
[INFO] [1733707343.854528515] [fibonacci_action_server]: Feedback: array('i', [0, 1, 1, 2, 3, 5, 8, 13, 21])
[INFO] [1733707344.105622651] [fibonacci_action_server]: Feedback: array('i', [0, 1, 1, 2, 3, 5, 8, 13, 21, 34])
[INFO] [1733707344.356824258] [fibonacci_action_server]: Feedback: array('i', [0, 1, 1, 2, 3, 5, 8, 13, 21, 34, 55])
[INFO] [1733707344.862395064] [fibonacci_action_server]: Executing goal...
[INFO] [1733707344.862915326] [fibonacci_action_server]: Feedback: array('i', [0, 1, 1])
[INFO] [1733707345.113896623] [fibonacci_action_server]: Feedback: array('i', [0, 1, 1, 2])
[INFO] [1733707345.364863776] [fibonacci_action_server]: Feedback: array('i', [0, 1, 1, 2, 3])
[INFO] [1733707345.616153987] [fibonacci_action_server]: Feedback: array('i', [0, 1, 1, 2, 3, 5])
[INFO] [1733707345.867167550] [fibonacci_action_server]: Feedback: array('i', [0, 1, 1, 2, 3, 5, 8])
[INFO] [1733707346.118129472] [fibonacci_action_server]: Feedback: array('i', [0, 1, 1, 2, 3, 5, 8, 13])
[INFO] [1733707346.369010168] [fibonacci_action_server]: Feedback: array('i', [0, 1, 1, 2, 3, 5, 8, 13, 21])
[INFO] [1733707346.620151198] [fibonacci_action_server]: Feedback: array('i', [0, 1, 1, 2, 3, 5, 8, 13, 21, 34])
[INFO] [1733707346.871265828] [fibonacci_action_server]: Feedback: array('i', [0, 1, 1, 2, 3, 5, 8, 13, 21, 34, 55])
[INFO] [1733707347.376348561] [fibonacci_action_server]: Executing goal...
[INFO] [1733707347.376722780] [fibonacci_action_server]: Feedback: array('i', [0, 1, 1])
[INFO] [1733707347.627805679] [fibonacci_action_server]: Feedback: array('i', [0, 1, 1, 2])
[INFO] [1733707347.879081251] [fibonacci_action_server]: Feedback: array('i', [0, 1, 1, 2, 3])
[INFO] [1733707348.130014319] [fibonacci_action_server]: Feedback: array('i', [0, 1, 1, 2, 3, 5])
[INFO] [1733707348.381202672] [fibonacci_action_server]: Feedback: array('i', [0, 1, 1, 2, 3, 5, 8])
[INFO] [1733707348.632667451] [fibonacci_action_server]: Feedback: array('i', [0, 1, 1, 2, 3, 5, 8, 13])
[INFO] [1733707348.883871790] [fibonacci_action_server]: Feedback: array('i', [0, 1, 1, 2, 3, 5, 8, 13, 21])
[INFO] [1733707349.134953340] [fibonacci_action_server]: Feedback: array('i', [0, 1, 1, 2, 3, 5, 8, 13, 21, 34])
[INFO] [1733707349.386116746] [fibonacci_action_server]: Feedback: array('i', [0, 1, 1, 2, 3, 5, 8, 13, 21, 34, 55])
[INFO] [1733707349.891548438] [fibonacci_action_server]: Executing goal...
[INFO] [1733707349.891937885] [fibonacci_action_server]: Feedback: array('i', [0, 1, 1])
[INFO] [1733707350.142878210] [fibonacci_action_server]: Feedback: array('i', [0, 1, 1, 2])
[INFO] [1733707350.394000151] [fibonacci_action_server]: Feedback: array('i', [0, 1, 1, 2, 3])
[INFO] [1733707350.644918426] [fibonacci_action_server]: Feedback: array('i', [0, 1, 1, 2, 3, 5])
[INFO] [1733707350.896171353] [fibonacci_action_server]: Feedback: array('i', [0, 1, 1, 2, 3, 5, 8])
[INFO] [1733707351.147093135] [fibonacci_action_server]: Feedback: array('i', [0, 1, 1, 2, 3, 5, 8, 13])
[INFO] [1733707351.398070301] [fibonacci_action_server]: Feedback: array('i', [0, 1, 1, 2, 3, 5, 8, 13, 21])
[INFO] [1733707351.649011651] [fibonacci_action_server]: Feedback: array('i', [0, 1, 1, 2, 3, 5, 8, 13, 21, 34])
[INFO] [1733707351.900194845] [fibonacci_action_server]: Feedback: array('i', [0, 1, 1, 2, 3, 5, 8, 13, 21, 34, 55])
[INFO] [1733707352.406275642] [fibonacci_action_server]: Executing goal...
[INFO] [1733707352.406643776] [fibonacci_action_server]: Feedback: array('i', [0, 1, 1])
[INFO] [1733707352.657829951] [fibonacci_action_server]: Feedback: array('i', [0, 1, 1, 2])
[INFO] [1733707352.909040860] [fibonacci_action_server]: Feedback: array('i', [0, 1, 1, 2, 3])
[INFO] [1733707353.160299226] [fibonacci_action_server]: Feedback: array('i', [0, 1, 1, 2, 3, 5])
[INFO] [1733707353.411698221] [fibonacci_action_server]: Feedback: array('i', [0, 1, 1, 2, 3, 5, 8])
[INFO] [1733707353.663203692] [fibonacci_action_server]: Feedback: array('i', [0, 1, 1, 2, 3, 5, 8, 13])
[INFO] [1733707353.914578092] [fibonacci_action_server]: Feedback: array('i', [0, 1, 1, 2, 3, 5, 8, 13, 21])
[INFO] [1733707354.165839107] [fibonacci_action_server]: Feedback: array('i', [0, 1, 1, 2, 3, 5, 8, 13, 21, 34])
[INFO] [1733707354.417033415] [fibonacci_action_server]: Feedback: array('i', [0, 1, 1, 2, 3, 5, 8, 13, 21, 34, 55])
[INFO] [1733707354.922553409] [fibonacci_action_server]: Executing goal...
[INFO] [1733707354.922923507] [fibonacci_action_server]: Feedback: array('i', [0, 1, 1])
[INFO] [1733707355.174071306] [fibonacci_action_server]: Feedback: array('i', [0, 1, 1, 2])
[INFO] [1733707355.425461369] [fibonacci_action_server]: Feedback: array('i', [0, 1, 1, 2, 3])
[INFO] [1733707355.676470464] [fibonacci_action_server]: Feedback: array('i', [0, 1, 1, 2, 3, 5])
[INFO] [1733707355.927657393] [fibonacci_action_server]: Feedback: array('i', [0, 1, 1, 2, 3, 5, 8])
[INFO] [1733707356.178720102] [fibonacci_action_server]: Feedback: array('i', [0, 1, 1, 2, 3, 5, 8, 13])
[INFO] [1733707356.429749174] [fibonacci_action_server]: Feedback: array('i', [0, 1, 1, 2, 3, 5, 8, 13, 21])
[INFO] [1733707356.680959014] [fibonacci_action_server]: Feedback: array('i', [0, 1, 1, 2, 3, 5, 8, 13, 21, 34])
[INFO] [1733707356.932092202] [fibonacci_action_server]: Feedback: array('i', [0, 1, 1, 2, 3, 5, 8, 13, 21, 34, 55])
[INFO] [1733707357.437838366] [fibonacci_action_server]: Executing goal...
[INFO] [1733707357.438546746] [fibonacci_action_server]: Feedback: array('i', [0, 1, 1])
[INFO] [1733707357.689796585] [fibonacci_action_server]: Feedback: array('i', [0, 1, 1, 2])
[INFO] [1733707357.940975226] [fibonacci_action_server]: Feedback: array('i', [0, 1, 1, 2, 3])
[INFO] [1733707358.192151736] [fibonacci_action_server]: Feedback: array('i', [0, 1, 1, 2, 3, 5])
[INFO] [1733707358.443272745] [fibonacci_action_server]: Feedback: array('i', [0, 1, 1, 2, 3, 5, 8])
[INFO] [1733707358.694049638] [fibonacci_action_server]: Feedback: array('i', [0, 1, 1, 2, 3, 5, 8, 13])
[INFO] [1733707358.945237562] [fibonacci_action_server]: Feedback: array('i', [0, 1, 1, 2, 3, 5, 8, 13, 21])
[INFO] [1733707359.196527020] [fibonacci_action_server]: Feedback: array('i', [0, 1, 1, 2, 3, 5, 8, 13, 21, 34])
[INFO] [1733707359.447761197] [fibonacci_action_server]: Feedback: array('i', [0, 1, 1, 2, 3, 5, 8, 13, 21, 34, 55])
[INFO] [1733707359.953407767] [fibonacci_action_server]: Executing goal...
[INFO] [1733707359.953797590] [fibonacci_action_server]: Feedback: array('i', [0, 1, 1])
[INFO] [1733707360.204907490] [fibonacci_action_server]: Feedback: array('i', [0, 1, 1, 2])
[INFO] [1733707360.455894258] [fibonacci_action_server]: Feedback: array('i', [0, 1, 1, 2, 3])
[INFO] [1733707360.707003230] [fibonacci_action_server]: Feedback: array('i', [0, 1, 1, 2, 3, 5])
[INFO] [1733707360.957750176] [fibonacci_action_server]: Feedback: array('i', [0, 1, 1, 2, 3, 5, 8])
[INFO] [1733707361.208946266] [fibonacci_action_server]: Feedback: array('i', [0, 1, 1, 2, 3, 5, 8, 13])
[INFO] [1733707361.460281305] [fibonacci_action_server]: Feedback: array('i', [0, 1, 1, 2, 3, 5, 8, 13, 21])
[INFO] [1733707361.711183342] [fibonacci_action_server]: Feedback: array('i', [0, 1, 1, 2, 3, 5, 8, 13, 21, 34])
[INFO] [1733707361.962201831] [fibonacci_action_server]: Feedback: array('i', [0, 1, 1, 2, 3, 5, 8, 13, 21, 34, 55])
[INFO] [1733707362.467648197] [fibonacci_action_server]: Executing goal...
[INFO] [1733707362.468026486] [fibonacci_action_server]: Feedback: array('i', [0, 1, 1])
[INFO] [1733707362.718830957] [fibonacci_action_server]: Feedback: array('i', [0, 1, 1, 2])
[INFO] [1733707362.969972199] [fibonacci_action_server]: Feedback: array('i', [0, 1, 1, 2, 3])
[INFO] [1733707363.221218766] [fibonacci_action_server]: Feedback: array('i', [0, 1, 1, 2, 3, 5])
[INFO] [1733707363.472513966] [fibonacci_action_server]: Feedback: array('i', [0, 1, 1, 2, 3, 5, 8])
[INFO] [1733707363.723876295] [fibonacci_action_server]: Feedback: array('i', [0, 1, 1, 2, 3, 5, 8, 13])
[INFO] [1733707363.974897516] [fibonacci_action_server]: Feedback: array('i', [0, 1, 1, 2, 3, 5, 8, 13, 21])
[INFO] [1733707364.226033145] [fibonacci_action_server]: Feedback: array('i', [0, 1, 1, 2, 3, 5, 8, 13, 21, 34])
[INFO] [1733707364.476958253] [fibonacci_action_server]: Feedback: array('i', [0, 1, 1, 2, 3, 5, 8, 13, 21, 34, 55])
[INFO] [1733707364.983050036] [fibonacci_action_server]: Executing goal...
[INFO] [1733707364.983449431] [fibonacci_action_server]: Feedback: array('i', [0, 1, 1])
[INFO] [1733707365.234118733] [fibonacci_action_server]: Feedback: array('i', [0, 1, 1, 2])
[INFO] [1733707365.485352635] [fibonacci_action_server]: Feedback: array('i', [0, 1, 1, 2, 3])
[INFO] [1733707365.736665411] [fibonacci_action_server]: Feedback: array('i', [0, 1, 1, 2, 3, 5])
[INFO] [1733707365.987877399] [fibonacci_action_server]: Feedback: array('i', [0, 1, 1, 2, 3, 5, 8])
[INFO] [1733707366.238846888] [fibonacci_action_server]: Feedback: array('i', [0, 1, 1, 2, 3, 5, 8, 13])
[INFO] [1733707366.490089970] [fibonacci_action_server]: Feedback: array('i', [0, 1, 1, 2, 3, 5, 8, 13, 21])
[INFO] [1733707366.741342433] [fibonacci_action_server]: Feedback: array('i', [0, 1, 1, 2, 3, 5, 8, 13, 21, 34])
[INFO] [1733707366.992273958] [fibonacci_action_server]: Feedback: array('i', [0, 1, 1, 2, 3, 5, 8, 13, 21, 34, 55])
[INFO] [1733707367.498008938] [fibonacci_action_server]: Executing goal...
[INFO] [1733707367.498390305] [fibonacci_action_server]: Feedback: array('i', [0, 1, 1])
[INFO] [1733707367.749562669] [fibonacci_action_server]: Feedback: array('i', [0, 1, 1, 2])
[INFO] [1733707368.000559182] [fibonacci_action_server]: Feedback: array('i', [0, 1, 1, 2, 3])
[INFO] [1733707368.251800732] [fibonacci_action_server]: Feedback: array('i', [0, 1, 1, 2, 3, 5])
[INFO] [1733707368.503149863] [fibonacci_action_server]: Feedback: array('i', [0, 1, 1, 2, 3, 5, 8])
[INFO] [1733707368.754123007] [fibonacci_action_server]: Feedback: array('i', [0, 1, 1, 2, 3, 5, 8, 13])
[INFO] [1733707369.005270862] [fibonacci_action_server]: Feedback: array('i', [0, 1, 1, 2, 3, 5, 8, 13, 21])
[INFO] [1733707369.256402320] [fibonacci_action_server]: Feedback: array('i', [0, 1, 1, 2, 3, 5, 8, 13, 21, 34])
[INFO] [1733707369.507323727] [fibonacci_action_server]: Feedback: array('i', [0, 1, 1, 2, 3, 5, 8, 13, 21, 34, 55])
[INFO] [1733707370.013862681] [fibonacci_action_server]: Executing goal...
[INFO] [1733707370.014503858] [fibonacci_action_server]: Feedback: array('i', [0, 1, 1])
[INFO] [1733707370.265698118] [fibonacci_action_server]: Feedback: array('i', [0, 1, 1, 2])
[INFO] [1733707370.516906753] [fibonacci_action_server]: Feedback: array('i', [0, 1, 1, 2, 3])
[INFO] [1733707370.768133025] [fibonacci_action_server]: Feedback: array('i', [0, 1, 1, 2, 3, 5])
[INFO] [1733707371.019399577] [fibonacci_action_server]: Feedback: array('i', [0, 1, 1, 2, 3, 5, 8])
[INFO] [1733707371.270559962] [fibonacci_action_server]: Feedback: array('i', [0, 1, 1, 2, 3, 5, 8, 13])
[INFO] [1733707371.521562702] [fibonacci_action_server]: Feedback: array('i', [0, 1, 1, 2, 3, 5, 8, 13, 21])
[INFO] [1733707371.772747355] [fibonacci_action_server]: Feedback: array('i', [0, 1, 1, 2, 3, 5, 8, 13, 21, 34])
[INFO] [1733707372.023753431] [fibonacci_action_server]: Feedback: array('i', [0, 1, 1, 2, 3, 5, 8, 13, 21, 34, 55])
[INFO] [1733707372.530538451] [fibonacci_action_server]: Executing goal...
[INFO] [1733707372.531170465] [fibonacci_action_server]: Feedback: array('i', [0, 1, 1])
[INFO] [1733707372.781789924] [fibonacci_action_server]: Feedback: array('i', [0, 1, 1, 2])
[INFO] [1733707373.032998257] [fibonacci_action_server]: Feedback: array('i', [0, 1, 1, 2, 3])
[INFO] [1733707373.283936756] [fibonacci_action_server]: Feedback: array('i', [0, 1, 1, 2, 3, 5])
[INFO] [1733707373.535108992] [fibonacci_action_server]: Feedback: array('i', [0, 1, 1, 2, 3, 5, 8])
[INFO] [1733707373.786441795] [fibonacci_action_server]: Feedback: array('i', [0, 1, 1, 2, 3, 5, 8, 13])
[INFO] [1733707374.037739334] [fibonacci_action_server]: Feedback: array('i', [0, 1, 1, 2, 3, 5, 8, 13, 21])
[INFO] [1733707374.288913186] [fibonacci_action_server]: Feedback: array('i', [0, 1, 1, 2, 3, 5, 8, 13, 21, 34])
[INFO] [1733707374.540151658] [fibonacci_action_server]: Feedback: array('i', [0, 1, 1, 2, 3, 5, 8, 13, 21, 34, 55])
[INFO] [1733707375.046629739] [fibonacci_action_server]: Executing goal...
[INFO] [1733707375.047004270] [fibonacci_action_server]: Feedback: array('i', [0, 1, 1])
[INFO] [1733707375.298136669] [fibonacci_action_server]: Feedback: array('i', [0, 1, 1, 2])
[INFO] [1733707375.549415858] [fibonacci_action_server]: Feedback: array('i', [0, 1, 1, 2, 3])
[INFO] [1733707375.800694195] [fibonacci_action_server]: Feedback: array('i', [0, 1, 1, 2, 3, 5])
[INFO] [1733707376.052192273] [fibonacci_action_server]: Feedback: array('i', [0, 1, 1, 2, 3, 5, 8])
[INFO] [1733707376.303397291] [fibonacci_action_server]: Feedback: array('i', [0, 1, 1, 2, 3, 5, 8, 13])
[INFO] [1733707376.554431517] [fibonacci_action_server]: Feedback: array('i', [0, 1, 1, 2, 3, 5, 8, 13, 21])
[INFO] [1733707376.805402038] [fibonacci_action_server]: Feedback: array('i', [0, 1, 1, 2, 3, 5, 8, 13, 21, 34])
[INFO] [1733707377.056525502] [fibonacci_action_server]: Feedback: array('i', [0, 1, 1, 2, 3, 5, 8, 13, 21, 34, 55])
[INFO] [1733707377.562182233] [fibonacci_action_server]: Executing goal...
[INFO] [1733707377.562569783] [fibonacci_action_server]: Feedback: array('i', [0, 1, 1])
[INFO] [1733707377.813556165] [fibonacci_action_server]: Feedback: array('i', [0, 1, 1, 2])
[INFO] [1733707378.064524305] [fibonacci_action_server]: Feedback: array('i', [0, 1, 1, 2, 3])
[INFO] [1733707378.315701326] [fibonacci_action_server]: Feedback: array('i', [0, 1, 1, 2, 3, 5])
[INFO] [1733707378.566665642] [fibonacci_action_server]: Feedback: array('i', [0, 1, 1, 2, 3, 5, 8])
[INFO] [1733707378.818078216] [fibonacci_action_server]: Feedback: array('i', [0, 1, 1, 2, 3, 5, 8, 13])
[INFO] [1733707379.069536797] [fibonacci_action_server]: Feedback: array('i', [0, 1, 1, 2, 3, 5, 8, 13, 21])
[INFO] [1733707379.320807135] [fibonacci_action_server]: Feedback: array('i', [0, 1, 1, 2, 3, 5, 8, 13, 21, 34])
[INFO] [1733707379.572091661] [fibonacci_action_server]: Feedback: array('i', [0, 1, 1, 2, 3, 5, 8, 13, 21, 34, 55])
[INFO] [1733707380.078000441] [fibonacci_action_server]: Executing goal...
[INFO] [1733707380.078426885] [fibonacci_action_server]: Feedback: array('i', [0, 1, 1])
[INFO] [1733707380.329349115] [fibonacci_action_server]: Feedback: array('i', [0, 1, 1, 2])
[INFO] [1733707380.580603156] [fibonacci_action_server]: Feedback: array('i', [0, 1, 1, 2, 3])
[INFO] [1733707380.831777442] [fibonacci_action_server]: Feedback: array('i', [0, 1, 1, 2, 3, 5])
[INFO] [1733707381.082813570] [fibonacci_action_server]: Feedback: array('i', [0, 1, 1, 2, 3, 5, 8])
[INFO] [1733707381.334084919] [fibonacci_action_server]: Feedback: array('i', [0, 1, 1, 2, 3, 5, 8, 13])
[INFO] [1733707381.585246658] [fibonacci_action_server]: Feedback: array('i', [0, 1, 1, 2, 3, 5, 8, 13, 21])
[INFO] [1733707381.836753170] [fibonacci_action_server]: Feedback: array('i', [0, 1, 1, 2, 3, 5, 8, 13, 21, 34])
[INFO] [1733707382.087716136] [fibonacci_action_server]: Feedback: array('i', [0, 1, 1, 2, 3, 5, 8, 13, 21, 34, 55])
[INFO] [1733707382.594787341] [fibonacci_action_server]: Executing goal...
[INFO] [1733707382.595185472] [fibonacci_action_server]: Feedback: array('i', [0, 1, 1])
[INFO] [1733707382.845768040] [fibonacci_action_server]: Feedback: array('i', [0, 1, 1, 2])
[INFO] [1733707383.096846065] [fibonacci_action_server]: Feedback: array('i', [0, 1, 1, 2, 3])
[INFO] [1733707383.347755229] [fibonacci_action_server]: Feedback: array('i', [0, 1, 1, 2, 3, 5])
[INFO] [1733707383.598811587] [fibonacci_action_server]: Feedback: array('i', [0, 1, 1, 2, 3, 5, 8])
[INFO] [1733707383.849743587] [fibonacci_action_server]: Feedback: array('i', [0, 1, 1, 2, 3, 5, 8, 13])
[INFO] [1733707384.100891449] [fibonacci_action_server]: Feedback: array('i', [0, 1, 1, 2, 3, 5, 8, 13, 21])
[INFO] [1733707384.352123879] [fibonacci_action_server]: Feedback: array('i', [0, 1, 1, 2, 3, 5, 8, 13, 21, 34])
[INFO] [1733707384.603187894] [fibonacci_action_server]: Feedback: array('i', [0, 1, 1, 2, 3, 5, 8, 13, 21, 34, 55])
[INFO] [1733707385.109461102] [fibonacci_action_server]: Executing goal...
[INFO] [1733707385.109824031] [fibonacci_action_server]: Feedback: array('i', [0, 1, 1])
[INFO] [1733707385.360583510] [fibonacci_action_server]: Feedback: array('i', [0, 1, 1, 2])
[INFO] [1733707385.611514644] [fibonacci_action_server]: Feedback: array('i', [0, 1, 1, 2, 3])
[INFO] [1733707385.862551755] [fibonacci_action_server]: Feedback: array('i', [0, 1, 1, 2, 3, 5])
[INFO] [1733707386.113984981] [fibonacci_action_server]: Feedback: array('i', [0, 1, 1, 2, 3, 5, 8])
[INFO] [1733707386.365209186] [fibonacci_action_server]: Feedback: array('i', [0, 1, 1, 2, 3, 5, 8, 13])
[INFO] [1733707386.616552466] [fibonacci_action_server]: Feedback: array('i', [0, 1, 1, 2, 3, 5, 8, 13, 21])
[INFO] [1733707386.867596619] [fibonacci_action_server]: Feedback: array('i', [0, 1, 1, 2, 3, 5, 8, 13, 21, 34])
[INFO] [1733707387.118634916] [fibonacci_action_server]: Feedback: array('i', [0, 1, 1, 2, 3, 5, 8, 13, 21, 34, 55])
[INFO] [1733707387.625517215] [fibonacci_action_server]: Executing goal...
[INFO] [1733707387.625920157] [fibonacci_action_server]: Feedback: array('i', [0, 1, 1])
[INFO] [1733707387.876738591] [fibonacci_action_server]: Feedback: array('i', [0, 1, 1, 2])
[INFO] [1733707388.127652088] [fibonacci_action_server]: Feedback: array('i', [0, 1, 1, 2, 3])
[INFO] [1733707388.379045173] [fibonacci_action_server]: Feedback: array('i', [0, 1, 1, 2, 3, 5])
[INFO] [1733707388.629814147] [fibonacci_action_server]: Feedback: array('i', [0, 1, 1, 2, 3, 5, 8])
[INFO] [1733707388.880904071] [fibonacci_action_server]: Feedback: array('i', [0, 1, 1, 2, 3, 5, 8, 13])
[INFO] [1733707389.131870357] [fibonacci_action_server]: Feedback: array('i', [0, 1, 1, 2, 3, 5, 8, 13, 21])
[INFO] [1733707389.382860195] [fibonacci_action_server]: Feedback: array('i', [0, 1, 1, 2, 3, 5, 8, 13, 21, 34])
[INFO] [1733707389.634580568] [fibonacci_action_server]: Feedback: array('i', [0, 1, 1, 2, 3, 5, 8, 13, 21, 34, 55])
[INFO] [1733707390.140476647] [fibonacci_action_server]: Executing goal...
[INFO] [1733707390.140889511] [fibonacci_action_server]: Feedback: array('i', [0, 1, 1])
[INFO] [1733707390.391897968] [fibonacci_action_server]: Feedback: array('i', [0, 1, 1, 2])
[INFO] [1733707390.643181108] [fibonacci_action_server]: Feedback: array('i', [0, 1, 1, 2, 3])
[INFO] [1733707390.894257011] [fibonacci_action_server]: Feedback: array('i', [0, 1, 1, 2, 3, 5])
[INFO] [1733707391.145606555] [fibonacci_action_server]: Feedback: array('i', [0, 1, 1, 2, 3, 5, 8])
[INFO] [1733707391.396638139] [fibonacci_action_server]: Feedback: array('i', [0, 1, 1, 2, 3, 5, 8, 13])
[INFO] [1733707391.647791398] [fibonacci_action_server]: Feedback: array('i', [0, 1, 1, 2, 3, 5, 8, 13, 21])
[INFO] [1733707391.898990971] [fibonacci_action_server]: Feedback: array('i', [0, 1, 1, 2, 3, 5, 8, 13, 21, 34])
[INFO] [1733707392.150066965] [fibonacci_action_server]: Feedback: array('i', [0, 1, 1, 2, 3, 5, 8, 13, 21, 34, 55])
[INFO] [1733707392.656839655] [fibonacci_action_server]: Executing goal...
[INFO] [1733707392.657565940] [fibonacci_action_server]: Feedback: array('i', [0, 1, 1])
[INFO] [1733707392.908712905] [fibonacci_action_server]: Feedback: array('i', [0, 1, 1, 2])
[INFO] [1733707393.159982674] [fibonacci_action_server]: Feedback: array('i', [0, 1, 1, 2, 3])
[INFO] [1733707393.410941074] [fibonacci_action_server]: Feedback: array('i', [0, 1, 1, 2, 3, 5])
[INFO] [1733707393.662248198] [fibonacci_action_server]: Feedback: array('i', [0, 1, 1, 2, 3, 5, 8])
[INFO] [1733707393.913181787] [fibonacci_action_server]: Feedback: array('i', [0, 1, 1, 2, 3, 5, 8, 13])
[INFO] [1733707394.164402318] [fibonacci_action_server]: Feedback: array('i', [0, 1, 1, 2, 3, 5, 8, 13, 21])
[INFO] [1733707394.415335845] [fibonacci_action_server]: Feedback: array('i', [0, 1, 1, 2, 3, 5, 8, 13, 21, 34])
[INFO] [1733707394.666380458] [fibonacci_action_server]: Feedback: array('i', [0, 1, 1, 2, 3, 5, 8, 13, 21, 34, 55])
[INFO] [1733707395.172293795] [fibonacci_action_server]: Executing goal...
[INFO] [1733707395.172688818] [fibonacci_action_server]: Feedback: array('i', [0, 1, 1])
[INFO] [1733707395.423833024] [fibonacci_action_server]: Feedback: array('i', [0, 1, 1, 2])
[INFO] [1733707395.674866150] [fibonacci_action_server]: Feedback: array('i', [0, 1, 1, 2, 3])
[INFO] [1733707395.925890118] [fibonacci_action_server]: Feedback: array('i', [0, 1, 1, 2, 3, 5])
[INFO] [1733707396.176929860] [fibonacci_action_server]: Feedback: array('i', [0, 1, 1, 2, 3, 5, 8])
[INFO] [1733707396.428019181] [fibonacci_action_server]: Feedback: array('i', [0, 1, 1, 2, 3, 5, 8, 13])
[INFO] [1733707396.679243383] [fibonacci_action_server]: Feedback: array('i', [0, 1, 1, 2, 3, 5, 8, 13, 21])
[INFO] [1733707396.930372504] [fibonacci_action_server]: Feedback: array('i', [0, 1, 1, 2, 3, 5, 8, 13, 21, 34])
[INFO] [1733707397.181707174] [fibonacci_action_server]: Feedback: array('i', [0, 1, 1, 2, 3, 5, 8, 13, 21, 34, 55])
[INFO] [1733707397.687917385] [fibonacci_action_server]: Executing goal...
[INFO] [1733707397.688336950] [fibonacci_action_server]: Feedback: array('i', [0, 1, 1])
[INFO] [1733707397.939130615] [fibonacci_action_server]: Feedback: array('i', [0, 1, 1, 2])
[INFO] [1733707398.190044873] [fibonacci_action_server]: Feedback: array('i', [0, 1, 1, 2, 3])
[INFO] [1733707398.441216144] [fibonacci_action_server]: Feedback: array('i', [0, 1, 1, 2, 3, 5])
[INFO] [1733707398.692166198] [fibonacci_action_server]: Feedback: array('i', [0, 1, 1, 2, 3, 5, 8])
[INFO] [1733707398.943297060] [fibonacci_action_server]: Feedback: array('i', [0, 1, 1, 2, 3, 5, 8, 13])
[INFO] [1733707399.194241203] [fibonacci_action_server]: Feedback: array('i', [0, 1, 1, 2, 3, 5, 8, 13, 21])
[INFO] [1733707399.445613340] [fibonacci_action_server]: Feedback: array('i', [0, 1, 1, 2, 3, 5, 8, 13, 21, 34])
[INFO] [1733707399.696512623] [fibonacci_action_server]: Feedback: array('i', [0, 1, 1, 2, 3, 5, 8, 13, 21, 34, 55])
[INFO] [1733707400.203572498] [fibonacci_action_server]: Executing goal...
[INFO] [1733707400.204197754] [fibonacci_action_server]: Feedback: array('i', [0, 1, 1])
[INFO] [1733707400.455254048] [fibonacci_action_server]: Feedback: array('i', [0, 1, 1, 2])
[INFO] [1733707400.706103231] [fibonacci_action_server]: Feedback: array('i', [0, 1, 1, 2, 3])
[INFO] [1733707400.957374052] [fibonacci_action_server]: Feedback: array('i', [0, 1, 1, 2, 3, 5])
[INFO] [1733707401.208731615] [fibonacci_action_server]: Feedback: array('i', [0, 1, 1, 2, 3, 5, 8])
[INFO] [1733707401.459687060] [fibonacci_action_server]: Feedback: array('i', [0, 1, 1, 2, 3, 5, 8, 13])
[INFO] [1733707401.710699723] [fibonacci_action_server]: Feedback: array('i', [0, 1, 1, 2, 3, 5, 8, 13, 21])
[INFO] [1733707401.962040614] [fibonacci_action_server]: Feedback: array('i', [0, 1, 1, 2, 3, 5, 8, 13, 21, 34])
[INFO] [1733707402.213260770] [fibonacci_action_server]: Feedback: array('i', [0, 1, 1, 2, 3, 5, 8, 13, 21, 34, 55])
[INFO] [1733707402.719793290] [fibonacci_action_server]: Executing goal...
[INFO] [1733707402.720187292] [fibonacci_action_server]: Feedback: array('i', [0, 1, 1])
[INFO] [1733707402.971034904] [fibonacci_action_server]: Feedback: array('i', [0, 1, 1, 2])
[INFO] [1733707403.221999175] [fibonacci_action_server]: Feedback: array('i', [0, 1, 1, 2, 3])
[INFO] [1733707403.473241135] [fibonacci_action_server]: Feedback: array('i', [0, 1, 1, 2, 3, 5])
[INFO] [1733707403.724453740] [fibonacci_action_server]: Feedback: array('i', [0, 1, 1, 2, 3, 5, 8])
[INFO] [1733707403.975432689] [fibonacci_action_server]: Feedback: array('i', [0, 1, 1, 2, 3, 5, 8, 13])
[INFO] [1733707404.226758796] [fibonacci_action_server]: Feedback: array('i', [0, 1, 1, 2, 3, 5, 8, 13, 21])
[INFO] [1733707404.477779639] [fibonacci_action_server]: Feedback: array('i', [0, 1, 1, 2, 3, 5, 8, 13, 21, 34])
[INFO] [1733707404.729103387] [fibonacci_action_server]: Feedback: array('i', [0, 1, 1, 2, 3, 5, 8, 13, 21, 34, 55])
[INFO] [1733707405.236208297] [fibonacci_action_server]: Executing goal...
[INFO] [1733707405.236619438] [fibonacci_action_server]: Feedback: array('i', [0, 1, 1])
[INFO] [1733707405.487454575] [fibonacci_action_server]: Feedback: array('i', [0, 1, 1, 2])
[INFO] [1733707405.738383134] [fibonacci_action_server]: Feedback: array('i', [0, 1, 1, 2, 3])
[INFO] [1733707405.989747478] [fibonacci_action_server]: Feedback: array('i', [0, 1, 1, 2, 3, 5])
[INFO] [1733707406.240856249] [fibonacci_action_server]: Feedback: array('i', [0, 1, 1, 2, 3, 5, 8])
[INFO] [1733707406.492047086] [fibonacci_action_server]: Feedback: array('i', [0, 1, 1, 2, 3, 5, 8, 13])
[INFO] [1733707406.743070737] [fibonacci_action_server]: Feedback: array('i', [0, 1, 1, 2, 3, 5, 8, 13, 21])
[INFO] [1733707406.994033712] [fibonacci_action_server]: Feedback: array('i', [0, 1, 1, 2, 3, 5, 8, 13, 21, 34])
[INFO] [1733707407.244974540] [fibonacci_action_server]: Feedback: array('i', [0, 1, 1, 2, 3, 5, 8, 13, 21, 34, 55])
[INFO] [1733707407.751457302] [fibonacci_action_server]: Executing goal...
[INFO] [1733707407.751847130] [fibonacci_action_server]: Feedback: array('i', [0, 1, 1])
[INFO] [1733707408.002751199] [fibonacci_action_server]: Feedback: array('i', [0, 1, 1, 2])
[INFO] [1733707408.253924905] [fibonacci_action_server]: Feedback: array('i', [0, 1, 1, 2, 3])
[INFO] [1733707408.505465538] [fibonacci_action_server]: Feedback: array('i', [0, 1, 1, 2, 3, 5])
[INFO] [1733707408.756788551] [fibonacci_action_server]: Feedback: array('i', [0, 1, 1, 2, 3, 5, 8])
[INFO] [1733707409.007709614] [fibonacci_action_server]: Feedback: array('i', [0, 1, 1, 2, 3, 5, 8, 13])
[INFO] [1733707409.258769173] [fibonacci_action_server]: Feedback: array('i', [0, 1, 1, 2, 3, 5, 8, 13, 21])
[INFO] [1733707409.510018404] [fibonacci_action_server]: Feedback: array('i', [0, 1, 1, 2, 3, 5, 8, 13, 21, 34])
[INFO] [1733707409.760957906] [fibonacci_action_server]: Feedback: array('i', [0, 1, 1, 2, 3, 5, 8, 13, 21, 34, 55])
[INFO] [1733707410.266694898] [fibonacci_action_server]: Executing goal...
[INFO] [1733707410.267066687] [fibonacci_action_server]: Feedback: array('i', [0, 1, 1])
[INFO] [1733707410.518059197] [fibonacci_action_server]: Feedback: array('i', [0, 1, 1, 2])
[INFO] [1733707410.768948327] [fibonacci_action_server]: Feedback: array('i', [0, 1, 1, 2, 3])
[INFO] [1733707411.020133322] [fibonacci_action_server]: Feedback: array('i', [0, 1, 1, 2, 3, 5])
[INFO] [1733707411.271190140] [fibonacci_action_server]: Feedback: array('i', [0, 1, 1, 2, 3, 5, 8])
[INFO] [1733707411.522104347] [fibonacci_action_server]: Feedback: array('i', [0, 1, 1, 2, 3, 5, 8, 13])
[INFO] [1733707411.773464009] [fibonacci_action_server]: Feedback: array('i', [0, 1, 1, 2, 3, 5, 8, 13, 21])
[INFO] [1733707412.024668125] [fibonacci_action_server]: Feedback: array('i', [0, 1, 1, 2, 3, 5, 8, 13, 21, 34])
[INFO] [1733707412.275861340] [fibonacci_action_server]: Feedback: array('i', [0, 1, 1, 2, 3, 5, 8, 13, 21, 34, 55])
[INFO] [1733707412.782850544] [fibonacci_action_server]: Executing goal...
[INFO] [1733707412.783573275] [fibonacci_action_server]: Feedback: array('i', [0, 1, 1])
[INFO] [1733707413.034609013] [fibonacci_action_server]: Feedback: array('i', [0, 1, 1, 2])
[INFO] [1733707413.285931242] [fibonacci_action_server]: Feedback: array('i', [0, 1, 1, 2, 3])
[INFO] [1733707413.537108823] [fibonacci_action_server]: Feedback: array('i', [0, 1, 1, 2, 3, 5])
[INFO] [1733707413.788377794] [fibonacci_action_server]: Feedback: array('i', [0, 1, 1, 2, 3, 5, 8])
[INFO] [1733707414.039505445] [fibonacci_action_server]: Feedback: array('i', [0, 1, 1, 2, 3, 5, 8, 13])
[INFO] [1733707414.290698305] [fibonacci_action_server]: Feedback: array('i', [0, 1, 1, 2, 3, 5, 8, 13, 21])
[INFO] [1733707414.542041639] [fibonacci_action_server]: Feedback: array('i', [0, 1, 1, 2, 3, 5, 8, 13, 21, 34])
[INFO] [1733707414.793256560] [fibonacci_action_server]: Feedback: array('i', [0, 1, 1, 2, 3, 5, 8, 13, 21, 34, 55])
[INFO] [1733707415.299563949] [fibonacci_action_server]: Executing goal...
[INFO] [1733707415.299989746] [fibonacci_action_server]: Feedback: array('i', [0, 1, 1])
[INFO] [1733707415.550695083] [fibonacci_action_server]: Feedback: array('i', [0, 1, 1, 2])
[INFO] [1733707415.801902114] [fibonacci_action_server]: Feedback: array('i', [0, 1, 1, 2, 3])
[INFO] [1733707416.052802391] [fibonacci_action_server]: Feedback: array('i', [0, 1, 1, 2, 3, 5])
[INFO] [1733707416.303980439] [fibonacci_action_server]: Feedback: array('i', [0, 1, 1, 2, 3, 5, 8])
[INFO] [1733707416.555159592] [fibonacci_action_server]: Feedback: array('i', [0, 1, 1, 2, 3, 5, 8, 13])
[INFO] [1733707416.806016842] [fibonacci_action_server]: Feedback: array('i', [0, 1, 1, 2, 3, 5, 8, 13, 21])
[INFO] [1733707417.057065643] [fibonacci_action_server]: Feedback: array('i', [0, 1, 1, 2, 3, 5, 8, 13, 21, 34])
[INFO] [1733707417.308275018] [fibonacci_action_server]: Feedback: array('i', [0, 1, 1, 2, 3, 5, 8, 13, 21, 34, 55])
[INFO] [1733707417.815405529] [fibonacci_action_server]: Executing goal...
[INFO] [1733707417.815997501] [fibonacci_action_server]: Feedback: array('i', [0, 1, 1])
[INFO] [1733707418.067040378] [fibonacci_action_server]: Feedback: array('i', [0, 1, 1, 2])
[INFO] [1733707418.318461125] [fibonacci_action_server]: Feedback: array('i', [0, 1, 1, 2, 3])
[INFO] [1733707418.569809510] [fibonacci_action_server]: Feedback: array('i', [0, 1, 1, 2, 3, 5])
[INFO] [1733707418.820936502] [fibonacci_action_server]: Feedback: array('i', [0, 1, 1, 2, 3, 5, 8])
[INFO] [1733707419.072205323] [fibonacci_action_server]: Feedback: array('i', [0, 1, 1, 2, 3, 5, 8, 13])
[INFO] [1733707419.323393744] [fibonacci_action_server]: Feedback: array('i', [0, 1, 1, 2, 3, 5, 8, 13, 21])
[INFO] [1733707419.574345079] [fibonacci_action_server]: Feedback: array('i', [0, 1, 1, 2, 3, 5, 8, 13, 21, 34])
[INFO] [1733707419.825684186] [fibonacci_action_server]: Feedback: array('i', [0, 1, 1, 2, 3, 5, 8, 13, 21, 34, 55])
[INFO] [1733707420.331915136] [fibonacci_action_server]: Executing goal...
[INFO] [1733707420.332362116] [fibonacci_action_server]: Feedback: array('i', [0, 1, 1])
[INFO] [1733707420.583260598] [fibonacci_action_server]: Feedback: array('i', [0, 1, 1, 2])
[INFO] [1733707420.834194166] [fibonacci_action_server]: Feedback: array('i', [0, 1, 1, 2, 3])
[INFO] [1733707421.085473515] [fibonacci_action_server]: Feedback: array('i', [0, 1, 1, 2, 3, 5])
[INFO] [1733707421.336470495] [fibonacci_action_server]: Feedback: array('i', [0, 1, 1, 2, 3, 5, 8])
[INFO] [1733707421.587647230] [fibonacci_action_server]: Feedback: array('i', [0, 1, 1, 2, 3, 5, 8, 13])
[INFO] [1733707421.838576839] [fibonacci_action_server]: Feedback: array('i', [0, 1, 1, 2, 3, 5, 8, 13, 21])
[INFO] [1733707422.089829094] [fibonacci_action_server]: Feedback: array('i', [0, 1, 1, 2, 3, 5, 8, 13, 21, 34])
[INFO] [1733707422.341022599] [fibonacci_action_server]: Feedback: array('i', [0, 1, 1, 2, 3, 5, 8, 13, 21, 34, 55])
[INFO] [1733707422.847626345] [fibonacci_action_server]: Executing goal...
[INFO] [1733707422.848014662] [fibonacci_action_server]: Feedback: array('i', [0, 1, 1])
[INFO] [1733707423.099387084] [fibonacci_action_server]: Feedback: array('i', [0, 1, 1, 2])
[INFO] [1733707423.351097952] [fibonacci_action_server]: Feedback: array('i', [0, 1, 1, 2, 3])
[INFO] [1733707423.602071846] [fibonacci_action_server]: Feedback: array('i', [0, 1, 1, 2, 3, 5])
[INFO] [1733707423.853376142] [fibonacci_action_server]: Feedback: array('i', [0, 1, 1, 2, 3, 5, 8])
[INFO] [1733707424.104600061] [fibonacci_action_server]: Feedback: array('i', [0, 1, 1, 2, 3, 5, 8, 13])
[INFO] [1733707424.355796410] [fibonacci_action_server]: Feedback: array('i', [0, 1, 1, 2, 3, 5, 8, 13, 21])
[INFO] [1733707424.606964653] [fibonacci_action_server]: Feedback: array('i', [0, 1, 1, 2, 3, 5, 8, 13, 21, 34])
[INFO] [1733707424.858086831] [fibonacci_action_server]: Feedback: array('i', [0, 1, 1, 2, 3, 5, 8, 13, 21, 34, 55])
[INFO] [1733707425.364026277] [fibonacci_action_server]: Executing goal...
[INFO] [1733707425.364521022] [fibonacci_action_server]: Feedback: array('i', [0, 1, 1])
[INFO] [1733707425.615593340] [fibonacci_action_server]: Feedback: array('i', [0, 1, 1, 2])
[INFO] [1733707425.866507225] [fibonacci_action_server]: Feedback: array('i', [0, 1, 1, 2, 3])
[INFO] [1733707426.117592234] [fibonacci_action_server]: Feedback: array('i', [0, 1, 1, 2, 3, 5])
[INFO] [1733707426.368941623] [fibonacci_action_server]: Feedback: array('i', [0, 1, 1, 2, 3, 5, 8])
[INFO] [1733707426.619855139] [fibonacci_action_server]: Feedback: array('i', [0, 1, 1, 2, 3, 5, 8, 13])
[INFO] [1733707426.871115672] [fibonacci_action_server]: Feedback: array('i', [0, 1, 1, 2, 3, 5, 8, 13, 21])
[INFO] [1733707427.122128484] [fibonacci_action_server]: Feedback: array('i', [0, 1, 1, 2, 3, 5, 8, 13, 21, 34])
[INFO] [1733707427.373452281] [fibonacci_action_server]: Feedback: array('i', [0, 1, 1, 2, 3, 5, 8, 13, 21, 34, 55])
[INFO] [1733707427.879785648] [fibonacci_action_server]: Executing goal...
[INFO] [1733707427.880286880] [fibonacci_action_server]: Feedback: array('i', [0, 1, 1])
[INFO] [1733707428.131610388] [fibonacci_action_server]: Feedback: array('i', [0, 1, 1, 2])
[INFO] [1733707428.382696898] [fibonacci_action_server]: Feedback: array('i', [0, 1, 1, 2, 3])
[INFO] [1733707428.634244855] [fibonacci_action_server]: Feedback: array('i', [0, 1, 1, 2, 3, 5])
[INFO] [1733707428.885179117] [fibonacci_action_server]: Feedback: array('i', [0, 1, 1, 2, 3, 5, 8])
[INFO] [1733707429.136360264] [fibonacci_action_server]: Feedback: array('i', [0, 1, 1, 2, 3, 5, 8, 13])
[INFO] [1733707429.387591538] [fibonacci_action_server]: Feedback: array('i', [0, 1, 1, 2, 3, 5, 8, 13, 21])
[INFO] [1733707429.638716452] [fibonacci_action_server]: Feedback: array('i', [0, 1, 1, 2, 3, 5, 8, 13, 21, 34])
[INFO] [1733707429.889810697] [fibonacci_action_server]: Feedback: array('i', [0, 1, 1, 2, 3, 5, 8, 13, 21, 34, 55])
[INFO] [1733707430.396237797] [fibonacci_action_server]: Executing goal...
[INFO] [1733707430.396648063] [fibonacci_action_server]: Feedback: array('i', [0, 1, 1])
[INFO] [1733707430.647650446] [fibonacci_action_server]: Feedback: array('i', [0, 1, 1, 2])
[INFO] [1733707430.898853988] [fibonacci_action_server]: Feedback: array('i', [0, 1, 1, 2, 3])
[INFO] [1733707431.150022661] [fibonacci_action_server]: Feedback: array('i', [0, 1, 1, 2, 3, 5])
[INFO] [1733707431.400934907] [fibonacci_action_server]: Feedback: array('i', [0, 1, 1, 2, 3, 5, 8])
[INFO] [1733707431.652096746] [fibonacci_action_server]: Feedback: array('i', [0, 1, 1, 2, 3, 5, 8, 13])
[INFO] [1733707431.903045682] [fibonacci_action_server]: Feedback: array('i', [0, 1, 1, 2, 3, 5, 8, 13, 21])
[INFO] [1733707432.154084454] [fibonacci_action_server]: Feedback: array('i', [0, 1, 1, 2, 3, 5, 8, 13, 21, 34])
[INFO] [1733707432.404968629] [fibonacci_action_server]: Feedback: array('i', [0, 1, 1, 2, 3, 5, 8, 13, 21, 34, 55])
[INFO] [1733707432.657061785] [fibonacci_action_server]: Shutting down node...
RAPL is set
