[INFO] [1733929329.647836882] [fibonacci_action_server]: Received goal request with order 10
[INFO] [1733929329.648071463] [fibonacci_action_server]: Executing goal...
[INFO] [1733929329.648104133] [fibonacci_action_server]: Received goal request with order 10
[INFO] [1733929329.648163145] [fibonacci_action_server]: Feedback: [1]
[INFO] [1733929329.648239590] [fibonacci_action_server]: Executing goal...
[INFO] [1733929329.648294770] [fibonacci_action_server]: Feedback: [1]
[INFO] [1733929329.692755747] [fibonacci_action_server]: Received goal request with order 10
[INFO] [1733929329.692960927] [fibonacci_action_server]: Executing goal...
[INFO] [1733929329.693070542] [fibonacci_action_server]: Feedback: [1]
[INFO] [1733929330.648448515] [fibonacci_action_server]: Feedback: [2]
[INFO] [1733929330.648492087] [fibonacci_action_server]: Feedback: [2]
[INFO] [1733929330.693485150] [fibonacci_action_server]: Feedback: [2]
[INFO] [1733929331.648904144] [fibonacci_action_server]: Feedback: [3]
[INFO] [1733929331.649272303] [fibonacci_action_server]: Feedback: [3]
[INFO] [1733929331.693826390] [fibonacci_action_server]: Feedback: [3]
[INFO] [1733929332.649321005] [fibonacci_action_server]: Feedback: [5]
[INFO] [1733929332.649426669] [fibonacci_action_server]: Feedback: [5]
[INFO] [1733929332.694120571] [fibonacci_action_server]: Feedback: [5]
[INFO] [1733929333.649713472] [fibonacci_action_server]: Feedback: [8]
[INFO] [1733929333.649781791] [fibonacci_action_server]: Feedback: [8]
[INFO] [1733929333.694503545] [fibonacci_action_server]: Feedback: [8]
[INFO] [1733929334.649970349] [fibonacci_action_server]: Feedback: [13]
[INFO] [1733929334.649995120] [fibonacci_action_server]: Feedback: [13]
[INFO] [1733929334.694832175] [fibonacci_action_server]: Feedback: [13]
[INFO] [1733929335.650169390] [fibonacci_action_server]: Feedback: [21]
[INFO] [1733929335.650235592] [fibonacci_action_server]: Feedback: [21]
[INFO] [1733929335.695351609] [fibonacci_action_server]: Feedback: [21]
[INFO] [1733929336.650398181] [fibonacci_action_server]: Feedback: [34]
[INFO] [1733929336.650490953] [fibonacci_action_server]: Feedback: [34]
[INFO] [1733929336.695752700] [fibonacci_action_server]: Feedback: [34]
[INFO] [1733929337.650843576] [fibonacci_action_server]: Feedback: [55]
[INFO] [1733929337.650921013] [fibonacci_action_server]: Feedback: [55]
[INFO] [1733929337.696036697] [fibonacci_action_server]: Feedback: [55]
[INFO] [1733929338.651175080] [fibonacci_action_server]: Goal succeeded
[INFO] [1733929338.651251077] [fibonacci_action_server]: Goal succeeded
[INFO] [1733929338.696531916] [fibonacci_action_server]: Goal succeeded
[INFO] [1733929338.981497652] [fibonacci_action_server]: Received goal request with order 10
[INFO] [1733929338.981691914] [fibonacci_action_server]: Executing goal...
[INFO] [1733929338.981796094] [fibonacci_action_server]: Feedback: [1]
[INFO] [1733929339.079976763] [fibonacci_action_server]: Received goal request with order 10
[INFO] [1733929339.080167180] [fibonacci_action_server]: Executing goal...
[INFO] [1733929339.080262814] [fibonacci_action_server]: Feedback: [1]
[INFO] [1733929339.624457885] [fibonacci_action_server]: Received goal request with order 10
[INFO] [1733929339.624720680] [fibonacci_action_server]: Executing goal...
[INFO] [1733929339.624819762] [fibonacci_action_server]: Feedback: [1]
[INFO] [1733929339.982252448] [fibonacci_action_server]: Feedback: [2]
[INFO] [1733929340.080597363] [fibonacci_action_server]: Feedback: [2]
[INFO] [1733929340.625169994] [fibonacci_action_server]: Feedback: [2]
[INFO] [1733929340.982518462] [fibonacci_action_server]: Feedback: [3]
[INFO] [1733929341.081221038] [fibonacci_action_server]: Feedback: [3]
[INFO] [1733929341.625415778] [fibonacci_action_server]: Feedback: [3]
[INFO] [1733929341.982718721] [fibonacci_action_server]: Feedback: [5]
[INFO] [1733929342.081529366] [fibonacci_action_server]: Feedback: [5]
[INFO] [1733929342.625838116] [fibonacci_action_server]: Feedback: [5]
[INFO] [1733929342.983172513] [fibonacci_action_server]: Feedback: [8]
[INFO] [1733929343.081810835] [fibonacci_action_server]: Feedback: [8]
[INFO] [1733929343.626267522] [fibonacci_action_server]: Feedback: [8]
[INFO] [1733929343.983798834] [fibonacci_action_server]: Feedback: [13]
[INFO] [1733929344.082079948] [fibonacci_action_server]: Feedback: [13]
[INFO] [1733929344.626524574] [fibonacci_action_server]: Feedback: [13]
[INFO] [1733929344.984021183] [fibonacci_action_server]: Feedback: [21]
[INFO] [1733929345.082580147] [fibonacci_action_server]: Feedback: [21]
[INFO] [1733929345.626744104] [fibonacci_action_server]: Feedback: [21]
[INFO] [1733929345.984266332] [fibonacci_action_server]: Feedback: [34]
[INFO] [1733929346.083036096] [fibonacci_action_server]: Feedback: [34]
[INFO] [1733929346.627237595] [fibonacci_action_server]: Feedback: [34]
[INFO] [1733929346.984676008] [fibonacci_action_server]: Feedback: [55]
[INFO] [1733929347.083634708] [fibonacci_action_server]: Feedback: [55]
[INFO] [1733929347.627827516] [fibonacci_action_server]: Feedback: [55]
[INFO] [1733929347.985095017] [fibonacci_action_server]: Goal succeeded
[INFO] [1733929348.083907821] [fibonacci_action_server]: Goal succeeded
[INFO] [1733929348.310596613] [fibonacci_action_server]: Received goal request with order 10
[INFO] [1733929348.310732151] [fibonacci_action_server]: Executing goal...
[INFO] [1733929348.310785924] [fibonacci_action_server]: Feedback: [1]
[INFO] [1733929348.411055693] [fibonacci_action_server]: Received goal request with order 10
[INFO] [1733929348.411249961] [fibonacci_action_server]: Executing goal...
[INFO] [1733929348.411386742] [fibonacci_action_server]: Feedback: [1]
[INFO] [1733929348.628140551] [fibonacci_action_server]: Goal succeeded
[INFO] [1733929349.158796716] [fibonacci_action_server]: Received goal request with order 10
[INFO] [1733929349.159046160] [fibonacci_action_server]: Executing goal...
[INFO] [1733929349.159145000] [fibonacci_action_server]: Feedback: [1]
[INFO] [1733929349.310974453] [fibonacci_action_server]: Feedback: [2]
[INFO] [1733929349.411972276] [fibonacci_action_server]: Feedback: [2]
[INFO] [1733929350.159729203] [fibonacci_action_server]: Feedback: [2]
[INFO] [1733929350.311558309] [fibonacci_action_server]: Feedback: [3]
[INFO] [1733929350.412206825] [fibonacci_action_server]: Feedback: [3]
[INFO] [1733929351.160045057] [fibonacci_action_server]: Feedback: [3]
[INFO] [1733929351.311769549] [fibonacci_action_server]: Feedback: [5]
[INFO] [1733929351.412436440] [fibonacci_action_server]: Feedback: [5]
[INFO] [1733929352.160377599] [fibonacci_action_server]: Feedback: [5]
[INFO] [1733929352.312049702] [fibonacci_action_server]: Feedback: [8]
[INFO] [1733929352.412886519] [fibonacci_action_server]: Feedback: [8]
[INFO] [1733929353.160720945] [fibonacci_action_server]: Feedback: [8]
[INFO] [1733929353.312302752] [fibonacci_action_server]: Feedback: [13]
[INFO] [1733929353.413229736] [fibonacci_action_server]: Feedback: [13]
[INFO] [1733929354.161234690] [fibonacci_action_server]: Feedback: [13]
[INFO] [1733929354.312618614] [fibonacci_action_server]: Feedback: [21]
[INFO] [1733929354.413781082] [fibonacci_action_server]: Feedback: [21]
[INFO] [1733929355.161728185] [fibonacci_action_server]: Feedback: [21]
[INFO] [1733929355.313003529] [fibonacci_action_server]: Feedback: [34]
[INFO] [1733929355.414005590] [fibonacci_action_server]: Feedback: [34]
[INFO] [1733929356.161990389] [fibonacci_action_server]: Feedback: [34]
[INFO] [1733929356.313523500] [fibonacci_action_server]: Feedback: [55]
[INFO] [1733929356.414586952] [fibonacci_action_server]: Feedback: [55]
[INFO] [1733929357.162243779] [fibonacci_action_server]: Feedback: [55]
[INFO] [1733929357.313868280] [fibonacci_action_server]: Goal succeeded
[INFO] [1733929357.414915199] [fibonacci_action_server]: Goal succeeded
[INFO] [1733929357.641835456] [fibonacci_action_server]: Received goal request with order 10
[INFO] [1733929357.642054651] [fibonacci_action_server]: Executing goal...
[INFO] [1733929357.642166988] [fibonacci_action_server]: Feedback: [1]
[INFO] [1733929358.043945980] [fibonacci_action_server]: Received goal request with order 10
[INFO] [1733929358.044208353] [fibonacci_action_server]: Executing goal...
[INFO] [1733929358.044306504] [fibonacci_action_server]: Feedback: [1]
[INFO] [1733929358.162813223] [fibonacci_action_server]: Goal succeeded
[INFO] [1733929358.489848275] [fibonacci_action_server]: Received goal request with order 10
[INFO] [1733929358.490055681] [fibonacci_action_server]: Executing goal...
[INFO] [1733929358.490147946] [fibonacci_action_server]: Feedback: [1]
[INFO] [1733929358.642468028] [fibonacci_action_server]: Feedback: [2]
[INFO] [1733929359.044755080] [fibonacci_action_server]: Feedback: [2]
[INFO] [1733929359.490671173] [fibonacci_action_server]: Feedback: [2]
[INFO] [1733929359.642710363] [fibonacci_action_server]: Feedback: [3]
[INFO] [1733929360.045231488] [fibonacci_action_server]: Feedback: [3]
[INFO] [1733929360.491231975] [fibonacci_action_server]: Feedback: [3]
[INFO] [1733929360.643153177] [fibonacci_action_server]: Feedback: [5]
[INFO] [1733929361.045419696] [fibonacci_action_server]: Feedback: [5]
[INFO] [1733929361.491434184] [fibonacci_action_server]: Feedback: [5]
[INFO] [1733929361.643643486] [fibonacci_action_server]: Feedback: [8]
[INFO] [1733929362.045909883] [fibonacci_action_server]: Feedback: [8]
[INFO] [1733929362.491694351] [fibonacci_action_server]: Feedback: [8]
[INFO] [1733929362.643889625] [fibonacci_action_server]: Feedback: [13]
[INFO] [1733929363.046433996] [fibonacci_action_server]: Feedback: [13]
[INFO] [1733929363.491879333] [fibonacci_action_server]: Feedback: [13]
[INFO] [1733929363.644370238] [fibonacci_action_server]: Feedback: [21]
[INFO] [1733929364.046680843] [fibonacci_action_server]: Feedback: [21]
[INFO] [1733929364.492280954] [fibonacci_action_server]: Feedback: [21]
[INFO] [1733929364.644739121] [fibonacci_action_server]: Feedback: [34]
[INFO] [1733929365.046886345] [fibonacci_action_server]: Feedback: [34]
[INFO] [1733929365.492649725] [fibonacci_action_server]: Feedback: [34]
[INFO] [1733929365.645064139] [fibonacci_action_server]: Feedback: [55]
[INFO] [1733929366.047431823] [fibonacci_action_server]: Feedback: [55]
[INFO] [1733929366.493036218] [fibonacci_action_server]: Feedback: [55]
[INFO] [1733929366.645362577] [fibonacci_action_server]: Goal succeeded
[INFO] [1733929366.870588932] [fibonacci_action_server]: Received goal request with order 10
[INFO] [1733929366.870857731] [fibonacci_action_server]: Executing goal...
[INFO] [1733929366.870975439] [fibonacci_action_server]: Feedback: [1]
[INFO] [1733929367.048110794] [fibonacci_action_server]: Goal succeeded
[INFO] [1733929367.372036202] [fibonacci_action_server]: Received goal request with order 10
[INFO] [1733929367.372268345] [fibonacci_action_server]: Executing goal...
[INFO] [1733929367.372373658] [fibonacci_action_server]: Feedback: [1]
[INFO] [1733929367.493354432] [fibonacci_action_server]: Goal succeeded
[INFO] [1733929367.820644180] [fibonacci_action_server]: Received goal request with order 10
[INFO] [1733929367.820844544] [fibonacci_action_server]: Executing goal...
[INFO] [1733929367.820945756] [fibonacci_action_server]: Feedback: [1]
[INFO] [1733929367.871315430] [fibonacci_action_server]: Feedback: [2]
[INFO] [1733929368.372536402] [fibonacci_action_server]: Feedback: [2]
[INFO] [1733929368.821291572] [fibonacci_action_server]: Feedback: [2]
[INFO] [1733929368.871545648] [fibonacci_action_server]: Feedback: [3]
[INFO] [1733929369.372896645] [fibonacci_action_server]: Feedback: [3]
[INFO] [1733929369.821539810] [fibonacci_action_server]: Feedback: [3]
[INFO] [1733929369.871790635] [fibonacci_action_server]: Feedback: [5]
[INFO] [1733929370.373265588] [fibonacci_action_server]: Feedback: [5]
[INFO] [1733929370.821720657] [fibonacci_action_server]: Feedback: [5]
[INFO] [1733929370.872125066] [fibonacci_action_server]: Feedback: [8]
[INFO] [1733929371.373492552] [fibonacci_action_server]: Feedback: [8]
[INFO] [1733929371.822252423] [fibonacci_action_server]: Feedback: [8]
[INFO] [1733929371.872369766] [fibonacci_action_server]: Feedback: [13]
[INFO] [1733929372.373692591] [fibonacci_action_server]: Feedback: [13]
[INFO] [1733929372.822785496] [fibonacci_action_server]: Feedback: [13]
[INFO] [1733929372.872810862] [fibonacci_action_server]: Feedback: [21]
[INFO] [1733929373.374194687] [fibonacci_action_server]: Feedback: [21]
[INFO] [1733929373.823291921] [fibonacci_action_server]: Feedback: [21]
[INFO] [1733929373.873336791] [fibonacci_action_server]: Feedback: [34]
[INFO] [1733929374.374431159] [fibonacci_action_server]: Feedback: [34]
[INFO] [1733929374.823501988] [fibonacci_action_server]: Feedback: [34]
[INFO] [1733929374.873858406] [fibonacci_action_server]: Feedback: [55]
[INFO] [1733929375.374979774] [fibonacci_action_server]: Feedback: [55]
[INFO] [1733929375.823944406] [fibonacci_action_server]: Feedback: [55]
[INFO] [1733929375.874377247] [fibonacci_action_server]: Goal succeeded
[INFO] [1733929376.202339536] [fibonacci_action_server]: Received goal request with order 10
[INFO] [1733929376.202482519] [fibonacci_action_server]: Executing goal...
[INFO] [1733929376.202540756] [fibonacci_action_server]: Feedback: [1]
[INFO] [1733929376.375215909] [fibonacci_action_server]: Goal succeeded
[INFO] [1733929376.703778108] [fibonacci_action_server]: Received goal request with order 10
[INFO] [1733929376.703998441] [fibonacci_action_server]: Executing goal...
[INFO] [1733929376.704095861] [fibonacci_action_server]: Feedback: [1]
[INFO] [1733929376.824369246] [fibonacci_action_server]: Goal succeeded
[INFO] [1733929377.151988531] [fibonacci_action_server]: Received goal request with order 10
[INFO] [1733929377.152201664] [fibonacci_action_server]: Executing goal...
[INFO] [1733929377.152295154] [fibonacci_action_server]: Feedback: [1]
[INFO] [1733929377.202752154] [fibonacci_action_server]: Feedback: [2]
[INFO] [1733929377.704439157] [fibonacci_action_server]: Feedback: [2]
[INFO] [1733929378.152488322] [fibonacci_action_server]: Feedback: [2]
[INFO] [1733929378.203017847] [fibonacci_action_server]: Feedback: [3]
[INFO] [1733929378.704673196] [fibonacci_action_server]: Feedback: [3]
[INFO] [1733929379.152773213] [fibonacci_action_server]: Feedback: [3]
[INFO] [1733929379.203230760] [fibonacci_action_server]: Feedback: [5]
[INFO] [1733929379.704852451] [fibonacci_action_server]: Feedback: [5]
[INFO] [1733929380.153240172] [fibonacci_action_server]: Feedback: [5]
[INFO] [1733929380.203453431] [fibonacci_action_server]: Feedback: [8]
[INFO] [1733929380.705322390] [fibonacci_action_server]: Feedback: [8]
[INFO] [1733929381.153510394] [fibonacci_action_server]: Feedback: [8]
[INFO] [1733929381.203710509] [fibonacci_action_server]: Feedback: [13]
[INFO] [1733929381.705519674] [fibonacci_action_server]: Feedback: [13]
[INFO] [1733929382.153938278] [fibonacci_action_server]: Feedback: [13]
[INFO] [1733929382.203942094] [fibonacci_action_server]: Feedback: [21]
[INFO] [1733929382.705797308] [fibonacci_action_server]: Feedback: [21]
[INFO] [1733929383.154212951] [fibonacci_action_server]: Feedback: [21]
[INFO] [1733929383.204211268] [fibonacci_action_server]: Feedback: [34]
[INFO] [1733929383.706062903] [fibonacci_action_server]: Feedback: [34]
[INFO] [1733929384.154676940] [fibonacci_action_server]: Feedback: [34]
[INFO] [1733929384.204561858] [fibonacci_action_server]: Feedback: [55]
[INFO] [1733929384.706528952] [fibonacci_action_server]: Feedback: [55]
[INFO] [1733929385.155167812] [fibonacci_action_server]: Feedback: [55]
[INFO] [1733929385.205112211] [fibonacci_action_server]: Goal succeeded
[INFO] [1733929385.533889095] [fibonacci_action_server]: Received goal request with order 10
[INFO] [1733929385.534083982] [fibonacci_action_server]: Executing goal...
[INFO] [1733929385.534214879] [fibonacci_action_server]: Feedback: [1]
[INFO] [1733929385.707112017] [fibonacci_action_server]: Goal succeeded
[INFO] [1733929386.035882689] [fibonacci_action_server]: Received goal request with order 10
[INFO] [1733929386.036195831] [fibonacci_action_server]: Executing goal...
[INFO] [1733929386.036292431] [fibonacci_action_server]: Feedback: [1]
[INFO] [1733929386.155437198] [fibonacci_action_server]: Goal succeeded
[INFO] [1733929386.482124340] [fibonacci_action_server]: Received goal request with order 10
[INFO] [1733929386.482366418] [fibonacci_action_server]: Executing goal...
[INFO] [1733929386.482496375] [fibonacci_action_server]: Feedback: [1]
[INFO] [1733929386.534408290] [fibonacci_action_server]: Feedback: [2]
[INFO] [1733929387.036504842] [fibonacci_action_server]: Feedback: [2]
[INFO] [1733929387.483001636] [fibonacci_action_server]: Feedback: [2]
[INFO] [1733929387.534649886] [fibonacci_action_server]: Feedback: [3]
[INFO] [1733929388.036766876] [fibonacci_action_server]: Feedback: [3]
[INFO] [1733929388.483579089] [fibonacci_action_server]: Feedback: [3]
[INFO] [1733929388.534975016] [fibonacci_action_server]: Feedback: [5]
[INFO] [1733929389.037048785] [fibonacci_action_server]: Feedback: [5]
[INFO] [1733929389.483793931] [fibonacci_action_server]: Feedback: [5]
[INFO] [1733929389.535536815] [fibonacci_action_server]: Feedback: [8]
[INFO] [1733929390.037426165] [fibonacci_action_server]: Feedback: [8]
[INFO] [1733929390.484051813] [fibonacci_action_server]: Feedback: [8]
[INFO] [1733929390.536013315] [fibonacci_action_server]: Feedback: [13]
[INFO] [1733929391.037667792] [fibonacci_action_server]: Feedback: [13]
[INFO] [1733929391.484678258] [fibonacci_action_server]: Feedback: [13]
[INFO] [1733929391.536238709] [fibonacci_action_server]: Feedback: [21]
[INFO] [1733929392.038139184] [fibonacci_action_server]: Feedback: [21]
[INFO] [1733929392.485150466] [fibonacci_action_server]: Feedback: [21]
[INFO] [1733929392.536645777] [fibonacci_action_server]: Feedback: [34]
[INFO] [1733929393.038611186] [fibonacci_action_server]: Feedback: [34]
[INFO] [1733929393.485495814] [fibonacci_action_server]: Feedback: [34]
[INFO] [1733929393.536983803] [fibonacci_action_server]: Feedback: [55]
[INFO] [1733929394.039001424] [fibonacci_action_server]: Feedback: [55]
[INFO] [1733929394.485907647] [fibonacci_action_server]: Feedback: [55]
[INFO] [1733929394.537406438] [fibonacci_action_server]: Goal succeeded
[INFO] [1733929394.864070715] [fibonacci_action_server]: Received goal request with order 10
[INFO] [1733929394.864228037] [fibonacci_action_server]: Executing goal...
[INFO] [1733929394.864301539] [fibonacci_action_server]: Feedback: [1]
[INFO] [1733929395.039731879] [fibonacci_action_server]: Goal succeeded
[INFO] [1733929395.365196166] [fibonacci_action_server]: Received goal request with order 10
[INFO] [1733929395.365362875] [fibonacci_action_server]: Executing goal...
[INFO] [1733929395.365417691] [fibonacci_action_server]: Feedback: [1]
[INFO] [1733929395.486328636] [fibonacci_action_server]: Goal succeeded
[INFO] [1733929395.820861951] [fibonacci_action_server]: Received goal request with order 10
[INFO] [1733929395.821077959] [fibonacci_action_server]: Executing goal...
[INFO] [1733929395.821200612] [fibonacci_action_server]: Feedback: [1]
[INFO] [1733929395.864455939] [fibonacci_action_server]: Feedback: [2]
[INFO] [1733929396.365844537] [fibonacci_action_server]: Feedback: [2]
[INFO] [1733929396.821463381] [fibonacci_action_server]: Feedback: [2]
[INFO] [1733929396.864798265] [fibonacci_action_server]: Feedback: [3]
[INFO] [1733929397.366326740] [fibonacci_action_server]: Feedback: [3]
[INFO] [1733929397.821694396] [fibonacci_action_server]: Feedback: [3]
[INFO] [1733929397.865123355] [fibonacci_action_server]: Feedback: [5]
[INFO] [1733929398.366774717] [fibonacci_action_server]: Feedback: [5]
[INFO] [1733929398.822118499] [fibonacci_action_server]: Feedback: [5]
[INFO] [1733929398.865403584] [fibonacci_action_server]: Feedback: [8]
[INFO] [1733929399.367208661] [fibonacci_action_server]: Feedback: [8]
[INFO] [1733929399.822347576] [fibonacci_action_server]: Feedback: [8]
[INFO] [1733929399.865754917] [fibonacci_action_server]: Feedback: [13]
[INFO] [1733929400.367747811] [fibonacci_action_server]: Feedback: [13]
[INFO] [1733929400.822822921] [fibonacci_action_server]: Feedback: [13]
[INFO] [1733929400.866082063] [fibonacci_action_server]: Feedback: [21]
[INFO] [1733929401.367933271] [fibonacci_action_server]: Feedback: [21]
[INFO] [1733929401.823062219] [fibonacci_action_server]: Feedback: [21]
[INFO] [1733929401.866376132] [fibonacci_action_server]: Feedback: [34]
[INFO] [1733929402.368315899] [fibonacci_action_server]: Feedback: [34]
[INFO] [1733929402.823608506] [fibonacci_action_server]: Feedback: [34]
[INFO] [1733929402.866541964] [fibonacci_action_server]: Feedback: [55]
[INFO] [1733929403.368537529] [fibonacci_action_server]: Feedback: [55]
[INFO] [1733929403.824038524] [fibonacci_action_server]: Feedback: [55]
[INFO] [1733929403.866873158] [fibonacci_action_server]: Goal succeeded
[INFO] [1733929404.194464445] [fibonacci_action_server]: Received goal request with order 10
[INFO] [1733929404.194674354] [fibonacci_action_server]: Executing goal...
[INFO] [1733929404.194772093] [fibonacci_action_server]: Feedback: [1]
[INFO] [1733929404.368949838] [fibonacci_action_server]: Goal succeeded
[INFO] [1733929404.696005860] [fibonacci_action_server]: Received goal request with order 10
[INFO] [1733929404.696212234] [fibonacci_action_server]: Executing goal...
[INFO] [1733929404.696327886] [fibonacci_action_server]: Feedback: [1]
[INFO] [1733929404.824291338] [fibonacci_action_server]: Goal succeeded
[INFO] [1733929405.152553206] [fibonacci_action_server]: Received goal request with order 10
[INFO] [1733929405.152742348] [fibonacci_action_server]: Executing goal...
[INFO] [1733929405.152796880] [fibonacci_action_server]: Feedback: [1]
[INFO] [1733929405.195256353] [fibonacci_action_server]: Feedback: [2]
[INFO] [1733929405.696654812] [fibonacci_action_server]: Feedback: [2]
[INFO] [1733929406.153385961] [fibonacci_action_server]: Feedback: [2]
[INFO] [1733929406.195482027] [fibonacci_action_server]: Feedback: [3]
[INFO] [1733929406.696883576] [fibonacci_action_server]: Feedback: [3]
[INFO] [1733929407.153758629] [fibonacci_action_server]: Feedback: [3]
[INFO] [1733929407.195785314] [fibonacci_action_server]: Feedback: [5]
[INFO] [1733929407.697313276] [fibonacci_action_server]: Feedback: [5]
[INFO] [1733929408.154119825] [fibonacci_action_server]: Feedback: [5]
[INFO] [1733929408.196029002] [fibonacci_action_server]: Feedback: [8]
[INFO] [1733929408.697803598] [fibonacci_action_server]: Feedback: [8]
[INFO] [1733929409.154359599] [fibonacci_action_server]: Feedback: [8]
[INFO] [1733929409.196441191] [fibonacci_action_server]: Feedback: [13]
[INFO] [1733929409.698064776] [fibonacci_action_server]: Feedback: [13]
[INFO] [1733929410.154842727] [fibonacci_action_server]: Feedback: [13]
[INFO] [1733929410.196671719] [fibonacci_action_server]: Feedback: [21]
[INFO] [1733929410.698559791] [fibonacci_action_server]: Feedback: [21]
[INFO] [1733929411.155360280] [fibonacci_action_server]: Feedback: [21]
[INFO] [1733929411.197124045] [fibonacci_action_server]: Feedback: [34]
[INFO] [1733929411.699102298] [fibonacci_action_server]: Feedback: [34]
[INFO] [1733929412.155616130] [fibonacci_action_server]: Feedback: [34]
[INFO] [1733929412.197620776] [fibonacci_action_server]: Feedback: [55]
[INFO] [1733929412.699346679] [fibonacci_action_server]: Feedback: [55]
[INFO] [1733929413.155804600] [fibonacci_action_server]: Feedback: [55]
[INFO] [1733929413.197911127] [fibonacci_action_server]: Goal succeeded
[INFO] [1733929413.525761850] [fibonacci_action_server]: Received goal request with order 10
[INFO] [1733929413.526047963] [fibonacci_action_server]: Executing goal...
[INFO] [1733929413.526154358] [fibonacci_action_server]: Feedback: [1]
[INFO] [1733929413.699641499] [fibonacci_action_server]: Goal succeeded
[INFO] [1733929414.027402013] [fibonacci_action_server]: Received goal request with order 10
[INFO] [1733929414.027570658] [fibonacci_action_server]: Executing goal...
[INFO] [1733929414.027666387] [fibonacci_action_server]: Feedback: [1]
[INFO] [1733929414.156187183] [fibonacci_action_server]: Goal succeeded
[INFO] [1733929414.482265594] [fibonacci_action_server]: Received goal request with order 10
[INFO] [1733929414.482513616] [fibonacci_action_server]: Executing goal...
[INFO] [1733929414.482618134] [fibonacci_action_server]: Feedback: [1]
[INFO] [1733929414.526584633] [fibonacci_action_server]: Feedback: [2]
[INFO] [1733929415.027979537] [fibonacci_action_server]: Feedback: [2]
[INFO] [1733929415.483122217] [fibonacci_action_server]: Feedback: [2]
[INFO] [1733929415.527230591] [fibonacci_action_server]: Feedback: [3]
[INFO] [1733929416.028345593] [fibonacci_action_server]: Feedback: [3]
[INFO] [1733929416.483363320] [fibonacci_action_server]: Feedback: [3]
[INFO] [1733929416.527761982] [fibonacci_action_server]: Feedback: [5]
[INFO] [1733929417.028670875] [fibonacci_action_server]: Feedback: [5]
[INFO] [1733929417.483765942] [fibonacci_action_server]: Feedback: [5]
[INFO] [1733929417.527992758] [fibonacci_action_server]: Feedback: [8]
[INFO] [1733929418.028919260] [fibonacci_action_server]: Feedback: [8]
[INFO] [1733929418.484038686] [fibonacci_action_server]: Feedback: [8]
[INFO] [1733929418.528371713] [fibonacci_action_server]: Feedback: [13]
[INFO] [1733929419.029293840] [fibonacci_action_server]: Feedback: [13]
[INFO] [1733929419.484257498] [fibonacci_action_server]: Feedback: [13]
[INFO] [1733929419.528749218] [fibonacci_action_server]: Feedback: [21]
[INFO] [1733929420.029798126] [fibonacci_action_server]: Feedback: [21]
[INFO] [1733929420.484500039] [fibonacci_action_server]: Feedback: [21]
[INFO] [1733929420.528930805] [fibonacci_action_server]: Feedback: [34]
[INFO] [1733929421.030028801] [fibonacci_action_server]: Feedback: [34]
[INFO] [1733929421.484865041] [fibonacci_action_server]: Feedback: [34]
[INFO] [1733929421.529200526] [fibonacci_action_server]: Feedback: [55]
[INFO] [1733929422.030295501] [fibonacci_action_server]: Feedback: [55]
[INFO] [1733929422.485406095] [fibonacci_action_server]: Feedback: [55]
[INFO] [1733929422.529729879] [fibonacci_action_server]: Goal succeeded
[INFO] [1733929422.855894063] [fibonacci_action_server]: Received goal request with order 10
[INFO] [1733929422.856046569] [fibonacci_action_server]: Executing goal...
[INFO] [1733929422.856107374] [fibonacci_action_server]: Feedback: [1]
[INFO] [1733929423.030947086] [fibonacci_action_server]: Goal succeeded
[INFO] [1733929423.357242654] [fibonacci_action_server]: Received goal request with order 10
[INFO] [1733929423.357450469] [fibonacci_action_server]: Executing goal...
[INFO] [1733929423.357567827] [fibonacci_action_server]: Feedback: [1]
[INFO] [1733929423.485857654] [fibonacci_action_server]: Goal succeeded
[INFO] [1733929423.814137781] [fibonacci_action_server]: Received goal request with order 10
[INFO] [1733929423.814362203] [fibonacci_action_server]: Executing goal...
[INFO] [1733929423.814459375] [fibonacci_action_server]: Feedback: [1]
[INFO] [1733929423.856434334] [fibonacci_action_server]: Feedback: [2]
[INFO] [1733929424.358054222] [fibonacci_action_server]: Feedback: [2]
[INFO] [1733929424.814628858] [fibonacci_action_server]: Feedback: [2]
[INFO] [1733929424.856801788] [fibonacci_action_server]: Feedback: [3]
[INFO] [1733929425.358246629] [fibonacci_action_server]: Feedback: [3]
[INFO] [1733929425.815201197] [fibonacci_action_server]: Feedback: [3]
[INFO] [1733929425.857005771] [fibonacci_action_server]: Feedback: [5]
[INFO] [1733929426.358740003] [fibonacci_action_server]: Feedback: [5]
[INFO] [1733929426.815513961] [fibonacci_action_server]: Feedback: [5]
[INFO] [1733929426.857531113] [fibonacci_action_server]: Feedback: [8]
[INFO] [1733929427.359314217] [fibonacci_action_server]: Feedback: [8]
[INFO] [1733929427.815770078] [fibonacci_action_server]: Feedback: [8]
[INFO] [1733929427.857771012] [fibonacci_action_server]: Feedback: [13]
[INFO] [1733929428.359558571] [fibonacci_action_server]: Feedback: [13]
[INFO] [1733929428.816007150] [fibonacci_action_server]: Feedback: [13]
[INFO] [1733929428.858010262] [fibonacci_action_server]: Feedback: [21]
[INFO] [1733929429.359776917] [fibonacci_action_server]: Feedback: [21]
[INFO] [1733929429.816232146] [fibonacci_action_server]: Feedback: [21]
[INFO] [1733929429.858540462] [fibonacci_action_server]: Feedback: [34]
[INFO] [1733929430.360004005] [fibonacci_action_server]: Feedback: [34]
[INFO] [1733929430.816591244] [fibonacci_action_server]: Feedback: [34]
[INFO] [1733929430.858736921] [fibonacci_action_server]: Feedback: [55]
[INFO] [1733929431.360479973] [fibonacci_action_server]: Feedback: [55]
[INFO] [1733929431.816989546] [fibonacci_action_server]: Feedback: [55]
[INFO] [1733929431.859045114] [fibonacci_action_server]: Goal succeeded
[INFO] [1733929432.185515793] [fibonacci_action_server]: Received goal request with order 10
[INFO] [1733929432.185724265] [fibonacci_action_server]: Executing goal...
[INFO] [1733929432.185841814] [fibonacci_action_server]: Feedback: [1]
[INFO] [1733929432.360899401] [fibonacci_action_server]: Goal succeeded
[INFO] [1733929432.687276182] [fibonacci_action_server]: Received goal request with order 10
[INFO] [1733929432.687485626] [fibonacci_action_server]: Executing goal...
[INFO] [1733929432.687596437] [fibonacci_action_server]: Feedback: [1]
[INFO] [1733929432.817515129] [fibonacci_action_server]: Goal succeeded
[INFO] [1733929433.144744735] [fibonacci_action_server]: Received goal request with order 10
[INFO] [1733929433.144998597] [fibonacci_action_server]: Executing goal...
[INFO] [1733929433.145086700] [fibonacci_action_server]: Feedback: [1]
[INFO] [1733929433.186089428] [fibonacci_action_server]: Feedback: [2]
[INFO] [1733929433.687808060] [fibonacci_action_server]: Feedback: [2]
[INFO] [1733929434.145549832] [fibonacci_action_server]: Feedback: [2]
[INFO] [1733929434.186610188] [fibonacci_action_server]: Feedback: [3]
[INFO] [1733929434.688207545] [fibonacci_action_server]: Feedback: [3]
[INFO] [1733929435.145752092] [fibonacci_action_server]: Feedback: [3]
[INFO] [1733929435.186787984] [fibonacci_action_server]: Feedback: [5]
[INFO] [1733929435.688388918] [fibonacci_action_server]: Feedback: [5]
[INFO] [1733929436.145912102] [fibonacci_action_server]: Feedback: [5]
[INFO] [1733929436.187073617] [fibonacci_action_server]: Feedback: [8]
[INFO] [1733929436.688656979] [fibonacci_action_server]: Feedback: [8]
[INFO] [1733929437.146254657] [fibonacci_action_server]: Feedback: [8]
[INFO] [1733929437.187323732] [fibonacci_action_server]: Feedback: [13]
[INFO] [1733929437.689109731] [fibonacci_action_server]: Feedback: [13]
[INFO] [1733929438.146568280] [fibonacci_action_server]: Feedback: [13]
[INFO] [1733929438.187742974] [fibonacci_action_server]: Feedback: [21]
[INFO] [1733929438.689621135] [fibonacci_action_server]: Feedback: [21]
[INFO] [1733929439.146841291] [fibonacci_action_server]: Feedback: [21]
[INFO] [1733929439.188002273] [fibonacci_action_server]: Feedback: [34]
[INFO] [1733929439.689855295] [fibonacci_action_server]: Feedback: [34]
[INFO] [1733929440.147273317] [fibonacci_action_server]: Feedback: [34]
[INFO] [1733929440.188362580] [fibonacci_action_server]: Feedback: [55]
[INFO] [1733929440.690091732] [fibonacci_action_server]: Feedback: [55]
[INFO] [1733929441.147673246] [fibonacci_action_server]: Feedback: [55]
[INFO] [1733929441.188770809] [fibonacci_action_server]: Goal succeeded
[INFO] [1733929441.515213444] [fibonacci_action_server]: Received goal request with order 10
[INFO] [1733929441.515424185] [fibonacci_action_server]: Executing goal...
[INFO] [1733929441.515525002] [fibonacci_action_server]: Feedback: [1]
[INFO] [1733929441.690367051] [fibonacci_action_server]: Goal succeeded
[INFO] [1733929442.016765714] [fibonacci_action_server]: Received goal request with order 10
[INFO] [1733929442.016974054] [fibonacci_action_server]: Executing goal...
[INFO] [1733929442.017076825] [fibonacci_action_server]: Feedback: [1]
[INFO] [1733929442.147959033] [fibonacci_action_server]: Goal succeeded
[INFO] [1733929442.475366514] [fibonacci_action_server]: Received goal request with order 10
[INFO] [1733929442.475528922] [fibonacci_action_server]: Executing goal...
[INFO] [1733929442.475596129] [fibonacci_action_server]: Feedback: [1]
[INFO] [1733929442.516046556] [fibonacci_action_server]: Feedback: [2]
[INFO] [1733929443.017287341] [fibonacci_action_server]: Feedback: [2]
[INFO] [1733929443.475752836] [fibonacci_action_server]: Feedback: [2]
[INFO] [1733929443.516311502] [fibonacci_action_server]: Feedback: [3]
[INFO] [1733929444.017530715] [fibonacci_action_server]: Feedback: [3]
[INFO] [1733929444.476041512] [fibonacci_action_server]: Feedback: [3]
[INFO] [1733929444.516530295] [fibonacci_action_server]: Feedback: [5]
[INFO] [1733929445.017978295] [fibonacci_action_server]: Feedback: [5]
[INFO] [1733929445.476258596] [fibonacci_action_server]: Feedback: [5]
[INFO] [1733929445.517146770] [fibonacci_action_server]: Feedback: [8]
[INFO] [1733929446.018491470] [fibonacci_action_server]: Feedback: [8]
[INFO] [1733929446.476625875] [fibonacci_action_server]: Feedback: [8]
[INFO] [1733929446.517630728] [fibonacci_action_server]: Feedback: [13]
[INFO] [1733929447.019010472] [fibonacci_action_server]: Feedback: [13]
[INFO] [1733929447.476853461] [fibonacci_action_server]: Feedback: [13]
[INFO] [1733929447.518170499] [fibonacci_action_server]: Feedback: [21]
[INFO] [1733929448.019563027] [fibonacci_action_server]: Feedback: [21]
[INFO] [1733929448.477076625] [fibonacci_action_server]: Feedback: [21]
[INFO] [1733929448.518391768] [fibonacci_action_server]: Feedback: [34]
[INFO] [1733929449.020191935] [fibonacci_action_server]: Feedback: [34]
[INFO] [1733929449.477560892] [fibonacci_action_server]: Feedback: [34]
[INFO] [1733929449.518834328] [fibonacci_action_server]: Feedback: [55]
[INFO] [1733929450.020482316] [fibonacci_action_server]: Feedback: [55]
[INFO] [1733929450.478082797] [fibonacci_action_server]: Feedback: [55]
[INFO] [1733929450.519251229] [fibonacci_action_server]: Goal succeeded
[INFO] [1733929450.845708923] [fibonacci_action_server]: Received goal request with order 10
[INFO] [1733929450.845851248] [fibonacci_action_server]: Executing goal...
[INFO] [1733929450.845943795] [fibonacci_action_server]: Feedback: [1]
[INFO] [1733929451.020905644] [fibonacci_action_server]: Goal succeeded
[INFO] [1733929451.347359071] [fibonacci_action_server]: Received goal request with order 10
[INFO] [1733929451.347492894] [fibonacci_action_server]: Executing goal...
[INFO] [1733929451.347569944] [fibonacci_action_server]: Feedback: [1]
[INFO] [1733929451.478656149] [fibonacci_action_server]: Goal succeeded
[INFO] [1733929451.809798219] [fibonacci_action_server]: Received goal request with order 10
[INFO] [1733929451.810012103] [fibonacci_action_server]: Executing goal...
[INFO] [1733929451.810110208] [fibonacci_action_server]: Feedback: [1]
[INFO] [1733929451.846141656] [fibonacci_action_server]: Feedback: [2]
[INFO] [1733929452.347798333] [fibonacci_action_server]: Feedback: [2]
[INFO] [1733929452.810588136] [fibonacci_action_server]: Feedback: [2]
[INFO] [1733929452.846681218] [fibonacci_action_server]: Feedback: [3]
[INFO] [1733929453.348239725] [fibonacci_action_server]: Feedback: [3]
[INFO] [1733929453.811105001] [fibonacci_action_server]: Feedback: [3]
[INFO] [1733929453.847022675] [fibonacci_action_server]: Feedback: [5]
[INFO] [1733929454.348597387] [fibonacci_action_server]: Feedback: [5]
[INFO] [1733929454.811357279] [fibonacci_action_server]: Feedback: [5]
[INFO] [1733929454.847543478] [fibonacci_action_server]: Feedback: [8]
[INFO] [1733929455.348959988] [fibonacci_action_server]: Feedback: [8]
[INFO] [1733929455.811929480] [fibonacci_action_server]: Feedback: [8]
[INFO] [1733929455.847787714] [fibonacci_action_server]: Feedback: [13]
[INFO] [1733929456.349469156] [fibonacci_action_server]: Feedback: [13]
[INFO] [1733929456.812123359] [fibonacci_action_server]: Feedback: [13]
[INFO] [1733929456.848353388] [fibonacci_action_server]: Feedback: [21]
[INFO] [1733929457.350019099] [fibonacci_action_server]: Feedback: [21]
[INFO] [1733929457.812504000] [fibonacci_action_server]: Feedback: [21]
[INFO] [1733929457.848611559] [fibonacci_action_server]: Feedback: [34]
[INFO] [1733929458.350471155] [fibonacci_action_server]: Feedback: [34]
[INFO] [1733929458.812717638] [fibonacci_action_server]: Feedback: [34]
[INFO] [1733929458.848991303] [fibonacci_action_server]: Feedback: [55]
[INFO] [1733929459.350994084] [fibonacci_action_server]: Feedback: [55]
[INFO] [1733929459.812923149] [fibonacci_action_server]: Feedback: [55]
[INFO] [1733929459.849410937] [fibonacci_action_server]: Goal succeeded
[INFO] [1733929460.174021485] [fibonacci_action_server]: Received goal request with order 10
[INFO] [1733929460.174264914] [fibonacci_action_server]: Executing goal...
[INFO] [1733929460.174359006] [fibonacci_action_server]: Feedback: [1]
[INFO] [1733929460.351645088] [fibonacci_action_server]: Goal succeeded
[INFO] [1733929460.676018984] [fibonacci_action_server]: Received goal request with order 10
[INFO] [1733929460.676288124] [fibonacci_action_server]: Executing goal...
[INFO] [1733929460.676401579] [fibonacci_action_server]: Feedback: [1]
[INFO] [1733929460.813522144] [fibonacci_action_server]: Goal succeeded
[INFO] [1733929461.142492313] [fibonacci_action_server]: Received goal request with order 10
[INFO] [1733929461.142706808] [fibonacci_action_server]: Executing goal...
[INFO] [1733929461.142823737] [fibonacci_action_server]: Feedback: [1]
[INFO] [1733929461.174873461] [fibonacci_action_server]: Feedback: [2]
[INFO] [1733929461.676739235] [fibonacci_action_server]: Feedback: [2]
[INFO] [1733929462.143028416] [fibonacci_action_server]: Feedback: [2]
[INFO] [1733929462.175128385] [fibonacci_action_server]: Feedback: [3]
[INFO] [1733929462.676976581] [fibonacci_action_server]: Feedback: [3]
[INFO] [1733929463.143490182] [fibonacci_action_server]: Feedback: [3]
[INFO] [1733929463.175318345] [fibonacci_action_server]: Feedback: [5]
[INFO] [1733929463.677322153] [fibonacci_action_server]: Feedback: [5]
[INFO] [1733929464.143683263] [fibonacci_action_server]: Feedback: [5]
[INFO] [1733929464.175715539] [fibonacci_action_server]: Feedback: [8]
[INFO] [1733929464.677720058] [fibonacci_action_server]: Feedback: [8]
[INFO] [1733929465.143950989] [fibonacci_action_server]: Feedback: [8]
[INFO] [1733929465.175905040] [fibonacci_action_server]: Feedback: [13]
[INFO] [1733929465.678238723] [fibonacci_action_server]: Feedback: [13]
[INFO] [1733929466.144185626] [fibonacci_action_server]: Feedback: [13]
[INFO] [1733929466.176291111] [fibonacci_action_server]: Feedback: [21]
[INFO] [1733929466.678470504] [fibonacci_action_server]: Feedback: [21]
[INFO] [1733929467.144560480] [fibonacci_action_server]: Feedback: [21]
[INFO] [1733929467.176666478] [fibonacci_action_server]: Feedback: [34]
[INFO] [1733929467.678978170] [fibonacci_action_server]: Feedback: [34]
[INFO] [1733929468.144917009] [fibonacci_action_server]: Feedback: [34]
[INFO] [1733929468.177164146] [fibonacci_action_server]: Feedback: [55]
[INFO] [1733929468.679365589] [fibonacci_action_server]: Feedback: [55]
[INFO] [1733929469.145141809] [fibonacci_action_server]: Feedback: [55]
[INFO] [1733929469.177757048] [fibonacci_action_server]: Goal succeeded
[INFO] [1733929469.505457156] [fibonacci_action_server]: Received goal request with order 10
[INFO] [1733929469.505688875] [fibonacci_action_server]: Executing goal...
[INFO] [1733929469.505787446] [fibonacci_action_server]: Feedback: [1]
[INFO] [1733929469.679702148] [fibonacci_action_server]: Goal succeeded
[INFO] [1733929470.007121233] [fibonacci_action_server]: Received goal request with order 10
[INFO] [1733929470.007339054] [fibonacci_action_server]: Executing goal...
[INFO] [1733929470.007437173] [fibonacci_action_server]: Feedback: [1]
[INFO] [1733929470.145426195] [fibonacci_action_server]: Goal succeeded
[INFO] [1733929470.473163582] [fibonacci_action_server]: Received goal request with order 10
[INFO] [1733929470.473419463] [fibonacci_action_server]: Executing goal...
[INFO] [1733929470.473522644] [fibonacci_action_server]: Feedback: [1]
[INFO] [1733929470.505965369] [fibonacci_action_server]: Feedback: [2]
[INFO] [1733929471.007949400] [fibonacci_action_server]: Feedback: [2]
[INFO] [1733929471.474002404] [fibonacci_action_server]: Feedback: [2]
[INFO] [1733929471.506443256] [fibonacci_action_server]: Feedback: [3]
[INFO] [1733929472.008299236] [fibonacci_action_server]: Feedback: [3]
[INFO] [1733929472.474535251] [fibonacci_action_server]: Feedback: [3]
[INFO] [1733929472.506762024] [fibonacci_action_server]: Feedback: [5]
[INFO] [1733929473.008630145] [fibonacci_action_server]: Feedback: [5]
[INFO] [1733929473.474765612] [fibonacci_action_server]: Feedback: [5]
[INFO] [1733929473.507296028] [fibonacci_action_server]: Feedback: [8]
[INFO] [1733929474.009006966] [fibonacci_action_server]: Feedback: [8]
[INFO] [1733929474.475291259] [fibonacci_action_server]: Feedback: [8]
[INFO] [1733929474.507565343] [fibonacci_action_server]: Feedback: [13]
[INFO] [1733929475.009500112] [fibonacci_action_server]: Feedback: [13]
[INFO] [1733929475.475873123] [fibonacci_action_server]: Feedback: [13]
[INFO] [1733929475.507947588] [fibonacci_action_server]: Feedback: [21]
[INFO] [1733929476.010013721] [fibonacci_action_server]: Feedback: [21]
[INFO] [1733929476.476120270] [fibonacci_action_server]: Feedback: [21]
[INFO] [1733929476.508165420] [fibonacci_action_server]: Feedback: [34]
[INFO] [1733929477.010267076] [fibonacci_action_server]: Feedback: [34]
[INFO] [1733929477.476301791] [fibonacci_action_server]: Feedback: [34]
[INFO] [1733929477.508389562] [fibonacci_action_server]: Feedback: [55]
[INFO] [1733929478.010492156] [fibonacci_action_server]: Feedback: [55]
[INFO] [1733929478.476846644] [fibonacci_action_server]: Feedback: [55]
[INFO] [1733929478.508801022] [fibonacci_action_server]: Goal succeeded
[INFO] [1733929478.836442531] [fibonacci_action_server]: Received goal request with order 10
[INFO] [1733929478.836669616] [fibonacci_action_server]: Executing goal...
[INFO] [1733929478.836769233] [fibonacci_action_server]: Feedback: [1]
[INFO] [1733929479.011060829] [fibonacci_action_server]: Goal succeeded
[INFO] [1733929479.337758834] [fibonacci_action_server]: Received goal request with order 10
[INFO] [1733929479.337999642] [fibonacci_action_server]: Executing goal...
[INFO] [1733929479.338097674] [fibonacci_action_server]: Feedback: [1]
[INFO] [1733929479.477418425] [fibonacci_action_server]: Goal succeeded
[INFO] [1733929479.805286981] [fibonacci_action_server]: Received goal request with order 10
[INFO] [1733929479.805423220] [fibonacci_action_server]: Executing goal...
[INFO] [1733929479.805477105] [fibonacci_action_server]: Feedback: [1]
[INFO] [1733929479.836963095] [fibonacci_action_server]: Feedback: [2]
[INFO] [1733929480.338431968] [fibonacci_action_server]: Feedback: [2]
[INFO] [1733929480.805638749] [fibonacci_action_server]: Feedback: [2]
[INFO] [1733929480.837232918] [fibonacci_action_server]: Feedback: [3]
[INFO] [1733929481.338922305] [fibonacci_action_server]: Feedback: [3]
[INFO] [1733929481.806117078] [fibonacci_action_server]: Feedback: [3]
[INFO] [1733929481.837499549] [fibonacci_action_server]: Feedback: [5]
[INFO] [1733929482.339273007] [fibonacci_action_server]: Feedback: [5]
[INFO] [1733929482.806485377] [fibonacci_action_server]: Feedback: [5]
[INFO] [1733929482.837732365] [fibonacci_action_server]: Feedback: [8]
[INFO] [1733929483.339872679] [fibonacci_action_server]: Feedback: [8]
[INFO] [1733929483.806694444] [fibonacci_action_server]: Feedback: [8]
[INFO] [1733929483.837970384] [fibonacci_action_server]: Feedback: [13]
[INFO] [1733929484.340097763] [fibonacci_action_server]: Feedback: [13]
[INFO] [1733929484.806885263] [fibonacci_action_server]: Feedback: [13]
[INFO] [1733929484.838199865] [fibonacci_action_server]: Feedback: [21]
[INFO] [1733929485.340331082] [fibonacci_action_server]: Feedback: [21]
[INFO] [1733929485.807361494] [fibonacci_action_server]: Feedback: [21]
[INFO] [1733929485.838433321] [fibonacci_action_server]: Feedback: [34]
[INFO] [1733929486.340697650] [fibonacci_action_server]: Feedback: [34]
[INFO] [1733929486.807882837] [fibonacci_action_server]: Feedback: [34]
[INFO] [1733929486.838906424] [fibonacci_action_server]: Feedback: [55]
[INFO] [1733929487.341062398] [fibonacci_action_server]: Feedback: [55]
[INFO] [1733929487.808104423] [fibonacci_action_server]: Feedback: [55]
[INFO] [1733929487.839435607] [fibonacci_action_server]: Goal succeeded
[INFO] [1733929488.166815387] [fibonacci_action_server]: Received goal request with order 10
[INFO] [1733929488.167058602] [fibonacci_action_server]: Executing goal...
[INFO] [1733929488.167181477] [fibonacci_action_server]: Feedback: [1]
[INFO] [1733929488.341584898] [fibonacci_action_server]: Goal succeeded
[INFO] [1733929488.668191977] [fibonacci_action_server]: Received goal request with order 10
[INFO] [1733929488.668376425] [fibonacci_action_server]: Executing goal...
[INFO] [1733929488.668487348] [fibonacci_action_server]: Feedback: [1]
[INFO] [1733929488.808424533] [fibonacci_action_server]: Goal succeeded
[INFO] [1733929489.137394528] [fibonacci_action_server]: Received goal request with order 10
[INFO] [1733929489.137624453] [fibonacci_action_server]: Executing goal...
[INFO] [1733929489.137747666] [fibonacci_action_server]: Feedback: [1]
[INFO] [1733929489.167333341] [fibonacci_action_server]: Feedback: [2]
[INFO] [1733929489.668905294] [fibonacci_action_server]: Feedback: [2]
[INFO] [1733929490.137979395] [fibonacci_action_server]: Feedback: [2]
[INFO] [1733929490.167829425] [fibonacci_action_server]: Feedback: [3]
[INFO] [1733929490.669270130] [fibonacci_action_server]: Feedback: [3]
[INFO] [1733929491.138202859] [fibonacci_action_server]: Feedback: [3]
[INFO] [1733929491.168147464] [fibonacci_action_server]: Feedback: [5]
[INFO] [1733929491.669580968] [fibonacci_action_server]: Feedback: [5]
[INFO] [1733929492.138382472] [fibonacci_action_server]: Feedback: [5]
[INFO] [1733929492.168379535] [fibonacci_action_server]: Feedback: [8]
[INFO] [1733929492.669839084] [fibonacci_action_server]: Feedback: [8]
[INFO] [1733929493.138820988] [fibonacci_action_server]: Feedback: [8]
[INFO] [1733929493.168628171] [fibonacci_action_server]: Feedback: [13]
[INFO] [1733929493.670046383] [fibonacci_action_server]: Feedback: [13]
[INFO] [1733929494.139192521] [fibonacci_action_server]: Feedback: [13]
[INFO] [1733929494.169095632] [fibonacci_action_server]: Feedback: [21]
[INFO] [1733929494.670540566] [fibonacci_action_server]: Feedback: [21]
[INFO] [1733929495.139587109] [fibonacci_action_server]: Feedback: [21]
[INFO] [1733929495.169572041] [fibonacci_action_server]: Feedback: [34]
[INFO] [1733929495.671028776] [fibonacci_action_server]: Feedback: [34]
[INFO] [1733929496.139781821] [fibonacci_action_server]: Feedback: [34]
[INFO] [1733929496.170124726] [fibonacci_action_server]: Feedback: [55]
[INFO] [1733929496.671272549] [fibonacci_action_server]: Feedback: [55]
[INFO] [1733929497.140016695] [fibonacci_action_server]: Feedback: [55]
[INFO] [1733929497.170768445] [fibonacci_action_server]: Goal succeeded
[INFO] [1733929497.497746767] [fibonacci_action_server]: Received goal request with order 10
[INFO] [1733929497.497975011] [fibonacci_action_server]: Executing goal...
[INFO] [1733929497.498101543] [fibonacci_action_server]: Feedback: [1]
[INFO] [1733929497.671836586] [fibonacci_action_server]: Goal succeeded
[INFO] [1733929497.999230612] [fibonacci_action_server]: Received goal request with order 10
[INFO] [1733929497.999435095] [fibonacci_action_server]: Executing goal...
[INFO] [1733929497.999536983] [fibonacci_action_server]: Feedback: [1]
[INFO] [1733929498.140412453] [fibonacci_action_server]: Goal succeeded
[INFO] [1733929498.466298098] [fibonacci_action_server]: Received goal request with order 10
[INFO] [1733929498.466440669] [fibonacci_action_server]: Executing goal...
[INFO] [1733929498.466498370] [fibonacci_action_server]: Feedback: [1]
[INFO] [1733929498.498582743] [fibonacci_action_server]: Feedback: [2]
[INFO] [1733929498.999701873] [fibonacci_action_server]: Feedback: [2]
[INFO] [1733929499.466705100] [fibonacci_action_server]: Feedback: [2]
[INFO] [1733929499.498809075] [fibonacci_action_server]: Feedback: [3]
[INFO] [1733929499.999934969] [fibonacci_action_server]: Feedback: [3]
[INFO] [1733929500.467135045] [fibonacci_action_server]: Feedback: [3]
[INFO] [1733929500.498976389] [fibonacci_action_server]: Feedback: [5]
[INFO] [1733929501.000272041] [fibonacci_action_server]: Feedback: [5]
[INFO] [1733929501.467469343] [fibonacci_action_server]: Feedback: [5]
[INFO] [1733929501.499494957] [fibonacci_action_server]: Feedback: [8]
[INFO] [1733929502.000647261] [fibonacci_action_server]: Feedback: [8]
[INFO] [1733929502.467827678] [fibonacci_action_server]: Feedback: [8]
[INFO] [1733929502.500001038] [fibonacci_action_server]: Feedback: [13]
[INFO] [1733929503.001062345] [fibonacci_action_server]: Feedback: [13]
[INFO] [1733929503.468018221] [fibonacci_action_server]: Feedback: [13]
[INFO] [1733929503.500367381] [fibonacci_action_server]: Feedback: [21]
[INFO] [1733929504.001262414] [fibonacci_action_server]: Feedback: [21]
[INFO] [1733929504.468404661] [fibonacci_action_server]: Feedback: [21]
[INFO] [1733929504.500883678] [fibonacci_action_server]: Feedback: [34]
[INFO] [1733929505.001843770] [fibonacci_action_server]: Feedback: [34]
[INFO] [1733929505.468878632] [fibonacci_action_server]: Feedback: [34]
[INFO] [1733929505.501517171] [fibonacci_action_server]: Feedback: [55]
[INFO] [1733929506.002299784] [fibonacci_action_server]: Feedback: [55]
[INFO] [1733929506.469236491] [fibonacci_action_server]: Feedback: [55]
[INFO] [1733929506.502081050] [fibonacci_action_server]: Goal succeeded
[INFO] [1733929506.828815885] [fibonacci_action_server]: Received goal request with order 10
[INFO] [1733929506.828979956] [fibonacci_action_server]: Executing goal...
[INFO] [1733929506.829034547] [fibonacci_action_server]: Feedback: [1]
[INFO] [1733929507.002929716] [fibonacci_action_server]: Goal succeeded
[INFO] [1733929507.329892716] [fibonacci_action_server]: Received goal request with order 10
[INFO] [1733929507.330090130] [fibonacci_action_server]: Executing goal...
[INFO] [1733929507.330153192] [fibonacci_action_server]: Feedback: [1]
[INFO] [1733929507.469507741] [fibonacci_action_server]: Goal succeeded
[INFO] [1733929507.798176058] [fibonacci_action_server]: Received goal request with order 10
[INFO] [1733929507.798436277] [fibonacci_action_server]: Executing goal...
[INFO] [1733929507.798571240] [fibonacci_action_server]: Feedback: [1]
[INFO] [1733929507.829168438] [fibonacci_action_server]: Feedback: [2]
[INFO] [1733929508.330641429] [fibonacci_action_server]: Feedback: [2]
[INFO] [1733929508.799050446] [fibonacci_action_server]: Feedback: [2]
[INFO] [1733929508.829662001] [fibonacci_action_server]: Feedback: [3]
[INFO] [1733929509.331154040] [fibonacci_action_server]: Feedback: [3]
[INFO] [1733929509.650362887] [fibonacci_action_server]: Timeout reached, shutting down node...
RAPL is set
