[INFO] [1733659731.863305051] [fibonacci_action_server]: Received goal request with order 10
[INFO] [1733659731.863499468] [fibonacci_action_server]: Executing goal...
[INFO] [1733659731.863575537] [fibonacci_action_server]: Feedback: [1]
[INFO] [1733659732.363937260] [fibonacci_action_server]: Feedback: [2]
[INFO] [1733659732.864284654] [fibonacci_action_server]: Feedback: [3]
[INFO] [1733659733.364691263] [fibonacci_action_server]: Feedback: [5]
[INFO] [1733659733.865084340] [fibonacci_action_server]: Feedback: [8]
[INFO] [1733659734.365356219] [fibonacci_action_server]: Feedback: [13]
[INFO] [1733659734.865631617] [fibonacci_action_server]: Feedback: [21]
[INFO] [1733659735.366174100] [fibonacci_action_server]: Feedback: [34]
[INFO] [1733659735.866621809] [fibonacci_action_server]: Feedback: [55]
[INFO] [1733659736.367262038] [fibonacci_action_server]: Goal succeeded
[INFO] [1733659736.583517821] [fibonacci_action_server]: Received goal request with order 10
[INFO] [1733659736.583728123] [fibonacci_action_server]: Executing goal...
[INFO] [1733659736.583882053] [fibonacci_action_server]: Feedback: [1]
[INFO] [1733659737.084234691] [fibonacci_action_server]: Feedback: [2]
[INFO] [1733659737.584464983] [fibonacci_action_server]: Feedback: [3]
[INFO] [1733659738.084708187] [fibonacci_action_server]: Feedback: [5]
[INFO] [1733659738.585138293] [fibonacci_action_server]: Feedback: [8]
[INFO] [1733659739.085695631] [fibonacci_action_server]: Feedback: [13]
[INFO] [1733659739.585971416] [fibonacci_action_server]: Feedback: [21]
[INFO] [1733659740.086484447] [fibonacci_action_server]: Feedback: [34]
[INFO] [1733659740.587008038] [fibonacci_action_server]: Feedback: [55]
[INFO] [1733659741.087258540] [fibonacci_action_server]: Goal succeeded
[INFO] [1733659741.303066388] [fibonacci_action_server]: Received goal request with order 10
[INFO] [1733659741.303230975] [fibonacci_action_server]: Executing goal...
[INFO] [1733659741.303283315] [fibonacci_action_server]: Feedback: [1]
[INFO] [1733659741.803442984] [fibonacci_action_server]: Feedback: [2]
[INFO] [1733659742.304036665] [fibonacci_action_server]: Feedback: [3]
[INFO] [1733659742.804731381] [fibonacci_action_server]: Feedback: [5]
[INFO] [1733659743.305158780] [fibonacci_action_server]: Feedback: [8]
[INFO] [1733659743.805635510] [fibonacci_action_server]: Feedback: [13]
[INFO] [1733659744.306121039] [fibonacci_action_server]: Feedback: [21]
[INFO] [1733659744.806363159] [fibonacci_action_server]: Feedback: [34]
[INFO] [1733659745.306785944] [fibonacci_action_server]: Feedback: [55]
[INFO] [1733659745.807484350] [fibonacci_action_server]: Goal succeeded
[INFO] [1733659746.024433086] [fibonacci_action_server]: Received goal request with order 10
[INFO] [1733659746.024671693] [fibonacci_action_server]: Executing goal...
[INFO] [1733659746.024847677] [fibonacci_action_server]: Feedback: [1]
[INFO] [1733659746.525525518] [fibonacci_action_server]: Feedback: [2]
[INFO] [1733659747.026104098] [fibonacci_action_server]: Feedback: [3]
[INFO] [1733659747.526385527] [fibonacci_action_server]: Feedback: [5]
[INFO] [1733659748.026992661] [fibonacci_action_server]: Feedback: [8]
[INFO] [1733659748.527252425] [fibonacci_action_server]: Feedback: [13]
[INFO] [1733659749.027825195] [fibonacci_action_server]: Feedback: [21]
[INFO] [1733659749.528527108] [fibonacci_action_server]: Feedback: [34]
[INFO] [1733659750.028916091] [fibonacci_action_server]: Feedback: [55]
[INFO] [1733659750.529375333] [fibonacci_action_server]: Goal succeeded
[INFO] [1733659750.744794983] [fibonacci_action_server]: Received goal request with order 10
[INFO] [1733659750.745033901] [fibonacci_action_server]: Executing goal...
[INFO] [1733659750.745145876] [fibonacci_action_server]: Feedback: [1]
[INFO] [1733659751.245602227] [fibonacci_action_server]: Feedback: [2]
[INFO] [1733659751.746116399] [fibonacci_action_server]: Feedback: [3]
[INFO] [1733659752.246670828] [fibonacci_action_server]: Feedback: [5]
[INFO] [1733659752.747370387] [fibonacci_action_server]: Feedback: [8]
[INFO] [1733659753.248064855] [fibonacci_action_server]: Feedback: [13]
[INFO] [1733659753.748618679] [fibonacci_action_server]: Feedback: [21]
[INFO] [1733659754.249017625] [fibonacci_action_server]: Feedback: [34]
[INFO] [1733659754.749300557] [fibonacci_action_server]: Feedback: [55]
[INFO] [1733659755.249654188] [fibonacci_action_server]: Goal succeeded
[INFO] [1733659755.465887536] [fibonacci_action_server]: Received goal request with order 10
[INFO] [1733659755.466114520] [fibonacci_action_server]: Executing goal...
[INFO] [1733659755.466245457] [fibonacci_action_server]: Feedback: [1]
[INFO] [1733659755.966495806] [fibonacci_action_server]: Feedback: [2]
[INFO] [1733659756.467038086] [fibonacci_action_server]: Feedback: [3]
[INFO] [1733659756.967569399] [fibonacci_action_server]: Feedback: [5]
[INFO] [1733659757.468009225] [fibonacci_action_server]: Feedback: [8]
[INFO] [1733659757.968283647] [fibonacci_action_server]: Feedback: [13]
[INFO] [1733659758.468515164] [fibonacci_action_server]: Feedback: [21]
[INFO] [1733659758.969020064] [fibonacci_action_server]: Feedback: [34]
[INFO] [1733659759.469538970] [fibonacci_action_server]: Feedback: [55]
[INFO] [1733659759.970132260] [fibonacci_action_server]: Goal succeeded
[INFO] [1733659760.185831410] [fibonacci_action_server]: Received goal request with order 10
[INFO] [1733659760.186108119] [fibonacci_action_server]: Executing goal...
[INFO] [1733659760.186232931] [fibonacci_action_server]: Feedback: [1]
[INFO] [1733659760.686773819] [fibonacci_action_server]: Feedback: [2]
[INFO] [1733659761.187316998] [fibonacci_action_server]: Feedback: [3]
[INFO] [1733659761.687925150] [fibonacci_action_server]: Feedback: [5]
[INFO] [1733659762.188265471] [fibonacci_action_server]: Feedback: [8]
[INFO] [1733659762.688684273] [fibonacci_action_server]: Feedback: [13]
[INFO] [1733659763.189171704] [fibonacci_action_server]: Feedback: [21]
[INFO] [1733659763.689693081] [fibonacci_action_server]: Feedback: [34]
[INFO] [1733659764.189952768] [fibonacci_action_server]: Feedback: [55]
[INFO] [1733659764.690222641] [fibonacci_action_server]: Goal succeeded
[INFO] [1733659764.907261654] [fibonacci_action_server]: Received goal request with order 10
[INFO] [1733659764.907511364] [fibonacci_action_server]: Executing goal...
[INFO] [1733659764.907613432] [fibonacci_action_server]: Feedback: [1]
[INFO] [1733659765.408392952] [fibonacci_action_server]: Feedback: [2]
[INFO] [1733659765.908668302] [fibonacci_action_server]: Feedback: [3]
[INFO] [1733659766.409074785] [fibonacci_action_server]: Feedback: [5]
[INFO] [1733659766.909536860] [fibonacci_action_server]: Feedback: [8]
[INFO] [1733659767.410102121] [fibonacci_action_server]: Feedback: [13]
[INFO] [1733659767.910338519] [fibonacci_action_server]: Feedback: [21]
[INFO] [1733659768.410591856] [fibonacci_action_server]: Feedback: [34]
[INFO] [1733659768.910830805] [fibonacci_action_server]: Feedback: [55]
[INFO] [1733659769.411151535] [fibonacci_action_server]: Goal succeeded
[INFO] [1733659769.626080764] [fibonacci_action_server]: Received goal request with order 10
[INFO] [1733659769.626235443] [fibonacci_action_server]: Executing goal...
[INFO] [1733659769.626312566] [fibonacci_action_server]: Feedback: [1]
[INFO] [1733659770.126792300] [fibonacci_action_server]: Feedback: [2]
[INFO] [1733659770.627294549] [fibonacci_action_server]: Feedback: [3]
[INFO] [1733659771.127947118] [fibonacci_action_server]: Feedback: [5]
[INFO] [1733659771.628186774] [fibonacci_action_server]: Feedback: [8]
[INFO] [1733659772.128446630] [fibonacci_action_server]: Feedback: [13]
[INFO] [1733659772.628845739] [fibonacci_action_server]: Feedback: [21]
[INFO] [1733659773.129335757] [fibonacci_action_server]: Feedback: [34]
[INFO] [1733659773.629858299] [fibonacci_action_server]: Feedback: [55]
[INFO] [1733659774.130464774] [fibonacci_action_server]: Goal succeeded
[INFO] [1733659774.343664241] [fibonacci_action_server]: Received goal request with order 10
[INFO] [1733659774.343925426] [fibonacci_action_server]: Executing goal...
[INFO] [1733659774.344074465] [fibonacci_action_server]: Feedback: [1]
[INFO] [1733659774.844336594] [fibonacci_action_server]: Feedback: [2]
[INFO] [1733659775.344608016] [fibonacci_action_server]: Feedback: [3]
[INFO] [1733659775.845312128] [fibonacci_action_server]: Feedback: [5]
[INFO] [1733659776.345983462] [fibonacci_action_server]: Feedback: [8]
[INFO] [1733659776.846512067] [fibonacci_action_server]: Feedback: [13]
[INFO] [1733659777.347059705] [fibonacci_action_server]: Feedback: [21]
[INFO] [1733659777.847636763] [fibonacci_action_server]: Feedback: [34]
[INFO] [1733659778.347931886] [fibonacci_action_server]: Feedback: [55]
[INFO] [1733659778.848259873] [fibonacci_action_server]: Goal succeeded
[INFO] [1733659779.064205135] [fibonacci_action_server]: Received goal request with order 10
[INFO] [1733659779.064382672] [fibonacci_action_server]: Executing goal...
[INFO] [1733659779.064442540] [fibonacci_action_server]: Feedback: [1]
[INFO] [1733659779.564947639] [fibonacci_action_server]: Feedback: [2]
[INFO] [1733659780.065461169] [fibonacci_action_server]: Feedback: [3]
[INFO] [1733659780.566003234] [fibonacci_action_server]: Feedback: [5]
[INFO] [1733659781.066461082] [fibonacci_action_server]: Feedback: [8]
[INFO] [1733659781.566699453] [fibonacci_action_server]: Feedback: [13]
[INFO] [1733659782.066867879] [fibonacci_action_server]: Feedback: [21]
[INFO] [1733659782.567623460] [fibonacci_action_server]: Feedback: [34]
[INFO] [1733659783.067881525] [fibonacci_action_server]: Feedback: [55]
[INFO] [1733659783.568279523] [fibonacci_action_server]: Goal succeeded
[INFO] [1733659783.782559875] [fibonacci_action_server]: Received goal request with order 10
[INFO] [1733659783.782740216] [fibonacci_action_server]: Executing goal...
[INFO] [1733659783.782808693] [fibonacci_action_server]: Feedback: [1]
[INFO] [1733659784.282950877] [fibonacci_action_server]: Feedback: [2]
[INFO] [1733659784.783331273] [fibonacci_action_server]: Feedback: [3]
[INFO] [1733659785.283694152] [fibonacci_action_server]: Feedback: [5]
[INFO] [1733659785.784173906] [fibonacci_action_server]: Feedback: [8]
[INFO] [1733659786.284553710] [fibonacci_action_server]: Feedback: [13]
[INFO] [1733659786.784757694] [fibonacci_action_server]: Feedback: [21]
[INFO] [1733659787.285092990] [fibonacci_action_server]: Feedback: [34]
[INFO] [1733659787.785341883] [fibonacci_action_server]: Feedback: [55]
[INFO] [1733659788.285890180] [fibonacci_action_server]: Goal succeeded
[INFO] [1733659788.501665844] [fibonacci_action_server]: Received goal request with order 10
[INFO] [1733659788.501834736] [fibonacci_action_server]: Executing goal...
[INFO] [1733659788.501920196] [fibonacci_action_server]: Feedback: [1]
[INFO] [1733659789.002564221] [fibonacci_action_server]: Feedback: [2]
[INFO] [1733659789.503135526] [fibonacci_action_server]: Feedback: [3]
[INFO] [1733659790.003842363] [fibonacci_action_server]: Feedback: [5]
[INFO] [1733659790.504211756] [fibonacci_action_server]: Feedback: [8]
[INFO] [1733659791.004695318] [fibonacci_action_server]: Feedback: [13]
[INFO] [1733659791.504989142] [fibonacci_action_server]: Feedback: [21]
[INFO] [1733659792.005502700] [fibonacci_action_server]: Feedback: [34]
[INFO] [1733659792.506034776] [fibonacci_action_server]: Feedback: [55]
[INFO] [1733659793.006638511] [fibonacci_action_server]: Goal succeeded
[INFO] [1733659793.221849745] [fibonacci_action_server]: Received goal request with order 10
[INFO] [1733659793.222088401] [fibonacci_action_server]: Executing goal...
[INFO] [1733659793.222225694] [fibonacci_action_server]: Feedback: [1]
[INFO] [1733659793.722666689] [fibonacci_action_server]: Feedback: [2]
[INFO] [1733659794.223214949] [fibonacci_action_server]: Feedback: [3]
[INFO] [1733659794.723635194] [fibonacci_action_server]: Feedback: [5]
[INFO] [1733659795.223893930] [fibonacci_action_server]: Feedback: [8]
[INFO] [1733659795.724228098] [fibonacci_action_server]: Feedback: [13]
[INFO] [1733659796.224673571] [fibonacci_action_server]: Feedback: [21]
[INFO] [1733659796.725185372] [fibonacci_action_server]: Feedback: [34]
[INFO] [1733659797.225498271] [fibonacci_action_server]: Feedback: [55]
[INFO] [1733659797.725806009] [fibonacci_action_server]: Goal succeeded
[INFO] [1733659797.942546715] [fibonacci_action_server]: Received goal request with order 10
[INFO] [1733659797.942759224] [fibonacci_action_server]: Executing goal...
[INFO] [1733659797.942895730] [fibonacci_action_server]: Feedback: [1]
[INFO] [1733659798.443359600] [fibonacci_action_server]: Feedback: [2]
[INFO] [1733659798.943593791] [fibonacci_action_server]: Feedback: [3]
[INFO] [1733659799.444094691] [fibonacci_action_server]: Feedback: [5]
[INFO] [1733659799.944332278] [fibonacci_action_server]: Feedback: [8]
[INFO] [1733659800.444718491] [fibonacci_action_server]: Feedback: [13]
[INFO] [1733659800.944943581] [fibonacci_action_server]: Feedback: [21]
[INFO] [1733659801.445174424] [fibonacci_action_server]: Feedback: [34]
[INFO] [1733659801.945865469] [fibonacci_action_server]: Feedback: [55]
[INFO] [1733659802.446352373] [fibonacci_action_server]: Goal succeeded
[INFO] [1733659802.664581678] [fibonacci_action_server]: Received goal request with order 10
[INFO] [1733659802.664728255] [fibonacci_action_server]: Executing goal...
[INFO] [1733659802.664793143] [fibonacci_action_server]: Feedback: [1]
[INFO] [1733659803.165222683] [fibonacci_action_server]: Feedback: [2]
[INFO] [1733659803.665754815] [fibonacci_action_server]: Feedback: [3]
[INFO] [1733659804.166114330] [fibonacci_action_server]: Feedback: [5]
[INFO] [1733659804.666409795] [fibonacci_action_server]: Feedback: [8]
[INFO] [1733659805.166692758] [fibonacci_action_server]: Feedback: [13]
[INFO] [1733659805.667199168] [fibonacci_action_server]: Feedback: [21]
[INFO] [1733659806.167906448] [fibonacci_action_server]: Feedback: [34]
[INFO] [1733659806.668226261] [fibonacci_action_server]: Feedback: [55]
[INFO] [1733659807.168664283] [fibonacci_action_server]: Goal succeeded
[INFO] [1733659807.385078781] [fibonacci_action_server]: Received goal request with order 10
[INFO] [1733659807.385383423] [fibonacci_action_server]: Executing goal...
[INFO] [1733659807.385533803] [fibonacci_action_server]: Feedback: [1]
[INFO] [1733659807.886024050] [fibonacci_action_server]: Feedback: [2]
[INFO] [1733659808.386274859] [fibonacci_action_server]: Feedback: [3]
[INFO] [1733659808.886525263] [fibonacci_action_server]: Feedback: [5]
[INFO] [1733659809.387119785] [fibonacci_action_server]: Feedback: [8]
[INFO] [1733659809.887671054] [fibonacci_action_server]: Feedback: [13]
[INFO] [1733659810.388215904] [fibonacci_action_server]: Feedback: [21]
[INFO] [1733659810.888607759] [fibonacci_action_server]: Feedback: [34]
[INFO] [1733659811.389028724] [fibonacci_action_server]: Feedback: [55]
[INFO] [1733659811.889316019] [fibonacci_action_server]: Goal succeeded
[INFO] [1733659812.103310241] [fibonacci_action_server]: Received goal request with order 10
[INFO] [1733659812.103545577] [fibonacci_action_server]: Executing goal...
[INFO] [1733659812.103603013] [fibonacci_action_server]: Feedback: [1]
[INFO] [1733659812.603796969] [fibonacci_action_server]: Feedback: [2]
[INFO] [1733659813.104065919] [fibonacci_action_server]: Feedback: [3]
[INFO] [1733659813.604442243] [fibonacci_action_server]: Feedback: [5]
[INFO] [1733659814.104700197] [fibonacci_action_server]: Feedback: [8]
[INFO] [1733659814.605058763] [fibonacci_action_server]: Feedback: [13]
[INFO] [1733659815.105320643] [fibonacci_action_server]: Feedback: [21]
[INFO] [1733659815.605558311] [fibonacci_action_server]: Feedback: [34]
[INFO] [1733659816.106214989] [fibonacci_action_server]: Feedback: [55]
[INFO] [1733659816.606945245] [fibonacci_action_server]: Goal succeeded
[INFO] [1733659816.823284481] [fibonacci_action_server]: Received goal request with order 10
[INFO] [1733659816.823540654] [fibonacci_action_server]: Executing goal...
[INFO] [1733659816.823687438] [fibonacci_action_server]: Feedback: [1]
[INFO] [1733659817.324249632] [fibonacci_action_server]: Feedback: [2]
[INFO] [1733659817.824541481] [fibonacci_action_server]: Feedback: [3]
[INFO] [1733659818.324932159] [fibonacci_action_server]: Feedback: [5]
[INFO] [1733659818.825341619] [fibonacci_action_server]: Feedback: [8]
[INFO] [1733659819.325639749] [fibonacci_action_server]: Feedback: [13]
[INFO] [1733659819.826282290] [fibonacci_action_server]: Feedback: [21]
[INFO] [1733659820.326817039] [fibonacci_action_server]: Feedback: [34]
[INFO] [1733659820.827215605] [fibonacci_action_server]: Feedback: [55]
[INFO] [1733659821.327561126] [fibonacci_action_server]: Goal succeeded
[INFO] [1733659821.542331637] [fibonacci_action_server]: Received goal request with order 10
[INFO] [1733659821.542570843] [fibonacci_action_server]: Executing goal...
[INFO] [1733659821.542669994] [fibonacci_action_server]: Feedback: [1]
[INFO] [1733659822.043160463] [fibonacci_action_server]: Feedback: [2]
[INFO] [1733659822.543422488] [fibonacci_action_server]: Feedback: [3]
[INFO] [1733659823.043747514] [fibonacci_action_server]: Feedback: [5]
[INFO] [1733659823.544148775] [fibonacci_action_server]: Feedback: [8]
[INFO] [1733659824.044573146] [fibonacci_action_server]: Feedback: [13]
[INFO] [1733659824.544921188] [fibonacci_action_server]: Feedback: [21]
[INFO] [1733659825.045442866] [fibonacci_action_server]: Feedback: [34]
[INFO] [1733659825.546013172] [fibonacci_action_server]: Feedback: [55]
[INFO] [1733659826.046591494] [fibonacci_action_server]: Goal succeeded
[INFO] [1733659826.261891029] [fibonacci_action_server]: Received goal request with order 10
[INFO] [1733659826.262099184] [fibonacci_action_server]: Executing goal...
[INFO] [1733659826.262216711] [fibonacci_action_server]: Feedback: [1]
[INFO] [1733659826.762438492] [fibonacci_action_server]: Feedback: [2]
[INFO] [1733659827.262782467] [fibonacci_action_server]: Feedback: [3]
[INFO] [1733659827.763341734] [fibonacci_action_server]: Feedback: [5]
[INFO] [1733659828.264001576] [fibonacci_action_server]: Feedback: [8]
[INFO] [1733659828.764280885] [fibonacci_action_server]: Feedback: [13]
[INFO] [1733659829.264510205] [fibonacci_action_server]: Feedback: [21]
[INFO] [1733659829.764947329] [fibonacci_action_server]: Feedback: [34]
[INFO] [1733659830.265219661] [fibonacci_action_server]: Feedback: [55]
[INFO] [1733659830.765819002] [fibonacci_action_server]: Goal succeeded
[INFO] [1733659830.981857785] [fibonacci_action_server]: Received goal request with order 10
[INFO] [1733659830.982151188] [fibonacci_action_server]: Executing goal...
[INFO] [1733659830.982326305] [fibonacci_action_server]: Feedback: [1]
[INFO] [1733659831.482564530] [fibonacci_action_server]: Feedback: [2]
[INFO] [1733659831.983083522] [fibonacci_action_server]: Feedback: [3]
[INFO] [1733659832.483491285] [fibonacci_action_server]: Feedback: [5]
[INFO] [1733659832.983777339] [fibonacci_action_server]: Feedback: [8]
[INFO] [1733659833.484200435] [fibonacci_action_server]: Feedback: [13]
[INFO] [1733659833.984574909] [fibonacci_action_server]: Feedback: [21]
[INFO] [1733659834.484977843] [fibonacci_action_server]: Feedback: [34]
[INFO] [1733659834.985254514] [fibonacci_action_server]: Feedback: [55]
[INFO] [1733659835.485519567] [fibonacci_action_server]: Goal succeeded
[INFO] [1733659835.702476415] [fibonacci_action_server]: Received goal request with order 10
[INFO] [1733659835.702729815] [fibonacci_action_server]: Executing goal...
[INFO] [1733659835.702849249] [fibonacci_action_server]: Feedback: [1]
[INFO] [1733659836.203357401] [fibonacci_action_server]: Feedback: [2]
[INFO] [1733659836.703636635] [fibonacci_action_server]: Feedback: [3]
[INFO] [1733659837.204118484] [fibonacci_action_server]: Feedback: [5]
[INFO] [1733659837.704339035] [fibonacci_action_server]: Feedback: [8]
[INFO] [1733659838.204722719] [fibonacci_action_server]: Feedback: [13]
[INFO] [1733659838.705002497] [fibonacci_action_server]: Feedback: [21]
[INFO] [1733659839.205252918] [fibonacci_action_server]: Feedback: [34]
[INFO] [1733659839.705476879] [fibonacci_action_server]: Feedback: [55]
[INFO] [1733659840.206032067] [fibonacci_action_server]: Goal succeeded
[INFO] [1733659840.421622165] [fibonacci_action_server]: Received goal request with order 10
[INFO] [1733659840.421762289] [fibonacci_action_server]: Executing goal...
[INFO] [1733659840.421815135] [fibonacci_action_server]: Feedback: [1]
[INFO] [1733659840.922298858] [fibonacci_action_server]: Feedback: [2]
[INFO] [1733659841.422556333] [fibonacci_action_server]: Feedback: [3]
[INFO] [1733659841.923094402] [fibonacci_action_server]: Feedback: [5]
[INFO] [1733659842.423382679] [fibonacci_action_server]: Feedback: [8]
[INFO] [1733659842.923679517] [fibonacci_action_server]: Feedback: [13]
[INFO] [1733659843.423888593] [fibonacci_action_server]: Feedback: [21]
[INFO] [1733659843.924556915] [fibonacci_action_server]: Feedback: [34]
[INFO] [1733659844.425189616] [fibonacci_action_server]: Feedback: [55]
[INFO] [1733659844.925772376] [fibonacci_action_server]: Goal succeeded
[INFO] [1733659845.140518417] [fibonacci_action_server]: Received goal request with order 10
[INFO] [1733659845.140732968] [fibonacci_action_server]: Executing goal...
[INFO] [1733659845.140925689] [fibonacci_action_server]: Feedback: [1]
[INFO] [1733659845.641270214] [fibonacci_action_server]: Feedback: [2]
[INFO] [1733659846.141516430] [fibonacci_action_server]: Feedback: [3]
[INFO] [1733659846.641850338] [fibonacci_action_server]: Feedback: [5]
[INFO] [1733659847.142106096] [fibonacci_action_server]: Feedback: [8]
[INFO] [1733659847.642515130] [fibonacci_action_server]: Feedback: [13]
[INFO] [1733659848.143071901] [fibonacci_action_server]: Feedback: [21]
[INFO] [1733659848.643644275] [fibonacci_action_server]: Feedback: [34]
[INFO] [1733659849.144240672] [fibonacci_action_server]: Feedback: [55]
[INFO] [1733659849.644557728] [fibonacci_action_server]: Goal succeeded
[INFO] [1733659849.862225225] [fibonacci_action_server]: Received goal request with order 10
[INFO] [1733659849.862378034] [fibonacci_action_server]: Executing goal...
[INFO] [1733659849.862439710] [fibonacci_action_server]: Feedback: [1]
[INFO] [1733659850.362599753] [fibonacci_action_server]: Feedback: [2]
[INFO] [1733659850.863159540] [fibonacci_action_server]: Feedback: [3]
[INFO] [1733659851.363834817] [fibonacci_action_server]: Feedback: [5]
[INFO] [1733659851.864249817] [fibonacci_action_server]: Feedback: [8]
[INFO] [1733659852.364627748] [fibonacci_action_server]: Feedback: [13]
[INFO] [1733659852.864894233] [fibonacci_action_server]: Feedback: [21]
[INFO] [1733659853.365432048] [fibonacci_action_server]: Feedback: [34]
[INFO] [1733659853.865971555] [fibonacci_action_server]: Feedback: [55]
[INFO] [1733659854.366572661] [fibonacci_action_server]: Goal succeeded
[INFO] [1733659854.582600839] [fibonacci_action_server]: Received goal request with order 10
[INFO] [1733659854.582872992] [fibonacci_action_server]: Executing goal...
[INFO] [1733659854.582984247] [fibonacci_action_server]: Feedback: [1]
[INFO] [1733659855.083309352] [fibonacci_action_server]: Feedback: [2]
[INFO] [1733659855.583559170] [fibonacci_action_server]: Feedback: [3]
[INFO] [1733659856.084090929] [fibonacci_action_server]: Feedback: [5]
[INFO] [1733659856.584317941] [fibonacci_action_server]: Feedback: [8]
[INFO] [1733659857.084803957] [fibonacci_action_server]: Feedback: [13]
[INFO] [1733659857.585094477] [fibonacci_action_server]: Feedback: [21]
[INFO] [1733659858.085603263] [fibonacci_action_server]: Feedback: [34]
[INFO] [1733659858.585998558] [fibonacci_action_server]: Feedback: [55]
[INFO] [1733659859.086309279] [fibonacci_action_server]: Goal succeeded
[INFO] [1733659859.301821233] [fibonacci_action_server]: Received goal request with order 10
[INFO] [1733659859.302031336] [fibonacci_action_server]: Executing goal...
[INFO] [1733659859.302222055] [fibonacci_action_server]: Feedback: [1]
[INFO] [1733659859.802382328] [fibonacci_action_server]: Feedback: [2]
[INFO] [1733659860.302672926] [fibonacci_action_server]: Feedback: [3]
[INFO] [1733659860.803144824] [fibonacci_action_server]: Feedback: [5]
[INFO] [1733659861.303711958] [fibonacci_action_server]: Feedback: [8]
[INFO] [1733659861.804225054] [fibonacci_action_server]: Feedback: [13]
[INFO] [1733659862.304634167] [fibonacci_action_server]: Feedback: [21]
[INFO] [1733659862.805067378] [fibonacci_action_server]: Feedback: [34]
[INFO] [1733659863.305787832] [fibonacci_action_server]: Feedback: [55]
[INFO] [1733659863.806569737] [fibonacci_action_server]: Goal succeeded
[INFO] [1733659864.022245061] [fibonacci_action_server]: Received goal request with order 10
[INFO] [1733659864.022432196] [fibonacci_action_server]: Executing goal...
[INFO] [1733659864.022494061] [fibonacci_action_server]: Feedback: [1]
[INFO] [1733659864.522978932] [fibonacci_action_server]: Feedback: [2]
[INFO] [1733659865.023652648] [fibonacci_action_server]: Feedback: [3]
[INFO] [1733659865.524228877] [fibonacci_action_server]: Feedback: [5]
[INFO] [1733659866.024580565] [fibonacci_action_server]: Feedback: [8]
[INFO] [1733659866.525079501] [fibonacci_action_server]: Feedback: [13]
[INFO] [1733659867.025722041] [fibonacci_action_server]: Feedback: [21]
[INFO] [1733659867.526242846] [fibonacci_action_server]: Feedback: [34]
[INFO] [1733659868.026786548] [fibonacci_action_server]: Feedback: [55]
[INFO] [1733659868.527087453] [fibonacci_action_server]: Goal succeeded
[INFO] [1733659868.743332119] [fibonacci_action_server]: Received goal request with order 10
[INFO] [1733659868.743584158] [fibonacci_action_server]: Executing goal...
[INFO] [1733659868.743695514] [fibonacci_action_server]: Feedback: [1]
[INFO] [1733659869.244176435] [fibonacci_action_server]: Feedback: [2]
[INFO] [1733659869.744565702] [fibonacci_action_server]: Feedback: [3]
[INFO] [1733659870.244828967] [fibonacci_action_server]: Feedback: [5]
[INFO] [1733659870.745386014] [fibonacci_action_server]: Feedback: [8]
[INFO] [1733659871.245968361] [fibonacci_action_server]: Feedback: [13]
[INFO] [1733659871.746221561] [fibonacci_action_server]: Feedback: [21]
[INFO] [1733659872.246471394] [fibonacci_action_server]: Feedback: [34]
[INFO] [1733659872.746760331] [fibonacci_action_server]: Feedback: [55]
[INFO] [1733659873.247037465] [fibonacci_action_server]: Goal succeeded
[INFO] [1733659873.461378970] [fibonacci_action_server]: Received goal request with order 10
[INFO] [1733659873.461692572] [fibonacci_action_server]: Executing goal...
[INFO] [1733659873.461841366] [fibonacci_action_server]: Feedback: [1]
[INFO] [1733659873.962061303] [fibonacci_action_server]: Feedback: [2]
[INFO] [1733659874.462323608] [fibonacci_action_server]: Feedback: [3]
[INFO] [1733659874.962853299] [fibonacci_action_server]: Feedback: [5]
[INFO] [1733659875.463393743] [fibonacci_action_server]: Feedback: [8]
[INFO] [1733659875.963683890] [fibonacci_action_server]: Feedback: [13]
[INFO] [1733659876.463941184] [fibonacci_action_server]: Feedback: [21]
[INFO] [1733659876.964185402] [fibonacci_action_server]: Feedback: [34]
[INFO] [1733659877.464600649] [fibonacci_action_server]: Feedback: [55]
[INFO] [1733659877.964999789] [fibonacci_action_server]: Goal succeeded
[INFO] [1733659878.182466316] [fibonacci_action_server]: Received goal request with order 10
[INFO] [1733659878.182783760] [fibonacci_action_server]: Executing goal...
[INFO] [1733659878.182922426] [fibonacci_action_server]: Feedback: [1]
[INFO] [1733659878.683353257] [fibonacci_action_server]: Feedback: [2]
[INFO] [1733659879.183751702] [fibonacci_action_server]: Feedback: [3]
[INFO] [1733659879.684005077] [fibonacci_action_server]: Feedback: [5]
[INFO] [1733659880.184274999] [fibonacci_action_server]: Feedback: [8]
[INFO] [1733659880.684662206] [fibonacci_action_server]: Feedback: [13]
[INFO] [1733659881.185155884] [fibonacci_action_server]: Feedback: [21]
[INFO] [1733659881.685670909] [fibonacci_action_server]: Feedback: [34]
[INFO] [1733659882.185993506] [fibonacci_action_server]: Feedback: [55]
[INFO] [1733659882.686559477] [fibonacci_action_server]: Goal succeeded
[INFO] [1733659882.901965662] [fibonacci_action_server]: Received goal request with order 10
[INFO] [1733659882.902197169] [fibonacci_action_server]: Executing goal...
[INFO] [1733659882.902322064] [fibonacci_action_server]: Feedback: [1]
[INFO] [1733659883.402541079] [fibonacci_action_server]: Feedback: [2]
[INFO] [1733659883.902763073] [fibonacci_action_server]: Feedback: [3]
[INFO] [1733659884.403427633] [fibonacci_action_server]: Feedback: [5]
[INFO] [1733659884.904053106] [fibonacci_action_server]: Feedback: [8]
[INFO] [1733659885.404303567] [fibonacci_action_server]: Feedback: [13]
[INFO] [1733659885.904686172] [fibonacci_action_server]: Feedback: [21]
[INFO] [1733659886.405015514] [fibonacci_action_server]: Feedback: [34]
[INFO] [1733659886.905276673] [fibonacci_action_server]: Feedback: [55]
[INFO] [1733659887.405672812] [fibonacci_action_server]: Goal succeeded
[INFO] [1733659887.621653812] [fibonacci_action_server]: Received goal request with order 10
[INFO] [1733659887.621832090] [fibonacci_action_server]: Executing goal...
[INFO] [1733659887.621885573] [fibonacci_action_server]: Feedback: [1]
[INFO] [1733659888.122437896] [fibonacci_action_server]: Feedback: [2]
[INFO] [1733659888.623082981] [fibonacci_action_server]: Feedback: [3]
[INFO] [1733659889.123638817] [fibonacci_action_server]: Feedback: [5]
[INFO] [1733659889.624237589] [fibonacci_action_server]: Feedback: [8]
[INFO] [1733659890.124650850] [fibonacci_action_server]: Feedback: [13]
[INFO] [1733659890.624932723] [fibonacci_action_server]: Feedback: [21]
[INFO] [1733659891.125445852] [fibonacci_action_server]: Feedback: [34]
[INFO] [1733659891.626120095] [fibonacci_action_server]: Feedback: [55]
[INFO] [1733659892.126749116] [fibonacci_action_server]: Goal succeeded
[INFO] [1733659892.341511712] [fibonacci_action_server]: Received goal request with order 10
[INFO] [1733659892.341804185] [fibonacci_action_server]: Executing goal...
[INFO] [1733659892.341912228] [fibonacci_action_server]: Feedback: [1]
[INFO] [1733659892.842391460] [fibonacci_action_server]: Feedback: [2]
[INFO] [1733659893.342977963] [fibonacci_action_server]: Feedback: [3]
[INFO] [1733659893.843499830] [fibonacci_action_server]: Feedback: [5]
[INFO] [1733659894.343740128] [fibonacci_action_server]: Feedback: [8]
[INFO] [1733659894.844468158] [fibonacci_action_server]: Feedback: [13]
[INFO] [1733659895.344856028] [fibonacci_action_server]: Feedback: [21]
[INFO] [1733659895.845172184] [fibonacci_action_server]: Feedback: [34]
[INFO] [1733659896.345611175] [fibonacci_action_server]: Feedback: [55]
[INFO] [1733659896.845950557] [fibonacci_action_server]: Goal succeeded
[INFO] [1733659897.062503367] [fibonacci_action_server]: Received goal request with order 10
[INFO] [1733659897.062746877] [fibonacci_action_server]: Executing goal...
[INFO] [1733659897.062852787] [fibonacci_action_server]: Feedback: [1]
[INFO] [1733659897.563308894] [fibonacci_action_server]: Feedback: [2]
[INFO] [1733659898.063531015] [fibonacci_action_server]: Feedback: [3]
[INFO] [1733659898.564137083] [fibonacci_action_server]: Feedback: [5]
[INFO] [1733659899.064540173] [fibonacci_action_server]: Feedback: [8]
[INFO] [1733659899.564989922] [fibonacci_action_server]: Feedback: [13]
[INFO] [1733659900.065506831] [fibonacci_action_server]: Feedback: [21]
[INFO] [1733659900.565852693] [fibonacci_action_server]: Feedback: [34]
[INFO] [1733659901.066543043] [fibonacci_action_server]: Feedback: [55]
[INFO] [1733659901.567157508] [fibonacci_action_server]: Goal succeeded
[INFO] [1733659901.783725908] [fibonacci_action_server]: Received goal request with order 10
[INFO] [1733659901.783937472] [fibonacci_action_server]: Executing goal...
[INFO] [1733659901.784064520] [fibonacci_action_server]: Feedback: [1]
[INFO] [1733659902.284256965] [fibonacci_action_server]: Feedback: [2]
[INFO] [1733659902.784648936] [fibonacci_action_server]: Feedback: [3]
[INFO] [1733659903.285138277] [fibonacci_action_server]: Feedback: [5]
[INFO] [1733659903.785687915] [fibonacci_action_server]: Feedback: [8]
[INFO] [1733659904.285996286] [fibonacci_action_server]: Feedback: [13]
[INFO] [1733659904.786458158] [fibonacci_action_server]: Feedback: [21]
[INFO] [1733659905.286935682] [fibonacci_action_server]: Feedback: [34]
[INFO] [1733659905.787448939] [fibonacci_action_server]: Feedback: [55]
[INFO] [1733659906.287756657] [fibonacci_action_server]: Goal succeeded
[INFO] [1733659906.504475042] [fibonacci_action_server]: Received goal request with order 10
[INFO] [1733659906.504725648] [fibonacci_action_server]: Executing goal...
[INFO] [1733659906.504900919] [fibonacci_action_server]: Feedback: [1]
[INFO] [1733659907.005146212] [fibonacci_action_server]: Feedback: [2]
[INFO] [1733659907.505660784] [fibonacci_action_server]: Feedback: [3]
[INFO] [1733659908.005924944] [fibonacci_action_server]: Feedback: [5]
[INFO] [1733659908.506463152] [fibonacci_action_server]: Feedback: [8]
[INFO] [1733659909.007007798] [fibonacci_action_server]: Feedback: [13]
[INFO] [1733659909.507573941] [fibonacci_action_server]: Feedback: [21]
[INFO] [1733659910.007848483] [fibonacci_action_server]: Feedback: [34]
[INFO] [1733659910.508064991] [fibonacci_action_server]: Feedback: [55]
[INFO] [1733659911.008386444] [fibonacci_action_server]: Goal succeeded
[INFO] [1733659911.225570689] [fibonacci_action_server]: Received goal request with order 10
[INFO] [1733659911.225798495] [fibonacci_action_server]: Executing goal...
[INFO] [1733659911.225936700] [fibonacci_action_server]: Feedback: [1]
[INFO] [1733659911.726196156] [fibonacci_action_server]: Feedback: [2]
[INFO] [1733659911.847611157] [fibonacci_action_server]: Timeout reached, shutting down node...
RAPL is set
