[INFO] [1733923196.071122878] [fibonacci_action_server]: Received goal request with order 10
[INFO] [1733923196.071352327] [fibonacci_action_server]: Executing goal...
[INFO] [1733923196.071388318] [fibonacci_action_server]: Received goal request with order 10
[INFO] [1733923196.071469256] [fibonacci_action_server]: Feedback: [1]
[INFO] [1733923196.071567776] [fibonacci_action_server]: Executing goal...
[INFO] [1733923196.071654560] [fibonacci_action_server]: Feedback: [1]
[INFO] [1733923196.307489489] [fibonacci_action_server]: Received goal request with order 10
[INFO] [1733923196.307809008] [fibonacci_action_server]: Executing goal...
[INFO] [1733923196.307936081] [fibonacci_action_server]: Feedback: [1]
[INFO] [1733923196.571794625] [fibonacci_action_server]: Feedback: [2]
[INFO] [1733923196.571859517] [fibonacci_action_server]: Feedback: [2]
[INFO] [1733923196.808069741] [fibonacci_action_server]: Feedback: [2]
[INFO] [1733923197.072003967] [fibonacci_action_server]: Feedback: [3]
[INFO] [1733923197.072067589] [fibonacci_action_server]: Feedback: [3]
[INFO] [1733923197.308343452] [fibonacci_action_server]: Feedback: [3]
[INFO] [1733923197.572398508] [fibonacci_action_server]: Feedback: [5]
[INFO] [1733923197.572445661] [fibonacci_action_server]: Feedback: [5]
[INFO] [1733923197.808574244] [fibonacci_action_server]: Feedback: [5]
[INFO] [1733923198.072786100] [fibonacci_action_server]: Feedback: [8]
[INFO] [1733923198.072839139] [fibonacci_action_server]: Feedback: [8]
[INFO] [1733923198.308806299] [fibonacci_action_server]: Feedback: [8]
[INFO] [1733923198.573230165] [fibonacci_action_server]: Feedback: [13]
[INFO] [1733923198.573923806] [fibonacci_action_server]: Feedback: [13]
[INFO] [1733923198.809148194] [fibonacci_action_server]: Feedback: [13]
[INFO] [1733923199.073396127] [fibonacci_action_server]: Feedback: [21]
[INFO] [1733923199.074241840] [fibonacci_action_server]: Feedback: [21]
[INFO] [1733923199.309595307] [fibonacci_action_server]: Feedback: [21]
[INFO] [1733923199.573894966] [fibonacci_action_server]: Feedback: [34]
[INFO] [1733923199.574496854] [fibonacci_action_server]: Feedback: [34]
[INFO] [1733923199.810103423] [fibonacci_action_server]: Feedback: [34]
[INFO] [1733923200.074151670] [fibonacci_action_server]: Feedback: [55]
[INFO] [1733923200.074678180] [fibonacci_action_server]: Feedback: [55]
[INFO] [1733923200.310479829] [fibonacci_action_server]: Feedback: [55]
[INFO] [1733923200.574465946] [fibonacci_action_server]: Goal succeeded
[INFO] [1733923200.574855773] [fibonacci_action_server]: Goal succeeded
[INFO] [1733923200.787287850] [fibonacci_action_server]: Received goal request with order 10
[INFO] [1733923200.787495944] [fibonacci_action_server]: Executing goal...
[INFO] [1733923200.787612530] [fibonacci_action_server]: Feedback: [1]
[INFO] [1733923200.811001170] [fibonacci_action_server]: Goal succeeded
[INFO] [1733923200.888013122] [fibonacci_action_server]: Received goal request with order 10
[INFO] [1733923200.888239660] [fibonacci_action_server]: Executing goal...
[INFO] [1733923200.888412544] [fibonacci_action_server]: Feedback: [1]
[INFO] [1733923201.288049477] [fibonacci_action_server]: Feedback: [2]
[INFO] [1733923201.388760448] [fibonacci_action_server]: Feedback: [2]
[INFO] [1733923201.725535713] [fibonacci_action_server]: Received goal request with order 10
[INFO] [1733923201.725735416] [fibonacci_action_server]: Executing goal...
[INFO] [1733923201.725928379] [fibonacci_action_server]: Feedback: [1]
[INFO] [1733923201.788280761] [fibonacci_action_server]: Feedback: [3]
[INFO] [1733923201.889377123] [fibonacci_action_server]: Feedback: [3]
[INFO] [1733923202.226435055] [fibonacci_action_server]: Feedback: [2]
[INFO] [1733923202.288505318] [fibonacci_action_server]: Feedback: [5]
[INFO] [1733923202.389624736] [fibonacci_action_server]: Feedback: [5]
[INFO] [1733923202.726722399] [fibonacci_action_server]: Feedback: [3]
[INFO] [1733923202.788713309] [fibonacci_action_server]: Feedback: [8]
[INFO] [1733923202.890123686] [fibonacci_action_server]: Feedback: [8]
[INFO] [1733923203.227075387] [fibonacci_action_server]: Feedback: [5]
[INFO] [1733923203.288941610] [fibonacci_action_server]: Feedback: [13]
[INFO] [1733923203.390396873] [fibonacci_action_server]: Feedback: [13]
[INFO] [1733923203.729194692] [fibonacci_action_server]: Feedback: [8]
[INFO] [1733923203.789304769] [fibonacci_action_server]: Feedback: [21]
[INFO] [1733923203.890730671] [fibonacci_action_server]: Feedback: [21]
[INFO] [1733923204.229677271] [fibonacci_action_server]: Feedback: [13]
[INFO] [1733923204.289641518] [fibonacci_action_server]: Feedback: [34]
[INFO] [1733923204.390974904] [fibonacci_action_server]: Feedback: [34]
[INFO] [1733923204.729986705] [fibonacci_action_server]: Feedback: [21]
[INFO] [1733923204.789995134] [fibonacci_action_server]: Feedback: [55]
[INFO] [1733923204.891203147] [fibonacci_action_server]: Feedback: [55]
[INFO] [1733923205.230282914] [fibonacci_action_server]: Feedback: [34]
[INFO] [1733923205.290267165] [fibonacci_action_server]: Goal succeeded
[INFO] [1733923205.391505173] [fibonacci_action_server]: Goal succeeded
[INFO] [1733923205.602879849] [fibonacci_action_server]: Received goal request with order 10
[INFO] [1733923205.603059170] [fibonacci_action_server]: Executing goal...
[INFO] [1733923205.603114535] [fibonacci_action_server]: Feedback: [1]
[INFO] [1733923205.703304727] [fibonacci_action_server]: Received goal request with order 10
[INFO] [1733923205.703457751] [fibonacci_action_server]: Executing goal...
[INFO] [1733923205.703515143] [fibonacci_action_server]: Feedback: [1]
[INFO] [1733923205.730710038] [fibonacci_action_server]: Feedback: [55]
[INFO] [1733923206.103300699] [fibonacci_action_server]: Feedback: [2]
[INFO] [1733923206.203695965] [fibonacci_action_server]: Feedback: [2]
[INFO] [1733923206.231186215] [fibonacci_action_server]: Goal succeeded
[INFO] [1733923206.603530031] [fibonacci_action_server]: Feedback: [3]
[INFO] [1733923206.703865581] [fibonacci_action_server]: Feedback: [3]
[INFO] [1733923206.942284005] [fibonacci_action_server]: Received goal request with order 10
[INFO] [1733923206.942434292] [fibonacci_action_server]: Executing goal...
[INFO] [1733923206.942503935] [fibonacci_action_server]: Feedback: [1]
[INFO] [1733923207.103772333] [fibonacci_action_server]: Feedback: [5]
[INFO] [1733923207.204097254] [fibonacci_action_server]: Feedback: [5]
[INFO] [1733923207.442877129] [fibonacci_action_server]: Feedback: [2]
[INFO] [1733923207.604003600] [fibonacci_action_server]: Feedback: [8]
[INFO] [1733923207.704339795] [fibonacci_action_server]: Feedback: [8]
[INFO] [1733923207.943162098] [fibonacci_action_server]: Feedback: [3]
[INFO] [1733923208.104249209] [fibonacci_action_server]: Feedback: [13]
[INFO] [1733923208.204539648] [fibonacci_action_server]: Feedback: [13]
[INFO] [1733923208.443422866] [fibonacci_action_server]: Feedback: [5]
[INFO] [1733923208.604574367] [fibonacci_action_server]: Feedback: [21]
[INFO] [1733923208.705189842] [fibonacci_action_server]: Feedback: [21]
[INFO] [1733923208.943725203] [fibonacci_action_server]: Feedback: [8]
[INFO] [1733923209.105065809] [fibonacci_action_server]: Feedback: [34]
[INFO] [1733923209.205656113] [fibonacci_action_server]: Feedback: [34]
[INFO] [1733923209.444015425] [fibonacci_action_server]: Feedback: [13]
[INFO] [1733923209.605296373] [fibonacci_action_server]: Feedback: [55]
[INFO] [1733923209.705882561] [fibonacci_action_server]: Feedback: [55]
[INFO] [1733923209.944276420] [fibonacci_action_server]: Feedback: [21]
[INFO] [1733923210.105872930] [fibonacci_action_server]: Goal succeeded
[INFO] [1733923210.206457951] [fibonacci_action_server]: Goal succeeded
[INFO] [1733923210.417695917] [fibonacci_action_server]: Received goal request with order 10
[INFO] [1733923210.417950947] [fibonacci_action_server]: Executing goal...
[INFO] [1733923210.418100736] [fibonacci_action_server]: Feedback: [1]
[INFO] [1733923210.444665539] [fibonacci_action_server]: Feedback: [34]
[INFO] [1733923210.518018938] [fibonacci_action_server]: Received goal request with order 10
[INFO] [1733923210.518140399] [fibonacci_action_server]: Executing goal...
[INFO] [1733923210.518225109] [fibonacci_action_server]: Feedback: [1]
[INFO] [1733923210.918311589] [fibonacci_action_server]: Feedback: [2]
[INFO] [1733923210.945101892] [fibonacci_action_server]: Feedback: [55]
[INFO] [1733923211.018643633] [fibonacci_action_server]: Feedback: [2]
[INFO] [1733923211.418551970] [fibonacci_action_server]: Feedback: [3]
[INFO] [1733923211.445388785] [fibonacci_action_server]: Goal succeeded
[INFO] [1733923211.519208509] [fibonacci_action_server]: Feedback: [3]
[INFO] [1733923211.860565569] [fibonacci_action_server]: Received goal request with order 10
[INFO] [1733923211.860766853] [fibonacci_action_server]: Executing goal...
[INFO] [1733923211.860922762] [fibonacci_action_server]: Feedback: [1]
[INFO] [1733923211.918783907] [fibonacci_action_server]: Feedback: [5]
[INFO] [1733923212.019571340] [fibonacci_action_server]: Feedback: [5]
[INFO] [1733923212.361162850] [fibonacci_action_server]: Feedback: [2]
[INFO] [1733923212.419144051] [fibonacci_action_server]: Feedback: [8]
[INFO] [1733923212.520044173] [fibonacci_action_server]: Feedback: [8]
[INFO] [1733923212.861688815] [fibonacci_action_server]: Feedback: [3]
[INFO] [1733923212.919432905] [fibonacci_action_server]: Feedback: [13]
[INFO] [1733923213.020274494] [fibonacci_action_server]: Feedback: [13]
[INFO] [1733923213.362183429] [fibonacci_action_server]: Feedback: [5]
[INFO] [1733923213.419927186] [fibonacci_action_server]: Feedback: [21]
[INFO] [1733923213.520455210] [fibonacci_action_server]: Feedback: [21]
[INFO] [1733923213.862733627] [fibonacci_action_server]: Feedback: [8]
[INFO] [1733923213.920233364] [fibonacci_action_server]: Feedback: [34]
[INFO] [1733923214.020711422] [fibonacci_action_server]: Feedback: [34]
[INFO] [1733923214.363276092] [fibonacci_action_server]: Feedback: [13]
[INFO] [1733923214.420595738] [fibonacci_action_server]: Feedback: [55]
[INFO] [1733923214.520945197] [fibonacci_action_server]: Feedback: [55]
[INFO] [1733923214.863504180] [fibonacci_action_server]: Feedback: [21]
[INFO] [1733923214.921018505] [fibonacci_action_server]: Goal succeeded
[INFO] [1733923215.021532756] [fibonacci_action_server]: Goal succeeded
[INFO] [1733923215.233730435] [fibonacci_action_server]: Received goal request with order 10
[INFO] [1733923215.234253721] [fibonacci_action_server]: Executing goal...
[INFO] [1733923215.234308822] [fibonacci_action_server]: Feedback: [1]
[INFO] [1733923215.334551334] [fibonacci_action_server]: Received goal request with order 10
[INFO] [1733923215.334804644] [fibonacci_action_server]: Executing goal...
[INFO] [1733923215.334896524] [fibonacci_action_server]: Feedback: [1]
[INFO] [1733923215.364003720] [fibonacci_action_server]: Feedback: [34]
[INFO] [1733923215.734503865] [fibonacci_action_server]: Feedback: [2]
[INFO] [1733923215.835327217] [fibonacci_action_server]: Feedback: [2]
[INFO] [1733923215.864375104] [fibonacci_action_server]: Feedback: [55]
[INFO] [1733923216.234844374] [fibonacci_action_server]: Feedback: [3]
[INFO] [1733923216.335937405] [fibonacci_action_server]: Feedback: [3]
[INFO] [1733923216.364704527] [fibonacci_action_server]: Goal succeeded
[INFO] [1733923216.679428431] [fibonacci_action_server]: Received goal request with order 10
[INFO] [1733923216.679604183] [fibonacci_action_server]: Executing goal...
[INFO] [1733923216.679694113] [fibonacci_action_server]: Feedback: [1]
[INFO] [1733923216.735132007] [fibonacci_action_server]: Feedback: [5]
[INFO] [1733923216.836172044] [fibonacci_action_server]: Feedback: [5]
[INFO] [1733923217.179865082] [fibonacci_action_server]: Feedback: [2]
[INFO] [1733923217.235353676] [fibonacci_action_server]: Feedback: [8]
[INFO] [1733923217.336362390] [fibonacci_action_server]: Feedback: [8]
[INFO] [1733923217.680257477] [fibonacci_action_server]: Feedback: [3]
[INFO] [1733923217.735593097] [fibonacci_action_server]: Feedback: [13]
[INFO] [1733923217.836692911] [fibonacci_action_server]: Feedback: [13]
[INFO] [1733923218.180550510] [fibonacci_action_server]: Feedback: [5]
[INFO] [1733923218.235885565] [fibonacci_action_server]: Feedback: [21]
[INFO] [1733923218.336913094] [fibonacci_action_server]: Feedback: [21]
[INFO] [1733923218.680935944] [fibonacci_action_server]: Feedback: [8]
[INFO] [1733923218.736198761] [fibonacci_action_server]: Feedback: [34]
[INFO] [1733923218.837157516] [fibonacci_action_server]: Feedback: [34]
[INFO] [1733923219.181218300] [fibonacci_action_server]: Feedback: [13]
[INFO] [1733923219.236583170] [fibonacci_action_server]: Feedback: [55]
[INFO] [1733923219.337632197] [fibonacci_action_server]: Feedback: [55]
[INFO] [1733923219.681507734] [fibonacci_action_server]: Feedback: [21]
[INFO] [1733923219.736960574] [fibonacci_action_server]: Goal succeeded
[INFO] [1733923219.837864433] [fibonacci_action_server]: Goal succeeded
[INFO] [1733923220.049836775] [fibonacci_action_server]: Received goal request with order 10
[INFO] [1733923220.050047130] [fibonacci_action_server]: Executing goal...
[INFO] [1733923220.050173115] [fibonacci_action_server]: Feedback: [1]
[INFO] [1733923220.150190460] [fibonacci_action_server]: Received goal request with order 10
[INFO] [1733923220.150351559] [fibonacci_action_server]: Executing goal...
[INFO] [1733923220.150409333] [fibonacci_action_server]: Feedback: [1]
[INFO] [1733923220.181810636] [fibonacci_action_server]: Feedback: [34]
[INFO] [1733923220.550646319] [fibonacci_action_server]: Feedback: [2]
[INFO] [1733923220.650611888] [fibonacci_action_server]: Feedback: [2]
[INFO] [1733923220.682121099] [fibonacci_action_server]: Feedback: [55]
[INFO] [1733923221.050913576] [fibonacci_action_server]: Feedback: [3]
[INFO] [1733923221.150844298] [fibonacci_action_server]: Feedback: [3]
[INFO] [1733923221.182403655] [fibonacci_action_server]: Goal succeeded
[INFO] [1733923221.494242696] [fibonacci_action_server]: Received goal request with order 10
[INFO] [1733923221.494482698] [fibonacci_action_server]: Executing goal...
[INFO] [1733923221.494539419] [fibonacci_action_server]: Feedback: [1]
[INFO] [1733923221.551148699] [fibonacci_action_server]: Feedback: [5]
[INFO] [1733923221.651413606] [fibonacci_action_server]: Feedback: [5]
[INFO] [1733923221.994901775] [fibonacci_action_server]: Feedback: [2]
[INFO] [1733923222.051368196] [fibonacci_action_server]: Feedback: [8]
[INFO] [1733923222.151986580] [fibonacci_action_server]: Feedback: [8]
[INFO] [1733923222.495705400] [fibonacci_action_server]: Feedback: [3]
[INFO] [1733923222.551666711] [fibonacci_action_server]: Feedback: [13]
[INFO] [1733923222.652299743] [fibonacci_action_server]: Feedback: [13]
[INFO] [1733923222.996024353] [fibonacci_action_server]: Feedback: [5]
[INFO] [1733923223.051913019] [fibonacci_action_server]: Feedback: [21]
[INFO] [1733923223.152538124] [fibonacci_action_server]: Feedback: [21]
[INFO] [1733923223.496385748] [fibonacci_action_server]: Feedback: [8]
[INFO] [1733923223.552182693] [fibonacci_action_server]: Feedback: [34]
[INFO] [1733923223.652785061] [fibonacci_action_server]: Feedback: [34]
[INFO] [1733923223.996747774] [fibonacci_action_server]: Feedback: [13]
[INFO] [1733923224.052558293] [fibonacci_action_server]: Feedback: [55]
[INFO] [1733923224.153026747] [fibonacci_action_server]: Feedback: [55]
[INFO] [1733923224.496970486] [fibonacci_action_server]: Feedback: [21]
[INFO] [1733923224.552944693] [fibonacci_action_server]: Goal succeeded
[INFO] [1733923224.653550070] [fibonacci_action_server]: Goal succeeded
[INFO] [1733923224.865084617] [fibonacci_action_server]: Received goal request with order 10
[INFO] [1733923224.865270622] [fibonacci_action_server]: Executing goal...
[INFO] [1733923224.865323042] [fibonacci_action_server]: Feedback: [1]
[INFO] [1733923224.965575157] [fibonacci_action_server]: Received goal request with order 10
[INFO] [1733923224.965823063] [fibonacci_action_server]: Executing goal...
[INFO] [1733923224.965921532] [fibonacci_action_server]: Feedback: [1]
[INFO] [1733923224.997330683] [fibonacci_action_server]: Feedback: [34]
[INFO] [1733923225.365471773] [fibonacci_action_server]: Feedback: [2]
[INFO] [1733923225.466380395] [fibonacci_action_server]: Feedback: [2]
[INFO] [1733923225.497696586] [fibonacci_action_server]: Feedback: [55]
[INFO] [1733923225.865819856] [fibonacci_action_server]: Feedback: [3]
[INFO] [1733923225.966812390] [fibonacci_action_server]: Feedback: [3]
[INFO] [1733923225.998264696] [fibonacci_action_server]: Goal succeeded
[INFO] [1733923226.311390821] [fibonacci_action_server]: Received goal request with order 10
[INFO] [1733923226.312227374] [fibonacci_action_server]: Executing goal...
[INFO] [1733923226.312880434] [fibonacci_action_server]: Feedback: [1]
[INFO] [1733923226.366035117] [fibonacci_action_server]: Feedback: [5]
[INFO] [1733923226.467199267] [fibonacci_action_server]: Feedback: [5]
[INFO] [1733923226.813084667] [fibonacci_action_server]: Feedback: [2]
[INFO] [1733923226.866409556] [fibonacci_action_server]: Feedback: [8]
[INFO] [1733923226.967425400] [fibonacci_action_server]: Feedback: [8]
[INFO] [1733923227.313361223] [fibonacci_action_server]: Feedback: [3]
[INFO] [1733923227.366666383] [fibonacci_action_server]: Feedback: [13]
[INFO] [1733923227.467969435] [fibonacci_action_server]: Feedback: [13]
[INFO] [1733923227.813678780] [fibonacci_action_server]: Feedback: [5]
[INFO] [1733923227.867070582] [fibonacci_action_server]: Feedback: [21]
[INFO] [1733923227.968223436] [fibonacci_action_server]: Feedback: [21]
[INFO] [1733923228.314300715] [fibonacci_action_server]: Feedback: [8]
[INFO] [1733923228.367913989] [fibonacci_action_server]: Feedback: [34]
[INFO] [1733923228.468468800] [fibonacci_action_server]: Feedback: [34]
[INFO] [1733923228.814700353] [fibonacci_action_server]: Feedback: [13]
[INFO] [1733923228.868088433] [fibonacci_action_server]: Feedback: [55]
[INFO] [1733923228.968689661] [fibonacci_action_server]: Feedback: [55]
[INFO] [1733923229.315188463] [fibonacci_action_server]: Feedback: [21]
[INFO] [1733923229.368403186] [fibonacci_action_server]: Goal succeeded
[INFO] [1733923229.468986372] [fibonacci_action_server]: Goal succeeded
[INFO] [1733923229.681730287] [fibonacci_action_server]: Received goal request with order 10
[INFO] [1733923229.681879249] [fibonacci_action_server]: Executing goal...
[INFO] [1733923229.681933135] [fibonacci_action_server]: Feedback: [1]
[INFO] [1733923229.781650405] [fibonacci_action_server]: Received goal request with order 10
[INFO] [1733923229.781769160] [fibonacci_action_server]: Executing goal...
[INFO] [1733923229.781827320] [fibonacci_action_server]: Feedback: [1]
[INFO] [1733923229.815737508] [fibonacci_action_server]: Feedback: [34]
[INFO] [1733923230.182140825] [fibonacci_action_server]: Feedback: [2]
[INFO] [1733923230.282079695] [fibonacci_action_server]: Feedback: [2]
[INFO] [1733923230.316157705] [fibonacci_action_server]: Feedback: [55]
[INFO] [1733923230.682387759] [fibonacci_action_server]: Feedback: [3]
[INFO] [1733923230.782411058] [fibonacci_action_server]: Feedback: [3]
[INFO] [1733923230.816447580] [fibonacci_action_server]: Goal succeeded
[INFO] [1733923231.133208895] [fibonacci_action_server]: Received goal request with order 10
[INFO] [1733923231.133445328] [fibonacci_action_server]: Executing goal...
[INFO] [1733923231.133537493] [fibonacci_action_server]: Feedback: [1]
[INFO] [1733923231.182630787] [fibonacci_action_server]: Feedback: [5]
[INFO] [1733923231.282959007] [fibonacci_action_server]: Feedback: [5]
[INFO] [1733923231.633741840] [fibonacci_action_server]: Feedback: [2]
[INFO] [1733923231.682864383] [fibonacci_action_server]: Feedback: [8]
[INFO] [1733923231.783226299] [fibonacci_action_server]: Feedback: [8]
[INFO] [1733923232.134252151] [fibonacci_action_server]: Feedback: [3]
[INFO] [1733923232.183205955] [fibonacci_action_server]: Feedback: [13]
[INFO] [1733923232.283459786] [fibonacci_action_server]: Feedback: [13]
[INFO] [1733923232.634799755] [fibonacci_action_server]: Feedback: [5]
[INFO] [1733923232.683584522] [fibonacci_action_server]: Feedback: [21]
[INFO] [1733923232.783653419] [fibonacci_action_server]: Feedback: [21]
[INFO] [1733923233.135342580] [fibonacci_action_server]: Feedback: [8]
[INFO] [1733923233.184001910] [fibonacci_action_server]: Feedback: [34]
[INFO] [1733923233.283873505] [fibonacci_action_server]: Feedback: [34]
[INFO] [1733923233.635596921] [fibonacci_action_server]: Feedback: [13]
[INFO] [1733923233.684316836] [fibonacci_action_server]: Feedback: [55]
[INFO] [1733923233.784106164] [fibonacci_action_server]: Feedback: [55]
[INFO] [1733923234.136040650] [fibonacci_action_server]: Feedback: [21]
[INFO] [1733923234.184785725] [fibonacci_action_server]: Goal succeeded
[INFO] [1733923234.284515136] [fibonacci_action_server]: Goal succeeded
[INFO] [1733923234.497221752] [fibonacci_action_server]: Received goal request with order 10
[INFO] [1733923234.497399082] [fibonacci_action_server]: Executing goal...
[INFO] [1733923234.497461043] [fibonacci_action_server]: Feedback: [1]
[INFO] [1733923234.597743307] [fibonacci_action_server]: Received goal request with order 10
[INFO] [1733923234.597978447] [fibonacci_action_server]: Executing goal...
[INFO] [1733923234.598072776] [fibonacci_action_server]: Feedback: [1]
[INFO] [1733923234.636443036] [fibonacci_action_server]: Feedback: [34]
[INFO] [1733923234.997818937] [fibonacci_action_server]: Feedback: [2]
[INFO] [1733923235.098277523] [fibonacci_action_server]: Feedback: [2]
[INFO] [1733923235.136826747] [fibonacci_action_server]: Feedback: [55]
[INFO] [1733923235.498029965] [fibonacci_action_server]: Feedback: [3]
[INFO] [1733923235.598803564] [fibonacci_action_server]: Feedback: [3]
[INFO] [1733923235.637208708] [fibonacci_action_server]: Goal succeeded
[INFO] [1733923235.952612517] [fibonacci_action_server]: Received goal request with order 10
[INFO] [1733923235.952762928] [fibonacci_action_server]: Executing goal...
[INFO] [1733923235.952851996] [fibonacci_action_server]: Feedback: [1]
[INFO] [1733923235.998249691] [fibonacci_action_server]: Feedback: [5]
[INFO] [1733923236.099356543] [fibonacci_action_server]: Feedback: [5]
[INFO] [1733923236.453175653] [fibonacci_action_server]: Feedback: [2]
[INFO] [1733923236.498492418] [fibonacci_action_server]: Feedback: [8]
[INFO] [1733923236.599894670] [fibonacci_action_server]: Feedback: [8]
[INFO] [1733923236.953786681] [fibonacci_action_server]: Feedback: [3]
[INFO] [1733923236.998712083] [fibonacci_action_server]: Feedback: [13]
[INFO] [1733923237.100124036] [fibonacci_action_server]: Feedback: [13]
[INFO] [1733923237.454139155] [fibonacci_action_server]: Feedback: [5]
[INFO] [1733923237.498999072] [fibonacci_action_server]: Feedback: [21]
[INFO] [1733923237.600367821] [fibonacci_action_server]: Feedback: [21]
[INFO] [1733923237.954712648] [fibonacci_action_server]: Feedback: [8]
[INFO] [1733923237.999504347] [fibonacci_action_server]: Feedback: [34]
[INFO] [1733923238.100629401] [fibonacci_action_server]: Feedback: [34]
[INFO] [1733923238.454954867] [fibonacci_action_server]: Feedback: [13]
[INFO] [1733923238.499793563] [fibonacci_action_server]: Feedback: [55]
[INFO] [1733923238.600999927] [fibonacci_action_server]: Feedback: [55]
[INFO] [1733923238.955200149] [fibonacci_action_server]: Feedback: [21]
[INFO] [1733923239.000192213] [fibonacci_action_server]: Goal succeeded
[INFO] [1733923239.101281650] [fibonacci_action_server]: Goal succeeded
[INFO] [1733923239.312946899] [fibonacci_action_server]: Received goal request with order 10
[INFO] [1733923239.313094409] [fibonacci_action_server]: Executing goal...
[INFO] [1733923239.313175154] [fibonacci_action_server]: Feedback: [1]
[INFO] [1733923239.413549219] [fibonacci_action_server]: Received goal request with order 10
[INFO] [1733923239.413818777] [fibonacci_action_server]: Executing goal...
[INFO] [1733923239.413918008] [fibonacci_action_server]: Feedback: [1]
[INFO] [1733923239.455829702] [fibonacci_action_server]: Feedback: [34]
[INFO] [1733923239.813629260] [fibonacci_action_server]: Feedback: [2]
[INFO] [1733923239.914418083] [fibonacci_action_server]: Feedback: [2]
[INFO] [1733923239.956153420] [fibonacci_action_server]: Feedback: [55]
[INFO] [1733923240.313990900] [fibonacci_action_server]: Feedback: [3]
[INFO] [1733923240.414989759] [fibonacci_action_server]: Feedback: [3]
[INFO] [1733923240.456396218] [fibonacci_action_server]: Goal succeeded
[INFO] [1733923240.767476416] [fibonacci_action_server]: Received goal request with order 10
[INFO] [1733923240.767680764] [fibonacci_action_server]: Executing goal...
[INFO] [1733923240.767746607] [fibonacci_action_server]: Feedback: [1]
[INFO] [1733923240.814481334] [fibonacci_action_server]: Feedback: [5]
[INFO] [1733923240.915213323] [fibonacci_action_server]: Feedback: [5]
[INFO] [1733923241.267940652] [fibonacci_action_server]: Feedback: [2]
[INFO] [1733923241.314755564] [fibonacci_action_server]: Feedback: [8]
[INFO] [1733923241.415714539] [fibonacci_action_server]: Feedback: [8]
[INFO] [1733923241.768490501] [fibonacci_action_server]: Feedback: [3]
[INFO] [1733923241.815035836] [fibonacci_action_server]: Feedback: [13]
[INFO] [1733923241.915995069] [fibonacci_action_server]: Feedback: [13]
[INFO] [1733923242.268721988] [fibonacci_action_server]: Feedback: [5]
[INFO] [1733923242.315258832] [fibonacci_action_server]: Feedback: [21]
[INFO] [1733923242.416348607] [fibonacci_action_server]: Feedback: [21]
[INFO] [1733923242.768964342] [fibonacci_action_server]: Feedback: [8]
[INFO] [1733923242.815741384] [fibonacci_action_server]: Feedback: [34]
[INFO] [1733923242.916654090] [fibonacci_action_server]: Feedback: [34]
[INFO] [1733923243.269307004] [fibonacci_action_server]: Feedback: [13]
[INFO] [1733923243.316009527] [fibonacci_action_server]: Feedback: [55]
[INFO] [1733923243.416980626] [fibonacci_action_server]: Feedback: [55]
[INFO] [1733923243.769547868] [fibonacci_action_server]: Feedback: [21]
[INFO] [1733923243.816422757] [fibonacci_action_server]: Goal succeeded
[INFO] [1733923243.917386047] [fibonacci_action_server]: Goal succeeded
[INFO] [1733923244.129070476] [fibonacci_action_server]: Received goal request with order 10
[INFO] [1733923244.129456335] [fibonacci_action_server]: Executing goal...
[INFO] [1733923244.129573762] [fibonacci_action_server]: Feedback: [1]
[INFO] [1733923244.229712925] [fibonacci_action_server]: Received goal request with order 10
[INFO] [1733923244.230003540] [fibonacci_action_server]: Executing goal...
[INFO] [1733923244.230119129] [fibonacci_action_server]: Feedback: [1]
[INFO] [1733923244.269862351] [fibonacci_action_server]: Feedback: [34]
[INFO] [1733923244.629739482] [fibonacci_action_server]: Feedback: [2]
[INFO] [1733923244.730344426] [fibonacci_action_server]: Feedback: [2]
[INFO] [1733923244.770135368] [fibonacci_action_server]: Feedback: [55]
[INFO] [1733923245.130048487] [fibonacci_action_server]: Feedback: [3]
[INFO] [1733923245.230534107] [fibonacci_action_server]: Feedback: [3]
[INFO] [1733923245.270423157] [fibonacci_action_server]: Goal succeeded
[INFO] [1733923245.583150617] [fibonacci_action_server]: Received goal request with order 10
[INFO] [1733923245.583374613] [fibonacci_action_server]: Executing goal...
[INFO] [1733923245.583478786] [fibonacci_action_server]: Feedback: [1]
[INFO] [1733923245.630431661] [fibonacci_action_server]: Feedback: [5]
[INFO] [1733923245.730748401] [fibonacci_action_server]: Feedback: [5]
[INFO] [1733923246.083671610] [fibonacci_action_server]: Feedback: [2]
[INFO] [1733923246.130710784] [fibonacci_action_server]: Feedback: [8]
[INFO] [1733923246.231023589] [fibonacci_action_server]: Feedback: [8]
[INFO] [1733923246.583885702] [fibonacci_action_server]: Feedback: [3]
[INFO] [1733923246.630928351] [fibonacci_action_server]: Feedback: [13]
[INFO] [1733923246.731221158] [fibonacci_action_server]: Feedback: [13]
[INFO] [1733923247.084101044] [fibonacci_action_server]: Feedback: [5]
[INFO] [1733923247.131193946] [fibonacci_action_server]: Feedback: [21]
[INFO] [1733923247.231424547] [fibonacci_action_server]: Feedback: [21]
[INFO] [1733923247.584292289] [fibonacci_action_server]: Feedback: [8]
[INFO] [1733923247.631424358] [fibonacci_action_server]: Feedback: [34]
[INFO] [1733923247.731754621] [fibonacci_action_server]: Feedback: [34]
[INFO] [1733923248.084497491] [fibonacci_action_server]: Feedback: [13]
[INFO] [1733923248.131665856] [fibonacci_action_server]: Feedback: [55]
[INFO] [1733923248.231951117] [fibonacci_action_server]: Feedback: [55]
[INFO] [1733923248.584673644] [fibonacci_action_server]: Feedback: [21]
[INFO] [1733923248.631992840] [fibonacci_action_server]: Goal succeeded
[INFO] [1733923248.732403709] [fibonacci_action_server]: Goal succeeded
[INFO] [1733923248.940687640] [fibonacci_action_server]: Received goal request with order 10
[INFO] [1733923248.940862506] [fibonacci_action_server]: Executing goal...
[INFO] [1733923248.940965196] [fibonacci_action_server]: Feedback: [1]
[INFO] [1733923249.041119756] [fibonacci_action_server]: Received goal request with order 10
[INFO] [1733923249.041258605] [fibonacci_action_server]: Executing goal...
[INFO] [1733923249.041326134] [fibonacci_action_server]: Feedback: [1]
[INFO] [1733923249.085027705] [fibonacci_action_server]: Feedback: [34]
[INFO] [1733923249.441135058] [fibonacci_action_server]: Feedback: [2]
[INFO] [1733923249.541534948] [fibonacci_action_server]: Feedback: [2]
[INFO] [1733923249.585238373] [fibonacci_action_server]: Feedback: [55]
[INFO] [1733923249.941372797] [fibonacci_action_server]: Feedback: [3]
[INFO] [1733923250.041741304] [fibonacci_action_server]: Feedback: [3]
[INFO] [1733923250.085826117] [fibonacci_action_server]: Goal succeeded
[INFO] [1733923250.396202882] [fibonacci_action_server]: Received goal request with order 10
[INFO] [1733923250.396431046] [fibonacci_action_server]: Executing goal...
[INFO] [1733923250.396541486] [fibonacci_action_server]: Feedback: [1]
[INFO] [1733923250.441567941] [fibonacci_action_server]: Feedback: [5]
[INFO] [1733923250.542262801] [fibonacci_action_server]: Feedback: [5]
[INFO] [1733923250.896752236] [fibonacci_action_server]: Feedback: [2]
[INFO] [1733923250.941910666] [fibonacci_action_server]: Feedback: [8]
[INFO] [1733923251.042439665] [fibonacci_action_server]: Feedback: [8]
[INFO] [1733923251.396974132] [fibonacci_action_server]: Feedback: [3]
[INFO] [1733923251.442177616] [fibonacci_action_server]: Feedback: [13]
[INFO] [1733923251.542670311] [fibonacci_action_server]: Feedback: [13]
[INFO] [1733923251.897390763] [fibonacci_action_server]: Feedback: [5]
[INFO] [1733923251.942632787] [fibonacci_action_server]: Feedback: [21]
[INFO] [1733923252.042928218] [fibonacci_action_server]: Feedback: [21]
[INFO] [1733923252.397894916] [fibonacci_action_server]: Feedback: [8]
[INFO] [1733923252.443176717] [fibonacci_action_server]: Feedback: [34]
[INFO] [1733923252.543136168] [fibonacci_action_server]: Feedback: [34]
[INFO] [1733923252.898139157] [fibonacci_action_server]: Feedback: [13]
[INFO] [1733923252.943695276] [fibonacci_action_server]: Feedback: [55]
[INFO] [1733923253.043755348] [fibonacci_action_server]: Feedback: [55]
[INFO] [1733923253.398654389] [fibonacci_action_server]: Feedback: [21]
[INFO] [1733923253.444082707] [fibonacci_action_server]: Goal succeeded
[INFO] [1733923253.544375645] [fibonacci_action_server]: Goal succeeded
[INFO] [1733923253.756409988] [fibonacci_action_server]: Received goal request with order 10
[INFO] [1733923253.756527672] [fibonacci_action_server]: Executing goal...
[INFO] [1733923253.756600837] [fibonacci_action_server]: Feedback: [1]
[INFO] [1733923253.857155679] [fibonacci_action_server]: Received goal request with order 10
[INFO] [1733923253.857401366] [fibonacci_action_server]: Executing goal...
[INFO] [1733923253.857506506] [fibonacci_action_server]: Feedback: [1]
[INFO] [1733923253.898858883] [fibonacci_action_server]: Feedback: [34]
[INFO] [1733923254.256930869] [fibonacci_action_server]: Feedback: [2]
[INFO] [1733923254.357859253] [fibonacci_action_server]: Feedback: [2]
[INFO] [1733923254.399090971] [fibonacci_action_server]: Feedback: [55]
[INFO] [1733923254.757266814] [fibonacci_action_server]: Feedback: [3]
[INFO] [1733923254.858178098] [fibonacci_action_server]: Feedback: [3]
[INFO] [1733923254.899484187] [fibonacci_action_server]: Goal succeeded
[INFO] [1733923255.211726896] [fibonacci_action_server]: Received goal request with order 10
[INFO] [1733923255.211955436] [fibonacci_action_server]: Executing goal...
[INFO] [1733923255.212021285] [fibonacci_action_server]: Feedback: [1]
[INFO] [1733923255.257746248] [fibonacci_action_server]: Feedback: [5]
[INFO] [1733923255.358738968] [fibonacci_action_server]: Feedback: [5]
[INFO] [1733923255.712235671] [fibonacci_action_server]: Feedback: [2]
[INFO] [1733923255.757977501] [fibonacci_action_server]: Feedback: [8]
[INFO] [1733923255.858948398] [fibonacci_action_server]: Feedback: [8]
[INFO] [1733923256.212478134] [fibonacci_action_server]: Feedback: [3]
[INFO] [1733923256.258200958] [fibonacci_action_server]: Feedback: [13]
[INFO] [1733923256.359177351] [fibonacci_action_server]: Feedback: [13]
[INFO] [1733923256.712675748] [fibonacci_action_server]: Feedback: [5]
[INFO] [1733923256.758415374] [fibonacci_action_server]: Feedback: [21]
[INFO] [1733923256.859445587] [fibonacci_action_server]: Feedback: [21]
[INFO] [1733923257.213200927] [fibonacci_action_server]: Feedback: [8]
[INFO] [1733923257.258850993] [fibonacci_action_server]: Feedback: [34]
[INFO] [1733923257.359683962] [fibonacci_action_server]: Feedback: [34]
[INFO] [1733923257.713712944] [fibonacci_action_server]: Feedback: [13]
[INFO] [1733923257.759400523] [fibonacci_action_server]: Feedback: [55]
[INFO] [1733923257.859878290] [fibonacci_action_server]: Feedback: [55]
[INFO] [1733923258.214214467] [fibonacci_action_server]: Feedback: [21]
[INFO] [1733923258.260057268] [fibonacci_action_server]: Goal succeeded
[INFO] [1733923258.360176188] [fibonacci_action_server]: Goal succeeded
[INFO] [1733923258.570988127] [fibonacci_action_server]: Received goal request with order 10
[INFO] [1733923258.571170186] [fibonacci_action_server]: Executing goal...
[INFO] [1733923258.571264925] [fibonacci_action_server]: Feedback: [1]
[INFO] [1733923258.671437906] [fibonacci_action_server]: Received goal request with order 10
[INFO] [1733923258.671688496] [fibonacci_action_server]: Executing goal...
[INFO] [1733923258.671789974] [fibonacci_action_server]: Feedback: [1]
[INFO] [1733923258.714444780] [fibonacci_action_server]: Feedback: [34]
[INFO] [1733923259.071861728] [fibonacci_action_server]: Feedback: [2]
[INFO] [1733923259.171996743] [fibonacci_action_server]: Feedback: [2]
[INFO] [1733923259.214675372] [fibonacci_action_server]: Feedback: [55]
[INFO] [1733923259.572166511] [fibonacci_action_server]: Feedback: [3]
[INFO] [1733923259.672617888] [fibonacci_action_server]: Feedback: [3]
[INFO] [1733923259.715333443] [fibonacci_action_server]: Goal succeeded
[INFO] [1733923260.027605931] [fibonacci_action_server]: Received goal request with order 10
[INFO] [1733923260.027835897] [fibonacci_action_server]: Executing goal...
[INFO] [1733923260.027936718] [fibonacci_action_server]: Feedback: [1]
[INFO] [1733923260.072450932] [fibonacci_action_server]: Feedback: [5]
[INFO] [1733923260.172933818] [fibonacci_action_server]: Feedback: [5]
[INFO] [1733923260.528145060] [fibonacci_action_server]: Feedback: [2]
[INFO] [1733923260.573059113] [fibonacci_action_server]: Feedback: [8]
[INFO] [1733923260.673450925] [fibonacci_action_server]: Feedback: [8]
[INFO] [1733923261.028475610] [fibonacci_action_server]: Feedback: [3]
[INFO] [1733923261.073255886] [fibonacci_action_server]: Feedback: [13]
[INFO] [1733923261.173953721] [fibonacci_action_server]: Feedback: [13]
[INFO] [1733923261.528679731] [fibonacci_action_server]: Feedback: [5]
[INFO] [1733923261.573537986] [fibonacci_action_server]: Feedback: [21]
[INFO] [1733923261.674436563] [fibonacci_action_server]: Feedback: [21]
[INFO] [1733923262.028978312] [fibonacci_action_server]: Feedback: [8]
[INFO] [1733923262.073852577] [fibonacci_action_server]: Feedback: [34]
[INFO] [1733923262.174660038] [fibonacci_action_server]: Feedback: [34]
[INFO] [1733923262.529214038] [fibonacci_action_server]: Feedback: [13]
[INFO] [1733923262.574075194] [fibonacci_action_server]: Feedback: [55]
[INFO] [1733923262.675001133] [fibonacci_action_server]: Feedback: [55]
[INFO] [1733923263.029588168] [fibonacci_action_server]: Feedback: [21]
[INFO] [1733923263.074584206] [fibonacci_action_server]: Goal succeeded
[INFO] [1733923263.175347233] [fibonacci_action_server]: Goal succeeded
[INFO] [1733923263.386075392] [fibonacci_action_server]: Received goal request with order 10
[INFO] [1733923263.386368791] [fibonacci_action_server]: Executing goal...
[INFO] [1733923263.386424155] [fibonacci_action_server]: Feedback: [1]
[INFO] [1733923263.486558706] [fibonacci_action_server]: Received goal request with order 10
[INFO] [1733923263.486740057] [fibonacci_action_server]: Executing goal...
[INFO] [1733923263.486841942] [fibonacci_action_server]: Feedback: [1]
[INFO] [1733923263.529972201] [fibonacci_action_server]: Feedback: [34]
[INFO] [1733923263.886971342] [fibonacci_action_server]: Feedback: [2]
[INFO] [1733923263.987345276] [fibonacci_action_server]: Feedback: [2]
[INFO] [1733923264.030469966] [fibonacci_action_server]: Feedback: [55]
[INFO] [1733923264.387543548] [fibonacci_action_server]: Feedback: [3]
[INFO] [1733923264.487910891] [fibonacci_action_server]: Feedback: [3]
[INFO] [1733923264.530987656] [fibonacci_action_server]: Goal succeeded
[INFO] [1733923264.841925803] [fibonacci_action_server]: Received goal request with order 10
[INFO] [1733923264.842117038] [fibonacci_action_server]: Executing goal...
[INFO] [1733923264.842254852] [fibonacci_action_server]: Feedback: [1]
[INFO] [1733923264.887977511] [fibonacci_action_server]: Feedback: [5]
[INFO] [1733923264.988149631] [fibonacci_action_server]: Feedback: [5]
[INFO] [1733923265.342442511] [fibonacci_action_server]: Feedback: [2]
[INFO] [1733923265.388252388] [fibonacci_action_server]: Feedback: [8]
[INFO] [1733923265.488351608] [fibonacci_action_server]: Feedback: [8]
[INFO] [1733923265.842665237] [fibonacci_action_server]: Feedback: [3]
[INFO] [1733923265.888477689] [fibonacci_action_server]: Feedback: [13]
[INFO] [1733923265.988562840] [fibonacci_action_server]: Feedback: [13]
[INFO] [1733923266.342845485] [fibonacci_action_server]: Feedback: [5]
[INFO] [1733923266.388739589] [fibonacci_action_server]: Feedback: [21]
[INFO] [1733923266.488793806] [fibonacci_action_server]: Feedback: [21]
[INFO] [1733923266.843076297] [fibonacci_action_server]: Feedback: [8]
[INFO] [1733923266.888935798] [fibonacci_action_server]: Feedback: [34]
[INFO] [1733923266.988994574] [fibonacci_action_server]: Feedback: [34]
[INFO] [1733923267.343299779] [fibonacci_action_server]: Feedback: [13]
[INFO] [1733923267.389161002] [fibonacci_action_server]: Feedback: [55]
[INFO] [1733923267.489258544] [fibonacci_action_server]: Feedback: [55]
[INFO] [1733923267.843544054] [fibonacci_action_server]: Feedback: [21]
[INFO] [1733923267.889479136] [fibonacci_action_server]: Goal succeeded
[INFO] [1733923267.989573893] [fibonacci_action_server]: Goal succeeded
[INFO] [1733923268.198302808] [fibonacci_action_server]: Received goal request with order 10
[INFO] [1733923268.198467271] [fibonacci_action_server]: Executing goal...
[INFO] [1733923268.198532168] [fibonacci_action_server]: Feedback: [1]
[INFO] [1733923268.298555115] [fibonacci_action_server]: Received goal request with order 10
[INFO] [1733923268.298684592] [fibonacci_action_server]: Executing goal...
[INFO] [1733923268.298751640] [fibonacci_action_server]: Feedback: [1]
[INFO] [1733923268.343780271] [fibonacci_action_server]: Feedback: [34]
[INFO] [1733923268.698735246] [fibonacci_action_server]: Feedback: [2]
[INFO] [1733923268.798903511] [fibonacci_action_server]: Feedback: [2]
[INFO] [1733923268.844013028] [fibonacci_action_server]: Feedback: [55]
[INFO] [1733923269.198960979] [fibonacci_action_server]: Feedback: [3]
[INFO] [1733923269.299290572] [fibonacci_action_server]: Feedback: [3]
[INFO] [1733923269.344410333] [fibonacci_action_server]: Goal succeeded
[INFO] [1733923269.654038746] [fibonacci_action_server]: Received goal request with order 10
[INFO] [1733923269.654270828] [fibonacci_action_server]: Executing goal...
[INFO] [1733923269.654403190] [fibonacci_action_server]: Feedback: [1]
[INFO] [1733923269.699512201] [fibonacci_action_server]: Feedback: [5]
[INFO] [1733923269.799822090] [fibonacci_action_server]: Feedback: [5]
[INFO] [1733923270.154737398] [fibonacci_action_server]: Feedback: [2]
[INFO] [1733923270.199761781] [fibonacci_action_server]: Feedback: [8]
[INFO] [1733923270.300101926] [fibonacci_action_server]: Feedback: [8]
[INFO] [1733923270.655285518] [fibonacci_action_server]: Feedback: [3]
[INFO] [1733923270.700038190] [fibonacci_action_server]: Feedback: [13]
[INFO] [1733923270.800466593] [fibonacci_action_server]: Feedback: [13]
[INFO] [1733923271.155524351] [fibonacci_action_server]: Feedback: [5]
[INFO] [1733923271.200311553] [fibonacci_action_server]: Feedback: [21]
[INFO] [1733923271.300670144] [fibonacci_action_server]: Feedback: [21]
[INFO] [1733923271.655917636] [fibonacci_action_server]: Feedback: [8]
[INFO] [1733923271.700575301] [fibonacci_action_server]: Feedback: [34]
[INFO] [1733923271.801028816] [fibonacci_action_server]: Feedback: [34]
[INFO] [1733923272.156125263] [fibonacci_action_server]: Feedback: [13]
[INFO] [1733923272.200801833] [fibonacci_action_server]: Feedback: [55]
[INFO] [1733923272.301277875] [fibonacci_action_server]: Feedback: [55]
[INFO] [1733923272.656460195] [fibonacci_action_server]: Feedback: [21]
[INFO] [1733923272.701244745] [fibonacci_action_server]: Goal succeeded
[INFO] [1733923272.801700149] [fibonacci_action_server]: Goal succeeded
[INFO] [1733923273.012152216] [fibonacci_action_server]: Received goal request with order 10
[INFO] [1733923273.012367092] [fibonacci_action_server]: Executing goal...
[INFO] [1733923273.012526191] [fibonacci_action_server]: Feedback: [1]
[INFO] [1733923273.112719835] [fibonacci_action_server]: Received goal request with order 10
[INFO] [1733923273.112866818] [fibonacci_action_server]: Executing goal...
[INFO] [1733923273.112926429] [fibonacci_action_server]: Feedback: [1]
[INFO] [1733923273.156707996] [fibonacci_action_server]: Feedback: [34]
[INFO] [1733923273.512798778] [fibonacci_action_server]: Feedback: [2]
[INFO] [1733923273.613117222] [fibonacci_action_server]: Feedback: [2]
[INFO] [1733923273.657087521] [fibonacci_action_server]: Feedback: [55]
[INFO] [1733923274.013035095] [fibonacci_action_server]: Feedback: [3]
[INFO] [1733923274.113324212] [fibonacci_action_server]: Feedback: [3]
[INFO] [1733923274.157633856] [fibonacci_action_server]: Goal succeeded
[INFO] [1733923274.468861813] [fibonacci_action_server]: Received goal request with order 10
[INFO] [1733923274.468988381] [fibonacci_action_server]: Executing goal...
[INFO] [1733923274.469045261] [fibonacci_action_server]: Feedback: [1]
[INFO] [1733923274.513527546] [fibonacci_action_server]: Feedback: [5]
[INFO] [1733923274.613814013] [fibonacci_action_server]: Feedback: [5]
[INFO] [1733923274.969481425] [fibonacci_action_server]: Feedback: [2]
[INFO] [1733923275.013955694] [fibonacci_action_server]: Feedback: [8]
[INFO] [1733923275.114340386] [fibonacci_action_server]: Feedback: [8]
[INFO] [1733923275.469979347] [fibonacci_action_server]: Feedback: [3]
[INFO] [1733923275.514389116] [fibonacci_action_server]: Feedback: [13]
[INFO] [1733923275.614548395] [fibonacci_action_server]: Feedback: [13]
[INFO] [1733923275.970538884] [fibonacci_action_server]: Feedback: [5]
[INFO] [1733923276.014768130] [fibonacci_action_server]: Feedback: [21]
[INFO] [1733923276.114797469] [fibonacci_action_server]: Feedback: [21]
[INFO] [1733923276.471081926] [fibonacci_action_server]: Feedback: [8]
[INFO] [1733923276.515307242] [fibonacci_action_server]: Feedback: [34]
[INFO] [1733923276.615360682] [fibonacci_action_server]: Feedback: [34]
[INFO] [1733923276.971289842] [fibonacci_action_server]: Feedback: [13]
[INFO] [1733923277.015592992] [fibonacci_action_server]: Feedback: [55]
[INFO] [1733923277.115622964] [fibonacci_action_server]: Feedback: [55]
[INFO] [1733923277.471484390] [fibonacci_action_server]: Feedback: [21]
[INFO] [1733923277.515938906] [fibonacci_action_server]: Goal succeeded
[INFO] [1733923277.616035914] [fibonacci_action_server]: Goal succeeded
[INFO] [1733923277.826627527] [fibonacci_action_server]: Received goal request with order 10
[INFO] [1733923277.826918149] [fibonacci_action_server]: Executing goal...
[INFO] [1733923277.827165523] [fibonacci_action_server]: Feedback: [1]
[INFO] [1733923277.927065710] [fibonacci_action_server]: Received goal request with order 10
[INFO] [1733923277.927294238] [fibonacci_action_server]: Executing goal...
[INFO] [1733923277.927367624] [fibonacci_action_server]: Feedback: [1]
[INFO] [1733923277.971998139] [fibonacci_action_server]: Feedback: [34]
[INFO] [1733923278.327685895] [fibonacci_action_server]: Feedback: [2]
[INFO] [1733923278.427746302] [fibonacci_action_server]: Feedback: [2]
[INFO] [1733923278.472435724] [fibonacci_action_server]: Feedback: [55]
[INFO] [1733923278.828137825] [fibonacci_action_server]: Feedback: [3]
[INFO] [1733923278.928058063] [fibonacci_action_server]: Feedback: [3]
[INFO] [1733923278.972917231] [fibonacci_action_server]: Goal succeeded
[INFO] [1733923279.283309046] [fibonacci_action_server]: Received goal request with order 10
[INFO] [1733923279.283491602] [fibonacci_action_server]: Executing goal...
[INFO] [1733923279.283594224] [fibonacci_action_server]: Feedback: [1]
[INFO] [1733923279.328567660] [fibonacci_action_server]: Feedback: [5]
[INFO] [1733923279.428370002] [fibonacci_action_server]: Feedback: [5]
[INFO] [1733923279.784056762] [fibonacci_action_server]: Feedback: [2]
[INFO] [1733923279.829023470] [fibonacci_action_server]: Feedback: [8]
[INFO] [1733923279.928580018] [fibonacci_action_server]: Feedback: [8]
[INFO] [1733923280.284285416] [fibonacci_action_server]: Feedback: [3]
[INFO] [1733923280.329504972] [fibonacci_action_server]: Feedback: [13]
[INFO] [1733923280.428989109] [fibonacci_action_server]: Feedback: [13]
[INFO] [1733923280.784647673] [fibonacci_action_server]: Feedback: [5]
[INFO] [1733923280.829999871] [fibonacci_action_server]: Feedback: [21]
[INFO] [1733923280.929347424] [fibonacci_action_server]: Feedback: [21]
[INFO] [1733923281.285284493] [fibonacci_action_server]: Feedback: [8]
[INFO] [1733923281.330211563] [fibonacci_action_server]: Feedback: [34]
[INFO] [1733923281.429855621] [fibonacci_action_server]: Feedback: [34]
[INFO] [1733923281.785771013] [fibonacci_action_server]: Feedback: [13]
[INFO] [1733923281.830431600] [fibonacci_action_server]: Feedback: [55]
[INFO] [1733923281.930115288] [fibonacci_action_server]: Feedback: [55]
[INFO] [1733923282.286319466] [fibonacci_action_server]: Feedback: [21]
[INFO] [1733923282.330709725] [fibonacci_action_server]: Goal succeeded
[INFO] [1733923282.430416757] [fibonacci_action_server]: Goal succeeded
[INFO] [1733923282.642900224] [fibonacci_action_server]: Received goal request with order 10
[INFO] [1733923282.643107835] [fibonacci_action_server]: Executing goal...
[INFO] [1733923282.643230583] [fibonacci_action_server]: Feedback: [1]
[INFO] [1733923282.743233716] [fibonacci_action_server]: Received goal request with order 10
[INFO] [1733923282.743395211] [fibonacci_action_server]: Executing goal...
[INFO] [1733923282.743450834] [fibonacci_action_server]: Feedback: [1]
[INFO] [1733923282.786552673] [fibonacci_action_server]: Feedback: [34]
[INFO] [1733923283.143530180] [fibonacci_action_server]: Feedback: [2]
[INFO] [1733923283.243678124] [fibonacci_action_server]: Feedback: [2]
[INFO] [1733923283.286772810] [fibonacci_action_server]: Feedback: [55]
[INFO] [1733923283.643979039] [fibonacci_action_server]: Feedback: [3]
[INFO] [1733923283.743938197] [fibonacci_action_server]: Feedback: [3]
[INFO] [1733923283.787066824] [fibonacci_action_server]: Goal succeeded
[INFO] [1733923284.099255051] [fibonacci_action_server]: Received goal request with order 10
[INFO] [1733923284.099444189] [fibonacci_action_server]: Executing goal...
[INFO] [1733923284.099542599] [fibonacci_action_server]: Feedback: [1]
[INFO] [1733923284.144381917] [fibonacci_action_server]: Feedback: [5]
[INFO] [1733923284.244222202] [fibonacci_action_server]: Feedback: [5]
[INFO] [1733923284.599927063] [fibonacci_action_server]: Feedback: [2]
[INFO] [1733923284.644570011] [fibonacci_action_server]: Feedback: [8]
[INFO] [1733923284.744561794] [fibonacci_action_server]: Feedback: [8]
[INFO] [1733923285.100333792] [fibonacci_action_server]: Feedback: [3]
[INFO] [1733923285.145027141] [fibonacci_action_server]: Feedback: [13]
[INFO] [1733923285.244939860] [fibonacci_action_server]: Feedback: [13]
[INFO] [1733923285.600691599] [fibonacci_action_server]: Feedback: [5]
[INFO] [1733923285.645683530] [fibonacci_action_server]: Feedback: [21]
[INFO] [1733923285.745422714] [fibonacci_action_server]: Feedback: [21]
[INFO] [1733923286.101155249] [fibonacci_action_server]: Feedback: [8]
[INFO] [1733923286.146221142] [fibonacci_action_server]: Feedback: [34]
[INFO] [1733923286.245917726] [fibonacci_action_server]: Feedback: [34]
[INFO] [1733923286.601669587] [fibonacci_action_server]: Feedback: [13]
[INFO] [1733923286.646725709] [fibonacci_action_server]: Feedback: [55]
[INFO] [1733923286.746121935] [fibonacci_action_server]: Feedback: [55]
[INFO] [1733923287.102146429] [fibonacci_action_server]: Feedback: [21]
[INFO] [1733923287.147014881] [fibonacci_action_server]: Goal succeeded
[INFO] [1733923287.246417789] [fibonacci_action_server]: Goal succeeded
[INFO] [1733923287.458693476] [fibonacci_action_server]: Received goal request with order 10
[INFO] [1733923287.458827064] [fibonacci_action_server]: Executing goal...
[INFO] [1733923287.458920414] [fibonacci_action_server]: Feedback: [1]
[INFO] [1733923287.559155759] [fibonacci_action_server]: Received goal request with order 10
[INFO] [1733923287.559295569] [fibonacci_action_server]: Executing goal...
[INFO] [1733923287.559371511] [fibonacci_action_server]: Feedback: [1]
[INFO] [1733923287.602402016] [fibonacci_action_server]: Feedback: [34]
[INFO] [1733923287.959121587] [fibonacci_action_server]: Feedback: [2]
[INFO] [1733923288.059883188] [fibonacci_action_server]: Feedback: [2]
[INFO] [1733923288.102901377] [fibonacci_action_server]: Feedback: [55]
[INFO] [1733923288.459319402] [fibonacci_action_server]: Feedback: [3]
[INFO] [1733923288.560280532] [fibonacci_action_server]: Feedback: [3]
[INFO] [1733923288.603314820] [fibonacci_action_server]: Goal succeeded
[INFO] [1733923288.916689863] [fibonacci_action_server]: Received goal request with order 10
[INFO] [1733923288.916872689] [fibonacci_action_server]: Executing goal...
[INFO] [1733923288.916928224] [fibonacci_action_server]: Feedback: [1]
[INFO] [1733923288.959806511] [fibonacci_action_server]: Feedback: [5]
[INFO] [1733923289.060644960] [fibonacci_action_server]: Feedback: [5]
[INFO] [1733923289.417235626] [fibonacci_action_server]: Feedback: [2]
[INFO] [1733923289.460160450] [fibonacci_action_server]: Feedback: [8]
[INFO] [1733923289.560867786] [fibonacci_action_server]: Feedback: [8]
[INFO] [1733923289.917736091] [fibonacci_action_server]: Feedback: [3]
[INFO] [1733923289.960554278] [fibonacci_action_server]: Feedback: [13]
[INFO] [1733923290.061099975] [fibonacci_action_server]: Feedback: [13]
[INFO] [1733923290.418252219] [fibonacci_action_server]: Feedback: [5]
[INFO] [1733923290.460887446] [fibonacci_action_server]: Feedback: [21]
[INFO] [1733923290.561301302] [fibonacci_action_server]: Feedback: [21]
[INFO] [1733923290.918458576] [fibonacci_action_server]: Feedback: [8]
[INFO] [1733923290.961238519] [fibonacci_action_server]: Feedback: [34]
[INFO] [1733923291.061667514] [fibonacci_action_server]: Feedback: [34]
[INFO] [1733923291.418772612] [fibonacci_action_server]: Feedback: [13]
[INFO] [1733923291.461598560] [fibonacci_action_server]: Feedback: [55]
[INFO] [1733923291.562013660] [fibonacci_action_server]: Feedback: [55]
[INFO] [1733923291.919386132] [fibonacci_action_server]: Feedback: [21]
[INFO] [1733923291.961843761] [fibonacci_action_server]: Goal succeeded
[INFO] [1733923292.062324321] [fibonacci_action_server]: Goal succeeded
[INFO] [1733923292.273805770] [fibonacci_action_server]: Received goal request with order 10
[INFO] [1733923292.274024127] [fibonacci_action_server]: Executing goal...
[INFO] [1733923292.274119088] [fibonacci_action_server]: Feedback: [1]
[INFO] [1733923292.374476431] [fibonacci_action_server]: Received goal request with order 10
[INFO] [1733923292.374739568] [fibonacci_action_server]: Executing goal...
[INFO] [1733923292.374864859] [fibonacci_action_server]: Feedback: [1]
[INFO] [1733923292.419769012] [fibonacci_action_server]: Feedback: [34]
[INFO] [1733923292.774623110] [fibonacci_action_server]: Feedback: [2]
[INFO] [1733923292.875405151] [fibonacci_action_server]: Feedback: [2]
[INFO] [1733923292.920157995] [fibonacci_action_server]: Feedback: [55]
[INFO] [1733923293.275204774] [fibonacci_action_server]: Feedback: [3]
[INFO] [1733923293.375803504] [fibonacci_action_server]: Feedback: [3]
[INFO] [1733923293.420595328] [fibonacci_action_server]: Goal succeeded
[INFO] [1733923293.733121907] [fibonacci_action_server]: Received goal request with order 10
[INFO] [1733923293.733336954] [fibonacci_action_server]: Executing goal...
[INFO] [1733923293.733404967] [fibonacci_action_server]: Feedback: [1]
[INFO] [1733923293.775821368] [fibonacci_action_server]: Feedback: [5]
[INFO] [1733923293.876057970] [fibonacci_action_server]: Feedback: [5]
[INFO] [1733923294.233592717] [fibonacci_action_server]: Feedback: [2]
[INFO] [1733923294.276064284] [fibonacci_action_server]: Feedback: [8]
[INFO] [1733923294.376409853] [fibonacci_action_server]: Feedback: [8]
[INFO] [1733923294.734120342] [fibonacci_action_server]: Feedback: [3]
[INFO] [1733923294.776294768] [fibonacci_action_server]: Feedback: [13]
[INFO] [1733923294.876864263] [fibonacci_action_server]: Feedback: [13]
[INFO] [1733923295.234491279] [fibonacci_action_server]: Feedback: [5]
[INFO] [1733923295.276525198] [fibonacci_action_server]: Feedback: [21]
[INFO] [1733923295.377337011] [fibonacci_action_server]: Feedback: [21]
[INFO] [1733923295.734713540] [fibonacci_action_server]: Feedback: [8]
[INFO] [1733923295.776840914] [fibonacci_action_server]: Feedback: [34]
[INFO] [1733923295.877830879] [fibonacci_action_server]: Feedback: [34]
[INFO] [1733923296.234999582] [fibonacci_action_server]: Feedback: [13]
[INFO] [1733923296.277241794] [fibonacci_action_server]: Feedback: [55]
[INFO] [1733923296.378020893] [fibonacci_action_server]: Feedback: [55]
[INFO] [1733923296.735302621] [fibonacci_action_server]: Feedback: [21]
[INFO] [1733923296.777702882] [fibonacci_action_server]: Goal succeeded
[INFO] [1733923296.878335706] [fibonacci_action_server]: Goal succeeded
[INFO] [1733923297.088340369] [fibonacci_action_server]: Received goal request with order 10
[INFO] [1733923297.088478748] [fibonacci_action_server]: Executing goal...
[INFO] [1733923297.088578109] [fibonacci_action_server]: Feedback: [1]
[INFO] [1733923297.188621073] [fibonacci_action_server]: Received goal request with order 10
[INFO] [1733923297.188875770] [fibonacci_action_server]: Executing goal...
[INFO] [1733923297.188980693] [fibonacci_action_server]: Feedback: [1]
[INFO] [1733923297.235951856] [fibonacci_action_server]: Feedback: [34]
[INFO] [1733923297.588903592] [fibonacci_action_server]: Feedback: [2]
[INFO] [1733923297.689452484] [fibonacci_action_server]: Feedback: [2]
[INFO] [1733923297.736146459] [fibonacci_action_server]: Feedback: [55]
[INFO] [1733923298.089333699] [fibonacci_action_server]: Feedback: [3]
[INFO] [1733923298.189799056] [fibonacci_action_server]: Feedback: [3]
[INFO] [1733923298.236432712] [fibonacci_action_server]: Goal succeeded
[INFO] [1733923298.547795993] [fibonacci_action_server]: Received goal request with order 10
[INFO] [1733923298.547986369] [fibonacci_action_server]: Executing goal...
[INFO] [1733923298.548063063] [fibonacci_action_server]: Feedback: [1]
[INFO] [1733923298.589595878] [fibonacci_action_server]: Feedback: [5]
[INFO] [1733923298.690354908] [fibonacci_action_server]: Feedback: [5]
[INFO] [1733923299.048284676] [fibonacci_action_server]: Feedback: [2]
[INFO] [1733923299.090102980] [fibonacci_action_server]: Feedback: [8]
[INFO] [1733923299.190887665] [fibonacci_action_server]: Feedback: [8]
[INFO] [1733923299.548538849] [fibonacci_action_server]: Feedback: [3]
[INFO] [1733923299.590571472] [fibonacci_action_server]: Feedback: [13]
[INFO] [1733923299.691510025] [fibonacci_action_server]: Feedback: [13]
[INFO] [1733923300.048743356] [fibonacci_action_server]: Feedback: [5]
[INFO] [1733923300.091110963] [fibonacci_action_server]: Feedback: [21]
[INFO] [1733923300.191979522] [fibonacci_action_server]: Feedback: [21]
[INFO] [1733923300.548939875] [fibonacci_action_server]: Feedback: [8]
[INFO] [1733923300.591751547] [fibonacci_action_server]: Feedback: [34]
[INFO] [1733923300.692256904] [fibonacci_action_server]: Feedback: [34]
[INFO] [1733923301.049156641] [fibonacci_action_server]: Feedback: [13]
[INFO] [1733923301.091972378] [fibonacci_action_server]: Feedback: [55]
[INFO] [1733923301.192615640] [fibonacci_action_server]: Feedback: [55]
[INFO] [1733923301.549446202] [fibonacci_action_server]: Feedback: [21]
[INFO] [1733923301.592262778] [fibonacci_action_server]: Goal succeeded
[INFO] [1733923301.693009335] [fibonacci_action_server]: Goal succeeded
[INFO] [1733923301.903419923] [fibonacci_action_server]: Received goal request with order 10
[INFO] [1733923301.903597432] [fibonacci_action_server]: Executing goal...
[INFO] [1733923301.903659508] [fibonacci_action_server]: Feedback: [1]
[INFO] [1733923302.003986199] [fibonacci_action_server]: Received goal request with order 10
[INFO] [1733923302.004461187] [fibonacci_action_server]: Executing goal...
[INFO] [1733923302.004566391] [fibonacci_action_server]: Feedback: [1]
[INFO] [1733923302.049764113] [fibonacci_action_server]: Feedback: [34]
[INFO] [1733923302.404026477] [fibonacci_action_server]: Feedback: [2]
[INFO] [1733923302.504920395] [fibonacci_action_server]: Feedback: [2]
[INFO] [1733923302.550294284] [fibonacci_action_server]: Feedback: [55]
[INFO] [1733923302.904429512] [fibonacci_action_server]: Feedback: [3]
[INFO] [1733923303.005392472] [fibonacci_action_server]: Feedback: [3]
[INFO] [1733923303.050844239] [fibonacci_action_server]: Goal succeeded
[INFO] [1733923303.363422083] [fibonacci_action_server]: Received goal request with order 10
[INFO] [1733923303.363592446] [fibonacci_action_server]: Executing goal...
[INFO] [1733923303.363701078] [fibonacci_action_server]: Feedback: [1]
[INFO] [1733923303.404803969] [fibonacci_action_server]: Feedback: [5]
[INFO] [1733923303.505750132] [fibonacci_action_server]: Feedback: [5]
[INFO] [1733923303.864038203] [fibonacci_action_server]: Feedback: [2]
[INFO] [1733923303.905261330] [fibonacci_action_server]: Feedback: [8]
[INFO] [1733923304.006002260] [fibonacci_action_server]: Feedback: [8]
[INFO] [1733923304.364262591] [fibonacci_action_server]: Feedback: [3]
[INFO] [1733923304.405780199] [fibonacci_action_server]: Feedback: [13]
[INFO] [1733923304.506225880] [fibonacci_action_server]: Feedback: [13]
[INFO] [1733923304.864518558] [fibonacci_action_server]: Feedback: [5]
[INFO] [1733923304.906321570] [fibonacci_action_server]: Feedback: [21]
[INFO] [1733923305.006725290] [fibonacci_action_server]: Feedback: [21]
[INFO] [1733923305.364857447] [fibonacci_action_server]: Feedback: [8]
[INFO] [1733923305.406605120] [fibonacci_action_server]: Feedback: [34]
[INFO] [1733923305.507369685] [fibonacci_action_server]: Feedback: [34]
[INFO] [1733923305.865141545] [fibonacci_action_server]: Feedback: [13]
[INFO] [1733923305.907018642] [fibonacci_action_server]: Feedback: [55]
[INFO] [1733923306.007651528] [fibonacci_action_server]: Feedback: [55]
[INFO] [1733923306.365369496] [fibonacci_action_server]: Feedback: [21]
[INFO] [1733923306.407320512] [fibonacci_action_server]: Goal succeeded
[INFO] [1733923306.507844512] [fibonacci_action_server]: Goal succeeded
[INFO] [1733923306.719151814] [fibonacci_action_server]: Received goal request with order 10
[INFO] [1733923306.719325568] [fibonacci_action_server]: Executing goal...
[INFO] [1733923306.719436486] [fibonacci_action_server]: Feedback: [1]
[INFO] [1733923306.819537087] [fibonacci_action_server]: Received goal request with order 10
[INFO] [1733923306.819703270] [fibonacci_action_server]: Executing goal...
[INFO] [1733923306.819781284] [fibonacci_action_server]: Feedback: [1]
[INFO] [1733923306.865745252] [fibonacci_action_server]: Feedback: [34]
[INFO] [1733923307.220016530] [fibonacci_action_server]: Feedback: [2]
[INFO] [1733923307.319974237] [fibonacci_action_server]: Feedback: [2]
[INFO] [1733923307.366008633] [fibonacci_action_server]: Feedback: [55]
[INFO] [1733923307.720372106] [fibonacci_action_server]: Feedback: [3]
[INFO] [1733923307.820423677] [fibonacci_action_server]: Feedback: [3]
[INFO] [1733923307.866333842] [fibonacci_action_server]: Goal succeeded
[INFO] [1733923308.178872183] [fibonacci_action_server]: Received goal request with order 10
[INFO] [1733923308.179022374] [fibonacci_action_server]: Executing goal...
[INFO] [1733923308.179076113] [fibonacci_action_server]: Feedback: [1]
[INFO] [1733923308.220732223] [fibonacci_action_server]: Feedback: [5]
[INFO] [1733923308.321024502] [fibonacci_action_server]: Feedback: [5]
[INFO] [1733923308.679600732] [fibonacci_action_server]: Feedback: [2]
[INFO] [1733923308.720951986] [fibonacci_action_server]: Feedback: [8]
[INFO] [1733923308.821634270] [fibonacci_action_server]: Feedback: [8]
[INFO] [1733923309.180006264] [fibonacci_action_server]: Feedback: [3]
[INFO] [1733923309.221185935] [fibonacci_action_server]: Feedback: [13]
[INFO] [1733923309.321963693] [fibonacci_action_server]: Feedback: [13]
[INFO] [1733923309.680457358] [fibonacci_action_server]: Feedback: [5]
[INFO] [1733923309.721670290] [fibonacci_action_server]: Feedback: [21]
[INFO] [1733923309.822485816] [fibonacci_action_server]: Feedback: [21]
[INFO] [1733923310.180845671] [fibonacci_action_server]: Feedback: [8]
[INFO] [1733923310.222179639] [fibonacci_action_server]: Feedback: [34]
[INFO] [1733923310.322942253] [fibonacci_action_server]: Feedback: [34]
[INFO] [1733923310.681329957] [fibonacci_action_server]: Feedback: [13]
[INFO] [1733923310.722807724] [fibonacci_action_server]: Feedback: [55]
[INFO] [1733923310.823424038] [fibonacci_action_server]: Feedback: [55]
[INFO] [1733923311.181764711] [fibonacci_action_server]: Feedback: [21]
[INFO] [1733923311.223397636] [fibonacci_action_server]: Goal succeeded
[INFO] [1733923311.323865498] [fibonacci_action_server]: Goal succeeded
[INFO] [1733923311.536514819] [fibonacci_action_server]: Received goal request with order 10
[INFO] [1733923311.536648799] [fibonacci_action_server]: Executing goal...
[INFO] [1733923311.536706223] [fibonacci_action_server]: Feedback: [1]
[INFO] [1733923311.636881269] [fibonacci_action_server]: Received goal request with order 10
[INFO] [1733923311.637135933] [fibonacci_action_server]: Executing goal...
[INFO] [1733923311.637230299] [fibonacci_action_server]: Feedback: [1]
[INFO] [1733923311.682130667] [fibonacci_action_server]: Feedback: [34]
[INFO] [1733923312.036904701] [fibonacci_action_server]: Feedback: [2]
[INFO] [1733923312.137633485] [fibonacci_action_server]: Feedback: [2]
[INFO] [1733923312.182329996] [fibonacci_action_server]: Feedback: [55]
[INFO] [1733923312.537148927] [fibonacci_action_server]: Feedback: [3]
[INFO] [1733923312.638100442] [fibonacci_action_server]: Feedback: [3]
[INFO] [1733923312.682894093] [fibonacci_action_server]: Goal succeeded
[INFO] [1733923312.996216738] [fibonacci_action_server]: Received goal request with order 10
[INFO] [1733923312.996501320] [fibonacci_action_server]: Executing goal...
[INFO] [1733923312.996593331] [fibonacci_action_server]: Feedback: [1]
[INFO] [1733923313.037648687] [fibonacci_action_server]: Feedback: [5]
[INFO] [1733923313.138544505] [fibonacci_action_server]: Feedback: [5]
[INFO] [1733923313.497100037] [fibonacci_action_server]: Feedback: [2]
[INFO] [1733923313.537899444] [fibonacci_action_server]: Feedback: [8]
[INFO] [1733923313.638807251] [fibonacci_action_server]: Feedback: [8]
[INFO] [1733923313.997604787] [fibonacci_action_server]: Feedback: [3]
[INFO] [1733923314.038322529] [fibonacci_action_server]: Feedback: [13]
[INFO] [1733923314.139048651] [fibonacci_action_server]: Feedback: [13]
[INFO] [1733923314.498121806] [fibonacci_action_server]: Feedback: [5]
[INFO] [1733923314.538757596] [fibonacci_action_server]: Feedback: [21]
[INFO] [1733923314.639248079] [fibonacci_action_server]: Feedback: [21]
[INFO] [1733923314.998650806] [fibonacci_action_server]: Feedback: [8]
[INFO] [1733923315.039237516] [fibonacci_action_server]: Feedback: [34]
[INFO] [1733923315.139523345] [fibonacci_action_server]: Feedback: [34]
[INFO] [1733923315.499198335] [fibonacci_action_server]: Feedback: [13]
[INFO] [1733923315.539773008] [fibonacci_action_server]: Feedback: [55]
[INFO] [1733923315.640071936] [fibonacci_action_server]: Feedback: [55]
[INFO] [1733923315.999419592] [fibonacci_action_server]: Feedback: [21]
[INFO] [1733923316.040030032] [fibonacci_action_server]: Goal succeeded
[INFO] [1733923316.140569450] [fibonacci_action_server]: Goal succeeded
[INFO] [1733923316.352860219] [fibonacci_action_server]: Received goal request with order 10
[INFO] [1733923316.353067399] [fibonacci_action_server]: Executing goal...
[INFO] [1733923316.353119149] [fibonacci_action_server]: Feedback: [1]
[INFO] [1733923316.453214944] [fibonacci_action_server]: Received goal request with order 10
[INFO] [1733923316.453515340] [fibonacci_action_server]: Executing goal...
[INFO] [1733923316.453616723] [fibonacci_action_server]: Feedback: [1]
[INFO] [1733923316.500034491] [fibonacci_action_server]: Feedback: [34]
[INFO] [1733923316.853578146] [fibonacci_action_server]: Feedback: [2]
[INFO] [1733923316.954115746] [fibonacci_action_server]: Feedback: [2]
[INFO] [1733923317.000463924] [fibonacci_action_server]: Feedback: [55]
[INFO] [1733923317.354090721] [fibonacci_action_server]: Feedback: [3]
[INFO] [1733923317.454494797] [fibonacci_action_server]: Feedback: [3]
[INFO] [1733923317.500989301] [fibonacci_action_server]: Goal succeeded
[INFO] [1733923317.813203160] [fibonacci_action_server]: Received goal request with order 10
[INFO] [1733923317.813415459] [fibonacci_action_server]: Executing goal...
[INFO] [1733923317.813508842] [fibonacci_action_server]: Feedback: [1]
[INFO] [1733923317.854626722] [fibonacci_action_server]: Feedback: [5]
[INFO] [1733923317.955017874] [fibonacci_action_server]: Feedback: [5]
[INFO] [1733923318.313705101] [fibonacci_action_server]: Feedback: [2]
[INFO] [1733923318.354927119] [fibonacci_action_server]: Feedback: [8]
[INFO] [1733923318.455382719] [fibonacci_action_server]: Feedback: [8]
[INFO] [1733923318.813916520] [fibonacci_action_server]: Feedback: [3]
[INFO] [1733923318.855493664] [fibonacci_action_server]: Feedback: [13]
[INFO] [1733923318.955580385] [fibonacci_action_server]: Feedback: [13]
[INFO] [1733923319.314124314] [fibonacci_action_server]: Feedback: [5]
[INFO] [1733923319.355692272] [fibonacci_action_server]: Feedback: [21]
[INFO] [1733923319.455809567] [fibonacci_action_server]: Feedback: [21]
[INFO] [1733923319.814396378] [fibonacci_action_server]: Feedback: [8]
[INFO] [1733923319.855908502] [fibonacci_action_server]: Feedback: [34]
[INFO] [1733923319.956061101] [fibonacci_action_server]: Feedback: [34]
[INFO] [1733923320.314609783] [fibonacci_action_server]: Feedback: [13]
[INFO] [1733923320.356126289] [fibonacci_action_server]: Feedback: [55]
[INFO] [1733923320.456390843] [fibonacci_action_server]: Feedback: [55]
[INFO] [1733923320.815159482] [fibonacci_action_server]: Feedback: [21]
[INFO] [1733923320.856537955] [fibonacci_action_server]: Goal succeeded
[INFO] [1733923320.956825040] [fibonacci_action_server]: Goal succeeded
[INFO] [1733923321.168776796] [fibonacci_action_server]: Received goal request with order 10
[INFO] [1733923321.168968560] [fibonacci_action_server]: Executing goal...
[INFO] [1733923321.169024851] [fibonacci_action_server]: Feedback: [1]
[INFO] [1733923321.269162733] [fibonacci_action_server]: Received goal request with order 10
[INFO] [1733923321.269389578] [fibonacci_action_server]: Executing goal...
[INFO] [1733923321.269499662] [fibonacci_action_server]: Feedback: [1]
[INFO] [1733923321.315510180] [fibonacci_action_server]: Feedback: [34]
[INFO] [1733923321.669470614] [fibonacci_action_server]: Feedback: [2]
[INFO] [1733923321.769993405] [fibonacci_action_server]: Feedback: [2]
[INFO] [1733923321.816028287] [fibonacci_action_server]: Feedback: [55]
[INFO] [1733923322.169976266] [fibonacci_action_server]: Feedback: [3]
[INFO] [1733923322.270221744] [fibonacci_action_server]: Feedback: [3]
[INFO] [1733923322.316455755] [fibonacci_action_server]: Goal succeeded
[INFO] [1733923322.629859062] [fibonacci_action_server]: Received goal request with order 10
[INFO] [1733923322.630076388] [fibonacci_action_server]: Executing goal...
[INFO] [1733923322.630205767] [fibonacci_action_server]: Feedback: [1]
[INFO] [1733923322.670505099] [fibonacci_action_server]: Feedback: [5]
[INFO] [1733923322.770814656] [fibonacci_action_server]: Feedback: [5]
[INFO] [1733923323.130420109] [fibonacci_action_server]: Feedback: [2]
[INFO] [1733923323.170902033] [fibonacci_action_server]: Feedback: [8]
[INFO] [1733923323.271343534] [fibonacci_action_server]: Feedback: [8]
[INFO] [1733923323.630975058] [fibonacci_action_server]: Feedback: [3]
[INFO] [1733923323.671432676] [fibonacci_action_server]: Feedback: [13]
[INFO] [1733923323.771966945] [fibonacci_action_server]: Feedback: [13]
[INFO] [1733923324.131482209] [fibonacci_action_server]: Feedback: [5]
[INFO] [1733923324.172058516] [fibonacci_action_server]: Feedback: [21]
[INFO] [1733923324.272344749] [fibonacci_action_server]: Feedback: [21]
[INFO] [1733923324.632036045] [fibonacci_action_server]: Feedback: [8]
[INFO] [1733923324.672426816] [fibonacci_action_server]: Feedback: [34]
[INFO] [1733923324.772709955] [fibonacci_action_server]: Feedback: [34]
[INFO] [1733923325.132290702] [fibonacci_action_server]: Feedback: [13]
[INFO] [1733923325.172780302] [fibonacci_action_server]: Feedback: [55]
[INFO] [1733923325.273186940] [fibonacci_action_server]: Feedback: [55]
[INFO] [1733923325.632503161] [fibonacci_action_server]: Feedback: [21]
[INFO] [1733923325.673201856] [fibonacci_action_server]: Goal succeeded
[INFO] [1733923325.773495675] [fibonacci_action_server]: Goal succeeded
[INFO] [1733923325.984243778] [fibonacci_action_server]: Received goal request with order 10
[INFO] [1733923325.984406125] [fibonacci_action_server]: Executing goal...
[INFO] [1733923325.984458155] [fibonacci_action_server]: Feedback: [1]
[INFO] [1733923326.084666917] [fibonacci_action_server]: Received goal request with order 10
[INFO] [1733923326.084820474] [fibonacci_action_server]: Executing goal...
[INFO] [1733923326.084879793] [fibonacci_action_server]: Feedback: [1]
[INFO] [1733923326.132730139] [fibonacci_action_server]: Feedback: [34]
[INFO] [1733923326.484737570] [fibonacci_action_server]: Feedback: [2]
[INFO] [1733923326.585218903] [fibonacci_action_server]: Feedback: [2]
[INFO] [1733923326.632951221] [fibonacci_action_server]: Feedback: [55]
[INFO] [1733923326.984979272] [fibonacci_action_server]: Feedback: [3]
[INFO] [1733923327.085717529] [fibonacci_action_server]: Feedback: [3]
[INFO] [1733923327.133354708] [fibonacci_action_server]: Goal succeeded
[INFO] [1733923327.449031648] [fibonacci_action_server]: Received goal request with order 10
[INFO] [1733923327.449310772] [fibonacci_action_server]: Executing goal...
[INFO] [1733923327.449466193] [fibonacci_action_server]: Feedback: [1]
[INFO] [1733923327.485576886] [fibonacci_action_server]: Feedback: [5]
[INFO] [1733923327.586222658] [fibonacci_action_server]: Feedback: [5]
[INFO] [1733923327.949933083] [fibonacci_action_server]: Feedback: [2]
[INFO] [1733923327.986181797] [fibonacci_action_server]: Feedback: [8]
[INFO] [1733923328.086579831] [fibonacci_action_server]: Feedback: [8]
[INFO] [1733923328.450446333] [fibonacci_action_server]: Feedback: [3]
[INFO] [1733923328.486714466] [fibonacci_action_server]: Feedback: [13]
[INFO] [1733923328.587155740] [fibonacci_action_server]: Feedback: [13]
[INFO] [1733923328.950971529] [fibonacci_action_server]: Feedback: [5]
[INFO] [1733923328.987234504] [fibonacci_action_server]: Feedback: [21]
[INFO] [1733923329.087566941] [fibonacci_action_server]: Feedback: [21]
[INFO] [1733923329.451520950] [fibonacci_action_server]: Feedback: [8]
[INFO] [1733923329.487509262] [fibonacci_action_server]: Feedback: [34]
[INFO] [1733923329.587777611] [fibonacci_action_server]: Feedback: [34]
[INFO] [1733923329.952023497] [fibonacci_action_server]: Feedback: [13]
[INFO] [1733923329.988004711] [fibonacci_action_server]: Feedback: [55]
[INFO] [1733923330.088246108] [fibonacci_action_server]: Feedback: [55]
[INFO] [1733923330.452234366] [fibonacci_action_server]: Feedback: [21]
[INFO] [1733923330.488436924] [fibonacci_action_server]: Goal succeeded
[INFO] [1733923330.588584902] [fibonacci_action_server]: Goal succeeded
[INFO] [1733923330.801138143] [fibonacci_action_server]: Received goal request with order 10
[INFO] [1733923330.801520973] [fibonacci_action_server]: Executing goal...
[INFO] [1733923330.802123745] [fibonacci_action_server]: Feedback: [1]
[INFO] [1733923330.901538301] [fibonacci_action_server]: Received goal request with order 10
[INFO] [1733923330.901821218] [fibonacci_action_server]: Executing goal...
[INFO] [1733923330.901931720] [fibonacci_action_server]: Feedback: [1]
[INFO] [1733923330.952458398] [fibonacci_action_server]: Feedback: [34]
[INFO] [1733923331.302421360] [fibonacci_action_server]: Feedback: [2]
[INFO] [1733923331.402370425] [fibonacci_action_server]: Feedback: [2]
[INFO] [1733923331.452941628] [fibonacci_action_server]: Feedback: [55]
[INFO] [1733923331.803036169] [fibonacci_action_server]: Feedback: [3]
[INFO] [1733923331.902593189] [fibonacci_action_server]: Feedback: [3]
[INFO] [1733923331.953488446] [fibonacci_action_server]: Goal succeeded
[INFO] [1733923332.267140073] [fibonacci_action_server]: Received goal request with order 10
[INFO] [1733923332.267332271] [fibonacci_action_server]: Executing goal...
[INFO] [1733923332.267454746] [fibonacci_action_server]: Feedback: [1]
[INFO] [1733923332.303662147] [fibonacci_action_server]: Feedback: [5]
[INFO] [1733923332.402863945] [fibonacci_action_server]: Feedback: [5]
[INFO] [1733923332.767925741] [fibonacci_action_server]: Feedback: [2]
[INFO] [1733923332.803997969] [fibonacci_action_server]: Feedback: [8]
[INFO] [1733923332.903107491] [fibonacci_action_server]: Feedback: [8]
[INFO] [1733923333.268226606] [fibonacci_action_server]: Feedback: [3]
[INFO] [1733923333.304352638] [fibonacci_action_server]: Feedback: [13]
[INFO] [1733923333.403323115] [fibonacci_action_server]: Feedback: [13]
[INFO] [1733923333.768594002] [fibonacci_action_server]: Feedback: [5]
[INFO] [1733923333.804721688] [fibonacci_action_server]: Feedback: [21]
[INFO] [1733923333.903967110] [fibonacci_action_server]: Feedback: [21]
[INFO] [1733923334.268862889] [fibonacci_action_server]: Feedback: [8]
[INFO] [1733923334.305209027] [fibonacci_action_server]: Feedback: [34]
[INFO] [1733923334.404424009] [fibonacci_action_server]: Feedback: [34]
[INFO] [1733923334.769392141] [fibonacci_action_server]: Feedback: [13]
[INFO] [1733923334.805637116] [fibonacci_action_server]: Feedback: [55]
[INFO] [1733923334.904939408] [fibonacci_action_server]: Feedback: [55]
[INFO] [1733923335.269971770] [fibonacci_action_server]: Feedback: [21]
[INFO] [1733923335.305941404] [fibonacci_action_server]: Goal succeeded
[INFO] [1733923335.405463425] [fibonacci_action_server]: Goal succeeded
[INFO] [1733923335.619374860] [fibonacci_action_server]: Received goal request with order 10
[INFO] [1733923335.619581386] [fibonacci_action_server]: Executing goal...
[INFO] [1733923335.619706099] [fibonacci_action_server]: Feedback: [1]
[INFO] [1733923335.720177965] [fibonacci_action_server]: Received goal request with order 10
[INFO] [1733923335.720409854] [fibonacci_action_server]: Executing goal...
[INFO] [1733923335.720497381] [fibonacci_action_server]: Feedback: [1]
[INFO] [1733923335.770517614] [fibonacci_action_server]: Feedback: [34]
[INFO] [1733923336.119933096] [fibonacci_action_server]: Feedback: [2]
[INFO] [1733923336.220831393] [fibonacci_action_server]: Feedback: [2]
[INFO] [1733923336.271035205] [fibonacci_action_server]: Feedback: [55]
[INFO] [1733923336.620158505] [fibonacci_action_server]: Feedback: [3]
[INFO] [1733923336.721318927] [fibonacci_action_server]: Feedback: [3]
[INFO] [1733923336.771649397] [fibonacci_action_server]: Goal succeeded
[INFO] [1733923337.085094417] [fibonacci_action_server]: Received goal request with order 10
[INFO] [1733923337.085227683] [fibonacci_action_server]: Executing goal...
[INFO] [1733923337.085281983] [fibonacci_action_server]: Feedback: [1]
[INFO] [1733923337.120521309] [fibonacci_action_server]: Feedback: [5]
[INFO] [1733923337.221547860] [fibonacci_action_server]: Feedback: [5]
[INFO] [1733923337.585471015] [fibonacci_action_server]: Feedback: [2]
[INFO] [1733923337.620780739] [fibonacci_action_server]: Feedback: [8]
[INFO] [1733923337.722175376] [fibonacci_action_server]: Feedback: [8]
[INFO] [1733923338.085704138] [fibonacci_action_server]: Feedback: [3]
[INFO] [1733923338.121004908] [fibonacci_action_server]: Feedback: [13]
[INFO] [1733923338.222413637] [fibonacci_action_server]: Feedback: [13]
[INFO] [1733923338.586089641] [fibonacci_action_server]: Feedback: [5]
[INFO] [1733923338.621252219] [fibonacci_action_server]: Feedback: [21]
[INFO] [1733923338.722744125] [fibonacci_action_server]: Feedback: [21]
[INFO] [1733923339.086620295] [fibonacci_action_server]: Feedback: [8]
[INFO] [1733923339.121742797] [fibonacci_action_server]: Feedback: [34]
[INFO] [1733923339.223199755] [fibonacci_action_server]: Feedback: [34]
[INFO] [1733923339.587120660] [fibonacci_action_server]: Feedback: [13]
[INFO] [1733923339.622324161] [fibonacci_action_server]: Feedback: [55]
[INFO] [1733923339.723448852] [fibonacci_action_server]: Feedback: [55]
[INFO] [1733923340.087450046] [fibonacci_action_server]: Feedback: [21]
[INFO] [1733923340.122972815] [fibonacci_action_server]: Goal succeeded
[INFO] [1733923340.223784037] [fibonacci_action_server]: Goal succeeded
[INFO] [1733923340.436528701] [fibonacci_action_server]: Received goal request with order 10
[INFO] [1733923340.436822146] [fibonacci_action_server]: Executing goal...
[INFO] [1733923340.436938578] [fibonacci_action_server]: Feedback: [1]
[INFO] [1733923340.536860206] [fibonacci_action_server]: Received goal request with order 10
[INFO] [1733923340.537013094] [fibonacci_action_server]: Executing goal...
[INFO] [1733923340.537085942] [fibonacci_action_server]: Feedback: [1]
[INFO] [1733923340.588030539] [fibonacci_action_server]: Feedback: [34]
[INFO] [1733923340.937432596] [fibonacci_action_server]: Feedback: [2]
[INFO] [1733923341.037270483] [fibonacci_action_server]: Feedback: [2]
[INFO] [1733923341.088214872] [fibonacci_action_server]: Feedback: [55]
[INFO] [1733923341.437701549] [fibonacci_action_server]: Feedback: [3]
[INFO] [1733923341.537604663] [fibonacci_action_server]: Feedback: [3]
[INFO] [1733923341.588506867] [fibonacci_action_server]: Goal succeeded
[INFO] [1733923341.900544547] [fibonacci_action_server]: Received goal request with order 10
[INFO] [1733923341.900769479] [fibonacci_action_server]: Executing goal...
[INFO] [1733923341.900840481] [fibonacci_action_server]: Feedback: [1]
[INFO] [1733923341.938157466] [fibonacci_action_server]: Feedback: [5]
[INFO] [1733923342.037957619] [fibonacci_action_server]: Feedback: [5]
[INFO] [1733923342.401046096] [fibonacci_action_server]: Feedback: [2]
[INFO] [1733923342.438348423] [fibonacci_action_server]: Feedback: [8]
[INFO] [1733923342.538195832] [fibonacci_action_server]: Feedback: [8]
[INFO] [1733923342.901289478] [fibonacci_action_server]: Feedback: [3]
[INFO] [1733923342.938534004] [fibonacci_action_server]: Feedback: [13]
[INFO] [1733923343.038551699] [fibonacci_action_server]: Feedback: [13]
[INFO] [1733923343.401623182] [fibonacci_action_server]: Feedback: [5]
[INFO] [1733923343.438866633] [fibonacci_action_server]: Feedback: [21]
[INFO] [1733923343.538816292] [fibonacci_action_server]: Feedback: [21]
[INFO] [1733923343.902177403] [fibonacci_action_server]: Feedback: [8]
[INFO] [1733923343.939120121] [fibonacci_action_server]: Feedback: [34]
[INFO] [1733923344.039099750] [fibonacci_action_server]: Feedback: [34]
[INFO] [1733923344.402417388] [fibonacci_action_server]: Feedback: [13]
[INFO] [1733923344.439671714] [fibonacci_action_server]: Feedback: [55]
[INFO] [1733923344.539505754] [fibonacci_action_server]: Feedback: [55]
[INFO] [1733923344.902942298] [fibonacci_action_server]: Feedback: [21]
[INFO] [1733923344.940015871] [fibonacci_action_server]: Goal succeeded
[INFO] [1733923345.040368234] [fibonacci_action_server]: Goal succeeded
[INFO] [1733923345.251621947] [fibonacci_action_server]: Received goal request with order 10
[INFO] [1733923345.251858914] [fibonacci_action_server]: Executing goal...
[INFO] [1733923345.251926854] [fibonacci_action_server]: Feedback: [1]
[INFO] [1733923345.351878371] [fibonacci_action_server]: Received goal request with order 10
[INFO] [1733923345.352069316] [fibonacci_action_server]: Executing goal...
[INFO] [1733923345.352134810] [fibonacci_action_server]: Feedback: [1]
[INFO] [1733923345.403395175] [fibonacci_action_server]: Feedback: [34]
[INFO] [1733923345.752149728] [fibonacci_action_server]: Feedback: [2]
[INFO] [1733923345.852376164] [fibonacci_action_server]: Feedback: [2]
[INFO] [1733923345.903752493] [fibonacci_action_server]: Feedback: [55]
[INFO] [1733923346.252471483] [fibonacci_action_server]: Feedback: [3]
[INFO] [1733923346.352666769] [fibonacci_action_server]: Feedback: [3]
[INFO] [1733923346.404146084] [fibonacci_action_server]: Goal succeeded
[INFO] [1733923346.715094062] [fibonacci_action_server]: Received goal request with order 10
[INFO] [1733923346.715323439] [fibonacci_action_server]: Executing goal...
[INFO] [1733923346.715387729] [fibonacci_action_server]: Feedback: [1]
[INFO] [1733923346.752980326] [fibonacci_action_server]: Feedback: [5]
[INFO] [1733923346.852897786] [fibonacci_action_server]: Feedback: [5]
[INFO] [1733923347.215558999] [fibonacci_action_server]: Feedback: [2]
[INFO] [1733923347.253174906] [fibonacci_action_server]: Feedback: [8]
[INFO] [1733923347.353146132] [fibonacci_action_server]: Feedback: [8]
[INFO] [1733923347.715847979] [fibonacci_action_server]: Feedback: [3]
[INFO] [1733923347.753374994] [fibonacci_action_server]: Feedback: [13]
[INFO] [1733923347.853398696] [fibonacci_action_server]: Feedback: [13]
[INFO] [1733923348.216064642] [fibonacci_action_server]: Feedback: [5]
[INFO] [1733923348.253612644] [fibonacci_action_server]: Feedback: [21]
[INFO] [1733923348.353585229] [fibonacci_action_server]: Feedback: [21]
[INFO] [1733923348.716268011] [fibonacci_action_server]: Feedback: [8]
[INFO] [1733923348.753956122] [fibonacci_action_server]: Feedback: [34]
[INFO] [1733923348.853786374] [fibonacci_action_server]: Feedback: [34]
[INFO] [1733923349.216640158] [fibonacci_action_server]: Feedback: [13]
[INFO] [1733923349.254289556] [fibonacci_action_server]: Feedback: [55]
[INFO] [1733923349.354044289] [fibonacci_action_server]: Feedback: [55]
[INFO] [1733923349.716977811] [fibonacci_action_server]: Feedback: [21]
[INFO] [1733923349.754839756] [fibonacci_action_server]: Goal succeeded
[INFO] [1733923349.854352104] [fibonacci_action_server]: Goal succeeded
[INFO] [1733923350.067089908] [fibonacci_action_server]: Received goal request with order 10
[INFO] [1733923350.067350548] [fibonacci_action_server]: Executing goal...
[INFO] [1733923350.067470650] [fibonacci_action_server]: Feedback: [1]
[INFO] [1733923350.167512323] [fibonacci_action_server]: Received goal request with order 10
[INFO] [1733923350.167758077] [fibonacci_action_server]: Executing goal...
[INFO] [1733923350.167910192] [fibonacci_action_server]: Feedback: [1]
[INFO] [1733923350.217234694] [fibonacci_action_server]: Feedback: [34]
[INFO] [1733923350.567664249] [fibonacci_action_server]: Feedback: [2]
[INFO] [1733923350.668172352] [fibonacci_action_server]: Feedback: [2]
[INFO] [1733923350.717486698] [fibonacci_action_server]: Feedback: [55]
[INFO] [1733923351.067867825] [fibonacci_action_server]: Feedback: [3]
[INFO] [1733923351.168610218] [fibonacci_action_server]: Feedback: [3]
[INFO] [1733923351.217971360] [fibonacci_action_server]: Goal succeeded
[INFO] [1733923351.529075137] [fibonacci_action_server]: Received goal request with order 10
[INFO] [1733923351.529362138] [fibonacci_action_server]: Executing goal...
[INFO] [1733923351.529517421] [fibonacci_action_server]: Feedback: [1]
[INFO] [1733923351.568071846] [fibonacci_action_server]: Feedback: [5]
[INFO] [1733923351.669009483] [fibonacci_action_server]: Feedback: [5]
[INFO] [1733923352.029830154] [fibonacci_action_server]: Feedback: [2]
[INFO] [1733923352.068439880] [fibonacci_action_server]: Feedback: [8]
[INFO] [1733923352.169380088] [fibonacci_action_server]: Feedback: [8]
[INFO] [1733923352.530076229] [fibonacci_action_server]: Feedback: [3]
[INFO] [1733923352.569846646] [fibonacci_action_server]: Feedback: [13]
[INFO] [1733923352.669631292] [fibonacci_action_server]: Feedback: [13]
[INFO] [1733923353.030316788] [fibonacci_action_server]: Feedback: [5]
[INFO] [1733923353.070080287] [fibonacci_action_server]: Feedback: [21]
[INFO] [1733923353.170192897] [fibonacci_action_server]: Feedback: [21]
[INFO] [1733923353.530554404] [fibonacci_action_server]: Feedback: [8]
[INFO] [1733923353.570314535] [fibonacci_action_server]: Feedback: [34]
[INFO] [1733923353.670673217] [fibonacci_action_server]: Feedback: [34]
[INFO] [1733923354.031015851] [fibonacci_action_server]: Feedback: [13]
[INFO] [1733923354.070569654] [fibonacci_action_server]: Feedback: [55]
[INFO] [1733923354.171227644] [fibonacci_action_server]: Feedback: [55]
[INFO] [1733923354.531241547] [fibonacci_action_server]: Feedback: [21]
[INFO] [1733923354.570995940] [fibonacci_action_server]: Goal succeeded
[INFO] [1733923354.671639453] [fibonacci_action_server]: Goal succeeded
[INFO] [1733923354.881182521] [fibonacci_action_server]: Received goal request with order 10
[INFO] [1733923354.881392026] [fibonacci_action_server]: Executing goal...
[INFO] [1733923354.881447517] [fibonacci_action_server]: Feedback: [1]
[INFO] [1733923354.981649263] [fibonacci_action_server]: Received goal request with order 10
[INFO] [1733923354.981815121] [fibonacci_action_server]: Executing goal...
[INFO] [1733923354.981884784] [fibonacci_action_server]: Feedback: [1]
[INFO] [1733923355.031450512] [fibonacci_action_server]: Feedback: [34]
[INFO] [1733923355.381781012] [fibonacci_action_server]: Feedback: [2]
[INFO] [1733923355.482040610] [fibonacci_action_server]: Feedback: [2]
[INFO] [1733923355.531821286] [fibonacci_action_server]: Feedback: [55]
[INFO] [1733923355.882295122] [fibonacci_action_server]: Feedback: [3]
[INFO] [1733923355.982432489] [fibonacci_action_server]: Feedback: [3]
[INFO] [1733923356.032160395] [fibonacci_action_server]: Goal succeeded
[INFO] [1733923356.343993624] [fibonacci_action_server]: Received goal request with order 10
[INFO] [1733923356.344157428] [fibonacci_action_server]: Executing goal...
[INFO] [1733923356.344214350] [fibonacci_action_server]: Feedback: [1]
[INFO] [1733923356.382651061] [fibonacci_action_server]: Feedback: [5]
[INFO] [1733923356.482953440] [fibonacci_action_server]: Feedback: [5]
[INFO] [1733923356.844552162] [fibonacci_action_server]: Feedback: [2]
[INFO] [1733923356.882870915] [fibonacci_action_server]: Feedback: [8]
[INFO] [1733923356.983216091] [fibonacci_action_server]: Feedback: [8]
[INFO] [1733923357.344875168] [fibonacci_action_server]: Feedback: [3]
[INFO] [1733923357.383386713] [fibonacci_action_server]: Feedback: [13]
[INFO] [1733923357.483821289] [fibonacci_action_server]: Feedback: [13]
[INFO] [1733923357.845383124] [fibonacci_action_server]: Feedback: [5]
[INFO] [1733923357.883916972] [fibonacci_action_server]: Feedback: [21]
[INFO] [1733923357.984045872] [fibonacci_action_server]: Feedback: [21]
[INFO] [1733923358.345601991] [fibonacci_action_server]: Feedback: [8]
[INFO] [1733923358.384125063] [fibonacci_action_server]: Feedback: [34]
[INFO] [1733923358.484411905] [fibonacci_action_server]: Feedback: [34]
[INFO] [1733923358.845996854] [fibonacci_action_server]: Feedback: [13]
[INFO] [1733923358.884461601] [fibonacci_action_server]: Feedback: [55]
[INFO] [1733923358.984643305] [fibonacci_action_server]: Feedback: [55]
[INFO] [1733923359.346297016] [fibonacci_action_server]: Feedback: [21]
[INFO] [1733923359.384759956] [fibonacci_action_server]: Goal succeeded
[INFO] [1733923359.485153255] [fibonacci_action_server]: Goal succeeded
[INFO] [1733923359.697711048] [fibonacci_action_server]: Received goal request with order 10
[INFO] [1733923359.698739720] [fibonacci_action_server]: Executing goal...
[INFO] [1733923359.698950884] [fibonacci_action_server]: Feedback: [1]
[INFO] [1733923359.798221275] [fibonacci_action_server]: Received goal request with order 10
[INFO] [1733923359.798578547] [fibonacci_action_server]: Executing goal...
[INFO] [1733923359.798663452] [fibonacci_action_server]: Feedback: [1]
[INFO] [1733923359.846615010] [fibonacci_action_server]: Feedback: [34]
[INFO] [1733923360.199570974] [fibonacci_action_server]: Feedback: [2]
[INFO] [1733923360.298915267] [fibonacci_action_server]: Feedback: [2]
[INFO] [1733923360.347154052] [fibonacci_action_server]: Feedback: [55]
[INFO] [1733923360.699830904] [fibonacci_action_server]: Feedback: [3]
[INFO] [1733923360.799286711] [fibonacci_action_server]: Feedback: [3]
[INFO] [1733923360.847869268] [fibonacci_action_server]: Goal succeeded
[INFO] [1733923361.159408637] [fibonacci_action_server]: Received goal request with order 10
[INFO] [1733923361.159629378] [fibonacci_action_server]: Executing goal...
[INFO] [1733923361.159689761] [fibonacci_action_server]: Feedback: [1]
[INFO] [1733923361.200054196] [fibonacci_action_server]: Feedback: [5]
[INFO] [1733923361.299675074] [fibonacci_action_server]: Feedback: [5]
[INFO] [1733923361.659852519] [fibonacci_action_server]: Feedback: [2]
[INFO] [1733923361.700485483] [fibonacci_action_server]: Feedback: [8]
[INFO] [1733923361.799878999] [fibonacci_action_server]: Feedback: [8]
[INFO] [1733923362.160212494] [fibonacci_action_server]: Feedback: [3]
[INFO] [1733923362.200876629] [fibonacci_action_server]: Feedback: [13]
[INFO] [1733923362.300238825] [fibonacci_action_server]: Feedback: [13]
[INFO] [1733923362.660458464] [fibonacci_action_server]: Feedback: [5]
[INFO] [1733923362.701108318] [fibonacci_action_server]: Feedback: [21]
[INFO] [1733923362.800644243] [fibonacci_action_server]: Feedback: [21]
[INFO] [1733923363.160685268] [fibonacci_action_server]: Feedback: [8]
[INFO] [1733923363.201329107] [fibonacci_action_server]: Feedback: [34]
[INFO] [1733923363.300842060] [fibonacci_action_server]: Feedback: [34]
[INFO] [1733923363.661088641] [fibonacci_action_server]: Feedback: [13]
[INFO] [1733923363.701823090] [fibonacci_action_server]: Feedback: [55]
[INFO] [1733923363.801312368] [fibonacci_action_server]: Feedback: [55]
[INFO] [1733923364.161309694] [fibonacci_action_server]: Feedback: [21]
[INFO] [1733923364.202402679] [fibonacci_action_server]: Goal succeeded
[INFO] [1733923364.301880560] [fibonacci_action_server]: Goal succeeded
[INFO] [1733923364.513030631] [fibonacci_action_server]: Received goal request with order 10
[INFO] [1733923364.513215758] [fibonacci_action_server]: Executing goal...
[INFO] [1733923364.513314637] [fibonacci_action_server]: Feedback: [1]
[INFO] [1733923364.613455780] [fibonacci_action_server]: Received goal request with order 10
[INFO] [1733923364.613674394] [fibonacci_action_server]: Executing goal...
[INFO] [1733923364.613734297] [fibonacci_action_server]: Feedback: [1]
[INFO] [1733923364.661537736] [fibonacci_action_server]: Feedback: [34]
[INFO] [1733923365.013726899] [fibonacci_action_server]: Feedback: [2]
[INFO] [1733923365.114184205] [fibonacci_action_server]: Feedback: [2]
[INFO] [1733923365.161710681] [fibonacci_action_server]: Feedback: [55]
[INFO] [1733923365.513923188] [fibonacci_action_server]: Feedback: [3]
[INFO] [1733923365.614551227] [fibonacci_action_server]: Feedback: [3]
[INFO] [1733923365.662035070] [fibonacci_action_server]: Goal succeeded
[INFO] [1733923365.973505224] [fibonacci_action_server]: Received goal request with order 10
[INFO] [1733923365.973665819] [fibonacci_action_server]: Executing goal...
[INFO] [1733923365.973737486] [fibonacci_action_server]: Feedback: [1]
[INFO] [1733923366.014339212] [fibonacci_action_server]: Feedback: [5]
[INFO] [1733923366.114736344] [fibonacci_action_server]: Feedback: [5]
[INFO] [1733923366.474078971] [fibonacci_action_server]: Feedback: [2]
[INFO] [1733923366.514570356] [fibonacci_action_server]: Feedback: [8]
[INFO] [1733923366.615092475] [fibonacci_action_server]: Feedback: [8]
[INFO] [1733923366.974636421] [fibonacci_action_server]: Feedback: [3]
[INFO] [1733923367.015126457] [fibonacci_action_server]: Feedback: [13]
[INFO] [1733923367.115415467] [fibonacci_action_server]: Feedback: [13]
[INFO] [1733923367.475044274] [fibonacci_action_server]: Feedback: [5]
[INFO] [1733923367.515423710] [fibonacci_action_server]: Feedback: [21]
[INFO] [1733923367.615734387] [fibonacci_action_server]: Feedback: [21]
[INFO] [1733923367.975407111] [fibonacci_action_server]: Feedback: [8]
[INFO] [1733923368.016010482] [fibonacci_action_server]: Feedback: [34]
[INFO] [1733923368.115951321] [fibonacci_action_server]: Feedback: [34]
[INFO] [1733923368.475992623] [fibonacci_action_server]: Feedback: [13]
[INFO] [1733923368.516246283] [fibonacci_action_server]: Feedback: [55]
[INFO] [1733923368.616571472] [fibonacci_action_server]: Feedback: [55]
[INFO] [1733923368.976349124] [fibonacci_action_server]: Feedback: [21]
[INFO] [1733923369.016617489] [fibonacci_action_server]: Goal succeeded
[INFO] [1733923369.116951092] [fibonacci_action_server]: Goal succeeded
[INFO] [1733923369.327785266] [fibonacci_action_server]: Received goal request with order 10
[INFO] [1733923369.327956834] [fibonacci_action_server]: Executing goal...
[INFO] [1733923369.328030224] [fibonacci_action_server]: Feedback: [1]
[INFO] [1733923369.428133811] [fibonacci_action_server]: Received goal request with order 10
[INFO] [1733923369.428445492] [fibonacci_action_server]: Executing goal...
[INFO] [1733923369.428541421] [fibonacci_action_server]: Feedback: [1]
[INFO] [1733923369.476668460] [fibonacci_action_server]: Feedback: [34]
[INFO] [1733923369.828393757] [fibonacci_action_server]: Feedback: [2]
[INFO] [1733923369.928734108] [fibonacci_action_server]: Feedback: [2]
[INFO] [1733923369.977020298] [fibonacci_action_server]: Feedback: [55]
[INFO] [1733923370.328827387] [fibonacci_action_server]: Feedback: [3]
[INFO] [1733923370.428964389] [fibonacci_action_server]: Feedback: [3]
[INFO] [1733923370.477334771] [fibonacci_action_server]: Goal succeeded
[INFO] [1733923370.793992927] [fibonacci_action_server]: Received goal request with order 10
[INFO] [1733923370.794218792] [fibonacci_action_server]: Executing goal...
[INFO] [1733923370.794324174] [fibonacci_action_server]: Feedback: [1]
[INFO] [1733923370.829280004] [fibonacci_action_server]: Feedback: [5]
[INFO] [1733923370.929154555] [fibonacci_action_server]: Feedback: [5]
[INFO] [1733923371.294527305] [fibonacci_action_server]: Feedback: [2]
[INFO] [1733923371.329792539] [fibonacci_action_server]: Feedback: [8]
[INFO] [1733923371.429667031] [fibonacci_action_server]: Feedback: [8]
[INFO] [1733923371.795141670] [fibonacci_action_server]: Feedback: [3]
[INFO] [1733923371.830177329] [fibonacci_action_server]: Feedback: [13]
[INFO] [1733923371.930059292] [fibonacci_action_server]: Feedback: [13]
[INFO] [1733923372.295732829] [fibonacci_action_server]: Feedback: [5]
[INFO] [1733923372.330533027] [fibonacci_action_server]: Feedback: [21]
[INFO] [1733923372.430522440] [fibonacci_action_server]: Feedback: [21]
[INFO] [1733923372.795898923] [fibonacci_action_server]: Feedback: [8]
[INFO] [1733923372.831069326] [fibonacci_action_server]: Feedback: [34]
[INFO] [1733923372.930751803] [fibonacci_action_server]: Feedback: [34]
[INFO] [1733923373.296170407] [fibonacci_action_server]: Feedback: [13]
[INFO] [1733923373.331367424] [fibonacci_action_server]: Feedback: [55]
[INFO] [1733923373.431255906] [fibonacci_action_server]: Feedback: [55]
[INFO] [1733923373.796495380] [fibonacci_action_server]: Feedback: [21]
[INFO] [1733923373.831987576] [fibonacci_action_server]: Goal succeeded
[INFO] [1733923373.931560920] [fibonacci_action_server]: Goal succeeded
[INFO] [1733923374.144441053] [fibonacci_action_server]: Received goal request with order 10
[INFO] [1733923374.144741545] [fibonacci_action_server]: Executing goal...
[INFO] [1733923374.144849584] [fibonacci_action_server]: Feedback: [1]
[INFO] [1733923374.244804522] [fibonacci_action_server]: Received goal request with order 10
[INFO] [1733923374.245053446] [fibonacci_action_server]: Executing goal...
[INFO] [1733923374.245157466] [fibonacci_action_server]: Feedback: [1]
[INFO] [1733923374.296763165] [fibonacci_action_server]: Feedback: [34]
[INFO] [1733923374.645050940] [fibonacci_action_server]: Feedback: [2]
[INFO] [1733923374.745627100] [fibonacci_action_server]: Feedback: [2]
[INFO] [1733923374.797426052] [fibonacci_action_server]: Feedback: [55]
[INFO] [1733923375.145527377] [fibonacci_action_server]: Feedback: [3]
[INFO] [1733923375.246132376] [fibonacci_action_server]: Feedback: [3]
[INFO] [1733923375.297847234] [fibonacci_action_server]: Goal succeeded
[INFO] [1733923375.609156113] [fibonacci_action_server]: Received goal request with order 10
[INFO] [1733923375.609368685] [fibonacci_action_server]: Executing goal...
[INFO] [1733923375.609457455] [fibonacci_action_server]: Feedback: [1]
[INFO] [1733923375.645895392] [fibonacci_action_server]: Feedback: [5]
[INFO] [1733923375.746360370] [fibonacci_action_server]: Feedback: [5]
[INFO] [1733923376.068837264] [fibonacci_action_server]: Timeout reached, shutting down node...
[ros2run]: Segmentation fault
RAPL is set
