[INFO] [1733715823.097263102] [fibonacci_action_server]: Executing goal...
[INFO] [1733715823.098145891] [fibonacci_action_server]: Feedback: array('i', [0, 1, 1])
[INFO] [1733715824.101417743] [fibonacci_action_server]: Feedback: array('i', [0, 1, 1, 2])
[INFO] [1733715825.103309613] [fibonacci_action_server]: Feedback: array('i', [0, 1, 1, 2, 3])
[INFO] [1733715826.105060621] [fibonacci_action_server]: Feedback: array('i', [0, 1, 1, 2, 3, 5])
[INFO] [1733715827.105900166] [fibonacci_action_server]: Feedback: array('i', [0, 1, 1, 2, 3, 5, 8])
[INFO] [1733715828.107075237] [fibonacci_action_server]: Feedback: array('i', [0, 1, 1, 2, 3, 5, 8, 13])
[INFO] [1733715829.109081207] [fibonacci_action_server]: Feedback: array('i', [0, 1, 1, 2, 3, 5, 8, 13, 21])
[INFO] [1733715830.109777182] [fibonacci_action_server]: Feedback: array('i', [0, 1, 1, 2, 3, 5, 8, 13, 21, 34])
[INFO] [1733715831.111437103] [fibonacci_action_server]: Feedback: array('i', [0, 1, 1, 2, 3, 5, 8, 13, 21, 34, 55])
/opt/ros/humble/local/lib/python3.10/dist-packages/rclpy/action/server.py:312: RuntimeWarning: failed to send response (timeout): client will not receive response, at ./src/rmw_response.cpp:154, at ./src/rcl/service.c:314
  self._handle.send_goal_response(request_header, response_msg)
/opt/ros/humble/local/lib/python3.10/dist-packages/rclpy/action/server.py:431: RuntimeWarning: failed to send response (timeout): client will not receive response, at ./src/rmw_response.cpp:154, at ./src/rcl/service.c:314
  self._handle.send_result_response(request_header, future.result())
[INFO] [1733715832.316050384] [fibonacci_action_server]: Executing goal...
[INFO] [1733715832.316564438] [fibonacci_action_server]: Feedback: array('i', [0, 1, 1])
[INFO] [1733715833.317751762] [fibonacci_action_server]: Feedback: array('i', [0, 1, 1, 2])
[INFO] [1733715834.319394748] [fibonacci_action_server]: Feedback: array('i', [0, 1, 1, 2, 3])
[INFO] [1733715835.321138412] [fibonacci_action_server]: Feedback: array('i', [0, 1, 1, 2, 3, 5])
[INFO] [1733715836.323326787] [fibonacci_action_server]: Feedback: array('i', [0, 1, 1, 2, 3, 5, 8])
[INFO] [1733715837.325222560] [fibonacci_action_server]: Feedback: array('i', [0, 1, 1, 2, 3, 5, 8, 13])
[INFO] [1733715838.326971548] [fibonacci_action_server]: Feedback: array('i', [0, 1, 1, 2, 3, 5, 8, 13, 21])
[INFO] [1733715839.328885429] [fibonacci_action_server]: Feedback: array('i', [0, 1, 1, 2, 3, 5, 8, 13, 21, 34])
[INFO] [1733715840.330070904] [fibonacci_action_server]: Feedback: array('i', [0, 1, 1, 2, 3, 5, 8, 13, 21, 34, 55])
[INFO] [1733716003.062546879] [fibonacci_action_server]: Shutting down node...
RAPL is set
