[INFO] [1733755958.424803173] [fibonacci_action_server]: Received goal request with order 10
[INFO] [1733755958.425078593] [fibonacci_action_server]: Executing goal...
[INFO] [1733755958.425151833] [fibonacci_action_server]: Feedback: [1]
[INFO] [1733755958.439380745] [fibonacci_action_server]: Received goal request with order 10
[INFO] [1733755958.439524551] [fibonacci_action_server]: Executing goal...
[INFO] [1733755958.439593630] [fibonacci_action_server]: Feedback: [1]
[INFO] [1733755958.925359542] [fibonacci_action_server]: Feedback: [2]
[INFO] [1733755958.939752712] [fibonacci_action_server]: Feedback: [2]
[INFO] [1733755959.425562429] [fibonacci_action_server]: Feedback: [3]
[INFO] [1733755959.439930298] [fibonacci_action_server]: Feedback: [3]
[INFO] [1733755959.925731281] [fibonacci_action_server]: Feedback: [5]
[INFO] [1733755959.940096592] [fibonacci_action_server]: Feedback: [5]
[INFO] [1733755960.425957997] [fibonacci_action_server]: Feedback: [8]
[INFO] [1733755960.440204779] [fibonacci_action_server]: Feedback: [8]
[INFO] [1733755960.926158419] [fibonacci_action_server]: Feedback: [13]
[INFO] [1733755960.940369197] [fibonacci_action_server]: Feedback: [13]
[INFO] [1733755961.426361366] [fibonacci_action_server]: Feedback: [21]
[INFO] [1733755961.440488306] [fibonacci_action_server]: Feedback: [21]
[INFO] [1733755961.926522115] [fibonacci_action_server]: Feedback: [34]
[INFO] [1733755961.940622711] [fibonacci_action_server]: Feedback: [34]
[INFO] [1733755962.426759250] [fibonacci_action_server]: Feedback: [55]
[INFO] [1733755962.440769433] [fibonacci_action_server]: Feedback: [55]
[INFO] [1733755962.927021992] [fibonacci_action_server]: Goal succeeded
[INFO] [1733755962.927332417] [fibonacci_action_server]: Received goal request with order 10
[INFO] [1733755962.927419011] [fibonacci_action_server]: Executing goal...
[INFO] [1733755962.927488113] [fibonacci_action_server]: Feedback: [1]
[INFO] [1733755962.940932863] [fibonacci_action_server]: Goal succeeded
[INFO] [1733755962.941220963] [fibonacci_action_server]: Received goal request with order 10
[INFO] [1733755962.941303213] [fibonacci_action_server]: Executing goal...
[INFO] [1733755962.941351764] [fibonacci_action_server]: Feedback: [1]
[INFO] [1733755963.427602446] [fibonacci_action_server]: Feedback: [2]
[INFO] [1733755963.441449841] [fibonacci_action_server]: Feedback: [2]
[INFO] [1733755963.927818613] [fibonacci_action_server]: Feedback: [3]
[INFO] [1733755963.941573855] [fibonacci_action_server]: Feedback: [3]
[INFO] [1733755964.427936039] [fibonacci_action_server]: Feedback: [5]
[INFO] [1733755964.441683418] [fibonacci_action_server]: Feedback: [5]
[INFO] [1733755964.928148287] [fibonacci_action_server]: Feedback: [8]
[INFO] [1733755964.941796662] [fibonacci_action_server]: Feedback: [8]
[INFO] [1733755965.428337412] [fibonacci_action_server]: Feedback: [13]
[INFO] [1733755965.441946472] [fibonacci_action_server]: Feedback: [13]
[INFO] [1733755965.928548229] [fibonacci_action_server]: Feedback: [21]
[INFO] [1733755965.942068749] [fibonacci_action_server]: Feedback: [21]
[INFO] [1733755966.428804511] [fibonacci_action_server]: Feedback: [34]
[INFO] [1733755966.442201854] [fibonacci_action_server]: Feedback: [34]
[INFO] [1733755966.929023525] [fibonacci_action_server]: Feedback: [55]
[INFO] [1733755966.942393661] [fibonacci_action_server]: Feedback: [55]
[INFO] [1733755967.429236051] [fibonacci_action_server]: Goal succeeded
[INFO] [1733755967.429610769] [fibonacci_action_server]: Received goal request with order 10
[INFO] [1733755967.429697187] [fibonacci_action_server]: Executing goal...
[INFO] [1733755967.429745419] [fibonacci_action_server]: Feedback: [1]
[INFO] [1733755967.442563914] [fibonacci_action_server]: Goal succeeded
[INFO] [1733755967.442804041] [fibonacci_action_server]: Received goal request with order 10
[INFO] [1733755967.442868932] [fibonacci_action_server]: Executing goal...
[INFO] [1733755967.442913771] [fibonacci_action_server]: Feedback: [1]
[INFO] [1733755967.929872161] [fibonacci_action_server]: Feedback: [2]
[INFO] [1733755967.943036140] [fibonacci_action_server]: Feedback: [2]
[INFO] [1733755968.430054537] [fibonacci_action_server]: Feedback: [3]
[INFO] [1733755968.443237200] [fibonacci_action_server]: Feedback: [3]
[INFO] [1733755968.930270514] [fibonacci_action_server]: Feedback: [5]
[INFO] [1733755968.943392014] [fibonacci_action_server]: Feedback: [5]
[INFO] [1733755969.430472887] [fibonacci_action_server]: Feedback: [8]
[INFO] [1733755969.443570343] [fibonacci_action_server]: Feedback: [8]
[INFO] [1733755969.930661385] [fibonacci_action_server]: Feedback: [13]
[INFO] [1733755969.943729520] [fibonacci_action_server]: Feedback: [13]
[INFO] [1733755970.430839737] [fibonacci_action_server]: Feedback: [21]
[INFO] [1733755970.443834225] [fibonacci_action_server]: Feedback: [21]
[INFO] [1733755970.931003821] [fibonacci_action_server]: Feedback: [34]
[INFO] [1733755970.943940617] [fibonacci_action_server]: Feedback: [34]
[INFO] [1733755971.431209297] [fibonacci_action_server]: Feedback: [55]
[INFO] [1733755971.444090555] [fibonacci_action_server]: Feedback: [55]
[INFO] [1733755971.931478373] [fibonacci_action_server]: Goal succeeded
[INFO] [1733755971.931820456] [fibonacci_action_server]: Received goal request with order 10
[INFO] [1733755971.931962068] [fibonacci_action_server]: Executing goal...
[INFO] [1733755971.932035472] [fibonacci_action_server]: Feedback: [1]
[INFO] [1733755971.944300727] [fibonacci_action_server]: Goal succeeded
[INFO] [1733755971.944540025] [fibonacci_action_server]: Received goal request with order 10
[INFO] [1733755971.944643898] [fibonacci_action_server]: Executing goal...
[INFO] [1733755971.944693543] [fibonacci_action_server]: Feedback: [1]
[INFO] [1733755972.432163991] [fibonacci_action_server]: Feedback: [2]
[INFO] [1733755972.444792866] [fibonacci_action_server]: Feedback: [2]
[INFO] [1733755972.932331203] [fibonacci_action_server]: Feedback: [3]
[INFO] [1733755972.944881290] [fibonacci_action_server]: Feedback: [3]
[INFO] [1733755973.432521510] [fibonacci_action_server]: Feedback: [5]
[INFO] [1733755973.444977313] [fibonacci_action_server]: Feedback: [5]
[INFO] [1733755973.932699168] [fibonacci_action_server]: Feedback: [8]
[INFO] [1733755973.945076767] [fibonacci_action_server]: Feedback: [8]
[INFO] [1733755974.432907156] [fibonacci_action_server]: Feedback: [13]
[INFO] [1733755974.445222807] [fibonacci_action_server]: Feedback: [13]
[INFO] [1733755974.933087925] [fibonacci_action_server]: Feedback: [21]
[INFO] [1733755974.945350423] [fibonacci_action_server]: Feedback: [21]
[INFO] [1733755975.433279618] [fibonacci_action_server]: Feedback: [34]
[INFO] [1733755975.445474117] [fibonacci_action_server]: Feedback: [34]
[INFO] [1733755975.933446525] [fibonacci_action_server]: Feedback: [55]
[INFO] [1733755975.945614458] [fibonacci_action_server]: Feedback: [55]
[INFO] [1733755976.433633260] [fibonacci_action_server]: Goal succeeded
[INFO] [1733755976.433940543] [fibonacci_action_server]: Received goal request with order 10
[INFO] [1733755976.434035921] [fibonacci_action_server]: Executing goal...
[INFO] [1733755976.434093931] [fibonacci_action_server]: Feedback: [1]
[INFO] [1733755976.445779347] [fibonacci_action_server]: Goal succeeded
[INFO] [1733755976.446099985] [fibonacci_action_server]: Received goal request with order 10
[INFO] [1733755976.446208520] [fibonacci_action_server]: Executing goal...
[INFO] [1733755976.446250271] [fibonacci_action_server]: Feedback: [1]
[INFO] [1733755976.934241777] [fibonacci_action_server]: Feedback: [2]
[INFO] [1733755976.946385862] [fibonacci_action_server]: Feedback: [2]
[INFO] [1733755977.434475179] [fibonacci_action_server]: Feedback: [3]
[INFO] [1733755977.446563981] [fibonacci_action_server]: Feedback: [3]
[INFO] [1733755977.934676297] [fibonacci_action_server]: Feedback: [5]
[INFO] [1733755977.946697488] [fibonacci_action_server]: Feedback: [5]
[INFO] [1733755978.434830947] [fibonacci_action_server]: Feedback: [8]
[INFO] [1733755978.446825087] [fibonacci_action_server]: Feedback: [8]
[INFO] [1733755978.934993344] [fibonacci_action_server]: Feedback: [13]
[INFO] [1733755978.946936019] [fibonacci_action_server]: Feedback: [13]
[INFO] [1733755979.435178871] [fibonacci_action_server]: Feedback: [21]
[INFO] [1733755979.447096759] [fibonacci_action_server]: Feedback: [21]
[INFO] [1733755979.935343210] [fibonacci_action_server]: Feedback: [34]
[INFO] [1733755979.947257629] [fibonacci_action_server]: Feedback: [34]
[INFO] [1733755980.435536324] [fibonacci_action_server]: Feedback: [55]
[INFO] [1733755980.447370985] [fibonacci_action_server]: Feedback: [55]
[INFO] [1733755980.935751133] [fibonacci_action_server]: Goal succeeded
[INFO] [1733755980.936093233] [fibonacci_action_server]: Received goal request with order 10
[INFO] [1733755980.936203640] [fibonacci_action_server]: Executing goal...
[INFO] [1733755980.936252241] [fibonacci_action_server]: Feedback: [1]
[INFO] [1733755980.947536685] [fibonacci_action_server]: Goal succeeded
[INFO] [1733755980.947758321] [fibonacci_action_server]: Received goal request with order 10
[INFO] [1733755980.947834476] [fibonacci_action_server]: Executing goal...
[INFO] [1733755980.947872491] [fibonacci_action_server]: Feedback: [1]
[INFO] [1733755981.436401703] [fibonacci_action_server]: Feedback: [2]
[INFO] [1733755981.447964391] [fibonacci_action_server]: Feedback: [2]
[INFO] [1733755981.936616959] [fibonacci_action_server]: Feedback: [3]
[INFO] [1733755981.948064497] [fibonacci_action_server]: Feedback: [3]
[INFO] [1733755982.436768435] [fibonacci_action_server]: Feedback: [5]
[INFO] [1733755982.448164889] [fibonacci_action_server]: Feedback: [5]
[INFO] [1733755982.936920267] [fibonacci_action_server]: Feedback: [8]
[INFO] [1733755982.948258598] [fibonacci_action_server]: Feedback: [8]
[INFO] [1733755983.437114456] [fibonacci_action_server]: Feedback: [13]
[INFO] [1733755983.448398854] [fibonacci_action_server]: Feedback: [13]
[INFO] [1733755983.937275833] [fibonacci_action_server]: Feedback: [21]
[INFO] [1733755983.948519504] [fibonacci_action_server]: Feedback: [21]
[INFO] [1733755984.437514562] [fibonacci_action_server]: Feedback: [34]
[INFO] [1733755984.448687153] [fibonacci_action_server]: Feedback: [34]
[INFO] [1733755984.937708115] [fibonacci_action_server]: Feedback: [55]
[INFO] [1733755984.948842931] [fibonacci_action_server]: Feedback: [55]
[INFO] [1733755985.437923930] [fibonacci_action_server]: Goal succeeded
[INFO] [1733755985.438213502] [fibonacci_action_server]: Received goal request with order 10
[INFO] [1733755985.438383623] [fibonacci_action_server]: Executing goal...
[INFO] [1733755985.438437995] [fibonacci_action_server]: Feedback: [1]
[INFO] [1733755985.448993366] [fibonacci_action_server]: Goal succeeded
[INFO] [1733755985.449336034] [fibonacci_action_server]: Received goal request with order 10
[INFO] [1733755985.449425726] [fibonacci_action_server]: Executing goal...
[INFO] [1733755985.449465182] [fibonacci_action_server]: Feedback: [1]
[INFO] [1733755985.938561934] [fibonacci_action_server]: Feedback: [2]
[INFO] [1733755985.949560670] [fibonacci_action_server]: Feedback: [2]
[INFO] [1733755986.438732074] [fibonacci_action_server]: Feedback: [3]
[INFO] [1733755986.449662116] [fibonacci_action_server]: Feedback: [3]
[INFO] [1733755986.938879747] [fibonacci_action_server]: Feedback: [5]
[INFO] [1733755986.949761722] [fibonacci_action_server]: Feedback: [5]
[INFO] [1733755987.439064088] [fibonacci_action_server]: Feedback: [8]
[INFO] [1733755987.449908259] [fibonacci_action_server]: Feedback: [8]
[INFO] [1733755987.939256566] [fibonacci_action_server]: Feedback: [13]
[INFO] [1733755987.950049605] [fibonacci_action_server]: Feedback: [13]
[INFO] [1733755988.439399112] [fibonacci_action_server]: Feedback: [21]
[INFO] [1733755988.450170685] [fibonacci_action_server]: Feedback: [21]
[INFO] [1733755988.939586172] [fibonacci_action_server]: Feedback: [34]
[INFO] [1733755988.950313162] [fibonacci_action_server]: Feedback: [34]
[INFO] [1733755989.439741204] [fibonacci_action_server]: Feedback: [55]
[INFO] [1733755989.450447866] [fibonacci_action_server]: Feedback: [55]
[INFO] [1733755989.940005832] [fibonacci_action_server]: Goal succeeded
[INFO] [1733755989.940288384] [fibonacci_action_server]: Received goal request with order 10
[INFO] [1733755989.940436903] [fibonacci_action_server]: Executing goal...
[INFO] [1733755989.940485505] [fibonacci_action_server]: Feedback: [1]
[INFO] [1733755989.950579719] [fibonacci_action_server]: Goal succeeded
[INFO] [1733755989.950787190] [fibonacci_action_server]: Received goal request with order 10
[INFO] [1733755989.950890946] [fibonacci_action_server]: Executing goal...
[INFO] [1733755989.950931151] [fibonacci_action_server]: Feedback: [1]
[INFO] [1733755990.440636848] [fibonacci_action_server]: Feedback: [2]
[INFO] [1733755990.451026495] [fibonacci_action_server]: Feedback: [2]
[INFO] [1733755990.940799946] [fibonacci_action_server]: Feedback: [3]
[INFO] [1733755990.951131960] [fibonacci_action_server]: Feedback: [3]
[INFO] [1733755991.440928234] [fibonacci_action_server]: Feedback: [5]
[INFO] [1733755991.451238316] [fibonacci_action_server]: Feedback: [5]
[INFO] [1733755991.941062863] [fibonacci_action_server]: Feedback: [8]
[INFO] [1733755991.951385961] [fibonacci_action_server]: Feedback: [8]
[INFO] [1733755992.441289622] [fibonacci_action_server]: Feedback: [13]
[INFO] [1733755992.451568540] [fibonacci_action_server]: Feedback: [13]
[INFO] [1733755992.941469444] [fibonacci_action_server]: Feedback: [21]
[INFO] [1733755992.951717584] [fibonacci_action_server]: Feedback: [21]
[INFO] [1733755993.441659117] [fibonacci_action_server]: Feedback: [34]
[INFO] [1733755993.451845715] [fibonacci_action_server]: Feedback: [34]
[INFO] [1733755993.941895153] [fibonacci_action_server]: Feedback: [55]
[INFO] [1733755993.951925383] [fibonacci_action_server]: Feedback: [55]
[INFO] [1733755994.442113567] [fibonacci_action_server]: Goal succeeded
[INFO] [1733755994.442427524] [fibonacci_action_server]: Received goal request with order 10
[INFO] [1733755994.442527213] [fibonacci_action_server]: Executing goal...
[INFO] [1733755994.442574918] [fibonacci_action_server]: Feedback: [1]
[INFO] [1733755994.452120684] [fibonacci_action_server]: Goal succeeded
[INFO] [1733755994.452447925] [fibonacci_action_server]: Received goal request with order 10
[INFO] [1733755994.452519149] [fibonacci_action_server]: Executing goal...
[INFO] [1733755994.452563803] [fibonacci_action_server]: Feedback: [1]
[INFO] [1733755994.942742032] [fibonacci_action_server]: Feedback: [2]
[INFO] [1733755994.952692163] [fibonacci_action_server]: Feedback: [2]
[INFO] [1733755995.442951789] [fibonacci_action_server]: Feedback: [3]
[INFO] [1733755995.452871842] [fibonacci_action_server]: Feedback: [3]
[INFO] [1733755995.943148115] [fibonacci_action_server]: Feedback: [5]
[INFO] [1733755995.953044232] [fibonacci_action_server]: Feedback: [5]
[INFO] [1733755996.443307361] [fibonacci_action_server]: Feedback: [8]
[INFO] [1733755996.453099552] [fibonacci_action_server]: Feedback: [8]
[INFO] [1733755996.943513821] [fibonacci_action_server]: Feedback: [13]
[INFO] [1733755996.953237473] [fibonacci_action_server]: Feedback: [13]
[INFO] [1733755997.443677144] [fibonacci_action_server]: Feedback: [21]
[INFO] [1733755997.453323810] [fibonacci_action_server]: Feedback: [21]
[INFO] [1733755997.943892567] [fibonacci_action_server]: Feedback: [34]
[INFO] [1733755997.953451982] [fibonacci_action_server]: Feedback: [34]
[INFO] [1733755998.444105425] [fibonacci_action_server]: Feedback: [55]
[INFO] [1733755998.453582748] [fibonacci_action_server]: Feedback: [55]
[INFO] [1733755998.944336332] [fibonacci_action_server]: Goal succeeded
[INFO] [1733755998.944642191] [fibonacci_action_server]: Received goal request with order 10
[INFO] [1733755998.944743484] [fibonacci_action_server]: Executing goal...
[INFO] [1733755998.944790002] [fibonacci_action_server]: Feedback: [1]
[INFO] [1733755998.953734808] [fibonacci_action_server]: Goal succeeded
[INFO] [1733755998.953939358] [fibonacci_action_server]: Received goal request with order 10
[INFO] [1733755998.954026390] [fibonacci_action_server]: Executing goal...
[INFO] [1733755998.954074786] [fibonacci_action_server]: Feedback: [1]
[INFO] [1733755999.444916650] [fibonacci_action_server]: Feedback: [2]
[INFO] [1733755999.454212717] [fibonacci_action_server]: Feedback: [2]
[INFO] [1733755999.945135334] [fibonacci_action_server]: Feedback: [3]
[INFO] [1733755999.954388390] [fibonacci_action_server]: Feedback: [3]
[INFO] [1733756000.445355557] [fibonacci_action_server]: Feedback: [5]
[INFO] [1733756000.454551487] [fibonacci_action_server]: Feedback: [5]
[INFO] [1733756000.945570055] [fibonacci_action_server]: Feedback: [8]
[INFO] [1733756000.954730493] [fibonacci_action_server]: Feedback: [8]
[INFO] [1733756001.445757400] [fibonacci_action_server]: Feedback: [13]
[INFO] [1733756001.454855938] [fibonacci_action_server]: Feedback: [13]
[INFO] [1733756001.945903941] [fibonacci_action_server]: Feedback: [21]
[INFO] [1733756001.954965824] [fibonacci_action_server]: Feedback: [21]
[INFO] [1733756002.446069018] [fibonacci_action_server]: Feedback: [34]
[INFO] [1733756002.455109277] [fibonacci_action_server]: Feedback: [34]
[INFO] [1733756002.946235410] [fibonacci_action_server]: Feedback: [55]
[INFO] [1733756002.955227576] [fibonacci_action_server]: Feedback: [55]
[INFO] [1733756003.446453518] [fibonacci_action_server]: Goal succeeded
[INFO] [1733756003.446855601] [fibonacci_action_server]: Received goal request with order 10
[INFO] [1733756003.446948321] [fibonacci_action_server]: Executing goal...
[INFO] [1733756003.447005436] [fibonacci_action_server]: Feedback: [1]
[INFO] [1733756003.455313320] [fibonacci_action_server]: Goal succeeded
[INFO] [1733756003.455480018] [fibonacci_action_server]: Received goal request with order 10
[INFO] [1733756003.455562539] [fibonacci_action_server]: Executing goal...
[INFO] [1733756003.455607533] [fibonacci_action_server]: Feedback: [1]
[INFO] [1733756003.947163942] [fibonacci_action_server]: Feedback: [2]
[INFO] [1733756003.955705249] [fibonacci_action_server]: Feedback: [2]
[INFO] [1733756004.447320925] [fibonacci_action_server]: Feedback: [3]
[INFO] [1733756004.455778785] [fibonacci_action_server]: Feedback: [3]
[INFO] [1733756004.947534396] [fibonacci_action_server]: Feedback: [5]
[INFO] [1733756004.955903284] [fibonacci_action_server]: Feedback: [5]
[INFO] [1733756005.447742329] [fibonacci_action_server]: Feedback: [8]
[INFO] [1733756005.455997176] [fibonacci_action_server]: Feedback: [8]
[INFO] [1733756005.947910333] [fibonacci_action_server]: Feedback: [13]
[INFO] [1733756005.956119908] [fibonacci_action_server]: Feedback: [13]
[INFO] [1733756006.448082003] [fibonacci_action_server]: Feedback: [21]
[INFO] [1733756006.456277825] [fibonacci_action_server]: Feedback: [21]
[INFO] [1733756006.948259638] [fibonacci_action_server]: Feedback: [34]
[INFO] [1733756006.956418400] [fibonacci_action_server]: Feedback: [34]
[INFO] [1733756007.448456631] [fibonacci_action_server]: Feedback: [55]
[INFO] [1733756007.456524309] [fibonacci_action_server]: Feedback: [55]
[INFO] [1733756007.948701213] [fibonacci_action_server]: Goal succeeded
[INFO] [1733756007.948951200] [fibonacci_action_server]: Received goal request with order 10
[INFO] [1733756007.949078043] [fibonacci_action_server]: Executing goal...
[INFO] [1733756007.949135426] [fibonacci_action_server]: Feedback: [1]
[INFO] [1733756007.956647772] [fibonacci_action_server]: Goal succeeded
[INFO] [1733756007.956817579] [fibonacci_action_server]: Received goal request with order 10
[INFO] [1733756007.956929387] [fibonacci_action_server]: Executing goal...
[INFO] [1733756007.956969996] [fibonacci_action_server]: Feedback: [1]
[INFO] [1733756008.449270329] [fibonacci_action_server]: Feedback: [2]
[INFO] [1733756008.457096996] [fibonacci_action_server]: Feedback: [2]
[INFO] [1733756008.949464967] [fibonacci_action_server]: Feedback: [3]
[INFO] [1733756008.957260954] [fibonacci_action_server]: Feedback: [3]
[INFO] [1733756009.449641896] [fibonacci_action_server]: Feedback: [5]
[INFO] [1733756009.457407672] [fibonacci_action_server]: Feedback: [5]
[INFO] [1733756009.949820994] [fibonacci_action_server]: Feedback: [8]
[INFO] [1733756009.957537767] [fibonacci_action_server]: Feedback: [8]
[INFO] [1733756010.450053705] [fibonacci_action_server]: Feedback: [13]
[INFO] [1733756010.457638106] [fibonacci_action_server]: Feedback: [13]
[INFO] [1733756010.950225501] [fibonacci_action_server]: Feedback: [21]
[INFO] [1733756010.957772072] [fibonacci_action_server]: Feedback: [21]
[INFO] [1733756011.450389625] [fibonacci_action_server]: Feedback: [34]
[INFO] [1733756011.457911501] [fibonacci_action_server]: Feedback: [34]
[INFO] [1733756011.950580618] [fibonacci_action_server]: Feedback: [55]
[INFO] [1733756011.958017223] [fibonacci_action_server]: Feedback: [55]
[INFO] [1733756012.450799827] [fibonacci_action_server]: Goal succeeded
[INFO] [1733756012.451086263] [fibonacci_action_server]: Received goal request with order 10
[INFO] [1733756012.451192934] [fibonacci_action_server]: Executing goal...
[INFO] [1733756012.451243365] [fibonacci_action_server]: Feedback: [1]
[INFO] [1733756012.458155745] [fibonacci_action_server]: Goal succeeded
[INFO] [1733756012.458416723] [fibonacci_action_server]: Received goal request with order 10
[INFO] [1733756012.458576194] [fibonacci_action_server]: Executing goal...
[INFO] [1733756012.458621220] [fibonacci_action_server]: Feedback: [1]
[INFO] [1733756012.951397677] [fibonacci_action_server]: Feedback: [2]
[INFO] [1733756012.958713733] [fibonacci_action_server]: Feedback: [2]
[INFO] [1733756013.451577267] [fibonacci_action_server]: Feedback: [3]
[INFO] [1733756013.458806797] [fibonacci_action_server]: Feedback: [3]
[INFO] [1733756013.951741208] [fibonacci_action_server]: Feedback: [5]
[INFO] [1733756013.958950166] [fibonacci_action_server]: Feedback: [5]
[INFO] [1733756014.451898958] [fibonacci_action_server]: Feedback: [8]
[INFO] [1733756014.459092616] [fibonacci_action_server]: Feedback: [8]
[INFO] [1733756014.952094250] [fibonacci_action_server]: Feedback: [13]
[INFO] [1733756014.959229886] [fibonacci_action_server]: Feedback: [13]
[INFO] [1733756015.452269350] [fibonacci_action_server]: Feedback: [21]
[INFO] [1733756015.459342351] [fibonacci_action_server]: Feedback: [21]
[INFO] [1733756015.952490062] [fibonacci_action_server]: Feedback: [34]
[INFO] [1733756015.959502375] [fibonacci_action_server]: Feedback: [34]
[INFO] [1733756016.452724674] [fibonacci_action_server]: Feedback: [55]
[INFO] [1733756016.459684194] [fibonacci_action_server]: Feedback: [55]
[INFO] [1733756016.952961906] [fibonacci_action_server]: Goal succeeded
[INFO] [1733756016.953325739] [fibonacci_action_server]: Received goal request with order 10
[INFO] [1733756016.953432622] [fibonacci_action_server]: Executing goal...
[INFO] [1733756016.953478760] [fibonacci_action_server]: Feedback: [1]
[INFO] [1733756016.959822530] [fibonacci_action_server]: Goal succeeded
[INFO] [1733756016.960027480] [fibonacci_action_server]: Received goal request with order 10
[INFO] [1733756016.960114095] [fibonacci_action_server]: Executing goal...
[INFO] [1733756016.960161916] [fibonacci_action_server]: Feedback: [1]
[INFO] [1733756017.453608086] [fibonacci_action_server]: Feedback: [2]
[INFO] [1733756017.460297834] [fibonacci_action_server]: Feedback: [2]
[INFO] [1733756017.953778094] [fibonacci_action_server]: Feedback: [3]
[INFO] [1733756017.960399805] [fibonacci_action_server]: Feedback: [3]
[INFO] [1733756018.453913987] [fibonacci_action_server]: Feedback: [5]
[INFO] [1733756018.460508341] [fibonacci_action_server]: Feedback: [5]
[INFO] [1733756018.954083023] [fibonacci_action_server]: Feedback: [8]
[INFO] [1733756018.960653082] [fibonacci_action_server]: Feedback: [8]
[INFO] [1733756019.454282573] [fibonacci_action_server]: Feedback: [13]
[INFO] [1733756019.460834749] [fibonacci_action_server]: Feedback: [13]
[INFO] [1733756019.954442792] [fibonacci_action_server]: Feedback: [21]
[INFO] [1733756019.960942047] [fibonacci_action_server]: Feedback: [21]
[INFO] [1733756020.454604749] [fibonacci_action_server]: Feedback: [34]
[INFO] [1733756020.461052173] [fibonacci_action_server]: Feedback: [34]
[INFO] [1733756020.954812419] [fibonacci_action_server]: Feedback: [55]
[INFO] [1733756020.961145682] [fibonacci_action_server]: Feedback: [55]
[INFO] [1733756021.455065195] [fibonacci_action_server]: Goal succeeded
[INFO] [1733756021.455361041] [fibonacci_action_server]: Received goal request with order 10
[INFO] [1733756021.455464367] [fibonacci_action_server]: Executing goal...
[INFO] [1733756021.455513999] [fibonacci_action_server]: Feedback: [1]
[INFO] [1733756021.461292941] [fibonacci_action_server]: Goal succeeded
[INFO] [1733756021.461651300] [fibonacci_action_server]: Received goal request with order 10
[INFO] [1733756021.461748648] [fibonacci_action_server]: Executing goal...
[INFO] [1733756021.461795250] [fibonacci_action_server]: Feedback: [1]
[INFO] [1733756021.955654012] [fibonacci_action_server]: Feedback: [2]
[INFO] [1733756021.961930963] [fibonacci_action_server]: Feedback: [2]
[INFO] [1733756022.455865842] [fibonacci_action_server]: Feedback: [3]
[INFO] [1733756022.462070112] [fibonacci_action_server]: Feedback: [3]
[INFO] [1733756022.956062094] [fibonacci_action_server]: Feedback: [5]
[INFO] [1733756022.962167260] [fibonacci_action_server]: Feedback: [5]
[INFO] [1733756023.456287025] [fibonacci_action_server]: Feedback: [8]
[INFO] [1733756023.462349136] [fibonacci_action_server]: Feedback: [8]
[INFO] [1733756023.956537267] [fibonacci_action_server]: Feedback: [13]
[INFO] [1733756023.962466914] [fibonacci_action_server]: Feedback: [13]
[INFO] [1733756024.456776861] [fibonacci_action_server]: Feedback: [21]
[INFO] [1733756024.462646532] [fibonacci_action_server]: Feedback: [21]
[INFO] [1733756024.956966636] [fibonacci_action_server]: Feedback: [34]
[INFO] [1733756024.962808885] [fibonacci_action_server]: Feedback: [34]
[INFO] [1733756025.457169905] [fibonacci_action_server]: Feedback: [55]
[INFO] [1733756025.462932256] [fibonacci_action_server]: Feedback: [55]
[INFO] [1733756025.957411468] [fibonacci_action_server]: Goal succeeded
[INFO] [1733756025.957796308] [fibonacci_action_server]: Received goal request with order 10
[INFO] [1733756025.957898439] [fibonacci_action_server]: Executing goal...
[INFO] [1733756025.957954448] [fibonacci_action_server]: Feedback: [1]
[INFO] [1733756025.963020293] [fibonacci_action_server]: Goal succeeded
[INFO] [1733756025.963194918] [fibonacci_action_server]: Received goal request with order 10
[INFO] [1733756025.963286918] [fibonacci_action_server]: Executing goal...
[INFO] [1733756025.963327241] [fibonacci_action_server]: Feedback: [1]
[INFO] [1733756026.458107403] [fibonacci_action_server]: Feedback: [2]
[INFO] [1733756026.463464117] [fibonacci_action_server]: Feedback: [2]
[INFO] [1733756026.958286772] [fibonacci_action_server]: Feedback: [3]
[INFO] [1733756026.963618715] [fibonacci_action_server]: Feedback: [3]
[INFO] [1733756027.458451281] [fibonacci_action_server]: Feedback: [5]
[INFO] [1733756027.463760324] [fibonacci_action_server]: Feedback: [5]
[INFO] [1733756027.958614953] [fibonacci_action_server]: Feedback: [8]
[INFO] [1733756027.963875226] [fibonacci_action_server]: Feedback: [8]
[INFO] [1733756028.458778164] [fibonacci_action_server]: Feedback: [13]
[INFO] [1733756028.463979371] [fibonacci_action_server]: Feedback: [13]
[INFO] [1733756028.958957536] [fibonacci_action_server]: Feedback: [21]
[INFO] [1733756028.964116230] [fibonacci_action_server]: Feedback: [21]
[INFO] [1733756029.459175992] [fibonacci_action_server]: Feedback: [34]
[INFO] [1733756029.464245967] [fibonacci_action_server]: Feedback: [34]
[INFO] [1733756029.959407753] [fibonacci_action_server]: Feedback: [55]
[INFO] [1733756029.964345795] [fibonacci_action_server]: Feedback: [55]
[INFO] [1733756030.459624120] [fibonacci_action_server]: Goal succeeded
[INFO] [1733756030.459930528] [fibonacci_action_server]: Received goal request with order 10
[INFO] [1733756030.460064485] [fibonacci_action_server]: Executing goal...
[INFO] [1733756030.460112392] [fibonacci_action_server]: Feedback: [1]
[INFO] [1733756030.464473310] [fibonacci_action_server]: Goal succeeded
[INFO] [1733756030.464795732] [fibonacci_action_server]: Received goal request with order 10
[INFO] [1733756030.464881236] [fibonacci_action_server]: Executing goal...
[INFO] [1733756030.464922033] [fibonacci_action_server]: Feedback: [1]
[INFO] [1733756030.960245220] [fibonacci_action_server]: Feedback: [2]
[INFO] [1733756030.965030907] [fibonacci_action_server]: Feedback: [2]
[INFO] [1733756031.460409632] [fibonacci_action_server]: Feedback: [3]
[INFO] [1733756031.465194872] [fibonacci_action_server]: Feedback: [3]
[INFO] [1733756031.960595321] [fibonacci_action_server]: Feedback: [5]
[INFO] [1733756031.965380277] [fibonacci_action_server]: Feedback: [5]
[INFO] [1733756032.460807909] [fibonacci_action_server]: Feedback: [8]
[INFO] [1733756032.465567783] [fibonacci_action_server]: Feedback: [8]
[INFO] [1733756032.961027005] [fibonacci_action_server]: Feedback: [13]
[INFO] [1733756032.965699596] [fibonacci_action_server]: Feedback: [13]
[INFO] [1733756033.461225842] [fibonacci_action_server]: Feedback: [21]
[INFO] [1733756033.465796402] [fibonacci_action_server]: Feedback: [21]
[INFO] [1733756033.961418419] [fibonacci_action_server]: Feedback: [34]
[INFO] [1733756033.965898834] [fibonacci_action_server]: Feedback: [34]
[INFO] [1733756034.461608426] [fibonacci_action_server]: Feedback: [55]
[INFO] [1733756034.466036868] [fibonacci_action_server]: Feedback: [55]
[INFO] [1733756034.961817010] [fibonacci_action_server]: Goal succeeded
[INFO] [1733756034.962166152] [fibonacci_action_server]: Received goal request with order 10
[INFO] [1733756034.962266492] [fibonacci_action_server]: Executing goal...
[INFO] [1733756034.962321290] [fibonacci_action_server]: Feedback: [1]
[INFO] [1733756034.966261159] [fibonacci_action_server]: Goal succeeded
[INFO] [1733756034.966563422] [fibonacci_action_server]: Received goal request with order 10
[INFO] [1733756034.966682042] [fibonacci_action_server]: Executing goal...
[INFO] [1733756034.966786673] [fibonacci_action_server]: Feedback: [1]
[INFO] [1733756035.462453536] [fibonacci_action_server]: Feedback: [2]
[INFO] [1733756035.466883362] [fibonacci_action_server]: Feedback: [2]
[INFO] [1733756035.962627592] [fibonacci_action_server]: Feedback: [3]
[INFO] [1733756035.966989476] [fibonacci_action_server]: Feedback: [3]
[INFO] [1733756036.462765789] [fibonacci_action_server]: Feedback: [5]
[INFO] [1733756036.467092446] [fibonacci_action_server]: Feedback: [5]
[INFO] [1733756036.963005553] [fibonacci_action_server]: Feedback: [8]
[INFO] [1733756036.967197570] [fibonacci_action_server]: Feedback: [8]
[INFO] [1733756037.463197228] [fibonacci_action_server]: Feedback: [13]
[INFO] [1733756037.467365639] [fibonacci_action_server]: Feedback: [13]
[INFO] [1733756037.963356552] [fibonacci_action_server]: Feedback: [21]
[INFO] [1733756037.967576861] [fibonacci_action_server]: Feedback: [21]
[INFO] [1733756038.463543209] [fibonacci_action_server]: Feedback: [34]
[INFO] [1733756038.467701452] [fibonacci_action_server]: Feedback: [34]
[INFO] [1733756038.963721186] [fibonacci_action_server]: Feedback: [55]
[INFO] [1733756038.967793516] [fibonacci_action_server]: Feedback: [55]
[INFO] [1733756039.463926490] [fibonacci_action_server]: Goal succeeded
[INFO] [1733756039.464224157] [fibonacci_action_server]: Received goal request with order 10
[INFO] [1733756039.464357193] [fibonacci_action_server]: Executing goal...
[INFO] [1733756039.464409643] [fibonacci_action_server]: Feedback: [1]
[INFO] [1733756039.467997718] [fibonacci_action_server]: Goal succeeded
[INFO] [1733756039.468226113] [fibonacci_action_server]: Received goal request with order 10
[INFO] [1733756039.468338709] [fibonacci_action_server]: Executing goal...
[INFO] [1733756039.468397249] [fibonacci_action_server]: Feedback: [1]
[INFO] [1733756039.964589299] [fibonacci_action_server]: Feedback: [2]
[INFO] [1733756039.968541034] [fibonacci_action_server]: Feedback: [2]
[INFO] [1733756040.464786583] [fibonacci_action_server]: Feedback: [3]
[INFO] [1733756040.468794305] [fibonacci_action_server]: Feedback: [3]
[INFO] [1733756040.965011759] [fibonacci_action_server]: Feedback: [5]
[INFO] [1733756040.969046719] [fibonacci_action_server]: Feedback: [5]
[INFO] [1733756041.465154275] [fibonacci_action_server]: Feedback: [8]
[INFO] [1733756041.469155135] [fibonacci_action_server]: Feedback: [8]
[INFO] [1733756041.965280462] [fibonacci_action_server]: Feedback: [13]
[INFO] [1733756041.969270243] [fibonacci_action_server]: Feedback: [13]
[INFO] [1733756042.465481943] [fibonacci_action_server]: Feedback: [21]
[INFO] [1733756042.469382143] [fibonacci_action_server]: Feedback: [21]
[INFO] [1733756042.965671252] [fibonacci_action_server]: Feedback: [34]
[INFO] [1733756042.969484110] [fibonacci_action_server]: Feedback: [34]
[INFO] [1733756043.465844608] [fibonacci_action_server]: Feedback: [55]
[INFO] [1733756043.469625199] [fibonacci_action_server]: Feedback: [55]
[INFO] [1733756043.966084165] [fibonacci_action_server]: Goal succeeded
[INFO] [1733756043.966331036] [fibonacci_action_server]: Received goal request with order 10
[INFO] [1733756043.966431434] [fibonacci_action_server]: Executing goal...
[INFO] [1733756043.966478808] [fibonacci_action_server]: Feedback: [1]
[INFO] [1733756043.969818008] [fibonacci_action_server]: Goal succeeded
[INFO] [1733756043.969987890] [fibonacci_action_server]: Received goal request with order 10
[INFO] [1733756043.970076616] [fibonacci_action_server]: Executing goal...
[INFO] [1733756043.970122392] [fibonacci_action_server]: Feedback: [1]
[INFO] [1733756044.466648599] [fibonacci_action_server]: Feedback: [2]
[INFO] [1733756044.470218095] [fibonacci_action_server]: Feedback: [2]
[INFO] [1733756044.966855605] [fibonacci_action_server]: Feedback: [3]
[INFO] [1733756044.970313557] [fibonacci_action_server]: Feedback: [3]
[INFO] [1733756045.467021692] [fibonacci_action_server]: Feedback: [5]
[INFO] [1733756045.470471269] [fibonacci_action_server]: Feedback: [5]
[INFO] [1733756045.967221377] [fibonacci_action_server]: Feedback: [8]
[INFO] [1733756045.970646419] [fibonacci_action_server]: Feedback: [8]
[INFO] [1733756046.467449789] [fibonacci_action_server]: Feedback: [13]
[INFO] [1733756046.470773639] [fibonacci_action_server]: Feedback: [13]
[INFO] [1733756046.967653534] [fibonacci_action_server]: Feedback: [21]
[INFO] [1733756046.970869565] [fibonacci_action_server]: Feedback: [21]
[INFO] [1733756047.467825380] [fibonacci_action_server]: Feedback: [34]
[INFO] [1733756047.470988082] [fibonacci_action_server]: Feedback: [34]
[INFO] [1733756047.968052080] [fibonacci_action_server]: Feedback: [55]
[INFO] [1733756047.971106921] [fibonacci_action_server]: Feedback: [55]
[INFO] [1733756048.468254828] [fibonacci_action_server]: Goal succeeded
[INFO] [1733756048.468636775] [fibonacci_action_server]: Received goal request with order 10
[INFO] [1733756048.468823871] [fibonacci_action_server]: Executing goal...
[INFO] [1733756048.468876136] [fibonacci_action_server]: Feedback: [1]
[INFO] [1733756048.471229639] [fibonacci_action_server]: Goal succeeded
[INFO] [1733756048.471419474] [fibonacci_action_server]: Received goal request with order 10
[INFO] [1733756048.471503283] [fibonacci_action_server]: Executing goal...
[INFO] [1733756048.471547478] [fibonacci_action_server]: Feedback: [1]
[INFO] [1733756048.969035957] [fibonacci_action_server]: Feedback: [2]
[INFO] [1733756048.971640962] [fibonacci_action_server]: Feedback: [2]
[INFO] [1733756049.469233830] [fibonacci_action_server]: Feedback: [3]
[INFO] [1733756049.471743908] [fibonacci_action_server]: Feedback: [3]
[INFO] [1733756049.969385876] [fibonacci_action_server]: Feedback: [5]
[INFO] [1733756049.971820126] [fibonacci_action_server]: Feedback: [5]
[INFO] [1733756050.469570230] [fibonacci_action_server]: Feedback: [8]
[INFO] [1733756050.471959024] [fibonacci_action_server]: Feedback: [8]
[INFO] [1733756050.969762506] [fibonacci_action_server]: Feedback: [13]
[INFO] [1733756050.972085814] [fibonacci_action_server]: Feedback: [13]
[INFO] [1733756051.469942688] [fibonacci_action_server]: Feedback: [21]
[INFO] [1733756051.472219685] [fibonacci_action_server]: Feedback: [21]
[INFO] [1733756051.970146983] [fibonacci_action_server]: Feedback: [34]
[INFO] [1733756051.972321043] [fibonacci_action_server]: Feedback: [34]
[INFO] [1733756052.470311970] [fibonacci_action_server]: Feedback: [55]
[INFO] [1733756052.472425291] [fibonacci_action_server]: Feedback: [55]
[INFO] [1733756052.970582781] [fibonacci_action_server]: Goal succeeded
[INFO] [1733756052.970817587] [fibonacci_action_server]: Received goal request with order 10
[INFO] [1733756052.970928943] [fibonacci_action_server]: Executing goal...
[INFO] [1733756052.970974270] [fibonacci_action_server]: Feedback: [1]
[INFO] [1733756052.972553506] [fibonacci_action_server]: Goal succeeded
[INFO] [1733756052.972711794] [fibonacci_action_server]: Received goal request with order 10
[INFO] [1733756052.972790928] [fibonacci_action_server]: Executing goal...
[INFO] [1733756052.972837793] [fibonacci_action_server]: Feedback: [1]
[INFO] [1733756053.471113014] [fibonacci_action_server]: Feedback: [2]
[INFO] [1733756053.472989240] [fibonacci_action_server]: Feedback: [2]
[INFO] [1733756053.971337528] [fibonacci_action_server]: Feedback: [3]
[INFO] [1733756053.973181847] [fibonacci_action_server]: Feedback: [3]
[INFO] [1733756054.471517012] [fibonacci_action_server]: Feedback: [5]
[INFO] [1733756054.473288787] [fibonacci_action_server]: Feedback: [5]
[INFO] [1733756054.971679672] [fibonacci_action_server]: Feedback: [8]
[INFO] [1733756054.973442858] [fibonacci_action_server]: Feedback: [8]
[INFO] [1733756055.471881704] [fibonacci_action_server]: Feedback: [13]
[INFO] [1733756055.473592414] [fibonacci_action_server]: Feedback: [13]
[INFO] [1733756055.972029303] [fibonacci_action_server]: Feedback: [21]
[INFO] [1733756055.973727535] [fibonacci_action_server]: Feedback: [21]
[INFO] [1733756056.472193073] [fibonacci_action_server]: Feedback: [34]
[INFO] [1733756056.473870251] [fibonacci_action_server]: Feedback: [34]
[INFO] [1733756056.972358709] [fibonacci_action_server]: Feedback: [55]
[INFO] [1733756056.973997967] [fibonacci_action_server]: Feedback: [55]
[INFO] [1733756057.472595183] [fibonacci_action_server]: Goal succeeded
[INFO] [1733756057.472893695] [fibonacci_action_server]: Received goal request with order 10
[INFO] [1733756057.473018349] [fibonacci_action_server]: Executing goal...
[INFO] [1733756057.473071509] [fibonacci_action_server]: Feedback: [1]
[INFO] [1733756057.474150988] [fibonacci_action_server]: Goal succeeded
[INFO] [1733756057.474373615] [fibonacci_action_server]: Received goal request with order 10
[INFO] [1733756057.474503986] [fibonacci_action_server]: Executing goal...
[INFO] [1733756057.474585472] [fibonacci_action_server]: Feedback: [1]
[INFO] [1733756057.973206669] [fibonacci_action_server]: Feedback: [2]
[INFO] [1733756057.974726301] [fibonacci_action_server]: Feedback: [2]
[INFO] [1733756058.473362631] [fibonacci_action_server]: Feedback: [3]
[INFO] [1733756058.474844075] [fibonacci_action_server]: Feedback: [3]
[INFO] [1733756058.973506747] [fibonacci_action_server]: Feedback: [5]
[INFO] [1733756058.974952014] [fibonacci_action_server]: Feedback: [5]
[INFO] [1733756059.473659167] [fibonacci_action_server]: Feedback: [8]
[INFO] [1733756059.475060542] [fibonacci_action_server]: Feedback: [8]
[INFO] [1733756059.973882061] [fibonacci_action_server]: Feedback: [13]
[INFO] [1733756059.975223860] [fibonacci_action_server]: Feedback: [13]
[INFO] [1733756060.474108555] [fibonacci_action_server]: Feedback: [21]
[INFO] [1733756060.475373050] [fibonacci_action_server]: Feedback: [21]
[INFO] [1733756060.974312853] [fibonacci_action_server]: Feedback: [34]
[INFO] [1733756060.975498629] [fibonacci_action_server]: Feedback: [34]
[INFO] [1733756061.474479717] [fibonacci_action_server]: Feedback: [55]
[INFO] [1733756061.475637461] [fibonacci_action_server]: Feedback: [55]
[INFO] [1733756061.974720572] [fibonacci_action_server]: Goal succeeded
[INFO] [1733756061.975042483] [fibonacci_action_server]: Received goal request with order 10
[INFO] [1733756061.975150348] [fibonacci_action_server]: Executing goal...
[INFO] [1733756061.975210072] [fibonacci_action_server]: Feedback: [1]
[INFO] [1733756061.975782528] [fibonacci_action_server]: Goal succeeded
[INFO] [1733756061.976001902] [fibonacci_action_server]: Received goal request with order 10
[INFO] [1733756061.976133704] [fibonacci_action_server]: Executing goal...
[INFO] [1733756061.976226978] [fibonacci_action_server]: Feedback: [1]
[INFO] [1733756062.475344035] [fibonacci_action_server]: Feedback: [2]
[INFO] [1733756062.476326277] [fibonacci_action_server]: Feedback: [2]
[INFO] [1733756062.975535056] [fibonacci_action_server]: Feedback: [3]
[INFO] [1733756062.976476189] [fibonacci_action_server]: Feedback: [3]
[INFO] [1733756063.475771101] [fibonacci_action_server]: Feedback: [5]
[INFO] [1733756063.476613693] [fibonacci_action_server]: Feedback: [5]
[INFO] [1733756063.975942012] [fibonacci_action_server]: Feedback: [8]
[INFO] [1733756063.976738768] [fibonacci_action_server]: Feedback: [8]
[INFO] [1733756064.476111718] [fibonacci_action_server]: Feedback: [13]
[INFO] [1733756064.476863241] [fibonacci_action_server]: Feedback: [13]
[INFO] [1733756064.976273541] [fibonacci_action_server]: Feedback: [21]
[INFO] [1733756064.976976991] [fibonacci_action_server]: Feedback: [21]
[INFO] [1733756065.476495932] [fibonacci_action_server]: Feedback: [34]
[INFO] [1733756065.477128862] [fibonacci_action_server]: Feedback: [34]
[INFO] [1733756065.976692643] [fibonacci_action_server]: Feedback: [55]
[INFO] [1733756065.977285668] [fibonacci_action_server]: Feedback: [55]
[INFO] [1733756066.476907757] [fibonacci_action_server]: Goal succeeded
[INFO] [1733756066.477201582] [fibonacci_action_server]: Received goal request with order 10
[INFO] [1733756066.477334464] [fibonacci_action_server]: Executing goal...
[INFO] [1733756066.477379896] [fibonacci_action_server]: Feedback: [1]
[INFO] [1733756066.477431317] [fibonacci_action_server]: Goal succeeded
[INFO] [1733756066.477657437] [fibonacci_action_server]: Received goal request with order 10
[INFO] [1733756066.477753499] [fibonacci_action_server]: Executing goal...
[INFO] [1733756066.477791763] [fibonacci_action_server]: Feedback: [1]
[INFO] [1733756066.977516671] [fibonacci_action_server]: Feedback: [2]
[INFO] [1733756066.977892475] [fibonacci_action_server]: Feedback: [2]
[INFO] [1733756067.477708983] [fibonacci_action_server]: Feedback: [3]
[INFO] [1733756067.478000436] [fibonacci_action_server]: Feedback: [3]
[INFO] [1733756067.977900881] [fibonacci_action_server]: Feedback: [5]
[INFO] [1733756067.978095005] [fibonacci_action_server]: Feedback: [5]
[INFO] [1733756068.478072898] [fibonacci_action_server]: Feedback: [8]
[INFO] [1733756068.478192401] [fibonacci_action_server]: Feedback: [8]
[INFO] [1733756068.978244452] [fibonacci_action_server]: Feedback: [13]
[INFO] [1733756068.978299125] [fibonacci_action_server]: Feedback: [13]
[INFO] [1733756069.478409006] [fibonacci_action_server]: Feedback: [21]
[INFO] [1733756069.478456659] [fibonacci_action_server]: Feedback: [21]
[INFO] [1733756069.978618935] [fibonacci_action_server]: Feedback: [34]
[INFO] [1733756069.978662168] [fibonacci_action_server]: Feedback: [34]
[INFO] [1733756070.478845914] [fibonacci_action_server]: Feedback: [55]
[INFO] [1733756070.478890287] [fibonacci_action_server]: Feedback: [55]
[INFO] [1733756070.979174967] [fibonacci_action_server]: Goal succeeded
[INFO] [1733756070.979248195] [fibonacci_action_server]: Goal succeeded
[INFO] [1733756070.979520032] [fibonacci_action_server]: Received goal request with order 10
[INFO] [1733756070.979634078] [fibonacci_action_server]: Received goal request with order 10
[INFO] [1733756070.979670686] [fibonacci_action_server]: Executing goal...
[INFO] [1733756070.979709551] [fibonacci_action_server]: Executing goal...
[INFO] [1733756070.979728612] [fibonacci_action_server]: Feedback: [1]
[INFO] [1733756070.979760659] [fibonacci_action_server]: Feedback: [1]
[INFO] [1733756071.479871746] [fibonacci_action_server]: Feedback: [2]
[INFO] [1733756071.479893023] [fibonacci_action_server]: Feedback: [2]
[INFO] [1733756071.980032359] [fibonacci_action_server]: Feedback: [3]
[INFO] [1733756071.980057083] [fibonacci_action_server]: Feedback: [3]
[INFO] [1733756072.480208756] [fibonacci_action_server]: Feedback: [5]
[INFO] [1733756072.480243488] [fibonacci_action_server]: Feedback: [5]
[INFO] [1733756072.980411800] [fibonacci_action_server]: Feedback: [8]
[INFO] [1733756072.980428794] [fibonacci_action_server]: Feedback: [8]
[INFO] [1733756073.480581966] [fibonacci_action_server]: Feedback: [13]
[INFO] [1733756073.480598864] [fibonacci_action_server]: Feedback: [13]
[INFO] [1733756073.980732901] [fibonacci_action_server]: Feedback: [21]
[INFO] [1733756073.980752421] [fibonacci_action_server]: Feedback: [21]
[INFO] [1733756074.480926380] [fibonacci_action_server]: Feedback: [34]
[INFO] [1733756074.480998394] [fibonacci_action_server]: Feedback: [34]
[INFO] [1733756074.981130988] [fibonacci_action_server]: Feedback: [55]
[INFO] [1733756074.981149172] [fibonacci_action_server]: Feedback: [55]
[INFO] [1733756075.481357397] [fibonacci_action_server]: Goal succeeded
[INFO] [1733756075.481420114] [fibonacci_action_server]: Goal succeeded
[INFO] [1733756075.481608666] [fibonacci_action_server]: Received goal request with order 10
[INFO] [1733756075.481725726] [fibonacci_action_server]: Executing goal...
[INFO] [1733756075.481746354] [fibonacci_action_server]: Received goal request with order 10
[INFO] [1733756075.481764452] [fibonacci_action_server]: Feedback: [1]
[INFO] [1733756075.481839971] [fibonacci_action_server]: Executing goal...
[INFO] [1733756075.481900217] [fibonacci_action_server]: Feedback: [1]
[INFO] [1733756075.981910956] [fibonacci_action_server]: Feedback: [2]
[INFO] [1733756075.982015303] [fibonacci_action_server]: Feedback: [2]
[INFO] [1733756076.482115307] [fibonacci_action_server]: Feedback: [3]
[INFO] [1733756076.482147712] [fibonacci_action_server]: Feedback: [3]
[INFO] [1733756076.982333500] [fibonacci_action_server]: Feedback: [5]
[INFO] [1733756076.982353445] [fibonacci_action_server]: Feedback: [5]
[INFO] [1733756077.482468106] [fibonacci_action_server]: Feedback: [8]
[INFO] [1733756077.482555905] [fibonacci_action_server]: Feedback: [8]
[INFO] [1733756077.982681819] [fibonacci_action_server]: Feedback: [13]
[INFO] [1733756077.982703358] [fibonacci_action_server]: Feedback: [13]
[INFO] [1733756078.482849258] [fibonacci_action_server]: Feedback: [21]
[INFO] [1733756078.482912416] [fibonacci_action_server]: Feedback: [21]
[INFO] [1733756078.983037164] [fibonacci_action_server]: Feedback: [34]
[INFO] [1733756078.983058612] [fibonacci_action_server]: Feedback: [34]
[INFO] [1733756079.483210024] [fibonacci_action_server]: Feedback: [55]
[INFO] [1733756079.483224777] [fibonacci_action_server]: Feedback: [55]
[INFO] [1733756079.983476932] [fibonacci_action_server]: Goal succeeded
[INFO] [1733756079.983536092] [fibonacci_action_server]: Goal succeeded
[INFO] [1733756079.983727177] [fibonacci_action_server]: Received goal request with order 10
[INFO] [1733756079.983822038] [fibonacci_action_server]: Executing goal...
[INFO] [1733756079.983842401] [fibonacci_action_server]: Received goal request with order 10
[INFO] [1733756079.983873690] [fibonacci_action_server]: Feedback: [1]
[INFO] [1733756079.983932993] [fibonacci_action_server]: Executing goal...
[INFO] [1733756079.983975095] [fibonacci_action_server]: Feedback: [1]
[INFO] [1733756080.484061160] [fibonacci_action_server]: Feedback: [2]
[INFO] [1733756080.484076427] [fibonacci_action_server]: Feedback: [2]
[INFO] [1733756080.984253671] [fibonacci_action_server]: Feedback: [3]
[INFO] [1733756080.984277048] [fibonacci_action_server]: Feedback: [3]
[INFO] [1733756081.484472505] [fibonacci_action_server]: Feedback: [5]
[INFO] [1733756081.484529621] [fibonacci_action_server]: Feedback: [5]
[INFO] [1733756081.984677020] [fibonacci_action_server]: Feedback: [8]
[INFO] [1733756081.984704081] [fibonacci_action_server]: Feedback: [8]
[INFO] [1733756082.484887424] [fibonacci_action_server]: Feedback: [13]
[INFO] [1733756082.484914168] [fibonacci_action_server]: Feedback: [13]
[INFO] [1733756082.985096253] [fibonacci_action_server]: Feedback: [21]
[INFO] [1733756082.985109553] [fibonacci_action_server]: Feedback: [21]
[INFO] [1733756083.485259626] [fibonacci_action_server]: Feedback: [34]
[INFO] [1733756083.485273790] [fibonacci_action_server]: Feedback: [34]
[INFO] [1733756083.985449645] [fibonacci_action_server]: Feedback: [55]
[INFO] [1733756083.985467693] [fibonacci_action_server]: Feedback: [55]
[INFO] [1733756084.485692179] [fibonacci_action_server]: Goal succeeded
[INFO] [1733756084.485755539] [fibonacci_action_server]: Goal succeeded
[INFO] [1733756084.486013729] [fibonacci_action_server]: Received goal request with order 10
[INFO] [1733756084.486151846] [fibonacci_action_server]: Executing goal...
[INFO] [1733756084.486172230] [fibonacci_action_server]: Received goal request with order 10
[INFO] [1733756084.486206407] [fibonacci_action_server]: Feedback: [1]
[INFO] [1733756084.486280655] [fibonacci_action_server]: Executing goal...
[INFO] [1733756084.486343229] [fibonacci_action_server]: Feedback: [1]
[INFO] [1733756084.986362166] [fibonacci_action_server]: Feedback: [2]
[INFO] [1733756084.986448412] [fibonacci_action_server]: Feedback: [2]
[INFO] [1733756085.486518279] [fibonacci_action_server]: Feedback: [3]
[INFO] [1733756085.486564422] [fibonacci_action_server]: Feedback: [3]
[INFO] [1733756085.986670561] [fibonacci_action_server]: Feedback: [5]
[INFO] [1733756085.986685096] [fibonacci_action_server]: Feedback: [5]
[INFO] [1733756086.486902015] [fibonacci_action_server]: Feedback: [8]
[INFO] [1733756086.486984442] [fibonacci_action_server]: Feedback: [8]
[INFO] [1733756086.987095883] [fibonacci_action_server]: Feedback: [13]
[INFO] [1733756086.987126870] [fibonacci_action_server]: Feedback: [13]
[INFO] [1733756087.487273701] [fibonacci_action_server]: Feedback: [21]
[INFO] [1733756087.487338188] [fibonacci_action_server]: Feedback: [21]
[INFO] [1733756087.987460579] [fibonacci_action_server]: Feedback: [34]
[INFO] [1733756087.987499353] [fibonacci_action_server]: Feedback: [34]
[INFO] [1733756088.487670783] [fibonacci_action_server]: Feedback: [55]
[INFO] [1733756088.487688583] [fibonacci_action_server]: Feedback: [55]
[INFO] [1733756088.987912613] [fibonacci_action_server]: Goal succeeded
[INFO] [1733756088.987973303] [fibonacci_action_server]: Goal succeeded
[INFO] [1733756088.988172336] [fibonacci_action_server]: Received goal request with order 10
[INFO] [1733756088.988271648] [fibonacci_action_server]: Executing goal...
[INFO] [1733756088.988292128] [fibonacci_action_server]: Received goal request with order 10
[INFO] [1733756088.988310914] [fibonacci_action_server]: Feedback: [1]
[INFO] [1733756088.988383254] [fibonacci_action_server]: Executing goal...
[INFO] [1733756088.988441043] [fibonacci_action_server]: Feedback: [1]
[INFO] [1733756089.488477378] [fibonacci_action_server]: Feedback: [2]
[INFO] [1733756089.488551322] [fibonacci_action_server]: Feedback: [2]
[INFO] [1733756089.988682358] [fibonacci_action_server]: Feedback: [3]
[INFO] [1733756089.988708683] [fibonacci_action_server]: Feedback: [3]
[INFO] [1733756090.488808962] [fibonacci_action_server]: Feedback: [5]
[INFO] [1733756090.488862399] [fibonacci_action_server]: Feedback: [5]
[INFO] [1733756090.988980687] [fibonacci_action_server]: Feedback: [8]
[INFO] [1733756090.988994297] [fibonacci_action_server]: Feedback: [8]
[INFO] [1733756091.489168867] [fibonacci_action_server]: Feedback: [13]
[INFO] [1733756091.489226547] [fibonacci_action_server]: Feedback: [13]
[INFO] [1733756091.989354887] [fibonacci_action_server]: Feedback: [21]
[INFO] [1733756091.989377848] [fibonacci_action_server]: Feedback: [21]
[INFO] [1733756092.489526247] [fibonacci_action_server]: Feedback: [34]
[INFO] [1733756092.489583178] [fibonacci_action_server]: Feedback: [34]
[INFO] [1733756092.989718900] [fibonacci_action_server]: Feedback: [55]
[INFO] [1733756092.989737671] [fibonacci_action_server]: Feedback: [55]
[INFO] [1733756093.489941403] [fibonacci_action_server]: Goal succeeded
[INFO] [1733756093.490049239] [fibonacci_action_server]: Goal succeeded
[INFO] [1733756093.490345667] [fibonacci_action_server]: Received goal request with order 10
[INFO] [1733756093.490451121] [fibonacci_action_server]: Executing goal...
[INFO] [1733756093.490470150] [fibonacci_action_server]: Received goal request with order 10
[INFO] [1733756093.490503095] [fibonacci_action_server]: Feedback: [1]
[INFO] [1733756093.490583771] [fibonacci_action_server]: Executing goal...
[INFO] [1733756093.490629216] [fibonacci_action_server]: Feedback: [1]
[INFO] [1733756093.990652494] [fibonacci_action_server]: Feedback: [2]
[INFO] [1733756093.990759933] [fibonacci_action_server]: Feedback: [2]
[INFO] [1733756094.490835005] [fibonacci_action_server]: Feedback: [3]
[INFO] [1733756094.490872057] [fibonacci_action_server]: Feedback: [3]
[INFO] [1733756094.990971607] [fibonacci_action_server]: Feedback: [5]
[INFO] [1733756094.991014037] [fibonacci_action_server]: Feedback: [5]
[INFO] [1733756095.491183745] [fibonacci_action_server]: Feedback: [8]
[INFO] [1733756095.491260038] [fibonacci_action_server]: Feedback: [8]
[INFO] [1733756095.991408197] [fibonacci_action_server]: Feedback: [13]
[INFO] [1733756095.991429290] [fibonacci_action_server]: Feedback: [13]
[INFO] [1733756096.491605019] [fibonacci_action_server]: Feedback: [21]
[INFO] [1733756096.491677657] [fibonacci_action_server]: Feedback: [21]
[INFO] [1733756096.991787751] [fibonacci_action_server]: Feedback: [34]
[INFO] [1733756096.991825031] [fibonacci_action_server]: Feedback: [34]
[INFO] [1733756097.492019279] [fibonacci_action_server]: Feedback: [55]
[INFO] [1733756097.492036234] [fibonacci_action_server]: Feedback: [55]
[INFO] [1733756097.992280474] [fibonacci_action_server]: Goal succeeded
[INFO] [1733756097.992378536] [fibonacci_action_server]: Goal succeeded
[INFO] [1733756097.992861090] [fibonacci_action_server]: Received goal request with order 10
[INFO] [1733756097.993050510] [fibonacci_action_server]: Received goal request with order 10
[INFO] [1733756097.993206385] [fibonacci_action_server]: Executing goal...
[INFO] [1733756097.993237701] [fibonacci_action_server]: Executing goal...
[INFO] [1733756097.993367527] [fibonacci_action_server]: Feedback: [1]
[INFO] [1733756097.993537759] [fibonacci_action_server]: Feedback: [1]
[INFO] [1733756098.493561144] [fibonacci_action_server]: Feedback: [2]
[INFO] [1733756098.493655528] [fibonacci_action_server]: Feedback: [2]
[INFO] [1733756098.993727851] [fibonacci_action_server]: Feedback: [3]
[INFO] [1733756098.993753597] [fibonacci_action_server]: Feedback: [3]
[INFO] [1733756099.493914701] [fibonacci_action_server]: Feedback: [5]
[INFO] [1733756099.493945691] [fibonacci_action_server]: Feedback: [5]
[INFO] [1733756099.994132355] [fibonacci_action_server]: Feedback: [8]
[INFO] [1733756099.994230221] [fibonacci_action_server]: Feedback: [8]
[INFO] [1733756100.494319365] [fibonacci_action_server]: Feedback: [13]
[INFO] [1733756100.494403946] [fibonacci_action_server]: Feedback: [13]
[INFO] [1733756100.994553756] [fibonacci_action_server]: Feedback: [21]
[INFO] [1733756100.994647815] [fibonacci_action_server]: Feedback: [21]
[INFO] [1733756101.494781872] [fibonacci_action_server]: Feedback: [34]
[INFO] [1733756101.494860848] [fibonacci_action_server]: Feedback: [34]
[INFO] [1733756101.994953812] [fibonacci_action_server]: Feedback: [55]
[INFO] [1733756101.995009390] [fibonacci_action_server]: Feedback: [55]
[INFO] [1733756102.495194629] [fibonacci_action_server]: Goal succeeded
[INFO] [1733756102.495273143] [fibonacci_action_server]: Goal succeeded
[INFO] [1733756102.495526347] [fibonacci_action_server]: Received goal request with order 10
[INFO] [1733756102.495607709] [fibonacci_action_server]: Executing goal...
[INFO] [1733756102.495632936] [fibonacci_action_server]: Received goal request with order 10
[INFO] [1733756102.495669070] [fibonacci_action_server]: Feedback: [1]
[INFO] [1733756102.495740492] [fibonacci_action_server]: Executing goal...
[INFO] [1733756102.495789333] [fibonacci_action_server]: Feedback: [1]
[INFO] [1733756102.995823564] [fibonacci_action_server]: Feedback: [2]
[INFO] [1733756102.995871607] [fibonacci_action_server]: Feedback: [2]
[INFO] [1733756103.495998829] [fibonacci_action_server]: Feedback: [3]
[INFO] [1733756103.496013413] [fibonacci_action_server]: Feedback: [3]
[INFO] [1733756103.996161758] [fibonacci_action_server]: Feedback: [5]
[INFO] [1733756103.996181038] [fibonacci_action_server]: Feedback: [5]
[INFO] [1733756104.496375272] [fibonacci_action_server]: Feedback: [8]
[INFO] [1733756104.496441340] [fibonacci_action_server]: Feedback: [8]
[INFO] [1733756104.996514482] [fibonacci_action_server]: Feedback: [13]
[INFO] [1733756104.997246749] [fibonacci_action_server]: Feedback: [13]
[INFO] [1733756105.496671406] [fibonacci_action_server]: Feedback: [21]
[INFO] [1733756105.497356571] [fibonacci_action_server]: Feedback: [21]
[INFO] [1733756105.996860621] [fibonacci_action_server]: Feedback: [34]
[INFO] [1733756105.997493754] [fibonacci_action_server]: Feedback: [34]
[INFO] [1733756106.497037882] [fibonacci_action_server]: Feedback: [55]
[INFO] [1733756106.497594858] [fibonacci_action_server]: Feedback: [55]
[INFO] [1733756106.997301202] [fibonacci_action_server]: Goal succeeded
[INFO] [1733756106.997597395] [fibonacci_action_server]: Received goal request with order 10
[INFO] [1733756106.997694367] [fibonacci_action_server]: Executing goal...
[INFO] [1733756106.997738229] [fibonacci_action_server]: Goal succeeded
[INFO] [1733756106.997761669] [fibonacci_action_server]: Feedback: [1]
[INFO] [1733756106.998109698] [fibonacci_action_server]: Received goal request with order 10
[INFO] [1733756106.998182898] [fibonacci_action_server]: Executing goal...
[INFO] [1733756106.998225201] [fibonacci_action_server]: Feedback: [1]
[INFO] [1733756107.497892102] [fibonacci_action_server]: Feedback: [2]
[INFO] [1733756107.498322314] [fibonacci_action_server]: Feedback: [2]
[INFO] [1733756107.998055262] [fibonacci_action_server]: Feedback: [3]
[INFO] [1733756107.998424038] [fibonacci_action_server]: Feedback: [3]
[INFO] [1733756108.498211507] [fibonacci_action_server]: Feedback: [5]
[INFO] [1733756108.498559108] [fibonacci_action_server]: Feedback: [5]
[INFO] [1733756108.998408699] [fibonacci_action_server]: Feedback: [8]
[INFO] [1733756108.998657009] [fibonacci_action_server]: Feedback: [8]
[INFO] [1733756109.498576468] [fibonacci_action_server]: Feedback: [13]
[INFO] [1733756109.498754106] [fibonacci_action_server]: Feedback: [13]
[INFO] [1733756109.998720824] [fibonacci_action_server]: Feedback: [21]
[INFO] [1733756109.998867896] [fibonacci_action_server]: Feedback: [21]
[INFO] [1733756110.498924860] [fibonacci_action_server]: Feedback: [34]
[INFO] [1733756110.498988254] [fibonacci_action_server]: Feedback: [34]
[INFO] [1733756110.999098644] [fibonacci_action_server]: Feedback: [55]
[INFO] [1733756110.999126829] [fibonacci_action_server]: Feedback: [55]
[INFO] [1733756111.499305486] [fibonacci_action_server]: Goal succeeded
[INFO] [1733756111.499356196] [fibonacci_action_server]: Goal succeeded
[INFO] [1733756111.499704848] [fibonacci_action_server]: Received goal request with order 10
[INFO] [1733756111.499813472] [fibonacci_action_server]: Executing goal...
[INFO] [1733756111.499830291] [fibonacci_action_server]: Received goal request with order 10
[INFO] [1733756111.499854974] [fibonacci_action_server]: Feedback: [1]
[INFO] [1733756111.499918882] [fibonacci_action_server]: Executing goal...
[INFO] [1733756111.499955188] [fibonacci_action_server]: Feedback: [1]
[INFO] [1733756112.000006847] [fibonacci_action_server]: Feedback: [2]
[INFO] [1733756112.000051807] [fibonacci_action_server]: Feedback: [2]
[INFO] [1733756112.500180536] [fibonacci_action_server]: Feedback: [3]
[INFO] [1733756112.500201316] [fibonacci_action_server]: Feedback: [3]
[INFO] [1733756113.000345164] [fibonacci_action_server]: Feedback: [5]
[INFO] [1733756113.000368456] [fibonacci_action_server]: Feedback: [5]
[INFO] [1733756113.500583196] [fibonacci_action_server]: Feedback: [8]
[INFO] [1733756113.500626132] [fibonacci_action_server]: Feedback: [8]
[INFO] [1733756114.000844077] [fibonacci_action_server]: Feedback: [13]
[INFO] [1733756114.000883291] [fibonacci_action_server]: Feedback: [13]
[INFO] [1733756114.501031834] [fibonacci_action_server]: Feedback: [21]
[INFO] [1733756114.501595168] [fibonacci_action_server]: Feedback: [21]
[INFO] [1733756115.001209959] [fibonacci_action_server]: Feedback: [34]
[INFO] [1733756115.001707568] [fibonacci_action_server]: Feedback: [34]
[INFO] [1733756115.501440668] [fibonacci_action_server]: Feedback: [55]
[INFO] [1733756115.501848172] [fibonacci_action_server]: Feedback: [55]
[INFO] [1733756116.001646085] [fibonacci_action_server]: Goal succeeded
[INFO] [1733756116.001961129] [fibonacci_action_server]: Goal succeeded
[INFO] [1733756116.001973465] [fibonacci_action_server]: Received goal request with order 10
[INFO] [1733756116.002077553] [fibonacci_action_server]: Executing goal...
[INFO] [1733756116.002127617] [fibonacci_action_server]: Feedback: [1]
[INFO] [1733756116.002155023] [fibonacci_action_server]: Received goal request with order 10
[INFO] [1733756116.002248344] [fibonacci_action_server]: Executing goal...
[INFO] [1733756116.002310770] [fibonacci_action_server]: Feedback: [1]
[INFO] [1733756116.502282192] [fibonacci_action_server]: Feedback: [2]
[INFO] [1733756116.502425767] [fibonacci_action_server]: Feedback: [2]
[INFO] [1733756117.002479370] [fibonacci_action_server]: Feedback: [3]
[INFO] [1733756117.002550589] [fibonacci_action_server]: Feedback: [3]
[INFO] [1733756117.502672929] [fibonacci_action_server]: Feedback: [5]
[INFO] [1733756117.502697727] [fibonacci_action_server]: Feedback: [5]
[INFO] [1733756118.002896986] [fibonacci_action_server]: Feedback: [8]
[INFO] [1733756118.002963165] [fibonacci_action_server]: Feedback: [8]
[INFO] [1733756118.503113448] [fibonacci_action_server]: Feedback: [13]
[INFO] [1733756118.503135090] [fibonacci_action_server]: Feedback: [13]
[INFO] [1733756119.003257510] [fibonacci_action_server]: Feedback: [21]
[INFO] [1733756119.003294841] [fibonacci_action_server]: Feedback: [21]
[INFO] [1733756119.503479609] [fibonacci_action_server]: Feedback: [34]
[INFO] [1733756119.503498440] [fibonacci_action_server]: Feedback: [34]
[INFO] [1733756120.003676294] [fibonacci_action_server]: Feedback: [55]
[INFO] [1733756120.003704948] [fibonacci_action_server]: Feedback: [55]
[INFO] [1733756120.503955015] [fibonacci_action_server]: Goal succeeded
[INFO] [1733756120.504031377] [fibonacci_action_server]: Goal succeeded
[INFO] [1733756120.504225686] [fibonacci_action_server]: Received goal request with order 10
[INFO] [1733756120.504318076] [fibonacci_action_server]: Executing goal...
[INFO] [1733756120.504368481] [fibonacci_action_server]: Feedback: [1]
[INFO] [1733756120.504331599] [fibonacci_action_server]: Received goal request with order 10
[INFO] [1733756120.504485374] [fibonacci_action_server]: Executing goal...
[INFO] [1733756120.504532834] [fibonacci_action_server]: Feedback: [1]
[INFO] [1733756121.004506454] [fibonacci_action_server]: Feedback: [2]
[INFO] [1733756121.004631490] [fibonacci_action_server]: Feedback: [2]
[INFO] [1733756121.504708115] [fibonacci_action_server]: Feedback: [3]
[INFO] [1733756121.504773053] [fibonacci_action_server]: Feedback: [3]
[INFO] [1733756122.004863886] [fibonacci_action_server]: Feedback: [5]
[INFO] [1733756122.004884167] [fibonacci_action_server]: Feedback: [5]
[INFO] [1733756122.505032598] [fibonacci_action_server]: Feedback: [8]
[INFO] [1733756122.505050119] [fibonacci_action_server]: Feedback: [8]
[INFO] [1733756123.005208986] [fibonacci_action_server]: Feedback: [13]
[INFO] [1733756123.005227261] [fibonacci_action_server]: Feedback: [13]
[INFO] [1733756123.505372215] [fibonacci_action_server]: Feedback: [21]
[INFO] [1733756123.505396062] [fibonacci_action_server]: Feedback: [21]
[INFO] [1733756124.005563131] [fibonacci_action_server]: Feedback: [34]
[INFO] [1733756124.005600248] [fibonacci_action_server]: Feedback: [34]
[INFO] [1733756124.505790765] [fibonacci_action_server]: Feedback: [55]
[INFO] [1733756124.506140123] [fibonacci_action_server]: Feedback: [55]
[INFO] [1733756125.005984043] [fibonacci_action_server]: Goal succeeded
[INFO] [1733756125.006285620] [fibonacci_action_server]: Goal succeeded
[INFO] [1733756125.006329695] [fibonacci_action_server]: Received goal request with order 10
[INFO] [1733756125.006482355] [fibonacci_action_server]: Executing goal...
[INFO] [1733756125.006526452] [fibonacci_action_server]: Feedback: [1]
[INFO] [1733756125.006574012] [fibonacci_action_server]: Received goal request with order 10
[INFO] [1733756125.006665396] [fibonacci_action_server]: Executing goal...
[INFO] [1733756125.006713277] [fibonacci_action_server]: Feedback: [1]
[INFO] [1733756125.506671656] [fibonacci_action_server]: Feedback: [2]
[INFO] [1733756125.506813272] [fibonacci_action_server]: Feedback: [2]
[INFO] [1733756126.006818328] [fibonacci_action_server]: Feedback: [3]
[INFO] [1733756126.006933800] [fibonacci_action_server]: Feedback: [3]
[INFO] [1733756126.506993051] [fibonacci_action_server]: Feedback: [5]
[INFO] [1733756126.507059989] [fibonacci_action_server]: Feedback: [5]
[INFO] [1733756127.007210457] [fibonacci_action_server]: Feedback: [8]
[INFO] [1733756127.007245773] [fibonacci_action_server]: Feedback: [8]
[INFO] [1733756127.507375455] [fibonacci_action_server]: Feedback: [13]
[INFO] [1733756127.507392220] [fibonacci_action_server]: Feedback: [13]
[INFO] [1733756128.007475459] [fibonacci_action_server]: Feedback: [21]
[INFO] [1733756128.007541011] [fibonacci_action_server]: Feedback: [21]
[INFO] [1733756128.507635236] [fibonacci_action_server]: Feedback: [34]
[INFO] [1733756128.507686331] [fibonacci_action_server]: Feedback: [34]
[INFO] [1733756129.007819204] [fibonacci_action_server]: Feedback: [55]
[INFO] [1733756129.007840156] [fibonacci_action_server]: Feedback: [55]
[INFO] [1733756129.508093489] [fibonacci_action_server]: Goal succeeded
[INFO] [1733756129.508171386] [fibonacci_action_server]: Goal succeeded
[INFO] [1733756129.508401290] [fibonacci_action_server]: Received goal request with order 10
[INFO] [1733756129.508520948] [fibonacci_action_server]: Received goal request with order 10
[INFO] [1733756129.508541371] [fibonacci_action_server]: Executing goal...
[INFO] [1733756129.508604712] [fibonacci_action_server]: Feedback: [1]
[INFO] [1733756129.508611183] [fibonacci_action_server]: Executing goal...
[INFO] [1733756129.508676254] [fibonacci_action_server]: Feedback: [1]
[INFO] [1733756130.008760869] [fibonacci_action_server]: Feedback: [2]
[INFO] [1733756130.008822186] [fibonacci_action_server]: Feedback: [2]
[INFO] [1733756130.508986622] [fibonacci_action_server]: Feedback: [3]
[INFO] [1733756130.509042857] [fibonacci_action_server]: Feedback: [3]
[INFO] [1733756131.009202142] [fibonacci_action_server]: Feedback: [5]
[INFO] [1733756131.009233216] [fibonacci_action_server]: Feedback: [5]
[INFO] [1733756131.509406779] [fibonacci_action_server]: Feedback: [8]
[INFO] [1733756131.509439269] [fibonacci_action_server]: Feedback: [8]
[INFO] [1733756132.009601744] [fibonacci_action_server]: Feedback: [13]
[INFO] [1733756132.009620259] [fibonacci_action_server]: Feedback: [13]
[INFO] [1733756132.509794565] [fibonacci_action_server]: Feedback: [21]
[INFO] [1733756132.509869395] [fibonacci_action_server]: Feedback: [21]
[INFO] [1733756133.009973345] [fibonacci_action_server]: Feedback: [34]
[INFO] [1733756133.010019675] [fibonacci_action_server]: Feedback: [34]
[INFO] [1733756133.510163902] [fibonacci_action_server]: Feedback: [55]
[INFO] [1733756133.510232884] [fibonacci_action_server]: Feedback: [55]
[INFO] [1733756134.010420583] [fibonacci_action_server]: Goal succeeded
[INFO] [1733756134.010469721] [fibonacci_action_server]: Goal succeeded
[INFO] [1733756134.010835166] [fibonacci_action_server]: Received goal request with order 10
[INFO] [1733756134.010941562] [fibonacci_action_server]: Executing goal...
[INFO] [1733756134.010960358] [fibonacci_action_server]: Received goal request with order 10
[INFO] [1733756134.010988853] [fibonacci_action_server]: Feedback: [1]
[INFO] [1733756134.011059465] [fibonacci_action_server]: Executing goal...
[INFO] [1733756134.011131990] [fibonacci_action_server]: Feedback: [1]
[INFO] [1733756134.511152751] [fibonacci_action_server]: Feedback: [2]
[INFO] [1733756134.511239542] [fibonacci_action_server]: Feedback: [2]
[INFO] [1733756135.011321405] [fibonacci_action_server]: Feedback: [3]
[INFO] [1733756135.011348389] [fibonacci_action_server]: Feedback: [3]
[INFO] [1733756135.511526962] [fibonacci_action_server]: Feedback: [5]
[INFO] [1733756135.511586154] [fibonacci_action_server]: Feedback: [5]
[INFO] [1733756136.011710403] [fibonacci_action_server]: Feedback: [8]
[INFO] [1733756136.011748794] [fibonacci_action_server]: Feedback: [8]
[INFO] [1733756136.511943612] [fibonacci_action_server]: Feedback: [13]
[INFO] [1733756136.511961661] [fibonacci_action_server]: Feedback: [13]
[INFO] [1733756137.012108971] [fibonacci_action_server]: Feedback: [21]
[INFO] [1733756137.012134275] [fibonacci_action_server]: Feedback: [21]
[INFO] [1733756137.512299272] [fibonacci_action_server]: Feedback: [34]
[INFO] [1733756137.512336616] [fibonacci_action_server]: Feedback: [34]
[INFO] [1733756138.012435296] [fibonacci_action_server]: Feedback: [55]
[INFO] [1733756138.012543610] [fibonacci_action_server]: Feedback: [55]
[INFO] [1733756138.423132778] [fibonacci_action_server]: Timeout reached, shutting down node...
[ros2run]: Segmentation fault
RAPL is set
