[INFO] [1733830084.887335210] [fibonacci_action_server]: Executing goal...
[INFO] [1733830084.887940220] [fibonacci_action_server]: Feedback: array('i', [0, 1, 1])
[INFO] [1733830085.889935919] [fibonacci_action_server]: Feedback: array('i', [0, 1, 1, 2])
[INFO] [1733830086.891913581] [fibonacci_action_server]: Feedback: array('i', [0, 1, 1, 2, 3])
[INFO] [1733830087.893706779] [fibonacci_action_server]: Feedback: array('i', [0, 1, 1, 2, 3, 5])
[INFO] [1733830088.895667582] [fibonacci_action_server]: Feedback: array('i', [0, 1, 1, 2, 3, 5, 8])
[INFO] [1733830089.897676041] [fibonacci_action_server]: Feedback: array('i', [0, 1, 1, 2, 3, 5, 8, 13])
[INFO] [1733830090.899355744] [fibonacci_action_server]: Feedback: array('i', [0, 1, 1, 2, 3, 5, 8, 13, 21])
[INFO] [1733830091.901243968] [fibonacci_action_server]: Feedback: array('i', [0, 1, 1, 2, 3, 5, 8, 13, 21, 34])
[INFO] [1733830092.902187239] [fibonacci_action_server]: Feedback: array('i', [0, 1, 1, 2, 3, 5, 8, 13, 21, 34, 55])
[INFO] [1733830093.905555522] [fibonacci_action_server]: Executing goal...
[INFO] [1733830093.906550205] [fibonacci_action_server]: Feedback: array('i', [0, 1, 1])
[INFO] [1733830094.908231564] [fibonacci_action_server]: Feedback: array('i', [0, 1, 1, 2])
[INFO] [1733830095.909815482] [fibonacci_action_server]: Feedback: array('i', [0, 1, 1, 2, 3])
[INFO] [1733830096.911685813] [fibonacci_action_server]: Feedback: array('i', [0, 1, 1, 2, 3, 5])
[INFO] [1733830097.913768736] [fibonacci_action_server]: Feedback: array('i', [0, 1, 1, 2, 3, 5, 8])
[INFO] [1733830098.915776280] [fibonacci_action_server]: Feedback: array('i', [0, 1, 1, 2, 3, 5, 8, 13])
[INFO] [1733830099.917873716] [fibonacci_action_server]: Feedback: array('i', [0, 1, 1, 2, 3, 5, 8, 13, 21])
[INFO] [1733830100.919830208] [fibonacci_action_server]: Feedback: array('i', [0, 1, 1, 2, 3, 5, 8, 13, 21, 34])
[INFO] [1733830101.921570362] [fibonacci_action_server]: Feedback: array('i', [0, 1, 1, 2, 3, 5, 8, 13, 21, 34, 55])
[INFO] [1733830102.925916490] [fibonacci_action_server]: Executing goal...
[INFO] [1733830102.926460940] [fibonacci_action_server]: Feedback: array('i', [0, 1, 1])
[INFO] [1733830103.928255851] [fibonacci_action_server]: Feedback: array('i', [0, 1, 1, 2])
[INFO] [1733830104.929831334] [fibonacci_action_server]: Feedback: array('i', [0, 1, 1, 2, 3])
[INFO] [1733830105.931661356] [fibonacci_action_server]: Feedback: array('i', [0, 1, 1, 2, 3, 5])
[INFO] [1733830106.933650684] [fibonacci_action_server]: Feedback: array('i', [0, 1, 1, 2, 3, 5, 8])
[INFO] [1733830107.935612319] [fibonacci_action_server]: Feedback: array('i', [0, 1, 1, 2, 3, 5, 8, 13])
[INFO] [1733830108.937807191] [fibonacci_action_server]: Feedback: array('i', [0, 1, 1, 2, 3, 5, 8, 13, 21])
[INFO] [1733830109.939832101] [fibonacci_action_server]: Feedback: array('i', [0, 1, 1, 2, 3, 5, 8, 13, 21, 34])
[INFO] [1733830110.941841267] [fibonacci_action_server]: Feedback: array('i', [0, 1, 1, 2, 3, 5, 8, 13, 21, 34, 55])
[INFO] [1733830111.946134809] [fibonacci_action_server]: Executing goal...
[INFO] [1733830111.946741146] [fibonacci_action_server]: Feedback: array('i', [0, 1, 1])
[INFO] [1733830112.948290359] [fibonacci_action_server]: Feedback: array('i', [0, 1, 1, 2])
[INFO] [1733830113.950058344] [fibonacci_action_server]: Feedback: array('i', [0, 1, 1, 2, 3])
[INFO] [1733830114.951836627] [fibonacci_action_server]: Feedback: array('i', [0, 1, 1, 2, 3, 5])
[INFO] [1733830115.953572950] [fibonacci_action_server]: Feedback: array('i', [0, 1, 1, 2, 3, 5, 8])
[INFO] [1733830116.955371751] [fibonacci_action_server]: Feedback: array('i', [0, 1, 1, 2, 3, 5, 8, 13])
[INFO] [1733830117.957184343] [fibonacci_action_server]: Feedback: array('i', [0, 1, 1, 2, 3, 5, 8, 13, 21])
[INFO] [1733830118.958976102] [fibonacci_action_server]: Feedback: array('i', [0, 1, 1, 2, 3, 5, 8, 13, 21, 34])
[INFO] [1733830119.960887910] [fibonacci_action_server]: Feedback: array('i', [0, 1, 1, 2, 3, 5, 8, 13, 21, 34, 55])
[INFO] [1733830120.964776715] [fibonacci_action_server]: Executing goal...
[INFO] [1733830120.965198802] [fibonacci_action_server]: Feedback: array('i', [0, 1, 1])
[INFO] [1733830121.967112258] [fibonacci_action_server]: Feedback: array('i', [0, 1, 1, 2])
[INFO] [1733830122.969073350] [fibonacci_action_server]: Feedback: array('i', [0, 1, 1, 2, 3])
[INFO] [1733830123.970874385] [fibonacci_action_server]: Feedback: array('i', [0, 1, 1, 2, 3, 5])
[INFO] [1733830124.972860078] [fibonacci_action_server]: Feedback: array('i', [0, 1, 1, 2, 3, 5, 8])
[INFO] [1733830125.973855843] [fibonacci_action_server]: Feedback: array('i', [0, 1, 1, 2, 3, 5, 8, 13])
[INFO] [1733830126.975552457] [fibonacci_action_server]: Feedback: array('i', [0, 1, 1, 2, 3, 5, 8, 13, 21])
[INFO] [1733830127.977248583] [fibonacci_action_server]: Feedback: array('i', [0, 1, 1, 2, 3, 5, 8, 13, 21, 34])
[INFO] [1733830128.979175646] [fibonacci_action_server]: Feedback: array('i', [0, 1, 1, 2, 3, 5, 8, 13, 21, 34, 55])
[INFO] [1733830129.983059449] [fibonacci_action_server]: Executing goal...
[INFO] [1733830129.983626336] [fibonacci_action_server]: Feedback: array('i', [0, 1, 1])
[INFO] [1733830130.985258443] [fibonacci_action_server]: Feedback: array('i', [0, 1, 1, 2])
[INFO] [1733830131.986909455] [fibonacci_action_server]: Feedback: array('i', [0, 1, 1, 2, 3])
[INFO] [1733830132.988640337] [fibonacci_action_server]: Feedback: array('i', [0, 1, 1, 2, 3, 5])
[INFO] [1733830133.989915096] [fibonacci_action_server]: Feedback: array('i', [0, 1, 1, 2, 3, 5, 8])
[INFO] [1733830134.991809604] [fibonacci_action_server]: Feedback: array('i', [0, 1, 1, 2, 3, 5, 8, 13])
[INFO] [1733830135.993836833] [fibonacci_action_server]: Feedback: array('i', [0, 1, 1, 2, 3, 5, 8, 13, 21])
[INFO] [1733830136.995754377] [fibonacci_action_server]: Feedback: array('i', [0, 1, 1, 2, 3, 5, 8, 13, 21, 34])
[INFO] [1733830137.997504227] [fibonacci_action_server]: Feedback: array('i', [0, 1, 1, 2, 3, 5, 8, 13, 21, 34, 55])
[INFO] [1733830139.000859968] [fibonacci_action_server]: Executing goal...
[INFO] [1733830139.001869331] [fibonacci_action_server]: Feedback: array('i', [0, 1, 1])
[INFO] [1733830140.003452974] [fibonacci_action_server]: Feedback: array('i', [0, 1, 1, 2])
[INFO] [1733830141.005282811] [fibonacci_action_server]: Feedback: array('i', [0, 1, 1, 2, 3])
[INFO] [1733830142.006092724] [fibonacci_action_server]: Feedback: array('i', [0, 1, 1, 2, 3, 5])
[INFO] [1733830143.007911035] [fibonacci_action_server]: Feedback: array('i', [0, 1, 1, 2, 3, 5, 8])
[INFO] [1733830144.009814834] [fibonacci_action_server]: Feedback: array('i', [0, 1, 1, 2, 3, 5, 8, 13])
[INFO] [1733830145.011725827] [fibonacci_action_server]: Feedback: array('i', [0, 1, 1, 2, 3, 5, 8, 13, 21])
[INFO] [1733830146.013547049] [fibonacci_action_server]: Feedback: array('i', [0, 1, 1, 2, 3, 5, 8, 13, 21, 34])
[INFO] [1733830147.015785088] [fibonacci_action_server]: Feedback: array('i', [0, 1, 1, 2, 3, 5, 8, 13, 21, 34, 55])
[INFO] [1733830148.019581964] [fibonacci_action_server]: Executing goal...
[INFO] [1733830148.020193925] [fibonacci_action_server]: Feedback: array('i', [0, 1, 1])
[INFO] [1733830149.021768562] [fibonacci_action_server]: Feedback: array('i', [0, 1, 1, 2])
[INFO] [1733830150.023712522] [fibonacci_action_server]: Feedback: array('i', [0, 1, 1, 2, 3])
[INFO] [1733830151.025519185] [fibonacci_action_server]: Feedback: array('i', [0, 1, 1, 2, 3, 5])
[INFO] [1733830152.027408657] [fibonacci_action_server]: Feedback: array('i', [0, 1, 1, 2, 3, 5, 8])
[INFO] [1733830153.029439794] [fibonacci_action_server]: Feedback: array('i', [0, 1, 1, 2, 3, 5, 8, 13])
[INFO] [1733830154.031114732] [fibonacci_action_server]: Feedback: array('i', [0, 1, 1, 2, 3, 5, 8, 13, 21])
[INFO] [1733830155.033060623] [fibonacci_action_server]: Feedback: array('i', [0, 1, 1, 2, 3, 5, 8, 13, 21, 34])
[INFO] [1733830156.033833210] [fibonacci_action_server]: Feedback: array('i', [0, 1, 1, 2, 3, 5, 8, 13, 21, 34, 55])
[INFO] [1733830157.037747584] [fibonacci_action_server]: Executing goal...
[INFO] [1733830157.038307539] [fibonacci_action_server]: Feedback: array('i', [0, 1, 1])
[INFO] [1733830158.039577879] [fibonacci_action_server]: Feedback: array('i', [0, 1, 1, 2])
[INFO] [1733830159.041344960] [fibonacci_action_server]: Feedback: array('i', [0, 1, 1, 2, 3])
[INFO] [1733830160.042572507] [fibonacci_action_server]: Feedback: array('i', [0, 1, 1, 2, 3, 5])
[INFO] [1733830161.044578297] [fibonacci_action_server]: Feedback: array('i', [0, 1, 1, 2, 3, 5, 8])
[INFO] [1733830162.045998039] [fibonacci_action_server]: Feedback: array('i', [0, 1, 1, 2, 3, 5, 8, 13])
[INFO] [1733830163.047608959] [fibonacci_action_server]: Feedback: array('i', [0, 1, 1, 2, 3, 5, 8, 13, 21])
[INFO] [1733830164.049708944] [fibonacci_action_server]: Feedback: array('i', [0, 1, 1, 2, 3, 5, 8, 13, 21, 34])
[INFO] [1733830165.051803154] [fibonacci_action_server]: Feedback: array('i', [0, 1, 1, 2, 3, 5, 8, 13, 21, 34, 55])
[INFO] [1733830166.055521895] [fibonacci_action_server]: Executing goal...
[INFO] [1733830166.055928468] [fibonacci_action_server]: Feedback: array('i', [0, 1, 1])
[INFO] [1733830167.057846144] [fibonacci_action_server]: Feedback: array('i', [0, 1, 1, 2])
[INFO] [1733830168.059897877] [fibonacci_action_server]: Feedback: array('i', [0, 1, 1, 2, 3])
[INFO] [1733830169.060830308] [fibonacci_action_server]: Feedback: array('i', [0, 1, 1, 2, 3, 5])
[INFO] [1733830170.061793750] [fibonacci_action_server]: Feedback: array('i', [0, 1, 1, 2, 3, 5, 8])
[INFO] [1733830171.063624369] [fibonacci_action_server]: Feedback: array('i', [0, 1, 1, 2, 3, 5, 8, 13])
[INFO] [1733830172.065793773] [fibonacci_action_server]: Feedback: array('i', [0, 1, 1, 2, 3, 5, 8, 13, 21])
[INFO] [1733830173.067735701] [fibonacci_action_server]: Feedback: array('i', [0, 1, 1, 2, 3, 5, 8, 13, 21, 34])
[INFO] [1733830174.069817447] [fibonacci_action_server]: Feedback: array('i', [0, 1, 1, 2, 3, 5, 8, 13, 21, 34, 55])
[INFO] [1733830175.072958414] [fibonacci_action_server]: Executing goal...
[INFO] [1733830175.073372985] [fibonacci_action_server]: Feedback: array('i', [0, 1, 1])
[INFO] [1733830176.075038825] [fibonacci_action_server]: Feedback: array('i', [0, 1, 1, 2])
[INFO] [1733830177.076929647] [fibonacci_action_server]: Feedback: array('i', [0, 1, 1, 2, 3])
[INFO] [1733830178.078496871] [fibonacci_action_server]: Feedback: array('i', [0, 1, 1, 2, 3, 5])
[INFO] [1733830179.080463915] [fibonacci_action_server]: Feedback: array('i', [0, 1, 1, 2, 3, 5, 8])
[INFO] [1733830180.081895514] [fibonacci_action_server]: Feedback: array('i', [0, 1, 1, 2, 3, 5, 8, 13])
[INFO] [1733830181.083544583] [fibonacci_action_server]: Feedback: array('i', [0, 1, 1, 2, 3, 5, 8, 13, 21])
[INFO] [1733830182.085463328] [fibonacci_action_server]: Feedback: array('i', [0, 1, 1, 2, 3, 5, 8, 13, 21, 34])
[INFO] [1733830183.086454977] [fibonacci_action_server]: Feedback: array('i', [0, 1, 1, 2, 3, 5, 8, 13, 21, 34, 55])
[INFO] [1733830184.090077826] [fibonacci_action_server]: Executing goal...
[INFO] [1733830184.090702243] [fibonacci_action_server]: Feedback: array('i', [0, 1, 1])
[INFO] [1733830185.092564545] [fibonacci_action_server]: Feedback: array('i', [0, 1, 1, 2])
[INFO] [1733830186.093811114] [fibonacci_action_server]: Feedback: array('i', [0, 1, 1, 2, 3])
[INFO] [1733830187.095582720] [fibonacci_action_server]: Feedback: array('i', [0, 1, 1, 2, 3, 5])
[INFO] [1733830188.097639243] [fibonacci_action_server]: Feedback: array('i', [0, 1, 1, 2, 3, 5, 8])
[INFO] [1733830189.099443971] [fibonacci_action_server]: Feedback: array('i', [0, 1, 1, 2, 3, 5, 8, 13])
[INFO] [1733830190.101554107] [fibonacci_action_server]: Feedback: array('i', [0, 1, 1, 2, 3, 5, 8, 13, 21])
[INFO] [1733830191.103482030] [fibonacci_action_server]: Feedback: array('i', [0, 1, 1, 2, 3, 5, 8, 13, 21, 34])
[INFO] [1733830192.105141925] [fibonacci_action_server]: Feedback: array('i', [0, 1, 1, 2, 3, 5, 8, 13, 21, 34, 55])
[INFO] [1733830193.108729941] [fibonacci_action_server]: Executing goal...
[INFO] [1733830193.109399861] [fibonacci_action_server]: Feedback: array('i', [0, 1, 1])
[INFO] [1733830194.111543040] [fibonacci_action_server]: Feedback: array('i', [0, 1, 1, 2])
[INFO] [1733830195.113603512] [fibonacci_action_server]: Feedback: array('i', [0, 1, 1, 2, 3])
[INFO] [1733830196.115590104] [fibonacci_action_server]: Feedback: array('i', [0, 1, 1, 2, 3, 5])
[INFO] [1733830197.117380707] [fibonacci_action_server]: Feedback: array('i', [0, 1, 1, 2, 3, 5, 8])
[INFO] [1733830198.119186716] [fibonacci_action_server]: Feedback: array('i', [0, 1, 1, 2, 3, 5, 8, 13])
[INFO] [1733830199.121147856] [fibonacci_action_server]: Feedback: array('i', [0, 1, 1, 2, 3, 5, 8, 13, 21])
[INFO] [1733830200.121933766] [fibonacci_action_server]: Feedback: array('i', [0, 1, 1, 2, 3, 5, 8, 13, 21, 34])
[INFO] [1733830201.123962982] [fibonacci_action_server]: Feedback: array('i', [0, 1, 1, 2, 3, 5, 8, 13, 21, 34, 55])
[INFO] [1733830202.127672901] [fibonacci_action_server]: Executing goal...
[INFO] [1733830202.128144309] [fibonacci_action_server]: Feedback: array('i', [0, 1, 1])
[INFO] [1733830203.129912393] [fibonacci_action_server]: Feedback: array('i', [0, 1, 1, 2])
[INFO] [1733830204.131734012] [fibonacci_action_server]: Feedback: array('i', [0, 1, 1, 2, 3])
[INFO] [1733830205.133478654] [fibonacci_action_server]: Feedback: array('i', [0, 1, 1, 2, 3, 5])
[INFO] [1733830206.135289793] [fibonacci_action_server]: Feedback: array('i', [0, 1, 1, 2, 3, 5, 8])
[INFO] [1733830207.137030465] [fibonacci_action_server]: Feedback: array('i', [0, 1, 1, 2, 3, 5, 8, 13])
[INFO] [1733830208.137927016] [fibonacci_action_server]: Feedback: array('i', [0, 1, 1, 2, 3, 5, 8, 13, 21])
[INFO] [1733830209.139907439] [fibonacci_action_server]: Feedback: array('i', [0, 1, 1, 2, 3, 5, 8, 13, 21, 34])
[INFO] [1733830210.141886798] [fibonacci_action_server]: Feedback: array('i', [0, 1, 1, 2, 3, 5, 8, 13, 21, 34, 55])
[INFO] [1733830211.145580340] [fibonacci_action_server]: Executing goal...
[INFO] [1733830211.145981276] [fibonacci_action_server]: Feedback: array('i', [0, 1, 1])
[INFO] [1733830212.147783267] [fibonacci_action_server]: Feedback: array('i', [0, 1, 1, 2])
[INFO] [1733830213.149571982] [fibonacci_action_server]: Feedback: array('i', [0, 1, 1, 2, 3])
[INFO] [1733830214.150877128] [fibonacci_action_server]: Feedback: array('i', [0, 1, 1, 2, 3, 5])
[INFO] [1733830215.153030948] [fibonacci_action_server]: Feedback: array('i', [0, 1, 1, 2, 3, 5, 8])
[INFO] [1733830216.155226415] [fibonacci_action_server]: Feedback: array('i', [0, 1, 1, 2, 3, 5, 8, 13])
[INFO] [1733830217.157223422] [fibonacci_action_server]: Feedback: array('i', [0, 1, 1, 2, 3, 5, 8, 13, 21])
[INFO] [1733830218.159038024] [fibonacci_action_server]: Feedback: array('i', [0, 1, 1, 2, 3, 5, 8, 13, 21, 34])
[INFO] [1733830219.161047432] [fibonacci_action_server]: Feedback: array('i', [0, 1, 1, 2, 3, 5, 8, 13, 21, 34, 55])
[INFO] [1733830220.164629091] [fibonacci_action_server]: Executing goal...
[INFO] [1733830220.165056961] [fibonacci_action_server]: Feedback: array('i', [0, 1, 1])
[INFO] [1733830221.166580446] [fibonacci_action_server]: Feedback: array('i', [0, 1, 1, 2])
[INFO] [1733830222.168554118] [fibonacci_action_server]: Feedback: array('i', [0, 1, 1, 2, 3])
[INFO] [1733830223.170295510] [fibonacci_action_server]: Feedback: array('i', [0, 1, 1, 2, 3, 5])
[INFO] [1733830224.171935510] [fibonacci_action_server]: Feedback: array('i', [0, 1, 1, 2, 3, 5, 8])
[INFO] [1733830225.173839842] [fibonacci_action_server]: Feedback: array('i', [0, 1, 1, 2, 3, 5, 8, 13])
[INFO] [1733830226.176078934] [fibonacci_action_server]: Feedback: array('i', [0, 1, 1, 2, 3, 5, 8, 13, 21])
[INFO] [1733830227.178025946] [fibonacci_action_server]: Feedback: array('i', [0, 1, 1, 2, 3, 5, 8, 13, 21, 34])
[INFO] [1733830228.180018689] [fibonacci_action_server]: Feedback: array('i', [0, 1, 1, 2, 3, 5, 8, 13, 21, 34, 55])
[INFO] [1733830229.183188072] [fibonacci_action_server]: Executing goal...
[INFO] [1733830229.183601044] [fibonacci_action_server]: Feedback: array('i', [0, 1, 1])
[INFO] [1733830230.185476276] [fibonacci_action_server]: Feedback: array('i', [0, 1, 1, 2])
[INFO] [1733830231.186523054] [fibonacci_action_server]: Feedback: array('i', [0, 1, 1, 2, 3])
[INFO] [1733830232.188323128] [fibonacci_action_server]: Feedback: array('i', [0, 1, 1, 2, 3, 5])
[INFO] [1733830233.190110956] [fibonacci_action_server]: Feedback: array('i', [0, 1, 1, 2, 3, 5, 8])
[INFO] [1733830234.192117535] [fibonacci_action_server]: Feedback: array('i', [0, 1, 1, 2, 3, 5, 8, 13])
[INFO] [1733830235.193786746] [fibonacci_action_server]: Feedback: array('i', [0, 1, 1, 2, 3, 5, 8, 13, 21])
[INFO] [1733830236.195453258] [fibonacci_action_server]: Feedback: array('i', [0, 1, 1, 2, 3, 5, 8, 13, 21, 34])
[INFO] [1733830237.197246687] [fibonacci_action_server]: Feedback: array('i', [0, 1, 1, 2, 3, 5, 8, 13, 21, 34, 55])
[INFO] [1733830238.200352956] [fibonacci_action_server]: Executing goal...
[INFO] [1733830238.200756881] [fibonacci_action_server]: Feedback: array('i', [0, 1, 1])
[INFO] [1733830239.201914983] [fibonacci_action_server]: Feedback: array('i', [0, 1, 1, 2])
[INFO] [1733830240.203407908] [fibonacci_action_server]: Feedback: array('i', [0, 1, 1, 2, 3])
[INFO] [1733830241.205283883] [fibonacci_action_server]: Feedback: array('i', [0, 1, 1, 2, 3, 5])
[INFO] [1733830242.207235245] [fibonacci_action_server]: Feedback: array('i', [0, 1, 1, 2, 3, 5, 8])
[INFO] [1733830243.209234176] [fibonacci_action_server]: Feedback: array('i', [0, 1, 1, 2, 3, 5, 8, 13])
[INFO] [1733830244.210108718] [fibonacci_action_server]: Feedback: array('i', [0, 1, 1, 2, 3, 5, 8, 13, 21])
[INFO] [1733830245.212028787] [fibonacci_action_server]: Feedback: array('i', [0, 1, 1, 2, 3, 5, 8, 13, 21, 34])
[INFO] [1733830246.213736146] [fibonacci_action_server]: Feedback: array('i', [0, 1, 1, 2, 3, 5, 8, 13, 21, 34, 55])
[INFO] [1733830247.216897644] [fibonacci_action_server]: Executing goal...
[INFO] [1733830247.217281192] [fibonacci_action_server]: Feedback: array('i', [0, 1, 1])
[INFO] [1733830248.218986444] [fibonacci_action_server]: Feedback: array('i', [0, 1, 1, 2])
[INFO] [1733830249.221115269] [fibonacci_action_server]: Feedback: array('i', [0, 1, 1, 2, 3])
[INFO] [1733830250.222163951] [fibonacci_action_server]: Feedback: array('i', [0, 1, 1, 2, 3, 5])
[INFO] [1733830251.224003301] [fibonacci_action_server]: Feedback: array('i', [0, 1, 1, 2, 3, 5, 8])
[INFO] [1733830252.226015329] [fibonacci_action_server]: Feedback: array('i', [0, 1, 1, 2, 3, 5, 8, 13])
[INFO] [1733830253.227964493] [fibonacci_action_server]: Feedback: array('i', [0, 1, 1, 2, 3, 5, 8, 13, 21])
[INFO] [1733830254.229937581] [fibonacci_action_server]: Feedback: array('i', [0, 1, 1, 2, 3, 5, 8, 13, 21, 34])
[INFO] [1733830255.231747268] [fibonacci_action_server]: Feedback: array('i', [0, 1, 1, 2, 3, 5, 8, 13, 21, 34, 55])
[INFO] [1733830256.235998847] [fibonacci_action_server]: Executing goal...
[INFO] [1733830256.236694770] [fibonacci_action_server]: Feedback: array('i', [0, 1, 1])
[INFO] [1733830257.237931826] [fibonacci_action_server]: Feedback: array('i', [0, 1, 1, 2])
[INFO] [1733830258.239591762] [fibonacci_action_server]: Feedback: array('i', [0, 1, 1, 2, 3])
[INFO] [1733830259.241267414] [fibonacci_action_server]: Feedback: array('i', [0, 1, 1, 2, 3, 5])
[INFO] [1733830260.242094820] [fibonacci_action_server]: Feedback: array('i', [0, 1, 1, 2, 3, 5, 8])
[INFO] [1733830261.244051842] [fibonacci_action_server]: Feedback: array('i', [0, 1, 1, 2, 3, 5, 8, 13])
[INFO] [1733830262.245767870] [fibonacci_action_server]: Feedback: array('i', [0, 1, 1, 2, 3, 5, 8, 13, 21])
[INFO] [1733830263.247687376] [fibonacci_action_server]: Feedback: array('i', [0, 1, 1, 2, 3, 5, 8, 13, 21, 34])
[INFO] [1733830264.249679133] [fibonacci_action_server]: Feedback: array('i', [0, 1, 1, 2, 3, 5, 8, 13, 21, 34, 55])
[INFO] [1733830265.253777362] [fibonacci_action_server]: Shutting down node...
RAPL is set
