[INFO] [1733745191.787952480] [fibonacci_action_client]: Sending goal with order 10
[INFO] [1733745201.050635370] [fibonacci_action_client]: Goal accepted, waiting for result.
[INFO] [1733745201.052321946] [fibonacci_action_client]: Received feedback: array('i', [0, 1, 1])
[INFO] [1733745201.553666670] [fibonacci_action_client]: Received feedback: array('i', [0, 1, 1, 2])
[INFO] [1733745202.054550651] [fibonacci_action_client]: Received feedback: array('i', [0, 1, 1, 2, 3])
[INFO] [1733745202.555875039] [fibonacci_action_client]: Received feedback: array('i', [0, 1, 1, 2, 3, 5])
[INFO] [1733745203.057263008] [fibonacci_action_client]: Received feedback: array('i', [0, 1, 1, 2, 3, 5, 8])
[INFO] [1733745203.558881363] [fibonacci_action_client]: Received feedback: array('i', [0, 1, 1, 2, 3, 5, 8, 13])
[INFO] [1733745204.060478088] [fibonacci_action_client]: Received feedback: array('i', [0, 1, 1, 2, 3, 5, 8, 13, 21])
[INFO] [1733745204.561443626] [fibonacci_action_client]: Received feedback: array('i', [0, 1, 1, 2, 3, 5, 8, 13, 21, 34])
[INFO] [1733745205.062972097] [fibonacci_action_client]: Received feedback: array('i', [0, 1, 1, 2, 3, 5, 8, 13, 21, 34, 55])
[INFO] [1733745205.564889607] [fibonacci_action_client]: Result: array('i', [0, 1, 1, 2, 3, 5, 8, 13, 21, 34, 55])
[INFO] [1733745206.066003461] [fibonacci_action_client]: Sending goal with order 10
[INFO] [1733745214.592963194] [fibonacci_action_client]: Goal accepted, waiting for result.
[INFO] [1733745214.594279041] [fibonacci_action_client]: Received feedback: array('i', [0, 1, 1])
[INFO] [1733745215.096184980] [fibonacci_action_client]: Received feedback: array('i', [0, 1, 1, 2])
[INFO] [1733745215.597122745] [fibonacci_action_client]: Received feedback: array('i', [0, 1, 1, 2, 3])
[INFO] [1733745216.098302514] [fibonacci_action_client]: Received feedback: array('i', [0, 1, 1, 2, 3, 5])
[INFO] [1733745216.599784432] [fibonacci_action_client]: Received feedback: array('i', [0, 1, 1, 2, 3, 5, 8])
[INFO] [1733745217.101050191] [fibonacci_action_client]: Received feedback: array('i', [0, 1, 1, 2, 3, 5, 8, 13])
[INFO] [1733745217.602232962] [fibonacci_action_client]: Received feedback: array('i', [0, 1, 1, 2, 3, 5, 8, 13, 21])
[INFO] [1733745218.104297485] [fibonacci_action_client]: Received feedback: array('i', [0, 1, 1, 2, 3, 5, 8, 13, 21, 34])
[INFO] [1733745218.604984415] [fibonacci_action_client]: Received feedback: array('i', [0, 1, 1, 2, 3, 5, 8, 13, 21, 34, 55])
[INFO] [1733745219.107727118] [fibonacci_action_client]: Result: array('i', [0, 1, 1, 2, 3, 5, 8, 13, 21, 34, 55])
[INFO] [1733745219.608869369] [fibonacci_action_client]: Sending goal with order 10
[INFO] [1733745228.133953026] [fibonacci_action_client]: Goal accepted, waiting for result.
[INFO] [1733745228.135871410] [fibonacci_action_client]: Received feedback: array('i', [0, 1, 1])
[INFO] [1733745228.637002239] [fibonacci_action_client]: Received feedback: array('i', [0, 1, 1, 2])
[INFO] [1733745229.138216618] [fibonacci_action_client]: Received feedback: array('i', [0, 1, 1, 2, 3])
[INFO] [1733745229.639634462] [fibonacci_action_client]: Received feedback: array('i', [0, 1, 1, 2, 3, 5])
[INFO] [1733745230.141078710] [fibonacci_action_client]: Received feedback: array('i', [0, 1, 1, 2, 3, 5, 8])
[INFO] [1733745230.642690018] [fibonacci_action_client]: Received feedback: array('i', [0, 1, 1, 2, 3, 5, 8, 13])
[INFO] [1733745231.143756281] [fibonacci_action_client]: Received feedback: array('i', [0, 1, 1, 2, 3, 5, 8, 13, 21])
[INFO] [1733745231.644882916] [fibonacci_action_client]: Received feedback: array('i', [0, 1, 1, 2, 3, 5, 8, 13, 21, 34])
[INFO] [1733745232.145811366] [fibonacci_action_client]: Received feedback: array('i', [0, 1, 1, 2, 3, 5, 8, 13, 21, 34, 55])
[INFO] [1733745232.648373571] [fibonacci_action_client]: Result: array('i', [0, 1, 1, 2, 3, 5, 8, 13, 21, 34, 55])
[INFO] [1733745233.149933090] [fibonacci_action_client]: Sending goal with order 10
[INFO] [1733745241.677806902] [fibonacci_action_client]: Goal accepted, waiting for result.
[INFO] [1733745241.679254919] [fibonacci_action_client]: Received feedback: array('i', [0, 1, 1])
[INFO] [1733745242.180864533] [fibonacci_action_client]: Received feedback: array('i', [0, 1, 1, 2])
[INFO] [1733745242.682004501] [fibonacci_action_client]: Received feedback: array('i', [0, 1, 1, 2, 3])
[INFO] [1733745243.183550333] [fibonacci_action_client]: Received feedback: array('i', [0, 1, 1, 2, 3, 5])
[INFO] [1733745243.685253806] [fibonacci_action_client]: Received feedback: array('i', [0, 1, 1, 2, 3, 5, 8])
[INFO] [1733745244.186720597] [fibonacci_action_client]: Received feedback: array('i', [0, 1, 1, 2, 3, 5, 8, 13])
[INFO] [1733745244.688099391] [fibonacci_action_client]: Received feedback: array('i', [0, 1, 1, 2, 3, 5, 8, 13, 21])
[INFO] [1733745245.189598868] [fibonacci_action_client]: Received feedback: array('i', [0, 1, 1, 2, 3, 5, 8, 13, 21, 34])
[INFO] [1733745245.691362075] [fibonacci_action_client]: Received feedback: array('i', [0, 1, 1, 2, 3, 5, 8, 13, 21, 34, 55])
[INFO] [1733745246.194406892] [fibonacci_action_client]: Result: array('i', [0, 1, 1, 2, 3, 5, 8, 13, 21, 34, 55])
[INFO] [1733745246.695575903] [fibonacci_action_client]: Sending goal with order 10
[INFO] [1733745255.220077440] [fibonacci_action_client]: Goal accepted, waiting for result.
[INFO] [1733745255.221861323] [fibonacci_action_client]: Received feedback: array('i', [0, 1, 1])
[INFO] [1733745255.722821874] [fibonacci_action_client]: Received feedback: array('i', [0, 1, 1, 2])
[INFO] [1733745256.224075591] [fibonacci_action_client]: Received feedback: array('i', [0, 1, 1, 2, 3])
[INFO] [1733745256.725566886] [fibonacci_action_client]: Received feedback: array('i', [0, 1, 1, 2, 3, 5])
[INFO] [1733745257.226548786] [fibonacci_action_client]: Received feedback: array('i', [0, 1, 1, 2, 3, 5, 8])
[INFO] [1733745257.727643989] [fibonacci_action_client]: Received feedback: array('i', [0, 1, 1, 2, 3, 5, 8, 13])
[INFO] [1733745258.229345490] [fibonacci_action_client]: Received feedback: array('i', [0, 1, 1, 2, 3, 5, 8, 13, 21])
[INFO] [1733745258.730246528] [fibonacci_action_client]: Received feedback: array('i', [0, 1, 1, 2, 3, 5, 8, 13, 21, 34])
[INFO] [1733745259.231218361] [fibonacci_action_client]: Received feedback: array('i', [0, 1, 1, 2, 3, 5, 8, 13, 21, 34, 55])
[INFO] [1733745259.734042434] [fibonacci_action_client]: Result: array('i', [0, 1, 1, 2, 3, 5, 8, 13, 21, 34, 55])
[INFO] [1733745260.235132921] [fibonacci_action_client]: Sending goal with order 10
[INFO] [1733745268.760164476] [fibonacci_action_client]: Goal accepted, waiting for result.
[INFO] [1733745268.762042872] [fibonacci_action_client]: Received feedback: array('i', [0, 1, 1])
[INFO] [1733745269.263800111] [fibonacci_action_client]: Received feedback: array('i', [0, 1, 1, 2])
[INFO] [1733745269.765446078] [fibonacci_action_client]: Received feedback: array('i', [0, 1, 1, 2, 3])
[INFO] [1733745270.267021599] [fibonacci_action_client]: Received feedback: array('i', [0, 1, 1, 2, 3, 5])
[INFO] [1733745270.767388639] [fibonacci_action_client]: Received feedback: array('i', [0, 1, 1, 2, 3, 5, 8])
[INFO] [1733745271.268818914] [fibonacci_action_client]: Received feedback: array('i', [0, 1, 1, 2, 3, 5, 8, 13])
[INFO] [1733745271.771817602] [fibonacci_action_client]: Received feedback: array('i', [0, 1, 1, 2, 3, 5, 8, 13, 21])
[INFO] [1733745272.272053710] [fibonacci_action_client]: Received feedback: array('i', [0, 1, 1, 2, 3, 5, 8, 13, 21, 34])
[INFO] [1733745272.773402838] [fibonacci_action_client]: Received feedback: array('i', [0, 1, 1, 2, 3, 5, 8, 13, 21, 34, 55])
[INFO] [1733745273.275445932] [fibonacci_action_client]: Result: array('i', [0, 1, 1, 2, 3, 5, 8, 13, 21, 34, 55])
[INFO] [1733745273.776522276] [fibonacci_action_client]: Sending goal with order 10
[INFO] [1733745282.305182623] [fibonacci_action_client]: Goal accepted, waiting for result.
[INFO] [1733745282.306201823] [fibonacci_action_client]: Received feedback: array('i', [0, 1, 1])
[INFO] [1733745282.807349027] [fibonacci_action_client]: Received feedback: array('i', [0, 1, 1, 2])
[INFO] [1733745283.308649052] [fibonacci_action_client]: Received feedback: array('i', [0, 1, 1, 2, 3])
[INFO] [1733745283.809986333] [fibonacci_action_client]: Received feedback: array('i', [0, 1, 1, 2, 3, 5])
[INFO] [1733745284.311250985] [fibonacci_action_client]: Received feedback: array('i', [0, 1, 1, 2, 3, 5, 8])
[INFO] [1733745284.812744947] [fibonacci_action_client]: Received feedback: array('i', [0, 1, 1, 2, 3, 5, 8, 13])
[INFO] [1733745285.314298820] [fibonacci_action_client]: Received feedback: array('i', [0, 1, 1, 2, 3, 5, 8, 13, 21])
[INFO] [1733745285.815342857] [fibonacci_action_client]: Received feedback: array('i', [0, 1, 1, 2, 3, 5, 8, 13, 21, 34])
[INFO] [1733745286.316947309] [fibonacci_action_client]: Received feedback: array('i', [0, 1, 1, 2, 3, 5, 8, 13, 21, 34, 55])
[INFO] [1733745286.820207383] [fibonacci_action_client]: Result: array('i', [0, 1, 1, 2, 3, 5, 8, 13, 21, 34, 55])
[INFO] [1733745287.321568848] [fibonacci_action_client]: Sending goal with order 10
[INFO] [1733745295.848284769] [fibonacci_action_client]: Goal accepted, waiting for result.
[INFO] [1733745295.849195868] [fibonacci_action_client]: Received feedback: array('i', [0, 1, 1])
[INFO] [1733745296.350388659] [fibonacci_action_client]: Received feedback: array('i', [0, 1, 1, 2])
[INFO] [1733745296.851989646] [fibonacci_action_client]: Received feedback: array('i', [0, 1, 1, 2, 3])
[INFO] [1733745297.353027270] [fibonacci_action_client]: Received feedback: array('i', [0, 1, 1, 2, 3, 5])
[INFO] [1733745297.854829728] [fibonacci_action_client]: Received feedback: array('i', [0, 1, 1, 2, 3, 5, 8])
[INFO] [1733745298.355771538] [fibonacci_action_client]: Received feedback: array('i', [0, 1, 1, 2, 3, 5, 8, 13])
[INFO] [1733745298.857382096] [fibonacci_action_client]: Received feedback: array('i', [0, 1, 1, 2, 3, 5, 8, 13, 21])
[INFO] [1733745299.358857152] [fibonacci_action_client]: Received feedback: array('i', [0, 1, 1, 2, 3, 5, 8, 13, 21, 34])
[INFO] [1733745299.860269687] [fibonacci_action_client]: Received feedback: array('i', [0, 1, 1, 2, 3, 5, 8, 13, 21, 34, 55])
[INFO] [1733745300.363814982] [fibonacci_action_client]: Result: array('i', [0, 1, 1, 2, 3, 5, 8, 13, 21, 34, 55])
[INFO] [1733745300.865150200] [fibonacci_action_client]: Sending goal with order 10
[INFO] [1733745309.392831601] [fibonacci_action_client]: Goal accepted, waiting for result.
[INFO] [1733745309.393705810] [fibonacci_action_client]: Received feedback: array('i', [0, 1, 1])
[INFO] [1733745309.894568427] [fibonacci_action_client]: Received feedback: array('i', [0, 1, 1, 2])
[INFO] [1733745310.397032624] [fibonacci_action_client]: Received feedback: array('i', [0, 1, 1, 2, 3])
[INFO] [1733745310.897545827] [fibonacci_action_client]: Received feedback: array('i', [0, 1, 1, 2, 3, 5])
[INFO] [1733745311.398531349] [fibonacci_action_client]: Received feedback: array('i', [0, 1, 1, 2, 3, 5, 8])
[INFO] [1733745311.900674042] [fibonacci_action_client]: Received feedback: array('i', [0, 1, 1, 2, 3, 5, 8, 13])
[INFO] [1733745312.401919538] [fibonacci_action_client]: Received feedback: array('i', [0, 1, 1, 2, 3, 5, 8, 13, 21])
[INFO] [1733745312.902860835] [fibonacci_action_client]: Received feedback: array('i', [0, 1, 1, 2, 3, 5, 8, 13, 21, 34])
[INFO] [1733745313.404149561] [fibonacci_action_client]: Received feedback: array('i', [0, 1, 1, 2, 3, 5, 8, 13, 21, 34, 55])
[INFO] [1733745313.907342874] [fibonacci_action_client]: Result: array('i', [0, 1, 1, 2, 3, 5, 8, 13, 21, 34, 55])
[INFO] [1733745314.408361181] [fibonacci_action_client]: Sending goal with order 10
[INFO] [1733745322.932959230] [fibonacci_action_client]: Goal accepted, waiting for result.
[INFO] [1733745322.934038396] [fibonacci_action_client]: Received feedback: array('i', [0, 1, 1])
[INFO] [1733745323.434534430] [fibonacci_action_client]: Received feedback: array('i', [0, 1, 1, 2])
[INFO] [1733745323.936045892] [fibonacci_action_client]: Received feedback: array('i', [0, 1, 1, 2, 3])
[INFO] [1733745324.436997982] [fibonacci_action_client]: Received feedback: array('i', [0, 1, 1, 2, 3, 5])
[INFO] [1733745324.938524898] [fibonacci_action_client]: Received feedback: array('i', [0, 1, 1, 2, 3, 5, 8])
[INFO] [1733745325.439920663] [fibonacci_action_client]: Received feedback: array('i', [0, 1, 1, 2, 3, 5, 8, 13])
[INFO] [1733745325.941113779] [fibonacci_action_client]: Received feedback: array('i', [0, 1, 1, 2, 3, 5, 8, 13, 21])
[INFO] [1733745326.442398252] [fibonacci_action_client]: Received feedback: array('i', [0, 1, 1, 2, 3, 5, 8, 13, 21, 34])
[INFO] [1733745326.942924297] [fibonacci_action_client]: Received feedback: array('i', [0, 1, 1, 2, 3, 5, 8, 13, 21, 34, 55])
[INFO] [1733745327.446118953] [fibonacci_action_client]: Result: array('i', [0, 1, 1, 2, 3, 5, 8, 13, 21, 34, 55])
[INFO] [1733745327.947386794] [fibonacci_action_client]: Sending goal with order 10
[INFO] [1733745336.474301312] [fibonacci_action_client]: Goal accepted, waiting for result.
[INFO] [1733745336.474965883] [fibonacci_action_client]: Received feedback: array('i', [0, 1, 1])
[INFO] [1733745336.975806810] [fibonacci_action_client]: Received feedback: array('i', [0, 1, 1, 2])
[INFO] [1733745337.477733305] [fibonacci_action_client]: Received feedback: array('i', [0, 1, 1, 2, 3])
[INFO] [1733745337.979246043] [fibonacci_action_client]: Received feedback: array('i', [0, 1, 1, 2, 3, 5])
[INFO] [1733745338.479870588] [fibonacci_action_client]: Received feedback: array('i', [0, 1, 1, 2, 3, 5, 8])
[INFO] [1733745338.981862857] [fibonacci_action_client]: Received feedback: array('i', [0, 1, 1, 2, 3, 5, 8, 13])
[INFO] [1733745339.482937045] [fibonacci_action_client]: Received feedback: array('i', [0, 1, 1, 2, 3, 5, 8, 13, 21])
[INFO] [1733745339.984097989] [fibonacci_action_client]: Received feedback: array('i', [0, 1, 1, 2, 3, 5, 8, 13, 21, 34])
[INFO] [1733745340.486043053] [fibonacci_action_client]: Received feedback: array('i', [0, 1, 1, 2, 3, 5, 8, 13, 21, 34, 55])
[INFO] [1733745340.991220005] [fibonacci_action_client]: Result: array('i', [0, 1, 1, 2, 3, 5, 8, 13, 21, 34, 55])
[INFO] [1733745341.492227217] [fibonacci_action_client]: Sending goal with order 10
[INFO] [1733745350.018091033] [fibonacci_action_client]: Goal accepted, waiting for result.
[INFO] [1733745350.018760966] [fibonacci_action_client]: Received feedback: array('i', [0, 1, 1])
[INFO] [1733745350.519467565] [fibonacci_action_client]: Received feedback: array('i', [0, 1, 1, 2])
[INFO] [1733745351.020870646] [fibonacci_action_client]: Received feedback: array('i', [0, 1, 1, 2, 3])
[INFO] [1733745351.521720136] [fibonacci_action_client]: Received feedback: array('i', [0, 1, 1, 2, 3, 5])
[INFO] [1733745352.023289692] [fibonacci_action_client]: Received feedback: array('i', [0, 1, 1, 2, 3, 5, 8])
[INFO] [1733745352.524545248] [fibonacci_action_client]: Received feedback: array('i', [0, 1, 1, 2, 3, 5, 8, 13])
[INFO] [1733745353.025971673] [fibonacci_action_client]: Received feedback: array('i', [0, 1, 1, 2, 3, 5, 8, 13, 21])
[INFO] [1733745353.526706363] [fibonacci_action_client]: Received feedback: array('i', [0, 1, 1, 2, 3, 5, 8, 13, 21, 34])
[INFO] [1733745354.027653611] [fibonacci_action_client]: Received feedback: array('i', [0, 1, 1, 2, 3, 5, 8, 13, 21, 34, 55])
[INFO] [1733745354.532306675] [fibonacci_action_client]: Result: array('i', [0, 1, 1, 2, 3, 5, 8, 13, 21, 34, 55])
[INFO] [1733745355.033422341] [fibonacci_action_client]: Sending goal with order 10
[INFO] [1733745363.560053675] [fibonacci_action_client]: Goal accepted, waiting for result.
[INFO] [1733745363.560818502] [fibonacci_action_client]: Received feedback: array('i', [0, 1, 1])
[INFO] [1733745364.060998257] [fibonacci_action_client]: Received feedback: array('i', [0, 1, 1, 2])
[INFO] [1733745364.562457403] [fibonacci_action_client]: Received feedback: array('i', [0, 1, 1, 2, 3])
[INFO] [1733745365.063366991] [fibonacci_action_client]: Received feedback: array('i', [0, 1, 1, 2, 3, 5])
[INFO] [1733745365.564976210] [fibonacci_action_client]: Received feedback: array('i', [0, 1, 1, 2, 3, 5, 8])
[INFO] [1733745366.067174296] [fibonacci_action_client]: Received feedback: array('i', [0, 1, 1, 2, 3, 5, 8, 13])
[INFO] [1733745366.567665989] [fibonacci_action_client]: Received feedback: array('i', [0, 1, 1, 2, 3, 5, 8, 13, 21])
[INFO] [1733745367.069231854] [fibonacci_action_client]: Received feedback: array('i', [0, 1, 1, 2, 3, 5, 8, 13, 21, 34])
[INFO] [1733745367.571015187] [fibonacci_action_client]: Received feedback: array('i', [0, 1, 1, 2, 3, 5, 8, 13, 21, 34, 55])
[INFO] [1733745368.074614304] [fibonacci_action_client]: Result: array('i', [0, 1, 1, 2, 3, 5, 8, 13, 21, 34, 55])
[INFO] [1733745368.575549927] [fibonacci_action_client]: Sending goal with order 10
[INFO] [1733745372.589092121] [fibonacci_action_client]: Goal accepted, waiting for result.
[INFO] [1733745368.076422249] [fibonacci_action_client]: Received feedback: array('i', [0, 1, 1])
[INFO] [1733745368.575698695] [fibonacci_action_client]: Received feedback: array('i', [0, 1, 1, 2])
[INFO] [1733745369.077373850] [fibonacci_action_client]: Received feedback: array('i', [0, 1, 1, 2, 3])
[INFO] [1733745369.578260870] [fibonacci_action_client]: Received feedback: array('i', [0, 1, 1, 2, 3, 5])
[INFO] [1733745370.079326780] [fibonacci_action_client]: Received feedback: array('i', [0, 1, 1, 2, 3, 5, 8])
[INFO] [1733745370.580451087] [fibonacci_action_client]: Received feedback: array('i', [0, 1, 1, 2, 3, 5, 8, 13])
[INFO] [1733745371.082034907] [fibonacci_action_client]: Received feedback: array('i', [0, 1, 1, 2, 3, 5, 8, 13, 21])
[INFO] [1733745371.583342286] [fibonacci_action_client]: Received feedback: array('i', [0, 1, 1, 2, 3, 5, 8, 13, 21, 34])
[INFO] [1733745372.084299877] [fibonacci_action_client]: Received feedback: array('i', [0, 1, 1, 2, 3, 5, 8, 13, 21, 34, 55])
