[INFO] [1733774184.232191820] [fibonacci_action_server]: Executing goal...
[INFO] [1733774184.232626834] [fibonacci_action_server]: Feedback: array('i', [0, 1, 1])
[INFO] [1733774184.734048160] [fibonacci_action_server]: Feedback: array('i', [0, 1, 1, 2])
[INFO] [1733774185.235119686] [fibonacci_action_server]: Feedback: array('i', [0, 1, 1, 2, 3])
[INFO] [1733774185.736459768] [fibonacci_action_server]: Feedback: array('i', [0, 1, 1, 2, 3, 5])
[INFO] [1733774186.237969962] [fibonacci_action_server]: Feedback: array('i', [0, 1, 1, 2, 3, 5, 8])
[INFO] [1733774186.739099632] [fibonacci_action_server]: Feedback: array('i', [0, 1, 1, 2, 3, 5, 8, 13])
[INFO] [1733774187.240211903] [fibonacci_action_server]: Feedback: array('i', [0, 1, 1, 2, 3, 5, 8, 13, 21])
[INFO] [1733774187.741628339] [fibonacci_action_server]: Feedback: array('i', [0, 1, 1, 2, 3, 5, 8, 13, 21, 34])
[INFO] [1733774188.242909488] [fibonacci_action_server]: Feedback: array('i', [0, 1, 1, 2, 3, 5, 8, 13, 21, 34, 55])
[INFO] [1733774189.247465011] [fibonacci_action_server]: Executing goal...
[INFO] [1733774189.247849120] [fibonacci_action_server]: Feedback: array('i', [0, 1, 1])
[INFO] [1733774189.748988810] [fibonacci_action_server]: Feedback: array('i', [0, 1, 1, 2])
[INFO] [1733774190.249824847] [fibonacci_action_server]: Feedback: array('i', [0, 1, 1, 2, 3])
[INFO] [1733774190.750919763] [fibonacci_action_server]: Feedback: array('i', [0, 1, 1, 2, 3, 5])
[INFO] [1733774191.252274887] [fibonacci_action_server]: Feedback: array('i', [0, 1, 1, 2, 3, 5, 8])
[INFO] [1733774191.753749998] [fibonacci_action_server]: Feedback: array('i', [0, 1, 1, 2, 3, 5, 8, 13])
[INFO] [1733774192.255091869] [fibonacci_action_server]: Feedback: array('i', [0, 1, 1, 2, 3, 5, 8, 13, 21])
[INFO] [1733774192.756594388] [fibonacci_action_server]: Feedback: array('i', [0, 1, 1, 2, 3, 5, 8, 13, 21, 34])
[INFO] [1733774193.257894632] [fibonacci_action_server]: Feedback: array('i', [0, 1, 1, 2, 3, 5, 8, 13, 21, 34, 55])
[INFO] [1733774194.262262051] [fibonacci_action_server]: Executing goal...
[INFO] [1733774194.262619950] [fibonacci_action_server]: Feedback: array('i', [0, 1, 1])
[INFO] [1733774194.763690816] [fibonacci_action_server]: Feedback: array('i', [0, 1, 1, 2])
[INFO] [1733774195.265076619] [fibonacci_action_server]: Feedback: array('i', [0, 1, 1, 2, 3])
[INFO] [1733774195.766047098] [fibonacci_action_server]: Feedback: array('i', [0, 1, 1, 2, 3, 5])
[INFO] [1733774196.267328582] [fibonacci_action_server]: Feedback: array('i', [0, 1, 1, 2, 3, 5, 8])
[INFO] [1733774196.768443277] [fibonacci_action_server]: Feedback: array('i', [0, 1, 1, 2, 3, 5, 8, 13])
[INFO] [1733774197.269549247] [fibonacci_action_server]: Feedback: array('i', [0, 1, 1, 2, 3, 5, 8, 13, 21])
[INFO] [1733774197.770823671] [fibonacci_action_server]: Feedback: array('i', [0, 1, 1, 2, 3, 5, 8, 13, 21, 34])
[INFO] [1733774198.272205547] [fibonacci_action_server]: Feedback: array('i', [0, 1, 1, 2, 3, 5, 8, 13, 21, 34, 55])
[INFO] [1733774199.277055171] [fibonacci_action_server]: Executing goal...
[INFO] [1733774199.277450008] [fibonacci_action_server]: Feedback: array('i', [0, 1, 1])
[INFO] [1733774199.778569579] [fibonacci_action_server]: Feedback: array('i', [0, 1, 1, 2])
[INFO] [1733774200.279785049] [fibonacci_action_server]: Feedback: array('i', [0, 1, 1, 2, 3])
[INFO] [1733774200.780905550] [fibonacci_action_server]: Feedback: array('i', [0, 1, 1, 2, 3, 5])
[INFO] [1733774201.282047180] [fibonacci_action_server]: Feedback: array('i', [0, 1, 1, 2, 3, 5, 8])
[INFO] [1733774201.783164502] [fibonacci_action_server]: Feedback: array('i', [0, 1, 1, 2, 3, 5, 8, 13])
[INFO] [1733774202.284574865] [fibonacci_action_server]: Feedback: array('i', [0, 1, 1, 2, 3, 5, 8, 13, 21])
[INFO] [1733774202.786196728] [fibonacci_action_server]: Feedback: array('i', [0, 1, 1, 2, 3, 5, 8, 13, 21, 34])
[INFO] [1733774203.287562063] [fibonacci_action_server]: Feedback: array('i', [0, 1, 1, 2, 3, 5, 8, 13, 21, 34, 55])
[INFO] [1733774204.292662230] [fibonacci_action_server]: Executing goal...
[INFO] [1733774204.293028811] [fibonacci_action_server]: Feedback: array('i', [0, 1, 1])
[INFO] [1733774204.793854416] [fibonacci_action_server]: Feedback: array('i', [0, 1, 1, 2])
[INFO] [1733774205.295091186] [fibonacci_action_server]: Feedback: array('i', [0, 1, 1, 2, 3])
[INFO] [1733774205.796291544] [fibonacci_action_server]: Feedback: array('i', [0, 1, 1, 2, 3, 5])
[INFO] [1733774206.297464126] [fibonacci_action_server]: Feedback: array('i', [0, 1, 1, 2, 3, 5, 8])
[INFO] [1733774206.798549394] [fibonacci_action_server]: Feedback: array('i', [0, 1, 1, 2, 3, 5, 8, 13])
[INFO] [1733774207.299662088] [fibonacci_action_server]: Feedback: array('i', [0, 1, 1, 2, 3, 5, 8, 13, 21])
[INFO] [1733774207.801111734] [fibonacci_action_server]: Feedback: array('i', [0, 1, 1, 2, 3, 5, 8, 13, 21, 34])
[INFO] [1733774208.301981753] [fibonacci_action_server]: Feedback: array('i', [0, 1, 1, 2, 3, 5, 8, 13, 21, 34, 55])
[INFO] [1733774209.307329594] [fibonacci_action_server]: Executing goal...
[INFO] [1733774209.307693521] [fibonacci_action_server]: Feedback: array('i', [0, 1, 1])
[INFO] [1733774209.808759282] [fibonacci_action_server]: Feedback: array('i', [0, 1, 1, 2])
[INFO] [1733774210.309753774] [fibonacci_action_server]: Feedback: array('i', [0, 1, 1, 2, 3])
[INFO] [1733774210.810996379] [fibonacci_action_server]: Feedback: array('i', [0, 1, 1, 2, 3, 5])
[INFO] [1733774211.312559518] [fibonacci_action_server]: Feedback: array('i', [0, 1, 1, 2, 3, 5, 8])
[INFO] [1733774211.814119615] [fibonacci_action_server]: Feedback: array('i', [0, 1, 1, 2, 3, 5, 8, 13])
[INFO] [1733774212.315400225] [fibonacci_action_server]: Feedback: array('i', [0, 1, 1, 2, 3, 5, 8, 13, 21])
[INFO] [1733774212.816770095] [fibonacci_action_server]: Feedback: array('i', [0, 1, 1, 2, 3, 5, 8, 13, 21, 34])
[INFO] [1733774213.318071281] [fibonacci_action_server]: Feedback: array('i', [0, 1, 1, 2, 3, 5, 8, 13, 21, 34, 55])
[INFO] [1733774214.324252968] [fibonacci_action_server]: Executing goal...
[INFO] [1733774214.324717293] [fibonacci_action_server]: Feedback: array('i', [0, 1, 1])
[INFO] [1733774214.825957445] [fibonacci_action_server]: Feedback: array('i', [0, 1, 1, 2])
[INFO] [1733774215.326793829] [fibonacci_action_server]: Feedback: array('i', [0, 1, 1, 2, 3])
[INFO] [1733774215.828082936] [fibonacci_action_server]: Feedback: array('i', [0, 1, 1, 2, 3, 5])
[INFO] [1733774216.329185938] [fibonacci_action_server]: Feedback: array('i', [0, 1, 1, 2, 3, 5, 8])
[INFO] [1733774216.830309650] [fibonacci_action_server]: Feedback: array('i', [0, 1, 1, 2, 3, 5, 8, 13])
[INFO] [1733774217.331509562] [fibonacci_action_server]: Feedback: array('i', [0, 1, 1, 2, 3, 5, 8, 13, 21])
[INFO] [1733774217.832882173] [fibonacci_action_server]: Feedback: array('i', [0, 1, 1, 2, 3, 5, 8, 13, 21, 34])
[INFO] [1733774218.333833174] [fibonacci_action_server]: Feedback: array('i', [0, 1, 1, 2, 3, 5, 8, 13, 21, 34, 55])
[INFO] [1733774219.339097209] [fibonacci_action_server]: Executing goal...
[INFO] [1733774219.339469512] [fibonacci_action_server]: Feedback: array('i', [0, 1, 1])
[INFO] [1733774219.840345805] [fibonacci_action_server]: Feedback: array('i', [0, 1, 1, 2])
[INFO] [1733774220.341629838] [fibonacci_action_server]: Feedback: array('i', [0, 1, 1, 2, 3])
[INFO] [1733774220.842864033] [fibonacci_action_server]: Feedback: array('i', [0, 1, 1, 2, 3, 5])
[INFO] [1733774221.344208879] [fibonacci_action_server]: Feedback: array('i', [0, 1, 1, 2, 3, 5, 8])
[INFO] [1733774221.845746217] [fibonacci_action_server]: Feedback: array('i', [0, 1, 1, 2, 3, 5, 8, 13])
[INFO] [1733774222.346882666] [fibonacci_action_server]: Feedback: array('i', [0, 1, 1, 2, 3, 5, 8, 13, 21])
[INFO] [1733774222.848336336] [fibonacci_action_server]: Feedback: array('i', [0, 1, 1, 2, 3, 5, 8, 13, 21, 34])
[INFO] [1733774223.349891616] [fibonacci_action_server]: Feedback: array('i', [0, 1, 1, 2, 3, 5, 8, 13, 21, 34, 55])
[INFO] [1733774224.355362428] [fibonacci_action_server]: Executing goal...
[INFO] [1733774224.355767863] [fibonacci_action_server]: Feedback: array('i', [0, 1, 1])
[INFO] [1733774224.856793853] [fibonacci_action_server]: Feedback: array('i', [0, 1, 1, 2])
[INFO] [1733774225.357779563] [fibonacci_action_server]: Feedback: array('i', [0, 1, 1, 2, 3])
[INFO] [1733774225.859234458] [fibonacci_action_server]: Feedback: array('i', [0, 1, 1, 2, 3, 5])
[INFO] [1733774226.360642020] [fibonacci_action_server]: Feedback: array('i', [0, 1, 1, 2, 3, 5, 8])
[INFO] [1733774226.862008553] [fibonacci_action_server]: Feedback: array('i', [0, 1, 1, 2, 3, 5, 8, 13])
[INFO] [1733774227.363223089] [fibonacci_action_server]: Feedback: array('i', [0, 1, 1, 2, 3, 5, 8, 13, 21])
[INFO] [1733774227.864644146] [fibonacci_action_server]: Feedback: array('i', [0, 1, 1, 2, 3, 5, 8, 13, 21, 34])
[INFO] [1733774228.365730444] [fibonacci_action_server]: Feedback: array('i', [0, 1, 1, 2, 3, 5, 8, 13, 21, 34, 55])
[INFO] [1733774229.370952079] [fibonacci_action_server]: Executing goal...
[INFO] [1733774229.371321290] [fibonacci_action_server]: Feedback: array('i', [0, 1, 1])
[INFO] [1733774229.872610165] [fibonacci_action_server]: Feedback: array('i', [0, 1, 1, 2])
[INFO] [1733774230.373947354] [fibonacci_action_server]: Feedback: array('i', [0, 1, 1, 2, 3])
[INFO] [1733774230.874646827] [fibonacci_action_server]: Feedback: array('i', [0, 1, 1, 2, 3, 5])
[INFO] [1733774231.376023297] [fibonacci_action_server]: Feedback: array('i', [0, 1, 1, 2, 3, 5, 8])
[INFO] [1733774231.877335362] [fibonacci_action_server]: Feedback: array('i', [0, 1, 1, 2, 3, 5, 8, 13])
[INFO] [1733774232.378862447] [fibonacci_action_server]: Feedback: array('i', [0, 1, 1, 2, 3, 5, 8, 13, 21])
[INFO] [1733774232.880094466] [fibonacci_action_server]: Feedback: array('i', [0, 1, 1, 2, 3, 5, 8, 13, 21, 34])
[INFO] [1733774233.381477282] [fibonacci_action_server]: Feedback: array('i', [0, 1, 1, 2, 3, 5, 8, 13, 21, 34, 55])
[INFO] [1733774234.385892559] [fibonacci_action_server]: Executing goal...
[INFO] [1733774234.386307452] [fibonacci_action_server]: Feedback: array('i', [0, 1, 1])
[INFO] [1733774234.887317170] [fibonacci_action_server]: Feedback: array('i', [0, 1, 1, 2])
[INFO] [1733774235.388678281] [fibonacci_action_server]: Feedback: array('i', [0, 1, 1, 2, 3])
[INFO] [1733774235.890077333] [fibonacci_action_server]: Feedback: array('i', [0, 1, 1, 2, 3, 5])
[INFO] [1733774236.391176152] [fibonacci_action_server]: Feedback: array('i', [0, 1, 1, 2, 3, 5, 8])
[INFO] [1733774236.892529822] [fibonacci_action_server]: Feedback: array('i', [0, 1, 1, 2, 3, 5, 8, 13])
[INFO] [1733774237.393969426] [fibonacci_action_server]: Feedback: array('i', [0, 1, 1, 2, 3, 5, 8, 13, 21])
[INFO] [1733774237.895184771] [fibonacci_action_server]: Feedback: array('i', [0, 1, 1, 2, 3, 5, 8, 13, 21, 34])
[INFO] [1733774238.396261657] [fibonacci_action_server]: Feedback: array('i', [0, 1, 1, 2, 3, 5, 8, 13, 21, 34, 55])
[INFO] [1733774239.401316028] [fibonacci_action_server]: Executing goal...
[INFO] [1733774239.401779125] [fibonacci_action_server]: Feedback: array('i', [0, 1, 1])
[INFO] [1733774239.903070161] [fibonacci_action_server]: Feedback: array('i', [0, 1, 1, 2])
[INFO] [1733774240.404480387] [fibonacci_action_server]: Feedback: array('i', [0, 1, 1, 2, 3])
[INFO] [1733774240.905534490] [fibonacci_action_server]: Feedback: array('i', [0, 1, 1, 2, 3, 5])
[INFO] [1733774241.406643260] [fibonacci_action_server]: Feedback: array('i', [0, 1, 1, 2, 3, 5, 8])
[INFO] [1733774241.907776321] [fibonacci_action_server]: Feedback: array('i', [0, 1, 1, 2, 3, 5, 8, 13])
[INFO] [1733774242.409064730] [fibonacci_action_server]: Feedback: array('i', [0, 1, 1, 2, 3, 5, 8, 13, 21])
[INFO] [1733774242.909940257] [fibonacci_action_server]: Feedback: array('i', [0, 1, 1, 2, 3, 5, 8, 13, 21, 34])
[INFO] [1733774243.411049612] [fibonacci_action_server]: Feedback: array('i', [0, 1, 1, 2, 3, 5, 8, 13, 21, 34, 55])
[INFO] [1733774244.415367575] [fibonacci_action_server]: Executing goal...
[INFO] [1733774244.415752054] [fibonacci_action_server]: Feedback: array('i', [0, 1, 1])
[INFO] [1733774244.916939643] [fibonacci_action_server]: Feedback: array('i', [0, 1, 1, 2])
[INFO] [1733774245.418069653] [fibonacci_action_server]: Feedback: array('i', [0, 1, 1, 2, 3])
[INFO] [1733774245.919428300] [fibonacci_action_server]: Feedback: array('i', [0, 1, 1, 2, 3, 5])
[INFO] [1733774246.420847837] [fibonacci_action_server]: Feedback: array('i', [0, 1, 1, 2, 3, 5, 8])
[INFO] [1733774246.922100803] [fibonacci_action_server]: Feedback: array('i', [0, 1, 1, 2, 3, 5, 8, 13])
[INFO] [1733774247.423212494] [fibonacci_action_server]: Feedback: array('i', [0, 1, 1, 2, 3, 5, 8, 13, 21])
[INFO] [1733774247.924527293] [fibonacci_action_server]: Feedback: array('i', [0, 1, 1, 2, 3, 5, 8, 13, 21, 34])
[INFO] [1733774248.425860890] [fibonacci_action_server]: Feedback: array('i', [0, 1, 1, 2, 3, 5, 8, 13, 21, 34, 55])
[INFO] [1733774249.431342647] [fibonacci_action_server]: Executing goal...
[INFO] [1733774249.431714980] [fibonacci_action_server]: Feedback: array('i', [0, 1, 1])
[INFO] [1733774249.932977283] [fibonacci_action_server]: Feedback: array('i', [0, 1, 1, 2])
[INFO] [1733774250.433792327] [fibonacci_action_server]: Feedback: array('i', [0, 1, 1, 2, 3])
[INFO] [1733774250.935063355] [fibonacci_action_server]: Feedback: array('i', [0, 1, 1, 2, 3, 5])
[INFO] [1733774251.436424054] [fibonacci_action_server]: Feedback: array('i', [0, 1, 1, 2, 3, 5, 8])
[INFO] [1733774251.937912887] [fibonacci_action_server]: Feedback: array('i', [0, 1, 1, 2, 3, 5, 8, 13])
[INFO] [1733774252.439250517] [fibonacci_action_server]: Feedback: array('i', [0, 1, 1, 2, 3, 5, 8, 13, 21])
[INFO] [1733774252.940401238] [fibonacci_action_server]: Feedback: array('i', [0, 1, 1, 2, 3, 5, 8, 13, 21, 34])
[INFO] [1733774253.441518157] [fibonacci_action_server]: Feedback: array('i', [0, 1, 1, 2, 3, 5, 8, 13, 21, 34, 55])
[INFO] [1733774254.446319071] [fibonacci_action_server]: Executing goal...
[INFO] [1733774254.446687628] [fibonacci_action_server]: Feedback: array('i', [0, 1, 1])
[INFO] [1733774254.947934972] [fibonacci_action_server]: Feedback: array('i', [0, 1, 1, 2])
[INFO] [1733774255.449427897] [fibonacci_action_server]: Feedback: array('i', [0, 1, 1, 2, 3])
[INFO] [1733774255.950642298] [fibonacci_action_server]: Feedback: array('i', [0, 1, 1, 2, 3, 5])
[INFO] [1733774256.452008935] [fibonacci_action_server]: Feedback: array('i', [0, 1, 1, 2, 3, 5, 8])
[INFO] [1733774256.953568405] [fibonacci_action_server]: Feedback: array('i', [0, 1, 1, 2, 3, 5, 8, 13])
[INFO] [1733774257.454834170] [fibonacci_action_server]: Feedback: array('i', [0, 1, 1, 2, 3, 5, 8, 13, 21])
[INFO] [1733774257.956282391] [fibonacci_action_server]: Feedback: array('i', [0, 1, 1, 2, 3, 5, 8, 13, 21, 34])
[INFO] [1733774258.457806923] [fibonacci_action_server]: Feedback: array('i', [0, 1, 1, 2, 3, 5, 8, 13, 21, 34, 55])
[INFO] [1733774259.463011602] [fibonacci_action_server]: Executing goal...
[INFO] [1733774259.463376190] [fibonacci_action_server]: Feedback: array('i', [0, 1, 1])
[INFO] [1733774259.964648078] [fibonacci_action_server]: Feedback: array('i', [0, 1, 1, 2])
[INFO] [1733774260.465760508] [fibonacci_action_server]: Feedback: array('i', [0, 1, 1, 2, 3])
[INFO] [1733774260.966570649] [fibonacci_action_server]: Feedback: array('i', [0, 1, 1, 2, 3, 5])
[INFO] [1733774261.467980794] [fibonacci_action_server]: Feedback: array('i', [0, 1, 1, 2, 3, 5, 8])
[INFO] [1733774261.969457259] [fibonacci_action_server]: Feedback: array('i', [0, 1, 1, 2, 3, 5, 8, 13])
[INFO] [1733774262.470091128] [fibonacci_action_server]: Feedback: array('i', [0, 1, 1, 2, 3, 5, 8, 13, 21])
[INFO] [1733774262.971184810] [fibonacci_action_server]: Feedback: array('i', [0, 1, 1, 2, 3, 5, 8, 13, 21, 34])
[INFO] [1733774263.472260219] [fibonacci_action_server]: Feedback: array('i', [0, 1, 1, 2, 3, 5, 8, 13, 21, 34, 55])
[INFO] [1733774264.477288892] [fibonacci_action_server]: Executing goal...
[INFO] [1733774264.477709152] [fibonacci_action_server]: Feedback: array('i', [0, 1, 1])
[INFO] [1733774264.978928297] [fibonacci_action_server]: Feedback: array('i', [0, 1, 1, 2])
[INFO] [1733774265.480310311] [fibonacci_action_server]: Feedback: array('i', [0, 1, 1, 2, 3])
[INFO] [1733774265.981763891] [fibonacci_action_server]: Feedback: array('i', [0, 1, 1, 2, 3, 5])
[INFO] [1733774266.483001304] [fibonacci_action_server]: Feedback: array('i', [0, 1, 1, 2, 3, 5, 8])
[INFO] [1733774266.984801640] [fibonacci_action_server]: Feedback: array('i', [0, 1, 1, 2, 3, 5, 8, 13])
[INFO] [1733774267.485718734] [fibonacci_action_server]: Feedback: array('i', [0, 1, 1, 2, 3, 5, 8, 13, 21])
[INFO] [1733774267.987165051] [fibonacci_action_server]: Feedback: array('i', [0, 1, 1, 2, 3, 5, 8, 13, 21, 34])
[INFO] [1733774268.488356866] [fibonacci_action_server]: Feedback: array('i', [0, 1, 1, 2, 3, 5, 8, 13, 21, 34, 55])
[INFO] [1733774269.495023077] [fibonacci_action_server]: Executing goal...
[INFO] [1733774269.495661545] [fibonacci_action_server]: Feedback: array('i', [0, 1, 1])
[INFO] [1733774269.996811356] [fibonacci_action_server]: Feedback: array('i', [0, 1, 1, 2])
[INFO] [1733774270.497894045] [fibonacci_action_server]: Feedback: array('i', [0, 1, 1, 2, 3])
[INFO] [1733774270.999097936] [fibonacci_action_server]: Feedback: array('i', [0, 1, 1, 2, 3, 5])
[INFO] [1733774271.500380993] [fibonacci_action_server]: Feedback: array('i', [0, 1, 1, 2, 3, 5, 8])
[INFO] [1733774272.001809167] [fibonacci_action_server]: Feedback: array('i', [0, 1, 1, 2, 3, 5, 8, 13])
[INFO] [1733774272.502892098] [fibonacci_action_server]: Feedback: array('i', [0, 1, 1, 2, 3, 5, 8, 13, 21])
[INFO] [1733774273.003994402] [fibonacci_action_server]: Feedback: array('i', [0, 1, 1, 2, 3, 5, 8, 13, 21, 34])
[INFO] [1733774273.505462383] [fibonacci_action_server]: Feedback: array('i', [0, 1, 1, 2, 3, 5, 8, 13, 21, 34, 55])
[INFO] [1733774274.511547380] [fibonacci_action_server]: Executing goal...
[INFO] [1733774274.511974619] [fibonacci_action_server]: Feedback: array('i', [0, 1, 1])
[INFO] [1733774275.013466391] [fibonacci_action_server]: Feedback: array('i', [0, 1, 1, 2])
[INFO] [1733774275.514708347] [fibonacci_action_server]: Feedback: array('i', [0, 1, 1, 2, 3])
[INFO] [1733774276.016145473] [fibonacci_action_server]: Feedback: array('i', [0, 1, 1, 2, 3, 5])
[INFO] [1733774276.517233730] [fibonacci_action_server]: Feedback: array('i', [0, 1, 1, 2, 3, 5, 8])
[INFO] [1733774277.018546442] [fibonacci_action_server]: Feedback: array('i', [0, 1, 1, 2, 3, 5, 8, 13])
[INFO] [1733774277.519912847] [fibonacci_action_server]: Feedback: array('i', [0, 1, 1, 2, 3, 5, 8, 13, 21])
[INFO] [1733774278.021497723] [fibonacci_action_server]: Feedback: array('i', [0, 1, 1, 2, 3, 5, 8, 13, 21, 34])
[INFO] [1733774278.522916740] [fibonacci_action_server]: Feedback: array('i', [0, 1, 1, 2, 3, 5, 8, 13, 21, 34, 55])
[INFO] [1733774279.528225802] [fibonacci_action_server]: Executing goal...
[INFO] [1733774279.528601967] [fibonacci_action_server]: Feedback: array('i', [0, 1, 1])
[INFO] [1733774280.029665055] [fibonacci_action_server]: Feedback: array('i', [0, 1, 1, 2])
[INFO] [1733774280.530911039] [fibonacci_action_server]: Feedback: array('i', [0, 1, 1, 2, 3])
[INFO] [1733774281.032014178] [fibonacci_action_server]: Feedback: array('i', [0, 1, 1, 2, 3, 5])
[INFO] [1733774281.533113956] [fibonacci_action_server]: Feedback: array('i', [0, 1, 1, 2, 3, 5, 8])
[INFO] [1733774282.033771248] [fibonacci_action_server]: Feedback: array('i', [0, 1, 1, 2, 3, 5, 8, 13])
[INFO] [1733774282.535121001] [fibonacci_action_server]: Feedback: array('i', [0, 1, 1, 2, 3, 5, 8, 13, 21])
[INFO] [1733774283.036559381] [fibonacci_action_server]: Feedback: array('i', [0, 1, 1, 2, 3, 5, 8, 13, 21, 34])
[INFO] [1733774283.537849490] [fibonacci_action_server]: Feedback: array('i', [0, 1, 1, 2, 3, 5, 8, 13, 21, 34, 55])
[INFO] [1733774284.543101889] [fibonacci_action_server]: Executing goal...
[INFO] [1733774284.543476260] [fibonacci_action_server]: Feedback: array('i', [0, 1, 1])
[INFO] [1733774285.044578215] [fibonacci_action_server]: Feedback: array('i', [0, 1, 1, 2])
[INFO] [1733774285.545920968] [fibonacci_action_server]: Feedback: array('i', [0, 1, 1, 2, 3])
[INFO] [1733774286.047180523] [fibonacci_action_server]: Feedback: array('i', [0, 1, 1, 2, 3, 5])
[INFO] [1733774286.548565851] [fibonacci_action_server]: Feedback: array('i', [0, 1, 1, 2, 3, 5, 8])
[INFO] [1733774287.050007359] [fibonacci_action_server]: Feedback: array('i', [0, 1, 1, 2, 3, 5, 8, 13])
[INFO] [1733774287.550921586] [fibonacci_action_server]: Feedback: array('i', [0, 1, 1, 2, 3, 5, 8, 13, 21])
[INFO] [1733774288.051625201] [fibonacci_action_server]: Feedback: array('i', [0, 1, 1, 2, 3, 5, 8, 13, 21, 34])
[INFO] [1733774288.553214289] [fibonacci_action_server]: Feedback: array('i', [0, 1, 1, 2, 3, 5, 8, 13, 21, 34, 55])
[INFO] [1733774289.558331009] [fibonacci_action_server]: Executing goal...
[INFO] [1733774289.558943308] [fibonacci_action_server]: Feedback: array('i', [0, 1, 1])
[INFO] [1733774290.059946307] [fibonacci_action_server]: Feedback: array('i', [0, 1, 1, 2])
[INFO] [1733774290.561018896] [fibonacci_action_server]: Feedback: array('i', [0, 1, 1, 2, 3])
[INFO] [1733774291.061901022] [fibonacci_action_server]: Feedback: array('i', [0, 1, 1, 2, 3, 5])
[INFO] [1733774291.563125384] [fibonacci_action_server]: Feedback: array('i', [0, 1, 1, 2, 3, 5, 8])
[INFO] [1733774292.064509060] [fibonacci_action_server]: Feedback: array('i', [0, 1, 1, 2, 3, 5, 8, 13])
[INFO] [1733774292.565915982] [fibonacci_action_server]: Feedback: array('i', [0, 1, 1, 2, 3, 5, 8, 13, 21])
[INFO] [1733774293.067236679] [fibonacci_action_server]: Feedback: array('i', [0, 1, 1, 2, 3, 5, 8, 13, 21, 34])
[INFO] [1733774293.568589598] [fibonacci_action_server]: Feedback: array('i', [0, 1, 1, 2, 3, 5, 8, 13, 21, 34, 55])
[INFO] [1733774294.573282175] [fibonacci_action_server]: Executing goal...
[INFO] [1733774294.573666450] [fibonacci_action_server]: Feedback: array('i', [0, 1, 1])
[INFO] [1733774295.074807068] [fibonacci_action_server]: Feedback: array('i', [0, 1, 1, 2])
[INFO] [1733774295.576034569] [fibonacci_action_server]: Feedback: array('i', [0, 1, 1, 2, 3])
[INFO] [1733774296.077562272] [fibonacci_action_server]: Feedback: array('i', [0, 1, 1, 2, 3, 5])
[INFO] [1733774296.578787842] [fibonacci_action_server]: Feedback: array('i', [0, 1, 1, 2, 3, 5, 8])
[INFO] [1733774297.079982499] [fibonacci_action_server]: Feedback: array('i', [0, 1, 1, 2, 3, 5, 8, 13])
[INFO] [1733774297.581229387] [fibonacci_action_server]: Feedback: array('i', [0, 1, 1, 2, 3, 5, 8, 13, 21])
[INFO] [1733774298.082562448] [fibonacci_action_server]: Feedback: array('i', [0, 1, 1, 2, 3, 5, 8, 13, 21, 34])
[INFO] [1733774298.583945993] [fibonacci_action_server]: Feedback: array('i', [0, 1, 1, 2, 3, 5, 8, 13, 21, 34, 55])
[INFO] [1733774299.589475997] [fibonacci_action_server]: Executing goal...
[INFO] [1733774299.589837873] [fibonacci_action_server]: Feedback: array('i', [0, 1, 1])
[INFO] [1733774300.090897280] [fibonacci_action_server]: Feedback: array('i', [0, 1, 1, 2])
[INFO] [1733774300.592014366] [fibonacci_action_server]: Feedback: array('i', [0, 1, 1, 2, 3])
[INFO] [1733774301.093274059] [fibonacci_action_server]: Feedback: array('i', [0, 1, 1, 2, 3, 5])
[INFO] [1733774301.593987902] [fibonacci_action_server]: Feedback: array('i', [0, 1, 1, 2, 3, 5, 8])
[INFO] [1733774302.095225386] [fibonacci_action_server]: Feedback: array('i', [0, 1, 1, 2, 3, 5, 8, 13])
[INFO] [1733774302.596537575] [fibonacci_action_server]: Feedback: array('i', [0, 1, 1, 2, 3, 5, 8, 13, 21])
[INFO] [1733774303.097803591] [fibonacci_action_server]: Feedback: array('i', [0, 1, 1, 2, 3, 5, 8, 13, 21, 34])
[INFO] [1733774303.599366613] [fibonacci_action_server]: Feedback: array('i', [0, 1, 1, 2, 3, 5, 8, 13, 21, 34, 55])
[INFO] [1733774304.605314513] [fibonacci_action_server]: Executing goal...
[INFO] [1733774304.605928424] [fibonacci_action_server]: Feedback: array('i', [0, 1, 1])
[INFO] [1733774305.107308355] [fibonacci_action_server]: Feedback: array('i', [0, 1, 1, 2])
[INFO] [1733774305.608618680] [fibonacci_action_server]: Feedback: array('i', [0, 1, 1, 2, 3])
[INFO] [1733774306.109906633] [fibonacci_action_server]: Feedback: array('i', [0, 1, 1, 2, 3, 5])
[INFO] [1733774306.611125367] [fibonacci_action_server]: Feedback: array('i', [0, 1, 1, 2, 3, 5, 8])
[INFO] [1733774307.112415454] [fibonacci_action_server]: Feedback: array('i', [0, 1, 1, 2, 3, 5, 8, 13])
[INFO] [1733774307.613805582] [fibonacci_action_server]: Feedback: array('i', [0, 1, 1, 2, 3, 5, 8, 13, 21])
[INFO] [1733774308.115320171] [fibonacci_action_server]: Feedback: array('i', [0, 1, 1, 2, 3, 5, 8, 13, 21, 34])
[INFO] [1733774308.616871478] [fibonacci_action_server]: Feedback: array('i', [0, 1, 1, 2, 3, 5, 8, 13, 21, 34, 55])
[INFO] [1733774309.622406949] [fibonacci_action_server]: Executing goal...
[INFO] [1733774309.622974854] [fibonacci_action_server]: Feedback: array('i', [0, 1, 1])
[INFO] [1733774310.124032179] [fibonacci_action_server]: Feedback: array('i', [0, 1, 1, 2])
[INFO] [1733774310.625152038] [fibonacci_action_server]: Feedback: array('i', [0, 1, 1, 2, 3])
[INFO] [1733774311.126370510] [fibonacci_action_server]: Feedback: array('i', [0, 1, 1, 2, 3, 5])
[INFO] [1733774311.627692050] [fibonacci_action_server]: Feedback: array('i', [0, 1, 1, 2, 3, 5, 8])
[INFO] [1733774312.129032605] [fibonacci_action_server]: Feedback: array('i', [0, 1, 1, 2, 3, 5, 8, 13])
[INFO] [1733774312.630029135] [fibonacci_action_server]: Feedback: array('i', [0, 1, 1, 2, 3, 5, 8, 13, 21])
[INFO] [1733774313.131273775] [fibonacci_action_server]: Feedback: array('i', [0, 1, 1, 2, 3, 5, 8, 13, 21, 34])
[INFO] [1733774313.632623433] [fibonacci_action_server]: Feedback: array('i', [0, 1, 1, 2, 3, 5, 8, 13, 21, 34, 55])
[INFO] [1733774314.638653593] [fibonacci_action_server]: Executing goal...
[INFO] [1733774314.639017433] [fibonacci_action_server]: Feedback: array('i', [0, 1, 1])
[INFO] [1733774315.140169932] [fibonacci_action_server]: Feedback: array('i', [0, 1, 1, 2])
[INFO] [1733774315.641448129] [fibonacci_action_server]: Feedback: array('i', [0, 1, 1, 2, 3])
[INFO] [1733774316.142533831] [fibonacci_action_server]: Feedback: array('i', [0, 1, 1, 2, 3, 5])
[INFO] [1733774316.643898774] [fibonacci_action_server]: Feedback: array('i', [0, 1, 1, 2, 3, 5, 8])
[INFO] [1733774317.145035250] [fibonacci_action_server]: Feedback: array('i', [0, 1, 1, 2, 3, 5, 8, 13])
[INFO] [1733774317.645859910] [fibonacci_action_server]: Feedback: array('i', [0, 1, 1, 2, 3, 5, 8, 13, 21])
[INFO] [1733774318.147080839] [fibonacci_action_server]: Feedback: array('i', [0, 1, 1, 2, 3, 5, 8, 13, 21, 34])
[INFO] [1733774318.648453575] [fibonacci_action_server]: Feedback: array('i', [0, 1, 1, 2, 3, 5, 8, 13, 21, 34, 55])
[INFO] [1733774319.653287738] [fibonacci_action_server]: Executing goal...
[INFO] [1733774319.653671171] [fibonacci_action_server]: Feedback: array('i', [0, 1, 1])
[INFO] [1733774320.154634678] [fibonacci_action_server]: Feedback: array('i', [0, 1, 1, 2])
[INFO] [1733774320.655979425] [fibonacci_action_server]: Feedback: array('i', [0, 1, 1, 2, 3])
[INFO] [1733774321.157382719] [fibonacci_action_server]: Feedback: array('i', [0, 1, 1, 2, 3, 5])
[INFO] [1733774321.658719656] [fibonacci_action_server]: Feedback: array('i', [0, 1, 1, 2, 3, 5, 8])
[INFO] [1733774322.159331439] [fibonacci_action_server]: Feedback: array('i', [0, 1, 1, 2, 3, 5, 8, 13])
[INFO] [1733774322.660513715] [fibonacci_action_server]: Feedback: array('i', [0, 1, 1, 2, 3, 5, 8, 13, 21])
[INFO] [1733774323.161775079] [fibonacci_action_server]: Feedback: array('i', [0, 1, 1, 2, 3, 5, 8, 13, 21, 34])
[INFO] [1733774323.662889429] [fibonacci_action_server]: Feedback: array('i', [0, 1, 1, 2, 3, 5, 8, 13, 21, 34, 55])
[INFO] [1733774324.668296665] [fibonacci_action_server]: Executing goal...
[INFO] [1733774324.668655042] [fibonacci_action_server]: Feedback: array('i', [0, 1, 1])
[INFO] [1733774325.170020671] [fibonacci_action_server]: Feedback: array('i', [0, 1, 1, 2])
[INFO] [1733774325.671251961] [fibonacci_action_server]: Feedback: array('i', [0, 1, 1, 2, 3])
[INFO] [1733774326.172642056] [fibonacci_action_server]: Feedback: array('i', [0, 1, 1, 2, 3, 5])
[INFO] [1733774326.673772784] [fibonacci_action_server]: Feedback: array('i', [0, 1, 1, 2, 3, 5, 8])
[INFO] [1733774327.175213326] [fibonacci_action_server]: Feedback: array('i', [0, 1, 1, 2, 3, 5, 8, 13])
[INFO] [1733774327.676592958] [fibonacci_action_server]: Feedback: array('i', [0, 1, 1, 2, 3, 5, 8, 13, 21])
[INFO] [1733774328.178102454] [fibonacci_action_server]: Feedback: array('i', [0, 1, 1, 2, 3, 5, 8, 13, 21, 34])
[INFO] [1733774328.679169352] [fibonacci_action_server]: Feedback: array('i', [0, 1, 1, 2, 3, 5, 8, 13, 21, 34, 55])
[INFO] [1733774329.684445643] [fibonacci_action_server]: Executing goal...
[INFO] [1733774329.684825448] [fibonacci_action_server]: Feedback: array('i', [0, 1, 1])
[INFO] [1733774330.186120473] [fibonacci_action_server]: Feedback: array('i', [0, 1, 1, 2])
[INFO] [1733774330.687524811] [fibonacci_action_server]: Feedback: array('i', [0, 1, 1, 2, 3])
[INFO] [1733774331.188630605] [fibonacci_action_server]: Feedback: array('i', [0, 1, 1, 2, 3, 5])
[INFO] [1733774331.689935214] [fibonacci_action_server]: Feedback: array('i', [0, 1, 1, 2, 3, 5, 8])
[INFO] [1733774332.191043945] [fibonacci_action_server]: Feedback: array('i', [0, 1, 1, 2, 3, 5, 8, 13])
[INFO] [1733774332.691711208] [fibonacci_action_server]: Feedback: array('i', [0, 1, 1, 2, 3, 5, 8, 13, 21])
[INFO] [1733774333.193026024] [fibonacci_action_server]: Feedback: array('i', [0, 1, 1, 2, 3, 5, 8, 13, 21, 34])
[INFO] [1733774333.694197266] [fibonacci_action_server]: Feedback: array('i', [0, 1, 1, 2, 3, 5, 8, 13, 21, 34, 55])
[INFO] [1733774334.699481703] [fibonacci_action_server]: Executing goal...
[INFO] [1733774334.699846809] [fibonacci_action_server]: Feedback: array('i', [0, 1, 1])
[INFO] [1733774335.200910064] [fibonacci_action_server]: Feedback: array('i', [0, 1, 1, 2])
[INFO] [1733774335.702016412] [fibonacci_action_server]: Feedback: array('i', [0, 1, 1, 2, 3])
[INFO] [1733774336.203469936] [fibonacci_action_server]: Feedback: array('i', [0, 1, 1, 2, 3, 5])
[INFO] [1733774336.704336830] [fibonacci_action_server]: Feedback: array('i', [0, 1, 1, 2, 3, 5, 8])
[INFO] [1733774337.205621485] [fibonacci_action_server]: Feedback: array('i', [0, 1, 1, 2, 3, 5, 8, 13])
[INFO] [1733774337.706831799] [fibonacci_action_server]: Feedback: array('i', [0, 1, 1, 2, 3, 5, 8, 13, 21])
[INFO] [1733774338.208127269] [fibonacci_action_server]: Feedback: array('i', [0, 1, 1, 2, 3, 5, 8, 13, 21, 34])
[INFO] [1733774338.709189127] [fibonacci_action_server]: Feedback: array('i', [0, 1, 1, 2, 3, 5, 8, 13, 21, 34, 55])
[INFO] [1733774339.714927644] [fibonacci_action_server]: Executing goal...
[INFO] [1733774339.715351404] [fibonacci_action_server]: Feedback: array('i', [0, 1, 1])
[INFO] [1733774340.216654075] [fibonacci_action_server]: Feedback: array('i', [0, 1, 1, 2])
[INFO] [1733774340.717917397] [fibonacci_action_server]: Feedback: array('i', [0, 1, 1, 2, 3])
[INFO] [1733774341.219142012] [fibonacci_action_server]: Feedback: array('i', [0, 1, 1, 2, 3, 5])
[INFO] [1733774341.720528669] [fibonacci_action_server]: Feedback: array('i', [0, 1, 1, 2, 3, 5, 8])
[INFO] [1733774342.221792704] [fibonacci_action_server]: Feedback: array('i', [0, 1, 1, 2, 3, 5, 8, 13])
[INFO] [1733774342.722928168] [fibonacci_action_server]: Feedback: array('i', [0, 1, 1, 2, 3, 5, 8, 13, 21])
[INFO] [1733774343.224399631] [fibonacci_action_server]: Feedback: array('i', [0, 1, 1, 2, 3, 5, 8, 13, 21, 34])
[INFO] [1733774343.725640683] [fibonacci_action_server]: Feedback: array('i', [0, 1, 1, 2, 3, 5, 8, 13, 21, 34, 55])
[INFO] [1733774344.731217767] [fibonacci_action_server]: Executing goal...
[INFO] [1733774344.731569267] [fibonacci_action_server]: Feedback: array('i', [0, 1, 1])
[INFO] [1733774345.232659376] [fibonacci_action_server]: Feedback: array('i', [0, 1, 1, 2])
[INFO] [1733774345.733730804] [fibonacci_action_server]: Feedback: array('i', [0, 1, 1, 2, 3])
[INFO] [1733774346.234920946] [fibonacci_action_server]: Feedback: array('i', [0, 1, 1, 2, 3, 5])
[INFO] [1733774346.736394534] [fibonacci_action_server]: Feedback: array('i', [0, 1, 1, 2, 3, 5, 8])
[INFO] [1733774347.237967288] [fibonacci_action_server]: Feedback: array('i', [0, 1, 1, 2, 3, 5, 8, 13])
[INFO] [1733774347.739066657] [fibonacci_action_server]: Feedback: array('i', [0, 1, 1, 2, 3, 5, 8, 13, 21])
[INFO] [1733774348.240277106] [fibonacci_action_server]: Feedback: array('i', [0, 1, 1, 2, 3, 5, 8, 13, 21, 34])
[INFO] [1733774348.741386209] [fibonacci_action_server]: Feedback: array('i', [0, 1, 1, 2, 3, 5, 8, 13, 21, 34, 55])
[INFO] [1733774349.747017119] [fibonacci_action_server]: Executing goal...
[INFO] [1733774349.747394137] [fibonacci_action_server]: Feedback: array('i', [0, 1, 1])
[INFO] [1733774350.248657425] [fibonacci_action_server]: Feedback: array('i', [0, 1, 1, 2])
[INFO] [1733774350.750035891] [fibonacci_action_server]: Feedback: array('i', [0, 1, 1, 2, 3])
[INFO] [1733774351.251351603] [fibonacci_action_server]: Feedback: array('i', [0, 1, 1, 2, 3, 5])
[INFO] [1733774351.752729579] [fibonacci_action_server]: Feedback: array('i', [0, 1, 1, 2, 3, 5, 8])
[INFO] [1733774352.253735945] [fibonacci_action_server]: Feedback: array('i', [0, 1, 1, 2, 3, 5, 8, 13])
[INFO] [1733774352.754927186] [fibonacci_action_server]: Feedback: array('i', [0, 1, 1, 2, 3, 5, 8, 13, 21])
[INFO] [1733774353.256075837] [fibonacci_action_server]: Feedback: array('i', [0, 1, 1, 2, 3, 5, 8, 13, 21, 34])
[INFO] [1733774353.757701472] [fibonacci_action_server]: Feedback: array('i', [0, 1, 1, 2, 3, 5, 8, 13, 21, 34, 55])
[INFO] [1733774354.763335263] [fibonacci_action_server]: Executing goal...
[INFO] [1733774354.763705664] [fibonacci_action_server]: Feedback: array('i', [0, 1, 1])
[INFO] [1733774355.264821859] [fibonacci_action_server]: Feedback: array('i', [0, 1, 1, 2])
[INFO] [1733774355.765798894] [fibonacci_action_server]: Feedback: array('i', [0, 1, 1, 2, 3])
[INFO] [1733774356.267028390] [fibonacci_action_server]: Feedback: array('i', [0, 1, 1, 2, 3, 5])
[INFO] [1733774356.768511824] [fibonacci_action_server]: Feedback: array('i', [0, 1, 1, 2, 3, 5, 8])
[INFO] [1733774357.270002257] [fibonacci_action_server]: Feedback: array('i', [0, 1, 1, 2, 3, 5, 8, 13])
[INFO] [1733774357.771084145] [fibonacci_action_server]: Feedback: array('i', [0, 1, 1, 2, 3, 5, 8, 13, 21])
[INFO] [1733774358.272320531] [fibonacci_action_server]: Feedback: array('i', [0, 1, 1, 2, 3, 5, 8, 13, 21, 34])
[INFO] [1733774358.773484887] [fibonacci_action_server]: Feedback: array('i', [0, 1, 1, 2, 3, 5, 8, 13, 21, 34, 55])
[INFO] [1733774359.779008519] [fibonacci_action_server]: Executing goal...
[INFO] [1733774359.779376686] [fibonacci_action_server]: Feedback: array('i', [0, 1, 1])
[INFO] [1733774360.280723500] [fibonacci_action_server]: Feedback: array('i', [0, 1, 1, 2])
[INFO] [1733774360.782024317] [fibonacci_action_server]: Feedback: array('i', [0, 1, 1, 2, 3])
[INFO] [1733774361.283414221] [fibonacci_action_server]: Feedback: array('i', [0, 1, 1, 2, 3, 5])
[INFO] [1733774361.784161160] [fibonacci_action_server]: Feedback: array('i', [0, 1, 1, 2, 3, 5, 8])
[INFO] [1733774362.285507227] [fibonacci_action_server]: Feedback: array('i', [0, 1, 1, 2, 3, 5, 8, 13])
[INFO] [1733774362.786996155] [fibonacci_action_server]: Feedback: array('i', [0, 1, 1, 2, 3, 5, 8, 13, 21])
[INFO] [1733774363.288483254] [fibonacci_action_server]: Feedback: array('i', [0, 1, 1, 2, 3, 5, 8, 13, 21, 34])
[INFO] [1733774363.789826793] [fibonacci_action_server]: Feedback: array('i', [0, 1, 1, 2, 3, 5, 8, 13, 21, 34, 55])
[INFO] [1733774364.291787571] [fibonacci_action_server]: Shutting down node...
RAPL is set
