[INFO] [1733765105.447167598] [fibonacci_action_client]: Sending goal with order 10
[INFO] [1733765105.698901319] [fibonacci_action_client]: Goal accepted, waiting for result.
[INFO] [1733765105.712002923] [fibonacci_action_client]: Received feedback: array('i', [0, 1, 1])
[INFO] [1733765105.962992318] [fibonacci_action_client]: Received feedback: array('i', [0, 1, 1, 2])
[INFO] [1733765106.213881454] [fibonacci_action_client]: Received feedback: array('i', [0, 1, 1, 2, 3])
[INFO] [1733765106.464742345] [fibonacci_action_client]: Received feedback: array('i', [0, 1, 1, 2, 3, 5])
[INFO] [1733765106.715677256] [fibonacci_action_client]: Received feedback: array('i', [0, 1, 1, 2, 3, 5, 8])
[INFO] [1733765106.966519531] [fibonacci_action_client]: Received feedback: array('i', [0, 1, 1, 2, 3, 5, 8, 13])
[INFO] [1733765107.217715148] [fibonacci_action_client]: Received feedback: array('i', [0, 1, 1, 2, 3, 5, 8, 13, 21])
[INFO] [1733765107.468468388] [fibonacci_action_client]: Received feedback: array('i', [0, 1, 1, 2, 3, 5, 8, 13, 21, 34])
[INFO] [1733765107.719425429] [fibonacci_action_client]: Received feedback: array('i', [0, 1, 1, 2, 3, 5, 8, 13, 21, 34, 55])
[INFO] [1733765107.973455838] [fibonacci_action_client]: Result: array('i', [0, 1, 1, 2, 3, 5, 8, 13, 21, 34, 55])
[INFO] [1733765108.224935778] [fibonacci_action_client]: Sending goal with order 10
[INFO] [1733765108.226836198] [fibonacci_action_client]: Goal accepted, waiting for result.
[INFO] [1733765108.228500785] [fibonacci_action_client]: Received feedback: array('i', [0, 1, 1])
[INFO] [1733765108.479405614] [fibonacci_action_client]: Received feedback: array('i', [0, 1, 1, 2])
[INFO] [1733765108.730662621] [fibonacci_action_client]: Received feedback: array('i', [0, 1, 1, 2, 3])
[INFO] [1733765108.981909227] [fibonacci_action_client]: Received feedback: array('i', [0, 1, 1, 2, 3, 5])
[INFO] [1733765109.232801370] [fibonacci_action_client]: Received feedback: array('i', [0, 1, 1, 2, 3, 5, 8])
[INFO] [1733765109.483646607] [fibonacci_action_client]: Received feedback: array('i', [0, 1, 1, 2, 3, 5, 8, 13])
[INFO] [1733765109.734929802] [fibonacci_action_client]: Received feedback: array('i', [0, 1, 1, 2, 3, 5, 8, 13, 21])
[INFO] [1733765109.985980566] [fibonacci_action_client]: Received feedback: array('i', [0, 1, 1, 2, 3, 5, 8, 13, 21, 34])
[INFO] [1733765110.236974774] [fibonacci_action_client]: Received feedback: array('i', [0, 1, 1, 2, 3, 5, 8, 13, 21, 34, 55])
[INFO] [1733765110.488026944] [fibonacci_action_client]: Result: array('i', [0, 1, 1, 2, 3, 5, 8, 13, 21, 34, 55])
[INFO] [1733765110.739024264] [fibonacci_action_client]: Sending goal with order 10
[INFO] [1733765110.740880900] [fibonacci_action_client]: Goal accepted, waiting for result.
[INFO] [1733765110.742216182] [fibonacci_action_client]: Received feedback: array('i', [0, 1, 1])
[INFO] [1733765110.993547686] [fibonacci_action_client]: Received feedback: array('i', [0, 1, 1, 2])
[INFO] [1733765111.244520947] [fibonacci_action_client]: Received feedback: array('i', [0, 1, 1, 2, 3])
[INFO] [1733765111.495653945] [fibonacci_action_client]: Received feedback: array('i', [0, 1, 1, 2, 3, 5])
[INFO] [1733765111.746771617] [fibonacci_action_client]: Received feedback: array('i', [0, 1, 1, 2, 3, 5, 8])
[INFO] [1733765111.998054255] [fibonacci_action_client]: Received feedback: array('i', [0, 1, 1, 2, 3, 5, 8, 13])
[INFO] [1733765112.248995189] [fibonacci_action_client]: Received feedback: array('i', [0, 1, 1, 2, 3, 5, 8, 13, 21])
[INFO] [1733765112.500281111] [fibonacci_action_client]: Received feedback: array('i', [0, 1, 1, 2, 3, 5, 8, 13, 21, 34])
[INFO] [1733765112.751673609] [fibonacci_action_client]: Received feedback: array('i', [0, 1, 1, 2, 3, 5, 8, 13, 21, 34, 55])
[INFO] [1733765113.003276961] [fibonacci_action_client]: Result: array('i', [0, 1, 1, 2, 3, 5, 8, 13, 21, 34, 55])
[INFO] [1733765113.254112433] [fibonacci_action_client]: Sending goal with order 10
[INFO] [1733765113.255754667] [fibonacci_action_client]: Goal accepted, waiting for result.
[INFO] [1733765113.256990141] [fibonacci_action_client]: Received feedback: array('i', [0, 1, 1])
[INFO] [1733765113.508358741] [fibonacci_action_client]: Received feedback: array('i', [0, 1, 1, 2])
[INFO] [1733765113.759091963] [fibonacci_action_client]: Received feedback: array('i', [0, 1, 1, 2, 3])
[INFO] [1733765114.010151520] [fibonacci_action_client]: Received feedback: array('i', [0, 1, 1, 2, 3, 5])
[INFO] [1733765114.261389122] [fibonacci_action_client]: Received feedback: array('i', [0, 1, 1, 2, 3, 5, 8])
[INFO] [1733765114.512811587] [fibonacci_action_client]: Received feedback: array('i', [0, 1, 1, 2, 3, 5, 8, 13])
[INFO] [1733765114.763682232] [fibonacci_action_client]: Received feedback: array('i', [0, 1, 1, 2, 3, 5, 8, 13, 21])
[INFO] [1733765115.015013301] [fibonacci_action_client]: Received feedback: array('i', [0, 1, 1, 2, 3, 5, 8, 13, 21, 34])
[INFO] [1733765115.265855550] [fibonacci_action_client]: Received feedback: array('i', [0, 1, 1, 2, 3, 5, 8, 13, 21, 34, 55])
[INFO] [1733765115.517659482] [fibonacci_action_client]: Result: array('i', [0, 1, 1, 2, 3, 5, 8, 13, 21, 34, 55])
[INFO] [1733765115.768425135] [fibonacci_action_client]: Sending goal with order 10
[INFO] [1733765115.769814082] [fibonacci_action_client]: Goal accepted, waiting for result.
[INFO] [1733765115.771544979] [fibonacci_action_client]: Received feedback: array('i', [0, 1, 1])
[INFO] [1733765116.022773274] [fibonacci_action_client]: Received feedback: array('i', [0, 1, 1, 2])
[INFO] [1733765116.274204915] [fibonacci_action_client]: Received feedback: array('i', [0, 1, 1, 2, 3])
[INFO] [1733765116.525564375] [fibonacci_action_client]: Received feedback: array('i', [0, 1, 1, 2, 3, 5])
[INFO] [1733765116.776644626] [fibonacci_action_client]: Received feedback: array('i', [0, 1, 1, 2, 3, 5, 8])
[INFO] [1733765117.027508196] [fibonacci_action_client]: Received feedback: array('i', [0, 1, 1, 2, 3, 5, 8, 13])
[INFO] [1733765117.278969564] [fibonacci_action_client]: Received feedback: array('i', [0, 1, 1, 2, 3, 5, 8, 13, 21])
[INFO] [1733765117.530303676] [fibonacci_action_client]: Received feedback: array('i', [0, 1, 1, 2, 3, 5, 8, 13, 21, 34])
[INFO] [1733765117.781503124] [fibonacci_action_client]: Received feedback: array('i', [0, 1, 1, 2, 3, 5, 8, 13, 21, 34, 55])
[INFO] [1733765118.033055791] [fibonacci_action_client]: Result: array('i', [0, 1, 1, 2, 3, 5, 8, 13, 21, 34, 55])
[INFO] [1733765118.284111668] [fibonacci_action_client]: Sending goal with order 10
[INFO] [1733765118.285891180] [fibonacci_action_client]: Goal accepted, waiting for result.
[INFO] [1733765118.287214244] [fibonacci_action_client]: Received feedback: array('i', [0, 1, 1])
[INFO] [1733765118.538469032] [fibonacci_action_client]: Received feedback: array('i', [0, 1, 1, 2])
[INFO] [1733765118.789820332] [fibonacci_action_client]: Received feedback: array('i', [0, 1, 1, 2, 3])
[INFO] [1733765119.040973786] [fibonacci_action_client]: Received feedback: array('i', [0, 1, 1, 2, 3, 5])
[INFO] [1733765119.291815440] [fibonacci_action_client]: Received feedback: array('i', [0, 1, 1, 2, 3, 5, 8])
[INFO] [1733765119.542743514] [fibonacci_action_client]: Received feedback: array('i', [0, 1, 1, 2, 3, 5, 8, 13])
[INFO] [1733765119.793589388] [fibonacci_action_client]: Received feedback: array('i', [0, 1, 1, 2, 3, 5, 8, 13, 21])
[INFO] [1733765120.044400316] [fibonacci_action_client]: Received feedback: array('i', [0, 1, 1, 2, 3, 5, 8, 13, 21, 34])
[INFO] [1733765120.295752607] [fibonacci_action_client]: Received feedback: array('i', [0, 1, 1, 2, 3, 5, 8, 13, 21, 34, 55])
[INFO] [1733765120.546838384] [fibonacci_action_client]: Result: array('i', [0, 1, 1, 2, 3, 5, 8, 13, 21, 34, 55])
[INFO] [1733765120.797985338] [fibonacci_action_client]: Sending goal with order 10
[INFO] [1733765120.799920883] [fibonacci_action_client]: Goal accepted, waiting for result.
[INFO] [1733765120.801264127] [fibonacci_action_client]: Received feedback: array('i', [0, 1, 1])
[INFO] [1733765121.052365787] [fibonacci_action_client]: Received feedback: array('i', [0, 1, 1, 2])
[INFO] [1733765121.303495977] [fibonacci_action_client]: Received feedback: array('i', [0, 1, 1, 2, 3])
[INFO] [1733765121.554861742] [fibonacci_action_client]: Received feedback: array('i', [0, 1, 1, 2, 3, 5])
[INFO] [1733765121.806208968] [fibonacci_action_client]: Received feedback: array('i', [0, 1, 1, 2, 3, 5, 8])
[INFO] [1733765122.057658253] [fibonacci_action_client]: Received feedback: array('i', [0, 1, 1, 2, 3, 5, 8, 13])
[INFO] [1733765122.308687783] [fibonacci_action_client]: Received feedback: array('i', [0, 1, 1, 2, 3, 5, 8, 13, 21])
[INFO] [1733765122.559576746] [fibonacci_action_client]: Received feedback: array('i', [0, 1, 1, 2, 3, 5, 8, 13, 21, 34])
[INFO] [1733765122.810906905] [fibonacci_action_client]: Received feedback: array('i', [0, 1, 1, 2, 3, 5, 8, 13, 21, 34, 55])
[INFO] [1733765123.062579478] [fibonacci_action_client]: Result: array('i', [0, 1, 1, 2, 3, 5, 8, 13, 21, 34, 55])
[INFO] [1733765123.313759279] [fibonacci_action_client]: Sending goal with order 10
[INFO] [1733765123.315704440] [fibonacci_action_client]: Goal accepted, waiting for result.
[INFO] [1733765123.317047848] [fibonacci_action_client]: Received feedback: array('i', [0, 1, 1])
[INFO] [1733765123.568501773] [fibonacci_action_client]: Received feedback: array('i', [0, 1, 1, 2])
[INFO] [1733765123.819542811] [fibonacci_action_client]: Received feedback: array('i', [0, 1, 1, 2, 3])
[INFO] [1733765124.070467039] [fibonacci_action_client]: Received feedback: array('i', [0, 1, 1, 2, 3, 5])
[INFO] [1733765124.321801632] [fibonacci_action_client]: Received feedback: array('i', [0, 1, 1, 2, 3, 5, 8])
[INFO] [1733765124.573202503] [fibonacci_action_client]: Received feedback: array('i', [0, 1, 1, 2, 3, 5, 8, 13])
[INFO] [1733765124.824084364] [fibonacci_action_client]: Received feedback: array('i', [0, 1, 1, 2, 3, 5, 8, 13, 21])
[INFO] [1733765125.075336947] [fibonacci_action_client]: Received feedback: array('i', [0, 1, 1, 2, 3, 5, 8, 13, 21, 34])
[INFO] [1733765125.326245019] [fibonacci_action_client]: Received feedback: array('i', [0, 1, 1, 2, 3, 5, 8, 13, 21, 34, 55])
[INFO] [1733765125.578121854] [fibonacci_action_client]: Result: array('i', [0, 1, 1, 2, 3, 5, 8, 13, 21, 34, 55])
[INFO] [1733765125.828855554] [fibonacci_action_client]: Sending goal with order 10
[INFO] [1733765125.830322630] [fibonacci_action_client]: Goal accepted, waiting for result.
[INFO] [1733765125.831635706] [fibonacci_action_client]: Received feedback: array('i', [0, 1, 1])
[INFO] [1733765126.082854321] [fibonacci_action_client]: Received feedback: array('i', [0, 1, 1, 2])
[INFO] [1733765126.334294313] [fibonacci_action_client]: Received feedback: array('i', [0, 1, 1, 2, 3])
[INFO] [1733765126.585605338] [fibonacci_action_client]: Received feedback: array('i', [0, 1, 1, 2, 3, 5])
[INFO] [1733765126.836939640] [fibonacci_action_client]: Received feedback: array('i', [0, 1, 1, 2, 3, 5, 8])
[INFO] [1733765127.087957561] [fibonacci_action_client]: Received feedback: array('i', [0, 1, 1, 2, 3, 5, 8, 13])
[INFO] [1733765127.338861899] [fibonacci_action_client]: Received feedback: array('i', [0, 1, 1, 2, 3, 5, 8, 13, 21])
[INFO] [1733765127.589816799] [fibonacci_action_client]: Received feedback: array('i', [0, 1, 1, 2, 3, 5, 8, 13, 21, 34])
[INFO] [1733765127.841227373] [fibonacci_action_client]: Received feedback: array('i', [0, 1, 1, 2, 3, 5, 8, 13, 21, 34, 55])
[INFO] [1733765128.092853142] [fibonacci_action_client]: Result: array('i', [0, 1, 1, 2, 3, 5, 8, 13, 21, 34, 55])
[INFO] [1733765128.343926843] [fibonacci_action_client]: Sending goal with order 10
[INFO] [1733765128.345579921] [fibonacci_action_client]: Goal accepted, waiting for result.
[INFO] [1733765128.346888796] [fibonacci_action_client]: Received feedback: array('i', [0, 1, 1])
[INFO] [1733765128.598019860] [fibonacci_action_client]: Received feedback: array('i', [0, 1, 1, 2])
[INFO] [1733765128.849347205] [fibonacci_action_client]: Received feedback: array('i', [0, 1, 1, 2, 3])
[INFO] [1733765129.100470074] [fibonacci_action_client]: Received feedback: array('i', [0, 1, 1, 2, 3, 5])
[INFO] [1733765129.351659785] [fibonacci_action_client]: Received feedback: array('i', [0, 1, 1, 2, 3, 5, 8])
[INFO] [1733765129.602558824] [fibonacci_action_client]: Received feedback: array('i', [0, 1, 1, 2, 3, 5, 8, 13])
[INFO] [1733765129.853894678] [fibonacci_action_client]: Received feedback: array('i', [0, 1, 1, 2, 3, 5, 8, 13, 21])
[INFO] [1733765130.104752988] [fibonacci_action_client]: Received feedback: array('i', [0, 1, 1, 2, 3, 5, 8, 13, 21, 34])
[INFO] [1733765130.356032195] [fibonacci_action_client]: Received feedback: array('i', [0, 1, 1, 2, 3, 5, 8, 13, 21, 34, 55])
[INFO] [1733765130.607545656] [fibonacci_action_client]: Result: array('i', [0, 1, 1, 2, 3, 5, 8, 13, 21, 34, 55])
[INFO] [1733765130.858731024] [fibonacci_action_client]: Sending goal with order 10
[INFO] [1733765130.860701606] [fibonacci_action_client]: Goal accepted, waiting for result.
[INFO] [1733765130.862274572] [fibonacci_action_client]: Received feedback: array('i', [0, 1, 1])
[INFO] [1733765131.113457138] [fibonacci_action_client]: Received feedback: array('i', [0, 1, 1, 2])
[INFO] [1733765131.364320862] [fibonacci_action_client]: Received feedback: array('i', [0, 1, 1, 2, 3])
[INFO] [1733765131.615370645] [fibonacci_action_client]: Received feedback: array('i', [0, 1, 1, 2, 3, 5])
[INFO] [1733765131.866837309] [fibonacci_action_client]: Received feedback: array('i', [0, 1, 1, 2, 3, 5, 8])
[INFO] [1733765132.117967817] [fibonacci_action_client]: Received feedback: array('i', [0, 1, 1, 2, 3, 5, 8, 13])
[INFO] [1733765132.369197552] [fibonacci_action_client]: Received feedback: array('i', [0, 1, 1, 2, 3, 5, 8, 13, 21])
[INFO] [1733765132.620434638] [fibonacci_action_client]: Received feedback: array('i', [0, 1, 1, 2, 3, 5, 8, 13, 21, 34])
[INFO] [1733765132.871520557] [fibonacci_action_client]: Received feedback: array('i', [0, 1, 1, 2, 3, 5, 8, 13, 21, 34, 55])
[INFO] [1733765133.123043038] [fibonacci_action_client]: Result: array('i', [0, 1, 1, 2, 3, 5, 8, 13, 21, 34, 55])
[INFO] [1733765133.373729339] [fibonacci_action_client]: Sending goal with order 10
[INFO] [1733765133.374936592] [fibonacci_action_client]: Goal accepted, waiting for result.
[INFO] [1733765133.376225881] [fibonacci_action_client]: Received feedback: array('i', [0, 1, 1])
[INFO] [1733765133.627200495] [fibonacci_action_client]: Received feedback: array('i', [0, 1, 1, 2])
[INFO] [1733765133.878558871] [fibonacci_action_client]: Received feedback: array('i', [0, 1, 1, 2, 3])
[INFO] [1733765134.129794047] [fibonacci_action_client]: Received feedback: array('i', [0, 1, 1, 2, 3, 5])
[INFO] [1733765134.381053366] [fibonacci_action_client]: Received feedback: array('i', [0, 1, 1, 2, 3, 5, 8])
[INFO] [1733765134.632185011] [fibonacci_action_client]: Received feedback: array('i', [0, 1, 1, 2, 3, 5, 8, 13])
[INFO] [1733765134.882945390] [fibonacci_action_client]: Received feedback: array('i', [0, 1, 1, 2, 3, 5, 8, 13, 21])
[INFO] [1733765135.134408815] [fibonacci_action_client]: Received feedback: array('i', [0, 1, 1, 2, 3, 5, 8, 13, 21, 34])
[INFO] [1733765135.385309850] [fibonacci_action_client]: Received feedback: array('i', [0, 1, 1, 2, 3, 5, 8, 13, 21, 34, 55])
[INFO] [1733765135.636870586] [fibonacci_action_client]: Result: array('i', [0, 1, 1, 2, 3, 5, 8, 13, 21, 34, 55])
[INFO] [1733765135.887642769] [fibonacci_action_client]: Sending goal with order 10
[INFO] [1733765135.890722878] [fibonacci_action_client]: Goal accepted, waiting for result.
[INFO] [1733765135.892410002] [fibonacci_action_client]: Received feedback: array('i', [0, 1, 1])
[INFO] [1733765136.144238399] [fibonacci_action_client]: Received feedback: array('i', [0, 1, 1, 2])
[INFO] [1733765136.394763678] [fibonacci_action_client]: Received feedback: array('i', [0, 1, 1, 2, 3])
[INFO] [1733765136.646022035] [fibonacci_action_client]: Received feedback: array('i', [0, 1, 1, 2, 3, 5])
[INFO] [1733765136.896973052] [fibonacci_action_client]: Received feedback: array('i', [0, 1, 1, 2, 3, 5, 8])
[INFO] [1733765137.148135509] [fibonacci_action_client]: Received feedback: array('i', [0, 1, 1, 2, 3, 5, 8, 13])
[INFO] [1733765137.399720718] [fibonacci_action_client]: Received feedback: array('i', [0, 1, 1, 2, 3, 5, 8, 13, 21])
[INFO] [1733765137.650541596] [fibonacci_action_client]: Received feedback: array('i', [0, 1, 1, 2, 3, 5, 8, 13, 21, 34])
[INFO] [1733765137.901961250] [fibonacci_action_client]: Received feedback: array('i', [0, 1, 1, 2, 3, 5, 8, 13, 21, 34, 55])
[INFO] [1733765138.153710354] [fibonacci_action_client]: Result: array('i', [0, 1, 1, 2, 3, 5, 8, 13, 21, 34, 55])
[INFO] [1733765138.404628508] [fibonacci_action_client]: Sending goal with order 10
[INFO] [1733765138.406527942] [fibonacci_action_client]: Goal accepted, waiting for result.
[INFO] [1733765138.408048044] [fibonacci_action_client]: Received feedback: array('i', [0, 1, 1])
[INFO] [1733765138.659028272] [fibonacci_action_client]: Received feedback: array('i', [0, 1, 1, 2])
[INFO] [1733765138.910355045] [fibonacci_action_client]: Received feedback: array('i', [0, 1, 1, 2, 3])
[INFO] [1733765139.161677567] [fibonacci_action_client]: Received feedback: array('i', [0, 1, 1, 2, 3, 5])
[INFO] [1733765139.412454605] [fibonacci_action_client]: Received feedback: array('i', [0, 1, 1, 2, 3, 5, 8])
[INFO] [1733765139.663463607] [fibonacci_action_client]: Received feedback: array('i', [0, 1, 1, 2, 3, 5, 8, 13])
[INFO] [1733765139.914857056] [fibonacci_action_client]: Received feedback: array('i', [0, 1, 1, 2, 3, 5, 8, 13, 21])
[INFO] [1733765140.165683905] [fibonacci_action_client]: Received feedback: array('i', [0, 1, 1, 2, 3, 5, 8, 13, 21, 34])
[INFO] [1733765140.416968471] [fibonacci_action_client]: Received feedback: array('i', [0, 1, 1, 2, 3, 5, 8, 13, 21, 34, 55])
[INFO] [1733765140.668425309] [fibonacci_action_client]: Result: array('i', [0, 1, 1, 2, 3, 5, 8, 13, 21, 34, 55])
[INFO] [1733765140.919635322] [fibonacci_action_client]: Sending goal with order 10
[INFO] [1733765140.921606671] [fibonacci_action_client]: Goal accepted, waiting for result.
[INFO] [1733765140.923177052] [fibonacci_action_client]: Received feedback: array('i', [0, 1, 1])
[INFO] [1733765141.174368959] [fibonacci_action_client]: Received feedback: array('i', [0, 1, 1, 2])
[INFO] [1733765141.425229786] [fibonacci_action_client]: Received feedback: array('i', [0, 1, 1, 2, 3])
[INFO] [1733765141.676422679] [fibonacci_action_client]: Received feedback: array('i', [0, 1, 1, 2, 3, 5])
[INFO] [1733765141.927369574] [fibonacci_action_client]: Received feedback: array('i', [0, 1, 1, 2, 3, 5, 8])
[INFO] [1733765142.178721967] [fibonacci_action_client]: Received feedback: array('i', [0, 1, 1, 2, 3, 5, 8, 13])
[INFO] [1733765142.429977666] [fibonacci_action_client]: Received feedback: array('i', [0, 1, 1, 2, 3, 5, 8, 13, 21])
[INFO] [1733765142.681141880] [fibonacci_action_client]: Received feedback: array('i', [0, 1, 1, 2, 3, 5, 8, 13, 21, 34])
[INFO] [1733765142.931963410] [fibonacci_action_client]: Received feedback: array('i', [0, 1, 1, 2, 3, 5, 8, 13, 21, 34, 55])
[INFO] [1733765143.183314515] [fibonacci_action_client]: Result: array('i', [0, 1, 1, 2, 3, 5, 8, 13, 21, 34, 55])
[INFO] [1733765143.434441918] [fibonacci_action_client]: Sending goal with order 10
[INFO] [1733765143.436127951] [fibonacci_action_client]: Goal accepted, waiting for result.
[INFO] [1733765143.437794353] [fibonacci_action_client]: Received feedback: array('i', [0, 1, 1])
[INFO] [1733765143.688679668] [fibonacci_action_client]: Received feedback: array('i', [0, 1, 1, 2])
[INFO] [1733765143.939762442] [fibonacci_action_client]: Received feedback: array('i', [0, 1, 1, 2, 3])
[INFO] [1733765144.191000723] [fibonacci_action_client]: Received feedback: array('i', [0, 1, 1, 2, 3, 5])
[INFO] [1733765144.442292460] [fibonacci_action_client]: Received feedback: array('i', [0, 1, 1, 2, 3, 5, 8])
[INFO] [1733765144.693185226] [fibonacci_action_client]: Received feedback: array('i', [0, 1, 1, 2, 3, 5, 8, 13])
[INFO] [1733765144.944360638] [fibonacci_action_client]: Received feedback: array('i', [0, 1, 1, 2, 3, 5, 8, 13, 21])
[INFO] [1733765145.195415098] [fibonacci_action_client]: Received feedback: array('i', [0, 1, 1, 2, 3, 5, 8, 13, 21, 34])
[INFO] [1733765145.446428762] [fibonacci_action_client]: Received feedback: array('i', [0, 1, 1, 2, 3, 5, 8, 13, 21, 34, 55])
[INFO] [1733765145.698052018] [fibonacci_action_client]: Result: array('i', [0, 1, 1, 2, 3, 5, 8, 13, 21, 34, 55])
[INFO] [1733765145.948780675] [fibonacci_action_client]: Sending goal with order 10
[INFO] [1733765145.950243938] [fibonacci_action_client]: Goal accepted, waiting for result.
[INFO] [1733765145.951812794] [fibonacci_action_client]: Received feedback: array('i', [0, 1, 1])
[INFO] [1733765146.202553629] [fibonacci_action_client]: Received feedback: array('i', [0, 1, 1, 2])
[INFO] [1733765146.453495244] [fibonacci_action_client]: Received feedback: array('i', [0, 1, 1, 2, 3])
[INFO] [1733765146.704700472] [fibonacci_action_client]: Received feedback: array('i', [0, 1, 1, 2, 3, 5])
[INFO] [1733765146.955865795] [fibonacci_action_client]: Received feedback: array('i', [0, 1, 1, 2, 3, 5, 8])
[INFO] [1733765147.207019443] [fibonacci_action_client]: Received feedback: array('i', [0, 1, 1, 2, 3, 5, 8, 13])
[INFO] [1733765147.458388706] [fibonacci_action_client]: Received feedback: array('i', [0, 1, 1, 2, 3, 5, 8, 13, 21])
[INFO] [1733765147.709730381] [fibonacci_action_client]: Received feedback: array('i', [0, 1, 1, 2, 3, 5, 8, 13, 21, 34])
[INFO] [1733765147.960960688] [fibonacci_action_client]: Received feedback: array('i', [0, 1, 1, 2, 3, 5, 8, 13, 21, 34, 55])
[INFO] [1733765148.212877173] [fibonacci_action_client]: Result: array('i', [0, 1, 1, 2, 3, 5, 8, 13, 21, 34, 55])
[INFO] [1733765148.463919302] [fibonacci_action_client]: Sending goal with order 10
[INFO] [1733765148.465789304] [fibonacci_action_client]: Goal accepted, waiting for result.
[INFO] [1733765148.467456845] [fibonacci_action_client]: Received feedback: array('i', [0, 1, 1])
[INFO] [1733765148.718749018] [fibonacci_action_client]: Received feedback: array('i', [0, 1, 1, 2])
[INFO] [1733765148.970036321] [fibonacci_action_client]: Received feedback: array('i', [0, 1, 1, 2, 3])
[INFO] [1733765149.221266437] [fibonacci_action_client]: Received feedback: array('i', [0, 1, 1, 2, 3, 5])
[INFO] [1733765149.472390106] [fibonacci_action_client]: Received feedback: array('i', [0, 1, 1, 2, 3, 5, 8])
[INFO] [1733765149.723557119] [fibonacci_action_client]: Received feedback: array('i', [0, 1, 1, 2, 3, 5, 8, 13])
[INFO] [1733765149.975137278] [fibonacci_action_client]: Received feedback: array('i', [0, 1, 1, 2, 3, 5, 8, 13, 21])
[INFO] [1733765150.226075152] [fibonacci_action_client]: Received feedback: array('i', [0, 1, 1, 2, 3, 5, 8, 13, 21, 34])
[INFO] [1733765150.477458669] [fibonacci_action_client]: Received feedback: array('i', [0, 1, 1, 2, 3, 5, 8, 13, 21, 34, 55])
[INFO] [1733765150.728495515] [fibonacci_action_client]: Result: array('i', [0, 1, 1, 2, 3, 5, 8, 13, 21, 34, 55])
[INFO] [1733765150.979504267] [fibonacci_action_client]: Sending goal with order 10
[INFO] [1733765150.981069653] [fibonacci_action_client]: Goal accepted, waiting for result.
[INFO] [1733765150.982625177] [fibonacci_action_client]: Received feedback: array('i', [0, 1, 1])
[INFO] [1733765151.233154452] [fibonacci_action_client]: Received feedback: array('i', [0, 1, 1, 2])
[INFO] [1733765151.484364835] [fibonacci_action_client]: Received feedback: array('i', [0, 1, 1, 2, 3])
[INFO] [1733765151.735424886] [fibonacci_action_client]: Received feedback: array('i', [0, 1, 1, 2, 3, 5])
[INFO] [1733765151.986743132] [fibonacci_action_client]: Received feedback: array('i', [0, 1, 1, 2, 3, 5, 8])
[INFO] [1733765152.237875769] [fibonacci_action_client]: Received feedback: array('i', [0, 1, 1, 2, 3, 5, 8, 13])
[INFO] [1733765152.489108551] [fibonacci_action_client]: Received feedback: array('i', [0, 1, 1, 2, 3, 5, 8, 13, 21])
[INFO] [1733765152.740441683] [fibonacci_action_client]: Received feedback: array('i', [0, 1, 1, 2, 3, 5, 8, 13, 21, 34])
[INFO] [1733765152.991146962] [fibonacci_action_client]: Received feedback: array('i', [0, 1, 1, 2, 3, 5, 8, 13, 21, 34, 55])
[INFO] [1733765153.242591155] [fibonacci_action_client]: Result: array('i', [0, 1, 1, 2, 3, 5, 8, 13, 21, 34, 55])
[INFO] [1733765153.493801426] [fibonacci_action_client]: Sending goal with order 10
[INFO] [1733765153.495451777] [fibonacci_action_client]: Goal accepted, waiting for result.
[INFO] [1733765153.496979804] [fibonacci_action_client]: Received feedback: array('i', [0, 1, 1])
[INFO] [1733765153.747781854] [fibonacci_action_client]: Received feedback: array('i', [0, 1, 1, 2])
[INFO] [1733765153.999077744] [fibonacci_action_client]: Received feedback: array('i', [0, 1, 1, 2, 3])
[INFO] [1733765154.250431082] [fibonacci_action_client]: Received feedback: array('i', [0, 1, 1, 2, 3, 5])
[INFO] [1733765154.501779813] [fibonacci_action_client]: Received feedback: array('i', [0, 1, 1, 2, 3, 5, 8])
[INFO] [1733765154.752556918] [fibonacci_action_client]: Received feedback: array('i', [0, 1, 1, 2, 3, 5, 8, 13])
[INFO] [1733765155.003724818] [fibonacci_action_client]: Received feedback: array('i', [0, 1, 1, 2, 3, 5, 8, 13, 21])
[INFO] [1733765155.255128567] [fibonacci_action_client]: Received feedback: array('i', [0, 1, 1, 2, 3, 5, 8, 13, 21, 34])
[INFO] [1733765155.505992194] [fibonacci_action_client]: Received feedback: array('i', [0, 1, 1, 2, 3, 5, 8, 13, 21, 34, 55])
[INFO] [1733765155.757680337] [fibonacci_action_client]: Result: array('i', [0, 1, 1, 2, 3, 5, 8, 13, 21, 34, 55])
[INFO] [1733765156.008392710] [fibonacci_action_client]: Sending goal with order 10
[INFO] [1733765156.010007521] [fibonacci_action_client]: Goal accepted, waiting for result.
[INFO] [1733765156.011738781] [fibonacci_action_client]: Received feedback: array('i', [0, 1, 1])
[INFO] [1733765156.262698430] [fibonacci_action_client]: Received feedback: array('i', [0, 1, 1, 2])
[INFO] [1733765156.513470408] [fibonacci_action_client]: Received feedback: array('i', [0, 1, 1, 2, 3])
[INFO] [1733765156.764735200] [fibonacci_action_client]: Received feedback: array('i', [0, 1, 1, 2, 3, 5])
[INFO] [1733765157.015810901] [fibonacci_action_client]: Received feedback: array('i', [0, 1, 1, 2, 3, 5, 8])
[INFO] [1733765157.267092843] [fibonacci_action_client]: Received feedback: array('i', [0, 1, 1, 2, 3, 5, 8, 13])
[INFO] [1733765157.518493201] [fibonacci_action_client]: Received feedback: array('i', [0, 1, 1, 2, 3, 5, 8, 13, 21])
[INFO] [1733765157.769774594] [fibonacci_action_client]: Received feedback: array('i', [0, 1, 1, 2, 3, 5, 8, 13, 21, 34])
[INFO] [1733765158.020896817] [fibonacci_action_client]: Received feedback: array('i', [0, 1, 1, 2, 3, 5, 8, 13, 21, 34, 55])
[INFO] [1733765158.272047827] [fibonacci_action_client]: Result: array('i', [0, 1, 1, 2, 3, 5, 8, 13, 21, 34, 55])
[INFO] [1733765158.522915069] [fibonacci_action_client]: Sending goal with order 10
[INFO] [1733765158.524510899] [fibonacci_action_client]: Goal accepted, waiting for result.
[INFO] [1733765158.526246933] [fibonacci_action_client]: Received feedback: array('i', [0, 1, 1])
[INFO] [1733765158.776991164] [fibonacci_action_client]: Received feedback: array('i', [0, 1, 1, 2])
[INFO] [1733765159.027733838] [fibonacci_action_client]: Received feedback: array('i', [0, 1, 1, 2, 3])
[INFO] [1733765159.279166747] [fibonacci_action_client]: Received feedback: array('i', [0, 1, 1, 2, 3, 5])
[INFO] [1733765159.530130215] [fibonacci_action_client]: Received feedback: array('i', [0, 1, 1, 2, 3, 5, 8])
[INFO] [1733765159.781397092] [fibonacci_action_client]: Received feedback: array('i', [0, 1, 1, 2, 3, 5, 8, 13])
[INFO] [1733765160.032536219] [fibonacci_action_client]: Received feedback: array('i', [0, 1, 1, 2, 3, 5, 8, 13, 21])
[INFO] [1733765160.283341792] [fibonacci_action_client]: Received feedback: array('i', [0, 1, 1, 2, 3, 5, 8, 13, 21, 34])
[INFO] [1733765160.534765953] [fibonacci_action_client]: Received feedback: array('i', [0, 1, 1, 2, 3, 5, 8, 13, 21, 34, 55])
[INFO] [1733765160.785994470] [fibonacci_action_client]: Result: array('i', [0, 1, 1, 2, 3, 5, 8, 13, 21, 34, 55])
[INFO] [1733765161.036603836] [fibonacci_action_client]: Sending goal with order 10
[INFO] [1733765161.038242429] [fibonacci_action_client]: Goal accepted, waiting for result.
[INFO] [1733765161.040078500] [fibonacci_action_client]: Received feedback: array('i', [0, 1, 1])
[INFO] [1733765161.290607366] [fibonacci_action_client]: Received feedback: array('i', [0, 1, 1, 2])
[INFO] [1733765161.541842107] [fibonacci_action_client]: Received feedback: array('i', [0, 1, 1, 2, 3])
[INFO] [1733765161.793123321] [fibonacci_action_client]: Received feedback: array('i', [0, 1, 1, 2, 3, 5])
[INFO] [1733765162.044065840] [fibonacci_action_client]: Received feedback: array('i', [0, 1, 1, 2, 3, 5, 8])
[INFO] [1733765162.295095893] [fibonacci_action_client]: Received feedback: array('i', [0, 1, 1, 2, 3, 5, 8, 13])
[INFO] [1733765162.546354211] [fibonacci_action_client]: Received feedback: array('i', [0, 1, 1, 2, 3, 5, 8, 13, 21])
[INFO] [1733765162.797413265] [fibonacci_action_client]: Received feedback: array('i', [0, 1, 1, 2, 3, 5, 8, 13, 21, 34])
[INFO] [1733765163.048290862] [fibonacci_action_client]: Received feedback: array('i', [0, 1, 1, 2, 3, 5, 8, 13, 21, 34, 55])
[INFO] [1733765163.300016003] [fibonacci_action_client]: Result: array('i', [0, 1, 1, 2, 3, 5, 8, 13, 21, 34, 55])
[INFO] [1733765163.550734271] [fibonacci_action_client]: Sending goal with order 10
[INFO] [1733765163.552259793] [fibonacci_action_client]: Goal accepted, waiting for result.
[INFO] [1733765163.553948874] [fibonacci_action_client]: Received feedback: array('i', [0, 1, 1])
[INFO] [1733765163.804700374] [fibonacci_action_client]: Received feedback: array('i', [0, 1, 1, 2])
[INFO] [1733765164.055682473] [fibonacci_action_client]: Received feedback: array('i', [0, 1, 1, 2, 3])
[INFO] [1733765164.307014668] [fibonacci_action_client]: Received feedback: array('i', [0, 1, 1, 2, 3, 5])
[INFO] [1733765164.558440991] [fibonacci_action_client]: Received feedback: array('i', [0, 1, 1, 2, 3, 5, 8])
[INFO] [1733765164.809192819] [fibonacci_action_client]: Received feedback: array('i', [0, 1, 1, 2, 3, 5, 8, 13])
[INFO] [1733765165.060240426] [fibonacci_action_client]: Received feedback: array('i', [0, 1, 1, 2, 3, 5, 8, 13, 21])
[INFO] [1733765165.311419664] [fibonacci_action_client]: Received feedback: array('i', [0, 1, 1, 2, 3, 5, 8, 13, 21, 34])
[INFO] [1733765165.562396615] [fibonacci_action_client]: Received feedback: array('i', [0, 1, 1, 2, 3, 5, 8, 13, 21, 34, 55])
[INFO] [1733765165.814124071] [fibonacci_action_client]: Result: array('i', [0, 1, 1, 2, 3, 5, 8, 13, 21, 34, 55])
[INFO] [1733765166.065026346] [fibonacci_action_client]: Sending goal with order 10
[INFO] [1733765166.067970681] [fibonacci_action_client]: Goal accepted, waiting for result.
[INFO] [1733765166.069014230] [fibonacci_action_client]: Received feedback: array('i', [0, 1, 1])
[INFO] [1733765166.318989453] [fibonacci_action_client]: Received feedback: array('i', [0, 1, 1, 2])
[INFO] [1733765166.570296415] [fibonacci_action_client]: Received feedback: array('i', [0, 1, 1, 2, 3])
[INFO] [1733765166.821644666] [fibonacci_action_client]: Received feedback: array('i', [0, 1, 1, 2, 3, 5])
[INFO] [1733765167.072724254] [fibonacci_action_client]: Received feedback: array('i', [0, 1, 1, 2, 3, 5, 8])
[INFO] [1733765167.323823124] [fibonacci_action_client]: Received feedback: array('i', [0, 1, 1, 2, 3, 5, 8, 13])
[INFO] [1733765167.575174770] [fibonacci_action_client]: Received feedback: array('i', [0, 1, 1, 2, 3, 5, 8, 13, 21])
[INFO] [1733765167.826675281] [fibonacci_action_client]: Received feedback: array('i', [0, 1, 1, 2, 3, 5, 8, 13, 21, 34])
[INFO] [1733765168.077874983] [fibonacci_action_client]: Received feedback: array('i', [0, 1, 1, 2, 3, 5, 8, 13, 21, 34, 55])
[INFO] [1733765168.329534038] [fibonacci_action_client]: Result: array('i', [0, 1, 1, 2, 3, 5, 8, 13, 21, 34, 55])
[INFO] [1733765168.580529332] [fibonacci_action_client]: Sending goal with order 10
[INFO] [1733765168.582256670] [fibonacci_action_client]: Goal accepted, waiting for result.
[INFO] [1733765168.583739555] [fibonacci_action_client]: Received feedback: array('i', [0, 1, 1])
[INFO] [1733765168.834937313] [fibonacci_action_client]: Received feedback: array('i', [0, 1, 1, 2])
[INFO] [1733765169.086349131] [fibonacci_action_client]: Received feedback: array('i', [0, 1, 1, 2, 3])
[INFO] [1733765169.337678027] [fibonacci_action_client]: Received feedback: array('i', [0, 1, 1, 2, 3, 5])
[INFO] [1733765169.588785583] [fibonacci_action_client]: Received feedback: array('i', [0, 1, 1, 2, 3, 5, 8])
[INFO] [1733765169.839786996] [fibonacci_action_client]: Received feedback: array('i', [0, 1, 1, 2, 3, 5, 8, 13])
[INFO] [1733765170.090636134] [fibonacci_action_client]: Received feedback: array('i', [0, 1, 1, 2, 3, 5, 8, 13, 21])
[INFO] [1733765170.341866179] [fibonacci_action_client]: Received feedback: array('i', [0, 1, 1, 2, 3, 5, 8, 13, 21, 34])
[INFO] [1733765170.593158969] [fibonacci_action_client]: Received feedback: array('i', [0, 1, 1, 2, 3, 5, 8, 13, 21, 34, 55])
[INFO] [1733765170.844952931] [fibonacci_action_client]: Result: array('i', [0, 1, 1, 2, 3, 5, 8, 13, 21, 34, 55])
[INFO] [1733765171.095847094] [fibonacci_action_client]: Sending goal with order 10
[INFO] [1733765171.097761530] [fibonacci_action_client]: Goal accepted, waiting for result.
[INFO] [1733765171.099663687] [fibonacci_action_client]: Received feedback: array('i', [0, 1, 1])
[INFO] [1733765171.350453987] [fibonacci_action_client]: Received feedback: array('i', [0, 1, 1, 2])
[INFO] [1733765171.602007666] [fibonacci_action_client]: Received feedback: array('i', [0, 1, 1, 2, 3])
[INFO] [1733765171.853059196] [fibonacci_action_client]: Received feedback: array('i', [0, 1, 1, 2, 3, 5])
[INFO] [1733765172.104346364] [fibonacci_action_client]: Received feedback: array('i', [0, 1, 1, 2, 3, 5, 8])
[INFO] [1733765172.355582954] [fibonacci_action_client]: Received feedback: array('i', [0, 1, 1, 2, 3, 5, 8, 13])
[INFO] [1733765172.606870773] [fibonacci_action_client]: Received feedback: array('i', [0, 1, 1, 2, 3, 5, 8, 13, 21])
[INFO] [1733765172.857778397] [fibonacci_action_client]: Received feedback: array('i', [0, 1, 1, 2, 3, 5, 8, 13, 21, 34])
[INFO] [1733765173.108906904] [fibonacci_action_client]: Received feedback: array('i', [0, 1, 1, 2, 3, 5, 8, 13, 21, 34, 55])
[INFO] [1733765173.360718842] [fibonacci_action_client]: Result: array('i', [0, 1, 1, 2, 3, 5, 8, 13, 21, 34, 55])
[INFO] [1733765173.611545527] [fibonacci_action_client]: Sending goal with order 10
[INFO] [1733765173.613029647] [fibonacci_action_client]: Goal accepted, waiting for result.
[INFO] [1733765173.614963208] [fibonacci_action_client]: Received feedback: array('i', [0, 1, 1])
[INFO] [1733765173.865713839] [fibonacci_action_client]: Received feedback: array('i', [0, 1, 1, 2])
[INFO] [1733765174.116810164] [fibonacci_action_client]: Received feedback: array('i', [0, 1, 1, 2, 3])
[INFO] [1733765174.367922880] [fibonacci_action_client]: Received feedback: array('i', [0, 1, 1, 2, 3, 5])
[INFO] [1733765174.618963182] [fibonacci_action_client]: Received feedback: array('i', [0, 1, 1, 2, 3, 5, 8])
[INFO] [1733765174.870278620] [fibonacci_action_client]: Received feedback: array('i', [0, 1, 1, 2, 3, 5, 8, 13])
[INFO] [1733765175.121596473] [fibonacci_action_client]: Received feedback: array('i', [0, 1, 1, 2, 3, 5, 8, 13, 21])
[INFO] [1733765175.372431532] [fibonacci_action_client]: Received feedback: array('i', [0, 1, 1, 2, 3, 5, 8, 13, 21, 34])
[INFO] [1733765175.623378037] [fibonacci_action_client]: Received feedback: array('i', [0, 1, 1, 2, 3, 5, 8, 13, 21, 34, 55])
[INFO] [1733765175.874838434] [fibonacci_action_client]: Result: array('i', [0, 1, 1, 2, 3, 5, 8, 13, 21, 34, 55])
[INFO] [1733765176.125718432] [fibonacci_action_client]: Sending goal with order 10
[INFO] [1733765176.127309192] [fibonacci_action_client]: Goal accepted, waiting for result.
[INFO] [1733765176.128958295] [fibonacci_action_client]: Received feedback: array('i', [0, 1, 1])
[INFO] [1733765176.379910707] [fibonacci_action_client]: Received feedback: array('i', [0, 1, 1, 2])
[INFO] [1733765176.630674488] [fibonacci_action_client]: Received feedback: array('i', [0, 1, 1, 2, 3])
[INFO] [1733765176.882034948] [fibonacci_action_client]: Received feedback: array('i', [0, 1, 1, 2, 3, 5])
[INFO] [1733765177.133133291] [fibonacci_action_client]: Received feedback: array('i', [0, 1, 1, 2, 3, 5, 8])
[INFO] [1733765177.384165458] [fibonacci_action_client]: Received feedback: array('i', [0, 1, 1, 2, 3, 5, 8, 13])
[INFO] [1733765177.635157405] [fibonacci_action_client]: Received feedback: array('i', [0, 1, 1, 2, 3, 5, 8, 13, 21])
[INFO] [1733765177.886180449] [fibonacci_action_client]: Received feedback: array('i', [0, 1, 1, 2, 3, 5, 8, 13, 21, 34])
[INFO] [1733765178.137377957] [fibonacci_action_client]: Received feedback: array('i', [0, 1, 1, 2, 3, 5, 8, 13, 21, 34, 55])
[INFO] [1733765178.389124542] [fibonacci_action_client]: Result: array('i', [0, 1, 1, 2, 3, 5, 8, 13, 21, 34, 55])
[INFO] [1733765178.640198885] [fibonacci_action_client]: Sending goal with order 10
[INFO] [1733765178.641826535] [fibonacci_action_client]: Goal accepted, waiting for result.
[INFO] [1733765178.643444571] [fibonacci_action_client]: Received feedback: array('i', [0, 1, 1])
[INFO] [1733765178.894187730] [fibonacci_action_client]: Received feedback: array('i', [0, 1, 1, 2])
[INFO] [1733765179.145181272] [fibonacci_action_client]: Received feedback: array('i', [0, 1, 1, 2, 3])
[INFO] [1733765179.396398943] [fibonacci_action_client]: Received feedback: array('i', [0, 1, 1, 2, 3, 5])
[INFO] [1733765179.647418594] [fibonacci_action_client]: Received feedback: array('i', [0, 1, 1, 2, 3, 5, 8])
[INFO] [1733765179.898529416] [fibonacci_action_client]: Received feedback: array('i', [0, 1, 1, 2, 3, 5, 8, 13])
[INFO] [1733765180.149828055] [fibonacci_action_client]: Received feedback: array('i', [0, 1, 1, 2, 3, 5, 8, 13, 21])
[INFO] [1733765180.401136624] [fibonacci_action_client]: Received feedback: array('i', [0, 1, 1, 2, 3, 5, 8, 13, 21, 34])
[INFO] [1733765180.652267840] [fibonacci_action_client]: Received feedback: array('i', [0, 1, 1, 2, 3, 5, 8, 13, 21, 34, 55])
[INFO] [1733765180.903660656] [fibonacci_action_client]: Result: array('i', [0, 1, 1, 2, 3, 5, 8, 13, 21, 34, 55])
[INFO] [1733765181.154670141] [fibonacci_action_client]: Sending goal with order 10
[INFO] [1733765181.156261314] [fibonacci_action_client]: Goal accepted, waiting for result.
[INFO] [1733765181.157972311] [fibonacci_action_client]: Received feedback: array('i', [0, 1, 1])
[INFO] [1733765181.408610473] [fibonacci_action_client]: Received feedback: array('i', [0, 1, 1, 2])
[INFO] [1733765181.659767640] [fibonacci_action_client]: Received feedback: array('i', [0, 1, 1, 2, 3])
[INFO] [1733765181.911127829] [fibonacci_action_client]: Received feedback: array('i', [0, 1, 1, 2, 3, 5])
[INFO] [1733765182.162480608] [fibonacci_action_client]: Received feedback: array('i', [0, 1, 1, 2, 3, 5, 8])
[INFO] [1733765182.413773671] [fibonacci_action_client]: Received feedback: array('i', [0, 1, 1, 2, 3, 5, 8, 13])
[INFO] [1733765182.664820138] [fibonacci_action_client]: Received feedback: array('i', [0, 1, 1, 2, 3, 5, 8, 13, 21])
[INFO] [1733765182.916223344] [fibonacci_action_client]: Received feedback: array('i', [0, 1, 1, 2, 3, 5, 8, 13, 21, 34])
[INFO] [1733765183.167168392] [fibonacci_action_client]: Received feedback: array('i', [0, 1, 1, 2, 3, 5, 8, 13, 21, 34, 55])
[INFO] [1733765183.418866548] [fibonacci_action_client]: Result: array('i', [0, 1, 1, 2, 3, 5, 8, 13, 21, 34, 55])
[INFO] [1733765183.670010328] [fibonacci_action_client]: Sending goal with order 10
[INFO] [1733765183.671549691] [fibonacci_action_client]: Goal accepted, waiting for result.
[INFO] [1733765183.673151399] [fibonacci_action_client]: Received feedback: array('i', [0, 1, 1])
[INFO] [1733765183.923818097] [fibonacci_action_client]: Received feedback: array('i', [0, 1, 1, 2])
[INFO] [1733765184.175041300] [fibonacci_action_client]: Received feedback: array('i', [0, 1, 1, 2, 3])
[INFO] [1733765184.426358313] [fibonacci_action_client]: Received feedback: array('i', [0, 1, 1, 2, 3, 5])
[INFO] [1733765184.677704470] [fibonacci_action_client]: Received feedback: array('i', [0, 1, 1, 2, 3, 5, 8])
[INFO] [1733765184.928677393] [fibonacci_action_client]: Received feedback: array('i', [0, 1, 1, 2, 3, 5, 8, 13])
[INFO] [1733765185.179745240] [fibonacci_action_client]: Received feedback: array('i', [0, 1, 1, 2, 3, 5, 8, 13, 21])
[INFO] [1733765185.430728953] [fibonacci_action_client]: Received feedback: array('i', [0, 1, 1, 2, 3, 5, 8, 13, 21, 34])
[INFO] [1733765185.681658078] [fibonacci_action_client]: Received feedback: array('i', [0, 1, 1, 2, 3, 5, 8, 13, 21, 34, 55])
[INFO] [1733765185.933638095] [fibonacci_action_client]: Result: array('i', [0, 1, 1, 2, 3, 5, 8, 13, 21, 34, 55])
[INFO] [1733765186.184592970] [fibonacci_action_client]: Sending goal with order 10
[INFO] [1733765186.187944401] [fibonacci_action_client]: Goal accepted, waiting for result.
[INFO] [1733765186.189168747] [fibonacci_action_client]: Received feedback: array('i', [0, 1, 1])
[INFO] [1733765186.438746873] [fibonacci_action_client]: Received feedback: array('i', [0, 1, 1, 2])
[INFO] [1733765186.689533709] [fibonacci_action_client]: Received feedback: array('i', [0, 1, 1, 2, 3])
[INFO] [1733765186.940781521] [fibonacci_action_client]: Received feedback: array('i', [0, 1, 1, 2, 3, 5])
[INFO] [1733765187.191937984] [fibonacci_action_client]: Received feedback: array('i', [0, 1, 1, 2, 3, 5, 8])
[INFO] [1733765187.443053358] [fibonacci_action_client]: Received feedback: array('i', [0, 1, 1, 2, 3, 5, 8, 13])
[INFO] [1733765187.694374689] [fibonacci_action_client]: Received feedback: array('i', [0, 1, 1, 2, 3, 5, 8, 13, 21])
[INFO] [1733765187.945631226] [fibonacci_action_client]: Received feedback: array('i', [0, 1, 1, 2, 3, 5, 8, 13, 21, 34])
[INFO] [1733765188.196891331] [fibonacci_action_client]: Received feedback: array('i', [0, 1, 1, 2, 3, 5, 8, 13, 21, 34, 55])
[INFO] [1733765188.448441289] [fibonacci_action_client]: Result: array('i', [0, 1, 1, 2, 3, 5, 8, 13, 21, 34, 55])
[INFO] [1733765188.699490428] [fibonacci_action_client]: Sending goal with order 10
[INFO] [1733765188.701093466] [fibonacci_action_client]: Goal accepted, waiting for result.
[INFO] [1733765188.702797789] [fibonacci_action_client]: Received feedback: array('i', [0, 1, 1])
[INFO] [1733765188.953891577] [fibonacci_action_client]: Received feedback: array('i', [0, 1, 1, 2])
[INFO] [1733765189.205158073] [fibonacci_action_client]: Received feedback: array('i', [0, 1, 1, 2, 3])
[INFO] [1733765189.456236693] [fibonacci_action_client]: Received feedback: array('i', [0, 1, 1, 2, 3, 5])
[INFO] [1733765189.707258448] [fibonacci_action_client]: Received feedback: array('i', [0, 1, 1, 2, 3, 5, 8])
[INFO] [1733765189.958399812] [fibonacci_action_client]: Received feedback: array('i', [0, 1, 1, 2, 3, 5, 8, 13])
[INFO] [1733765190.209587775] [fibonacci_action_client]: Received feedback: array('i', [0, 1, 1, 2, 3, 5, 8, 13, 21])
[INFO] [1733765190.460562209] [fibonacci_action_client]: Received feedback: array('i', [0, 1, 1, 2, 3, 5, 8, 13, 21, 34])
[INFO] [1733765190.711715461] [fibonacci_action_client]: Received feedback: array('i', [0, 1, 1, 2, 3, 5, 8, 13, 21, 34, 55])
[INFO] [1733765190.963269589] [fibonacci_action_client]: Result: array('i', [0, 1, 1, 2, 3, 5, 8, 13, 21, 34, 55])
[INFO] [1733765191.214443578] [fibonacci_action_client]: Sending goal with order 10
[INFO] [1733765191.216051740] [fibonacci_action_client]: Goal accepted, waiting for result.
[INFO] [1733765191.217848558] [fibonacci_action_client]: Received feedback: array('i', [0, 1, 1])
[INFO] [1733765191.468264456] [fibonacci_action_client]: Received feedback: array('i', [0, 1, 1, 2])
[INFO] [1733765191.719709201] [fibonacci_action_client]: Received feedback: array('i', [0, 1, 1, 2, 3])
[INFO] [1733765191.971129793] [fibonacci_action_client]: Received feedback: array('i', [0, 1, 1, 2, 3, 5])
[INFO] [1733765192.222300665] [fibonacci_action_client]: Received feedback: array('i', [0, 1, 1, 2, 3, 5, 8])
[INFO] [1733765192.473589302] [fibonacci_action_client]: Received feedback: array('i', [0, 1, 1, 2, 3, 5, 8, 13])
[INFO] [1733765192.724692963] [fibonacci_action_client]: Received feedback: array('i', [0, 1, 1, 2, 3, 5, 8, 13, 21])
[INFO] [1733765192.975782564] [fibonacci_action_client]: Received feedback: array('i', [0, 1, 1, 2, 3, 5, 8, 13, 21, 34])
[INFO] [1733765193.226813103] [fibonacci_action_client]: Received feedback: array('i', [0, 1, 1, 2, 3, 5, 8, 13, 21, 34, 55])
[INFO] [1733765193.478831415] [fibonacci_action_client]: Result: array('i', [0, 1, 1, 2, 3, 5, 8, 13, 21, 34, 55])
[INFO] [1733765193.729837484] [fibonacci_action_client]: Sending goal with order 10
[INFO] [1733765193.733341316] [fibonacci_action_client]: Goal accepted, waiting for result.
[INFO] [1733765193.734453205] [fibonacci_action_client]: Received feedback: array('i', [0, 1, 1])
[INFO] [1733765193.983884487] [fibonacci_action_client]: Received feedback: array('i', [0, 1, 1, 2])
[INFO] [1733765194.235311351] [fibonacci_action_client]: Received feedback: array('i', [0, 1, 1, 2, 3])
[INFO] [1733765194.486669338] [fibonacci_action_client]: Received feedback: array('i', [0, 1, 1, 2, 3, 5])
[INFO] [1733765194.738174526] [fibonacci_action_client]: Received feedback: array('i', [0, 1, 1, 2, 3, 5, 8])
[INFO] [1733765194.989536355] [fibonacci_action_client]: Received feedback: array('i', [0, 1, 1, 2, 3, 5, 8, 13])
[INFO] [1733765195.240611661] [fibonacci_action_client]: Received feedback: array('i', [0, 1, 1, 2, 3, 5, 8, 13, 21])
[INFO] [1733765195.491540537] [fibonacci_action_client]: Received feedback: array('i', [0, 1, 1, 2, 3, 5, 8, 13, 21, 34])
[INFO] [1733765195.742740228] [fibonacci_action_client]: Received feedback: array('i', [0, 1, 1, 2, 3, 5, 8, 13, 21, 34, 55])
[INFO] [1733765195.994801098] [fibonacci_action_client]: Result: array('i', [0, 1, 1, 2, 3, 5, 8, 13, 21, 34, 55])
[INFO] [1733765196.245614233] [fibonacci_action_client]: Sending goal with order 10
[INFO] [1733765196.247026276] [fibonacci_action_client]: Goal accepted, waiting for result.
[INFO] [1733765196.248947777] [fibonacci_action_client]: Received feedback: array('i', [0, 1, 1])
[INFO] [1733765196.499555300] [fibonacci_action_client]: Received feedback: array('i', [0, 1, 1, 2])
[INFO] [1733765196.750453625] [fibonacci_action_client]: Received feedback: array('i', [0, 1, 1, 2, 3])
[INFO] [1733765197.001800405] [fibonacci_action_client]: Received feedback: array('i', [0, 1, 1, 2, 3, 5])
[INFO] [1733765197.252703836] [fibonacci_action_client]: Received feedback: array('i', [0, 1, 1, 2, 3, 5, 8])
[INFO] [1733765197.503740118] [fibonacci_action_client]: Received feedback: array('i', [0, 1, 1, 2, 3, 5, 8, 13])
[INFO] [1733765197.755128681] [fibonacci_action_client]: Received feedback: array('i', [0, 1, 1, 2, 3, 5, 8, 13, 21])
[INFO] [1733765198.006511984] [fibonacci_action_client]: Received feedback: array('i', [0, 1, 1, 2, 3, 5, 8, 13, 21, 34])
[INFO] [1733765198.257859272] [fibonacci_action_client]: Received feedback: array('i', [0, 1, 1, 2, 3, 5, 8, 13, 21, 34, 55])
[INFO] [1733765198.510201455] [fibonacci_action_client]: Result: array('i', [0, 1, 1, 2, 3, 5, 8, 13, 21, 34, 55])
[INFO] [1733765198.761283665] [fibonacci_action_client]: Sending goal with order 10
[INFO] [1733765198.762958964] [fibonacci_action_client]: Goal accepted, waiting for result.
[INFO] [1733765198.764777216] [fibonacci_action_client]: Received feedback: array('i', [0, 1, 1])
[INFO] [1733765199.015300368] [fibonacci_action_client]: Received feedback: array('i', [0, 1, 1, 2])
[INFO] [1733765199.266624849] [fibonacci_action_client]: Received feedback: array('i', [0, 1, 1, 2, 3])
[INFO] [1733765199.517960363] [fibonacci_action_client]: Received feedback: array('i', [0, 1, 1, 2, 3, 5])
[INFO] [1733765199.769185315] [fibonacci_action_client]: Received feedback: array('i', [0, 1, 1, 2, 3, 5, 8])
[INFO] [1733765200.020467508] [fibonacci_action_client]: Received feedback: array('i', [0, 1, 1, 2, 3, 5, 8, 13])
[INFO] [1733765200.271565066] [fibonacci_action_client]: Received feedback: array('i', [0, 1, 1, 2, 3, 5, 8, 13, 21])
[INFO] [1733765200.522661613] [fibonacci_action_client]: Received feedback: array('i', [0, 1, 1, 2, 3, 5, 8, 13, 21, 34])
[INFO] [1733765200.773742708] [fibonacci_action_client]: Received feedback: array('i', [0, 1, 1, 2, 3, 5, 8, 13, 21, 34, 55])
[INFO] [1733765201.025564681] [fibonacci_action_client]: Result: array('i', [0, 1, 1, 2, 3, 5, 8, 13, 21, 34, 55])
[INFO] [1733765201.276768348] [fibonacci_action_client]: Sending goal with order 10
[INFO] [1733765201.278423711] [fibonacci_action_client]: Goal accepted, waiting for result.
[INFO] [1733765201.280229594] [fibonacci_action_client]: Received feedback: array('i', [0, 1, 1])
[INFO] [1733765201.530476447] [fibonacci_action_client]: Received feedback: array('i', [0, 1, 1, 2])
[INFO] [1733765201.782032046] [fibonacci_action_client]: Received feedback: array('i', [0, 1, 1, 2, 3])
[INFO] [1733765202.032874837] [fibonacci_action_client]: Received feedback: array('i', [0, 1, 1, 2, 3, 5])
[INFO] [1733765202.283939419] [fibonacci_action_client]: Received feedback: array('i', [0, 1, 1, 2, 3, 5, 8])
[INFO] [1733765202.534913830] [fibonacci_action_client]: Received feedback: array('i', [0, 1, 1, 2, 3, 5, 8, 13])
[INFO] [1733765202.785986658] [fibonacci_action_client]: Received feedback: array('i', [0, 1, 1, 2, 3, 5, 8, 13, 21])
[INFO] [1733765203.037263202] [fibonacci_action_client]: Received feedback: array('i', [0, 1, 1, 2, 3, 5, 8, 13, 21, 34])
[INFO] [1733765203.288451155] [fibonacci_action_client]: Received feedback: array('i', [0, 1, 1, 2, 3, 5, 8, 13, 21, 34, 55])
[INFO] [1733765203.540603562] [fibonacci_action_client]: Result: array('i', [0, 1, 1, 2, 3, 5, 8, 13, 21, 34, 55])
[INFO] [1733765203.791665749] [fibonacci_action_client]: Sending goal with order 10
[INFO] [1733765203.793191392] [fibonacci_action_client]: Goal accepted, waiting for result.
[INFO] [1733765203.795116391] [fibonacci_action_client]: Received feedback: array('i', [0, 1, 1])
[INFO] [1733765204.045954603] [fibonacci_action_client]: Received feedback: array('i', [0, 1, 1, 2])
[INFO] [1733765204.296996215] [fibonacci_action_client]: Received feedback: array('i', [0, 1, 1, 2, 3])
[INFO] [1733765204.548043029] [fibonacci_action_client]: Received feedback: array('i', [0, 1, 1, 2, 3, 5])
[INFO] [1733765204.799021443] [fibonacci_action_client]: Received feedback: array('i', [0, 1, 1, 2, 3, 5, 8])
[INFO] [1733765205.050302564] [fibonacci_action_client]: Received feedback: array('i', [0, 1, 1, 2, 3, 5, 8, 13])
[INFO] [1733765205.301211649] [fibonacci_action_client]: Received feedback: array('i', [0, 1, 1, 2, 3, 5, 8, 13, 21])
[INFO] [1733765205.552353359] [fibonacci_action_client]: Received feedback: array('i', [0, 1, 1, 2, 3, 5, 8, 13, 21, 34])
[INFO] [1733765205.803462572] [fibonacci_action_client]: Received feedback: array('i', [0, 1, 1, 2, 3, 5, 8, 13, 21, 34, 55])
[INFO] [1733765206.055084171] [fibonacci_action_client]: Result: array('i', [0, 1, 1, 2, 3, 5, 8, 13, 21, 34, 55])
[INFO] [1733765206.305779714] [fibonacci_action_client]: Sending goal with order 10
[INFO] [1733765206.307276520] [fibonacci_action_client]: Goal accepted, waiting for result.
[INFO] [1733765206.309141807] [fibonacci_action_client]: Received feedback: array('i', [0, 1, 1])
[INFO] [1733765206.559908012] [fibonacci_action_client]: Received feedback: array('i', [0, 1, 1, 2])
[INFO] [1733765206.810558491] [fibonacci_action_client]: Received feedback: array('i', [0, 1, 1, 2, 3])
[INFO] [1733765207.061931303] [fibonacci_action_client]: Received feedback: array('i', [0, 1, 1, 2, 3, 5])
[INFO] [1733765207.312793320] [fibonacci_action_client]: Received feedback: array('i', [0, 1, 1, 2, 3, 5, 8])
[INFO] [1733765207.563967693] [fibonacci_action_client]: Received feedback: array('i', [0, 1, 1, 2, 3, 5, 8, 13])
[INFO] [1733765207.814598179] [fibonacci_action_client]: Received feedback: array('i', [0, 1, 1, 2, 3, 5, 8, 13, 21])
[INFO] [1733765208.065849346] [fibonacci_action_client]: Received feedback: array('i', [0, 1, 1, 2, 3, 5, 8, 13, 21, 34])
[INFO] [1733765208.317098056] [fibonacci_action_client]: Received feedback: array('i', [0, 1, 1, 2, 3, 5, 8, 13, 21, 34, 55])
[INFO] [1733765208.569439820] [fibonacci_action_client]: Result: array('i', [0, 1, 1, 2, 3, 5, 8, 13, 21, 34, 55])
[INFO] [1733765208.820479318] [fibonacci_action_client]: Sending goal with order 10
[INFO] [1733765208.822898370] [fibonacci_action_client]: Goal accepted, waiting for result.
[INFO] [1733765208.825088907] [fibonacci_action_client]: Received feedback: array('i', [0, 1, 1])
[INFO] [1733765209.075420187] [fibonacci_action_client]: Received feedback: array('i', [0, 1, 1, 2])
[INFO] [1733765209.326645363] [fibonacci_action_client]: Received feedback: array('i', [0, 1, 1, 2, 3])
[INFO] [1733765209.577805363] [fibonacci_action_client]: Received feedback: array('i', [0, 1, 1, 2, 3, 5])
[INFO] [1733765209.828802247] [fibonacci_action_client]: Received feedback: array('i', [0, 1, 1, 2, 3, 5, 8])
[INFO] [1733765210.080048274] [fibonacci_action_client]: Received feedback: array('i', [0, 1, 1, 2, 3, 5, 8, 13])
[INFO] [1733765210.331067677] [fibonacci_action_client]: Received feedback: array('i', [0, 1, 1, 2, 3, 5, 8, 13, 21])
[INFO] [1733765210.582462302] [fibonacci_action_client]: Received feedback: array('i', [0, 1, 1, 2, 3, 5, 8, 13, 21, 34])
[INFO] [1733765210.833266852] [fibonacci_action_client]: Received feedback: array('i', [0, 1, 1, 2, 3, 5, 8, 13, 21, 34, 55])
[INFO] [1733765211.085521538] [fibonacci_action_client]: Result: array('i', [0, 1, 1, 2, 3, 5, 8, 13, 21, 34, 55])
[INFO] [1733765211.336660036] [fibonacci_action_client]: Sending goal with order 10
[INFO] [1733765211.338179700] [fibonacci_action_client]: Goal accepted, waiting for result.
[INFO] [1733765211.340189633] [fibonacci_action_client]: Received feedback: array('i', [0, 1, 1])
[INFO] [1733765211.590843374] [fibonacci_action_client]: Received feedback: array('i', [0, 1, 1, 2])
[INFO] [1733765211.842265867] [fibonacci_action_client]: Received feedback: array('i', [0, 1, 1, 2, 3])
[INFO] [1733765212.093138157] [fibonacci_action_client]: Received feedback: array('i', [0, 1, 1, 2, 3, 5])
[INFO] [1733765212.344384360] [fibonacci_action_client]: Received feedback: array('i', [0, 1, 1, 2, 3, 5, 8])
[INFO] [1733765212.595225512] [fibonacci_action_client]: Received feedback: array('i', [0, 1, 1, 2, 3, 5, 8, 13])
[INFO] [1733765212.846559999] [fibonacci_action_client]: Received feedback: array('i', [0, 1, 1, 2, 3, 5, 8, 13, 21])
[INFO] [1733765213.097969394] [fibonacci_action_client]: Received feedback: array('i', [0, 1, 1, 2, 3, 5, 8, 13, 21, 34])
[INFO] [1733765213.349034998] [fibonacci_action_client]: Received feedback: array('i', [0, 1, 1, 2, 3, 5, 8, 13, 21, 34, 55])
[INFO] [1733765213.601217645] [fibonacci_action_client]: Result: array('i', [0, 1, 1, 2, 3, 5, 8, 13, 21, 34, 55])
[INFO] [1733765213.852275389] [fibonacci_action_client]: Sending goal with order 10
[INFO] [1733765213.853894230] [fibonacci_action_client]: Goal accepted, waiting for result.
[INFO] [1733765213.855798808] [fibonacci_action_client]: Received feedback: array('i', [0, 1, 1])
[INFO] [1733765214.106406669] [fibonacci_action_client]: Received feedback: array('i', [0, 1, 1, 2])
[INFO] [1733765214.357361587] [fibonacci_action_client]: Received feedback: array('i', [0, 1, 1, 2, 3])
[INFO] [1733765214.608512897] [fibonacci_action_client]: Received feedback: array('i', [0, 1, 1, 2, 3, 5])
[INFO] [1733765214.859689478] [fibonacci_action_client]: Received feedback: array('i', [0, 1, 1, 2, 3, 5, 8])
[INFO] [1733765215.111061546] [fibonacci_action_client]: Received feedback: array('i', [0, 1, 1, 2, 3, 5, 8, 13])
[INFO] [1733765215.362164451] [fibonacci_action_client]: Received feedback: array('i', [0, 1, 1, 2, 3, 5, 8, 13, 21])
[INFO] [1733765215.613462311] [fibonacci_action_client]: Received feedback: array('i', [0, 1, 1, 2, 3, 5, 8, 13, 21, 34])
[INFO] [1733765215.864607141] [fibonacci_action_client]: Received feedback: array('i', [0, 1, 1, 2, 3, 5, 8, 13, 21, 34, 55])
[INFO] [1733765216.116850864] [fibonacci_action_client]: Result: array('i', [0, 1, 1, 2, 3, 5, 8, 13, 21, 34, 55])
[INFO] [1733765216.367717215] [fibonacci_action_client]: Sending goal with order 10
[INFO] [1733765216.369712206] [fibonacci_action_client]: Goal accepted, waiting for result.
[INFO] [1733765216.371891882] [fibonacci_action_client]: Received feedback: array('i', [0, 1, 1])
[INFO] [1733765216.622473372] [fibonacci_action_client]: Received feedback: array('i', [0, 1, 1, 2])
[INFO] [1733765216.873409249] [fibonacci_action_client]: Received feedback: array('i', [0, 1, 1, 2, 3])
[INFO] [1733765217.124566384] [fibonacci_action_client]: Received feedback: array('i', [0, 1, 1, 2, 3, 5])
[INFO] [1733765217.375372217] [fibonacci_action_client]: Received feedback: array('i', [0, 1, 1, 2, 3, 5, 8])
[INFO] [1733765217.626643534] [fibonacci_action_client]: Received feedback: array('i', [0, 1, 1, 2, 3, 5, 8, 13])
[INFO] [1733765217.877620511] [fibonacci_action_client]: Received feedback: array('i', [0, 1, 1, 2, 3, 5, 8, 13, 21])
[INFO] [1733765218.128730007] [fibonacci_action_client]: Received feedback: array('i', [0, 1, 1, 2, 3, 5, 8, 13, 21, 34])
[INFO] [1733765218.379619651] [fibonacci_action_client]: Received feedback: array('i', [0, 1, 1, 2, 3, 5, 8, 13, 21, 34, 55])
[INFO] [1733765218.632251488] [fibonacci_action_client]: Result: array('i', [0, 1, 1, 2, 3, 5, 8, 13, 21, 34, 55])
[INFO] [1733765218.883294830] [fibonacci_action_client]: Sending goal with order 10
[INFO] [1733765218.885248621] [fibonacci_action_client]: Goal accepted, waiting for result.
[INFO] [1733765218.887842465] [fibonacci_action_client]: Received feedback: array('i', [0, 1, 1])
[INFO] [1733765219.138396536] [fibonacci_action_client]: Received feedback: array('i', [0, 1, 1, 2])
[INFO] [1733765219.389586887] [fibonacci_action_client]: Received feedback: array('i', [0, 1, 1, 2, 3])
[INFO] [1733765219.640882206] [fibonacci_action_client]: Received feedback: array('i', [0, 1, 1, 2, 3, 5])
[INFO] [1733765219.891956620] [fibonacci_action_client]: Received feedback: array('i', [0, 1, 1, 2, 3, 5, 8])
[INFO] [1733765220.142882546] [fibonacci_action_client]: Received feedback: array('i', [0, 1, 1, 2, 3, 5, 8, 13])
[INFO] [1733765220.393948847] [fibonacci_action_client]: Received feedback: array('i', [0, 1, 1, 2, 3, 5, 8, 13, 21])
[INFO] [1733765220.645291246] [fibonacci_action_client]: Received feedback: array('i', [0, 1, 1, 2, 3, 5, 8, 13, 21, 34])
[INFO] [1733765220.896125977] [fibonacci_action_client]: Received feedback: array('i', [0, 1, 1, 2, 3, 5, 8, 13, 21, 34, 55])
[INFO] [1733765221.148117027] [fibonacci_action_client]: Result: array('i', [0, 1, 1, 2, 3, 5, 8, 13, 21, 34, 55])
[INFO] [1733765221.399098744] [fibonacci_action_client]: Sending goal with order 10
[INFO] [1733765221.402636804] [fibonacci_action_client]: Goal accepted, waiting for result.
[INFO] [1733765221.403367504] [fibonacci_action_client]: Received feedback: array('i', [0, 1, 1])
[INFO] [1733765221.653796825] [fibonacci_action_client]: Received feedback: array('i', [0, 1, 1, 2])
[INFO] [1733765221.905072612] [fibonacci_action_client]: Received feedback: array('i', [0, 1, 1, 2, 3])
[INFO] [1733765222.156088575] [fibonacci_action_client]: Received feedback: array('i', [0, 1, 1, 2, 3, 5])
[INFO] [1733765222.406839630] [fibonacci_action_client]: Received feedback: array('i', [0, 1, 1, 2, 3, 5, 8])
[INFO] [1733765222.657825725] [fibonacci_action_client]: Received feedback: array('i', [0, 1, 1, 2, 3, 5, 8, 13])
[INFO] [1733765222.909059517] [fibonacci_action_client]: Received feedback: array('i', [0, 1, 1, 2, 3, 5, 8, 13, 21])
[INFO] [1733765223.160397771] [fibonacci_action_client]: Received feedback: array('i', [0, 1, 1, 2, 3, 5, 8, 13, 21, 34])
[INFO] [1733765223.411528554] [fibonacci_action_client]: Received feedback: array('i', [0, 1, 1, 2, 3, 5, 8, 13, 21, 34, 55])
[INFO] [1733765223.663751675] [fibonacci_action_client]: Result: array('i', [0, 1, 1, 2, 3, 5, 8, 13, 21, 34, 55])
[INFO] [1733765223.914637532] [fibonacci_action_client]: Sending goal with order 10
[INFO] [1733765223.916176835] [fibonacci_action_client]: Goal accepted, waiting for result.
[INFO] [1733765223.918256428] [fibonacci_action_client]: Received feedback: array('i', [0, 1, 1])
[INFO] [1733765224.168793198] [fibonacci_action_client]: Received feedback: array('i', [0, 1, 1, 2])
[INFO] [1733765224.419654892] [fibonacci_action_client]: Received feedback: array('i', [0, 1, 1, 2, 3])
[INFO] [1733765224.670977397] [fibonacci_action_client]: Received feedback: array('i', [0, 1, 1, 2, 3, 5])
[INFO] [1733765224.922308796] [fibonacci_action_client]: Received feedback: array('i', [0, 1, 1, 2, 3, 5, 8])
[INFO] [1733765225.173584366] [fibonacci_action_client]: Received feedback: array('i', [0, 1, 1, 2, 3, 5, 8, 13])
[INFO] [1733765225.424714523] [fibonacci_action_client]: Received feedback: array('i', [0, 1, 1, 2, 3, 5, 8, 13, 21])
[INFO] [1733765225.675847178] [fibonacci_action_client]: Received feedback: array('i', [0, 1, 1, 2, 3, 5, 8, 13, 21, 34])
[INFO] [1733765225.926728764] [fibonacci_action_client]: Received feedback: array('i', [0, 1, 1, 2, 3, 5, 8, 13, 21, 34, 55])
[INFO] [1733765226.178966201] [fibonacci_action_client]: Result: array('i', [0, 1, 1, 2, 3, 5, 8, 13, 21, 34, 55])
[INFO] [1733765226.429729867] [fibonacci_action_client]: Sending goal with order 10
[INFO] [1733765226.431422265] [fibonacci_action_client]: Goal accepted, waiting for result.
[INFO] [1733765226.433711227] [fibonacci_action_client]: Received feedback: array('i', [0, 1, 1])
[INFO] [1733765226.684666685] [fibonacci_action_client]: Received feedback: array('i', [0, 1, 1, 2])
[INFO] [1733765226.935693017] [fibonacci_action_client]: Received feedback: array('i', [0, 1, 1, 2, 3])
[INFO] [1733765227.186788838] [fibonacci_action_client]: Received feedback: array('i', [0, 1, 1, 2, 3, 5])
[INFO] [1733765227.437685196] [fibonacci_action_client]: Received feedback: array('i', [0, 1, 1, 2, 3, 5, 8])
[INFO] [1733765227.688920560] [fibonacci_action_client]: Received feedback: array('i', [0, 1, 1, 2, 3, 5, 8, 13])
[INFO] [1733765227.940048819] [fibonacci_action_client]: Received feedback: array('i', [0, 1, 1, 2, 3, 5, 8, 13, 21])
[INFO] [1733765228.190947998] [fibonacci_action_client]: Received feedback: array('i', [0, 1, 1, 2, 3, 5, 8, 13, 21, 34])
[INFO] [1733765228.442162293] [fibonacci_action_client]: Received feedback: array('i', [0, 1, 1, 2, 3, 5, 8, 13, 21, 34, 55])
[INFO] [1733765228.694456182] [fibonacci_action_client]: Result: array('i', [0, 1, 1, 2, 3, 5, 8, 13, 21, 34, 55])
[INFO] [1733765228.945614298] [fibonacci_action_client]: Sending goal with order 10
[INFO] [1733765228.947230675] [fibonacci_action_client]: Goal accepted, waiting for result.
[INFO] [1733765228.949349452] [fibonacci_action_client]: Received feedback: array('i', [0, 1, 1])
[INFO] [1733765229.199623568] [fibonacci_action_client]: Received feedback: array('i', [0, 1, 1, 2])
[INFO] [1733765229.450977501] [fibonacci_action_client]: Received feedback: array('i', [0, 1, 1, 2, 3])
[INFO] [1733765229.702478941] [fibonacci_action_client]: Received feedback: array('i', [0, 1, 1, 2, 3, 5])
[INFO] [1733765229.953747798] [fibonacci_action_client]: Received feedback: array('i', [0, 1, 1, 2, 3, 5, 8])
[INFO] [1733765230.204993576] [fibonacci_action_client]: Received feedback: array('i', [0, 1, 1, 2, 3, 5, 8, 13])
[INFO] [1733765230.456020016] [fibonacci_action_client]: Received feedback: array('i', [0, 1, 1, 2, 3, 5, 8, 13, 21])
[INFO] [1733765230.707335642] [fibonacci_action_client]: Received feedback: array('i', [0, 1, 1, 2, 3, 5, 8, 13, 21, 34])
[INFO] [1733765230.958532536] [fibonacci_action_client]: Received feedback: array('i', [0, 1, 1, 2, 3, 5, 8, 13, 21, 34, 55])
[INFO] [1733765231.210641028] [fibonacci_action_client]: Result: array('i', [0, 1, 1, 2, 3, 5, 8, 13, 21, 34, 55])
[INFO] [1733765231.461717695] [fibonacci_action_client]: Sending goal with order 10
[INFO] [1733765231.463241978] [fibonacci_action_client]: Goal accepted, waiting for result.
[INFO] [1733765231.465445093] [fibonacci_action_client]: Received feedback: array('i', [0, 1, 1])
[INFO] [1733765231.715313195] [fibonacci_action_client]: Received feedback: array('i', [0, 1, 1, 2])
[INFO] [1733765231.966691383] [fibonacci_action_client]: Received feedback: array('i', [0, 1, 1, 2, 3])
[INFO] [1733765232.217727777] [fibonacci_action_client]: Received feedback: array('i', [0, 1, 1, 2, 3, 5])
[INFO] [1733765232.468984911] [fibonacci_action_client]: Received feedback: array('i', [0, 1, 1, 2, 3, 5, 8])
[INFO] [1733765232.719880271] [fibonacci_action_client]: Received feedback: array('i', [0, 1, 1, 2, 3, 5, 8, 13])
[INFO] [1733765232.970913768] [fibonacci_action_client]: Received feedback: array('i', [0, 1, 1, 2, 3, 5, 8, 13, 21])
[INFO] [1733765233.222435214] [fibonacci_action_client]: Received feedback: array('i', [0, 1, 1, 2, 3, 5, 8, 13, 21, 34])
[INFO] [1733765233.473748494] [fibonacci_action_client]: Received feedback: array('i', [0, 1, 1, 2, 3, 5, 8, 13, 21, 34, 55])
[INFO] [1733765233.726090516] [fibonacci_action_client]: Result: array('i', [0, 1, 1, 2, 3, 5, 8, 13, 21, 34, 55])
[INFO] [1733765233.976967455] [fibonacci_action_client]: Sending goal with order 10
[INFO] [1733765233.978369364] [fibonacci_action_client]: Goal accepted, waiting for result.
[INFO] [1733765233.980691821] [fibonacci_action_client]: Received feedback: array('i', [0, 1, 1])
[INFO] [1733765234.230984071] [fibonacci_action_client]: Received feedback: array('i', [0, 1, 1, 2])
[INFO] [1733765234.482311395] [fibonacci_action_client]: Received feedback: array('i', [0, 1, 1, 2, 3])
[INFO] [1733765234.733425505] [fibonacci_action_client]: Received feedback: array('i', [0, 1, 1, 2, 3, 5])
[INFO] [1733765234.984707039] [fibonacci_action_client]: Received feedback: array('i', [0, 1, 1, 2, 3, 5, 8])
[INFO] [1733765235.235743996] [fibonacci_action_client]: Received feedback: array('i', [0, 1, 1, 2, 3, 5, 8, 13])
[INFO] [1733765235.486764511] [fibonacci_action_client]: Received feedback: array('i', [0, 1, 1, 2, 3, 5, 8, 13, 21])
[INFO] [1733765235.737729986] [fibonacci_action_client]: Received feedback: array('i', [0, 1, 1, 2, 3, 5, 8, 13, 21, 34])
[INFO] [1733765235.988933072] [fibonacci_action_client]: Received feedback: array('i', [0, 1, 1, 2, 3, 5, 8, 13, 21, 34, 55])
[INFO] [1733765236.241426204] [fibonacci_action_client]: Result: array('i', [0, 1, 1, 2, 3, 5, 8, 13, 21, 34, 55])
[INFO] [1733765236.492170772] [fibonacci_action_client]: Sending goal with order 10
[INFO] [1733765236.493620498] [fibonacci_action_client]: Goal accepted, waiting for result.
[INFO] [1733765236.495754895] [fibonacci_action_client]: Received feedback: array('i', [0, 1, 1])
[INFO] [1733765236.746134735] [fibonacci_action_client]: Received feedback: array('i', [0, 1, 1, 2])
[INFO] [1733765236.997032614] [fibonacci_action_client]: Received feedback: array('i', [0, 1, 1, 2, 3])
[INFO] [1733765237.248326882] [fibonacci_action_client]: Received feedback: array('i', [0, 1, 1, 2, 3, 5])
[INFO] [1733765237.499046633] [fibonacci_action_client]: Received feedback: array('i', [0, 1, 1, 2, 3, 5, 8])
[INFO] [1733765237.750480472] [fibonacci_action_client]: Received feedback: array('i', [0, 1, 1, 2, 3, 5, 8, 13])
[INFO] [1733765238.001804523] [fibonacci_action_client]: Received feedback: array('i', [0, 1, 1, 2, 3, 5, 8, 13, 21])
[INFO] [1733765238.252997048] [fibonacci_action_client]: Received feedback: array('i', [0, 1, 1, 2, 3, 5, 8, 13, 21, 34])
[INFO] [1733765238.504278787] [fibonacci_action_client]: Received feedback: array('i', [0, 1, 1, 2, 3, 5, 8, 13, 21, 34, 55])
[INFO] [1733765238.756082455] [fibonacci_action_client]: Result: array('i', [0, 1, 1, 2, 3, 5, 8, 13, 21, 34, 55])
[INFO] [1733765239.006979735] [fibonacci_action_client]: Sending goal with order 10
[INFO] [1733765239.008560846] [fibonacci_action_client]: Goal accepted, waiting for result.
[INFO] [1733765239.010752025] [fibonacci_action_client]: Received feedback: array('i', [0, 1, 1])
[INFO] [1733765239.260841003] [fibonacci_action_client]: Received feedback: array('i', [0, 1, 1, 2])
[INFO] [1733765239.511919024] [fibonacci_action_client]: Received feedback: array('i', [0, 1, 1, 2, 3])
[INFO] [1733765239.762995283] [fibonacci_action_client]: Received feedback: array('i', [0, 1, 1, 2, 3, 5])
[INFO] [1733765240.014115130] [fibonacci_action_client]: Received feedback: array('i', [0, 1, 1, 2, 3, 5, 8])
[INFO] [1733765240.265270566] [fibonacci_action_client]: Received feedback: array('i', [0, 1, 1, 2, 3, 5, 8, 13])
[INFO] [1733765240.516251451] [fibonacci_action_client]: Received feedback: array('i', [0, 1, 1, 2, 3, 5, 8, 13, 21])
[INFO] [1733765240.767074617] [fibonacci_action_client]: Received feedback: array('i', [0, 1, 1, 2, 3, 5, 8, 13, 21, 34])
[INFO] [1733765241.018050163] [fibonacci_action_client]: Received feedback: array('i', [0, 1, 1, 2, 3, 5, 8, 13, 21, 34, 55])
[INFO] [1733765241.270066016] [fibonacci_action_client]: Result: array('i', [0, 1, 1, 2, 3, 5, 8, 13, 21, 34, 55])
[INFO] [1733765241.521209024] [fibonacci_action_client]: Sending goal with order 10
[INFO] [1733765241.522864619] [fibonacci_action_client]: Goal accepted, waiting for result.
[INFO] [1733765241.524945222] [fibonacci_action_client]: Received feedback: array('i', [0, 1, 1])
[INFO] [1733765241.774951867] [fibonacci_action_client]: Received feedback: array('i', [0, 1, 1, 2])
[INFO] [1733765242.026082409] [fibonacci_action_client]: Received feedback: array('i', [0, 1, 1, 2, 3])
[INFO] [1733765242.277125602] [fibonacci_action_client]: Received feedback: array('i', [0, 1, 1, 2, 3, 5])
[INFO] [1733765242.528441118] [fibonacci_action_client]: Received feedback: array('i', [0, 1, 1, 2, 3, 5, 8])
[INFO] [1733765242.779821365] [fibonacci_action_client]: Received feedback: array('i', [0, 1, 1, 2, 3, 5, 8, 13])
[INFO] [1733765243.031019089] [fibonacci_action_client]: Received feedback: array('i', [0, 1, 1, 2, 3, 5, 8, 13, 21])
[INFO] [1733765243.282415624] [fibonacci_action_client]: Received feedback: array('i', [0, 1, 1, 2, 3, 5, 8, 13, 21, 34])
[INFO] [1733765243.533734155] [fibonacci_action_client]: Received feedback: array('i', [0, 1, 1, 2, 3, 5, 8, 13, 21, 34, 55])
[INFO] [1733765243.785955665] [fibonacci_action_client]: Result: array('i', [0, 1, 1, 2, 3, 5, 8, 13, 21, 34, 55])
[INFO] [1733765244.036722351] [fibonacci_action_client]: Sending goal with order 10
[INFO] [1733765244.038357242] [fibonacci_action_client]: Goal accepted, waiting for result.
[INFO] [1733765244.041599528] [fibonacci_action_client]: Received feedback: array('i', [0, 1, 1])
[INFO] [1733765244.290952585] [fibonacci_action_client]: Received feedback: array('i', [0, 1, 1, 2])
[INFO] [1733765244.542427316] [fibonacci_action_client]: Received feedback: array('i', [0, 1, 1, 2, 3])
[INFO] [1733765244.793580562] [fibonacci_action_client]: Received feedback: array('i', [0, 1, 1, 2, 3, 5])
[INFO] [1733765245.044797590] [fibonacci_action_client]: Received feedback: array('i', [0, 1, 1, 2, 3, 5, 8])
[INFO] [1733765245.295902255] [fibonacci_action_client]: Received feedback: array('i', [0, 1, 1, 2, 3, 5, 8, 13])
[INFO] [1733765245.547024134] [fibonacci_action_client]: Received feedback: array('i', [0, 1, 1, 2, 3, 5, 8, 13, 21])
[INFO] [1733765245.798543180] [fibonacci_action_client]: Received feedback: array('i', [0, 1, 1, 2, 3, 5, 8, 13, 21, 34])
[INFO] [1733765246.049116395] [fibonacci_action_client]: Received feedback: array('i', [0, 1, 1, 2, 3, 5, 8, 13, 21, 34, 55])
[INFO] [1733765246.301633509] [fibonacci_action_client]: Result: array('i', [0, 1, 1, 2, 3, 5, 8, 13, 21, 34, 55])
[INFO] [1733765246.552581472] [fibonacci_action_client]: Sending goal with order 10
[INFO] [1733765246.556799477] [fibonacci_action_client]: Goal accepted, waiting for result.
[INFO] [1733765246.558123197] [fibonacci_action_client]: Received feedback: array('i', [0, 1, 1])
[INFO] [1733765246.806654791] [fibonacci_action_client]: Received feedback: array('i', [0, 1, 1, 2])
[INFO] [1733765247.057376870] [fibonacci_action_client]: Received feedback: array('i', [0, 1, 1, 2, 3])
[INFO] [1733765247.308686727] [fibonacci_action_client]: Received feedback: array('i', [0, 1, 1, 2, 3, 5])
[INFO] [1733765247.560079485] [fibonacci_action_client]: Received feedback: array('i', [0, 1, 1, 2, 3, 5, 8])
[INFO] [1733765247.811376897] [fibonacci_action_client]: Received feedback: array('i', [0, 1, 1, 2, 3, 5, 8, 13])
[INFO] [1733765248.062363841] [fibonacci_action_client]: Received feedback: array('i', [0, 1, 1, 2, 3, 5, 8, 13, 21])
[INFO] [1733765248.313396325] [fibonacci_action_client]: Received feedback: array('i', [0, 1, 1, 2, 3, 5, 8, 13, 21, 34])
[INFO] [1733765248.564511098] [fibonacci_action_client]: Received feedback: array('i', [0, 1, 1, 2, 3, 5, 8, 13, 21, 34, 55])
[INFO] [1733765248.817410063] [fibonacci_action_client]: Result: array('i', [0, 1, 1, 2, 3, 5, 8, 13, 21, 34, 55])
[INFO] [1733765249.068378503] [fibonacci_action_client]: Sending goal with order 10
[INFO] [1733765249.070383545] [fibonacci_action_client]: Goal accepted, waiting for result.
[INFO] [1733765249.073682083] [fibonacci_action_client]: Received feedback: array('i', [0, 1, 1])
[INFO] [1733765249.323208569] [fibonacci_action_client]: Received feedback: array('i', [0, 1, 1, 2])
[INFO] [1733765249.574025793] [fibonacci_action_client]: Received feedback: array('i', [0, 1, 1, 2, 3])
[INFO] [1733765249.825350511] [fibonacci_action_client]: Received feedback: array('i', [0, 1, 1, 2, 3, 5])
[INFO] [1733765250.076389518] [fibonacci_action_client]: Received feedback: array('i', [0, 1, 1, 2, 3, 5, 8])
[INFO] [1733765250.327049465] [fibonacci_action_client]: Received feedback: array('i', [0, 1, 1, 2, 3, 5, 8, 13])
[INFO] [1733765250.578611374] [fibonacci_action_client]: Received feedback: array('i', [0, 1, 1, 2, 3, 5, 8, 13, 21])
[INFO] [1733765250.829474928] [fibonacci_action_client]: Received feedback: array('i', [0, 1, 1, 2, 3, 5, 8, 13, 21, 34])
[INFO] [1733765251.080691896] [fibonacci_action_client]: Received feedback: array('i', [0, 1, 1, 2, 3, 5, 8, 13, 21, 34, 55])
[INFO] [1733765251.332756273] [fibonacci_action_client]: Result: array('i', [0, 1, 1, 2, 3, 5, 8, 13, 21, 34, 55])
[INFO] [1733765251.583649862] [fibonacci_action_client]: Sending goal with order 10
[INFO] [1733765251.585258254] [fibonacci_action_client]: Goal accepted, waiting for result.
[INFO] [1733765251.587575801] [fibonacci_action_client]: Received feedback: array('i', [0, 1, 1])
[INFO] [1733765251.838106911] [fibonacci_action_client]: Received feedback: array('i', [0, 1, 1, 2])
[INFO] [1733765252.089370196] [fibonacci_action_client]: Received feedback: array('i', [0, 1, 1, 2, 3])
[INFO] [1733765252.340639109] [fibonacci_action_client]: Received feedback: array('i', [0, 1, 1, 2, 3, 5])
[INFO] [1733765252.591721891] [fibonacci_action_client]: Received feedback: array('i', [0, 1, 1, 2, 3, 5, 8])
[INFO] [1733765252.842997809] [fibonacci_action_client]: Received feedback: array('i', [0, 1, 1, 2, 3, 5, 8, 13])
[INFO] [1733765253.094177862] [fibonacci_action_client]: Received feedback: array('i', [0, 1, 1, 2, 3, 5, 8, 13, 21])
[INFO] [1733765253.345290895] [fibonacci_action_client]: Received feedback: array('i', [0, 1, 1, 2, 3, 5, 8, 13, 21, 34])
[INFO] [1733765253.596580043] [fibonacci_action_client]: Received feedback: array('i', [0, 1, 1, 2, 3, 5, 8, 13, 21, 34, 55])
[INFO] [1733765253.848753754] [fibonacci_action_client]: Result: array('i', [0, 1, 1, 2, 3, 5, 8, 13, 21, 34, 55])
[INFO] [1733765254.099757029] [fibonacci_action_client]: Sending goal with order 10
[INFO] [1733765254.101408198] [fibonacci_action_client]: Goal accepted, waiting for result.
[INFO] [1733765254.103707495] [fibonacci_action_client]: Received feedback: array('i', [0, 1, 1])
[INFO] [1733765254.353884437] [fibonacci_action_client]: Received feedback: array('i', [0, 1, 1, 2])
[INFO] [1733765254.605095256] [fibonacci_action_client]: Received feedback: array('i', [0, 1, 1, 2, 3])
[INFO] [1733765254.855975037] [fibonacci_action_client]: Received feedback: array('i', [0, 1, 1, 2, 3, 5])
[INFO] [1733765255.106871473] [fibonacci_action_client]: Received feedback: array('i', [0, 1, 1, 2, 3, 5, 8])
[INFO] [1733765255.358151801] [fibonacci_action_client]: Received feedback: array('i', [0, 1, 1, 2, 3, 5, 8, 13])
[INFO] [1733765255.608866882] [fibonacci_action_client]: Received feedback: array('i', [0, 1, 1, 2, 3, 5, 8, 13, 21])
[INFO] [1733765255.860363334] [fibonacci_action_client]: Received feedback: array('i', [0, 1, 1, 2, 3, 5, 8, 13, 21, 34])
[INFO] [1733765256.111226928] [fibonacci_action_client]: Received feedback: array('i', [0, 1, 1, 2, 3, 5, 8, 13, 21, 34, 55])
[INFO] [1733765256.364143435] [fibonacci_action_client]: Result: array('i', [0, 1, 1, 2, 3, 5, 8, 13, 21, 34, 55])
[INFO] [1733765256.614947189] [fibonacci_action_client]: Sending goal with order 10
[INFO] [1733765256.616681524] [fibonacci_action_client]: Goal accepted, waiting for result.
[INFO] [1733765256.619470731] [fibonacci_action_client]: Received feedback: array('i', [0, 1, 1])
[INFO] [1733765256.869739393] [fibonacci_action_client]: Received feedback: array('i', [0, 1, 1, 2])
[INFO] [1733765257.120776585] [fibonacci_action_client]: Received feedback: array('i', [0, 1, 1, 2, 3])
[INFO] [1733765257.371745150] [fibonacci_action_client]: Received feedback: array('i', [0, 1, 1, 2, 3, 5])
[INFO] [1733765257.622826421] [fibonacci_action_client]: Received feedback: array('i', [0, 1, 1, 2, 3, 5, 8])
[INFO] [1733765257.874002057] [fibonacci_action_client]: Received feedback: array('i', [0, 1, 1, 2, 3, 5, 8, 13])
[INFO] [1733765258.125134756] [fibonacci_action_client]: Received feedback: array('i', [0, 1, 1, 2, 3, 5, 8, 13, 21])
[INFO] [1733765258.376275121] [fibonacci_action_client]: Received feedback: array('i', [0, 1, 1, 2, 3, 5, 8, 13, 21, 34])
[INFO] [1733765258.627309308] [fibonacci_action_client]: Received feedback: array('i', [0, 1, 1, 2, 3, 5, 8, 13, 21, 34, 55])
[INFO] [1733765258.879876289] [fibonacci_action_client]: Result: array('i', [0, 1, 1, 2, 3, 5, 8, 13, 21, 34, 55])
[INFO] [1733765259.130758631] [fibonacci_action_client]: Sending goal with order 10
[INFO] [1733765259.132358026] [fibonacci_action_client]: Goal accepted, waiting for result.
[INFO] [1733765259.134730147] [fibonacci_action_client]: Received feedback: array('i', [0, 1, 1])
[INFO] [1733765259.384784187] [fibonacci_action_client]: Received feedback: array('i', [0, 1, 1, 2])
[INFO] [1733765259.635976434] [fibonacci_action_client]: Received feedback: array('i', [0, 1, 1, 2, 3])
[INFO] [1733765259.887046632] [fibonacci_action_client]: Received feedback: array('i', [0, 1, 1, 2, 3, 5])
[INFO] [1733765260.138325038] [fibonacci_action_client]: Received feedback: array('i', [0, 1, 1, 2, 3, 5, 8])
[INFO] [1733765260.389224433] [fibonacci_action_client]: Received feedback: array('i', [0, 1, 1, 2, 3, 5, 8, 13])
[INFO] [1733765260.640391600] [fibonacci_action_client]: Received feedback: array('i', [0, 1, 1, 2, 3, 5, 8, 13, 21])
[INFO] [1733765260.891231063] [fibonacci_action_client]: Received feedback: array('i', [0, 1, 1, 2, 3, 5, 8, 13, 21, 34])
[INFO] [1733765261.142634969] [fibonacci_action_client]: Received feedback: array('i', [0, 1, 1, 2, 3, 5, 8, 13, 21, 34, 55])
[INFO] [1733765261.394737652] [fibonacci_action_client]: Result: array('i', [0, 1, 1, 2, 3, 5, 8, 13, 21, 34, 55])
[INFO] [1733765261.645917286] [fibonacci_action_client]: Sending goal with order 10
[INFO] [1733765261.647560756] [fibonacci_action_client]: Goal accepted, waiting for result.
[INFO] [1733765261.649918029] [fibonacci_action_client]: Received feedback: array('i', [0, 1, 1])
[INFO] [1733765261.900010575] [fibonacci_action_client]: Received feedback: array('i', [0, 1, 1, 2])
[INFO] [1733765262.150988312] [fibonacci_action_client]: Received feedback: array('i', [0, 1, 1, 2, 3])
[INFO] [1733765262.402481439] [fibonacci_action_client]: Received feedback: array('i', [0, 1, 1, 2, 3, 5])
[INFO] [1733765262.653388765] [fibonacci_action_client]: Received feedback: array('i', [0, 1, 1, 2, 3, 5, 8])
[INFO] [1733765262.904165994] [fibonacci_action_client]: Received feedback: array('i', [0, 1, 1, 2, 3, 5, 8, 13])
[INFO] [1733765263.155341265] [fibonacci_action_client]: Received feedback: array('i', [0, 1, 1, 2, 3, 5, 8, 13, 21])
[INFO] [1733765263.406628877] [fibonacci_action_client]: Received feedback: array('i', [0, 1, 1, 2, 3, 5, 8, 13, 21, 34])
[INFO] [1733765263.657863139] [fibonacci_action_client]: Received feedback: array('i', [0, 1, 1, 2, 3, 5, 8, 13, 21, 34, 55])
[INFO] [1733765263.910436365] [fibonacci_action_client]: Result: array('i', [0, 1, 1, 2, 3, 5, 8, 13, 21, 34, 55])
[INFO] [1733765264.161269318] [fibonacci_action_client]: Sending goal with order 10
[INFO] [1733765264.165184345] [fibonacci_action_client]: Goal accepted, waiting for result.
[INFO] [1733765264.166044745] [fibonacci_action_client]: Received feedback: array('i', [0, 1, 1])
[INFO] [1733765264.415667489] [fibonacci_action_client]: Received feedback: array('i', [0, 1, 1, 2])
[INFO] [1733765264.666853703] [fibonacci_action_client]: Received feedback: array('i', [0, 1, 1, 2, 3])
[INFO] [1733765264.917836619] [fibonacci_action_client]: Received feedback: array('i', [0, 1, 1, 2, 3, 5])
[INFO] [1733765265.168660053] [fibonacci_action_client]: Received feedback: array('i', [0, 1, 1, 2, 3, 5, 8])
[INFO] [1733765265.419734208] [fibonacci_action_client]: Received feedback: array('i', [0, 1, 1, 2, 3, 5, 8, 13])
[INFO] [1733765265.670662138] [fibonacci_action_client]: Received feedback: array('i', [0, 1, 1, 2, 3, 5, 8, 13, 21])
[INFO] [1733765265.921987026] [fibonacci_action_client]: Received feedback: array('i', [0, 1, 1, 2, 3, 5, 8, 13, 21, 34])
[INFO] [1733765266.173095498] [fibonacci_action_client]: Received feedback: array('i', [0, 1, 1, 2, 3, 5, 8, 13, 21, 34, 55])
[INFO] [1733765266.425837574] [fibonacci_action_client]: Result: array('i', [0, 1, 1, 2, 3, 5, 8, 13, 21, 34, 55])
[INFO] [1733765266.676959200] [fibonacci_action_client]: Sending goal with order 10
[INFO] [1733765266.680942242] [fibonacci_action_client]: Goal accepted, waiting for result.
[INFO] [1733765266.681798227] [fibonacci_action_client]: Received feedback: array('i', [0, 1, 1])
[INFO] [1733765266.931555841] [fibonacci_action_client]: Received feedback: array('i', [0, 1, 1, 2])
[INFO] [1733765267.182914565] [fibonacci_action_client]: Received feedback: array('i', [0, 1, 1, 2, 3])
[INFO] [1733765267.433915452] [fibonacci_action_client]: Received feedback: array('i', [0, 1, 1, 2, 3, 5])
[INFO] [1733765267.684916668] [fibonacci_action_client]: Received feedback: array('i', [0, 1, 1, 2, 3, 5, 8])
[INFO] [1733765267.936003737] [fibonacci_action_client]: Received feedback: array('i', [0, 1, 1, 2, 3, 5, 8, 13])
[INFO] [1733765268.186923161] [fibonacci_action_client]: Received feedback: array('i', [0, 1, 1, 2, 3, 5, 8, 13, 21])
[INFO] [1733765268.438381313] [fibonacci_action_client]: Received feedback: array('i', [0, 1, 1, 2, 3, 5, 8, 13, 21, 34])
[INFO] [1733765268.689508753] [fibonacci_action_client]: Received feedback: array('i', [0, 1, 1, 2, 3, 5, 8, 13, 21, 34, 55])
[INFO] [1733765268.941876248] [fibonacci_action_client]: Result: array('i', [0, 1, 1, 2, 3, 5, 8, 13, 21, 34, 55])
[INFO] [1733765269.192986850] [fibonacci_action_client]: Sending goal with order 10
[INFO] [1733765269.196043888] [fibonacci_action_client]: Goal accepted, waiting for result.
[INFO] [1733765269.196841116] [fibonacci_action_client]: Received feedback: array('i', [0, 1, 1])
[INFO] [1733765269.446996812] [fibonacci_action_client]: Received feedback: array('i', [0, 1, 1, 2])
[INFO] [1733765269.698150885] [fibonacci_action_client]: Received feedback: array('i', [0, 1, 1, 2, 3])
[INFO] [1733765269.949212980] [fibonacci_action_client]: Received feedback: array('i', [0, 1, 1, 2, 3, 5])
[INFO] [1733765270.200433029] [fibonacci_action_client]: Received feedback: array('i', [0, 1, 1, 2, 3, 5, 8])
[INFO] [1733765270.451235636] [fibonacci_action_client]: Received feedback: array('i', [0, 1, 1, 2, 3, 5, 8, 13])
[INFO] [1733765270.702582702] [fibonacci_action_client]: Received feedback: array('i', [0, 1, 1, 2, 3, 5, 8, 13, 21])
[INFO] [1733765270.953718415] [fibonacci_action_client]: Received feedback: array('i', [0, 1, 1, 2, 3, 5, 8, 13, 21, 34])
[INFO] [1733765271.204808241] [fibonacci_action_client]: Received feedback: array('i', [0, 1, 1, 2, 3, 5, 8, 13, 21, 34, 55])
[INFO] [1733765271.457241700] [fibonacci_action_client]: Result: array('i', [0, 1, 1, 2, 3, 5, 8, 13, 21, 34, 55])
[INFO] [1733765271.708412999] [fibonacci_action_client]: Sending goal with order 10
[INFO] [1733765271.711492732] [fibonacci_action_client]: Goal accepted, waiting for result.
[INFO] [1733765271.712294352] [fibonacci_action_client]: Received feedback: array('i', [0, 1, 1])
[INFO] [1733765271.962629757] [fibonacci_action_client]: Received feedback: array('i', [0, 1, 1, 2])
[INFO] [1733765272.213719167] [fibonacci_action_client]: Received feedback: array('i', [0, 1, 1, 2, 3])
[INFO] [1733765272.464871436] [fibonacci_action_client]: Received feedback: array('i', [0, 1, 1, 2, 3, 5])
[INFO] [1733765272.715952660] [fibonacci_action_client]: Received feedback: array('i', [0, 1, 1, 2, 3, 5, 8])
[INFO] [1733765272.967049618] [fibonacci_action_client]: Received feedback: array('i', [0, 1, 1, 2, 3, 5, 8, 13])
[INFO] [1733765273.218445270] [fibonacci_action_client]: Received feedback: array('i', [0, 1, 1, 2, 3, 5, 8, 13, 21])
[INFO] [1733765273.469751048] [fibonacci_action_client]: Received feedback: array('i', [0, 1, 1, 2, 3, 5, 8, 13, 21, 34])
[INFO] [1733765273.720543935] [fibonacci_action_client]: Received feedback: array('i', [0, 1, 1, 2, 3, 5, 8, 13, 21, 34, 55])
[INFO] [1733765273.972988012] [fibonacci_action_client]: Result: array('i', [0, 1, 1, 2, 3, 5, 8, 13, 21, 34, 55])
[INFO] [1733765274.224068191] [fibonacci_action_client]: Sending goal with order 10
[INFO] [1733765274.227268188] [fibonacci_action_client]: Goal accepted, waiting for result.
[INFO] [1733765274.228078483] [fibonacci_action_client]: Received feedback: array('i', [0, 1, 1])
[INFO] [1733765274.477745872] [fibonacci_action_client]: Received feedback: array('i', [0, 1, 1, 2])
[INFO] [1733765274.728944312] [fibonacci_action_client]: Received feedback: array('i', [0, 1, 1, 2, 3])
[INFO] [1733765274.980240702] [fibonacci_action_client]: Received feedback: array('i', [0, 1, 1, 2, 3, 5])
[INFO] [1733765275.231140429] [fibonacci_action_client]: Received feedback: array('i', [0, 1, 1, 2, 3, 5, 8])
[INFO] [1733765275.482496049] [fibonacci_action_client]: Received feedback: array('i', [0, 1, 1, 2, 3, 5, 8, 13])
[INFO] [1733765275.733373331] [fibonacci_action_client]: Received feedback: array('i', [0, 1, 1, 2, 3, 5, 8, 13, 21])
[INFO] [1733765275.984618581] [fibonacci_action_client]: Received feedback: array('i', [0, 1, 1, 2, 3, 5, 8, 13, 21, 34])
[INFO] [1733765276.235628361] [fibonacci_action_client]: Received feedback: array('i', [0, 1, 1, 2, 3, 5, 8, 13, 21, 34, 55])
[INFO] [1733765276.487962218] [fibonacci_action_client]: Result: array('i', [0, 1, 1, 2, 3, 5, 8, 13, 21, 34, 55])
[INFO] [1733765276.738978702] [fibonacci_action_client]: Sending goal with order 10
[INFO] [1733765276.742065779] [fibonacci_action_client]: Goal accepted, waiting for result.
[INFO] [1733765276.742905502] [fibonacci_action_client]: Received feedback: array('i', [0, 1, 1])
[INFO] [1733765276.993085691] [fibonacci_action_client]: Received feedback: array('i', [0, 1, 1, 2])
[INFO] [1733765277.244113135] [fibonacci_action_client]: Received feedback: array('i', [0, 1, 1, 2, 3])
[INFO] [1733765277.495014318] [fibonacci_action_client]: Received feedback: array('i', [0, 1, 1, 2, 3, 5])
[INFO] [1733765277.746346484] [fibonacci_action_client]: Received feedback: array('i', [0, 1, 1, 2, 3, 5, 8])
[INFO] [1733765277.997801821] [fibonacci_action_client]: Received feedback: array('i', [0, 1, 1, 2, 3, 5, 8, 13])
[INFO] [1733765278.248914268] [fibonacci_action_client]: Received feedback: array('i', [0, 1, 1, 2, 3, 5, 8, 13, 21])
[INFO] [1733765278.500114571] [fibonacci_action_client]: Received feedback: array('i', [0, 1, 1, 2, 3, 5, 8, 13, 21, 34])
[INFO] [1733765278.751086277] [fibonacci_action_client]: Received feedback: array('i', [0, 1, 1, 2, 3, 5, 8, 13, 21, 34, 55])
[INFO] [1733765279.003817070] [fibonacci_action_client]: Result: array('i', [0, 1, 1, 2, 3, 5, 8, 13, 21, 34, 55])
[INFO] [1733765279.254814914] [fibonacci_action_client]: Sending goal with order 10
[INFO] [1733765279.256837731] [fibonacci_action_client]: Goal accepted, waiting for result.
[INFO] [1733765279.260653553] [fibonacci_action_client]: Received feedback: array('i', [0, 1, 1])
[INFO] [1733765279.509075380] [fibonacci_action_client]: Received feedback: array('i', [0, 1, 1, 2])
[INFO] [1733765279.760396581] [fibonacci_action_client]: Received feedback: array('i', [0, 1, 1, 2, 3])
[INFO] [1733765280.011444734] [fibonacci_action_client]: Received feedback: array('i', [0, 1, 1, 2, 3, 5])
[INFO] [1733765280.262803756] [fibonacci_action_client]: Received feedback: array('i', [0, 1, 1, 2, 3, 5, 8])
[INFO] [1733765280.513921432] [fibonacci_action_client]: Received feedback: array('i', [0, 1, 1, 2, 3, 5, 8, 13])
[INFO] [1733765280.764710524] [fibonacci_action_client]: Received feedback: array('i', [0, 1, 1, 2, 3, 5, 8, 13, 21])
[INFO] [1733765281.015977741] [fibonacci_action_client]: Received feedback: array('i', [0, 1, 1, 2, 3, 5, 8, 13, 21, 34])
[INFO] [1733765281.267049391] [fibonacci_action_client]: Received feedback: array('i', [0, 1, 1, 2, 3, 5, 8, 13, 21, 34, 55])
[INFO] [1733765281.519867112] [fibonacci_action_client]: Result: array('i', [0, 1, 1, 2, 3, 5, 8, 13, 21, 34, 55])
[INFO] [1733765281.770766535] [fibonacci_action_client]: Sending goal with order 10
[INFO] [1733765281.774002805] [fibonacci_action_client]: Goal accepted, waiting for result.
[INFO] [1733765281.774836884] [fibonacci_action_client]: Received feedback: array('i', [0, 1, 1])
[INFO] [1733765282.024725825] [fibonacci_action_client]: Received feedback: array('i', [0, 1, 1, 2])
[INFO] [1733765282.275518812] [fibonacci_action_client]: Received feedback: array('i', [0, 1, 1, 2, 3])
[INFO] [1733765282.526616873] [fibonacci_action_client]: Received feedback: array('i', [0, 1, 1, 2, 3, 5])
[INFO] [1733765282.778168016] [fibonacci_action_client]: Received feedback: array('i', [0, 1, 1, 2, 3, 5, 8])
[INFO] [1733765283.029419394] [fibonacci_action_client]: Received feedback: array('i', [0, 1, 1, 2, 3, 5, 8, 13])
[INFO] [1733765283.280683529] [fibonacci_action_client]: Received feedback: array('i', [0, 1, 1, 2, 3, 5, 8, 13, 21])
[INFO] [1733765283.531764385] [fibonacci_action_client]: Received feedback: array('i', [0, 1, 1, 2, 3, 5, 8, 13, 21, 34])
[INFO] [1733765283.782925130] [fibonacci_action_client]: Received feedback: array('i', [0, 1, 1, 2, 3, 5, 8, 13, 21, 34, 55])
[INFO] [1733765284.037069473] [fibonacci_action_client]: Result: array('i', [0, 1, 1, 2, 3, 5, 8, 13, 21, 34, 55])
[INFO] [1733765284.288064171] [fibonacci_action_client]: Sending goal with order 10
[INFO] [1733765284.291215579] [fibonacci_action_client]: Goal accepted, waiting for result.
[INFO] [1733765284.292012216] [fibonacci_action_client]: Received feedback: array('i', [0, 1, 1])
[INFO] [1733765284.542134697] [fibonacci_action_client]: Received feedback: array('i', [0, 1, 1, 2])
[INFO] [1733765284.792998512] [fibonacci_action_client]: Received feedback: array('i', [0, 1, 1, 2, 3])
[INFO] [1733765285.044502261] [fibonacci_action_client]: Received feedback: array('i', [0, 1, 1, 2, 3, 5])
[INFO] [1733765285.295409283] [fibonacci_action_client]: Received feedback: array('i', [0, 1, 1, 2, 3, 5, 8])
[INFO] [1733765285.546733798] [fibonacci_action_client]: Received feedback: array('i', [0, 1, 1, 2, 3, 5, 8, 13])
[INFO] [1733765285.798028873] [fibonacci_action_client]: Received feedback: array('i', [0, 1, 1, 2, 3, 5, 8, 13, 21])
[INFO] [1733765286.049046412] [fibonacci_action_client]: Received feedback: array('i', [0, 1, 1, 2, 3, 5, 8, 13, 21, 34])
[INFO] [1733765286.300100075] [fibonacci_action_client]: Received feedback: array('i', [0, 1, 1, 2, 3, 5, 8, 13, 21, 34, 55])
