[INFO] [1733816596.918983814] [fibonacci_action_client]: Sending goal with order 10
[INFO] [1733816599.192713523] [fibonacci_action_client]: Goal accepted, waiting for result.
[INFO] [1733816599.194164872] [fibonacci_action_client]: Received feedback: array('i', [0, 1, 1])
[INFO] [1733816599.446827489] [fibonacci_action_client]: Received feedback: array('i', [0, 1, 1, 2])
[INFO] [1733816599.698226877] [fibonacci_action_client]: Received feedback: array('i', [0, 1, 1, 2, 3])
[INFO] [1733816599.949714587] [fibonacci_action_client]: Received feedback: array('i', [0, 1, 1, 2, 3, 5])
[INFO] [1733816600.200756157] [fibonacci_action_client]: Received feedback: array('i', [0, 1, 1, 2, 3, 5, 8])
[INFO] [1733816600.451819930] [fibonacci_action_client]: Received feedback: array('i', [0, 1, 1, 2, 3, 5, 8, 13])
[INFO] [1733816600.703135082] [fibonacci_action_client]: Received feedback: array('i', [0, 1, 1, 2, 3, 5, 8, 13, 21])
[INFO] [1733816600.954476973] [fibonacci_action_client]: Received feedback: array('i', [0, 1, 1, 2, 3, 5, 8, 13, 21, 34])
[INFO] [1733816601.205800993] [fibonacci_action_client]: Received feedback: array('i', [0, 1, 1, 2, 3, 5, 8, 13, 21, 34, 55])
[INFO] [1733816601.457748619] [fibonacci_action_client]: Result: array('i', [0, 1, 1, 2, 3, 5, 8, 13, 21, 34, 55])
[INFO] [1733816601.708683667] [fibonacci_action_client]: Sending goal with order 10
[INFO] [1733816603.719496737] [fibonacci_action_client]: Goal accepted, waiting for result.
[INFO] [1733816603.721041267] [fibonacci_action_client]: Received feedback: array('i', [0, 1, 1])
[INFO] [1733816603.972537626] [fibonacci_action_client]: Received feedback: array('i', [0, 1, 1, 2])
[INFO] [1733816604.223783624] [fibonacci_action_client]: Received feedback: array('i', [0, 1, 1, 2, 3])
[INFO] [1733816604.475168785] [fibonacci_action_client]: Received feedback: array('i', [0, 1, 1, 2, 3, 5])
[INFO] [1733816604.726573350] [fibonacci_action_client]: Received feedback: array('i', [0, 1, 1, 2, 3, 5, 8])
[INFO] [1733816604.977923345] [fibonacci_action_client]: Received feedback: array('i', [0, 1, 1, 2, 3, 5, 8, 13])
[INFO] [1733816605.229040022] [fibonacci_action_client]: Received feedback: array('i', [0, 1, 1, 2, 3, 5, 8, 13, 21])
[INFO] [1733816605.480059072] [fibonacci_action_client]: Received feedback: array('i', [0, 1, 1, 2, 3, 5, 8, 13, 21, 34])
[INFO] [1733816605.731255912] [fibonacci_action_client]: Received feedback: array('i', [0, 1, 1, 2, 3, 5, 8, 13, 21, 34, 55])
[INFO] [1733816605.983991475] [fibonacci_action_client]: Result: array('i', [0, 1, 1, 2, 3, 5, 8, 13, 21, 34, 55])
[INFO] [1733816606.234861215] [fibonacci_action_client]: Sending goal with order 10
[INFO] [1733816608.246704169] [fibonacci_action_client]: Goal accepted, waiting for result.
[INFO] [1733816608.248501461] [fibonacci_action_client]: Received feedback: array('i', [0, 1, 1])
[INFO] [1733816608.499827544] [fibonacci_action_client]: Received feedback: array('i', [0, 1, 1, 2])
[INFO] [1733816608.751185982] [fibonacci_action_client]: Received feedback: array('i', [0, 1, 1, 2, 3])
[INFO] [1733816609.002084779] [fibonacci_action_client]: Received feedback: array('i', [0, 1, 1, 2, 3, 5])
[INFO] [1733816609.253342872] [fibonacci_action_client]: Received feedback: array('i', [0, 1, 1, 2, 3, 5, 8])
[INFO] [1733816609.504181667] [fibonacci_action_client]: Received feedback: array('i', [0, 1, 1, 2, 3, 5, 8, 13])
[INFO] [1733816609.755078154] [fibonacci_action_client]: Received feedback: array('i', [0, 1, 1, 2, 3, 5, 8, 13, 21])
[INFO] [1733816610.005928385] [fibonacci_action_client]: Received feedback: array('i', [0, 1, 1, 2, 3, 5, 8, 13, 21, 34])
[INFO] [1733816610.257187396] [fibonacci_action_client]: Received feedback: array('i', [0, 1, 1, 2, 3, 5, 8, 13, 21, 34, 55])
[INFO] [1733816610.509653965] [fibonacci_action_client]: Result: array('i', [0, 1, 1, 2, 3, 5, 8, 13, 21, 34, 55])
[INFO] [1733816610.760640395] [fibonacci_action_client]: Sending goal with order 10
[INFO] [1733816612.771422457] [fibonacci_action_client]: Goal accepted, waiting for result.
[INFO] [1733816612.772513600] [fibonacci_action_client]: Received feedback: array('i', [0, 1, 1])
[INFO] [1733816613.023761805] [fibonacci_action_client]: Received feedback: array('i', [0, 1, 1, 2])
[INFO] [1733816613.275041222] [fibonacci_action_client]: Received feedback: array('i', [0, 1, 1, 2, 3])
[INFO] [1733816613.526067935] [fibonacci_action_client]: Received feedback: array('i', [0, 1, 1, 2, 3, 5])
[INFO] [1733816613.777497516] [fibonacci_action_client]: Received feedback: array('i', [0, 1, 1, 2, 3, 5, 8])
[INFO] [1733816614.028527314] [fibonacci_action_client]: Received feedback: array('i', [0, 1, 1, 2, 3, 5, 8, 13])
[INFO] [1733816614.279462247] [fibonacci_action_client]: Received feedback: array('i', [0, 1, 1, 2, 3, 5, 8, 13, 21])
[INFO] [1733816614.530830116] [fibonacci_action_client]: Received feedback: array('i', [0, 1, 1, 2, 3, 5, 8, 13, 21, 34])
[INFO] [1733816614.781697406] [fibonacci_action_client]: Received feedback: array('i', [0, 1, 1, 2, 3, 5, 8, 13, 21, 34, 55])
[INFO] [1733816615.034289488] [fibonacci_action_client]: Result: array('i', [0, 1, 1, 2, 3, 5, 8, 13, 21, 34, 55])
[INFO] [1733816615.285029299] [fibonacci_action_client]: Sending goal with order 10
[INFO] [1733816617.296638902] [fibonacci_action_client]: Goal accepted, waiting for result.
[INFO] [1733816617.298169600] [fibonacci_action_client]: Received feedback: array('i', [0, 1, 1])
[INFO] [1733816617.549581089] [fibonacci_action_client]: Received feedback: array('i', [0, 1, 1, 2])
[INFO] [1733816617.800977018] [fibonacci_action_client]: Received feedback: array('i', [0, 1, 1, 2, 3])
[INFO] [1733816618.052119304] [fibonacci_action_client]: Received feedback: array('i', [0, 1, 1, 2, 3, 5])
[INFO] [1733816618.303133378] [fibonacci_action_client]: Received feedback: array('i', [0, 1, 1, 2, 3, 5, 8])
[INFO] [1733816618.554548157] [fibonacci_action_client]: Received feedback: array('i', [0, 1, 1, 2, 3, 5, 8, 13])
[INFO] [1733816618.805843823] [fibonacci_action_client]: Received feedback: array('i', [0, 1, 1, 2, 3, 5, 8, 13, 21])
[INFO] [1733816619.056858797] [fibonacci_action_client]: Received feedback: array('i', [0, 1, 1, 2, 3, 5, 8, 13, 21, 34])
[INFO] [1733816619.307980134] [fibonacci_action_client]: Received feedback: array('i', [0, 1, 1, 2, 3, 5, 8, 13, 21, 34, 55])
[INFO] [1733816619.560461864] [fibonacci_action_client]: Result: array('i', [0, 1, 1, 2, 3, 5, 8, 13, 21, 34, 55])
[INFO] [1733816619.811263168] [fibonacci_action_client]: Sending goal with order 10
[INFO] [1733816621.822569022] [fibonacci_action_client]: Goal accepted, waiting for result.
[INFO] [1733816621.824004224] [fibonacci_action_client]: Received feedback: array('i', [0, 1, 1])
[INFO] [1733816622.075223911] [fibonacci_action_client]: Received feedback: array('i', [0, 1, 1, 2])
[INFO] [1733816622.326575613] [fibonacci_action_client]: Received feedback: array('i', [0, 1, 1, 2, 3])
[INFO] [1733816622.578041805] [fibonacci_action_client]: Received feedback: array('i', [0, 1, 1, 2, 3, 5])
[INFO] [1733816622.829173282] [fibonacci_action_client]: Received feedback: array('i', [0, 1, 1, 2, 3, 5, 8])
[INFO] [1733816623.080415574] [fibonacci_action_client]: Received feedback: array('i', [0, 1, 1, 2, 3, 5, 8, 13])
[INFO] [1733816623.331415581] [fibonacci_action_client]: Received feedback: array('i', [0, 1, 1, 2, 3, 5, 8, 13, 21])
[INFO] [1733816623.582370277] [fibonacci_action_client]: Received feedback: array('i', [0, 1, 1, 2, 3, 5, 8, 13, 21, 34])
[INFO] [1733816623.833549820] [fibonacci_action_client]: Received feedback: array('i', [0, 1, 1, 2, 3, 5, 8, 13, 21, 34, 55])
[INFO] [1733816624.086118691] [fibonacci_action_client]: Result: array('i', [0, 1, 1, 2, 3, 5, 8, 13, 21, 34, 55])
[INFO] [1733816624.337238363] [fibonacci_action_client]: Sending goal with order 10
[INFO] [1733816626.347506925] [fibonacci_action_client]: Goal accepted, waiting for result.
[INFO] [1733816626.349043611] [fibonacci_action_client]: Received feedback: array('i', [0, 1, 1])
[INFO] [1733816626.600392486] [fibonacci_action_client]: Received feedback: array('i', [0, 1, 1, 2])
[INFO] [1733816626.851477962] [fibonacci_action_client]: Received feedback: array('i', [0, 1, 1, 2, 3])
[INFO] [1733816627.102788252] [fibonacci_action_client]: Received feedback: array('i', [0, 1, 1, 2, 3, 5])
[INFO] [1733816627.353674186] [fibonacci_action_client]: Received feedback: array('i', [0, 1, 1, 2, 3, 5, 8])
[INFO] [1733816627.605028570] [fibonacci_action_client]: Received feedback: array('i', [0, 1, 1, 2, 3, 5, 8, 13])
[INFO] [1733816627.855845459] [fibonacci_action_client]: Received feedback: array('i', [0, 1, 1, 2, 3, 5, 8, 13, 21])
[INFO] [1733816628.106643323] [fibonacci_action_client]: Received feedback: array('i', [0, 1, 1, 2, 3, 5, 8, 13, 21, 34])
[INFO] [1733816628.357652922] [fibonacci_action_client]: Received feedback: array('i', [0, 1, 1, 2, 3, 5, 8, 13, 21, 34, 55])
[INFO] [1733816628.610207942] [fibonacci_action_client]: Result: array('i', [0, 1, 1, 2, 3, 5, 8, 13, 21, 34, 55])
[INFO] [1733816628.861157085] [fibonacci_action_client]: Sending goal with order 10
[INFO] [1733816630.870790443] [fibonacci_action_client]: Goal accepted, waiting for result.
[INFO] [1733816630.872044895] [fibonacci_action_client]: Received feedback: array('i', [0, 1, 1])
[INFO] [1733816631.123177504] [fibonacci_action_client]: Received feedback: array('i', [0, 1, 1, 2])
[INFO] [1733816631.374291017] [fibonacci_action_client]: Received feedback: array('i', [0, 1, 1, 2, 3])
[INFO] [1733816631.625161954] [fibonacci_action_client]: Received feedback: array('i', [0, 1, 1, 2, 3, 5])
[INFO] [1733816631.876424150] [fibonacci_action_client]: Received feedback: array('i', [0, 1, 1, 2, 3, 5, 8])
[INFO] [1733816632.127208780] [fibonacci_action_client]: Received feedback: array('i', [0, 1, 1, 2, 3, 5, 8, 13])
[INFO] [1733816632.378648406] [fibonacci_action_client]: Received feedback: array('i', [0, 1, 1, 2, 3, 5, 8, 13, 21])
[INFO] [1733816632.629571117] [fibonacci_action_client]: Received feedback: array('i', [0, 1, 1, 2, 3, 5, 8, 13, 21, 34])
[INFO] [1733816632.880832860] [fibonacci_action_client]: Received feedback: array('i', [0, 1, 1, 2, 3, 5, 8, 13, 21, 34, 55])
[INFO] [1733816633.133350833] [fibonacci_action_client]: Result: array('i', [0, 1, 1, 2, 3, 5, 8, 13, 21, 34, 55])
[INFO] [1733816633.384263653] [fibonacci_action_client]: Sending goal with order 10
[INFO] [1733816635.392871175] [fibonacci_action_client]: Goal accepted, waiting for result.
[INFO] [1733816635.394750873] [fibonacci_action_client]: Received feedback: array('i', [0, 1, 1])
[INFO] [1733816635.646252960] [fibonacci_action_client]: Received feedback: array('i', [0, 1, 1, 2])
[INFO] [1733816635.897460485] [fibonacci_action_client]: Received feedback: array('i', [0, 1, 1, 2, 3])
[INFO] [1733816636.148163293] [fibonacci_action_client]: Received feedback: array('i', [0, 1, 1, 2, 3, 5])
[INFO] [1733816636.399054490] [fibonacci_action_client]: Received feedback: array('i', [0, 1, 1, 2, 3, 5, 8])
[INFO] [1733816636.650456368] [fibonacci_action_client]: Received feedback: array('i', [0, 1, 1, 2, 3, 5, 8, 13])
[INFO] [1733816636.901437661] [fibonacci_action_client]: Received feedback: array('i', [0, 1, 1, 2, 3, 5, 8, 13, 21])
[INFO] [1733816637.152619232] [fibonacci_action_client]: Received feedback: array('i', [0, 1, 1, 2, 3, 5, 8, 13, 21, 34])
[INFO] [1733816637.403686919] [fibonacci_action_client]: Received feedback: array('i', [0, 1, 1, 2, 3, 5, 8, 13, 21, 34, 55])
[INFO] [1733816637.656846665] [fibonacci_action_client]: Result: array('i', [0, 1, 1, 2, 3, 5, 8, 13, 21, 34, 55])
[INFO] [1733816637.907798116] [fibonacci_action_client]: Sending goal with order 10
[INFO] [1733816639.918083192] [fibonacci_action_client]: Goal accepted, waiting for result.
[INFO] [1733816639.919472918] [fibonacci_action_client]: Received feedback: array('i', [0, 1, 1])
[INFO] [1733816640.170548112] [fibonacci_action_client]: Received feedback: array('i', [0, 1, 1, 2])
[INFO] [1733816640.421853630] [fibonacci_action_client]: Received feedback: array('i', [0, 1, 1, 2, 3])
[INFO] [1733816640.673230534] [fibonacci_action_client]: Received feedback: array('i', [0, 1, 1, 2, 3, 5])
[INFO] [1733816640.924424452] [fibonacci_action_client]: Received feedback: array('i', [0, 1, 1, 2, 3, 5, 8])
[INFO] [1733816641.175586741] [fibonacci_action_client]: Received feedback: array('i', [0, 1, 1, 2, 3, 5, 8, 13])
[INFO] [1733816641.426968169] [fibonacci_action_client]: Received feedback: array('i', [0, 1, 1, 2, 3, 5, 8, 13, 21])
[INFO] [1733816641.678161589] [fibonacci_action_client]: Received feedback: array('i', [0, 1, 1, 2, 3, 5, 8, 13, 21, 34])
[INFO] [1733816641.929452385] [fibonacci_action_client]: Received feedback: array('i', [0, 1, 1, 2, 3, 5, 8, 13, 21, 34, 55])
[INFO] [1733816642.181931986] [fibonacci_action_client]: Result: array('i', [0, 1, 1, 2, 3, 5, 8, 13, 21, 34, 55])
[INFO] [1733816642.432685496] [fibonacci_action_client]: Sending goal with order 10
[INFO] [1733816644.443496291] [fibonacci_action_client]: Goal accepted, waiting for result.
[INFO] [1733816644.444916808] [fibonacci_action_client]: Received feedback: array('i', [0, 1, 1])
[INFO] [1733816644.695991700] [fibonacci_action_client]: Received feedback: array('i', [0, 1, 1, 2])
[INFO] [1733816644.947139129] [fibonacci_action_client]: Received feedback: array('i', [0, 1, 1, 2, 3])
[INFO] [1733816645.198396608] [fibonacci_action_client]: Received feedback: array('i', [0, 1, 1, 2, 3, 5])
[INFO] [1733816645.449760927] [fibonacci_action_client]: Received feedback: array('i', [0, 1, 1, 2, 3, 5, 8])
[INFO] [1733816645.700789528] [fibonacci_action_client]: Received feedback: array('i', [0, 1, 1, 2, 3, 5, 8, 13])
[INFO] [1733816645.951895643] [fibonacci_action_client]: Received feedback: array('i', [0, 1, 1, 2, 3, 5, 8, 13, 21])
[INFO] [1733816646.203072913] [fibonacci_action_client]: Received feedback: array('i', [0, 1, 1, 2, 3, 5, 8, 13, 21, 34])
[INFO] [1733816646.453995069] [fibonacci_action_client]: Received feedback: array('i', [0, 1, 1, 2, 3, 5, 8, 13, 21, 34, 55])
[INFO] [1733816646.707494039] [fibonacci_action_client]: Result: array('i', [0, 1, 1, 2, 3, 5, 8, 13, 21, 34, 55])
[INFO] [1733816646.958255823] [fibonacci_action_client]: Sending goal with order 10
[INFO] [1733816648.971315006] [fibonacci_action_client]: Goal accepted, waiting for result.
[INFO] [1733816648.971977750] [fibonacci_action_client]: Received feedback: array('i', [0, 1, 1])
[INFO] [1733816649.222926592] [fibonacci_action_client]: Received feedback: array('i', [0, 1, 1, 2])
[INFO] [1733816649.473805164] [fibonacci_action_client]: Received feedback: array('i', [0, 1, 1, 2, 3])
[INFO] [1733816649.725183959] [fibonacci_action_client]: Received feedback: array('i', [0, 1, 1, 2, 3, 5])
[INFO] [1733816649.976079721] [fibonacci_action_client]: Received feedback: array('i', [0, 1, 1, 2, 3, 5, 8])
[INFO] [1733816650.227466715] [fibonacci_action_client]: Received feedback: array('i', [0, 1, 1, 2, 3, 5, 8, 13])
[INFO] [1733816650.478363963] [fibonacci_action_client]: Received feedback: array('i', [0, 1, 1, 2, 3, 5, 8, 13, 21])
[INFO] [1733816650.729737441] [fibonacci_action_client]: Received feedback: array('i', [0, 1, 1, 2, 3, 5, 8, 13, 21, 34])
[INFO] [1733816650.980604279] [fibonacci_action_client]: Received feedback: array('i', [0, 1, 1, 2, 3, 5, 8, 13, 21, 34, 55])
[INFO] [1733816651.234092853] [fibonacci_action_client]: Result: array('i', [0, 1, 1, 2, 3, 5, 8, 13, 21, 34, 55])
[INFO] [1733816651.485091246] [fibonacci_action_client]: Sending goal with order 10
[INFO] [1733816653.497436177] [fibonacci_action_client]: Goal accepted, waiting for result.
[INFO] [1733816653.498122538] [fibonacci_action_client]: Received feedback: array('i', [0, 1, 1])
[INFO] [1733816653.748878532] [fibonacci_action_client]: Received feedback: array('i', [0, 1, 1, 2])
[INFO] [1733816653.999965422] [fibonacci_action_client]: Received feedback: array('i', [0, 1, 1, 2, 3])
[INFO] [1733816654.251058186] [fibonacci_action_client]: Received feedback: array('i', [0, 1, 1, 2, 3, 5])
[INFO] [1733816654.502296850] [fibonacci_action_client]: Received feedback: array('i', [0, 1, 1, 2, 3, 5, 8])
[INFO] [1733816654.753563113] [fibonacci_action_client]: Received feedback: array('i', [0, 1, 1, 2, 3, 5, 8, 13])
[INFO] [1733816655.004902738] [fibonacci_action_client]: Received feedback: array('i', [0, 1, 1, 2, 3, 5, 8, 13, 21])
[INFO] [1733816655.255853010] [fibonacci_action_client]: Received feedback: array('i', [0, 1, 1, 2, 3, 5, 8, 13, 21, 34])
[INFO] [1733816655.507003021] [fibonacci_action_client]: Received feedback: array('i', [0, 1, 1, 2, 3, 5, 8, 13, 21, 34, 55])
[INFO] [1733816655.759421963] [fibonacci_action_client]: Result: array('i', [0, 1, 1, 2, 3, 5, 8, 13, 21, 34, 55])
[INFO] [1733816656.010265066] [fibonacci_action_client]: Sending goal with order 10
[INFO] [1733816658.023036435] [fibonacci_action_client]: Goal accepted, waiting for result.
[INFO] [1733816658.024038286] [fibonacci_action_client]: Received feedback: array('i', [0, 1, 1])
[INFO] [1733816658.274793730] [fibonacci_action_client]: Received feedback: array('i', [0, 1, 1, 2])
[INFO] [1733816658.525953882] [fibonacci_action_client]: Received feedback: array('i', [0, 1, 1, 2, 3])
[INFO] [1733816658.777289380] [fibonacci_action_client]: Received feedback: array('i', [0, 1, 1, 2, 3, 5])
[INFO] [1733816659.028685684] [fibonacci_action_client]: Received feedback: array('i', [0, 1, 1, 2, 3, 5, 8])
[INFO] [1733816659.279788756] [fibonacci_action_client]: Received feedback: array('i', [0, 1, 1, 2, 3, 5, 8, 13])
[INFO] [1733816659.531041945] [fibonacci_action_client]: Received feedback: array('i', [0, 1, 1, 2, 3, 5, 8, 13, 21])
[INFO] [1733816659.782378676] [fibonacci_action_client]: Received feedback: array('i', [0, 1, 1, 2, 3, 5, 8, 13, 21, 34])
[INFO] [1733816660.033564156] [fibonacci_action_client]: Received feedback: array('i', [0, 1, 1, 2, 3, 5, 8, 13, 21, 34, 55])
[INFO] [1733816660.286175544] [fibonacci_action_client]: Result: array('i', [0, 1, 1, 2, 3, 5, 8, 13, 21, 34, 55])
[INFO] [1733816660.537344486] [fibonacci_action_client]: Sending goal with order 10
[INFO] [1733816662.550406925] [fibonacci_action_client]: Goal accepted, waiting for result.
[INFO] [1733816662.551155139] [fibonacci_action_client]: Received feedback: array('i', [0, 1, 1])
[INFO] [1733816662.801724162] [fibonacci_action_client]: Received feedback: array('i', [0, 1, 1, 2])
[INFO] [1733816663.052659493] [fibonacci_action_client]: Received feedback: array('i', [0, 1, 1, 2, 3])
[INFO] [1733816663.303794152] [fibonacci_action_client]: Received feedback: array('i', [0, 1, 1, 2, 3, 5])
[INFO] [1733816663.555152588] [fibonacci_action_client]: Received feedback: array('i', [0, 1, 1, 2, 3, 5, 8])
[INFO] [1733816663.806444488] [fibonacci_action_client]: Received feedback: array('i', [0, 1, 1, 2, 3, 5, 8, 13])
[INFO] [1733816664.057762020] [fibonacci_action_client]: Received feedback: array('i', [0, 1, 1, 2, 3, 5, 8, 13, 21])
[INFO] [1733816664.309105062] [fibonacci_action_client]: Received feedback: array('i', [0, 1, 1, 2, 3, 5, 8, 13, 21, 34])
[INFO] [1733816664.560492164] [fibonacci_action_client]: Received feedback: array('i', [0, 1, 1, 2, 3, 5, 8, 13, 21, 34, 55])
[INFO] [1733816664.813906036] [fibonacci_action_client]: Result: array('i', [0, 1, 1, 2, 3, 5, 8, 13, 21, 34, 55])
[INFO] [1733816665.064841698] [fibonacci_action_client]: Sending goal with order 10
[INFO] [1733816667.077347684] [fibonacci_action_client]: Goal accepted, waiting for result.
[INFO] [1733816667.078082928] [fibonacci_action_client]: Received feedback: array('i', [0, 1, 1])
[INFO] [1733816667.328830001] [fibonacci_action_client]: Received feedback: array('i', [0, 1, 1, 2])
[INFO] [1733816667.580103961] [fibonacci_action_client]: Received feedback: array('i', [0, 1, 1, 2, 3])
[INFO] [1733816667.830971824] [fibonacci_action_client]: Received feedback: array('i', [0, 1, 1, 2, 3, 5])
[INFO] [1733816668.082444334] [fibonacci_action_client]: Received feedback: array('i', [0, 1, 1, 2, 3, 5, 8])
[INFO] [1733816668.333529180] [fibonacci_action_client]: Received feedback: array('i', [0, 1, 1, 2, 3, 5, 8, 13])
[INFO] [1733816668.584907003] [fibonacci_action_client]: Received feedback: array('i', [0, 1, 1, 2, 3, 5, 8, 13, 21])
[INFO] [1733816668.835991138] [fibonacci_action_client]: Received feedback: array('i', [0, 1, 1, 2, 3, 5, 8, 13, 21, 34])
[INFO] [1733816669.087093340] [fibonacci_action_client]: Received feedback: array('i', [0, 1, 1, 2, 3, 5, 8, 13, 21, 34, 55])
[INFO] [1733816669.339558817] [fibonacci_action_client]: Result: array('i', [0, 1, 1, 2, 3, 5, 8, 13, 21, 34, 55])
[INFO] [1733816669.590540985] [fibonacci_action_client]: Sending goal with order 10
[INFO] [1733816671.602477854] [fibonacci_action_client]: Goal accepted, waiting for result.
[INFO] [1733816671.604284340] [fibonacci_action_client]: Received feedback: array('i', [0, 1, 1])
[INFO] [1733816671.855890541] [fibonacci_action_client]: Received feedback: array('i', [0, 1, 1, 2])
[INFO] [1733816672.106873974] [fibonacci_action_client]: Received feedback: array('i', [0, 1, 1, 2, 3])
[INFO] [1733816672.358179886] [fibonacci_action_client]: Received feedback: array('i', [0, 1, 1, 2, 3, 5])
[INFO] [1733816672.609467619] [fibonacci_action_client]: Received feedback: array('i', [0, 1, 1, 2, 3, 5, 8])
[INFO] [1733816672.860616129] [fibonacci_action_client]: Received feedback: array('i', [0, 1, 1, 2, 3, 5, 8, 13])
[INFO] [1733816673.111723917] [fibonacci_action_client]: Received feedback: array('i', [0, 1, 1, 2, 3, 5, 8, 13, 21])
[INFO] [1733816673.362938275] [fibonacci_action_client]: Received feedback: array('i', [0, 1, 1, 2, 3, 5, 8, 13, 21, 34])
[INFO] [1733816673.614137175] [fibonacci_action_client]: Received feedback: array('i', [0, 1, 1, 2, 3, 5, 8, 13, 21, 34, 55])
[INFO] [1733816673.867194421] [fibonacci_action_client]: Result: array('i', [0, 1, 1, 2, 3, 5, 8, 13, 21, 34, 55])
[INFO] [1733816674.117804338] [fibonacci_action_client]: Sending goal with order 10
[INFO] [1733816676.129047817] [fibonacci_action_client]: Goal accepted, waiting for result.
[INFO] [1733816676.129770236] [fibonacci_action_client]: Received feedback: array('i', [0, 1, 1])
[INFO] [1733816676.380585531] [fibonacci_action_client]: Received feedback: array('i', [0, 1, 1, 2])
[INFO] [1733816676.631954404] [fibonacci_action_client]: Received feedback: array('i', [0, 1, 1, 2, 3])
[INFO] [1733816676.883333997] [fibonacci_action_client]: Received feedback: array('i', [0, 1, 1, 2, 3, 5])
[INFO] [1733816677.134667651] [fibonacci_action_client]: Received feedback: array('i', [0, 1, 1, 2, 3, 5, 8])
[INFO] [1733816677.385614999] [fibonacci_action_client]: Received feedback: array('i', [0, 1, 1, 2, 3, 5, 8, 13])
[INFO] [1733816677.636862661] [fibonacci_action_client]: Received feedback: array('i', [0, 1, 1, 2, 3, 5, 8, 13, 21])
[INFO] [1733816677.888228749] [fibonacci_action_client]: Received feedback: array('i', [0, 1, 1, 2, 3, 5, 8, 13, 21, 34])
[INFO] [1733816678.139067671] [fibonacci_action_client]: Received feedback: array('i', [0, 1, 1, 2, 3, 5, 8, 13, 21, 34, 55])
[INFO] [1733816678.391904002] [fibonacci_action_client]: Result: array('i', [0, 1, 1, 2, 3, 5, 8, 13, 21, 34, 55])
[INFO] [1733816678.642829401] [fibonacci_action_client]: Sending goal with order 10
[INFO] [1733816680.655353523] [fibonacci_action_client]: Received feedback: array('i', [0, 1, 1])
[INFO] [1733816680.655835504] [fibonacci_action_client]: Goal accepted, waiting for result.
[INFO] [1733816680.904717115] [fibonacci_action_client]: Received feedback: array('i', [0, 1, 1, 2])
[INFO] [1733816681.155880633] [fibonacci_action_client]: Received feedback: array('i', [0, 1, 1, 2, 3])
[INFO] [1733816681.406662956] [fibonacci_action_client]: Received feedback: array('i', [0, 1, 1, 2, 3, 5])
[INFO] [1733816681.657935098] [fibonacci_action_client]: Received feedback: array('i', [0, 1, 1, 2, 3, 5, 8])
[INFO] [1733816681.909343483] [fibonacci_action_client]: Received feedback: array('i', [0, 1, 1, 2, 3, 5, 8, 13])
[INFO] [1733816682.160479719] [fibonacci_action_client]: Received feedback: array('i', [0, 1, 1, 2, 3, 5, 8, 13, 21])
[INFO] [1733816682.411851919] [fibonacci_action_client]: Received feedback: array('i', [0, 1, 1, 2, 3, 5, 8, 13, 21, 34])
[INFO] [1733816682.663114843] [fibonacci_action_client]: Received feedback: array('i', [0, 1, 1, 2, 3, 5, 8, 13, 21, 34, 55])
[INFO] [1733816682.916219077] [fibonacci_action_client]: Result: array('i', [0, 1, 1, 2, 3, 5, 8, 13, 21, 34, 55])
[INFO] [1733816683.167177496] [fibonacci_action_client]: Sending goal with order 10
[INFO] [1733816685.180441906] [fibonacci_action_client]: Goal accepted, waiting for result.
[INFO] [1733816685.181141903] [fibonacci_action_client]: Received feedback: array('i', [0, 1, 1])
[INFO] [1733816685.431244155] [fibonacci_action_client]: Received feedback: array('i', [0, 1, 1, 2])
[INFO] [1733816685.682325808] [fibonacci_action_client]: Received feedback: array('i', [0, 1, 1, 2, 3])
[INFO] [1733816685.933772605] [fibonacci_action_client]: Received feedback: array('i', [0, 1, 1, 2, 3, 5])
[INFO] [1733816686.184606900] [fibonacci_action_client]: Received feedback: array('i', [0, 1, 1, 2, 3, 5, 8])
[INFO] [1733816686.435998408] [fibonacci_action_client]: Received feedback: array('i', [0, 1, 1, 2, 3, 5, 8, 13])
[INFO] [1733816686.686738086] [fibonacci_action_client]: Received feedback: array('i', [0, 1, 1, 2, 3, 5, 8, 13, 21])
[INFO] [1733816686.937977589] [fibonacci_action_client]: Received feedback: array('i', [0, 1, 1, 2, 3, 5, 8, 13, 21, 34])
[INFO] [1733816687.188894609] [fibonacci_action_client]: Received feedback: array('i', [0, 1, 1, 2, 3, 5, 8, 13, 21, 34, 55])
[INFO] [1733816687.441823099] [fibonacci_action_client]: Result: array('i', [0, 1, 1, 2, 3, 5, 8, 13, 21, 34, 55])
[INFO] [1733816687.692712913] [fibonacci_action_client]: Sending goal with order 10
[INFO] [1733816689.704638419] [fibonacci_action_client]: Goal accepted, waiting for result.
[INFO] [1733816689.705397492] [fibonacci_action_client]: Received feedback: array('i', [0, 1, 1])
[INFO] [1733816689.955533850] [fibonacci_action_client]: Received feedback: array('i', [0, 1, 1, 2])
[INFO] [1733816690.206745164] [fibonacci_action_client]: Received feedback: array('i', [0, 1, 1, 2, 3])
[INFO] [1733816690.457998869] [fibonacci_action_client]: Received feedback: array('i', [0, 1, 1, 2, 3, 5])
[INFO] [1733816690.708846746] [fibonacci_action_client]: Received feedback: array('i', [0, 1, 1, 2, 3, 5, 8])
[INFO] [1733816690.960069976] [fibonacci_action_client]: Received feedback: array('i', [0, 1, 1, 2, 3, 5, 8, 13])
[INFO] [1733816691.211304903] [fibonacci_action_client]: Received feedback: array('i', [0, 1, 1, 2, 3, 5, 8, 13, 21])
[INFO] [1733816691.462009789] [fibonacci_action_client]: Received feedback: array('i', [0, 1, 1, 2, 3, 5, 8, 13, 21, 34])
[INFO] [1733816691.713222886] [fibonacci_action_client]: Received feedback: array('i', [0, 1, 1, 2, 3, 5, 8, 13, 21, 34, 55])
[INFO] [1733816691.966137789] [fibonacci_action_client]: Result: array('i', [0, 1, 1, 2, 3, 5, 8, 13, 21, 34, 55])
[INFO] [1733816692.216857750] [fibonacci_action_client]: Sending goal with order 10
[INFO] [1733816694.230060298] [fibonacci_action_client]: Goal accepted, waiting for result.
[INFO] [1733816694.230815092] [fibonacci_action_client]: Received feedback: array('i', [0, 1, 1])
[INFO] [1733816694.480976721] [fibonacci_action_client]: Received feedback: array('i', [0, 1, 1, 2])
[INFO] [1733816694.732246080] [fibonacci_action_client]: Received feedback: array('i', [0, 1, 1, 2, 3])
[INFO] [1733816694.983210034] [fibonacci_action_client]: Received feedback: array('i', [0, 1, 1, 2, 3, 5])
[INFO] [1733816695.234578169] [fibonacci_action_client]: Received feedback: array('i', [0, 1, 1, 2, 3, 5, 8])
[INFO] [1733816695.485880892] [fibonacci_action_client]: Received feedback: array('i', [0, 1, 1, 2, 3, 5, 8, 13])
[INFO] [1733816695.736738760] [fibonacci_action_client]: Received feedback: array('i', [0, 1, 1, 2, 3, 5, 8, 13, 21])
[INFO] [1733816695.988176018] [fibonacci_action_client]: Received feedback: array('i', [0, 1, 1, 2, 3, 5, 8, 13, 21, 34])
[INFO] [1733816696.239083394] [fibonacci_action_client]: Received feedback: array('i', [0, 1, 1, 2, 3, 5, 8, 13, 21, 34, 55])
[INFO] [1733816696.491888388] [fibonacci_action_client]: Result: array('i', [0, 1, 1, 2, 3, 5, 8, 13, 21, 34, 55])
[INFO] [1733816696.742879935] [fibonacci_action_client]: Sending goal with order 10
[INFO] [1733816698.752957593] [fibonacci_action_client]: Goal accepted, waiting for result.
[INFO] [1733816698.753707393] [fibonacci_action_client]: Received feedback: array('i', [0, 1, 1])
[INFO] [1733816699.005041603] [fibonacci_action_client]: Received feedback: array('i', [0, 1, 1, 2])
[INFO] [1733816699.256257355] [fibonacci_action_client]: Received feedback: array('i', [0, 1, 1, 2, 3])
[INFO] [1733816699.507241899] [fibonacci_action_client]: Received feedback: array('i', [0, 1, 1, 2, 3, 5])
[INFO] [1733816699.758580429] [fibonacci_action_client]: Received feedback: array('i', [0, 1, 1, 2, 3, 5, 8])
[INFO] [1733816700.009891108] [fibonacci_action_client]: Received feedback: array('i', [0, 1, 1, 2, 3, 5, 8, 13])
[INFO] [1733816700.261136268] [fibonacci_action_client]: Received feedback: array('i', [0, 1, 1, 2, 3, 5, 8, 13, 21])
[INFO] [1733816700.512369272] [fibonacci_action_client]: Received feedback: array('i', [0, 1, 1, 2, 3, 5, 8, 13, 21, 34])
[INFO] [1733816700.763462166] [fibonacci_action_client]: Received feedback: array('i', [0, 1, 1, 2, 3, 5, 8, 13, 21, 34, 55])
[INFO] [1733816701.016766958] [fibonacci_action_client]: Result: array('i', [0, 1, 1, 2, 3, 5, 8, 13, 21, 34, 55])
[INFO] [1733816701.267750684] [fibonacci_action_client]: Sending goal with order 10
[INFO] [1733816703.279595580] [fibonacci_action_client]: Goal accepted, waiting for result.
[INFO] [1733816703.280362564] [fibonacci_action_client]: Received feedback: array('i', [0, 1, 1])
[INFO] [1733816703.530899664] [fibonacci_action_client]: Received feedback: array('i', [0, 1, 1, 2])
[INFO] [1733816703.782270346] [fibonacci_action_client]: Received feedback: array('i', [0, 1, 1, 2, 3])
[INFO] [1733816704.033333007] [fibonacci_action_client]: Received feedback: array('i', [0, 1, 1, 2, 3, 5])
[INFO] [1733816704.284489845] [fibonacci_action_client]: Received feedback: array('i', [0, 1, 1, 2, 3, 5, 8])
[INFO] [1733816704.535188770] [fibonacci_action_client]: Received feedback: array('i', [0, 1, 1, 2, 3, 5, 8, 13])
[INFO] [1733816704.786671429] [fibonacci_action_client]: Received feedback: array('i', [0, 1, 1, 2, 3, 5, 8, 13, 21])
[INFO] [1733816705.038041961] [fibonacci_action_client]: Received feedback: array('i', [0, 1, 1, 2, 3, 5, 8, 13, 21, 34])
[INFO] [1733816705.289110797] [fibonacci_action_client]: Received feedback: array('i', [0, 1, 1, 2, 3, 5, 8, 13, 21, 34, 55])
[INFO] [1733816705.542876325] [fibonacci_action_client]: Result: array('i', [0, 1, 1, 2, 3, 5, 8, 13, 21, 34, 55])
[INFO] [1733816705.793661598] [fibonacci_action_client]: Sending goal with order 10
[INFO] [1733816707.806247984] [fibonacci_action_client]: Goal accepted, waiting for result.
[INFO] [1733816707.806932396] [fibonacci_action_client]: Received feedback: array('i', [0, 1, 1])
[INFO] [1733816708.056859990] [fibonacci_action_client]: Received feedback: array('i', [0, 1, 1, 2])
[INFO] [1733816708.308024199] [fibonacci_action_client]: Received feedback: array('i', [0, 1, 1, 2, 3])
[INFO] [1733816708.559182468] [fibonacci_action_client]: Received feedback: array('i', [0, 1, 1, 2, 3, 5])
[INFO] [1733816708.810160707] [fibonacci_action_client]: Received feedback: array('i', [0, 1, 1, 2, 3, 5, 8])
[INFO] [1733816709.061553516] [fibonacci_action_client]: Received feedback: array('i', [0, 1, 1, 2, 3, 5, 8, 13])
[INFO] [1733816709.312403678] [fibonacci_action_client]: Received feedback: array('i', [0, 1, 1, 2, 3, 5, 8, 13, 21])
[INFO] [1733816709.563814189] [fibonacci_action_client]: Received feedback: array('i', [0, 1, 1, 2, 3, 5, 8, 13, 21, 34])
[INFO] [1733816709.814810193] [fibonacci_action_client]: Received feedback: array('i', [0, 1, 1, 2, 3, 5, 8, 13, 21, 34, 55])
[INFO] [1733816710.069278722] [fibonacci_action_client]: Result: array('i', [0, 1, 1, 2, 3, 5, 8, 13, 21, 34, 55])
[INFO] [1733816710.320284277] [fibonacci_action_client]: Sending goal with order 10
[INFO] [1733816712.332483759] [fibonacci_action_client]: Goal accepted, waiting for result.
[INFO] [1733816712.333310483] [fibonacci_action_client]: Received feedback: array('i', [0, 1, 1])
[INFO] [1733816712.583435197] [fibonacci_action_client]: Received feedback: array('i', [0, 1, 1, 2])
[INFO] [1733816712.834683034] [fibonacci_action_client]: Received feedback: array('i', [0, 1, 1, 2, 3])
[INFO] [1733816713.085975025] [fibonacci_action_client]: Received feedback: array('i', [0, 1, 1, 2, 3, 5])
[INFO] [1733816713.337235683] [fibonacci_action_client]: Received feedback: array('i', [0, 1, 1, 2, 3, 5, 8])
[INFO] [1733816713.588013138] [fibonacci_action_client]: Received feedback: array('i', [0, 1, 1, 2, 3, 5, 8, 13])
[INFO] [1733816713.839027950] [fibonacci_action_client]: Received feedback: array('i', [0, 1, 1, 2, 3, 5, 8, 13, 21])
[INFO] [1733816714.090383584] [fibonacci_action_client]: Received feedback: array('i', [0, 1, 1, 2, 3, 5, 8, 13, 21, 34])
[INFO] [1733816714.341364077] [fibonacci_action_client]: Received feedback: array('i', [0, 1, 1, 2, 3, 5, 8, 13, 21, 34, 55])
[INFO] [1733816714.595932563] [fibonacci_action_client]: Result: array('i', [0, 1, 1, 2, 3, 5, 8, 13, 21, 34, 55])
[INFO] [1733816714.846647808] [fibonacci_action_client]: Sending goal with order 10
[INFO] [1733816716.858602936] [fibonacci_action_client]: Goal accepted, waiting for result.
[INFO] [1733816716.859375884] [fibonacci_action_client]: Received feedback: array('i', [0, 1, 1])
[INFO] [1733816717.109464693] [fibonacci_action_client]: Received feedback: array('i', [0, 1, 1, 2])
[INFO] [1733816717.360535882] [fibonacci_action_client]: Received feedback: array('i', [0, 1, 1, 2, 3])
[INFO] [1733816717.611772576] [fibonacci_action_client]: Received feedback: array('i', [0, 1, 1, 2, 3, 5])
[INFO] [1733816717.862940591] [fibonacci_action_client]: Received feedback: array('i', [0, 1, 1, 2, 3, 5, 8])
[INFO] [1733816718.114267561] [fibonacci_action_client]: Received feedback: array('i', [0, 1, 1, 2, 3, 5, 8, 13])
[INFO] [1733816718.365858688] [fibonacci_action_client]: Received feedback: array('i', [0, 1, 1, 2, 3, 5, 8, 13, 21])
[INFO] [1733816718.616711707] [fibonacci_action_client]: Received feedback: array('i', [0, 1, 1, 2, 3, 5, 8, 13, 21, 34])
[INFO] [1733816718.867944346] [fibonacci_action_client]: Received feedback: array('i', [0, 1, 1, 2, 3, 5, 8, 13, 21, 34, 55])
[INFO] [1733816719.121453139] [fibonacci_action_client]: Result: array('i', [0, 1, 1, 2, 3, 5, 8, 13, 21, 34, 55])
[INFO] [1733816719.372181272] [fibonacci_action_client]: Sending goal with order 10
[INFO] [1733816721.385854286] [fibonacci_action_client]: Received feedback: array('i', [0, 1, 1])
[INFO] [1733816721.386293658] [fibonacci_action_client]: Goal accepted, waiting for result.
[INFO] [1733816721.634260678] [fibonacci_action_client]: Received feedback: array('i', [0, 1, 1, 2])
[INFO] [1733816721.885139494] [fibonacci_action_client]: Received feedback: array('i', [0, 1, 1, 2, 3])
[INFO] [1733816722.136387179] [fibonacci_action_client]: Received feedback: array('i', [0, 1, 1, 2, 3, 5])
[INFO] [1733816722.387363221] [fibonacci_action_client]: Received feedback: array('i', [0, 1, 1, 2, 3, 5, 8])
[INFO] [1733816722.638606186] [fibonacci_action_client]: Received feedback: array('i', [0, 1, 1, 2, 3, 5, 8, 13])
[INFO] [1733816722.889556954] [fibonacci_action_client]: Received feedback: array('i', [0, 1, 1, 2, 3, 5, 8, 13, 21])
[INFO] [1733816723.140773277] [fibonacci_action_client]: Received feedback: array('i', [0, 1, 1, 2, 3, 5, 8, 13, 21, 34])
[INFO] [1733816723.392072803] [fibonacci_action_client]: Received feedback: array('i', [0, 1, 1, 2, 3, 5, 8, 13, 21, 34, 55])
[INFO] [1733816723.645513313] [fibonacci_action_client]: Result: array('i', [0, 1, 1, 2, 3, 5, 8, 13, 21, 34, 55])
[INFO] [1733816723.896232228] [fibonacci_action_client]: Sending goal with order 10
[INFO] [1733816725.908183098] [fibonacci_action_client]: Goal accepted, waiting for result.
[INFO] [1733816725.908892182] [fibonacci_action_client]: Received feedback: array('i', [0, 1, 1])
[INFO] [1733816726.159825975] [fibonacci_action_client]: Received feedback: array('i', [0, 1, 1, 2])
[INFO] [1733816726.410924904] [fibonacci_action_client]: Received feedback: array('i', [0, 1, 1, 2, 3])
[INFO] [1733816726.662031578] [fibonacci_action_client]: Received feedback: array('i', [0, 1, 1, 2, 3, 5])
[INFO] [1733816726.912902877] [fibonacci_action_client]: Received feedback: array('i', [0, 1, 1, 2, 3, 5, 8])
[INFO] [1733816727.164290689] [fibonacci_action_client]: Received feedback: array('i', [0, 1, 1, 2, 3, 5, 8, 13])
[INFO] [1733816727.415694921] [fibonacci_action_client]: Received feedback: array('i', [0, 1, 1, 2, 3, 5, 8, 13, 21])
[INFO] [1733816727.666392776] [fibonacci_action_client]: Received feedback: array('i', [0, 1, 1, 2, 3, 5, 8, 13, 21, 34])
[INFO] [1733816727.917598358] [fibonacci_action_client]: Received feedback: array('i', [0, 1, 1, 2, 3, 5, 8, 13, 21, 34, 55])
[INFO] [1733816728.171323985] [fibonacci_action_client]: Result: array('i', [0, 1, 1, 2, 3, 5, 8, 13, 21, 34, 55])
[INFO] [1733816728.422039978] [fibonacci_action_client]: Sending goal with order 10
[INFO] [1733816730.434171718] [fibonacci_action_client]: Goal accepted, waiting for result.
[INFO] [1733816730.434901355] [fibonacci_action_client]: Received feedback: array('i', [0, 1, 1])
[INFO] [1733816730.684915751] [fibonacci_action_client]: Received feedback: array('i', [0, 1, 1, 2])
[INFO] [1733816730.936179825] [fibonacci_action_client]: Received feedback: array('i', [0, 1, 1, 2, 3])
[INFO] [1733816731.186965762] [fibonacci_action_client]: Received feedback: array('i', [0, 1, 1, 2, 3, 5])
[INFO] [1733816731.438038510] [fibonacci_action_client]: Received feedback: array('i', [0, 1, 1, 2, 3, 5, 8])
[INFO] [1733816731.688996771] [fibonacci_action_client]: Received feedback: array('i', [0, 1, 1, 2, 3, 5, 8, 13])
[INFO] [1733816731.940191290] [fibonacci_action_client]: Received feedback: array('i', [0, 1, 1, 2, 3, 5, 8, 13, 21])
[INFO] [1733816732.191228851] [fibonacci_action_client]: Received feedback: array('i', [0, 1, 1, 2, 3, 5, 8, 13, 21, 34])
[INFO] [1733816732.442513907] [fibonacci_action_client]: Received feedback: array('i', [0, 1, 1, 2, 3, 5, 8, 13, 21, 34, 55])
[INFO] [1733816732.696357909] [fibonacci_action_client]: Result: array('i', [0, 1, 1, 2, 3, 5, 8, 13, 21, 34, 55])
[INFO] [1733816732.947057871] [fibonacci_action_client]: Sending goal with order 10
[INFO] [1733816734.961129160] [fibonacci_action_client]: Received feedback: array('i', [0, 1, 1])
[INFO] [1733816734.961672062] [fibonacci_action_client]: Goal accepted, waiting for result.
[INFO] [1733816735.209786809] [fibonacci_action_client]: Received feedback: array('i', [0, 1, 1, 2])
[INFO] [1733816735.460997283] [fibonacci_action_client]: Received feedback: array('i', [0, 1, 1, 2, 3])
[INFO] [1733816735.711851538] [fibonacci_action_client]: Received feedback: array('i', [0, 1, 1, 2, 3, 5])
[INFO] [1733816735.963186459] [fibonacci_action_client]: Received feedback: array('i', [0, 1, 1, 2, 3, 5, 8])
[INFO] [1733816736.214477556] [fibonacci_action_client]: Received feedback: array('i', [0, 1, 1, 2, 3, 5, 8, 13])
[INFO] [1733816736.465887816] [fibonacci_action_client]: Received feedback: array('i', [0, 1, 1, 2, 3, 5, 8, 13, 21])
[INFO] [1733816736.717193177] [fibonacci_action_client]: Received feedback: array('i', [0, 1, 1, 2, 3, 5, 8, 13, 21, 34])
[INFO] [1733816736.968395210] [fibonacci_action_client]: Received feedback: array('i', [0, 1, 1, 2, 3, 5, 8, 13, 21, 34, 55])
[INFO] [1733816737.224839602] [fibonacci_action_client]: Result: array('i', [0, 1, 1, 2, 3, 5, 8, 13, 21, 34, 55])
[INFO] [1733816737.475964757] [fibonacci_action_client]: Sending goal with order 10
[INFO] [1733816739.484207199] [fibonacci_action_client]: Goal accepted, waiting for result.
[INFO] [1733816739.485072593] [fibonacci_action_client]: Received feedback: array('i', [0, 1, 1])
[INFO] [1733816739.734757039] [fibonacci_action_client]: Received feedback: array('i', [0, 1, 1, 2])
[INFO] [1733816739.985884731] [fibonacci_action_client]: Received feedback: array('i', [0, 1, 1, 2, 3])
[INFO] [1733816740.236795672] [fibonacci_action_client]: Received feedback: array('i', [0, 1, 1, 2, 3, 5])
[INFO] [1733816740.488092219] [fibonacci_action_client]: Received feedback: array('i', [0, 1, 1, 2, 3, 5, 8])
[INFO] [1733816740.739066292] [fibonacci_action_client]: Received feedback: array('i', [0, 1, 1, 2, 3, 5, 8, 13])
[INFO] [1733816740.990377564] [fibonacci_action_client]: Received feedback: array('i', [0, 1, 1, 2, 3, 5, 8, 13, 21])
[INFO] [1733816741.241197895] [fibonacci_action_client]: Received feedback: array('i', [0, 1, 1, 2, 3, 5, 8, 13, 21, 34])
[INFO] [1733816741.492444889] [fibonacci_action_client]: Received feedback: array('i', [0, 1, 1, 2, 3, 5, 8, 13, 21, 34, 55])
[INFO] [1733816741.746550905] [fibonacci_action_client]: Result: array('i', [0, 1, 1, 2, 3, 5, 8, 13, 21, 34, 55])
[INFO] [1733816741.997535582] [fibonacci_action_client]: Sending goal with order 10
[INFO] [1733816744.010382877] [fibonacci_action_client]: Goal accepted, waiting for result.
[INFO] [1733816744.011079694] [fibonacci_action_client]: Received feedback: array('i', [0, 1, 1])
[INFO] [1733816744.261687741] [fibonacci_action_client]: Received feedback: array('i', [0, 1, 1, 2])
[INFO] [1733816744.512820946] [fibonacci_action_client]: Received feedback: array('i', [0, 1, 1, 2, 3])
[INFO] [1733816744.763955173] [fibonacci_action_client]: Received feedback: array('i', [0, 1, 1, 2, 3, 5])
[INFO] [1733816745.014880057] [fibonacci_action_client]: Received feedback: array('i', [0, 1, 1, 2, 3, 5, 8])
[INFO] [1733816745.266234820] [fibonacci_action_client]: Received feedback: array('i', [0, 1, 1, 2, 3, 5, 8, 13])
[INFO] [1733816745.517285472] [fibonacci_action_client]: Received feedback: array('i', [0, 1, 1, 2, 3, 5, 8, 13, 21])
[INFO] [1733816745.768650267] [fibonacci_action_client]: Received feedback: array('i', [0, 1, 1, 2, 3, 5, 8, 13, 21, 34])
[INFO] [1733816746.019553676] [fibonacci_action_client]: Received feedback: array('i', [0, 1, 1, 2, 3, 5, 8, 13, 21, 34, 55])
[INFO] [1733816746.274007418] [fibonacci_action_client]: Result: array('i', [0, 1, 1, 2, 3, 5, 8, 13, 21, 34, 55])
[INFO] [1733816746.524757480] [fibonacci_action_client]: Sending goal with order 10
[INFO] [1733816748.536213406] [fibonacci_action_client]: Goal accepted, waiting for result.
[INFO] [1733816748.537083787] [fibonacci_action_client]: Received feedback: array('i', [0, 1, 1])
[INFO] [1733816748.786339381] [fibonacci_action_client]: Received feedback: array('i', [0, 1, 1, 2])
[INFO] [1733816749.037686673] [fibonacci_action_client]: Received feedback: array('i', [0, 1, 1, 2, 3])
[INFO] [1733816749.288905522] [fibonacci_action_client]: Received feedback: array('i', [0, 1, 1, 2, 3, 5])
[INFO] [1733816749.539985689] [fibonacci_action_client]: Received feedback: array('i', [0, 1, 1, 2, 3, 5, 8])
[INFO] [1733816749.791342225] [fibonacci_action_client]: Received feedback: array('i', [0, 1, 1, 2, 3, 5, 8, 13])
[INFO] [1733816750.042620192] [fibonacci_action_client]: Received feedback: array('i', [0, 1, 1, 2, 3, 5, 8, 13, 21])
[INFO] [1733816750.293885812] [fibonacci_action_client]: Received feedback: array('i', [0, 1, 1, 2, 3, 5, 8, 13, 21, 34])
[INFO] [1733816750.545132672] [fibonacci_action_client]: Received feedback: array('i', [0, 1, 1, 2, 3, 5, 8, 13, 21, 34, 55])
[INFO] [1733816750.799331136] [fibonacci_action_client]: Result: array('i', [0, 1, 1, 2, 3, 5, 8, 13, 21, 34, 55])
[INFO] [1733816751.049997525] [fibonacci_action_client]: Sending goal with order 10
[INFO] [1733816753.061306971] [fibonacci_action_client]: Received feedback: array('i', [0, 1, 1])
[INFO] [1733816753.061870984] [fibonacci_action_client]: Goal accepted, waiting for result.
[INFO] [1733816753.310613019] [fibonacci_action_client]: Received feedback: array('i', [0, 1, 1, 2])
[INFO] [1733816753.562115549] [fibonacci_action_client]: Received feedback: array('i', [0, 1, 1, 2, 3])
[INFO] [1733816753.812988349] [fibonacci_action_client]: Received feedback: array('i', [0, 1, 1, 2, 3, 5])
[INFO] [1733816754.064100351] [fibonacci_action_client]: Received feedback: array('i', [0, 1, 1, 2, 3, 5, 8])
[INFO] [1733816754.315470962] [fibonacci_action_client]: Received feedback: array('i', [0, 1, 1, 2, 3, 5, 8, 13])
[INFO] [1733816754.566639333] [fibonacci_action_client]: Received feedback: array('i', [0, 1, 1, 2, 3, 5, 8, 13, 21])
[INFO] [1733816754.818059521] [fibonacci_action_client]: Received feedback: array('i', [0, 1, 1, 2, 3, 5, 8, 13, 21, 34])
[INFO] [1733816755.068836078] [fibonacci_action_client]: Received feedback: array('i', [0, 1, 1, 2, 3, 5, 8, 13, 21, 34, 55])
[INFO] [1733816755.323428071] [fibonacci_action_client]: Result: array('i', [0, 1, 1, 2, 3, 5, 8, 13, 21, 34, 55])
[INFO] [1733816755.574114364] [fibonacci_action_client]: Sending goal with order 10
[INFO] [1733816757.585504425] [fibonacci_action_client]: Goal accepted, waiting for result.
[INFO] [1733816757.586237696] [fibonacci_action_client]: Received feedback: array('i', [0, 1, 1])
[INFO] [1733816757.835520492] [fibonacci_action_client]: Received feedback: array('i', [0, 1, 1, 2])
[INFO] [1733816758.086280424] [fibonacci_action_client]: Received feedback: array('i', [0, 1, 1, 2, 3])
[INFO] [1733816758.337822893] [fibonacci_action_client]: Received feedback: array('i', [0, 1, 1, 2, 3, 5])
[INFO] [1733816758.588710857] [fibonacci_action_client]: Received feedback: array('i', [0, 1, 1, 2, 3, 5, 8])
[INFO] [1733816758.839499932] [fibonacci_action_client]: Received feedback: array('i', [0, 1, 1, 2, 3, 5, 8, 13])
[INFO] [1733816759.090522856] [fibonacci_action_client]: Received feedback: array('i', [0, 1, 1, 2, 3, 5, 8, 13, 21])
[INFO] [1733816759.341792009] [fibonacci_action_client]: Received feedback: array('i', [0, 1, 1, 2, 3, 5, 8, 13, 21, 34])
[INFO] [1733816759.592721164] [fibonacci_action_client]: Received feedback: array('i', [0, 1, 1, 2, 3, 5, 8, 13, 21, 34, 55])
[INFO] [1733816759.848107067] [fibonacci_action_client]: Result: array('i', [0, 1, 1, 2, 3, 5, 8, 13, 21, 34, 55])
[INFO] [1733816760.098813121] [fibonacci_action_client]: Sending goal with order 10
[INFO] [1733816762.110605850] [fibonacci_action_client]: Received feedback: array('i', [0, 1, 1])
[INFO] [1733816762.111030824] [fibonacci_action_client]: Goal accepted, waiting for result.
[INFO] [1733816762.360310231] [fibonacci_action_client]: Received feedback: array('i', [0, 1, 1, 2])
[INFO] [1733816762.611037937] [fibonacci_action_client]: Received feedback: array('i', [0, 1, 1, 2, 3])
[INFO] [1733816762.862382230] [fibonacci_action_client]: Received feedback: array('i', [0, 1, 1, 2, 3, 5])
[INFO] [1733816763.113245576] [fibonacci_action_client]: Received feedback: array('i', [0, 1, 1, 2, 3, 5, 8])
[INFO] [1733816763.364244795] [fibonacci_action_client]: Received feedback: array('i', [0, 1, 1, 2, 3, 5, 8, 13])
[INFO] [1733816763.615079242] [fibonacci_action_client]: Received feedback: array('i', [0, 1, 1, 2, 3, 5, 8, 13, 21])
[INFO] [1733816763.866225600] [fibonacci_action_client]: Received feedback: array('i', [0, 1, 1, 2, 3, 5, 8, 13, 21, 34])
[INFO] [1733816764.117474517] [fibonacci_action_client]: Received feedback: array('i', [0, 1, 1, 2, 3, 5, 8, 13, 21, 34, 55])
[INFO] [1733816764.374777525] [fibonacci_action_client]: Result: array('i', [0, 1, 1, 2, 3, 5, 8, 13, 21, 34, 55])
[INFO] [1733816764.625672959] [fibonacci_action_client]: Sending goal with order 10
[INFO] [1733816766.635132749] [fibonacci_action_client]: Received feedback: array('i', [0, 1, 1])
[INFO] [1733816766.635573885] [fibonacci_action_client]: Goal accepted, waiting for result.
[INFO] [1733816766.884422115] [fibonacci_action_client]: Received feedback: array('i', [0, 1, 1, 2])
[INFO] [1733816767.136047286] [fibonacci_action_client]: Received feedback: array('i', [0, 1, 1, 2, 3])
[INFO] [1733816767.387097343] [fibonacci_action_client]: Received feedback: array('i', [0, 1, 1, 2, 3, 5])
[INFO] [1733816767.638357328] [fibonacci_action_client]: Received feedback: array('i', [0, 1, 1, 2, 3, 5, 8])
[INFO] [1733816767.889718453] [fibonacci_action_client]: Received feedback: array('i', [0, 1, 1, 2, 3, 5, 8, 13])
[INFO] [1733816768.140827216] [fibonacci_action_client]: Received feedback: array('i', [0, 1, 1, 2, 3, 5, 8, 13, 21])
[INFO] [1733816768.391790655] [fibonacci_action_client]: Received feedback: array('i', [0, 1, 1, 2, 3, 5, 8, 13, 21, 34])
[INFO] [1733816768.643070454] [fibonacci_action_client]: Received feedback: array('i', [0, 1, 1, 2, 3, 5, 8, 13, 21, 34, 55])
[INFO] [1733816768.898833834] [fibonacci_action_client]: Result: array('i', [0, 1, 1, 2, 3, 5, 8, 13, 21, 34, 55])
[INFO] [1733816769.149596460] [fibonacci_action_client]: Sending goal with order 10
[INFO] [1733816771.161794301] [fibonacci_action_client]: Received feedback: array('i', [0, 1, 1])
[INFO] [1733816771.162395199] [fibonacci_action_client]: Goal accepted, waiting for result.
[INFO] [1733816771.411408606] [fibonacci_action_client]: Received feedback: array('i', [0, 1, 1, 2])
[INFO] [1733816771.662902765] [fibonacci_action_client]: Received feedback: array('i', [0, 1, 1, 2, 3])
[INFO] [1733816771.914218678] [fibonacci_action_client]: Received feedback: array('i', [0, 1, 1, 2, 3, 5])
[INFO] [1733816772.165035154] [fibonacci_action_client]: Received feedback: array('i', [0, 1, 1, 2, 3, 5, 8])
[INFO] [1733816772.416040803] [fibonacci_action_client]: Received feedback: array('i', [0, 1, 1, 2, 3, 5, 8, 13])
[INFO] [1733816772.667082952] [fibonacci_action_client]: Received feedback: array('i', [0, 1, 1, 2, 3, 5, 8, 13, 21])
[INFO] [1733816772.918519094] [fibonacci_action_client]: Received feedback: array('i', [0, 1, 1, 2, 3, 5, 8, 13, 21, 34])
[INFO] [1733816773.169790528] [fibonacci_action_client]: Received feedback: array('i', [0, 1, 1, 2, 3, 5, 8, 13, 21, 34, 55])
[INFO] [1733816773.425464386] [fibonacci_action_client]: Result: array('i', [0, 1, 1, 2, 3, 5, 8, 13, 21, 34, 55])
[INFO] [1733816773.676409613] [fibonacci_action_client]: Sending goal with order 10
[INFO] [1733816775.689023422] [fibonacci_action_client]: Received feedback: array('i', [0, 1, 1])
[INFO] [1733816775.689532974] [fibonacci_action_client]: Goal accepted, waiting for result.
[INFO] [1733816775.938094569] [fibonacci_action_client]: Received feedback: array('i', [0, 1, 1, 2])
[INFO] [1733816776.189193405] [fibonacci_action_client]: Received feedback: array('i', [0, 1, 1, 2, 3])
[INFO] [1733816776.440056865] [fibonacci_action_client]: Received feedback: array('i', [0, 1, 1, 2, 3, 5])
[INFO] [1733816776.691049944] [fibonacci_action_client]: Received feedback: array('i', [0, 1, 1, 2, 3, 5, 8])
[INFO] [1733816776.942297646] [fibonacci_action_client]: Received feedback: array('i', [0, 1, 1, 2, 3, 5, 8, 13])
[INFO] [1733816777.193470925] [fibonacci_action_client]: Received feedback: array('i', [0, 1, 1, 2, 3, 5, 8, 13, 21])
[INFO] [1733816777.444562478] [fibonacci_action_client]: Received feedback: array('i', [0, 1, 1, 2, 3, 5, 8, 13, 21, 34])
[INFO] [1733816777.695656340] [fibonacci_action_client]: Received feedback: array('i', [0, 1, 1, 2, 3, 5, 8, 13, 21, 34, 55])
[INFO] [1733816775.687990048] [fibonacci_action_client]: Result: array('i', [0, 1, 1, 2, 3, 5, 8, 13, 21, 34, 55])
[INFO] [1733816775.938671852] [fibonacci_action_client]: Sending goal with order 10
[INFO] [1733816777.950566484] [fibonacci_action_client]: Goal accepted, waiting for result.
