[INFO] [1733659147.932139452] [fibonacci_action_server]: Executing goal...
[INFO] [1733659147.932568651] [fibonacci_action_server]: Feedback: array('i', [0, 1, 1])
[INFO] [1733659148.433734053] [fibonacci_action_server]: Feedback: array('i', [0, 1, 1, 2])
[INFO] [1733659148.935131804] [fibonacci_action_server]: Feedback: array('i', [0, 1, 1, 2, 3])
[INFO] [1733659149.436395880] [fibonacci_action_server]: Feedback: array('i', [0, 1, 1, 2, 3, 5])
[INFO] [1733659149.937613554] [fibonacci_action_server]: Feedback: array('i', [0, 1, 1, 2, 3, 5, 8])
[INFO] [1733659150.439108886] [fibonacci_action_server]: Feedback: array('i', [0, 1, 1, 2, 3, 5, 8, 13])
[INFO] [1733659150.940522044] [fibonacci_action_server]: Feedback: array('i', [0, 1, 1, 2, 3, 5, 8, 13, 21])
[INFO] [1733659151.441853848] [fibonacci_action_server]: Feedback: array('i', [0, 1, 1, 2, 3, 5, 8, 13, 21, 34])
[INFO] [1733659151.943296031] [fibonacci_action_server]: Feedback: array('i', [0, 1, 1, 2, 3, 5, 8, 13, 21, 34, 55])
[INFO] [1733659152.949050540] [fibonacci_action_server]: Executing goal...
[INFO] [1733659152.949796722] [fibonacci_action_server]: Feedback: array('i', [0, 1, 1])
[INFO] [1733659153.450945515] [fibonacci_action_server]: Feedback: array('i', [0, 1, 1, 2])
[INFO] [1733659153.952156808] [fibonacci_action_server]: Feedback: array('i', [0, 1, 1, 2, 3])
[INFO] [1733659154.453373512] [fibonacci_action_server]: Feedback: array('i', [0, 1, 1, 2, 3, 5])
[INFO] [1733659154.954684892] [fibonacci_action_server]: Feedback: array('i', [0, 1, 1, 2, 3, 5, 8])
[INFO] [1733659155.456011330] [fibonacci_action_server]: Feedback: array('i', [0, 1, 1, 2, 3, 5, 8, 13])
[INFO] [1733659155.957505644] [fibonacci_action_server]: Feedback: array('i', [0, 1, 1, 2, 3, 5, 8, 13, 21])
[INFO] [1733659156.458998285] [fibonacci_action_server]: Feedback: array('i', [0, 1, 1, 2, 3, 5, 8, 13, 21, 34])
[INFO] [1733659156.960448679] [fibonacci_action_server]: Feedback: array('i', [0, 1, 1, 2, 3, 5, 8, 13, 21, 34, 55])
[INFO] [1733659157.965672615] [fibonacci_action_server]: Executing goal...
[INFO] [1733659157.966040593] [fibonacci_action_server]: Feedback: array('i', [0, 1, 1])
[INFO] [1733659158.467534946] [fibonacci_action_server]: Feedback: array('i', [0, 1, 1, 2])
[INFO] [1733659158.968404223] [fibonacci_action_server]: Feedback: array('i', [0, 1, 1, 2, 3])
[INFO] [1733659159.469730299] [fibonacci_action_server]: Feedback: array('i', [0, 1, 1, 2, 3, 5])
[INFO] [1733659159.970945964] [fibonacci_action_server]: Feedback: array('i', [0, 1, 1, 2, 3, 5, 8])
[INFO] [1733659160.472555129] [fibonacci_action_server]: Feedback: array('i', [0, 1, 1, 2, 3, 5, 8, 13])
[INFO] [1733659160.973920762] [fibonacci_action_server]: Feedback: array('i', [0, 1, 1, 2, 3, 5, 8, 13, 21])
[INFO] [1733659161.475543391] [fibonacci_action_server]: Feedback: array('i', [0, 1, 1, 2, 3, 5, 8, 13, 21, 34])
[INFO] [1733659161.976781501] [fibonacci_action_server]: Feedback: array('i', [0, 1, 1, 2, 3, 5, 8, 13, 21, 34, 55])
[INFO] [1733659162.981713889] [fibonacci_action_server]: Executing goal...
[INFO] [1733659162.982259546] [fibonacci_action_server]: Feedback: array('i', [0, 1, 1])
[INFO] [1733659163.483602381] [fibonacci_action_server]: Feedback: array('i', [0, 1, 1, 2])
[INFO] [1733659163.984509720] [fibonacci_action_server]: Feedback: array('i', [0, 1, 1, 2, 3])
[INFO] [1733659164.485966922] [fibonacci_action_server]: Feedback: array('i', [0, 1, 1, 2, 3, 5])
[INFO] [1733659164.987434646] [fibonacci_action_server]: Feedback: array('i', [0, 1, 1, 2, 3, 5, 8])
[INFO] [1733659165.488407500] [fibonacci_action_server]: Feedback: array('i', [0, 1, 1, 2, 3, 5, 8, 13])
[INFO] [1733659165.989562712] [fibonacci_action_server]: Feedback: array('i', [0, 1, 1, 2, 3, 5, 8, 13, 21])
[INFO] [1733659166.490950998] [fibonacci_action_server]: Feedback: array('i', [0, 1, 1, 2, 3, 5, 8, 13, 21, 34])
[INFO] [1733659166.992281824] [fibonacci_action_server]: Feedback: array('i', [0, 1, 1, 2, 3, 5, 8, 13, 21, 34, 55])
[INFO] [1733659167.997992348] [fibonacci_action_server]: Executing goal...
[INFO] [1733659167.998513123] [fibonacci_action_server]: Feedback: array('i', [0, 1, 1])
[INFO] [1733659168.499977005] [fibonacci_action_server]: Feedback: array('i', [0, 1, 1, 2])
[INFO] [1733659169.001198102] [fibonacci_action_server]: Feedback: array('i', [0, 1, 1, 2, 3])
[INFO] [1733659169.502659502] [fibonacci_action_server]: Feedback: array('i', [0, 1, 1, 2, 3, 5])
[INFO] [1733659170.004226528] [fibonacci_action_server]: Feedback: array('i', [0, 1, 1, 2, 3, 5, 8])
[INFO] [1733659170.505693283] [fibonacci_action_server]: Feedback: array('i', [0, 1, 1, 2, 3, 5, 8, 13])
[INFO] [1733659171.006840434] [fibonacci_action_server]: Feedback: array('i', [0, 1, 1, 2, 3, 5, 8, 13, 21])
[INFO] [1733659171.508054330] [fibonacci_action_server]: Feedback: array('i', [0, 1, 1, 2, 3, 5, 8, 13, 21, 34])
[INFO] [1733659172.009650085] [fibonacci_action_server]: Feedback: array('i', [0, 1, 1, 2, 3, 5, 8, 13, 21, 34, 55])
[INFO] [1733659173.015593324] [fibonacci_action_server]: Executing goal...
[INFO] [1733659173.016156423] [fibonacci_action_server]: Feedback: array('i', [0, 1, 1])
[INFO] [1733659173.517346383] [fibonacci_action_server]: Feedback: array('i', [0, 1, 1, 2])
[INFO] [1733659174.018827831] [fibonacci_action_server]: Feedback: array('i', [0, 1, 1, 2, 3])
[INFO] [1733659174.520409330] [fibonacci_action_server]: Feedback: array('i', [0, 1, 1, 2, 3, 5])
[INFO] [1733659175.021673577] [fibonacci_action_server]: Feedback: array('i', [0, 1, 1, 2, 3, 5, 8])
[INFO] [1733659175.523276852] [fibonacci_action_server]: Feedback: array('i', [0, 1, 1, 2, 3, 5, 8, 13])
[INFO] [1733659176.024548860] [fibonacci_action_server]: Feedback: array('i', [0, 1, 1, 2, 3, 5, 8, 13, 21])
[INFO] [1733659176.526010320] [fibonacci_action_server]: Feedback: array('i', [0, 1, 1, 2, 3, 5, 8, 13, 21, 34])
[INFO] [1733659177.027510371] [fibonacci_action_server]: Feedback: array('i', [0, 1, 1, 2, 3, 5, 8, 13, 21, 34, 55])
[INFO] [1733659178.032710343] [fibonacci_action_server]: Executing goal...
[INFO] [1733659178.033239233] [fibonacci_action_server]: Feedback: array('i', [0, 1, 1])
[INFO] [1733659178.534566455] [fibonacci_action_server]: Feedback: array('i', [0, 1, 1, 2])
[INFO] [1733659179.036113073] [fibonacci_action_server]: Feedback: array('i', [0, 1, 1, 2, 3])
[INFO] [1733659179.537465186] [fibonacci_action_server]: Feedback: array('i', [0, 1, 1, 2, 3, 5])
[INFO] [1733659180.038763943] [fibonacci_action_server]: Feedback: array('i', [0, 1, 1, 2, 3, 5, 8])
[INFO] [1733659180.540395677] [fibonacci_action_server]: Feedback: array('i', [0, 1, 1, 2, 3, 5, 8, 13])
[INFO] [1733659181.041872305] [fibonacci_action_server]: Feedback: array('i', [0, 1, 1, 2, 3, 5, 8, 13, 21])
[INFO] [1733659181.545199130] [fibonacci_action_server]: Feedback: array('i', [0, 1, 1, 2, 3, 5, 8, 13, 21, 34])
[INFO] [1733659182.046444098] [fibonacci_action_server]: Feedback: array('i', [0, 1, 1, 2, 3, 5, 8, 13, 21, 34, 55])
[INFO] [1733659183.051364972] [fibonacci_action_server]: Executing goal...
[INFO] [1733659183.051722181] [fibonacci_action_server]: Feedback: array('i', [0, 1, 1])
[INFO] [1733659183.552537645] [fibonacci_action_server]: Feedback: array('i', [0, 1, 1, 2])
[INFO] [1733659184.053756837] [fibonacci_action_server]: Feedback: array('i', [0, 1, 1, 2, 3])
[INFO] [1733659184.554865065] [fibonacci_action_server]: Feedback: array('i', [0, 1, 1, 2, 3, 5])
[INFO] [1733659185.056152102] [fibonacci_action_server]: Feedback: array('i', [0, 1, 1, 2, 3, 5, 8])
[INFO] [1733659185.557280009] [fibonacci_action_server]: Feedback: array('i', [0, 1, 1, 2, 3, 5, 8, 13])
[INFO] [1733659186.058422691] [fibonacci_action_server]: Feedback: array('i', [0, 1, 1, 2, 3, 5, 8, 13, 21])
[INFO] [1733659186.559827039] [fibonacci_action_server]: Feedback: array('i', [0, 1, 1, 2, 3, 5, 8, 13, 21, 34])
[INFO] [1733659187.060570090] [fibonacci_action_server]: Feedback: array('i', [0, 1, 1, 2, 3, 5, 8, 13, 21, 34, 55])
[INFO] [1733659188.065885261] [fibonacci_action_server]: Executing goal...
[INFO] [1733659188.066318491] [fibonacci_action_server]: Feedback: array('i', [0, 1, 1])
[INFO] [1733659188.567818910] [fibonacci_action_server]: Feedback: array('i', [0, 1, 1, 2])
[INFO] [1733659189.068566572] [fibonacci_action_server]: Feedback: array('i', [0, 1, 1, 2, 3])
[INFO] [1733659189.570082410] [fibonacci_action_server]: Feedback: array('i', [0, 1, 1, 2, 3, 5])
[INFO] [1733659190.071582275] [fibonacci_action_server]: Feedback: array('i', [0, 1, 1, 2, 3, 5, 8])
[INFO] [1733659190.572602362] [fibonacci_action_server]: Feedback: array('i', [0, 1, 1, 2, 3, 5, 8, 13])
[INFO] [1733659191.073811467] [fibonacci_action_server]: Feedback: array('i', [0, 1, 1, 2, 3, 5, 8, 13, 21])
[INFO] [1733659191.575223433] [fibonacci_action_server]: Feedback: array('i', [0, 1, 1, 2, 3, 5, 8, 13, 21, 34])
[INFO] [1733659192.076587170] [fibonacci_action_server]: Feedback: array('i', [0, 1, 1, 2, 3, 5, 8, 13, 21, 34, 55])
[INFO] [1733659193.082300189] [fibonacci_action_server]: Executing goal...
[INFO] [1733659193.082707067] [fibonacci_action_server]: Feedback: array('i', [0, 1, 1])
[INFO] [1733659193.583880149] [fibonacci_action_server]: Feedback: array('i', [0, 1, 1, 2])
[INFO] [1733659194.085148602] [fibonacci_action_server]: Feedback: array('i', [0, 1, 1, 2, 3])
[INFO] [1733659194.586404654] [fibonacci_action_server]: Feedback: array('i', [0, 1, 1, 2, 3, 5])
[INFO] [1733659195.087837271] [fibonacci_action_server]: Feedback: array('i', [0, 1, 1, 2, 3, 5, 8])
[INFO] [1733659195.589159225] [fibonacci_action_server]: Feedback: array('i', [0, 1, 1, 2, 3, 5, 8, 13])
[INFO] [1733659196.090682479] [fibonacci_action_server]: Feedback: array('i', [0, 1, 1, 2, 3, 5, 8, 13, 21])
[INFO] [1733659196.592229994] [fibonacci_action_server]: Feedback: array('i', [0, 1, 1, 2, 3, 5, 8, 13, 21, 34])
[INFO] [1733659197.093685351] [fibonacci_action_server]: Feedback: array('i', [0, 1, 1, 2, 3, 5, 8, 13, 21, 34, 55])
[INFO] [1733659198.099726421] [fibonacci_action_server]: Executing goal...
[INFO] [1733659198.100241330] [fibonacci_action_server]: Feedback: array('i', [0, 1, 1])
[INFO] [1733659198.601519288] [fibonacci_action_server]: Feedback: array('i', [0, 1, 1, 2])
[INFO] [1733659199.103333789] [fibonacci_action_server]: Feedback: array('i', [0, 1, 1, 2, 3])
[INFO] [1733659199.604870345] [fibonacci_action_server]: Feedback: array('i', [0, 1, 1, 2, 3, 5])
[INFO] [1733659200.106358876] [fibonacci_action_server]: Feedback: array('i', [0, 1, 1, 2, 3, 5, 8])
[INFO] [1733659200.607896449] [fibonacci_action_server]: Feedback: array('i', [0, 1, 1, 2, 3, 5, 8, 13])
[INFO] [1733659201.109192063] [fibonacci_action_server]: Feedback: array('i', [0, 1, 1, 2, 3, 5, 8, 13, 21])
[INFO] [1733659201.610322679] [fibonacci_action_server]: Feedback: array('i', [0, 1, 1, 2, 3, 5, 8, 13, 21, 34])
[INFO] [1733659202.111545545] [fibonacci_action_server]: Feedback: array('i', [0, 1, 1, 2, 3, 5, 8, 13, 21, 34, 55])
[INFO] [1733659203.117473775] [fibonacci_action_server]: Executing goal...
[INFO] [1733659203.117866631] [fibonacci_action_server]: Feedback: array('i', [0, 1, 1])
[INFO] [1733659203.619233604] [fibonacci_action_server]: Feedback: array('i', [0, 1, 1, 2])
[INFO] [1733659204.120552426] [fibonacci_action_server]: Feedback: array('i', [0, 1, 1, 2, 3])
[INFO] [1733659204.622024955] [fibonacci_action_server]: Feedback: array('i', [0, 1, 1, 2, 3, 5])
[INFO] [1733659205.123372312] [fibonacci_action_server]: Feedback: array('i', [0, 1, 1, 2, 3, 5, 8])
[INFO] [1733659205.624943208] [fibonacci_action_server]: Feedback: array('i', [0, 1, 1, 2, 3, 5, 8, 13])
[INFO] [1733659206.126485899] [fibonacci_action_server]: Feedback: array('i', [0, 1, 1, 2, 3, 5, 8, 13, 21])
[INFO] [1733659206.628092229] [fibonacci_action_server]: Feedback: array('i', [0, 1, 1, 2, 3, 5, 8, 13, 21, 34])
[INFO] [1733659207.129389774] [fibonacci_action_server]: Feedback: array('i', [0, 1, 1, 2, 3, 5, 8, 13, 21, 34, 55])
[INFO] [1733659208.134871176] [fibonacci_action_server]: Executing goal...
[INFO] [1733659208.135245717] [fibonacci_action_server]: Feedback: array('i', [0, 1, 1])
[INFO] [1733659208.636466367] [fibonacci_action_server]: Feedback: array('i', [0, 1, 1, 2])
[INFO] [1733659209.137889824] [fibonacci_action_server]: Feedback: array('i', [0, 1, 1, 2, 3])
[INFO] [1733659209.639401748] [fibonacci_action_server]: Feedback: array('i', [0, 1, 1, 2, 3, 5])
[INFO] [1733659210.140282290] [fibonacci_action_server]: Feedback: array('i', [0, 1, 1, 2, 3, 5, 8])
[INFO] [1733659210.641667995] [fibonacci_action_server]: Feedback: array('i', [0, 1, 1, 2, 3, 5, 8, 13])
[INFO] [1733659211.143109903] [fibonacci_action_server]: Feedback: array('i', [0, 1, 1, 2, 3, 5, 8, 13, 21])
[INFO] [1733659211.644387163] [fibonacci_action_server]: Feedback: array('i', [0, 1, 1, 2, 3, 5, 8, 13, 21, 34])
[INFO] [1733659212.145773564] [fibonacci_action_server]: Feedback: array('i', [0, 1, 1, 2, 3, 5, 8, 13, 21, 34, 55])
[INFO] [1733659213.150870052] [fibonacci_action_server]: Executing goal...
[INFO] [1733659213.151283969] [fibonacci_action_server]: Feedback: array('i', [0, 1, 1])
[INFO] [1733659213.652519249] [fibonacci_action_server]: Feedback: array('i', [0, 1, 1, 2])
[INFO] [1733659214.153655924] [fibonacci_action_server]: Feedback: array('i', [0, 1, 1, 2, 3])
[INFO] [1733659214.655033509] [fibonacci_action_server]: Feedback: array('i', [0, 1, 1, 2, 3, 5])
[INFO] [1733659215.156341696] [fibonacci_action_server]: Feedback: array('i', [0, 1, 1, 2, 3, 5, 8])
[INFO] [1733659215.657503453] [fibonacci_action_server]: Feedback: array('i', [0, 1, 1, 2, 3, 5, 8, 13])
[INFO] [1733659216.158584855] [fibonacci_action_server]: Feedback: array('i', [0, 1, 1, 2, 3, 5, 8, 13, 21])
[INFO] [1733659216.660216914] [fibonacci_action_server]: Feedback: array('i', [0, 1, 1, 2, 3, 5, 8, 13, 21, 34])
[INFO] [1733659217.161597482] [fibonacci_action_server]: Feedback: array('i', [0, 1, 1, 2, 3, 5, 8, 13, 21, 34, 55])
[INFO] [1733659218.166639989] [fibonacci_action_server]: Executing goal...
[INFO] [1733659218.167148158] [fibonacci_action_server]: Feedback: array('i', [0, 1, 1])
[INFO] [1733659218.668244210] [fibonacci_action_server]: Feedback: array('i', [0, 1, 1, 2])
[INFO] [1733659219.169804268] [fibonacci_action_server]: Feedback: array('i', [0, 1, 1, 2, 3])
[INFO] [1733659219.671418547] [fibonacci_action_server]: Feedback: array('i', [0, 1, 1, 2, 3, 5])
[INFO] [1733659220.172729446] [fibonacci_action_server]: Feedback: array('i', [0, 1, 1, 2, 3, 5, 8])
[INFO] [1733659220.674213372] [fibonacci_action_server]: Feedback: array('i', [0, 1, 1, 2, 3, 5, 8, 13])
[INFO] [1733659221.175448272] [fibonacci_action_server]: Feedback: array('i', [0, 1, 1, 2, 3, 5, 8, 13, 21])
[INFO] [1733659221.676933095] [fibonacci_action_server]: Feedback: array('i', [0, 1, 1, 2, 3, 5, 8, 13, 21, 34])
[INFO] [1733659222.178441576] [fibonacci_action_server]: Feedback: array('i', [0, 1, 1, 2, 3, 5, 8, 13, 21, 34, 55])
[INFO] [1733659223.184689248] [fibonacci_action_server]: Executing goal...
[INFO] [1733659223.185700498] [fibonacci_action_server]: Feedback: array('i', [0, 1, 1])
[INFO] [1733659223.687012726] [fibonacci_action_server]: Feedback: array('i', [0, 1, 1, 2])
[INFO] [1733659224.188425528] [fibonacci_action_server]: Feedback: array('i', [0, 1, 1, 2, 3])
[INFO] [1733659224.689624757] [fibonacci_action_server]: Feedback: array('i', [0, 1, 1, 2, 3, 5])
[INFO] [1733659225.190944033] [fibonacci_action_server]: Feedback: array('i', [0, 1, 1, 2, 3, 5, 8])
[INFO] [1733659225.692498422] [fibonacci_action_server]: Feedback: array('i', [0, 1, 1, 2, 3, 5, 8, 13])
[INFO] [1733659226.193931007] [fibonacci_action_server]: Feedback: array('i', [0, 1, 1, 2, 3, 5, 8, 13, 21])
[INFO] [1733659226.695125482] [fibonacci_action_server]: Feedback: array('i', [0, 1, 1, 2, 3, 5, 8, 13, 21, 34])
[INFO] [1733659227.196286415] [fibonacci_action_server]: Feedback: array('i', [0, 1, 1, 2, 3, 5, 8, 13, 21, 34, 55])
[INFO] [1733659228.202588818] [fibonacci_action_server]: Executing goal...
[INFO] [1733659228.203199713] [fibonacci_action_server]: Feedback: array('i', [0, 1, 1])
[INFO] [1733659228.704686484] [fibonacci_action_server]: Feedback: array('i', [0, 1, 1, 2])
[INFO] [1733659229.206129308] [fibonacci_action_server]: Feedback: array('i', [0, 1, 1, 2, 3])
[INFO] [1733659229.707632671] [fibonacci_action_server]: Feedback: array('i', [0, 1, 1, 2, 3, 5])
[INFO] [1733659230.208949498] [fibonacci_action_server]: Feedback: array('i', [0, 1, 1, 2, 3, 5, 8])
[INFO] [1733659230.710372347] [fibonacci_action_server]: Feedback: array('i', [0, 1, 1, 2, 3, 5, 8, 13])
[INFO] [1733659231.212021126] [fibonacci_action_server]: Feedback: array('i', [0, 1, 1, 2, 3, 5, 8, 13, 21])
[INFO] [1733659231.713312505] [fibonacci_action_server]: Feedback: array('i', [0, 1, 1, 2, 3, 5, 8, 13, 21, 34])
[INFO] [1733659232.214782546] [fibonacci_action_server]: Feedback: array('i', [0, 1, 1, 2, 3, 5, 8, 13, 21, 34, 55])
[INFO] [1733659233.220974734] [fibonacci_action_server]: Executing goal...
[INFO] [1733659233.221591130] [fibonacci_action_server]: Feedback: array('i', [0, 1, 1])
[INFO] [1733659233.723160409] [fibonacci_action_server]: Feedback: array('i', [0, 1, 1, 2])
[INFO] [1733659234.224569102] [fibonacci_action_server]: Feedback: array('i', [0, 1, 1, 2, 3])
[INFO] [1733659234.726053448] [fibonacci_action_server]: Feedback: array('i', [0, 1, 1, 2, 3, 5])
[INFO] [1733659235.227464106] [fibonacci_action_server]: Feedback: array('i', [0, 1, 1, 2, 3, 5, 8])
[INFO] [1733659235.728287720] [fibonacci_action_server]: Feedback: array('i', [0, 1, 1, 2, 3, 5, 8, 13])
[INFO] [1733659236.229369996] [fibonacci_action_server]: Feedback: array('i', [0, 1, 1, 2, 3, 5, 8, 13, 21])
[INFO] [1733659236.730788235] [fibonacci_action_server]: Feedback: array('i', [0, 1, 1, 2, 3, 5, 8, 13, 21, 34])
[INFO] [1733659237.232274965] [fibonacci_action_server]: Feedback: array('i', [0, 1, 1, 2, 3, 5, 8, 13, 21, 34, 55])
[INFO] [1733659238.237950436] [fibonacci_action_server]: Executing goal...
[INFO] [1733659238.238360448] [fibonacci_action_server]: Feedback: array('i', [0, 1, 1])
[INFO] [1733659238.739695327] [fibonacci_action_server]: Feedback: array('i', [0, 1, 1, 2])
[INFO] [1733659239.240992711] [fibonacci_action_server]: Feedback: array('i', [0, 1, 1, 2, 3])
[INFO] [1733659239.742460282] [fibonacci_action_server]: Feedback: array('i', [0, 1, 1, 2, 3, 5])
[INFO] [1733659240.244004663] [fibonacci_action_server]: Feedback: array('i', [0, 1, 1, 2, 3, 5, 8])
[INFO] [1733659240.745457905] [fibonacci_action_server]: Feedback: array('i', [0, 1, 1, 2, 3, 5, 8, 13])
[INFO] [1733659241.246785894] [fibonacci_action_server]: Feedback: array('i', [0, 1, 1, 2, 3, 5, 8, 13, 21])
[INFO] [1733659241.748399888] [fibonacci_action_server]: Feedback: array('i', [0, 1, 1, 2, 3, 5, 8, 13, 21, 34])
[INFO] [1733659242.249629787] [fibonacci_action_server]: Feedback: array('i', [0, 1, 1, 2, 3, 5, 8, 13, 21, 34, 55])
[INFO] [1733659243.255628096] [fibonacci_action_server]: Executing goal...
[INFO] [1733659243.256219359] [fibonacci_action_server]: Feedback: array('i', [0, 1, 1])
[INFO] [1733659243.757410653] [fibonacci_action_server]: Feedback: array('i', [0, 1, 1, 2])
[INFO] [1733659244.258562412] [fibonacci_action_server]: Feedback: array('i', [0, 1, 1, 2, 3])
[INFO] [1733659244.759671340] [fibonacci_action_server]: Feedback: array('i', [0, 1, 1, 2, 3, 5])
[INFO] [1733659245.261054959] [fibonacci_action_server]: Feedback: array('i', [0, 1, 1, 2, 3, 5, 8])
[INFO] [1733659245.762677073] [fibonacci_action_server]: Feedback: array('i', [0, 1, 1, 2, 3, 5, 8, 13])
[INFO] [1733659246.264256831] [fibonacci_action_server]: Feedback: array('i', [0, 1, 1, 2, 3, 5, 8, 13, 21])
[INFO] [1733659246.765746685] [fibonacci_action_server]: Feedback: array('i', [0, 1, 1, 2, 3, 5, 8, 13, 21, 34])
[INFO] [1733659247.267260044] [fibonacci_action_server]: Feedback: array('i', [0, 1, 1, 2, 3, 5, 8, 13, 21, 34, 55])
[INFO] [1733659248.272977648] [fibonacci_action_server]: Executing goal...
[INFO] [1733659248.273569725] [fibonacci_action_server]: Feedback: array('i', [0, 1, 1])
[INFO] [1733659248.775011130] [fibonacci_action_server]: Feedback: array('i', [0, 1, 1, 2])
[INFO] [1733659249.276556818] [fibonacci_action_server]: Feedback: array('i', [0, 1, 1, 2, 3])
[INFO] [1733659249.778005408] [fibonacci_action_server]: Feedback: array('i', [0, 1, 1, 2, 3, 5])
[INFO] [1733659250.279203841] [fibonacci_action_server]: Feedback: array('i', [0, 1, 1, 2, 3, 5, 8])
[INFO] [1733659250.780320985] [fibonacci_action_server]: Feedback: array('i', [0, 1, 1, 2, 3, 5, 8, 13])
[INFO] [1733659251.281769874] [fibonacci_action_server]: Feedback: array('i', [0, 1, 1, 2, 3, 5, 8, 13, 21])
[INFO] [1733659251.782898890] [fibonacci_action_server]: Feedback: array('i', [0, 1, 1, 2, 3, 5, 8, 13, 21, 34])
[INFO] [1733659252.284427545] [fibonacci_action_server]: Feedback: array('i', [0, 1, 1, 2, 3, 5, 8, 13, 21, 34, 55])
[INFO] [1733659253.289869243] [fibonacci_action_server]: Executing goal...
[INFO] [1733659253.290376124] [fibonacci_action_server]: Feedback: array('i', [0, 1, 1])
[INFO] [1733659253.791549870] [fibonacci_action_server]: Feedback: array('i', [0, 1, 1, 2])
[INFO] [1733659254.293080396] [fibonacci_action_server]: Feedback: array('i', [0, 1, 1, 2, 3])
[INFO] [1733659254.794522846] [fibonacci_action_server]: Feedback: array('i', [0, 1, 1, 2, 3, 5])
[INFO] [1733659255.296127969] [fibonacci_action_server]: Feedback: array('i', [0, 1, 1, 2, 3, 5, 8])
[INFO] [1733659255.797518281] [fibonacci_action_server]: Feedback: array('i', [0, 1, 1, 2, 3, 5, 8, 13])
[INFO] [1733659256.298993236] [fibonacci_action_server]: Feedback: array('i', [0, 1, 1, 2, 3, 5, 8, 13, 21])
[INFO] [1733659256.800576687] [fibonacci_action_server]: Feedback: array('i', [0, 1, 1, 2, 3, 5, 8, 13, 21, 34])
[INFO] [1733659257.302075669] [fibonacci_action_server]: Feedback: array('i', [0, 1, 1, 2, 3, 5, 8, 13, 21, 34, 55])
[INFO] [1733659258.307790009] [fibonacci_action_server]: Executing goal...
[INFO] [1733659258.308241707] [fibonacci_action_server]: Feedback: array('i', [0, 1, 1])
[INFO] [1733659258.809498751] [fibonacci_action_server]: Feedback: array('i', [0, 1, 1, 2])
[INFO] [1733659259.310942865] [fibonacci_action_server]: Feedback: array('i', [0, 1, 1, 2, 3])
[INFO] [1733659259.812620072] [fibonacci_action_server]: Feedback: array('i', [0, 1, 1, 2, 3, 5])
[INFO] [1733659260.314121067] [fibonacci_action_server]: Feedback: array('i', [0, 1, 1, 2, 3, 5, 8])
[INFO] [1733659260.815601166] [fibonacci_action_server]: Feedback: array('i', [0, 1, 1, 2, 3, 5, 8, 13])
[INFO] [1733659261.316563872] [fibonacci_action_server]: Feedback: array('i', [0, 1, 1, 2, 3, 5, 8, 13, 21])
[INFO] [1733659261.817897670] [fibonacci_action_server]: Feedback: array('i', [0, 1, 1, 2, 3, 5, 8, 13, 21, 34])
[INFO] [1733659262.319099629] [fibonacci_action_server]: Feedback: array('i', [0, 1, 1, 2, 3, 5, 8, 13, 21, 34, 55])
[INFO] [1733659263.324764855] [fibonacci_action_server]: Executing goal...
[INFO] [1733659263.325303724] [fibonacci_action_server]: Feedback: array('i', [0, 1, 1])
[INFO] [1733659263.826606193] [fibonacci_action_server]: Feedback: array('i', [0, 1, 1, 2])
[INFO] [1733659264.328187006] [fibonacci_action_server]: Feedback: array('i', [0, 1, 1, 2, 3])
[INFO] [1733659264.829541869] [fibonacci_action_server]: Feedback: array('i', [0, 1, 1, 2, 3, 5])
[INFO] [1733659265.331030518] [fibonacci_action_server]: Feedback: array('i', [0, 1, 1, 2, 3, 5, 8])
[INFO] [1733659265.832467446] [fibonacci_action_server]: Feedback: array('i', [0, 1, 1, 2, 3, 5, 8, 13])
[INFO] [1733659266.333912087] [fibonacci_action_server]: Feedback: array('i', [0, 1, 1, 2, 3, 5, 8, 13, 21])
[INFO] [1733659266.835111321] [fibonacci_action_server]: Feedback: array('i', [0, 1, 1, 2, 3, 5, 8, 13, 21, 34])
[INFO] [1733659267.336609089] [fibonacci_action_server]: Feedback: array('i', [0, 1, 1, 2, 3, 5, 8, 13, 21, 34, 55])
[INFO] [1733659268.341613156] [fibonacci_action_server]: Executing goal...
[INFO] [1733659268.341979581] [fibonacci_action_server]: Feedback: array('i', [0, 1, 1])
[INFO] [1733659268.843312948] [fibonacci_action_server]: Feedback: array('i', [0, 1, 1, 2])
[INFO] [1733659269.344615901] [fibonacci_action_server]: Feedback: array('i', [0, 1, 1, 2, 3])
[INFO] [1733659269.845919423] [fibonacci_action_server]: Feedback: array('i', [0, 1, 1, 2, 3, 5])
[INFO] [1733659270.347167555] [fibonacci_action_server]: Feedback: array('i', [0, 1, 1, 2, 3, 5, 8])
[INFO] [1733659270.848187656] [fibonacci_action_server]: Feedback: array('i', [0, 1, 1, 2, 3, 5, 8, 13])
[INFO] [1733659271.349342036] [fibonacci_action_server]: Feedback: array('i', [0, 1, 1, 2, 3, 5, 8, 13, 21])
[INFO] [1733659271.850797402] [fibonacci_action_server]: Feedback: array('i', [0, 1, 1, 2, 3, 5, 8, 13, 21, 34])
[INFO] [1733659272.352106375] [fibonacci_action_server]: Feedback: array('i', [0, 1, 1, 2, 3, 5, 8, 13, 21, 34, 55])
[INFO] [1733659273.357436998] [fibonacci_action_server]: Executing goal...
[INFO] [1733659273.357879897] [fibonacci_action_server]: Feedback: array('i', [0, 1, 1])
[INFO] [1733659273.859246534] [fibonacci_action_server]: Feedback: array('i', [0, 1, 1, 2])
[INFO] [1733659274.360276084] [fibonacci_action_server]: Feedback: array('i', [0, 1, 1, 2, 3])
[INFO] [1733659274.861560023] [fibonacci_action_server]: Feedback: array('i', [0, 1, 1, 2, 3, 5])
[INFO] [1733659275.363020406] [fibonacci_action_server]: Feedback: array('i', [0, 1, 1, 2, 3, 5, 8])
[INFO] [1733659275.864351242] [fibonacci_action_server]: Feedback: array('i', [0, 1, 1, 2, 3, 5, 8, 13])
[INFO] [1733659276.365524180] [fibonacci_action_server]: Feedback: array('i', [0, 1, 1, 2, 3, 5, 8, 13, 21])
[INFO] [1733659276.866616661] [fibonacci_action_server]: Feedback: array('i', [0, 1, 1, 2, 3, 5, 8, 13, 21, 34])
[INFO] [1733659277.368125882] [fibonacci_action_server]: Feedback: array('i', [0, 1, 1, 2, 3, 5, 8, 13, 21, 34, 55])
[INFO] [1733659278.373853914] [fibonacci_action_server]: Executing goal...
[INFO] [1733659278.374297541] [fibonacci_action_server]: Feedback: array('i', [0, 1, 1])
[INFO] [1733659278.875309895] [fibonacci_action_server]: Feedback: array('i', [0, 1, 1, 2])
[INFO] [1733659279.376585822] [fibonacci_action_server]: Feedback: array('i', [0, 1, 1, 2, 3])
[INFO] [1733659279.878064058] [fibonacci_action_server]: Feedback: array('i', [0, 1, 1, 2, 3, 5])
[INFO] [1733659280.379514100] [fibonacci_action_server]: Feedback: array('i', [0, 1, 1, 2, 3, 5, 8])
[INFO] [1733659280.880641332] [fibonacci_action_server]: Feedback: array('i', [0, 1, 1, 2, 3, 5, 8, 13])
[INFO] [1733659281.382085767] [fibonacci_action_server]: Feedback: array('i', [0, 1, 1, 2, 3, 5, 8, 13, 21])
[INFO] [1733659281.883518224] [fibonacci_action_server]: Feedback: array('i', [0, 1, 1, 2, 3, 5, 8, 13, 21, 34])
[INFO] [1733659282.384944862] [fibonacci_action_server]: Feedback: array('i', [0, 1, 1, 2, 3, 5, 8, 13, 21, 34, 55])
[INFO] [1733659283.391085710] [fibonacci_action_server]: Executing goal...
[INFO] [1733659283.391496582] [fibonacci_action_server]: Feedback: array('i', [0, 1, 1])
[INFO] [1733659283.892570051] [fibonacci_action_server]: Feedback: array('i', [0, 1, 1, 2])
[INFO] [1733659284.393865608] [fibonacci_action_server]: Feedback: array('i', [0, 1, 1, 2, 3])
[INFO] [1733659284.895334337] [fibonacci_action_server]: Feedback: array('i', [0, 1, 1, 2, 3, 5])
[INFO] [1733659285.396587529] [fibonacci_action_server]: Feedback: array('i', [0, 1, 1, 2, 3, 5, 8])
[INFO] [1733659285.897939140] [fibonacci_action_server]: Feedback: array('i', [0, 1, 1, 2, 3, 5, 8, 13])
[INFO] [1733659286.399234004] [fibonacci_action_server]: Feedback: array('i', [0, 1, 1, 2, 3, 5, 8, 13, 21])
[INFO] [1733659286.900299497] [fibonacci_action_server]: Feedback: array('i', [0, 1, 1, 2, 3, 5, 8, 13, 21, 34])
[INFO] [1733659287.401568006] [fibonacci_action_server]: Feedback: array('i', [0, 1, 1, 2, 3, 5, 8, 13, 21, 34, 55])
[INFO] [1733659288.408555444] [fibonacci_action_server]: Executing goal...
[INFO] [1733659288.409169793] [fibonacci_action_server]: Feedback: array('i', [0, 1, 1])
[INFO] [1733659288.910603379] [fibonacci_action_server]: Feedback: array('i', [0, 1, 1, 2])
[INFO] [1733659289.412222828] [fibonacci_action_server]: Feedback: array('i', [0, 1, 1, 2, 3])
[INFO] [1733659289.913504748] [fibonacci_action_server]: Feedback: array('i', [0, 1, 1, 2, 3, 5])
[INFO] [1733659290.414748747] [fibonacci_action_server]: Feedback: array('i', [0, 1, 1, 2, 3, 5, 8])
[INFO] [1733659290.916204049] [fibonacci_action_server]: Feedback: array('i', [0, 1, 1, 2, 3, 5, 8, 13])
[INFO] [1733659291.417760977] [fibonacci_action_server]: Feedback: array('i', [0, 1, 1, 2, 3, 5, 8, 13, 21])
[INFO] [1733659291.919474829] [fibonacci_action_server]: Feedback: array('i', [0, 1, 1, 2, 3, 5, 8, 13, 21, 34])
[INFO] [1733659292.420584934] [fibonacci_action_server]: Feedback: array('i', [0, 1, 1, 2, 3, 5, 8, 13, 21, 34, 55])
[INFO] [1733659293.426400128] [fibonacci_action_server]: Executing goal...
[INFO] [1733659293.426788623] [fibonacci_action_server]: Feedback: array('i', [0, 1, 1])
[INFO] [1733659293.928083489] [fibonacci_action_server]: Feedback: array('i', [0, 1, 1, 2])
[INFO] [1733659294.429390353] [fibonacci_action_server]: Feedback: array('i', [0, 1, 1, 2, 3])
[INFO] [1733659294.930891321] [fibonacci_action_server]: Feedback: array('i', [0, 1, 1, 2, 3, 5])
[INFO] [1733659295.432135412] [fibonacci_action_server]: Feedback: array('i', [0, 1, 1, 2, 3, 5, 8])
[INFO] [1733659295.933277649] [fibonacci_action_server]: Feedback: array('i', [0, 1, 1, 2, 3, 5, 8, 13])
[INFO] [1733659296.434770466] [fibonacci_action_server]: Feedback: array('i', [0, 1, 1, 2, 3, 5, 8, 13, 21])
[INFO] [1733659296.936299366] [fibonacci_action_server]: Feedback: array('i', [0, 1, 1, 2, 3, 5, 8, 13, 21, 34])
[INFO] [1733659297.437612850] [fibonacci_action_server]: Feedback: array('i', [0, 1, 1, 2, 3, 5, 8, 13, 21, 34, 55])
[INFO] [1733659298.443685122] [fibonacci_action_server]: Executing goal...
[INFO] [1733659298.444079550] [fibonacci_action_server]: Feedback: array('i', [0, 1, 1])
[INFO] [1733659298.945169433] [fibonacci_action_server]: Feedback: array('i', [0, 1, 1, 2])
[INFO] [1733659299.446725878] [fibonacci_action_server]: Feedback: array('i', [0, 1, 1, 2, 3])
[INFO] [1733659299.948319288] [fibonacci_action_server]: Feedback: array('i', [0, 1, 1, 2, 3, 5])
[INFO] [1733659300.450037628] [fibonacci_action_server]: Feedback: array('i', [0, 1, 1, 2, 3, 5, 8])
[INFO] [1733659300.951213025] [fibonacci_action_server]: Feedback: array('i', [0, 1, 1, 2, 3, 5, 8, 13])
[INFO] [1733659301.452539481] [fibonacci_action_server]: Feedback: array('i', [0, 1, 1, 2, 3, 5, 8, 13, 21])
[INFO] [1733659301.953734143] [fibonacci_action_server]: Feedback: array('i', [0, 1, 1, 2, 3, 5, 8, 13, 21, 34])
[INFO] [1733659302.455211484] [fibonacci_action_server]: Feedback: array('i', [0, 1, 1, 2, 3, 5, 8, 13, 21, 34, 55])
[INFO] [1733659303.461277854] [fibonacci_action_server]: Executing goal...
[INFO] [1733659303.461657437] [fibonacci_action_server]: Feedback: array('i', [0, 1, 1])
[INFO] [1733659303.962714132] [fibonacci_action_server]: Feedback: array('i', [0, 1, 1, 2])
[INFO] [1733659304.463866017] [fibonacci_action_server]: Feedback: array('i', [0, 1, 1, 2, 3])
[INFO] [1733659304.965032915] [fibonacci_action_server]: Feedback: array('i', [0, 1, 1, 2, 3, 5])
[INFO] [1733659305.466599469] [fibonacci_action_server]: Feedback: array('i', [0, 1, 1, 2, 3, 5, 8])
[INFO] [1733659305.968137486] [fibonacci_action_server]: Feedback: array('i', [0, 1, 1, 2, 3, 5, 8, 13])
[INFO] [1733659306.469428442] [fibonacci_action_server]: Feedback: array('i', [0, 1, 1, 2, 3, 5, 8, 13, 21])
[INFO] [1733659306.970885717] [fibonacci_action_server]: Feedback: array('i', [0, 1, 1, 2, 3, 5, 8, 13, 21, 34])
[INFO] [1733659307.472443844] [fibonacci_action_server]: Feedback: array('i', [0, 1, 1, 2, 3, 5, 8, 13, 21, 34, 55])
[INFO] [1733659308.479210591] [fibonacci_action_server]: Executing goal...
[INFO] [1733659308.479869164] [fibonacci_action_server]: Feedback: array('i', [0, 1, 1])
[INFO] [1733659308.980531921] [fibonacci_action_server]: Feedback: array('i', [0, 1, 1, 2])
[INFO] [1733659309.481982548] [fibonacci_action_server]: Feedback: array('i', [0, 1, 1, 2, 3])
[INFO] [1733659309.983385934] [fibonacci_action_server]: Feedback: array('i', [0, 1, 1, 2, 3, 5])
[INFO] [1733659310.484584889] [fibonacci_action_server]: Feedback: array('i', [0, 1, 1, 2, 3, 5, 8])
[INFO] [1733659310.985769980] [fibonacci_action_server]: Feedback: array('i', [0, 1, 1, 2, 3, 5, 8, 13])
[INFO] [1733659311.487224495] [fibonacci_action_server]: Feedback: array('i', [0, 1, 1, 2, 3, 5, 8, 13, 21])
[INFO] [1733659311.988528580] [fibonacci_action_server]: Feedback: array('i', [0, 1, 1, 2, 3, 5, 8, 13, 21, 34])
[INFO] [1733659312.489978781] [fibonacci_action_server]: Feedback: array('i', [0, 1, 1, 2, 3, 5, 8, 13, 21, 34, 55])
[INFO] [1733659313.495626807] [fibonacci_action_server]: Executing goal...
[INFO] [1733659313.496029503] [fibonacci_action_server]: Feedback: array('i', [0, 1, 1])
[INFO] [1733659313.997152400] [fibonacci_action_server]: Feedback: array('i', [0, 1, 1, 2])
[INFO] [1733659314.498597754] [fibonacci_action_server]: Feedback: array('i', [0, 1, 1, 2, 3])
[INFO] [1733659315.000172955] [fibonacci_action_server]: Feedback: array('i', [0, 1, 1, 2, 3, 5])
[INFO] [1733659315.501469396] [fibonacci_action_server]: Feedback: array('i', [0, 1, 1, 2, 3, 5, 8])
[INFO] [1733659316.002924152] [fibonacci_action_server]: Feedback: array('i', [0, 1, 1, 2, 3, 5, 8, 13])
[INFO] [1733659316.504455386] [fibonacci_action_server]: Feedback: array('i', [0, 1, 1, 2, 3, 5, 8, 13, 21])
[INFO] [1733659317.005925041] [fibonacci_action_server]: Feedback: array('i', [0, 1, 1, 2, 3, 5, 8, 13, 21, 34])
[INFO] [1733659317.507570141] [fibonacci_action_server]: Feedback: array('i', [0, 1, 1, 2, 3, 5, 8, 13, 21, 34, 55])
[INFO] [1733659318.513651502] [fibonacci_action_server]: Executing goal...
[INFO] [1733659318.514102123] [fibonacci_action_server]: Feedback: array('i', [0, 1, 1])
[INFO] [1733659319.015396226] [fibonacci_action_server]: Feedback: array('i', [0, 1, 1, 2])
[INFO] [1733659319.516508894] [fibonacci_action_server]: Feedback: array('i', [0, 1, 1, 2, 3])
[INFO] [1733659320.017895760] [fibonacci_action_server]: Feedback: array('i', [0, 1, 1, 2, 3, 5])
[INFO] [1733659320.519400980] [fibonacci_action_server]: Feedback: array('i', [0, 1, 1, 2, 3, 5, 8])
[INFO] [1733659321.020618642] [fibonacci_action_server]: Feedback: array('i', [0, 1, 1, 2, 3, 5, 8, 13])
[INFO] [1733659321.521819977] [fibonacci_action_server]: Feedback: array('i', [0, 1, 1, 2, 3, 5, 8, 13, 21])
[INFO] [1733659322.022965010] [fibonacci_action_server]: Feedback: array('i', [0, 1, 1, 2, 3, 5, 8, 13, 21, 34])
[INFO] [1733659322.524105442] [fibonacci_action_server]: Feedback: array('i', [0, 1, 1, 2, 3, 5, 8, 13, 21, 34, 55])
[INFO] [1733659323.529796160] [fibonacci_action_server]: Executing goal...
[INFO] [1733659323.530193621] [fibonacci_action_server]: Feedback: array('i', [0, 1, 1])
[INFO] [1733659324.031530005] [fibonacci_action_server]: Feedback: array('i', [0, 1, 1, 2])
[INFO] [1733659324.532913941] [fibonacci_action_server]: Feedback: array('i', [0, 1, 1, 2, 3])
[INFO] [1733659325.034337863] [fibonacci_action_server]: Feedback: array('i', [0, 1, 1, 2, 3, 5])
[INFO] [1733659325.535764580] [fibonacci_action_server]: Feedback: array('i', [0, 1, 1, 2, 3, 5, 8])
[INFO] [1733659326.036458694] [fibonacci_action_server]: Feedback: array('i', [0, 1, 1, 2, 3, 5, 8, 13])
[INFO] [1733659326.537879399] [fibonacci_action_server]: Feedback: array('i', [0, 1, 1, 2, 3, 5, 8, 13, 21])
[INFO] [1733659327.039265024] [fibonacci_action_server]: Feedback: array('i', [0, 1, 1, 2, 3, 5, 8, 13, 21, 34])
[INFO] [1733659327.540575324] [fibonacci_action_server]: Feedback: array('i', [0, 1, 1, 2, 3, 5, 8, 13, 21, 34, 55])
[INFO] [1733659328.042953546] [fibonacci_action_server]: Shutting down node...
RAPL is set
