[INFO] [1733825368.045077337] [fibonacci_action_client]: Sending goal with order 10
[INFO] [1733825377.276812564] [fibonacci_action_client]: Goal accepted, waiting for result.
[INFO] [1733825377.278450685] [fibonacci_action_client]: Received feedback: array('i', [0, 1, 1])
[INFO] [1733825377.780265990] [fibonacci_action_client]: Received feedback: array('i', [0, 1, 1, 2])
[INFO] [1733825378.281710540] [fibonacci_action_client]: Received feedback: array('i', [0, 1, 1, 2, 3])
[INFO] [1733825378.783281241] [fibonacci_action_client]: Received feedback: array('i', [0, 1, 1, 2, 3, 5])
[INFO] [1733825379.284859257] [fibonacci_action_client]: Received feedback: array('i', [0, 1, 1, 2, 3, 5, 8])
[INFO] [1733825379.786338539] [fibonacci_action_client]: Received feedback: array('i', [0, 1, 1, 2, 3, 5, 8, 13])
[INFO] [1733825380.287293429] [fibonacci_action_client]: Received feedback: array('i', [0, 1, 1, 2, 3, 5, 8, 13, 21])
[INFO] [1733825380.788785545] [fibonacci_action_client]: Received feedback: array('i', [0, 1, 1, 2, 3, 5, 8, 13, 21, 34])
[INFO] [1733825381.290037370] [fibonacci_action_client]: Received feedback: array('i', [0, 1, 1, 2, 3, 5, 8, 13, 21, 34, 55])
[INFO] [1733825381.792645008] [fibonacci_action_client]: Result: array('i', [0, 1, 1, 2, 3, 5, 8, 13, 21, 34, 55])
[INFO] [1733825382.293987548] [fibonacci_action_client]: Sending goal with order 10
[INFO] [1733825390.823709238] [fibonacci_action_client]: Goal accepted, waiting for result.
[INFO] [1733825390.824803679] [fibonacci_action_client]: Received feedback: array('i', [0, 1, 1])
[INFO] [1733825391.326744777] [fibonacci_action_client]: Received feedback: array('i', [0, 1, 1, 2])
[INFO] [1733825391.828064824] [fibonacci_action_client]: Received feedback: array('i', [0, 1, 1, 2, 3])
[INFO] [1733825392.329605188] [fibonacci_action_client]: Received feedback: array('i', [0, 1, 1, 2, 3, 5])
[INFO] [1733825392.831354769] [fibonacci_action_client]: Received feedback: array('i', [0, 1, 1, 2, 3, 5, 8])
[INFO] [1733825393.332844951] [fibonacci_action_client]: Received feedback: array('i', [0, 1, 1, 2, 3, 5, 8, 13])
[INFO] [1733825393.834012829] [fibonacci_action_client]: Received feedback: array('i', [0, 1, 1, 2, 3, 5, 8, 13, 21])
[INFO] [1733825394.335210725] [fibonacci_action_client]: Received feedback: array('i', [0, 1, 1, 2, 3, 5, 8, 13, 21, 34])
[INFO] [1733825394.836778743] [fibonacci_action_client]: Received feedback: array('i', [0, 1, 1, 2, 3, 5, 8, 13, 21, 34, 55])
[INFO] [1733825395.339411891] [fibonacci_action_client]: Result: array('i', [0, 1, 1, 2, 3, 5, 8, 13, 21, 34, 55])
[INFO] [1733825395.840406943] [fibonacci_action_client]: Sending goal with order 10
[INFO] [1733825404.369677808] [fibonacci_action_client]: Goal accepted, waiting for result.
[INFO] [1733825404.370877566] [fibonacci_action_client]: Received feedback: array('i', [0, 1, 1])
[INFO] [1733825404.872553462] [fibonacci_action_client]: Received feedback: array('i', [0, 1, 1, 2])
[INFO] [1733825405.374046389] [fibonacci_action_client]: Received feedback: array('i', [0, 1, 1, 2, 3])
[INFO] [1733825405.875165376] [fibonacci_action_client]: Received feedback: array('i', [0, 1, 1, 2, 3, 5])
[INFO] [1733825406.376712757] [fibonacci_action_client]: Received feedback: array('i', [0, 1, 1, 2, 3, 5, 8])
[INFO] [1733825406.877991883] [fibonacci_action_client]: Received feedback: array('i', [0, 1, 1, 2, 3, 5, 8, 13])
[INFO] [1733825407.378844107] [fibonacci_action_client]: Received feedback: array('i', [0, 1, 1, 2, 3, 5, 8, 13, 21])
[INFO] [1733825407.879658149] [fibonacci_action_client]: Received feedback: array('i', [0, 1, 1, 2, 3, 5, 8, 13, 21, 34])
[INFO] [1733825408.381249433] [fibonacci_action_client]: Received feedback: array('i', [0, 1, 1, 2, 3, 5, 8, 13, 21, 34, 55])
[INFO] [1733825408.884244361] [fibonacci_action_client]: Result: array('i', [0, 1, 1, 2, 3, 5, 8, 13, 21, 34, 55])
[INFO] [1733825409.385620756] [fibonacci_action_client]: Sending goal with order 10
[INFO] [1733825417.913798765] [fibonacci_action_client]: Goal accepted, waiting for result.
[INFO] [1733825417.915428553] [fibonacci_action_client]: Received feedback: array('i', [0, 1, 1])
[INFO] [1733825418.417064574] [fibonacci_action_client]: Received feedback: array('i', [0, 1, 1, 2])
[INFO] [1733825418.918318704] [fibonacci_action_client]: Received feedback: array('i', [0, 1, 1, 2, 3])
[INFO] [1733825419.419752789] [fibonacci_action_client]: Received feedback: array('i', [0, 1, 1, 2, 3, 5])
[INFO] [1733825419.921204447] [fibonacci_action_client]: Received feedback: array('i', [0, 1, 1, 2, 3, 5, 8])
[INFO] [1733825420.422834476] [fibonacci_action_client]: Received feedback: array('i', [0, 1, 1, 2, 3, 5, 8, 13])
[INFO] [1733825420.924452419] [fibonacci_action_client]: Received feedback: array('i', [0, 1, 1, 2, 3, 5, 8, 13, 21])
[INFO] [1733825421.425983060] [fibonacci_action_client]: Received feedback: array('i', [0, 1, 1, 2, 3, 5, 8, 13, 21, 34])
[INFO] [1733825421.927264243] [fibonacci_action_client]: Received feedback: array('i', [0, 1, 1, 2, 3, 5, 8, 13, 21, 34, 55])
[INFO] [1733825422.430665242] [fibonacci_action_client]: Result: array('i', [0, 1, 1, 2, 3, 5, 8, 13, 21, 34, 55])
[INFO] [1733825422.931933337] [fibonacci_action_client]: Sending goal with order 10
[INFO] [1733825431.461659811] [fibonacci_action_client]: Goal accepted, waiting for result.
[INFO] [1733825431.462405915] [fibonacci_action_client]: Received feedback: array('i', [0, 1, 1])
[INFO] [1733825431.963261357] [fibonacci_action_client]: Received feedback: array('i', [0, 1, 1, 2])
[INFO] [1733825432.464793799] [fibonacci_action_client]: Received feedback: array('i', [0, 1, 1, 2, 3])
[INFO] [1733825432.966333669] [fibonacci_action_client]: Received feedback: array('i', [0, 1, 1, 2, 3, 5])
[INFO] [1733825433.467764279] [fibonacci_action_client]: Received feedback: array('i', [0, 1, 1, 2, 3, 5, 8])
[INFO] [1733825433.969217501] [fibonacci_action_client]: Received feedback: array('i', [0, 1, 1, 2, 3, 5, 8, 13])
[INFO] [1733825434.470783443] [fibonacci_action_client]: Received feedback: array('i', [0, 1, 1, 2, 3, 5, 8, 13, 21])
[INFO] [1733825434.971855131] [fibonacci_action_client]: Received feedback: array('i', [0, 1, 1, 2, 3, 5, 8, 13, 21, 34])
[INFO] [1733825435.473682427] [fibonacci_action_client]: Received feedback: array('i', [0, 1, 1, 2, 3, 5, 8, 13, 21, 34, 55])
[INFO] [1733825435.977454435] [fibonacci_action_client]: Result: array('i', [0, 1, 1, 2, 3, 5, 8, 13, 21, 34, 55])
[INFO] [1733825436.478127246] [fibonacci_action_client]: Sending goal with order 10
[INFO] [1733825445.007915119] [fibonacci_action_client]: Goal accepted, waiting for result.
[INFO] [1733825445.008706575] [fibonacci_action_client]: Received feedback: array('i', [0, 1, 1])
[INFO] [1733825445.510073654] [fibonacci_action_client]: Received feedback: array('i', [0, 1, 1, 2])
[INFO] [1733825446.010765355] [fibonacci_action_client]: Received feedback: array('i', [0, 1, 1, 2, 3])
[INFO] [1733825446.512188550] [fibonacci_action_client]: Received feedback: array('i', [0, 1, 1, 2, 3, 5])
[INFO] [1733825447.013731531] [fibonacci_action_client]: Received feedback: array('i', [0, 1, 1, 2, 3, 5, 8])
[INFO] [1733825447.515481781] [fibonacci_action_client]: Received feedback: array('i', [0, 1, 1, 2, 3, 5, 8, 13])
[INFO] [1733825448.016967673] [fibonacci_action_client]: Received feedback: array('i', [0, 1, 1, 2, 3, 5, 8, 13, 21])
[INFO] [1733825448.518469017] [fibonacci_action_client]: Received feedback: array('i', [0, 1, 1, 2, 3, 5, 8, 13, 21, 34])
[INFO] [1733825449.019136503] [fibonacci_action_client]: Received feedback: array('i', [0, 1, 1, 2, 3, 5, 8, 13, 21, 34, 55])
[INFO] [1733825449.521947728] [fibonacci_action_client]: Result: array('i', [0, 1, 1, 2, 3, 5, 8, 13, 21, 34, 55])
[INFO] [1733825450.022932329] [fibonacci_action_client]: Sending goal with order 10
[INFO] [1733825458.551879877] [fibonacci_action_client]: Goal accepted, waiting for result.
[INFO] [1733825458.553687610] [fibonacci_action_client]: Received feedback: array('i', [0, 1, 1])
[INFO] [1733825459.055078515] [fibonacci_action_client]: Received feedback: array('i', [0, 1, 1, 2])
[INFO] [1733825459.556797371] [fibonacci_action_client]: Received feedback: array('i', [0, 1, 1, 2, 3])
[INFO] [1733825460.058214576] [fibonacci_action_client]: Received feedback: array('i', [0, 1, 1, 2, 3, 5])
[INFO] [1733825460.559277386] [fibonacci_action_client]: Received feedback: array('i', [0, 1, 1, 2, 3, 5, 8])
[INFO] [1733825461.060698336] [fibonacci_action_client]: Received feedback: array('i', [0, 1, 1, 2, 3, 5, 8, 13])
[INFO] [1733825461.562015085] [fibonacci_action_client]: Received feedback: array('i', [0, 1, 1, 2, 3, 5, 8, 13, 21])
[INFO] [1733825462.063183924] [fibonacci_action_client]: Received feedback: array('i', [0, 1, 1, 2, 3, 5, 8, 13, 21, 34])
[INFO] [1733825462.564619804] [fibonacci_action_client]: Received feedback: array('i', [0, 1, 1, 2, 3, 5, 8, 13, 21, 34, 55])
[INFO] [1733825463.068135164] [fibonacci_action_client]: Result: array('i', [0, 1, 1, 2, 3, 5, 8, 13, 21, 34, 55])
[INFO] [1733825463.569114665] [fibonacci_action_client]: Sending goal with order 10
[INFO] [1733825472.098928756] [fibonacci_action_client]: Goal accepted, waiting for result.
[INFO] [1733825472.099811084] [fibonacci_action_client]: Received feedback: array('i', [0, 1, 1])
[INFO] [1733825472.600133522] [fibonacci_action_client]: Received feedback: array('i', [0, 1, 1, 2])
[INFO] [1733825473.101651635] [fibonacci_action_client]: Received feedback: array('i', [0, 1, 1, 2, 3])
[INFO] [1733825473.603117773] [fibonacci_action_client]: Received feedback: array('i', [0, 1, 1, 2, 3, 5])
[INFO] [1733825474.104597915] [fibonacci_action_client]: Received feedback: array('i', [0, 1, 1, 2, 3, 5, 8])
[INFO] [1733825474.606112578] [fibonacci_action_client]: Received feedback: array('i', [0, 1, 1, 2, 3, 5, 8, 13])
[INFO] [1733825475.106825200] [fibonacci_action_client]: Received feedback: array('i', [0, 1, 1, 2, 3, 5, 8, 13, 21])
[INFO] [1733825475.607917168] [fibonacci_action_client]: Received feedback: array('i', [0, 1, 1, 2, 3, 5, 8, 13, 21, 34])
[INFO] [1733825476.108857281] [fibonacci_action_client]: Received feedback: array('i', [0, 1, 1, 2, 3, 5, 8, 13, 21, 34, 55])
[INFO] [1733825476.612233748] [fibonacci_action_client]: Result: array('i', [0, 1, 1, 2, 3, 5, 8, 13, 21, 34, 55])
[INFO] [1733825477.113643740] [fibonacci_action_client]: Sending goal with order 10
[INFO] [1733825485.641211963] [fibonacci_action_client]: Goal accepted, waiting for result.
[INFO] [1733825485.641895193] [fibonacci_action_client]: Received feedback: array('i', [0, 1, 1])
[INFO] [1733825486.143531945] [fibonacci_action_client]: Received feedback: array('i', [0, 1, 1, 2])
[INFO] [1733825486.644938910] [fibonacci_action_client]: Received feedback: array('i', [0, 1, 1, 2, 3])
[INFO] [1733825487.145997860] [fibonacci_action_client]: Received feedback: array('i', [0, 1, 1, 2, 3, 5])
[INFO] [1733825487.646508093] [fibonacci_action_client]: Received feedback: array('i', [0, 1, 1, 2, 3, 5, 8])
[INFO] [1733825488.148030917] [fibonacci_action_client]: Received feedback: array('i', [0, 1, 1, 2, 3, 5, 8, 13])
[INFO] [1733825488.649555491] [fibonacci_action_client]: Received feedback: array('i', [0, 1, 1, 2, 3, 5, 8, 13, 21])
[INFO] [1733825489.151041821] [fibonacci_action_client]: Received feedback: array('i', [0, 1, 1, 2, 3, 5, 8, 13, 21, 34])
[INFO] [1733825489.652487013] [fibonacci_action_client]: Received feedback: array('i', [0, 1, 1, 2, 3, 5, 8, 13, 21, 34, 55])
[INFO] [1733825490.155418364] [fibonacci_action_client]: Result: array('i', [0, 1, 1, 2, 3, 5, 8, 13, 21, 34, 55])
[INFO] [1733825490.656602394] [fibonacci_action_client]: Sending goal with order 10
[INFO] [1733825499.185938592] [fibonacci_action_client]: Goal accepted, waiting for result.
[INFO] [1733825499.186758197] [fibonacci_action_client]: Received feedback: array('i', [0, 1, 1])
[INFO] [1733825499.688824390] [fibonacci_action_client]: Received feedback: array('i', [0, 1, 1, 2])
[INFO] [1733825500.190269779] [fibonacci_action_client]: Received feedback: array('i', [0, 1, 1, 2, 3])
[INFO] [1733825500.691798138] [fibonacci_action_client]: Received feedback: array('i', [0, 1, 1, 2, 3, 5])
[INFO] [1733825501.193276932] [fibonacci_action_client]: Received feedback: array('i', [0, 1, 1, 2, 3, 5, 8])
[INFO] [1733825501.694838986] [fibonacci_action_client]: Received feedback: array('i', [0, 1, 1, 2, 3, 5, 8, 13])
[INFO] [1733825502.196190023] [fibonacci_action_client]: Received feedback: array('i', [0, 1, 1, 2, 3, 5, 8, 13, 21])
[INFO] [1733825502.697587734] [fibonacci_action_client]: Received feedback: array('i', [0, 1, 1, 2, 3, 5, 8, 13, 21, 34])
[INFO] [1733825503.198958163] [fibonacci_action_client]: Received feedback: array('i', [0, 1, 1, 2, 3, 5, 8, 13, 21, 34, 55])
[INFO] [1733825503.702050023] [fibonacci_action_client]: Result: array('i', [0, 1, 1, 2, 3, 5, 8, 13, 21, 34, 55])
[INFO] [1733825504.203343433] [fibonacci_action_client]: Sending goal with order 10
[INFO] [1733825512.732565499] [fibonacci_action_client]: Goal accepted, waiting for result.
[INFO] [1733825512.733253220] [fibonacci_action_client]: Received feedback: array('i', [0, 1, 1])
[INFO] [1733825513.234803249] [fibonacci_action_client]: Received feedback: array('i', [0, 1, 1, 2])
[INFO] [1733825513.736237556] [fibonacci_action_client]: Received feedback: array('i', [0, 1, 1, 2, 3])
[INFO] [1733825514.237809298] [fibonacci_action_client]: Received feedback: array('i', [0, 1, 1, 2, 3, 5])
[INFO] [1733825514.739367115] [fibonacci_action_client]: Received feedback: array('i', [0, 1, 1, 2, 3, 5, 8])
[INFO] [1733825515.240816311] [fibonacci_action_client]: Received feedback: array('i', [0, 1, 1, 2, 3, 5, 8, 13])
[INFO] [1733825515.742157923] [fibonacci_action_client]: Received feedback: array('i', [0, 1, 1, 2, 3, 5, 8, 13, 21])
[INFO] [1733825516.243213507] [fibonacci_action_client]: Received feedback: array('i', [0, 1, 1, 2, 3, 5, 8, 13, 21, 34])
[INFO] [1733825516.744517804] [fibonacci_action_client]: Received feedback: array('i', [0, 1, 1, 2, 3, 5, 8, 13, 21, 34, 55])
[INFO] [1733825517.249202491] [fibonacci_action_client]: Result: array('i', [0, 1, 1, 2, 3, 5, 8, 13, 21, 34, 55])
[INFO] [1733825517.749787923] [fibonacci_action_client]: Sending goal with order 10
[INFO] [1733825526.277594279] [fibonacci_action_client]: Goal accepted, waiting for result.
[INFO] [1733825526.279279961] [fibonacci_action_client]: Received feedback: array('i', [0, 1, 1])
[INFO] [1733825526.781088143] [fibonacci_action_client]: Received feedback: array('i', [0, 1, 1, 2])
[INFO] [1733825527.282644421] [fibonacci_action_client]: Received feedback: array('i', [0, 1, 1, 2, 3])
[INFO] [1733825527.784054803] [fibonacci_action_client]: Received feedback: array('i', [0, 1, 1, 2, 3, 5])
[INFO] [1733825528.285890691] [fibonacci_action_client]: Received feedback: array('i', [0, 1, 1, 2, 3, 5, 8])
[INFO] [1733825528.787552062] [fibonacci_action_client]: Received feedback: array('i', [0, 1, 1, 2, 3, 5, 8, 13])
[INFO] [1733825529.288804898] [fibonacci_action_client]: Received feedback: array('i', [0, 1, 1, 2, 3, 5, 8, 13, 21])
[INFO] [1733825529.790357676] [fibonacci_action_client]: Received feedback: array('i', [0, 1, 1, 2, 3, 5, 8, 13, 21, 34])
[INFO] [1733825530.291455109] [fibonacci_action_client]: Received feedback: array('i', [0, 1, 1, 2, 3, 5, 8, 13, 21, 34, 55])
[INFO] [1733825530.796127941] [fibonacci_action_client]: Result: array('i', [0, 1, 1, 2, 3, 5, 8, 13, 21, 34, 55])
[INFO] [1733825531.297201381] [fibonacci_action_client]: Sending goal with order 10
[INFO] [1733825539.823318285] [fibonacci_action_client]: Goal accepted, waiting for result.
[INFO] [1733825539.823995463] [fibonacci_action_client]: Received feedback: array('i', [0, 1, 1])
[INFO] [1733825540.325132217] [fibonacci_action_client]: Received feedback: array('i', [0, 1, 1, 2])
[INFO] [1733825540.826765973] [fibonacci_action_client]: Received feedback: array('i', [0, 1, 1, 2, 3])
[INFO] [1733825541.327772424] [fibonacci_action_client]: Received feedback: array('i', [0, 1, 1, 2, 3, 5])
[INFO] [1733825541.829506908] [fibonacci_action_client]: Received feedback: array('i', [0, 1, 1, 2, 3, 5, 8])
[INFO] [1733825542.330848416] [fibonacci_action_client]: Received feedback: array('i', [0, 1, 1, 2, 3, 5, 8, 13])
[INFO] [1733825542.832327868] [fibonacci_action_client]: Received feedback: array('i', [0, 1, 1, 2, 3, 5, 8, 13, 21])
[INFO] [1733825543.333432995] [fibonacci_action_client]: Received feedback: array('i', [0, 1, 1, 2, 3, 5, 8, 13, 21, 34])
[INFO] [1733825543.834755749] [fibonacci_action_client]: Received feedback: array('i', [0, 1, 1, 2, 3, 5, 8, 13, 21, 34, 55])
[INFO] [1733825544.339407372] [fibonacci_action_client]: Result: array('i', [0, 1, 1, 2, 3, 5, 8, 13, 21, 34, 55])
[INFO] [1733825544.840574090] [fibonacci_action_client]: Sending goal with order 10
[INFO] [1733825548.852899040] [fibonacci_action_client]: Goal accepted, waiting for result.
[INFO] [1733825544.338516238] [fibonacci_action_client]: Received feedback: array('i', [0, 1, 1])
[INFO] [1733825544.839713218] [fibonacci_action_client]: Received feedback: array('i', [0, 1, 1, 2])
[INFO] [1733825545.341526634] [fibonacci_action_client]: Received feedback: array('i', [0, 1, 1, 2, 3])
[INFO] [1733825545.843019947] [fibonacci_action_client]: Received feedback: array('i', [0, 1, 1, 2, 3, 5])
[INFO] [1733825546.344506474] [fibonacci_action_client]: Received feedback: array('i', [0, 1, 1, 2, 3, 5, 8])
[INFO] [1733825546.846004280] [fibonacci_action_client]: Received feedback: array('i', [0, 1, 1, 2, 3, 5, 8, 13])
[INFO] [1733825547.347068667] [fibonacci_action_client]: Received feedback: array('i', [0, 1, 1, 2, 3, 5, 8, 13, 21])
[INFO] [1733825547.848365641] [fibonacci_action_client]: Received feedback: array('i', [0, 1, 1, 2, 3, 5, 8, 13, 21, 34])
[INFO] [1733825548.349697910] [fibonacci_action_client]: Received feedback: array('i', [0, 1, 1, 2, 3, 5, 8, 13, 21, 34, 55])
