[INFO] [1733941704.170737998] [fibonacci_action_server]: Received goal request with order 10
[INFO] [1733941704.170958445] [fibonacci_action_server]: Executing goal...
[INFO] [1733941704.170985579] [fibonacci_action_server]: Received goal request with order 10
[INFO] [1733941704.171048230] [fibonacci_action_server]: Feedback: [1]
[INFO] [1733941704.171132460] [fibonacci_action_server]: Executing goal...
[INFO] [1733941704.171182509] [fibonacci_action_server]: Feedback: [1]
[INFO] [1733941704.189479632] [fibonacci_action_server]: Received goal request with order 10
[INFO] [1733941704.189638013] [fibonacci_action_server]: Executing goal...
[INFO] [1733941704.189717736] [fibonacci_action_server]: Feedback: [1]
[INFO] [1733941704.671241080] [fibonacci_action_server]: Feedback: [2]
[INFO] [1733941704.671283688] [fibonacci_action_server]: Feedback: [2]
[INFO] [1733941704.689897824] [fibonacci_action_server]: Feedback: [2]
[INFO] [1733941705.171459681] [fibonacci_action_server]: Feedback: [3]
[INFO] [1733941705.171480106] [fibonacci_action_server]: Feedback: [3]
[INFO] [1733941705.190066969] [fibonacci_action_server]: Feedback: [3]
[INFO] [1733941705.671677081] [fibonacci_action_server]: Feedback: [5]
[INFO] [1733941705.671746829] [fibonacci_action_server]: Feedback: [5]
[INFO] [1733941705.690232871] [fibonacci_action_server]: Feedback: [5]
[INFO] [1733941706.171845197] [fibonacci_action_server]: Feedback: [8]
[INFO] [1733941706.171868471] [fibonacci_action_server]: Feedback: [8]
[INFO] [1733941706.190568409] [fibonacci_action_server]: Feedback: [8]
[INFO] [1733941706.672090293] [fibonacci_action_server]: Feedback: [13]
[INFO] [1733941706.672118633] [fibonacci_action_server]: Feedback: [13]
[INFO] [1733941706.690852635] [fibonacci_action_server]: Feedback: [13]
[INFO] [1733941707.172346970] [fibonacci_action_server]: Feedback: [21]
[INFO] [1733941707.172375854] [fibonacci_action_server]: Feedback: [21]
[INFO] [1733941707.191075339] [fibonacci_action_server]: Feedback: [21]
[INFO] [1733941707.672605595] [fibonacci_action_server]: Feedback: [34]
[INFO] [1733941707.672648454] [fibonacci_action_server]: Feedback: [34]
[INFO] [1733941707.691351930] [fibonacci_action_server]: Feedback: [34]
[INFO] [1733941708.172868724] [fibonacci_action_server]: Feedback: [55]
[INFO] [1733941708.172924158] [fibonacci_action_server]: Feedback: [55]
[INFO] [1733941708.191715234] [fibonacci_action_server]: Feedback: [55]
[INFO] [1733941708.673193285] [fibonacci_action_server]: Goal succeeded
[INFO] [1733941708.673267961] [fibonacci_action_server]: Goal succeeded
[INFO] [1733941708.692019582] [fibonacci_action_server]: Goal succeeded
[INFO] [1733941708.985433015] [fibonacci_action_server]: Received goal request with order 10
[INFO] [1733941708.985552615] [fibonacci_action_server]: Executing goal...
[INFO] [1733941708.985618804] [fibonacci_action_server]: Feedback: [1]
[INFO] [1733941709.085761084] [fibonacci_action_server]: Received goal request with order 10
[INFO] [1733941709.085954030] [fibonacci_action_server]: Executing goal...
[INFO] [1733941709.086022446] [fibonacci_action_server]: Feedback: [1]
[INFO] [1733941709.486105067] [fibonacci_action_server]: Feedback: [2]
[INFO] [1733941709.586391482] [fibonacci_action_server]: Feedback: [2]
[INFO] [1733941709.805882406] [fibonacci_action_server]: Received goal request with order 10
[INFO] [1733941709.806085858] [fibonacci_action_server]: Executing goal...
[INFO] [1733941709.806147185] [fibonacci_action_server]: Feedback: [1]
[INFO] [1733941709.986657489] [fibonacci_action_server]: Feedback: [3]
[INFO] [1733941710.086974055] [fibonacci_action_server]: Feedback: [3]
[INFO] [1733941710.306560019] [fibonacci_action_server]: Feedback: [2]
[INFO] [1733941710.487218271] [fibonacci_action_server]: Feedback: [5]
[INFO] [1733941710.587271078] [fibonacci_action_server]: Feedback: [5]
[INFO] [1733941710.807041112] [fibonacci_action_server]: Feedback: [3]
[INFO] [1733941710.987456438] [fibonacci_action_server]: Feedback: [8]
[INFO] [1733941711.087796078] [fibonacci_action_server]: Feedback: [8]
[INFO] [1733941711.307263500] [fibonacci_action_server]: Feedback: [5]
[INFO] [1733941711.487678288] [fibonacci_action_server]: Feedback: [13]
[INFO] [1733941711.588012242] [fibonacci_action_server]: Feedback: [13]
[INFO] [1733941711.807545429] [fibonacci_action_server]: Feedback: [8]
[INFO] [1733941711.987907057] [fibonacci_action_server]: Feedback: [21]
[INFO] [1733941712.088369779] [fibonacci_action_server]: Feedback: [21]
[INFO] [1733941712.307715878] [fibonacci_action_server]: Feedback: [13]
[INFO] [1733941712.488136493] [fibonacci_action_server]: Feedback: [34]
[INFO] [1733941712.588745461] [fibonacci_action_server]: Feedback: [34]
[INFO] [1733941712.808049926] [fibonacci_action_server]: Feedback: [21]
[INFO] [1733941712.988581315] [fibonacci_action_server]: Feedback: [55]
[INFO] [1733941713.088998463] [fibonacci_action_server]: Feedback: [55]
[INFO] [1733941713.308424249] [fibonacci_action_server]: Feedback: [34]
[INFO] [1733941713.488986303] [fibonacci_action_server]: Goal succeeded
[INFO] [1733941713.589253427] [fibonacci_action_server]: Goal succeeded
[INFO] [1733941713.798956626] [fibonacci_action_server]: Received goal request with order 10
[INFO] [1733941713.799111448] [fibonacci_action_server]: Executing goal...
[INFO] [1733941713.799180973] [fibonacci_action_server]: Feedback: [1]
[INFO] [1733941713.808751962] [fibonacci_action_server]: Feedback: [55]
[INFO] [1733941713.899256746] [fibonacci_action_server]: Received goal request with order 10
[INFO] [1733941713.899408288] [fibonacci_action_server]: Executing goal...
[INFO] [1733941713.899472227] [fibonacci_action_server]: Feedback: [1]
[INFO] [1733941714.299340231] [fibonacci_action_server]: Feedback: [2]
[INFO] [1733941714.309321505] [fibonacci_action_server]: Goal succeeded
[INFO] [1733941714.399850374] [fibonacci_action_server]: Feedback: [2]
[INFO] [1733941714.799592746] [fibonacci_action_server]: Feedback: [3]
[INFO] [1733941714.900024131] [fibonacci_action_server]: Feedback: [3]
[INFO] [1733941715.121072335] [fibonacci_action_server]: Received goal request with order 10
[INFO] [1733941715.121262111] [fibonacci_action_server]: Executing goal...
[INFO] [1733941715.121350964] [fibonacci_action_server]: Feedback: [1]
[INFO] [1733941715.299857337] [fibonacci_action_server]: Feedback: [5]
[INFO] [1733941715.400381315] [fibonacci_action_server]: Feedback: [5]
[INFO] [1733941715.621773695] [fibonacci_action_server]: Feedback: [2]
[INFO] [1733941715.800217031] [fibonacci_action_server]: Feedback: [8]
[INFO] [1733941715.900730931] [fibonacci_action_server]: Feedback: [8]
[INFO] [1733941716.122056662] [fibonacci_action_server]: Feedback: [3]
[INFO] [1733941716.300574315] [fibonacci_action_server]: Feedback: [13]
[INFO] [1733941716.401077177] [fibonacci_action_server]: Feedback: [13]
[INFO] [1733941716.622391162] [fibonacci_action_server]: Feedback: [5]
[INFO] [1733941716.800971655] [fibonacci_action_server]: Feedback: [21]
[INFO] [1733941716.901294944] [fibonacci_action_server]: Feedback: [21]
[INFO] [1733941717.122589177] [fibonacci_action_server]: Feedback: [8]
[INFO] [1733941717.301228548] [fibonacci_action_server]: Feedback: [34]
[INFO] [1733941717.401454484] [fibonacci_action_server]: Feedback: [34]
[INFO] [1733941717.622906308] [fibonacci_action_server]: Feedback: [13]
[INFO] [1733941717.801455395] [fibonacci_action_server]: Feedback: [55]
[INFO] [1733941717.901802826] [fibonacci_action_server]: Feedback: [55]
[INFO] [1733941718.123494717] [fibonacci_action_server]: Feedback: [21]
[INFO] [1733941718.301858205] [fibonacci_action_server]: Goal succeeded
[INFO] [1733941718.402052650] [fibonacci_action_server]: Goal succeeded
[INFO] [1733941718.612318446] [fibonacci_action_server]: Received goal request with order 10
[INFO] [1733941718.612434615] [fibonacci_action_server]: Executing goal...
[INFO] [1733941718.612504120] [fibonacci_action_server]: Feedback: [1]
[INFO] [1733941718.624004641] [fibonacci_action_server]: Feedback: [34]
[INFO] [1733941718.712535627] [fibonacci_action_server]: Received goal request with order 10
[INFO] [1733941718.712671185] [fibonacci_action_server]: Executing goal...
[INFO] [1733941718.712762172] [fibonacci_action_server]: Feedback: [1]
[INFO] [1733941719.112783739] [fibonacci_action_server]: Feedback: [2]
[INFO] [1733941719.124329237] [fibonacci_action_server]: Feedback: [55]
[INFO] [1733941719.212932797] [fibonacci_action_server]: Feedback: [2]
[INFO] [1733941719.612992813] [fibonacci_action_server]: Feedback: [3]
[INFO] [1733941719.624570155] [fibonacci_action_server]: Goal succeeded
[INFO] [1733941719.713339449] [fibonacci_action_server]: Feedback: [3]
[INFO] [1733941720.033909001] [fibonacci_action_server]: Received goal request with order 10
[INFO] [1733941720.034109228] [fibonacci_action_server]: Executing goal...
[INFO] [1733941720.034166196] [fibonacci_action_server]: Feedback: [1]
[INFO] [1733941720.113198758] [fibonacci_action_server]: Feedback: [5]
[INFO] [1733941720.213672145] [fibonacci_action_server]: Feedback: [5]
[INFO] [1733941720.534330153] [fibonacci_action_server]: Feedback: [2]
[INFO] [1733941720.613369954] [fibonacci_action_server]: Feedback: [8]
[INFO] [1733941720.713916247] [fibonacci_action_server]: Feedback: [8]
[INFO] [1733941721.034745706] [fibonacci_action_server]: Feedback: [3]
[INFO] [1733941721.113642601] [fibonacci_action_server]: Feedback: [13]
[INFO] [1733941721.214230356] [fibonacci_action_server]: Feedback: [13]
[INFO] [1733941721.535099330] [fibonacci_action_server]: Feedback: [5]
[INFO] [1733941721.614043214] [fibonacci_action_server]: Feedback: [21]
[INFO] [1733941721.714499738] [fibonacci_action_server]: Feedback: [21]
[INFO] [1733941722.035532536] [fibonacci_action_server]: Feedback: [8]
[INFO] [1733941722.114419461] [fibonacci_action_server]: Feedback: [34]
[INFO] [1733941722.214728792] [fibonacci_action_server]: Feedback: [34]
[INFO] [1733941722.535813162] [fibonacci_action_server]: Feedback: [13]
[INFO] [1733941722.614781808] [fibonacci_action_server]: Feedback: [55]
[INFO] [1733941722.714894528] [fibonacci_action_server]: Feedback: [55]
[INFO] [1733941723.036049251] [fibonacci_action_server]: Feedback: [21]
[INFO] [1733941723.115336662] [fibonacci_action_server]: Goal succeeded
[INFO] [1733941723.215134009] [fibonacci_action_server]: Goal succeeded
[INFO] [1733941723.426121642] [fibonacci_action_server]: Received goal request with order 10
[INFO] [1733941723.426255744] [fibonacci_action_server]: Executing goal...
[INFO] [1733941723.426314818] [fibonacci_action_server]: Feedback: [1]
[INFO] [1733941723.525431218] [fibonacci_action_server]: Received goal request with order 10
[INFO] [1733941723.525692829] [fibonacci_action_server]: Executing goal...
[INFO] [1733941723.525809086] [fibonacci_action_server]: Feedback: [1]
[INFO] [1733941723.536396540] [fibonacci_action_server]: Feedback: [34]
[INFO] [1733941723.926461903] [fibonacci_action_server]: Feedback: [2]
[INFO] [1733941724.026261567] [fibonacci_action_server]: Feedback: [2]
[INFO] [1733941724.036808096] [fibonacci_action_server]: Feedback: [55]
[INFO] [1733941724.426691857] [fibonacci_action_server]: Feedback: [3]
[INFO] [1733941724.526622343] [fibonacci_action_server]: Feedback: [3]
[INFO] [1733941724.537284663] [fibonacci_action_server]: Goal succeeded
[INFO] [1733941724.847738472] [fibonacci_action_server]: Received goal request with order 10
[INFO] [1733941724.848065774] [fibonacci_action_server]: Executing goal...
[INFO] [1733941724.848194710] [fibonacci_action_server]: Feedback: [1]
[INFO] [1733941724.927107323] [fibonacci_action_server]: Feedback: [5]
[INFO] [1733941725.026825124] [fibonacci_action_server]: Feedback: [5]
[INFO] [1733941725.348548895] [fibonacci_action_server]: Feedback: [2]
[INFO] [1733941725.427383363] [fibonacci_action_server]: Feedback: [8]
[INFO] [1733941725.527251189] [fibonacci_action_server]: Feedback: [8]
[INFO] [1733941725.849076317] [fibonacci_action_server]: Feedback: [3]
[INFO] [1733941725.927760231] [fibonacci_action_server]: Feedback: [13]
[INFO] [1733941726.027515561] [fibonacci_action_server]: Feedback: [13]
[INFO] [1733941726.349430795] [fibonacci_action_server]: Feedback: [5]
[INFO] [1733941726.428114952] [fibonacci_action_server]: Feedback: [21]
[INFO] [1733941726.527937973] [fibonacci_action_server]: Feedback: [21]
[INFO] [1733941726.849776287] [fibonacci_action_server]: Feedback: [8]
[INFO] [1733941726.928600111] [fibonacci_action_server]: Feedback: [34]
[INFO] [1733941727.028424947] [fibonacci_action_server]: Feedback: [34]
[INFO] [1733941727.350184120] [fibonacci_action_server]: Feedback: [13]
[INFO] [1733941727.429036104] [fibonacci_action_server]: Feedback: [55]
[INFO] [1733941727.529132303] [fibonacci_action_server]: Feedback: [55]
[INFO] [1733941727.850664791] [fibonacci_action_server]: Feedback: [21]
[INFO] [1733941727.929342087] [fibonacci_action_server]: Goal succeeded
[INFO] [1733941728.029517374] [fibonacci_action_server]: Goal succeeded
[INFO] [1733941728.238994139] [fibonacci_action_server]: Received goal request with order 10
[INFO] [1733941728.239123619] [fibonacci_action_server]: Executing goal...
[INFO] [1733941728.239207789] [fibonacci_action_server]: Feedback: [1]
[INFO] [1733941728.339402312] [fibonacci_action_server]: Received goal request with order 10
[INFO] [1733941728.339772593] [fibonacci_action_server]: Executing goal...
[INFO] [1733941728.339851710] [fibonacci_action_server]: Feedback: [1]
[INFO] [1733941728.350941318] [fibonacci_action_server]: Feedback: [34]
[INFO] [1733941728.739513376] [fibonacci_action_server]: Feedback: [2]
[INFO] [1733941728.840003511] [fibonacci_action_server]: Feedback: [2]
[INFO] [1733941728.851163591] [fibonacci_action_server]: Feedback: [55]
[INFO] [1733941729.239787832] [fibonacci_action_server]: Feedback: [3]
[INFO] [1733941729.340230509] [fibonacci_action_server]: Feedback: [3]
[INFO] [1733941729.351429793] [fibonacci_action_server]: Goal succeeded
[INFO] [1733941729.662568953] [fibonacci_action_server]: Received goal request with order 10
[INFO] [1733941729.662783379] [fibonacci_action_server]: Executing goal...
[INFO] [1733941729.662893410] [fibonacci_action_server]: Feedback: [1]
[INFO] [1733941729.739990159] [fibonacci_action_server]: Feedback: [5]
[INFO] [1733941729.840560267] [fibonacci_action_server]: Feedback: [5]
[INFO] [1733941730.163089833] [fibonacci_action_server]: Feedback: [2]
[INFO] [1733941730.240186871] [fibonacci_action_server]: Feedback: [8]
[INFO] [1733941730.340847802] [fibonacci_action_server]: Feedback: [8]
[INFO] [1733941730.663323563] [fibonacci_action_server]: Feedback: [3]
[INFO] [1733941730.740399073] [fibonacci_action_server]: Feedback: [13]
[INFO] [1733941730.841205341] [fibonacci_action_server]: Feedback: [13]
[INFO] [1733941731.163558904] [fibonacci_action_server]: Feedback: [5]
[INFO] [1733941731.240643652] [fibonacci_action_server]: Feedback: [21]
[INFO] [1733941731.341397429] [fibonacci_action_server]: Feedback: [21]
[INFO] [1733941731.663726840] [fibonacci_action_server]: Feedback: [8]
[INFO] [1733941731.740946158] [fibonacci_action_server]: Feedback: [34]
[INFO] [1733941731.841596717] [fibonacci_action_server]: Feedback: [34]
[INFO] [1733941732.163944239] [fibonacci_action_server]: Feedback: [13]
[INFO] [1733941732.241191019] [fibonacci_action_server]: Feedback: [55]
[INFO] [1733941732.341835365] [fibonacci_action_server]: Feedback: [55]
[INFO] [1733941732.664190930] [fibonacci_action_server]: Feedback: [21]
[INFO] [1733941732.741511462] [fibonacci_action_server]: Goal succeeded
[INFO] [1733941732.842122929] [fibonacci_action_server]: Goal succeeded
[INFO] [1733941733.052694119] [fibonacci_action_server]: Received goal request with order 10
[INFO] [1733941733.052815061] [fibonacci_action_server]: Executing goal...
[INFO] [1733941733.052864970] [fibonacci_action_server]: Feedback: [1]
[INFO] [1733941733.153001783] [fibonacci_action_server]: Received goal request with order 10
[INFO] [1733941733.153235679] [fibonacci_action_server]: Executing goal...
[INFO] [1733941733.153391870] [fibonacci_action_server]: Feedback: [1]
[INFO] [1733941733.164525557] [fibonacci_action_server]: Feedback: [34]
[INFO] [1733941733.553060508] [fibonacci_action_server]: Feedback: [2]
[INFO] [1733941733.653605068] [fibonacci_action_server]: Feedback: [2]
[INFO] [1733941733.664763121] [fibonacci_action_server]: Feedback: [55]
[INFO] [1733941734.053281525] [fibonacci_action_server]: Feedback: [3]
[INFO] [1733941734.153851357] [fibonacci_action_server]: Feedback: [3]
[INFO] [1733941734.165085720] [fibonacci_action_server]: Goal succeeded
[INFO] [1733941734.475735069] [fibonacci_action_server]: Received goal request with order 10
[INFO] [1733941734.475858613] [fibonacci_action_server]: Executing goal...
[INFO] [1733941734.475926334] [fibonacci_action_server]: Feedback: [1]
[INFO] [1733941734.553488417] [fibonacci_action_server]: Feedback: [5]
[INFO] [1733941734.654061694] [fibonacci_action_server]: Feedback: [5]
[INFO] [1733941734.976218372] [fibonacci_action_server]: Feedback: [2]
[INFO] [1733941735.053710044] [fibonacci_action_server]: Feedback: [8]
[INFO] [1733941735.154279818] [fibonacci_action_server]: Feedback: [8]
[INFO] [1733941735.476449100] [fibonacci_action_server]: Feedback: [3]
[INFO] [1733941735.553951014] [fibonacci_action_server]: Feedback: [13]
[INFO] [1733941735.654498582] [fibonacci_action_server]: Feedback: [13]
[INFO] [1733941735.976676000] [fibonacci_action_server]: Feedback: [5]
[INFO] [1733941736.054398594] [fibonacci_action_server]: Feedback: [21]
[INFO] [1733941736.154846020] [fibonacci_action_server]: Feedback: [21]
[INFO] [1733941736.476877979] [fibonacci_action_server]: Feedback: [8]
[INFO] [1733941736.554664007] [fibonacci_action_server]: Feedback: [34]
[INFO] [1733941736.655189194] [fibonacci_action_server]: Feedback: [34]
[INFO] [1733941736.977213130] [fibonacci_action_server]: Feedback: [13]
[INFO] [1733941737.054993104] [fibonacci_action_server]: Feedback: [55]
[INFO] [1733941737.155723959] [fibonacci_action_server]: Feedback: [55]
[INFO] [1733941737.477486489] [fibonacci_action_server]: Feedback: [21]
[INFO] [1733941737.555474735] [fibonacci_action_server]: Goal succeeded
[INFO] [1733941737.655988328] [fibonacci_action_server]: Goal succeeded
[INFO] [1733941737.867132844] [fibonacci_action_server]: Received goal request with order 10
[INFO] [1733941737.867360332] [fibonacci_action_server]: Executing goal...
[INFO] [1733941737.867423787] [fibonacci_action_server]: Feedback: [1]
[INFO] [1733941737.977952860] [fibonacci_action_server]: Feedback: [34]
[INFO] [1733941738.367955072] [fibonacci_action_server]: Feedback: [2]
[INFO] [1733941738.374096925] [fibonacci_action_server]: Received goal request with order 10
[INFO] [1733941738.379588672] [fibonacci_action_server]: Executing goal...
[INFO] [1733941738.380283661] [fibonacci_action_server]: Feedback: [1]
[INFO] [1733941738.478197424] [fibonacci_action_server]: Feedback: [55]
[INFO] [1733941738.868357200] [fibonacci_action_server]: Feedback: [3]
[INFO] [1733941738.880570837] [fibonacci_action_server]: Feedback: [2]
[INFO] [1733941738.978513297] [fibonacci_action_server]: Goal succeeded
[INFO] [1733941739.291085543] [fibonacci_action_server]: Received goal request with order 10
[INFO] [1733941739.291216756] [fibonacci_action_server]: Executing goal...
[INFO] [1733941739.291272297] [fibonacci_action_server]: Feedback: [1]
[INFO] [1733941739.368716167] [fibonacci_action_server]: Feedback: [5]
[INFO] [1733941739.380779370] [fibonacci_action_server]: Feedback: [3]
[INFO] [1733941739.791451768] [fibonacci_action_server]: Feedback: [2]
[INFO] [1733941739.869240508] [fibonacci_action_server]: Feedback: [8]
[INFO] [1733941739.881138349] [fibonacci_action_server]: Feedback: [5]
[INFO] [1733941740.291663805] [fibonacci_action_server]: Feedback: [3]
[INFO] [1733941740.369731230] [fibonacci_action_server]: Feedback: [13]
[INFO] [1733941740.381526116] [fibonacci_action_server]: Feedback: [8]
[INFO] [1733941740.791854447] [fibonacci_action_server]: Feedback: [5]
[INFO] [1733941740.869917100] [fibonacci_action_server]: Feedback: [21]
[INFO] [1733941740.881745201] [fibonacci_action_server]: Feedback: [13]
[INFO] [1733941741.292046093] [fibonacci_action_server]: Feedback: [8]
[INFO] [1733941741.370334553] [fibonacci_action_server]: Feedback: [34]
[INFO] [1733941741.382170761] [fibonacci_action_server]: Feedback: [21]
[INFO] [1733941741.792245449] [fibonacci_action_server]: Feedback: [13]
[INFO] [1733941741.870757735] [fibonacci_action_server]: Feedback: [55]
[INFO] [1733941741.882536087] [fibonacci_action_server]: Feedback: [34]
[INFO] [1733941742.292439174] [fibonacci_action_server]: Feedback: [21]
[INFO] [1733941742.371067742] [fibonacci_action_server]: Goal succeeded
[INFO] [1733941742.382970521] [fibonacci_action_server]: Feedback: [55]
[INFO] [1733941742.781607646] [fibonacci_action_server]: Received goal request with order 10
[INFO] [1733941742.781791602] [fibonacci_action_server]: Executing goal...
[INFO] [1733941742.781888379] [fibonacci_action_server]: Feedback: [1]
[INFO] [1733941742.792704563] [fibonacci_action_server]: Feedback: [34]
[INFO] [1733941742.883413614] [fibonacci_action_server]: Goal succeeded
[INFO] [1733941743.282103956] [fibonacci_action_server]: Feedback: [2]
[INFO] [1733941743.288760315] [fibonacci_action_server]: Received goal request with order 10
[INFO] [1733941743.288925467] [fibonacci_action_server]: Executing goal...
[INFO] [1733941743.288982198] [fibonacci_action_server]: Feedback: [1]
[INFO] [1733941743.292897669] [fibonacci_action_server]: Feedback: [55]
[INFO] [1733941743.782591761] [fibonacci_action_server]: Feedback: [3]
[INFO] [1733941743.789153013] [fibonacci_action_server]: Feedback: [2]
[INFO] [1733941743.793185470] [fibonacci_action_server]: Goal succeeded
[INFO] [1733941744.205178951] [fibonacci_action_server]: Received goal request with order 10
[INFO] [1733941744.205369696] [fibonacci_action_server]: Executing goal...
[INFO] [1733941744.205476867] [fibonacci_action_server]: Feedback: [1]
[INFO] [1733941744.282966249] [fibonacci_action_server]: Feedback: [5]
[INFO] [1733941744.289379980] [fibonacci_action_server]: Feedback: [3]
[INFO] [1733941744.705715796] [fibonacci_action_server]: Feedback: [2]
[INFO] [1733941744.783653480] [fibonacci_action_server]: Feedback: [8]
[INFO] [1733941744.789631476] [fibonacci_action_server]: Feedback: [5]
[INFO] [1733941745.206176455] [fibonacci_action_server]: Feedback: [3]
[INFO] [1733941745.283879149] [fibonacci_action_server]: Feedback: [13]
[INFO] [1733941745.289853650] [fibonacci_action_server]: Feedback: [8]
[INFO] [1733941745.706539417] [fibonacci_action_server]: Feedback: [5]
[INFO] [1733941745.784196302] [fibonacci_action_server]: Feedback: [21]
[INFO] [1733941745.790352274] [fibonacci_action_server]: Feedback: [13]
[INFO] [1733941746.206772278] [fibonacci_action_server]: Feedback: [8]
[INFO] [1733941746.284587002] [fibonacci_action_server]: Feedback: [34]
[INFO] [1733941746.290640284] [fibonacci_action_server]: Feedback: [21]
[INFO] [1733941746.707002909] [fibonacci_action_server]: Feedback: [13]
[INFO] [1733941746.784865927] [fibonacci_action_server]: Feedback: [55]
[INFO] [1733941746.790905148] [fibonacci_action_server]: Feedback: [34]
[INFO] [1733941747.207240111] [fibonacci_action_server]: Feedback: [21]
[INFO] [1733941747.285429373] [fibonacci_action_server]: Goal succeeded
[INFO] [1733941747.291264556] [fibonacci_action_server]: Feedback: [55]
[INFO] [1733941747.696679656] [fibonacci_action_server]: Received goal request with order 10
[INFO] [1733941747.696947893] [fibonacci_action_server]: Executing goal...
[INFO] [1733941747.697027334] [fibonacci_action_server]: Feedback: [1]
[INFO] [1733941747.707544832] [fibonacci_action_server]: Feedback: [34]
[INFO] [1733941747.791518652] [fibonacci_action_server]: Goal succeeded
[INFO] [1733941748.197406712] [fibonacci_action_server]: Feedback: [2]
[INFO] [1733941748.204795979] [fibonacci_action_server]: Received goal request with order 10
[INFO] [1733941748.205025193] [fibonacci_action_server]: Executing goal...
[INFO] [1733941748.205081848] [fibonacci_action_server]: Feedback: [1]
[INFO] [1733941748.207712084] [fibonacci_action_server]: Feedback: [55]
[INFO] [1733941748.697722714] [fibonacci_action_server]: Feedback: [3]
[INFO] [1733941748.705335117] [fibonacci_action_server]: Feedback: [2]
[INFO] [1733941748.707859071] [fibonacci_action_server]: Goal succeeded
[INFO] [1733941749.120015555] [fibonacci_action_server]: Received goal request with order 10
[INFO] [1733941749.120186481] [fibonacci_action_server]: Executing goal...
[INFO] [1733941749.120254965] [fibonacci_action_server]: Feedback: [1]
[INFO] [1733941749.197969379] [fibonacci_action_server]: Feedback: [5]
[INFO] [1733941749.205510280] [fibonacci_action_server]: Feedback: [3]
[INFO] [1733941749.620544294] [fibonacci_action_server]: Feedback: [2]
[INFO] [1733941749.698148709] [fibonacci_action_server]: Feedback: [8]
[INFO] [1733941749.705988861] [fibonacci_action_server]: Feedback: [5]
[INFO] [1733941750.120783785] [fibonacci_action_server]: Feedback: [3]
[INFO] [1733941750.198584176] [fibonacci_action_server]: Feedback: [13]
[INFO] [1733941750.206423473] [fibonacci_action_server]: Feedback: [8]
[INFO] [1733941750.621143438] [fibonacci_action_server]: Feedback: [5]
[INFO] [1733941750.698798712] [fibonacci_action_server]: Feedback: [21]
[INFO] [1733941750.706735876] [fibonacci_action_server]: Feedback: [13]
[INFO] [1733941751.121336893] [fibonacci_action_server]: Feedback: [8]
[INFO] [1733941751.199162490] [fibonacci_action_server]: Feedback: [34]
[INFO] [1733941751.207077631] [fibonacci_action_server]: Feedback: [21]
[INFO] [1733941751.621580268] [fibonacci_action_server]: Feedback: [13]
[INFO] [1733941751.699462144] [fibonacci_action_server]: Feedback: [55]
[INFO] [1733941751.707272340] [fibonacci_action_server]: Feedback: [34]
[INFO] [1733941752.121809796] [fibonacci_action_server]: Feedback: [21]
[INFO] [1733941752.199960541] [fibonacci_action_server]: Goal succeeded
[INFO] [1733941752.207739602] [fibonacci_action_server]: Feedback: [55]
[INFO] [1733941752.611064152] [fibonacci_action_server]: Received goal request with order 10
[INFO] [1733941752.611198175] [fibonacci_action_server]: Executing goal...
[INFO] [1733941752.611267939] [fibonacci_action_server]: Feedback: [1]
[INFO] [1733941752.622013237] [fibonacci_action_server]: Feedback: [34]
[INFO] [1733941752.707976475] [fibonacci_action_server]: Goal succeeded
[INFO] [1733941753.111472208] [fibonacci_action_server]: Feedback: [2]
[INFO] [1733941753.119891955] [fibonacci_action_server]: Received goal request with order 10
[INFO] [1733941753.120122292] [fibonacci_action_server]: Executing goal...
[INFO] [1733941753.120198345] [fibonacci_action_server]: Feedback: [1]
[INFO] [1733941753.122170364] [fibonacci_action_server]: Feedback: [55]
[INFO] [1733941753.611800182] [fibonacci_action_server]: Feedback: [3]
[INFO] [1733941753.620416811] [fibonacci_action_server]: Feedback: [2]
[INFO] [1733941753.622535623] [fibonacci_action_server]: Goal succeeded
[INFO] [1733941754.033896942] [fibonacci_action_server]: Received goal request with order 10
[INFO] [1733941754.034282551] [fibonacci_action_server]: Executing goal...
[INFO] [1733941754.034398923] [fibonacci_action_server]: Feedback: [1]
[INFO] [1733941754.112166028] [fibonacci_action_server]: Feedback: [5]
[INFO] [1733941754.120829736] [fibonacci_action_server]: Feedback: [3]
[INFO] [1733941754.534676160] [fibonacci_action_server]: Feedback: [2]
[INFO] [1733941754.612405303] [fibonacci_action_server]: Feedback: [8]
[INFO] [1733941754.621167938] [fibonacci_action_server]: Feedback: [5]
[INFO] [1733941755.035113101] [fibonacci_action_server]: Feedback: [3]
[INFO] [1733941755.112696304] [fibonacci_action_server]: Feedback: [13]
[INFO] [1733941755.121410242] [fibonacci_action_server]: Feedback: [8]
[INFO] [1733941755.535433926] [fibonacci_action_server]: Feedback: [5]
[INFO] [1733941755.613038125] [fibonacci_action_server]: Feedback: [21]
[INFO] [1733941755.621777133] [fibonacci_action_server]: Feedback: [13]
[INFO] [1733941756.035812227] [fibonacci_action_server]: Feedback: [8]
[INFO] [1733941756.113324195] [fibonacci_action_server]: Feedback: [34]
[INFO] [1733941756.122263542] [fibonacci_action_server]: Feedback: [21]
[INFO] [1733941756.536137584] [fibonacci_action_server]: Feedback: [13]
[INFO] [1733941756.613648381] [fibonacci_action_server]: Feedback: [55]
[INFO] [1733941756.622610713] [fibonacci_action_server]: Feedback: [34]
[INFO] [1733941757.036496971] [fibonacci_action_server]: Feedback: [21]
[INFO] [1733941757.113964214] [fibonacci_action_server]: Goal succeeded
[INFO] [1733941757.122857350] [fibonacci_action_server]: Feedback: [55]
[INFO] [1733941757.524498018] [fibonacci_action_server]: Received goal request with order 10
[INFO] [1733941757.524639723] [fibonacci_action_server]: Executing goal...
[INFO] [1733941757.524701664] [fibonacci_action_server]: Feedback: [1]
[INFO] [1733941757.536798436] [fibonacci_action_server]: Feedback: [34]
[INFO] [1733941757.623258020] [fibonacci_action_server]: Goal succeeded
[INFO] [1733941758.024870627] [fibonacci_action_server]: Feedback: [2]
[INFO] [1733941758.033943897] [fibonacci_action_server]: Received goal request with order 10
[INFO] [1733941758.034144757] [fibonacci_action_server]: Executing goal...
[INFO] [1733941758.034201646] [fibonacci_action_server]: Feedback: [1]
[INFO] [1733941758.037027723] [fibonacci_action_server]: Feedback: [55]
[INFO] [1733941758.525215466] [fibonacci_action_server]: Feedback: [3]
[INFO] [1733941758.534607278] [fibonacci_action_server]: Feedback: [2]
[INFO] [1733941758.537536878] [fibonacci_action_server]: Goal succeeded
[INFO] [1733941758.949125471] [fibonacci_action_server]: Received goal request with order 10
[INFO] [1733941758.949310184] [fibonacci_action_server]: Executing goal...
[INFO] [1733941758.949383329] [fibonacci_action_server]: Feedback: [1]
[INFO] [1733941759.025710307] [fibonacci_action_server]: Feedback: [5]
[INFO] [1733941759.034854339] [fibonacci_action_server]: Feedback: [3]
[INFO] [1733941759.449610249] [fibonacci_action_server]: Feedback: [2]
[INFO] [1733941759.526091724] [fibonacci_action_server]: Feedback: [8]
[INFO] [1733941759.535184803] [fibonacci_action_server]: Feedback: [5]
[INFO] [1733941759.949884828] [fibonacci_action_server]: Feedback: [3]
[INFO] [1733941760.026410915] [fibonacci_action_server]: Feedback: [13]
[INFO] [1733941760.035588206] [fibonacci_action_server]: Feedback: [8]
[INFO] [1733941760.450162705] [fibonacci_action_server]: Feedback: [5]
[INFO] [1733941760.526666291] [fibonacci_action_server]: Feedback: [21]
[INFO] [1733941760.535827553] [fibonacci_action_server]: Feedback: [13]
[INFO] [1733941760.950575498] [fibonacci_action_server]: Feedback: [8]
[INFO] [1733941761.026885324] [fibonacci_action_server]: Feedback: [34]
[INFO] [1733941761.036233478] [fibonacci_action_server]: Feedback: [21]
[INFO] [1733941761.450795856] [fibonacci_action_server]: Feedback: [13]
[INFO] [1733941761.527120690] [fibonacci_action_server]: Feedback: [55]
[INFO] [1733941761.536477445] [fibonacci_action_server]: Feedback: [34]
[INFO] [1733941761.951305387] [fibonacci_action_server]: Feedback: [21]
[INFO] [1733941762.027377403] [fibonacci_action_server]: Goal succeeded
[INFO] [1733941762.036785378] [fibonacci_action_server]: Feedback: [55]
[INFO] [1733941762.440215725] [fibonacci_action_server]: Received goal request with order 10
[INFO] [1733941762.440517826] [fibonacci_action_server]: Executing goal...
[INFO] [1733941762.440626688] [fibonacci_action_server]: Feedback: [1]
[INFO] [1733941762.451692648] [fibonacci_action_server]: Feedback: [34]
[INFO] [1733941762.537166274] [fibonacci_action_server]: Goal succeeded
[INFO] [1733941762.940792127] [fibonacci_action_server]: Feedback: [2]
[INFO] [1733941762.949560155] [fibonacci_action_server]: Received goal request with order 10
[INFO] [1733941762.949776390] [fibonacci_action_server]: Executing goal...
[INFO] [1733941762.949847629] [fibonacci_action_server]: Feedback: [1]
[INFO] [1733941762.951999125] [fibonacci_action_server]: Feedback: [55]
[INFO] [1733941763.441027812] [fibonacci_action_server]: Feedback: [3]
[INFO] [1733941763.450034850] [fibonacci_action_server]: Feedback: [2]
[INFO] [1733941763.452526475] [fibonacci_action_server]: Goal succeeded
[INFO] [1733941763.863195384] [fibonacci_action_server]: Received goal request with order 10
[INFO] [1733941763.863335373] [fibonacci_action_server]: Executing goal...
[INFO] [1733941763.863397944] [fibonacci_action_server]: Feedback: [1]
[INFO] [1733941763.941497535] [fibonacci_action_server]: Feedback: [5]
[INFO] [1733941763.950286467] [fibonacci_action_server]: Feedback: [3]
[INFO] [1733941764.363561188] [fibonacci_action_server]: Feedback: [2]
[INFO] [1733941764.441918164] [fibonacci_action_server]: Feedback: [8]
[INFO] [1733941764.450582221] [fibonacci_action_server]: Feedback: [5]
[INFO] [1733941764.863758110] [fibonacci_action_server]: Feedback: [3]
[INFO] [1733941764.942269293] [fibonacci_action_server]: Feedback: [13]
[INFO] [1733941764.950840471] [fibonacci_action_server]: Feedback: [8]
[INFO] [1733941765.364123277] [fibonacci_action_server]: Feedback: [5]
[INFO] [1733941765.442636363] [fibonacci_action_server]: Feedback: [21]
[INFO] [1733941765.451197345] [fibonacci_action_server]: Feedback: [13]
[INFO] [1733941765.864360947] [fibonacci_action_server]: Feedback: [8]
[INFO] [1733941765.942963041] [fibonacci_action_server]: Feedback: [34]
[INFO] [1733941765.951508219] [fibonacci_action_server]: Feedback: [21]
[INFO] [1733941766.364624819] [fibonacci_action_server]: Feedback: [13]
[INFO] [1733941766.443388279] [fibonacci_action_server]: Feedback: [55]
[INFO] [1733941766.451873697] [fibonacci_action_server]: Feedback: [34]
[INFO] [1733941766.865020804] [fibonacci_action_server]: Feedback: [21]
[INFO] [1733941766.943999401] [fibonacci_action_server]: Goal succeeded
[INFO] [1733941766.952316885] [fibonacci_action_server]: Feedback: [55]
[INFO] [1733941767.355360459] [fibonacci_action_server]: Received goal request with order 10
[INFO] [1733941767.355482410] [fibonacci_action_server]: Executing goal...
[INFO] [1733941767.355546767] [fibonacci_action_server]: Feedback: [1]
[INFO] [1733941767.365336959] [fibonacci_action_server]: Feedback: [34]
[INFO] [1733941767.452698092] [fibonacci_action_server]: Goal succeeded
[INFO] [1733941767.855663303] [fibonacci_action_server]: Feedback: [2]
[INFO] [1733941767.864177868] [fibonacci_action_server]: Received goal request with order 10
[INFO] [1733941767.864396614] [fibonacci_action_server]: Executing goal...
[INFO] [1733941767.864463342] [fibonacci_action_server]: Feedback: [1]
[INFO] [1733941767.865536764] [fibonacci_action_server]: Feedback: [55]
[INFO] [1733941768.355862249] [fibonacci_action_server]: Feedback: [3]
[INFO] [1733941768.364643982] [fibonacci_action_server]: Feedback: [2]
[INFO] [1733941768.365865908] [fibonacci_action_server]: Goal succeeded
[INFO] [1733941768.777371638] [fibonacci_action_server]: Received goal request with order 10
[INFO] [1733941768.777525737] [fibonacci_action_server]: Executing goal...
[INFO] [1733941768.777579084] [fibonacci_action_server]: Feedback: [1]
[INFO] [1733941768.856279868] [fibonacci_action_server]: Feedback: [5]
[INFO] [1733941768.865105129] [fibonacci_action_server]: Feedback: [3]
[INFO] [1733941769.277867142] [fibonacci_action_server]: Feedback: [2]
[INFO] [1733941769.356539013] [fibonacci_action_server]: Feedback: [8]
[INFO] [1733941769.365512558] [fibonacci_action_server]: Feedback: [5]
[INFO] [1733941769.778383060] [fibonacci_action_server]: Feedback: [3]
[INFO] [1733941769.857035346] [fibonacci_action_server]: Feedback: [13]
[INFO] [1733941769.865723601] [fibonacci_action_server]: Feedback: [8]
[INFO] [1733941770.278939486] [fibonacci_action_server]: Feedback: [5]
[INFO] [1733941770.357225384] [fibonacci_action_server]: Feedback: [21]
[INFO] [1733941770.365960082] [fibonacci_action_server]: Feedback: [13]
[INFO] [1733941770.779279184] [fibonacci_action_server]: Feedback: [8]
[INFO] [1733941770.857602171] [fibonacci_action_server]: Feedback: [34]
[INFO] [1733941770.866178627] [fibonacci_action_server]: Feedback: [21]
[INFO] [1733941771.279480084] [fibonacci_action_server]: Feedback: [13]
[INFO] [1733941771.357986878] [fibonacci_action_server]: Feedback: [55]
[INFO] [1733941771.366416379] [fibonacci_action_server]: Feedback: [34]
[INFO] [1733941771.779827938] [fibonacci_action_server]: Feedback: [21]
[INFO] [1733941771.858262325] [fibonacci_action_server]: Goal succeeded
[INFO] [1733941771.866744774] [fibonacci_action_server]: Feedback: [55]
[INFO] [1733941772.271495051] [fibonacci_action_server]: Received goal request with order 10
[INFO] [1733941772.271664194] [fibonacci_action_server]: Executing goal...
[INFO] [1733941772.271757026] [fibonacci_action_server]: Feedback: [1]
[INFO] [1733941772.280123344] [fibonacci_action_server]: Feedback: [34]
[INFO] [1733941772.367237016] [fibonacci_action_server]: Goal succeeded
[INFO] [1733941772.771942827] [fibonacci_action_server]: Feedback: [2]
[INFO] [1733941772.779062512] [fibonacci_action_server]: Received goal request with order 10
[INFO] [1733941772.779221902] [fibonacci_action_server]: Executing goal...
[INFO] [1733941772.779334397] [fibonacci_action_server]: Feedback: [1]
[INFO] [1733941772.780443612] [fibonacci_action_server]: Feedback: [55]
[INFO] [1733941773.272141128] [fibonacci_action_server]: Feedback: [3]
[INFO] [1733941773.279827206] [fibonacci_action_server]: Feedback: [2]
[INFO] [1733941773.280673584] [fibonacci_action_server]: Goal succeeded
[INFO] [1733941773.692578594] [fibonacci_action_server]: Received goal request with order 10
[INFO] [1733941773.692796791] [fibonacci_action_server]: Executing goal...
[INFO] [1733941773.692930844] [fibonacci_action_server]: Feedback: [1]
[INFO] [1733941773.772496144] [fibonacci_action_server]: Feedback: [5]
[INFO] [1733941773.780204958] [fibonacci_action_server]: Feedback: [3]
[INFO] [1733941774.193398721] [fibonacci_action_server]: Feedback: [2]
[INFO] [1733941774.272758849] [fibonacci_action_server]: Feedback: [8]
[INFO] [1733941774.280438719] [fibonacci_action_server]: Feedback: [5]
[INFO] [1733941774.693900211] [fibonacci_action_server]: Feedback: [3]
[INFO] [1733941774.772968505] [fibonacci_action_server]: Feedback: [13]
[INFO] [1733941774.780589403] [fibonacci_action_server]: Feedback: [8]
[INFO] [1733941775.194357640] [fibonacci_action_server]: Feedback: [5]
[INFO] [1733941775.273154318] [fibonacci_action_server]: Feedback: [21]
[INFO] [1733941775.280782292] [fibonacci_action_server]: Feedback: [13]
[INFO] [1733941775.694767050] [fibonacci_action_server]: Feedback: [8]
[INFO] [1733941775.773660369] [fibonacci_action_server]: Feedback: [34]
[INFO] [1733941775.781272581] [fibonacci_action_server]: Feedback: [21]
[INFO] [1733941776.195108477] [fibonacci_action_server]: Feedback: [13]
[INFO] [1733941776.274125738] [fibonacci_action_server]: Feedback: [55]
[INFO] [1733941776.281701649] [fibonacci_action_server]: Feedback: [34]
[INFO] [1733941776.695335562] [fibonacci_action_server]: Feedback: [21]
[INFO] [1733941776.774701807] [fibonacci_action_server]: Goal succeeded
[INFO] [1733941776.782158441] [fibonacci_action_server]: Feedback: [55]
[INFO] [1733941777.188727273] [fibonacci_action_server]: Received goal request with order 10
[INFO] [1733941777.188981253] [fibonacci_action_server]: Executing goal...
[INFO] [1733941777.189086205] [fibonacci_action_server]: Feedback: [1]
[INFO] [1733941777.195561977] [fibonacci_action_server]: Feedback: [34]
[INFO] [1733941777.282737134] [fibonacci_action_server]: Goal succeeded
[INFO] [1733941777.689379672] [fibonacci_action_server]: Feedback: [2]
[INFO] [1733941777.694237024] [fibonacci_action_server]: Received goal request with order 10
[INFO] [1733941777.694450613] [fibonacci_action_server]: Executing goal...
[INFO] [1733941777.694573545] [fibonacci_action_server]: Feedback: [1]
[INFO] [1733941777.695757737] [fibonacci_action_server]: Feedback: [55]
[INFO] [1733941778.189865042] [fibonacci_action_server]: Feedback: [3]
[INFO] [1733941778.195068038] [fibonacci_action_server]: Feedback: [2]
[INFO] [1733941778.195978765] [fibonacci_action_server]: Goal succeeded
[INFO] [1733941778.607889002] [fibonacci_action_server]: Received goal request with order 10
[INFO] [1733941778.608045404] [fibonacci_action_server]: Executing goal...
[INFO] [1733941778.608108202] [fibonacci_action_server]: Feedback: [1]
[INFO] [1733941778.690377516] [fibonacci_action_server]: Feedback: [5]
[INFO] [1733941778.695383719] [fibonacci_action_server]: Feedback: [3]
[INFO] [1733941779.108298904] [fibonacci_action_server]: Feedback: [2]
[INFO] [1733941779.190583658] [fibonacci_action_server]: Feedback: [8]
[INFO] [1733941779.195806580] [fibonacci_action_server]: Feedback: [5]
[INFO] [1733941779.608646032] [fibonacci_action_server]: Feedback: [3]
[INFO] [1733941779.690823181] [fibonacci_action_server]: Feedback: [13]
[INFO] [1733941779.696065410] [fibonacci_action_server]: Feedback: [8]
[INFO] [1733941780.108924560] [fibonacci_action_server]: Feedback: [5]
[INFO] [1733941780.191151262] [fibonacci_action_server]: Feedback: [21]
[INFO] [1733941780.196402626] [fibonacci_action_server]: Feedback: [13]
[INFO] [1733941780.609135077] [fibonacci_action_server]: Feedback: [8]
[INFO] [1733941780.691645493] [fibonacci_action_server]: Feedback: [34]
[INFO] [1733941780.696738796] [fibonacci_action_server]: Feedback: [21]
[INFO] [1733941781.109319006] [fibonacci_action_server]: Feedback: [13]
[INFO] [1733941781.191901210] [fibonacci_action_server]: Feedback: [55]
[INFO] [1733941781.196958713] [fibonacci_action_server]: Feedback: [34]
[INFO] [1733941781.609782494] [fibonacci_action_server]: Feedback: [21]
[INFO] [1733941781.692183518] [fibonacci_action_server]: Goal succeeded
[INFO] [1733941781.697179899] [fibonacci_action_server]: Feedback: [55]
[INFO] [1733941782.103745192] [fibonacci_action_server]: Received goal request with order 10
[INFO] [1733941782.103908904] [fibonacci_action_server]: Executing goal...
[INFO] [1733941782.103968687] [fibonacci_action_server]: Feedback: [1]
[INFO] [1733941782.109984575] [fibonacci_action_server]: Feedback: [34]
[INFO] [1733941782.197475494] [fibonacci_action_server]: Goal succeeded
[INFO] [1733941782.604252765] [fibonacci_action_server]: Feedback: [2]
[INFO] [1733941782.608835684] [fibonacci_action_server]: Received goal request with order 10
[INFO] [1733941782.609030850] [fibonacci_action_server]: Executing goal...
[INFO] [1733941782.609155719] [fibonacci_action_server]: Feedback: [1]
[INFO] [1733941782.610272158] [fibonacci_action_server]: Feedback: [55]
[INFO] [1733941783.104600440] [fibonacci_action_server]: Feedback: [3]
[INFO] [1733941783.109376330] [fibonacci_action_server]: Feedback: [2]
[INFO] [1733941783.110568764] [fibonacci_action_server]: Goal succeeded
[INFO] [1733941783.522592827] [fibonacci_action_server]: Received goal request with order 10
[INFO] [1733941783.522794657] [fibonacci_action_server]: Executing goal...
[INFO] [1733941783.522895579] [fibonacci_action_server]: Feedback: [1]
[INFO] [1733941783.604824334] [fibonacci_action_server]: Feedback: [5]
[INFO] [1733941783.609564942] [fibonacci_action_server]: Feedback: [3]
[INFO] [1733941784.023411993] [fibonacci_action_server]: Feedback: [2]
[INFO] [1733941784.105190876] [fibonacci_action_server]: Feedback: [8]
[INFO] [1733941784.109745142] [fibonacci_action_server]: Feedback: [5]
[INFO] [1733941784.523998826] [fibonacci_action_server]: Feedback: [3]
[INFO] [1733941784.605517882] [fibonacci_action_server]: Feedback: [13]
[INFO] [1733941784.610021212] [fibonacci_action_server]: Feedback: [8]
[INFO] [1733941785.024351219] [fibonacci_action_server]: Feedback: [5]
[INFO] [1733941785.105760059] [fibonacci_action_server]: Feedback: [21]
[INFO] [1733941785.110412066] [fibonacci_action_server]: Feedback: [13]
[INFO] [1733941785.524594500] [fibonacci_action_server]: Feedback: [8]
[INFO] [1733941785.606205588] [fibonacci_action_server]: Feedback: [34]
[INFO] [1733941785.610781224] [fibonacci_action_server]: Feedback: [21]
[INFO] [1733941786.024904545] [fibonacci_action_server]: Feedback: [13]
[INFO] [1733941786.106582896] [fibonacci_action_server]: Feedback: [55]
[INFO] [1733941786.111111159] [fibonacci_action_server]: Feedback: [34]
[INFO] [1733941786.525252056] [fibonacci_action_server]: Feedback: [21]
[INFO] [1733941786.607010911] [fibonacci_action_server]: Goal succeeded
[INFO] [1733941786.611375408] [fibonacci_action_server]: Feedback: [55]
[INFO] [1733941787.019200666] [fibonacci_action_server]: Received goal request with order 10
[INFO] [1733941787.019374665] [fibonacci_action_server]: Executing goal...
[INFO] [1733941787.019433903] [fibonacci_action_server]: Feedback: [1]
[INFO] [1733941787.025502835] [fibonacci_action_server]: Feedback: [34]
[INFO] [1733941787.111723859] [fibonacci_action_server]: Goal succeeded
[INFO] [1733941787.519622861] [fibonacci_action_server]: Feedback: [2]
[INFO] [1733941787.522251971] [fibonacci_action_server]: Received goal request with order 10
[INFO] [1733941787.522442076] [fibonacci_action_server]: Executing goal...
[INFO] [1733941787.522512051] [fibonacci_action_server]: Feedback: [1]
[INFO] [1733941787.525781020] [fibonacci_action_server]: Feedback: [55]
[INFO] [1733941788.019868026] [fibonacci_action_server]: Feedback: [3]
[INFO] [1733941788.022685379] [fibonacci_action_server]: Feedback: [2]
[INFO] [1733941788.026252889] [fibonacci_action_server]: Goal succeeded
[INFO] [1733941788.437615324] [fibonacci_action_server]: Received goal request with order 10
[INFO] [1733941788.437739200] [fibonacci_action_server]: Executing goal...
[INFO] [1733941788.437801230] [fibonacci_action_server]: Feedback: [1]
[INFO] [1733941788.520191927] [fibonacci_action_server]: Feedback: [5]
[INFO] [1733941788.522982119] [fibonacci_action_server]: Feedback: [3]
[INFO] [1733941788.937957253] [fibonacci_action_server]: Feedback: [2]
[INFO] [1733941789.020384658] [fibonacci_action_server]: Feedback: [8]
[INFO] [1733941789.023178441] [fibonacci_action_server]: Feedback: [5]
[INFO] [1733941789.438158616] [fibonacci_action_server]: Feedback: [3]
[INFO] [1733941789.520677788] [fibonacci_action_server]: Feedback: [13]
[INFO] [1733941789.523523506] [fibonacci_action_server]: Feedback: [8]
[INFO] [1733941789.938630874] [fibonacci_action_server]: Feedback: [5]
[INFO] [1733941790.020974756] [fibonacci_action_server]: Feedback: [21]
[INFO] [1733941790.023823718] [fibonacci_action_server]: Feedback: [13]
[INFO] [1733941790.439043168] [fibonacci_action_server]: Feedback: [8]
[INFO] [1733941790.521366047] [fibonacci_action_server]: Feedback: [34]
[INFO] [1733941790.524175651] [fibonacci_action_server]: Feedback: [21]
[INFO] [1733941790.939460682] [fibonacci_action_server]: Feedback: [13]
[INFO] [1733941791.021637955] [fibonacci_action_server]: Feedback: [55]
[INFO] [1733941791.024396016] [fibonacci_action_server]: Feedback: [34]
[INFO] [1733941791.439766517] [fibonacci_action_server]: Feedback: [21]
[INFO] [1733941791.522116805] [fibonacci_action_server]: Goal succeeded
[INFO] [1733941791.524719916] [fibonacci_action_server]: Feedback: [55]
[INFO] [1733941791.933051649] [fibonacci_action_server]: Received goal request with order 10
[INFO] [1733941791.933339383] [fibonacci_action_server]: Executing goal...
[INFO] [1733941791.933462015] [fibonacci_action_server]: Feedback: [1]
[INFO] [1733941791.940161898] [fibonacci_action_server]: Feedback: [34]
[INFO] [1733941792.025044593] [fibonacci_action_server]: Goal succeeded
[INFO] [1733941792.433666169] [fibonacci_action_server]: Feedback: [2]
[INFO] [1733941792.435025724] [fibonacci_action_server]: Received goal request with order 10
[INFO] [1733941792.435146520] [fibonacci_action_server]: Executing goal...
[INFO] [1733941792.435201206] [fibonacci_action_server]: Feedback: [1]
[INFO] [1733941792.440443335] [fibonacci_action_server]: Feedback: [55]
[INFO] [1733941792.933913296] [fibonacci_action_server]: Feedback: [3]
[INFO] [1733941792.935383376] [fibonacci_action_server]: Feedback: [2]
[INFO] [1733941792.940760374] [fibonacci_action_server]: Goal succeeded
[INFO] [1733941793.351494128] [fibonacci_action_server]: Received goal request with order 10
[INFO] [1733941793.351716017] [fibonacci_action_server]: Executing goal...
[INFO] [1733941793.351792594] [fibonacci_action_server]: Feedback: [1]
[INFO] [1733941793.434498431] [fibonacci_action_server]: Feedback: [5]
[INFO] [1733941793.435763066] [fibonacci_action_server]: Feedback: [3]
[INFO] [1733941793.851987191] [fibonacci_action_server]: Feedback: [2]
[INFO] [1733941793.935027347] [fibonacci_action_server]: Feedback: [8]
[INFO] [1733941793.935943733] [fibonacci_action_server]: Feedback: [5]
[INFO] [1733941794.352353176] [fibonacci_action_server]: Feedback: [3]
[INFO] [1733941794.435449582] [fibonacci_action_server]: Feedback: [13]
[INFO] [1733941794.436217170] [fibonacci_action_server]: Feedback: [8]
[INFO] [1733941794.852681991] [fibonacci_action_server]: Feedback: [5]
[INFO] [1733941794.936010280] [fibonacci_action_server]: Feedback: [21]
[INFO] [1733941794.936520468] [fibonacci_action_server]: Feedback: [13]
[INFO] [1733941795.352933807] [fibonacci_action_server]: Feedback: [8]
[INFO] [1733941795.436193361] [fibonacci_action_server]: Feedback: [34]
[INFO] [1733941795.436667112] [fibonacci_action_server]: Feedback: [21]
[INFO] [1733941795.853160567] [fibonacci_action_server]: Feedback: [13]
[INFO] [1733941795.936368805] [fibonacci_action_server]: Feedback: [55]
[INFO] [1733941795.936917411] [fibonacci_action_server]: Feedback: [34]
[INFO] [1733941796.353386060] [fibonacci_action_server]: Feedback: [21]
[INFO] [1733941796.436869676] [fibonacci_action_server]: Goal succeeded
[INFO] [1733941796.437071923] [fibonacci_action_server]: Feedback: [55]
[INFO] [1733941796.848404830] [fibonacci_action_server]: Received goal request with order 10
[INFO] [1733941796.848661029] [fibonacci_action_server]: Executing goal...
[INFO] [1733941796.848766839] [fibonacci_action_server]: Feedback: [1]
[INFO] [1733941796.853549976] [fibonacci_action_server]: Feedback: [34]
[INFO] [1733941796.937482506] [fibonacci_action_server]: Goal succeeded
[INFO] [1733941797.349065638] [fibonacci_action_server]: Feedback: [2]
[INFO] [1733941797.353943335] [fibonacci_action_server]: Feedback: [55]
[INFO] [1733941797.650550808] [fibonacci_action_server]: Received goal request with order 10
[INFO] [1733941797.650805630] [fibonacci_action_server]: Executing goal...
[INFO] [1733941797.650919593] [fibonacci_action_server]: Feedback: [1]
[INFO] [1733941797.849479483] [fibonacci_action_server]: Feedback: [3]
[INFO] [1733941797.854473904] [fibonacci_action_server]: Goal succeeded
[INFO] [1733941798.151374622] [fibonacci_action_server]: Feedback: [2]
[INFO] [1733941798.349978071] [fibonacci_action_server]: Feedback: [5]
[INFO] [1733941798.369025537] [fibonacci_action_server]: Received goal request with order 10
[INFO] [1733941798.369440949] [fibonacci_action_server]: Executing goal...
[INFO] [1733941798.369539277] [fibonacci_action_server]: Feedback: [1]
[INFO] [1733941798.651912165] [fibonacci_action_server]: Feedback: [3]
[INFO] [1733941798.850465759] [fibonacci_action_server]: Feedback: [8]
[INFO] [1733941798.869944252] [fibonacci_action_server]: Feedback: [2]
[INFO] [1733941799.152345450] [fibonacci_action_server]: Feedback: [5]
[INFO] [1733941799.350740273] [fibonacci_action_server]: Feedback: [13]
[INFO] [1733941799.370299619] [fibonacci_action_server]: Feedback: [3]
[INFO] [1733941799.652691323] [fibonacci_action_server]: Feedback: [8]
[INFO] [1733941799.851085175] [fibonacci_action_server]: Feedback: [21]
[INFO] [1733941799.870528391] [fibonacci_action_server]: Feedback: [5]
[INFO] [1733941800.152945786] [fibonacci_action_server]: Feedback: [13]
[INFO] [1733941800.351711357] [fibonacci_action_server]: Feedback: [34]
[INFO] [1733941800.371062330] [fibonacci_action_server]: Feedback: [8]
[INFO] [1733941800.653440006] [fibonacci_action_server]: Feedback: [21]
[INFO] [1733941800.852087818] [fibonacci_action_server]: Feedback: [55]
[INFO] [1733941800.871673830] [fibonacci_action_server]: Feedback: [13]
[INFO] [1733941801.153630839] [fibonacci_action_server]: Feedback: [34]
[INFO] [1733941801.352376914] [fibonacci_action_server]: Goal succeeded
[INFO] [1733941801.371872550] [fibonacci_action_server]: Feedback: [21]
[INFO] [1733941801.653837429] [fibonacci_action_server]: Feedback: [55]
[INFO] [1733941801.662222765] [fibonacci_action_server]: Received goal request with order 10
[INFO] [1733941801.662358165] [fibonacci_action_server]: Executing goal...
[INFO] [1733941801.662431483] [fibonacci_action_server]: Feedback: [1]
[INFO] [1733941801.872106380] [fibonacci_action_server]: Feedback: [34]
[INFO] [1733941802.154110395] [fibonacci_action_server]: Goal succeeded
[INFO] [1733941802.162614275] [fibonacci_action_server]: Feedback: [2]
[INFO] [1733941802.372469551] [fibonacci_action_server]: Feedback: [55]
[INFO] [1733941802.464587112] [fibonacci_action_server]: Received goal request with order 10
[INFO] [1733941802.464843163] [fibonacci_action_server]: Executing goal...
[INFO] [1733941802.464962179] [fibonacci_action_server]: Feedback: [1]
[INFO] [1733941802.662788631] [fibonacci_action_server]: Feedback: [3]
[INFO] [1733941802.872831844] [fibonacci_action_server]: Goal succeeded
[INFO] [1733941802.965301594] [fibonacci_action_server]: Feedback: [2]
[INFO] [1733941803.163314539] [fibonacci_action_server]: Feedback: [5]
[INFO] [1733941803.385868373] [fibonacci_action_server]: Received goal request with order 10
[INFO] [1733941803.386127449] [fibonacci_action_server]: Executing goal...
[INFO] [1733941803.386214869] [fibonacci_action_server]: Feedback: [1]
[INFO] [1733941803.465630313] [fibonacci_action_server]: Feedback: [3]
[INFO] [1733941803.663574174] [fibonacci_action_server]: Feedback: [8]
[INFO] [1733941803.886381222] [fibonacci_action_server]: Feedback: [2]
[INFO] [1733941803.965876098] [fibonacci_action_server]: Feedback: [5]
[INFO] [1733941804.163818869] [fibonacci_action_server]: Feedback: [13]
[INFO] [1733941804.386879270] [fibonacci_action_server]: Feedback: [3]
[INFO] [1733941804.466345850] [fibonacci_action_server]: Feedback: [8]
[INFO] [1733941804.664046281] [fibonacci_action_server]: Feedback: [21]
[INFO] [1733941804.887436063] [fibonacci_action_server]: Feedback: [5]
[INFO] [1733941804.966597080] [fibonacci_action_server]: Feedback: [13]
[INFO] [1733941805.164403751] [fibonacci_action_server]: Feedback: [34]
[INFO] [1733941805.388056193] [fibonacci_action_server]: Feedback: [8]
[INFO] [1733941805.466838262] [fibonacci_action_server]: Feedback: [21]
[INFO] [1733941805.664644154] [fibonacci_action_server]: Feedback: [55]
[INFO] [1733941805.888336167] [fibonacci_action_server]: Feedback: [13]
[INFO] [1733941805.967082785] [fibonacci_action_server]: Feedback: [34]
[INFO] [1733941806.164913159] [fibonacci_action_server]: Goal succeeded
[INFO] [1733941806.376082970] [fibonacci_action_server]: Received goal request with order 10
[INFO] [1733941806.376220711] [fibonacci_action_server]: Executing goal...
[INFO] [1733941806.376295832] [fibonacci_action_server]: Feedback: [1]
[INFO] [1733941806.388563327] [fibonacci_action_server]: Feedback: [21]
[INFO] [1733941806.467276860] [fibonacci_action_server]: Feedback: [55]
[INFO] [1733941806.876443092] [fibonacci_action_server]: Feedback: [2]
[INFO] [1733941806.888797728] [fibonacci_action_server]: Feedback: [34]
[INFO] [1733941806.967517722] [fibonacci_action_server]: Goal succeeded
[INFO] [1733941807.376638553] [fibonacci_action_server]: Feedback: [3]
[INFO] [1733941807.378967578] [fibonacci_action_server]: Received goal request with order 10
[INFO] [1733941807.379107241] [fibonacci_action_server]: Executing goal...
[INFO] [1733941807.379158358] [fibonacci_action_server]: Feedback: [1]
[INFO] [1733941807.389098777] [fibonacci_action_server]: Feedback: [55]
[INFO] [1733941807.876894463] [fibonacci_action_server]: Feedback: [5]
[INFO] [1733941807.879323590] [fibonacci_action_server]: Feedback: [2]
[INFO] [1733941807.889468341] [fibonacci_action_server]: Goal succeeded
[INFO] [1733941808.300980765] [fibonacci_action_server]: Received goal request with order 10
[INFO] [1733941808.301109468] [fibonacci_action_server]: Executing goal...
[INFO] [1733941808.301175161] [fibonacci_action_server]: Feedback: [1]
[INFO] [1733941808.377170807] [fibonacci_action_server]: Feedback: [8]
[INFO] [1733941808.379484521] [fibonacci_action_server]: Feedback: [3]
[INFO] [1733941808.801334133] [fibonacci_action_server]: Feedback: [2]
[INFO] [1733941808.877567866] [fibonacci_action_server]: Feedback: [13]
[INFO] [1733941808.879765263] [fibonacci_action_server]: Feedback: [5]
[INFO] [1733941809.301844360] [fibonacci_action_server]: Feedback: [3]
[INFO] [1733941809.377752034] [fibonacci_action_server]: Feedback: [21]
[INFO] [1733941809.379884789] [fibonacci_action_server]: Feedback: [8]
[INFO] [1733941809.802072881] [fibonacci_action_server]: Feedback: [5]
[INFO] [1733941809.877969458] [fibonacci_action_server]: Feedback: [34]
[INFO] [1733941809.880086043] [fibonacci_action_server]: Feedback: [13]
[INFO] [1733941810.302408954] [fibonacci_action_server]: Feedback: [8]
[INFO] [1733941810.378330609] [fibonacci_action_server]: Feedback: [55]
[INFO] [1733941810.380391560] [fibonacci_action_server]: Feedback: [21]
[INFO] [1733941810.802643053] [fibonacci_action_server]: Feedback: [13]
[INFO] [1733941810.878705382] [fibonacci_action_server]: Goal succeeded
[INFO] [1733941810.880713754] [fibonacci_action_server]: Feedback: [34]
[INFO] [1733941811.289848648] [fibonacci_action_server]: Received goal request with order 10
[INFO] [1733941811.290020259] [fibonacci_action_server]: Executing goal...
[INFO] [1733941811.290077502] [fibonacci_action_server]: Feedback: [1]
[INFO] [1733941811.302901619] [fibonacci_action_server]: Feedback: [21]
[INFO] [1733941811.381048776] [fibonacci_action_server]: Feedback: [55]
[INFO] [1733941811.790548507] [fibonacci_action_server]: Feedback: [2]
[INFO] [1733941811.803282331] [fibonacci_action_server]: Feedback: [34]
[INFO] [1733941811.881328577] [fibonacci_action_server]: Goal succeeded
[INFO] [1733941812.290811075] [fibonacci_action_server]: Feedback: [3]
[INFO] [1733941812.292291025] [fibonacci_action_server]: Received goal request with order 10
[INFO] [1733941812.292414432] [fibonacci_action_server]: Executing goal...
[INFO] [1733941812.292468791] [fibonacci_action_server]: Feedback: [1]
[INFO] [1733941812.303802209] [fibonacci_action_server]: Feedback: [55]
[INFO] [1733941812.791299947] [fibonacci_action_server]: Feedback: [5]
[INFO] [1733941812.792618132] [fibonacci_action_server]: Feedback: [2]
[INFO] [1733941812.804108085] [fibonacci_action_server]: Goal succeeded
[INFO] [1733941813.215144405] [fibonacci_action_server]: Received goal request with order 10
[INFO] [1733941813.215355405] [fibonacci_action_server]: Executing goal...
[INFO] [1733941813.215529188] [fibonacci_action_server]: Feedback: [1]
[INFO] [1733941813.291744973] [fibonacci_action_server]: Feedback: [8]
[INFO] [1733941813.292955558] [fibonacci_action_server]: Feedback: [3]
[INFO] [1733941813.715678496] [fibonacci_action_server]: Feedback: [2]
[INFO] [1733941813.791945064] [fibonacci_action_server]: Feedback: [13]
[INFO] [1733941813.793098143] [fibonacci_action_server]: Feedback: [5]
[INFO] [1733941814.215925985] [fibonacci_action_server]: Feedback: [3]
[INFO] [1733941814.292151992] [fibonacci_action_server]: Feedback: [21]
[INFO] [1733941814.293219131] [fibonacci_action_server]: Feedback: [8]
[INFO] [1733941814.716138469] [fibonacci_action_server]: Feedback: [5]
[INFO] [1733941814.792374516] [fibonacci_action_server]: Feedback: [34]
[INFO] [1733941814.793381363] [fibonacci_action_server]: Feedback: [13]
[INFO] [1733941815.216488137] [fibonacci_action_server]: Feedback: [8]
[INFO] [1733941815.292817425] [fibonacci_action_server]: Feedback: [55]
[INFO] [1733941815.293637417] [fibonacci_action_server]: Feedback: [21]
[INFO] [1733941815.716750530] [fibonacci_action_server]: Feedback: [13]
[INFO] [1733941815.793162989] [fibonacci_action_server]: Goal succeeded
[INFO] [1733941815.793911213] [fibonacci_action_server]: Feedback: [34]
[INFO] [1733941816.202828755] [fibonacci_action_server]: Received goal request with order 10
[INFO] [1733941816.203038919] [fibonacci_action_server]: Executing goal...
[INFO] [1733941816.203099510] [fibonacci_action_server]: Feedback: [1]
[INFO] [1733941816.217100087] [fibonacci_action_server]: Feedback: [21]
[INFO] [1733941816.294378751] [fibonacci_action_server]: Feedback: [55]
[INFO] [1733941816.703277529] [fibonacci_action_server]: Feedback: [2]
[INFO] [1733941816.717600397] [fibonacci_action_server]: Feedback: [34]
[INFO] [1733941816.794664955] [fibonacci_action_server]: Goal succeeded
[INFO] [1733941817.203728744] [fibonacci_action_server]: Feedback: [3]
[INFO] [1733941817.205371529] [fibonacci_action_server]: Received goal request with order 10
[INFO] [1733941817.205541119] [fibonacci_action_server]: Executing goal...
[INFO] [1733941817.205639743] [fibonacci_action_server]: Feedback: [1]
[INFO] [1733941817.218156654] [fibonacci_action_server]: Feedback: [55]
[INFO] [1733941817.703938694] [fibonacci_action_server]: Feedback: [5]
[INFO] [1733941817.705765603] [fibonacci_action_server]: Feedback: [2]
[INFO] [1733941817.718586917] [fibonacci_action_server]: Goal succeeded
[INFO] [1733941818.128723251] [fibonacci_action_server]: Received goal request with order 10
[INFO] [1733941818.128952130] [fibonacci_action_server]: Executing goal...
[INFO] [1733941818.129042060] [fibonacci_action_server]: Feedback: [1]
[INFO] [1733941818.204227392] [fibonacci_action_server]: Feedback: [8]
[INFO] [1733941818.206053974] [fibonacci_action_server]: Feedback: [3]
[INFO] [1733941818.629220853] [fibonacci_action_server]: Feedback: [2]
[INFO] [1733941818.704482372] [fibonacci_action_server]: Feedback: [13]
[INFO] [1733941818.706209996] [fibonacci_action_server]: Feedback: [5]
[INFO] [1733941819.129490959] [fibonacci_action_server]: Feedback: [3]
[INFO] [1733941819.204696036] [fibonacci_action_server]: Feedback: [21]
[INFO] [1733941819.206389761] [fibonacci_action_server]: Feedback: [8]
[INFO] [1733941819.629677019] [fibonacci_action_server]: Feedback: [5]
[INFO] [1733941819.704881791] [fibonacci_action_server]: Feedback: [34]
[INFO] [1733941819.706620535] [fibonacci_action_server]: Feedback: [13]
[INFO] [1733941820.129848610] [fibonacci_action_server]: Feedback: [8]
[INFO] [1733941820.205053519] [fibonacci_action_server]: Feedback: [55]
[INFO] [1733941820.206760049] [fibonacci_action_server]: Feedback: [21]
[INFO] [1733941820.630373635] [fibonacci_action_server]: Feedback: [13]
[INFO] [1733941820.705459555] [fibonacci_action_server]: Goal succeeded
[INFO] [1733941820.707011475] [fibonacci_action_server]: Feedback: [34]
[INFO] [1733941821.115802342] [fibonacci_action_server]: Received goal request with order 10
[INFO] [1733941821.116313104] [fibonacci_action_server]: Executing goal...
[INFO] [1733941821.116388390] [fibonacci_action_server]: Feedback: [1]
[INFO] [1733941821.130906049] [fibonacci_action_server]: Feedback: [21]
[INFO] [1733941821.207200101] [fibonacci_action_server]: Feedback: [55]
[INFO] [1733941821.616585065] [fibonacci_action_server]: Feedback: [2]
[INFO] [1733941821.631274574] [fibonacci_action_server]: Feedback: [34]
[INFO] [1733941821.707760439] [fibonacci_action_server]: Goal succeeded
[INFO] [1733941822.116917095] [fibonacci_action_server]: Feedback: [3]
[INFO] [1733941822.118115061] [fibonacci_action_server]: Received goal request with order 10
[INFO] [1733941822.118357566] [fibonacci_action_server]: Executing goal...
[INFO] [1733941822.118447270] [fibonacci_action_server]: Feedback: [1]
[INFO] [1733941822.131805366] [fibonacci_action_server]: Feedback: [55]
[INFO] [1733941822.617209050] [fibonacci_action_server]: Feedback: [5]
[INFO] [1733941822.618705697] [fibonacci_action_server]: Feedback: [2]
[INFO] [1733941822.632211608] [fibonacci_action_server]: Goal succeeded
[INFO] [1733941823.047819698] [fibonacci_action_server]: Received goal request with order 10
[INFO] [1733941823.047953015] [fibonacci_action_server]: Executing goal...
[INFO] [1733941823.048007271] [fibonacci_action_server]: Feedback: [1]
[INFO] [1733941823.117417226] [fibonacci_action_server]: Feedback: [8]
[INFO] [1733941823.118897560] [fibonacci_action_server]: Feedback: [3]
[INFO] [1733941823.548252446] [fibonacci_action_server]: Feedback: [2]
[INFO] [1733941823.617741101] [fibonacci_action_server]: Feedback: [13]
[INFO] [1733941823.619179970] [fibonacci_action_server]: Feedback: [5]
[INFO] [1733941824.048477704] [fibonacci_action_server]: Feedback: [3]
[INFO] [1733941824.118059406] [fibonacci_action_server]: Feedback: [21]
[INFO] [1733941824.119377670] [fibonacci_action_server]: Feedback: [8]
[INFO] [1733941824.548713380] [fibonacci_action_server]: Feedback: [5]
[INFO] [1733941824.618262779] [fibonacci_action_server]: Feedback: [34]
[INFO] [1733941824.619596651] [fibonacci_action_server]: Feedback: [13]
[INFO] [1733941825.048856511] [fibonacci_action_server]: Feedback: [8]
[INFO] [1733941825.118528467] [fibonacci_action_server]: Feedback: [55]
[INFO] [1733941825.119726073] [fibonacci_action_server]: Feedback: [21]
[INFO] [1733941825.549073457] [fibonacci_action_server]: Feedback: [13]
[INFO] [1733941825.618935359] [fibonacci_action_server]: Goal succeeded
[INFO] [1733941825.619851072] [fibonacci_action_server]: Feedback: [34]
[INFO] [1733941826.029351507] [fibonacci_action_server]: Received goal request with order 10
[INFO] [1733941826.029509904] [fibonacci_action_server]: Executing goal...
[INFO] [1733941826.029571565] [fibonacci_action_server]: Feedback: [1]
[INFO] [1733941826.049334817] [fibonacci_action_server]: Feedback: [21]
[INFO] [1733941826.120103674] [fibonacci_action_server]: Feedback: [55]
[INFO] [1733941826.529913396] [fibonacci_action_server]: Feedback: [2]
[INFO] [1733941826.549730353] [fibonacci_action_server]: Feedback: [34]
[INFO] [1733941826.620373689] [fibonacci_action_server]: Goal succeeded
[INFO] [1733941827.030279886] [fibonacci_action_server]: Feedback: [3]
[INFO] [1733941827.031796622] [fibonacci_action_server]: Received goal request with order 10
[INFO] [1733941827.031964130] [fibonacci_action_server]: Executing goal...
[INFO] [1733941827.032016363] [fibonacci_action_server]: Feedback: [1]
[INFO] [1733941827.049898954] [fibonacci_action_server]: Feedback: [55]
[INFO] [1733941827.530624971] [fibonacci_action_server]: Feedback: [5]
[INFO] [1733941827.532167149] [fibonacci_action_server]: Feedback: [2]
[INFO] [1733941827.550484440] [fibonacci_action_server]: Goal succeeded
[INFO] [1733941827.962295592] [fibonacci_action_server]: Received goal request with order 10
[INFO] [1733941827.962510248] [fibonacci_action_server]: Executing goal...
[INFO] [1733941827.962637204] [fibonacci_action_server]: Feedback: [1]
[INFO] [1733941828.030855611] [fibonacci_action_server]: Feedback: [8]
[INFO] [1733941828.032475572] [fibonacci_action_server]: Feedback: [3]
[INFO] [1733941828.463203828] [fibonacci_action_server]: Feedback: [2]
[INFO] [1733941828.531304681] [fibonacci_action_server]: Feedback: [13]
[INFO] [1733941828.532676582] [fibonacci_action_server]: Feedback: [5]
[INFO] [1733941828.963397434] [fibonacci_action_server]: Feedback: [3]
[INFO] [1733941829.031646136] [fibonacci_action_server]: Feedback: [21]
[INFO] [1733941829.033070938] [fibonacci_action_server]: Feedback: [8]
[INFO] [1733941829.463798993] [fibonacci_action_server]: Feedback: [5]
[INFO] [1733941829.531927165] [fibonacci_action_server]: Feedback: [34]
[INFO] [1733941829.533348585] [fibonacci_action_server]: Feedback: [13]
[INFO] [1733941829.964011859] [fibonacci_action_server]: Feedback: [8]
[INFO] [1733941830.032089150] [fibonacci_action_server]: Feedback: [55]
[INFO] [1733941830.033619340] [fibonacci_action_server]: Feedback: [21]
[INFO] [1733941830.464226726] [fibonacci_action_server]: Feedback: [13]
[INFO] [1733941830.532590837] [fibonacci_action_server]: Goal succeeded
[INFO] [1733941830.533926685] [fibonacci_action_server]: Feedback: [34]
[INFO] [1733941830.943417666] [fibonacci_action_server]: Received goal request with order 10
[INFO] [1733941830.943561462] [fibonacci_action_server]: Executing goal...
[INFO] [1733941830.943645572] [fibonacci_action_server]: Feedback: [1]
[INFO] [1733941830.964387472] [fibonacci_action_server]: Feedback: [21]
[INFO] [1733941831.034467809] [fibonacci_action_server]: Feedback: [55]
[INFO] [1733941831.443799474] [fibonacci_action_server]: Feedback: [2]
[INFO] [1733941831.464625985] [fibonacci_action_server]: Feedback: [34]
[INFO] [1733941831.534766979] [fibonacci_action_server]: Goal succeeded
[INFO] [1733941831.944118067] [fibonacci_action_server]: Feedback: [3]
[INFO] [1733941831.945492717] [fibonacci_action_server]: Received goal request with order 10
[INFO] [1733941831.945689500] [fibonacci_action_server]: Executing goal...
[INFO] [1733941831.945753884] [fibonacci_action_server]: Feedback: [1]
[INFO] [1733941831.964954946] [fibonacci_action_server]: Feedback: [55]
[INFO] [1733941832.444319143] [fibonacci_action_server]: Feedback: [5]
[INFO] [1733941832.445913958] [fibonacci_action_server]: Feedback: [2]
[INFO] [1733941832.465227398] [fibonacci_action_server]: Goal succeeded
[INFO] [1733941832.877221679] [fibonacci_action_server]: Received goal request with order 10
[INFO] [1733941832.877380908] [fibonacci_action_server]: Executing goal...
[INFO] [1733941832.877451867] [fibonacci_action_server]: Feedback: [1]
[INFO] [1733941832.944648293] [fibonacci_action_server]: Feedback: [8]
[INFO] [1733941832.946224317] [fibonacci_action_server]: Feedback: [3]
[INFO] [1733941833.377640374] [fibonacci_action_server]: Feedback: [2]
[INFO] [1733941833.444873769] [fibonacci_action_server]: Feedback: [13]
[INFO] [1733941833.446519609] [fibonacci_action_server]: Feedback: [5]
[INFO] [1733941833.877885232] [fibonacci_action_server]: Feedback: [3]
[INFO] [1733941833.945377161] [fibonacci_action_server]: Feedback: [21]
[INFO] [1733941833.946971689] [fibonacci_action_server]: Feedback: [8]
[INFO] [1733941834.378112903] [fibonacci_action_server]: Feedback: [5]
[INFO] [1733941834.445630009] [fibonacci_action_server]: Feedback: [34]
[INFO] [1733941834.447183201] [fibonacci_action_server]: Feedback: [13]
[INFO] [1733941834.878295329] [fibonacci_action_server]: Feedback: [8]
[INFO] [1733941834.945835306] [fibonacci_action_server]: Feedback: [55]
[INFO] [1733941834.947328116] [fibonacci_action_server]: Feedback: [21]
[INFO] [1733941835.378614214] [fibonacci_action_server]: Feedback: [13]
[INFO] [1733941835.446061908] [fibonacci_action_server]: Goal succeeded
[INFO] [1733941835.447479179] [fibonacci_action_server]: Feedback: [34]
[INFO] [1733941835.856852688] [fibonacci_action_server]: Received goal request with order 10
[INFO] [1733941835.857100784] [fibonacci_action_server]: Executing goal...
[INFO] [1733941835.857198407] [fibonacci_action_server]: Feedback: [1]
[INFO] [1733941835.878975611] [fibonacci_action_server]: Feedback: [21]
[INFO] [1733941835.947886314] [fibonacci_action_server]: Feedback: [55]
[INFO] [1733941836.357549937] [fibonacci_action_server]: Feedback: [2]
[INFO] [1733941836.379331638] [fibonacci_action_server]: Feedback: [34]
[INFO] [1733941836.448293568] [fibonacci_action_server]: Goal succeeded
[INFO] [1733941836.857848084] [fibonacci_action_server]: Feedback: [3]
[INFO] [1733941836.859244049] [fibonacci_action_server]: Received goal request with order 10
[INFO] [1733941836.859369363] [fibonacci_action_server]: Executing goal...
[INFO] [1733941836.859421446] [fibonacci_action_server]: Feedback: [1]
[INFO] [1733941836.879760460] [fibonacci_action_server]: Feedback: [55]
[INFO] [1733941837.358068891] [fibonacci_action_server]: Feedback: [5]
[INFO] [1733941837.359571041] [fibonacci_action_server]: Feedback: [2]
[INFO] [1733941837.380036624] [fibonacci_action_server]: Goal succeeded
[INFO] [1733941837.790992027] [fibonacci_action_server]: Received goal request with order 10
[INFO] [1733941837.791170259] [fibonacci_action_server]: Executing goal...
[INFO] [1733941837.791269496] [fibonacci_action_server]: Feedback: [1]
[INFO] [1733941837.858437204] [fibonacci_action_server]: Feedback: [8]
[INFO] [1733941837.859801515] [fibonacci_action_server]: Feedback: [3]
[INFO] [1733941838.291745766] [fibonacci_action_server]: Feedback: [2]
[INFO] [1733941838.358724917] [fibonacci_action_server]: Feedback: [13]
[INFO] [1733941838.360092863] [fibonacci_action_server]: Feedback: [5]
[INFO] [1733941838.792097005] [fibonacci_action_server]: Feedback: [3]
[INFO] [1733941838.859050810] [fibonacci_action_server]: Feedback: [21]
[INFO] [1733941838.860218522] [fibonacci_action_server]: Feedback: [8]
[INFO] [1733941839.292465798] [fibonacci_action_server]: Feedback: [5]
[INFO] [1733941839.359361680] [fibonacci_action_server]: Feedback: [34]
[INFO] [1733941839.360518776] [fibonacci_action_server]: Feedback: [13]
[INFO] [1733941839.792714100] [fibonacci_action_server]: Feedback: [8]
[INFO] [1733941839.859575782] [fibonacci_action_server]: Feedback: [55]
[INFO] [1733941839.860702056] [fibonacci_action_server]: Feedback: [21]
[INFO] [1733941840.292927267] [fibonacci_action_server]: Feedback: [13]
[INFO] [1733941840.359821170] [fibonacci_action_server]: Goal succeeded
[INFO] [1733941840.360812796] [fibonacci_action_server]: Feedback: [34]
[INFO] [1733941840.770139416] [fibonacci_action_server]: Received goal request with order 10
[INFO] [1733941840.770311276] [fibonacci_action_server]: Executing goal...
[INFO] [1733941840.770414847] [fibonacci_action_server]: Feedback: [1]
[INFO] [1733941840.793363532] [fibonacci_action_server]: Feedback: [21]
[INFO] [1733941840.861056988] [fibonacci_action_server]: Feedback: [55]
[INFO] [1733941841.270717430] [fibonacci_action_server]: Feedback: [2]
[INFO] [1733941841.293862581] [fibonacci_action_server]: Feedback: [34]
[INFO] [1733941841.361321282] [fibonacci_action_server]: Goal succeeded
[INFO] [1733941841.771291114] [fibonacci_action_server]: Feedback: [3]
[INFO] [1733941841.772444130] [fibonacci_action_server]: Received goal request with order 10
[INFO] [1733941841.772673728] [fibonacci_action_server]: Executing goal...
[INFO] [1733941841.772782103] [fibonacci_action_server]: Feedback: [1]
[INFO] [1733941841.794349844] [fibonacci_action_server]: Feedback: [55]
[INFO] [1733941842.271571362] [fibonacci_action_server]: Feedback: [5]
[INFO] [1733941842.272918568] [fibonacci_action_server]: Feedback: [2]
[INFO] [1733941842.294687990] [fibonacci_action_server]: Goal succeeded
[INFO] [1733941842.706059374] [fibonacci_action_server]: Received goal request with order 10
[INFO] [1733941842.706319310] [fibonacci_action_server]: Executing goal...
[INFO] [1733941842.706454513] [fibonacci_action_server]: Feedback: [1]
[INFO] [1733941842.771770031] [fibonacci_action_server]: Feedback: [8]
[INFO] [1733941842.773150477] [fibonacci_action_server]: Feedback: [3]
[INFO] [1733941843.206671957] [fibonacci_action_server]: Feedback: [2]
[INFO] [1733941843.271986245] [fibonacci_action_server]: Feedback: [13]
[INFO] [1733941843.273324307] [fibonacci_action_server]: Feedback: [5]
[INFO] [1733941843.706926148] [fibonacci_action_server]: Feedback: [3]
[INFO] [1733941843.772252498] [fibonacci_action_server]: Feedback: [21]
[INFO] [1733941843.773528216] [fibonacci_action_server]: Feedback: [8]
[INFO] [1733941844.207338124] [fibonacci_action_server]: Feedback: [5]
[INFO] [1733941844.272504150] [fibonacci_action_server]: Feedback: [34]
[INFO] [1733941844.273692935] [fibonacci_action_server]: Feedback: [13]
[INFO] [1733941844.707525594] [fibonacci_action_server]: Feedback: [8]
[INFO] [1733941844.772714398] [fibonacci_action_server]: Feedback: [55]
[INFO] [1733941844.773862019] [fibonacci_action_server]: Feedback: [21]
[INFO] [1733941845.207726344] [fibonacci_action_server]: Feedback: [13]
[INFO] [1733941845.273133186] [fibonacci_action_server]: Goal succeeded
[INFO] [1733941845.274158616] [fibonacci_action_server]: Feedback: [34]
[INFO] [1733941845.682992820] [fibonacci_action_server]: Received goal request with order 10
[INFO] [1733941845.683188768] [fibonacci_action_server]: Executing goal...
[INFO] [1733941845.683255775] [fibonacci_action_server]: Feedback: [1]
[INFO] [1733941845.707898925] [fibonacci_action_server]: Feedback: [21]
[INFO] [1733941845.774448418] [fibonacci_action_server]: Feedback: [55]
[INFO] [1733941846.183755802] [fibonacci_action_server]: Feedback: [2]
[INFO] [1733941846.208246764] [fibonacci_action_server]: Feedback: [34]
[INFO] [1733941846.274721796] [fibonacci_action_server]: Goal succeeded
[INFO] [1733941846.684202410] [fibonacci_action_server]: Feedback: [3]
[INFO] [1733941846.685591092] [fibonacci_action_server]: Received goal request with order 10
[INFO] [1733941846.685746362] [fibonacci_action_server]: Executing goal...
[INFO] [1733941846.685809552] [fibonacci_action_server]: Feedback: [1]
[INFO] [1733941846.708462589] [fibonacci_action_server]: Feedback: [55]
[INFO] [1733941847.184494987] [fibonacci_action_server]: Feedback: [5]
[INFO] [1733941847.186029036] [fibonacci_action_server]: Feedback: [2]
[INFO] [1733941847.208714450] [fibonacci_action_server]: Goal succeeded
[INFO] [1733941847.620563842] [fibonacci_action_server]: Received goal request with order 10
[INFO] [1733941847.620742662] [fibonacci_action_server]: Executing goal...
[INFO] [1733941847.620800102] [fibonacci_action_server]: Feedback: [1]
[INFO] [1733941847.684857149] [fibonacci_action_server]: Feedback: [8]
[INFO] [1733941847.686316872] [fibonacci_action_server]: Feedback: [3]
[INFO] [1733941848.121092569] [fibonacci_action_server]: Feedback: [2]
[INFO] [1733941848.185119068] [fibonacci_action_server]: Feedback: [13]
[INFO] [1733941848.186499756] [fibonacci_action_server]: Feedback: [5]
[INFO] [1733941848.621404409] [fibonacci_action_server]: Feedback: [3]
[INFO] [1733941848.685310238] [fibonacci_action_server]: Feedback: [21]
[INFO] [1733941848.686631725] [fibonacci_action_server]: Feedback: [8]
[INFO] [1733941849.121881309] [fibonacci_action_server]: Feedback: [5]
[INFO] [1733941849.185774970] [fibonacci_action_server]: Feedback: [34]
[INFO] [1733941849.186881309] [fibonacci_action_server]: Feedback: [13]
[INFO] [1733941849.622199980] [fibonacci_action_server]: Feedback: [8]
[INFO] [1733941849.685986729] [fibonacci_action_server]: Feedback: [55]
[INFO] [1733941849.687074378] [fibonacci_action_server]: Feedback: [21]
[INFO] [1733941850.122723671] [fibonacci_action_server]: Feedback: [13]
[INFO] [1733941850.186527178] [fibonacci_action_server]: Goal succeeded
[INFO] [1733941850.187254297] [fibonacci_action_server]: Feedback: [34]
[INFO] [1733941850.596383424] [fibonacci_action_server]: Received goal request with order 10
[INFO] [1733941850.596611198] [fibonacci_action_server]: Executing goal...
[INFO] [1733941850.596682722] [fibonacci_action_server]: Feedback: [1]
[INFO] [1733941850.623105968] [fibonacci_action_server]: Feedback: [21]
[INFO] [1733941850.687509803] [fibonacci_action_server]: Feedback: [55]
[INFO] [1733941851.096886138] [fibonacci_action_server]: Feedback: [2]
[INFO] [1733941851.123309713] [fibonacci_action_server]: Feedback: [34]
[INFO] [1733941851.187747716] [fibonacci_action_server]: Goal succeeded
[INFO] [1733941851.597100481] [fibonacci_action_server]: Feedback: [3]
[INFO] [1733941851.599153780] [fibonacci_action_server]: Received goal request with order 10
[INFO] [1733941851.599296099] [fibonacci_action_server]: Executing goal...
[INFO] [1733941851.599365264] [fibonacci_action_server]: Feedback: [1]
[INFO] [1733941851.623504937] [fibonacci_action_server]: Feedback: [55]
[INFO] [1733941852.097335514] [fibonacci_action_server]: Feedback: [5]
[INFO] [1733941852.099571504] [fibonacci_action_server]: Feedback: [2]
[INFO] [1733941852.123752239] [fibonacci_action_server]: Goal succeeded
[INFO] [1733941852.535016442] [fibonacci_action_server]: Received goal request with order 10
[INFO] [1733941852.535279540] [fibonacci_action_server]: Executing goal...
[INFO] [1733941852.535373070] [fibonacci_action_server]: Feedback: [1]
[INFO] [1733941852.597790600] [fibonacci_action_server]: Feedback: [8]
[INFO] [1733941852.599855784] [fibonacci_action_server]: Feedback: [3]
[INFO] [1733941853.035718950] [fibonacci_action_server]: Feedback: [2]
[INFO] [1733941853.098006279] [fibonacci_action_server]: Feedback: [13]
[INFO] [1733941853.100023428] [fibonacci_action_server]: Feedback: [5]
[INFO] [1733941853.535948400] [fibonacci_action_server]: Feedback: [3]
[INFO] [1733941853.598390368] [fibonacci_action_server]: Feedback: [21]
[INFO] [1733941853.600336688] [fibonacci_action_server]: Feedback: [8]
[INFO] [1733941854.036115435] [fibonacci_action_server]: Feedback: [5]
[INFO] [1733941854.098856601] [fibonacci_action_server]: Feedback: [34]
[INFO] [1733941854.100627605] [fibonacci_action_server]: Feedback: [13]
[INFO] [1733941854.536465799] [fibonacci_action_server]: Feedback: [8]
[INFO] [1733941854.599060339] [fibonacci_action_server]: Feedback: [55]
[INFO] [1733941854.600810906] [fibonacci_action_server]: Feedback: [21]
[INFO] [1733941855.036718957] [fibonacci_action_server]: Feedback: [13]
[INFO] [1733941855.099461329] [fibonacci_action_server]: Goal succeeded
[INFO] [1733941855.101132087] [fibonacci_action_server]: Feedback: [34]
[INFO] [1733941855.510279376] [fibonacci_action_server]: Received goal request with order 10
[INFO] [1733941855.510576770] [fibonacci_action_server]: Executing goal...
[INFO] [1733941855.510700435] [fibonacci_action_server]: Feedback: [1]
[INFO] [1733941855.536916084] [fibonacci_action_server]: Feedback: [21]
[INFO] [1733941855.601471538] [fibonacci_action_server]: Feedback: [55]
[INFO] [1733941856.010989089] [fibonacci_action_server]: Feedback: [2]
[INFO] [1733941856.037133070] [fibonacci_action_server]: Feedback: [34]
[INFO] [1733941856.101994887] [fibonacci_action_server]: Goal succeeded
[INFO] [1733941856.511224551] [fibonacci_action_server]: Feedback: [3]
[INFO] [1733941856.512605144] [fibonacci_action_server]: Received goal request with order 10
[INFO] [1733941856.512782130] [fibonacci_action_server]: Executing goal...
[INFO] [1733941856.512893150] [fibonacci_action_server]: Feedback: [1]
[INFO] [1733941856.537463076] [fibonacci_action_server]: Feedback: [55]
[INFO] [1733941857.011466564] [fibonacci_action_server]: Feedback: [5]
[INFO] [1733941857.013237866] [fibonacci_action_server]: Feedback: [2]
[INFO] [1733941857.037876739] [fibonacci_action_server]: Goal succeeded
[INFO] [1733941857.448915100] [fibonacci_action_server]: Received goal request with order 10
[INFO] [1733941857.449096222] [fibonacci_action_server]: Executing goal...
[INFO] [1733941857.449168966] [fibonacci_action_server]: Feedback: [1]
[INFO] [1733941857.511704997] [fibonacci_action_server]: Feedback: [8]
[INFO] [1733941857.513471476] [fibonacci_action_server]: Feedback: [3]
[INFO] [1733941857.949457282] [fibonacci_action_server]: Feedback: [2]
[INFO] [1733941858.011948190] [fibonacci_action_server]: Feedback: [13]
[INFO] [1733941858.013657467] [fibonacci_action_server]: Feedback: [5]
[INFO] [1733941858.449847851] [fibonacci_action_server]: Feedback: [3]
[INFO] [1733941858.512361689] [fibonacci_action_server]: Feedback: [21]
[INFO] [1733941858.514079104] [fibonacci_action_server]: Feedback: [8]
[INFO] [1733941858.950227837] [fibonacci_action_server]: Feedback: [5]
[INFO] [1733941859.012749384] [fibonacci_action_server]: Feedback: [34]
[INFO] [1733941859.014401351] [fibonacci_action_server]: Feedback: [13]
[INFO] [1733941859.450569773] [fibonacci_action_server]: Feedback: [8]
[INFO] [1733941859.513001638] [fibonacci_action_server]: Feedback: [55]
[INFO] [1733941859.514595655] [fibonacci_action_server]: Feedback: [21]
[INFO] [1733941859.951065100] [fibonacci_action_server]: Feedback: [13]
[INFO] [1733941860.013313951] [fibonacci_action_server]: Goal succeeded
[INFO] [1733941860.014875205] [fibonacci_action_server]: Feedback: [34]
[INFO] [1733941860.423370443] [fibonacci_action_server]: Received goal request with order 10
[INFO] [1733941860.423512395] [fibonacci_action_server]: Executing goal...
[INFO] [1733941860.423580950] [fibonacci_action_server]: Feedback: [1]
[INFO] [1733941860.451317923] [fibonacci_action_server]: Feedback: [21]
[INFO] [1733941860.515249921] [fibonacci_action_server]: Feedback: [55]
[INFO] [1733941860.923807433] [fibonacci_action_server]: Feedback: [2]
[INFO] [1733941860.951710508] [fibonacci_action_server]: Feedback: [34]
[INFO] [1733941861.015561111] [fibonacci_action_server]: Goal succeeded
[INFO] [1733941861.424017563] [fibonacci_action_server]: Feedback: [3]
[INFO] [1733941861.425477925] [fibonacci_action_server]: Received goal request with order 10
[INFO] [1733941861.425625419] [fibonacci_action_server]: Executing goal...
[INFO] [1733941861.425686320] [fibonacci_action_server]: Feedback: [1]
[INFO] [1733941861.451919160] [fibonacci_action_server]: Feedback: [55]
[INFO] [1733941861.924211515] [fibonacci_action_server]: Feedback: [5]
[INFO] [1733941861.926080393] [fibonacci_action_server]: Feedback: [2]
[INFO] [1733941861.952305869] [fibonacci_action_server]: Goal succeeded
[INFO] [1733941862.365365126] [fibonacci_action_server]: Received goal request with order 10
[INFO] [1733941862.365516675] [fibonacci_action_server]: Executing goal...
[INFO] [1733941862.365573233] [fibonacci_action_server]: Feedback: [1]
[INFO] [1733941862.424596166] [fibonacci_action_server]: Feedback: [8]
[INFO] [1733941862.426557669] [fibonacci_action_server]: Feedback: [3]
[INFO] [1733941862.865744798] [fibonacci_action_server]: Feedback: [2]
[INFO] [1733941862.924955546] [fibonacci_action_server]: Feedback: [13]
[INFO] [1733941862.926909898] [fibonacci_action_server]: Feedback: [5]
[INFO] [1733941863.365960704] [fibonacci_action_server]: Feedback: [3]
[INFO] [1733941863.425214831] [fibonacci_action_server]: Feedback: [21]
[INFO] [1733941863.427109977] [fibonacci_action_server]: Feedback: [8]
[INFO] [1733941863.866181144] [fibonacci_action_server]: Feedback: [5]
[INFO] [1733941863.925416784] [fibonacci_action_server]: Feedback: [34]
[INFO] [1733941863.927266653] [fibonacci_action_server]: Feedback: [13]
[INFO] [1733941864.366382320] [fibonacci_action_server]: Feedback: [8]
[INFO] [1733941864.425629672] [fibonacci_action_server]: Feedback: [55]
[INFO] [1733941864.427411688] [fibonacci_action_server]: Feedback: [21]
[INFO] [1733941864.866624810] [fibonacci_action_server]: Feedback: [13]
[INFO] [1733941864.925892771] [fibonacci_action_server]: Goal succeeded
[INFO] [1733941864.927595112] [fibonacci_action_server]: Feedback: [34]
[INFO] [1733941865.337405590] [fibonacci_action_server]: Received goal request with order 10
[INFO] [1733941865.337550223] [fibonacci_action_server]: Executing goal...
[INFO] [1733941865.337609138] [fibonacci_action_server]: Feedback: [1]
[INFO] [1733941865.366973272] [fibonacci_action_server]: Feedback: [21]
[INFO] [1733941865.427803509] [fibonacci_action_server]: Feedback: [55]
[INFO] [1733941865.837901456] [fibonacci_action_server]: Feedback: [2]
[INFO] [1733941865.867157274] [fibonacci_action_server]: Feedback: [34]
[INFO] [1733941865.928221202] [fibonacci_action_server]: Goal succeeded
[INFO] [1733941866.338454568] [fibonacci_action_server]: Feedback: [3]
[INFO] [1733941866.340771187] [fibonacci_action_server]: Received goal request with order 10
[INFO] [1733941866.340920626] [fibonacci_action_server]: Executing goal...
[INFO] [1733941866.340974130] [fibonacci_action_server]: Feedback: [1]
[INFO] [1733941866.367413699] [fibonacci_action_server]: Feedback: [55]
[INFO] [1733941866.838991070] [fibonacci_action_server]: Feedback: [5]
[INFO] [1733941866.841124164] [fibonacci_action_server]: Feedback: [2]
[INFO] [1733941866.868015279] [fibonacci_action_server]: Goal succeeded
[INFO] [1733941867.281419526] [fibonacci_action_server]: Received goal request with order 10
[INFO] [1733941867.281632675] [fibonacci_action_server]: Executing goal...
[INFO] [1733941867.281693534] [fibonacci_action_server]: Feedback: [1]
[INFO] [1733941867.339458549] [fibonacci_action_server]: Feedback: [8]
[INFO] [1733941867.341331267] [fibonacci_action_server]: Feedback: [3]
[INFO] [1733941867.781827139] [fibonacci_action_server]: Feedback: [2]
[INFO] [1733941867.839805158] [fibonacci_action_server]: Feedback: [13]
[INFO] [1733941867.841673085] [fibonacci_action_server]: Feedback: [5]
[INFO] [1733941868.282144761] [fibonacci_action_server]: Feedback: [3]
[INFO] [1733941868.340023603] [fibonacci_action_server]: Feedback: [21]
[INFO] [1733941868.341957518] [fibonacci_action_server]: Feedback: [8]
[INFO] [1733941868.782587366] [fibonacci_action_server]: Feedback: [5]
[INFO] [1733941868.840247769] [fibonacci_action_server]: Feedback: [34]
[INFO] [1733941868.842238599] [fibonacci_action_server]: Feedback: [13]
[INFO] [1733941869.282800160] [fibonacci_action_server]: Feedback: [8]
[INFO] [1733941869.340584461] [fibonacci_action_server]: Feedback: [55]
[INFO] [1733941869.342521242] [fibonacci_action_server]: Feedback: [21]
[INFO] [1733941869.783022102] [fibonacci_action_server]: Feedback: [13]
[INFO] [1733941869.841011839] [fibonacci_action_server]: Goal succeeded
[INFO] [1733941869.842933039] [fibonacci_action_server]: Feedback: [34]
[INFO] [1733941870.252084655] [fibonacci_action_server]: Received goal request with order 10
[INFO] [1733941870.252312477] [fibonacci_action_server]: Executing goal...
[INFO] [1733941870.252427067] [fibonacci_action_server]: Feedback: [1]
[INFO] [1733941870.283187896] [fibonacci_action_server]: Feedback: [21]
[INFO] [1733941870.343152163] [fibonacci_action_server]: Feedback: [55]
[INFO] [1733941870.752719465] [fibonacci_action_server]: Feedback: [2]
[INFO] [1733941870.783402952] [fibonacci_action_server]: Feedback: [34]
[INFO] [1733941870.843417425] [fibonacci_action_server]: Goal succeeded
[INFO] [1733941871.253184385] [fibonacci_action_server]: Feedback: [3]
[INFO] [1733941871.254586193] [fibonacci_action_server]: Received goal request with order 10
[INFO] [1733941871.254808383] [fibonacci_action_server]: Executing goal...
[INFO] [1733941871.254912966] [fibonacci_action_server]: Feedback: [1]
[INFO] [1733941871.283762574] [fibonacci_action_server]: Feedback: [55]
[INFO] [1733941871.753419683] [fibonacci_action_server]: Feedback: [5]
[INFO] [1733941871.755333987] [fibonacci_action_server]: Feedback: [2]
[INFO] [1733941871.784104005] [fibonacci_action_server]: Goal succeeded
[INFO] [1733941872.195450543] [fibonacci_action_server]: Received goal request with order 10
[INFO] [1733941872.195651083] [fibonacci_action_server]: Executing goal...
[INFO] [1733941872.195779520] [fibonacci_action_server]: Feedback: [1]
[INFO] [1733941872.253765719] [fibonacci_action_server]: Feedback: [8]
[INFO] [1733941872.255719859] [fibonacci_action_server]: Feedback: [3]
[INFO] [1733941872.696103501] [fibonacci_action_server]: Feedback: [2]
[INFO] [1733941872.754021131] [fibonacci_action_server]: Feedback: [13]
[INFO] [1733941872.755923330] [fibonacci_action_server]: Feedback: [5]
[INFO] [1733941873.196438840] [fibonacci_action_server]: Feedback: [3]
[INFO] [1733941873.254460211] [fibonacci_action_server]: Feedback: [21]
[INFO] [1733941873.256121596] [fibonacci_action_server]: Feedback: [8]
[INFO] [1733941873.696751871] [fibonacci_action_server]: Feedback: [5]
[INFO] [1733941873.754920002] [fibonacci_action_server]: Feedback: [34]
[INFO] [1733941873.756391698] [fibonacci_action_server]: Feedback: [13]
[INFO] [1733941874.197189537] [fibonacci_action_server]: Feedback: [8]
[INFO] [1733941874.255438828] [fibonacci_action_server]: Feedback: [55]
[INFO] [1733941874.256700825] [fibonacci_action_server]: Feedback: [21]
[INFO] [1733941874.697404519] [fibonacci_action_server]: Feedback: [13]
[INFO] [1733941874.756005948] [fibonacci_action_server]: Goal succeeded
[INFO] [1733941874.757041258] [fibonacci_action_server]: Feedback: [34]
[INFO] [1733941875.166131291] [fibonacci_action_server]: Received goal request with order 10
[INFO] [1733941875.166296037] [fibonacci_action_server]: Executing goal...
[INFO] [1733941875.166367109] [fibonacci_action_server]: Feedback: [1]
[INFO] [1733941875.197633699] [fibonacci_action_server]: Feedback: [21]
[INFO] [1733941875.257270023] [fibonacci_action_server]: Feedback: [55]
[INFO] [1733941875.666539847] [fibonacci_action_server]: Feedback: [2]
[INFO] [1733941875.697836057] [fibonacci_action_server]: Feedback: [34]
[INFO] [1733941875.757591179] [fibonacci_action_server]: Goal succeeded
[INFO] [1733941876.166788017] [fibonacci_action_server]: Feedback: [3]
[INFO] [1733941876.168662269] [fibonacci_action_server]: Received goal request with order 10
[INFO] [1733941876.168858696] [fibonacci_action_server]: Executing goal...
[INFO] [1733941876.168918748] [fibonacci_action_server]: Feedback: [1]
[INFO] [1733941876.198075771] [fibonacci_action_server]: Feedback: [55]
[INFO] [1733941876.667006001] [fibonacci_action_server]: Feedback: [5]
[INFO] [1733941876.669071574] [fibonacci_action_server]: Feedback: [2]
[INFO] [1733941876.698333311] [fibonacci_action_server]: Goal succeeded
[INFO] [1733941877.109080469] [fibonacci_action_server]: Received goal request with order 10
[INFO] [1733941877.109296624] [fibonacci_action_server]: Executing goal...
[INFO] [1733941877.109352244] [fibonacci_action_server]: Feedback: [1]
[INFO] [1733941877.167222537] [fibonacci_action_server]: Feedback: [8]
[INFO] [1733941877.169232130] [fibonacci_action_server]: Feedback: [3]
[INFO] [1733941877.609633730] [fibonacci_action_server]: Feedback: [2]
[INFO] [1733941877.667708985] [fibonacci_action_server]: Feedback: [13]
[INFO] [1733941877.669671484] [fibonacci_action_server]: Feedback: [5]
[INFO] [1733941878.109892162] [fibonacci_action_server]: Feedback: [3]
[INFO] [1733941878.167897660] [fibonacci_action_server]: Feedback: [21]
[INFO] [1733941878.169918685] [fibonacci_action_server]: Feedback: [8]
[INFO] [1733941878.610465380] [fibonacci_action_server]: Feedback: [5]
[INFO] [1733941878.668145764] [fibonacci_action_server]: Feedback: [34]
[INFO] [1733941878.670137366] [fibonacci_action_server]: Feedback: [13]
[INFO] [1733941879.111054184] [fibonacci_action_server]: Feedback: [8]
[INFO] [1733941879.168465792] [fibonacci_action_server]: Feedback: [55]
[INFO] [1733941879.170302504] [fibonacci_action_server]: Feedback: [21]
[INFO] [1733941879.611381406] [fibonacci_action_server]: Feedback: [13]
[INFO] [1733941879.668776158] [fibonacci_action_server]: Goal succeeded
[INFO] [1733941879.670704437] [fibonacci_action_server]: Feedback: [34]
[INFO] [1733941880.079794292] [fibonacci_action_server]: Received goal request with order 10
[INFO] [1733941880.079972137] [fibonacci_action_server]: Executing goal...
[INFO] [1733941880.080108282] [fibonacci_action_server]: Feedback: [1]
[INFO] [1733941880.111659390] [fibonacci_action_server]: Feedback: [21]
[INFO] [1733941880.170947308] [fibonacci_action_server]: Feedback: [55]
[INFO] [1733941880.580413184] [fibonacci_action_server]: Feedback: [2]
[INFO] [1733941880.611849870] [fibonacci_action_server]: Feedback: [34]
[INFO] [1733941880.671326158] [fibonacci_action_server]: Goal succeeded
[INFO] [1733941881.080713087] [fibonacci_action_server]: Feedback: [3]
[INFO] [1733941881.082337627] [fibonacci_action_server]: Received goal request with order 10
[INFO] [1733941881.082556978] [fibonacci_action_server]: Executing goal...
[INFO] [1733941881.082649832] [fibonacci_action_server]: Feedback: [1]
[INFO] [1733941881.112155145] [fibonacci_action_server]: Feedback: [55]
[INFO] [1733941881.580950967] [fibonacci_action_server]: Feedback: [5]
[INFO] [1733941881.582815190] [fibonacci_action_server]: Feedback: [2]
[INFO] [1733941881.612552219] [fibonacci_action_server]: Goal succeeded
[INFO] [1733941882.021651000] [fibonacci_action_server]: Received goal request with order 10
[INFO] [1733941882.021793427] [fibonacci_action_server]: Executing goal...
[INFO] [1733941882.021852602] [fibonacci_action_server]: Feedback: [1]
[INFO] [1733941882.081127797] [fibonacci_action_server]: Feedback: [8]
[INFO] [1733941882.082939752] [fibonacci_action_server]: Feedback: [3]
[INFO] [1733941882.521994885] [fibonacci_action_server]: Feedback: [2]
[INFO] [1733941882.581377662] [fibonacci_action_server]: Feedback: [13]
[INFO] [1733941882.583155333] [fibonacci_action_server]: Feedback: [5]
[INFO] [1733941883.022223667] [fibonacci_action_server]: Feedback: [3]
[INFO] [1733941883.081575879] [fibonacci_action_server]: Feedback: [21]
[INFO] [1733941883.083477934] [fibonacci_action_server]: Feedback: [8]
[INFO] [1733941883.522795041] [fibonacci_action_server]: Feedback: [5]
[INFO] [1733941883.581833923] [fibonacci_action_server]: Feedback: [34]
[INFO] [1733941883.583771045] [fibonacci_action_server]: Feedback: [13]
[INFO] [1733941884.023116829] [fibonacci_action_server]: Feedback: [8]
[INFO] [1733941884.082227735] [fibonacci_action_server]: Feedback: [55]
[INFO] [1733941884.083876304] [fibonacci_action_server]: Feedback: [21]
[INFO] [1733941884.144646779] [fibonacci_action_server]: Timeout reached, shutting down node...
RAPL is set
