[INFO] [1733817821.817479581] [fibonacci_action_client]: Sending goal with order 10
[INFO] [1733817826.498673306] [fibonacci_action_client]: Goal accepted, waiting for result.
[INFO] [1733817826.500071158] [fibonacci_action_client]: Received feedback: array('i', [0, 1, 1])
[INFO] [1733817827.001579851] [fibonacci_action_client]: Received feedback: array('i', [0, 1, 1, 2])
[INFO] [1733817827.503211876] [fibonacci_action_client]: Received feedback: array('i', [0, 1, 1, 2, 3])
[INFO] [1733817828.004895010] [fibonacci_action_client]: Received feedback: array('i', [0, 1, 1, 2, 3, 5])
[INFO] [1733817828.506524082] [fibonacci_action_client]: Received feedback: array('i', [0, 1, 1, 2, 3, 5, 8])
[INFO] [1733817829.008067938] [fibonacci_action_client]: Received feedback: array('i', [0, 1, 1, 2, 3, 5, 8, 13])
[INFO] [1733817829.509652661] [fibonacci_action_client]: Received feedback: array('i', [0, 1, 1, 2, 3, 5, 8, 13, 21])
[INFO] [1733817830.011079995] [fibonacci_action_client]: Received feedback: array('i', [0, 1, 1, 2, 3, 5, 8, 13, 21, 34])
[INFO] [1733817830.512694449] [fibonacci_action_client]: Received feedback: array('i', [0, 1, 1, 2, 3, 5, 8, 13, 21, 34, 55])
[INFO] [1733817831.015325919] [fibonacci_action_client]: Result: array('i', [0, 1, 1, 2, 3, 5, 8, 13, 21, 34, 55])
[INFO] [1733817831.516630841] [fibonacci_action_client]: Sending goal with order 10
[INFO] [1733817835.529109145] [fibonacci_action_client]: Goal accepted, waiting for result.
[INFO] [1733817835.530195493] [fibonacci_action_client]: Received feedback: array('i', [0, 1, 1])
[INFO] [1733817836.031923175] [fibonacci_action_client]: Received feedback: array('i', [0, 1, 1, 2])
[INFO] [1733817836.533077679] [fibonacci_action_client]: Received feedback: array('i', [0, 1, 1, 2, 3])
[INFO] [1733817837.034250145] [fibonacci_action_client]: Received feedback: array('i', [0, 1, 1, 2, 3, 5])
[INFO] [1733817837.535649318] [fibonacci_action_client]: Received feedback: array('i', [0, 1, 1, 2, 3, 5, 8])
[INFO] [1733817838.037102053] [fibonacci_action_client]: Received feedback: array('i', [0, 1, 1, 2, 3, 5, 8, 13])
[INFO] [1733817838.538313599] [fibonacci_action_client]: Received feedback: array('i', [0, 1, 1, 2, 3, 5, 8, 13, 21])
[INFO] [1733817839.039778618] [fibonacci_action_client]: Received feedback: array('i', [0, 1, 1, 2, 3, 5, 8, 13, 21, 34])
[INFO] [1733817839.541241577] [fibonacci_action_client]: Received feedback: array('i', [0, 1, 1, 2, 3, 5, 8, 13, 21, 34, 55])
[INFO] [1733817840.043878931] [fibonacci_action_client]: Result: array('i', [0, 1, 1, 2, 3, 5, 8, 13, 21, 34, 55])
[INFO] [1733817840.545196366] [fibonacci_action_client]: Sending goal with order 10
[INFO] [1733817844.556532176] [fibonacci_action_client]: Goal accepted, waiting for result.
[INFO] [1733817844.557919665] [fibonacci_action_client]: Received feedback: array('i', [0, 1, 1])
[INFO] [1733817845.059144331] [fibonacci_action_client]: Received feedback: array('i', [0, 1, 1, 2])
[INFO] [1733817845.560625698] [fibonacci_action_client]: Received feedback: array('i', [0, 1, 1, 2, 3])
[INFO] [1733817846.061732365] [fibonacci_action_client]: Received feedback: array('i', [0, 1, 1, 2, 3, 5])
[INFO] [1733817846.563344389] [fibonacci_action_client]: Received feedback: array('i', [0, 1, 1, 2, 3, 5, 8])
[INFO] [1733817847.064864565] [fibonacci_action_client]: Received feedback: array('i', [0, 1, 1, 2, 3, 5, 8, 13])
[INFO] [1733817847.566416375] [fibonacci_action_client]: Received feedback: array('i', [0, 1, 1, 2, 3, 5, 8, 13, 21])
[INFO] [1733817848.067742561] [fibonacci_action_client]: Received feedback: array('i', [0, 1, 1, 2, 3, 5, 8, 13, 21, 34])
[INFO] [1733817848.568880559] [fibonacci_action_client]: Received feedback: array('i', [0, 1, 1, 2, 3, 5, 8, 13, 21, 34, 55])
[INFO] [1733817849.071449871] [fibonacci_action_client]: Result: array('i', [0, 1, 1, 2, 3, 5, 8, 13, 21, 34, 55])
[INFO] [1733817849.572418680] [fibonacci_action_client]: Sending goal with order 10
[INFO] [1733817853.586188566] [fibonacci_action_client]: Goal accepted, waiting for result.
[INFO] [1733817853.587987694] [fibonacci_action_client]: Received feedback: array('i', [0, 1, 1])
[INFO] [1733817854.089999480] [fibonacci_action_client]: Received feedback: array('i', [0, 1, 1, 2])
[INFO] [1733817854.591508267] [fibonacci_action_client]: Received feedback: array('i', [0, 1, 1, 2, 3])
[INFO] [1733817855.092965347] [fibonacci_action_client]: Received feedback: array('i', [0, 1, 1, 2, 3, 5])
[INFO] [1733817855.594249309] [fibonacci_action_client]: Received feedback: array('i', [0, 1, 1, 2, 3, 5, 8])
[INFO] [1733817856.095104595] [fibonacci_action_client]: Received feedback: array('i', [0, 1, 1, 2, 3, 5, 8, 13])
[INFO] [1733817856.596469648] [fibonacci_action_client]: Received feedback: array('i', [0, 1, 1, 2, 3, 5, 8, 13, 21])
[INFO] [1733817857.097659302] [fibonacci_action_client]: Received feedback: array('i', [0, 1, 1, 2, 3, 5, 8, 13, 21, 34])
[INFO] [1733817857.599256402] [fibonacci_action_client]: Received feedback: array('i', [0, 1, 1, 2, 3, 5, 8, 13, 21, 34, 55])
[INFO] [1733817858.102239934] [fibonacci_action_client]: Result: array('i', [0, 1, 1, 2, 3, 5, 8, 13, 21, 34, 55])
[INFO] [1733817858.603413541] [fibonacci_action_client]: Sending goal with order 10
[INFO] [1733817862.614934414] [fibonacci_action_client]: Goal accepted, waiting for result.
[INFO] [1733817862.616380471] [fibonacci_action_client]: Received feedback: array('i', [0, 1, 1])
[INFO] [1733817863.117996824] [fibonacci_action_client]: Received feedback: array('i', [0, 1, 1, 2])
[INFO] [1733817863.619093927] [fibonacci_action_client]: Received feedback: array('i', [0, 1, 1, 2, 3])
[INFO] [1733817864.120560344] [fibonacci_action_client]: Received feedback: array('i', [0, 1, 1, 2, 3, 5])
[INFO] [1733817864.622382730] [fibonacci_action_client]: Received feedback: array('i', [0, 1, 1, 2, 3, 5, 8])
[INFO] [1733817865.123645537] [fibonacci_action_client]: Received feedback: array('i', [0, 1, 1, 2, 3, 5, 8, 13])
[INFO] [1733817865.625186530] [fibonacci_action_client]: Received feedback: array('i', [0, 1, 1, 2, 3, 5, 8, 13, 21])
[INFO] [1733817866.126753485] [fibonacci_action_client]: Received feedback: array('i', [0, 1, 1, 2, 3, 5, 8, 13, 21, 34])
[INFO] [1733817866.628393051] [fibonacci_action_client]: Received feedback: array('i', [0, 1, 1, 2, 3, 5, 8, 13, 21, 34, 55])
[INFO] [1733817867.131566905] [fibonacci_action_client]: Result: array('i', [0, 1, 1, 2, 3, 5, 8, 13, 21, 34, 55])
[INFO] [1733817867.632691631] [fibonacci_action_client]: Sending goal with order 10
[INFO] [1733817871.645714283] [fibonacci_action_client]: Goal accepted, waiting for result.
[INFO] [1733817871.647238949] [fibonacci_action_client]: Received feedback: array('i', [0, 1, 1])
[INFO] [1733817872.148406900] [fibonacci_action_client]: Received feedback: array('i', [0, 1, 1, 2])
[INFO] [1733817872.649595191] [fibonacci_action_client]: Received feedback: array('i', [0, 1, 1, 2, 3])
[INFO] [1733817873.150530060] [fibonacci_action_client]: Received feedback: array('i', [0, 1, 1, 2, 3, 5])
[INFO] [1733817873.652011982] [fibonacci_action_client]: Received feedback: array('i', [0, 1, 1, 2, 3, 5, 8])
[INFO] [1733817874.153887815] [fibonacci_action_client]: Received feedback: array('i', [0, 1, 1, 2, 3, 5, 8, 13])
[INFO] [1733817874.655152439] [fibonacci_action_client]: Received feedback: array('i', [0, 1, 1, 2, 3, 5, 8, 13, 21])
[INFO] [1733817875.156620307] [fibonacci_action_client]: Received feedback: array('i', [0, 1, 1, 2, 3, 5, 8, 13, 21, 34])
[INFO] [1733817875.657796686] [fibonacci_action_client]: Received feedback: array('i', [0, 1, 1, 2, 3, 5, 8, 13, 21, 34, 55])
[INFO] [1733817876.160283896] [fibonacci_action_client]: Result: array('i', [0, 1, 1, 2, 3, 5, 8, 13, 21, 34, 55])
[INFO] [1733817876.661609555] [fibonacci_action_client]: Sending goal with order 10
[INFO] [1733817880.675050359] [fibonacci_action_client]: Goal accepted, waiting for result.
[INFO] [1733817880.676491817] [fibonacci_action_client]: Received feedback: array('i', [0, 1, 1])
[INFO] [1733817881.178342803] [fibonacci_action_client]: Received feedback: array('i', [0, 1, 1, 2])
[INFO] [1733817881.679907971] [fibonacci_action_client]: Received feedback: array('i', [0, 1, 1, 2, 3])
[INFO] [1733817882.180966587] [fibonacci_action_client]: Received feedback: array('i', [0, 1, 1, 2, 3, 5])
[INFO] [1733817882.682621102] [fibonacci_action_client]: Received feedback: array('i', [0, 1, 1, 2, 3, 5, 8])
[INFO] [1733817883.184379017] [fibonacci_action_client]: Received feedback: array('i', [0, 1, 1, 2, 3, 5, 8, 13])
[INFO] [1733817883.685559930] [fibonacci_action_client]: Received feedback: array('i', [0, 1, 1, 2, 3, 5, 8, 13, 21])
[INFO] [1733817884.186717018] [fibonacci_action_client]: Received feedback: array('i', [0, 1, 1, 2, 3, 5, 8, 13, 21, 34])
[INFO] [1733817884.687902994] [fibonacci_action_client]: Received feedback: array('i', [0, 1, 1, 2, 3, 5, 8, 13, 21, 34, 55])
[INFO] [1733817885.190857323] [fibonacci_action_client]: Result: array('i', [0, 1, 1, 2, 3, 5, 8, 13, 21, 34, 55])
[INFO] [1733817885.692089905] [fibonacci_action_client]: Sending goal with order 10
[INFO] [1733817889.704551950] [fibonacci_action_client]: Goal accepted, waiting for result.
[INFO] [1733817889.706110930] [fibonacci_action_client]: Received feedback: array('i', [0, 1, 1])
[INFO] [1733817890.207211002] [fibonacci_action_client]: Received feedback: array('i', [0, 1, 1, 2])
[INFO] [1733817890.708652639] [fibonacci_action_client]: Received feedback: array('i', [0, 1, 1, 2, 3])
[INFO] [1733817891.210002926] [fibonacci_action_client]: Received feedback: array('i', [0, 1, 1, 2, 3, 5])
[INFO] [1733817891.711142354] [fibonacci_action_client]: Received feedback: array('i', [0, 1, 1, 2, 3, 5, 8])
[INFO] [1733817892.212687036] [fibonacci_action_client]: Received feedback: array('i', [0, 1, 1, 2, 3, 5, 8, 13])
[INFO] [1733817892.714156835] [fibonacci_action_client]: Received feedback: array('i', [0, 1, 1, 2, 3, 5, 8, 13, 21])
[INFO] [1733817893.215163613] [fibonacci_action_client]: Received feedback: array('i', [0, 1, 1, 2, 3, 5, 8, 13, 21, 34])
[INFO] [1733817893.716660176] [fibonacci_action_client]: Received feedback: array('i', [0, 1, 1, 2, 3, 5, 8, 13, 21, 34, 55])
[INFO] [1733817894.219355052] [fibonacci_action_client]: Result: array('i', [0, 1, 1, 2, 3, 5, 8, 13, 21, 34, 55])
[INFO] [1733817894.720731788] [fibonacci_action_client]: Sending goal with order 10
[INFO] [1733817898.734397440] [fibonacci_action_client]: Goal accepted, waiting for result.
[INFO] [1733817898.735060411] [fibonacci_action_client]: Received feedback: array('i', [0, 1, 1])
[INFO] [1733817899.236195058] [fibonacci_action_client]: Received feedback: array('i', [0, 1, 1, 2])
[INFO] [1733817899.737618867] [fibonacci_action_client]: Received feedback: array('i', [0, 1, 1, 2, 3])
[INFO] [1733817900.239088180] [fibonacci_action_client]: Received feedback: array('i', [0, 1, 1, 2, 3, 5])
[INFO] [1733817900.740665044] [fibonacci_action_client]: Received feedback: array('i', [0, 1, 1, 2, 3, 5, 8])
[INFO] [1733817901.241889812] [fibonacci_action_client]: Received feedback: array('i', [0, 1, 1, 2, 3, 5, 8, 13])
[INFO] [1733817901.742652254] [fibonacci_action_client]: Received feedback: array('i', [0, 1, 1, 2, 3, 5, 8, 13, 21])
[INFO] [1733817902.243963969] [fibonacci_action_client]: Received feedback: array('i', [0, 1, 1, 2, 3, 5, 8, 13, 21, 34])
[INFO] [1733817902.745615363] [fibonacci_action_client]: Received feedback: array('i', [0, 1, 1, 2, 3, 5, 8, 13, 21, 34, 55])
[INFO] [1733817903.249402181] [fibonacci_action_client]: Result: array('i', [0, 1, 1, 2, 3, 5, 8, 13, 21, 34, 55])
[INFO] [1733817903.750367148] [fibonacci_action_client]: Sending goal with order 10
[INFO] [1733817907.763374055] [fibonacci_action_client]: Goal accepted, waiting for result.
[INFO] [1733817907.765118024] [fibonacci_action_client]: Received feedback: array('i', [0, 1, 1])
[INFO] [1733817908.265938719] [fibonacci_action_client]: Received feedback: array('i', [0, 1, 1, 2])
[INFO] [1733817908.767010433] [fibonacci_action_client]: Received feedback: array('i', [0, 1, 1, 2, 3])
[INFO] [1733817909.268735204] [fibonacci_action_client]: Received feedback: array('i', [0, 1, 1, 2, 3, 5])
[INFO] [1733817909.770409099] [fibonacci_action_client]: Received feedback: array('i', [0, 1, 1, 2, 3, 5, 8])
[INFO] [1733817910.271738513] [fibonacci_action_client]: Received feedback: array('i', [0, 1, 1, 2, 3, 5, 8, 13])
[INFO] [1733817910.773097585] [fibonacci_action_client]: Received feedback: array('i', [0, 1, 1, 2, 3, 5, 8, 13, 21])
[INFO] [1733817911.274708129] [fibonacci_action_client]: Received feedback: array('i', [0, 1, 1, 2, 3, 5, 8, 13, 21, 34])
[INFO] [1733817911.776029420] [fibonacci_action_client]: Received feedback: array('i', [0, 1, 1, 2, 3, 5, 8, 13, 21, 34, 55])
[INFO] [1733817912.279126994] [fibonacci_action_client]: Result: array('i', [0, 1, 1, 2, 3, 5, 8, 13, 21, 34, 55])
[INFO] [1733817912.780589391] [fibonacci_action_client]: Sending goal with order 10
[INFO] [1733817916.792831335] [fibonacci_action_client]: Goal accepted, waiting for result.
[INFO] [1733817916.794294153] [fibonacci_action_client]: Received feedback: array('i', [0, 1, 1])
[INFO] [1733817917.295091432] [fibonacci_action_client]: Received feedback: array('i', [0, 1, 1, 2])
[INFO] [1733817917.796558589] [fibonacci_action_client]: Received feedback: array('i', [0, 1, 1, 2, 3])
[INFO] [1733817918.298076960] [fibonacci_action_client]: Received feedback: array('i', [0, 1, 1, 2, 3, 5])
[INFO] [1733817918.798764775] [fibonacci_action_client]: Received feedback: array('i', [0, 1, 1, 2, 3, 5, 8])
[INFO] [1733817919.299831380] [fibonacci_action_client]: Received feedback: array('i', [0, 1, 1, 2, 3, 5, 8, 13])
[INFO] [1733817919.800942404] [fibonacci_action_client]: Received feedback: array('i', [0, 1, 1, 2, 3, 5, 8, 13, 21])
[INFO] [1733817920.302042223] [fibonacci_action_client]: Received feedback: array('i', [0, 1, 1, 2, 3, 5, 8, 13, 21, 34])
[INFO] [1733817920.803736629] [fibonacci_action_client]: Received feedback: array('i', [0, 1, 1, 2, 3, 5, 8, 13, 21, 34, 55])
[INFO] [1733817921.306420353] [fibonacci_action_client]: Result: array('i', [0, 1, 1, 2, 3, 5, 8, 13, 21, 34, 55])
[INFO] [1733817921.807586631] [fibonacci_action_client]: Sending goal with order 10
[INFO] [1733817925.821225941] [fibonacci_action_client]: Goal accepted, waiting for result.
[INFO] [1733817925.821894210] [fibonacci_action_client]: Received feedback: array('i', [0, 1, 1])
[INFO] [1733817926.323110189] [fibonacci_action_client]: Received feedback: array('i', [0, 1, 1, 2])
[INFO] [1733817926.824493548] [fibonacci_action_client]: Received feedback: array('i', [0, 1, 1, 2, 3])
[INFO] [1733817927.326259179] [fibonacci_action_client]: Received feedback: array('i', [0, 1, 1, 2, 3, 5])
[INFO] [1733817927.827542997] [fibonacci_action_client]: Received feedback: array('i', [0, 1, 1, 2, 3, 5, 8])
[INFO] [1733817928.329136293] [fibonacci_action_client]: Received feedback: array('i', [0, 1, 1, 2, 3, 5, 8, 13])
[INFO] [1733817928.830760179] [fibonacci_action_client]: Received feedback: array('i', [0, 1, 1, 2, 3, 5, 8, 13, 21])
[INFO] [1733817929.332022625] [fibonacci_action_client]: Received feedback: array('i', [0, 1, 1, 2, 3, 5, 8, 13, 21, 34])
[INFO] [1733817929.833553845] [fibonacci_action_client]: Received feedback: array('i', [0, 1, 1, 2, 3, 5, 8, 13, 21, 34, 55])
[INFO] [1733817930.337467389] [fibonacci_action_client]: Result: array('i', [0, 1, 1, 2, 3, 5, 8, 13, 21, 34, 55])
[INFO] [1733817930.838668573] [fibonacci_action_client]: Sending goal with order 10
[INFO] [1733817934.851606299] [fibonacci_action_client]: Goal accepted, waiting for result.
[INFO] [1733817934.852315181] [fibonacci_action_client]: Received feedback: array('i', [0, 1, 1])
[INFO] [1733817935.352775443] [fibonacci_action_client]: Received feedback: array('i', [0, 1, 1, 2])
[INFO] [1733817935.854030483] [fibonacci_action_client]: Received feedback: array('i', [0, 1, 1, 2, 3])
[INFO] [1733817936.355823887] [fibonacci_action_client]: Received feedback: array('i', [0, 1, 1, 2, 3, 5])
[INFO] [1733817936.857584372] [fibonacci_action_client]: Received feedback: array('i', [0, 1, 1, 2, 3, 5, 8])
[INFO] [1733817937.359083682] [fibonacci_action_client]: Received feedback: array('i', [0, 1, 1, 2, 3, 5, 8, 13])
[INFO] [1733817937.860382605] [fibonacci_action_client]: Received feedback: array('i', [0, 1, 1, 2, 3, 5, 8, 13, 21])
[INFO] [1733817938.361884896] [fibonacci_action_client]: Received feedback: array('i', [0, 1, 1, 2, 3, 5, 8, 13, 21, 34])
[INFO] [1733817938.863370458] [fibonacci_action_client]: Received feedback: array('i', [0, 1, 1, 2, 3, 5, 8, 13, 21, 34, 55])
[INFO] [1733817939.367290674] [fibonacci_action_client]: Result: array('i', [0, 1, 1, 2, 3, 5, 8, 13, 21, 34, 55])
[INFO] [1733817939.868264030] [fibonacci_action_client]: Sending goal with order 10
[INFO] [1733817943.880592770] [fibonacci_action_client]: Goal accepted, waiting for result.
[INFO] [1733817943.881255935] [fibonacci_action_client]: Received feedback: array('i', [0, 1, 1])
[INFO] [1733817944.382241710] [fibonacci_action_client]: Received feedback: array('i', [0, 1, 1, 2])
[INFO] [1733817944.883773848] [fibonacci_action_client]: Received feedback: array('i', [0, 1, 1, 2, 3])
[INFO] [1733817945.385382201] [fibonacci_action_client]: Received feedback: array('i', [0, 1, 1, 2, 3, 5])
[INFO] [1733817945.887011974] [fibonacci_action_client]: Received feedback: array('i', [0, 1, 1, 2, 3, 5, 8])
[INFO] [1733817946.388423674] [fibonacci_action_client]: Received feedback: array('i', [0, 1, 1, 2, 3, 5, 8, 13])
[INFO] [1733817946.889897509] [fibonacci_action_client]: Received feedback: array('i', [0, 1, 1, 2, 3, 5, 8, 13, 21])
[INFO] [1733817947.390889175] [fibonacci_action_client]: Received feedback: array('i', [0, 1, 1, 2, 3, 5, 8, 13, 21, 34])
[INFO] [1733817947.892045075] [fibonacci_action_client]: Received feedback: array('i', [0, 1, 1, 2, 3, 5, 8, 13, 21, 34, 55])
[INFO] [1733817948.395455374] [fibonacci_action_client]: Result: array('i', [0, 1, 1, 2, 3, 5, 8, 13, 21, 34, 55])
[INFO] [1733817948.896855805] [fibonacci_action_client]: Sending goal with order 10
[INFO] [1733817952.910611616] [fibonacci_action_client]: Goal accepted, waiting for result.
[INFO] [1733817952.912353712] [fibonacci_action_client]: Received feedback: array('i', [0, 1, 1])
[INFO] [1733817953.414458752] [fibonacci_action_client]: Received feedback: array('i', [0, 1, 1, 2])
[INFO] [1733817953.915973873] [fibonacci_action_client]: Received feedback: array('i', [0, 1, 1, 2, 3])
[INFO] [1733817954.417567193] [fibonacci_action_client]: Received feedback: array('i', [0, 1, 1, 2, 3, 5])
[INFO] [1733817954.918862852] [fibonacci_action_client]: Received feedback: array('i', [0, 1, 1, 2, 3, 5, 8])
[INFO] [1733817955.419742105] [fibonacci_action_client]: Received feedback: array('i', [0, 1, 1, 2, 3, 5, 8, 13])
[INFO] [1733817955.920785771] [fibonacci_action_client]: Received feedback: array('i', [0, 1, 1, 2, 3, 5, 8, 13, 21])
[INFO] [1733817956.422424059] [fibonacci_action_client]: Received feedback: array('i', [0, 1, 1, 2, 3, 5, 8, 13, 21, 34])
[INFO] [1733817956.923993389] [fibonacci_action_client]: Received feedback: array('i', [0, 1, 1, 2, 3, 5, 8, 13, 21, 34, 55])
[INFO] [1733817957.427245479] [fibonacci_action_client]: Result: array('i', [0, 1, 1, 2, 3, 5, 8, 13, 21, 34, 55])
[INFO] [1733817957.928314354] [fibonacci_action_client]: Sending goal with order 10
[INFO] [1733817961.940961288] [fibonacci_action_client]: Goal accepted, waiting for result.
[INFO] [1733817961.942769635] [fibonacci_action_client]: Received feedback: array('i', [0, 1, 1])
[INFO] [1733817962.444683854] [fibonacci_action_client]: Received feedback: array('i', [0, 1, 1, 2])
[INFO] [1733817962.946280147] [fibonacci_action_client]: Received feedback: array('i', [0, 1, 1, 2, 3])
[INFO] [1733817963.447029292] [fibonacci_action_client]: Received feedback: array('i', [0, 1, 1, 2, 3, 5])
[INFO] [1733817963.948098280] [fibonacci_action_client]: Received feedback: array('i', [0, 1, 1, 2, 3, 5, 8])
[INFO] [1733817964.449620053] [fibonacci_action_client]: Received feedback: array('i', [0, 1, 1, 2, 3, 5, 8, 13])
[INFO] [1733817964.951006563] [fibonacci_action_client]: Received feedback: array('i', [0, 1, 1, 2, 3, 5, 8, 13, 21])
[INFO] [1733817965.452522201] [fibonacci_action_client]: Received feedback: array('i', [0, 1, 1, 2, 3, 5, 8, 13, 21, 34])
[INFO] [1733817965.954054327] [fibonacci_action_client]: Received feedback: array('i', [0, 1, 1, 2, 3, 5, 8, 13, 21, 34, 55])
[INFO] [1733817966.456664239] [fibonacci_action_client]: Result: array('i', [0, 1, 1, 2, 3, 5, 8, 13, 21, 34, 55])
[INFO] [1733817966.957709310] [fibonacci_action_client]: Sending goal with order 10
[INFO] [1733817970.972765222] [fibonacci_action_client]: Goal accepted, waiting for result.
[INFO] [1733817970.973531781] [fibonacci_action_client]: Received feedback: array('i', [0, 1, 1])
[INFO] [1733817971.474475450] [fibonacci_action_client]: Received feedback: array('i', [0, 1, 1, 2])
[INFO] [1733817971.975962199] [fibonacci_action_client]: Received feedback: array('i', [0, 1, 1, 2, 3])
[INFO] [1733817972.477448548] [fibonacci_action_client]: Received feedback: array('i', [0, 1, 1, 2, 3, 5])
[INFO] [1733817972.979067488] [fibonacci_action_client]: Received feedback: array('i', [0, 1, 1, 2, 3, 5, 8])
[INFO] [1733817973.480459350] [fibonacci_action_client]: Received feedback: array('i', [0, 1, 1, 2, 3, 5, 8, 13])
[INFO] [1733817973.981963280] [fibonacci_action_client]: Received feedback: array('i', [0, 1, 1, 2, 3, 5, 8, 13, 21])
[INFO] [1733817974.482974339] [fibonacci_action_client]: Received feedback: array('i', [0, 1, 1, 2, 3, 5, 8, 13, 21, 34])
[INFO] [1733817974.984428114] [fibonacci_action_client]: Received feedback: array('i', [0, 1, 1, 2, 3, 5, 8, 13, 21, 34, 55])
[INFO] [1733817975.487632558] [fibonacci_action_client]: Result: array('i', [0, 1, 1, 2, 3, 5, 8, 13, 21, 34, 55])
[INFO] [1733817975.988898062] [fibonacci_action_client]: Sending goal with order 10
[INFO] [1733817980.002172788] [fibonacci_action_client]: Goal accepted, waiting for result.
[INFO] [1733817980.003409840] [fibonacci_action_client]: Received feedback: array('i', [0, 1, 1])
[INFO] [1733817980.503825433] [fibonacci_action_client]: Received feedback: array('i', [0, 1, 1, 2])
[INFO] [1733817981.005038426] [fibonacci_action_client]: Received feedback: array('i', [0, 1, 1, 2, 3])
[INFO] [1733817981.506682916] [fibonacci_action_client]: Received feedback: array('i', [0, 1, 1, 2, 3, 5])
[INFO] [1733817982.007985434] [fibonacci_action_client]: Received feedback: array('i', [0, 1, 1, 2, 3, 5, 8])
[INFO] [1733817982.509579896] [fibonacci_action_client]: Received feedback: array('i', [0, 1, 1, 2, 3, 5, 8, 13])
[INFO] [1733817983.010819449] [fibonacci_action_client]: Received feedback: array('i', [0, 1, 1, 2, 3, 5, 8, 13, 21])
[INFO] [1733817983.512195127] [fibonacci_action_client]: Received feedback: array('i', [0, 1, 1, 2, 3, 5, 8, 13, 21, 34])
[INFO] [1733817984.013587839] [fibonacci_action_client]: Received feedback: array('i', [0, 1, 1, 2, 3, 5, 8, 13, 21, 34, 55])
[INFO] [1733817984.517063044] [fibonacci_action_client]: Result: array('i', [0, 1, 1, 2, 3, 5, 8, 13, 21, 34, 55])
[INFO] [1733817985.018131757] [fibonacci_action_client]: Sending goal with order 10
[INFO] [1733817989.032251115] [fibonacci_action_client]: Goal accepted, waiting for result.
[INFO] [1733817989.033644198] [fibonacci_action_client]: Received feedback: array('i', [0, 1, 1])
[INFO] [1733817989.535151929] [fibonacci_action_client]: Received feedback: array('i', [0, 1, 1, 2])
[INFO] [1733817990.036257318] [fibonacci_action_client]: Received feedback: array('i', [0, 1, 1, 2, 3])
[INFO] [1733817990.537336418] [fibonacci_action_client]: Received feedback: array('i', [0, 1, 1, 2, 3, 5])
[INFO] [1733817991.038443218] [fibonacci_action_client]: Received feedback: array('i', [0, 1, 1, 2, 3, 5, 8])
[INFO] [1733817991.539649751] [fibonacci_action_client]: Received feedback: array('i', [0, 1, 1, 2, 3, 5, 8, 13])
[INFO] [1733817992.040744499] [fibonacci_action_client]: Received feedback: array('i', [0, 1, 1, 2, 3, 5, 8, 13, 21])
[INFO] [1733817992.542195617] [fibonacci_action_client]: Received feedback: array('i', [0, 1, 1, 2, 3, 5, 8, 13, 21, 34])
[INFO] [1733817993.043091146] [fibonacci_action_client]: Received feedback: array('i', [0, 1, 1, 2, 3, 5, 8, 13, 21, 34, 55])
[INFO] [1733817993.547156679] [fibonacci_action_client]: Result: array('i', [0, 1, 1, 2, 3, 5, 8, 13, 21, 34, 55])
[INFO] [1733817994.048267541] [fibonacci_action_client]: Sending goal with order 10
[INFO] [1733817998.061293640] [fibonacci_action_client]: Goal accepted, waiting for result.
[INFO] [1733817998.062241191] [fibonacci_action_client]: Received feedback: array('i', [0, 1, 1])
[INFO] [1733817998.563939770] [fibonacci_action_client]: Received feedback: array('i', [0, 1, 1, 2])
[INFO] [1733817999.065471092] [fibonacci_action_client]: Received feedback: array('i', [0, 1, 1, 2, 3])
[INFO] [1733817999.566639741] [fibonacci_action_client]: Received feedback: array('i', [0, 1, 1, 2, 3, 5])
[INFO] [1733818000.068300554] [fibonacci_action_client]: Received feedback: array('i', [0, 1, 1, 2, 3, 5, 8])
[INFO] [1733818000.569865610] [fibonacci_action_client]: Received feedback: array('i', [0, 1, 1, 2, 3, 5, 8, 13])
[INFO] [1733818001.071004427] [fibonacci_action_client]: Received feedback: array('i', [0, 1, 1, 2, 3, 5, 8, 13, 21])
[INFO] [1733818001.572458564] [fibonacci_action_client]: Received feedback: array('i', [0, 1, 1, 2, 3, 5, 8, 13, 21, 34])
[INFO] [1733818002.073662595] [fibonacci_action_client]: Received feedback: array('i', [0, 1, 1, 2, 3, 5, 8, 13, 21, 34, 55])
[INFO] [1733817998.062503815] [fibonacci_action_client]: Result: array('i', [0, 1, 1, 2, 3, 5, 8, 13, 21, 34, 55])
[INFO] [1733817998.563625524] [fibonacci_action_client]: Sending goal with order 10
[INFO] [1733818002.576464263] [fibonacci_action_client]: Goal accepted, waiting for result.
