[INFO] [1733795817.353581072] [fibonacci_action_server]: Executing goal...
[INFO] [1733795817.354116897] [fibonacci_action_server]: Feedback: array('i', [0, 1, 1])
[INFO] [1733795817.855455699] [fibonacci_action_server]: Feedback: array('i', [0, 1, 1, 2])
[INFO] [1733795818.356982115] [fibonacci_action_server]: Feedback: array('i', [0, 1, 1, 2, 3])
[INFO] [1733795818.857800545] [fibonacci_action_server]: Feedback: array('i', [0, 1, 1, 2, 3, 5])
[INFO] [1733795819.359122610] [fibonacci_action_server]: Feedback: array('i', [0, 1, 1, 2, 3, 5, 8])
[INFO] [1733795819.860387012] [fibonacci_action_server]: Feedback: array('i', [0, 1, 1, 2, 3, 5, 8, 13])
[INFO] [1733795820.361972099] [fibonacci_action_server]: Feedback: array('i', [0, 1, 1, 2, 3, 5, 8, 13, 21])
[INFO] [1733795820.863419439] [fibonacci_action_server]: Feedback: array('i', [0, 1, 1, 2, 3, 5, 8, 13, 21, 34])
[INFO] [1733795821.364994878] [fibonacci_action_server]: Feedback: array('i', [0, 1, 1, 2, 3, 5, 8, 13, 21, 34, 55])
[INFO] [1733795821.867974032] [fibonacci_action_server]: Executing goal...
[INFO] [1733795821.868414309] [fibonacci_action_server]: Feedback: array('i', [0, 1, 1])
[INFO] [1733795822.369674800] [fibonacci_action_server]: Feedback: array('i', [0, 1, 1, 2])
[INFO] [1733795822.870834224] [fibonacci_action_server]: Feedback: array('i', [0, 1, 1, 2, 3])
[INFO] [1733795823.371983463] [fibonacci_action_server]: Feedback: array('i', [0, 1, 1, 2, 3, 5])
[INFO] [1733795823.873667506] [fibonacci_action_server]: Feedback: array('i', [0, 1, 1, 2, 3, 5, 8])
[INFO] [1733795824.374487151] [fibonacci_action_server]: Feedback: array('i', [0, 1, 1, 2, 3, 5, 8, 13])
[INFO] [1733795824.875776508] [fibonacci_action_server]: Feedback: array('i', [0, 1, 1, 2, 3, 5, 8, 13, 21])
[INFO] [1733795825.377228201] [fibonacci_action_server]: Feedback: array('i', [0, 1, 1, 2, 3, 5, 8, 13, 21, 34])
[INFO] [1733795825.878618368] [fibonacci_action_server]: Feedback: array('i', [0, 1, 1, 2, 3, 5, 8, 13, 21, 34, 55])
[INFO] [1733795826.381841513] [fibonacci_action_server]: Executing goal...
[INFO] [1733795826.382398728] [fibonacci_action_server]: Feedback: array('i', [0, 1, 1])
[INFO] [1733795826.883580439] [fibonacci_action_server]: Feedback: array('i', [0, 1, 1, 2])
[INFO] [1733795827.384834981] [fibonacci_action_server]: Feedback: array('i', [0, 1, 1, 2, 3])
[INFO] [1733795827.886436039] [fibonacci_action_server]: Feedback: array('i', [0, 1, 1, 2, 3, 5])
[INFO] [1733795828.388085235] [fibonacci_action_server]: Feedback: array('i', [0, 1, 1, 2, 3, 5, 8])
[INFO] [1733795828.889615936] [fibonacci_action_server]: Feedback: array('i', [0, 1, 1, 2, 3, 5, 8, 13])
[INFO] [1733795829.390933815] [fibonacci_action_server]: Feedback: array('i', [0, 1, 1, 2, 3, 5, 8, 13, 21])
[INFO] [1733795829.892263875] [fibonacci_action_server]: Feedback: array('i', [0, 1, 1, 2, 3, 5, 8, 13, 21, 34])
[INFO] [1733795830.393841316] [fibonacci_action_server]: Feedback: array('i', [0, 1, 1, 2, 3, 5, 8, 13, 21, 34, 55])
[INFO] [1733795830.896917564] [fibonacci_action_server]: Executing goal...
[INFO] [1733795830.897535609] [fibonacci_action_server]: Feedback: array('i', [0, 1, 1])
[INFO] [1733795831.398685938] [fibonacci_action_server]: Feedback: array('i', [0, 1, 1, 2])
[INFO] [1733795831.900263296] [fibonacci_action_server]: Feedback: array('i', [0, 1, 1, 2, 3])
[INFO] [1733795832.401804028] [fibonacci_action_server]: Feedback: array('i', [0, 1, 1, 2, 3, 5])
[INFO] [1733795832.903235948] [fibonacci_action_server]: Feedback: array('i', [0, 1, 1, 2, 3, 5, 8])
[INFO] [1733795833.404756373] [fibonacci_action_server]: Feedback: array('i', [0, 1, 1, 2, 3, 5, 8, 13])
[INFO] [1733795833.905924206] [fibonacci_action_server]: Feedback: array('i', [0, 1, 1, 2, 3, 5, 8, 13, 21])
[INFO] [1733795834.407048098] [fibonacci_action_server]: Feedback: array('i', [0, 1, 1, 2, 3, 5, 8, 13, 21, 34])
[INFO] [1733795834.908386154] [fibonacci_action_server]: Feedback: array('i', [0, 1, 1, 2, 3, 5, 8, 13, 21, 34, 55])
[INFO] [1733795835.411020093] [fibonacci_action_server]: Executing goal...
[INFO] [1733795835.411610542] [fibonacci_action_server]: Feedback: array('i', [0, 1, 1])
[INFO] [1733795835.912744616] [fibonacci_action_server]: Feedback: array('i', [0, 1, 1, 2])
[INFO] [1733795836.414356173] [fibonacci_action_server]: Feedback: array('i', [0, 1, 1, 2, 3])
[INFO] [1733795836.915950807] [fibonacci_action_server]: Feedback: array('i', [0, 1, 1, 2, 3, 5])
[INFO] [1733795837.417533904] [fibonacci_action_server]: Feedback: array('i', [0, 1, 1, 2, 3, 5, 8])
[INFO] [1733795837.919050620] [fibonacci_action_server]: Feedback: array('i', [0, 1, 1, 2, 3, 5, 8, 13])
[INFO] [1733795838.420517202] [fibonacci_action_server]: Feedback: array('i', [0, 1, 1, 2, 3, 5, 8, 13, 21])
[INFO] [1733795838.922067946] [fibonacci_action_server]: Feedback: array('i', [0, 1, 1, 2, 3, 5, 8, 13, 21, 34])
[INFO] [1733795839.423395788] [fibonacci_action_server]: Feedback: array('i', [0, 1, 1, 2, 3, 5, 8, 13, 21, 34, 55])
[INFO] [1733795839.926050926] [fibonacci_action_server]: Executing goal...
[INFO] [1733795839.926420442] [fibonacci_action_server]: Feedback: array('i', [0, 1, 1])
[INFO] [1733795840.427789825] [fibonacci_action_server]: Feedback: array('i', [0, 1, 1, 2])
[INFO] [1733795840.929415146] [fibonacci_action_server]: Feedback: array('i', [0, 1, 1, 2, 3])
[INFO] [1733795841.431032513] [fibonacci_action_server]: Feedback: array('i', [0, 1, 1, 2, 3, 5])
[INFO] [1733795841.932536493] [fibonacci_action_server]: Feedback: array('i', [0, 1, 1, 2, 3, 5, 8])
[INFO] [1733795842.434143007] [fibonacci_action_server]: Feedback: array('i', [0, 1, 1, 2, 3, 5, 8, 13])
[INFO] [1733795842.935641027] [fibonacci_action_server]: Feedback: array('i', [0, 1, 1, 2, 3, 5, 8, 13, 21])
[INFO] [1733795843.437153175] [fibonacci_action_server]: Feedback: array('i', [0, 1, 1, 2, 3, 5, 8, 13, 21, 34])
[INFO] [1733795843.938665437] [fibonacci_action_server]: Feedback: array('i', [0, 1, 1, 2, 3, 5, 8, 13, 21, 34, 55])
[INFO] [1733795844.442115987] [fibonacci_action_server]: Executing goal...
[INFO] [1733795844.442736161] [fibonacci_action_server]: Feedback: array('i', [0, 1, 1])
[INFO] [1733795844.943917450] [fibonacci_action_server]: Feedback: array('i', [0, 1, 1, 2])
[INFO] [1733795845.445362364] [fibonacci_action_server]: Feedback: array('i', [0, 1, 1, 2, 3])
[INFO] [1733795845.946144663] [fibonacci_action_server]: Feedback: array('i', [0, 1, 1, 2, 3, 5])
[INFO] [1733795846.447624177] [fibonacci_action_server]: Feedback: array('i', [0, 1, 1, 2, 3, 5, 8])
[INFO] [1733795846.948955941] [fibonacci_action_server]: Feedback: array('i', [0, 1, 1, 2, 3, 5, 8, 13])
[INFO] [1733795847.449754474] [fibonacci_action_server]: Feedback: array('i', [0, 1, 1, 2, 3, 5, 8, 13, 21])
[INFO] [1733795847.950859232] [fibonacci_action_server]: Feedback: array('i', [0, 1, 1, 2, 3, 5, 8, 13, 21, 34])
[INFO] [1733795848.452018490] [fibonacci_action_server]: Feedback: array('i', [0, 1, 1, 2, 3, 5, 8, 13, 21, 34, 55])
[INFO] [1733795848.955241290] [fibonacci_action_server]: Executing goal...
[INFO] [1733795848.955679750] [fibonacci_action_server]: Feedback: array('i', [0, 1, 1])
[INFO] [1733795849.457007457] [fibonacci_action_server]: Feedback: array('i', [0, 1, 1, 2])
[INFO] [1733795849.957894522] [fibonacci_action_server]: Feedback: array('i', [0, 1, 1, 2, 3])
[INFO] [1733795850.459191200] [fibonacci_action_server]: Feedback: array('i', [0, 1, 1, 2, 3, 5])
[INFO] [1733795850.960724254] [fibonacci_action_server]: Feedback: array('i', [0, 1, 1, 2, 3, 5, 8])
[INFO] [1733795851.462094321] [fibonacci_action_server]: Feedback: array('i', [0, 1, 1, 2, 3, 5, 8, 13])
[INFO] [1733795851.963547639] [fibonacci_action_server]: Feedback: array('i', [0, 1, 1, 2, 3, 5, 8, 13, 21])
[INFO] [1733795852.464737253] [fibonacci_action_server]: Feedback: array('i', [0, 1, 1, 2, 3, 5, 8, 13, 21, 34])
[INFO] [1733795852.966324327] [fibonacci_action_server]: Feedback: array('i', [0, 1, 1, 2, 3, 5, 8, 13, 21, 34, 55])
[INFO] [1733795853.469672040] [fibonacci_action_server]: Executing goal...
[INFO] [1733795853.470034719] [fibonacci_action_server]: Feedback: array('i', [0, 1, 1])
[INFO] [1733795853.971386101] [fibonacci_action_server]: Feedback: array('i', [0, 1, 1, 2])
[INFO] [1733795854.472741100] [fibonacci_action_server]: Feedback: array('i', [0, 1, 1, 2, 3])
[INFO] [1733795854.974095163] [fibonacci_action_server]: Feedback: array('i', [0, 1, 1, 2, 3, 5])
[INFO] [1733795855.475541387] [fibonacci_action_server]: Feedback: array('i', [0, 1, 1, 2, 3, 5, 8])
[INFO] [1733795855.977054140] [fibonacci_action_server]: Feedback: array('i', [0, 1, 1, 2, 3, 5, 8, 13])
[INFO] [1733795856.478075466] [fibonacci_action_server]: Feedback: array('i', [0, 1, 1, 2, 3, 5, 8, 13, 21])
[INFO] [1733795856.979273895] [fibonacci_action_server]: Feedback: array('i', [0, 1, 1, 2, 3, 5, 8, 13, 21, 34])
[INFO] [1733795857.480639204] [fibonacci_action_server]: Feedback: array('i', [0, 1, 1, 2, 3, 5, 8, 13, 21, 34, 55])
[INFO] [1733795857.983875813] [fibonacci_action_server]: Executing goal...
[INFO] [1733795857.984557110] [fibonacci_action_server]: Feedback: array('i', [0, 1, 1])
[INFO] [1733795858.486105123] [fibonacci_action_server]: Feedback: array('i', [0, 1, 1, 2])
[INFO] [1733795858.987484087] [fibonacci_action_server]: Feedback: array('i', [0, 1, 1, 2, 3])
[INFO] [1733795859.488643686] [fibonacci_action_server]: Feedback: array('i', [0, 1, 1, 2, 3, 5])
[INFO] [1733795859.989758119] [fibonacci_action_server]: Feedback: array('i', [0, 1, 1, 2, 3, 5, 8])
[INFO] [1733795860.490913856] [fibonacci_action_server]: Feedback: array('i', [0, 1, 1, 2, 3, 5, 8, 13])
[INFO] [1733795860.992057900] [fibonacci_action_server]: Feedback: array('i', [0, 1, 1, 2, 3, 5, 8, 13, 21])
[INFO] [1733795861.493288618] [fibonacci_action_server]: Feedback: array('i', [0, 1, 1, 2, 3, 5, 8, 13, 21, 34])
[INFO] [1733795861.994588040] [fibonacci_action_server]: Feedback: array('i', [0, 1, 1, 2, 3, 5, 8, 13, 21, 34, 55])
[INFO] [1733795862.497902523] [fibonacci_action_server]: Executing goal...
[INFO] [1733795862.498608737] [fibonacci_action_server]: Feedback: array('i', [0, 1, 1])
[INFO] [1733795862.999927598] [fibonacci_action_server]: Feedback: array('i', [0, 1, 1, 2])
[INFO] [1733795863.501062283] [fibonacci_action_server]: Feedback: array('i', [0, 1, 1, 2, 3])
[INFO] [1733795864.001789635] [fibonacci_action_server]: Feedback: array('i', [0, 1, 1, 2, 3, 5])
[INFO] [1733795864.503432257] [fibonacci_action_server]: Feedback: array('i', [0, 1, 1, 2, 3, 5, 8])
[INFO] [1733795865.004614114] [fibonacci_action_server]: Feedback: array('i', [0, 1, 1, 2, 3, 5, 8, 13])
[INFO] [1733795865.505799984] [fibonacci_action_server]: Feedback: array('i', [0, 1, 1, 2, 3, 5, 8, 13, 21])
[INFO] [1733795866.007159260] [fibonacci_action_server]: Feedback: array('i', [0, 1, 1, 2, 3, 5, 8, 13, 21, 34])
[INFO] [1733795866.508689469] [fibonacci_action_server]: Feedback: array('i', [0, 1, 1, 2, 3, 5, 8, 13, 21, 34, 55])
[INFO] [1733795867.011716220] [fibonacci_action_server]: Executing goal...
[INFO] [1733795867.012115867] [fibonacci_action_server]: Feedback: array('i', [0, 1, 1])
[INFO] [1733795867.513367955] [fibonacci_action_server]: Feedback: array('i', [0, 1, 1, 2])
[INFO] [1733795868.015055046] [fibonacci_action_server]: Feedback: array('i', [0, 1, 1, 2, 3])
[INFO] [1733795868.516646275] [fibonacci_action_server]: Feedback: array('i', [0, 1, 1, 2, 3, 5])
[INFO] [1733795869.018156667] [fibonacci_action_server]: Feedback: array('i', [0, 1, 1, 2, 3, 5, 8])
[INFO] [1733795869.519611045] [fibonacci_action_server]: Feedback: array('i', [0, 1, 1, 2, 3, 5, 8, 13])
[INFO] [1733795870.021083737] [fibonacci_action_server]: Feedback: array('i', [0, 1, 1, 2, 3, 5, 8, 13, 21])
[INFO] [1733795870.522360973] [fibonacci_action_server]: Feedback: array('i', [0, 1, 1, 2, 3, 5, 8, 13, 21, 34])
[INFO] [1733795871.023445737] [fibonacci_action_server]: Feedback: array('i', [0, 1, 1, 2, 3, 5, 8, 13, 21, 34, 55])
[INFO] [1733795871.526022424] [fibonacci_action_server]: Executing goal...
[INFO] [1733795871.526436201] [fibonacci_action_server]: Feedback: array('i', [0, 1, 1])
[INFO] [1733795872.027607912] [fibonacci_action_server]: Feedback: array('i', [0, 1, 1, 2])
[INFO] [1733795872.528891869] [fibonacci_action_server]: Feedback: array('i', [0, 1, 1, 2, 3])
[INFO] [1733795873.030447833] [fibonacci_action_server]: Feedback: array('i', [0, 1, 1, 2, 3, 5])
[INFO] [1733795873.531960366] [fibonacci_action_server]: Feedback: array('i', [0, 1, 1, 2, 3, 5, 8])
[INFO] [1733795874.033585580] [fibonacci_action_server]: Feedback: array('i', [0, 1, 1, 2, 3, 5, 8, 13])
[INFO] [1733795874.534891547] [fibonacci_action_server]: Feedback: array('i', [0, 1, 1, 2, 3, 5, 8, 13, 21])
[INFO] [1733795875.036392537] [fibonacci_action_server]: Feedback: array('i', [0, 1, 1, 2, 3, 5, 8, 13, 21, 34])
[INFO] [1733795875.537974240] [fibonacci_action_server]: Feedback: array('i', [0, 1, 1, 2, 3, 5, 8, 13, 21, 34, 55])
[INFO] [1733795876.040598423] [fibonacci_action_server]: Executing goal...
[INFO] [1733795876.040972997] [fibonacci_action_server]: Feedback: array('i', [0, 1, 1])
[INFO] [1733795876.542395429] [fibonacci_action_server]: Feedback: array('i', [0, 1, 1, 2])
[INFO] [1733795877.043900684] [fibonacci_action_server]: Feedback: array('i', [0, 1, 1, 2, 3])
[INFO] [1733795877.545432184] [fibonacci_action_server]: Feedback: array('i', [0, 1, 1, 2, 3, 5])
[INFO] [1733795878.046846504] [fibonacci_action_server]: Feedback: array('i', [0, 1, 1, 2, 3, 5, 8])
[INFO] [1733795878.548281195] [fibonacci_action_server]: Feedback: array('i', [0, 1, 1, 2, 3, 5, 8, 13])
[INFO] [1733795879.049813030] [fibonacci_action_server]: Feedback: array('i', [0, 1, 1, 2, 3, 5, 8, 13, 21])
[INFO] [1733795879.551154892] [fibonacci_action_server]: Feedback: array('i', [0, 1, 1, 2, 3, 5, 8, 13, 21, 34])
[INFO] [1733795880.052473290] [fibonacci_action_server]: Feedback: array('i', [0, 1, 1, 2, 3, 5, 8, 13, 21, 34, 55])
[INFO] [1733795880.555925003] [fibonacci_action_server]: Executing goal...
[INFO] [1733795880.556446051] [fibonacci_action_server]: Feedback: array('i', [0, 1, 1])
[INFO] [1733795881.057875118] [fibonacci_action_server]: Feedback: array('i', [0, 1, 1, 2])
[INFO] [1733795881.559564795] [fibonacci_action_server]: Feedback: array('i', [0, 1, 1, 2, 3])
[INFO] [1733795882.060997427] [fibonacci_action_server]: Feedback: array('i', [0, 1, 1, 2, 3, 5])
[INFO] [1733795882.562118273] [fibonacci_action_server]: Feedback: array('i', [0, 1, 1, 2, 3, 5, 8])
[INFO] [1733795883.063337877] [fibonacci_action_server]: Feedback: array('i', [0, 1, 1, 2, 3, 5, 8, 13])
[INFO] [1733795883.564463841] [fibonacci_action_server]: Feedback: array('i', [0, 1, 1, 2, 3, 5, 8, 13, 21])
[INFO] [1733795884.065651590] [fibonacci_action_server]: Feedback: array('i', [0, 1, 1, 2, 3, 5, 8, 13, 21, 34])
[INFO] [1733795884.566815687] [fibonacci_action_server]: Feedback: array('i', [0, 1, 1, 2, 3, 5, 8, 13, 21, 34, 55])
[INFO] [1733795885.069958121] [fibonacci_action_server]: Executing goal...
[INFO] [1733795885.070376923] [fibonacci_action_server]: Feedback: array('i', [0, 1, 1])
[INFO] [1733795885.571826478] [fibonacci_action_server]: Feedback: array('i', [0, 1, 1, 2])
[INFO] [1733795886.073410292] [fibonacci_action_server]: Feedback: array('i', [0, 1, 1, 2, 3])
[INFO] [1733795886.574846914] [fibonacci_action_server]: Feedback: array('i', [0, 1, 1, 2, 3, 5])
[INFO] [1733795887.076332731] [fibonacci_action_server]: Feedback: array('i', [0, 1, 1, 2, 3, 5, 8])
[INFO] [1733795887.577888479] [fibonacci_action_server]: Feedback: array('i', [0, 1, 1, 2, 3, 5, 8, 13])
[INFO] [1733795888.079371480] [fibonacci_action_server]: Feedback: array('i', [0, 1, 1, 2, 3, 5, 8, 13, 21])
[INFO] [1733795888.580608875] [fibonacci_action_server]: Feedback: array('i', [0, 1, 1, 2, 3, 5, 8, 13, 21, 34])
[INFO] [1733795889.081906547] [fibonacci_action_server]: Feedback: array('i', [0, 1, 1, 2, 3, 5, 8, 13, 21, 34, 55])
[INFO] [1733795889.585620924] [fibonacci_action_server]: Executing goal...
[INFO] [1733795889.586241856] [fibonacci_action_server]: Feedback: array('i', [0, 1, 1])
[INFO] [1733795890.087364434] [fibonacci_action_server]: Feedback: array('i', [0, 1, 1, 2])
[INFO] [1733795890.588633088] [fibonacci_action_server]: Feedback: array('i', [0, 1, 1, 2, 3])
[INFO] [1733795891.089772930] [fibonacci_action_server]: Feedback: array('i', [0, 1, 1, 2, 3, 5])
[INFO] [1733795891.591136813] [fibonacci_action_server]: Feedback: array('i', [0, 1, 1, 2, 3, 5, 8])
[INFO] [1733795892.092624085] [fibonacci_action_server]: Feedback: array('i', [0, 1, 1, 2, 3, 5, 8, 13])
[INFO] [1733795892.593884689] [fibonacci_action_server]: Feedback: array('i', [0, 1, 1, 2, 3, 5, 8, 13, 21])
[INFO] [1733795893.094780755] [fibonacci_action_server]: Feedback: array('i', [0, 1, 1, 2, 3, 5, 8, 13, 21, 34])
[INFO] [1733795893.596344667] [fibonacci_action_server]: Feedback: array('i', [0, 1, 1, 2, 3, 5, 8, 13, 21, 34, 55])
[INFO] [1733795894.099548723] [fibonacci_action_server]: Executing goal...
[INFO] [1733795894.099966583] [fibonacci_action_server]: Feedback: array('i', [0, 1, 1])
[INFO] [1733795894.601451805] [fibonacci_action_server]: Feedback: array('i', [0, 1, 1, 2])
[INFO] [1733795895.102749421] [fibonacci_action_server]: Feedback: array('i', [0, 1, 1, 2, 3])
[INFO] [1733795895.603974291] [fibonacci_action_server]: Feedback: array('i', [0, 1, 1, 2, 3, 5])
[INFO] [1733795896.105103957] [fibonacci_action_server]: Feedback: array('i', [0, 1, 1, 2, 3, 5, 8])
[INFO] [1733795896.605765168] [fibonacci_action_server]: Feedback: array('i', [0, 1, 1, 2, 3, 5, 8, 13])
[INFO] [1733795897.106916112] [fibonacci_action_server]: Feedback: array('i', [0, 1, 1, 2, 3, 5, 8, 13, 21])
[INFO] [1733795897.608071473] [fibonacci_action_server]: Feedback: array('i', [0, 1, 1, 2, 3, 5, 8, 13, 21, 34])
[INFO] [1733795898.109595674] [fibonacci_action_server]: Feedback: array('i', [0, 1, 1, 2, 3, 5, 8, 13, 21, 34, 55])
[INFO] [1733795898.612809143] [fibonacci_action_server]: Executing goal...
[INFO] [1733795898.613173218] [fibonacci_action_server]: Feedback: array('i', [0, 1, 1])
[INFO] [1733795899.114149274] [fibonacci_action_server]: Feedback: array('i', [0, 1, 1, 2])
[INFO] [1733795899.615766241] [fibonacci_action_server]: Feedback: array('i', [0, 1, 1, 2, 3])
[INFO] [1733795900.117269017] [fibonacci_action_server]: Feedback: array('i', [0, 1, 1, 2, 3, 5])
[INFO] [1733795900.618735512] [fibonacci_action_server]: Feedback: array('i', [0, 1, 1, 2, 3, 5, 8])
[INFO] [1733795901.120215805] [fibonacci_action_server]: Feedback: array('i', [0, 1, 1, 2, 3, 5, 8, 13])
[INFO] [1733795901.621649926] [fibonacci_action_server]: Feedback: array('i', [0, 1, 1, 2, 3, 5, 8, 13, 21])
[INFO] [1733795902.123180839] [fibonacci_action_server]: Feedback: array('i', [0, 1, 1, 2, 3, 5, 8, 13, 21, 34])
[INFO] [1733795902.624780860] [fibonacci_action_server]: Feedback: array('i', [0, 1, 1, 2, 3, 5, 8, 13, 21, 34, 55])
[INFO] [1733795903.128002148] [fibonacci_action_server]: Executing goal...
[INFO] [1733795903.128367833] [fibonacci_action_server]: Feedback: array('i', [0, 1, 1])
[INFO] [1733795903.629803928] [fibonacci_action_server]: Feedback: array('i', [0, 1, 1, 2])
[INFO] [1733795904.131252843] [fibonacci_action_server]: Feedback: array('i', [0, 1, 1, 2, 3])
[INFO] [1733795904.632752997] [fibonacci_action_server]: Feedback: array('i', [0, 1, 1, 2, 3, 5])
[INFO] [1733795905.134137757] [fibonacci_action_server]: Feedback: array('i', [0, 1, 1, 2, 3, 5, 8])
[INFO] [1733795905.635446109] [fibonacci_action_server]: Feedback: array('i', [0, 1, 1, 2, 3, 5, 8, 13])
[INFO] [1733795906.136928343] [fibonacci_action_server]: Feedback: array('i', [0, 1, 1, 2, 3, 5, 8, 13, 21])
[INFO] [1733795906.638017530] [fibonacci_action_server]: Feedback: array('i', [0, 1, 1, 2, 3, 5, 8, 13, 21, 34])
[INFO] [1733795907.139485721] [fibonacci_action_server]: Feedback: array('i', [0, 1, 1, 2, 3, 5, 8, 13, 21, 34, 55])
[INFO] [1733795907.642653758] [fibonacci_action_server]: Executing goal...
[INFO] [1733795907.643016866] [fibonacci_action_server]: Feedback: array('i', [0, 1, 1])
[INFO] [1733795908.144373130] [fibonacci_action_server]: Feedback: array('i', [0, 1, 1, 2])
[INFO] [1733795908.645699217] [fibonacci_action_server]: Feedback: array('i', [0, 1, 1, 2, 3])
[INFO] [1733795909.147029480] [fibonacci_action_server]: Feedback: array('i', [0, 1, 1, 2, 3, 5])
[INFO] [1733795909.648273844] [fibonacci_action_server]: Feedback: array('i', [0, 1, 1, 2, 3, 5, 8])
[INFO] [1733795910.149747190] [fibonacci_action_server]: Feedback: array('i', [0, 1, 1, 2, 3, 5, 8, 13])
[INFO] [1733795910.651659970] [fibonacci_action_server]: Feedback: array('i', [0, 1, 1, 2, 3, 5, 8, 13, 21])
[INFO] [1733795911.153129758] [fibonacci_action_server]: Feedback: array('i', [0, 1, 1, 2, 3, 5, 8, 13, 21, 34])
[INFO] [1733795911.654763725] [fibonacci_action_server]: Feedback: array('i', [0, 1, 1, 2, 3, 5, 8, 13, 21, 34, 55])
[INFO] [1733795912.157916318] [fibonacci_action_server]: Executing goal...
[INFO] [1733795912.158381841] [fibonacci_action_server]: Feedback: array('i', [0, 1, 1])
[INFO] [1733795912.659729083] [fibonacci_action_server]: Feedback: array('i', [0, 1, 1, 2])
[INFO] [1733795913.161103695] [fibonacci_action_server]: Feedback: array('i', [0, 1, 1, 2, 3])
[INFO] [1733795913.662138115] [fibonacci_action_server]: Feedback: array('i', [0, 1, 1, 2, 3, 5])
[INFO] [1733795914.163320390] [fibonacci_action_server]: Feedback: array('i', [0, 1, 1, 2, 3, 5, 8])
[INFO] [1733795914.664793686] [fibonacci_action_server]: Feedback: array('i', [0, 1, 1, 2, 3, 5, 8, 13])
[INFO] [1733795915.165885303] [fibonacci_action_server]: Feedback: array('i', [0, 1, 1, 2, 3, 5, 8, 13, 21])
[INFO] [1733795915.667286268] [fibonacci_action_server]: Feedback: array('i', [0, 1, 1, 2, 3, 5, 8, 13, 21, 34])
[INFO] [1733795916.168745637] [fibonacci_action_server]: Feedback: array('i', [0, 1, 1, 2, 3, 5, 8, 13, 21, 34, 55])
[INFO] [1733795916.671715155] [fibonacci_action_server]: Executing goal...
[INFO] [1733795916.672192037] [fibonacci_action_server]: Feedback: array('i', [0, 1, 1])
[INFO] [1733795917.173607647] [fibonacci_action_server]: Feedback: array('i', [0, 1, 1, 2])
[INFO] [1733795917.674942779] [fibonacci_action_server]: Feedback: array('i', [0, 1, 1, 2, 3])
[INFO] [1733795918.176224908] [fibonacci_action_server]: Feedback: array('i', [0, 1, 1, 2, 3, 5])
[INFO] [1733795918.677421221] [fibonacci_action_server]: Feedback: array('i', [0, 1, 1, 2, 3, 5, 8])
[INFO] [1733795919.178877451] [fibonacci_action_server]: Feedback: array('i', [0, 1, 1, 2, 3, 5, 8, 13])
[INFO] [1733795919.680278541] [fibonacci_action_server]: Feedback: array('i', [0, 1, 1, 2, 3, 5, 8, 13, 21])
[INFO] [1733795920.181640828] [fibonacci_action_server]: Feedback: array('i', [0, 1, 1, 2, 3, 5, 8, 13, 21, 34])
[INFO] [1733795920.683114660] [fibonacci_action_server]: Feedback: array('i', [0, 1, 1, 2, 3, 5, 8, 13, 21, 34, 55])
[INFO] [1733795921.186318106] [fibonacci_action_server]: Executing goal...
[INFO] [1733795921.186779018] [fibonacci_action_server]: Feedback: array('i', [0, 1, 1])
[INFO] [1733795921.687732549] [fibonacci_action_server]: Feedback: array('i', [0, 1, 1, 2])
[INFO] [1733795922.188942082] [fibonacci_action_server]: Feedback: array('i', [0, 1, 1, 2, 3])
[INFO] [1733795922.689764480] [fibonacci_action_server]: Feedback: array('i', [0, 1, 1, 2, 3, 5])
[INFO] [1733795923.190971092] [fibonacci_action_server]: Feedback: array('i', [0, 1, 1, 2, 3, 5, 8])
[INFO] [1733795923.692266523] [fibonacci_action_server]: Feedback: array('i', [0, 1, 1, 2, 3, 5, 8, 13])
[INFO] [1733795924.193730708] [fibonacci_action_server]: Feedback: array('i', [0, 1, 1, 2, 3, 5, 8, 13, 21])
[INFO] [1733795924.695245613] [fibonacci_action_server]: Feedback: array('i', [0, 1, 1, 2, 3, 5, 8, 13, 21, 34])
[INFO] [1733795925.196701969] [fibonacci_action_server]: Feedback: array('i', [0, 1, 1, 2, 3, 5, 8, 13, 21, 34, 55])
[INFO] [1733795925.700354496] [fibonacci_action_server]: Executing goal...
[INFO] [1733795925.701052702] [fibonacci_action_server]: Feedback: array('i', [0, 1, 1])
[INFO] [1733795926.202175257] [fibonacci_action_server]: Feedback: array('i', [0, 1, 1, 2])
[INFO] [1733795926.703643046] [fibonacci_action_server]: Feedback: array('i', [0, 1, 1, 2, 3])
[INFO] [1733795927.204825046] [fibonacci_action_server]: Feedback: array('i', [0, 1, 1, 2, 3, 5])
[INFO] [1733795927.706054034] [fibonacci_action_server]: Feedback: array('i', [0, 1, 1, 2, 3, 5, 8])
[INFO] [1733795928.207644738] [fibonacci_action_server]: Feedback: array('i', [0, 1, 1, 2, 3, 5, 8, 13])
[INFO] [1733795928.709093890] [fibonacci_action_server]: Feedback: array('i', [0, 1, 1, 2, 3, 5, 8, 13, 21])
[INFO] [1733795929.210731365] [fibonacci_action_server]: Feedback: array('i', [0, 1, 1, 2, 3, 5, 8, 13, 21, 34])
[INFO] [1733795929.712029587] [fibonacci_action_server]: Feedback: array('i', [0, 1, 1, 2, 3, 5, 8, 13, 21, 34, 55])
[INFO] [1733795930.215304698] [fibonacci_action_server]: Executing goal...
[INFO] [1733795930.215826175] [fibonacci_action_server]: Feedback: array('i', [0, 1, 1])
[INFO] [1733795930.717214849] [fibonacci_action_server]: Feedback: array('i', [0, 1, 1, 2])
[INFO] [1733795931.218625118] [fibonacci_action_server]: Feedback: array('i', [0, 1, 1, 2, 3])
[INFO] [1733795931.720399846] [fibonacci_action_server]: Feedback: array('i', [0, 1, 1, 2, 3, 5])
[INFO] [1733795932.222016705] [fibonacci_action_server]: Feedback: array('i', [0, 1, 1, 2, 3, 5, 8])
[INFO] [1733795932.723323350] [fibonacci_action_server]: Feedback: array('i', [0, 1, 1, 2, 3, 5, 8, 13])
[INFO] [1733795933.224786806] [fibonacci_action_server]: Feedback: array('i', [0, 1, 1, 2, 3, 5, 8, 13, 21])
[INFO] [1733795933.726053366] [fibonacci_action_server]: Feedback: array('i', [0, 1, 1, 2, 3, 5, 8, 13, 21, 34])
[INFO] [1733795934.227288166] [fibonacci_action_server]: Feedback: array('i', [0, 1, 1, 2, 3, 5, 8, 13, 21, 34, 55])
[INFO] [1733795934.729970728] [fibonacci_action_server]: Executing goal...
[INFO] [1733795934.730377421] [fibonacci_action_server]: Feedback: array('i', [0, 1, 1])
[INFO] [1733795935.231658250] [fibonacci_action_server]: Feedback: array('i', [0, 1, 1, 2])
[INFO] [1733795935.732867807] [fibonacci_action_server]: Feedback: array('i', [0, 1, 1, 2, 3])
[INFO] [1733795936.234508337] [fibonacci_action_server]: Feedback: array('i', [0, 1, 1, 2, 3, 5])
[INFO] [1733795936.736011654] [fibonacci_action_server]: Feedback: array('i', [0, 1, 1, 2, 3, 5, 8])
[INFO] [1733795937.237577094] [fibonacci_action_server]: Feedback: array('i', [0, 1, 1, 2, 3, 5, 8, 13])
[INFO] [1733795937.738867273] [fibonacci_action_server]: Feedback: array('i', [0, 1, 1, 2, 3, 5, 8, 13, 21])
[INFO] [1733795938.240091476] [fibonacci_action_server]: Feedback: array('i', [0, 1, 1, 2, 3, 5, 8, 13, 21, 34])
[INFO] [1733795938.741260843] [fibonacci_action_server]: Feedback: array('i', [0, 1, 1, 2, 3, 5, 8, 13, 21, 34, 55])
[INFO] [1733795939.243980066] [fibonacci_action_server]: Executing goal...
[INFO] [1733795939.244411366] [fibonacci_action_server]: Feedback: array('i', [0, 1, 1])
[INFO] [1733795939.745803057] [fibonacci_action_server]: Feedback: array('i', [0, 1, 1, 2])
[INFO] [1733795940.247185859] [fibonacci_action_server]: Feedback: array('i', [0, 1, 1, 2, 3])
[INFO] [1733795940.748565866] [fibonacci_action_server]: Feedback: array('i', [0, 1, 1, 2, 3, 5])
[INFO] [1733795941.250084356] [fibonacci_action_server]: Feedback: array('i', [0, 1, 1, 2, 3, 5, 8])
[INFO] [1733795941.751344426] [fibonacci_action_server]: Feedback: array('i', [0, 1, 1, 2, 3, 5, 8, 13])
[INFO] [1733795942.252691187] [fibonacci_action_server]: Feedback: array('i', [0, 1, 1, 2, 3, 5, 8, 13, 21])
[INFO] [1733795942.753796073] [fibonacci_action_server]: Feedback: array('i', [0, 1, 1, 2, 3, 5, 8, 13, 21, 34])
[INFO] [1733795943.255075016] [fibonacci_action_server]: Feedback: array('i', [0, 1, 1, 2, 3, 5, 8, 13, 21, 34, 55])
[INFO] [1733795943.758212279] [fibonacci_action_server]: Executing goal...
[INFO] [1733795943.758660711] [fibonacci_action_server]: Feedback: array('i', [0, 1, 1])
[INFO] [1733795944.260412328] [fibonacci_action_server]: Feedback: array('i', [0, 1, 1, 2])
[INFO] [1733795944.762061126] [fibonacci_action_server]: Feedback: array('i', [0, 1, 1, 2, 3])
[INFO] [1733795945.263199778] [fibonacci_action_server]: Feedback: array('i', [0, 1, 1, 2, 3, 5])
[INFO] [1733795945.764652421] [fibonacci_action_server]: Feedback: array('i', [0, 1, 1, 2, 3, 5, 8])
[INFO] [1733795946.265792900] [fibonacci_action_server]: Feedback: array('i', [0, 1, 1, 2, 3, 5, 8, 13])
[INFO] [1733795946.767035983] [fibonacci_action_server]: Feedback: array('i', [0, 1, 1, 2, 3, 5, 8, 13, 21])
[INFO] [1733795947.268452210] [fibonacci_action_server]: Feedback: array('i', [0, 1, 1, 2, 3, 5, 8, 13, 21, 34])
[INFO] [1733795947.770055977] [fibonacci_action_server]: Feedback: array('i', [0, 1, 1, 2, 3, 5, 8, 13, 21, 34, 55])
[INFO] [1733795948.273269605] [fibonacci_action_server]: Executing goal...
[INFO] [1733795948.273993143] [fibonacci_action_server]: Feedback: array('i', [0, 1, 1])
[INFO] [1733795948.775171816] [fibonacci_action_server]: Feedback: array('i', [0, 1, 1, 2])
[INFO] [1733795949.277001173] [fibonacci_action_server]: Feedback: array('i', [0, 1, 1, 2, 3])
[INFO] [1733795949.778172779] [fibonacci_action_server]: Feedback: array('i', [0, 1, 1, 2, 3, 5])
[INFO] [1733795950.279616988] [fibonacci_action_server]: Feedback: array('i', [0, 1, 1, 2, 3, 5, 8])
[INFO] [1733795950.780812335] [fibonacci_action_server]: Feedback: array('i', [0, 1, 1, 2, 3, 5, 8, 13])
[INFO] [1733795951.282278897] [fibonacci_action_server]: Feedback: array('i', [0, 1, 1, 2, 3, 5, 8, 13, 21])
[INFO] [1733795951.783772671] [fibonacci_action_server]: Feedback: array('i', [0, 1, 1, 2, 3, 5, 8, 13, 21, 34])
[INFO] [1733795952.285461884] [fibonacci_action_server]: Feedback: array('i', [0, 1, 1, 2, 3, 5, 8, 13, 21, 34, 55])
[INFO] [1733795952.789053018] [fibonacci_action_server]: Executing goal...
[INFO] [1733795952.789668160] [fibonacci_action_server]: Feedback: array('i', [0, 1, 1])
[INFO] [1733795953.290851901] [fibonacci_action_server]: Feedback: array('i', [0, 1, 1, 2])
[INFO] [1733795953.792226499] [fibonacci_action_server]: Feedback: array('i', [0, 1, 1, 2, 3])
[INFO] [1733795954.294139084] [fibonacci_action_server]: Feedback: array('i', [0, 1, 1, 2, 3, 5])
[INFO] [1733795954.795732531] [fibonacci_action_server]: Feedback: array('i', [0, 1, 1, 2, 3, 5, 8])
[INFO] [1733795955.297441435] [fibonacci_action_server]: Feedback: array('i', [0, 1, 1, 2, 3, 5, 8, 13])
[INFO] [1733795955.798688164] [fibonacci_action_server]: Feedback: array('i', [0, 1, 1, 2, 3, 5, 8, 13, 21])
[INFO] [1733795956.300107719] [fibonacci_action_server]: Feedback: array('i', [0, 1, 1, 2, 3, 5, 8, 13, 21, 34])
[INFO] [1733795956.801665193] [fibonacci_action_server]: Feedback: array('i', [0, 1, 1, 2, 3, 5, 8, 13, 21, 34, 55])
[INFO] [1733795957.305268940] [fibonacci_action_server]: Executing goal...
[INFO] [1733795957.305884689] [fibonacci_action_server]: Feedback: array('i', [0, 1, 1])
[INFO] [1733795957.807094780] [fibonacci_action_server]: Feedback: array('i', [0, 1, 1, 2])
[INFO] [1733795958.308228394] [fibonacci_action_server]: Feedback: array('i', [0, 1, 1, 2, 3])
[INFO] [1733795958.809410089] [fibonacci_action_server]: Feedback: array('i', [0, 1, 1, 2, 3, 5])
[INFO] [1733795959.310202871] [fibonacci_action_server]: Feedback: array('i', [0, 1, 1, 2, 3, 5, 8])
[INFO] [1733795959.811855602] [fibonacci_action_server]: Feedback: array('i', [0, 1, 1, 2, 3, 5, 8, 13])
[INFO] [1733795960.313291799] [fibonacci_action_server]: Feedback: array('i', [0, 1, 1, 2, 3, 5, 8, 13, 21])
[INFO] [1733795960.814136763] [fibonacci_action_server]: Feedback: array('i', [0, 1, 1, 2, 3, 5, 8, 13, 21, 34])
[INFO] [1733795961.315580151] [fibonacci_action_server]: Feedback: array('i', [0, 1, 1, 2, 3, 5, 8, 13, 21, 34, 55])
[INFO] [1733795961.819437610] [fibonacci_action_server]: Executing goal...
[INFO] [1733795961.820153873] [fibonacci_action_server]: Feedback: array('i', [0, 1, 1])
[INFO] [1733795962.321228290] [fibonacci_action_server]: Feedback: array('i', [0, 1, 1, 2])
[INFO] [1733795962.822663021] [fibonacci_action_server]: Feedback: array('i', [0, 1, 1, 2, 3])
[INFO] [1733795963.324028380] [fibonacci_action_server]: Feedback: array('i', [0, 1, 1, 2, 3, 5])
[INFO] [1733795963.825736848] [fibonacci_action_server]: Feedback: array('i', [0, 1, 1, 2, 3, 5, 8])
[INFO] [1733795964.327162315] [fibonacci_action_server]: Feedback: array('i', [0, 1, 1, 2, 3, 5, 8, 13])
[INFO] [1733795964.828620744] [fibonacci_action_server]: Feedback: array('i', [0, 1, 1, 2, 3, 5, 8, 13, 21])
[INFO] [1733795965.330027429] [fibonacci_action_server]: Feedback: array('i', [0, 1, 1, 2, 3, 5, 8, 13, 21, 34])
[INFO] [1733795965.831481079] [fibonacci_action_server]: Feedback: array('i', [0, 1, 1, 2, 3, 5, 8, 13, 21, 34, 55])
[INFO] [1733795966.335294390] [fibonacci_action_server]: Executing goal...
[INFO] [1733795966.336046292] [fibonacci_action_server]: Feedback: array('i', [0, 1, 1])
[INFO] [1733795966.837114218] [fibonacci_action_server]: Feedback: array('i', [0, 1, 1, 2])
[INFO] [1733795967.338052677] [fibonacci_action_server]: Feedback: array('i', [0, 1, 1, 2, 3])
[INFO] [1733795967.839346779] [fibonacci_action_server]: Feedback: array('i', [0, 1, 1, 2, 3, 5])
[INFO] [1733795968.340893877] [fibonacci_action_server]: Feedback: array('i', [0, 1, 1, 2, 3, 5, 8])
[INFO] [1733795968.842266210] [fibonacci_action_server]: Feedback: array('i', [0, 1, 1, 2, 3, 5, 8, 13])
[INFO] [1733795969.343627614] [fibonacci_action_server]: Feedback: array('i', [0, 1, 1, 2, 3, 5, 8, 13, 21])
[INFO] [1733795969.845044296] [fibonacci_action_server]: Feedback: array('i', [0, 1, 1, 2, 3, 5, 8, 13, 21, 34])
[INFO] [1733795970.345749400] [fibonacci_action_server]: Feedback: array('i', [0, 1, 1, 2, 3, 5, 8, 13, 21, 34, 55])
[INFO] [1733795970.848331297] [fibonacci_action_server]: Executing goal...
[INFO] [1733795970.848740648] [fibonacci_action_server]: Feedback: array('i', [0, 1, 1])
[INFO] [1733795971.349985846] [fibonacci_action_server]: Feedback: array('i', [0, 1, 1, 2])
[INFO] [1733795971.851265411] [fibonacci_action_server]: Feedback: array('i', [0, 1, 1, 2, 3])
[INFO] [1733795972.352758369] [fibonacci_action_server]: Feedback: array('i', [0, 1, 1, 2, 3, 5])
[INFO] [1733795972.854371406] [fibonacci_action_server]: Feedback: array('i', [0, 1, 1, 2, 3, 5, 8])
[INFO] [1733795973.355825501] [fibonacci_action_server]: Feedback: array('i', [0, 1, 1, 2, 3, 5, 8, 13])
[INFO] [1733795973.857247424] [fibonacci_action_server]: Feedback: array('i', [0, 1, 1, 2, 3, 5, 8, 13, 21])
[INFO] [1733795974.358178934] [fibonacci_action_server]: Feedback: array('i', [0, 1, 1, 2, 3, 5, 8, 13, 21, 34])
[INFO] [1733795974.859562700] [fibonacci_action_server]: Feedback: array('i', [0, 1, 1, 2, 3, 5, 8, 13, 21, 34, 55])
[INFO] [1733795975.362995576] [fibonacci_action_server]: Executing goal...
[INFO] [1733795975.363405657] [fibonacci_action_server]: Feedback: array('i', [0, 1, 1])
[INFO] [1733795975.864497532] [fibonacci_action_server]: Feedback: array('i', [0, 1, 1, 2])
[INFO] [1733795976.365729995] [fibonacci_action_server]: Feedback: array('i', [0, 1, 1, 2, 3])
[INFO] [1733795976.867225226] [fibonacci_action_server]: Feedback: array('i', [0, 1, 1, 2, 3, 5])
[INFO] [1733795977.368587604] [fibonacci_action_server]: Feedback: array('i', [0, 1, 1, 2, 3, 5, 8])
[INFO] [1733795977.870026939] [fibonacci_action_server]: Feedback: array('i', [0, 1, 1, 2, 3, 5, 8, 13])
[INFO] [1733795978.371481070] [fibonacci_action_server]: Feedback: array('i', [0, 1, 1, 2, 3, 5, 8, 13, 21])
[INFO] [1733795978.872964208] [fibonacci_action_server]: Feedback: array('i', [0, 1, 1, 2, 3, 5, 8, 13, 21, 34])
[INFO] [1733795979.373814717] [fibonacci_action_server]: Feedback: array('i', [0, 1, 1, 2, 3, 5, 8, 13, 21, 34, 55])
[INFO] [1733795979.877172511] [fibonacci_action_server]: Executing goal...
[INFO] [1733795979.877574109] [fibonacci_action_server]: Feedback: array('i', [0, 1, 1])
[INFO] [1733795980.378709165] [fibonacci_action_server]: Feedback: array('i', [0, 1, 1, 2])
[INFO] [1733795980.880236054] [fibonacci_action_server]: Feedback: array('i', [0, 1, 1, 2, 3])
[INFO] [1733795981.381796808] [fibonacci_action_server]: Feedback: array('i', [0, 1, 1, 2, 3, 5])
[INFO] [1733795981.882978441] [fibonacci_action_server]: Feedback: array('i', [0, 1, 1, 2, 3, 5, 8])
[INFO] [1733795982.384425475] [fibonacci_action_server]: Feedback: array('i', [0, 1, 1, 2, 3, 5, 8, 13])
[INFO] [1733795982.885672080] [fibonacci_action_server]: Feedback: array('i', [0, 1, 1, 2, 3, 5, 8, 13, 21])
[INFO] [1733795983.386868173] [fibonacci_action_server]: Feedback: array('i', [0, 1, 1, 2, 3, 5, 8, 13, 21, 34])
[INFO] [1733795983.888210237] [fibonacci_action_server]: Feedback: array('i', [0, 1, 1, 2, 3, 5, 8, 13, 21, 34, 55])
[INFO] [1733795984.390704976] [fibonacci_action_server]: Executing goal...
[INFO] [1733795984.391087050] [fibonacci_action_server]: Feedback: array('i', [0, 1, 1])
[INFO] [1733795984.892550171] [fibonacci_action_server]: Feedback: array('i', [0, 1, 1, 2])
[INFO] [1733795985.393873080] [fibonacci_action_server]: Feedback: array('i', [0, 1, 1, 2, 3])
[INFO] [1733795985.895329486] [fibonacci_action_server]: Feedback: array('i', [0, 1, 1, 2, 3, 5])
[INFO] [1733795986.396737430] [fibonacci_action_server]: Feedback: array('i', [0, 1, 1, 2, 3, 5, 8])
[INFO] [1733795986.897892048] [fibonacci_action_server]: Feedback: array('i', [0, 1, 1, 2, 3, 5, 8, 13])
[INFO] [1733795987.399089769] [fibonacci_action_server]: Feedback: array('i', [0, 1, 1, 2, 3, 5, 8, 13, 21])
[INFO] [1733795987.900414727] [fibonacci_action_server]: Feedback: array('i', [0, 1, 1, 2, 3, 5, 8, 13, 21, 34])
[INFO] [1733795988.401964672] [fibonacci_action_server]: Feedback: array('i', [0, 1, 1, 2, 3, 5, 8, 13, 21, 34, 55])
[INFO] [1733795988.904669192] [fibonacci_action_server]: Executing goal...
[INFO] [1733795988.905127282] [fibonacci_action_server]: Feedback: array('i', [0, 1, 1])
[INFO] [1733795989.405747266] [fibonacci_action_server]: Feedback: array('i', [0, 1, 1, 2])
[INFO] [1733795989.907037160] [fibonacci_action_server]: Feedback: array('i', [0, 1, 1, 2, 3])
[INFO] [1733795990.408259956] [fibonacci_action_server]: Feedback: array('i', [0, 1, 1, 2, 3, 5])
[INFO] [1733795990.909471915] [fibonacci_action_server]: Feedback: array('i', [0, 1, 1, 2, 3, 5, 8])
[INFO] [1733795991.410847858] [fibonacci_action_server]: Feedback: array('i', [0, 1, 1, 2, 3, 5, 8, 13])
[INFO] [1733795991.912088614] [fibonacci_action_server]: Feedback: array('i', [0, 1, 1, 2, 3, 5, 8, 13, 21])
[INFO] [1733795992.413570298] [fibonacci_action_server]: Feedback: array('i', [0, 1, 1, 2, 3, 5, 8, 13, 21, 34])
[INFO] [1733795992.914993441] [fibonacci_action_server]: Feedback: array('i', [0, 1, 1, 2, 3, 5, 8, 13, 21, 34, 55])
[INFO] [1733795993.418175076] [fibonacci_action_server]: Executing goal...
[INFO] [1733795993.418617537] [fibonacci_action_server]: Feedback: array('i', [0, 1, 1])
[INFO] [1733795993.919828115] [fibonacci_action_server]: Feedback: array('i', [0, 1, 1, 2])
[INFO] [1733795994.421139214] [fibonacci_action_server]: Feedback: array('i', [0, 1, 1, 2, 3])
[INFO] [1733795994.922323643] [fibonacci_action_server]: Feedback: array('i', [0, 1, 1, 2, 3, 5])
[INFO] [1733795995.423725335] [fibonacci_action_server]: Feedback: array('i', [0, 1, 1, 2, 3, 5, 8])
[INFO] [1733795995.924866372] [fibonacci_action_server]: Feedback: array('i', [0, 1, 1, 2, 3, 5, 8, 13])
[INFO] [1733795996.425761047] [fibonacci_action_server]: Feedback: array('i', [0, 1, 1, 2, 3, 5, 8, 13, 21])
[INFO] [1733795996.927242994] [fibonacci_action_server]: Feedback: array('i', [0, 1, 1, 2, 3, 5, 8, 13, 21, 34])
[INFO] [1733795997.428760254] [fibonacci_action_server]: Feedback: array('i', [0, 1, 1, 2, 3, 5, 8, 13, 21, 34, 55])
[INFO] [1733795997.931627509] [fibonacci_action_server]: Shutting down node...
RAPL is set
