[INFO] [1733647575.658782368] [fibonacci_action_server]: Executing goal...
[INFO] [1733647575.659194553] [fibonacci_action_server]: Feedback: array('i', [0, 1, 1])
[INFO] [1733647576.160230288] [fibonacci_action_server]: Feedback: array('i', [0, 1, 1, 2])
[INFO] [1733647576.661379074] [fibonacci_action_server]: Feedback: array('i', [0, 1, 1, 2, 3])
[INFO] [1733647577.162557190] [fibonacci_action_server]: Feedback: array('i', [0, 1, 1, 2, 3, 5])
[INFO] [1733647577.664085398] [fibonacci_action_server]: Feedback: array('i', [0, 1, 1, 2, 3, 5, 8])
[INFO] [1733647578.165392562] [fibonacci_action_server]: Feedback: array('i', [0, 1, 1, 2, 3, 5, 8, 13])
[INFO] [1733647578.666603655] [fibonacci_action_server]: Feedback: array('i', [0, 1, 1, 2, 3, 5, 8, 13, 21])
[INFO] [1733647579.168162219] [fibonacci_action_server]: Feedback: array('i', [0, 1, 1, 2, 3, 5, 8, 13, 21, 34])
[INFO] [1733647579.669447667] [fibonacci_action_server]: Feedback: array('i', [0, 1, 1, 2, 3, 5, 8, 13, 21, 34, 55])
[INFO] [1733647580.173319673] [fibonacci_action_server]: Executing goal...
[INFO] [1733647580.173704502] [fibonacci_action_server]: Feedback: array('i', [0, 1, 1])
[INFO] [1733647580.674803787] [fibonacci_action_server]: Feedback: array('i', [0, 1, 1, 2])
[INFO] [1733647581.176220151] [fibonacci_action_server]: Feedback: array('i', [0, 1, 1, 2, 3])
[INFO] [1733647581.677700483] [fibonacci_action_server]: Feedback: array('i', [0, 1, 1, 2, 3, 5])
[INFO] [1733647582.179102403] [fibonacci_action_server]: Feedback: array('i', [0, 1, 1, 2, 3, 5, 8])
[INFO] [1733647582.680533600] [fibonacci_action_server]: Feedback: array('i', [0, 1, 1, 2, 3, 5, 8, 13])
[INFO] [1733647583.181958633] [fibonacci_action_server]: Feedback: array('i', [0, 1, 1, 2, 3, 5, 8, 13, 21])
[INFO] [1733647583.683403587] [fibonacci_action_server]: Feedback: array('i', [0, 1, 1, 2, 3, 5, 8, 13, 21, 34])
[INFO] [1733647584.184625527] [fibonacci_action_server]: Feedback: array('i', [0, 1, 1, 2, 3, 5, 8, 13, 21, 34, 55])
/opt/ros/humble/local/lib/python3.10/dist-packages/rclpy/action/server.py:312: RuntimeWarning: failed to send response (timeout): client will not receive response, at ./src/rmw_response.cpp:154, at ./src/rcl/service.c:314
  self._handle.send_goal_response(request_header, response_msg)
[INFO] [1733647584.788964607] [fibonacci_action_server]: Executing goal...
[INFO] [1733647584.789443055] [fibonacci_action_server]: Feedback: array('i', [0, 1, 1])
[INFO] [1733647585.290649302] [fibonacci_action_server]: Feedback: array('i', [0, 1, 1, 2])
[INFO] [1733647585.792135710] [fibonacci_action_server]: Feedback: array('i', [0, 1, 1, 2, 3])
[INFO] [1733647586.293654361] [fibonacci_action_server]: Feedback: array('i', [0, 1, 1, 2, 3, 5])
[INFO] [1733647586.794829581] [fibonacci_action_server]: Feedback: array('i', [0, 1, 1, 2, 3, 5, 8])
[INFO] [1733647587.296272057] [fibonacci_action_server]: Feedback: array('i', [0, 1, 1, 2, 3, 5, 8, 13])
[INFO] [1733647587.797466967] [fibonacci_action_server]: Feedback: array('i', [0, 1, 1, 2, 3, 5, 8, 13, 21])
[INFO] [1733647588.298915664] [fibonacci_action_server]: Feedback: array('i', [0, 1, 1, 2, 3, 5, 8, 13, 21, 34])
[INFO] [1733647588.800332816] [fibonacci_action_server]: Feedback: array('i', [0, 1, 1, 2, 3, 5, 8, 13, 21, 34, 55])
[INFO] [1733647589.403401026] [fibonacci_action_server]: Executing goal...
[INFO] [1733647589.403875658] [fibonacci_action_server]: Feedback: array('i', [0, 1, 1])
[INFO] [1733647589.904912631] [fibonacci_action_server]: Feedback: array('i', [0, 1, 1, 2])
[INFO] [1733647590.406242157] [fibonacci_action_server]: Feedback: array('i', [0, 1, 1, 2, 3])
[INFO] [1733647590.907688334] [fibonacci_action_server]: Feedback: array('i', [0, 1, 1, 2, 3, 5])
[INFO] [1733647591.408553262] [fibonacci_action_server]: Feedback: array('i', [0, 1, 1, 2, 3, 5, 8])
[INFO] [1733647591.909791251] [fibonacci_action_server]: Feedback: array('i', [0, 1, 1, 2, 3, 5, 8, 13])
[INFO] [1733647592.411267636] [fibonacci_action_server]: Feedback: array('i', [0, 1, 1, 2, 3, 5, 8, 13, 21])
[INFO] [1733647592.912624293] [fibonacci_action_server]: Feedback: array('i', [0, 1, 1, 2, 3, 5, 8, 13, 21, 34])
[INFO] [1733647593.413859125] [fibonacci_action_server]: Feedback: array('i', [0, 1, 1, 2, 3, 5, 8, 13, 21, 34, 55])
[INFO] [1733647594.016945390] [fibonacci_action_server]: Executing goal...
[INFO] [1733647594.017450027] [fibonacci_action_server]: Feedback: array('i', [0, 1, 1])
[INFO] [1733647594.518817228] [fibonacci_action_server]: Feedback: array('i', [0, 1, 1, 2])
[INFO] [1733647595.020418569] [fibonacci_action_server]: Feedback: array('i', [0, 1, 1, 2, 3])
[INFO] [1733647595.521605803] [fibonacci_action_server]: Feedback: array('i', [0, 1, 1, 2, 3, 5])
[INFO] [1733647596.023135284] [fibonacci_action_server]: Feedback: array('i', [0, 1, 1, 2, 3, 5, 8])
[INFO] [1733647596.524530849] [fibonacci_action_server]: Feedback: array('i', [0, 1, 1, 2, 3, 5, 8, 13])
[INFO] [1733647597.025920239] [fibonacci_action_server]: Feedback: array('i', [0, 1, 1, 2, 3, 5, 8, 13, 21])
[INFO] [1733647597.527363915] [fibonacci_action_server]: Feedback: array('i', [0, 1, 1, 2, 3, 5, 8, 13, 21, 34])
[INFO] [1733647598.028447430] [fibonacci_action_server]: Feedback: array('i', [0, 1, 1, 2, 3, 5, 8, 13, 21, 34, 55])
[INFO] [1733647755.626069104] [fibonacci_action_server]: Shutting down node...
RAPL is set
