[INFO] [1733956803.256797410] [fibonacci_action_server]: Received goal request with order 10
[INFO] [1733956803.257010306] [fibonacci_action_server]: Executing goal...
[INFO] [1733956803.257110779] [fibonacci_action_server]: Feedback: [1]
[INFO] [1733956804.257302074] [fibonacci_action_server]: Feedback: [2]
[INFO] [1733956805.257646515] [fibonacci_action_server]: Feedback: [3]
[INFO] [1733956806.257877995] [fibonacci_action_server]: Feedback: [5]
[INFO] [1733956807.258084821] [fibonacci_action_server]: Feedback: [8]
[INFO] [1733956808.258510153] [fibonacci_action_server]: Feedback: [13]
[INFO] [1733956809.259013339] [fibonacci_action_server]: Feedback: [21]
[INFO] [1733956810.259271915] [fibonacci_action_server]: Feedback: [34]
[INFO] [1733956811.259627782] [fibonacci_action_server]: Feedback: [55]
[INFO] [1733956812.259906197] [fibonacci_action_server]: Goal succeeded
[INFO] [1733956812.484225880] [fibonacci_action_server]: Received goal request with order 10
[INFO] [1733956812.484332131] [fibonacci_action_server]: Executing goal...
[INFO] [1733956812.484378568] [fibonacci_action_server]: Feedback: [1]
[INFO] [1733956813.484521497] [fibonacci_action_server]: Feedback: [2]
[INFO] [1733956814.484906224] [fibonacci_action_server]: Feedback: [3]
[INFO] [1733956815.485165519] [fibonacci_action_server]: Feedback: [5]
[INFO] [1733956816.485362885] [fibonacci_action_server]: Feedback: [8]
[INFO] [1733956817.485564845] [fibonacci_action_server]: Feedback: [13]
[INFO] [1733956818.485889059] [fibonacci_action_server]: Feedback: [21]
[INFO] [1733956819.486155593] [fibonacci_action_server]: Feedback: [34]
[INFO] [1733956820.486571617] [fibonacci_action_server]: Feedback: [55]
[INFO] [1733956821.487124456] [fibonacci_action_server]: Goal succeeded
[INFO] [1733956821.712715925] [fibonacci_action_server]: Received goal request with order 10
[INFO] [1733956821.713019238] [fibonacci_action_server]: Executing goal...
[INFO] [1733956821.713113926] [fibonacci_action_server]: Feedback: [1]
[INFO] [1733956822.713412614] [fibonacci_action_server]: Feedback: [2]
[INFO] [1733956823.713632261] [fibonacci_action_server]: Feedback: [3]
[INFO] [1733956824.713940796] [fibonacci_action_server]: Feedback: [5]
[INFO] [1733956825.714450704] [fibonacci_action_server]: Feedback: [8]
[INFO] [1733956826.714880511] [fibonacci_action_server]: Feedback: [13]
[INFO] [1733956827.715345294] [fibonacci_action_server]: Feedback: [21]
[INFO] [1733956828.715570307] [fibonacci_action_server]: Feedback: [34]
[INFO] [1733956829.715952043] [fibonacci_action_server]: Feedback: [55]
[INFO] [1733956830.716213405] [fibonacci_action_server]: Goal succeeded
[INFO] [1733956830.942392173] [fibonacci_action_server]: Received goal request with order 10
[INFO] [1733956830.942604938] [fibonacci_action_server]: Executing goal...
[INFO] [1733956830.942688089] [fibonacci_action_server]: Feedback: [1]
[INFO] [1733956831.942850973] [fibonacci_action_server]: Feedback: [2]
[INFO] [1733956832.943202444] [fibonacci_action_server]: Feedback: [3]
[INFO] [1733956833.943542144] [fibonacci_action_server]: Feedback: [5]
[INFO] [1733956834.943766446] [fibonacci_action_server]: Feedback: [8]
[INFO] [1733956835.944008223] [fibonacci_action_server]: Feedback: [13]
[INFO] [1733956836.944269435] [fibonacci_action_server]: Feedback: [21]
[INFO] [1733956837.944511677] [fibonacci_action_server]: Feedback: [34]
[INFO] [1733956838.944926660] [fibonacci_action_server]: Feedback: [55]
[INFO] [1733956839.945318976] [fibonacci_action_server]: Goal succeeded
[INFO] [1733956840.170992617] [fibonacci_action_server]: Received goal request with order 10
[INFO] [1733956840.171167950] [fibonacci_action_server]: Executing goal...
[INFO] [1733956840.171250774] [fibonacci_action_server]: Feedback: [1]
[INFO] [1733956841.171538609] [fibonacci_action_server]: Feedback: [2]
[INFO] [1733956842.171744557] [fibonacci_action_server]: Feedback: [3]
[INFO] [1733956843.172068950] [fibonacci_action_server]: Feedback: [5]
[INFO] [1733956844.172615440] [fibonacci_action_server]: Feedback: [8]
[INFO] [1733956845.172825685] [fibonacci_action_server]: Feedback: [13]
[INFO] [1733956846.173088055] [fibonacci_action_server]: Feedback: [21]
[INFO] [1733956847.173559717] [fibonacci_action_server]: Feedback: [34]
[INFO] [1733956848.174006297] [fibonacci_action_server]: Feedback: [55]
[INFO] [1733956849.174290010] [fibonacci_action_server]: Goal succeeded
[INFO] [1733956849.401523205] [fibonacci_action_server]: Received goal request with order 10
[INFO] [1733956849.401693774] [fibonacci_action_server]: Executing goal...
[INFO] [1733956849.401782272] [fibonacci_action_server]: Feedback: [1]
[INFO] [1733956850.401922188] [fibonacci_action_server]: Feedback: [2]
[INFO] [1733956851.402159228] [fibonacci_action_server]: Feedback: [3]
[INFO] [1733956852.402612582] [fibonacci_action_server]: Feedback: [5]
[INFO] [1733956853.403080956] [fibonacci_action_server]: Feedback: [8]
[INFO] [1733956854.403403597] [fibonacci_action_server]: Feedback: [13]
[INFO] [1733956855.403890560] [fibonacci_action_server]: Feedback: [21]
[INFO] [1733956856.404111127] [fibonacci_action_server]: Feedback: [34]
[INFO] [1733956857.404435304] [fibonacci_action_server]: Feedback: [55]
[INFO] [1733956858.404865667] [fibonacci_action_server]: Goal succeeded
[INFO] [1733956858.631353932] [fibonacci_action_server]: Received goal request with order 10
[INFO] [1733956858.631540810] [fibonacci_action_server]: Executing goal...
[INFO] [1733956858.631649969] [fibonacci_action_server]: Feedback: [1]
[INFO] [1733956859.631942364] [fibonacci_action_server]: Feedback: [2]
[INFO] [1733956860.632121489] [fibonacci_action_server]: Feedback: [3]
[INFO] [1733956861.632396530] [fibonacci_action_server]: Feedback: [5]
[INFO] [1733956862.632623416] [fibonacci_action_server]: Feedback: [8]
[INFO] [1733956863.632845415] [fibonacci_action_server]: Feedback: [13]
[INFO] [1733956864.633095265] [fibonacci_action_server]: Feedback: [21]
[INFO] [1733956865.633449829] [fibonacci_action_server]: Feedback: [34]
[INFO] [1733956866.633814718] [fibonacci_action_server]: Feedback: [55]
[INFO] [1733956867.634084775] [fibonacci_action_server]: Goal succeeded
[INFO] [1733956867.859621785] [fibonacci_action_server]: Received goal request with order 10
[INFO] [1733956867.859844033] [fibonacci_action_server]: Executing goal...
[INFO] [1733956867.859943484] [fibonacci_action_server]: Feedback: [1]
[INFO] [1733956868.860139559] [fibonacci_action_server]: Feedback: [2]
[INFO] [1733956869.860553795] [fibonacci_action_server]: Feedback: [3]
[INFO] [1733956870.860751821] [fibonacci_action_server]: Feedback: [5]
[INFO] [1733956871.861022120] [fibonacci_action_server]: Feedback: [8]
[INFO] [1733956872.861238846] [fibonacci_action_server]: Feedback: [13]
[INFO] [1733956873.861486592] [fibonacci_action_server]: Feedback: [21]
[INFO] [1733956874.861681837] [fibonacci_action_server]: Feedback: [34]
[INFO] [1733956875.861877120] [fibonacci_action_server]: Feedback: [55]
[INFO] [1733956876.862141433] [fibonacci_action_server]: Goal succeeded
[INFO] [1733956877.086869267] [fibonacci_action_server]: Received goal request with order 10
[INFO] [1733956877.087086392] [fibonacci_action_server]: Executing goal...
[INFO] [1733956877.087175790] [fibonacci_action_server]: Feedback: [1]
[INFO] [1733956878.087475628] [fibonacci_action_server]: Feedback: [2]
[INFO] [1733956879.087676383] [fibonacci_action_server]: Feedback: [3]
[INFO] [1733956880.087832144] [fibonacci_action_server]: Feedback: [5]
[INFO] [1733956881.088378934] [fibonacci_action_server]: Feedback: [8]
[INFO] [1733956882.088614824] [fibonacci_action_server]: Feedback: [13]
[INFO] [1733956883.088952697] [fibonacci_action_server]: Feedback: [21]
[INFO] [1733956884.089318002] [fibonacci_action_server]: Feedback: [34]
[INFO] [1733956885.089507072] [fibonacci_action_server]: Feedback: [55]
[INFO] [1733956886.089986301] [fibonacci_action_server]: Goal succeeded
[INFO] [1733956886.313676670] [fibonacci_action_server]: Received goal request with order 10
[INFO] [1733956886.313867154] [fibonacci_action_server]: Executing goal...
[INFO] [1733956886.313932184] [fibonacci_action_server]: Feedback: [1]
[INFO] [1733956887.314357746] [fibonacci_action_server]: Feedback: [2]
[INFO] [1733956888.314781927] [fibonacci_action_server]: Feedback: [3]
[INFO] [1733956889.314990526] [fibonacci_action_server]: Feedback: [5]
[INFO] [1733956890.315175757] [fibonacci_action_server]: Feedback: [8]
[INFO] [1733956891.315579264] [fibonacci_action_server]: Feedback: [13]
[INFO] [1733956892.315749787] [fibonacci_action_server]: Feedback: [21]
[INFO] [1733956893.315974769] [fibonacci_action_server]: Feedback: [34]
[INFO] [1733956894.316364705] [fibonacci_action_server]: Feedback: [55]
[INFO] [1733956895.316723160] [fibonacci_action_server]: Goal succeeded
[INFO] [1733956895.542239248] [fibonacci_action_server]: Received goal request with order 10
[INFO] [1733956895.542462786] [fibonacci_action_server]: Executing goal...
[INFO] [1733956895.542548789] [fibonacci_action_server]: Feedback: [1]
[INFO] [1733956896.542936102] [fibonacci_action_server]: Feedback: [2]
[INFO] [1733956897.543177896] [fibonacci_action_server]: Feedback: [3]
[INFO] [1733956898.543529189] [fibonacci_action_server]: Feedback: [5]
[INFO] [1733956899.543910527] [fibonacci_action_server]: Feedback: [8]
[INFO] [1733956900.544080266] [fibonacci_action_server]: Feedback: [13]
[INFO] [1733956901.544300900] [fibonacci_action_server]: Feedback: [21]
[INFO] [1733956902.544479183] [fibonacci_action_server]: Feedback: [34]
[INFO] [1733956903.544723693] [fibonacci_action_server]: Feedback: [55]
[INFO] [1733956904.544968620] [fibonacci_action_server]: Goal succeeded
[INFO] [1733956904.770721058] [fibonacci_action_server]: Received goal request with order 10
[INFO] [1733956904.770957668] [fibonacci_action_server]: Executing goal...
[INFO] [1733956904.771037928] [fibonacci_action_server]: Feedback: [1]
[INFO] [1733956905.771338061] [fibonacci_action_server]: Feedback: [2]
[INFO] [1733956906.771760079] [fibonacci_action_server]: Feedback: [3]
[INFO] [1733956907.771996351] [fibonacci_action_server]: Feedback: [5]
[INFO] [1733956908.772302310] [fibonacci_action_server]: Feedback: [8]
[INFO] [1733956909.772538912] [fibonacci_action_server]: Feedback: [13]
[INFO] [1733956910.772916246] [fibonacci_action_server]: Feedback: [21]
[INFO] [1733956911.773213349] [fibonacci_action_server]: Feedback: [34]
[INFO] [1733956912.773482897] [fibonacci_action_server]: Feedback: [55]
[INFO] [1733956913.773730234] [fibonacci_action_server]: Goal succeeded
[INFO] [1733956914.000099041] [fibonacci_action_server]: Received goal request with order 10
[INFO] [1733956914.000238386] [fibonacci_action_server]: Executing goal...
[INFO] [1733956914.000323375] [fibonacci_action_server]: Feedback: [1]
[INFO] [1733956915.000470217] [fibonacci_action_server]: Feedback: [2]
[INFO] [1733956916.000664258] [fibonacci_action_server]: Feedback: [3]
[INFO] [1733956917.000986508] [fibonacci_action_server]: Feedback: [5]
[INFO] [1733956918.001346928] [fibonacci_action_server]: Feedback: [8]
[INFO] [1733956919.001737399] [fibonacci_action_server]: Feedback: [13]
[INFO] [1733956920.002157576] [fibonacci_action_server]: Feedback: [21]
[INFO] [1733956921.002635664] [fibonacci_action_server]: Feedback: [34]
[INFO] [1733956922.002840180] [fibonacci_action_server]: Feedback: [55]
[INFO] [1733956923.003269067] [fibonacci_action_server]: Goal succeeded
[INFO] [1733956923.230498801] [fibonacci_action_server]: Received goal request with order 10
[INFO] [1733956923.230662600] [fibonacci_action_server]: Executing goal...
[INFO] [1733956923.230743828] [fibonacci_action_server]: Feedback: [1]
[INFO] [1733956924.231179831] [fibonacci_action_server]: Feedback: [2]
[INFO] [1733956925.231594828] [fibonacci_action_server]: Feedback: [3]
[INFO] [1733956926.231825977] [fibonacci_action_server]: Feedback: [5]
[INFO] [1733956927.232033573] [fibonacci_action_server]: Feedback: [8]
[INFO] [1733956928.232481992] [fibonacci_action_server]: Feedback: [13]
[INFO] [1733956929.232841097] [fibonacci_action_server]: Feedback: [21]
[INFO] [1733956930.233222358] [fibonacci_action_server]: Feedback: [34]
[INFO] [1733956931.233577724] [fibonacci_action_server]: Feedback: [55]
[INFO] [1733956932.234105972] [fibonacci_action_server]: Goal succeeded
[INFO] [1733956932.458885757] [fibonacci_action_server]: Received goal request with order 10
[INFO] [1733956932.459047326] [fibonacci_action_server]: Executing goal...
[INFO] [1733956932.459101825] [fibonacci_action_server]: Feedback: [1]
[INFO] [1733956933.459301305] [fibonacci_action_server]: Feedback: [2]
[INFO] [1733956934.459508544] [fibonacci_action_server]: Feedback: [3]
[INFO] [1733956935.459782138] [fibonacci_action_server]: Feedback: [5]
[INFO] [1733956936.459937871] [fibonacci_action_server]: Feedback: [8]
[INFO] [1733956937.460143647] [fibonacci_action_server]: Feedback: [13]
[INFO] [1733956938.460492646] [fibonacci_action_server]: Feedback: [21]
[INFO] [1733956939.460648560] [fibonacci_action_server]: Feedback: [34]
[INFO] [1733956940.460818719] [fibonacci_action_server]: Feedback: [55]
[INFO] [1733956941.461071844] [fibonacci_action_server]: Goal succeeded
[INFO] [1733956941.685349636] [fibonacci_action_server]: Received goal request with order 10
[INFO] [1733956941.685489076] [fibonacci_action_server]: Executing goal...
[INFO] [1733956941.685538016] [fibonacci_action_server]: Feedback: [1]
[INFO] [1733956942.685701652] [fibonacci_action_server]: Feedback: [2]
[INFO] [1733956943.685942994] [fibonacci_action_server]: Feedback: [3]
[INFO] [1733956944.686323591] [fibonacci_action_server]: Feedback: [5]
[INFO] [1733956945.686524251] [fibonacci_action_server]: Feedback: [8]
[INFO] [1733956946.686772108] [fibonacci_action_server]: Feedback: [13]
[INFO] [1733956947.687085305] [fibonacci_action_server]: Feedback: [21]
[INFO] [1733956948.687457900] [fibonacci_action_server]: Feedback: [34]
[INFO] [1733956949.687911917] [fibonacci_action_server]: Feedback: [55]
[INFO] [1733956950.688374765] [fibonacci_action_server]: Goal succeeded
[INFO] [1733956950.915634981] [fibonacci_action_server]: Received goal request with order 10
[INFO] [1733956950.915836679] [fibonacci_action_server]: Executing goal...
[INFO] [1733956950.915949188] [fibonacci_action_server]: Feedback: [1]
[INFO] [1733956951.916302444] [fibonacci_action_server]: Feedback: [2]
[INFO] [1733956952.916584061] [fibonacci_action_server]: Feedback: [3]
[INFO] [1733956953.916941723] [fibonacci_action_server]: Feedback: [5]
[INFO] [1733956954.917298335] [fibonacci_action_server]: Feedback: [8]
[INFO] [1733956955.917575334] [fibonacci_action_server]: Feedback: [13]
[INFO] [1733956956.918077585] [fibonacci_action_server]: Feedback: [21]
[INFO] [1733956957.918545159] [fibonacci_action_server]: Feedback: [34]
[INFO] [1733956958.918812644] [fibonacci_action_server]: Feedback: [55]
[INFO] [1733956959.919133084] [fibonacci_action_server]: Goal succeeded
[INFO] [1733956960.145124325] [fibonacci_action_server]: Received goal request with order 10
[INFO] [1733956960.145304630] [fibonacci_action_server]: Executing goal...
[INFO] [1733956960.145356895] [fibonacci_action_server]: Feedback: [1]
[INFO] [1733956961.145533153] [fibonacci_action_server]: Feedback: [2]
[INFO] [1733956962.145805292] [fibonacci_action_server]: Feedback: [3]
[INFO] [1733956963.146166427] [fibonacci_action_server]: Feedback: [5]
[INFO] [1733956964.146425839] [fibonacci_action_server]: Feedback: [8]
[INFO] [1733956965.146709325] [fibonacci_action_server]: Feedback: [13]
[INFO] [1733956966.147205928] [fibonacci_action_server]: Feedback: [21]
[INFO] [1733956967.147434190] [fibonacci_action_server]: Feedback: [34]
[INFO] [1733956968.147809685] [fibonacci_action_server]: Feedback: [55]
[INFO] [1733956969.148114112] [fibonacci_action_server]: Goal succeeded
[INFO] [1733956969.373758537] [fibonacci_action_server]: Received goal request with order 10
[INFO] [1733956969.373967603] [fibonacci_action_server]: Executing goal...
[INFO] [1733956969.374043717] [fibonacci_action_server]: Feedback: [1]
[INFO] [1733956970.374470168] [fibonacci_action_server]: Feedback: [2]
[INFO] [1733956971.374767817] [fibonacci_action_server]: Feedback: [3]
[INFO] [1733956972.375007758] [fibonacci_action_server]: Feedback: [5]
[INFO] [1733956973.375201351] [fibonacci_action_server]: Feedback: [8]
[INFO] [1733956974.375446869] [fibonacci_action_server]: Feedback: [13]
[INFO] [1733956975.375874865] [fibonacci_action_server]: Feedback: [21]
[INFO] [1733956976.376300579] [fibonacci_action_server]: Feedback: [34]
[INFO] [1733956977.376543386] [fibonacci_action_server]: Feedback: [55]
[INFO] [1733956978.376987911] [fibonacci_action_server]: Goal succeeded
[INFO] [1733956978.602934573] [fibonacci_action_server]: Received goal request with order 10
[INFO] [1733956978.603113191] [fibonacci_action_server]: Executing goal...
[INFO] [1733956978.603164647] [fibonacci_action_server]: Feedback: [1]
[INFO] [1733956979.603571952] [fibonacci_action_server]: Feedback: [2]
[INFO] [1733956980.603917053] [fibonacci_action_server]: Feedback: [3]
[INFO] [1733956981.604285285] [fibonacci_action_server]: Feedback: [5]
[INFO] [1733956982.604490562] [fibonacci_action_server]: Feedback: [8]
[INFO] [1733956983.283941200] [fibonacci_action_server]: Timeout reached, shutting down node...
RAPL is set
