[INFO] [1733808850.276548371] [fibonacci_action_server]: Received goal request with order 10
[INFO] [1733808850.276766942] [fibonacci_action_server]: Executing goal...
[INFO] [1733808850.276840295] [fibonacci_action_server]: Feedback: [1]
[INFO] [1733808850.286758619] [fibonacci_action_server]: Received goal request with order 10
[INFO] [1733808850.286888583] [fibonacci_action_server]: Executing goal...
[INFO] [1733808850.286956033] [fibonacci_action_server]: Feedback: [1]
[INFO] [1733808850.301573695] [fibonacci_action_server]: Received goal request with order 10
[INFO] [1733808850.301725163] [fibonacci_action_server]: Executing goal...
[INFO] [1733808850.301791421] [fibonacci_action_server]: Feedback: [1]
[INFO] [1733808851.277012202] [fibonacci_action_server]: Feedback: [2]
[INFO] [1733808851.287058907] [fibonacci_action_server]: Feedback: [2]
[INFO] [1733808851.301887436] [fibonacci_action_server]: Feedback: [2]
[INFO] [1733808852.277313207] [fibonacci_action_server]: Feedback: [3]
[INFO] [1733808852.287204871] [fibonacci_action_server]: Feedback: [3]
[INFO] [1733808852.302005013] [fibonacci_action_server]: Feedback: [3]
[INFO] [1733808853.277531468] [fibonacci_action_server]: Feedback: [5]
[INFO] [1733808853.287388150] [fibonacci_action_server]: Feedback: [5]
[INFO] [1733808853.302245907] [fibonacci_action_server]: Feedback: [5]
[INFO] [1733808854.277712039] [fibonacci_action_server]: Feedback: [8]
[INFO] [1733808854.287583649] [fibonacci_action_server]: Feedback: [8]
[INFO] [1733808854.302479622] [fibonacci_action_server]: Feedback: [8]
[INFO] [1733808855.277945222] [fibonacci_action_server]: Feedback: [13]
[INFO] [1733808855.287699018] [fibonacci_action_server]: Feedback: [13]
[INFO] [1733808855.302639853] [fibonacci_action_server]: Feedback: [13]
[INFO] [1733808856.278149664] [fibonacci_action_server]: Feedback: [21]
[INFO] [1733808856.287831854] [fibonacci_action_server]: Feedback: [21]
[INFO] [1733808856.302775479] [fibonacci_action_server]: Feedback: [21]
[INFO] [1733808857.278286246] [fibonacci_action_server]: Feedback: [34]
[INFO] [1733808857.287945862] [fibonacci_action_server]: Feedback: [34]
[INFO] [1733808857.302874104] [fibonacci_action_server]: Feedback: [34]
[INFO] [1733808858.278513813] [fibonacci_action_server]: Feedback: [55]
[INFO] [1733808858.288060905] [fibonacci_action_server]: Feedback: [55]
[INFO] [1733808858.302974518] [fibonacci_action_server]: Feedback: [55]
[INFO] [1733808859.278774417] [fibonacci_action_server]: Goal succeeded
[INFO] [1733808859.279147857] [fibonacci_action_server]: Received goal request with order 10
[INFO] [1733808859.279287266] [fibonacci_action_server]: Executing goal...
[INFO] [1733808859.279356559] [fibonacci_action_server]: Feedback: [1]
[INFO] [1733808859.288203767] [fibonacci_action_server]: Goal succeeded
[INFO] [1733808859.288580963] [fibonacci_action_server]: Received goal request with order 10
[INFO] [1733808859.288721231] [fibonacci_action_server]: Executing goal...
[INFO] [1733808859.288783610] [fibonacci_action_server]: Feedback: [1]
[INFO] [1733808859.303172340] [fibonacci_action_server]: Goal succeeded
[INFO] [1733808859.303510646] [fibonacci_action_server]: Received goal request with order 10
[INFO] [1733808859.303629085] [fibonacci_action_server]: Executing goal...
[INFO] [1733808859.303687162] [fibonacci_action_server]: Feedback: [1]
[INFO] [1733808860.279532724] [fibonacci_action_server]: Feedback: [2]
[INFO] [1733808860.288880666] [fibonacci_action_server]: Feedback: [2]
[INFO] [1733808860.303786515] [fibonacci_action_server]: Feedback: [2]
[INFO] [1733808861.279775341] [fibonacci_action_server]: Feedback: [3]
[INFO] [1733808861.289009757] [fibonacci_action_server]: Feedback: [3]
[INFO] [1733808861.303849709] [fibonacci_action_server]: Feedback: [3]
[INFO] [1733808862.280011611] [fibonacci_action_server]: Feedback: [5]
[INFO] [1733808862.289149441] [fibonacci_action_server]: Feedback: [5]
[INFO] [1733808862.303977003] [fibonacci_action_server]: Feedback: [5]
[INFO] [1733808863.280213033] [fibonacci_action_server]: Feedback: [8]
[INFO] [1733808863.289305655] [fibonacci_action_server]: Feedback: [8]
[INFO] [1733808863.304081378] [fibonacci_action_server]: Feedback: [8]
[INFO] [1733808864.280379622] [fibonacci_action_server]: Feedback: [13]
[INFO] [1733808864.289484237] [fibonacci_action_server]: Feedback: [13]
[INFO] [1733808864.304217492] [fibonacci_action_server]: Feedback: [13]
[INFO] [1733808865.280612267] [fibonacci_action_server]: Feedback: [21]
[INFO] [1733808865.289631144] [fibonacci_action_server]: Feedback: [21]
[INFO] [1733808865.304358574] [fibonacci_action_server]: Feedback: [21]
[INFO] [1733808866.280813671] [fibonacci_action_server]: Feedback: [34]
[INFO] [1733808866.289762595] [fibonacci_action_server]: Feedback: [34]
[INFO] [1733808866.304489029] [fibonacci_action_server]: Feedback: [34]
[INFO] [1733808867.280999739] [fibonacci_action_server]: Feedback: [55]
[INFO] [1733808867.289878817] [fibonacci_action_server]: Feedback: [55]
[INFO] [1733808867.304668228] [fibonacci_action_server]: Feedback: [55]
[INFO] [1733808868.281240378] [fibonacci_action_server]: Goal succeeded
[INFO] [1733808868.281494862] [fibonacci_action_server]: Received goal request with order 10
[INFO] [1733808868.281609210] [fibonacci_action_server]: Executing goal...
[INFO] [1733808868.281666741] [fibonacci_action_server]: Feedback: [1]
[INFO] [1733808868.290025033] [fibonacci_action_server]: Goal succeeded
[INFO] [1733808868.290276788] [fibonacci_action_server]: Received goal request with order 10
[INFO] [1733808868.290366214] [fibonacci_action_server]: Executing goal...
[INFO] [1733808868.290414710] [fibonacci_action_server]: Feedback: [1]
[INFO] [1733808868.304893490] [fibonacci_action_server]: Goal succeeded
[INFO] [1733808868.305063994] [fibonacci_action_server]: Received goal request with order 10
[INFO] [1733808868.305142761] [fibonacci_action_server]: Executing goal...
[INFO] [1733808868.305186402] [fibonacci_action_server]: Feedback: [1]
[INFO] [1733808869.281802285] [fibonacci_action_server]: Feedback: [2]
[INFO] [1733808869.290488503] [fibonacci_action_server]: Feedback: [2]
[INFO] [1733808869.305280099] [fibonacci_action_server]: Feedback: [2]
[INFO] [1733808870.282031522] [fibonacci_action_server]: Feedback: [3]
[INFO] [1733808870.290672431] [fibonacci_action_server]: Feedback: [3]
[INFO] [1733808870.305437312] [fibonacci_action_server]: Feedback: [3]
[INFO] [1733808871.282203646] [fibonacci_action_server]: Feedback: [5]
[INFO] [1733808871.290812689] [fibonacci_action_server]: Feedback: [5]
[INFO] [1733808871.305596854] [fibonacci_action_server]: Feedback: [5]
[INFO] [1733808872.282422422] [fibonacci_action_server]: Feedback: [8]
[INFO] [1733808872.290921132] [fibonacci_action_server]: Feedback: [8]
[INFO] [1733808872.305700560] [fibonacci_action_server]: Feedback: [8]
[INFO] [1733808873.282606811] [fibonacci_action_server]: Feedback: [13]
[INFO] [1733808873.290996836] [fibonacci_action_server]: Feedback: [13]
[INFO] [1733808873.305756455] [fibonacci_action_server]: Feedback: [13]
[INFO] [1733808874.282757851] [fibonacci_action_server]: Feedback: [21]
[INFO] [1733808874.291084742] [fibonacci_action_server]: Feedback: [21]
[INFO] [1733808874.305853402] [fibonacci_action_server]: Feedback: [21]
[INFO] [1733808875.282894146] [fibonacci_action_server]: Feedback: [34]
[INFO] [1733808875.291193995] [fibonacci_action_server]: Feedback: [34]
[INFO] [1733808875.305991312] [fibonacci_action_server]: Feedback: [34]
[INFO] [1733808876.283067580] [fibonacci_action_server]: Feedback: [55]
[INFO] [1733808876.291348449] [fibonacci_action_server]: Feedback: [55]
[INFO] [1733808876.306147493] [fibonacci_action_server]: Feedback: [55]
[INFO] [1733808877.283280272] [fibonacci_action_server]: Goal succeeded
[INFO] [1733808877.283590058] [fibonacci_action_server]: Received goal request with order 10
[INFO] [1733808877.283690009] [fibonacci_action_server]: Executing goal...
[INFO] [1733808877.283742218] [fibonacci_action_server]: Feedback: [1]
[INFO] [1733808877.291501029] [fibonacci_action_server]: Goal succeeded
[INFO] [1733808877.291698845] [fibonacci_action_server]: Received goal request with order 10
[INFO] [1733808877.291821792] [fibonacci_action_server]: Executing goal...
[INFO] [1733808877.291870525] [fibonacci_action_server]: Feedback: [1]
[INFO] [1733808877.306323740] [fibonacci_action_server]: Goal succeeded
[INFO] [1733808877.306492396] [fibonacci_action_server]: Received goal request with order 10
[INFO] [1733808877.306580103] [fibonacci_action_server]: Executing goal...
[INFO] [1733808877.306623891] [fibonacci_action_server]: Feedback: [1]
[INFO] [1733808878.283897845] [fibonacci_action_server]: Feedback: [2]
[INFO] [1733808878.292002129] [fibonacci_action_server]: Feedback: [2]
[INFO] [1733808878.306753145] [fibonacci_action_server]: Feedback: [2]
[INFO] [1733808879.284061135] [fibonacci_action_server]: Feedback: [3]
[INFO] [1733808879.292181057] [fibonacci_action_server]: Feedback: [3]
[INFO] [1733808879.306891333] [fibonacci_action_server]: Feedback: [3]
[INFO] [1733808880.284234075] [fibonacci_action_server]: Feedback: [5]
[INFO] [1733808880.292300242] [fibonacci_action_server]: Feedback: [5]
[INFO] [1733808880.307032779] [fibonacci_action_server]: Feedback: [5]
[INFO] [1733808881.284446651] [fibonacci_action_server]: Feedback: [8]
[INFO] [1733808881.292500653] [fibonacci_action_server]: Feedback: [8]
[INFO] [1733808881.307208321] [fibonacci_action_server]: Feedback: [8]
[INFO] [1733808882.284627468] [fibonacci_action_server]: Feedback: [13]
[INFO] [1733808882.292709220] [fibonacci_action_server]: Feedback: [13]
[INFO] [1733808882.307385886] [fibonacci_action_server]: Feedback: [13]
[INFO] [1733808883.284802671] [fibonacci_action_server]: Feedback: [21]
[INFO] [1733808883.292812201] [fibonacci_action_server]: Feedback: [21]
[INFO] [1733808883.307485014] [fibonacci_action_server]: Feedback: [21]
[INFO] [1733808884.285035211] [fibonacci_action_server]: Feedback: [34]
[INFO] [1733808884.292981874] [fibonacci_action_server]: Feedback: [34]
[INFO] [1733808884.307637598] [fibonacci_action_server]: Feedback: [34]
[INFO] [1733808885.285329387] [fibonacci_action_server]: Feedback: [55]
[INFO] [1733808885.293175704] [fibonacci_action_server]: Feedback: [55]
[INFO] [1733808885.307864384] [fibonacci_action_server]: Feedback: [55]
[INFO] [1733808886.285554378] [fibonacci_action_server]: Goal succeeded
[INFO] [1733808886.285882723] [fibonacci_action_server]: Received goal request with order 10
[INFO] [1733808886.286007509] [fibonacci_action_server]: Executing goal...
[INFO] [1733808886.286066049] [fibonacci_action_server]: Feedback: [1]
[INFO] [1733808886.293370076] [fibonacci_action_server]: Goal succeeded
[INFO] [1733808886.293646556] [fibonacci_action_server]: Received goal request with order 10
[INFO] [1733808886.293780874] [fibonacci_action_server]: Executing goal...
[INFO] [1733808886.293841457] [fibonacci_action_server]: Feedback: [1]
[INFO] [1733808886.308039895] [fibonacci_action_server]: Goal succeeded
[INFO] [1733808886.308279120] [fibonacci_action_server]: Received goal request with order 10
[INFO] [1733808886.308381350] [fibonacci_action_server]: Executing goal...
[INFO] [1733808886.308436209] [fibonacci_action_server]: Feedback: [1]
[INFO] [1733808887.286178547] [fibonacci_action_server]: Feedback: [2]
[INFO] [1733808887.293937500] [fibonacci_action_server]: Feedback: [2]
[INFO] [1733808887.308611865] [fibonacci_action_server]: Feedback: [2]
[INFO] [1733808888.286394723] [fibonacci_action_server]: Feedback: [3]
[INFO] [1733808888.294043634] [fibonacci_action_server]: Feedback: [3]
[INFO] [1733808888.308741787] [fibonacci_action_server]: Feedback: [3]
[INFO] [1733808889.286564603] [fibonacci_action_server]: Feedback: [5]
[INFO] [1733808889.294145984] [fibonacci_action_server]: Feedback: [5]
[INFO] [1733808889.308880983] [fibonacci_action_server]: Feedback: [5]
[INFO] [1733808890.286793633] [fibonacci_action_server]: Feedback: [8]
[INFO] [1733808890.294290574] [fibonacci_action_server]: Feedback: [8]
[INFO] [1733808890.309014354] [fibonacci_action_server]: Feedback: [8]
[INFO] [1733808891.287001051] [fibonacci_action_server]: Feedback: [13]
[INFO] [1733808891.294442559] [fibonacci_action_server]: Feedback: [13]
[INFO] [1733808891.309165673] [fibonacci_action_server]: Feedback: [13]
[INFO] [1733808892.287208597] [fibonacci_action_server]: Feedback: [21]
[INFO] [1733808892.294568810] [fibonacci_action_server]: Feedback: [21]
[INFO] [1733808892.309265049] [fibonacci_action_server]: Feedback: [21]
[INFO] [1733808893.287473097] [fibonacci_action_server]: Feedback: [34]
[INFO] [1733808893.294680405] [fibonacci_action_server]: Feedback: [34]
[INFO] [1733808893.309390333] [fibonacci_action_server]: Feedback: [34]
[INFO] [1733808894.287656128] [fibonacci_action_server]: Feedback: [55]
[INFO] [1733808894.294782640] [fibonacci_action_server]: Feedback: [55]
[INFO] [1733808894.309481466] [fibonacci_action_server]: Feedback: [55]
[INFO] [1733808895.287880420] [fibonacci_action_server]: Goal succeeded
[INFO] [1733808895.288247467] [fibonacci_action_server]: Received goal request with order 10
[INFO] [1733808895.288336190] [fibonacci_action_server]: Executing goal...
[INFO] [1733808895.288389745] [fibonacci_action_server]: Feedback: [1]
[INFO] [1733808895.294891141] [fibonacci_action_server]: Goal succeeded
[INFO] [1733808895.295067749] [fibonacci_action_server]: Received goal request with order 10
[INFO] [1733808895.295168658] [fibonacci_action_server]: Executing goal...
[INFO] [1733808895.295218324] [fibonacci_action_server]: Feedback: [1]
[INFO] [1733808895.309601062] [fibonacci_action_server]: Goal succeeded
[INFO] [1733808895.309772453] [fibonacci_action_server]: Received goal request with order 10
[INFO] [1733808895.309860886] [fibonacci_action_server]: Executing goal...
[INFO] [1733808895.309920685] [fibonacci_action_server]: Feedback: [1]
[INFO] [1733808896.288590533] [fibonacci_action_server]: Feedback: [2]
[INFO] [1733808896.295353336] [fibonacci_action_server]: Feedback: [2]
[INFO] [1733808896.310065105] [fibonacci_action_server]: Feedback: [2]
[INFO] [1733808897.288798346] [fibonacci_action_server]: Feedback: [3]
[INFO] [1733808897.295495984] [fibonacci_action_server]: Feedback: [3]
[INFO] [1733808897.310204818] [fibonacci_action_server]: Feedback: [3]
[INFO] [1733808898.288973366] [fibonacci_action_server]: Feedback: [5]
[INFO] [1733808898.295628620] [fibonacci_action_server]: Feedback: [5]
[INFO] [1733808898.310297433] [fibonacci_action_server]: Feedback: [5]
[INFO] [1733808899.289172424] [fibonacci_action_server]: Feedback: [8]
[INFO] [1733808899.295771831] [fibonacci_action_server]: Feedback: [8]
[INFO] [1733808899.310454916] [fibonacci_action_server]: Feedback: [8]
[INFO] [1733808900.289368505] [fibonacci_action_server]: Feedback: [13]
[INFO] [1733808900.295867026] [fibonacci_action_server]: Feedback: [13]
[INFO] [1733808900.310608413] [fibonacci_action_server]: Feedback: [13]
[INFO] [1733808901.289543862] [fibonacci_action_server]: Feedback: [21]
[INFO] [1733808901.295987336] [fibonacci_action_server]: Feedback: [21]
[INFO] [1733808901.310796630] [fibonacci_action_server]: Feedback: [21]
[INFO] [1733808902.289749624] [fibonacci_action_server]: Feedback: [34]
[INFO] [1733808902.296137938] [fibonacci_action_server]: Feedback: [34]
[INFO] [1733808902.311034409] [fibonacci_action_server]: Feedback: [34]
[INFO] [1733808903.289965904] [fibonacci_action_server]: Feedback: [55]
[INFO] [1733808903.296245217] [fibonacci_action_server]: Feedback: [55]
[INFO] [1733808903.311201683] [fibonacci_action_server]: Feedback: [55]
[INFO] [1733808904.290179106] [fibonacci_action_server]: Goal succeeded
[INFO] [1733808904.290408529] [fibonacci_action_server]: Received goal request with order 10
[INFO] [1733808904.290516583] [fibonacci_action_server]: Executing goal...
[INFO] [1733808904.290573520] [fibonacci_action_server]: Feedback: [1]
[INFO] [1733808904.296379724] [fibonacci_action_server]: Goal succeeded
[INFO] [1733808904.296545296] [fibonacci_action_server]: Received goal request with order 10
[INFO] [1733808904.296638258] [fibonacci_action_server]: Executing goal...
[INFO] [1733808904.296686567] [fibonacci_action_server]: Feedback: [1]
[INFO] [1733808904.311330619] [fibonacci_action_server]: Goal succeeded
[INFO] [1733808904.311537104] [fibonacci_action_server]: Received goal request with order 10
[INFO] [1733808904.311662335] [fibonacci_action_server]: Executing goal...
[INFO] [1733808904.311711063] [fibonacci_action_server]: Feedback: [1]
[INFO] [1733808905.290720618] [fibonacci_action_server]: Feedback: [2]
[INFO] [1733808905.296775499] [fibonacci_action_server]: Feedback: [2]
[INFO] [1733808905.311804342] [fibonacci_action_server]: Feedback: [2]
[INFO] [1733808906.290955947] [fibonacci_action_server]: Feedback: [3]
[INFO] [1733808906.296898090] [fibonacci_action_server]: Feedback: [3]
[INFO] [1733808906.311911151] [fibonacci_action_server]: Feedback: [3]
[INFO] [1733808907.291151420] [fibonacci_action_server]: Feedback: [5]
[INFO] [1733808907.297024567] [fibonacci_action_server]: Feedback: [5]
[INFO] [1733808907.312058041] [fibonacci_action_server]: Feedback: [5]
[INFO] [1733808908.291374463] [fibonacci_action_server]: Feedback: [8]
[INFO] [1733808908.297153101] [fibonacci_action_server]: Feedback: [8]
[INFO] [1733808908.312207474] [fibonacci_action_server]: Feedback: [8]
[INFO] [1733808909.291578131] [fibonacci_action_server]: Feedback: [13]
[INFO] [1733808909.297267795] [fibonacci_action_server]: Feedback: [13]
[INFO] [1733808909.312305812] [fibonacci_action_server]: Feedback: [13]
[INFO] [1733808910.291747836] [fibonacci_action_server]: Feedback: [21]
[INFO] [1733808910.297328727] [fibonacci_action_server]: Feedback: [21]
[INFO] [1733808910.312406153] [fibonacci_action_server]: Feedback: [21]
[INFO] [1733808911.291946450] [fibonacci_action_server]: Feedback: [34]
[INFO] [1733808911.297508377] [fibonacci_action_server]: Feedback: [34]
[INFO] [1733808911.312550048] [fibonacci_action_server]: Feedback: [34]
[INFO] [1733808912.292177952] [fibonacci_action_server]: Feedback: [55]
[INFO] [1733808912.297715909] [fibonacci_action_server]: Feedback: [55]
[INFO] [1733808912.312689141] [fibonacci_action_server]: Feedback: [55]
[INFO] [1733808913.292428400] [fibonacci_action_server]: Goal succeeded
[INFO] [1733808913.294336285] [fibonacci_action_server]: Received goal request with order 10
[INFO] [1733808913.294531434] [fibonacci_action_server]: Executing goal...
[INFO] [1733808913.294631562] [fibonacci_action_server]: Feedback: [1]
[INFO] [1733808913.297935634] [fibonacci_action_server]: Goal succeeded
[INFO] [1733808913.298745390] [fibonacci_action_server]: Received goal request with order 10
[INFO] [1733808913.298962748] [fibonacci_action_server]: Executing goal...
[INFO] [1733808913.299052620] [fibonacci_action_server]: Feedback: [1]
[INFO] [1733808913.312889445] [fibonacci_action_server]: Goal succeeded
[INFO] [1733808913.313283876] [fibonacci_action_server]: Received goal request with order 10
[INFO] [1733808913.313440601] [fibonacci_action_server]: Executing goal...
[INFO] [1733808913.313496221] [fibonacci_action_server]: Feedback: [1]
[INFO] [1733808914.294764521] [fibonacci_action_server]: Feedback: [2]
[INFO] [1733808914.299204531] [fibonacci_action_server]: Feedback: [2]
[INFO] [1733808914.313600193] [fibonacci_action_server]: Feedback: [2]
[INFO] [1733808915.294953867] [fibonacci_action_server]: Feedback: [3]
[INFO] [1733808915.299333555] [fibonacci_action_server]: Feedback: [3]
[INFO] [1733808915.313763165] [fibonacci_action_server]: Feedback: [3]
[INFO] [1733808916.295101341] [fibonacci_action_server]: Feedback: [5]
[INFO] [1733808916.299433549] [fibonacci_action_server]: Feedback: [5]
[INFO] [1733808916.313905948] [fibonacci_action_server]: Feedback: [5]
[INFO] [1733808917.295269259] [fibonacci_action_server]: Feedback: [8]
[INFO] [1733808917.299542077] [fibonacci_action_server]: Feedback: [8]
[INFO] [1733808917.314002782] [fibonacci_action_server]: Feedback: [8]
[INFO] [1733808918.295457189] [fibonacci_action_server]: Feedback: [13]
[INFO] [1733808918.299726549] [fibonacci_action_server]: Feedback: [13]
[INFO] [1733808918.314171734] [fibonacci_action_server]: Feedback: [13]
[INFO] [1733808919.295672197] [fibonacci_action_server]: Feedback: [21]
[INFO] [1733808919.299921319] [fibonacci_action_server]: Feedback: [21]
[INFO] [1733808919.314352183] [fibonacci_action_server]: Feedback: [21]
[INFO] [1733808920.295839265] [fibonacci_action_server]: Feedback: [34]
[INFO] [1733808920.300039736] [fibonacci_action_server]: Feedback: [34]
[INFO] [1733808920.314469789] [fibonacci_action_server]: Feedback: [34]
[INFO] [1733808921.296024761] [fibonacci_action_server]: Feedback: [55]
[INFO] [1733808921.300145367] [fibonacci_action_server]: Feedback: [55]
[INFO] [1733808921.314564570] [fibonacci_action_server]: Feedback: [55]
[INFO] [1733808922.296228338] [fibonacci_action_server]: Goal succeeded
[INFO] [1733808922.296541701] [fibonacci_action_server]: Received goal request with order 10
[INFO] [1733808922.296663551] [fibonacci_action_server]: Executing goal...
[INFO] [1733808922.296717946] [fibonacci_action_server]: Feedback: [1]
[INFO] [1733808922.300282194] [fibonacci_action_server]: Goal succeeded
[INFO] [1733808922.300454562] [fibonacci_action_server]: Received goal request with order 10
[INFO] [1733808922.300541857] [fibonacci_action_server]: Executing goal...
[INFO] [1733808922.300589097] [fibonacci_action_server]: Feedback: [1]
[INFO] [1733808922.314662452] [fibonacci_action_server]: Goal succeeded
[INFO] [1733808922.314863512] [fibonacci_action_server]: Received goal request with order 10
[INFO] [1733808922.314953837] [fibonacci_action_server]: Executing goal...
[INFO] [1733808922.315002311] [fibonacci_action_server]: Feedback: [1]
[INFO] [1733808923.296858364] [fibonacci_action_server]: Feedback: [2]
[INFO] [1733808923.300713871] [fibonacci_action_server]: Feedback: [2]
[INFO] [1733808923.315094783] [fibonacci_action_server]: Feedback: [2]
[INFO] [1733808924.297066865] [fibonacci_action_server]: Feedback: [3]
[INFO] [1733808924.300838438] [fibonacci_action_server]: Feedback: [3]
[INFO] [1733808924.315250615] [fibonacci_action_server]: Feedback: [3]
[INFO] [1733808925.297248214] [fibonacci_action_server]: Feedback: [5]
[INFO] [1733808925.300959683] [fibonacci_action_server]: Feedback: [5]
[INFO] [1733808925.315410318] [fibonacci_action_server]: Feedback: [5]
[INFO] [1733808926.297437956] [fibonacci_action_server]: Feedback: [8]
[INFO] [1733808926.301035215] [fibonacci_action_server]: Feedback: [8]
[INFO] [1733808926.315574009] [fibonacci_action_server]: Feedback: [8]
[INFO] [1733808927.297627820] [fibonacci_action_server]: Feedback: [13]
[INFO] [1733808927.301128967] [fibonacci_action_server]: Feedback: [13]
[INFO] [1733808927.315728309] [fibonacci_action_server]: Feedback: [13]
[INFO] [1733808928.297794769] [fibonacci_action_server]: Feedback: [21]
[INFO] [1733808928.301220457] [fibonacci_action_server]: Feedback: [21]
[INFO] [1733808928.315839094] [fibonacci_action_server]: Feedback: [21]
[INFO] [1733808929.298018025] [fibonacci_action_server]: Feedback: [34]
[INFO] [1733808929.301356970] [fibonacci_action_server]: Feedback: [34]
[INFO] [1733808929.315993162] [fibonacci_action_server]: Feedback: [34]
[INFO] [1733808930.298216348] [fibonacci_action_server]: Feedback: [55]
[INFO] [1733808930.301532578] [fibonacci_action_server]: Feedback: [55]
[INFO] [1733808930.316150567] [fibonacci_action_server]: Feedback: [55]
[INFO] [1733808931.298435917] [fibonacci_action_server]: Goal succeeded
[INFO] [1733808931.298782925] [fibonacci_action_server]: Received goal request with order 10
[INFO] [1733808931.298885010] [fibonacci_action_server]: Executing goal...
[INFO] [1733808931.298941329] [fibonacci_action_server]: Feedback: [1]
[INFO] [1733808931.301679150] [fibonacci_action_server]: Goal succeeded
[INFO] [1733808931.301846435] [fibonacci_action_server]: Received goal request with order 10
[INFO] [1733808931.301938920] [fibonacci_action_server]: Executing goal...
[INFO] [1733808931.301981873] [fibonacci_action_server]: Feedback: [1]
[INFO] [1733808931.316299436] [fibonacci_action_server]: Goal succeeded
[INFO] [1733808931.316488294] [fibonacci_action_server]: Received goal request with order 10
[INFO] [1733808931.316586431] [fibonacci_action_server]: Executing goal...
[INFO] [1733808931.316637620] [fibonacci_action_server]: Feedback: [1]
[INFO] [1733808932.299073156] [fibonacci_action_server]: Feedback: [2]
[INFO] [1733808932.302033881] [fibonacci_action_server]: Feedback: [2]
[INFO] [1733808932.316776733] [fibonacci_action_server]: Feedback: [2]
[INFO] [1733808933.299239623] [fibonacci_action_server]: Feedback: [3]
[INFO] [1733808933.302101552] [fibonacci_action_server]: Feedback: [3]
[INFO] [1733808933.316875833] [fibonacci_action_server]: Feedback: [3]
[INFO] [1733808934.299423132] [fibonacci_action_server]: Feedback: [5]
[INFO] [1733808934.302185279] [fibonacci_action_server]: Feedback: [5]
[INFO] [1733808934.316977170] [fibonacci_action_server]: Feedback: [5]
[INFO] [1733808935.299608102] [fibonacci_action_server]: Feedback: [8]
[INFO] [1733808935.302316247] [fibonacci_action_server]: Feedback: [8]
[INFO] [1733808935.317135316] [fibonacci_action_server]: Feedback: [8]
[INFO] [1733808936.299761040] [fibonacci_action_server]: Feedback: [13]
[INFO] [1733808936.302436295] [fibonacci_action_server]: Feedback: [13]
[INFO] [1733808936.317346514] [fibonacci_action_server]: Feedback: [13]
[INFO] [1733808937.299976397] [fibonacci_action_server]: Feedback: [21]
[INFO] [1733808937.302538761] [fibonacci_action_server]: Feedback: [21]
[INFO] [1733808937.317512304] [fibonacci_action_server]: Feedback: [21]
[INFO] [1733808938.300158981] [fibonacci_action_server]: Feedback: [34]
[INFO] [1733808938.302647536] [fibonacci_action_server]: Feedback: [34]
[INFO] [1733808938.317664234] [fibonacci_action_server]: Feedback: [34]
[INFO] [1733808939.300378465] [fibonacci_action_server]: Feedback: [55]
[INFO] [1733808939.302756980] [fibonacci_action_server]: Feedback: [55]
[INFO] [1733808939.317815384] [fibonacci_action_server]: Feedback: [55]
[INFO] [1733808940.300638121] [fibonacci_action_server]: Goal succeeded
[INFO] [1733808940.300994816] [fibonacci_action_server]: Received goal request with order 10
[INFO] [1733808940.301189549] [fibonacci_action_server]: Executing goal...
[INFO] [1733808940.301254358] [fibonacci_action_server]: Feedback: [1]
[INFO] [1733808940.302967257] [fibonacci_action_server]: Goal succeeded
[INFO] [1733808940.303288501] [fibonacci_action_server]: Received goal request with order 10
[INFO] [1733808940.303433069] [fibonacci_action_server]: Executing goal...
[INFO] [1733808940.303505047] [fibonacci_action_server]: Feedback: [1]
[INFO] [1733808940.318050655] [fibonacci_action_server]: Goal succeeded
[INFO] [1733808940.318376541] [fibonacci_action_server]: Received goal request with order 10
[INFO] [1733808940.318535794] [fibonacci_action_server]: Executing goal...
[INFO] [1733808940.318602210] [fibonacci_action_server]: Feedback: [1]
[INFO] [1733808941.301364317] [fibonacci_action_server]: Feedback: [2]
[INFO] [1733808941.303609628] [fibonacci_action_server]: Feedback: [2]
[INFO] [1733808941.318714499] [fibonacci_action_server]: Feedback: [2]
[INFO] [1733808942.301550586] [fibonacci_action_server]: Feedback: [3]
[INFO] [1733808942.303716904] [fibonacci_action_server]: Feedback: [3]
[INFO] [1733808942.318877874] [fibonacci_action_server]: Feedback: [3]
[INFO] [1733808943.301718516] [fibonacci_action_server]: Feedback: [5]
[INFO] [1733808943.303827892] [fibonacci_action_server]: Feedback: [5]
[INFO] [1733808943.319045186] [fibonacci_action_server]: Feedback: [5]
[INFO] [1733808944.301949781] [fibonacci_action_server]: Feedback: [8]
[INFO] [1733808944.303937296] [fibonacci_action_server]: Feedback: [8]
[INFO] [1733808944.319166145] [fibonacci_action_server]: Feedback: [8]
[INFO] [1733808945.302130574] [fibonacci_action_server]: Feedback: [13]
[INFO] [1733808945.304008938] [fibonacci_action_server]: Feedback: [13]
[INFO] [1733808945.319320237] [fibonacci_action_server]: Feedback: [13]
[INFO] [1733808946.302320426] [fibonacci_action_server]: Feedback: [21]
[INFO] [1733808946.304139805] [fibonacci_action_server]: Feedback: [21]
[INFO] [1733808946.319556101] [fibonacci_action_server]: Feedback: [21]
[INFO] [1733808947.302504098] [fibonacci_action_server]: Feedback: [34]
[INFO] [1733808947.304278748] [fibonacci_action_server]: Feedback: [34]
[INFO] [1733808947.319728166] [fibonacci_action_server]: Feedback: [34]
[INFO] [1733808948.302713613] [fibonacci_action_server]: Feedback: [55]
[INFO] [1733808948.304417316] [fibonacci_action_server]: Feedback: [55]
[INFO] [1733808948.319896362] [fibonacci_action_server]: Feedback: [55]
[INFO] [1733808949.303934957] [fibonacci_action_server]: Goal succeeded
[INFO] [1733808949.304300208] [fibonacci_action_server]: Received goal request with order 10
[INFO] [1733808949.304479418] [fibonacci_action_server]: Executing goal...
[INFO] [1733808949.304584361] [fibonacci_action_server]: Goal succeeded
[INFO] [1733808949.304681344] [fibonacci_action_server]: Feedback: [1]
[INFO] [1733808949.304827152] [fibonacci_action_server]: Received goal request with order 10
[INFO] [1733808949.304943779] [fibonacci_action_server]: Executing goal...
[INFO] [1733808949.304995474] [fibonacci_action_server]: Feedback: [1]
[INFO] [1733808949.320159269] [fibonacci_action_server]: Goal succeeded
[INFO] [1733808949.320540499] [fibonacci_action_server]: Received goal request with order 10
[INFO] [1733808949.320675237] [fibonacci_action_server]: Executing goal...
[INFO] [1733808949.320733503] [fibonacci_action_server]: Feedback: [1]
[INFO] [1733808950.304814013] [fibonacci_action_server]: Feedback: [2]
[INFO] [1733808950.305090757] [fibonacci_action_server]: Feedback: [2]
[INFO] [1733808950.320824313] [fibonacci_action_server]: Feedback: [2]
[INFO] [1733808951.305037058] [fibonacci_action_server]: Feedback: [3]
[INFO] [1733808951.305191581] [fibonacci_action_server]: Feedback: [3]
[INFO] [1733808951.320986037] [fibonacci_action_server]: Feedback: [3]
[INFO] [1733808952.305201282] [fibonacci_action_server]: Feedback: [5]
[INFO] [1733808952.305291163] [fibonacci_action_server]: Feedback: [5]
[INFO] [1733808952.321061013] [fibonacci_action_server]: Feedback: [5]
[INFO] [1733808953.305367072] [fibonacci_action_server]: Feedback: [8]
[INFO] [1733808953.305419267] [fibonacci_action_server]: Feedback: [8]
[INFO] [1733808953.321166936] [fibonacci_action_server]: Feedback: [8]
[INFO] [1733808954.305604842] [fibonacci_action_server]: Feedback: [13]
[INFO] [1733808954.305640305] [fibonacci_action_server]: Feedback: [13]
[INFO] [1733808954.321330655] [fibonacci_action_server]: Feedback: [13]
[INFO] [1733808955.305794268] [fibonacci_action_server]: Feedback: [21]
[INFO] [1733808955.305810394] [fibonacci_action_server]: Feedback: [21]
[INFO] [1733808955.321507524] [fibonacci_action_server]: Feedback: [21]
[INFO] [1733808956.305973584] [fibonacci_action_server]: Feedback: [34]
[INFO] [1733808956.305990033] [fibonacci_action_server]: Feedback: [34]
[INFO] [1733808956.321614141] [fibonacci_action_server]: Feedback: [34]
[INFO] [1733808957.306176810] [fibonacci_action_server]: Feedback: [55]
[INFO] [1733808957.306214980] [fibonacci_action_server]: Feedback: [55]
[INFO] [1733808957.321695328] [fibonacci_action_server]: Feedback: [55]
[INFO] [1733808958.306451349] [fibonacci_action_server]: Goal succeeded
[INFO] [1733808958.306520865] [fibonacci_action_server]: Goal succeeded
[INFO] [1733808958.307138326] [fibonacci_action_server]: Received goal request with order 10
[INFO] [1733808958.307259903] [fibonacci_action_server]: Executing goal...
[INFO] [1733808958.307288935] [fibonacci_action_server]: Received goal request with order 10
[INFO] [1733808958.307327100] [fibonacci_action_server]: Feedback: [1]
[INFO] [1733808958.307419419] [fibonacci_action_server]: Executing goal...
[INFO] [1733808958.307490550] [fibonacci_action_server]: Feedback: [1]
[INFO] [1733808958.321816534] [fibonacci_action_server]: Goal succeeded
[INFO] [1733808958.322048090] [fibonacci_action_server]: Received goal request with order 10
[INFO] [1733808958.322167928] [fibonacci_action_server]: Executing goal...
[INFO] [1733808958.322213308] [fibonacci_action_server]: Feedback: [1]
[INFO] [1733808959.307469240] [fibonacci_action_server]: Feedback: [2]
[INFO] [1733808959.307603062] [fibonacci_action_server]: Feedback: [2]
[INFO] [1733808959.322347757] [fibonacci_action_server]: Feedback: [2]
[INFO] [1733808960.307698275] [fibonacci_action_server]: Feedback: [3]
[INFO] [1733808960.307723384] [fibonacci_action_server]: Feedback: [3]
[INFO] [1733808960.322546889] [fibonacci_action_server]: Feedback: [3]
[INFO] [1733808961.307890323] [fibonacci_action_server]: Feedback: [5]
[INFO] [1733808961.307916653] [fibonacci_action_server]: Feedback: [5]
[INFO] [1733808961.322713567] [fibonacci_action_server]: Feedback: [5]
[INFO] [1733808962.308055973] [fibonacci_action_server]: Feedback: [8]
[INFO] [1733808962.308081258] [fibonacci_action_server]: Feedback: [8]
[INFO] [1733808962.322846469] [fibonacci_action_server]: Feedback: [8]
[INFO] [1733808963.308236999] [fibonacci_action_server]: Feedback: [13]
[INFO] [1733808963.308447718] [fibonacci_action_server]: Feedback: [13]
[INFO] [1733808963.322983225] [fibonacci_action_server]: Feedback: [13]
[INFO] [1733808964.308475170] [fibonacci_action_server]: Feedback: [21]
[INFO] [1733808964.308557078] [fibonacci_action_server]: Feedback: [21]
[INFO] [1733808964.323087110] [fibonacci_action_server]: Feedback: [21]
[INFO] [1733808965.308676459] [fibonacci_action_server]: Feedback: [34]
[INFO] [1733808965.308701257] [fibonacci_action_server]: Feedback: [34]
[INFO] [1733808965.323275604] [fibonacci_action_server]: Feedback: [34]
[INFO] [1733808966.308888455] [fibonacci_action_server]: Feedback: [55]
[INFO] [1733808966.308905229] [fibonacci_action_server]: Feedback: [55]
[INFO] [1733808966.323427202] [fibonacci_action_server]: Feedback: [55]
[INFO] [1733808967.309138300] [fibonacci_action_server]: Goal succeeded
[INFO] [1733808967.309202141] [fibonacci_action_server]: Goal succeeded
[INFO] [1733808967.309405883] [fibonacci_action_server]: Received goal request with order 10
[INFO] [1733808967.309515808] [fibonacci_action_server]: Executing goal...
[INFO] [1733808967.309538477] [fibonacci_action_server]: Received goal request with order 10
[INFO] [1733808967.309557974] [fibonacci_action_server]: Feedback: [1]
[INFO] [1733808967.309631468] [fibonacci_action_server]: Executing goal...
[INFO] [1733808967.309675020] [fibonacci_action_server]: Feedback: [1]
[INFO] [1733808967.323533742] [fibonacci_action_server]: Goal succeeded
[INFO] [1733808967.323874531] [fibonacci_action_server]: Received goal request with order 10
[INFO] [1733808967.323952946] [fibonacci_action_server]: Executing goal...
[INFO] [1733808967.324002749] [fibonacci_action_server]: Feedback: [1]
[INFO] [1733808968.309645232] [fibonacci_action_server]: Feedback: [2]
[INFO] [1733808968.309769564] [fibonacci_action_server]: Feedback: [2]
[INFO] [1733808968.324097144] [fibonacci_action_server]: Feedback: [2]
[INFO] [1733808969.309833154] [fibonacci_action_server]: Feedback: [3]
[INFO] [1733808969.310445141] [fibonacci_action_server]: Feedback: [3]
[INFO] [1733808969.324151464] [fibonacci_action_server]: Feedback: [3]
[INFO] [1733808970.310029196] [fibonacci_action_server]: Feedback: [5]
[INFO] [1733808970.310550478] [fibonacci_action_server]: Feedback: [5]
[INFO] [1733808970.324256490] [fibonacci_action_server]: Feedback: [5]
[INFO] [1733808971.310216913] [fibonacci_action_server]: Feedback: [8]
[INFO] [1733808971.310654196] [fibonacci_action_server]: Feedback: [8]
[INFO] [1733808971.324411081] [fibonacci_action_server]: Feedback: [8]
[INFO] [1733808972.310488460] [fibonacci_action_server]: Feedback: [13]
[INFO] [1733808972.310748124] [fibonacci_action_server]: Feedback: [13]
[INFO] [1733808972.324576103] [fibonacci_action_server]: Feedback: [13]
[INFO] [1733808973.310674955] [fibonacci_action_server]: Feedback: [21]
[INFO] [1733808973.310842065] [fibonacci_action_server]: Feedback: [21]
[INFO] [1733808973.324659771] [fibonacci_action_server]: Feedback: [21]
[INFO] [1733808974.310872641] [fibonacci_action_server]: Feedback: [34]
[INFO] [1733808974.311565476] [fibonacci_action_server]: Feedback: [34]
[INFO] [1733808974.324768305] [fibonacci_action_server]: Feedback: [34]
[INFO] [1733808975.311013484] [fibonacci_action_server]: Feedback: [55]
[INFO] [1733808975.311686268] [fibonacci_action_server]: Feedback: [55]
[INFO] [1733808975.324872722] [fibonacci_action_server]: Feedback: [55]
[INFO] [1733808976.311240045] [fibonacci_action_server]: Goal succeeded
[INFO] [1733808976.311591565] [fibonacci_action_server]: Received goal request with order 10
[INFO] [1733808976.311741946] [fibonacci_action_server]: Executing goal...
[INFO] [1733808976.311791956] [fibonacci_action_server]: Feedback: [1]
[INFO] [1733808976.311867000] [fibonacci_action_server]: Goal succeeded
[INFO] [1733808976.312054080] [fibonacci_action_server]: Received goal request with order 10
[INFO] [1733808976.312148659] [fibonacci_action_server]: Executing goal...
[INFO] [1733808976.312198108] [fibonacci_action_server]: Feedback: [1]
[INFO] [1733808976.325062282] [fibonacci_action_server]: Goal succeeded
[INFO] [1733808976.325245761] [fibonacci_action_server]: Received goal request with order 10
[INFO] [1733808976.325353229] [fibonacci_action_server]: Executing goal...
[INFO] [1733808976.325399176] [fibonacci_action_server]: Feedback: [1]
[INFO] [1733808977.311957358] [fibonacci_action_server]: Feedback: [2]
[INFO] [1733808977.312313409] [fibonacci_action_server]: Feedback: [2]
[INFO] [1733808977.325556065] [fibonacci_action_server]: Feedback: [2]
[INFO] [1733808978.312166663] [fibonacci_action_server]: Feedback: [3]
[INFO] [1733808978.312414774] [fibonacci_action_server]: Feedback: [3]
[INFO] [1733808978.325712096] [fibonacci_action_server]: Feedback: [3]
[INFO] [1733808979.312345271] [fibonacci_action_server]: Feedback: [5]
[INFO] [1733808979.313252538] [fibonacci_action_server]: Feedback: [5]
[INFO] [1733808979.325820776] [fibonacci_action_server]: Feedback: [5]
[INFO] [1733808980.312506499] [fibonacci_action_server]: Feedback: [8]
[INFO] [1733808980.313334358] [fibonacci_action_server]: Feedback: [8]
[INFO] [1733808980.325933896] [fibonacci_action_server]: Feedback: [8]
[INFO] [1733808981.312695455] [fibonacci_action_server]: Feedback: [13]
[INFO] [1733808981.313440910] [fibonacci_action_server]: Feedback: [13]
[INFO] [1733808981.326030835] [fibonacci_action_server]: Feedback: [13]
[INFO] [1733808982.312882893] [fibonacci_action_server]: Feedback: [21]
[INFO] [1733808982.313549093] [fibonacci_action_server]: Feedback: [21]
[INFO] [1733808982.326167944] [fibonacci_action_server]: Feedback: [21]
[INFO] [1733808983.313093537] [fibonacci_action_server]: Feedback: [34]
[INFO] [1733808983.313658586] [fibonacci_action_server]: Feedback: [34]
[INFO] [1733808983.326310066] [fibonacci_action_server]: Feedback: [34]
[INFO] [1733808984.313344200] [fibonacci_action_server]: Feedback: [55]
[INFO] [1733808984.313768510] [fibonacci_action_server]: Feedback: [55]
[INFO] [1733808984.326408284] [fibonacci_action_server]: Feedback: [55]
[INFO] [1733808985.313557738] [fibonacci_action_server]: Goal succeeded
[INFO] [1733808985.313900647] [fibonacci_action_server]: Goal succeeded
[INFO] [1733808985.313939485] [fibonacci_action_server]: Received goal request with order 10
[INFO] [1733808985.314101978] [fibonacci_action_server]: Executing goal...
[INFO] [1733808985.314135407] [fibonacci_action_server]: Received goal request with order 10
[INFO] [1733808985.314158129] [fibonacci_action_server]: Feedback: [1]
[INFO] [1733808985.314226964] [fibonacci_action_server]: Executing goal...
[INFO] [1733808985.314299768] [fibonacci_action_server]: Feedback: [1]
[INFO] [1733808985.326544438] [fibonacci_action_server]: Goal succeeded
[INFO] [1733808985.326743452] [fibonacci_action_server]: Received goal request with order 10
[INFO] [1733808985.326835890] [fibonacci_action_server]: Executing goal...
[INFO] [1733808985.326882042] [fibonacci_action_server]: Feedback: [1]
[INFO] [1733808986.314316603] [fibonacci_action_server]: Feedback: [2]
[INFO] [1733808986.314432459] [fibonacci_action_server]: Feedback: [2]
[INFO] [1733808986.327010755] [fibonacci_action_server]: Feedback: [2]
[INFO] [1733808987.314491683] [fibonacci_action_server]: Feedback: [3]
[INFO] [1733808987.314561073] [fibonacci_action_server]: Feedback: [3]
[INFO] [1733808987.327117007] [fibonacci_action_server]: Feedback: [3]
[INFO] [1733808988.314649368] [fibonacci_action_server]: Feedback: [5]
[INFO] [1733808988.314679857] [fibonacci_action_server]: Feedback: [5]
[INFO] [1733808988.327268555] [fibonacci_action_server]: Feedback: [5]
[INFO] [1733808989.315254311] [fibonacci_action_server]: Feedback: [8]
[INFO] [1733808989.315273812] [fibonacci_action_server]: Feedback: [8]
[INFO] [1733808989.327429513] [fibonacci_action_server]: Feedback: [8]
[INFO] [1733808990.315390424] [fibonacci_action_server]: Feedback: [13]
[INFO] [1733808990.315470599] [fibonacci_action_server]: Feedback: [13]
[INFO] [1733808990.327550515] [fibonacci_action_server]: Feedback: [13]
[INFO] [1733808991.315537846] [fibonacci_action_server]: Feedback: [21]
[INFO] [1733808991.315594454] [fibonacci_action_server]: Feedback: [21]
[INFO] [1733808991.327659488] [fibonacci_action_server]: Feedback: [21]
[INFO] [1733808992.315759096] [fibonacci_action_server]: Feedback: [34]
[INFO] [1733808992.315775011] [fibonacci_action_server]: Feedback: [34]
[INFO] [1733808992.327783437] [fibonacci_action_server]: Feedback: [34]
[INFO] [1733808993.315916405] [fibonacci_action_server]: Feedback: [55]
[INFO] [1733808993.315935577] [fibonacci_action_server]: Feedback: [55]
[INFO] [1733808993.327970607] [fibonacci_action_server]: Feedback: [55]
[INFO] [1733808994.316950269] [fibonacci_action_server]: Goal succeeded
[INFO] [1733808994.317011386] [fibonacci_action_server]: Goal succeeded
[INFO] [1733808994.317223924] [fibonacci_action_server]: Received goal request with order 10
[INFO] [1733808994.317365814] [fibonacci_action_server]: Executing goal...
[INFO] [1733808994.317388888] [fibonacci_action_server]: Received goal request with order 10
[INFO] [1733808994.317442413] [fibonacci_action_server]: Feedback: [1]
[INFO] [1733808994.317516554] [fibonacci_action_server]: Executing goal...
[INFO] [1733808994.317564836] [fibonacci_action_server]: Feedback: [1]
[INFO] [1733808994.328163181] [fibonacci_action_server]: Goal succeeded
[INFO] [1733808994.328351461] [fibonacci_action_server]: Received goal request with order 10
[INFO] [1733808994.328444425] [fibonacci_action_server]: Executing goal...
[INFO] [1733808994.328488815] [fibonacci_action_server]: Feedback: [1]
[INFO] [1733808995.317581547] [fibonacci_action_server]: Feedback: [2]
[INFO] [1733808995.317672094] [fibonacci_action_server]: Feedback: [2]
[INFO] [1733808995.328571644] [fibonacci_action_server]: Feedback: [2]
[INFO] [1733808996.317765336] [fibonacci_action_server]: Feedback: [3]
[INFO] [1733808996.317785847] [fibonacci_action_server]: Feedback: [3]
[INFO] [1733808996.328642179] [fibonacci_action_server]: Feedback: [3]
[INFO] [1733808997.317933205] [fibonacci_action_server]: Feedback: [5]
[INFO] [1733808997.317956840] [fibonacci_action_server]: Feedback: [5]
[INFO] [1733808997.328754811] [fibonacci_action_server]: Feedback: [5]
[INFO] [1733808998.318116419] [fibonacci_action_server]: Feedback: [8]
[INFO] [1733808998.318136805] [fibonacci_action_server]: Feedback: [8]
[INFO] [1733808998.328861386] [fibonacci_action_server]: Feedback: [8]
[INFO] [1733808999.318340096] [fibonacci_action_server]: Feedback: [13]
[INFO] [1733808999.319327321] [fibonacci_action_server]: Feedback: [13]
[INFO] [1733808999.328986549] [fibonacci_action_server]: Feedback: [13]
[INFO] [1733809000.318522640] [fibonacci_action_server]: Feedback: [21]
[INFO] [1733809000.319478082] [fibonacci_action_server]: Feedback: [21]
[INFO] [1733809000.329111888] [fibonacci_action_server]: Feedback: [21]
[INFO] [1733809001.318712347] [fibonacci_action_server]: Feedback: [34]
[INFO] [1733809001.319594428] [fibonacci_action_server]: Feedback: [34]
[INFO] [1733809001.329238771] [fibonacci_action_server]: Feedback: [34]
[INFO] [1733809002.318887354] [fibonacci_action_server]: Feedback: [55]
[INFO] [1733809002.319711665] [fibonacci_action_server]: Feedback: [55]
[INFO] [1733809002.329409577] [fibonacci_action_server]: Feedback: [55]
[INFO] [1733809003.319142250] [fibonacci_action_server]: Goal succeeded
[INFO] [1733809003.319438227] [fibonacci_action_server]: Received goal request with order 10
[INFO] [1733809003.319539663] [fibonacci_action_server]: Executing goal...
[INFO] [1733809003.319611975] [fibonacci_action_server]: Feedback: [1]
[INFO] [1733809003.319842445] [fibonacci_action_server]: Goal succeeded
[INFO] [1733809003.320068684] [fibonacci_action_server]: Received goal request with order 10
[INFO] [1733809003.320151178] [fibonacci_action_server]: Executing goal...
[INFO] [1733809003.320197455] [fibonacci_action_server]: Feedback: [1]
[INFO] [1733809003.329594285] [fibonacci_action_server]: Goal succeeded
[INFO] [1733809003.329768260] [fibonacci_action_server]: Received goal request with order 10
[INFO] [1733809003.329853769] [fibonacci_action_server]: Executing goal...
[INFO] [1733809003.329905546] [fibonacci_action_server]: Feedback: [1]
[INFO] [1733809004.319759596] [fibonacci_action_server]: Feedback: [2]
[INFO] [1733809004.320292311] [fibonacci_action_server]: Feedback: [2]
[INFO] [1733809004.330049412] [fibonacci_action_server]: Feedback: [2]
[INFO] [1733809005.319932729] [fibonacci_action_server]: Feedback: [3]
[INFO] [1733809005.320398388] [fibonacci_action_server]: Feedback: [3]
[INFO] [1733809005.330280084] [fibonacci_action_server]: Feedback: [3]
[INFO] [1733809006.320105121] [fibonacci_action_server]: Feedback: [5]
[INFO] [1733809006.320520170] [fibonacci_action_server]: Feedback: [5]
[INFO] [1733809006.330471625] [fibonacci_action_server]: Feedback: [5]
[INFO] [1733809007.320278544] [fibonacci_action_server]: Feedback: [8]
[INFO] [1733809007.320617817] [fibonacci_action_server]: Feedback: [8]
[INFO] [1733809007.330584840] [fibonacci_action_server]: Feedback: [8]
[INFO] [1733809008.320462659] [fibonacci_action_server]: Feedback: [13]
[INFO] [1733809008.320724647] [fibonacci_action_server]: Feedback: [13]
[INFO] [1733809008.330736737] [fibonacci_action_server]: Feedback: [13]
[INFO] [1733809009.320705532] [fibonacci_action_server]: Feedback: [21]
[INFO] [1733809009.320831811] [fibonacci_action_server]: Feedback: [21]
[INFO] [1733809009.330902934] [fibonacci_action_server]: Feedback: [21]
[INFO] [1733809010.320882006] [fibonacci_action_server]: Feedback: [34]
[INFO] [1733809010.320950109] [fibonacci_action_server]: Feedback: [34]
[INFO] [1733809010.331064002] [fibonacci_action_server]: Feedback: [34]
[INFO] [1733809011.321050774] [fibonacci_action_server]: Feedback: [55]
[INFO] [1733809011.321070278] [fibonacci_action_server]: Feedback: [55]
[INFO] [1733809011.331232469] [fibonacci_action_server]: Feedback: [55]
[INFO] [1733809012.321354694] [fibonacci_action_server]: Goal succeeded
[INFO] [1733809012.321492685] [fibonacci_action_server]: Goal succeeded
[INFO] [1733809012.322033662] [fibonacci_action_server]: Received goal request with order 10
[INFO] [1733809012.322219617] [fibonacci_action_server]: Executing goal...
[INFO] [1733809012.322243394] [fibonacci_action_server]: Received goal request with order 10
[INFO] [1733809012.322326879] [fibonacci_action_server]: Feedback: [1]
[INFO] [1733809012.322459843] [fibonacci_action_server]: Executing goal...
[INFO] [1733809012.322555978] [fibonacci_action_server]: Feedback: [1]
[INFO] [1733809012.331424369] [fibonacci_action_server]: Goal succeeded
[INFO] [1733809012.331756072] [fibonacci_action_server]: Received goal request with order 10
[INFO] [1733809012.331905934] [fibonacci_action_server]: Executing goal...
[INFO] [1733809012.331979700] [fibonacci_action_server]: Feedback: [1]
[INFO] [1733809013.322508843] [fibonacci_action_server]: Feedback: [2]
[INFO] [1733809013.322663521] [fibonacci_action_server]: Feedback: [2]
[INFO] [1733809013.332126703] [fibonacci_action_server]: Feedback: [2]
[INFO] [1733809014.322698450] [fibonacci_action_server]: Feedback: [3]
[INFO] [1733809014.323064579] [fibonacci_action_server]: Feedback: [3]
[INFO] [1733809014.332277495] [fibonacci_action_server]: Feedback: [3]
[INFO] [1733809015.322892407] [fibonacci_action_server]: Feedback: [5]
[INFO] [1733809015.323377436] [fibonacci_action_server]: Feedback: [5]
[INFO] [1733809015.332403329] [fibonacci_action_server]: Feedback: [5]
[INFO] [1733809016.323106635] [fibonacci_action_server]: Feedback: [8]
[INFO] [1733809016.323508228] [fibonacci_action_server]: Feedback: [8]
[INFO] [1733809016.332572570] [fibonacci_action_server]: Feedback: [8]
[INFO] [1733809017.323300166] [fibonacci_action_server]: Feedback: [13]
[INFO] [1733809017.323648167] [fibonacci_action_server]: Feedback: [13]
[INFO] [1733809017.332753197] [fibonacci_action_server]: Feedback: [13]
[INFO] [1733809018.323501084] [fibonacci_action_server]: Feedback: [21]
[INFO] [1733809018.323755168] [fibonacci_action_server]: Feedback: [21]
[INFO] [1733809018.332970621] [fibonacci_action_server]: Feedback: [21]
[INFO] [1733809019.323741790] [fibonacci_action_server]: Feedback: [34]
[INFO] [1733809019.324147494] [fibonacci_action_server]: Feedback: [34]
[INFO] [1733809019.333131448] [fibonacci_action_server]: Feedback: [34]
[INFO] [1733809020.323925229] [fibonacci_action_server]: Feedback: [55]
[INFO] [1733809020.324204072] [fibonacci_action_server]: Feedback: [55]
[INFO] [1733809020.333239805] [fibonacci_action_server]: Feedback: [55]
[INFO] [1733809021.324199290] [fibonacci_action_server]: Goal succeeded
[INFO] [1733809021.324376252] [fibonacci_action_server]: Goal succeeded
[INFO] [1733809021.324543221] [fibonacci_action_server]: Received goal request with order 10
[INFO] [1733809021.324678847] [fibonacci_action_server]: Executing goal...
[INFO] [1733809021.324743165] [fibonacci_action_server]: Feedback: [1]
[INFO] [1733809021.324766826] [fibonacci_action_server]: Received goal request with order 10
[INFO] [1733809021.324882020] [fibonacci_action_server]: Executing goal...
[INFO] [1733809021.324935110] [fibonacci_action_server]: Feedback: [1]
[INFO] [1733809021.333420832] [fibonacci_action_server]: Goal succeeded
[INFO] [1733809021.333712584] [fibonacci_action_server]: Received goal request with order 10
[INFO] [1733809021.333843275] [fibonacci_action_server]: Executing goal...
[INFO] [1733809021.333909489] [fibonacci_action_server]: Feedback: [1]
[INFO] [1733809022.324885721] [fibonacci_action_server]: Feedback: [2]
[INFO] [1733809022.325033911] [fibonacci_action_server]: Feedback: [2]
[INFO] [1733809022.333965376] [fibonacci_action_server]: Feedback: [2]
[INFO] [1733809023.325079709] [fibonacci_action_server]: Feedback: [3]
[INFO] [1733809023.325173389] [fibonacci_action_server]: Feedback: [3]
[INFO] [1733809023.334170258] [fibonacci_action_server]: Feedback: [3]
[INFO] [1733809024.325258342] [fibonacci_action_server]: Feedback: [5]
[INFO] [1733809024.325307278] [fibonacci_action_server]: Feedback: [5]
[INFO] [1733809024.334338427] [fibonacci_action_server]: Feedback: [5]
[INFO] [1733809025.325453175] [fibonacci_action_server]: Feedback: [8]
[INFO] [1733809025.325477053] [fibonacci_action_server]: Feedback: [8]
[INFO] [1733809025.334471204] [fibonacci_action_server]: Feedback: [8]
[INFO] [1733809026.325669454] [fibonacci_action_server]: Feedback: [13]
[INFO] [1733809026.325695037] [fibonacci_action_server]: Feedback: [13]
[INFO] [1733809026.334627292] [fibonacci_action_server]: Feedback: [13]
[INFO] [1733809027.325851246] [fibonacci_action_server]: Feedback: [21]
[INFO] [1733809027.325919592] [fibonacci_action_server]: Feedback: [21]
[INFO] [1733809027.334742532] [fibonacci_action_server]: Feedback: [21]
[INFO] [1733809028.326040551] [fibonacci_action_server]: Feedback: [34]
[INFO] [1733809028.326057910] [fibonacci_action_server]: Feedback: [34]
[INFO] [1733809028.334844187] [fibonacci_action_server]: Feedback: [34]
[INFO] [1733809029.326229402] [fibonacci_action_server]: Feedback: [55]
[INFO] [1733809029.326252430] [fibonacci_action_server]: Feedback: [55]
[INFO] [1733809029.334942932] [fibonacci_action_server]: Feedback: [55]
[INFO] [1733809030.272288788] [fibonacci_action_server]: Timeout reached, shutting down node...
[ros2run]: Segmentation fault
RAPL is set
