[INFO] [1733718398.479327639] [fibonacci_action_client]: Sending goal with order 10
[INFO] [1733718400.223563654] [fibonacci_action_client]: Goal accepted, waiting for result.
[INFO] [1733718400.225864291] [fibonacci_action_client]: Received feedback: array('i', [0, 1, 1])
[INFO] [1733718400.327098868] [fibonacci_action_client]: Received feedback: array('i', [0, 1, 1, 2])
[INFO] [1733718400.428297231] [fibonacci_action_client]: Received feedback: array('i', [0, 1, 1, 2, 3])
[INFO] [1733718400.528415069] [fibonacci_action_client]: Received feedback: array('i', [0, 1, 1, 2, 3, 5])
[INFO] [1733718400.629830479] [fibonacci_action_client]: Received feedback: array('i', [0, 1, 1, 2, 3, 5, 8])
[INFO] [1733718400.730430792] [fibonacci_action_client]: Received feedback: array('i', [0, 1, 1, 2, 3, 5, 8, 13])
[INFO] [1733718400.831047695] [fibonacci_action_client]: Received feedback: array('i', [0, 1, 1, 2, 3, 5, 8, 13, 21])
[INFO] [1733718400.931860593] [fibonacci_action_client]: Received feedback: array('i', [0, 1, 1, 2, 3, 5, 8, 13, 21, 34])
[INFO] [1733718401.032405697] [fibonacci_action_client]: Received feedback: array('i', [0, 1, 1, 2, 3, 5, 8, 13, 21, 34, 55])
[INFO] [1733718401.134180650] [fibonacci_action_client]: Result: array('i', [0, 1, 1, 2, 3, 5, 8, 13, 21, 34, 55])
[INFO] [1733718401.234738063] [fibonacci_action_client]: Sending goal with order 10
[INFO] [1733718402.957293591] [fibonacci_action_client]: Goal accepted, waiting for result.
[INFO] [1733718402.959153129] [fibonacci_action_client]: Received feedback: array('i', [0, 1, 1])
[INFO] [1733718403.060173939] [fibonacci_action_client]: Received feedback: array('i', [0, 1, 1, 2])
[INFO] [1733718403.160985606] [fibonacci_action_client]: Received feedback: array('i', [0, 1, 1, 2, 3])
[INFO] [1733718403.262255003] [fibonacci_action_client]: Received feedback: array('i', [0, 1, 1, 2, 3, 5])
[INFO] [1733718403.363312749] [fibonacci_action_client]: Received feedback: array('i', [0, 1, 1, 2, 3, 5, 8])
[INFO] [1733718403.464531957] [fibonacci_action_client]: Received feedback: array('i', [0, 1, 1, 2, 3, 5, 8, 13])
[INFO] [1733718403.565544589] [fibonacci_action_client]: Received feedback: array('i', [0, 1, 1, 2, 3, 5, 8, 13, 21])
[INFO] [1733718403.666270183] [fibonacci_action_client]: Received feedback: array('i', [0, 1, 1, 2, 3, 5, 8, 13, 21, 34])
[INFO] [1733718403.767234064] [fibonacci_action_client]: Received feedback: array('i', [0, 1, 1, 2, 3, 5, 8, 13, 21, 34, 55])
[INFO] [1733718403.869723258] [fibonacci_action_client]: Result: array('i', [0, 1, 1, 2, 3, 5, 8, 13, 21, 34, 55])
[INFO] [1733718403.970311986] [fibonacci_action_client]: Sending goal with order 10
[INFO] [1733718405.691080341] [fibonacci_action_client]: Goal accepted, waiting for result.
[INFO] [1733718405.692670035] [fibonacci_action_client]: Received feedback: array('i', [0, 1, 1])
[INFO] [1733718405.793798672] [fibonacci_action_client]: Received feedback: array('i', [0, 1, 1, 2])
[INFO] [1733718405.894946929] [fibonacci_action_client]: Received feedback: array('i', [0, 1, 1, 2, 3])
[INFO] [1733718405.995993732] [fibonacci_action_client]: Received feedback: array('i', [0, 1, 1, 2, 3, 5])
[INFO] [1733718406.097072259] [fibonacci_action_client]: Received feedback: array('i', [0, 1, 1, 2, 3, 5, 8])
[INFO] [1733718406.198294249] [fibonacci_action_client]: Received feedback: array('i', [0, 1, 1, 2, 3, 5, 8, 13])
[INFO] [1733718406.299255693] [fibonacci_action_client]: Received feedback: array('i', [0, 1, 1, 2, 3, 5, 8, 13, 21])
[INFO] [1733718406.399965501] [fibonacci_action_client]: Received feedback: array('i', [0, 1, 1, 2, 3, 5, 8, 13, 21, 34])
[INFO] [1733718406.501039096] [fibonacci_action_client]: Received feedback: array('i', [0, 1, 1, 2, 3, 5, 8, 13, 21, 34, 55])
[INFO] [1733718406.603164504] [fibonacci_action_client]: Result: array('i', [0, 1, 1, 2, 3, 5, 8, 13, 21, 34, 55])
[INFO] [1733718406.703740115] [fibonacci_action_client]: Sending goal with order 10
[INFO] [1733718408.424415959] [fibonacci_action_client]: Goal accepted, waiting for result.
[INFO] [1733718408.426142773] [fibonacci_action_client]: Received feedback: array('i', [0, 1, 1])
[INFO] [1733718408.527488359] [fibonacci_action_client]: Received feedback: array('i', [0, 1, 1, 2])
[INFO] [1733718408.628300193] [fibonacci_action_client]: Received feedback: array('i', [0, 1, 1, 2, 3])
[INFO] [1733718408.729522947] [fibonacci_action_client]: Received feedback: array('i', [0, 1, 1, 2, 3, 5])
[INFO] [1733718408.830248616] [fibonacci_action_client]: Received feedback: array('i', [0, 1, 1, 2, 3, 5, 8])
[INFO] [1733718408.931408801] [fibonacci_action_client]: Received feedback: array('i', [0, 1, 1, 2, 3, 5, 8, 13])
[INFO] [1733718409.032433800] [fibonacci_action_client]: Received feedback: array('i', [0, 1, 1, 2, 3, 5, 8, 13, 21])
[INFO] [1733718409.133471818] [fibonacci_action_client]: Received feedback: array('i', [0, 1, 1, 2, 3, 5, 8, 13, 21, 34])
[INFO] [1733718409.234471929] [fibonacci_action_client]: Received feedback: array('i', [0, 1, 1, 2, 3, 5, 8, 13, 21, 34, 55])
[INFO] [1733718409.336743804] [fibonacci_action_client]: Result: array('i', [0, 1, 1, 2, 3, 5, 8, 13, 21, 34, 55])
[INFO] [1733718409.437708172] [fibonacci_action_client]: Sending goal with order 10
[INFO] [1733718411.159188548] [fibonacci_action_client]: Goal accepted, waiting for result.
[INFO] [1733718411.160843817] [fibonacci_action_client]: Received feedback: array('i', [0, 1, 1])
[INFO] [1733718411.262059306] [fibonacci_action_client]: Received feedback: array('i', [0, 1, 1, 2])
[INFO] [1733718411.363184732] [fibonacci_action_client]: Received feedback: array('i', [0, 1, 1, 2, 3])
[INFO] [1733718411.464185806] [fibonacci_action_client]: Received feedback: array('i', [0, 1, 1, 2, 3, 5])
[INFO] [1733718411.565345114] [fibonacci_action_client]: Received feedback: array('i', [0, 1, 1, 2, 3, 5, 8])
[INFO] [1733718411.666135576] [fibonacci_action_client]: Received feedback: array('i', [0, 1, 1, 2, 3, 5, 8, 13])
[INFO] [1733718411.766694252] [fibonacci_action_client]: Received feedback: array('i', [0, 1, 1, 2, 3, 5, 8, 13, 21])
[INFO] [1733718411.867814830] [fibonacci_action_client]: Received feedback: array('i', [0, 1, 1, 2, 3, 5, 8, 13, 21, 34])
[INFO] [1733718411.968856303] [fibonacci_action_client]: Received feedback: array('i', [0, 1, 1, 2, 3, 5, 8, 13, 21, 34, 55])
[INFO] [1733718412.071409852] [fibonacci_action_client]: Result: array('i', [0, 1, 1, 2, 3, 5, 8, 13, 21, 34, 55])
[INFO] [1733718412.171990763] [fibonacci_action_client]: Sending goal with order 10
[INFO] [1733718413.894084384] [fibonacci_action_client]: Goal accepted, waiting for result.
[INFO] [1733718413.894886390] [fibonacci_action_client]: Received feedback: array('i', [0, 1, 1])
[INFO] [1733718413.996054119] [fibonacci_action_client]: Received feedback: array('i', [0, 1, 1, 2])
[INFO] [1733718414.096840124] [fibonacci_action_client]: Received feedback: array('i', [0, 1, 1, 2, 3])
[INFO] [1733718414.197836031] [fibonacci_action_client]: Received feedback: array('i', [0, 1, 1, 2, 3, 5])
[INFO] [1733718414.298782502] [fibonacci_action_client]: Received feedback: array('i', [0, 1, 1, 2, 3, 5, 8])
[INFO] [1733718414.399377920] [fibonacci_action_client]: Received feedback: array('i', [0, 1, 1, 2, 3, 5, 8, 13])
[INFO] [1733718414.500533541] [fibonacci_action_client]: Received feedback: array('i', [0, 1, 1, 2, 3, 5, 8, 13, 21])
[INFO] [1733718414.601678717] [fibonacci_action_client]: Received feedback: array('i', [0, 1, 1, 2, 3, 5, 8, 13, 21, 34])
[INFO] [1733718414.702117231] [fibonacci_action_client]: Received feedback: array('i', [0, 1, 1, 2, 3, 5, 8, 13, 21, 34, 55])
[INFO] [1733718414.804403759] [fibonacci_action_client]: Result: array('i', [0, 1, 1, 2, 3, 5, 8, 13, 21, 34, 55])
[INFO] [1733718414.905086301] [fibonacci_action_client]: Sending goal with order 10
[INFO] [1733718416.624962579] [fibonacci_action_client]: Goal accepted, waiting for result.
[INFO] [1733718416.626356609] [fibonacci_action_client]: Received feedback: array('i', [0, 1, 1])
[INFO] [1733718416.726760610] [fibonacci_action_client]: Received feedback: array('i', [0, 1, 1, 2])
[INFO] [1733718416.827712446] [fibonacci_action_client]: Received feedback: array('i', [0, 1, 1, 2, 3])
[INFO] [1733718416.928734203] [fibonacci_action_client]: Received feedback: array('i', [0, 1, 1, 2, 3, 5])
[INFO] [1733718417.029605941] [fibonacci_action_client]: Received feedback: array('i', [0, 1, 1, 2, 3, 5, 8])
[INFO] [1733718417.130748358] [fibonacci_action_client]: Received feedback: array('i', [0, 1, 1, 2, 3, 5, 8, 13])
[INFO] [1733718417.231772799] [fibonacci_action_client]: Received feedback: array('i', [0, 1, 1, 2, 3, 5, 8, 13, 21])
[INFO] [1733718417.332887678] [fibonacci_action_client]: Received feedback: array('i', [0, 1, 1, 2, 3, 5, 8, 13, 21, 34])
[INFO] [1733718417.433996564] [fibonacci_action_client]: Received feedback: array('i', [0, 1, 1, 2, 3, 5, 8, 13, 21, 34, 55])
[INFO] [1733718417.537257338] [fibonacci_action_client]: Result: array('i', [0, 1, 1, 2, 3, 5, 8, 13, 21, 34, 55])
[INFO] [1733718417.638142084] [fibonacci_action_client]: Sending goal with order 10
[INFO] [1733718419.358180298] [fibonacci_action_client]: Goal accepted, waiting for result.
[INFO] [1733718419.360061599] [fibonacci_action_client]: Received feedback: array('i', [0, 1, 1])
[INFO] [1733718419.461620800] [fibonacci_action_client]: Received feedback: array('i', [0, 1, 1, 2])
[INFO] [1733718419.562717703] [fibonacci_action_client]: Received feedback: array('i', [0, 1, 1, 2, 3])
[INFO] [1733718419.663631755] [fibonacci_action_client]: Received feedback: array('i', [0, 1, 1, 2, 3, 5])
[INFO] [1733718419.764676430] [fibonacci_action_client]: Received feedback: array('i', [0, 1, 1, 2, 3, 5, 8])
[INFO] [1733718419.865749956] [fibonacci_action_client]: Received feedback: array('i', [0, 1, 1, 2, 3, 5, 8, 13])
[INFO] [1733718419.966931800] [fibonacci_action_client]: Received feedback: array('i', [0, 1, 1, 2, 3, 5, 8, 13, 21])
[INFO] [1733718420.067908216] [fibonacci_action_client]: Received feedback: array('i', [0, 1, 1, 2, 3, 5, 8, 13, 21, 34])
[INFO] [1733718420.168979956] [fibonacci_action_client]: Received feedback: array('i', [0, 1, 1, 2, 3, 5, 8, 13, 21, 34, 55])
[INFO] [1733718420.272200922] [fibonacci_action_client]: Result: array('i', [0, 1, 1, 2, 3, 5, 8, 13, 21, 34, 55])
[INFO] [1733718420.373022156] [fibonacci_action_client]: Sending goal with order 10
[INFO] [1733718422.092997564] [fibonacci_action_client]: Goal accepted, waiting for result.
[INFO] [1733718422.094806167] [fibonacci_action_client]: Received feedback: array('i', [0, 1, 1])
[INFO] [1733718422.196311714] [fibonacci_action_client]: Received feedback: array('i', [0, 1, 1, 2])
[INFO] [1733718422.297621423] [fibonacci_action_client]: Received feedback: array('i', [0, 1, 1, 2, 3])
[INFO] [1733718422.398202610] [fibonacci_action_client]: Received feedback: array('i', [0, 1, 1, 2, 3, 5])
[INFO] [1733718422.499277851] [fibonacci_action_client]: Received feedback: array('i', [0, 1, 1, 2, 3, 5, 8])
[INFO] [1733718422.599977955] [fibonacci_action_client]: Received feedback: array('i', [0, 1, 1, 2, 3, 5, 8, 13])
[INFO] [1733718422.701050985] [fibonacci_action_client]: Received feedback: array('i', [0, 1, 1, 2, 3, 5, 8, 13, 21])
[INFO] [1733718422.801929857] [fibonacci_action_client]: Received feedback: array('i', [0, 1, 1, 2, 3, 5, 8, 13, 21, 34])
[INFO] [1733718422.902905736] [fibonacci_action_client]: Received feedback: array('i', [0, 1, 1, 2, 3, 5, 8, 13, 21, 34, 55])
[INFO] [1733718423.006207818] [fibonacci_action_client]: Result: array('i', [0, 1, 1, 2, 3, 5, 8, 13, 21, 34, 55])
[INFO] [1733718423.106967811] [fibonacci_action_client]: Sending goal with order 10
[INFO] [1733718424.825922384] [fibonacci_action_client]: Goal accepted, waiting for result.
[INFO] [1733718424.827732000] [fibonacci_action_client]: Received feedback: array('i', [0, 1, 1])
[INFO] [1733718424.929096459] [fibonacci_action_client]: Received feedback: array('i', [0, 1, 1, 2])
[INFO] [1733718425.029816098] [fibonacci_action_client]: Received feedback: array('i', [0, 1, 1, 2, 3])
[INFO] [1733718425.131265589] [fibonacci_action_client]: Received feedback: array('i', [0, 1, 1, 2, 3, 5])
[INFO] [1733718425.232136397] [fibonacci_action_client]: Received feedback: array('i', [0, 1, 1, 2, 3, 5, 8])
[INFO] [1733718425.333075521] [fibonacci_action_client]: Received feedback: array('i', [0, 1, 1, 2, 3, 5, 8, 13])
[INFO] [1733718425.433599393] [fibonacci_action_client]: Received feedback: array('i', [0, 1, 1, 2, 3, 5, 8, 13, 21])
[INFO] [1733718425.534501853] [fibonacci_action_client]: Received feedback: array('i', [0, 1, 1, 2, 3, 5, 8, 13, 21, 34])
[INFO] [1733718425.635455528] [fibonacci_action_client]: Received feedback: array('i', [0, 1, 1, 2, 3, 5, 8, 13, 21, 34, 55])
[INFO] [1733718425.739131117] [fibonacci_action_client]: Result: array('i', [0, 1, 1, 2, 3, 5, 8, 13, 21, 34, 55])
[INFO] [1733718425.839697520] [fibonacci_action_client]: Sending goal with order 10
[INFO] [1733718427.560701071] [fibonacci_action_client]: Goal accepted, waiting for result.
[INFO] [1733718427.561469883] [fibonacci_action_client]: Received feedback: array('i', [0, 1, 1])
[INFO] [1733718427.660646088] [fibonacci_action_client]: Received feedback: array('i', [0, 1, 1, 2])
[INFO] [1733718427.761847391] [fibonacci_action_client]: Received feedback: array('i', [0, 1, 1, 2, 3])
[INFO] [1733718427.862903623] [fibonacci_action_client]: Received feedback: array('i', [0, 1, 1, 2, 3, 5])
[INFO] [1733718427.963816251] [fibonacci_action_client]: Received feedback: array('i', [0, 1, 1, 2, 3, 5, 8])
[INFO] [1733718428.065042899] [fibonacci_action_client]: Received feedback: array('i', [0, 1, 1, 2, 3, 5, 8, 13])
[INFO] [1733718428.166279944] [fibonacci_action_client]: Received feedback: array('i', [0, 1, 1, 2, 3, 5, 8, 13, 21])
[INFO] [1733718428.266824429] [fibonacci_action_client]: Received feedback: array('i', [0, 1, 1, 2, 3, 5, 8, 13, 21, 34])
[INFO] [1733718428.368009183] [fibonacci_action_client]: Received feedback: array('i', [0, 1, 1, 2, 3, 5, 8, 13, 21, 34, 55])
[INFO] [1733718428.472286324] [fibonacci_action_client]: Result: array('i', [0, 1, 1, 2, 3, 5, 8, 13, 21, 34, 55])
[INFO] [1733718428.572880454] [fibonacci_action_client]: Sending goal with order 10
[INFO] [1733718430.293604598] [fibonacci_action_client]: Goal accepted, waiting for result.
[INFO] [1733718430.294274149] [fibonacci_action_client]: Received feedback: array('i', [0, 1, 1])
[INFO] [1733718430.394753969] [fibonacci_action_client]: Received feedback: array('i', [0, 1, 1, 2])
[INFO] [1733718430.495460515] [fibonacci_action_client]: Received feedback: array('i', [0, 1, 1, 2, 3])
[INFO] [1733718430.596362223] [fibonacci_action_client]: Received feedback: array('i', [0, 1, 1, 2, 3, 5])
[INFO] [1733718430.697718070] [fibonacci_action_client]: Received feedback: array('i', [0, 1, 1, 2, 3, 5, 8])
[INFO] [1733718430.798065141] [fibonacci_action_client]: Received feedback: array('i', [0, 1, 1, 2, 3, 5, 8, 13])
[INFO] [1733718430.898724351] [fibonacci_action_client]: Received feedback: array('i', [0, 1, 1, 2, 3, 5, 8, 13, 21])
[INFO] [1733718430.999893312] [fibonacci_action_client]: Received feedback: array('i', [0, 1, 1, 2, 3, 5, 8, 13, 21, 34])
[INFO] [1733718431.100671980] [fibonacci_action_client]: Received feedback: array('i', [0, 1, 1, 2, 3, 5, 8, 13, 21, 34, 55])
[INFO] [1733718431.203238176] [fibonacci_action_client]: Result: array('i', [0, 1, 1, 2, 3, 5, 8, 13, 21, 34, 55])
[INFO] [1733718431.303832489] [fibonacci_action_client]: Sending goal with order 10
[INFO] [1733718433.025283234] [fibonacci_action_client]: Goal accepted, waiting for result.
[INFO] [1733718433.026026266] [fibonacci_action_client]: Received feedback: array('i', [0, 1, 1])
[INFO] [1733718433.127580529] [fibonacci_action_client]: Received feedback: array('i', [0, 1, 1, 2])
[INFO] [1733718433.228638006] [fibonacci_action_client]: Received feedback: array('i', [0, 1, 1, 2, 3])
[INFO] [1733718433.329882525] [fibonacci_action_client]: Received feedback: array('i', [0, 1, 1, 2, 3, 5])
[INFO] [1733718433.430793123] [fibonacci_action_client]: Received feedback: array('i', [0, 1, 1, 2, 3, 5, 8])
[INFO] [1733718433.531753056] [fibonacci_action_client]: Received feedback: array('i', [0, 1, 1, 2, 3, 5, 8, 13])
[INFO] [1733718433.633060255] [fibonacci_action_client]: Received feedback: array('i', [0, 1, 1, 2, 3, 5, 8, 13, 21])
[INFO] [1733718433.733713612] [fibonacci_action_client]: Received feedback: array('i', [0, 1, 1, 2, 3, 5, 8, 13, 21, 34])
[INFO] [1733718433.835333018] [fibonacci_action_client]: Received feedback: array('i', [0, 1, 1, 2, 3, 5, 8, 13, 21, 34, 55])
[INFO] [1733718433.937519909] [fibonacci_action_client]: Result: array('i', [0, 1, 1, 2, 3, 5, 8, 13, 21, 34, 55])
[INFO] [1733718434.038575177] [fibonacci_action_client]: Sending goal with order 10
[INFO] [1733718435.760850272] [fibonacci_action_client]: Goal accepted, waiting for result.
[INFO] [1733718435.761558629] [fibonacci_action_client]: Received feedback: array('i', [0, 1, 1])
[INFO] [1733718435.862988137] [fibonacci_action_client]: Received feedback: array('i', [0, 1, 1, 2])
[INFO] [1733718435.963741152] [fibonacci_action_client]: Received feedback: array('i', [0, 1, 1, 2, 3])
[INFO] [1733718436.064389568] [fibonacci_action_client]: Received feedback: array('i', [0, 1, 1, 2, 3, 5])
[INFO] [1733718436.165239572] [fibonacci_action_client]: Received feedback: array('i', [0, 1, 1, 2, 3, 5, 8])
[INFO] [1733718436.266408766] [fibonacci_action_client]: Received feedback: array('i', [0, 1, 1, 2, 3, 5, 8, 13])
[INFO] [1733718436.367610361] [fibonacci_action_client]: Received feedback: array('i', [0, 1, 1, 2, 3, 5, 8, 13, 21])
[INFO] [1733718436.468669877] [fibonacci_action_client]: Received feedback: array('i', [0, 1, 1, 2, 3, 5, 8, 13, 21, 34])
[INFO] [1733718436.569689454] [fibonacci_action_client]: Received feedback: array('i', [0, 1, 1, 2, 3, 5, 8, 13, 21, 34, 55])
[INFO] [1733718436.672852313] [fibonacci_action_client]: Result: array('i', [0, 1, 1, 2, 3, 5, 8, 13, 21, 34, 55])
[INFO] [1733718436.773721673] [fibonacci_action_client]: Sending goal with order 10
[INFO] [1733718438.495981179] [fibonacci_action_client]: Goal accepted, waiting for result.
[INFO] [1733718438.496686352] [fibonacci_action_client]: Received feedback: array('i', [0, 1, 1])
[INFO] [1733718438.597772156] [fibonacci_action_client]: Received feedback: array('i', [0, 1, 1, 2])
[INFO] [1733718438.698789760] [fibonacci_action_client]: Received feedback: array('i', [0, 1, 1, 2, 3])
[INFO] [1733718438.799945676] [fibonacci_action_client]: Received feedback: array('i', [0, 1, 1, 2, 3, 5])
[INFO] [1733718438.900981766] [fibonacci_action_client]: Received feedback: array('i', [0, 1, 1, 2, 3, 5, 8])
[INFO] [1733718439.002051204] [fibonacci_action_client]: Received feedback: array('i', [0, 1, 1, 2, 3, 5, 8, 13])
[INFO] [1733718439.102896388] [fibonacci_action_client]: Received feedback: array('i', [0, 1, 1, 2, 3, 5, 8, 13, 21])
[INFO] [1733718439.203893355] [fibonacci_action_client]: Received feedback: array('i', [0, 1, 1, 2, 3, 5, 8, 13, 21, 34])
[INFO] [1733718439.304819543] [fibonacci_action_client]: Received feedback: array('i', [0, 1, 1, 2, 3, 5, 8, 13, 21, 34, 55])
[INFO] [1733718439.409394207] [fibonacci_action_client]: Result: array('i', [0, 1, 1, 2, 3, 5, 8, 13, 21, 34, 55])
[INFO] [1733718439.509924571] [fibonacci_action_client]: Sending goal with order 10
[INFO] [1733718441.229276034] [fibonacci_action_client]: Goal accepted, waiting for result.
[INFO] [1733718441.230021860] [fibonacci_action_client]: Received feedback: array('i', [0, 1, 1])
[INFO] [1733718441.330580805] [fibonacci_action_client]: Received feedback: array('i', [0, 1, 1, 2])
[INFO] [1733718441.431184286] [fibonacci_action_client]: Received feedback: array('i', [0, 1, 1, 2, 3])
[INFO] [1733718441.532117814] [fibonacci_action_client]: Received feedback: array('i', [0, 1, 1, 2, 3, 5])
[INFO] [1733718441.633123532] [fibonacci_action_client]: Received feedback: array('i', [0, 1, 1, 2, 3, 5, 8])
[INFO] [1733718441.734294883] [fibonacci_action_client]: Received feedback: array('i', [0, 1, 1, 2, 3, 5, 8, 13])
[INFO] [1733718441.834929750] [fibonacci_action_client]: Received feedback: array('i', [0, 1, 1, 2, 3, 5, 8, 13, 21])
[INFO] [1733718441.935873325] [fibonacci_action_client]: Received feedback: array('i', [0, 1, 1, 2, 3, 5, 8, 13, 21, 34])
[INFO] [1733718442.036684487] [fibonacci_action_client]: Received feedback: array('i', [0, 1, 1, 2, 3, 5, 8, 13, 21, 34, 55])
[INFO] [1733718442.142322298] [fibonacci_action_client]: Result: array('i', [0, 1, 1, 2, 3, 5, 8, 13, 21, 34, 55])
[INFO] [1733718442.243093229] [fibonacci_action_client]: Sending goal with order 10
[INFO] [1733718443.963323187] [fibonacci_action_client]: Received feedback: array('i', [0, 1, 1])
[INFO] [1733718443.963747787] [fibonacci_action_client]: Goal accepted, waiting for result.
[INFO] [1733718444.062117184] [fibonacci_action_client]: Received feedback: array('i', [0, 1, 1, 2])
[INFO] [1733718444.163067355] [fibonacci_action_client]: Received feedback: array('i', [0, 1, 1, 2, 3])
[INFO] [1733718444.263995474] [fibonacci_action_client]: Received feedback: array('i', [0, 1, 1, 2, 3, 5])
[INFO] [1733718444.364746819] [fibonacci_action_client]: Received feedback: array('i', [0, 1, 1, 2, 3, 5, 8])
[INFO] [1733718444.465955539] [fibonacci_action_client]: Received feedback: array('i', [0, 1, 1, 2, 3, 5, 8, 13])
[INFO] [1733718444.566713890] [fibonacci_action_client]: Received feedback: array('i', [0, 1, 1, 2, 3, 5, 8, 13, 21])
[INFO] [1733718444.667685917] [fibonacci_action_client]: Received feedback: array('i', [0, 1, 1, 2, 3, 5, 8, 13, 21, 34])
[INFO] [1733718444.768806781] [fibonacci_action_client]: Received feedback: array('i', [0, 1, 1, 2, 3, 5, 8, 13, 21, 34, 55])
[INFO] [1733718444.872823841] [fibonacci_action_client]: Result: array('i', [0, 1, 1, 2, 3, 5, 8, 13, 21, 34, 55])
[INFO] [1733718444.973423988] [fibonacci_action_client]: Sending goal with order 10
[INFO] [1733718446.705515117] [fibonacci_action_client]: Goal accepted, waiting for result.
[INFO] [1733718446.707116944] [fibonacci_action_client]: Received feedback: array('i', [0, 1, 1])
[INFO] [1733718446.804541370] [fibonacci_action_client]: Received feedback: array('i', [0, 1, 1, 2])
[INFO] [1733718446.905713920] [fibonacci_action_client]: Received feedback: array('i', [0, 1, 1, 2, 3])
[INFO] [1733718447.006493905] [fibonacci_action_client]: Received feedback: array('i', [0, 1, 1, 2, 3, 5])
[INFO] [1733718447.107464124] [fibonacci_action_client]: Received feedback: array('i', [0, 1, 1, 2, 3, 5, 8])
[INFO] [1733718447.207975643] [fibonacci_action_client]: Received feedback: array('i', [0, 1, 1, 2, 3, 5, 8, 13])
[INFO] [1733718447.309227370] [fibonacci_action_client]: Received feedback: array('i', [0, 1, 1, 2, 3, 5, 8, 13, 21])
[INFO] [1733718447.410319107] [fibonacci_action_client]: Received feedback: array('i', [0, 1, 1, 2, 3, 5, 8, 13, 21, 34])
[INFO] [1733718447.511084688] [fibonacci_action_client]: Received feedback: array('i', [0, 1, 1, 2, 3, 5, 8, 13, 21, 34, 55])
[INFO] [1733718447.616773276] [fibonacci_action_client]: Result: array('i', [0, 1, 1, 2, 3, 5, 8, 13, 21, 34, 55])
[INFO] [1733718447.717542416] [fibonacci_action_client]: Sending goal with order 10
[INFO] [1733718449.436667426] [fibonacci_action_client]: Goal accepted, waiting for result.
[INFO] [1733718449.437520610] [fibonacci_action_client]: Received feedback: array('i', [0, 1, 1])
[INFO] [1733718449.536950926] [fibonacci_action_client]: Received feedback: array('i', [0, 1, 1, 2])
[INFO] [1733718449.638229271] [fibonacci_action_client]: Received feedback: array('i', [0, 1, 1, 2, 3])
[INFO] [1733718449.739113033] [fibonacci_action_client]: Received feedback: array('i', [0, 1, 1, 2, 3, 5])
[INFO] [1733718449.840160423] [fibonacci_action_client]: Received feedback: array('i', [0, 1, 1, 2, 3, 5, 8])
[INFO] [1733718449.941374561] [fibonacci_action_client]: Received feedback: array('i', [0, 1, 1, 2, 3, 5, 8, 13])
[INFO] [1733718450.042203342] [fibonacci_action_client]: Received feedback: array('i', [0, 1, 1, 2, 3, 5, 8, 13, 21])
[INFO] [1733718450.143095579] [fibonacci_action_client]: Received feedback: array('i', [0, 1, 1, 2, 3, 5, 8, 13, 21, 34])
[INFO] [1733718450.243972990] [fibonacci_action_client]: Received feedback: array('i', [0, 1, 1, 2, 3, 5, 8, 13, 21, 34, 55])
[INFO] [1733718450.349685284] [fibonacci_action_client]: Result: array('i', [0, 1, 1, 2, 3, 5, 8, 13, 21, 34, 55])
[INFO] [1733718450.450229380] [fibonacci_action_client]: Sending goal with order 10
[INFO] [1733718452.171212938] [fibonacci_action_client]: Goal accepted, waiting for result.
[INFO] [1733718452.172021046] [fibonacci_action_client]: Received feedback: array('i', [0, 1, 1])
[INFO] [1733718452.272347815] [fibonacci_action_client]: Received feedback: array('i', [0, 1, 1, 2])
[INFO] [1733718452.373578538] [fibonacci_action_client]: Received feedback: array('i', [0, 1, 1, 2, 3])
[INFO] [1733718452.474745181] [fibonacci_action_client]: Received feedback: array('i', [0, 1, 1, 2, 3, 5])
[INFO] [1733718452.575424265] [fibonacci_action_client]: Received feedback: array('i', [0, 1, 1, 2, 3, 5, 8])
[INFO] [1733718452.676376798] [fibonacci_action_client]: Received feedback: array('i', [0, 1, 1, 2, 3, 5, 8, 13])
[INFO] [1733718452.777154276] [fibonacci_action_client]: Received feedback: array('i', [0, 1, 1, 2, 3, 5, 8, 13, 21])
[INFO] [1733718452.878031270] [fibonacci_action_client]: Received feedback: array('i', [0, 1, 1, 2, 3, 5, 8, 13, 21, 34])
[INFO] [1733718452.979319313] [fibonacci_action_client]: Received feedback: array('i', [0, 1, 1, 2, 3, 5, 8, 13, 21, 34, 55])
[INFO] [1733718453.085269140] [fibonacci_action_client]: Result: array('i', [0, 1, 1, 2, 3, 5, 8, 13, 21, 34, 55])
[INFO] [1733718453.186112652] [fibonacci_action_client]: Sending goal with order 10
[INFO] [1733718454.909174801] [fibonacci_action_client]: Received feedback: array('i', [0, 1, 1])
[INFO] [1733718454.909587268] [fibonacci_action_client]: Goal accepted, waiting for result.
[INFO] [1733718455.006715666] [fibonacci_action_client]: Received feedback: array('i', [0, 1, 1, 2])
[INFO] [1733718455.108018178] [fibonacci_action_client]: Received feedback: array('i', [0, 1, 1, 2, 3])
[INFO] [1733718455.209029756] [fibonacci_action_client]: Received feedback: array('i', [0, 1, 1, 2, 3, 5])
[INFO] [1733718455.310019115] [fibonacci_action_client]: Received feedback: array('i', [0, 1, 1, 2, 3, 5, 8])
[INFO] [1733718455.411084451] [fibonacci_action_client]: Received feedback: array('i', [0, 1, 1, 2, 3, 5, 8, 13])
[INFO] [1733718455.512023179] [fibonacci_action_client]: Received feedback: array('i', [0, 1, 1, 2, 3, 5, 8, 13, 21])
[INFO] [1733718455.613092561] [fibonacci_action_client]: Received feedback: array('i', [0, 1, 1, 2, 3, 5, 8, 13, 21, 34])
[INFO] [1733718455.713836339] [fibonacci_action_client]: Received feedback: array('i', [0, 1, 1, 2, 3, 5, 8, 13, 21, 34, 55])
[INFO] [1733718455.817055243] [fibonacci_action_client]: Result: array('i', [0, 1, 1, 2, 3, 5, 8, 13, 21, 34, 55])
[INFO] [1733718455.917886166] [fibonacci_action_client]: Sending goal with order 10
[INFO] [1733718457.640307636] [fibonacci_action_client]: Goal accepted, waiting for result.
[INFO] [1733718457.640976882] [fibonacci_action_client]: Received feedback: array('i', [0, 1, 1])
[INFO] [1733718457.741487401] [fibonacci_action_client]: Received feedback: array('i', [0, 1, 1, 2])
[INFO] [1733718457.842419948] [fibonacci_action_client]: Received feedback: array('i', [0, 1, 1, 2, 3])
[INFO] [1733718457.943076616] [fibonacci_action_client]: Received feedback: array('i', [0, 1, 1, 2, 3, 5])
[INFO] [1733718458.044014832] [fibonacci_action_client]: Received feedback: array('i', [0, 1, 1, 2, 3, 5, 8])
[INFO] [1733718458.145082659] [fibonacci_action_client]: Received feedback: array('i', [0, 1, 1, 2, 3, 5, 8, 13])
[INFO] [1733718458.246118940] [fibonacci_action_client]: Received feedback: array('i', [0, 1, 1, 2, 3, 5, 8, 13, 21])
[INFO] [1733718458.347280702] [fibonacci_action_client]: Received feedback: array('i', [0, 1, 1, 2, 3, 5, 8, 13, 21, 34])
[INFO] [1733718458.448226944] [fibonacci_action_client]: Received feedback: array('i', [0, 1, 1, 2, 3, 5, 8, 13, 21, 34, 55])
[INFO] [1733718458.554721616] [fibonacci_action_client]: Result: array('i', [0, 1, 1, 2, 3, 5, 8, 13, 21, 34, 55])
[INFO] [1733718458.655654937] [fibonacci_action_client]: Sending goal with order 10
[INFO] [1733718460.375661423] [fibonacci_action_client]: Goal accepted, waiting for result.
[INFO] [1733718460.376370076] [fibonacci_action_client]: Received feedback: array('i', [0, 1, 1])
[INFO] [1733718460.475645110] [fibonacci_action_client]: Received feedback: array('i', [0, 1, 1, 2])
[INFO] [1733718460.576714654] [fibonacci_action_client]: Received feedback: array('i', [0, 1, 1, 2, 3])
[INFO] [1733718460.677721720] [fibonacci_action_client]: Received feedback: array('i', [0, 1, 1, 2, 3, 5])
[INFO] [1733718460.778380479] [fibonacci_action_client]: Received feedback: array('i', [0, 1, 1, 2, 3, 5, 8])
[INFO] [1733718460.879299866] [fibonacci_action_client]: Received feedback: array('i', [0, 1, 1, 2, 3, 5, 8, 13])
[INFO] [1733718460.980352228] [fibonacci_action_client]: Received feedback: array('i', [0, 1, 1, 2, 3, 5, 8, 13, 21])
[INFO] [1733718461.081014588] [fibonacci_action_client]: Received feedback: array('i', [0, 1, 1, 2, 3, 5, 8, 13, 21, 34])
[INFO] [1733718461.181688612] [fibonacci_action_client]: Received feedback: array('i', [0, 1, 1, 2, 3, 5, 8, 13, 21, 34, 55])
[INFO] [1733718461.288881432] [fibonacci_action_client]: Result: array('i', [0, 1, 1, 2, 3, 5, 8, 13, 21, 34, 55])
[INFO] [1733718461.389611410] [fibonacci_action_client]: Sending goal with order 10
[INFO] [1733718463.106858228] [fibonacci_action_client]: Goal accepted, waiting for result.
[INFO] [1733718463.107719557] [fibonacci_action_client]: Received feedback: array('i', [0, 1, 1])
[INFO] [1733718463.206610640] [fibonacci_action_client]: Received feedback: array('i', [0, 1, 1, 2])
[INFO] [1733718463.307416690] [fibonacci_action_client]: Received feedback: array('i', [0, 1, 1, 2, 3])
[INFO] [1733718463.408402745] [fibonacci_action_client]: Received feedback: array('i', [0, 1, 1, 2, 3, 5])
[INFO] [1733718463.509164088] [fibonacci_action_client]: Received feedback: array('i', [0, 1, 1, 2, 3, 5, 8])
[INFO] [1733718463.609937831] [fibonacci_action_client]: Received feedback: array('i', [0, 1, 1, 2, 3, 5, 8, 13])
[INFO] [1733718463.710869213] [fibonacci_action_client]: Received feedback: array('i', [0, 1, 1, 2, 3, 5, 8, 13, 21])
[INFO] [1733718463.811776302] [fibonacci_action_client]: Received feedback: array('i', [0, 1, 1, 2, 3, 5, 8, 13, 21, 34])
[INFO] [1733718463.912881021] [fibonacci_action_client]: Received feedback: array('i', [0, 1, 1, 2, 3, 5, 8, 13, 21, 34, 55])
[INFO] [1733718464.019567509] [fibonacci_action_client]: Result: array('i', [0, 1, 1, 2, 3, 5, 8, 13, 21, 34, 55])
[INFO] [1733718464.120380911] [fibonacci_action_client]: Sending goal with order 10
[INFO] [1733718465.840530087] [fibonacci_action_client]: Received feedback: array('i', [0, 1, 1])
[INFO] [1733718465.841208922] [fibonacci_action_client]: Goal accepted, waiting for result.
[INFO] [1733718465.937364184] [fibonacci_action_client]: Received feedback: array('i', [0, 1, 1, 2])
[INFO] [1733718466.038492983] [fibonacci_action_client]: Received feedback: array('i', [0, 1, 1, 2, 3])
[INFO] [1733718466.139294023] [fibonacci_action_client]: Received feedback: array('i', [0, 1, 1, 2, 3, 5])
[INFO] [1733718466.240430635] [fibonacci_action_client]: Received feedback: array('i', [0, 1, 1, 2, 3, 5, 8])
[INFO] [1733718466.341700702] [fibonacci_action_client]: Received feedback: array('i', [0, 1, 1, 2, 3, 5, 8, 13])
[INFO] [1733718466.442289864] [fibonacci_action_client]: Received feedback: array('i', [0, 1, 1, 2, 3, 5, 8, 13, 21])
[INFO] [1733718466.543310494] [fibonacci_action_client]: Received feedback: array('i', [0, 1, 1, 2, 3, 5, 8, 13, 21, 34])
[INFO] [1733718466.643944815] [fibonacci_action_client]: Received feedback: array('i', [0, 1, 1, 2, 3, 5, 8, 13, 21, 34, 55])
[INFO] [1733718466.751441588] [fibonacci_action_client]: Result: array('i', [0, 1, 1, 2, 3, 5, 8, 13, 21, 34, 55])
[INFO] [1733718466.852414269] [fibonacci_action_client]: Sending goal with order 10
[INFO] [1733718468.570052750] [fibonacci_action_client]: Goal accepted, waiting for result.
[INFO] [1733718468.570827246] [fibonacci_action_client]: Received feedback: array('i', [0, 1, 1])
[INFO] [1733718468.670652526] [fibonacci_action_client]: Received feedback: array('i', [0, 1, 1, 2])
[INFO] [1733718468.771698984] [fibonacci_action_client]: Received feedback: array('i', [0, 1, 1, 2, 3])
[INFO] [1733718468.872976852] [fibonacci_action_client]: Received feedback: array('i', [0, 1, 1, 2, 3, 5])
[INFO] [1733718468.974100684] [fibonacci_action_client]: Received feedback: array('i', [0, 1, 1, 2, 3, 5, 8])
[INFO] [1733718469.074971296] [fibonacci_action_client]: Received feedback: array('i', [0, 1, 1, 2, 3, 5, 8, 13])
[INFO] [1733718469.175753203] [fibonacci_action_client]: Received feedback: array('i', [0, 1, 1, 2, 3, 5, 8, 13, 21])
[INFO] [1733718469.276506777] [fibonacci_action_client]: Received feedback: array('i', [0, 1, 1, 2, 3, 5, 8, 13, 21, 34])
[INFO] [1733718469.377959964] [fibonacci_action_client]: Received feedback: array('i', [0, 1, 1, 2, 3, 5, 8, 13, 21, 34, 55])
[INFO] [1733718469.484871369] [fibonacci_action_client]: Result: array('i', [0, 1, 1, 2, 3, 5, 8, 13, 21, 34, 55])
[INFO] [1733718469.585493132] [fibonacci_action_client]: Sending goal with order 10
[INFO] [1733718471.305218609] [fibonacci_action_client]: Received feedback: array('i', [0, 1, 1])
[INFO] [1733718471.305749594] [fibonacci_action_client]: Goal accepted, waiting for result.
[INFO] [1733718471.404193343] [fibonacci_action_client]: Received feedback: array('i', [0, 1, 1, 2])
[INFO] [1733718471.505288472] [fibonacci_action_client]: Received feedback: array('i', [0, 1, 1, 2, 3])
[INFO] [1733718471.606711636] [fibonacci_action_client]: Received feedback: array('i', [0, 1, 1, 2, 3, 5])
[INFO] [1733718471.707635131] [fibonacci_action_client]: Received feedback: array('i', [0, 1, 1, 2, 3, 5, 8])
[INFO] [1733718471.808837947] [fibonacci_action_client]: Received feedback: array('i', [0, 1, 1, 2, 3, 5, 8, 13])
[INFO] [1733718471.909891202] [fibonacci_action_client]: Received feedback: array('i', [0, 1, 1, 2, 3, 5, 8, 13, 21])
[INFO] [1733718472.010662466] [fibonacci_action_client]: Received feedback: array('i', [0, 1, 1, 2, 3, 5, 8, 13, 21, 34])
[INFO] [1733718472.111539020] [fibonacci_action_client]: Received feedback: array('i', [0, 1, 1, 2, 3, 5, 8, 13, 21, 34, 55])
[INFO] [1733718472.216046494] [fibonacci_action_client]: Result: array('i', [0, 1, 1, 2, 3, 5, 8, 13, 21, 34, 55])
[INFO] [1733718472.316786915] [fibonacci_action_client]: Sending goal with order 10
[INFO] [1733718474.039268089] [fibonacci_action_client]: Received feedback: array('i', [0, 1, 1])
[INFO] [1733718474.039722419] [fibonacci_action_client]: Goal accepted, waiting for result.
[INFO] [1733718474.138515839] [fibonacci_action_client]: Received feedback: array('i', [0, 1, 1, 2])
[INFO] [1733718474.239270231] [fibonacci_action_client]: Received feedback: array('i', [0, 1, 1, 2, 3])
[INFO] [1733718474.340039053] [fibonacci_action_client]: Received feedback: array('i', [0, 1, 1, 2, 3, 5])
[INFO] [1733718474.441070633] [fibonacci_action_client]: Received feedback: array('i', [0, 1, 1, 2, 3, 5, 8])
[INFO] [1733718474.542233237] [fibonacci_action_client]: Received feedback: array('i', [0, 1, 1, 2, 3, 5, 8, 13])
[INFO] [1733718474.643074287] [fibonacci_action_client]: Received feedback: array('i', [0, 1, 1, 2, 3, 5, 8, 13, 21])
[INFO] [1733718474.744105026] [fibonacci_action_client]: Received feedback: array('i', [0, 1, 1, 2, 3, 5, 8, 13, 21, 34])
[INFO] [1733718474.844830857] [fibonacci_action_client]: Received feedback: array('i', [0, 1, 1, 2, 3, 5, 8, 13, 21, 34, 55])
[INFO] [1733718474.949718155] [fibonacci_action_client]: Result: array('i', [0, 1, 1, 2, 3, 5, 8, 13, 21, 34, 55])
[INFO] [1733718475.050356435] [fibonacci_action_client]: Sending goal with order 10
[INFO] [1733718476.771835231] [fibonacci_action_client]: Received feedback: array('i', [0, 1, 1])
[INFO] [1733718476.772444954] [fibonacci_action_client]: Goal accepted, waiting for result.
[INFO] [1733718476.871040400] [fibonacci_action_client]: Received feedback: array('i', [0, 1, 1, 2])
[INFO] [1733718476.972025609] [fibonacci_action_client]: Received feedback: array('i', [0, 1, 1, 2, 3])
[INFO] [1733718477.072997730] [fibonacci_action_client]: Received feedback: array('i', [0, 1, 1, 2, 3, 5])
[INFO] [1733718477.174192956] [fibonacci_action_client]: Received feedback: array('i', [0, 1, 1, 2, 3, 5, 8])
[INFO] [1733718477.274715598] [fibonacci_action_client]: Received feedback: array('i', [0, 1, 1, 2, 3, 5, 8, 13])
[INFO] [1733718477.375716421] [fibonacci_action_client]: Received feedback: array('i', [0, 1, 1, 2, 3, 5, 8, 13, 21])
[INFO] [1733718477.476868475] [fibonacci_action_client]: Received feedback: array('i', [0, 1, 1, 2, 3, 5, 8, 13, 21, 34])
[INFO] [1733718477.577952426] [fibonacci_action_client]: Received feedback: array('i', [0, 1, 1, 2, 3, 5, 8, 13, 21, 34, 55])
[INFO] [1733718477.682707956] [fibonacci_action_client]: Result: array('i', [0, 1, 1, 2, 3, 5, 8, 13, 21, 34, 55])
[INFO] [1733718477.783297425] [fibonacci_action_client]: Sending goal with order 10
[INFO] [1733718479.506283318] [fibonacci_action_client]: Goal accepted, waiting for result.
[INFO] [1733718479.507016635] [fibonacci_action_client]: Received feedback: array('i', [0, 1, 1])
[INFO] [1733718479.606181822] [fibonacci_action_client]: Received feedback: array('i', [0, 1, 1, 2])
[INFO] [1733718479.707143869] [fibonacci_action_client]: Received feedback: array('i', [0, 1, 1, 2, 3])
[INFO] [1733718479.808169880] [fibonacci_action_client]: Received feedback: array('i', [0, 1, 1, 2, 3, 5])
[INFO] [1733718479.909405164] [fibonacci_action_client]: Received feedback: array('i', [0, 1, 1, 2, 3, 5, 8])
[INFO] [1733718480.010053400] [fibonacci_action_client]: Received feedback: array('i', [0, 1, 1, 2, 3, 5, 8, 13])
[INFO] [1733718480.111223908] [fibonacci_action_client]: Received feedback: array('i', [0, 1, 1, 2, 3, 5, 8, 13, 21])
[INFO] [1733718480.212147166] [fibonacci_action_client]: Received feedback: array('i', [0, 1, 1, 2, 3, 5, 8, 13, 21, 34])
[INFO] [1733718480.313178057] [fibonacci_action_client]: Received feedback: array('i', [0, 1, 1, 2, 3, 5, 8, 13, 21, 34, 55])
[INFO] [1733718480.418095311] [fibonacci_action_client]: Result: array('i', [0, 1, 1, 2, 3, 5, 8, 13, 21, 34, 55])
[INFO] [1733718480.518676724] [fibonacci_action_client]: Sending goal with order 10
[INFO] [1733718482.245982380] [fibonacci_action_client]: Received feedback: array('i', [0, 1, 1])
[INFO] [1733718482.246468547] [fibonacci_action_client]: Goal accepted, waiting for result.
[INFO] [1733718482.341516295] [fibonacci_action_client]: Received feedback: array('i', [0, 1, 1, 2])
[INFO] [1733718482.442243065] [fibonacci_action_client]: Received feedback: array('i', [0, 1, 1, 2, 3])
[INFO] [1733718482.543054791] [fibonacci_action_client]: Received feedback: array('i', [0, 1, 1, 2, 3, 5])
[INFO] [1733718482.643985453] [fibonacci_action_client]: Received feedback: array('i', [0, 1, 1, 2, 3, 5, 8])
[INFO] [1733718482.745027029] [fibonacci_action_client]: Received feedback: array('i', [0, 1, 1, 2, 3, 5, 8, 13])
[INFO] [1733718482.845932445] [fibonacci_action_client]: Received feedback: array('i', [0, 1, 1, 2, 3, 5, 8, 13, 21])
[INFO] [1733718482.947022614] [fibonacci_action_client]: Received feedback: array('i', [0, 1, 1, 2, 3, 5, 8, 13, 21, 34])
[INFO] [1733718483.047445697] [fibonacci_action_client]: Received feedback: array('i', [0, 1, 1, 2, 3, 5, 8, 13, 21, 34, 55])
[INFO] [1733718483.156266743] [fibonacci_action_client]: Result: array('i', [0, 1, 1, 2, 3, 5, 8, 13, 21, 34, 55])
[INFO] [1733718483.257132263] [fibonacci_action_client]: Sending goal with order 10
[INFO] [1733718484.974005971] [fibonacci_action_client]: Received feedback: array('i', [0, 1, 1])
[INFO] [1733718484.974446420] [fibonacci_action_client]: Goal accepted, waiting for result.
[INFO] [1733718485.072723466] [fibonacci_action_client]: Received feedback: array('i', [0, 1, 1, 2])
[INFO] [1733718485.174171743] [fibonacci_action_client]: Received feedback: array('i', [0, 1, 1, 2, 3])
[INFO] [1733718485.274871482] [fibonacci_action_client]: Received feedback: array('i', [0, 1, 1, 2, 3, 5])
[INFO] [1733718485.376060850] [fibonacci_action_client]: Received feedback: array('i', [0, 1, 1, 2, 3, 5, 8])
[INFO] [1733718485.476586222] [fibonacci_action_client]: Received feedback: array('i', [0, 1, 1, 2, 3, 5, 8, 13])
[INFO] [1733718485.577841116] [fibonacci_action_client]: Received feedback: array('i', [0, 1, 1, 2, 3, 5, 8, 13, 21])
[INFO] [1733718485.678876212] [fibonacci_action_client]: Received feedback: array('i', [0, 1, 1, 2, 3, 5, 8, 13, 21, 34])
[INFO] [1733718485.779804455] [fibonacci_action_client]: Received feedback: array('i', [0, 1, 1, 2, 3, 5, 8, 13, 21, 34, 55])
[INFO] [1733718485.885036997] [fibonacci_action_client]: Result: array('i', [0, 1, 1, 2, 3, 5, 8, 13, 21, 34, 55])
[INFO] [1733718485.985625376] [fibonacci_action_client]: Sending goal with order 10
[INFO] [1733718487.711763619] [fibonacci_action_client]: Received feedback: array('i', [0, 1, 1])
[INFO] [1733718487.712258558] [fibonacci_action_client]: Goal accepted, waiting for result.
[INFO] [1733718487.807769437] [fibonacci_action_client]: Received feedback: array('i', [0, 1, 1, 2])
[INFO] [1733718487.908922960] [fibonacci_action_client]: Received feedback: array('i', [0, 1, 1, 2, 3])
[INFO] [1733718488.009979759] [fibonacci_action_client]: Received feedback: array('i', [0, 1, 1, 2, 3, 5])
[INFO] [1733718488.110512204] [fibonacci_action_client]: Received feedback: array('i', [0, 1, 1, 2, 3, 5, 8])
[INFO] [1733718488.211664635] [fibonacci_action_client]: Received feedback: array('i', [0, 1, 1, 2, 3, 5, 8, 13])
[INFO] [1733718488.312715084] [fibonacci_action_client]: Received feedback: array('i', [0, 1, 1, 2, 3, 5, 8, 13, 21])
[INFO] [1733718488.413649827] [fibonacci_action_client]: Received feedback: array('i', [0, 1, 1, 2, 3, 5, 8, 13, 21, 34])
[INFO] [1733718488.514750456] [fibonacci_action_client]: Received feedback: array('i', [0, 1, 1, 2, 3, 5, 8, 13, 21, 34, 55])
[INFO] [1733718488.619805426] [fibonacci_action_client]: Result: array('i', [0, 1, 1, 2, 3, 5, 8, 13, 21, 34, 55])
[INFO] [1733718488.720460223] [fibonacci_action_client]: Sending goal with order 10
[INFO] [1733718490.443335190] [fibonacci_action_client]: Goal accepted, waiting for result.
[INFO] [1733718490.444050793] [fibonacci_action_client]: Received feedback: array('i', [0, 1, 1])
[INFO] [1733718490.542809629] [fibonacci_action_client]: Received feedback: array('i', [0, 1, 1, 2])
[INFO] [1733718490.643880117] [fibonacci_action_client]: Received feedback: array('i', [0, 1, 1, 2, 3])
[INFO] [1733718490.744684873] [fibonacci_action_client]: Received feedback: array('i', [0, 1, 1, 2, 3, 5])
[INFO] [1733718490.845835141] [fibonacci_action_client]: Received feedback: array('i', [0, 1, 1, 2, 3, 5, 8])
[INFO] [1733718490.947338974] [fibonacci_action_client]: Received feedback: array('i', [0, 1, 1, 2, 3, 5, 8, 13])
[INFO] [1733718491.048126556] [fibonacci_action_client]: Received feedback: array('i', [0, 1, 1, 2, 3, 5, 8, 13, 21])
[INFO] [1733718491.149153743] [fibonacci_action_client]: Received feedback: array('i', [0, 1, 1, 2, 3, 5, 8, 13, 21, 34])
[INFO] [1733718491.250402552] [fibonacci_action_client]: Received feedback: array('i', [0, 1, 1, 2, 3, 5, 8, 13, 21, 34, 55])
[INFO] [1733718491.359570058] [fibonacci_action_client]: Result: array('i', [0, 1, 1, 2, 3, 5, 8, 13, 21, 34, 55])
[INFO] [1733718491.460354428] [fibonacci_action_client]: Sending goal with order 10
[INFO] [1733718493.182438677] [fibonacci_action_client]: Received feedback: array('i', [0, 1, 1])
[INFO] [1733718493.182933434] [fibonacci_action_client]: Goal accepted, waiting for result.
[INFO] [1733718493.278055473] [fibonacci_action_client]: Received feedback: array('i', [0, 1, 1, 2])
[INFO] [1733718493.378800332] [fibonacci_action_client]: Received feedback: array('i', [0, 1, 1, 2, 3])
[INFO] [1733718493.479852541] [fibonacci_action_client]: Received feedback: array('i', [0, 1, 1, 2, 3, 5])
[INFO] [1733718493.580806461] [fibonacci_action_client]: Received feedback: array('i', [0, 1, 1, 2, 3, 5, 8])
[INFO] [1733718493.681913864] [fibonacci_action_client]: Received feedback: array('i', [0, 1, 1, 2, 3, 5, 8, 13])
[INFO] [1733718493.782572555] [fibonacci_action_client]: Received feedback: array('i', [0, 1, 1, 2, 3, 5, 8, 13, 21])
[INFO] [1733718493.883545193] [fibonacci_action_client]: Received feedback: array('i', [0, 1, 1, 2, 3, 5, 8, 13, 21, 34])
[INFO] [1733718493.984286690] [fibonacci_action_client]: Received feedback: array('i', [0, 1, 1, 2, 3, 5, 8, 13, 21, 34, 55])
[INFO] [1733718494.089456310] [fibonacci_action_client]: Result: array('i', [0, 1, 1, 2, 3, 5, 8, 13, 21, 34, 55])
[INFO] [1733718494.190033275] [fibonacci_action_client]: Sending goal with order 10
[INFO] [1733718495.910961487] [fibonacci_action_client]: Received feedback: array('i', [0, 1, 1])
[INFO] [1733718495.911408137] [fibonacci_action_client]: Goal accepted, waiting for result.
[INFO] [1733718496.007403611] [fibonacci_action_client]: Received feedback: array('i', [0, 1, 1, 2])
[INFO] [1733718496.108343619] [fibonacci_action_client]: Received feedback: array('i', [0, 1, 1, 2, 3])
[INFO] [1733718496.209460466] [fibonacci_action_client]: Received feedback: array('i', [0, 1, 1, 2, 3, 5])
[INFO] [1733718496.310599540] [fibonacci_action_client]: Received feedback: array('i', [0, 1, 1, 2, 3, 5, 8])
[INFO] [1733718496.411857623] [fibonacci_action_client]: Received feedback: array('i', [0, 1, 1, 2, 3, 5, 8, 13])
[INFO] [1733718496.513205894] [fibonacci_action_client]: Received feedback: array('i', [0, 1, 1, 2, 3, 5, 8, 13, 21])
[INFO] [1733718496.613976101] [fibonacci_action_client]: Received feedback: array('i', [0, 1, 1, 2, 3, 5, 8, 13, 21, 34])
[INFO] [1733718496.714755578] [fibonacci_action_client]: Received feedback: array('i', [0, 1, 1, 2, 3, 5, 8, 13, 21, 34, 55])
[INFO] [1733718496.821568626] [fibonacci_action_client]: Result: array('i', [0, 1, 1, 2, 3, 5, 8, 13, 21, 34, 55])
[INFO] [1733718496.922573530] [fibonacci_action_client]: Sending goal with order 10
[INFO] [1733718498.643840312] [fibonacci_action_client]: Goal accepted, waiting for result.
[INFO] [1733718498.644565863] [fibonacci_action_client]: Received feedback: array('i', [0, 1, 1])
[INFO] [1733718498.742927306] [fibonacci_action_client]: Received feedback: array('i', [0, 1, 1, 2])
[INFO] [1733718498.843957256] [fibonacci_action_client]: Received feedback: array('i', [0, 1, 1, 2, 3])
[INFO] [1733718498.944991462] [fibonacci_action_client]: Received feedback: array('i', [0, 1, 1, 2, 3, 5])
[INFO] [1733718499.046170850] [fibonacci_action_client]: Received feedback: array('i', [0, 1, 1, 2, 3, 5, 8])
[INFO] [1733718499.147337735] [fibonacci_action_client]: Received feedback: array('i', [0, 1, 1, 2, 3, 5, 8, 13])
[INFO] [1733718499.247915510] [fibonacci_action_client]: Received feedback: array('i', [0, 1, 1, 2, 3, 5, 8, 13, 21])
[INFO] [1733718499.349123432] [fibonacci_action_client]: Received feedback: array('i', [0, 1, 1, 2, 3, 5, 8, 13, 21, 34])
[INFO] [1733718499.449937516] [fibonacci_action_client]: Received feedback: array('i', [0, 1, 1, 2, 3, 5, 8, 13, 21, 34, 55])
[INFO] [1733718499.559179695] [fibonacci_action_client]: Result: array('i', [0, 1, 1, 2, 3, 5, 8, 13, 21, 34, 55])
[INFO] [1733718499.660025362] [fibonacci_action_client]: Sending goal with order 10
[INFO] [1733718501.378555260] [fibonacci_action_client]: Goal accepted, waiting for result.
[INFO] [1733718501.379380607] [fibonacci_action_client]: Received feedback: array('i', [0, 1, 1])
[INFO] [1733718501.477255399] [fibonacci_action_client]: Received feedback: array('i', [0, 1, 1, 2])
[INFO] [1733718501.578334311] [fibonacci_action_client]: Received feedback: array('i', [0, 1, 1, 2, 3])
[INFO] [1733718501.679259531] [fibonacci_action_client]: Received feedback: array('i', [0, 1, 1, 2, 3, 5])
[INFO] [1733718501.780296645] [fibonacci_action_client]: Received feedback: array('i', [0, 1, 1, 2, 3, 5, 8])
[INFO] [1733718501.881151762] [fibonacci_action_client]: Received feedback: array('i', [0, 1, 1, 2, 3, 5, 8, 13])
[INFO] [1733718501.981954059] [fibonacci_action_client]: Received feedback: array('i', [0, 1, 1, 2, 3, 5, 8, 13, 21])
[INFO] [1733718502.082956172] [fibonacci_action_client]: Received feedback: array('i', [0, 1, 1, 2, 3, 5, 8, 13, 21, 34])
[INFO] [1733718502.183857389] [fibonacci_action_client]: Received feedback: array('i', [0, 1, 1, 2, 3, 5, 8, 13, 21, 34, 55])
[INFO] [1733718502.294072601] [fibonacci_action_client]: Result: array('i', [0, 1, 1, 2, 3, 5, 8, 13, 21, 34, 55])
[INFO] [1733718502.394889739] [fibonacci_action_client]: Sending goal with order 10
[INFO] [1733718504.114769079] [fibonacci_action_client]: Received feedback: array('i', [0, 1, 1])
[INFO] [1733718504.115333346] [fibonacci_action_client]: Goal accepted, waiting for result.
[INFO] [1733718504.208548458] [fibonacci_action_client]: Received feedback: array('i', [0, 1, 1, 2])
[INFO] [1733718504.309612088] [fibonacci_action_client]: Received feedback: array('i', [0, 1, 1, 2, 3])
[INFO] [1733718504.410736987] [fibonacci_action_client]: Received feedback: array('i', [0, 1, 1, 2, 3, 5])
[INFO] [1733718504.511864061] [fibonacci_action_client]: Received feedback: array('i', [0, 1, 1, 2, 3, 5, 8])
[INFO] [1733718504.612576060] [fibonacci_action_client]: Received feedback: array('i', [0, 1, 1, 2, 3, 5, 8, 13])
[INFO] [1733718504.713651490] [fibonacci_action_client]: Received feedback: array('i', [0, 1, 1, 2, 3, 5, 8, 13, 21])
[INFO] [1733718504.814737639] [fibonacci_action_client]: Received feedback: array('i', [0, 1, 1, 2, 3, 5, 8, 13, 21, 34])
[INFO] [1733718504.916074529] [fibonacci_action_client]: Received feedback: array('i', [0, 1, 1, 2, 3, 5, 8, 13, 21, 34, 55])
[INFO] [1733718505.021762798] [fibonacci_action_client]: Result: array('i', [0, 1, 1, 2, 3, 5, 8, 13, 21, 34, 55])
[INFO] [1733718505.122366412] [fibonacci_action_client]: Sending goal with order 10
[INFO] [1733718506.845500556] [fibonacci_action_client]: Goal accepted, waiting for result.
[INFO] [1733718506.846261279] [fibonacci_action_client]: Received feedback: array('i', [0, 1, 1])
[INFO] [1733718506.943901406] [fibonacci_action_client]: Received feedback: array('i', [0, 1, 1, 2])
[INFO] [1733718507.045014583] [fibonacci_action_client]: Received feedback: array('i', [0, 1, 1, 2, 3])
[INFO] [1733718507.146179043] [fibonacci_action_client]: Received feedback: array('i', [0, 1, 1, 2, 3, 5])
[INFO] [1733718507.246985075] [fibonacci_action_client]: Received feedback: array('i', [0, 1, 1, 2, 3, 5, 8])
[INFO] [1733718507.347789327] [fibonacci_action_client]: Received feedback: array('i', [0, 1, 1, 2, 3, 5, 8, 13])
[INFO] [1733718507.448800232] [fibonacci_action_client]: Received feedback: array('i', [0, 1, 1, 2, 3, 5, 8, 13, 21])
[INFO] [1733718507.550186239] [fibonacci_action_client]: Received feedback: array('i', [0, 1, 1, 2, 3, 5, 8, 13, 21, 34])
[INFO] [1733718507.651087729] [fibonacci_action_client]: Received feedback: array('i', [0, 1, 1, 2, 3, 5, 8, 13, 21, 34, 55])
[INFO] [1733718507.761713428] [fibonacci_action_client]: Result: array('i', [0, 1, 1, 2, 3, 5, 8, 13, 21, 34, 55])
[INFO] [1733718507.862469783] [fibonacci_action_client]: Sending goal with order 10
[INFO] [1733718509.580486714] [fibonacci_action_client]: Received feedback: array('i', [0, 1, 1])
[INFO] [1733718509.580946185] [fibonacci_action_client]: Goal accepted, waiting for result.
[INFO] [1733718509.677893259] [fibonacci_action_client]: Received feedback: array('i', [0, 1, 1, 2])
[INFO] [1733718509.779701124] [fibonacci_action_client]: Received feedback: array('i', [0, 1, 1, 2, 3])
[INFO] [1733718509.879604517] [fibonacci_action_client]: Received feedback: array('i', [0, 1, 1, 2, 3, 5])
[INFO] [1733718509.980986810] [fibonacci_action_client]: Received feedback: array('i', [0, 1, 1, 2, 3, 5, 8])
[INFO] [1733718510.081873301] [fibonacci_action_client]: Received feedback: array('i', [0, 1, 1, 2, 3, 5, 8, 13])
[INFO] [1733718510.183103811] [fibonacci_action_client]: Received feedback: array('i', [0, 1, 1, 2, 3, 5, 8, 13, 21])
[INFO] [1733718510.284022106] [fibonacci_action_client]: Received feedback: array('i', [0, 1, 1, 2, 3, 5, 8, 13, 21, 34])
[INFO] [1733718510.385053209] [fibonacci_action_client]: Received feedback: array('i', [0, 1, 1, 2, 3, 5, 8, 13, 21, 34, 55])
[INFO] [1733718510.491628598] [fibonacci_action_client]: Result: array('i', [0, 1, 1, 2, 3, 5, 8, 13, 21, 34, 55])
[INFO] [1733718510.592194293] [fibonacci_action_client]: Sending goal with order 10
[INFO] [1733718512.318090251] [fibonacci_action_client]: Received feedback: array('i', [0, 1, 1])
[INFO] [1733718512.318603355] [fibonacci_action_client]: Goal accepted, waiting for result.
[INFO] [1733718512.412291223] [fibonacci_action_client]: Received feedback: array('i', [0, 1, 1, 2])
[INFO] [1733718512.513678090] [fibonacci_action_client]: Received feedback: array('i', [0, 1, 1, 2, 3])
[INFO] [1733718512.614770861] [fibonacci_action_client]: Received feedback: array('i', [0, 1, 1, 2, 3, 5])
[INFO] [1733718512.715759888] [fibonacci_action_client]: Received feedback: array('i', [0, 1, 1, 2, 3, 5, 8])
[INFO] [1733718512.818635733] [fibonacci_action_client]: Received feedback: array('i', [0, 1, 1, 2, 3, 5, 8, 13])
[INFO] [1733718512.919743614] [fibonacci_action_client]: Received feedback: array('i', [0, 1, 1, 2, 3, 5, 8, 13, 21])
[INFO] [1733718513.020967635] [fibonacci_action_client]: Received feedback: array('i', [0, 1, 1, 2, 3, 5, 8, 13, 21, 34])
[INFO] [1733718513.121773194] [fibonacci_action_client]: Received feedback: array('i', [0, 1, 1, 2, 3, 5, 8, 13, 21, 34, 55])
[INFO] [1733718513.228676483] [fibonacci_action_client]: Result: array('i', [0, 1, 1, 2, 3, 5, 8, 13, 21, 34, 55])
[INFO] [1733718513.329578039] [fibonacci_action_client]: Sending goal with order 10
[INFO] [1733718515.051698799] [fibonacci_action_client]: Received feedback: array('i', [0, 1, 1])
[INFO] [1733718515.052288301] [fibonacci_action_client]: Goal accepted, waiting for result.
[INFO] [1733718515.150290141] [fibonacci_action_client]: Received feedback: array('i', [0, 1, 1, 2])
[INFO] [1733718515.251134541] [fibonacci_action_client]: Received feedback: array('i', [0, 1, 1, 2, 3])
[INFO] [1733718515.351870427] [fibonacci_action_client]: Received feedback: array('i', [0, 1, 1, 2, 3, 5])
[INFO] [1733718515.452899538] [fibonacci_action_client]: Received feedback: array('i', [0, 1, 1, 2, 3, 5, 8])
[INFO] [1733718515.554008269] [fibonacci_action_client]: Received feedback: array('i', [0, 1, 1, 2, 3, 5, 8, 13])
[INFO] [1733718515.655110747] [fibonacci_action_client]: Received feedback: array('i', [0, 1, 1, 2, 3, 5, 8, 13, 21])
[INFO] [1733718515.756113922] [fibonacci_action_client]: Received feedback: array('i', [0, 1, 1, 2, 3, 5, 8, 13, 21, 34])
[INFO] [1733718515.856653841] [fibonacci_action_client]: Received feedback: array('i', [0, 1, 1, 2, 3, 5, 8, 13, 21, 34, 55])
[INFO] [1733718515.963415610] [fibonacci_action_client]: Result: array('i', [0, 1, 1, 2, 3, 5, 8, 13, 21, 34, 55])
[INFO] [1733718516.063996412] [fibonacci_action_client]: Sending goal with order 10
[INFO] [1733718517.790381663] [fibonacci_action_client]: Received feedback: array('i', [0, 1, 1])
[INFO] [1733718517.790977227] [fibonacci_action_client]: Goal accepted, waiting for result.
[INFO] [1733718517.882762265] [fibonacci_action_client]: Received feedback: array('i', [0, 1, 1, 2])
[INFO] [1733718517.983775225] [fibonacci_action_client]: Received feedback: array('i', [0, 1, 1, 2, 3])
[INFO] [1733718518.084821230] [fibonacci_action_client]: Received feedback: array('i', [0, 1, 1, 2, 3, 5])
[INFO] [1733718518.185782528] [fibonacci_action_client]: Received feedback: array('i', [0, 1, 1, 2, 3, 5, 8])
[INFO] [1733718518.286608904] [fibonacci_action_client]: Received feedback: array('i', [0, 1, 1, 2, 3, 5, 8, 13])
[INFO] [1733718518.387185473] [fibonacci_action_client]: Received feedback: array('i', [0, 1, 1, 2, 3, 5, 8, 13, 21])
[INFO] [1733718518.488303903] [fibonacci_action_client]: Received feedback: array('i', [0, 1, 1, 2, 3, 5, 8, 13, 21, 34])
[INFO] [1733718518.589889534] [fibonacci_action_client]: Received feedback: array('i', [0, 1, 1, 2, 3, 5, 8, 13, 21, 34, 55])
[INFO] [1733718518.696210971] [fibonacci_action_client]: Result: array('i', [0, 1, 1, 2, 3, 5, 8, 13, 21, 34, 55])
[INFO] [1733718518.797051984] [fibonacci_action_client]: Sending goal with order 10
[INFO] [1733718520.522513697] [fibonacci_action_client]: Received feedback: array('i', [0, 1, 1])
[INFO] [1733718520.523122786] [fibonacci_action_client]: Goal accepted, waiting for result.
[INFO] [1733718520.614721835] [fibonacci_action_client]: Received feedback: array('i', [0, 1, 1, 2])
[INFO] [1733718520.715939841] [fibonacci_action_client]: Received feedback: array('i', [0, 1, 1, 2, 3])
[INFO] [1733718520.816902833] [fibonacci_action_client]: Received feedback: array('i', [0, 1, 1, 2, 3, 5])
[INFO] [1733718520.917985116] [fibonacci_action_client]: Received feedback: array('i', [0, 1, 1, 2, 3, 5, 8])
[INFO] [1733718521.018607201] [fibonacci_action_client]: Received feedback: array('i', [0, 1, 1, 2, 3, 5, 8, 13])
[INFO] [1733718521.119694909] [fibonacci_action_client]: Received feedback: array('i', [0, 1, 1, 2, 3, 5, 8, 13, 21])
[INFO] [1733718521.220768732] [fibonacci_action_client]: Received feedback: array('i', [0, 1, 1, 2, 3, 5, 8, 13, 21, 34])
[INFO] [1733718521.322029027] [fibonacci_action_client]: Received feedback: array('i', [0, 1, 1, 2, 3, 5, 8, 13, 21, 34, 55])
[INFO] [1733718521.429271605] [fibonacci_action_client]: Result: array('i', [0, 1, 1, 2, 3, 5, 8, 13, 21, 34, 55])
[INFO] [1733718521.529982816] [fibonacci_action_client]: Sending goal with order 10
[INFO] [1733718523.250283777] [fibonacci_action_client]: Received feedback: array('i', [0, 1, 1])
[INFO] [1733718523.250767392] [fibonacci_action_client]: Goal accepted, waiting for result.
[INFO] [1733718523.347081383] [fibonacci_action_client]: Received feedback: array('i', [0, 1, 1, 2])
[INFO] [1733718523.448157363] [fibonacci_action_client]: Received feedback: array('i', [0, 1, 1, 2, 3])
[INFO] [1733718523.549329042] [fibonacci_action_client]: Received feedback: array('i', [0, 1, 1, 2, 3, 5])
[INFO] [1733718523.650593255] [fibonacci_action_client]: Received feedback: array('i', [0, 1, 1, 2, 3, 5, 8])
[INFO] [1733718523.751476673] [fibonacci_action_client]: Received feedback: array('i', [0, 1, 1, 2, 3, 5, 8, 13])
[INFO] [1733718523.852292660] [fibonacci_action_client]: Received feedback: array('i', [0, 1, 1, 2, 3, 5, 8, 13, 21])
[INFO] [1733718523.953355779] [fibonacci_action_client]: Received feedback: array('i', [0, 1, 1, 2, 3, 5, 8, 13, 21, 34])
[INFO] [1733718524.053834370] [fibonacci_action_client]: Received feedback: array('i', [0, 1, 1, 2, 3, 5, 8, 13, 21, 34, 55])
[INFO] [1733718524.160624330] [fibonacci_action_client]: Result: array('i', [0, 1, 1, 2, 3, 5, 8, 13, 21, 34, 55])
[INFO] [1733718524.261183950] [fibonacci_action_client]: Sending goal with order 10
[INFO] [1733718525.985646987] [fibonacci_action_client]: Received feedback: array('i', [0, 1, 1])
[INFO] [1733718525.986360573] [fibonacci_action_client]: Goal accepted, waiting for result.
[INFO] [1733718526.077581082] [fibonacci_action_client]: Received feedback: array('i', [0, 1, 1, 2])
[INFO] [1733718526.178439184] [fibonacci_action_client]: Received feedback: array('i', [0, 1, 1, 2, 3])
[INFO] [1733718526.279594934] [fibonacci_action_client]: Received feedback: array('i', [0, 1, 1, 2, 3, 5])
[INFO] [1733718526.380334081] [fibonacci_action_client]: Received feedback: array('i', [0, 1, 1, 2, 3, 5, 8])
[INFO] [1733718526.481491519] [fibonacci_action_client]: Received feedback: array('i', [0, 1, 1, 2, 3, 5, 8, 13])
[INFO] [1733718526.582627665] [fibonacci_action_client]: Received feedback: array('i', [0, 1, 1, 2, 3, 5, 8, 13, 21])
[INFO] [1733718526.683591508] [fibonacci_action_client]: Received feedback: array('i', [0, 1, 1, 2, 3, 5, 8, 13, 21, 34])
[INFO] [1733718526.784222841] [fibonacci_action_client]: Received feedback: array('i', [0, 1, 1, 2, 3, 5, 8, 13, 21, 34, 55])
[INFO] [1733718526.891584331] [fibonacci_action_client]: Result: array('i', [0, 1, 1, 2, 3, 5, 8, 13, 21, 34, 55])
[INFO] [1733718526.992310836] [fibonacci_action_client]: Sending goal with order 10
[INFO] [1733718528.718983815] [fibonacci_action_client]: Received feedback: array('i', [0, 1, 1])
[INFO] [1733718528.719473306] [fibonacci_action_client]: Goal accepted, waiting for result.
[INFO] [1733718528.810545933] [fibonacci_action_client]: Received feedback: array('i', [0, 1, 1, 2])
[INFO] [1733718528.911385125] [fibonacci_action_client]: Received feedback: array('i', [0, 1, 1, 2, 3])
[INFO] [1733718529.012241784] [fibonacci_action_client]: Received feedback: array('i', [0, 1, 1, 2, 3, 5])
[INFO] [1733718529.113110996] [fibonacci_action_client]: Received feedback: array('i', [0, 1, 1, 2, 3, 5, 8])
[INFO] [1733718529.213901005] [fibonacci_action_client]: Received feedback: array('i', [0, 1, 1, 2, 3, 5, 8, 13])
[INFO] [1733718529.314947867] [fibonacci_action_client]: Received feedback: array('i', [0, 1, 1, 2, 3, 5, 8, 13, 21])
[INFO] [1733718529.415889945] [fibonacci_action_client]: Received feedback: array('i', [0, 1, 1, 2, 3, 5, 8, 13, 21, 34])
[INFO] [1733718529.516791454] [fibonacci_action_client]: Received feedback: array('i', [0, 1, 1, 2, 3, 5, 8, 13, 21, 34, 55])
[INFO] [1733718529.628901965] [fibonacci_action_client]: Result: array('i', [0, 1, 1, 2, 3, 5, 8, 13, 21, 34, 55])
[INFO] [1733718529.729832313] [fibonacci_action_client]: Sending goal with order 10
[INFO] [1733718531.445185547] [fibonacci_action_client]: Received feedback: array('i', [0, 1, 1])
[INFO] [1733718531.445810018] [fibonacci_action_client]: Goal accepted, waiting for result.
[INFO] [1733718531.542738573] [fibonacci_action_client]: Received feedback: array('i', [0, 1, 1, 2])
[INFO] [1733718531.643649929] [fibonacci_action_client]: Received feedback: array('i', [0, 1, 1, 2, 3])
[INFO] [1733718531.744827498] [fibonacci_action_client]: Received feedback: array('i', [0, 1, 1, 2, 3, 5])
[INFO] [1733718531.845999961] [fibonacci_action_client]: Received feedback: array('i', [0, 1, 1, 2, 3, 5, 8])
[INFO] [1733718531.947101993] [fibonacci_action_client]: Received feedback: array('i', [0, 1, 1, 2, 3, 5, 8, 13])
[INFO] [1733718532.047999710] [fibonacci_action_client]: Received feedback: array('i', [0, 1, 1, 2, 3, 5, 8, 13, 21])
[INFO] [1733718532.149092465] [fibonacci_action_client]: Received feedback: array('i', [0, 1, 1, 2, 3, 5, 8, 13, 21, 34])
[INFO] [1733718532.249725490] [fibonacci_action_client]: Received feedback: array('i', [0, 1, 1, 2, 3, 5, 8, 13, 21, 34, 55])
[INFO] [1733718532.356950464] [fibonacci_action_client]: Result: array('i', [0, 1, 1, 2, 3, 5, 8, 13, 21, 34, 55])
[INFO] [1733718532.457914301] [fibonacci_action_client]: Sending goal with order 10
[INFO] [1733718534.184702304] [fibonacci_action_client]: Received feedback: array('i', [0, 1, 1])
[INFO] [1733718534.185306044] [fibonacci_action_client]: Goal accepted, waiting for result.
[INFO] [1733718534.276247404] [fibonacci_action_client]: Received feedback: array('i', [0, 1, 1, 2])
[INFO] [1733718534.377392927] [fibonacci_action_client]: Received feedback: array('i', [0, 1, 1, 2, 3])
[INFO] [1733718534.478456460] [fibonacci_action_client]: Received feedback: array('i', [0, 1, 1, 2, 3, 5])
[INFO] [1733718534.579441580] [fibonacci_action_client]: Received feedback: array('i', [0, 1, 1, 2, 3, 5, 8])
[INFO] [1733718534.680427835] [fibonacci_action_client]: Received feedback: array('i', [0, 1, 1, 2, 3, 5, 8, 13])
[INFO] [1733718534.781652871] [fibonacci_action_client]: Received feedback: array('i', [0, 1, 1, 2, 3, 5, 8, 13, 21])
[INFO] [1733718534.882555558] [fibonacci_action_client]: Received feedback: array('i', [0, 1, 1, 2, 3, 5, 8, 13, 21, 34])
[INFO] [1733718534.983138882] [fibonacci_action_client]: Received feedback: array('i', [0, 1, 1, 2, 3, 5, 8, 13, 21, 34, 55])
[INFO] [1733718535.096317898] [fibonacci_action_client]: Result: array('i', [0, 1, 1, 2, 3, 5, 8, 13, 21, 34, 55])
[INFO] [1733718535.196872293] [fibonacci_action_client]: Sending goal with order 10
[INFO] [1733718536.912739536] [fibonacci_action_client]: Received feedback: array('i', [0, 1, 1])
[INFO] [1733718536.913209536] [fibonacci_action_client]: Goal accepted, waiting for result.
[INFO] [1733718537.009982831] [fibonacci_action_client]: Received feedback: array('i', [0, 1, 1, 2])
[INFO] [1733718537.111240347] [fibonacci_action_client]: Received feedback: array('i', [0, 1, 1, 2, 3])
[INFO] [1733718537.212209134] [fibonacci_action_client]: Received feedback: array('i', [0, 1, 1, 2, 3, 5])
[INFO] [1733718537.313146626] [fibonacci_action_client]: Received feedback: array('i', [0, 1, 1, 2, 3, 5, 8])
[INFO] [1733718537.413756630] [fibonacci_action_client]: Received feedback: array('i', [0, 1, 1, 2, 3, 5, 8, 13])
[INFO] [1733718537.514970377] [fibonacci_action_client]: Received feedback: array('i', [0, 1, 1, 2, 3, 5, 8, 13, 21])
[INFO] [1733718537.615517018] [fibonacci_action_client]: Received feedback: array('i', [0, 1, 1, 2, 3, 5, 8, 13, 21, 34])
[INFO] [1733718537.716636858] [fibonacci_action_client]: Received feedback: array('i', [0, 1, 1, 2, 3, 5, 8, 13, 21, 34, 55])
[INFO] [1733718537.823987566] [fibonacci_action_client]: Result: array('i', [0, 1, 1, 2, 3, 5, 8, 13, 21, 34, 55])
[INFO] [1733718537.924917915] [fibonacci_action_client]: Sending goal with order 10
[INFO] [1733718539.646967256] [fibonacci_action_client]: Received feedback: array('i', [0, 1, 1])
[INFO] [1733718539.647548982] [fibonacci_action_client]: Goal accepted, waiting for result.
[INFO] [1733718539.743852631] [fibonacci_action_client]: Received feedback: array('i', [0, 1, 1, 2])
[INFO] [1733718539.845029304] [fibonacci_action_client]: Received feedback: array('i', [0, 1, 1, 2, 3])
[INFO] [1733718539.945844744] [fibonacci_action_client]: Received feedback: array('i', [0, 1, 1, 2, 3, 5])
[INFO] [1733718540.047140866] [fibonacci_action_client]: Received feedback: array('i', [0, 1, 1, 2, 3, 5, 8])
[INFO] [1733718540.148105830] [fibonacci_action_client]: Received feedback: array('i', [0, 1, 1, 2, 3, 5, 8, 13])
[INFO] [1733718540.249233860] [fibonacci_action_client]: Received feedback: array('i', [0, 1, 1, 2, 3, 5, 8, 13, 21])
[INFO] [1733718540.350540690] [fibonacci_action_client]: Received feedback: array('i', [0, 1, 1, 2, 3, 5, 8, 13, 21, 34])
[INFO] [1733718540.451103232] [fibonacci_action_client]: Received feedback: array('i', [0, 1, 1, 2, 3, 5, 8, 13, 21, 34, 55])
[INFO] [1733718540.558949001] [fibonacci_action_client]: Result: array('i', [0, 1, 1, 2, 3, 5, 8, 13, 21, 34, 55])
[INFO] [1733718540.659883614] [fibonacci_action_client]: Sending goal with order 10
[INFO] [1733718542.382153827] [fibonacci_action_client]: Received feedback: array('i', [0, 1, 1])
[INFO] [1733718542.382627581] [fibonacci_action_client]: Goal accepted, waiting for result.
[INFO] [1733718542.478454300] [fibonacci_action_client]: Received feedback: array('i', [0, 1, 1, 2])
[INFO] [1733718542.579128741] [fibonacci_action_client]: Received feedback: array('i', [0, 1, 1, 2, 3])
[INFO] [1733718542.680247147] [fibonacci_action_client]: Received feedback: array('i', [0, 1, 1, 2, 3, 5])
[INFO] [1733718542.781255698] [fibonacci_action_client]: Received feedback: array('i', [0, 1, 1, 2, 3, 5, 8])
[INFO] [1733718542.882357934] [fibonacci_action_client]: Received feedback: array('i', [0, 1, 1, 2, 3, 5, 8, 13])
[INFO] [1733718542.983385575] [fibonacci_action_client]: Received feedback: array('i', [0, 1, 1, 2, 3, 5, 8, 13, 21])
[INFO] [1733718543.084098561] [fibonacci_action_client]: Received feedback: array('i', [0, 1, 1, 2, 3, 5, 8, 13, 21, 34])
[INFO] [1733718543.185381510] [fibonacci_action_client]: Received feedback: array('i', [0, 1, 1, 2, 3, 5, 8, 13, 21, 34, 55])
[INFO] [1733718543.294329995] [fibonacci_action_client]: Result: array('i', [0, 1, 1, 2, 3, 5, 8, 13, 21, 34, 55])
[INFO] [1733718543.395026008] [fibonacci_action_client]: Sending goal with order 10
[INFO] [1733718545.116291747] [fibonacci_action_client]: Received feedback: array('i', [0, 1, 1])
[INFO] [1733718545.116892172] [fibonacci_action_client]: Goal accepted, waiting for result.
[INFO] [1733718545.212480360] [fibonacci_action_client]: Received feedback: array('i', [0, 1, 1, 2])
[INFO] [1733718545.313843641] [fibonacci_action_client]: Received feedback: array('i', [0, 1, 1, 2, 3])
[INFO] [1733718545.414694252] [fibonacci_action_client]: Received feedback: array('i', [0, 1, 1, 2, 3, 5])
[INFO] [1733718545.515766624] [fibonacci_action_client]: Received feedback: array('i', [0, 1, 1, 2, 3, 5, 8])
[INFO] [1733718545.616911439] [fibonacci_action_client]: Received feedback: array('i', [0, 1, 1, 2, 3, 5, 8, 13])
[INFO] [1733718545.717993495] [fibonacci_action_client]: Received feedback: array('i', [0, 1, 1, 2, 3, 5, 8, 13, 21])
[INFO] [1733718545.821005632] [fibonacci_action_client]: Received feedback: array('i', [0, 1, 1, 2, 3, 5, 8, 13, 21, 34])
[INFO] [1733718545.922431652] [fibonacci_action_client]: Received feedback: array('i', [0, 1, 1, 2, 3, 5, 8, 13, 21, 34, 55])
[INFO] [1733718546.030471427] [fibonacci_action_client]: Result: array('i', [0, 1, 1, 2, 3, 5, 8, 13, 21, 34, 55])
[INFO] [1733718546.131149172] [fibonacci_action_client]: Sending goal with order 10
[INFO] [1733718547.852968020] [fibonacci_action_client]: Received feedback: array('i', [0, 1, 1])
[INFO] [1733718547.853497781] [fibonacci_action_client]: Goal accepted, waiting for result.
[INFO] [1733718547.949072017] [fibonacci_action_client]: Received feedback: array('i', [0, 1, 1, 2])
[INFO] [1733718548.050417078] [fibonacci_action_client]: Received feedback: array('i', [0, 1, 1, 2, 3])
[INFO] [1733718548.151134173] [fibonacci_action_client]: Received feedback: array('i', [0, 1, 1, 2, 3, 5])
[INFO] [1733718548.251708362] [fibonacci_action_client]: Received feedback: array('i', [0, 1, 1, 2, 3, 5, 8])
[INFO] [1733718548.352653182] [fibonacci_action_client]: Received feedback: array('i', [0, 1, 1, 2, 3, 5, 8, 13])
[INFO] [1733718548.453375146] [fibonacci_action_client]: Received feedback: array('i', [0, 1, 1, 2, 3, 5, 8, 13, 21])
[INFO] [1733718548.554717773] [fibonacci_action_client]: Received feedback: array('i', [0, 1, 1, 2, 3, 5, 8, 13, 21, 34])
[INFO] [1733718548.655563764] [fibonacci_action_client]: Received feedback: array('i', [0, 1, 1, 2, 3, 5, 8, 13, 21, 34, 55])
[INFO] [1733718548.763961499] [fibonacci_action_client]: Result: array('i', [0, 1, 1, 2, 3, 5, 8, 13, 21, 34, 55])
[INFO] [1733718548.864849010] [fibonacci_action_client]: Sending goal with order 10
[INFO] [1733718550.590896178] [fibonacci_action_client]: Received feedback: array('i', [0, 1, 1])
[INFO] [1733718550.591537303] [fibonacci_action_client]: Goal accepted, waiting for result.
[INFO] [1733718550.680928959] [fibonacci_action_client]: Received feedback: array('i', [0, 1, 1, 2])
[INFO] [1733718550.782136271] [fibonacci_action_client]: Received feedback: array('i', [0, 1, 1, 2, 3])
[INFO] [1733718550.882916919] [fibonacci_action_client]: Received feedback: array('i', [0, 1, 1, 2, 3, 5])
[INFO] [1733718550.983887860] [fibonacci_action_client]: Received feedback: array('i', [0, 1, 1, 2, 3, 5, 8])
[INFO] [1733718551.084651503] [fibonacci_action_client]: Received feedback: array('i', [0, 1, 1, 2, 3, 5, 8, 13])
[INFO] [1733718551.185902558] [fibonacci_action_client]: Received feedback: array('i', [0, 1, 1, 2, 3, 5, 8, 13, 21])
[INFO] [1733718551.286584813] [fibonacci_action_client]: Received feedback: array('i', [0, 1, 1, 2, 3, 5, 8, 13, 21, 34])
[INFO] [1733718551.387680574] [fibonacci_action_client]: Received feedback: array('i', [0, 1, 1, 2, 3, 5, 8, 13, 21, 34, 55])
[INFO] [1733718551.497254415] [fibonacci_action_client]: Result: array('i', [0, 1, 1, 2, 3, 5, 8, 13, 21, 34, 55])
[INFO] [1733718551.598064272] [fibonacci_action_client]: Sending goal with order 10
[INFO] [1733718553.318685238] [fibonacci_action_client]: Received feedback: array('i', [0, 1, 1])
[INFO] [1733718553.319258490] [fibonacci_action_client]: Goal accepted, waiting for result.
[INFO] [1733718553.413937813] [fibonacci_action_client]: Received feedback: array('i', [0, 1, 1, 2])
[INFO] [1733718553.514948625] [fibonacci_action_client]: Received feedback: array('i', [0, 1, 1, 2, 3])
[INFO] [1733718553.615976966] [fibonacci_action_client]: Received feedback: array('i', [0, 1, 1, 2, 3, 5])
[INFO] [1733718553.716869169] [fibonacci_action_client]: Received feedback: array('i', [0, 1, 1, 2, 3, 5, 8])
[INFO] [1733718553.817949773] [fibonacci_action_client]: Received feedback: array('i', [0, 1, 1, 2, 3, 5, 8, 13])
[INFO] [1733718553.919017896] [fibonacci_action_client]: Received feedback: array('i', [0, 1, 1, 2, 3, 5, 8, 13, 21])
[INFO] [1733718554.020013795] [fibonacci_action_client]: Received feedback: array('i', [0, 1, 1, 2, 3, 5, 8, 13, 21, 34])
[INFO] [1733718554.121209249] [fibonacci_action_client]: Received feedback: array('i', [0, 1, 1, 2, 3, 5, 8, 13, 21, 34, 55])
[INFO] [1733718554.236099117] [fibonacci_action_client]: Result: array('i', [0, 1, 1, 2, 3, 5, 8, 13, 21, 34, 55])
[INFO] [1733718554.336663740] [fibonacci_action_client]: Sending goal with order 10
[INFO] [1733718556.052996767] [fibonacci_action_client]: Received feedback: array('i', [0, 1, 1])
[INFO] [1733718556.053536663] [fibonacci_action_client]: Goal accepted, waiting for result.
[INFO] [1733718556.148078604] [fibonacci_action_client]: Received feedback: array('i', [0, 1, 1, 2])
[INFO] [1733718556.249513633] [fibonacci_action_client]: Received feedback: array('i', [0, 1, 1, 2, 3])
[INFO] [1733718556.350237354] [fibonacci_action_client]: Received feedback: array('i', [0, 1, 1, 2, 3, 5])
[INFO] [1733718556.450935364] [fibonacci_action_client]: Received feedback: array('i', [0, 1, 1, 2, 3, 5, 8])
[INFO] [1733718556.551889084] [fibonacci_action_client]: Received feedback: array('i', [0, 1, 1, 2, 3, 5, 8, 13])
[INFO] [1733718556.652612720] [fibonacci_action_client]: Received feedback: array('i', [0, 1, 1, 2, 3, 5, 8, 13, 21])
[INFO] [1733718556.753728203] [fibonacci_action_client]: Received feedback: array('i', [0, 1, 1, 2, 3, 5, 8, 13, 21, 34])
[INFO] [1733718556.854812873] [fibonacci_action_client]: Received feedback: array('i', [0, 1, 1, 2, 3, 5, 8, 13, 21, 34, 55])
[INFO] [1733718556.969482375] [fibonacci_action_client]: Result: array('i', [0, 1, 1, 2, 3, 5, 8, 13, 21, 34, 55])
[INFO] [1733718557.070672284] [fibonacci_action_client]: Sending goal with order 10
[INFO] [1733718558.786484568] [fibonacci_action_client]: Received feedback: array('i', [0, 1, 1])
[INFO] [1733718558.787053199] [fibonacci_action_client]: Goal accepted, waiting for result.
[INFO] [1733718558.882521623] [fibonacci_action_client]: Received feedback: array('i', [0, 1, 1, 2])
[INFO] [1733718558.983502731] [fibonacci_action_client]: Received feedback: array('i', [0, 1, 1, 2, 3])
[INFO] [1733718559.084254533] [fibonacci_action_client]: Received feedback: array('i', [0, 1, 1, 2, 3, 5])
[INFO] [1733718559.185213914] [fibonacci_action_client]: Received feedback: array('i', [0, 1, 1, 2, 3, 5, 8])
[INFO] [1733718559.285741160] [fibonacci_action_client]: Received feedback: array('i', [0, 1, 1, 2, 3, 5, 8, 13])
[INFO] [1733718559.386988279] [fibonacci_action_client]: Received feedback: array('i', [0, 1, 1, 2, 3, 5, 8, 13, 21])
[INFO] [1733718559.487973079] [fibonacci_action_client]: Received feedback: array('i', [0, 1, 1, 2, 3, 5, 8, 13, 21, 34])
[INFO] [1733718559.588928446] [fibonacci_action_client]: Received feedback: array('i', [0, 1, 1, 2, 3, 5, 8, 13, 21, 34, 55])
[INFO] [1733718559.697315140] [fibonacci_action_client]: Result: array('i', [0, 1, 1, 2, 3, 5, 8, 13, 21, 34, 55])
[INFO] [1733718559.797869026] [fibonacci_action_client]: Sending goal with order 10
[INFO] [1733718561.521065472] [fibonacci_action_client]: Received feedback: array('i', [0, 1, 1])
[INFO] [1733718561.521618188] [fibonacci_action_client]: Goal accepted, waiting for result.
[INFO] [1733718561.616546925] [fibonacci_action_client]: Received feedback: array('i', [0, 1, 1, 2])
[INFO] [1733718561.717928370] [fibonacci_action_client]: Received feedback: array('i', [0, 1, 1, 2, 3])
[INFO] [1733718561.818455309] [fibonacci_action_client]: Received feedback: array('i', [0, 1, 1, 2, 3, 5])
[INFO] [1733718561.919567574] [fibonacci_action_client]: Received feedback: array('i', [0, 1, 1, 2, 3, 5, 8])
[INFO] [1733718562.020662338] [fibonacci_action_client]: Received feedback: array('i', [0, 1, 1, 2, 3, 5, 8, 13])
[INFO] [1733718562.121584639] [fibonacci_action_client]: Received feedback: array('i', [0, 1, 1, 2, 3, 5, 8, 13, 21])
[INFO] [1733718562.222024838] [fibonacci_action_client]: Received feedback: array('i', [0, 1, 1, 2, 3, 5, 8, 13, 21, 34])
[INFO] [1733718562.323183417] [fibonacci_action_client]: Received feedback: array('i', [0, 1, 1, 2, 3, 5, 8, 13, 21, 34, 55])
[INFO] [1733718562.431448139] [fibonacci_action_client]: Result: array('i', [0, 1, 1, 2, 3, 5, 8, 13, 21, 34, 55])
[INFO] [1733718562.532187676] [fibonacci_action_client]: Sending goal with order 10
[INFO] [1733718564.254746909] [fibonacci_action_client]: Received feedback: array('i', [0, 1, 1])
[INFO] [1733718564.255263613] [fibonacci_action_client]: Goal accepted, waiting for result.
[INFO] [1733718564.350357782] [fibonacci_action_client]: Received feedback: array('i', [0, 1, 1, 2])
[INFO] [1733718564.451221959] [fibonacci_action_client]: Received feedback: array('i', [0, 1, 1, 2, 3])
[INFO] [1733718564.552119390] [fibonacci_action_client]: Received feedback: array('i', [0, 1, 1, 2, 3, 5])
[INFO] [1733718564.653140507] [fibonacci_action_client]: Received feedback: array('i', [0, 1, 1, 2, 3, 5, 8])
[INFO] [1733718564.754193750] [fibonacci_action_client]: Received feedback: array('i', [0, 1, 1, 2, 3, 5, 8, 13])
[INFO] [1733718564.855242907] [fibonacci_action_client]: Received feedback: array('i', [0, 1, 1, 2, 3, 5, 8, 13, 21])
[INFO] [1733718564.956104393] [fibonacci_action_client]: Received feedback: array('i', [0, 1, 1, 2, 3, 5, 8, 13, 21, 34])
[INFO] [1733718565.057141947] [fibonacci_action_client]: Received feedback: array('i', [0, 1, 1, 2, 3, 5, 8, 13, 21, 34, 55])
[INFO] [1733718565.172656980] [fibonacci_action_client]: Result: array('i', [0, 1, 1, 2, 3, 5, 8, 13, 21, 34, 55])
[INFO] [1733718565.273766223] [fibonacci_action_client]: Sending goal with order 10
[INFO] [1733718566.993899604] [fibonacci_action_client]: Received feedback: array('i', [0, 1, 1])
[INFO] [1733718566.994488949] [fibonacci_action_client]: Goal accepted, waiting for result.
[INFO] [1733718567.082323314] [fibonacci_action_client]: Received feedback: array('i', [0, 1, 1, 2])
[INFO] [1733718567.183628784] [fibonacci_action_client]: Received feedback: array('i', [0, 1, 1, 2, 3])
[INFO] [1733718567.284587303] [fibonacci_action_client]: Received feedback: array('i', [0, 1, 1, 2, 3, 5])
[INFO] [1733718567.385545867] [fibonacci_action_client]: Received feedback: array('i', [0, 1, 1, 2, 3, 5, 8])
[INFO] [1733718567.486288763] [fibonacci_action_client]: Received feedback: array('i', [0, 1, 1, 2, 3, 5, 8, 13])
[INFO] [1733718567.586995554] [fibonacci_action_client]: Received feedback: array('i', [0, 1, 1, 2, 3, 5, 8, 13, 21])
[INFO] [1733718567.688383061] [fibonacci_action_client]: Received feedback: array('i', [0, 1, 1, 2, 3, 5, 8, 13, 21, 34])
[INFO] [1733718567.789237511] [fibonacci_action_client]: Received feedback: array('i', [0, 1, 1, 2, 3, 5, 8, 13, 21, 34, 55])
[INFO] [1733718567.898346515] [fibonacci_action_client]: Result: array('i', [0, 1, 1, 2, 3, 5, 8, 13, 21, 34, 55])
[INFO] [1733718567.999087968] [fibonacci_action_client]: Sending goal with order 10
[INFO] [1733718569.721824923] [fibonacci_action_client]: Received feedback: array('i', [0, 1, 1])
[INFO] [1733718569.722299606] [fibonacci_action_client]: Goal accepted, waiting for result.
[INFO] [1733718569.816801892] [fibonacci_action_client]: Received feedback: array('i', [0, 1, 1, 2])
[INFO] [1733718569.917616729] [fibonacci_action_client]: Received feedback: array('i', [0, 1, 1, 2, 3])
[INFO] [1733718570.018493974] [fibonacci_action_client]: Received feedback: array('i', [0, 1, 1, 2, 3, 5])
[INFO] [1733718570.119303741] [fibonacci_action_client]: Received feedback: array('i', [0, 1, 1, 2, 3, 5, 8])
[INFO] [1733718570.220073015] [fibonacci_action_client]: Received feedback: array('i', [0, 1, 1, 2, 3, 5, 8, 13])
[INFO] [1733718570.321241852] [fibonacci_action_client]: Received feedback: array('i', [0, 1, 1, 2, 3, 5, 8, 13, 21])
[INFO] [1733718570.422245839] [fibonacci_action_client]: Received feedback: array('i', [0, 1, 1, 2, 3, 5, 8, 13, 21, 34])
[INFO] [1733718570.523003497] [fibonacci_action_client]: Received feedback: array('i', [0, 1, 1, 2, 3, 5, 8, 13, 21, 34, 55])
[INFO] [1733718570.632449244] [fibonacci_action_client]: Result: array('i', [0, 1, 1, 2, 3, 5, 8, 13, 21, 34, 55])
[INFO] [1733718570.733464433] [fibonacci_action_client]: Sending goal with order 10
[INFO] [1733718572.454493971] [fibonacci_action_client]: Received feedback: array('i', [0, 1, 1])
[INFO] [1733718572.454995324] [fibonacci_action_client]: Goal accepted, waiting for result.
[INFO] [1733718572.548702671] [fibonacci_action_client]: Received feedback: array('i', [0, 1, 1, 2])
[INFO] [1733718572.650136462] [fibonacci_action_client]: Received feedback: array('i', [0, 1, 1, 2, 3])
[INFO] [1733718572.751288696] [fibonacci_action_client]: Received feedback: array('i', [0, 1, 1, 2, 3, 5])
[INFO] [1733718572.852272898] [fibonacci_action_client]: Received feedback: array('i', [0, 1, 1, 2, 3, 5, 8])
[INFO] [1733718572.953056020] [fibonacci_action_client]: Received feedback: array('i', [0, 1, 1, 2, 3, 5, 8, 13])
[INFO] [1733718573.054313138] [fibonacci_action_client]: Received feedback: array('i', [0, 1, 1, 2, 3, 5, 8, 13, 21])
[INFO] [1733718573.155308324] [fibonacci_action_client]: Received feedback: array('i', [0, 1, 1, 2, 3, 5, 8, 13, 21, 34])
[INFO] [1733718573.256225026] [fibonacci_action_client]: Received feedback: array('i', [0, 1, 1, 2, 3, 5, 8, 13, 21, 34, 55])
[INFO] [1733718573.364974119] [fibonacci_action_client]: Result: array('i', [0, 1, 1, 2, 3, 5, 8, 13, 21, 34, 55])
[INFO] [1733718573.465842080] [fibonacci_action_client]: Sending goal with order 10
[INFO] [1733718575.188202816] [fibonacci_action_client]: Received feedback: array('i', [0, 1, 1])
[INFO] [1733718575.188781143] [fibonacci_action_client]: Goal accepted, waiting for result.
[INFO] [1733718575.282664283] [fibonacci_action_client]: Received feedback: array('i', [0, 1, 1, 2])
[INFO] [1733718575.383494891] [fibonacci_action_client]: Received feedback: array('i', [0, 1, 1, 2, 3])
[INFO] [1733718575.484498691] [fibonacci_action_client]: Received feedback: array('i', [0, 1, 1, 2, 3, 5])
[INFO] [1733718575.585588257] [fibonacci_action_client]: Received feedback: array('i', [0, 1, 1, 2, 3, 5, 8])
[INFO] [1733718575.686811811] [fibonacci_action_client]: Received feedback: array('i', [0, 1, 1, 2, 3, 5, 8, 13])
[INFO] [1733718575.787733841] [fibonacci_action_client]: Received feedback: array('i', [0, 1, 1, 2, 3, 5, 8, 13, 21])
[INFO] [1733718575.888787461] [fibonacci_action_client]: Received feedback: array('i', [0, 1, 1, 2, 3, 5, 8, 13, 21, 34])
[INFO] [1733718575.989923866] [fibonacci_action_client]: Received feedback: array('i', [0, 1, 1, 2, 3, 5, 8, 13, 21, 34, 55])
[INFO] [1733718576.099323754] [fibonacci_action_client]: Result: array('i', [0, 1, 1, 2, 3, 5, 8, 13, 21, 34, 55])
[INFO] [1733718576.200199984] [fibonacci_action_client]: Sending goal with order 10
[INFO] [1733718577.922281533] [fibonacci_action_client]: Received feedback: array('i', [0, 1, 1])
[INFO] [1733718577.922926145] [fibonacci_action_client]: Goal accepted, waiting for result.
[INFO] [1733718578.016650239] [fibonacci_action_client]: Received feedback: array('i', [0, 1, 1, 2])
[INFO] [1733718578.117745775] [fibonacci_action_client]: Received feedback: array('i', [0, 1, 1, 2, 3])
[INFO] [1733718578.218823282] [fibonacci_action_client]: Received feedback: array('i', [0, 1, 1, 2, 3, 5])
[INFO] [1733718578.319318630] [fibonacci_action_client]: Received feedback: array('i', [0, 1, 1, 2, 3, 5, 8])
[INFO] [1733718578.420227885] [fibonacci_action_client]: Received feedback: array('i', [0, 1, 1, 2, 3, 5, 8, 13])
[INFO] [1733718578.521189273] [fibonacci_action_client]: Received feedback: array('i', [0, 1, 1, 2, 3, 5, 8, 13, 21])
[INFO] [1733718578.622270093] [fibonacci_action_client]: Received feedback: array('i', [0, 1, 1, 2, 3, 5, 8, 13, 21, 34])
[INFO] [1733718578.722992729] [fibonacci_action_client]: Received feedback: array('i', [0, 1, 1, 2, 3, 5, 8, 13, 21, 34, 55])
[INFO] [1733718582.924173572] [fibonacci_action_client]: Result not received due to timeout.
RAPL is not set
 55])
[INFO] [1733718578.031326181] [fibonacci_action_client]: Sending goal with order 10
Traceback (most recent call last):
  File "/home/michel/Documents/GitHub/energy-ros2-cpp-pyt[INFO] [1733718583.834730180] [fibonacci_action_client]: Result not received due to timeout.
RAPL is set
(load_entry_point('action-tutorials-py==0.0.0', 'console_scripts', 'action_client')())
  File "/home/michel/Documents/GitHub/energy-ros2-cpp-python/install/action_tutorials_py/lib/python3.10/site-packages/action_tutorials_py/fibonacci_action_client.py", line 110, in main
    if not action_client.send_goal_and_wait(10):
  File "/home/michel/Documents/GitHub/energy-ros2-cpp-python/install/action_tutorials_py/lib/python3.10/site-packages/action_tutorials_py/fibonacci_action_client.py", line 44, in send_goal_and_wait
    if not self._goal_handle.accepted:
AttributeError: 'NoneType' object has no attribute 'accepted'
[ros2run]: Process exited with failure 1
RAPL is not set
