[INFO] [1733973433.852929153] [minimal_client_async]: Result of add_two_ints: for 10 + 10 = 20
[INFO] [1733973436.863596098] [minimal_client_async]: Result of add_two_ints: for 10 + 10 = 20
[INFO] [1733973470.583616900] [minimal_client_async]: Result of add_two_ints: for 10 + 10 = 20
[INFO] [1733973470.834830476] [minimal_client_async]: Result of add_two_ints: for 10 + 10 = 20
[INFO] [1733973471.086364201] [minimal_client_async]: Result of add_two_ints: for 10 + 10 = 20
[INFO] [1733973471.337606193] [minimal_client_async]: Result of add_two_ints: for 10 + 10 = 20
[INFO] [1733973471.589388170] [minimal_client_async]: Result of add_two_ints: for 10 + 10 = 20
[INFO] [1733973471.841146598] [minimal_client_async]: Result of add_two_ints: for 10 + 10 = 20
[INFO] [1733973472.093018145] [minimal_client_async]: Result of add_two_ints: for 10 + 10 = 20
[INFO] [1733973510.084311402] [minimal_client_async]: Result of add_two_ints: for 10 + 10 = 20
[INFO] [1733973510.336125379] [minimal_client_async]: Result of add_two_ints: for 10 + 10 = 20
[INFO] [1733973510.588079942] [minimal_client_async]: Result of add_two_ints: for 10 + 10 = 20
[INFO] [1733973510.839855639] [minimal_client_async]: Result of add_two_ints: for 10 + 10 = 20
[INFO] [1733973511.091646125] [minimal_client_async]: Result of add_two_ints: for 10 + 10 = 20
[INFO] [1733973511.343047229] [minimal_client_async]: Result of add_two_ints: for 10 + 10 = 20
[INFO] [1733973549.333237361] [minimal_client_async]: Result of add_two_ints: for 10 + 10 = 20
[INFO] [1733973549.584861907] [minimal_client_async]: Result of add_two_ints: for 10 + 10 = 20
[INFO] [1733973549.836602838] [minimal_client_async]: Result of add_two_ints: for 10 + 10 = 20
[INFO] [1733973550.088378509] [minimal_client_async]: Result of add_two_ints: for 10 + 10 = 20
[INFO] [1733973550.340145473] [minimal_client_async]: Result of add_two_ints: for 10 + 10 = 20
[INFO] [1733973550.591984105] [minimal_client_async]: Result of add_two_ints: for 10 + 10 = 20
[INFO] [1733973550.843193137] [minimal_client_async]: Result of add_two_ints: for 10 + 10 = 20
[INFO] [1733973587.582973825] [minimal_client_async]: Result of add_two_ints: for 10 + 10 = 20
[INFO] [1733973587.834546308] [minimal_client_async]: Result of add_two_ints: for 10 + 10 = 20
[INFO] [1733973588.086215682] [minimal_client_async]: Result of add_two_ints: for 10 + 10 = 20
[INFO] [1733973588.337844818] [minimal_client_async]: Result of add_two_ints: for 10 + 10 = 20
[INFO] [1733973588.589381013] [minimal_client_async]: Result of add_two_ints: for 10 + 10 = 20
[INFO] [1733973588.841319721] [minimal_client_async]: Result of add_two_ints: for 10 + 10 = 20
[INFO] [1733973589.093238192] [minimal_client_async]: Result of add_two_ints: for 10 + 10 = 20
[INFO] [1733973612.831555848] [minimal_client_async]: Timeout reached. Stopping client.
RAPL is not set
733973513.608248636] [minimal_client_async]: Result of add_two_ints: for 10 + 10 = 20
[INFO] [1733973513.860137535] [minimal_client_async]: Result of add_two_ints: for 10 + 10 = 20
[INFO] [1733973514.111991427] [minimal_client_async]: Result of add_two_ints: for 10 + 10 = 20
[INFO] [1733973551.094893767] [minimal_client_async]: Result of add_two_ints: for 10 + 10 = 20
[INFO] [1733973551.346507312] [minimal_client_async]: Result of add_two_ints: for 10 + 10 = 20
[INFO] [1733973551.597987311] [minimal_client_async]: Result of add_two_ints: for 10 + 10 = 20
[INFO] [1733973551.849700197] [minimal_client_async]: Result of add_two_ints: for 10 + 10 = 20
[INFO] [1733973552.101028517] [minimal_client_async]: Result of add_two_ints: for 10 + 10 = 20
[INFO] [1733973552.352672796] [minimal_client_async]: Result of add_two_ints: for 10 + 10 = 20
[INFO] [1733973552.604272923] [minimal_client_async]: Result of add_two_ints: for 10 + 10 = 20
[INFO] [1733973552.855704597] [minimal_client_async]: Result of add_two_ints: for 10 + 10 = 20
[INFO] [1733973553.106872455] [minimal_client_async]: Result of add_two_ints: for 10 + 10 = 20
[INFO] [1733973553.358542956] [minimal_client_async]: Result of add_two_ints: for 10 + 10 = 20
[INFO] [1733973553.610424988] [minimal_client_async]: Result of add_two_ints: for 10 + 10 = 20
[INFO] [1733973553.862354539] [minimal_client_async]: Result of add_two_ints: for 10 + 10 = 20
[INFO] [1733973589.345087517] [minimal_client_async]: Result of add_two_ints: for 10 + 10 = 20
[INFO] [1733973589.596851930] [minimal_client_async]: Result of add_two_ints: for 10 + 10 = 20
[INFO] [1733973589.848755727] [minimal_client_async]: Result of add_two_ints: for 10 + 10 = 20
[INFO] [1733973590.100518669] [minimal_client_async]: Result of add_two_ints: for 10 + 10 = 20
[INFO] [1733973590.352270296] [minimal_client_async]: Result of add_two_ints: for 10 + 10 = 20
[INFO] [1733973590.603654623] [minimal_client_async]: Result of add_two_ints: for 10 + 10 = 20
[INFO] [1733973590.855295451] [minimal_client_async]: Result of add_two_ints: for 10 + 10 = 20
[INFO] [1733973591.106548451] [minimal_client_async]: Result of add_two_ints: for 10 + 10 = 20
[INFO] [1733973591.357954028] [minimal_client_async]: Result of add_two_ints: for 10 + 10 = 20
[INFO] [1733973591.609396500] [minimal_client_async]: Result of add_two_ints: for 10 + 10 = 20
[INFO] [1733973591.860840141] [minimal_client_async]: Result of add_two_ints: for 10 + 10 = 20
[INFO] [1733973592.112257755] [minimal_client_async]: Result of add_two_ints: for 10 + 10 = 20
[INFO] [1733973612.842759893] [minimal_client_async]: Timeout reached. Stopping client.
RAPL is set
] [1733973451.205259271] [minimal_client_async]: Result of add_two_ints: for 10 + 10 = 20
[INFO] [1733973451.457235838] [minimal_client_async]: Result of add_two_ints: for 10 + 10 = 20
[INFO] [1733973451.709177292] [minimal_client_async]: Result of add_two_ints: for 10 + 10 = 20
[INFO] [1733973451.961258502] [minimal_client_async]: Result of add_two_ints: for 10 + 10 = 20
[INFO] [1733973452.212982446] [minimal_client_async]: Result of add_two_ints: for 10 + 10 = 20
[INFO] [1733973452.464775483] [minimal_client_async]: Result of add_two_ints: for 10 + 10 = 20
[INFO] [1733973452.716153522] [minimal_client_async]: Result of add_two_ints: for 10 + 10 = 20
[INFO] [1733973452.967935782] [minimal_client_async]: Result of add_two_ints: for 10 + 10 = 20
[INFO] [1733973453.219705925] [minimal_client_async]: Result of add_two_ints: for 10 + 10 = 20
[INFO] [1733973453.471314515] [minimal_client_async]: Result of add_two_ints: for 10 + 10 = 20
[INFO] [1733973453.723185490] [minimal_client_async]: Result of add_two_ints: for 10 + 10 = 20
[INFO] [1733973453.974702987] [minimal_client_async]: Result of add_two_ints: for 10 + 10 = 20
[INFO] [1733973454.226234759] [minimal_client_async]: Result of add_two_ints: for 10 + 10 = 20
[INFO] [1733973454.477652332] [minimal_client_async]: Result of add_two_ints: for 10 + 10 = 20
[INFO] [1733973454.729493814] [minimal_client_async]: Result of add_two_ints: for 10 + 10 = 20
[INFO] [1733973454.980969667] [minimal_client_async]: Result of add_two_ints: for 10 + 10 = 20
[INFO] [1733973455.232608108] [minimal_client_async]: Result of add_two_ints: for 10 + 10 = 20
[INFO] [1733973455.484508187] [minimal_client_async]: Result of add_two_ints: for 10 + 10 = 20
[INFO] [1733973455.735864161] [minimal_client_async]: Result of add_two_ints: for 10 + 10 = 20
[INFO] [1733973455.987693515] [minimal_client_async]: Result of add_two_ints: for 10 + 10 = 20
[INFO] [1733973456.238946174] [minimal_client_async]: Result of add_two_ints: for 10 + 10 = 20
[INFO] [1733973456.490859200] [minimal_client_async]: Result of add_two_ints: for 10 + 10 = 20
[INFO] [1733973456.742168485] [minimal_client_async]: Result of add_two_ints: for 10 + 10 = 20
[INFO] [1733973456.993622691] [minimal_client_async]: Result of add_two_ints: for 10 + 10 = 20
[INFO] [1733973457.245124036] [minimal_client_async]: Result of add_two_ints: for 10 + 10 = 20
[INFO] [1733973457.496854100] [minimal_client_async]: Result of add_two_ints: for 10 + 10 = 20
[INFO] [1733973457.748985073] [minimal_client_async]: Result of add_two_ints: for 10 + 10 = 20
[INFO] [1733973458.000528178] [minimal_client_async]: Result of add_two_ints: for 10 + 10 = 20
[INFO] [1733973458.252391728] [minimal_client_async]: Result of add_two_ints: for 10 + 10 = 20
[INFO] [1733973458.504115322] [minimal_client_async]: Result of add_two_ints: for 10 + 10 = 20
[INFO] [1733973458.755945830] [minimal_client_async]: Result of add_two_ints: for 10 + 10 = 20
[INFO] [1733973459.007802094] [minimal_client_async]: Result of add_two_ints: for 10 + 10 = 20
[INFO] [1733973459.259519590] [minimal_client_async]: Result of add_two_ints: for 10 + 10 = 20
[INFO] [1733973459.510881332] [minimal_client_async]: Result of add_two_ints: for 10 + 10 = 20
[INFO] [1733973459.762585859] [minimal_client_async]: Result of add_two_ints: for 10 + 10 = 20
[INFO] [1733973460.014267555] [minimal_client_async]: Result of add_two_ints: for 10 + 10 = 20
[INFO] [1733973460.265665659] [minimal_client_async]: Result of add_two_ints: for 10 + 10 = 20
[INFO] [1733973460.517453649] [minimal_client_async]: Result of add_two_ints: for 10 + 10 = 20
[INFO] [1733973460.769239391] [minimal_client_async]: Result of add_two_ints: for 10 + 10 = 20
[INFO] [1733973461.020960138] [minimal_client_async]: Result of add_two_ints: for 10 + 10 = 20
[INFO] [1733973461.272762442] [minimal_client_async]: Result of add_two_ints: for 10 + 10 = 20
[INFO] [1733973461.524548297] [minimal_client_async]: Result of add_two_ints: for 10 + 10 = 20
[INFO] [1733973461.776312084] [minimal_client_async]: Result of add_two_ints: for 10 + 10 = 20
[INFO] [1733973462.027932437] [minimal_client_async]: Result of add_two_ints: for 10 + 10 = 20
[INFO] [1733973462.279800332] [minimal_client_async]: Result of add_two_ints: for 10 + 10 = 20
[INFO] [1733973462.531213347] [minimal_client_async]: Result of add_two_ints: for 10 + 10 = 20
[INFO] [1733973462.783034749] [minimal_client_async]: Result of add_two_ints: for 10 + 10 = 20
[INFO] [1733973463.034761597] [minimal_client_async]: Result of add_two_ints: for 10 + 10 = 20
[INFO] [1733973463.286553143] [minimal_client_async]: Result of add_two_ints: for 10 + 10 = 20
[INFO] [1733973463.537909040] [minimal_client_async]: Result of add_two_ints: for 10 + 10 = 20
[INFO] [1733973463.789904713] [minimal_client_async]: Result of add_two_ints: for 10 + 10 = 20
[INFO] [1733973464.041019425] [minimal_client_async]: Result of add_two_ints: for 10 + 10 = 20
[INFO] [1733973464.292755741] [minimal_client_async]: Result of add_two_ints: for 10 + 10 = 20
[INFO] [1733973464.544521641] [minimal_client_async]: Result of add_two_ints: for 10 + 10 = 20
[INFO] [1733973464.796251646] [minimal_client_async]: Result of add_two_ints: for 10 + 10 = 20
[INFO] [1733973465.048205148] [minimal_client_async]: Result of add_two_ints: for 10 + 10 = 20
[INFO] [1733973465.299844274] [minimal_client_async]: Result of add_two_ints: for 10 + 10 = 20
[INFO] [1733973465.551647377] [minimal_client_async]: Result of add_two_ints: for 10 + 10 = 20
[INFO] [1733973465.803367316] [minimal_client_async]: Result of add_two_ints: for 10 + 10 = 20
[INFO] [1733973466.055163119] [minimal_client_async]: Result of add_two_ints: for 10 + 10 = 20
[INFO] [1733973466.306691588] [minimal_client_async]: Result of add_two_ints: for 10 + 10 = 20
[INFO] [1733973466.558415365] [minimal_client_async]: Result of add_two_ints: for 10 + 10 = 20
[INFO] [1733973466.810115373] [minimal_client_async]: Result of add_two_ints: for 10 + 10 = 20
[INFO] [1733973467.061608210] [minimal_client_async]: Result of add_two_ints: for 10 + 10 = 20
[INFO] [1733973467.313357259] [minimal_client_async]: Result of add_two_ints: for 10 + 10 = 20
[INFO] [1733973467.565069823] [minimal_client_async]: Result of add_two_ints: for 10 + 10 = 20
[INFO] [1733973467.816431094] [minimal_client_async]: Result of add_two_ints: for 10 + 10 = 20
[INFO] [1733973468.068167576] [minimal_client_async]: Result of add_two_ints: for 10 + 10 = 20
[INFO] [1733973468.319944646] [minimal_client_async]: Result of add_two_ints: for 10 + 10 = 20
[INFO] [1733973468.571742052] [minimal_client_async]: Result of add_two_ints: for 10 + 10 = 20
[INFO] [1733973468.822899444] [minimal_client_async]: Result of add_two_ints: for 10 + 10 = 20
[INFO] [1733973469.074454010] [minimal_client_async]: Result of add_two_ints: for 10 + 10 = 20
[INFO] [1733973469.325736476] [minimal_client_async]: Result of add_two_ints: for 10 + 10 = 20
[INFO] [1733973469.577339299] [minimal_client_async]: Result of add_two_ints: for 10 + 10 = 20
[INFO] [1733973469.828967842] [minimal_client_async]: Result of add_two_ints: for 10 + 10 = 20
[INFO] [1733973470.081080974] [minimal_client_async]: Result of add_two_ints: for 10 + 10 = 20
[INFO] [1733973470.332169838] [minimal_client_async]: Result of add_two_ints: for 10 + 10 = 20
[INFO] [1733973475.113103321] [minimal_client_async]: Result of add_two_ints: for 10 + 10 = 20
[INFO] [1733973475.364374927] [minimal_client_async]: Result of add_two_ints: for 10 + 10 = 20
[INFO] [1733973475.616082826] [minimal_client_async]: Result of add_two_ints: for 10 + 10 = 20
[INFO] [1733973475.867700275] [minimal_client_async]: Result of add_two_ints: for 10 + 10 = 20
[INFO] [1733973476.119080210] [minimal_client_async]: Result of add_two_ints: for 10 + 10 = 20
[INFO] [1733973476.370824893] [minimal_client_async]: Result of add_two_ints: for 10 + 10 = 20
[INFO] [1733973476.622317053] [minimal_client_async]: Result of add_two_ints: for 10 + 10 = 20
[INFO] [1733973476.873638784] [minimal_client_async]: Result of add_two_ints: for 10 + 10 = 20
[INFO] [1733973477.125071049] [minimal_client_async]: Result of add_two_ints: for 10 + 10 = 20
[INFO] [1733973477.376871668] [minimal_client_async]: Result of add_two_ints: for 10 + 10 = 20
[INFO] [1733973477.628559921] [minimal_client_async]: Result of add_two_ints: for 10 + 10 = 20
[INFO] [1733973477.880025125] [minimal_client_async]: Result of add_two_ints: for 10 + 10 = 20
[INFO] [1733973478.131571968] [minimal_client_async]: Result of add_two_ints: for 10 + 10 = 20
[INFO] [1733973478.383277221] [minimal_client_async]: Result of add_two_ints: for 10 + 10 = 20
[INFO] [1733973478.634738129] [minimal_client_async]: Result of add_two_ints: for 10 + 10 = 20
[INFO] [1733973478.886109616] [minimal_client_async]: Result of add_two_ints: for 10 + 10 = 20
[INFO] [1733973479.137651637] [minimal_client_async]: Result of add_two_ints: for 10 + 10 = 20
[INFO] [1733973479.389042090] [minimal_client_async]: Result of add_two_ints: for 10 + 10 = 20
[INFO] [1733973479.640663095] [minimal_client_async]: Result of add_two_ints: for 10 + 10 = 20
[INFO] [1733973479.892273782] [minimal_client_async]: Result of add_two_ints: for 10 + 10 = 20
[INFO] [1733973480.143753908] [minimal_client_async]: Result of add_two_ints: for 10 + 10 = 20
[INFO] [1733973480.394709048] [minimal_client_async]: Result of add_two_ints: for 10 + 10 = 20
[INFO] [1733973480.646227446] [minimal_client_async]: Result of add_two_ints: for 10 + 10 = 20
[INFO] [1733973480.897723741] [minimal_client_async]: Result of add_two_ints: for 10 + 10 = 20
[INFO] [1733973481.149542707] [minimal_client_async]: Result of add_two_ints: for 10 + 10 = 20
[INFO] [1733973481.401118207] [minimal_client_async]: Result of add_two_ints: for 10 + 10 = 20
[INFO] [1733973481.652585562] [minimal_client_async]: Result of add_two_ints: for 10 + 10 = 20
[INFO] [1733973481.904091886] [minimal_client_async]: Result of add_two_ints: for 10 + 10 = 20
[INFO] [1733973482.155492508] [minimal_client_async]: Result of add_two_ints: for 10 + 10 = 20
[INFO] [1733973482.407135793] [minimal_client_async]: Result of add_two_ints: for 10 + 10 = 20
[INFO] [1733973482.658732429] [minimal_client_async]: Result of add_two_ints: for 10 + 10 = 20
[INFO] [1733973482.910127780] [minimal_client_async]: Result of add_two_ints: for 10 + 10 = 20
[INFO] [1733973483.161624240] [minimal_client_async]: Result of add_two_ints: for 10 + 10 = 20
[INFO] [1733973483.413132219] [minimal_client_async]: Result of add_two_ints: for 10 + 10 = 20
[INFO] [1733973483.664235239] [minimal_client_async]: Result of add_two_ints: for 10 + 10 = 20
[INFO] [1733973483.915294993] [minimal_client_async]: Result of add_two_ints: for 10 + 10 = 20
[INFO] [1733973484.166858753] [minimal_client_async]: Result of add_two_ints: for 10 + 10 = 20
[INFO] [1733973484.418459749] [minimal_client_async]: Result of add_two_ints: for 10 + 10 = 20
[INFO] [1733973484.670131689] [minimal_client_async]: Result of add_two_ints: for 10 + 10 = 20
[INFO] [1733973484.921679564] [minimal_client_async]: Result of add_two_ints: for 10 + 10 = 20
[INFO] [1733973485.172909395] [minimal_client_async]: Result of add_two_ints: for 10 + 10 = 20
[INFO] [1733973485.424610455] [minimal_client_async]: Result of add_two_ints: for 10 + 10 = 20
[INFO] [1733973485.676563303] [minimal_client_async]: Result of add_two_ints: for 10 + 10 = 20
[INFO] [1733973485.928237206] [minimal_client_async]: Result of add_two_ints: for 10 + 10 = 20
[INFO] [1733973486.179920651] [minimal_client_async]: Result of add_two_ints: for 10 + 10 = 20
[INFO] [1733973486.431165429] [minimal_client_async]: Result of add_two_ints: for 10 + 10 = 20
[INFO] [1733973486.682390833] [minimal_client_async]: Result of add_two_ints: for 10 + 10 = 20
[INFO] [1733973486.933647712] [minimal_client_async]: Result of add_two_ints: for 10 + 10 = 20
[INFO] [1733973487.185502174] [minimal_client_async]: Result of add_two_ints: for 10 + 10 = 20
[INFO] [1733973487.436941302] [minimal_client_async]: Result of add_two_ints: for 10 + 10 = 20
[INFO] [1733973487.688234783] [minimal_client_async]: Result of add_two_ints: for 10 + 10 = 20
[INFO] [1733973487.939032246] [minimal_client_async]: Result of add_two_ints: for 10 + 10 = 20
[INFO] [1733973488.190419724] [minimal_client_async]: Result of add_two_ints: for 10 + 10 = 20
[INFO] [1733973488.442299946] [minimal_client_async]: Result of add_two_ints: for 10 + 10 = 20
[INFO] [1733973488.693881033] [minimal_client_async]: Result of add_two_ints: for 10 + 10 = 20
[INFO] [1733973488.945616580] [minimal_client_async]: Result of add_two_ints: for 10 + 10 = 20
[INFO] [1733973489.197406676] [minimal_client_async]: Result of add_two_ints: for 10 + 10 = 20
[INFO] [1733973489.448926704] [minimal_client_async]: Result of add_two_ints: for 10 + 10 = 20
[INFO] [1733973489.700584253] [minimal_client_async]: Result of add_two_ints: for 10 + 10 = 20
[INFO] [1733973489.952397280] [minimal_client_async]: Result of add_two_ints: for 10 + 10 = 20
[INFO] [1733973490.204251919] [minimal_client_async]: Result of add_two_ints: for 10 + 10 = 20
[INFO] [1733973490.456097152] [minimal_client_async]: Result of add_two_ints: for 10 + 10 = 20
[INFO] [1733973490.707472637] [minimal_client_async]: Result of add_two_ints: for 10 + 10 = 20
[INFO] [1733973490.959317323] [minimal_client_async]: Result of add_two_ints: for 10 + 10 = 20
[INFO] [1733973491.210902555] [minimal_client_async]: Result of add_two_ints: for 10 + 10 = 20
[INFO] [1733973491.462315118] [minimal_client_async]: Result of add_two_ints: for 10 + 10 = 20
[INFO] [1733973491.713894765] [minimal_client_async]: Result of add_two_ints: for 10 + 10 = 20
[INFO] [1733973491.965555471] [minimal_client_async]: Result of add_two_ints: for 10 + 10 = 20
[INFO] [1733973492.217369714] [minimal_client_async]: Result of add_two_ints: for 10 + 10 = 20
[INFO] [1733973492.469317383] [minimal_client_async]: Result of add_two_ints: for 10 + 10 = 20
[INFO] [1733973492.720994557] [minimal_client_async]: Result of add_two_ints: for 10 + 10 = 20
[INFO] [1733973492.972878682] [minimal_client_async]: Result of add_two_ints: for 10 + 10 = 20
[INFO] [1733973493.224443395] [minimal_client_async]: Result of add_two_ints: for 10 + 10 = 20
[INFO] [1733973493.476120034] [minimal_client_async]: Result of add_two_ints: for 10 + 10 = 20
[INFO] [1733973493.727507502] [minimal_client_async]: Result of add_two_ints: for 10 + 10 = 20
[INFO] [1733973493.979285371] [minimal_client_async]: Result of add_two_ints: for 10 + 10 = 20
[INFO] [1733973494.230867693] [minimal_client_async]: Result of add_two_ints: for 10 + 10 = 20
[INFO] [1733973494.482332607] [minimal_client_async]: Result of add_two_ints: for 10 + 10 = 20
[INFO] [1733973494.734209109] [minimal_client_async]: Result of add_two_ints: for 10 + 10 = 20
[INFO] [1733973494.985855691] [minimal_client_async]: Result of add_two_ints: for 10 + 10 = 20
[INFO] [1733973495.236801894] [minimal_client_async]: Result of add_two_ints: for 10 + 10 = 20
[INFO] [1733973495.488321598] [minimal_client_async]: Result of add_two_ints: for 10 + 10 = 20
[INFO] [1733973495.739929393] [minimal_client_async]: Result of add_two_ints: for 10 + 10 = 20
[INFO] [1733973495.991287864] [minimal_client_async]: Result of add_two_ints: for 10 + 10 = 20
[INFO] [1733973496.243028489] [minimal_client_async]: Result of add_two_ints: for 10 + 10 = 20
[INFO] [1733973496.494829176] [minimal_client_async]: Result of add_two_ints: for 10 + 10 = 20
[INFO] [1733973496.746384005] [minimal_client_async]: Result of add_two_ints: for 10 + 10 = 20
[INFO] [1733973496.997934472] [minimal_client_async]: Result of add_two_ints: for 10 + 10 = 20
[INFO] [1733973497.249093023] [minimal_client_async]: Result of add_two_ints: for 10 + 10 = 20
[INFO] [1733973497.500787108] [minimal_client_async]: Result of add_two_ints: for 10 + 10 = 20
[INFO] [1733973497.752243628] [minimal_client_async]: Result of add_two_ints: for 10 + 10 = 20
[INFO] [1733973498.004102422] [minimal_client_async]: Result of add_two_ints: for 10 + 10 = 20
[INFO] [1733973498.255730228] [minimal_client_async]: Result of add_two_ints: for 10 + 10 = 20
[INFO] [1733973498.507458090] [minimal_client_async]: Result of add_two_ints: for 10 + 10 = 20
[INFO] [1733973498.759346371] [minimal_client_async]: Result of add_two_ints: for 10 + 10 = 20
[INFO] [1733973499.011155430] [minimal_client_async]: Result of add_two_ints: for 10 + 10 = 20
[INFO] [1733973499.262657564] [minimal_client_async]: Result of add_two_ints: for 10 + 10 = 20
[INFO] [1733973499.513895206] [minimal_client_async]: Result of add_two_ints: for 10 + 10 = 20
[INFO] [1733973499.765672041] [minimal_client_async]: Result of add_two_ints: for 10 + 10 = 20
[INFO] [1733973500.017107758] [minimal_client_async]: Result of add_two_ints: for 10 + 10 = 20
[INFO] [1733973500.268870062] [minimal_client_async]: Result of add_two_ints: for 10 + 10 = 20
[INFO] [1733973500.520665005] [minimal_client_async]: Result of add_two_ints: for 10 + 10 = 20
[INFO] [1733973500.772266547] [minimal_client_async]: Result of add_two_ints: for 10 + 10 = 20
[INFO] [1733973501.024225643] [minimal_client_async]: Result of add_two_ints: for 10 + 10 = 20
[INFO] [1733973501.275721105] [minimal_client_async]: Result of add_two_ints: for 10 + 10 = 20
[INFO] [1733973501.527401957] [minimal_client_async]: Result of add_two_ints: for 10 + 10 = 20
[INFO] [1733973501.778808933] [minimal_client_async]: Result of add_two_ints: for 10 + 10 = 20
[INFO] [1733973502.030581142] [minimal_client_async]: Result of add_two_ints: for 10 + 10 = 20
[INFO] [1733973502.281888745] [minimal_client_async]: Result of add_two_ints: for 10 + 10 = 20
[INFO] [1733973502.533572044] [minimal_client_async]: Result of add_two_ints: for 10 + 10 = 20
[INFO] [1733973502.785681550] [minimal_client_async]: Result of add_two_ints: for 10 + 10 = 20
[INFO] [1733973503.037258901] [minimal_client_async]: Result of add_two_ints: for 10 + 10 = 20
[INFO] [1733973503.288979385] [minimal_client_async]: Result of add_two_ints: for 10 + 10 = 20
[INFO] [1733973503.540715349] [minimal_client_async]: Result of add_two_ints: for 10 + 10 = 20
[INFO] [1733973503.792524898] [minimal_client_async]: Result of add_two_ints: for 10 + 10 = 20
[INFO] [1733973504.044245498] [minimal_client_async]: Result of add_two_ints: for 10 + 10 = 20
[INFO] [1733973504.295895399] [minimal_client_async]: Result of add_two_ints: for 10 + 10 = 20
[INFO] [1733973504.547500930] [minimal_client_async]: Result of add_two_ints: for 10 + 10 = 20
[INFO] [1733973504.799025667] [minimal_client_async]: Result of add_two_ints: for 10 + 10 = 20
[INFO] [1733973505.050576679] [minimal_client_async]: Result of add_two_ints: for 10 + 10 = 20
[INFO] [1733973505.302146983] [minimal_client_async]: Result of add_two_ints: for 10 + 10 = 20
[INFO] [1733973505.553621935] [minimal_client_async]: Result of add_two_ints: for 10 + 10 = 20
[INFO] [1733973505.805447464] [minimal_client_async]: Result of add_two_ints: for 10 + 10 = 20
[INFO] [1733973506.057271760] [minimal_client_async]: Result of add_two_ints: for 10 + 10 = 20
[INFO] [1733973506.309080577] [minimal_client_async]: Result of add_two_ints: for 10 + 10 = 20
[INFO] [1733973506.560868854] [minimal_client_async]: Result of add_two_ints: for 10 + 10 = 20
[INFO] [1733973506.812562487] [minimal_client_async]: Result of add_two_ints: for 10 + 10 = 20
[INFO] [1733973507.064310274] [minimal_client_async]: Result of add_two_ints: for 10 + 10 = 20
[INFO] [1733973507.316304668] [minimal_client_async]: Result of add_two_ints: for 10 + 10 = 20
[INFO] [1733973507.567751603] [minimal_client_async]: Result of add_two_ints: for 10 + 10 = 20
[INFO] [1733973507.819643328] [minimal_client_async]: Result of add_two_ints: for 10 + 10 = 20
[INFO] [1733973508.071193577] [minimal_client_async]: Result of add_two_ints: for 10 + 10 = 20
[INFO] [1733973508.322902410] [minimal_client_async]: Result of add_two_ints: for 10 + 10 = 20
[INFO] [1733973508.574102751] [minimal_client_async]: Result of add_two_ints: for 10 + 10 = 20
[INFO] [1733973508.825947542] [minimal_client_async]: Result of add_two_ints: for 10 + 10 = 20
[INFO] [1733973509.077432863] [minimal_client_async]: Result of add_two_ints: for 10 + 10 = 20
[INFO] [1733973509.328857977] [minimal_client_async]: Result of add_two_ints: for 10 + 10 = 20
[INFO] [1733973509.580577893] [minimal_client_async]: Result of add_two_ints: for 10 + 10 = 20
[INFO] [1733973509.832446837] [minimal_client_async]: Result of add_two_ints: for 10 + 10 = 20
[INFO] [1733973514.363162456] [minimal_client_async]: Result of add_two_ints: for 10 + 10 = 20
[INFO] [1733973514.614799732] [minimal_client_async]: Result of add_two_ints: for 10 + 10 = 20
[INFO] [1733973514.866047329] [minimal_client_async]: Result of add_two_ints: for 10 + 10 = 20
[INFO] [1733973515.117623019] [minimal_client_async]: Result of add_two_ints: for 10 + 10 = 20
[INFO] [1733973515.369015805] [minimal_client_async]: Result of add_two_ints: for 10 + 10 = 20
[INFO] [1733973515.620738260] [minimal_client_async]: Result of add_two_ints: for 10 + 10 = 20
[INFO] [1733973515.872149417] [minimal_client_async]: Result of add_two_ints: for 10 + 10 = 20
[INFO] [1733973516.124081410] [minimal_client_async]: Result of add_two_ints: for 10 + 10 = 20
[INFO] [1733973516.375872304] [minimal_client_async]: Result of add_two_ints: for 10 + 10 = 20
[INFO] [1733973516.627493151] [minimal_client_async]: Result of add_two_ints: for 10 + 10 = 20
[INFO] [1733973516.879428656] [minimal_client_async]: Result of add_two_ints: for 10 + 10 = 20
[INFO] [1733973517.131114977] [minimal_client_async]: Result of add_two_ints: for 10 + 10 = 20
[INFO] [1733973517.382950179] [minimal_client_async]: Result of add_two_ints: for 10 + 10 = 20
[INFO] [1733973517.634596104] [minimal_client_async]: Result of add_two_ints: for 10 + 10 = 20
[INFO] [1733973517.886357893] [minimal_client_async]: Result of add_two_ints: for 10 + 10 = 20
[INFO] [1733973518.137732816] [minimal_client_async]: Result of add_two_ints: for 10 + 10 = 20
[INFO] [1733973518.389369171] [minimal_client_async]: Result of add_two_ints: for 10 + 10 = 20
[INFO] [1733973518.641123214] [minimal_client_async]: Result of add_two_ints: for 10 + 10 = 20
[INFO] [1733973518.893043570] [minimal_client_async]: Result of add_two_ints: for 10 + 10 = 20
[INFO] [1733973519.144934993] [minimal_client_async]: Result of add_two_ints: for 10 + 10 = 20
[INFO] [1733973519.396662892] [minimal_client_async]: Result of add_two_ints: for 10 + 10 = 20
[INFO] [1733973519.648547711] [minimal_client_async]: Result of add_two_ints: for 10 + 10 = 20
[INFO] [1733973519.900549212] [minimal_client_async]: Result of add_two_ints: for 10 + 10 = 20
[INFO] [1733973520.152271271] [minimal_client_async]: Result of add_two_ints: for 10 + 10 = 20
[INFO] [1733973520.403570681] [minimal_client_async]: Result of add_two_ints: for 10 + 10 = 20
[INFO] [1733973520.655196929] [minimal_client_async]: Result of add_two_ints: for 10 + 10 = 20
[INFO] [1733973520.906861402] [minimal_client_async]: Result of add_two_ints: for 10 + 10 = 20
[INFO] [1733973521.158412032] [minimal_client_async]: Result of add_two_ints: for 10 + 10 = 20
[INFO] [1733973521.409711744] [minimal_client_async]: Result of add_two_ints: for 10 + 10 = 20
[INFO] [1733973521.661205877] [minimal_client_async]: Result of add_two_ints: for 10 + 10 = 20
[INFO] [1733973521.913107730] [minimal_client_async]: Result of add_two_ints: for 10 + 10 = 20
[INFO] [1733973522.164628506] [minimal_client_async]: Result of add_two_ints: for 10 + 10 = 20
[INFO] [1733973522.416361773] [minimal_client_async]: Result of add_two_ints: for 10 + 10 = 20
[INFO] [1733973522.667918196] [minimal_client_async]: Result of add_two_ints: for 10 + 10 = 20
[INFO] [1733973522.919579371] [minimal_client_async]: Result of add_two_ints: for 10 + 10 = 20
[INFO] [1733973523.170911245] [minimal_client_async]: Result of add_two_ints: for 10 + 10 = 20
[INFO] [1733973523.422547208] [minimal_client_async]: Result of add_two_ints: for 10 + 10 = 20
[INFO] [1733973523.674373507] [minimal_client_async]: Result of add_two_ints: for 10 + 10 = 20
[INFO] [1733973523.925993114] [minimal_client_async]: Result of add_two_ints: for 10 + 10 = 20
[INFO] [1733973524.177585950] [minimal_client_async]: Result of add_two_ints: for 10 + 10 = 20
[INFO] [1733973524.429194507] [minimal_client_async]: Result of add_two_ints: for 10 + 10 = 20
[INFO] [1733973524.680953043] [minimal_client_async]: Result of add_two_ints: for 10 + 10 = 20
[INFO] [1733973524.932479237] [minimal_client_async]: Result of add_two_ints: for 10 + 10 = 20
[INFO] [1733973525.184204860] [minimal_client_async]: Result of add_two_ints: for 10 + 10 = 20
[INFO] [1733973525.435980139] [minimal_client_async]: Result of add_two_ints: for 10 + 10 = 20
[INFO] [1733973525.687447028] [minimal_client_async]: Result of add_two_ints: for 10 + 10 = 20
[INFO] [1733973525.939146721] [minimal_client_async]: Result of add_two_ints: for 10 + 10 = 20
[INFO] [1733973526.190802924] [minimal_client_async]: Result of add_two_ints: for 10 + 10 = 20
[INFO] [1733973526.442235779] [minimal_client_async]: Result of add_two_ints: for 10 + 10 = 20
[INFO] [1733973526.693298868] [minimal_client_async]: Result of add_two_ints: for 10 + 10 = 20
[INFO] [1733973526.945124511] [minimal_client_async]: Result of add_two_ints: for 10 + 10 = 20
[INFO] [1733973527.196573145] [minimal_client_async]: Result of add_two_ints: for 10 + 10 = 20
[INFO] [1733973527.448040027] [minimal_client_async]: Result of add_two_ints: for 10 + 10 = 20
[INFO] [1733973527.699708856] [minimal_client_async]: Result of add_two_ints: for 10 + 10 = 20
[INFO] [1733973527.951163203] [minimal_client_async]: Result of add_two_ints: for 10 + 10 = 20
[INFO] [1733973528.202773606] [minimal_client_async]: Result of add_two_ints: for 10 + 10 = 20
[INFO] [1733973528.454249196] [minimal_client_async]: Result of add_two_ints: for 10 + 10 = 20
[INFO] [1733973528.705613888] [minimal_client_async]: Result of add_two_ints: for 10 + 10 = 20
[INFO] [1733973528.957382887] [minimal_client_async]: Result of add_two_ints: for 10 + 10 = 20
[INFO] [1733973529.208819853] [minimal_client_async]: Result of add_two_ints: for 10 + 10 = 20
[INFO] [1733973529.460196665] [minimal_client_async]: Result of add_two_ints: for 10 + 10 = 20
[INFO] [1733973529.711394324] [minimal_client_async]: Result of add_two_ints: for 10 + 10 = 20
[INFO] [1733973529.963411954] [minimal_client_async]: Result of add_two_ints: for 10 + 10 = 20
[INFO] [1733973530.215072575] [minimal_client_async]: Result of add_two_ints: for 10 + 10 = 20
[INFO] [1733973530.466987205] [minimal_client_async]: Result of add_two_ints: for 10 + 10 = 20
[INFO] [1733973530.718495760] [minimal_client_async]: Result of add_two_ints: for 10 + 10 = 20
[INFO] [1733973530.969605252] [minimal_client_async]: Result of add_two_ints: for 10 + 10 = 20
[INFO] [1733973531.221066441] [minimal_client_async]: Result of add_two_ints: for 10 + 10 = 20
[INFO] [1733973531.472713822] [minimal_client_async]: Result of add_two_ints: for 10 + 10 = 20
[INFO] [1733973531.724115894] [minimal_client_async]: Result of add_two_ints: for 10 + 10 = 20
[INFO] [1733973531.975939317] [minimal_client_async]: Result of add_two_ints: for 10 + 10 = 20
[INFO] [1733973532.227889577] [minimal_client_async]: Result of add_two_ints: for 10 + 10 = 20
[INFO] [1733973532.479478199] [minimal_client_async]: Result of add_two_ints: for 10 + 10 = 20
[INFO] [1733973532.731085867] [minimal_client_async]: Result of add_two_ints: for 10 + 10 = 20
[INFO] [1733973532.982726953] [minimal_client_async]: Result of add_two_ints: for 10 + 10 = 20
[INFO] [1733973533.234224110] [minimal_client_async]: Result of add_two_ints: for 10 + 10 = 20
[INFO] [1733973533.485568752] [minimal_client_async]: Result of add_two_ints: for 10 + 10 = 20
[INFO] [1733973533.737324679] [minimal_client_async]: Result of add_two_ints: for 10 + 10 = 20
[INFO] [1733973533.989119427] [minimal_client_async]: Result of add_two_ints: for 10 + 10 = 20
[INFO] [1733973534.240391139] [minimal_client_async]: Result of add_two_ints: for 10 + 10 = 20
[INFO] [1733973534.492242311] [minimal_client_async]: Result of add_two_ints: for 10 + 10 = 20
[INFO] [1733973534.743711563] [minimal_client_async]: Result of add_two_ints: for 10 + 10 = 20
[INFO] [1733973534.995381120] [minimal_client_async]: Result of add_two_ints: for 10 + 10 = 20
[INFO] [1733973535.246964543] [minimal_client_async]: Result of add_two_ints: for 10 + 10 = 20
[INFO] [1733973535.498313018] [minimal_client_async]: Result of add_two_ints: for 10 + 10 = 20
[INFO] [1733973535.749249433] [minimal_client_async]: Result of add_two_ints: for 10 + 10 = 20
[INFO] [1733973536.001111489] [minimal_client_async]: Result of add_two_ints: for 10 + 10 = 20
[INFO] [1733973536.252988658] [minimal_client_async]: Result of add_two_ints: for 10 + 10 = 20
[INFO] [1733973536.504769765] [minimal_client_async]: Result of add_two_ints: for 10 + 10 = 20
[INFO] [1733973536.756585528] [minimal_client_async]: Result of add_two_ints: for 10 + 10 = 20
[INFO] [1733973537.008556252] [minimal_client_async]: Result of add_two_ints: for 10 + 10 = 20
[INFO] [1733973537.260482551] [minimal_client_async]: Result of add_two_ints: for 10 + 10 = 20
[INFO] [1733973537.512371577] [minimal_client_async]: Result of add_two_ints: for 10 + 10 = 20
[INFO] [1733973537.764026422] [minimal_client_async]: Result of add_two_ints: for 10 + 10 = 20
[INFO] [1733973538.015225630] [minimal_client_async]: Result of add_two_ints: for 10 + 10 = 20
[INFO] [1733973538.266727575] [minimal_client_async]: Result of add_two_ints: for 10 + 10 = 20
[INFO] [1733973538.518552490] [minimal_client_async]: Result of add_two_ints: for 10 + 10 = 20
[INFO] [1733973538.770168860] [minimal_client_async]: Result of add_two_ints: for 10 + 10 = 20
[INFO] [1733973539.021646488] [minimal_client_async]: Result of add_two_ints: for 10 + 10 = 20
[INFO] [1733973539.273482284] [minimal_client_async]: Result of add_two_ints: for 10 + 10 = 20
[INFO] [1733973539.524975197] [minimal_client_async]: Result of add_two_ints: for 10 + 10 = 20
[INFO] [1733973539.776846308] [minimal_client_async]: Result of add_two_ints: for 10 + 10 = 20
[INFO] [1733973540.028544090] [minimal_client_async]: Result of add_two_ints: for 10 + 10 = 20
[INFO] [1733973540.279917314] [minimal_client_async]: Result of add_two_ints: for 10 + 10 = 20
[INFO] [1733973540.531252465] [minimal_client_async]: Result of add_two_ints: for 10 + 10 = 20
[INFO] [1733973540.782460733] [minimal_client_async]: Result of add_two_ints: for 10 + 10 = 20
[INFO] [1733973541.033979164] [minimal_client_async]: Result of add_two_ints: for 10 + 10 = 20
[INFO] [1733973541.285560595] [minimal_client_async]: Result of add_two_ints: for 10 + 10 = 20
[INFO] [1733973541.536867018] [minimal_client_async]: Result of add_two_ints: for 10 + 10 = 20
[INFO] [1733973541.788578439] [minimal_client_async]: Result of add_two_ints: for 10 + 10 = 20
[INFO] [1733973542.039796005] [minimal_client_async]: Result of add_two_ints: for 10 + 10 = 20
[INFO] [1733973542.291442277] [minimal_client_async]: Result of add_two_ints: for 10 + 10 = 20
[INFO] [1733973542.543012516] [minimal_client_async]: Result of add_two_ints: for 10 + 10 = 20
[INFO] [1733973542.794146869] [minimal_client_async]: Result of add_two_ints: for 10 + 10 = 20
[INFO] [1733973543.045481192] [minimal_client_async]: Result of add_two_ints: for 10 + 10 = 20
[INFO] [1733973543.296584293] [minimal_client_async]: Result of add_two_ints: for 10 + 10 = 20
[INFO] [1733973543.547936707] [minimal_client_async]: Result of add_two_ints: for 10 + 10 = 20
[INFO] [1733973543.799342997] [minimal_client_async]: Result of add_two_ints: for 10 + 10 = 20
[INFO] [1733973544.051043154] [minimal_client_async]: Result of add_two_ints: for 10 + 10 = 20
[INFO] [1733973544.302825374] [minimal_client_async]: Result of add_two_ints: for 10 + 10 = 20
[INFO] [1733973544.554425294] [minimal_client_async]: Result of add_two_ints: for 10 + 10 = 20
[INFO] [1733973544.805731775] [minimal_client_async]: Result of add_two_ints: for 10 + 10 = 20
[INFO] [1733973545.057680148] [minimal_client_async]: Result of add_two_ints: for 10 + 10 = 20
[INFO] [1733973545.309517287] [minimal_client_async]: Result of add_two_ints: for 10 + 10 = 20
[INFO] [1733973545.561141033] [minimal_client_async]: Result of add_two_ints: for 10 + 10 = 20
[INFO] [1733973545.812389370] [minimal_client_async]: Result of add_two_ints: for 10 + 10 = 20
[INFO] [1733973546.064111772] [minimal_client_async]: Result of add_two_ints: for 10 + 10 = 20
[INFO] [1733973546.315772185] [minimal_client_async]: Result of add_two_ints: for 10 + 10 = 20
[INFO] [1733973546.567033761] [minimal_client_async]: Result of add_two_ints: for 10 + 10 = 20
[INFO] [1733973546.818520061] [minimal_client_async]: Result of add_two_ints: for 10 + 10 = 20
[INFO] [1733973547.070240705] [minimal_client_async]: Result of add_two_ints: for 10 + 10 = 20
[INFO] [1733973547.321488190] [minimal_client_async]: Result of add_two_ints: for 10 + 10 = 20
[INFO] [1733973547.573196861] [minimal_client_async]: Result of add_two_ints: for 10 + 10 = 20
[INFO] [1733973547.824976061] [minimal_client_async]: Result of add_two_ints: for 10 + 10 = 20
[INFO] [1733973548.076641450] [minimal_client_async]: Result of add_two_ints: for 10 + 10 = 20
[INFO] [1733973548.327605244] [minimal_client_async]: Result of add_two_ints: for 10 + 10 = 20
[INFO] [1733973548.578872226] [minimal_client_async]: Result of add_two_ints: for 10 + 10 = 20
[INFO] [1733973548.830169221] [minimal_client_async]: Result of add_two_ints: for 10 + 10 = 20
[INFO] [1733973549.082131470] [minimal_client_async]: Result of add_two_ints: for 10 + 10 = 20
[INFO] [1733973554.113901529] [minimal_client_async]: Result of add_two_ints: for 10 + 10 = 20
[INFO] [1733973554.365623421] [minimal_client_async]: Result of add_two_ints: for 10 + 10 = 20
[INFO] [1733973554.617393499] [minimal_client_async]: Result of add_two_ints: for 10 + 10 = 20
[INFO] [1733973554.869451735] [minimal_client_async]: Result of add_two_ints: for 10 + 10 = 20
[INFO] [1733973555.120870383] [minimal_client_async]: Result of add_two_ints: for 10 + 10 = 20
[INFO] [1733973555.372782242] [minimal_client_async]: Result of add_two_ints: for 10 + 10 = 20
[INFO] [1733973555.624479171] [minimal_client_async]: Result of add_two_ints: for 10 + 10 = 20
[INFO] [1733973555.875906648] [minimal_client_async]: Result of add_two_ints: for 10 + 10 = 20
[INFO] [1733973556.127460704] [minimal_client_async]: Result of add_two_ints: for 10 + 10 = 20
[INFO] [1733973556.379067475] [minimal_client_async]: Result of add_two_ints: for 10 + 10 = 20
[INFO] [1733973556.630543762] [minimal_client_async]: Result of add_two_ints: for 10 + 10 = 20
[INFO] [1733973556.882085600] [minimal_client_async]: Result of add_two_ints: for 10 + 10 = 20
[INFO] [1733973557.133514094] [minimal_client_async]: Result of add_two_ints: for 10 + 10 = 20
[INFO] [1733973557.385385151] [minimal_client_async]: Result of add_two_ints: for 10 + 10 = 20
[INFO] [1733973557.637158916] [minimal_client_async]: Result of add_two_ints: for 10 + 10 = 20
[INFO] [1733973557.888581881] [minimal_client_async]: Result of add_two_ints: for 10 + 10 = 20
[INFO] [1733973558.140289472] [minimal_client_async]: Result of add_two_ints: for 10 + 10 = 20
[INFO] [1733973558.391435854] [minimal_client_async]: Result of add_two_ints: for 10 + 10 = 20
[INFO] [1733973558.643025361] [minimal_client_async]: Result of add_two_ints: for 10 + 10 = 20
[INFO] [1733973558.894523475] [minimal_client_async]: Result of add_two_ints: for 10 + 10 = 20
[INFO] [1733973559.146072333] [minimal_client_async]: Result of add_two_ints: for 10 + 10 = 20
[INFO] [1733973559.397533271] [minimal_client_async]: Result of add_two_ints: for 10 + 10 = 20
[INFO] [1733973559.649129905] [minimal_client_async]: Result of add_two_ints: for 10 + 10 = 20
[INFO] [1733973559.900626421] [minimal_client_async]: Result of add_two_ints: for 10 + 10 = 20
[INFO] [1733973560.152308475] [minimal_client_async]: Result of add_two_ints: for 10 + 10 = 20
[INFO] [1733973560.404128666] [minimal_client_async]: Result of add_two_ints: for 10 + 10 = 20
[INFO] [1733973560.655898505] [minimal_client_async]: Result of add_two_ints: for 10 + 10 = 20
[INFO] [1733973560.907780148] [minimal_client_async]: Result of add_two_ints: for 10 + 10 = 20
[INFO] [1733973561.159563067] [minimal_client_async]: Result of add_two_ints: for 10 + 10 = 20
[INFO] [1733973561.411302682] [minimal_client_async]: Result of add_two_ints: for 10 + 10 = 20
[INFO] [1733973561.662851097] [minimal_client_async]: Result of add_two_ints: for 10 + 10 = 20
[INFO] [1733973561.914416138] [minimal_client_async]: Result of add_two_ints: for 10 + 10 = 20
[INFO] [1733973562.165958139] [minimal_client_async]: Result of add_two_ints: for 10 + 10 = 20
[INFO] [1733973562.417550005] [minimal_client_async]: Result of add_two_ints: for 10 + 10 = 20
[INFO] [1733973562.669378719] [minimal_client_async]: Result of add_two_ints: for 10 + 10 = 20
[INFO] [1733973562.921228634] [minimal_client_async]: Result of add_two_ints: for 10 + 10 = 20
[INFO] [1733973563.172915129] [minimal_client_async]: Result of add_two_ints: for 10 + 10 = 20
[INFO] [1733973563.424579849] [minimal_client_async]: Result of add_two_ints: for 10 + 10 = 20
[INFO] [1733973563.676292009] [minimal_client_async]: Result of add_two_ints: for 10 + 10 = 20
[INFO] [1733973563.928124820] [minimal_client_async]: Result of add_two_ints: for 10 + 10 = 20
[INFO] [1733973564.179486096] [minimal_client_async]: Result of add_two_ints: for 10 + 10 = 20
[INFO] [1733973564.431036774] [minimal_client_async]: Result of add_two_ints: for 10 + 10 = 20
[INFO] [1733973564.682648401] [minimal_client_async]: Result of add_two_ints: for 10 + 10 = 20
[INFO] [1733973564.934283904] [minimal_client_async]: Result of add_two_ints: for 10 + 10 = 20
[INFO] [1733973565.185914716] [minimal_client_async]: Result of add_two_ints: for 10 + 10 = 20
[INFO] [1733973565.437594211] [minimal_client_async]: Result of add_two_ints: for 10 + 10 = 20
[INFO] [1733973565.689029599] [minimal_client_async]: Result of add_two_ints: for 10 + 10 = 20
[INFO] [1733973565.940628057] [minimal_client_async]: Result of add_two_ints: for 10 + 10 = 20
[INFO] [1733973566.192148060] [minimal_client_async]: Result of add_two_ints: for 10 + 10 = 20
[INFO] [1733973566.443910841] [minimal_client_async]: Result of add_two_ints: for 10 + 10 = 20
[INFO] [1733973566.695521503] [minimal_client_async]: Result of add_two_ints: for 10 + 10 = 20
[INFO] [1733973566.947205224] [minimal_client_async]: Result of add_two_ints: for 10 + 10 = 20
[INFO] [1733973567.199018929] [minimal_client_async]: Result of add_two_ints: for 10 + 10 = 20
[INFO] [1733973567.450566489] [minimal_client_async]: Result of add_two_ints: for 10 + 10 = 20
[INFO] [1733973567.702406195] [minimal_client_async]: Result of add_two_ints: for 10 + 10 = 20
[INFO] [1733973567.953948312] [minimal_client_async]: Result of add_two_ints: for 10 + 10 = 20
[INFO] [1733973568.205587562] [minimal_client_async]: Result of add_two_ints: for 10 + 10 = 20
[INFO] [1733973568.457646799] [minimal_client_async]: Result of add_two_ints: for 10 + 10 = 20
[INFO] [1733973568.709529823] [minimal_client_async]: Result of add_two_ints: for 10 + 10 = 20
[INFO] [1733973568.961521253] [minimal_client_async]: Result of add_two_ints: for 10 + 10 = 20
[INFO] [1733973569.213445815] [minimal_client_async]: Result of add_two_ints: for 10 + 10 = 20
[INFO] [1733973569.465172278] [minimal_client_async]: Result of add_two_ints: for 10 + 10 = 20
[INFO] [1733973569.716945374] [minimal_client_async]: Result of add_two_ints: for 10 + 10 = 20
[INFO] [1733973569.968762341] [minimal_client_async]: Result of add_two_ints: for 10 + 10 = 20
[INFO] [1733973570.220139431] [minimal_client_async]: Result of add_two_ints: for 10 + 10 = 20
[INFO] [1733973570.471733411] [minimal_client_async]: Result of add_two_ints: for 10 + 10 = 20
[INFO] [1733973570.723661159] [minimal_client_async]: Result of add_two_ints: for 10 + 10 = 20
[INFO] [1733973570.975173105] [minimal_client_async]: Result of add_two_ints: for 10 + 10 = 20
[INFO] [1733973571.227006278] [minimal_client_async]: Result of add_two_ints: for 10 + 10 = 20
[INFO] [1733973571.478314656] [minimal_client_async]: Result of add_two_ints: for 10 + 10 = 20
[INFO] [1733973571.729637715] [minimal_client_async]: Result of add_two_ints: for 10 + 10 = 20
[INFO] [1733973571.981084009] [minimal_client_async]: Result of add_two_ints: for 10 + 10 = 20
[INFO] [1733973572.232846384] [minimal_client_async]: Result of add_two_ints: for 10 + 10 = 20
[INFO] [1733973572.483917867] [minimal_client_async]: Result of add_two_ints: for 10 + 10 = 20
[INFO] [1733973572.735609657] [minimal_client_async]: Result of add_two_ints: for 10 + 10 = 20
[INFO] [1733973572.987143120] [minimal_client_async]: Result of add_two_ints: for 10 + 10 = 20
[INFO] [1733973573.238479439] [minimal_client_async]: Result of add_two_ints: for 10 + 10 = 20
[INFO] [1733973573.490517502] [minimal_client_async]: Result of add_two_ints: for 10 + 10 = 20
[INFO] [1733973573.741762391] [minimal_client_async]: Result of add_two_ints: for 10 + 10 = 20
[INFO] [1733973573.993589395] [minimal_client_async]: Result of add_two_ints: for 10 + 10 = 20
[INFO] [1733973574.245455325] [minimal_client_async]: Result of add_two_ints: for 10 + 10 = 20
[INFO] [1733973574.497299085] [minimal_client_async]: Result of add_two_ints: for 10 + 10 = 20
[INFO] [1733973574.748596964] [minimal_client_async]: Result of add_two_ints: for 10 + 10 = 20
[INFO] [1733973575.000442877] [minimal_client_async]: Result of add_two_ints: for 10 + 10 = 20
[INFO] [1733973575.252395157] [minimal_client_async]: Result of add_two_ints: for 10 + 10 = 20
[INFO] [1733973575.504113642] [minimal_client_async]: Result of add_two_ints: for 10 + 10 = 20
[INFO] [1733973575.756070222] [minimal_client_async]: Result of add_two_ints: for 10 + 10 = 20
[INFO] [1733973576.007911065] [minimal_client_async]: Result of add_two_ints: for 10 + 10 = 20
[INFO] [1733973576.259590635] [minimal_client_async]: Result of add_two_ints: for 10 + 10 = 20
[INFO] [1733973576.510969330] [minimal_client_async]: Result of add_two_ints: for 10 + 10 = 20
[INFO] [1733973576.762482026] [minimal_client_async]: Result of add_two_ints: for 10 + 10 = 20
[INFO] [1733973577.013747654] [minimal_client_async]: Result of add_two_ints: for 10 + 10 = 20
[INFO] [1733973577.265545405] [minimal_client_async]: Result of add_two_ints: for 10 + 10 = 20
[INFO] [1733973577.517201130] [minimal_client_async]: Result of add_two_ints: for 10 + 10 = 20
[INFO] [1733973577.768852193] [minimal_client_async]: Result of add_two_ints: for 10 + 10 = 20
[INFO] [1733973578.020850185] [minimal_client_async]: Result of add_two_ints: for 10 + 10 = 20
[INFO] [1733973578.272174039] [minimal_client_async]: Result of add_two_ints: for 10 + 10 = 20
[INFO] [1733973578.524068662] [minimal_client_async]: Result of add_two_ints: for 10 + 10 = 20
[INFO] [1733973578.775514071] [minimal_client_async]: Result of add_two_ints: for 10 + 10 = 20
[INFO] [1733973579.027125753] [minimal_client_async]: Result of add_two_ints: for 10 + 10 = 20
[INFO] [1733973579.278368038] [minimal_client_async]: Result of add_two_ints: for 10 + 10 = 20
[INFO] [1733973579.529806589] [minimal_client_async]: Result of add_two_ints: for 10 + 10 = 20
[INFO] [1733973579.781822530] [minimal_client_async]: Result of add_two_ints: for 10 + 10 = 20
[INFO] [1733973580.033603507] [minimal_client_async]: Result of add_two_ints: for 10 + 10 = 20
[INFO] [1733973580.285500114] [minimal_client_async]: Result of add_two_ints: for 10 + 10 = 20
[INFO] [1733973580.537240522] [minimal_client_async]: Result of add_two_ints: for 10 + 10 = 20
[INFO] [1733973580.789166294] [minimal_client_async]: Result of add_two_ints: for 10 + 10 = 20
[INFO] [1733973581.041180226] [minimal_client_async]: Result of add_two_ints: for 10 + 10 = 20
[INFO] [1733973581.292908083] [minimal_client_async]: Result of add_two_ints: for 10 + 10 = 20
[INFO] [1733973581.544155782] [minimal_client_async]: Result of add_two_ints: for 10 + 10 = 20
[INFO] [1733973581.795730373] [minimal_client_async]: Result of add_two_ints: for 10 + 10 = 20
[INFO] [1733973582.047739004] [minimal_client_async]: Result of add_two_ints: for 10 + 10 = 20
[INFO] [1733973582.299411186] [minimal_client_async]: Result of add_two_ints: for 10 + 10 = 20
[INFO] [1733973582.551047808] [minimal_client_async]: Result of add_two_ints: for 10 + 10 = 20
[INFO] [1733973582.802600378] [minimal_client_async]: Result of add_two_ints: for 10 + 10 = 20
[INFO] [1733973583.054192409] [minimal_client_async]: Result of add_two_ints: for 10 + 10 = 20
[INFO] [1733973583.305444040] [minimal_client_async]: Result of add_two_ints: for 10 + 10 = 20
[INFO] [1733973583.557318538] [minimal_client_async]: Result of add_two_ints: for 10 + 10 = 20
[INFO] [1733973583.808752222] [minimal_client_async]: Result of add_two_ints: for 10 + 10 = 20
[INFO] [1733973584.060467235] [minimal_client_async]: Result of add_two_ints: for 10 + 10 = 20
[INFO] [1733973584.311824528] [minimal_client_async]: Result of add_two_ints: for 10 + 10 = 20
[INFO] [1733973584.563473505] [minimal_client_async]: Result of add_two_ints: for 10 + 10 = 20
[INFO] [1733973584.815377440] [minimal_client_async]: Result of add_two_ints: for 10 + 10 = 20
[INFO] [1733973585.067185163] [minimal_client_async]: Result of add_two_ints: for 10 + 10 = 20
[INFO] [1733973585.318790420] [minimal_client_async]: Result of add_two_ints: for 10 + 10 = 20
[INFO] [1733973585.570080951] [minimal_client_async]: Result of add_two_ints: for 10 + 10 = 20
[INFO] [1733973585.821598155] [minimal_client_async]: Result of add_two_ints: for 10 + 10 = 20
[INFO] [1733973586.073293630] [minimal_client_async]: Result of add_two_ints: for 10 + 10 = 20
[INFO] [1733973586.324865181] [minimal_client_async]: Result of add_two_ints: for 10 + 10 = 20
[INFO] [1733973586.576327955] [minimal_client_async]: Result of add_two_ints: for 10 + 10 = 20
[INFO] [1733973586.827916997] [minimal_client_async]: Result of add_two_ints: for 10 + 10 = 20
[INFO] [1733973587.079930483] [minimal_client_async]: Result of add_two_ints: for 10 + 10 = 20
[INFO] [1733973587.331657572] [minimal_client_async]: Result of add_two_ints: for 10 + 10 = 20
[INFO] [1733973592.363595425] [minimal_client_async]: Result of add_two_ints: for 10 + 10 = 20
[INFO] [1733973592.615288228] [minimal_client_async]: Result of add_two_ints: for 10 + 10 = 20
[INFO] [1733973592.866519162] [minimal_client_async]: Result of add_two_ints: for 10 + 10 = 20
[INFO] [1733973593.117633918] [minimal_client_async]: Result of add_two_ints: for 10 + 10 = 20
[INFO] [1733973593.369312924] [minimal_client_async]: Result of add_two_ints: for 10 + 10 = 20
[INFO] [1733973593.621159812] [minimal_client_async]: Result of add_two_ints: for 10 + 10 = 20
[INFO] [1733973593.873096228] [minimal_client_async]: Result of add_two_ints: for 10 + 10 = 20
[INFO] [1733973594.124689724] [minimal_client_async]: Result of add_two_ints: for 10 + 10 = 20
[INFO] [1733973594.376410352] [minimal_client_async]: Result of add_two_ints: for 10 + 10 = 20
[INFO] [1733973594.628193391] [minimal_client_async]: Result of add_two_ints: for 10 + 10 = 20
[INFO] [1733973594.880018319] [minimal_client_async]: Result of add_two_ints: for 10 + 10 = 20
[INFO] [1733973595.131297332] [minimal_client_async]: Result of add_two_ints: for 10 + 10 = 20
[INFO] [1733973595.382962860] [minimal_client_async]: Result of add_two_ints: for 10 + 10 = 20
[INFO] [1733973595.634927261] [minimal_client_async]: Result of add_two_ints: for 10 + 10 = 20
[INFO] [1733973595.886504805] [minimal_client_async]: Result of add_two_ints: for 10 + 10 = 20
[INFO] [1733973596.138062550] [minimal_client_async]: Result of add_two_ints: for 10 + 10 = 20
[INFO] [1733973596.389701247] [minimal_client_async]: Result of add_two_ints: for 10 + 10 = 20
[INFO] [1733973596.641463273] [minimal_client_async]: Result of add_two_ints: for 10 + 10 = 20
[INFO] [1733973596.893254490] [minimal_client_async]: Result of add_two_ints: for 10 + 10 = 20
[INFO] [1733973597.144963759] [minimal_client_async]: Result of add_two_ints: for 10 + 10 = 20
[INFO] [1733973597.396454022] [minimal_client_async]: Result of add_two_ints: for 10 + 10 = 20
[INFO] [1733973597.648150117] [minimal_client_async]: Result of add_two_ints: for 10 + 10 = 20
[INFO] [1733973597.899303561] [minimal_client_async]: Result of add_two_ints: for 10 + 10 = 20
[INFO] [1733973598.150510795] [minimal_client_async]: Result of add_two_ints: for 10 + 10 = 20
[INFO] [1733973598.402237321] [minimal_client_async]: Result of add_two_ints: for 10 + 10 = 20
[INFO] [1733973598.653774394] [minimal_client_async]: Result of add_two_ints: for 10 + 10 = 20
[INFO] [1733973598.905366459] [minimal_client_async]: Result of add_two_ints: for 10 + 10 = 20
[INFO] [1733973599.156826152] [minimal_client_async]: Result of add_two_ints: for 10 + 10 = 20
[INFO] [1733973599.408655243] [minimal_client_async]: Result of add_two_ints: for 10 + 10 = 20
[INFO] [1733973599.659965552] [minimal_client_async]: Result of add_two_ints: for 10 + 10 = 20
[INFO] [1733973599.911564902] [minimal_client_async]: Result of add_two_ints: for 10 + 10 = 20
[INFO] [1733973600.162721647] [minimal_client_async]: Result of add_two_ints: for 10 + 10 = 20
[INFO] [1733973600.414235463] [minimal_client_async]: Result of add_two_ints: for 10 + 10 = 20
[INFO] [1733973600.666051259] [minimal_client_async]: Result of add_two_ints: for 10 + 10 = 20
[INFO] [1733973600.917616091] [minimal_client_async]: Result of add_two_ints: for 10 + 10 = 20
[INFO] [1733973601.169384566] [minimal_client_async]: Result of add_two_ints: for 10 + 10 = 20
[INFO] [1733973601.421089300] [minimal_client_async]: Result of add_two_ints: for 10 + 10 = 20
[INFO] [1733973601.672883198] [minimal_client_async]: Result of add_two_ints: for 10 + 10 = 20
[INFO] [1733973601.924302846] [minimal_client_async]: Result of add_two_ints: for 10 + 10 = 20
[INFO] [1733973602.176043882] [minimal_client_async]: Result of add_two_ints: for 10 + 10 = 20
[INFO] [1733973602.427811296] [minimal_client_async]: Result of add_two_ints: for 10 + 10 = 20
[INFO] [1733973602.679486322] [minimal_client_async]: Result of add_two_ints: for 10 + 10 = 20
[INFO] [1733973602.931406494] [minimal_client_async]: Result of add_two_ints: for 10 + 10 = 20
[INFO] [1733973603.183153222] [minimal_client_async]: Result of add_two_ints: for 10 + 10 = 20
[INFO] [1733973603.434709532] [minimal_client_async]: Result of add_two_ints: for 10 + 10 = 20
[INFO] [1733973603.686287014] [minimal_client_async]: Result of add_two_ints: for 10 + 10 = 20
[INFO] [1733973603.937593073] [minimal_client_async]: Result of add_two_ints: for 10 + 10 = 20
[INFO] [1733973604.189283389] [minimal_client_async]: Result of add_two_ints: for 10 + 10 = 20
[INFO] [1733973604.440909445] [minimal_client_async]: Result of add_two_ints: for 10 + 10 = 20
[INFO] [1733973604.692802675] [minimal_client_async]: Result of add_two_ints: for 10 + 10 = 20
[INFO] [1733973604.944533808] [minimal_client_async]: Result of add_two_ints: for 10 + 10 = 20
[INFO] [1733973605.196222211] [minimal_client_async]: Result of add_two_ints: for 10 + 10 = 20
[INFO] [1733973605.447495735] [minimal_client_async]: Result of add_two_ints: for 10 + 10 = 20
[INFO] [1733973605.699108663] [minimal_client_async]: Result of add_two_ints: for 10 + 10 = 20
[INFO] [1733973605.950624456] [minimal_client_async]: Result of add_two_ints: for 10 + 10 = 20
[INFO] [1733973606.202027659] [minimal_client_async]: Result of add_two_ints: for 10 + 10 = 20
[INFO] [1733973606.453294117] [minimal_client_async]: Result of add_two_ints: for 10 + 10 = 20
[INFO] [1733973606.704878728] [minimal_client_async]: Result of add_two_ints: for 10 + 10 = 20
[INFO] [1733973606.956642554] [minimal_client_async]: Result of add_two_ints: for 10 + 10 = 20
[INFO] [1733973607.208384040] [minimal_client_async]: Result of add_two_ints: for 10 + 10 = 20
[INFO] [1733973607.460356298] [minimal_client_async]: Result of add_two_ints: for 10 + 10 = 20
[INFO] [1733973607.712062451] [minimal_client_async]: Result of add_two_ints: for 10 + 10 = 20
[INFO] [1733973607.963843200] [minimal_client_async]: Result of add_two_ints: for 10 + 10 = 20
[INFO] [1733973608.215354613] [minimal_client_async]: Result of add_two_ints: for 10 + 10 = 20
[INFO] [1733973608.466947068] [minimal_client_async]: Result of add_two_ints: for 10 + 10 = 20
[INFO] [1733973608.718257748] [minimal_client_async]: Result of add_two_ints: for 10 + 10 = 20
[INFO] [1733973608.969604865] [minimal_client_async]: Result of add_two_ints: for 10 + 10 = 20
[INFO] [1733973609.221362716] [minimal_client_async]: Result of add_two_ints: for 10 + 10 = 20
[INFO] [1733973609.473165746] [minimal_client_async]: Result of add_two_ints: for 10 + 10 = 20
[INFO] [1733973609.724983789] [minimal_client_async]: Result of add_two_ints: for 10 + 10 = 20
[INFO] [1733973609.976914943] [minimal_client_async]: Result of add_two_ints: for 10 + 10 = 20
[INFO] [1733973610.228640150] [minimal_client_async]: Result of add_two_ints: for 10 + 10 = 20
[INFO] [1733973610.480386962] [minimal_client_async]: Result of add_two_ints: for 10 + 10 = 20
[INFO] [1733973610.732112049] [minimal_client_async]: Result of add_two_ints: for 10 + 10 = 20
[INFO] [1733973610.983693344] [minimal_client_async]: Result of add_two_ints: for 10 + 10 = 20
[INFO] [1733973611.235090347] [minimal_client_async]: Result of add_two_ints: for 10 + 10 = 20
[INFO] [1733973611.486955660] [minimal_client_async]: Result of add_two_ints: for 10 + 10 = 20
[INFO] [1733973611.738572691] [minimal_client_async]: Result of add_two_ints: for 10 + 10 = 20
[INFO] [1733973611.990257910] [minimal_client_async]: Result of add_two_ints: for 10 + 10 = 20
[INFO] [1733973612.241327727] [minimal_client_async]: Result of add_two_ints: for 10 + 10 = 20
[INFO] [1733973612.493065991] [minimal_client_async]: Result of add_two_ints: for 10 + 10 = 20
[INFO] [1733973612.744541347] [minimal_client_async]: Result of add_two_ints: for 10 + 10 = 20
[INFO] [1733973612.860897014] [minimal_client_async]: Timeout reached. Stopping client.
RAPL is not set
