[INFO] [1733770677.000127708] [fibonacci_action_client]: Sending goal with order 10
[INFO] [1733770686.003082713] [fibonacci_action_client]: Goal accepted, waiting for result.
[INFO] [1733770686.004087031] [fibonacci_action_client]: Received feedback: array('i', [0, 1, 1])
[INFO] [1733770686.505437590] [fibonacci_action_client]: Received feedback: array('i', [0, 1, 1, 2])
[INFO] [1733770687.006486721] [fibonacci_action_client]: Received feedback: array('i', [0, 1, 1, 2, 3])
[INFO] [1733770687.507801812] [fibonacci_action_client]: Received feedback: array('i', [0, 1, 1, 2, 3, 5])
[INFO] [1733770688.009379585] [fibonacci_action_client]: Received feedback: array('i', [0, 1, 1, 2, 3, 5, 8])
[INFO] [1733770688.510675123] [fibonacci_action_client]: Received feedback: array('i', [0, 1, 1, 2, 3, 5, 8, 13])
[INFO] [1733770689.011626642] [fibonacci_action_client]: Received feedback: array('i', [0, 1, 1, 2, 3, 5, 8, 13, 21])
[INFO] [1733770689.512654244] [fibonacci_action_client]: Received feedback: array('i', [0, 1, 1, 2, 3, 5, 8, 13, 21, 34])
[INFO] [1733770690.013915220] [fibonacci_action_client]: Received feedback: array('i', [0, 1, 1, 2, 3, 5, 8, 13, 21, 34, 55])
[INFO] [1733770690.516212529] [fibonacci_action_client]: Result: array('i', [0, 1, 1, 2, 3, 5, 8, 13, 21, 34, 55])
[INFO] [1733770691.017527696] [fibonacci_action_client]: Sending goal with order 10
[INFO] [1733770699.544361320] [fibonacci_action_client]: Goal accepted, waiting for result.
[INFO] [1733770699.545840298] [fibonacci_action_client]: Received feedback: array('i', [0, 1, 1])
[INFO] [1733770700.047308774] [fibonacci_action_client]: Received feedback: array('i', [0, 1, 1, 2])
[INFO] [1733770700.548663825] [fibonacci_action_client]: Received feedback: array('i', [0, 1, 1, 2, 3])
[INFO] [1733770701.049799199] [fibonacci_action_client]: Received feedback: array('i', [0, 1, 1, 2, 3, 5])
[INFO] [1733770701.550805856] [fibonacci_action_client]: Received feedback: array('i', [0, 1, 1, 2, 3, 5, 8])
[INFO] [1733770702.052093503] [fibonacci_action_client]: Received feedback: array('i', [0, 1, 1, 2, 3, 5, 8, 13])
[INFO] [1733770702.553518030] [fibonacci_action_client]: Received feedback: array('i', [0, 1, 1, 2, 3, 5, 8, 13, 21])
[INFO] [1733770703.054926613] [fibonacci_action_client]: Received feedback: array('i', [0, 1, 1, 2, 3, 5, 8, 13, 21, 34])
[INFO] [1733770703.556125068] [fibonacci_action_client]: Received feedback: array('i', [0, 1, 1, 2, 3, 5, 8, 13, 21, 34, 55])
[INFO] [1733770704.059084227] [fibonacci_action_client]: Result: array('i', [0, 1, 1, 2, 3, 5, 8, 13, 21, 34, 55])
[INFO] [1733770704.560374471] [fibonacci_action_client]: Sending goal with order 10
[INFO] [1733770713.086309130] [fibonacci_action_client]: Goal accepted, waiting for result.
[INFO] [1733770713.087906176] [fibonacci_action_client]: Received feedback: array('i', [0, 1, 1])
[INFO] [1733770713.589624688] [fibonacci_action_client]: Received feedback: array('i', [0, 1, 1, 2])
[INFO] [1733770714.090525527] [fibonacci_action_client]: Received feedback: array('i', [0, 1, 1, 2, 3])
[INFO] [1733770714.591824615] [fibonacci_action_client]: Received feedback: array('i', [0, 1, 1, 2, 3, 5])
[INFO] [1733770715.093188883] [fibonacci_action_client]: Received feedback: array('i', [0, 1, 1, 2, 3, 5, 8])
[INFO] [1733770715.594711319] [fibonacci_action_client]: Received feedback: array('i', [0, 1, 1, 2, 3, 5, 8, 13])
[INFO] [1733770716.095967896] [fibonacci_action_client]: Received feedback: array('i', [0, 1, 1, 2, 3, 5, 8, 13, 21])
[INFO] [1733770716.597529131] [fibonacci_action_client]: Received feedback: array('i', [0, 1, 1, 2, 3, 5, 8, 13, 21, 34])
[INFO] [1733770717.098717894] [fibonacci_action_client]: Received feedback: array('i', [0, 1, 1, 2, 3, 5, 8, 13, 21, 34, 55])
[INFO] [1733770717.601143790] [fibonacci_action_client]: Result: array('i', [0, 1, 1, 2, 3, 5, 8, 13, 21, 34, 55])
[INFO] [1733770718.102033822] [fibonacci_action_client]: Sending goal with order 10
[INFO] [1733770726.627200340] [fibonacci_action_client]: Goal accepted, waiting for result.
[INFO] [1733770726.627955595] [fibonacci_action_client]: Received feedback: array('i', [0, 1, 1])
[INFO] [1733770727.128576600] [fibonacci_action_client]: Received feedback: array('i', [0, 1, 1, 2])
[INFO] [1733770727.629831194] [fibonacci_action_client]: Received feedback: array('i', [0, 1, 1, 2, 3])
[INFO] [1733770728.130623224] [fibonacci_action_client]: Received feedback: array('i', [0, 1, 1, 2, 3, 5])
[INFO] [1733770728.631968709] [fibonacci_action_client]: Received feedback: array('i', [0, 1, 1, 2, 3, 5, 8])
[INFO] [1733770729.133583923] [fibonacci_action_client]: Received feedback: array('i', [0, 1, 1, 2, 3, 5, 8, 13])
[INFO] [1733770729.634672213] [fibonacci_action_client]: Received feedback: array('i', [0, 1, 1, 2, 3, 5, 8, 13, 21])
[INFO] [1733770730.135698709] [fibonacci_action_client]: Received feedback: array('i', [0, 1, 1, 2, 3, 5, 8, 13, 21, 34])
[INFO] [1733770730.637237154] [fibonacci_action_client]: Received feedback: array('i', [0, 1, 1, 2, 3, 5, 8, 13, 21, 34, 55])
[INFO] [1733770731.139527698] [fibonacci_action_client]: Result: array('i', [0, 1, 1, 2, 3, 5, 8, 13, 21, 34, 55])
[INFO] [1733770731.640646731] [fibonacci_action_client]: Sending goal with order 10
[INFO] [1733770740.165571068] [fibonacci_action_client]: Goal accepted, waiting for result.
[INFO] [1733770740.167264440] [fibonacci_action_client]: Received feedback: array('i', [0, 1, 1])
[INFO] [1733770740.668742945] [fibonacci_action_client]: Received feedback: array('i', [0, 1, 1, 2])
[INFO] [1733770741.170213192] [fibonacci_action_client]: Received feedback: array('i', [0, 1, 1, 2, 3])
[INFO] [1733770741.670958634] [fibonacci_action_client]: Received feedback: array('i', [0, 1, 1, 2, 3, 5])
[INFO] [1733770742.171988480] [fibonacci_action_client]: Received feedback: array('i', [0, 1, 1, 2, 3, 5, 8])
[INFO] [1733770742.673177039] [fibonacci_action_client]: Received feedback: array('i', [0, 1, 1, 2, 3, 5, 8, 13])
[INFO] [1733770743.174759063] [fibonacci_action_client]: Received feedback: array('i', [0, 1, 1, 2, 3, 5, 8, 13, 21])
[INFO] [1733770743.676033070] [fibonacci_action_client]: Received feedback: array('i', [0, 1, 1, 2, 3, 5, 8, 13, 21, 34])
[INFO] [1733770744.177477775] [fibonacci_action_client]: Received feedback: array('i', [0, 1, 1, 2, 3, 5, 8, 13, 21, 34, 55])
[INFO] [1733770744.680590457] [fibonacci_action_client]: Result: array('i', [0, 1, 1, 2, 3, 5, 8, 13, 21, 34, 55])
[INFO] [1733770745.181913552] [fibonacci_action_client]: Sending goal with order 10
[INFO] [1733770753.708663438] [fibonacci_action_client]: Goal accepted, waiting for result.
[INFO] [1733770753.709413410] [fibonacci_action_client]: Received feedback: array('i', [0, 1, 1])
[INFO] [1733770754.210368111] [fibonacci_action_client]: Received feedback: array('i', [0, 1, 1, 2])
[INFO] [1733770754.711300946] [fibonacci_action_client]: Received feedback: array('i', [0, 1, 1, 2, 3])
[INFO] [1733770755.212631658] [fibonacci_action_client]: Received feedback: array('i', [0, 1, 1, 2, 3, 5])
[INFO] [1733770755.713986889] [fibonacci_action_client]: Received feedback: array('i', [0, 1, 1, 2, 3, 5, 8])
[INFO] [1733770756.215065337] [fibonacci_action_client]: Received feedback: array('i', [0, 1, 1, 2, 3, 5, 8, 13])
[INFO] [1733770756.716419112] [fibonacci_action_client]: Received feedback: array('i', [0, 1, 1, 2, 3, 5, 8, 13, 21])
[INFO] [1733770757.217778114] [fibonacci_action_client]: Received feedback: array('i', [0, 1, 1, 2, 3, 5, 8, 13, 21, 34])
[INFO] [1733770757.718687072] [fibonacci_action_client]: Received feedback: array('i', [0, 1, 1, 2, 3, 5, 8, 13, 21, 34, 55])
[INFO] [1733770758.220763781] [fibonacci_action_client]: Result: array('i', [0, 1, 1, 2, 3, 5, 8, 13, 21, 34, 55])
[INFO] [1733770758.721748346] [fibonacci_action_client]: Sending goal with order 10
[INFO] [1733770767.248337666] [fibonacci_action_client]: Goal accepted, waiting for result.
[INFO] [1733770767.249137704] [fibonacci_action_client]: Received feedback: array('i', [0, 1, 1])
[INFO] [1733770767.750251821] [fibonacci_action_client]: Received feedback: array('i', [0, 1, 1, 2])
[INFO] [1733770768.251320909] [fibonacci_action_client]: Received feedback: array('i', [0, 1, 1, 2, 3])
[INFO] [1733770768.752751130] [fibonacci_action_client]: Received feedback: array('i', [0, 1, 1, 2, 3, 5])
[INFO] [1733770769.254314517] [fibonacci_action_client]: Received feedback: array('i', [0, 1, 1, 2, 3, 5, 8])
[INFO] [1733770769.755366852] [fibonacci_action_client]: Received feedback: array('i', [0, 1, 1, 2, 3, 5, 8, 13])
[INFO] [1733770770.256776595] [fibonacci_action_client]: Received feedback: array('i', [0, 1, 1, 2, 3, 5, 8, 13, 21])
[INFO] [1733770770.758167011] [fibonacci_action_client]: Received feedback: array('i', [0, 1, 1, 2, 3, 5, 8, 13, 21, 34])
[INFO] [1733770771.259427587] [fibonacci_action_client]: Received feedback: array('i', [0, 1, 1, 2, 3, 5, 8, 13, 21, 34, 55])
[INFO] [1733770771.763046649] [fibonacci_action_client]: Result: array('i', [0, 1, 1, 2, 3, 5, 8, 13, 21, 34, 55])
[INFO] [1733770772.264177418] [fibonacci_action_client]: Sending goal with order 10
[INFO] [1733770780.790645347] [fibonacci_action_client]: Goal accepted, waiting for result.
[INFO] [1733770780.792537565] [fibonacci_action_client]: Received feedback: array('i', [0, 1, 1])
[INFO] [1733770781.293814777] [fibonacci_action_client]: Received feedback: array('i', [0, 1, 1, 2])
[INFO] [1733770781.795334099] [fibonacci_action_client]: Received feedback: array('i', [0, 1, 1, 2, 3])
[INFO] [1733770782.296574951] [fibonacci_action_client]: Received feedback: array('i', [0, 1, 1, 2, 3, 5])
[INFO] [1733770782.797235976] [fibonacci_action_client]: Received feedback: array('i', [0, 1, 1, 2, 3, 5, 8])
[INFO] [1733770783.298826149] [fibonacci_action_client]: Received feedback: array('i', [0, 1, 1, 2, 3, 5, 8, 13])
[INFO] [1733770783.800311642] [fibonacci_action_client]: Received feedback: array('i', [0, 1, 1, 2, 3, 5, 8, 13, 21])
[INFO] [1733770784.301096273] [fibonacci_action_client]: Received feedback: array('i', [0, 1, 1, 2, 3, 5, 8, 13, 21, 34])
[INFO] [1733770784.802765597] [fibonacci_action_client]: Received feedback: array('i', [0, 1, 1, 2, 3, 5, 8, 13, 21, 34, 55])
[INFO] [1733770785.305424576] [fibonacci_action_client]: Result: array('i', [0, 1, 1, 2, 3, 5, 8, 13, 21, 34, 55])
[INFO] [1733770785.806545231] [fibonacci_action_client]: Sending goal with order 10
[INFO] [1733770794.333606180] [fibonacci_action_client]: Goal accepted, waiting for result.
[INFO] [1733770794.335396172] [fibonacci_action_client]: Received feedback: array('i', [0, 1, 1])
[INFO] [1733770794.836705909] [fibonacci_action_client]: Received feedback: array('i', [0, 1, 1, 2])
[INFO] [1733770795.337960467] [fibonacci_action_client]: Received feedback: array('i', [0, 1, 1, 2, 3])
[INFO] [1733770795.838813947] [fibonacci_action_client]: Received feedback: array('i', [0, 1, 1, 2, 3, 5])
[INFO] [1733770796.339960207] [fibonacci_action_client]: Received feedback: array('i', [0, 1, 1, 2, 3, 5, 8])
[INFO] [1733770796.841236814] [fibonacci_action_client]: Received feedback: array('i', [0, 1, 1, 2, 3, 5, 8, 13])
[INFO] [1733770797.342779050] [fibonacci_action_client]: Received feedback: array('i', [0, 1, 1, 2, 3, 5, 8, 13, 21])
[INFO] [1733770797.843310034] [fibonacci_action_client]: Received feedback: array('i', [0, 1, 1, 2, 3, 5, 8, 13, 21, 34])
[INFO] [1733770798.344509049] [fibonacci_action_client]: Received feedback: array('i', [0, 1, 1, 2, 3, 5, 8, 13, 21, 34, 55])
[INFO] [1733770798.848113129] [fibonacci_action_client]: Result: array('i', [0, 1, 1, 2, 3, 5, 8, 13, 21, 34, 55])
[INFO] [1733770799.349073500] [fibonacci_action_client]: Sending goal with order 10
[INFO] [1733770807.874484597] [fibonacci_action_client]: Goal accepted, waiting for result.
[INFO] [1733770807.875193063] [fibonacci_action_client]: Received feedback: array('i', [0, 1, 1])
[INFO] [1733770808.374859502] [fibonacci_action_client]: Received feedback: array('i', [0, 1, 1, 2])
[INFO] [1733770808.876454051] [fibonacci_action_client]: Received feedback: array('i', [0, 1, 1, 2, 3])
[INFO] [1733770809.377742220] [fibonacci_action_client]: Received feedback: array('i', [0, 1, 1, 2, 3, 5])
[INFO] [1733770809.878604400] [fibonacci_action_client]: Received feedback: array('i', [0, 1, 1, 2, 3, 5, 8])
[INFO] [1733770810.379886717] [fibonacci_action_client]: Received feedback: array('i', [0, 1, 1, 2, 3, 5, 8, 13])
[INFO] [1733770810.881362537] [fibonacci_action_client]: Received feedback: array('i', [0, 1, 1, 2, 3, 5, 8, 13, 21])
[INFO] [1733770811.382654159] [fibonacci_action_client]: Received feedback: array('i', [0, 1, 1, 2, 3, 5, 8, 13, 21, 34])
[INFO] [1733770811.883748026] [fibonacci_action_client]: Received feedback: array('i', [0, 1, 1, 2, 3, 5, 8, 13, 21, 34, 55])
[INFO] [1733770812.386823227] [fibonacci_action_client]: Result: array('i', [0, 1, 1, 2, 3, 5, 8, 13, 21, 34, 55])
[INFO] [1733770812.887838495] [fibonacci_action_client]: Sending goal with order 10
[INFO] [1733770821.414667323] [fibonacci_action_client]: Goal accepted, waiting for result.
[INFO] [1733770821.415339939] [fibonacci_action_client]: Received feedback: array('i', [0, 1, 1])
[INFO] [1733770821.915135561] [fibonacci_action_client]: Received feedback: array('i', [0, 1, 1, 2])
[INFO] [1733770822.416030265] [fibonacci_action_client]: Received feedback: array('i', [0, 1, 1, 2, 3])
[INFO] [1733770822.917234880] [fibonacci_action_client]: Received feedback: array('i', [0, 1, 1, 2, 3, 5])
[INFO] [1733770823.418661976] [fibonacci_action_client]: Received feedback: array('i', [0, 1, 1, 2, 3, 5, 8])
[INFO] [1733770823.919885332] [fibonacci_action_client]: Received feedback: array('i', [0, 1, 1, 2, 3, 5, 8, 13])
[INFO] [1733770824.420933573] [fibonacci_action_client]: Received feedback: array('i', [0, 1, 1, 2, 3, 5, 8, 13, 21])
[INFO] [1733770824.921992220] [fibonacci_action_client]: Received feedback: array('i', [0, 1, 1, 2, 3, 5, 8, 13, 21, 34])
[INFO] [1733770825.422955504] [fibonacci_action_client]: Received feedback: array('i', [0, 1, 1, 2, 3, 5, 8, 13, 21, 34, 55])
[INFO] [1733770825.927782225] [fibonacci_action_client]: Result: array('i', [0, 1, 1, 2, 3, 5, 8, 13, 21, 34, 55])
[INFO] [1733770826.429130712] [fibonacci_action_client]: Sending goal with order 10
[INFO] [1733770834.954804205] [fibonacci_action_client]: Goal accepted, waiting for result.
[INFO] [1733770834.955486065] [fibonacci_action_client]: Received feedback: array('i', [0, 1, 1])
[INFO] [1733770835.455636057] [fibonacci_action_client]: Received feedback: array('i', [0, 1, 1, 2])
[INFO] [1733770835.957129717] [fibonacci_action_client]: Received feedback: array('i', [0, 1, 1, 2, 3])
[INFO] [1733770836.458604706] [fibonacci_action_client]: Received feedback: array('i', [0, 1, 1, 2, 3, 5])
[INFO] [1733770836.959852005] [fibonacci_action_client]: Received feedback: array('i', [0, 1, 1, 2, 3, 5, 8])
[INFO] [1733770837.461427714] [fibonacci_action_client]: Received feedback: array('i', [0, 1, 1, 2, 3, 5, 8, 13])
[INFO] [1733770837.962722600] [fibonacci_action_client]: Received feedback: array('i', [0, 1, 1, 2, 3, 5, 8, 13, 21])
[INFO] [1733770838.464343146] [fibonacci_action_client]: Received feedback: array('i', [0, 1, 1, 2, 3, 5, 8, 13, 21, 34])
[INFO] [1733770838.965399675] [fibonacci_action_client]: Received feedback: array('i', [0, 1, 1, 2, 3, 5, 8, 13, 21, 34, 55])
[INFO] [1733770839.468496435] [fibonacci_action_client]: Result: array('i', [0, 1, 1, 2, 3, 5, 8, 13, 21, 34, 55])
[INFO] [1733770839.969796483] [fibonacci_action_client]: Sending goal with order 10
[INFO] [1733770848.496935251] [fibonacci_action_client]: Goal accepted, waiting for result.
[INFO] [1733770848.498050082] [fibonacci_action_client]: Received feedback: array('i', [0, 1, 1])
[INFO] [1733770848.997925634] [fibonacci_action_client]: Received feedback: array('i', [0, 1, 1, 2])
[INFO] [1733770849.498952458] [fibonacci_action_client]: Received feedback: array('i', [0, 1, 1, 2, 3])
[INFO] [1733770850.000258150] [fibonacci_action_client]: Received feedback: array('i', [0, 1, 1, 2, 3, 5])
[INFO] [1733770850.501654242] [fibonacci_action_client]: Received feedback: array('i', [0, 1, 1, 2, 3, 5, 8])
[INFO] [1733770851.002488375] [fibonacci_action_client]: Received feedback: array('i', [0, 1, 1, 2, 3, 5, 8, 13])
[INFO] [1733770851.503586804] [fibonacci_action_client]: Received feedback: array('i', [0, 1, 1, 2, 3, 5, 8, 13, 21])
[INFO] [1733770852.004642733] [fibonacci_action_client]: Received feedback: array('i', [0, 1, 1, 2, 3, 5, 8, 13, 21, 34])
[INFO] [1733770852.506391648] [fibonacci_action_client]: Received feedback: array('i', [0, 1, 1, 2, 3, 5, 8, 13, 21, 34, 55])
[INFO] [1733770853.011075982] [fibonacci_action_client]: Result: array('i', [0, 1, 1, 2, 3, 5, 8, 13, 21, 34, 55])
[INFO] [1733770853.512274698] [fibonacci_action_client]: Sending goal with order 10
[INFO] [1733770857.524800000] [fibonacci_action_client]: Goal accepted, waiting for result.
[INFO] [1733770853.011819300] [fibonacci_action_client]: Received feedback: array('i', [0, 1, 1])
[INFO] [1733770853.510620699] [fibonacci_action_client]: Received feedback: array('i', [0, 1, 1, 2])
[INFO] [1733770854.012076195] [fibonacci_action_client]: Received feedback: array('i', [0, 1, 1, 2, 3])
[INFO] [1733770854.513621761] [fibonacci_action_client]: Received feedback: array('i', [0, 1, 1, 2, 3, 5])
[INFO] [1733770855.014510207] [fibonacci_action_client]: Received feedback: array('i', [0, 1, 1, 2, 3, 5, 8])
[INFO] [1733770855.515929016] [fibonacci_action_client]: Received feedback: array('i', [0, 1, 1, 2, 3, 5, 8, 13])
[INFO] [1733770856.017556017] [fibonacci_action_client]: Received feedback: array('i', [0, 1, 1, 2, 3, 5, 8, 13, 21])
[INFO] [1733770856.518967254] [fibonacci_action_client]: Received feedback: array('i', [0, 1, 1, 2, 3, 5, 8, 13, 21, 34])
[INFO] [1733770857.020133339] [fibonacci_action_client]: Received feedback: array('i', [0, 1, 1, 2, 3, 5, 8, 13, 21, 34, 55])
