[INFO] [1733774387.613786601] [fibonacci_action_client]: Sending goal with order 10
[INFO] [1733774392.111911103] [fibonacci_action_client]: Goal accepted, waiting for result.
[INFO] [1733774392.113478752] [fibonacci_action_client]: Received feedback: array('i', [0, 1, 1])
[INFO] [1733774392.614585809] [fibonacci_action_client]: Received feedback: array('i', [0, 1, 1, 2])
[INFO] [1733774393.115879209] [fibonacci_action_client]: Received feedback: array('i', [0, 1, 1, 2, 3])
[INFO] [1733774393.617222158] [fibonacci_action_client]: Received feedback: array('i', [0, 1, 1, 2, 3, 5])
[INFO] [1733774394.118353937] [fibonacci_action_client]: Received feedback: array('i', [0, 1, 1, 2, 3, 5, 8])
[INFO] [1733774394.619799393] [fibonacci_action_client]: Received feedback: array('i', [0, 1, 1, 2, 3, 5, 8, 13])
[INFO] [1733774395.121200397] [fibonacci_action_client]: Received feedback: array('i', [0, 1, 1, 2, 3, 5, 8, 13, 21])
[INFO] [1733774395.622628834] [fibonacci_action_client]: Received feedback: array('i', [0, 1, 1, 2, 3, 5, 8, 13, 21, 34])
[INFO] [1733774396.124074674] [fibonacci_action_client]: Received feedback: array('i', [0, 1, 1, 2, 3, 5, 8, 13, 21, 34, 55])
[INFO] [1733774396.626168158] [fibonacci_action_client]: Result: array('i', [0, 1, 1, 2, 3, 5, 8, 13, 21, 34, 55])
[INFO] [1733774397.127131252] [fibonacci_action_client]: Sending goal with order 10
[INFO] [1733774401.139172839] [fibonacci_action_client]: Goal accepted, waiting for result.
[INFO] [1733774401.140365338] [fibonacci_action_client]: Received feedback: array('i', [0, 1, 1])
[INFO] [1733774401.642352553] [fibonacci_action_client]: Received feedback: array('i', [0, 1, 1, 2])
[INFO] [1733774402.142886104] [fibonacci_action_client]: Received feedback: array('i', [0, 1, 1, 2, 3])
[INFO] [1733774402.644323028] [fibonacci_action_client]: Received feedback: array('i', [0, 1, 1, 2, 3, 5])
[INFO] [1733774403.145306413] [fibonacci_action_client]: Received feedback: array('i', [0, 1, 1, 2, 3, 5, 8])
[INFO] [1733774403.647056381] [fibonacci_action_client]: Received feedback: array('i', [0, 1, 1, 2, 3, 5, 8, 13])
[INFO] [1733774404.148303197] [fibonacci_action_client]: Received feedback: array('i', [0, 1, 1, 2, 3, 5, 8, 13, 21])
[INFO] [1733774404.649686066] [fibonacci_action_client]: Received feedback: array('i', [0, 1, 1, 2, 3, 5, 8, 13, 21, 34])
[INFO] [1733774405.150934608] [fibonacci_action_client]: Received feedback: array('i', [0, 1, 1, 2, 3, 5, 8, 13, 21, 34, 55])
[INFO] [1733774405.652719626] [fibonacci_action_client]: Result: array('i', [0, 1, 1, 2, 3, 5, 8, 13, 21, 34, 55])
[INFO] [1733774406.153765539] [fibonacci_action_client]: Sending goal with order 10
[INFO] [1733774410.165266805] [fibonacci_action_client]: Goal accepted, waiting for result.
[INFO] [1733774410.166728686] [fibonacci_action_client]: Received feedback: array('i', [0, 1, 1])
[INFO] [1733774410.668115723] [fibonacci_action_client]: Received feedback: array('i', [0, 1, 1, 2])
[INFO] [1733774411.169432911] [fibonacci_action_client]: Received feedback: array('i', [0, 1, 1, 2, 3])
[INFO] [1733774411.670914487] [fibonacci_action_client]: Received feedback: array('i', [0, 1, 1, 2, 3, 5])
[INFO] [1733774412.172241445] [fibonacci_action_client]: Received feedback: array('i', [0, 1, 1, 2, 3, 5, 8])
[INFO] [1733774412.673727451] [fibonacci_action_client]: Received feedback: array('i', [0, 1, 1, 2, 3, 5, 8, 13])
[INFO] [1733774413.174707807] [fibonacci_action_client]: Received feedback: array('i', [0, 1, 1, 2, 3, 5, 8, 13, 21])
[INFO] [1733774413.676200750] [fibonacci_action_client]: Received feedback: array('i', [0, 1, 1, 2, 3, 5, 8, 13, 21, 34])
[INFO] [1733774414.177377843] [fibonacci_action_client]: Received feedback: array('i', [0, 1, 1, 2, 3, 5, 8, 13, 21, 34, 55])
[INFO] [1733774414.679849411] [fibonacci_action_client]: Result: array('i', [0, 1, 1, 2, 3, 5, 8, 13, 21, 34, 55])
[INFO] [1733774415.181113669] [fibonacci_action_client]: Sending goal with order 10
[INFO] [1733774419.192723030] [fibonacci_action_client]: Goal accepted, waiting for result.
[INFO] [1733774419.194126636] [fibonacci_action_client]: Received feedback: array('i', [0, 1, 1])
[INFO] [1733774419.694508335] [fibonacci_action_client]: Received feedback: array('i', [0, 1, 1, 2])
[INFO] [1733774420.195953663] [fibonacci_action_client]: Received feedback: array('i', [0, 1, 1, 2, 3])
[INFO] [1733774420.698803044] [fibonacci_action_client]: Received feedback: array('i', [0, 1, 1, 2, 3, 5])
[INFO] [1733774421.198867474] [fibonacci_action_client]: Received feedback: array('i', [0, 1, 1, 2, 3, 5, 8])
[INFO] [1733774421.700207682] [fibonacci_action_client]: Received feedback: array('i', [0, 1, 1, 2, 3, 5, 8, 13])
[INFO] [1733774422.201628213] [fibonacci_action_client]: Received feedback: array('i', [0, 1, 1, 2, 3, 5, 8, 13, 21])
[INFO] [1733774422.702612555] [fibonacci_action_client]: Received feedback: array('i', [0, 1, 1, 2, 3, 5, 8, 13, 21, 34])
[INFO] [1733774423.204082754] [fibonacci_action_client]: Received feedback: array('i', [0, 1, 1, 2, 3, 5, 8, 13, 21, 34, 55])
[INFO] [1733774423.706676292] [fibonacci_action_client]: Result: array('i', [0, 1, 1, 2, 3, 5, 8, 13, 21, 34, 55])
[INFO] [1733774424.207825359] [fibonacci_action_client]: Sending goal with order 10
[INFO] [1733774428.218433564] [fibonacci_action_client]: Goal accepted, waiting for result.
[INFO] [1733774428.219902481] [fibonacci_action_client]: Received feedback: array('i', [0, 1, 1])
[INFO] [1733774428.721243109] [fibonacci_action_client]: Received feedback: array('i', [0, 1, 1, 2])
[INFO] [1733774429.222035712] [fibonacci_action_client]: Received feedback: array('i', [0, 1, 1, 2, 3])
[INFO] [1733774429.723354578] [fibonacci_action_client]: Received feedback: array('i', [0, 1, 1, 2, 3, 5])
[INFO] [1733774430.224867788] [fibonacci_action_client]: Received feedback: array('i', [0, 1, 1, 2, 3, 5, 8])
[INFO] [1733774430.725987196] [fibonacci_action_client]: Received feedback: array('i', [0, 1, 1, 2, 3, 5, 8, 13])
[INFO] [1733774431.226893611] [fibonacci_action_client]: Received feedback: array('i', [0, 1, 1, 2, 3, 5, 8, 13, 21])
[INFO] [1733774431.728027405] [fibonacci_action_client]: Received feedback: array('i', [0, 1, 1, 2, 3, 5, 8, 13, 21, 34])
[INFO] [1733774432.229600183] [fibonacci_action_client]: Received feedback: array('i', [0, 1, 1, 2, 3, 5, 8, 13, 21, 34, 55])
[INFO] [1733774432.732044695] [fibonacci_action_client]: Result: array('i', [0, 1, 1, 2, 3, 5, 8, 13, 21, 34, 55])
[INFO] [1733774433.233200523] [fibonacci_action_client]: Sending goal with order 10
[INFO] [1733774437.244220959] [fibonacci_action_client]: Goal accepted, waiting for result.
[INFO] [1733774437.245395942] [fibonacci_action_client]: Received feedback: array('i', [0, 1, 1])
[INFO] [1733774437.746990393] [fibonacci_action_client]: Received feedback: array('i', [0, 1, 1, 2])
[INFO] [1733774438.248258883] [fibonacci_action_client]: Received feedback: array('i', [0, 1, 1, 2, 3])
[INFO] [1733774438.749768140] [fibonacci_action_client]: Received feedback: array('i', [0, 1, 1, 2, 3, 5])
[INFO] [1733774439.250533211] [fibonacci_action_client]: Received feedback: array('i', [0, 1, 1, 2, 3, 5, 8])
[INFO] [1733774439.752018930] [fibonacci_action_client]: Received feedback: array('i', [0, 1, 1, 2, 3, 5, 8, 13])
[INFO] [1733774440.253455402] [fibonacci_action_client]: Received feedback: array('i', [0, 1, 1, 2, 3, 5, 8, 13, 21])
[INFO] [1733774440.754795742] [fibonacci_action_client]: Received feedback: array('i', [0, 1, 1, 2, 3, 5, 8, 13, 21, 34])
[INFO] [1733774441.256027645] [fibonacci_action_client]: Received feedback: array('i', [0, 1, 1, 2, 3, 5, 8, 13, 21, 34, 55])
[INFO] [1733774441.758578118] [fibonacci_action_client]: Result: array('i', [0, 1, 1, 2, 3, 5, 8, 13, 21, 34, 55])
[INFO] [1733774442.259701683] [fibonacci_action_client]: Sending goal with order 10
[INFO] [1733774446.271558270] [fibonacci_action_client]: Goal accepted, waiting for result.
[INFO] [1733774446.272376573] [fibonacci_action_client]: Received feedback: array('i', [0, 1, 1])
[INFO] [1733774446.773529035] [fibonacci_action_client]: Received feedback: array('i', [0, 1, 1, 2])
[INFO] [1733774447.275050232] [fibonacci_action_client]: Received feedback: array('i', [0, 1, 1, 2, 3])
[INFO] [1733774447.776056298] [fibonacci_action_client]: Received feedback: array('i', [0, 1, 1, 2, 3, 5])
[INFO] [1733774448.277408922] [fibonacci_action_client]: Received feedback: array('i', [0, 1, 1, 2, 3, 5, 8])
[INFO] [1733774448.778480763] [fibonacci_action_client]: Received feedback: array('i', [0, 1, 1, 2, 3, 5, 8, 13])
[INFO] [1733774449.279907286] [fibonacci_action_client]: Received feedback: array('i', [0, 1, 1, 2, 3, 5, 8, 13, 21])
[INFO] [1733774449.781073674] [fibonacci_action_client]: Received feedback: array('i', [0, 1, 1, 2, 3, 5, 8, 13, 21, 34])
[INFO] [1733774450.282323866] [fibonacci_action_client]: Received feedback: array('i', [0, 1, 1, 2, 3, 5, 8, 13, 21, 34, 55])
[INFO] [1733774450.785250766] [fibonacci_action_client]: Result: array('i', [0, 1, 1, 2, 3, 5, 8, 13, 21, 34, 55])
[INFO] [1733774451.286134745] [fibonacci_action_client]: Sending goal with order 10
[INFO] [1733774455.297492342] [fibonacci_action_client]: Goal accepted, waiting for result.
[INFO] [1733774455.299493820] [fibonacci_action_client]: Received feedback: array('i', [0, 1, 1])
[INFO] [1733774455.800900043] [fibonacci_action_client]: Received feedback: array('i', [0, 1, 1, 2])
[INFO] [1733774456.301900449] [fibonacci_action_client]: Received feedback: array('i', [0, 1, 1, 2, 3])
[INFO] [1733774456.803248358] [fibonacci_action_client]: Received feedback: array('i', [0, 1, 1, 2, 3, 5])
[INFO] [1733774457.304370783] [fibonacci_action_client]: Received feedback: array('i', [0, 1, 1, 2, 3, 5, 8])
[INFO] [1733774457.805858155] [fibonacci_action_client]: Received feedback: array('i', [0, 1, 1, 2, 3, 5, 8, 13])
[INFO] [1733774458.306569866] [fibonacci_action_client]: Received feedback: array('i', [0, 1, 1, 2, 3, 5, 8, 13, 21])
[INFO] [1733774458.807792941] [fibonacci_action_client]: Received feedback: array('i', [0, 1, 1, 2, 3, 5, 8, 13, 21, 34])
[INFO] [1733774459.309326877] [fibonacci_action_client]: Received feedback: array('i', [0, 1, 1, 2, 3, 5, 8, 13, 21, 34, 55])
[INFO] [1733774459.811939352] [fibonacci_action_client]: Result: array('i', [0, 1, 1, 2, 3, 5, 8, 13, 21, 34, 55])
[INFO] [1733774460.313224897] [fibonacci_action_client]: Sending goal with order 10
[INFO] [1733774464.324812940] [fibonacci_action_client]: Goal accepted, waiting for result.
[INFO] [1733774464.325548715] [fibonacci_action_client]: Received feedback: array('i', [0, 1, 1])
[INFO] [1733774464.825675736] [fibonacci_action_client]: Received feedback: array('i', [0, 1, 1, 2])
[INFO] [1733774465.326781225] [fibonacci_action_client]: Received feedback: array('i', [0, 1, 1, 2, 3])
[INFO] [1733774465.828181403] [fibonacci_action_client]: Received feedback: array('i', [0, 1, 1, 2, 3, 5])
[INFO] [1733774466.329618125] [fibonacci_action_client]: Received feedback: array('i', [0, 1, 1, 2, 3, 5, 8])
[INFO] [1733774466.831170265] [fibonacci_action_client]: Received feedback: array('i', [0, 1, 1, 2, 3, 5, 8, 13])
[INFO] [1733774467.331597045] [fibonacci_action_client]: Received feedback: array('i', [0, 1, 1, 2, 3, 5, 8, 13, 21])
[INFO] [1733774467.832851475] [fibonacci_action_client]: Received feedback: array('i', [0, 1, 1, 2, 3, 5, 8, 13, 21, 34])
[INFO] [1733774468.334385866] [fibonacci_action_client]: Received feedback: array('i', [0, 1, 1, 2, 3, 5, 8, 13, 21, 34, 55])
[INFO] [1733774468.836750962] [fibonacci_action_client]: Result: array('i', [0, 1, 1, 2, 3, 5, 8, 13, 21, 34, 55])
[INFO] [1733774469.338034380] [fibonacci_action_client]: Sending goal with order 10
[INFO] [1733774473.349418866] [fibonacci_action_client]: Goal accepted, waiting for result.
[INFO] [1733774473.351303631] [fibonacci_action_client]: Received feedback: array('i', [0, 1, 1])
[INFO] [1733774473.853069439] [fibonacci_action_client]: Received feedback: array('i', [0, 1, 1, 2])
[INFO] [1733774474.354407210] [fibonacci_action_client]: Received feedback: array('i', [0, 1, 1, 2, 3])
[INFO] [1733774474.855720103] [fibonacci_action_client]: Received feedback: array('i', [0, 1, 1, 2, 3, 5])
[INFO] [1733774475.357055635] [fibonacci_action_client]: Received feedback: array('i', [0, 1, 1, 2, 3, 5, 8])
[INFO] [1733774475.858577711] [fibonacci_action_client]: Received feedback: array('i', [0, 1, 1, 2, 3, 5, 8, 13])
[INFO] [1733774476.359887172] [fibonacci_action_client]: Received feedback: array('i', [0, 1, 1, 2, 3, 5, 8, 13, 21])
[INFO] [1733774476.861198280] [fibonacci_action_client]: Received feedback: array('i', [0, 1, 1, 2, 3, 5, 8, 13, 21, 34])
[INFO] [1733774477.362484774] [fibonacci_action_client]: Received feedback: array('i', [0, 1, 1, 2, 3, 5, 8, 13, 21, 34, 55])
[INFO] [1733774477.865181034] [fibonacci_action_client]: Result: array('i', [0, 1, 1, 2, 3, 5, 8, 13, 21, 34, 55])
[INFO] [1733774478.366533481] [fibonacci_action_client]: Sending goal with order 10
[INFO] [1733774482.378213197] [fibonacci_action_client]: Goal accepted, waiting for result.
[INFO] [1733774482.380078968] [fibonacci_action_client]: Received feedback: array('i', [0, 1, 1])
[INFO] [1733774482.881209118] [fibonacci_action_client]: Received feedback: array('i', [0, 1, 1, 2])
[INFO] [1733774483.382380856] [fibonacci_action_client]: Received feedback: array('i', [0, 1, 1, 2, 3])
[INFO] [1733774483.883646217] [fibonacci_action_client]: Received feedback: array('i', [0, 1, 1, 2, 3, 5])
[INFO] [1733774484.385113769] [fibonacci_action_client]: Received feedback: array('i', [0, 1, 1, 2, 3, 5, 8])
[INFO] [1733774484.886488373] [fibonacci_action_client]: Received feedback: array('i', [0, 1, 1, 2, 3, 5, 8, 13])
[INFO] [1733774485.388247101] [fibonacci_action_client]: Received feedback: array('i', [0, 1, 1, 2, 3, 5, 8, 13, 21])
[INFO] [1733774485.889758042] [fibonacci_action_client]: Received feedback: array('i', [0, 1, 1, 2, 3, 5, 8, 13, 21, 34])
[INFO] [1733774486.390528829] [fibonacci_action_client]: Received feedback: array('i', [0, 1, 1, 2, 3, 5, 8, 13, 21, 34, 55])
[INFO] [1733774486.893381959] [fibonacci_action_client]: Result: array('i', [0, 1, 1, 2, 3, 5, 8, 13, 21, 34, 55])
[INFO] [1733774487.393958865] [fibonacci_action_client]: Sending goal with order 10
[INFO] [1733774491.406730207] [fibonacci_action_client]: Goal accepted, waiting for result.
[INFO] [1733774491.407862778] [fibonacci_action_client]: Received feedback: array('i', [0, 1, 1])
[INFO] [1733774491.908485382] [fibonacci_action_client]: Received feedback: array('i', [0, 1, 1, 2])
[INFO] [1733774492.409758899] [fibonacci_action_client]: Received feedback: array('i', [0, 1, 1, 2, 3])
[INFO] [1733774492.911225611] [fibonacci_action_client]: Received feedback: array('i', [0, 1, 1, 2, 3, 5])
[INFO] [1733774493.412445483] [fibonacci_action_client]: Received feedback: array('i', [0, 1, 1, 2, 3, 5, 8])
[INFO] [1733774493.913673378] [fibonacci_action_client]: Received feedback: array('i', [0, 1, 1, 2, 3, 5, 8, 13])
[INFO] [1733774494.414689868] [fibonacci_action_client]: Received feedback: array('i', [0, 1, 1, 2, 3, 5, 8, 13, 21])
[INFO] [1733774494.915734805] [fibonacci_action_client]: Received feedback: array('i', [0, 1, 1, 2, 3, 5, 8, 13, 21, 34])
[INFO] [1733774495.417149693] [fibonacci_action_client]: Received feedback: array('i', [0, 1, 1, 2, 3, 5, 8, 13, 21, 34, 55])
[INFO] [1733774495.919959626] [fibonacci_action_client]: Result: array('i', [0, 1, 1, 2, 3, 5, 8, 13, 21, 34, 55])
[INFO] [1733774496.420879354] [fibonacci_action_client]: Sending goal with order 10
[INFO] [1733774500.432562964] [fibonacci_action_client]: Goal accepted, waiting for result.
[INFO] [1733774500.434569004] [fibonacci_action_client]: Received feedback: array('i', [0, 1, 1])
[INFO] [1733774500.935701412] [fibonacci_action_client]: Received feedback: array('i', [0, 1, 1, 2])
[INFO] [1733774501.436728500] [fibonacci_action_client]: Received feedback: array('i', [0, 1, 1, 2, 3])
[INFO] [1733774501.938453575] [fibonacci_action_client]: Received feedback: array('i', [0, 1, 1, 2, 3, 5])
[INFO] [1733774502.439403378] [fibonacci_action_client]: Received feedback: array('i', [0, 1, 1, 2, 3, 5, 8])
[INFO] [1733774502.940776888] [fibonacci_action_client]: Received feedback: array('i', [0, 1, 1, 2, 3, 5, 8, 13])
[INFO] [1733774503.442310856] [fibonacci_action_client]: Received feedback: array('i', [0, 1, 1, 2, 3, 5, 8, 13, 21])
[INFO] [1733774503.943507193] [fibonacci_action_client]: Received feedback: array('i', [0, 1, 1, 2, 3, 5, 8, 13, 21, 34])
[INFO] [1733774504.444571362] [fibonacci_action_client]: Received feedback: array('i', [0, 1, 1, 2, 3, 5, 8, 13, 21, 34, 55])
[INFO] [1733774504.948486489] [fibonacci_action_client]: Result: array('i', [0, 1, 1, 2, 3, 5, 8, 13, 21, 34, 55])
[INFO] [1733774505.449664153] [fibonacci_action_client]: Sending goal with order 10
[INFO] [1733774509.461870615] [fibonacci_action_client]: Goal accepted, waiting for result.
[INFO] [1733774509.462617840] [fibonacci_action_client]: Received feedback: array('i', [0, 1, 1])
[INFO] [1733774509.962181558] [fibonacci_action_client]: Received feedback: array('i', [0, 1, 1, 2])
[INFO] [1733774510.463322073] [fibonacci_action_client]: Received feedback: array('i', [0, 1, 1, 2, 3])
[INFO] [1733774510.964667716] [fibonacci_action_client]: Received feedback: array('i', [0, 1, 1, 2, 3, 5])
[INFO] [1733774511.466027220] [fibonacci_action_client]: Received feedback: array('i', [0, 1, 1, 2, 3, 5, 8])
[INFO] [1733774511.966995065] [fibonacci_action_client]: Received feedback: array('i', [0, 1, 1, 2, 3, 5, 8, 13])
[INFO] [1733774512.468240224] [fibonacci_action_client]: Received feedback: array('i', [0, 1, 1, 2, 3, 5, 8, 13, 21])
[INFO] [1733774512.969632884] [fibonacci_action_client]: Received feedback: array('i', [0, 1, 1, 2, 3, 5, 8, 13, 21, 34])
[INFO] [1733774513.470626178] [fibonacci_action_client]: Received feedback: array('i', [0, 1, 1, 2, 3, 5, 8, 13, 21, 34, 55])
[INFO] [1733774513.973263705] [fibonacci_action_client]: Result: array('i', [0, 1, 1, 2, 3, 5, 8, 13, 21, 34, 55])
[INFO] [1733774514.474247043] [fibonacci_action_client]: Sending goal with order 10
[INFO] [1733774518.486433901] [fibonacci_action_client]: Goal accepted, waiting for result.
[INFO] [1733774518.487130808] [fibonacci_action_client]: Received feedback: array('i', [0, 1, 1])
[INFO] [1733774518.988166972] [fibonacci_action_client]: Received feedback: array('i', [0, 1, 1, 2])
[INFO] [1733774519.489209196] [fibonacci_action_client]: Received feedback: array('i', [0, 1, 1, 2, 3])
[INFO] [1733774519.990446268] [fibonacci_action_client]: Received feedback: array('i', [0, 1, 1, 2, 3, 5])
[INFO] [1733774520.491935094] [fibonacci_action_client]: Received feedback: array('i', [0, 1, 1, 2, 3, 5, 8])
[INFO] [1733774520.993158889] [fibonacci_action_client]: Received feedback: array('i', [0, 1, 1, 2, 3, 5, 8, 13])
[INFO] [1733774521.495589023] [fibonacci_action_client]: Received feedback: array('i', [0, 1, 1, 2, 3, 5, 8, 13, 21])
[INFO] [1733774521.996304505] [fibonacci_action_client]: Received feedback: array('i', [0, 1, 1, 2, 3, 5, 8, 13, 21, 34])
[INFO] [1733774522.497759883] [fibonacci_action_client]: Received feedback: array('i', [0, 1, 1, 2, 3, 5, 8, 13, 21, 34, 55])
[INFO] [1733774523.000270863] [fibonacci_action_client]: Result: array('i', [0, 1, 1, 2, 3, 5, 8, 13, 21, 34, 55])
[INFO] [1733774523.501242322] [fibonacci_action_client]: Sending goal with order 10
[INFO] [1733774527.512502544] [fibonacci_action_client]: Goal accepted, waiting for result.
[INFO] [1733774527.514231147] [fibonacci_action_client]: Received feedback: array('i', [0, 1, 1])
[INFO] [1733774528.015680339] [fibonacci_action_client]: Received feedback: array('i', [0, 1, 1, 2])
[INFO] [1733774528.516903464] [fibonacci_action_client]: Received feedback: array('i', [0, 1, 1, 2, 3])
[INFO] [1733774529.017894675] [fibonacci_action_client]: Received feedback: array('i', [0, 1, 1, 2, 3, 5])
[INFO] [1733774529.518472301] [fibonacci_action_client]: Received feedback: array('i', [0, 1, 1, 2, 3, 5, 8])
[INFO] [1733774530.019568044] [fibonacci_action_client]: Received feedback: array('i', [0, 1, 1, 2, 3, 5, 8, 13])
[INFO] [1733774530.520981293] [fibonacci_action_client]: Received feedback: array('i', [0, 1, 1, 2, 3, 5, 8, 13, 21])
[INFO] [1733774531.022480225] [fibonacci_action_client]: Received feedback: array('i', [0, 1, 1, 2, 3, 5, 8, 13, 21, 34])
[INFO] [1733774531.523735071] [fibonacci_action_client]: Received feedback: array('i', [0, 1, 1, 2, 3, 5, 8, 13, 21, 34, 55])
[INFO] [1733774532.026412229] [fibonacci_action_client]: Result: array('i', [0, 1, 1, 2, 3, 5, 8, 13, 21, 34, 55])
[INFO] [1733774532.527359577] [fibonacci_action_client]: Sending goal with order 10
[INFO] [1733774536.541132403] [fibonacci_action_client]: Goal accepted, waiting for result.
[INFO] [1733774536.541869921] [fibonacci_action_client]: Received feedback: array('i', [0, 1, 1])
[INFO] [1733774537.041023472] [fibonacci_action_client]: Received feedback: array('i', [0, 1, 1, 2])
[INFO] [1733774537.542791204] [fibonacci_action_client]: Received feedback: array('i', [0, 1, 1, 2, 3])
[INFO] [1733774538.043868589] [fibonacci_action_client]: Received feedback: array('i', [0, 1, 1, 2, 3, 5])
[INFO] [1733774538.545154207] [fibonacci_action_client]: Received feedback: array('i', [0, 1, 1, 2, 3, 5, 8])
[INFO] [1733774539.046023429] [fibonacci_action_client]: Received feedback: array('i', [0, 1, 1, 2, 3, 5, 8, 13])
[INFO] [1733774539.547608014] [fibonacci_action_client]: Received feedback: array('i', [0, 1, 1, 2, 3, 5, 8, 13, 21])
[INFO] [1733774540.048646709] [fibonacci_action_client]: Received feedback: array('i', [0, 1, 1, 2, 3, 5, 8, 13, 21, 34])
[INFO] [1733774540.550106662] [fibonacci_action_client]: Received feedback: array('i', [0, 1, 1, 2, 3, 5, 8, 13, 21, 34, 55])
[INFO] [1733774541.053000923] [fibonacci_action_client]: Result: array('i', [0, 1, 1, 2, 3, 5, 8, 13, 21, 34, 55])
[INFO] [1733774541.553905151] [fibonacci_action_client]: Sending goal with order 10
[INFO] [1733774545.567896188] [fibonacci_action_client]: Goal accepted, waiting for result.
[INFO] [1733774545.568617869] [fibonacci_action_client]: Received feedback: array('i', [0, 1, 1])
[INFO] [1733774546.069117867] [fibonacci_action_client]: Received feedback: array('i', [0, 1, 1, 2])
[INFO] [1733774546.570517819] [fibonacci_action_client]: Received feedback: array('i', [0, 1, 1, 2, 3])
[INFO] [1733774547.071776992] [fibonacci_action_client]: Received feedback: array('i', [0, 1, 1, 2, 3, 5])
[INFO] [1733774547.573152356] [fibonacci_action_client]: Received feedback: array('i', [0, 1, 1, 2, 3, 5, 8])
[INFO] [1733774548.074486665] [fibonacci_action_client]: Received feedback: array('i', [0, 1, 1, 2, 3, 5, 8, 13])
[INFO] [1733774548.575556867] [fibonacci_action_client]: Received feedback: array('i', [0, 1, 1, 2, 3, 5, 8, 13, 21])
[INFO] [1733774549.076637661] [fibonacci_action_client]: Received feedback: array('i', [0, 1, 1, 2, 3, 5, 8, 13, 21, 34])
[INFO] [1733774549.578022097] [fibonacci_action_client]: Received feedback: array('i', [0, 1, 1, 2, 3, 5, 8, 13, 21, 34, 55])
[INFO] [1733774550.081737787] [fibonacci_action_client]: Result: array('i', [0, 1, 1, 2, 3, 5, 8, 13, 21, 34, 55])
[INFO] [1733774550.582699181] [fibonacci_action_client]: Sending goal with order 10
[INFO] [1733774554.594693019] [fibonacci_action_client]: Goal accepted, waiting for result.
[INFO] [1733774554.595401949] [fibonacci_action_client]: Received feedback: array('i', [0, 1, 1])
[INFO] [1733774555.095716726] [fibonacci_action_client]: Received feedback: array('i', [0, 1, 1, 2])
[INFO] [1733774555.596803828] [fibonacci_action_client]: Received feedback: array('i', [0, 1, 1, 2, 3])
[INFO] [1733774556.098376180] [fibonacci_action_client]: Received feedback: array('i', [0, 1, 1, 2, 3, 5])
[INFO] [1733774556.599654403] [fibonacci_action_client]: Received feedback: array('i', [0, 1, 1, 2, 3, 5, 8])
[INFO] [1733774557.101005153] [fibonacci_action_client]: Received feedback: array('i', [0, 1, 1, 2, 3, 5, 8, 13])
[INFO] [1733774557.602004496] [fibonacci_action_client]: Received feedback: array('i', [0, 1, 1, 2, 3, 5, 8, 13, 21])
[INFO] [1733774558.103076572] [fibonacci_action_client]: Received feedback: array('i', [0, 1, 1, 2, 3, 5, 8, 13, 21, 34])
[INFO] [1733774558.604200373] [fibonacci_action_client]: Received feedback: array('i', [0, 1, 1, 2, 3, 5, 8, 13, 21, 34, 55])
[INFO] [1733774559.108993351] [fibonacci_action_client]: Result: array('i', [0, 1, 1, 2, 3, 5, 8, 13, 21, 34, 55])
[INFO] [1733774559.610050989] [fibonacci_action_client]: Sending goal with order 10
[INFO] [1733774563.620411117] [fibonacci_action_client]: Goal accepted, waiting for result.
[INFO] [1733774563.621254642] [fibonacci_action_client]: Received feedback: array('i', [0, 1, 1])
[INFO] [1733774564.122475328] [fibonacci_action_client]: Received feedback: array('i', [0, 1, 1, 2])
[INFO] [1733774564.623907399] [fibonacci_action_client]: Received feedback: array('i', [0, 1, 1, 2, 3])
[INFO] [1733774565.125184759] [fibonacci_action_client]: Received feedback: array('i', [0, 1, 1, 2, 3, 5])
[INFO] [1733774565.626602405] [fibonacci_action_client]: Received feedback: array('i', [0, 1, 1, 2, 3, 5, 8])
[INFO] [1733774566.127856846] [fibonacci_action_client]: Received feedback: array('i', [0, 1, 1, 2, 3, 5, 8, 13])
[INFO] [1733774566.629233398] [fibonacci_action_client]: Received feedback: array('i', [0, 1, 1, 2, 3, 5, 8, 13, 21])
[INFO] [1733774567.130443578] [fibonacci_action_client]: Received feedback: array('i', [0, 1, 1, 2, 3, 5, 8, 13, 21, 34])
[INFO] [1733774567.631977976] [fibonacci_action_client]: Received feedback: array('i', [0, 1, 1, 2, 3, 5, 8, 13, 21, 34, 55])
[INFO] [1733774563.621548564] [fibonacci_action_client]: Result: array('i', [0, 1, 1, 2, 3, 5, 8, 13, 21, 34, 55])
[INFO] [1733774564.122476261] [fibonacci_action_client]: Sending goal with order 10
[INFO] [1733774568.136532186] [fibonacci_action_client]: Goal accepted, waiting for result.
