[INFO] [1733722557.517717772] [fibonacci_action_server]: Received goal request with order 10
[INFO] [1733722557.517964669] [fibonacci_action_server]: Executing goal...
[INFO] [1733722557.518053051] [fibonacci_action_server]: Feedback: [1]
[INFO] [1733722557.529683728] [fibonacci_action_server]: Received goal request with order 10
[INFO] [1733722557.529815540] [fibonacci_action_server]: Executing goal...
[INFO] [1733722557.529879980] [fibonacci_action_server]: Feedback: [1]
[INFO] [1733722557.550808782] [fibonacci_action_server]: Received goal request with order 10
[INFO] [1733722557.550948089] [fibonacci_action_server]: Executing goal...
[INFO] [1733722557.551017995] [fibonacci_action_server]: Feedback: [1]
[INFO] [1733722558.518441942] [fibonacci_action_server]: Feedback: [2]
[INFO] [1733722558.530229782] [fibonacci_action_server]: Feedback: [2]
[INFO] [1733722558.551499271] [fibonacci_action_server]: Feedback: [2]
[INFO] [1733722559.518756117] [fibonacci_action_server]: Feedback: [3]
[INFO] [1733722559.530489957] [fibonacci_action_server]: Feedback: [3]
[INFO] [1733722559.552061665] [fibonacci_action_server]: Feedback: [3]
[INFO] [1733722560.519088288] [fibonacci_action_server]: Feedback: [5]
[INFO] [1733722560.530850861] [fibonacci_action_server]: Feedback: [5]
[INFO] [1733722560.552478626] [fibonacci_action_server]: Feedback: [5]
[INFO] [1733722561.519360210] [fibonacci_action_server]: Feedback: [8]
[INFO] [1733722561.531351524] [fibonacci_action_server]: Feedback: [8]
[INFO] [1733722561.553045454] [fibonacci_action_server]: Feedback: [8]
[INFO] [1733722562.519590435] [fibonacci_action_server]: Feedback: [13]
[INFO] [1733722562.531615068] [fibonacci_action_server]: Feedback: [13]
[INFO] [1733722562.553315365] [fibonacci_action_server]: Feedback: [13]
[INFO] [1733722563.520131691] [fibonacci_action_server]: Feedback: [21]
[INFO] [1733722563.532165274] [fibonacci_action_server]: Feedback: [21]
[INFO] [1733722563.553590497] [fibonacci_action_server]: Feedback: [21]
[INFO] [1733722564.520729765] [fibonacci_action_server]: Feedback: [34]
[INFO] [1733722564.532754003] [fibonacci_action_server]: Feedback: [34]
[INFO] [1733722564.553839755] [fibonacci_action_server]: Feedback: [34]
[INFO] [1733722565.520973487] [fibonacci_action_server]: Feedback: [55]
[INFO] [1733722565.532988464] [fibonacci_action_server]: Feedback: [55]
[INFO] [1733722565.554252320] [fibonacci_action_server]: Feedback: [55]
[INFO] [1733722566.521270530] [fibonacci_action_server]: Goal succeeded
[INFO] [1733722566.533627113] [fibonacci_action_server]: Goal succeeded
[INFO] [1733722566.554689513] [fibonacci_action_server]: Goal succeeded
[INFO] [1733722566.854767320] [fibonacci_action_server]: Received goal request with order 10
[INFO] [1733722566.855012752] [fibonacci_action_server]: Executing goal...
[INFO] [1733722566.855176939] [fibonacci_action_server]: Feedback: [1]
[INFO] [1733722566.865705918] [fibonacci_action_server]: Received goal request with order 10
[INFO] [1733722566.865998017] [fibonacci_action_server]: Executing goal...
[INFO] [1733722566.866158625] [fibonacci_action_server]: Feedback: [1]
[INFO] [1733722567.489210329] [fibonacci_action_server]: Received goal request with order 10
[INFO] [1733722567.489501716] [fibonacci_action_server]: Executing goal...
[INFO] [1733722567.489668014] [fibonacci_action_server]: Feedback: [1]
[INFO] [1733722567.855440300] [fibonacci_action_server]: Feedback: [2]
[INFO] [1733722567.866383939] [fibonacci_action_server]: Feedback: [2]
[INFO] [1733722568.489885784] [fibonacci_action_server]: Feedback: [2]
[INFO] [1733722568.856174351] [fibonacci_action_server]: Feedback: [3]
[INFO] [1733722568.866810221] [fibonacci_action_server]: Feedback: [3]
[INFO] [1733722569.490320933] [fibonacci_action_server]: Feedback: [3]
[INFO] [1733722569.856686937] [fibonacci_action_server]: Feedback: [5]
[INFO] [1733722569.867288425] [fibonacci_action_server]: Feedback: [5]
[INFO] [1733722570.490564848] [fibonacci_action_server]: Feedback: [5]
[INFO] [1733722570.857251005] [fibonacci_action_server]: Feedback: [8]
[INFO] [1733722570.867757546] [fibonacci_action_server]: Feedback: [8]
[INFO] [1733722571.490909326] [fibonacci_action_server]: Feedback: [8]
[INFO] [1733722571.857986929] [fibonacci_action_server]: Feedback: [13]
[INFO] [1733722571.868399057] [fibonacci_action_server]: Feedback: [13]
[INFO] [1733722572.491401145] [fibonacci_action_server]: Feedback: [13]
[INFO] [1733722572.858379480] [fibonacci_action_server]: Feedback: [21]
[INFO] [1733722572.868916603] [fibonacci_action_server]: Feedback: [21]
[INFO] [1733722573.491664305] [fibonacci_action_server]: Feedback: [21]
[INFO] [1733722573.858771801] [fibonacci_action_server]: Feedback: [34]
[INFO] [1733722573.869557660] [fibonacci_action_server]: Feedback: [34]
[INFO] [1733722574.491862873] [fibonacci_action_server]: Feedback: [34]
[INFO] [1733722574.858975743] [fibonacci_action_server]: Feedback: [55]
[INFO] [1733722574.869817895] [fibonacci_action_server]: Feedback: [55]
[INFO] [1733722575.492457152] [fibonacci_action_server]: Feedback: [55]
[INFO] [1733722575.859242904] [fibonacci_action_server]: Goal succeeded
[INFO] [1733722575.870106824] [fibonacci_action_server]: Goal succeeded
[INFO] [1733722576.091064500] [fibonacci_action_server]: Received goal request with order 10
[INFO] [1733722576.091300335] [fibonacci_action_server]: Executing goal...
[INFO] [1733722576.091429277] [fibonacci_action_server]: Feedback: [1]
[INFO] [1733722576.492821104] [fibonacci_action_server]: Goal succeeded
[INFO] [1733722576.501472194] [fibonacci_action_server]: Received goal request with order 10
[INFO] [1733722576.501726624] [fibonacci_action_server]: Executing goal...
[INFO] [1733722576.501853392] [fibonacci_action_server]: Feedback: [1]
[INFO] [1733722576.923989025] [fibonacci_action_server]: Received goal request with order 10
[INFO] [1733722576.924241750] [fibonacci_action_server]: Executing goal...
[INFO] [1733722576.924300510] [fibonacci_action_server]: Feedback: [1]
[INFO] [1733722577.091609594] [fibonacci_action_server]: Feedback: [2]
[INFO] [1733722577.502209477] [fibonacci_action_server]: Feedback: [2]
[INFO] [1733722577.924797269] [fibonacci_action_server]: Feedback: [2]
[INFO] [1733722578.092090289] [fibonacci_action_server]: Feedback: [3]
[INFO] [1733722578.502426644] [fibonacci_action_server]: Feedback: [3]
[INFO] [1733722578.925062390] [fibonacci_action_server]: Feedback: [3]
[INFO] [1733722579.092339779] [fibonacci_action_server]: Feedback: [5]
[INFO] [1733722579.502845564] [fibonacci_action_server]: Feedback: [5]
[INFO] [1733722579.925457731] [fibonacci_action_server]: Feedback: [5]
[INFO] [1733722580.092595206] [fibonacci_action_server]: Feedback: [8]
[INFO] [1733722580.503093002] [fibonacci_action_server]: Feedback: [8]
[INFO] [1733722580.925719616] [fibonacci_action_server]: Feedback: [8]
[INFO] [1733722581.092847791] [fibonacci_action_server]: Feedback: [13]
[INFO] [1733722581.503351341] [fibonacci_action_server]: Feedback: [13]
[INFO] [1733722581.926124977] [fibonacci_action_server]: Feedback: [13]
[INFO] [1733722582.093383849] [fibonacci_action_server]: Feedback: [21]
[INFO] [1733722582.503583017] [fibonacci_action_server]: Feedback: [21]
[INFO] [1733722582.926598085] [fibonacci_action_server]: Feedback: [21]
[INFO] [1733722583.093773830] [fibonacci_action_server]: Feedback: [34]
[INFO] [1733722583.503856570] [fibonacci_action_server]: Feedback: [34]
[INFO] [1733722583.927145267] [fibonacci_action_server]: Feedback: [34]
[INFO] [1733722584.094016639] [fibonacci_action_server]: Feedback: [55]
[INFO] [1733722584.504374992] [fibonacci_action_server]: Feedback: [55]
[INFO] [1733722584.927414907] [fibonacci_action_server]: Feedback: [55]
[INFO] [1733722585.094311337] [fibonacci_action_server]: Goal succeeded
[INFO] [1733722585.322637469] [fibonacci_action_server]: Received goal request with order 10
[INFO] [1733722585.322857284] [fibonacci_action_server]: Executing goal...
[INFO] [1733722585.323002121] [fibonacci_action_server]: Feedback: [1]
[INFO] [1733722585.504690647] [fibonacci_action_server]: Goal succeeded
[INFO] [1733722585.832272585] [fibonacci_action_server]: Received goal request with order 10
[INFO] [1733722585.832545257] [fibonacci_action_server]: Executing goal...
[INFO] [1733722585.832658173] [fibonacci_action_server]: Feedback: [1]
[INFO] [1733722585.928006335] [fibonacci_action_server]: Goal succeeded
[INFO] [1733722586.258775092] [fibonacci_action_server]: Received goal request with order 10
[INFO] [1733722586.258984926] [fibonacci_action_server]: Executing goal...
[INFO] [1733722586.259103243] [fibonacci_action_server]: Feedback: [1]
[INFO] [1733722586.323216991] [fibonacci_action_server]: Feedback: [2]
[INFO] [1733722586.832859278] [fibonacci_action_server]: Feedback: [2]
[INFO] [1733722587.259610918] [fibonacci_action_server]: Feedback: [2]
[INFO] [1733722587.323773625] [fibonacci_action_server]: Feedback: [3]
[INFO] [1733722587.833137865] [fibonacci_action_server]: Feedback: [3]
[INFO] [1733722588.260180112] [fibonacci_action_server]: Feedback: [3]
[INFO] [1733722588.324260318] [fibonacci_action_server]: Feedback: [5]
[INFO] [1733722588.833508610] [fibonacci_action_server]: Feedback: [5]
[INFO] [1733722589.260747836] [fibonacci_action_server]: Feedback: [5]
[INFO] [1733722589.324877250] [fibonacci_action_server]: Feedback: [8]
[INFO] [1733722589.833826244] [fibonacci_action_server]: Feedback: [8]
[INFO] [1733722590.261007245] [fibonacci_action_server]: Feedback: [8]
[INFO] [1733722590.325422688] [fibonacci_action_server]: Feedback: [13]
[INFO] [1733722590.834311355] [fibonacci_action_server]: Feedback: [13]
[INFO] [1733722591.261701930] [fibonacci_action_server]: Feedback: [13]
[INFO] [1733722591.325707643] [fibonacci_action_server]: Feedback: [21]
[INFO] [1733722591.834605328] [fibonacci_action_server]: Feedback: [21]
[INFO] [1733722592.262125495] [fibonacci_action_server]: Feedback: [21]
[INFO] [1733722592.326149547] [fibonacci_action_server]: Feedback: [34]
[INFO] [1733722592.834982996] [fibonacci_action_server]: Feedback: [34]
[INFO] [1733722593.262558286] [fibonacci_action_server]: Feedback: [34]
[INFO] [1733722593.326642061] [fibonacci_action_server]: Feedback: [55]
[INFO] [1733722593.835544518] [fibonacci_action_server]: Feedback: [55]
[INFO] [1733722594.263079101] [fibonacci_action_server]: Feedback: [55]
[INFO] [1733722594.327224154] [fibonacci_action_server]: Goal succeeded
[INFO] [1733722594.658579069] [fibonacci_action_server]: Received goal request with order 10
[INFO] [1733722594.658827028] [fibonacci_action_server]: Executing goal...
[INFO] [1733722594.658951332] [fibonacci_action_server]: Feedback: [1]
[INFO] [1733722594.836210364] [fibonacci_action_server]: Goal succeeded
[INFO] [1733722595.168746631] [fibonacci_action_server]: Received goal request with order 10
[INFO] [1733722595.168965805] [fibonacci_action_server]: Executing goal...
[INFO] [1733722595.169028582] [fibonacci_action_server]: Feedback: [1]
[INFO] [1733722595.263772099] [fibonacci_action_server]: Goal succeeded
[INFO] [1733722595.595506218] [fibonacci_action_server]: Received goal request with order 10
[INFO] [1733722595.595813498] [fibonacci_action_server]: Executing goal...
[INFO] [1733722595.595962234] [fibonacci_action_server]: Feedback: [1]
[INFO] [1733722595.659237475] [fibonacci_action_server]: Feedback: [2]
[INFO] [1733722596.169218121] [fibonacci_action_server]: Feedback: [2]
[INFO] [1733722596.596229159] [fibonacci_action_server]: Feedback: [2]
[INFO] [1733722596.659811405] [fibonacci_action_server]: Feedback: [3]
[INFO] [1733722597.169485019] [fibonacci_action_server]: Feedback: [3]
[INFO] [1733722597.596753025] [fibonacci_action_server]: Feedback: [3]
[INFO] [1733722597.660065893] [fibonacci_action_server]: Feedback: [5]
[INFO] [1733722598.169685773] [fibonacci_action_server]: Feedback: [5]
[INFO] [1733722598.597273846] [fibonacci_action_server]: Feedback: [5]
[INFO] [1733722598.660690117] [fibonacci_action_server]: Feedback: [8]
[INFO] [1733722599.170068688] [fibonacci_action_server]: Feedback: [8]
[INFO] [1733722599.597530016] [fibonacci_action_server]: Feedback: [8]
[INFO] [1733722599.661263186] [fibonacci_action_server]: Feedback: [13]
[INFO] [1733722600.170516176] [fibonacci_action_server]: Feedback: [13]
[INFO] [1733722600.598209358] [fibonacci_action_server]: Feedback: [13]
[INFO] [1733722600.661507072] [fibonacci_action_server]: Feedback: [21]
[INFO] [1733722601.171181092] [fibonacci_action_server]: Feedback: [21]
[INFO] [1733722601.598610064] [fibonacci_action_server]: Feedback: [21]
[INFO] [1733722601.661908190] [fibonacci_action_server]: Feedback: [34]
[INFO] [1733722602.171565602] [fibonacci_action_server]: Feedback: [34]
[INFO] [1733722602.598868638] [fibonacci_action_server]: Feedback: [34]
[INFO] [1733722602.662381964] [fibonacci_action_server]: Feedback: [55]
[INFO] [1733722603.172187255] [fibonacci_action_server]: Feedback: [55]
[INFO] [1733722603.599450751] [fibonacci_action_server]: Feedback: [55]
[INFO] [1733722603.662709512] [fibonacci_action_server]: Goal succeeded
[INFO] [1733722603.995585331] [fibonacci_action_server]: Received goal request with order 10
[INFO] [1733722603.995888194] [fibonacci_action_server]: Executing goal...
[INFO] [1733722603.996039477] [fibonacci_action_server]: Feedback: [1]
[INFO] [1733722604.172803087] [fibonacci_action_server]: Goal succeeded
[INFO] [1733722604.504636745] [fibonacci_action_server]: Received goal request with order 10
[INFO] [1733722604.504917041] [fibonacci_action_server]: Executing goal...
[INFO] [1733722604.505087177] [fibonacci_action_server]: Feedback: [1]
[INFO] [1733722604.599868411] [fibonacci_action_server]: Goal succeeded
[INFO] [1733722604.933133356] [fibonacci_action_server]: Received goal request with order 10
[INFO] [1733722604.933281702] [fibonacci_action_server]: Executing goal...
[INFO] [1733722604.933465730] [fibonacci_action_server]: Feedback: [1]
[INFO] [1733722604.996514298] [fibonacci_action_server]: Feedback: [2]
[INFO] [1733722605.505524698] [fibonacci_action_server]: Feedback: [2]
[INFO] [1733722605.933680979] [fibonacci_action_server]: Feedback: [2]
[INFO] [1733722605.997085738] [fibonacci_action_server]: Feedback: [3]
[INFO] [1733722606.505756073] [fibonacci_action_server]: Feedback: [3]
[INFO] [1733722606.934018782] [fibonacci_action_server]: Feedback: [3]
[INFO] [1733722606.997491818] [fibonacci_action_server]: Feedback: [5]
[INFO] [1733722607.506259814] [fibonacci_action_server]: Feedback: [5]
[INFO] [1733722607.934394121] [fibonacci_action_server]: Feedback: [5]
[INFO] [1733722607.998190492] [fibonacci_action_server]: Feedback: [8]
[INFO] [1733722608.506663088] [fibonacci_action_server]: Feedback: [8]
[INFO] [1733722608.934893692] [fibonacci_action_server]: Feedback: [8]
[INFO] [1733722608.998667070] [fibonacci_action_server]: Feedback: [13]
[INFO] [1733722609.506963460] [fibonacci_action_server]: Feedback: [13]
[INFO] [1733722609.935445557] [fibonacci_action_server]: Feedback: [13]
[INFO] [1733722609.999215996] [fibonacci_action_server]: Feedback: [21]
[INFO] [1733722610.507501019] [fibonacci_action_server]: Feedback: [21]
[INFO] [1733722610.935741309] [fibonacci_action_server]: Feedback: [21]
[INFO] [1733722610.999412015] [fibonacci_action_server]: Feedback: [34]
[INFO] [1733722611.507811414] [fibonacci_action_server]: Feedback: [34]
[INFO] [1733722611.936351193] [fibonacci_action_server]: Feedback: [34]
[INFO] [1733722611.999679991] [fibonacci_action_server]: Feedback: [55]
[INFO] [1733722612.508028348] [fibonacci_action_server]: Feedback: [55]
[INFO] [1733722612.936927548] [fibonacci_action_server]: Feedback: [55]
[INFO] [1733722613.000365995] [fibonacci_action_server]: Goal succeeded
[INFO] [1733722613.334904529] [fibonacci_action_server]: Received goal request with order 10
[INFO] [1733722613.335182222] [fibonacci_action_server]: Executing goal...
[INFO] [1733722613.335342529] [fibonacci_action_server]: Feedback: [1]
[INFO] [1733722613.508647258] [fibonacci_action_server]: Goal succeeded
[INFO] [1733722613.841383996] [fibonacci_action_server]: Received goal request with order 10
[INFO] [1733722613.841683026] [fibonacci_action_server]: Executing goal...
[INFO] [1733722613.841850848] [fibonacci_action_server]: Feedback: [1]
[INFO] [1733722613.937614579] [fibonacci_action_server]: Goal succeeded
[INFO] [1733722614.268885234] [fibonacci_action_server]: Received goal request with order 10
[INFO] [1733722614.269133244] [fibonacci_action_server]: Executing goal...
[INFO] [1733722614.269204137] [fibonacci_action_server]: Feedback: [1]
[INFO] [1733722614.335857842] [fibonacci_action_server]: Feedback: [2]
[INFO] [1733722614.842212465] [fibonacci_action_server]: Feedback: [2]
[INFO] [1733722615.269650559] [fibonacci_action_server]: Feedback: [2]
[INFO] [1733722615.336119263] [fibonacci_action_server]: Feedback: [3]
[INFO] [1733722615.842632410] [fibonacci_action_server]: Feedback: [3]
[INFO] [1733722616.269965556] [fibonacci_action_server]: Feedback: [3]
[INFO] [1733722616.336695502] [fibonacci_action_server]: Feedback: [5]
[INFO] [1733722616.843190951] [fibonacci_action_server]: Feedback: [5]
[INFO] [1733722617.270221713] [fibonacci_action_server]: Feedback: [5]
[INFO] [1733722617.336964671] [fibonacci_action_server]: Feedback: [8]
[INFO] [1733722617.843444815] [fibonacci_action_server]: Feedback: [8]
[INFO] [1733722618.270663485] [fibonacci_action_server]: Feedback: [8]
[INFO] [1733722618.337207717] [fibonacci_action_server]: Feedback: [13]
[INFO] [1733722618.844100529] [fibonacci_action_server]: Feedback: [13]
[INFO] [1733722619.271180129] [fibonacci_action_server]: Feedback: [13]
[INFO] [1733722619.337808907] [fibonacci_action_server]: Feedback: [21]
[INFO] [1733722619.844646866] [fibonacci_action_server]: Feedback: [21]
[INFO] [1733722620.271453910] [fibonacci_action_server]: Feedback: [21]
[INFO] [1733722620.338114367] [fibonacci_action_server]: Feedback: [34]
[INFO] [1733722620.845124804] [fibonacci_action_server]: Feedback: [34]
[INFO] [1733722621.271743857] [fibonacci_action_server]: Feedback: [34]
[INFO] [1733722621.338409458] [fibonacci_action_server]: Feedback: [55]
[INFO] [1733722621.845589187] [fibonacci_action_server]: Feedback: [55]
[INFO] [1733722622.272310398] [fibonacci_action_server]: Feedback: [55]
[INFO] [1733722622.338949080] [fibonacci_action_server]: Goal succeeded
[INFO] [1733722622.670077268] [fibonacci_action_server]: Received goal request with order 10
[INFO] [1733722622.670305466] [fibonacci_action_server]: Executing goal...
[INFO] [1733722622.670422040] [fibonacci_action_server]: Feedback: [1]
[INFO] [1733722622.845881653] [fibonacci_action_server]: Goal succeeded
[INFO] [1733722623.179771651] [fibonacci_action_server]: Received goal request with order 10
[INFO] [1733722623.179977135] [fibonacci_action_server]: Executing goal...
[INFO] [1733722623.180053820] [fibonacci_action_server]: Feedback: [1]
[INFO] [1733722623.273048699] [fibonacci_action_server]: Goal succeeded
[INFO] [1733722623.603624218] [fibonacci_action_server]: Received goal request with order 10
[INFO] [1733722623.603832901] [fibonacci_action_server]: Executing goal...
[INFO] [1733722623.603950203] [fibonacci_action_server]: Feedback: [1]
[INFO] [1733722623.670663018] [fibonacci_action_server]: Feedback: [2]
[INFO] [1733722624.180243839] [fibonacci_action_server]: Feedback: [2]
[INFO] [1733722624.604449818] [fibonacci_action_server]: Feedback: [2]
[INFO] [1733722624.671177991] [fibonacci_action_server]: Feedback: [3]
[INFO] [1733722625.180811321] [fibonacci_action_server]: Feedback: [3]
[INFO] [1733722625.605044994] [fibonacci_action_server]: Feedback: [3]
[INFO] [1733722625.671551874] [fibonacci_action_server]: Feedback: [5]
[INFO] [1733722626.181378657] [fibonacci_action_server]: Feedback: [5]
[INFO] [1733722626.605645290] [fibonacci_action_server]: Feedback: [5]
[INFO] [1733722626.672158521] [fibonacci_action_server]: Feedback: [8]
[INFO] [1733722627.181610034] [fibonacci_action_server]: Feedback: [8]
[INFO] [1733722627.606020429] [fibonacci_action_server]: Feedback: [8]
[INFO] [1733722627.672681752] [fibonacci_action_server]: Feedback: [13]
[INFO] [1733722628.182343283] [fibonacci_action_server]: Feedback: [13]
[INFO] [1733722628.606302847] [fibonacci_action_server]: Feedback: [13]
[INFO] [1733722628.673237893] [fibonacci_action_server]: Feedback: [21]
[INFO] [1733722629.182748557] [fibonacci_action_server]: Feedback: [21]
[INFO] [1733722629.606897655] [fibonacci_action_server]: Feedback: [21]
[INFO] [1733722629.673730762] [fibonacci_action_server]: Feedback: [34]
[INFO] [1733722630.183015354] [fibonacci_action_server]: Feedback: [34]
[INFO] [1733722630.607498285] [fibonacci_action_server]: Feedback: [34]
[INFO] [1733722630.673917788] [fibonacci_action_server]: Feedback: [55]
[INFO] [1733722631.183605081] [fibonacci_action_server]: Feedback: [55]
[INFO] [1733722631.607771650] [fibonacci_action_server]: Feedback: [55]
[INFO] [1733722631.674375757] [fibonacci_action_server]: Goal succeeded
[INFO] [1733722632.007011604] [fibonacci_action_server]: Received goal request with order 10
[INFO] [1733722632.007281477] [fibonacci_action_server]: Executing goal...
[INFO] [1733722632.007425916] [fibonacci_action_server]: Feedback: [1]
[INFO] [1733722632.183977604] [fibonacci_action_server]: Goal succeeded
[INFO] [1733722632.514514528] [fibonacci_action_server]: Received goal request with order 10
[INFO] [1733722632.514847318] [fibonacci_action_server]: Executing goal...
[INFO] [1733722632.514972036] [fibonacci_action_server]: Feedback: [1]
[INFO] [1733722632.608563968] [fibonacci_action_server]: Goal succeeded
[INFO] [1733722632.939938088] [fibonacci_action_server]: Received goal request with order 10
[INFO] [1733722632.940242370] [fibonacci_action_server]: Executing goal...
[INFO] [1733722632.940392950] [fibonacci_action_server]: Feedback: [1]
[INFO] [1733722633.007658616] [fibonacci_action_server]: Feedback: [2]
[INFO] [1733722633.515473840] [fibonacci_action_server]: Feedback: [2]
[INFO] [1733722633.940832198] [fibonacci_action_server]: Feedback: [2]
[INFO] [1733722634.008188781] [fibonacci_action_server]: Feedback: [3]
[INFO] [1733722634.515972070] [fibonacci_action_server]: Feedback: [3]
[INFO] [1733722634.941194927] [fibonacci_action_server]: Feedback: [3]
[INFO] [1733722635.008597619] [fibonacci_action_server]: Feedback: [5]
[INFO] [1733722635.516516558] [fibonacci_action_server]: Feedback: [5]
[INFO] [1733722635.941586142] [fibonacci_action_server]: Feedback: [5]
[INFO] [1733722636.008902506] [fibonacci_action_server]: Feedback: [8]
[INFO] [1733722636.517093976] [fibonacci_action_server]: Feedback: [8]
[INFO] [1733722636.941872214] [fibonacci_action_server]: Feedback: [8]
[INFO] [1733722637.009148973] [fibonacci_action_server]: Feedback: [13]
[INFO] [1733722637.517435842] [fibonacci_action_server]: Feedback: [13]
[INFO] [1733722637.942104018] [fibonacci_action_server]: Feedback: [13]
[INFO] [1733722638.009442637] [fibonacci_action_server]: Feedback: [21]
[INFO] [1733722638.517780719] [fibonacci_action_server]: Feedback: [21]
[INFO] [1733722638.942306128] [fibonacci_action_server]: Feedback: [21]
[INFO] [1733722639.009681388] [fibonacci_action_server]: Feedback: [34]
[INFO] [1733722639.518198856] [fibonacci_action_server]: Feedback: [34]
[INFO] [1733722639.942525473] [fibonacci_action_server]: Feedback: [34]
[INFO] [1733722640.009891724] [fibonacci_action_server]: Feedback: [55]
[INFO] [1733722640.518468280] [fibonacci_action_server]: Feedback: [55]
[INFO] [1733722640.942884909] [fibonacci_action_server]: Feedback: [55]
[INFO] [1733722641.010258833] [fibonacci_action_server]: Goal succeeded
[INFO] [1733722641.339770850] [fibonacci_action_server]: Received goal request with order 10
[INFO] [1733722641.340012745] [fibonacci_action_server]: Executing goal...
[INFO] [1733722641.340083807] [fibonacci_action_server]: Feedback: [1]
[INFO] [1733722641.518736259] [fibonacci_action_server]: Goal succeeded
[INFO] [1733722641.845232809] [fibonacci_action_server]: Received goal request with order 10
[INFO] [1733722641.845398224] [fibonacci_action_server]: Executing goal...
[INFO] [1733722641.845460325] [fibonacci_action_server]: Feedback: [1]
[INFO] [1733722641.943237108] [fibonacci_action_server]: Goal succeeded
[INFO] [1733722642.273336672] [fibonacci_action_server]: Received goal request with order 10
[INFO] [1733722642.273521901] [fibonacci_action_server]: Executing goal...
[INFO] [1733722642.273585109] [fibonacci_action_server]: Feedback: [1]
[INFO] [1733722642.340249678] [fibonacci_action_server]: Feedback: [2]
[INFO] [1733722642.845654838] [fibonacci_action_server]: Feedback: [2]
[INFO] [1733722643.273769890] [fibonacci_action_server]: Feedback: [2]
[INFO] [1733722643.340534648] [fibonacci_action_server]: Feedback: [3]
[INFO] [1733722643.846122110] [fibonacci_action_server]: Feedback: [3]
[INFO] [1733722644.274019814] [fibonacci_action_server]: Feedback: [3]
[INFO] [1733722644.340773972] [fibonacci_action_server]: Feedback: [5]
[INFO] [1733722644.846359006] [fibonacci_action_server]: Feedback: [5]
[INFO] [1733722645.274369341] [fibonacci_action_server]: Feedback: [5]
[INFO] [1733722645.341201676] [fibonacci_action_server]: Feedback: [8]
[INFO] [1733722645.846673723] [fibonacci_action_server]: Feedback: [8]
[INFO] [1733722646.274784410] [fibonacci_action_server]: Feedback: [8]
[INFO] [1733722646.341502272] [fibonacci_action_server]: Feedback: [13]
[INFO] [1733722646.847181346] [fibonacci_action_server]: Feedback: [13]
[INFO] [1733722647.275307934] [fibonacci_action_server]: Feedback: [13]
[INFO] [1733722647.341757370] [fibonacci_action_server]: Feedback: [21]
[INFO] [1733722647.847759653] [fibonacci_action_server]: Feedback: [21]
[INFO] [1733722648.275864779] [fibonacci_action_server]: Feedback: [21]
[INFO] [1733722648.342215293] [fibonacci_action_server]: Feedback: [34]
[INFO] [1733722648.848040100] [fibonacci_action_server]: Feedback: [34]
[INFO] [1733722649.276464558] [fibonacci_action_server]: Feedback: [34]
[INFO] [1733722649.342528651] [fibonacci_action_server]: Feedback: [55]
[INFO] [1733722649.848396929] [fibonacci_action_server]: Feedback: [55]
[INFO] [1733722650.276793624] [fibonacci_action_server]: Feedback: [55]
[INFO] [1733722650.343137552] [fibonacci_action_server]: Goal succeeded
[INFO] [1733722650.675247983] [fibonacci_action_server]: Received goal request with order 10
[INFO] [1733722650.675564021] [fibonacci_action_server]: Executing goal...
[INFO] [1733722650.675695763] [fibonacci_action_server]: Feedback: [1]
[INFO] [1733722650.848758927] [fibonacci_action_server]: Goal succeeded
[INFO] [1733722651.177989288] [fibonacci_action_server]: Received goal request with order 10
[INFO] [1733722651.178258525] [fibonacci_action_server]: Executing goal...
[INFO] [1733722651.178410686] [fibonacci_action_server]: Feedback: [1]
[INFO] [1733722651.277485021] [fibonacci_action_server]: Goal succeeded
[INFO] [1733722651.607276211] [fibonacci_action_server]: Received goal request with order 10
[INFO] [1733722651.607541941] [fibonacci_action_server]: Executing goal...
[INFO] [1733722651.607678466] [fibonacci_action_server]: Feedback: [1]
[INFO] [1733722651.675966681] [fibonacci_action_server]: Feedback: [2]
[INFO] [1733722652.178790427] [fibonacci_action_server]: Feedback: [2]
[INFO] [1733722652.608181724] [fibonacci_action_server]: Feedback: [2]
[INFO] [1733722652.676470129] [fibonacci_action_server]: Feedback: [3]
[INFO] [1733722653.179362839] [fibonacci_action_server]: Feedback: [3]
[INFO] [1733722653.608906773] [fibonacci_action_server]: Feedback: [3]
[INFO] [1733722653.676992170] [fibonacci_action_server]: Feedback: [5]
[INFO] [1733722654.179668476] [fibonacci_action_server]: Feedback: [5]
[INFO] [1733722654.609545192] [fibonacci_action_server]: Feedback: [5]
[INFO] [1733722654.677565746] [fibonacci_action_server]: Feedback: [8]
[INFO] [1733722655.180276698] [fibonacci_action_server]: Feedback: [8]
[INFO] [1733722655.609814195] [fibonacci_action_server]: Feedback: [8]
[INFO] [1733722655.677827393] [fibonacci_action_server]: Feedback: [13]
[INFO] [1733722656.180859128] [fibonacci_action_server]: Feedback: [13]
[INFO] [1733722656.610371518] [fibonacci_action_server]: Feedback: [13]
[INFO] [1733722656.678104618] [fibonacci_action_server]: Feedback: [21]
[INFO] [1733722657.181138834] [fibonacci_action_server]: Feedback: [21]
[INFO] [1733722657.610749146] [fibonacci_action_server]: Feedback: [21]
[INFO] [1733722657.678529737] [fibonacci_action_server]: Feedback: [34]
[INFO] [1733722658.181742345] [fibonacci_action_server]: Feedback: [34]
[INFO] [1733722658.611297923] [fibonacci_action_server]: Feedback: [34]
[INFO] [1733722658.678938284] [fibonacci_action_server]: Feedback: [55]
[INFO] [1733722659.182248622] [fibonacci_action_server]: Feedback: [55]
[INFO] [1733722659.611861308] [fibonacci_action_server]: Feedback: [55]
[INFO] [1733722659.679531400] [fibonacci_action_server]: Goal succeeded
[INFO] [1733722660.010902733] [fibonacci_action_server]: Received goal request with order 10
[INFO] [1733722660.011258064] [fibonacci_action_server]: Executing goal...
[INFO] [1733722660.011376084] [fibonacci_action_server]: Feedback: [1]
[INFO] [1733722660.182586279] [fibonacci_action_server]: Goal succeeded
[INFO] [1733722660.512759369] [fibonacci_action_server]: Received goal request with order 10
[INFO] [1733722660.512939660] [fibonacci_action_server]: Executing goal...
[INFO] [1733722660.513003405] [fibonacci_action_server]: Feedback: [1]
[INFO] [1733722660.612504835] [fibonacci_action_server]: Goal succeeded
[INFO] [1733722660.943345571] [fibonacci_action_server]: Received goal request with order 10
[INFO] [1733722660.943580245] [fibonacci_action_server]: Executing goal...
[INFO] [1733722660.943652178] [fibonacci_action_server]: Feedback: [1]
[INFO] [1733722661.011771105] [fibonacci_action_server]: Feedback: [2]
[INFO] [1733722661.513356709] [fibonacci_action_server]: Feedback: [2]
[INFO] [1733722661.943864393] [fibonacci_action_server]: Feedback: [2]
[INFO] [1733722662.012346721] [fibonacci_action_server]: Feedback: [3]
[INFO] [1733722662.513642700] [fibonacci_action_server]: Feedback: [3]
[INFO] [1733722662.944134126] [fibonacci_action_server]: Feedback: [3]
[INFO] [1733722663.012616733] [fibonacci_action_server]: Feedback: [5]
[INFO] [1733722663.514121958] [fibonacci_action_server]: Feedback: [5]
[INFO] [1733722663.944662262] [fibonacci_action_server]: Feedback: [5]
[INFO] [1733722664.013237156] [fibonacci_action_server]: Feedback: [8]
[INFO] [1733722664.514415973] [fibonacci_action_server]: Feedback: [8]
[INFO] [1733722664.944918620] [fibonacci_action_server]: Feedback: [8]
[INFO] [1733722665.013712526] [fibonacci_action_server]: Feedback: [13]
[INFO] [1733722665.514938207] [fibonacci_action_server]: Feedback: [13]
[INFO] [1733722665.945535217] [fibonacci_action_server]: Feedback: [13]
[INFO] [1733722666.013994021] [fibonacci_action_server]: Feedback: [21]
[INFO] [1733722666.515543350] [fibonacci_action_server]: Feedback: [21]
[INFO] [1733722666.945824799] [fibonacci_action_server]: Feedback: [21]
[INFO] [1733722667.014580825] [fibonacci_action_server]: Feedback: [34]
[INFO] [1733722667.516111747] [fibonacci_action_server]: Feedback: [34]
[INFO] [1733722667.946207368] [fibonacci_action_server]: Feedback: [34]
[INFO] [1733722668.015069200] [fibonacci_action_server]: Feedback: [55]
[INFO] [1733722668.516681567] [fibonacci_action_server]: Feedback: [55]
[INFO] [1733722668.946580330] [fibonacci_action_server]: Feedback: [55]
[INFO] [1733722669.015413516] [fibonacci_action_server]: Goal succeeded
[INFO] [1733722669.346802007] [fibonacci_action_server]: Received goal request with order 10
[INFO] [1733722669.347098103] [fibonacci_action_server]: Executing goal...
[INFO] [1733722669.347215986] [fibonacci_action_server]: Feedback: [1]
[INFO] [1733722669.517376725] [fibonacci_action_server]: Goal succeeded
[INFO] [1733722669.849058032] [fibonacci_action_server]: Received goal request with order 10
[INFO] [1733722669.849404158] [fibonacci_action_server]: Executing goal...
[INFO] [1733722669.849571922] [fibonacci_action_server]: Feedback: [1]
[INFO] [1733722669.946898342] [fibonacci_action_server]: Goal succeeded
[INFO] [1733722670.279953766] [fibonacci_action_server]: Received goal request with order 10
[INFO] [1733722670.280273142] [fibonacci_action_server]: Executing goal...
[INFO] [1733722670.280411933] [fibonacci_action_server]: Feedback: [1]
[INFO] [1733722670.347731670] [fibonacci_action_server]: Feedback: [2]
[INFO] [1733722670.849845640] [fibonacci_action_server]: Feedback: [2]
[INFO] [1733722671.281049863] [fibonacci_action_server]: Feedback: [2]
[INFO] [1733722671.348290458] [fibonacci_action_server]: Feedback: [3]
[INFO] [1733722671.850090932] [fibonacci_action_server]: Feedback: [3]
[INFO] [1733722672.281653590] [fibonacci_action_server]: Feedback: [3]
[INFO] [1733722672.348661122] [fibonacci_action_server]: Feedback: [5]
[INFO] [1733722672.850440811] [fibonacci_action_server]: Feedback: [5]
[INFO] [1733722673.281921875] [fibonacci_action_server]: Feedback: [5]
[INFO] [1733722673.349310931] [fibonacci_action_server]: Feedback: [8]
[INFO] [1733722673.850877501] [fibonacci_action_server]: Feedback: [8]
[INFO] [1733722674.282441334] [fibonacci_action_server]: Feedback: [8]
[INFO] [1733722674.349765181] [fibonacci_action_server]: Feedback: [13]
[INFO] [1733722674.851166793] [fibonacci_action_server]: Feedback: [13]
[INFO] [1733722675.283009617] [fibonacci_action_server]: Feedback: [13]
[INFO] [1733722675.350099133] [fibonacci_action_server]: Feedback: [21]
[INFO] [1733722675.851567725] [fibonacci_action_server]: Feedback: [21]
[INFO] [1733722676.283256663] [fibonacci_action_server]: Feedback: [21]
[INFO] [1733722676.350545264] [fibonacci_action_server]: Feedback: [34]
[INFO] [1733722676.851844612] [fibonacci_action_server]: Feedback: [34]
[INFO] [1733722677.283544904] [fibonacci_action_server]: Feedback: [34]
[INFO] [1733722677.350822652] [fibonacci_action_server]: Feedback: [55]
[INFO] [1733722677.852383156] [fibonacci_action_server]: Feedback: [55]
[INFO] [1733722678.283929782] [fibonacci_action_server]: Feedback: [55]
[INFO] [1733722678.351448250] [fibonacci_action_server]: Goal succeeded
[INFO] [1733722678.683741315] [fibonacci_action_server]: Received goal request with order 10
[INFO] [1733722678.684006301] [fibonacci_action_server]: Executing goal...
[INFO] [1733722678.684123818] [fibonacci_action_server]: Feedback: [1]
[INFO] [1733722678.853026246] [fibonacci_action_server]: Goal succeeded
[INFO] [1733722679.185980821] [fibonacci_action_server]: Received goal request with order 10
[INFO] [1733722679.186268641] [fibonacci_action_server]: Executing goal...
[INFO] [1733722679.186551015] [fibonacci_action_server]: Feedback: [1]
[INFO] [1733722679.284218624] [fibonacci_action_server]: Goal succeeded
[INFO] [1733722679.615996934] [fibonacci_action_server]: Received goal request with order 10
[INFO] [1733722679.616212074] [fibonacci_action_server]: Executing goal...
[INFO] [1733722679.616373666] [fibonacci_action_server]: Feedback: [1]
[INFO] [1733722679.684679206] [fibonacci_action_server]: Feedback: [2]
[INFO] [1733722680.186795228] [fibonacci_action_server]: Feedback: [2]
[INFO] [1733722680.616919753] [fibonacci_action_server]: Feedback: [2]
[INFO] [1733722680.685235357] [fibonacci_action_server]: Feedback: [3]
[INFO] [1733722681.187421389] [fibonacci_action_server]: Feedback: [3]
[INFO] [1733722681.617228022] [fibonacci_action_server]: Feedback: [3]
[INFO] [1733722681.685577158] [fibonacci_action_server]: Feedback: [5]
[INFO] [1733722682.187737150] [fibonacci_action_server]: Feedback: [5]
[INFO] [1733722682.617561084] [fibonacci_action_server]: Feedback: [5]
[INFO] [1733722682.685900379] [fibonacci_action_server]: Feedback: [8]
[INFO] [1733722683.188046763] [fibonacci_action_server]: Feedback: [8]
[INFO] [1733722683.618001361] [fibonacci_action_server]: Feedback: [8]
[INFO] [1733722683.686285127] [fibonacci_action_server]: Feedback: [13]
[INFO] [1733722684.188514963] [fibonacci_action_server]: Feedback: [13]
[INFO] [1733722684.618437874] [fibonacci_action_server]: Feedback: [13]
[INFO] [1733722684.686713692] [fibonacci_action_server]: Feedback: [21]
[INFO] [1733722685.189127297] [fibonacci_action_server]: Feedback: [21]
[INFO] [1733722685.619013212] [fibonacci_action_server]: Feedback: [21]
[INFO] [1733722685.687127665] [fibonacci_action_server]: Feedback: [34]
[INFO] [1733722686.189413901] [fibonacci_action_server]: Feedback: [34]
[INFO] [1733722686.619570598] [fibonacci_action_server]: Feedback: [34]
[INFO] [1733722686.687675449] [fibonacci_action_server]: Feedback: [55]
[INFO] [1733722687.189779033] [fibonacci_action_server]: Feedback: [55]
[INFO] [1733722687.620111808] [fibonacci_action_server]: Feedback: [55]
[INFO] [1733722687.688012412] [fibonacci_action_server]: Goal succeeded
[INFO] [1733722688.019523445] [fibonacci_action_server]: Received goal request with order 10
[INFO] [1733722688.019797088] [fibonacci_action_server]: Executing goal...
[INFO] [1733722688.019870890] [fibonacci_action_server]: Feedback: [1]
[INFO] [1733722688.190267434] [fibonacci_action_server]: Goal succeeded
[INFO] [1733722688.521786062] [fibonacci_action_server]: Received goal request with order 10
[INFO] [1733722688.521958897] [fibonacci_action_server]: Executing goal...
[INFO] [1733722688.522019231] [fibonacci_action_server]: Feedback: [1]
[INFO] [1733722688.620759875] [fibonacci_action_server]: Goal succeeded
[INFO] [1733722688.953194270] [fibonacci_action_server]: Received goal request with order 10
[INFO] [1733722688.953515241] [fibonacci_action_server]: Executing goal...
[INFO] [1733722688.953635777] [fibonacci_action_server]: Feedback: [1]
[INFO] [1733722689.020048466] [fibonacci_action_server]: Feedback: [2]
[INFO] [1733722689.522695009] [fibonacci_action_server]: Feedback: [2]
[INFO] [1733722689.953912838] [fibonacci_action_server]: Feedback: [2]
[INFO] [1733722690.020626492] [fibonacci_action_server]: Feedback: [3]
[INFO] [1733722690.523239720] [fibonacci_action_server]: Feedback: [3]
[INFO] [1733722690.954147126] [fibonacci_action_server]: Feedback: [3]
[INFO] [1733722691.020869621] [fibonacci_action_server]: Feedback: [5]
[INFO] [1733722691.523798779] [fibonacci_action_server]: Feedback: [5]
[INFO] [1733722691.954451228] [fibonacci_action_server]: Feedback: [5]
[INFO] [1733722692.021114760] [fibonacci_action_server]: Feedback: [8]
[INFO] [1733722692.524354751] [fibonacci_action_server]: Feedback: [8]
[INFO] [1733722692.954928937] [fibonacci_action_server]: Feedback: [8]
[INFO] [1733722693.021778964] [fibonacci_action_server]: Feedback: [13]
[INFO] [1733722693.524971363] [fibonacci_action_server]: Feedback: [13]
[INFO] [1733722693.955199748] [fibonacci_action_server]: Feedback: [13]
[INFO] [1733722694.022202898] [fibonacci_action_server]: Feedback: [21]
[INFO] [1733722694.525782328] [fibonacci_action_server]: Feedback: [21]
[INFO] [1733722694.955733238] [fibonacci_action_server]: Feedback: [21]
[INFO] [1733722695.022687006] [fibonacci_action_server]: Feedback: [34]
[INFO] [1733722695.526250439] [fibonacci_action_server]: Feedback: [34]
[INFO] [1733722695.955992298] [fibonacci_action_server]: Feedback: [34]
[INFO] [1733722696.023076696] [fibonacci_action_server]: Feedback: [55]
[INFO] [1733722696.526691606] [fibonacci_action_server]: Feedback: [55]
[INFO] [1733722696.956347031] [fibonacci_action_server]: Feedback: [55]
[INFO] [1733722697.023454414] [fibonacci_action_server]: Goal succeeded
[INFO] [1733722697.354651012] [fibonacci_action_server]: Received goal request with order 10
[INFO] [1733722697.354918688] [fibonacci_action_server]: Executing goal...
[INFO] [1733722697.355034080] [fibonacci_action_server]: Feedback: [1]
[INFO] [1733722697.527041203] [fibonacci_action_server]: Goal succeeded
[INFO] [1733722697.856368367] [fibonacci_action_server]: Received goal request with order 10
[INFO] [1733722697.856629330] [fibonacci_action_server]: Executing goal...
[INFO] [1733722697.856735049] [fibonacci_action_server]: Feedback: [1]
[INFO] [1733722697.956621433] [fibonacci_action_server]: Goal succeeded
[INFO] [1733722698.288350497] [fibonacci_action_server]: Received goal request with order 10
[INFO] [1733722698.288581564] [fibonacci_action_server]: Executing goal...
[INFO] [1733722698.288649609] [fibonacci_action_server]: Feedback: [1]
[INFO] [1733722698.355269153] [fibonacci_action_server]: Feedback: [2]
[INFO] [1733722698.857031016] [fibonacci_action_server]: Feedback: [2]
[INFO] [1733722699.289174194] [fibonacci_action_server]: Feedback: [2]
[INFO] [1733722699.355692897] [fibonacci_action_server]: Feedback: [3]
[INFO] [1733722699.857293954] [fibonacci_action_server]: Feedback: [3]
[INFO] [1733722700.289762311] [fibonacci_action_server]: Feedback: [3]
[INFO] [1733722700.355895799] [fibonacci_action_server]: Feedback: [5]
[INFO] [1733722700.857589705] [fibonacci_action_server]: Feedback: [5]
[INFO] [1733722701.290066567] [fibonacci_action_server]: Feedback: [5]
[INFO] [1733722701.356470730] [fibonacci_action_server]: Feedback: [8]
[INFO] [1733722701.857915979] [fibonacci_action_server]: Feedback: [8]
[INFO] [1733722702.290419763] [fibonacci_action_server]: Feedback: [8]
[INFO] [1733722702.356765607] [fibonacci_action_server]: Feedback: [13]
[INFO] [1733722702.858161792] [fibonacci_action_server]: Feedback: [13]
[INFO] [1733722703.290810269] [fibonacci_action_server]: Feedback: [13]
[INFO] [1733722703.357018459] [fibonacci_action_server]: Feedback: [21]
[INFO] [1733722703.858565907] [fibonacci_action_server]: Feedback: [21]
[INFO] [1733722704.291063680] [fibonacci_action_server]: Feedback: [21]
[INFO] [1733722704.357253786] [fibonacci_action_server]: Feedback: [34]
[INFO] [1733722704.858945769] [fibonacci_action_server]: Feedback: [34]
[INFO] [1733722705.291304024] [fibonacci_action_server]: Feedback: [34]
[INFO] [1733722705.357508302] [fibonacci_action_server]: Feedback: [55]
[INFO] [1733722705.859575638] [fibonacci_action_server]: Feedback: [55]
[INFO] [1733722706.291791948] [fibonacci_action_server]: Feedback: [55]
[INFO] [1733722706.357893013] [fibonacci_action_server]: Goal succeeded
[INFO] [1733722706.683345275] [fibonacci_action_server]: Received goal request with order 10
[INFO] [1733722706.683560015] [fibonacci_action_server]: Executing goal...
[INFO] [1733722706.683619144] [fibonacci_action_server]: Feedback: [1]
[INFO] [1733722706.860227253] [fibonacci_action_server]: Goal succeeded
[INFO] [1733722707.184855043] [fibonacci_action_server]: Received goal request with order 10
[INFO] [1733722707.185050995] [fibonacci_action_server]: Executing goal...
[INFO] [1733722707.185118009] [fibonacci_action_server]: Feedback: [1]
[INFO] [1733722707.292378068] [fibonacci_action_server]: Goal succeeded
[INFO] [1733722707.619699255] [fibonacci_action_server]: Received goal request with order 10
[INFO] [1733722707.619910878] [fibonacci_action_server]: Executing goal...
[INFO] [1733722707.620039101] [fibonacci_action_server]: Feedback: [1]
[INFO] [1733722707.683808492] [fibonacci_action_server]: Feedback: [2]
[INFO] [1733722708.185538404] [fibonacci_action_server]: Feedback: [2]
[INFO] [1733722708.620617459] [fibonacci_action_server]: Feedback: [2]
[INFO] [1733722708.684451113] [fibonacci_action_server]: Feedback: [3]
[INFO] [1733722709.185821486] [fibonacci_action_server]: Feedback: [3]
[INFO] [1733722709.620917569] [fibonacci_action_server]: Feedback: [3]
[INFO] [1733722709.684983714] [fibonacci_action_server]: Feedback: [5]
[INFO] [1733722710.186250477] [fibonacci_action_server]: Feedback: [5]
[INFO] [1733722710.621263595] [fibonacci_action_server]: Feedback: [5]
[INFO] [1733722710.685242226] [fibonacci_action_server]: Feedback: [8]
[INFO] [1733722711.187019503] [fibonacci_action_server]: Feedback: [8]
[INFO] [1733722711.621725376] [fibonacci_action_server]: Feedback: [8]
[INFO] [1733722711.685958450] [fibonacci_action_server]: Feedback: [13]
[INFO] [1733722712.187516661] [fibonacci_action_server]: Feedback: [13]
[INFO] [1733722712.621998908] [fibonacci_action_server]: Feedback: [13]
[INFO] [1733722712.686386385] [fibonacci_action_server]: Feedback: [21]
[INFO] [1733722713.187772114] [fibonacci_action_server]: Feedback: [21]
[INFO] [1733722713.622405845] [fibonacci_action_server]: Feedback: [21]
[INFO] [1733722713.687085419] [fibonacci_action_server]: Feedback: [34]
[INFO] [1733722714.188021487] [fibonacci_action_server]: Feedback: [34]
[INFO] [1733722714.622682576] [fibonacci_action_server]: Feedback: [34]
[INFO] [1733722714.687676677] [fibonacci_action_server]: Feedback: [55]
[INFO] [1733722715.188376988] [fibonacci_action_server]: Feedback: [55]
[INFO] [1733722715.623244999] [fibonacci_action_server]: Feedback: [55]
[INFO] [1733722715.688046985] [fibonacci_action_server]: Goal succeeded
[INFO] [1733722716.018848423] [fibonacci_action_server]: Received goal request with order 10
[INFO] [1733722716.019125851] [fibonacci_action_server]: Executing goal...
[INFO] [1733722716.019287743] [fibonacci_action_server]: Feedback: [1]
[INFO] [1733722716.188709164] [fibonacci_action_server]: Goal succeeded
[INFO] [1733722716.519180727] [fibonacci_action_server]: Received goal request with order 10
[INFO] [1733722716.519399814] [fibonacci_action_server]: Executing goal...
[INFO] [1733722716.519467149] [fibonacci_action_server]: Feedback: [1]
[INFO] [1733722716.623628901] [fibonacci_action_server]: Goal succeeded
[INFO] [1733722716.957122186] [fibonacci_action_server]: Received goal request with order 10
[INFO] [1733722716.957409350] [fibonacci_action_server]: Executing goal...
[INFO] [1733722716.957565744] [fibonacci_action_server]: Feedback: [1]
[INFO] [1733722717.019804208] [fibonacci_action_server]: Feedback: [2]
[INFO] [1733722717.519736195] [fibonacci_action_server]: Feedback: [2]
[INFO] [1733722717.957808740] [fibonacci_action_server]: Feedback: [2]
[INFO] [1733722718.020407825] [fibonacci_action_server]: Feedback: [3]
[INFO] [1733722718.520302361] [fibonacci_action_server]: Feedback: [3]
[INFO] [1733722718.958315934] [fibonacci_action_server]: Feedback: [3]
[INFO] [1733722719.020789998] [fibonacci_action_server]: Feedback: [5]
[INFO] [1733722719.520664917] [fibonacci_action_server]: Feedback: [5]
[INFO] [1733722719.958518897] [fibonacci_action_server]: Feedback: [5]
[INFO] [1733722720.021387823] [fibonacci_action_server]: Feedback: [8]
[INFO] [1733722720.521284686] [fibonacci_action_server]: Feedback: [8]
[INFO] [1733722720.958773691] [fibonacci_action_server]: Feedback: [8]
[INFO] [1733722721.021592011] [fibonacci_action_server]: Feedback: [13]
[INFO] [1733722721.521577106] [fibonacci_action_server]: Feedback: [13]
[INFO] [1733722721.959276113] [fibonacci_action_server]: Feedback: [13]
[INFO] [1733722722.021859126] [fibonacci_action_server]: Feedback: [21]
[INFO] [1733722722.521947162] [fibonacci_action_server]: Feedback: [21]
[INFO] [1733722722.959778591] [fibonacci_action_server]: Feedback: [21]
[INFO] [1733722723.022295371] [fibonacci_action_server]: Feedback: [34]
[INFO] [1733722723.522267422] [fibonacci_action_server]: Feedback: [34]
[INFO] [1733722723.960044861] [fibonacci_action_server]: Feedback: [34]
[INFO] [1733722724.022700052] [fibonacci_action_server]: Feedback: [55]
[INFO] [1733722724.522752367] [fibonacci_action_server]: Feedback: [55]
[INFO] [1733722724.960563364] [fibonacci_action_server]: Feedback: [55]
[INFO] [1733722725.023023877] [fibonacci_action_server]: Goal succeeded
[INFO] [1733722725.351923371] [fibonacci_action_server]: Received goal request with order 10
[INFO] [1733722725.352286905] [fibonacci_action_server]: Executing goal...
[INFO] [1733722725.352410204] [fibonacci_action_server]: Feedback: [1]
[INFO] [1733722725.523517324] [fibonacci_action_server]: Goal succeeded
[INFO] [1733722725.853835808] [fibonacci_action_server]: Received goal request with order 10
[INFO] [1733722725.854063201] [fibonacci_action_server]: Executing goal...
[INFO] [1733722725.854214602] [fibonacci_action_server]: Feedback: [1]
[INFO] [1733722725.961226827] [fibonacci_action_server]: Goal succeeded
[INFO] [1733722726.294140292] [fibonacci_action_server]: Received goal request with order 10
[INFO] [1733722726.294352197] [fibonacci_action_server]: Executing goal...
[INFO] [1733722726.294417840] [fibonacci_action_server]: Feedback: [1]
[INFO] [1733722726.352919917] [fibonacci_action_server]: Feedback: [2]
[INFO] [1733722726.854449667] [fibonacci_action_server]: Feedback: [2]
[INFO] [1733722727.294880546] [fibonacci_action_server]: Feedback: [2]
[INFO] [1733722727.353162507] [fibonacci_action_server]: Feedback: [3]
[INFO] [1733722727.854700087] [fibonacci_action_server]: Feedback: [3]
[INFO] [1733722728.295456194] [fibonacci_action_server]: Feedback: [3]
[INFO] [1733722728.353406589] [fibonacci_action_server]: Feedback: [5]
[INFO] [1733722728.855078497] [fibonacci_action_server]: Feedback: [5]
[INFO] [1733722729.295850396] [fibonacci_action_server]: Feedback: [5]
[INFO] [1733722729.353638307] [fibonacci_action_server]: Feedback: [8]
[INFO] [1733722729.855662623] [fibonacci_action_server]: Feedback: [8]
[INFO] [1733722730.296509892] [fibonacci_action_server]: Feedback: [8]
[INFO] [1733722730.353908938] [fibonacci_action_server]: Feedback: [13]
[INFO] [1733722730.856453310] [fibonacci_action_server]: Feedback: [13]
[INFO] [1733722731.297089255] [fibonacci_action_server]: Feedback: [13]
[INFO] [1733722731.354361409] [fibonacci_action_server]: Feedback: [21]
[INFO] [1733722731.857019012] [fibonacci_action_server]: Feedback: [21]
[INFO] [1733722732.297359687] [fibonacci_action_server]: Feedback: [21]
[INFO] [1733722732.354784728] [fibonacci_action_server]: Feedback: [34]
[INFO] [1733722732.857530664] [fibonacci_action_server]: Feedback: [34]
[INFO] [1733722733.297817723] [fibonacci_action_server]: Feedback: [34]
[INFO] [1733722733.355065885] [fibonacci_action_server]: Feedback: [55]
[INFO] [1733722733.857794913] [fibonacci_action_server]: Feedback: [55]
[INFO] [1733722734.298044313] [fibonacci_action_server]: Feedback: [55]
[INFO] [1733722734.355735457] [fibonacci_action_server]: Goal succeeded
[INFO] [1733722734.686794272] [fibonacci_action_server]: Received goal request with order 10
[INFO] [1733722734.687054599] [fibonacci_action_server]: Executing goal...
[INFO] [1733722734.687239642] [fibonacci_action_server]: Feedback: [1]
[INFO] [1733722734.858287090] [fibonacci_action_server]: Goal succeeded
[INFO] [1733722735.188680489] [fibonacci_action_server]: Received goal request with order 10
[INFO] [1733722735.188955728] [fibonacci_action_server]: Executing goal...
[INFO] [1733722735.189107990] [fibonacci_action_server]: Feedback: [1]
[INFO] [1733722735.298393253] [fibonacci_action_server]: Goal succeeded
[INFO] [1733722735.632013656] [fibonacci_action_server]: Received goal request with order 10
[INFO] [1733722735.632268817] [fibonacci_action_server]: Executing goal...
[INFO] [1733722735.632418014] [fibonacci_action_server]: Feedback: [1]
[INFO] [1733722735.687673372] [fibonacci_action_server]: Feedback: [2]
[INFO] [1733722736.189342818] [fibonacci_action_server]: Feedback: [2]
[INFO] [1733722736.632914472] [fibonacci_action_server]: Feedback: [2]
[INFO] [1733722736.688024720] [fibonacci_action_server]: Feedback: [3]
[INFO] [1733722737.189738463] [fibonacci_action_server]: Feedback: [3]
[INFO] [1733722737.517740863] [fibonacci_action_server]: Timeout reached, shutting down node...
RAPL is set
