[INFO] [1734023712.061614286] [minimal_client_async]: Result of add_two_ints: for 10 + 10 = 20
[INFO] [1734023715.565595823] [minimal_client_async]: Result of add_two_ints: for 10 + 10 = 20
[INFO] [1734023716.067372916] [minimal_client_async]: Result of add_two_ints: for 10 + 10 = 20
[INFO] [1734023717.070664559] [minimal_client_async]: Result of add_two_ints: for 10 + 10 = 20
[INFO] [1734023718.074494684] [minimal_client_async]: Result of add_two_ints: for 10 + 10 = 20
[INFO] [1734023719.579353472] [minimal_client_async]: Result of add_two_ints: for 10 + 10 = 20
[INFO] [1734023721.084359565] [minimal_client_async]: Result of add_two_ints: for 10 + 10 = 20
[INFO] [1734023724.093773404] [minimal_client_async]: Result of add_two_ints: for 10 + 10 = 20
[INFO] [1734023724.595030501] [minimal_client_async]: Result of add_two_ints: for 10 + 10 = 20
[INFO] [1734023725.598618027] [minimal_client_async]: Result of add_two_ints: for 10 + 10 = 20
[INFO] [1734023729.110084008] [minimal_client_async]: Result of add_two_ints: for 10 + 10 = 20
[INFO] [1734023730.615481038] [minimal_client_async]: Result of add_two_ints: for 10 + 10 = 20
[INFO] [1734023731.117288366] [minimal_client_async]: Result of add_two_ints: for 10 + 10 = 20
[INFO] [1734023732.622471242] [minimal_client_async]: Result of add_two_ints: for 10 + 10 = 20
[INFO] [1734023733.124275035] [minimal_client_async]: Result of add_two_ints: for 10 + 10 = 20
[INFO] [1734023734.629470766] [minimal_client_async]: Result of add_two_ints: for 10 + 10 = 20
[INFO] [1734023738.141756804] [minimal_client_async]: Result of add_two_ints: for 10 + 10 = 20
[INFO] [1734023739.646651449] [minimal_client_async]: Result of add_two_ints: for 10 + 10 = 20
[INFO] [1734023741.152241556] [minimal_client_async]: Result of add_two_ints: for 10 + 10 = 20
[INFO] [1734023743.159660899] [minimal_client_async]: Result of add_two_ints: for 10 + 10 = 20
[INFO] [1734023749.179970053] [minimal_client_async]: Result of add_two_ints: for 10 + 10 = 20
[INFO] [1734023750.183416511] [minimal_client_async]: Result of add_two_ints: for 10 + 10 = 20
[INFO] [1734023751.688603752] [minimal_client_async]: Result of add_two_ints: for 10 + 10 = 20
[INFO] [1734023753.695659977] [minimal_client_async]: Result of add_two_ints: for 10 + 10 = 20
[INFO] [1734023754.698974452] [minimal_client_async]: Result of add_two_ints: for 10 + 10 = 20
[INFO] [1734023757.709200028] [minimal_client_async]: Result of add_two_ints: for 10 + 10 = 20
[INFO] [1734023758.210498953] [minimal_client_async]: Result of add_two_ints: for 10 + 10 = 20
[INFO] [1734023760.217522846] [minimal_client_async]: Result of add_two_ints: for 10 + 10 = 20
[INFO] [1734023760.719242397] [minimal_client_async]: Result of add_two_ints: for 10 + 10 = 20
[INFO] [1734023771.253566098] [minimal_client_async]: Result of add_two_ints: for 10 + 10 = 20
[INFO] [1734023771.755204613] [minimal_client_async]: Result of add_two_ints: for 10 + 10 = 20
[INFO] [1734023774.263590222] [minimal_client_async]: Result of add_two_ints: for 10 + 10 = 20
[INFO] [1734023775.266784924] [minimal_client_async]: Result of add_two_ints: for 10 + 10 = 20
[INFO] [1734023777.273710020] [minimal_client_async]: Result of add_two_ints: for 10 + 10 = 20
[INFO] [1734023778.277478458] [minimal_client_async]: Result of add_two_ints: for 10 + 10 = 20
[INFO] [1734023781.287384955] [minimal_client_async]: Result of add_two_ints: for 10 + 10 = 20
[INFO] [1734023781.789091066] [minimal_client_async]: Result of add_two_ints: for 10 + 10 = 20
[INFO] [1734023787.809563752] [minimal_client_async]: Result of add_two_ints: for 10 + 10 = 20
[INFO] [1734023794.832922774] [minimal_client_async]: Result of add_two_ints: for 10 + 10 = 20
[INFO] [1734023795.836610712] [minimal_client_async]: Result of add_two_ints: for 10 + 10 = 20
[INFO] [1734023796.337696696] [minimal_client_async]: Result of add_two_ints: for 10 + 10 = 20
[INFO] [1734023797.843266129] [minimal_client_async]: Result of add_two_ints: for 10 + 10 = 20
[INFO] [1734023798.344924400] [minimal_client_async]: Result of add_two_ints: for 10 + 10 = 20
[INFO] [1734023799.849942745] [minimal_client_async]: Result of add_two_ints: for 10 + 10 = 20
[INFO] [1734023803.361114586] [minimal_client_async]: Result of add_two_ints: for 10 + 10 = 20
[INFO] [1734023803.862603501] [minimal_client_async]: Result of add_two_ints: for 10 + 10 = 20
[INFO] [1734023804.364127849] [minimal_client_async]: Result of add_two_ints: for 10 + 10 = 20
[INFO] [1734023804.865974216] [minimal_client_async]: Result of add_two_ints: for 10 + 10 = 20
[INFO] [1734023805.869519901] [minimal_client_async]: Result of add_two_ints: for 10 + 10 = 20
[INFO] [1734023807.875983474] [minimal_client_async]: Result of add_two_ints: for 10 + 10 = 20
[INFO] [1734023808.879071286] [minimal_client_async]: Result of add_two_ints: for 10 + 10 = 20
[INFO] [1734023809.881763947] [minimal_client_async]: Result of add_two_ints: for 10 + 10 = 20
[INFO] [1734023813.393675238] [minimal_client_async]: Result of add_two_ints: for 10 + 10 = 20
[INFO] [1734023814.396684137] [minimal_client_async]: Result of add_two_ints: for 10 + 10 = 20
[INFO] [1734023815.399364109] [minimal_client_async]: Result of add_two_ints: for 10 + 10 = 20
[INFO] [1734023815.901075709] [minimal_client_async]: Result of add_two_ints: for 10 + 10 = 20
[INFO] [1734023819.413572325] [minimal_client_async]: Result of add_two_ints: for 10 + 10 = 20
[INFO] [1734023819.915547333] [minimal_client_async]: Result of add_two_ints: for 10 + 10 = 20
[INFO] [1734023820.417186088] [minimal_client_async]: Result of add_two_ints: for 10 + 10 = 20
[INFO] [1734023820.919283497] [minimal_client_async]: Result of add_two_ints: for 10 + 10 = 20
[INFO] [1734023829.948763265] [minimal_client_async]: Result of add_two_ints: for 10 + 10 = 20
[INFO] [1734023831.453559324] [minimal_client_async]: Result of add_two_ints: for 10 + 10 = 20
[INFO] [1734023837.472772355] [minimal_client_async]: Result of add_two_ints: for 10 + 10 = 20
[INFO] [1734023837.973748463] [minimal_client_async]: Result of add_two_ints: for 10 + 10 = 20
[INFO] [1734023840.482955388] [minimal_client_async]: Result of add_two_ints: for 10 + 10 = 20
[INFO] [1734023841.486079010] [minimal_client_async]: Result of add_two_ints: for 10 + 10 = 20
[INFO] [1734023843.492928691] [minimal_client_async]: Result of add_two_ints: for 10 + 10 = 20
[INFO] [1734023843.994759334] [minimal_client_async]: Result of add_two_ints: for 10 + 10 = 20
[INFO] [1734023844.998141220] [minimal_client_async]: Result of add_two_ints: for 10 + 10 = 20
[INFO] [1734023847.505750515] [minimal_client_async]: Result of add_two_ints: for 10 + 10 = 20
[INFO] [1734023850.516050381] [minimal_client_async]: Result of add_two_ints: for 10 + 10 = 20
[INFO] [1734023859.044494706] [minimal_client_async]: Result of add_two_ints: for 10 + 10 = 20
[INFO] [1734023861.050915213] [minimal_client_async]: Result of add_two_ints: for 10 + 10 = 20
[INFO] [1734023867.071786512] [minimal_client_async]: Result of add_two_ints: for 10 + 10 = 20
[INFO] [1734023867.573625583] [minimal_client_async]: Result of add_two_ints: for 10 + 10 = 20
[INFO] [1734023869.077926383] [minimal_client_async]: Result of add_two_ints: for 10 + 10 = 20
[INFO] [1734023873.091055340] [minimal_client_async]: Result of add_two_ints: for 10 + 10 = 20
[INFO] [1734023877.605903731] [minimal_client_async]: Result of add_two_ints: for 10 + 10 = 20
[INFO] [1734023878.609187730] [minimal_client_async]: Result of add_two_ints: for 10 + 10 = 20
[INFO] [1734023882.120737629] [minimal_client_async]: Result of add_two_ints: for 10 + 10 = 20
[INFO] [1734023883.123931002] [minimal_client_async]: Result of add_two_ints: for 10 + 10 = 20
[INFO] [1734023890.042803516] [minimal_client_async]: Timeout reached. Stopping client.
RAPL is not set
734023832.456962273] [minimal_client_async]: Result of add_two_ints: for 10 + 10 = 20
[INFO] [1734023833.459886846] [minimal_client_async]: Result of add_two_ints: for 10 + 10 = 20
[INFO] [1734023834.964589942] [minimal_client_async]: Result of add_two_ints: for 10 + 10 = 20
[INFO] [1734023835.465806946] [minimal_client_async]: Result of add_two_ints: for 10 + 10 = 20
[INFO] [1734023836.971028890] [minimal_client_async]: Result of add_two_ints: for 10 + 10 = 20
[INFO] [1734023839.981348608] [minimal_client_async]: Result of add_two_ints: for 10 + 10 = 20
[INFO] [1734023840.984793968] [minimal_client_async]: Result of add_two_ints: for 10 + 10 = 20
[INFO] [1734023842.991391493] [minimal_client_async]: Result of add_two_ints: for 10 + 10 = 20
[INFO] [1734023844.496570257] [minimal_client_async]: Result of add_two_ints: for 10 + 10 = 20
[INFO] [1734023845.499903483] [minimal_client_async]: Result of add_two_ints: for 10 + 10 = 20
[INFO] [1734023846.001676268] [minimal_client_async]: Result of add_two_ints: for 10 + 10 = 20
[INFO] [1734023846.503202887] [minimal_client_async]: Result of add_two_ints: for 10 + 10 = 20
[INFO] [1734023847.004432332] [minimal_client_async]: Result of add_two_ints: for 10 + 10 = 20
[INFO] [1734023848.007402966] [minimal_client_async]: Result of add_two_ints: for 10 + 10 = 20
[INFO] [1734023848.509209105] [minimal_client_async]: Result of add_two_ints: for 10 + 10 = 20
[INFO] [1734023849.512516857] [minimal_client_async]: Result of add_two_ints: for 10 + 10 = 20
[INFO] [1734023850.014070630] [minimal_client_async]: Result of add_two_ints: for 10 + 10 = 20
[INFO] [1734023851.017739690] [minimal_client_async]: Result of add_two_ints: for 10 + 10 = 20
[INFO] [1734023851.520002332] [minimal_client_async]: Result of add_two_ints: for 10 + 10 = 20
[INFO] [1734023852.523274065] [minimal_client_async]: Result of add_two_ints: for 10 + 10 = 20
[INFO] [1734023853.025033435] [minimal_client_async]: Result of add_two_ints: for 10 + 10 = 20
[INFO] [1734023854.028590501] [minimal_client_async]: Result of add_two_ints: for 10 + 10 = 20
[INFO] [1734023854.530040800] [minimal_client_async]: Result of add_two_ints: for 10 + 10 = 20
[INFO] [1734023855.533461478] [minimal_client_async]: Result of add_two_ints: for 10 + 10 = 20
[INFO] [1734023857.038809539] [minimal_client_async]: Result of add_two_ints: for 10 + 10 = 20
[INFO] [1734023857.540334798] [minimal_client_async]: Result of add_two_ints: for 10 + 10 = 20
[INFO] [1734023860.549416344] [minimal_client_async]: Result of add_two_ints: for 10 + 10 = 20
[INFO] [1734023861.552721262] [minimal_client_async]: Result of add_two_ints: for 10 + 10 = 20
[INFO] [1734023862.555724808] [minimal_client_async]: Result of add_two_ints: for 10 + 10 = 20
[INFO] [1734023864.061284803] [minimal_client_async]: Result of add_two_ints: for 10 + 10 = 20
[INFO] [1734023865.064945436] [minimal_client_async]: Result of add_two_ints: for 10 + 10 = 20
[INFO] [1734023866.068260619] [minimal_client_async]: Result of add_two_ints: for 10 + 10 = 20
[INFO] [1734023868.075268510] [minimal_client_async]: Result of add_two_ints: for 10 + 10 = 20
[INFO] [1734023870.080773118] [minimal_client_async]: Result of add_two_ints: for 10 + 10 = 20
[INFO] [1734023871.083915275] [minimal_client_async]: Result of add_two_ints: for 10 + 10 = 20
[INFO] [1734023871.585789896] [minimal_client_async]: Result of add_two_ints: for 10 + 10 = 20
[INFO] [1734023873.592600122] [minimal_client_async]: Result of add_two_ints: for 10 + 10 = 20
[INFO] [1734023874.093984564] [minimal_client_async]: Result of add_two_ints: for 10 + 10 = 20
[INFO] [1734023874.595945390] [minimal_client_async]: Result of add_two_ints: for 10 + 10 = 20
[INFO] [1734023875.599400869] [minimal_client_async]: Result of add_two_ints: for 10 + 10 = 20
[INFO] [1734023876.602736696] [minimal_client_async]: Result of add_two_ints: for 10 + 10 = 20
[INFO] [1734023877.104010274] [minimal_client_async]: Result of add_two_ints: for 10 + 10 = 20
[INFO] [1734023879.612583351] [minimal_client_async]: Result of add_two_ints: for 10 + 10 = 20
[INFO] [1734023880.615479846] [minimal_client_async]: Result of add_two_ints: for 10 + 10 = 20
[INFO] [1734023884.127466585] [minimal_client_async]: Result of add_two_ints: for 10 + 10 = 20
[INFO] [1734023884.629146441] [minimal_client_async]: Result of add_two_ints: for 10 + 10 = 20
[INFO] [1734023886.635550854] [minimal_client_async]: Result of add_two_ints: for 10 + 10 = 20
[INFO] [1734023888.139912817] [minimal_client_async]: Result of add_two_ints: for 10 + 10 = 20
[INFO] [1734023888.641892191] [minimal_client_async]: Result of add_two_ints: for 10 + 10 = 20
[INFO] [1734023890.042776918] [minimal_client_async]: Timeout reached. Stopping client.
RAPL is set
] [1734023879.110832008] [minimal_client_async]: Result of add_two_ints: for 10 + 10 = 20
[INFO] [1734023880.113939689] [minimal_client_async]: Result of add_two_ints: for 10 + 10 = 20
[INFO] [1734023881.117289269] [minimal_client_async]: Result of add_two_ints: for 10 + 10 = 20
[INFO] [1734023881.618925598] [minimal_client_async]: Result of add_two_ints: for 10 + 10 = 20
[INFO] [1734023882.622168649] [minimal_client_async]: Result of add_two_ints: for 10 + 10 = 20
[INFO] [1734023883.625812119] [minimal_client_async]: Result of add_two_ints: for 10 + 10 = 20
[INFO] [1734023885.130601844] [minimal_client_async]: Result of add_two_ints: for 10 + 10 = 20
[INFO] [1734023885.632547863] [minimal_client_async]: Result of add_two_ints: for 10 + 10 = 20
[INFO] [1734023886.133859238] [minimal_client_async]: Result of add_two_ints: for 10 + 10 = 20
[INFO] [1734023887.137440643] [minimal_client_async]: Result of add_two_ints: for 10 + 10 = 20
[INFO] [1734023887.638500229] [minimal_client_async]: Result of add_two_ints: for 10 + 10 = 20
[INFO] [1734023889.143696235] [minimal_client_async]: Result of add_two_ints: for 10 + 10 = 20
[INFO] [1734023890.042800716] [minimal_client_async]: Timeout reached. Stopping client.
RAPL is not set
