[INFO] [1733989258.235237341] [minimal_client_async]: Result of add_two_ints: for 10 + 10 = 20
[INFO] [1733989260.230868906] [minimal_client_async]: Result of add_two_ints: for 10 + 10 = 20
[INFO] [1733989262.234385053] [minimal_client_async]: Result of add_two_ints: for 10 + 10 = 20
[INFO] [1733989264.238925930] [minimal_client_async]: Result of add_two_ints: for 10 + 10 = 20
[INFO] [1733989266.243329001] [minimal_client_async]: Result of add_two_ints: for 10 + 10 = 20
[INFO] [1733989352.433002387] [minimal_client_async]: Result of add_two_ints: for 10 + 10 = 20
[INFO] [1733989353.435053171] [minimal_client_async]: Result of add_two_ints: for 10 + 10 = 20
[INFO] [1733989354.437089926] [minimal_client_async]: Result of add_two_ints: for 10 + 10 = 20
[INFO] [1733989355.439436324] [minimal_client_async]: Result of add_two_ints: for 10 + 10 = 20
[INFO] [1733989356.441836225] [minimal_client_async]: Result of add_two_ints: for 10 + 10 = 20
[INFO] [1733989357.443051190] [minimal_client_async]: Result of add_two_ints: for 10 + 10 = 20
[INFO] [1733989358.445686230] [minimal_client_async]: Result of add_two_ints: for 10 + 10 = 20
[INFO] [1733989359.448184697] [minimal_client_async]: Result of add_two_ints: for 10 + 10 = 20
[INFO] [1733989360.450662760] [minimal_client_async]: Result of add_two_ints: for 10 + 10 = 20
[INFO] [1733989361.452783245] [minimal_client_async]: Result of add_two_ints: for 10 + 10 = 20
[INFO] [1733989362.455522225] [minimal_client_async]: Result of add_two_ints: for 10 + 10 = 20
[INFO] [1733989363.458039359] [minimal_client_async]: Result of add_two_ints: for 10 + 10 = 20
[INFO] [1733989364.460506806] [minimal_client_async]: Result of add_two_ints: for 10 + 10 = 20
[INFO] [1733989365.462625566] [minimal_client_async]: Result of add_two_ints: for 10 + 10 = 20
[INFO] [1733989366.464715877] [minimal_client_async]: Result of add_two_ints: for 10 + 10 = 20
[INFO] [1733989367.467378642] [minimal_client_async]: Result of add_two_ints: for 10 + 10 = 20
[INFO] [1733989368.469865508] [minimal_client_async]: Result of add_two_ints: for 10 + 10 = 20
[INFO] [1733989369.472068199] [minimal_client_async]: Result of add_two_ints: for 10 + 10 = 20
[INFO] [1733989370.474636803] [minimal_client_async]: Result of add_two_ints: for 10 + 10 = 20
[INFO] [1733989371.477074658] [minimal_client_async]: Result of add_two_ints: for 10 + 10 = 20
[INFO] [1733989372.478953717] [minimal_client_async]: Result of add_two_ints: for 10 + 10 = 20
[INFO] [1733989373.481479119] [minimal_client_async]: Result of add_two_ints: for 10 + 10 = 20
[INFO] [1733989374.482860548] [minimal_client_async]: Result of add_two_ints: for 10 + 10 = 20
[INFO] [1733989375.485394799] [minimal_client_async]: Result of add_two_ints: for 10 + 10 = 20
[INFO] [1733989376.486769399] [minimal_client_async]: Result of add_two_ints: for 10 + 10 = 20
[INFO] [1733989377.489027608] [minimal_client_async]: Result of add_two_ints: for 10 + 10 = 20
[INFO] [1733989378.491474298] [minimal_client_async]: Result of add_two_ints: for 10 + 10 = 20
[INFO] [1733989379.493870297] [minimal_client_async]: Result of add_two_ints: for 10 + 10 = 20
[INFO] [1733989380.496534117] [minimal_client_async]: Result of add_two_ints: for 10 + 10 = 20
[INFO] [1733989381.499087894] [minimal_client_async]: Result of add_two_ints: for 10 + 10 = 20
[INFO] [1733989382.501572060] [minimal_client_async]: Result of add_two_ints: for 10 + 10 = 20
[INFO] [1733989383.503592381] [minimal_client_async]: Result of add_two_ints: for 10 + 10 = 20
[INFO] [1733989384.505586450] [minimal_client_async]: Result of add_two_ints: for 10 + 10 = 20
[INFO] [1733989385.507996932] [minimal_client_async]: Result of add_two_ints: for 10 + 10 = 20
[INFO] [1733989386.510439285] [minimal_client_async]: Result of add_two_ints: for 10 + 10 = 20
[INFO] [1733989387.512851500] [minimal_client_async]: Result of add_two_ints: for 10 + 10 = 20
[INFO] [1733989388.514904460] [minimal_client_async]: Result of add_two_ints: for 10 + 10 = 20
[INFO] [1733989389.517351470] [minimal_client_async]: Result of add_two_ints: for 10 + 10 = 20
[INFO] [1733989390.518359232] [minimal_client_async]: Result of add_two_ints: for 10 + 10 = 20
[INFO] [1733989391.520772649] [minimal_client_async]: Result of add_two_ints: for 10 + 10 = 20
[INFO] [1733989392.522949598] [minimal_client_async]: Result of add_two_ints: for 10 + 10 = 20
[INFO] [1733989393.524927909] [minimal_client_async]: Result of add_two_ints: for 10 + 10 = 20
[INFO] [1733989394.526419325] [minimal_client_async]: Result of add_two_ints: for 10 + 10 = 20
[INFO] [1733989395.528873002] [minimal_client_async]: Result of add_two_ints: for 10 + 10 = 20
[INFO] [1733989396.530612872] [minimal_client_async]: Result of add_two_ints: for 10 + 10 = 20
[INFO] [1733989397.532898122] [minimal_client_async]: Result of add_two_ints: for 10 + 10 = 20
[INFO] [1733989398.534682254] [minimal_client_async]: Result of add_two_ints: for 10 + 10 = 20
[INFO] [1733989399.536762065] [minimal_client_async]: Result of add_two_ints: for 10 + 10 = 20
[INFO] [1733989400.538531176] [minimal_client_async]: Result of add_two_ints: for 10 + 10 = 20
[INFO] [1733989401.540874051] [minimal_client_async]: Result of add_two_ints: for 10 + 10 = 20
[INFO] [1733989402.543477141] [minimal_client_async]: Result of add_two_ints: for 10 + 10 = 20
[INFO] [1733989403.545976485] [minimal_client_async]: Result of add_two_ints: for 10 + 10 = 20
[INFO] [1733989404.547997876] [minimal_client_async]: Result of add_two_ints: for 10 + 10 = 20
[INFO] [1733989405.550097303] [minimal_client_async]: Result of add_two_ints: for 10 + 10 = 20
[INFO] [1733989406.552528855] [minimal_client_async]: Result of add_two_ints: for 10 + 10 = 20
[INFO] [1733989407.555290152] [minimal_client_async]: Result of add_two_ints: for 10 + 10 = 20
[INFO] [1733989408.557843091] [minimal_client_async]: Result of add_two_ints: for 10 + 10 = 20
[INFO] [1733989409.559773032] [minimal_client_async]: Result of add_two_ints: for 10 + 10 = 20
[INFO] [1733989410.562305154] [minimal_client_async]: Result of add_two_ints: for 10 + 10 = 20
[INFO] [1733989411.564988298] [minimal_client_async]: Result of add_two_ints: for 10 + 10 = 20
[INFO] [1733989412.567051303] [minimal_client_async]: Result of add_two_ints: for 10 + 10 = 20
[INFO] [1733989413.569700106] [minimal_client_async]: Result of add_two_ints: for 10 + 10 = 20
[INFO] [1733989414.571658897] [minimal_client_async]: Result of add_two_ints: for 10 + 10 = 20
[INFO] [1733989415.573934039] [minimal_client_async]: Result of add_two_ints: for 10 + 10 = 20
[INFO] [1733989416.575609880] [minimal_client_async]: Result of add_two_ints: for 10 + 10 = 20
[INFO] [1733989417.577721681] [minimal_client_async]: Result of add_two_ints: for 10 + 10 = 20
[INFO] [1733989418.578767499] [minimal_client_async]: Result of add_two_ints: for 10 + 10 = 20
[INFO] [1733989419.580829974] [minimal_client_async]: Result of add_two_ints: for 10 + 10 = 20
[INFO] [1733989420.583038624] [minimal_client_async]: Result of add_two_ints: for 10 + 10 = 20
[INFO] [1733989421.584986204] [minimal_client_async]: Result of add_two_ints: for 10 + 10 = 20
[INFO] [1733989422.587565653] [minimal_client_async]: Result of add_two_ints: for 10 + 10 = 20
[INFO] [1733989423.590113848] [minimal_client_async]: Result of add_two_ints: for 10 + 10 = 20
[INFO] [1733989424.592283766] [minimal_client_async]: Result of add_two_ints: for 10 + 10 = 20
[INFO] [1733989425.594244104] [minimal_client_async]: Result of add_two_ints: for 10 + 10 = 20
[INFO] [1733989426.595914451] [minimal_client_async]: Result of add_two_ints: for 10 + 10 = 20
[INFO] [1733989427.598340499] [minimal_client_async]: Result of add_two_ints: for 10 + 10 = 20
[INFO] [1733989428.600750586] [minimal_client_async]: Result of add_two_ints: for 10 + 10 = 20
[INFO] [1733989429.602907750] [minimal_client_async]: Result of add_two_ints: for 10 + 10 = 20
[INFO] [1733989430.605543708] [minimal_client_async]: Result of add_two_ints: for 10 + 10 = 20
[INFO] [1733989431.607341094] [minimal_client_async]: Result of add_two_ints: for 10 + 10 = 20
[INFO] [1733989432.609821585] [minimal_client_async]: Result of add_two_ints: for 10 + 10 = 20
[INFO] [1733989433.611865533] [minimal_client_async]: Result of add_two_ints: for 10 + 10 = 20
[INFO] [1733989434.614049198] [minimal_client_async]: Result of add_two_ints: for 10 + 10 = 20
[INFO] [1733989435.216058463] [minimal_client_async]: Timeout reached. Stopping client.
RAPL is set
] [1733989351.430581453] [minimal_client_async]: Result of add_two_ints: for 10 + 10 = 20
[INFO] [1733989435.428904935] [minimal_client_async]: Timeout reached. Stopping client.
RAPL is not set
