[INFO] [1733828033.195858931] [fibonacci_action_server]: Received goal request with order 10
[INFO] [1733828033.196046714] [fibonacci_action_server]: Executing goal...
[INFO] [1733828033.196187136] [fibonacci_action_server]: Feedback: [1]
[INFO] [1733828033.446363523] [fibonacci_action_server]: Feedback: [2]
[INFO] [1733828033.696539076] [fibonacci_action_server]: Feedback: [3]
[INFO] [1733828033.946747364] [fibonacci_action_server]: Feedback: [5]
[INFO] [1733828034.196984439] [fibonacci_action_server]: Feedback: [8]
[INFO] [1733828034.447232551] [fibonacci_action_server]: Feedback: [13]
[INFO] [1733828034.697373948] [fibonacci_action_server]: Feedback: [21]
[INFO] [1733828034.947599962] [fibonacci_action_server]: Feedback: [34]
[INFO] [1733828035.197778445] [fibonacci_action_server]: Feedback: [55]
[INFO] [1733828035.448062187] [fibonacci_action_server]: Goal succeeded
[INFO] [1733828035.448408991] [fibonacci_action_server]: Received goal request with order 10
[INFO] [1733828035.448491795] [fibonacci_action_server]: Executing goal...
[INFO] [1733828035.448550531] [fibonacci_action_server]: Feedback: [1]
[INFO] [1733828035.698705490] [fibonacci_action_server]: Feedback: [2]
[INFO] [1733828035.948879805] [fibonacci_action_server]: Feedback: [3]
[INFO] [1733828036.199053244] [fibonacci_action_server]: Feedback: [5]
[INFO] [1733828036.449240649] [fibonacci_action_server]: Feedback: [8]
[INFO] [1733828036.699417567] [fibonacci_action_server]: Feedback: [13]
[INFO] [1733828036.949616154] [fibonacci_action_server]: Feedback: [21]
[INFO] [1733828037.199889032] [fibonacci_action_server]: Feedback: [34]
[INFO] [1733828037.450106871] [fibonacci_action_server]: Feedback: [55]
[INFO] [1733828037.700397698] [fibonacci_action_server]: Goal succeeded
[INFO] [1733828037.700805256] [fibonacci_action_server]: Received goal request with order 10
[INFO] [1733828037.700898553] [fibonacci_action_server]: Executing goal...
[INFO] [1733828037.700945267] [fibonacci_action_server]: Feedback: [1]
[INFO] [1733828037.951101023] [fibonacci_action_server]: Feedback: [2]
[INFO] [1733828038.201369705] [fibonacci_action_server]: Feedback: [3]
[INFO] [1733828038.451522842] [fibonacci_action_server]: Feedback: [5]
[INFO] [1733828038.701742479] [fibonacci_action_server]: Feedback: [8]
[INFO] [1733828038.951939478] [fibonacci_action_server]: Feedback: [13]
[INFO] [1733828039.202186814] [fibonacci_action_server]: Feedback: [21]
[INFO] [1733828039.452420050] [fibonacci_action_server]: Feedback: [34]
[INFO] [1733828039.702582173] [fibonacci_action_server]: Feedback: [55]
[INFO] [1733828039.952792874] [fibonacci_action_server]: Goal succeeded
[INFO] [1733828039.953112745] [fibonacci_action_server]: Received goal request with order 10
[INFO] [1733828039.953194677] [fibonacci_action_server]: Executing goal...
[INFO] [1733828039.953233909] [fibonacci_action_server]: Feedback: [1]
[INFO] [1733828040.203417223] [fibonacci_action_server]: Feedback: [2]
[INFO] [1733828040.453591853] [fibonacci_action_server]: Feedback: [3]
[INFO] [1733828040.703848428] [fibonacci_action_server]: Feedback: [5]
[INFO] [1733828040.954021203] [fibonacci_action_server]: Feedback: [8]
[INFO] [1733828041.204248916] [fibonacci_action_server]: Feedback: [13]
[INFO] [1733828041.454403624] [fibonacci_action_server]: Feedback: [21]
[INFO] [1733828041.704620493] [fibonacci_action_server]: Feedback: [34]
[INFO] [1733828041.954825021] [fibonacci_action_server]: Feedback: [55]
[INFO] [1733828042.205051018] [fibonacci_action_server]: Goal succeeded
[INFO] [1733828042.205311262] [fibonacci_action_server]: Received goal request with order 10
[INFO] [1733828042.205389366] [fibonacci_action_server]: Executing goal...
[INFO] [1733828042.205432510] [fibonacci_action_server]: Feedback: [1]
[INFO] [1733828042.455590029] [fibonacci_action_server]: Feedback: [2]
[INFO] [1733828042.705754936] [fibonacci_action_server]: Feedback: [3]
[INFO] [1733828042.955959918] [fibonacci_action_server]: Feedback: [5]
[INFO] [1733828043.206176522] [fibonacci_action_server]: Feedback: [8]
[INFO] [1733828043.456330832] [fibonacci_action_server]: Feedback: [13]
[INFO] [1733828043.706974777] [fibonacci_action_server]: Feedback: [21]
[INFO] [1733828043.957225784] [fibonacci_action_server]: Feedback: [34]
[INFO] [1733828044.207437834] [fibonacci_action_server]: Feedback: [55]
[INFO] [1733828044.457638805] [fibonacci_action_server]: Goal succeeded
[INFO] [1733828044.458113731] [fibonacci_action_server]: Received goal request with order 10
[INFO] [1733828044.458212313] [fibonacci_action_server]: Executing goal...
[INFO] [1733828044.458262116] [fibonacci_action_server]: Feedback: [1]
[INFO] [1733828044.708430769] [fibonacci_action_server]: Feedback: [2]
[INFO] [1733828044.958597263] [fibonacci_action_server]: Feedback: [3]
[INFO] [1733828045.208786270] [fibonacci_action_server]: Feedback: [5]
[INFO] [1733828045.459019335] [fibonacci_action_server]: Feedback: [8]
[INFO] [1733828045.709192487] [fibonacci_action_server]: Feedback: [13]
[INFO] [1733828045.959384462] [fibonacci_action_server]: Feedback: [21]
[INFO] [1733828046.209576591] [fibonacci_action_server]: Feedback: [34]
[INFO] [1733828046.459804278] [fibonacci_action_server]: Feedback: [55]
[INFO] [1733828046.710035715] [fibonacci_action_server]: Goal succeeded
[INFO] [1733828046.710519284] [fibonacci_action_server]: Received goal request with order 10
[INFO] [1733828046.710677922] [fibonacci_action_server]: Executing goal...
[INFO] [1733828046.710727184] [fibonacci_action_server]: Feedback: [1]
[INFO] [1733828046.960850086] [fibonacci_action_server]: Feedback: [2]
[INFO] [1733828047.211085020] [fibonacci_action_server]: Feedback: [3]
[INFO] [1733828047.461343284] [fibonacci_action_server]: Feedback: [5]
[INFO] [1733828047.711543901] [fibonacci_action_server]: Feedback: [8]
[INFO] [1733828047.961707332] [fibonacci_action_server]: Feedback: [13]
[INFO] [1733828048.211894000] [fibonacci_action_server]: Feedback: [21]
[INFO] [1733828048.462078501] [fibonacci_action_server]: Feedback: [34]
[INFO] [1733828048.712331389] [fibonacci_action_server]: Feedback: [55]
[INFO] [1733828048.962534245] [fibonacci_action_server]: Goal succeeded
[INFO] [1733828048.962913791] [fibonacci_action_server]: Received goal request with order 10
[INFO] [1733828048.963067617] [fibonacci_action_server]: Executing goal...
[INFO] [1733828048.963113979] [fibonacci_action_server]: Feedback: [1]
[INFO] [1733828049.213262013] [fibonacci_action_server]: Feedback: [2]
[INFO] [1733828049.463474076] [fibonacci_action_server]: Feedback: [3]
[INFO] [1733828049.713669593] [fibonacci_action_server]: Feedback: [5]
[INFO] [1733828049.963867922] [fibonacci_action_server]: Feedback: [8]
[INFO] [1733828050.214060940] [fibonacci_action_server]: Feedback: [13]
[INFO] [1733828050.464287492] [fibonacci_action_server]: Feedback: [21]
[INFO] [1733828050.714467001] [fibonacci_action_server]: Feedback: [34]
[INFO] [1733828050.964700207] [fibonacci_action_server]: Feedback: [55]
[INFO] [1733828051.214915589] [fibonacci_action_server]: Goal succeeded
[INFO] [1733828051.215219657] [fibonacci_action_server]: Received goal request with order 10
[INFO] [1733828051.215310845] [fibonacci_action_server]: Executing goal...
[INFO] [1733828051.215361320] [fibonacci_action_server]: Feedback: [1]
[INFO] [1733828051.465519440] [fibonacci_action_server]: Feedback: [2]
[INFO] [1733828051.715679424] [fibonacci_action_server]: Feedback: [3]
[INFO] [1733828051.965901092] [fibonacci_action_server]: Feedback: [5]
[INFO] [1733828052.216091112] [fibonacci_action_server]: Feedback: [8]
[INFO] [1733828052.466335838] [fibonacci_action_server]: Feedback: [13]
[INFO] [1733828052.716561963] [fibonacci_action_server]: Feedback: [21]
[INFO] [1733828052.966775378] [fibonacci_action_server]: Feedback: [34]
[INFO] [1733828053.216982772] [fibonacci_action_server]: Feedback: [55]
[INFO] [1733828053.467233090] [fibonacci_action_server]: Goal succeeded
[INFO] [1733828053.467552904] [fibonacci_action_server]: Received goal request with order 10
[INFO] [1733828053.467706333] [fibonacci_action_server]: Executing goal...
[INFO] [1733828053.467759990] [fibonacci_action_server]: Feedback: [1]
[INFO] [1733828053.717946663] [fibonacci_action_server]: Feedback: [2]
[INFO] [1733828053.968130759] [fibonacci_action_server]: Feedback: [3]
[INFO] [1733828054.218320832] [fibonacci_action_server]: Feedback: [5]
[INFO] [1733828054.468484421] [fibonacci_action_server]: Feedback: [8]
[INFO] [1733828054.718724458] [fibonacci_action_server]: Feedback: [13]
[INFO] [1733828054.968944340] [fibonacci_action_server]: Feedback: [21]
[INFO] [1733828055.219151852] [fibonacci_action_server]: Feedback: [34]
[INFO] [1733828055.469374547] [fibonacci_action_server]: Feedback: [55]
[INFO] [1733828055.719642695] [fibonacci_action_server]: Goal succeeded
[INFO] [1733828055.719987603] [fibonacci_action_server]: Received goal request with order 10
[INFO] [1733828055.720108097] [fibonacci_action_server]: Executing goal...
[INFO] [1733828055.720163552] [fibonacci_action_server]: Feedback: [1]
[INFO] [1733828055.970346117] [fibonacci_action_server]: Feedback: [2]
[INFO] [1733828056.220538531] [fibonacci_action_server]: Feedback: [3]
[INFO] [1733828056.470750265] [fibonacci_action_server]: Feedback: [5]
[INFO] [1733828056.720972041] [fibonacci_action_server]: Feedback: [8]
[INFO] [1733828056.971180851] [fibonacci_action_server]: Feedback: [13]
[INFO] [1733828057.221340021] [fibonacci_action_server]: Feedback: [21]
[INFO] [1733828057.471532243] [fibonacci_action_server]: Feedback: [34]
[INFO] [1733828057.721713836] [fibonacci_action_server]: Feedback: [55]
[INFO] [1733828057.971996087] [fibonacci_action_server]: Goal succeeded
[INFO] [1733828057.972303881] [fibonacci_action_server]: Received goal request with order 10
[INFO] [1733828057.972394602] [fibonacci_action_server]: Executing goal...
[INFO] [1733828057.972438333] [fibonacci_action_server]: Feedback: [1]
[INFO] [1733828058.222547245] [fibonacci_action_server]: Feedback: [2]
[INFO] [1733828058.472760566] [fibonacci_action_server]: Feedback: [3]
[INFO] [1733828058.722992236] [fibonacci_action_server]: Feedback: [5]
[INFO] [1733828058.973202767] [fibonacci_action_server]: Feedback: [8]
[INFO] [1733828059.223407045] [fibonacci_action_server]: Feedback: [13]
[INFO] [1733828059.473585822] [fibonacci_action_server]: Feedback: [21]
[INFO] [1733828059.723717849] [fibonacci_action_server]: Feedback: [34]
[INFO] [1733828059.973939843] [fibonacci_action_server]: Feedback: [55]
[INFO] [1733828060.224174093] [fibonacci_action_server]: Goal succeeded
[INFO] [1733828060.224625270] [fibonacci_action_server]: Received goal request with order 10
[INFO] [1733828060.224756371] [fibonacci_action_server]: Executing goal...
[INFO] [1733828060.224804595] [fibonacci_action_server]: Feedback: [1]
[INFO] [1733828060.474967760] [fibonacci_action_server]: Feedback: [2]
[INFO] [1733828060.725199452] [fibonacci_action_server]: Feedback: [3]
[INFO] [1733828060.975393332] [fibonacci_action_server]: Feedback: [5]
[INFO] [1733828061.225637272] [fibonacci_action_server]: Feedback: [8]
[INFO] [1733828061.475771107] [fibonacci_action_server]: Feedback: [13]
[INFO] [1733828061.725981430] [fibonacci_action_server]: Feedback: [21]
[INFO] [1733828061.976178515] [fibonacci_action_server]: Feedback: [34]
[INFO] [1733828062.226422897] [fibonacci_action_server]: Feedback: [55]
[INFO] [1733828062.476681783] [fibonacci_action_server]: Goal succeeded
[INFO] [1733828062.476992278] [fibonacci_action_server]: Received goal request with order 10
[INFO] [1733828062.477197349] [fibonacci_action_server]: Executing goal...
[INFO] [1733828062.477243342] [fibonacci_action_server]: Feedback: [1]
[INFO] [1733828062.727387194] [fibonacci_action_server]: Feedback: [2]
[INFO] [1733828062.977622580] [fibonacci_action_server]: Feedback: [3]
[INFO] [1733828063.227791466] [fibonacci_action_server]: Feedback: [5]
[INFO] [1733828063.477952461] [fibonacci_action_server]: Feedback: [8]
[INFO] [1733828063.728189823] [fibonacci_action_server]: Feedback: [13]
[INFO] [1733828063.978435876] [fibonacci_action_server]: Feedback: [21]
[INFO] [1733828064.228643500] [fibonacci_action_server]: Feedback: [34]
[INFO] [1733828064.478882233] [fibonacci_action_server]: Feedback: [55]
[INFO] [1733828064.729146958] [fibonacci_action_server]: Goal succeeded
[INFO] [1733828064.729602123] [fibonacci_action_server]: Received goal request with order 10
[INFO] [1733828064.729740241] [fibonacci_action_server]: Executing goal...
[INFO] [1733828064.729785453] [fibonacci_action_server]: Feedback: [1]
[INFO] [1733828064.979962975] [fibonacci_action_server]: Feedback: [2]
[INFO] [1733828065.230215356] [fibonacci_action_server]: Feedback: [3]
[INFO] [1733828065.480420271] [fibonacci_action_server]: Feedback: [5]
[INFO] [1733828065.730618574] [fibonacci_action_server]: Feedback: [8]
[INFO] [1733828065.980847210] [fibonacci_action_server]: Feedback: [13]
[INFO] [1733828066.231030768] [fibonacci_action_server]: Feedback: [21]
[INFO] [1733828066.481266265] [fibonacci_action_server]: Feedback: [34]
[INFO] [1733828066.731456486] [fibonacci_action_server]: Feedback: [55]
[INFO] [1733828066.981710796] [fibonacci_action_server]: Goal succeeded
[INFO] [1733828066.982067151] [fibonacci_action_server]: Received goal request with order 10
[INFO] [1733828066.982224115] [fibonacci_action_server]: Executing goal...
[INFO] [1733828066.982273573] [fibonacci_action_server]: Feedback: [1]
[INFO] [1733828067.232438241] [fibonacci_action_server]: Feedback: [2]
[INFO] [1733828067.482658547] [fibonacci_action_server]: Feedback: [3]
[INFO] [1733828067.732897329] [fibonacci_action_server]: Feedback: [5]
[INFO] [1733828067.983107568] [fibonacci_action_server]: Feedback: [8]
[INFO] [1733828068.233339418] [fibonacci_action_server]: Feedback: [13]
[INFO] [1733828068.483510341] [fibonacci_action_server]: Feedback: [21]
[INFO] [1733828068.733705016] [fibonacci_action_server]: Feedback: [34]
[INFO] [1733828068.983891958] [fibonacci_action_server]: Feedback: [55]
[INFO] [1733828069.234142826] [fibonacci_action_server]: Goal succeeded
[INFO] [1733828069.234486527] [fibonacci_action_server]: Received goal request with order 10
[INFO] [1733828069.234622191] [fibonacci_action_server]: Executing goal...
[INFO] [1733828069.234663903] [fibonacci_action_server]: Feedback: [1]
[INFO] [1733828069.484843731] [fibonacci_action_server]: Feedback: [2]
[INFO] [1733828069.735051375] [fibonacci_action_server]: Feedback: [3]
[INFO] [1733828069.985233032] [fibonacci_action_server]: Feedback: [5]
[INFO] [1733828070.235447338] [fibonacci_action_server]: Feedback: [8]
[INFO] [1733828070.485647655] [fibonacci_action_server]: Feedback: [13]
[INFO] [1733828070.735874021] [fibonacci_action_server]: Feedback: [21]
[INFO] [1733828070.986064300] [fibonacci_action_server]: Feedback: [34]
[INFO] [1733828071.236277075] [fibonacci_action_server]: Feedback: [55]
[INFO] [1733828071.486570330] [fibonacci_action_server]: Goal succeeded
[INFO] [1733828071.486895281] [fibonacci_action_server]: Received goal request with order 10
[INFO] [1733828071.487035869] [fibonacci_action_server]: Executing goal...
[INFO] [1733828071.487089609] [fibonacci_action_server]: Feedback: [1]
[INFO] [1733828071.737269593] [fibonacci_action_server]: Feedback: [2]
[INFO] [1733828071.987494697] [fibonacci_action_server]: Feedback: [3]
[INFO] [1733828072.237643509] [fibonacci_action_server]: Feedback: [5]
[INFO] [1733828072.487883841] [fibonacci_action_server]: Feedback: [8]
[INFO] [1733828072.738126955] [fibonacci_action_server]: Feedback: [13]
[INFO] [1733828072.988317087] [fibonacci_action_server]: Feedback: [21]
[INFO] [1733828073.238551589] [fibonacci_action_server]: Feedback: [34]
[INFO] [1733828073.488822841] [fibonacci_action_server]: Feedback: [55]
[INFO] [1733828073.739055339] [fibonacci_action_server]: Goal succeeded
[INFO] [1733828073.739385399] [fibonacci_action_server]: Received goal request with order 10
[INFO] [1733828073.739516924] [fibonacci_action_server]: Executing goal...
[INFO] [1733828073.739561965] [fibonacci_action_server]: Feedback: [1]
[INFO] [1733828073.989746042] [fibonacci_action_server]: Feedback: [2]
[INFO] [1733828074.239917212] [fibonacci_action_server]: Feedback: [3]
[INFO] [1733828074.490154058] [fibonacci_action_server]: Feedback: [5]
[INFO] [1733828074.740349902] [fibonacci_action_server]: Feedback: [8]
[INFO] [1733828074.990595785] [fibonacci_action_server]: Feedback: [13]
[INFO] [1733828075.240849477] [fibonacci_action_server]: Feedback: [21]
[INFO] [1733828075.491054286] [fibonacci_action_server]: Feedback: [34]
[INFO] [1733828075.741341002] [fibonacci_action_server]: Feedback: [55]
[INFO] [1733828075.991566647] [fibonacci_action_server]: Goal succeeded
[INFO] [1733828075.991952224] [fibonacci_action_server]: Received goal request with order 10
[INFO] [1733828075.992035313] [fibonacci_action_server]: Executing goal...
[INFO] [1733828075.992101340] [fibonacci_action_server]: Feedback: [1]
[INFO] [1733828076.242295064] [fibonacci_action_server]: Feedback: [2]
[INFO] [1733828076.492499508] [fibonacci_action_server]: Feedback: [3]
[INFO] [1733828076.742716698] [fibonacci_action_server]: Feedback: [5]
[INFO] [1733828076.992944310] [fibonacci_action_server]: Feedback: [8]
[INFO] [1733828077.243176864] [fibonacci_action_server]: Feedback: [13]
[INFO] [1733828077.493419113] [fibonacci_action_server]: Feedback: [21]
[INFO] [1733828077.743589603] [fibonacci_action_server]: Feedback: [34]
[INFO] [1733828077.993772522] [fibonacci_action_server]: Feedback: [55]
[INFO] [1733828078.244026934] [fibonacci_action_server]: Goal succeeded
[INFO] [1733828078.244354464] [fibonacci_action_server]: Received goal request with order 10
[INFO] [1733828078.244437539] [fibonacci_action_server]: Executing goal...
[INFO] [1733828078.244487674] [fibonacci_action_server]: Feedback: [1]
[INFO] [1733828078.494685630] [fibonacci_action_server]: Feedback: [2]
[INFO] [1733828078.744914166] [fibonacci_action_server]: Feedback: [3]
[INFO] [1733828078.995065884] [fibonacci_action_server]: Feedback: [5]
[INFO] [1733828079.245251606] [fibonacci_action_server]: Feedback: [8]
[INFO] [1733828079.495472589] [fibonacci_action_server]: Feedback: [13]
[INFO] [1733828079.745670945] [fibonacci_action_server]: Feedback: [21]
[INFO] [1733828079.995863881] [fibonacci_action_server]: Feedback: [34]
[INFO] [1733828080.246090427] [fibonacci_action_server]: Feedback: [55]
[INFO] [1733828080.496370285] [fibonacci_action_server]: Goal succeeded
[INFO] [1733828080.496849291] [fibonacci_action_server]: Received goal request with order 10
[INFO] [1733828080.497001327] [fibonacci_action_server]: Executing goal...
[INFO] [1733828080.497082708] [fibonacci_action_server]: Feedback: [1]
[INFO] [1733828080.747254824] [fibonacci_action_server]: Feedback: [2]
[INFO] [1733828080.997459997] [fibonacci_action_server]: Feedback: [3]
[INFO] [1733828081.247627086] [fibonacci_action_server]: Feedback: [5]
[INFO] [1733828081.497909899] [fibonacci_action_server]: Feedback: [8]
[INFO] [1733828081.748107047] [fibonacci_action_server]: Feedback: [13]
[INFO] [1733828081.998332058] [fibonacci_action_server]: Feedback: [21]
[INFO] [1733828082.248534193] [fibonacci_action_server]: Feedback: [34]
[INFO] [1733828082.498738058] [fibonacci_action_server]: Feedback: [55]
[INFO] [1733828082.748981588] [fibonacci_action_server]: Goal succeeded
[INFO] [1733828082.749304236] [fibonacci_action_server]: Received goal request with order 10
[INFO] [1733828082.749422546] [fibonacci_action_server]: Executing goal...
[INFO] [1733828082.749483341] [fibonacci_action_server]: Feedback: [1]
[INFO] [1733828082.999662927] [fibonacci_action_server]: Feedback: [2]
[INFO] [1733828083.249889218] [fibonacci_action_server]: Feedback: [3]
[INFO] [1733828083.500089013] [fibonacci_action_server]: Feedback: [5]
[INFO] [1733828083.750323303] [fibonacci_action_server]: Feedback: [8]
[INFO] [1733828084.000500706] [fibonacci_action_server]: Feedback: [13]
[INFO] [1733828084.250682833] [fibonacci_action_server]: Feedback: [21]
[INFO] [1733828084.500893481] [fibonacci_action_server]: Feedback: [34]
[INFO] [1733828084.751137303] [fibonacci_action_server]: Feedback: [55]
[INFO] [1733828085.001353108] [fibonacci_action_server]: Goal succeeded
[INFO] [1733828085.001693715] [fibonacci_action_server]: Received goal request with order 10
[INFO] [1733828085.001799253] [fibonacci_action_server]: Executing goal...
[INFO] [1733828085.001843063] [fibonacci_action_server]: Feedback: [1]
[INFO] [1733828085.252039539] [fibonacci_action_server]: Feedback: [2]
[INFO] [1733828085.502207968] [fibonacci_action_server]: Feedback: [3]
[INFO] [1733828085.752419553] [fibonacci_action_server]: Feedback: [5]
[INFO] [1733828086.002628822] [fibonacci_action_server]: Feedback: [8]
[INFO] [1733828086.252876702] [fibonacci_action_server]: Feedback: [13]
[INFO] [1733828086.503066032] [fibonacci_action_server]: Feedback: [21]
[INFO] [1733828086.753266990] [fibonacci_action_server]: Feedback: [34]
[INFO] [1733828087.003477316] [fibonacci_action_server]: Feedback: [55]
[INFO] [1733828087.253777433] [fibonacci_action_server]: Goal succeeded
[INFO] [1733828087.254183696] [fibonacci_action_server]: Received goal request with order 10
[INFO] [1733828087.254286057] [fibonacci_action_server]: Executing goal...
[INFO] [1733828087.254327572] [fibonacci_action_server]: Feedback: [1]
[INFO] [1733828087.504473051] [fibonacci_action_server]: Feedback: [2]
[INFO] [1733828087.754682144] [fibonacci_action_server]: Feedback: [3]
[INFO] [1733828088.004891931] [fibonacci_action_server]: Feedback: [5]
[INFO] [1733828088.255100381] [fibonacci_action_server]: Feedback: [8]
[INFO] [1733828088.505277265] [fibonacci_action_server]: Feedback: [13]
[INFO] [1733828088.755487051] [fibonacci_action_server]: Feedback: [21]
[INFO] [1733828089.005723768] [fibonacci_action_server]: Feedback: [34]
[INFO] [1733828089.255938505] [fibonacci_action_server]: Feedback: [55]
[INFO] [1733828089.506199395] [fibonacci_action_server]: Goal succeeded
[INFO] [1733828089.506489139] [fibonacci_action_server]: Received goal request with order 10
[INFO] [1733828089.506593019] [fibonacci_action_server]: Executing goal...
[INFO] [1733828089.506630215] [fibonacci_action_server]: Feedback: [1]
[INFO] [1733828089.756812307] [fibonacci_action_server]: Feedback: [2]
[INFO] [1733828090.007058550] [fibonacci_action_server]: Feedback: [3]
[INFO] [1733828090.257336822] [fibonacci_action_server]: Feedback: [5]
[INFO] [1733828090.507533290] [fibonacci_action_server]: Feedback: [8]
[INFO] [1733828090.757727260] [fibonacci_action_server]: Feedback: [13]
[INFO] [1733828091.007944401] [fibonacci_action_server]: Feedback: [21]
[INFO] [1733828091.258146594] [fibonacci_action_server]: Feedback: [34]
[INFO] [1733828091.508314946] [fibonacci_action_server]: Feedback: [55]
[INFO] [1733828091.758577910] [fibonacci_action_server]: Goal succeeded
[INFO] [1733828091.759053454] [fibonacci_action_server]: Received goal request with order 10
[INFO] [1733828091.759198325] [fibonacci_action_server]: Executing goal...
[INFO] [1733828091.759277468] [fibonacci_action_server]: Feedback: [1]
[INFO] [1733828092.009406930] [fibonacci_action_server]: Feedback: [2]
[INFO] [1733828092.259607695] [fibonacci_action_server]: Feedback: [3]
[INFO] [1733828092.509876504] [fibonacci_action_server]: Feedback: [5]
[INFO] [1733828092.760070707] [fibonacci_action_server]: Feedback: [8]
[INFO] [1733828093.010233707] [fibonacci_action_server]: Feedback: [13]
[INFO] [1733828093.260442817] [fibonacci_action_server]: Feedback: [21]
[INFO] [1733828093.510653374] [fibonacci_action_server]: Feedback: [34]
[INFO] [1733828093.760850487] [fibonacci_action_server]: Feedback: [55]
[INFO] [1733828094.011115745] [fibonacci_action_server]: Goal succeeded
[INFO] [1733828094.011630320] [fibonacci_action_server]: Received goal request with order 10
[INFO] [1733828094.011794170] [fibonacci_action_server]: Executing goal...
[INFO] [1733828094.011892455] [fibonacci_action_server]: Feedback: [1]
[INFO] [1733828094.262084405] [fibonacci_action_server]: Feedback: [2]
[INFO] [1733828094.512298902] [fibonacci_action_server]: Feedback: [3]
[INFO] [1733828094.762468541] [fibonacci_action_server]: Feedback: [5]
[INFO] [1733828095.012645812] [fibonacci_action_server]: Feedback: [8]
[INFO] [1733828095.262900438] [fibonacci_action_server]: Feedback: [13]
[INFO] [1733828095.513137832] [fibonacci_action_server]: Feedback: [21]
[INFO] [1733828095.763351514] [fibonacci_action_server]: Feedback: [34]
[INFO] [1733828096.013540436] [fibonacci_action_server]: Feedback: [55]
[INFO] [1733828096.263783327] [fibonacci_action_server]: Goal succeeded
[INFO] [1733828096.264095186] [fibonacci_action_server]: Received goal request with order 10
[INFO] [1733828096.264171137] [fibonacci_action_server]: Executing goal...
[INFO] [1733828096.264214616] [fibonacci_action_server]: Feedback: [1]
[INFO] [1733828096.514352242] [fibonacci_action_server]: Feedback: [2]
[INFO] [1733828096.764552049] [fibonacci_action_server]: Feedback: [3]
[INFO] [1733828097.014776436] [fibonacci_action_server]: Feedback: [5]
[INFO] [1733828097.264946803] [fibonacci_action_server]: Feedback: [8]
[INFO] [1733828097.515118582] [fibonacci_action_server]: Feedback: [13]
[INFO] [1733828097.766356373] [fibonacci_action_server]: Feedback: [21]
[INFO] [1733828098.016573455] [fibonacci_action_server]: Feedback: [34]
[INFO] [1733828098.266805863] [fibonacci_action_server]: Feedback: [55]
[INFO] [1733828098.517057768] [fibonacci_action_server]: Goal succeeded
[INFO] [1733828098.517337357] [fibonacci_action_server]: Received goal request with order 10
[INFO] [1733828098.517439610] [fibonacci_action_server]: Executing goal...
[INFO] [1733828098.517488829] [fibonacci_action_server]: Feedback: [1]
[INFO] [1733828098.767636022] [fibonacci_action_server]: Feedback: [2]
[INFO] [1733828099.017827635] [fibonacci_action_server]: Feedback: [3]
[INFO] [1733828099.268041295] [fibonacci_action_server]: Feedback: [5]
[INFO] [1733828099.518248568] [fibonacci_action_server]: Feedback: [8]
[INFO] [1733828099.768492522] [fibonacci_action_server]: Feedback: [13]
[INFO] [1733828100.018661732] [fibonacci_action_server]: Feedback: [21]
[INFO] [1733828100.268885985] [fibonacci_action_server]: Feedback: [34]
[INFO] [1733828100.519045450] [fibonacci_action_server]: Feedback: [55]
[INFO] [1733828100.769273160] [fibonacci_action_server]: Goal succeeded
[INFO] [1733828100.769656263] [fibonacci_action_server]: Received goal request with order 10
[INFO] [1733828100.769745152] [fibonacci_action_server]: Executing goal...
[INFO] [1733828100.769782769] [fibonacci_action_server]: Feedback: [1]
[INFO] [1733828101.019938178] [fibonacci_action_server]: Feedback: [2]
[INFO] [1733828101.270142024] [fibonacci_action_server]: Feedback: [3]
[INFO] [1733828101.520335608] [fibonacci_action_server]: Feedback: [5]
[INFO] [1733828101.770537428] [fibonacci_action_server]: Feedback: [8]
[INFO] [1733828102.020752361] [fibonacci_action_server]: Feedback: [13]
[INFO] [1733828102.270959649] [fibonacci_action_server]: Feedback: [21]
[INFO] [1733828102.521167631] [fibonacci_action_server]: Feedback: [34]
[INFO] [1733828102.771486215] [fibonacci_action_server]: Feedback: [55]
[INFO] [1733828103.021769596] [fibonacci_action_server]: Goal succeeded
[INFO] [1733828103.022088593] [fibonacci_action_server]: Received goal request with order 10
[INFO] [1733828103.022234277] [fibonacci_action_server]: Executing goal...
[INFO] [1733828103.022289189] [fibonacci_action_server]: Feedback: [1]
[INFO] [1733828103.272436600] [fibonacci_action_server]: Feedback: [2]
[INFO] [1733828103.522648972] [fibonacci_action_server]: Feedback: [3]
[INFO] [1733828103.772818670] [fibonacci_action_server]: Feedback: [5]
[INFO] [1733828104.023013245] [fibonacci_action_server]: Feedback: [8]
[INFO] [1733828104.273255420] [fibonacci_action_server]: Feedback: [13]
[INFO] [1733828104.523428324] [fibonacci_action_server]: Feedback: [21]
[INFO] [1733828104.773622620] [fibonacci_action_server]: Feedback: [34]
[INFO] [1733828105.023823043] [fibonacci_action_server]: Feedback: [55]
[INFO] [1733828105.274095332] [fibonacci_action_server]: Goal succeeded
[INFO] [1733828105.274428319] [fibonacci_action_server]: Received goal request with order 10
[INFO] [1733828105.274534422] [fibonacci_action_server]: Executing goal...
[INFO] [1733828105.274602475] [fibonacci_action_server]: Feedback: [1]
[INFO] [1733828105.524747826] [fibonacci_action_server]: Feedback: [2]
[INFO] [1733828105.774947441] [fibonacci_action_server]: Feedback: [3]
[INFO] [1733828106.025174557] [fibonacci_action_server]: Feedback: [5]
[INFO] [1733828106.275431004] [fibonacci_action_server]: Feedback: [8]
[INFO] [1733828106.525642963] [fibonacci_action_server]: Feedback: [13]
[INFO] [1733828106.775906024] [fibonacci_action_server]: Feedback: [21]
[INFO] [1733828107.026112497] [fibonacci_action_server]: Feedback: [34]
[INFO] [1733828107.276313026] [fibonacci_action_server]: Feedback: [55]
[INFO] [1733828107.526522282] [fibonacci_action_server]: Goal succeeded
[INFO] [1733828107.527177877] [fibonacci_action_server]: Received goal request with order 10
[INFO] [1733828107.527278221] [fibonacci_action_server]: Executing goal...
[INFO] [1733828107.527333018] [fibonacci_action_server]: Feedback: [1]
[INFO] [1733828107.777497538] [fibonacci_action_server]: Feedback: [2]
[INFO] [1733828108.027768198] [fibonacci_action_server]: Feedback: [3]
[INFO] [1733828108.277939962] [fibonacci_action_server]: Feedback: [5]
[INFO] [1733828108.528163558] [fibonacci_action_server]: Feedback: [8]
[INFO] [1733828108.778326874] [fibonacci_action_server]: Feedback: [13]
[INFO] [1733828109.028505299] [fibonacci_action_server]: Feedback: [21]
[INFO] [1733828109.278756908] [fibonacci_action_server]: Feedback: [34]
[INFO] [1733828109.528970425] [fibonacci_action_server]: Feedback: [55]
[INFO] [1733828109.779209604] [fibonacci_action_server]: Goal succeeded
[INFO] [1733828109.779577706] [fibonacci_action_server]: Received goal request with order 10
[INFO] [1733828109.779657975] [fibonacci_action_server]: Executing goal...
[INFO] [1733828109.779699946] [fibonacci_action_server]: Feedback: [1]
[INFO] [1733828110.029824342] [fibonacci_action_server]: Feedback: [2]
[INFO] [1733828110.280019770] [fibonacci_action_server]: Feedback: [3]
[INFO] [1733828110.530220071] [fibonacci_action_server]: Feedback: [5]
[INFO] [1733828110.780437799] [fibonacci_action_server]: Feedback: [8]
[INFO] [1733828111.030641588] [fibonacci_action_server]: Feedback: [13]
[INFO] [1733828111.280819795] [fibonacci_action_server]: Feedback: [21]
[INFO] [1733828111.531038680] [fibonacci_action_server]: Feedback: [34]
[INFO] [1733828111.781242051] [fibonacci_action_server]: Feedback: [55]
[INFO] [1733828112.031495733] [fibonacci_action_server]: Goal succeeded
[INFO] [1733828112.031879462] [fibonacci_action_server]: Received goal request with order 10
[INFO] [1733828112.032057228] [fibonacci_action_server]: Executing goal...
[INFO] [1733828112.032108341] [fibonacci_action_server]: Feedback: [1]
[INFO] [1733828112.282255779] [fibonacci_action_server]: Feedback: [2]
[INFO] [1733828112.532475149] [fibonacci_action_server]: Feedback: [3]
[INFO] [1733828112.782722626] [fibonacci_action_server]: Feedback: [5]
[INFO] [1733828113.032913780] [fibonacci_action_server]: Feedback: [8]
[INFO] [1733828113.283137960] [fibonacci_action_server]: Feedback: [13]
[INFO] [1733828113.533378363] [fibonacci_action_server]: Feedback: [21]
[INFO] [1733828113.783611864] [fibonacci_action_server]: Feedback: [34]
[INFO] [1733828114.033844330] [fibonacci_action_server]: Feedback: [55]
[INFO] [1733828114.284158139] [fibonacci_action_server]: Goal succeeded
[INFO] [1733828114.284613356] [fibonacci_action_server]: Received goal request with order 10
[INFO] [1733828114.284698891] [fibonacci_action_server]: Executing goal...
[INFO] [1733828114.284748232] [fibonacci_action_server]: Feedback: [1]
[INFO] [1733828114.534856610] [fibonacci_action_server]: Feedback: [2]
[INFO] [1733828114.785106100] [fibonacci_action_server]: Feedback: [3]
[INFO] [1733828115.035310356] [fibonacci_action_server]: Feedback: [5]
[INFO] [1733828115.285463270] [fibonacci_action_server]: Feedback: [8]
[INFO] [1733828115.535715833] [fibonacci_action_server]: Feedback: [13]
[INFO] [1733828115.785890270] [fibonacci_action_server]: Feedback: [21]
[INFO] [1733828116.036113190] [fibonacci_action_server]: Feedback: [34]
[INFO] [1733828116.286402170] [fibonacci_action_server]: Feedback: [55]
[INFO] [1733828116.536620034] [fibonacci_action_server]: Goal succeeded
[INFO] [1733828116.536915086] [fibonacci_action_server]: Received goal request with order 10
[INFO] [1733828116.537100248] [fibonacci_action_server]: Executing goal...
[INFO] [1733828116.537184295] [fibonacci_action_server]: Feedback: [1]
[INFO] [1733828116.787369212] [fibonacci_action_server]: Feedback: [2]
[INFO] [1733828117.037570583] [fibonacci_action_server]: Feedback: [3]
[INFO] [1733828117.287806666] [fibonacci_action_server]: Feedback: [5]
[INFO] [1733828117.538058264] [fibonacci_action_server]: Feedback: [8]
[INFO] [1733828117.788250047] [fibonacci_action_server]: Feedback: [13]
[INFO] [1733828118.038451800] [fibonacci_action_server]: Feedback: [21]
[INFO] [1733828118.288679100] [fibonacci_action_server]: Feedback: [34]
[INFO] [1733828118.538868578] [fibonacci_action_server]: Feedback: [55]
[INFO] [1733828118.789114911] [fibonacci_action_server]: Goal succeeded
[INFO] [1733828118.789404403] [fibonacci_action_server]: Received goal request with order 10
[INFO] [1733828118.789553312] [fibonacci_action_server]: Executing goal...
[INFO] [1733828118.789600020] [fibonacci_action_server]: Feedback: [1]
[INFO] [1733828119.039760842] [fibonacci_action_server]: Feedback: [2]
[INFO] [1733828119.289983668] [fibonacci_action_server]: Feedback: [3]
[INFO] [1733828119.540157113] [fibonacci_action_server]: Feedback: [5]
[INFO] [1733828119.790387223] [fibonacci_action_server]: Feedback: [8]
[INFO] [1733828120.040632442] [fibonacci_action_server]: Feedback: [13]
[INFO] [1733828120.290826462] [fibonacci_action_server]: Feedback: [21]
[INFO] [1733828120.541058144] [fibonacci_action_server]: Feedback: [34]
[INFO] [1733828120.791238510] [fibonacci_action_server]: Feedback: [55]
[INFO] [1733828121.041510991] [fibonacci_action_server]: Goal succeeded
[INFO] [1733828121.041906183] [fibonacci_action_server]: Received goal request with order 10
[INFO] [1733828121.041985897] [fibonacci_action_server]: Executing goal...
[INFO] [1733828121.042031418] [fibonacci_action_server]: Feedback: [1]
[INFO] [1733828121.292206814] [fibonacci_action_server]: Feedback: [2]
[INFO] [1733828121.542397416] [fibonacci_action_server]: Feedback: [3]
[INFO] [1733828121.792596939] [fibonacci_action_server]: Feedback: [5]
[INFO] [1733828122.042735630] [fibonacci_action_server]: Feedback: [8]
[INFO] [1733828122.293003100] [fibonacci_action_server]: Feedback: [13]
[INFO] [1733828122.543225199] [fibonacci_action_server]: Feedback: [21]
[INFO] [1733828122.793398013] [fibonacci_action_server]: Feedback: [34]
[INFO] [1733828123.043606367] [fibonacci_action_server]: Feedback: [55]
[INFO] [1733828123.293856538] [fibonacci_action_server]: Goal succeeded
[INFO] [1733828123.294212378] [fibonacci_action_server]: Received goal request with order 10
[INFO] [1733828123.294348061] [fibonacci_action_server]: Executing goal...
[INFO] [1733828123.294395110] [fibonacci_action_server]: Feedback: [1]
[INFO] [1733828123.544551838] [fibonacci_action_server]: Feedback: [2]
[INFO] [1733828123.794803328] [fibonacci_action_server]: Feedback: [3]
[INFO] [1733828124.044980160] [fibonacci_action_server]: Feedback: [5]
[INFO] [1733828124.295191188] [fibonacci_action_server]: Feedback: [8]
[INFO] [1733828124.545449197] [fibonacci_action_server]: Feedback: [13]
[INFO] [1733828124.795620026] [fibonacci_action_server]: Feedback: [21]
[INFO] [1733828125.045772225] [fibonacci_action_server]: Feedback: [34]
[INFO] [1733828125.296008089] [fibonacci_action_server]: Feedback: [55]
[INFO] [1733828125.546264803] [fibonacci_action_server]: Goal succeeded
[INFO] [1733828125.546659027] [fibonacci_action_server]: Received goal request with order 10
[INFO] [1733828125.546877067] [fibonacci_action_server]: Executing goal...
[INFO] [1733828125.546925594] [fibonacci_action_server]: Feedback: [1]
[INFO] [1733828125.797131582] [fibonacci_action_server]: Feedback: [2]
[INFO] [1733828126.047319322] [fibonacci_action_server]: Feedback: [3]
[INFO] [1733828126.297543653] [fibonacci_action_server]: Feedback: [5]
[INFO] [1733828126.547762153] [fibonacci_action_server]: Feedback: [8]
[INFO] [1733828126.798014243] [fibonacci_action_server]: Feedback: [13]
[INFO] [1733828127.048239451] [fibonacci_action_server]: Feedback: [21]
[INFO] [1733828127.298456711] [fibonacci_action_server]: Feedback: [34]
[INFO] [1733828127.548696462] [fibonacci_action_server]: Feedback: [55]
[INFO] [1733828127.799044628] [fibonacci_action_server]: Goal succeeded
[INFO] [1733828127.799389872] [fibonacci_action_server]: Received goal request with order 10
[INFO] [1733828127.799529183] [fibonacci_action_server]: Executing goal...
[INFO] [1733828127.799588613] [fibonacci_action_server]: Feedback: [1]
[INFO] [1733828128.049768074] [fibonacci_action_server]: Feedback: [2]
[INFO] [1733828128.299952693] [fibonacci_action_server]: Feedback: [3]
[INFO] [1733828128.550179867] [fibonacci_action_server]: Feedback: [5]
[INFO] [1733828128.800427603] [fibonacci_action_server]: Feedback: [8]
[INFO] [1733828129.050634769] [fibonacci_action_server]: Feedback: [13]
[INFO] [1733828129.300874850] [fibonacci_action_server]: Feedback: [21]
[INFO] [1733828129.551103804] [fibonacci_action_server]: Feedback: [34]
[INFO] [1733828129.801325867] [fibonacci_action_server]: Feedback: [55]
[INFO] [1733828130.051639146] [fibonacci_action_server]: Goal succeeded
[INFO] [1733828130.051987129] [fibonacci_action_server]: Received goal request with order 10
[INFO] [1733828130.052155331] [fibonacci_action_server]: Executing goal...
[INFO] [1733828130.052205355] [fibonacci_action_server]: Feedback: [1]
[INFO] [1733828130.302348988] [fibonacci_action_server]: Feedback: [2]
[INFO] [1733828130.552576536] [fibonacci_action_server]: Feedback: [3]
[INFO] [1733828130.802829921] [fibonacci_action_server]: Feedback: [5]
[INFO] [1733828131.053038393] [fibonacci_action_server]: Feedback: [8]
[INFO] [1733828131.303268177] [fibonacci_action_server]: Feedback: [13]
[INFO] [1733828131.553477909] [fibonacci_action_server]: Feedback: [21]
[INFO] [1733828131.803727619] [fibonacci_action_server]: Feedback: [34]
[INFO] [1733828132.053944238] [fibonacci_action_server]: Feedback: [55]
[INFO] [1733828132.304185978] [fibonacci_action_server]: Goal succeeded
[INFO] [1733828132.304498281] [fibonacci_action_server]: Received goal request with order 10
[INFO] [1733828132.304662857] [fibonacci_action_server]: Executing goal...
[INFO] [1733828132.304728396] [fibonacci_action_server]: Feedback: [1]
[INFO] [1733828132.554901362] [fibonacci_action_server]: Feedback: [2]
[INFO] [1733828132.805092086] [fibonacci_action_server]: Feedback: [3]
[INFO] [1733828133.055304736] [fibonacci_action_server]: Feedback: [5]
[INFO] [1733828133.305466723] [fibonacci_action_server]: Feedback: [8]
[INFO] [1733828133.555688858] [fibonacci_action_server]: Feedback: [13]
[INFO] [1733828133.805928445] [fibonacci_action_server]: Feedback: [21]
[INFO] [1733828134.056117449] [fibonacci_action_server]: Feedback: [34]
[INFO] [1733828134.306363863] [fibonacci_action_server]: Feedback: [55]
[INFO] [1733828134.556590887] [fibonacci_action_server]: Goal succeeded
[INFO] [1733828134.556856239] [fibonacci_action_server]: Received goal request with order 10
[INFO] [1733828134.556949336] [fibonacci_action_server]: Executing goal...
[INFO] [1733828134.556992369] [fibonacci_action_server]: Feedback: [1]
[INFO] [1733828134.807129028] [fibonacci_action_server]: Feedback: [2]
[INFO] [1733828135.057410532] [fibonacci_action_server]: Feedback: [3]
[INFO] [1733828135.307647707] [fibonacci_action_server]: Feedback: [5]
[INFO] [1733828135.557866828] [fibonacci_action_server]: Feedback: [8]
[INFO] [1733828135.808093901] [fibonacci_action_server]: Feedback: [13]
[INFO] [1733828136.058325453] [fibonacci_action_server]: Feedback: [21]
[INFO] [1733828136.308506229] [fibonacci_action_server]: Feedback: [34]
[INFO] [1733828136.558687997] [fibonacci_action_server]: Feedback: [55]
[INFO] [1733828136.808927301] [fibonacci_action_server]: Goal succeeded
[INFO] [1733828136.809271157] [fibonacci_action_server]: Received goal request with order 10
[INFO] [1733828136.809368121] [fibonacci_action_server]: Executing goal...
[INFO] [1733828136.809416314] [fibonacci_action_server]: Feedback: [1]
[INFO] [1733828137.059589719] [fibonacci_action_server]: Feedback: [2]
[INFO] [1733828137.309850361] [fibonacci_action_server]: Feedback: [3]
[INFO] [1733828137.560038378] [fibonacci_action_server]: Feedback: [5]
[INFO] [1733828137.810268020] [fibonacci_action_server]: Feedback: [8]
[INFO] [1733828138.060512344] [fibonacci_action_server]: Feedback: [13]
[INFO] [1733828138.310792171] [fibonacci_action_server]: Feedback: [21]
[INFO] [1733828138.561024051] [fibonacci_action_server]: Feedback: [34]
[INFO] [1733828138.811202011] [fibonacci_action_server]: Feedback: [55]
[INFO] [1733828139.061475217] [fibonacci_action_server]: Goal succeeded
[INFO] [1733828139.061843862] [fibonacci_action_server]: Received goal request with order 10
[INFO] [1733828139.061936051] [fibonacci_action_server]: Executing goal...
[INFO] [1733828139.061983519] [fibonacci_action_server]: Feedback: [1]
[INFO] [1733828139.312097247] [fibonacci_action_server]: Feedback: [2]
[INFO] [1733828139.562384033] [fibonacci_action_server]: Feedback: [3]
[INFO] [1733828139.812596668] [fibonacci_action_server]: Feedback: [5]
[INFO] [1733828140.062806927] [fibonacci_action_server]: Feedback: [8]
[INFO] [1733828140.313046465] [fibonacci_action_server]: Feedback: [13]
[INFO] [1733828140.563267640] [fibonacci_action_server]: Feedback: [21]
[INFO] [1733828140.813453369] [fibonacci_action_server]: Feedback: [34]
[INFO] [1733828141.063671827] [fibonacci_action_server]: Feedback: [55]
[INFO] [1733828141.313913879] [fibonacci_action_server]: Goal succeeded
[INFO] [1733828141.314279543] [fibonacci_action_server]: Received goal request with order 10
[INFO] [1733828141.314370214] [fibonacci_action_server]: Executing goal...
[INFO] [1733828141.314414199] [fibonacci_action_server]: Feedback: [1]
[INFO] [1733828141.564542963] [fibonacci_action_server]: Feedback: [2]
[INFO] [1733828141.814767825] [fibonacci_action_server]: Feedback: [3]
[INFO] [1733828142.064937397] [fibonacci_action_server]: Feedback: [5]
[INFO] [1733828142.315115046] [fibonacci_action_server]: Feedback: [8]
[INFO] [1733828142.565335434] [fibonacci_action_server]: Feedback: [13]
[INFO] [1733828142.815563328] [fibonacci_action_server]: Feedback: [21]
[INFO] [1733828143.065767084] [fibonacci_action_server]: Feedback: [34]
[INFO] [1733828143.315997601] [fibonacci_action_server]: Feedback: [55]
[INFO] [1733828143.566251553] [fibonacci_action_server]: Goal succeeded
[INFO] [1733828143.566608719] [fibonacci_action_server]: Received goal request with order 10
[INFO] [1733828143.566726734] [fibonacci_action_server]: Executing goal...
[INFO] [1733828143.566788836] [fibonacci_action_server]: Feedback: [1]
[INFO] [1733828143.816932336] [fibonacci_action_server]: Feedback: [2]
[INFO] [1733828144.067133420] [fibonacci_action_server]: Feedback: [3]
[INFO] [1733828144.317409804] [fibonacci_action_server]: Feedback: [5]
[INFO] [1733828144.567622270] [fibonacci_action_server]: Feedback: [8]
[INFO] [1733828144.817844423] [fibonacci_action_server]: Feedback: [13]
[INFO] [1733828145.068019756] [fibonacci_action_server]: Feedback: [21]
[INFO] [1733828145.318270434] [fibonacci_action_server]: Feedback: [34]
[INFO] [1733828145.568470201] [fibonacci_action_server]: Feedback: [55]
[INFO] [1733828145.818721354] [fibonacci_action_server]: Goal succeeded
[INFO] [1733828145.819077910] [fibonacci_action_server]: Received goal request with order 10
[INFO] [1733828145.819160249] [fibonacci_action_server]: Executing goal...
[INFO] [1733828145.819202845] [fibonacci_action_server]: Feedback: [1]
[INFO] [1733828146.069341053] [fibonacci_action_server]: Feedback: [2]
[INFO] [1733828146.319562958] [fibonacci_action_server]: Feedback: [3]
[INFO] [1733828146.569723733] [fibonacci_action_server]: Feedback: [5]
[INFO] [1733828146.819977413] [fibonacci_action_server]: Feedback: [8]
[INFO] [1733828147.070133756] [fibonacci_action_server]: Feedback: [13]
[INFO] [1733828147.320341047] [fibonacci_action_server]: Feedback: [21]
[INFO] [1733828147.570545654] [fibonacci_action_server]: Feedback: [34]
[INFO] [1733828147.820800145] [fibonacci_action_server]: Feedback: [55]
[INFO] [1733828148.071061753] [fibonacci_action_server]: Goal succeeded
[INFO] [1733828148.071478028] [fibonacci_action_server]: Received goal request with order 10
[INFO] [1733828148.071664442] [fibonacci_action_server]: Executing goal...
[INFO] [1733828148.071712652] [fibonacci_action_server]: Feedback: [1]
[INFO] [1733828148.321886173] [fibonacci_action_server]: Feedback: [2]
[INFO] [1733828148.572110509] [fibonacci_action_server]: Feedback: [3]
[INFO] [1733828148.822360273] [fibonacci_action_server]: Feedback: [5]
[INFO] [1733828149.072572326] [fibonacci_action_server]: Feedback: [8]
[INFO] [1733828149.322792508] [fibonacci_action_server]: Feedback: [13]
[INFO] [1733828149.572968538] [fibonacci_action_server]: Feedback: [21]
[INFO] [1733828149.823199977] [fibonacci_action_server]: Feedback: [34]
[INFO] [1733828150.073425900] [fibonacci_action_server]: Feedback: [55]
[INFO] [1733828150.323701020] [fibonacci_action_server]: Goal succeeded
[INFO] [1733828150.324048121] [fibonacci_action_server]: Received goal request with order 10
[INFO] [1733828150.324217026] [fibonacci_action_server]: Executing goal...
[INFO] [1733828150.324265735] [fibonacci_action_server]: Feedback: [1]
[INFO] [1733828150.574437350] [fibonacci_action_server]: Feedback: [2]
[INFO] [1733828150.824655828] [fibonacci_action_server]: Feedback: [3]
[INFO] [1733828151.074856642] [fibonacci_action_server]: Feedback: [5]
[INFO] [1733828151.325056003] [fibonacci_action_server]: Feedback: [8]
[INFO] [1733828151.575251517] [fibonacci_action_server]: Feedback: [13]
[INFO] [1733828151.825407039] [fibonacci_action_server]: Feedback: [21]
[INFO] [1733828152.075649488] [fibonacci_action_server]: Feedback: [34]
[INFO] [1733828152.325893133] [fibonacci_action_server]: Feedback: [55]
[INFO] [1733828152.576121608] [fibonacci_action_server]: Goal succeeded
[INFO] [1733828152.577548027] [fibonacci_action_server]: Received goal request with order 10
[INFO] [1733828152.577726701] [fibonacci_action_server]: Executing goal...
[INFO] [1733828152.577776723] [fibonacci_action_server]: Feedback: [1]
[INFO] [1733828152.828199620] [fibonacci_action_server]: Feedback: [2]
[INFO] [1733828153.078394688] [fibonacci_action_server]: Feedback: [3]
[INFO] [1733828153.328592515] [fibonacci_action_server]: Feedback: [5]
[INFO] [1733828153.578806454] [fibonacci_action_server]: Feedback: [8]
[INFO] [1733828153.829035030] [fibonacci_action_server]: Feedback: [13]
[INFO] [1733828154.079219998] [fibonacci_action_server]: Feedback: [21]
[INFO] [1733828154.329419556] [fibonacci_action_server]: Feedback: [34]
[INFO] [1733828154.579655205] [fibonacci_action_server]: Feedback: [55]
[INFO] [1733828154.829870393] [fibonacci_action_server]: Goal succeeded
[INFO] [1733828154.830253396] [fibonacci_action_server]: Received goal request with order 10
[INFO] [1733828154.830446440] [fibonacci_action_server]: Executing goal...
[INFO] [1733828154.830496374] [fibonacci_action_server]: Feedback: [1]
[INFO] [1733828155.080672011] [fibonacci_action_server]: Feedback: [2]
[INFO] [1733828155.330892822] [fibonacci_action_server]: Feedback: [3]
[INFO] [1733828155.581095780] [fibonacci_action_server]: Feedback: [5]
[INFO] [1733828155.831302464] [fibonacci_action_server]: Feedback: [8]
[INFO] [1733828156.081488778] [fibonacci_action_server]: Feedback: [13]
[INFO] [1733828156.331660712] [fibonacci_action_server]: Feedback: [21]
[INFO] [1733828156.581920950] [fibonacci_action_server]: Feedback: [34]
[INFO] [1733828156.832140950] [fibonacci_action_server]: Feedback: [55]
[INFO] [1733828157.082380520] [fibonacci_action_server]: Goal succeeded
[INFO] [1733828157.082766095] [fibonacci_action_server]: Received goal request with order 10
[INFO] [1733828157.082916172] [fibonacci_action_server]: Executing goal...
[INFO] [1733828157.082965992] [fibonacci_action_server]: Feedback: [1]
[INFO] [1733828157.333151922] [fibonacci_action_server]: Feedback: [2]
[INFO] [1733828157.583379012] [fibonacci_action_server]: Feedback: [3]
[INFO] [1733828157.833593896] [fibonacci_action_server]: Feedback: [5]
[INFO] [1733828158.083794039] [fibonacci_action_server]: Feedback: [8]
[INFO] [1733828158.334031622] [fibonacci_action_server]: Feedback: [13]
[INFO] [1733828158.584299348] [fibonacci_action_server]: Feedback: [21]
[INFO] [1733828158.834527853] [fibonacci_action_server]: Feedback: [34]
[INFO] [1733828159.084776718] [fibonacci_action_server]: Feedback: [55]
[INFO] [1733828159.335058405] [fibonacci_action_server]: Goal succeeded
[INFO] [1733828159.335403620] [fibonacci_action_server]: Received goal request with order 10
[INFO] [1733828159.335491737] [fibonacci_action_server]: Executing goal...
[INFO] [1733828159.335542984] [fibonacci_action_server]: Feedback: [1]
[INFO] [1733828159.585737207] [fibonacci_action_server]: Feedback: [2]
[INFO] [1733828159.835961772] [fibonacci_action_server]: Feedback: [3]
[INFO] [1733828160.086158890] [fibonacci_action_server]: Feedback: [5]
[INFO] [1733828160.336344158] [fibonacci_action_server]: Feedback: [8]
[INFO] [1733828160.586544547] [fibonacci_action_server]: Feedback: [13]
[INFO] [1733828160.836754213] [fibonacci_action_server]: Feedback: [21]
[INFO] [1733828161.086962406] [fibonacci_action_server]: Feedback: [34]
[INFO] [1733828161.337187527] [fibonacci_action_server]: Feedback: [55]
[INFO] [1733828161.587388333] [fibonacci_action_server]: Goal succeeded
[INFO] [1733828161.587684035] [fibonacci_action_server]: Received goal request with order 10
[INFO] [1733828161.587827298] [fibonacci_action_server]: Executing goal...
[INFO] [1733828161.587879839] [fibonacci_action_server]: Feedback: [1]
[INFO] [1733828161.838066328] [fibonacci_action_server]: Feedback: [2]
[INFO] [1733828162.088321683] [fibonacci_action_server]: Feedback: [3]
[INFO] [1733828162.338498769] [fibonacci_action_server]: Feedback: [5]
[INFO] [1733828162.588658521] [fibonacci_action_server]: Feedback: [8]
[INFO] [1733828162.838868324] [fibonacci_action_server]: Feedback: [13]
[INFO] [1733828163.089156649] [fibonacci_action_server]: Feedback: [21]
[INFO] [1733828163.339359838] [fibonacci_action_server]: Feedback: [34]
[INFO] [1733828163.589533599] [fibonacci_action_server]: Feedback: [55]
[INFO] [1733828163.839774220] [fibonacci_action_server]: Goal succeeded
[INFO] [1733828163.840093486] [fibonacci_action_server]: Received goal request with order 10
[INFO] [1733828163.840216837] [fibonacci_action_server]: Executing goal...
[INFO] [1733828163.840264642] [fibonacci_action_server]: Feedback: [1]
[INFO] [1733828164.090404256] [fibonacci_action_server]: Feedback: [2]
[INFO] [1733828164.340601431] [fibonacci_action_server]: Feedback: [3]
[INFO] [1733828164.590871880] [fibonacci_action_server]: Feedback: [5]
[INFO] [1733828164.841097711] [fibonacci_action_server]: Feedback: [8]
[INFO] [1733828165.091258162] [fibonacci_action_server]: Feedback: [13]
[INFO] [1733828165.341435005] [fibonacci_action_server]: Feedback: [21]
[INFO] [1733828165.591621616] [fibonacci_action_server]: Feedback: [34]
[INFO] [1733828165.841839318] [fibonacci_action_server]: Feedback: [55]
[INFO] [1733828166.092081912] [fibonacci_action_server]: Goal succeeded
[INFO] [1733828166.092439965] [fibonacci_action_server]: Received goal request with order 10
[INFO] [1733828166.092578437] [fibonacci_action_server]: Executing goal...
[INFO] [1733828166.092631491] [fibonacci_action_server]: Feedback: [1]
[INFO] [1733828166.342815640] [fibonacci_action_server]: Feedback: [2]
[INFO] [1733828166.592988439] [fibonacci_action_server]: Feedback: [3]
[INFO] [1733828166.843218585] [fibonacci_action_server]: Feedback: [5]
[INFO] [1733828167.093415391] [fibonacci_action_server]: Feedback: [8]
[INFO] [1733828167.343605630] [fibonacci_action_server]: Feedback: [13]
[INFO] [1733828167.593830307] [fibonacci_action_server]: Feedback: [21]
[INFO] [1733828167.844007119] [fibonacci_action_server]: Feedback: [34]
[INFO] [1733828168.094244979] [fibonacci_action_server]: Feedback: [55]
[INFO] [1733828168.344498078] [fibonacci_action_server]: Goal succeeded
[INFO] [1733828168.344751593] [fibonacci_action_server]: Received goal request with order 10
[INFO] [1733828168.344852210] [fibonacci_action_server]: Executing goal...
[INFO] [1733828168.344904287] [fibonacci_action_server]: Feedback: [1]
[INFO] [1733828168.595062610] [fibonacci_action_server]: Feedback: [2]
[INFO] [1733828168.845283281] [fibonacci_action_server]: Feedback: [3]
[INFO] [1733828169.095516787] [fibonacci_action_server]: Feedback: [5]
[INFO] [1733828169.345777176] [fibonacci_action_server]: Feedback: [8]
[INFO] [1733828169.596027289] [fibonacci_action_server]: Feedback: [13]
[INFO] [1733828169.846217211] [fibonacci_action_server]: Feedback: [21]
[INFO] [1733828170.096430500] [fibonacci_action_server]: Feedback: [34]
[INFO] [1733828170.346657750] [fibonacci_action_server]: Feedback: [55]
[INFO] [1733828170.596928500] [fibonacci_action_server]: Goal succeeded
[INFO] [1733828170.597248222] [fibonacci_action_server]: Received goal request with order 10
[INFO] [1733828170.597385635] [fibonacci_action_server]: Executing goal...
[INFO] [1733828170.597434391] [fibonacci_action_server]: Feedback: [1]
[INFO] [1733828170.847595531] [fibonacci_action_server]: Feedback: [2]
[INFO] [1733828171.097731041] [fibonacci_action_server]: Feedback: [3]
[INFO] [1733828171.348007183] [fibonacci_action_server]: Feedback: [5]
[INFO] [1733828171.598213318] [fibonacci_action_server]: Feedback: [8]
[INFO] [1733828171.848352301] [fibonacci_action_server]: Feedback: [13]
[INFO] [1733828172.098517109] [fibonacci_action_server]: Feedback: [21]
[INFO] [1733828172.348751885] [fibonacci_action_server]: Feedback: [34]
[INFO] [1733828172.598967145] [fibonacci_action_server]: Feedback: [55]
[INFO] [1733828172.849223765] [fibonacci_action_server]: Goal succeeded
[INFO] [1733828172.849623028] [fibonacci_action_server]: Received goal request with order 10
[INFO] [1733828172.849733194] [fibonacci_action_server]: Executing goal...
[INFO] [1733828172.849777253] [fibonacci_action_server]: Feedback: [1]
[INFO] [1733828173.099941064] [fibonacci_action_server]: Feedback: [2]
[INFO] [1733828173.350187992] [fibonacci_action_server]: Feedback: [3]
[INFO] [1733828173.600400219] [fibonacci_action_server]: Feedback: [5]
[INFO] [1733828173.850594575] [fibonacci_action_server]: Feedback: [8]
[INFO] [1733828174.100785311] [fibonacci_action_server]: Feedback: [13]
[INFO] [1733828174.351005487] [fibonacci_action_server]: Feedback: [21]
[INFO] [1733828174.601218573] [fibonacci_action_server]: Feedback: [34]
[INFO] [1733828174.851440427] [fibonacci_action_server]: Feedback: [55]
[INFO] [1733828175.101761396] [fibonacci_action_server]: Goal succeeded
[INFO] [1733828175.102139944] [fibonacci_action_server]: Received goal request with order 10
[INFO] [1733828175.102270355] [fibonacci_action_server]: Executing goal...
[INFO] [1733828175.102317069] [fibonacci_action_server]: Feedback: [1]
[INFO] [1733828175.352457933] [fibonacci_action_server]: Feedback: [2]
[INFO] [1733828175.602630129] [fibonacci_action_server]: Feedback: [3]
[INFO] [1733828175.852778730] [fibonacci_action_server]: Feedback: [5]
[INFO] [1733828176.102999667] [fibonacci_action_server]: Feedback: [8]
[INFO] [1733828176.353226731] [fibonacci_action_server]: Feedback: [13]
[INFO] [1733828176.603410306] [fibonacci_action_server]: Feedback: [21]
[INFO] [1733828176.853620471] [fibonacci_action_server]: Feedback: [34]
[INFO] [1733828177.103858875] [fibonacci_action_server]: Feedback: [55]
[INFO] [1733828177.354141387] [fibonacci_action_server]: Goal succeeded
[INFO] [1733828177.354524762] [fibonacci_action_server]: Received goal request with order 10
[INFO] [1733828177.354718547] [fibonacci_action_server]: Executing goal...
[INFO] [1733828177.354762379] [fibonacci_action_server]: Feedback: [1]
[INFO] [1733828177.604939218] [fibonacci_action_server]: Feedback: [2]
[INFO] [1733828177.855134056] [fibonacci_action_server]: Feedback: [3]
[INFO] [1733828178.105358397] [fibonacci_action_server]: Feedback: [5]
[INFO] [1733828178.355593979] [fibonacci_action_server]: Feedback: [8]
[INFO] [1733828178.605793544] [fibonacci_action_server]: Feedback: [13]
[INFO] [1733828178.856036911] [fibonacci_action_server]: Feedback: [21]
[INFO] [1733828179.106230345] [fibonacci_action_server]: Feedback: [34]
[INFO] [1733828179.356435946] [fibonacci_action_server]: Feedback: [55]
[INFO] [1733828179.606760138] [fibonacci_action_server]: Goal succeeded
[INFO] [1733828179.607094715] [fibonacci_action_server]: Received goal request with order 10
[INFO] [1733828179.607270209] [fibonacci_action_server]: Executing goal...
[INFO] [1733828179.607316979] [fibonacci_action_server]: Feedback: [1]
[INFO] [1733828179.857472550] [fibonacci_action_server]: Feedback: [2]
[INFO] [1733828180.107724035] [fibonacci_action_server]: Feedback: [3]
[INFO] [1733828180.357917659] [fibonacci_action_server]: Feedback: [5]
[INFO] [1733828180.608133888] [fibonacci_action_server]: Feedback: [8]
[INFO] [1733828180.858375346] [fibonacci_action_server]: Feedback: [13]
[INFO] [1733828181.108566407] [fibonacci_action_server]: Feedback: [21]
[INFO] [1733828181.358778114] [fibonacci_action_server]: Feedback: [34]
[INFO] [1733828181.608985905] [fibonacci_action_server]: Feedback: [55]
[INFO] [1733828181.859250507] [fibonacci_action_server]: Goal succeeded
[INFO] [1733828181.859557992] [fibonacci_action_server]: Received goal request with order 10
[INFO] [1733828181.859648710] [fibonacci_action_server]: Executing goal...
[INFO] [1733828181.859697095] [fibonacci_action_server]: Feedback: [1]
[INFO] [1733828182.109835242] [fibonacci_action_server]: Feedback: [2]
[INFO] [1733828182.360069589] [fibonacci_action_server]: Feedback: [3]
[INFO] [1733828182.610251407] [fibonacci_action_server]: Feedback: [5]
[INFO] [1733828182.860446490] [fibonacci_action_server]: Feedback: [8]
[INFO] [1733828183.110795536] [fibonacci_action_server]: Feedback: [13]
[INFO] [1733828183.360988210] [fibonacci_action_server]: Feedback: [21]
[INFO] [1733828183.611230741] [fibonacci_action_server]: Feedback: [34]
[INFO] [1733828183.861457117] [fibonacci_action_server]: Feedback: [55]
[INFO] [1733828184.111764754] [fibonacci_action_server]: Goal succeeded
[INFO] [1733828184.112136702] [fibonacci_action_server]: Received goal request with order 10
[INFO] [1733828184.112223964] [fibonacci_action_server]: Executing goal...
[INFO] [1733828184.112271407] [fibonacci_action_server]: Feedback: [1]
[INFO] [1733828184.362429176] [fibonacci_action_server]: Feedback: [2]
[INFO] [1733828184.612699493] [fibonacci_action_server]: Feedback: [3]
[INFO] [1733828184.862911611] [fibonacci_action_server]: Feedback: [5]
[INFO] [1733828185.113063363] [fibonacci_action_server]: Feedback: [8]
[INFO] [1733828185.363216118] [fibonacci_action_server]: Feedback: [13]
[INFO] [1733828185.613436949] [fibonacci_action_server]: Feedback: [21]
[INFO] [1733828185.863651084] [fibonacci_action_server]: Feedback: [34]
[INFO] [1733828186.113916376] [fibonacci_action_server]: Feedback: [55]
[INFO] [1733828186.364173167] [fibonacci_action_server]: Goal succeeded
[INFO] [1733828186.364618807] [fibonacci_action_server]: Received goal request with order 10
[INFO] [1733828186.364758332] [fibonacci_action_server]: Executing goal...
[INFO] [1733828186.364839566] [fibonacci_action_server]: Feedback: [1]
[INFO] [1733828186.615000345] [fibonacci_action_server]: Feedback: [2]
[INFO] [1733828186.865220686] [fibonacci_action_server]: Feedback: [3]
[INFO] [1733828187.115422934] [fibonacci_action_server]: Feedback: [5]
[INFO] [1733828187.365657984] [fibonacci_action_server]: Feedback: [8]
[INFO] [1733828187.615844974] [fibonacci_action_server]: Feedback: [13]
[INFO] [1733828187.866080545] [fibonacci_action_server]: Feedback: [21]
[INFO] [1733828188.116300766] [fibonacci_action_server]: Feedback: [34]
[INFO] [1733828188.366470309] [fibonacci_action_server]: Feedback: [55]
[INFO] [1733828188.616673695] [fibonacci_action_server]: Goal succeeded
[INFO] [1733828188.617054562] [fibonacci_action_server]: Received goal request with order 10
[INFO] [1733828188.617148849] [fibonacci_action_server]: Executing goal...
[INFO] [1733828188.617197982] [fibonacci_action_server]: Feedback: [1]
[INFO] [1733828188.867349148] [fibonacci_action_server]: Feedback: [2]
[INFO] [1733828189.117541825] [fibonacci_action_server]: Feedback: [3]
[INFO] [1733828189.367803060] [fibonacci_action_server]: Feedback: [5]
[INFO] [1733828189.617962019] [fibonacci_action_server]: Feedback: [8]
[INFO] [1733828189.868237953] [fibonacci_action_server]: Feedback: [13]
[INFO] [1733828190.118450868] [fibonacci_action_server]: Feedback: [21]
[INFO] [1733828190.368714878] [fibonacci_action_server]: Feedback: [34]
[INFO] [1733828190.618910419] [fibonacci_action_server]: Feedback: [55]
[INFO] [1733828190.869167268] [fibonacci_action_server]: Goal succeeded
[INFO] [1733828190.869620985] [fibonacci_action_server]: Received goal request with order 10
[INFO] [1733828190.869773836] [fibonacci_action_server]: Executing goal...
[INFO] [1733828190.869819622] [fibonacci_action_server]: Feedback: [1]
[INFO] [1733828191.119957731] [fibonacci_action_server]: Feedback: [2]
[INFO] [1733828191.370205347] [fibonacci_action_server]: Feedback: [3]
[INFO] [1733828191.620444084] [fibonacci_action_server]: Feedback: [5]
[INFO] [1733828191.870701552] [fibonacci_action_server]: Feedback: [8]
[INFO] [1733828192.120875637] [fibonacci_action_server]: Feedback: [13]
[INFO] [1733828192.371106225] [fibonacci_action_server]: Feedback: [21]
[INFO] [1733828192.621322051] [fibonacci_action_server]: Feedback: [34]
[INFO] [1733828192.871495425] [fibonacci_action_server]: Feedback: [55]
[INFO] [1733828193.121749609] [fibonacci_action_server]: Goal succeeded
[INFO] [1733828193.122123047] [fibonacci_action_server]: Received goal request with order 10
[INFO] [1733828193.122224986] [fibonacci_action_server]: Executing goal...
[INFO] [1733828193.122261743] [fibonacci_action_server]: Feedback: [1]
[INFO] [1733828193.372449859] [fibonacci_action_server]: Feedback: [2]
[INFO] [1733828193.622645723] [fibonacci_action_server]: Feedback: [3]
[INFO] [1733828193.872933861] [fibonacci_action_server]: Feedback: [5]
[INFO] [1733828194.123151607] [fibonacci_action_server]: Feedback: [8]
[INFO] [1733828194.373384075] [fibonacci_action_server]: Feedback: [13]
[INFO] [1733828194.623614322] [fibonacci_action_server]: Feedback: [21]
[INFO] [1733828194.873866034] [fibonacci_action_server]: Feedback: [34]
[INFO] [1733828195.124076410] [fibonacci_action_server]: Feedback: [55]
[INFO] [1733828195.374407388] [fibonacci_action_server]: Goal succeeded
[INFO] [1733828195.374731324] [fibonacci_action_server]: Received goal request with order 10
[INFO] [1733828195.374832482] [fibonacci_action_server]: Executing goal...
[INFO] [1733828195.374879317] [fibonacci_action_server]: Feedback: [1]
[INFO] [1733828195.625009498] [fibonacci_action_server]: Feedback: [2]
[INFO] [1733828195.875170981] [fibonacci_action_server]: Feedback: [3]
[INFO] [1733828196.125411872] [fibonacci_action_server]: Feedback: [5]
[INFO] [1733828196.375637131] [fibonacci_action_server]: Feedback: [8]
[INFO] [1733828196.625838096] [fibonacci_action_server]: Feedback: [13]
[INFO] [1733828196.876063669] [fibonacci_action_server]: Feedback: [21]
[INFO] [1733828197.126284046] [fibonacci_action_server]: Feedback: [34]
[INFO] [1733828197.376506894] [fibonacci_action_server]: Feedback: [55]
[INFO] [1733828197.626775842] [fibonacci_action_server]: Goal succeeded
[INFO] [1733828197.627089291] [fibonacci_action_server]: Received goal request with order 10
[INFO] [1733828197.627242207] [fibonacci_action_server]: Executing goal...
[INFO] [1733828197.627292069] [fibonacci_action_server]: Feedback: [1]
[INFO] [1733828197.877448267] [fibonacci_action_server]: Feedback: [2]
[INFO] [1733828198.127646796] [fibonacci_action_server]: Feedback: [3]
[INFO] [1733828198.377923646] [fibonacci_action_server]: Feedback: [5]
[INFO] [1733828198.628064386] [fibonacci_action_server]: Feedback: [8]
[INFO] [1733828198.878278956] [fibonacci_action_server]: Feedback: [13]
[INFO] [1733828199.128559896] [fibonacci_action_server]: Feedback: [21]
[INFO] [1733828199.378769604] [fibonacci_action_server]: Feedback: [34]
[INFO] [1733828199.628929220] [fibonacci_action_server]: Feedback: [55]
[INFO] [1733828199.879261080] [fibonacci_action_server]: Goal succeeded
[INFO] [1733828199.879799793] [fibonacci_action_server]: Received goal request with order 10
[INFO] [1733828199.879923399] [fibonacci_action_server]: Executing goal...
[INFO] [1733828199.879972189] [fibonacci_action_server]: Feedback: [1]
[INFO] [1733828200.130173159] [fibonacci_action_server]: Feedback: [2]
[INFO] [1733828200.380403286] [fibonacci_action_server]: Feedback: [3]
[INFO] [1733828200.630564083] [fibonacci_action_server]: Feedback: [5]
[INFO] [1733828200.880746156] [fibonacci_action_server]: Feedback: [8]
[INFO] [1733828201.131009018] [fibonacci_action_server]: Feedback: [13]
[INFO] [1733828201.381254013] [fibonacci_action_server]: Feedback: [21]
[INFO] [1733828201.631505797] [fibonacci_action_server]: Feedback: [34]
[INFO] [1733828201.881751253] [fibonacci_action_server]: Feedback: [55]
[INFO] [1733828202.132064219] [fibonacci_action_server]: Goal succeeded
[INFO] [1733828202.132381691] [fibonacci_action_server]: Received goal request with order 10
[INFO] [1733828202.132586900] [fibonacci_action_server]: Executing goal...
[INFO] [1733828202.132642496] [fibonacci_action_server]: Feedback: [1]
[INFO] [1733828202.382829009] [fibonacci_action_server]: Feedback: [2]
[INFO] [1733828202.633068949] [fibonacci_action_server]: Feedback: [3]
[INFO] [1733828202.883196312] [fibonacci_action_server]: Feedback: [5]
[INFO] [1733828203.133394450] [fibonacci_action_server]: Feedback: [8]
[INFO] [1733828203.383577637] [fibonacci_action_server]: Feedback: [13]
[INFO] [1733828203.633827817] [fibonacci_action_server]: Feedback: [21]
[INFO] [1733828203.884045817] [fibonacci_action_server]: Feedback: [34]
[INFO] [1733828204.134248598] [fibonacci_action_server]: Feedback: [55]
[INFO] [1733828204.384537778] [fibonacci_action_server]: Goal succeeded
[INFO] [1733828204.384835570] [fibonacci_action_server]: Received goal request with order 10
[INFO] [1733828204.384931061] [fibonacci_action_server]: Executing goal...
[INFO] [1733828204.384977444] [fibonacci_action_server]: Feedback: [1]
[INFO] [1733828204.635154725] [fibonacci_action_server]: Feedback: [2]
[INFO] [1733828204.885417339] [fibonacci_action_server]: Feedback: [3]
[INFO] [1733828205.135653887] [fibonacci_action_server]: Feedback: [5]
[INFO] [1733828205.385874967] [fibonacci_action_server]: Feedback: [8]
[INFO] [1733828205.636075741] [fibonacci_action_server]: Feedback: [13]
[INFO] [1733828205.886362231] [fibonacci_action_server]: Feedback: [21]
[INFO] [1733828206.136574122] [fibonacci_action_server]: Feedback: [34]
[INFO] [1733828206.386777571] [fibonacci_action_server]: Feedback: [55]
[INFO] [1733828206.637057196] [fibonacci_action_server]: Goal succeeded
[INFO] [1733828206.637431573] [fibonacci_action_server]: Received goal request with order 10
[INFO] [1733828206.637609659] [fibonacci_action_server]: Executing goal...
[INFO] [1733828206.637659060] [fibonacci_action_server]: Feedback: [1]
[INFO] [1733828206.887809256] [fibonacci_action_server]: Feedback: [2]
[INFO] [1733828207.138090833] [fibonacci_action_server]: Feedback: [3]
[INFO] [1733828207.388321570] [fibonacci_action_server]: Feedback: [5]
[INFO] [1733828207.638578223] [fibonacci_action_server]: Feedback: [8]
[INFO] [1733828207.888754925] [fibonacci_action_server]: Feedback: [13]
[INFO] [1733828208.138963110] [fibonacci_action_server]: Feedback: [21]
[INFO] [1733828208.389148778] [fibonacci_action_server]: Feedback: [34]
[INFO] [1733828208.639292158] [fibonacci_action_server]: Feedback: [55]
[INFO] [1733828208.889572191] [fibonacci_action_server]: Goal succeeded
[INFO] [1733828208.889890566] [fibonacci_action_server]: Received goal request with order 10
[INFO] [1733828208.890011722] [fibonacci_action_server]: Executing goal...
[INFO] [1733828208.890059109] [fibonacci_action_server]: Feedback: [1]
[INFO] [1733828209.140216864] [fibonacci_action_server]: Feedback: [2]
[INFO] [1733828209.390439093] [fibonacci_action_server]: Feedback: [3]
[INFO] [1733828209.640675961] [fibonacci_action_server]: Feedback: [5]
[INFO] [1733828209.890882832] [fibonacci_action_server]: Feedback: [8]
[INFO] [1733828210.141144383] [fibonacci_action_server]: Feedback: [13]
[INFO] [1733828210.391440925] [fibonacci_action_server]: Feedback: [21]
[INFO] [1733828210.641612222] [fibonacci_action_server]: Feedback: [34]
[INFO] [1733828210.891821416] [fibonacci_action_server]: Feedback: [55]
[INFO] [1733828211.142134063] [fibonacci_action_server]: Goal succeeded
[INFO] [1733828211.142569845] [fibonacci_action_server]: Received goal request with order 10
[INFO] [1733828211.142693210] [fibonacci_action_server]: Executing goal...
[INFO] [1733828211.142739561] [fibonacci_action_server]: Feedback: [1]
[INFO] [1733828211.392859584] [fibonacci_action_server]: Feedback: [2]
[INFO] [1733828211.643026592] [fibonacci_action_server]: Feedback: [3]
[INFO] [1733828211.893263453] [fibonacci_action_server]: Feedback: [5]
[INFO] [1733828212.143469498] [fibonacci_action_server]: Feedback: [8]
[INFO] [1733828212.393718581] [fibonacci_action_server]: Feedback: [13]
[INFO] [1733828212.643956025] [fibonacci_action_server]: Feedback: [21]
[INFO] [1733828212.894159043] [fibonacci_action_server]: Feedback: [34]
[INFO] [1733828213.138547211] [fibonacci_action_server]: Timeout reached, shutting down node...
[ros2run]: Segmentation fault
RAPL is set
