[INFO] [1734042457.582374254] [minimal_subscriber]: I heard: "Hello World: 1"
[INFO] [1734042457.623998913] [minimal_subscriber]: I heard: "Hello World: 2"
[INFO] [1734042457.674620294] [minimal_subscriber]: I heard: "Hello World: 3"
[INFO] [1734042457.726252797] [minimal_subscriber]: I heard: "Hello World: 4"
[INFO] [1734042457.777914803] [minimal_subscriber]: I heard: "Hello World: 5"
[INFO] [1734042457.828796195] [minimal_subscriber]: I heard: "Hello World: 6"
[INFO] [1734042457.879823179] [minimal_subscriber]: I heard: "Hello World: 7"
[INFO] [1734042457.930808436] [minimal_subscriber]: I heard: "Hello World: 8"
[INFO] [1734042457.981450338] [minimal_subscriber]: I heard: "Hello World: 9"
[INFO] [1734042458.033085520] [minimal_subscriber]: I heard: "Hello World: 10"[[INFO] [1734042458.084275474] [minimal_subscriber]: I heard: "Hello World: 11"[[INFO] [1734042458.135575538] [minimal_subscriber]: I heard: "Hello World: 12"[[INFO] [1734042458.186670082] [minimal_subscriber]: I heard: "Hello World: 13"[[INFO] [1734042458.237681232] [minimal_subscriber]: I heard: "Hello World: 14"[[INFO] [1734042458.288453843] [minimal_subscriber]: I heard: "Hello World: 15"[[INFO] [1734042458.339533974] [minimal_subscriber]: I heard: "Hello World: 16"[[INFO] [1734042458.390528391] [minimal_subscriber]: I heard: "Hello World: 17"
[INFO] [1734042458.441857064] [minimal_subscriber]: I heard: "Hello World: 18"
[INFO] [1734042458.492797701] [minimal_subscriber]: I heard: "Hello World: 19"[[INFO] [1734042458.543602666] [minimal_subscriber]: I heard: "Hello World: 20"[[INFO] [1734042458.594745170] [minimal_subscriber]: I heard: "Hello World: 21"[[INFO] [1734042458.645881924] [minimal_subscriber]: I heard: "Hello World: 22"[[INFO] [1734042458.697243628] [minimal_subscriber]: I heard: "Hello World: 23"[[INFO] [1734042458.749058248] [minimal_subscriber]: I heard: "Hello World: 24"
[INFO] [1734042458.800109467] [minimal_subscriber]: I heard: "Hello World: 25"
[INFO] [1734042458.851118357] [minimal_subscriber]: I heard: "Hello World: 26"[[INFO] [1734042458.902631021] [minimal_subscriber]: I heard: "Hello World: 27"
[INFO] [1734042458.954221970] [minimal_subscriber]: I heard: "Hello World: 28"
[INFO] [1734042459.005269017] [minimal_subscriber]: I heard: "Hello World: 29"
[INFO] [1734042459.056345539] [minimal_subscriber]: I heard: "Hello World: 30"
[INFO] [1734042459.107626136] [minimal_subscriber]: I heard: "Hello World: 31"[[INFO] [1734042459.159078348] [minimal_subscriber]: I heard: "Hello World: 32"
[INFO] [1734042459.210282295] [minimal_subscriber]: I heard: "Hello World: 33"
[INFO] [1734042459.261487687] [minimal_subscriber]: I heard: "Hello World: 34"[[INFO] [1734042459.312817736] [minimal_subscriber]: I heard: "Hello World: 35"[[INFO] [1734042459.364081680] [minimal_subscriber]: I heard: "Hello World: 36"[[INFO] [1734042459.415012603] [minimal_subscriber]: I heard: "Hello World: 37"[[INFO] [1734042459.466017736] [minimal_subscriber]: I heard: "Hello World: 38"
[INFO] [1734042459.517166958] [minimal_subscriber]: I heard: "Hello World: 39"[[INFO] [1734042459.568210674] [minimal_subscriber]: I heard: "Hello World: 40"[[INFO] [1734042459.620126938] [minimal_subscriber]: I heard: "Hello World: 41"[[INFO] [1734042459.672079845] [minimal_subscriber]: I heard: "Hello World: 42"[[INFO] [1734042459.723113858] [minimal_subscriber]: I heard: "Hello World: 43"[[INFO] [1734042459.775209309] [minimal_subscriber]: I heard: "Hello World: 44"[[INFO] [1734042459.826963707] [minimal_subscriber]: I heard: "Hello World: 45"
[INFO] [1734042459.877694471] [minimal_subscriber]: I heard: "Hello World: 46"[[INFO] [1734042459.929276838] [minimal_subscriber]: I heard: "Hello World: 47"[[INFO] [1734042459.979942305] [minimal_subscriber]: I heard: "Hello World: 48"[[INFO] [1734042460.031151269] [minimal_subscriber]: I heard: "Hello World: 49"[[INFO] [1734042460.082093383] [minimal_subscriber]: I heard: "Hello World: 50"[[INFO] [1734042460.133681120] [minimal_subscriber]: I heard: "Hello World: 51"
[INFO] [1734042460.187768873] [minimal_subscriber]: I heard: "Hello World: 52"[[INFO] [1734042460.239441798] [minimal_subscriber]: I heard: "Hello World: 53"[[INFO] [1734042460.290440430] [minimal_subscriber]: I heard: "Hello World: 54"[[INFO] [1734042460.347098021] [minimal_subscriber]: I heard: "Hello World: 55"
[INFO] [1734042460.395978033] [minimal_subscriber]: I heard: "Hello World: 56"[[INFO] [1734042460.446771152] [minimal_subscriber]: I heard: "Hello World: 57"[[INFO] [1734042460.497747678] [minimal_subscriber]: I heard: "Hello World: 58"[[INFO] [1734042460.550464043] [minimal_subscriber]: I heard: "Hello World: 59"[[INFO] [1734042460.601347102] [minimal_subscriber]: I heard: "Hello World: 60"
[INFO] [1734042460.652848881] [minimal_subscriber]: I heard: "Hello World: 61"[[INFO] [1734042460.703788135] [minimal_subscriber]: I heard: "Hello World: 62"
[INFO] [1734042460.754930095] [minimal_subscriber]: I heard: "Hello World: 63"[[INFO] [1734042460.806044469] [minimal_subscriber]: I heard: "Hello World: 64"
[INFO] [1734042460.858116207] [minimal_subscriber]: I heard: "Hello World: 65"
[INFO] [1734042460.908905599] [minimal_subscriber]: I heard: "Hello World: 66"[[INFO] [1734042460.960378127] [minimal_subscriber]: I heard: "Hello World: 67"[[INFO] [1734042461.011429350] [minimal_subscriber]: I heard: "Hello World: 68"
[INFO] [1734042461.062690058] [minimal_subscriber]: I heard: "Hello World: 69"[[INFO] [1734042461.113596089] [minimal_subscriber]: I heard: "Hello World: 70"
[INFO] [1734042461.164586995] [minimal_subscriber]: I heard: "Hello World: 71"[[INFO] [1734042461.215856557] [minimal_subscriber]: I heard: "Hello World: 72"
[INFO] [1734042461.267120131] [minimal_subscriber]: I heard: "Hello World: 73"
[INFO] [1734042461.318794826] [minimal_subscriber]: I heard: "Hello World: 74"
[INFO] [1734042461.369554796] [minimal_subscriber]: I heard: "Hello World: 75"[[INFO] [1734042461.420978397] [minimal_subscriber]: I heard: "Hello World: 76"[[INFO] [1734042461.473331916] [minimal_subscriber]: I heard: "Hello World: 77"
[INFO] [1734042461.523896851] [minimal_subscriber]: I heard: "Hello World: 78"
[INFO] [1734042461.574924378] [minimal_subscriber]: I heard: "Hello World: 79"
[INFO] [1734042461.626229971] [minimal_subscriber]: I heard: "Hello World: 80"[[INFO] [1734042461.677416384] [minimal_subscriber]: I heard: "Hello World: 81"[[INFO] [1734042461.728653126] [minimal_subscriber]: I heard: "Hello World: 82"[[INFO] [1734042461.779536182] [minimal_subscriber]: I heard: "Hello World: 83"[[INFO] [1734042461.830419700] [minimal_subscriber]: I heard: "Hello World: 84"[[INFO] [1734042461.881743934] [minimal_subscriber]: I heard: "Hello World: 85"[[INFO] [1734042461.932742342] [minimal_subscriber]: I heard: "Hello World: 86"[[INFO] [1734042461.984600562] [minimal_subscriber]: I heard: "Hello World: 87"[[INFO] [1734042462.036041252] [minimal_subscriber]: I heard: "Hello World: 88"[[INFO] [1734042462.087896560] [minimal_subscriber]: I heard: "Hello World: 89"[[INFO] [1734042462.139208134] [minimal_subscriber]: I heard: "Hello World: 90"
[INFO] [1734042462.190382725] [minimal_subscriber]: I heard: "Hello World: 91"
[INFO] [1734042462.241167485] [minimal_subscriber]: I heard: "Hello World: 92"[[INFO] [1734042462.292597091] [minimal_subscriber]: I heard: "Hello World: 93"[[INFO] [1734042462.343354855] [minimal_subscriber]: I heard: "Hello World: 94"[[INFO] [1734042462.394623548] [minimal_subscriber]: I heard: "Hello World: 95"[[INFO] [1734042462.445590573] [minimal_subscriber]: I heard: "Hello World: 96"
[INFO] [1734042462.496756458] [minimal_subscriber]: I heard: "Hello World: 97"
[INFO] [1734042462.547611199] [minimal_subscriber]: I heard: "Hello World: 98"[[INFO] [1734042462.598791364] [minimal_subscriber]: I heard: "Hello World: 99"[[INFO] [1734042462.650073343] [minimal_subscriber]: I heard: "Hello World: 100[I[INFO] [1734042462.701126610] [minimal_subscriber]: I heard: "Hello World: 101[I[INFO] [1734042462.752287680] [minimal_subscriber]: I heard: "Hello World: 102"
[INFO] [1734042462.803197582] [minimal_subscriber]: I heard: "Hello World: 103[I[INFO] [1734042462.854435616] [minimal_subscriber]: I heard: "Hello World: 104"
[INFO] [1734042462.905957663] [minimal_subscriber]: I heard: "Hello World: 105[I[INFO] [1734042462.957481772] [minimal_subscriber]: I heard: "Hello World: 106[I[INFO] [1734042463.008785712] [minimal_subscriber]: I heard: "Hello World: 107[I[INFO] [1734042463.060611437] [minimal_subscriber]: I heard: "Hello World: 108[I[INFO] [1734042463.111794015] [minimal_subscriber]: I heard: "Hello World: 109"
[INFO] [1734042463.162912994] [minimal_subscriber]: I heard: "Hello World: 110[I[INFO] [1734042463.214310647] [minimal_subscriber]: I heard: "Hello World: 111[I[INFO] [1734042463.265258420] [minimal_subscriber]: I heard: "Hello World: 112[I[INFO] [1734042463.316677853] [minimal_subscriber]: I heard: "Hello World: 113"
[INFO] [1734042463.367855443] [minimal_subscriber]: I heard: "Hello World: 114"
[INFO] [1734042463.419667893] [minimal_subscriber]: I heard: "Hello World: 115"
[INFO] [1734042463.470718876] [minimal_subscriber]: I heard: "Hello World: 116[I[INFO] [1734042463.522523462] [minimal_subscriber]: I heard: "Hello World: 117"
[INFO] [1734042463.573181896] [minimal_subscriber]: I heard: "Hello World: 118[I[INFO] [1734042463.624273040] [minimal_subscriber]: I heard: "Hello World: 119[I[INFO] [1734042463.675633430] [minimal_subscriber]: I heard: "Hello World: 120[I[INFO] [1734042463.727187782] [minimal_subscriber]: I heard: "Hello World: 121[I[INFO] [1734042463.778768315] [minimal_subscriber]: I heard: "Hello World: 122[I[INFO] [1734042463.829818286] [minimal_subscriber]: I heard: "Hello World: 123"
[INFO] [1734042463.880600194] [minimal_subscriber]: I heard: "Hello World: 124[I[INFO] [1734042463.932056882] [minimal_subscriber]: I heard: "Hello World: 125[I[INFO] [1734042463.983728668] [minimal_subscriber]: I heard: "Hello World: 126[I[INFO] [1734042464.035137283] [minimal_subscriber]: I heard: "Hello World: 127[I[INFO] [1734042464.086265708] [minimal_subscriber]: I heard: "Hello World: 128"
[INFO] [1734042464.137374217] [minimal_subscriber]: I heard: "Hello World: 129[I[INFO] [1734042464.188728322] [minimal_subscriber]: I heard: "Hello World: 130[I[INFO] [1734042464.240319333] [minimal_subscriber]: I heard: "Hello World: 131[I[INFO] [1734042464.291759951] [minimal_subscriber]: I heard: "Hello World: 132[I[INFO] [1734042464.343045214] [minimal_subscriber]: I heard: "Hello World: 133[I[INFO] [1734042464.394687925] [minimal_subscriber]: I heard: "Hello World: 134[I[INFO] [1734042464.445650559] [minimal_subscriber]: I heard: "Hello World: 135[I[INFO] [1734042464.496948012] [minimal_subscriber]: I heard: "Hello World: 136[I[INFO] [1734042464.547894329] [minimal_subscriber]: I heard: "Hello World: 137[I[INFO] [1734042464.599000826] [minimal_subscriber]: I heard: "Hello World: 138"
[INFO] [1734042464.650603967] [minimal_subscriber]: I heard: "Hello World: 139[I[INFO] [1734042464.702667532] [minimal_subscriber]: I heard: "Hello World: 140[I[INFO] [1734042464.753930804] [minimal_subscriber]: I heard: "Hello World: 141"
[INFO] [1734042464.806992727] [minimal_subscriber]: I heard: "Hello World: 142[I[INFO] [1734042464.857598222] [minimal_subscriber]: I heard: "Hello World: 143[I[INFO] [1734042464.909272281] [minimal_subscriber]: I heard: "Hello World: 144[I[INFO] [1734042464.960326384] [minimal_subscriber]: I heard: "Hello World: 145[I[INFO] [1734042465.011853653] [minimal_subscriber]: I heard: "Hello World: 146[I[INFO] [1734042465.063337453] [minimal_subscriber]: I heard: "Hello World: 147[I[INFO] [1734042465.115299825] [minimal_subscriber]: I heard: "Hello World: 148"
[INFO] [1734042465.166346125] [minimal_subscriber]: I heard: "Hello World: 149"
[INFO] [1734042465.217592923] [minimal_subscriber]: I heard: "Hello World: 150[I[INFO] [1734042465.268805888] [minimal_subscriber]: I heard: "Hello World: 151[I[INFO] [1734042465.321380185] [minimal_subscriber]: I heard: "Hello World: 152"
[INFO] [1734042465.372804360] [minimal_subscriber]: I heard: "Hello World: 153"
[INFO] [1734042465.423482974] [minimal_subscriber]: I heard: "Hello World: 154"
[INFO] [1734042465.474631481] [minimal_subscriber]: I heard: "Hello World: 155[I[INFO] [1734042465.525750845] [minimal_subscriber]: I heard: "Hello World: 156[I[INFO] [1734042465.576992540] [minimal_subscriber]: I heard: "Hello World: 157"
[INFO] [1734042465.628025676] [minimal_subscriber]: I heard: "Hello World: 158[I[INFO] [1734042465.679077875] [minimal_subscriber]: I heard: "Hello World: 159"
[INFO] [1734042465.730400125] [minimal_subscriber]: I heard: "Hello World: 160"
[INFO] [1734042465.781535433] [minimal_subscriber]: I heard: "Hello World: 161"
[INFO] [1734042465.833554168] [minimal_subscriber]: I heard: "Hello World: 162[I[INFO] [1734042465.884236720] [minimal_subscriber]: I heard: "Hello World: 163[I[INFO] [1734042465.935528053] [minimal_subscriber]: I heard: "Hello World: 164"
[INFO] [1734042465.986239503] [minimal_subscriber]: I heard: "Hello World: 165[I[INFO] [1734042466.037430804] [minimal_subscriber]: I heard: "Hello World: 166[I[INFO] [1734042466.088564254] [minimal_subscriber]: I heard: "Hello World: 167"
[INFO] [1734042466.139993533] [minimal_subscriber]: I heard: "Hello World: 168[I[INFO] [1734042466.190941477] [minimal_subscriber]: I heard: "Hello World: 169[I[INFO] [1734042466.242173957] [minimal_subscriber]: I heard: "Hello World: 170[I[INFO] [1734042466.293414502] [minimal_subscriber]: I heard: "Hello World: 171"
[INFO] [1734042466.344858160] [minimal_subscriber]: I heard: "Hello World: 172"
[INFO] [1734042466.395929262] [minimal_subscriber]: I heard: "Hello World: 173[I[INFO] [1734042466.446973383] [minimal_subscriber]: I heard: "Hello World: 174[I[INFO] [1734042466.498024340] [minimal_subscriber]: I heard: "Hello World: 175"
[INFO] [1734042466.549566769] [minimal_subscriber]: I heard: "Hello World: 176"
[INFO] [1734042466.600931436] [minimal_subscriber]: I heard: "Hello World: 177[I[INFO] [1734042466.651973425] [minimal_subscriber]: I heard: "Hello World: 178[I[INFO] [1734042466.703227782] [minimal_subscriber]: I heard: "Hello World: 179[I[INFO] [1734042466.754488862] [minimal_subscriber]: I heard: "Hello World: 180[I[INFO] [1734042466.805194899] [minimal_subscriber]: I heard: "Hello World: 181[I[INFO] [1734042466.856685971] [minimal_subscriber]: I heard: "Hello World: 182"
[INFO] [1734042466.908004076] [minimal_subscriber]: I heard: "Hello World: 183"
[INFO] [1734042466.959152738] [minimal_subscriber]: I heard: "Hello World: 184[I[INFO] [1734042467.010275376] [minimal_subscriber]: I heard: "Hello World: 185[I[INFO] [1734042467.061494393] [minimal_subscriber]: I heard: "Hello World: 186[I[INFO] [1734042467.112741325] [minimal_subscriber]: I heard: "Hello World: 187[I[INFO] [1734042467.163969716] [minimal_subscriber]: I heard: "Hello World: 188[I[INFO] [1734042467.216202028] [minimal_subscriber]: I heard: "Hello World: 189[I[INFO] [1734042467.267379230] [minimal_subscriber]: I heard: "Hello World: 190[I[INFO] [1734042467.318522439] [minimal_subscriber]: I heard: "Hello World: 191"
[INFO] [1734042467.369597002] [minimal_subscriber]: I heard: "Hello World: 192"
[INFO] [1734042467.420732470] [minimal_subscriber]: I heard: "Hello World: 193[I[INFO] [1734042467.472034004] [minimal_subscriber]: I heard: "Hello World: 194[I[INFO] [1734042467.522905130] [minimal_subscriber]: I heard: "Hello World: 195[I[INFO] [1734042467.573917380] [minimal_subscriber]: I heard: "Hello World: 196[I[INFO] [1734042467.624710022] [minimal_subscriber]: I heard: "Hello World: 197[I[INFO] [1734042467.675628986] [minimal_subscriber]: I heard: "Hello World: 198[I[INFO] [1734042467.726662253] [minimal_subscriber]: I heard: "Hello World: 199"
[INFO] [1734042467.777897291] [minimal_subscriber]: I heard: "Hello World: 200[I[INFO] [1734042467.829254350] [minimal_subscriber]: I heard: "Hello World: 201[I[INFO] [1734042467.879994781] [minimal_subscriber]: I heard: "Hello World: 202[I[INFO] [1734042467.930952379] [minimal_subscriber]: I heard: "Hello World: 203[I[INFO] [1734042467.982166594] [minimal_subscriber]: I heard: "Hello World: 204[I[INFO] [1734042468.032995192] [minimal_subscriber]: I heard: "Hello World: 205[I[INFO] [1734042468.084356635] [minimal_subscriber]: I heard: "Hello World: 206[I[INFO] [1734042468.135981915] [minimal_subscriber]: I heard: "Hello World: 207[I[INFO] [1734042468.187045852] [minimal_subscriber]: I heard: "Hello World: 208"
[INFO] [1734042468.237818551] [minimal_subscriber]: I heard: "Hello World: 209[I[INFO] [1734042468.288995418] [minimal_subscriber]: I heard: "Hello World: 210"
[INFO] [1734042468.340042152] [minimal_subscriber]: I heard: "Hello World: 211[I[INFO] [1734042468.391124711] [minimal_subscriber]: I heard: "Hello World: 212[I[INFO] [1734042468.442111965] [minimal_subscriber]: I heard: "Hello World: 213[I[INFO] [1734042468.493798486] [minimal_subscriber]: I heard: "Hello World: 214"
[INFO] [1734042468.544505625] [minimal_subscriber]: I heard: "Hello World: 215[I[INFO] [1734042468.595838327] [minimal_subscriber]: I heard: "Hello World: 216[I[INFO] [1734042468.646788262] [minimal_subscriber]: I heard: "Hello World: 217"
[INFO] [1734042468.697746638] [minimal_subscriber]: I heard: "Hello World: 218"
[INFO] [1734042468.749268312] [minimal_subscriber]: I heard: "Hello World: 219"
[INFO] [1734042468.800910114] [minimal_subscriber]: I heard: "Hello World: 220[I[INFO] [1734042468.852121217] [minimal_subscriber]: I heard: "Hello World: 221"
[INFO] [1734042468.903478999] [minimal_subscriber]: I heard: "Hello World: 222"
[INFO] [1734042468.954508120] [minimal_subscriber]: I heard: "Hello World: 223[I[INFO] [1734042469.005586842] [minimal_subscriber]: I heard: "Hello World: 224[I[INFO] [1734042469.056677296] [minimal_subscriber]: I heard: "Hello World: 225[I[INFO] [1734042469.108045432] [minimal_subscriber]: I heard: "Hello World: 226[I[INFO] [1734042469.159974349] [minimal_subscriber]: I heard: "Hello World: 227[I[INFO] [1734042469.210874196] [minimal_subscriber]: I heard: "Hello World: 228[I[INFO] [1734042469.262163573] [minimal_subscriber]: I heard: "Hello World: 229[I[INFO] [1734042469.313303987] [minimal_subscriber]: I heard: "Hello World: 230"
[INFO] [1734042469.364506027] [minimal_subscriber]: I heard: "Hello World: 231"
[INFO] [1734042469.415796571] [minimal_subscriber]: I heard: "Hello World: 232"
[INFO] [1734042469.466524921] [minimal_subscriber]: I heard: "Hello World: 233[I[INFO] [1734042469.517574039] [minimal_subscriber]: I heard: "Hello World: 234[I[INFO] [1734042469.569010408] [minimal_subscriber]: I heard: "Hello World: 235[I[INFO] [1734042469.619819522] [minimal_subscriber]: I heard: "Hello World: 236[I[INFO] [1734042469.671311848] [minimal_subscriber]: I heard: "Hello World: 237[I[INFO] [1734042469.722685613] [minimal_subscriber]: I heard: "Hello World: 238[I[INFO] [1734042469.773844982] [minimal_subscriber]: I heard: "Hello World: 239[I[INFO] [1734042469.825340525] [minimal_subscriber]: I heard: "Hello World: 240[I[INFO] [1734042469.876800831] [minimal_subscriber]: I heard: "Hello World: 241[I[INFO] [1734042469.927926823] [minimal_subscriber]: I heard: "Hello World: 242[I[INFO] [1734042469.979409076] [minimal_subscriber]: I heard: "Hello World: 243"
[INFO] [1734042470.030536127] [minimal_subscriber]: I heard: "Hello World: 244[I[INFO] [1734042470.081445949] [minimal_subscriber]: I heard: "Hello World: 245[I[INFO] [1734042470.132684990] [minimal_subscriber]: I heard: "Hello World: 246[I[INFO] [1734042470.183545322] [minimal_subscriber]: I heard: "Hello World: 247"
[INFO] [1734042470.234577215] [minimal_subscriber]: I heard: "Hello World: 248"
[INFO] [1734042470.285508465] [minimal_subscriber]: I heard: "Hello World: 249[I[INFO] [1734042470.336557957] [minimal_subscriber]: I heard: "Hello World: 250[I[INFO] [1734042470.387600226] [minimal_subscriber]: I heard: "Hello World: 251[I[INFO] [1734042470.439273170] [minimal_subscriber]: I heard: "Hello World: 252"
[INFO] [1734042470.490319612] [minimal_subscriber]: I heard: "Hello World: 253[I[INFO] [1734042470.541386903] [minimal_subscriber]: I heard: "Hello World: 254"
[INFO] [1734042470.593154401] [minimal_subscriber]: I heard: "Hello World: 255[I[INFO] [1734042470.644606830] [minimal_subscriber]: I heard: "Hello World: 256[I[INFO] [1734042470.695675144] [minimal_subscriber]: I heard: "Hello World: 257[I[INFO] [1734042470.746825827] [minimal_subscriber]: I heard: "Hello World: 258[I[INFO] [1734042470.797883459] [minimal_subscriber]: I heard: "Hello World: 259[I[INFO] [1734042470.849426814] [minimal_subscriber]: I heard: "Hello World: 260"
[INFO] [1734042470.900863237] [minimal_subscriber]: I heard: "Hello World: 261"
[INFO] [1734042470.952900919] [minimal_subscriber]: I heard: "Hello World: 262"
[INFO] [1734042471.004166584] [minimal_subscriber]: I heard: "Hello World: 263"
[INFO] [1734042471.055190452] [minimal_subscriber]: I heard: "Hello World: 264[I[INFO] [1734042471.106401676] [minimal_subscriber]: I heard: "Hello World: 265[I[INFO] [1734042471.157964185] [minimal_subscriber]: I heard: "Hello World: 266[I[INFO] [1734042471.209188360] [minimal_subscriber]: I heard: "Hello World: 267"
[INFO] [1734042471.260659200] [minimal_subscriber]: I heard: "Hello World: 268[I[INFO] [1734042471.311650172] [minimal_subscriber]: I heard: "Hello World: 269[I[INFO] [1734042471.362811379] [minimal_subscriber]: I heard: "Hello World: 270[I[INFO] [1734042471.414103061] [minimal_subscriber]: I heard: "Hello World: 271[I[INFO] [1734042471.465543141] [minimal_subscriber]: I heard: "Hello World: 272[I[INFO] [1734042471.516813422] [minimal_subscriber]: I heard: "Hello World: 273[I[INFO] [1734042471.568079899] [minimal_subscriber]: I heard: "Hello World: 274[I[INFO] [1734042471.619434162] [minimal_subscriber]: I heard: "Hello World: 275[I[INFO] [1734042471.670139921] [minimal_subscriber]: I heard: "Hello World: 276[I[INFO] [1734042471.720923675] [minimal_subscriber]: I heard: "Hello World: 277[I[INFO] [1734042471.772450006] [minimal_subscriber]: I heard: "Hello World: 278[I[INFO] [1734042471.823430953] [minimal_subscriber]: I heard: "Hello World: 279"
[INFO] [1734042471.874577176] [minimal_subscriber]: I heard: "Hello World: 280[I[INFO] [1734042471.925569671] [minimal_subscriber]: I heard: "Hello World: 281[I[INFO] [1734042471.976632368] [minimal_subscriber]: I heard: "Hello World: 282[I[INFO] [1734042472.027722513] [minimal_subscriber]: I heard: "Hello World: 283"
[INFO] [1734042472.078647389] [minimal_subscriber]: I heard: "Hello World: 284[I[INFO] [1734042472.130042326] [minimal_subscriber]: I heard: "Hello World: 285"
[INFO] [1734042472.181285176] [minimal_subscriber]: I heard: "Hello World: 286"
[INFO] [1734042472.232702423] [minimal_subscriber]: I heard: "Hello World: 287[I[INFO] [1734042472.283747604] [minimal_subscriber]: I heard: "Hello World: 288[I[INFO] [1734042472.334819824] [minimal_subscriber]: I heard: "Hello World: 289[I[INFO] [1734042472.386052594] [minimal_subscriber]: I heard: "Hello World: 290"
[INFO] [1734042472.436970747] [minimal_subscriber]: I heard: "Hello World: 291"
[INFO] [1734042472.488277691] [minimal_subscriber]: I heard: "Hello World: 292"
[INFO] [1734042472.539754460] [minimal_subscriber]: I heard: "Hello World: 293"
[INFO] [1734042472.590876305] [minimal_subscriber]: I heard: "Hello World: 294"
[INFO] [1734042472.641989380] [minimal_subscriber]: I heard: "Hello World: 295"
[INFO] [1734042472.693144527] [minimal_subscriber]: I heard: "Hello World: 296"
[INFO] [1734042472.744531794] [minimal_subscriber]: I heard: "Hello World: 297[I[INFO] [1734042472.795661768] [minimal_subscriber]: I heard: "Hello World: 298[I[INFO] [1734042472.846948376] [minimal_subscriber]: I heard: "Hello World: 299"
[INFO] [1734042472.898005252] [minimal_subscriber]: I heard: "Hello World: 300[I[INFO] [1734042472.949117869] [minimal_subscriber]: I heard: "Hello World: 301"
[INFO] [1734042473.000042681] [minimal_subscriber]: I heard: "Hello World: 302"
[INFO] [1734042473.051167241] [minimal_subscriber]: I heard: "Hello World: 303[I[INFO] [1734042473.102302249] [minimal_subscriber]: I heard: "Hello World: 304[I[INFO] [1734042473.153775209] [minimal_subscriber]: I heard: "Hello World: 305"
[INFO] [1734042473.204823295] [minimal_subscriber]: I heard: "Hello World: 306"
[INFO] [1734042473.256182911] [minimal_subscriber]: I heard: "Hello World: 307"
[INFO] [1734042473.307259319] [minimal_subscriber]: I heard: "Hello World: 308[I[INFO] [1734042473.358486602] [minimal_subscriber]: I heard: "Hello World: 309[I[INFO] [1734042473.409790656] [minimal_subscriber]: I heard: "Hello World: 310[I[INFO] [1734042473.461436150] [minimal_subscriber]: I heard: "Hello World: 311"
[INFO] [1734042473.512358561] [minimal_subscriber]: I heard: "Hello World: 312[I[INFO] [1734042473.563539856] [minimal_subscriber]: I heard: "Hello World: 313[I[INFO] [1734042473.614778812] [minimal_subscriber]: I heard: "Hello World: 314[I[INFO] [1734042473.665970620] [minimal_subscriber]: I heard: "Hello World: 315[I[INFO] [1734042473.717375988] [minimal_subscriber]: I heard: "Hello World: 316"
[INFO] [1734042473.768797929] [minimal_subscriber]: I heard: "Hello World: 317[I[INFO] [1734042473.819940735] [minimal_subscriber]: I heard: "Hello World: 318"
[INFO] [1734042473.870781654] [minimal_subscriber]: I heard: "Hello World: 319[I[INFO] [1734042473.922299921] [minimal_subscriber]: I heard: "Hello World: 320"
[INFO] [1734042473.973605882] [minimal_subscriber]: I heard: "Hello World: 321[I[INFO] [1734042474.024783949] [minimal_subscriber]: I heard: "Hello World: 322[I[INFO] [1734042474.076025752] [minimal_subscriber]: I heard: "Hello World: 323"
[INFO] [1734042474.127060572] [minimal_subscriber]: I heard: "Hello World: 324"
[INFO] [1734042474.178154321] [minimal_subscriber]: I heard: "Hello World: 325[I[INFO] [1734042474.229220273] [minimal_subscriber]: I heard: "Hello World: 326[I[INFO] [1734042474.280046298] [minimal_subscriber]: I heard: "Hello World: 327"
[INFO] [1734042474.331234361] [minimal_subscriber]: I heard: "Hello World: 328[I[INFO] [1734042474.382581397] [minimal_subscriber]: I heard: "Hello World: 329"
[INFO] [1734042474.433853455] [minimal_subscriber]: I heard: "Hello World: 330"
[INFO] [1734042474.484870648] [minimal_subscriber]: I heard: "Hello World: 331[I[INFO] [1734042474.535802843] [minimal_subscriber]: I heard: "Hello World: 332[I[INFO] [1734042474.586777311] [minimal_subscriber]: I heard: "Hello World: 333[I[INFO] [1734042474.638663893] [minimal_subscriber]: I heard: "Hello World: 334[I[INFO] [1734042474.689745647] [minimal_subscriber]: I heard: "Hello World: 335[I[INFO] [1734042474.740764799] [minimal_subscriber]: I heard: "Hello World: 336[I[INFO] [1734042474.791767430] [minimal_subscriber]: I heard: "Hello World: 337[I[INFO] [1734042474.842861225] [minimal_subscriber]: I heard: "Hello World: 338[I[INFO] [1734042474.894064820] [minimal_subscriber]: I heard: "Hello World: 339[I[INFO] [1734042474.944981536] [minimal_subscriber]: I heard: "Hello World: 340"
[INFO] [1734042474.996388846] [minimal_subscriber]: I heard: "Hello World: 341[I[INFO] [1734042475.047245614] [minimal_subscriber]: I heard: "Hello World: 342[I[INFO] [1734042475.098215628] [minimal_subscriber]: I heard: "Hello World: 343[I[INFO] [1734042475.149852841] [minimal_subscriber]: I heard: "Hello World: 344"
[INFO] [1734042475.201063780] [minimal_subscriber]: I heard: "Hello World: 345"
[INFO] [1734042475.252280919] [minimal_subscriber]: I heard: "Hello World: 346[I[INFO] [1734042475.303101151] [minimal_subscriber]: I heard: "Hello World: 347[I[INFO] [1734042475.354421430] [minimal_subscriber]: I heard: "Hello World: 348[I[INFO] [1734042475.405254733] [minimal_subscriber]: I heard: "Hello World: 349[I[INFO] [1734042475.456260854] [minimal_subscriber]: I heard: "Hello World: 350"
[INFO] [1734042475.506899513] [minimal_subscriber]: I heard: "Hello World: 351[I[INFO] [1734042475.558423442] [minimal_subscriber]: I heard: "Hello World: 352"
[INFO] [1734042475.609452394] [minimal_subscriber]: I heard: "Hello World: 353"
[INFO] [1734042475.660330602] [minimal_subscriber]: I heard: "Hello World: 354[I[INFO] [1734042475.711681719] [minimal_subscriber]: I heard: "Hello World: 355[I[INFO] [1734042475.762728902] [minimal_subscriber]: I heard: "Hello World: 356[I[INFO] [1734042475.813372789] [minimal_subscriber]: I heard: "Hello World: 357[I[INFO] [1734042475.864533830] [minimal_subscriber]: I heard: "Hello World: 358[I[INFO] [1734042475.915478649] [minimal_subscriber]: I heard: "Hello World: 359"
[INFO] [1734042475.967385478] [minimal_subscriber]: I heard: "Hello World: 360[I[INFO] [1734042476.018327472] [minimal_subscriber]: I heard: "Hello World: 361[I[INFO] [1734042476.069713565] [minimal_subscriber]: I heard: "Hello World: 362[I[INFO] [1734042476.121025510] [minimal_subscriber]: I heard: "Hello World: 363[I[INFO] [1734042476.172257500] [minimal_subscriber]: I heard: "Hello World: 364[I[INFO] [1734042476.223481625] [minimal_subscriber]: I heard: "Hello World: 365[I[INFO] [1734042476.274708654] [minimal_subscriber]: I heard: "Hello World: 366[I[INFO] [1734042476.325653170] [minimal_subscriber]: I heard: "Hello World: 367"
[INFO] [1734042476.376779849] [minimal_subscriber]: I heard: "Hello World: 368[I[INFO] [1734042476.427812715] [minimal_subscriber]: I heard: "Hello World: 369[I[INFO] [1734042476.478923887] [minimal_subscriber]: I heard: "Hello World: 370[I[INFO] [1734042476.530150887] [minimal_subscriber]: I heard: "Hello World: 371"
[INFO] [1734042476.581130621] [minimal_subscriber]: I heard: "Hello World: 372[I[INFO] [1734042476.632580619] [minimal_subscriber]: I heard: "Hello World: 373"
[INFO] [1734042476.683833253] [minimal_subscriber]: I heard: "Hello World: 374[I[INFO] [1734042476.735747134] [minimal_subscriber]: I heard: "Hello World: 375"
[INFO] [1734042476.786547529] [minimal_subscriber]: I heard: "Hello World: 376[I[INFO] [1734042476.838093740] [minimal_subscriber]: I heard: "Hello World: 377"
[INFO] [1734042476.890002992] [minimal_subscriber]: I heard: "Hello World: 378[I[INFO] [1734042476.941006099] [minimal_subscriber]: I heard: "Hello World: 379"
[INFO] [1734042476.991643386] [minimal_subscriber]: I heard: "Hello World: 380[I[INFO] [1734042477.042726280] [minimal_subscriber]: I heard: "Hello World: 381[I[INFO] [1734042477.094067271] [minimal_subscriber]: I heard: "Hello World: 382[I[INFO] [1734042477.145470190] [minimal_subscriber]: I heard: "Hello World: 383"
[INFO] [1734042477.196975593] [minimal_subscriber]: I heard: "Hello World: 384[I[INFO] [1734042477.248480242] [minimal_subscriber]: I heard: "Hello World: 385[I[INFO] [1734042477.299635750] [minimal_subscriber]: I heard: "Hello World: 386"
[INFO] [1734042477.350861397] [minimal_subscriber]: I heard: "Hello World: 387[I[INFO] [1734042477.402570359] [minimal_subscriber]: I heard: "Hello World: 388"
[INFO] [1734042477.453627672] [minimal_subscriber]: I heard: "Hello World: 389[I[INFO] [1734042477.504541683] [minimal_subscriber]: I heard: "Hello World: 390[I[INFO] [1734042477.555719478] [minimal_subscriber]: I heard: "Hello World: 391[I[INFO] [1734042477.606618980] [minimal_subscriber]: I heard: "Hello World: 392[I[INFO] [1734042477.657489262] [minimal_subscriber]: I heard: "Hello World: 393[I[INFO] [1734042477.708923713] [minimal_subscriber]: I heard: "Hello World: 394[I[INFO] [1734042477.759833115] [minimal_subscriber]: I heard: "Hello World: 395"
[INFO] [1734042477.810749970] [minimal_subscriber]: I heard: "Hello World: 396[I[INFO] [1734042477.861928225] [minimal_subscriber]: I heard: "Hello World: 397[I[INFO] [1734042477.913020233] [minimal_subscriber]: I heard: "Hello World: 398[I[INFO] [1734042477.964359979] [minimal_subscriber]: I heard: "Hello World: 399"
[INFO] [1734042478.015079291] [minimal_subscriber]: I heard: "Hello World: 400[I[INFO] [1734042478.066537686] [minimal_subscriber]: I heard: "Hello World: 401"
[INFO] [1734042478.117640355] [minimal_subscriber]: I heard: "Hello World: 402"
[INFO] [1734042478.168713387] [minimal_subscriber]: I heard: "Hello World: 403[I[INFO] [1734042478.219743409] [minimal_subscriber]: I heard: "Hello World: 404[I[INFO] [1734042478.270791281] [minimal_subscriber]: I heard: "Hello World: 405[I[INFO] [1734042478.322855543] [minimal_subscriber]: I heard: "Hello World: 406[I[INFO] [1734042478.373993614] [minimal_subscriber]: I heard: "Hello World: 407[I[INFO] [1734042478.425056444] [minimal_subscriber]: I heard: "Hello World: 408[I[INFO] [1734042478.477170524] [minimal_subscriber]: I heard: "Hello World: 409[I[INFO] [1734042478.528509610] [minimal_subscriber]: I heard: "Hello World: 410"
[INFO] [1734042478.579526624] [minimal_subscriber]: I heard: "Hello World: 411[I[INFO] [1734042478.630590855] [minimal_subscriber]: I heard: "Hello World: 412"
[INFO] [1734042478.681494846] [minimal_subscriber]: I heard: "Hello World: 413"
[INFO] [1734042478.732844419] [minimal_subscriber]: I heard: "Hello World: 414[I[INFO] [1734042478.785772529] [minimal_subscriber]: I heard: "Hello World: 415[I[INFO] [1734042478.837897062] [minimal_subscriber]: I heard: "Hello World: 416[I[INFO] [1734042478.889687115] [minimal_subscriber]: I heard: "Hello World: 417"
[INFO] [1734042478.940895062] [minimal_subscriber]: I heard: "Hello World: 418[I[INFO] [1734042478.991808479] [minimal_subscriber]: I heard: "Hello World: 419[I[INFO] [1734042479.043159578] [minimal_subscriber]: I heard: "Hello World: 420"
[INFO] [1734042479.094148971] [minimal_subscriber]: I heard: "Hello World: 421[I[INFO] [1734042479.145234114] [minimal_subscriber]: I heard: "Hello World: 422[I[INFO] [1734042479.196759102] [minimal_subscriber]: I heard: "Hello World: 423[I[INFO] [1734042479.248146746] [minimal_subscriber]: I heard: "Hello World: 424[I[INFO] [1734042479.299105937] [minimal_subscriber]: I heard: "Hello World: 425[I[INFO] [1734042479.350323627] [minimal_subscriber]: I heard: "Hello World: 426"
[INFO] [1734042479.401722022] [minimal_subscriber]: I heard: "Hello World: 427[I[INFO] [1734042479.453456986] [minimal_subscriber]: I heard: "Hello World: 428"
[INFO] [1734042479.504486785] [minimal_subscriber]: I heard: "Hello World: 429[I[INFO] [1734042479.555674219] [minimal_subscriber]: I heard: "Hello World: 430"
[INFO] [1734042479.606797287] [minimal_subscriber]: I heard: "Hello World: 431"
[INFO] [1734042479.658166807] [minimal_subscriber]: I heard: "Hello World: 432"
[INFO] [1734042479.708861319] [minimal_subscriber]: I heard: "Hello World: 433[I[INFO] [1734042479.759995744] [minimal_subscriber]: I heard: "Hello World: 434[I[INFO] [1734042479.811165449] [minimal_subscriber]: I heard: "Hello World: 435"
[INFO] [1734042479.862079532] [minimal_subscriber]: I heard: "Hello World: 436"
[INFO] [1734042479.913818376] [minimal_subscriber]: I heard: "Hello World: 437"
[INFO] [1734042479.965142379] [minimal_subscriber]: I heard: "Hello World: 438"
[INFO] [1734042480.016327419] [minimal_subscriber]: I heard: "Hello World: 439[I[INFO] [1734042480.068016608] [minimal_subscriber]: I heard: "Hello World: 440[I[INFO] [1734042480.119089327] [minimal_subscriber]: I heard: "Hello World: 441"
[INFO] [1734042480.170165578] [minimal_subscriber]: I heard: "Hello World: 442[I[INFO] [1734042480.221381430] [minimal_subscriber]: I heard: "Hello World: 443"
[INFO] [1734042480.272033102] [minimal_subscriber]: I heard: "Hello World: 444[I[INFO] [1734042480.323062952] [minimal_subscriber]: I heard: "Hello World: 445[I[INFO] [1734042480.374134104] [minimal_subscriber]: I heard: "Hello World: 446[I[INFO] [1734042480.425679679] [minimal_subscriber]: I heard: "Hello World: 447[I[INFO] [1734042480.477167520] [minimal_subscriber]: I heard: "Hello World: 448[I[INFO] [1734042480.528711299] [minimal_subscriber]: I heard: "Hello World: 449[I[INFO] [1734042480.579915816] [minimal_subscriber]: I heard: "Hello World: 450[I[INFO] [1734042480.630702064] [minimal_subscriber]: I heard: "Hello World: 451[I[INFO] [1734042480.681407201] [minimal_subscriber]: I heard: "Hello World: 452[I[INFO] [1734042480.732400374] [minimal_subscriber]: I heard: "Hello World: 453[I[INFO] [1734042480.783595347] [minimal_subscriber]: I heard: "Hello World: 454[I[INFO] [1734042480.834626618] [minimal_subscriber]: I heard: "Hello World: 455[I[INFO] [1734042480.886478643] [minimal_subscriber]: I heard: "Hello World: 456[I[INFO] [1734042480.937527449] [minimal_subscriber]: I heard: "Hello World: 457[I[INFO] [1734042480.988549873] [minimal_subscriber]: I heard: "Hello World: 458[I[INFO] [1734042481.039595548] [minimal_subscriber]: I heard: "Hello World: 459[I[INFO] [1734042481.091020243] [minimal_subscriber]: I heard: "Hello World: 460"
[INFO] [1734042481.142029434] [minimal_subscriber]: I heard: "Hello World: 461[I[INFO] [1734042481.193387582] [minimal_subscriber]: I heard: "Hello World: 462[I[INFO] [1734042481.244427699] [minimal_subscriber]: I heard: "Hello World: 463[I[INFO] [1734042481.295507621] [minimal_subscriber]: I heard: "Hello World: 464"
[INFO] [1734042481.346483379] [minimal_subscriber]: I heard: "Hello World: 465[I[INFO] [1734042481.397813182] [minimal_subscriber]: I heard: "Hello World: 466"
[INFO] [1734042481.448762174] [minimal_subscriber]: I heard: "Hello World: 467[I[INFO] [1734042481.499891393] [minimal_subscriber]: I heard: "Hello World: 468[I[INFO] [1734042481.551921342] [minimal_subscriber]: I heard: "Hello World: 469[I[INFO] [1734042481.602922236] [minimal_subscriber]: I heard: "Hello World: 470[I[INFO] [1734042481.654024353] [minimal_subscriber]: I heard: "Hello World: 471"
[INFO] [1734042481.705459919] [minimal_subscriber]: I heard: "Hello World: 472[I[INFO] [1734042481.756742560] [minimal_subscriber]: I heard: "Hello World: 473[I[INFO] [1734042481.808775636] [minimal_subscriber]: I heard: "Hello World: 474[I[INFO] [1734042481.859548410] [minimal_subscriber]: I heard: "Hello World: 475"
[INFO] [1734042481.910420329] [minimal_subscriber]: I heard: "Hello World: 476"
[INFO] [1734042481.962132691] [minimal_subscriber]: I heard: "Hello World: 477"
[INFO] [1734042482.013056229] [minimal_subscriber]: I heard: "Hello World: 478"
[INFO] [1734042482.064250584] [minimal_subscriber]: I heard: "Hello World: 479[I[INFO] [1734042482.115238754] [minimal_subscriber]: I heard: "Hello World: 480[I[INFO] [1734042482.165945151] [minimal_subscriber]: I heard: "Hello World: 481[I[INFO] [1734042482.217409415] [minimal_subscriber]: I heard: "Hello World: 482[I[INFO] [1734042482.268907602] [minimal_subscriber]: I heard: "Hello World: 483"
[INFO] [1734042482.319805433] [minimal_subscriber]: I heard: "Hello World: 484[I[INFO] [1734042482.370665244] [minimal_subscriber]: I heard: "Hello World: 485"
[INFO] [1734042482.421766705] [minimal_subscriber]: I heard: "Hello World: 486"
[INFO] [1734042482.472777474] [minimal_subscriber]: I heard: "Hello World: 487"
[INFO] [1734042482.524053804] [minimal_subscriber]: I heard: "Hello World: 488"
[INFO] [1734042482.575328933] [minimal_subscriber]: I heard: "Hello World: 489"
[INFO] [1734042482.626643061] [minimal_subscriber]: I heard: "Hello World: 490"
[INFO] [1734042482.677934774] [minimal_subscriber]: I heard: "Hello World: 491"
[INFO] [1734042482.729405169] [minimal_subscriber]: I heard: "Hello World: 492"
[INFO] [1734042482.780935346] [minimal_subscriber]: I heard: "Hello World: 493"
[INFO] [1734042482.831939328] [minimal_subscriber]: I heard: "Hello World: 494[I[INFO] [1734042482.882886972] [minimal_subscriber]: I heard: "Hello World: 495"
[INFO] [1734042482.933953771] [minimal_subscriber]: I heard: "Hello World: 496"
[INFO] [1734042482.985785744] [minimal_subscriber]: I heard: "Hello World: 497[I[INFO] [1734042483.036516939] [minimal_subscriber]: I heard: "Hello World: 498"
[INFO] [1734042483.087804801] [minimal_subscriber]: I heard: "Hello World: 499[I[INFO] [1734042483.139304872] [minimal_subscriber]: I heard: "Hello World: 500"
[INFO] [1734042483.190939788] [minimal_subscriber]: I heard: "Hello World: 501[I[INFO] [1734042483.241973742] [minimal_subscriber]: I heard: "Hello World: 502[I[INFO] [1734042483.293532815] [minimal_subscriber]: I heard: "Hello World: 503"
[INFO] [1734042483.344933507] [minimal_subscriber]: I heard: "Hello World: 504"
[INFO] [1734042483.395780502] [minimal_subscriber]: I heard: "Hello World: 505[I[INFO] [1734042483.446878178] [minimal_subscriber]: I heard: "Hello World: 506"
[INFO] [1734042483.497876886] [minimal_subscriber]: I heard: "Hello World: 507"
[INFO] [1734042483.549023787] [minimal_subscriber]: I heard: "Hello World: 508[I[INFO] [1734042483.602930339] [minimal_subscriber]: I heard: "Hello World: 509"
[INFO] [1734042483.653939816] [minimal_subscriber]: I heard: "Hello World: 510"
[INFO] [1734042483.705616301] [minimal_subscriber]: I heard: "Hello World: 511[I[INFO] [1734042483.757163107] [minimal_subscriber]: I heard: "Hello World: 512[I[INFO] [1734042483.811046849] [minimal_subscriber]: I heard: "Hello World: 513"
[INFO] [1734042483.862898514] [minimal_subscriber]: I heard: "Hello World: 514"
[INFO] [1734042483.913909951] [minimal_subscriber]: I heard: "Hello World: 515[I[INFO] [1734042483.965432910] [minimal_subscriber]: I heard: "Hello World: 516[I[INFO] [1734042484.016270209] [minimal_subscriber]: I heard: "Hello World: 517"
[INFO] [1734042484.067341807] [minimal_subscriber]: I heard: "Hello World: 518[I[INFO] [1734042484.118802983] [minimal_subscriber]: I heard: "Hello World: 519"
[INFO] [1734042484.170177419] [minimal_subscriber]: I heard: "Hello World: 520"
[INFO] [1734042484.221294342] [minimal_subscriber]: I heard: "Hello World: 521[I[INFO] [1734042484.272842304] [minimal_subscriber]: I heard: "Hello World: 522[I[INFO] [1734042484.323925862] [minimal_subscriber]: I heard: "Hello World: 523[I[INFO] [1734042484.375353244] [minimal_subscriber]: I heard: "Hello World: 524[I[INFO] [1734042484.427482379] [minimal_subscriber]: I heard: "Hello World: 525"
[INFO] [1734042484.478212125] [minimal_subscriber]: I heard: "Hello World: 526"
[INFO] [1734042484.529411470] [minimal_subscriber]: I heard: "Hello World: 527[I[INFO] [1734042484.580685961] [minimal_subscriber]: I heard: "Hello World: 528"
[INFO] [1734042484.631825108] [minimal_subscriber]: I heard: "Hello World: 529"
[INFO] [1734042484.682933699] [minimal_subscriber]: I heard: "Hello World: 530"
[INFO] [1734042484.734195602] [minimal_subscriber]: I heard: "Hello World: 531"
[INFO] [1734042484.785316301] [minimal_subscriber]: I heard: "Hello World: 532[I[INFO] [1734042484.836541174] [minimal_subscriber]: I heard: "Hello World: 533[I[INFO] [1734042484.887616594] [minimal_subscriber]: I heard: "Hello World: 534[I[INFO] [1734042484.938667918] [minimal_subscriber]: I heard: "Hello World: 535[I[INFO] [1734042484.990091927] [minimal_subscriber]: I heard: "Hello World: 536[I[INFO] [1734042485.041140469] [minimal_subscriber]: I heard: "Hello World: 537"
[INFO] [1734042485.092143409] [minimal_subscriber]: I heard: "Hello World: 538[I[INFO] [1734042485.143097340] [minimal_subscriber]: I heard: "Hello World: 539[I[INFO] [1734042485.194072994] [minimal_subscriber]: I heard: "Hello World: 540[I[INFO] [1734042485.245510918] [minimal_subscriber]: I heard: "Hello World: 541"
[INFO] [1734042485.296889319] [minimal_subscriber]: I heard: "Hello World: 542[I[INFO] [1734042485.347946149] [minimal_subscriber]: I heard: "Hello World: 543[I[INFO] [1734042485.398807164] [minimal_subscriber]: I heard: "Hello World: 544[I[INFO] [1734042485.449842896] [minimal_subscriber]: I heard: "Hello World: 545[I[INFO] [1734042485.501538635] [minimal_subscriber]: I heard: "Hello World: 546[I[INFO] [1734042485.552802554] [minimal_subscriber]: I heard: "Hello World: 547"
[INFO] [1734042485.603796254] [minimal_subscriber]: I heard: "Hello World: 548[I[INFO] [1734042485.654864894] [minimal_subscriber]: I heard: "Hello World: 549[I[INFO] [1734042485.705870213] [minimal_subscriber]: I heard: "Hello World: 550[I[INFO] [1734042485.757410222] [minimal_subscriber]: I heard: "Hello World: 551[I[INFO] [1734042485.808787449] [minimal_subscriber]: I heard: "Hello World: 552[I[INFO] [1734042485.860871270] [minimal_subscriber]: I heard: "Hello World: 553"
[INFO] [1734042485.911524413] [minimal_subscriber]: I heard: "Hello World: 554"
[INFO] [1734042485.962390141] [minimal_subscriber]: I heard: "Hello World: 555[I[INFO] [1734042486.013467978] [minimal_subscriber]: I heard: "Hello World: 556[I[INFO] [1734042486.065080667] [minimal_subscriber]: I heard: "Hello World: 557"
[INFO] [1734042486.116596210] [minimal_subscriber]: I heard: "Hello World: 558[I[INFO] [1734042486.167774285] [minimal_subscriber]: I heard: "Hello World: 559[I[INFO] [1734042486.219094817] [minimal_subscriber]: I heard: "Hello World: 560[I[INFO] [1734042486.269729392] [minimal_subscriber]: I heard: "Hello World: 561[I[INFO] [1734042486.321095664] [minimal_subscriber]: I heard: "Hello World: 562[I[INFO] [1734042486.372512371] [minimal_subscriber]: I heard: "Hello World: 563[I[INFO] [1734042486.424225487] [minimal_subscriber]: I heard: "Hello World: 564"
[INFO] [1734042486.474862373] [minimal_subscriber]: I heard: "Hello World: 565[I[INFO] [1734042486.525703789] [minimal_subscriber]: I heard: "Hello World: 566"
[INFO] [1734042486.577210807] [minimal_subscriber]: I heard: "Hello World: 567[I[INFO] [1734042486.628495325] [minimal_subscriber]: I heard: "Hello World: 568"
[INFO] [1734042486.679638732] [minimal_subscriber]: I heard: "Hello World: 569"
[INFO] [1734042486.730803527] [minimal_subscriber]: I heard: "Hello World: 570"
[INFO] [1734042486.781760155] [minimal_subscriber]: I heard: "Hello World: 571[I[INFO] [1734042486.833203842] [minimal_subscriber]: I heard: "Hello World: 572[I[INFO] [1734042486.884707443] [minimal_subscriber]: I heard: "Hello World: 573[I[INFO] [1734042486.936537274] [minimal_subscriber]: I heard: "Hello World: 574"
[INFO] [1734042486.987225997] [minimal_subscriber]: I heard: "Hello World: 575[I[INFO] [1734042487.038544958] [minimal_subscriber]: I heard: "Hello World: 576[I[INFO] [1734042487.090044857] [minimal_subscriber]: I heard: "Hello World: 577[I[INFO] [1734042487.140830134] [minimal_subscriber]: I heard: "Hello World: 578[I[INFO] [1734042487.191946269] [minimal_subscriber]: I heard: "Hello World: 579[I[INFO] [1734042487.243320686] [minimal_subscriber]: I heard: "Hello World: 580[I[INFO] [1734042487.294652306] [minimal_subscriber]: I heard: "Hello World: 581[I[INFO] [1734042487.345892148] [minimal_subscriber]: I heard: "Hello World: 582[I[INFO] [1734042487.396601223] [minimal_subscriber]: I heard: "Hello World: 583"
[INFO] [1734042487.447790604] [minimal_subscriber]: I heard: "Hello World: 584[I[INFO] [1734042487.498986530] [minimal_subscriber]: I heard: "Hello World: 585[I[INFO] [1734042487.550075399] [minimal_subscriber]: I heard: "Hello World: 586[I[INFO] [1734042487.601257779] [minimal_subscriber]: I heard: "Hello World: 587[I[INFO] [1734042487.652501566] [minimal_subscriber]: I heard: "Hello World: 588[I[INFO] [1734042487.704054572] [minimal_subscriber]: I heard: "Hello World: 589[I[INFO] [1734042487.755438646] [minimal_subscriber]: I heard: "Hello World: 590"
[INFO] [1734042487.807000561] [minimal_subscriber]: I heard: "Hello World: 591"
[INFO] [1734042487.857892549] [minimal_subscriber]: I heard: "Hello World: 592[I[INFO] [1734042487.908865107] [minimal_subscriber]: I heard: "Hello World: 593"
[INFO] [1734042487.961057452] [minimal_subscriber]: I heard: "Hello World: 594[I[INFO] [1734042488.011899264] [minimal_subscriber]: I heard: "Hello World: 595[I[INFO] [1734042488.062702625] [minimal_subscriber]: I heard: "Hello World: 596[I[INFO] [1734042488.113471135] [minimal_subscriber]: I heard: "Hello World: 597[I[INFO] [1734042488.164638280] [minimal_subscriber]: I heard: "Hello World: 598"
[INFO] [1734042488.215634474] [minimal_subscriber]: I heard: "Hello World: 599[I[INFO] [1734042488.266480640] [minimal_subscriber]: I heard: "Hello World: 600"
[INFO] [1734042488.317555634] [minimal_subscriber]: I heard: "Hello World: 601[I[INFO] [1734042488.368573923] [minimal_subscriber]: I heard: "Hello World: 602[I[INFO] [1734042488.419936207] [minimal_subscriber]: I heard: "Hello World: 603[I[INFO] [1734042488.471190657] [minimal_subscriber]: I heard: "Hello World: 604"
[INFO] [1734042488.522262095] [minimal_subscriber]: I heard: "Hello World: 605"
[INFO] [1734042488.573530014] [minimal_subscriber]: I heard: "Hello World: 606"
[INFO] [1734042488.624698944] [minimal_subscriber]: I heard: "Hello World: 607"
[INFO] [1734042488.676225422] [minimal_subscriber]: I heard: "Hello World: 608[I[INFO] [1734042488.727217689] [minimal_subscriber]: I heard: "Hello World: 609"
[INFO] [1734042488.778067884] [minimal_subscriber]: I heard: "Hello World: 610"
[INFO] [1734042488.828885225] [minimal_subscriber]: I heard: "Hello World: 611"
[INFO] [1734042488.880120679] [minimal_subscriber]: I heard: "Hello World: 612"
[INFO] [1734042488.931071563] [minimal_subscriber]: I heard: "Hello World: 613"
[INFO] [1734042488.981911226] [minimal_subscriber]: I heard: "Hello World: 614"
[INFO] [1734042489.032941851] [minimal_subscriber]: I heard: "Hello World: 615[I[INFO] [1734042489.083891278] [minimal_subscriber]: I heard: "Hello World: 616[I[INFO] [1734042489.135181216] [minimal_subscriber]: I heard: "Hello World: 617[I[INFO] [1734042489.186692200] [minimal_subscriber]: I heard: "Hello World: 618"
[INFO] [1734042489.237622362] [minimal_subscriber]: I heard: "Hello World: 619"
[INFO] [1734042489.288536580] [minimal_subscriber]: I heard: "Hello World: 620"
[INFO] [1734042489.339506764] [minimal_subscriber]: I heard: "Hello World: 621[I[INFO] [1734042489.390537447] [minimal_subscriber]: I heard: "Hello World: 622"
[INFO] [1734042489.441713196] [minimal_subscriber]: I heard: "Hello World: 623"
[INFO] [1734042489.493091667] [minimal_subscriber]: I heard: "Hello World: 624[I[INFO] [1734042489.544105223] [minimal_subscriber]: I heard: "Hello World: 625"
[INFO] [1734042489.595104165] [minimal_subscriber]: I heard: "Hello World: 626[I[INFO] [1734042489.646230292] [minimal_subscriber]: I heard: "Hello World: 627"
[INFO] [1734042489.697170670] [minimal_subscriber]: I heard: "Hello World: 628[I[INFO] [1734042489.748701563] [minimal_subscriber]: I heard: "Hello World: 629"
[INFO] [1734042489.799723890] [minimal_subscriber]: I heard: "Hello World: 630[I[INFO] [1734042489.850803647] [minimal_subscriber]: I heard: "Hello World: 631[I[INFO] [1734042489.901512712] [minimal_subscriber]: I heard: "Hello World: 632[I[INFO] [1734042489.952802251] [minimal_subscriber]: I heard: "Hello World: 633[I[INFO] [1734042490.004283790] [minimal_subscriber]: I heard: "Hello World: 634[I[INFO] [1734042490.055907651] [minimal_subscriber]: I heard: "Hello World: 635[I[INFO] [1734042490.106710393] [minimal_subscriber]: I heard: "Hello World: 636[I[INFO] [1734042490.157853064] [minimal_subscriber]: I heard: "Hello World: 637[I[INFO] [1734042490.209816217] [minimal_subscriber]: I heard: "Hello World: 638"
[INFO] [1734042490.260758658] [minimal_subscriber]: I heard: "Hello World: 639[I[INFO] [1734042490.311697670] [minimal_subscriber]: I heard: "Hello World: 640[I[INFO] [1734042490.364034247] [minimal_subscriber]: I heard: "Hello World: 641[I[INFO] [1734042490.414898565] [minimal_subscriber]: I heard: "Hello World: 642[I[INFO] [1734042490.465409793] [minimal_subscriber]: I heard: "Hello World: 643[I[INFO] [1734042490.516658157] [minimal_subscriber]: I heard: "Hello World: 644[I[INFO] [1734042490.567813327] [minimal_subscriber]: I heard: "Hello World: 645"
[INFO] [1734042490.618359706] [minimal_subscriber]: I heard: "Hello World: 646[I[INFO] [1734042490.669545911] [minimal_subscriber]: I heard: "Hello World: 647[I[INFO] [1734042490.721339480] [minimal_subscriber]: I heard: "Hello World: 648[I[INFO] [1734042490.771805886] [minimal_subscriber]: I heard: "Hello World: 649[I[INFO] [1734042490.823124464] [minimal_subscriber]: I heard: "Hello World: 650[I[INFO] [1734042490.874295098] [minimal_subscriber]: I heard: "Hello World: 651[I[INFO] [1734042490.925470754] [minimal_subscriber]: I heard: "Hello World: 652[I[INFO] [1734042490.976478278] [minimal_subscriber]: I heard: "Hello World: 653"
[INFO] [1734042491.027572982] [minimal_subscriber]: I heard: "Hello World: 654[I[INFO] [1734042491.078737534] [minimal_subscriber]: I heard: "Hello World: 655"
[INFO] [1734042491.130201599] [minimal_subscriber]: I heard: "Hello World: 656"
[INFO] [1734042491.180966881] [minimal_subscriber]: I heard: "Hello World: 657"
[INFO] [1734042491.231971775] [minimal_subscriber]: I heard: "Hello World: 658"
[INFO] [1734042491.283460871] [minimal_subscriber]: I heard: "Hello World: 659"
[INFO] [1734042491.334415432] [minimal_subscriber]: I heard: "Hello World: 660[I[INFO] [1734042491.385880033] [minimal_subscriber]: I heard: "Hello World: 661[I[INFO] [1734042491.436895830] [minimal_subscriber]: I heard: "Hello World: 662[I[INFO] [1734042491.488251192] [minimal_subscriber]: I heard: "Hello World: 663[I[INFO] [1734042491.539593160] [minimal_subscriber]: I heard: "Hello World: 664[I[INFO] [1734042491.590566040] [minimal_subscriber]: I heard: "Hello World: 665[I[INFO] [1734042491.641705998] [minimal_subscriber]: I heard: "Hello World: 666[I[INFO] [1734042491.692827129] [minimal_subscriber]: I heard: "Hello World: 667[I[INFO] [1734042491.744257608] [minimal_subscriber]: I heard: "Hello World: 668[I[INFO] [1734042491.795645428] [minimal_subscriber]: I heard: "Hello World: 669"
[INFO] [1734042491.846663275] [minimal_subscriber]: I heard: "Hello World: 670[I[INFO] [1734042491.897787519] [minimal_subscriber]: I heard: "Hello World: 671[I[INFO] [1734042491.949225446] [minimal_subscriber]: I heard: "Hello World: 672[I[INFO] [1734042492.000424530] [minimal_subscriber]: I heard: "Hello World: 673"
[INFO] [1734042492.052090847] [minimal_subscriber]: I heard: "Hello World: 674"
[INFO] [1734042492.103167631] [minimal_subscriber]: I heard: "Hello World: 675"
[INFO] [1734042492.153853690] [minimal_subscriber]: I heard: "Hello World: 676[I[INFO] [1734042492.205353443] [minimal_subscriber]: I heard: "Hello World: 677[I[INFO] [1734042492.256608782] [minimal_subscriber]: I heard: "Hello World: 678[I[INFO] [1734042492.307422539] [minimal_subscriber]: I heard: "Hello World: 679[I[INFO] [1734042492.359205199] [minimal_subscriber]: I heard: "Hello World: 680[I[INFO] [1734042492.410045079] [minimal_subscriber]: I heard: "Hello World: 681[I[INFO] [1734042492.461186587] [minimal_subscriber]: I heard: "Hello World: 682"
[INFO] [1734042492.512269840] [minimal_subscriber]: I heard: "Hello World: 683"
[INFO] [1734042492.563291884] [minimal_subscriber]: I heard: "Hello World: 684[I[INFO] [1734042492.614386328] [minimal_subscriber]: I heard: "Hello World: 685[I[INFO] [1734042492.665106862] [minimal_subscriber]: I heard: "Hello World: 686"
[INFO] [1734042492.716106133] [minimal_subscriber]: I heard: "Hello World: 687"
[INFO] [1734042492.767913583] [minimal_subscriber]: I heard: "Hello World: 688"
[INFO] [1734042492.819253822] [minimal_subscriber]: I heard: "Hello World: 689"
[INFO] [1734042492.870693734] [minimal_subscriber]: I heard: "Hello World: 690[I[INFO] [1734042492.921785080] [minimal_subscriber]: I heard: "Hello World: 691[I[INFO] [1734042492.973521869] [minimal_subscriber]: I heard: "Hello World: 692[I[INFO] [1734042493.024561202] [minimal_subscriber]: I heard: "Hello World: 693[I[INFO] [1734042493.076272286] [minimal_subscriber]: I heard: "Hello World: 694"
[INFO] [1734042493.127206735] [minimal_subscriber]: I heard: "Hello World: 695[I[INFO] [1734042493.178413261] [minimal_subscriber]: I heard: "Hello World: 696"
[INFO] [1734042493.229347372] [minimal_subscriber]: I heard: "Hello World: 697[I[INFO] [1734042493.280879539] [minimal_subscriber]: I heard: "Hello World: 698"
[INFO] [1734042493.331870621] [minimal_subscriber]: I heard: "Hello World: 699"
[INFO] [1734042493.383012587] [minimal_subscriber]: I heard: "Hello World: 700"
[INFO] [1734042493.435547413] [minimal_subscriber]: I heard: "Hello World: 701[I[INFO] [1734042493.486571150] [minimal_subscriber]: I heard: "Hello World: 702[I[INFO] [1734042493.537763481] [minimal_subscriber]: I heard: "Hello World: 703[I[INFO] [1734042493.589194116] [minimal_subscriber]: I heard: "Hello World: 704[I[INFO] [1734042493.640490036] [minimal_subscriber]: I heard: "Hello World: 705[I[INFO] [1734042493.693187285] [minimal_subscriber]: I heard: "Hello World: 706"
[INFO] [1734042493.743603272] [minimal_subscriber]: I heard: "Hello World: 707[I[INFO] [1734042493.794749962] [minimal_subscriber]: I heard: "Hello World: 708"
[INFO] [1734042493.845895126] [minimal_subscriber]: I heard: "Hello World: 709"
[INFO] [1734042493.897212641] [minimal_subscriber]: I heard: "Hello World: 710"
[INFO] [1734042493.948002695] [minimal_subscriber]: I heard: "Hello World: 711[I[INFO] [1734042493.999043118] [minimal_subscriber]: I heard: "Hello World: 712[I[INFO] [1734042494.050080756] [minimal_subscriber]: I heard: "Hello World: 713"
[INFO] [1734042494.102084072] [minimal_subscriber]: I heard: "Hello World: 714[I[INFO] [1734042494.153170951] [minimal_subscriber]: I heard: "Hello World: 715"
[INFO] [1734042494.206339429] [minimal_subscriber]: I heard: "Hello World: 716"
[INFO] [1734042494.257123978] [minimal_subscriber]: I heard: "Hello World: 717[I[INFO] [1734042494.308522188] [minimal_subscriber]: I heard: "Hello World: 718[I[INFO] [1734042494.359631782] [minimal_subscriber]: I heard: "Hello World: 719[I[INFO] [1734042494.410987507] [minimal_subscriber]: I heard: "Hello World: 720[I[INFO] [1734042494.462059197] [minimal_subscriber]: I heard: "Hello World: 721[I[INFO] [1734042494.513446624] [minimal_subscriber]: I heard: "Hello World: 722[I[INFO] [1734042494.564934106] [minimal_subscriber]: I heard: "Hello World: 723[I[INFO] [1734042494.615899370] [minimal_subscriber]: I heard: "Hello World: 724"
[INFO] [1734042494.666941334] [minimal_subscriber]: I heard: "Hello World: 725[I[INFO] [1734042494.719501775] [minimal_subscriber]: I heard: "Hello World: 726"
[INFO] [1734042494.770584058] [minimal_subscriber]: I heard: "Hello World: 727[I[INFO] [1734042494.822690611] [minimal_subscriber]: I heard: "Hello World: 728[I[INFO] [1734042494.873875941] [minimal_subscriber]: I heard: "Hello World: 729[I[INFO] [1734042494.925004413] [minimal_subscriber]: I heard: "Hello World: 730"
[INFO] [1734042494.975948820] [minimal_subscriber]: I heard: "Hello World: 731[I[INFO] [1734042495.027275867] [minimal_subscriber]: I heard: "Hello World: 732"
[INFO] [1734042495.078374697] [minimal_subscriber]: I heard: "Hello World: 733[I[INFO] [1734042495.129392122] [minimal_subscriber]: I heard: "Hello World: 734[I[INFO] [1734042495.180558773] [minimal_subscriber]: I heard: "Hello World: 735[I[INFO] [1734042495.231515236] [minimal_subscriber]: I heard: "Hello World: 736[I[INFO] [1734042495.283019202] [minimal_subscriber]: I heard: "Hello World: 737[I[INFO] [1734042495.334142163] [minimal_subscriber]: I heard: "Hello World: 738"
[INFO] [1734042495.385980874] [minimal_subscriber]: I heard: "Hello World: 739[I[INFO] [1734042495.437795575] [minimal_subscriber]: I heard: "Hello World: 740"
[INFO] [1734042495.490170179] [minimal_subscriber]: I heard: "Hello World: 741[I[INFO] [1734042495.541696350] [minimal_subscriber]: I heard: "Hello World: 742"
[INFO] [1734042495.592768740] [minimal_subscriber]: I heard: "Hello World: 743[I[INFO] [1734042495.645202391] [minimal_subscriber]: I heard: "Hello World: 744[I[INFO] [1734042495.697175196] [minimal_subscriber]: I heard: "Hello World: 745[I[INFO] [1734042495.748320322] [minimal_subscriber]: I heard: "Hello World: 746[I[INFO] [1734042495.799319771] [minimal_subscriber]: I heard: "Hello World: 747[I[INFO] [1734042495.851629279] [minimal_subscriber]: I heard: "Hello World: 748[I[INFO] [1734042495.903640007] [minimal_subscriber]: I heard: "Hello World: 749[I[INFO] [1734042495.955430134] [minimal_subscriber]: I heard: "Hello World: 750"
[INFO] [1734042496.006801479] [minimal_subscriber]: I heard: "Hello World: 751"
[INFO] [1734042496.057909109] [minimal_subscriber]: I heard: "Hello World: 752[I[INFO] [1734042496.109258891] [minimal_subscriber]: I heard: "Hello World: 753[I[INFO] [1734042496.160258667] [minimal_subscriber]: I heard: "Hello World: 754[I[INFO] [1734042496.211133954] [minimal_subscriber]: I heard: "Hello World: 755[I[INFO] [1734042496.262144652] [minimal_subscriber]: I heard: "Hello World: 756[I[INFO] [1734042496.313266241] [minimal_subscriber]: I heard: "Hello World: 757[I[INFO] [1734042496.363945084] [minimal_subscriber]: I heard: "Hello World: 758[I[INFO] [1734042496.415314776] [minimal_subscriber]: I heard: "Hello World: 759[I[INFO] [1734042496.466317279] [minimal_subscriber]: I heard: "Hello World: 760"
[INFO] [1734042496.517150411] [minimal_subscriber]: I heard: "Hello World: 761"
[INFO] [1734042496.568838804] [minimal_subscriber]: I heard: "Hello World: 762"
[INFO] [1734042496.619906427] [minimal_subscriber]: I heard: "Hello World: 763"
[INFO] [1734042496.670805406] [minimal_subscriber]: I heard: "Hello World: 764[I[INFO] [1734042496.721806571] [minimal_subscriber]: I heard: "Hello World: 765[I[INFO] [1734042496.773297344] [minimal_subscriber]: I heard: "Hello World: 766"
[INFO] [1734042496.824720929] [minimal_subscriber]: I heard: "Hello World: 767[I[INFO] [1734042496.876178690] [minimal_subscriber]: I heard: "Hello World: 768"
[INFO] [1734042496.927414143] [minimal_subscriber]: I heard: "Hello World: 769[I[INFO] [1734042496.978530327] [minimal_subscriber]: I heard: "Hello World: 770"
[INFO] [1734042497.030165918] [minimal_subscriber]: I heard: "Hello World: 771"
[INFO] [1734042497.081039673] [minimal_subscriber]: I heard: "Hello World: 772[I[INFO] [1734042497.131928081] [minimal_subscriber]: I heard: "Hello World: 773[I[INFO] [1734042497.182914972] [minimal_subscriber]: I heard: "Hello World: 774[I[INFO] [1734042497.233899794] [minimal_subscriber]: I heard: "Hello World: 775"
[INFO] [1734042497.285520363] [minimal_subscriber]: I heard: "Hello World: 776"
[INFO] [1734042497.336859952] [minimal_subscriber]: I heard: "Hello World: 777"
[INFO] [1734042497.388224355] [minimal_subscriber]: I heard: "Hello World: 778"
[INFO] [1734042497.439638902] [minimal_subscriber]: I heard: "Hello World: 779[I[INFO] [1734042497.490583397] [minimal_subscriber]: I heard: "Hello World: 780[I[INFO] [1734042497.541594042] [minimal_subscriber]: I heard: "Hello World: 781[I[INFO] [1734042497.592753841] [minimal_subscriber]: I heard: "Hello World: 782"
[INFO] [1734042497.644080362] [minimal_subscriber]: I heard: "Hello World: 783"
[INFO] [1734042497.695126617] [minimal_subscriber]: I heard: "Hello World: 784[I[INFO] [1734042497.746029900] [minimal_subscriber]: I heard: "Hello World: 785[I[INFO] [1734042497.796473243] [minimal_subscriber]: I heard: "Hello World: 786[I[INFO] [1734042497.847347792] [minimal_subscriber]: I heard: "Hello World: 787[I[INFO] [1734042497.898467851] [minimal_subscriber]: I heard: "Hello World: 788[I[INFO] [1734042497.949668290] [minimal_subscriber]: I heard: "Hello World: 789[I[INFO] [1734042498.001584597] [minimal_subscriber]: I heard: "Hello World: 790"
[INFO] [1734042498.052944358] [minimal_subscriber]: I heard: "Hello World: 791[I[INFO] [1734042498.104970923] [minimal_subscriber]: I heard: "Hello World: 792[I[INFO] [1734042498.156286084] [minimal_subscriber]: I heard: "Hello World: 793"
[INFO] [1734042498.207413150] [minimal_subscriber]: I heard: "Hello World: 794"
[INFO] [1734042498.258368874] [minimal_subscriber]: I heard: "Hello World: 795[I[INFO] [1734042498.309411019] [minimal_subscriber]: I heard: "Hello World: 796[I[INFO] [1734042498.360262965] [minimal_subscriber]: I heard: "Hello World: 797[I[INFO] [1734042498.411066738] [minimal_subscriber]: I heard: "Hello World: 798[I[INFO] [1734042498.462058363] [minimal_subscriber]: I heard: "Hello World: 799[I[INFO] [1734042498.513591064] [minimal_subscriber]: I heard: "Hello World: 800[I[INFO] [1734042498.565041769] [minimal_subscriber]: I heard: "Hello World: 801[I[INFO] [1734042498.616026222] [minimal_subscriber]: I heard: "Hello World: 802[I[INFO] [1734042498.667455593] [minimal_subscriber]: I heard: "Hello World: 803[I[INFO] [1734042498.718870581] [minimal_subscriber]: I heard: "Hello World: 804[I[INFO] [1734042498.770192590] [minimal_subscriber]: I heard: "Hello World: 805"
[INFO] [1734042498.821134433] [minimal_subscriber]: I heard: "Hello World: 806[I[INFO] [1734042498.872254466] [minimal_subscriber]: I heard: "Hello World: 807[I[INFO] [1734042498.923807885] [minimal_subscriber]: I heard: "Hello World: 808[I[INFO] [1734042498.975200584] [minimal_subscriber]: I heard: "Hello World: 809[I[INFO] [1734042499.026513946] [minimal_subscriber]: I heard: "Hello World: 810[I[INFO] [1734042499.078176124] [minimal_subscriber]: I heard: "Hello World: 811[I[INFO] [1734042499.129151906] [minimal_subscriber]: I heard: "Hello World: 812[I[INFO] [1734042499.180342118] [minimal_subscriber]: I heard: "Hello World: 813"
[INFO] [1734042499.230996513] [minimal_subscriber]: I heard: "Hello World: 814[I[INFO] [1734042499.281938061] [minimal_subscriber]: I heard: "Hello World: 815"
[INFO] [1734042499.332930030] [minimal_subscriber]: I heard: "Hello World: 816[I[INFO] [1734042499.383782454] [minimal_subscriber]: I heard: "Hello World: 817"
[INFO] [1734042499.434815957] [minimal_subscriber]: I heard: "Hello World: 818[I[INFO] [1734042499.486218660] [minimal_subscriber]: I heard: "Hello World: 819[I[INFO] [1734042499.537436051] [minimal_subscriber]: I heard: "Hello World: 820"
[INFO] [1734042499.588347261] [minimal_subscriber]: I heard: "Hello World: 821[I[INFO] [1734042499.639835218] [minimal_subscriber]: I heard: "Hello World: 822"
[INFO] [1734042499.690566968] [minimal_subscriber]: I heard: "Hello World: 823[I[INFO] [1734042499.741854321] [minimal_subscriber]: I heard: "Hello World: 824[I[INFO] [1734042499.793000998] [minimal_subscriber]: I heard: "Hello World: 825[I[INFO] [1734042499.844046186] [minimal_subscriber]: I heard: "Hello World: 826[I[INFO] [1734042499.895088978] [minimal_subscriber]: I heard: "Hello World: 827[I[INFO] [1734042499.946413118] [minimal_subscriber]: I heard: "Hello World: 828[I[INFO] [1734042499.998041772] [minimal_subscriber]: I heard: "Hello World: 829[I[INFO] [1734042500.049335852] [minimal_subscriber]: I heard: "Hello World: 830[I[INFO] [1734042500.100886418] [minimal_subscriber]: I heard: "Hello World: 831[I[INFO] [1734042500.152134359] [minimal_subscriber]: I heard: "Hello World: 832"
[INFO] [1734042500.203156228] [minimal_subscriber]: I heard: "Hello World: 833[I[INFO] [1734042500.254351134] [minimal_subscriber]: I heard: "Hello World: 834"
[INFO] [1734042500.305862369] [minimal_subscriber]: I heard: "Hello World: 835[I[INFO] [1734042500.356786191] [minimal_subscriber]: I heard: "Hello World: 836"
[INFO] [1734042500.407736306] [minimal_subscriber]: I heard: "Hello World: 837[I[INFO] [1734042500.459030736] [minimal_subscriber]: I heard: "Hello World: 838"
[INFO] [1734042500.510141494] [minimal_subscriber]: I heard: "Hello World: 839[I[INFO] [1734042500.561148780] [minimal_subscriber]: I heard: "Hello World: 840[I[INFO] [1734042500.612621644] [minimal_subscriber]: I heard: "Hello World: 841[I[INFO] [1734042500.664160619] [minimal_subscriber]: I heard: "Hello World: 842[I[INFO] [1734042500.715324382] [minimal_subscriber]: I heard: "Hello World: 843[I[INFO] [1734042500.766783906] [minimal_subscriber]: I heard: "Hello World: 844"
[INFO] [1734042500.817878385] [minimal_subscriber]: I heard: "Hello World: 845"
[INFO] [1734042500.868966382] [minimal_subscriber]: I heard: "Hello World: 846[I[INFO] [1734042500.920325357] [minimal_subscriber]: I heard: "Hello World: 847"
[INFO] [1734042500.972909550] [minimal_subscriber]: I heard: "Hello World: 848[I[INFO] [1734042501.022914851] [minimal_subscriber]: I heard: "Hello World: 849[I[INFO] [1734042501.074035152] [minimal_subscriber]: I heard: "Hello World: 850[I[INFO] [1734042501.125013943] [minimal_subscriber]: I heard: "Hello World: 851[I[INFO] [1734042501.176848344] [minimal_subscriber]: I heard: "Hello World: 852"
[INFO] [1734042501.227976111] [minimal_subscriber]: I heard: "Hello World: 853"
[INFO] [1734042501.279331211] [minimal_subscriber]: I heard: "Hello World: 854"
[INFO] [1734042501.330228356] [minimal_subscriber]: I heard: "Hello World: 855[I[INFO] [1734042501.381675848] [minimal_subscriber]: I heard: "Hello World: 856[I[INFO] [1734042501.432923693] [minimal_subscriber]: I heard: "Hello World: 857[I[INFO] [1734042501.483959832] [minimal_subscriber]: I heard: "Hello World: 858"
[INFO] [1734042501.534789718] [minimal_subscriber]: I heard: "Hello World: 859"
[INFO] [1734042501.585783388] [minimal_subscriber]: I heard: "Hello World: 860[I[INFO] [1734042501.636598202] [minimal_subscriber]: I heard: "Hello World: 861[I[INFO] [1734042501.687988762] [minimal_subscriber]: I heard: "Hello World: 862[I[INFO] [1734042501.739072539] [minimal_subscriber]: I heard: "Hello World: 863[I[INFO] [1734042501.790302965] [minimal_subscriber]: I heard: "Hello World: 864[I[INFO] [1734042501.841711339] [minimal_subscriber]: I heard: "Hello World: 865[I[INFO] [1734042501.893107308] [minimal_subscriber]: I heard: "Hello World: 866[I[INFO] [1734042501.944266914] [minimal_subscriber]: I heard: "Hello World: 867"
[INFO] [1734042501.995385172] [minimal_subscriber]: I heard: "Hello World: 868[I[INFO] [1734042502.047119855] [minimal_subscriber]: I heard: "Hello World: 869"
[INFO] [1734042502.098103779] [minimal_subscriber]: I heard: "Hello World: 870[I[INFO] [1734042502.149466443] [minimal_subscriber]: I heard: "Hello World: 871[I[INFO] [1734042502.201077975] [minimal_subscriber]: I heard: "Hello World: 872[I[INFO] [1734042502.252210927] [minimal_subscriber]: I heard: "Hello World: 873[I[INFO] [1734042502.303409256] [minimal_subscriber]: I heard: "Hello World: 874"
[INFO] [1734042502.354234943] [minimal_subscriber]: I heard: "Hello World: 875[I[INFO] [1734042502.405914941] [minimal_subscriber]: I heard: "Hello World: 876[I[INFO] [1734042502.536115981] [minimal_subscriber]: Tempo limite atingido, encerrando o n [sub].
RAPL is not set
l_subscriber]: Tempo limite atingido, encerrando o n [sub].
RAPL is set
set
