[INFO] [1734020547.487175928] [minimal_client_async]: Result of add_two_ints: for 10 + 10 = 20
[INFO] [1734020548.483462370] [minimal_client_async]: Result of add_two_ints: for 10 + 10 = 20
[INFO] [1734020549.486874003] [minimal_client_async]: Result of add_two_ints: for 10 + 10 = 20
[INFO] [1734020550.489679886] [minimal_client_async]: Result of add_two_ints: for 10 + 10 = 20
[INFO] [1734020701.471498476] [minimal_client_async]: Result of add_two_ints: for 10 + 10 = 20
[INFO] [1734020701.973365877] [minimal_client_async]: Result of add_two_ints: for 10 + 10 = 20
[INFO] [1734020725.972460648] [minimal_client_async]: Timeout reached. Stopping client.
RAPL is set
] [1734020552.496298106] [minimal_client_async]: Result of add_two_ints: for 10 + 10 = 20
[INFO] [1734020552.997676953] [minimal_client_async]: Result of add_two_ints: for 10 + 10 = 20
[INFO] [1734020553.499369439] [minimal_client_async]: Result of add_two_ints: for 10 + 10 = 20
[INFO] [1734020554.001129061] [minimal_client_async]: Result of add_two_ints: for 10 + 10 = 20
[INFO] [1734020554.503054388] [minimal_client_async]: Result of add_two_ints: for 10 + 10 = 20
[INFO] [1734020555.004814263] [minimal_client_async]: Result of add_two_ints: for 10 + 10 = 20
[INFO] [1734020555.505906635] [minimal_client_async]: Result of add_two_ints: for 10 + 10 = 20
[INFO] [1734020556.007543718] [minimal_client_async]: Result of add_two_ints: for 10 + 10 = 20
[INFO] [1734020556.509429771] [minimal_client_async]: Result of add_two_ints: for 10 + 10 = 20
[INFO] [1734020557.010976190] [minimal_client_async]: Result of add_two_ints: for 10 + 10 = 20
[INFO] [1734020557.512615544] [minimal_client_async]: Result of add_two_ints: for 10 + 10 = 20
[INFO] [1734020558.014030183] [minimal_client_async]: Result of add_two_ints: for 10 + 10 = 20
[INFO] [1734020558.515688517] [minimal_client_async]: Result of add_two_ints: for 10 + 10 = 20
[INFO] [1734020559.017381568] [minimal_client_async]: Result of add_two_ints: for 10 + 10 = 20
[INFO] [1734020559.519030269] [minimal_client_async]: Result of add_two_ints: for 10 + 10 = 20
[INFO] [1734020560.021004663] [minimal_client_async]: Result of add_two_ints: for 10 + 10 = 20
[INFO] [1734020560.523276067] [minimal_client_async]: Result of add_two_ints: for 10 + 10 = 20
[INFO] [1734020561.025225711] [minimal_client_async]: Result of add_two_ints: for 10 + 10 = 20
[INFO] [1734020561.526782937] [minimal_client_async]: Result of add_two_ints: for 10 + 10 = 20
[INFO] [1734020562.028441766] [minimal_client_async]: Result of add_two_ints: for 10 + 10 = 20
[INFO] [1734020562.530006762] [minimal_client_async]: Result of add_two_ints: for 10 + 10 = 20
[INFO] [1734020563.031659745] [minimal_client_async]: Result of add_two_ints: for 10 + 10 = 20
[INFO] [1734020563.533498170] [minimal_client_async]: Result of add_two_ints: for 10 + 10 = 20
[INFO] [1734020564.034473682] [minimal_client_async]: Result of add_two_ints: for 10 + 10 = 20
[INFO] [1734020564.535936084] [minimal_client_async]: Result of add_two_ints: for 10 + 10 = 20
[INFO] [1734020565.037536795] [minimal_client_async]: Result of add_two_ints: for 10 + 10 = 20
[INFO] [1734020565.538877851] [minimal_client_async]: Result of add_two_ints: for 10 + 10 = 20
[INFO] [1734020566.040738211] [minimal_client_async]: Result of add_two_ints: for 10 + 10 = 20
[INFO] [1734020566.542417300] [minimal_client_async]: Result of add_two_ints: for 10 + 10 = 20
[INFO] [1734020567.044198473] [minimal_client_async]: Result of add_two_ints: for 10 + 10 = 20
[INFO] [1734020567.545640472] [minimal_client_async]: Result of add_two_ints: for 10 + 10 = 20
[INFO] [1734020568.047333253] [minimal_client_async]: Result of add_two_ints: for 10 + 10 = 20
[INFO] [1734020568.549176055] [minimal_client_async]: Result of add_two_ints: for 10 + 10 = 20
[INFO] [1734020569.050598862] [minimal_client_async]: Result of add_two_ints: for 10 + 10 = 20
[INFO] [1734020569.552125023] [minimal_client_async]: Result of add_two_ints: for 10 + 10 = 20
[INFO] [1734020570.053858044] [minimal_client_async]: Result of add_two_ints: for 10 + 10 = 20
[INFO] [1734020570.555532483] [minimal_client_async]: Result of add_two_ints: for 10 + 10 = 20
[INFO] [1734020571.057216324] [minimal_client_async]: Result of add_two_ints: for 10 + 10 = 20
[INFO] [1734020571.558923946] [minimal_client_async]: Result of add_two_ints: for 10 + 10 = 20
[INFO] [1734020572.060664989] [minimal_client_async]: Result of add_two_ints: for 10 + 10 = 20
[INFO] [1734020572.562041773] [minimal_client_async]: Result of add_two_ints: for 10 + 10 = 20
[INFO] [1734020573.063569513] [minimal_client_async]: Result of add_two_ints: for 10 + 10 = 20
[INFO] [1734020573.565332039] [minimal_client_async]: Result of add_two_ints: for 10 + 10 = 20
[INFO] [1734020574.066848839] [minimal_client_async]: Result of add_two_ints: for 10 + 10 = 20
[INFO] [1734020574.568335735] [minimal_client_async]: Result of add_two_ints: for 10 + 10 = 20
[INFO] [1734020575.070111848] [minimal_client_async]: Result of add_two_ints: for 10 + 10 = 20
[INFO] [1734020575.571382753] [minimal_client_async]: Result of add_two_ints: for 10 + 10 = 20
[INFO] [1734020576.072960980] [minimal_client_async]: Result of add_two_ints: for 10 + 10 = 20
[INFO] [1734020576.574489012] [minimal_client_async]: Result of add_two_ints: for 10 + 10 = 20
[INFO] [1734020577.076276955] [minimal_client_async]: Result of add_two_ints: for 10 + 10 = 20
[INFO] [1734020577.577730915] [minimal_client_async]: Result of add_two_ints: for 10 + 10 = 20
[INFO] [1734020578.079533609] [minimal_client_async]: Result of add_two_ints: for 10 + 10 = 20
[INFO] [1734020578.581465566] [minimal_client_async]: Result of add_two_ints: for 10 + 10 = 20
[INFO] [1734020579.083162740] [minimal_client_async]: Result of add_two_ints: for 10 + 10 = 20
[INFO] [1734020579.584751563] [minimal_client_async]: Result of add_two_ints: for 10 + 10 = 20
[INFO] [1734020580.086027260] [minimal_client_async]: Result of add_two_ints: for 10 + 10 = 20
[INFO] [1734020580.587471399] [minimal_client_async]: Result of add_two_ints: for 10 + 10 = 20
[INFO] [1734020581.088930847] [minimal_client_async]: Result of add_two_ints: for 10 + 10 = 20
[INFO] [1734020581.590529775] [minimal_client_async]: Result of add_two_ints: for 10 + 10 = 20
[INFO] [1734020582.092275971] [minimal_client_async]: Result of add_two_ints: for 10 + 10 = 20
[INFO] [1734020582.593975918] [minimal_client_async]: Result of add_two_ints: for 10 + 10 = 20
[INFO] [1734020583.095621660] [minimal_client_async]: Result of add_two_ints: for 10 + 10 = 20
[INFO] [1734020583.597470839] [minimal_client_async]: Result of add_two_ints: for 10 + 10 = 20
[INFO] [1734020584.099278834] [minimal_client_async]: Result of add_two_ints: for 10 + 10 = 20
[INFO] [1734020584.600650865] [minimal_client_async]: Result of add_two_ints: for 10 + 10 = 20
[INFO] [1734020585.102194235] [minimal_client_async]: Result of add_two_ints: for 10 + 10 = 20
[INFO] [1734020585.603694423] [minimal_client_async]: Result of add_two_ints: for 10 + 10 = 20
[INFO] [1734020586.105376372] [minimal_client_async]: Result of add_two_ints: for 10 + 10 = 20
[INFO] [1734020586.606977847] [minimal_client_async]: Result of add_two_ints: for 10 + 10 = 20
[INFO] [1734020587.108639973] [minimal_client_async]: Result of add_two_ints: for 10 + 10 = 20
[INFO] [1734020587.609619978] [minimal_client_async]: Result of add_two_ints: for 10 + 10 = 20
[INFO] [1734020588.110931018] [minimal_client_async]: Result of add_two_ints: for 10 + 10 = 20
[INFO] [1734020588.612895516] [minimal_client_async]: Result of add_two_ints: for 10 + 10 = 20
[INFO] [1734020589.114298318] [minimal_client_async]: Result of add_two_ints: for 10 + 10 = 20
[INFO] [1734020589.616140880] [minimal_client_async]: Result of add_two_ints: for 10 + 10 = 20
[INFO] [1734020590.117923870] [minimal_client_async]: Result of add_two_ints: for 10 + 10 = 20
[INFO] [1734020590.619753776] [minimal_client_async]: Result of add_two_ints: for 10 + 10 = 20
[INFO] [1734020591.121889671] [minimal_client_async]: Result of add_two_ints: for 10 + 10 = 20
[INFO] [1734020591.623447046] [minimal_client_async]: Result of add_two_ints: for 10 + 10 = 20
[INFO] [1734020592.124875913] [minimal_client_async]: Result of add_two_ints: for 10 + 10 = 20
[INFO] [1734020592.625887330] [minimal_client_async]: Result of add_two_ints: for 10 + 10 = 20
[INFO] [1734020593.127596531] [minimal_client_async]: Result of add_two_ints: for 10 + 10 = 20
[INFO] [1734020593.629415104] [minimal_client_async]: Result of add_two_ints: for 10 + 10 = 20
[INFO] [1734020594.131023202] [minimal_client_async]: Result of add_two_ints: for 10 + 10 = 20
[INFO] [1734020594.632791408] [minimal_client_async]: Result of add_two_ints: for 10 + 10 = 20
[INFO] [1734020595.134028517] [minimal_client_async]: Result of add_two_ints: for 10 + 10 = 20
[INFO] [1734020595.635444325] [minimal_client_async]: Result of add_two_ints: for 10 + 10 = 20
[INFO] [1734020596.137268331] [minimal_client_async]: Result of add_two_ints: for 10 + 10 = 20
[INFO] [1734020596.639033162] [minimal_client_async]: Result of add_two_ints: for 10 + 10 = 20
[INFO] [1734020597.140644021] [minimal_client_async]: Result of add_two_ints: for 10 + 10 = 20
[INFO] [1734020597.642055445] [minimal_client_async]: Result of add_two_ints: for 10 + 10 = 20
[INFO] [1734020598.143684531] [minimal_client_async]: Result of add_two_ints: for 10 + 10 = 20
[INFO] [1734020598.645148803] [minimal_client_async]: Result of add_two_ints: for 10 + 10 = 20
[INFO] [1734020599.146480020] [minimal_client_async]: Result of add_two_ints: for 10 + 10 = 20
[INFO] [1734020599.648224696] [minimal_client_async]: Result of add_two_ints: for 10 + 10 = 20
[INFO] [1734020600.149515814] [minimal_client_async]: Result of add_two_ints: for 10 + 10 = 20
[INFO] [1734020600.650926627] [minimal_client_async]: Result of add_two_ints: for 10 + 10 = 20
[INFO] [1734020601.152658708] [minimal_client_async]: Result of add_two_ints: for 10 + 10 = 20
[INFO] [1734020601.653945977] [minimal_client_async]: Result of add_two_ints: for 10 + 10 = 20
[INFO] [1734020602.155628469] [minimal_client_async]: Result of add_two_ints: for 10 + 10 = 20
[INFO] [1734020602.657820193] [minimal_client_async]: Result of add_two_ints: for 10 + 10 = 20
[INFO] [1734020603.159146258] [minimal_client_async]: Result of add_two_ints: for 10 + 10 = 20
[INFO] [1734020603.660704011] [minimal_client_async]: Result of add_two_ints: for 10 + 10 = 20
[INFO] [1734020604.161743138] [minimal_client_async]: Result of add_two_ints: for 10 + 10 = 20
[INFO] [1734020604.663474550] [minimal_client_async]: Result of add_two_ints: for 10 + 10 = 20
[INFO] [1734020605.165206062] [minimal_client_async]: Result of add_two_ints: for 10 + 10 = 20
[INFO] [1734020605.666708131] [minimal_client_async]: Result of add_two_ints: for 10 + 10 = 20
[INFO] [1734020606.168458296] [minimal_client_async]: Result of add_two_ints: for 10 + 10 = 20
[INFO] [1734020606.669566316] [minimal_client_async]: Result of add_two_ints: for 10 + 10 = 20
[INFO] [1734020607.171335115] [minimal_client_async]: Result of add_two_ints: for 10 + 10 = 20
[INFO] [1734020607.673142210] [minimal_client_async]: Result of add_two_ints: for 10 + 10 = 20
[INFO] [1734020608.174602841] [minimal_client_async]: Result of add_two_ints: for 10 + 10 = 20
[INFO] [1734020608.675799868] [minimal_client_async]: Result of add_two_ints: for 10 + 10 = 20
[INFO] [1734020609.177493007] [minimal_client_async]: Result of add_two_ints: for 10 + 10 = 20
[INFO] [1734020609.678819676] [minimal_client_async]: Result of add_two_ints: for 10 + 10 = 20
[INFO] [1734020610.180655198] [minimal_client_async]: Result of add_two_ints: for 10 + 10 = 20
[INFO] [1734020610.682046071] [minimal_client_async]: Result of add_two_ints: for 10 + 10 = 20
[INFO] [1734020611.183636882] [minimal_client_async]: Result of add_two_ints: for 10 + 10 = 20
[INFO] [1734020611.685470206] [minimal_client_async]: Result of add_two_ints: for 10 + 10 = 20
[INFO] [1734020612.186969235] [minimal_client_async]: Result of add_two_ints: for 10 + 10 = 20
[INFO] [1734020612.689175088] [minimal_client_async]: Result of add_two_ints: for 10 + 10 = 20
[INFO] [1734020613.190447636] [minimal_client_async]: Result of add_two_ints: for 10 + 10 = 20
[INFO] [1734020613.692219727] [minimal_client_async]: Result of add_two_ints: for 10 + 10 = 20
[INFO] [1734020614.193939151] [minimal_client_async]: Result of add_two_ints: for 10 + 10 = 20
[INFO] [1734020614.695625912] [minimal_client_async]: Result of add_two_ints: for 10 + 10 = 20
[INFO] [1734020615.197360709] [minimal_client_async]: Result of add_two_ints: for 10 + 10 = 20
[INFO] [1734020615.698737291] [minimal_client_async]: Result of add_two_ints: for 10 + 10 = 20
[INFO] [1734020616.200677961] [minimal_client_async]: Result of add_two_ints: for 10 + 10 = 20
[INFO] [1734020616.701857058] [minimal_client_async]: Result of add_two_ints: for 10 + 10 = 20
[INFO] [1734020617.203376228] [minimal_client_async]: Result of add_two_ints: for 10 + 10 = 20
[INFO] [1734020617.705064207] [minimal_client_async]: Result of add_two_ints: for 10 + 10 = 20
[INFO] [1734020618.206297967] [minimal_client_async]: Result of add_two_ints: for 10 + 10 = 20
[INFO] [1734020618.708295274] [minimal_client_async]: Result of add_two_ints: for 10 + 10 = 20
[INFO] [1734020619.209563680] [minimal_client_async]: Result of add_two_ints: for 10 + 10 = 20
[INFO] [1734020619.710959437] [minimal_client_async]: Result of add_two_ints: for 10 + 10 = 20
[INFO] [1734020620.212373257] [minimal_client_async]: Result of add_two_ints: for 10 + 10 = 20
[INFO] [1734020620.713892573] [minimal_client_async]: Result of add_two_ints: for 10 + 10 = 20
[INFO] [1734020621.215800671] [minimal_client_async]: Result of add_two_ints: for 10 + 10 = 20
[INFO] [1734020621.717399307] [minimal_client_async]: Result of add_two_ints: for 10 + 10 = 20
[INFO] [1734020622.219010840] [minimal_client_async]: Result of add_two_ints: for 10 + 10 = 20
[INFO] [1734020622.720858982] [minimal_client_async]: Result of add_two_ints: for 10 + 10 = 20
[INFO] [1734020623.222170308] [minimal_client_async]: Result of add_two_ints: for 10 + 10 = 20
[INFO] [1734020623.723438031] [minimal_client_async]: Result of add_two_ints: for 10 + 10 = 20
[INFO] [1734020624.224866089] [minimal_client_async]: Result of add_two_ints: for 10 + 10 = 20
[INFO] [1734020624.726764299] [minimal_client_async]: Result of add_two_ints: for 10 + 10 = 20
[INFO] [1734020625.228552320] [minimal_client_async]: Result of add_two_ints: for 10 + 10 = 20
[INFO] [1734020625.729983968] [minimal_client_async]: Result of add_two_ints: for 10 + 10 = 20
[INFO] [1734020626.231827722] [minimal_client_async]: Result of add_two_ints: for 10 + 10 = 20
[INFO] [1734020626.733735118] [minimal_client_async]: Result of add_two_ints: for 10 + 10 = 20
[INFO] [1734020627.235439184] [minimal_client_async]: Result of add_two_ints: for 10 + 10 = 20
[INFO] [1734020627.737288688] [minimal_client_async]: Result of add_two_ints: for 10 + 10 = 20
[INFO] [1734020628.238680354] [minimal_client_async]: Result of add_two_ints: for 10 + 10 = 20
[INFO] [1734020628.740259658] [minimal_client_async]: Result of add_two_ints: for 10 + 10 = 20
[INFO] [1734020629.241960905] [minimal_client_async]: Result of add_two_ints: for 10 + 10 = 20
[INFO] [1734020629.743676974] [minimal_client_async]: Result of add_two_ints: for 10 + 10 = 20
[INFO] [1734020630.245412534] [minimal_client_async]: Result of add_two_ints: for 10 + 10 = 20
[INFO] [1734020630.746937136] [minimal_client_async]: Result of add_two_ints: for 10 + 10 = 20
[INFO] [1734020631.248326452] [minimal_client_async]: Result of add_two_ints: for 10 + 10 = 20
[INFO] [1734020631.749724416] [minimal_client_async]: Result of add_two_ints: for 10 + 10 = 20
[INFO] [1734020632.251375393] [minimal_client_async]: Result of add_two_ints: for 10 + 10 = 20
[INFO] [1734020632.753036540] [minimal_client_async]: Result of add_two_ints: for 10 + 10 = 20
[INFO] [1734020633.254693149] [minimal_client_async]: Result of add_two_ints: for 10 + 10 = 20
[INFO] [1734020633.756528490] [minimal_client_async]: Result of add_two_ints: for 10 + 10 = 20
[INFO] [1734020634.257814521] [minimal_client_async]: Result of add_two_ints: for 10 + 10 = 20
[INFO] [1734020634.759448971] [minimal_client_async]: Result of add_two_ints: for 10 + 10 = 20
[INFO] [1734020635.261159556] [minimal_client_async]: Result of add_two_ints: for 10 + 10 = 20
[INFO] [1734020635.762603970] [minimal_client_async]: Result of add_two_ints: for 10 + 10 = 20
[INFO] [1734020636.264054607] [minimal_client_async]: Result of add_two_ints: for 10 + 10 = 20
[INFO] [1734020636.765873504] [minimal_client_async]: Result of add_two_ints: for 10 + 10 = 20
[INFO] [1734020637.267617481] [minimal_client_async]: Result of add_two_ints: for 10 + 10 = 20
[INFO] [1734020637.769491801] [minimal_client_async]: Result of add_two_ints: for 10 + 10 = 20
[INFO] [1734020638.271200644] [minimal_client_async]: Result of add_two_ints: for 10 + 10 = 20
[INFO] [1734020638.773155814] [minimal_client_async]: Result of add_two_ints: for 10 + 10 = 20
[INFO] [1734020639.274812081] [minimal_client_async]: Result of add_two_ints: for 10 + 10 = 20
[INFO] [1734020639.776269286] [minimal_client_async]: Result of add_two_ints: for 10 + 10 = 20
[INFO] [1734020640.278159912] [minimal_client_async]: Result of add_two_ints: for 10 + 10 = 20
[INFO] [1734020640.779770850] [minimal_client_async]: Result of add_two_ints: for 10 + 10 = 20
[INFO] [1734020641.281617205] [minimal_client_async]: Result of add_two_ints: for 10 + 10 = 20
[INFO] [1734020641.783519976] [minimal_client_async]: Result of add_two_ints: for 10 + 10 = 20
[INFO] [1734020642.285384338] [minimal_client_async]: Result of add_two_ints: for 10 + 10 = 20
[INFO] [1734020642.786902924] [minimal_client_async]: Result of add_two_ints: for 10 + 10 = 20
[INFO] [1734020643.288171764] [minimal_client_async]: Result of add_two_ints: for 10 + 10 = 20
[INFO] [1734020643.789695444] [minimal_client_async]: Result of add_two_ints: for 10 + 10 = 20
[INFO] [1734020644.291124157] [minimal_client_async]: Result of add_two_ints: for 10 + 10 = 20
[INFO] [1734020644.792748117] [minimal_client_async]: Result of add_two_ints: for 10 + 10 = 20
[INFO] [1734020645.294062578] [minimal_client_async]: Result of add_two_ints: for 10 + 10 = 20
[INFO] [1734020645.795625677] [minimal_client_async]: Result of add_two_ints: for 10 + 10 = 20
[INFO] [1734020646.296994111] [minimal_client_async]: Result of add_two_ints: for 10 + 10 = 20
[INFO] [1734020646.798097072] [minimal_client_async]: Result of add_two_ints: for 10 + 10 = 20
[INFO] [1734020647.299717706] [minimal_client_async]: Result of add_two_ints: for 10 + 10 = 20
[INFO] [1734020647.801163569] [minimal_client_async]: Result of add_two_ints: for 10 + 10 = 20
[INFO] [1734020648.302067824] [minimal_client_async]: Result of add_two_ints: for 10 + 10 = 20
[INFO] [1734020648.803961218] [minimal_client_async]: Result of add_two_ints: for 10 + 10 = 20
[INFO] [1734020649.305369199] [minimal_client_async]: Result of add_two_ints: for 10 + 10 = 20
[INFO] [1734020649.806905029] [minimal_client_async]: Result of add_two_ints: for 10 + 10 = 20
[INFO] [1734020650.308555559] [minimal_client_async]: Result of add_two_ints: for 10 + 10 = 20
[INFO] [1734020650.810011420] [minimal_client_async]: Result of add_two_ints: for 10 + 10 = 20
[INFO] [1734020651.311521095] [minimal_client_async]: Result of add_two_ints: for 10 + 10 = 20
[INFO] [1734020651.812949455] [minimal_client_async]: Result of add_two_ints: for 10 + 10 = 20
[INFO] [1734020652.313928093] [minimal_client_async]: Result of add_two_ints: for 10 + 10 = 20
[INFO] [1734020652.815759759] [minimal_client_async]: Result of add_two_ints: for 10 + 10 = 20
[INFO] [1734020653.317498811] [minimal_client_async]: Result of add_two_ints: for 10 + 10 = 20
[INFO] [1734020653.819075882] [minimal_client_async]: Result of add_two_ints: for 10 + 10 = 20
[INFO] [1734020654.320516521] [minimal_client_async]: Result of add_two_ints: for 10 + 10 = 20
[INFO] [1734020654.821688317] [minimal_client_async]: Result of add_two_ints: for 10 + 10 = 20
[INFO] [1734020655.324086352] [minimal_client_async]: Result of add_two_ints: for 10 + 10 = 20
[INFO] [1734020655.825423599] [minimal_client_async]: Result of add_two_ints: for 10 + 10 = 20
[INFO] [1734020656.327095303] [minimal_client_async]: Result of add_two_ints: for 10 + 10 = 20
[INFO] [1734020656.828999349] [minimal_client_async]: Result of add_two_ints: for 10 + 10 = 20
[INFO] [1734020657.330612178] [minimal_client_async]: Result of add_two_ints: for 10 + 10 = 20
[INFO] [1734020657.832463144] [minimal_client_async]: Result of add_two_ints: for 10 + 10 = 20
[INFO] [1734020658.333861737] [minimal_client_async]: Result of add_two_ints: for 10 + 10 = 20
[INFO] [1734020658.835606626] [minimal_client_async]: Result of add_two_ints: for 10 + 10 = 20
[INFO] [1734020659.337013930] [minimal_client_async]: Result of add_two_ints: for 10 + 10 = 20
[INFO] [1734020659.838986237] [minimal_client_async]: Result of add_two_ints: for 10 + 10 = 20
[INFO] [1734020660.340948732] [minimal_client_async]: Result of add_two_ints: for 10 + 10 = 20
[INFO] [1734020660.842584512] [minimal_client_async]: Result of add_two_ints: for 10 + 10 = 20
[INFO] [1734020661.344054129] [minimal_client_async]: Result of add_two_ints: for 10 + 10 = 20
[INFO] [1734020661.845710535] [minimal_client_async]: Result of add_two_ints: for 10 + 10 = 20
[INFO] [1734020662.347372118] [minimal_client_async]: Result of add_two_ints: for 10 + 10 = 20
[INFO] [1734020662.849131487] [minimal_client_async]: Result of add_two_ints: for 10 + 10 = 20
[INFO] [1734020663.350676919] [minimal_client_async]: Result of add_two_ints: for 10 + 10 = 20
[INFO] [1734020663.852526439] [minimal_client_async]: Result of add_two_ints: for 10 + 10 = 20
[INFO] [1734020664.353938694] [minimal_client_async]: Result of add_two_ints: for 10 + 10 = 20
[INFO] [1734020664.855599275] [minimal_client_async]: Result of add_two_ints: for 10 + 10 = 20
[INFO] [1734020665.357119022] [minimal_client_async]: Result of add_two_ints: for 10 + 10 = 20
[INFO] [1734020665.858674645] [minimal_client_async]: Result of add_two_ints: for 10 + 10 = 20
[INFO] [1734020666.360057857] [minimal_client_async]: Result of add_two_ints: for 10 + 10 = 20
[INFO] [1734020666.861142629] [minimal_client_async]: Result of add_two_ints: for 10 + 10 = 20
[INFO] [1734020667.362839868] [minimal_client_async]: Result of add_two_ints: for 10 + 10 = 20
[INFO] [1734020667.864672557] [minimal_client_async]: Result of add_two_ints: for 10 + 10 = 20
[INFO] [1734020668.365689214] [minimal_client_async]: Result of add_two_ints: for 10 + 10 = 20
[INFO] [1734020668.867322439] [minimal_client_async]: Result of add_two_ints: for 10 + 10 = 20
[INFO] [1734020669.369053136] [minimal_client_async]: Result of add_two_ints: for 10 + 10 = 20
[INFO] [1734020669.870541124] [minimal_client_async]: Result of add_two_ints: for 10 + 10 = 20
[INFO] [1734020670.372174753] [minimal_client_async]: Result of add_two_ints: for 10 + 10 = 20
[INFO] [1734020670.873578435] [minimal_client_async]: Result of add_two_ints: for 10 + 10 = 20
[INFO] [1734020671.374847245] [minimal_client_async]: Result of add_two_ints: for 10 + 10 = 20
[INFO] [1734020671.876593212] [minimal_client_async]: Result of add_two_ints: for 10 + 10 = 20
[INFO] [1734020672.377850575] [minimal_client_async]: Result of add_two_ints: for 10 + 10 = 20
[INFO] [1734020672.879320907] [minimal_client_async]: Result of add_two_ints: for 10 + 10 = 20
[INFO] [1734020673.381202759] [minimal_client_async]: Result of add_two_ints: for 10 + 10 = 20
[INFO] [1734020673.882851302] [minimal_client_async]: Result of add_two_ints: for 10 + 10 = 20
[INFO] [1734020674.384449139] [minimal_client_async]: Result of add_two_ints: for 10 + 10 = 20
[INFO] [1734020674.885686561] [minimal_client_async]: Result of add_two_ints: for 10 + 10 = 20
[INFO] [1734020675.387329389] [minimal_client_async]: Result of add_two_ints: for 10 + 10 = 20
[INFO] [1734020675.889014141] [minimal_client_async]: Result of add_two_ints: for 10 + 10 = 20
[INFO] [1734020676.389707101] [minimal_client_async]: Result of add_two_ints: for 10 + 10 = 20
[INFO] [1734020676.891048914] [minimal_client_async]: Result of add_two_ints: for 10 + 10 = 20
[INFO] [1734020677.392833464] [minimal_client_async]: Result of add_two_ints: for 10 + 10 = 20
[INFO] [1734020677.894684438] [minimal_client_async]: Result of add_two_ints: for 10 + 10 = 20
[INFO] [1734020678.396454120] [minimal_client_async]: Result of add_two_ints: for 10 + 10 = 20
[INFO] [1734020678.898166156] [minimal_client_async]: Result of add_two_ints: for 10 + 10 = 20
[INFO] [1734020679.399836965] [minimal_client_async]: Result of add_two_ints: for 10 + 10 = 20
[INFO] [1734020679.901625213] [minimal_client_async]: Result of add_two_ints: for 10 + 10 = 20
[INFO] [1734020680.403352764] [minimal_client_async]: Result of add_two_ints: for 10 + 10 = 20
[INFO] [1734020680.904849782] [minimal_client_async]: Result of add_two_ints: for 10 + 10 = 20
[INFO] [1734020681.406510166] [minimal_client_async]: Result of add_two_ints: for 10 + 10 = 20
[INFO] [1734020681.908682940] [minimal_client_async]: Result of add_two_ints: for 10 + 10 = 20
[INFO] [1734020682.410313065] [minimal_client_async]: Result of add_two_ints: for 10 + 10 = 20
[INFO] [1734020682.912155150] [minimal_client_async]: Result of add_two_ints: for 10 + 10 = 20
[INFO] [1734020683.413868599] [minimal_client_async]: Result of add_two_ints: for 10 + 10 = 20
[INFO] [1734020683.915608794] [minimal_client_async]: Result of add_two_ints: for 10 + 10 = 20
[INFO] [1734020684.417690346] [minimal_client_async]: Result of add_two_ints: for 10 + 10 = 20
[INFO] [1734020684.919165760] [minimal_client_async]: Result of add_two_ints: for 10 + 10 = 20
[INFO] [1734020685.420902627] [minimal_client_async]: Result of add_two_ints: for 10 + 10 = 20
[INFO] [1734020685.922479836] [minimal_client_async]: Result of add_two_ints: for 10 + 10 = 20
[INFO] [1734020686.424321527] [minimal_client_async]: Result of add_two_ints: for 10 + 10 = 20
[INFO] [1734020686.925793492] [minimal_client_async]: Result of add_two_ints: for 10 + 10 = 20
[INFO] [1734020687.427216436] [minimal_client_async]: Result of add_two_ints: for 10 + 10 = 20
[INFO] [1734020687.928629965] [minimal_client_async]: Result of add_two_ints: for 10 + 10 = 20
[INFO] [1734020688.429643283] [minimal_client_async]: Result of add_two_ints: for 10 + 10 = 20
[INFO] [1734020688.931360743] [minimal_client_async]: Result of add_two_ints: for 10 + 10 = 20
[INFO] [1734020689.433091756] [minimal_client_async]: Result of add_two_ints: for 10 + 10 = 20
[INFO] [1734020689.934987495] [minimal_client_async]: Result of add_two_ints: for 10 + 10 = 20
[INFO] [1734020690.436682649] [minimal_client_async]: Result of add_two_ints: for 10 + 10 = 20
[INFO] [1734020690.938435654] [minimal_client_async]: Result of add_two_ints: for 10 + 10 = 20
[INFO] [1734020691.440224212] [minimal_client_async]: Result of add_two_ints: for 10 + 10 = 20
[INFO] [1734020691.942358393] [minimal_client_async]: Result of add_two_ints: for 10 + 10 = 20
[INFO] [1734020692.444007194] [minimal_client_async]: Result of add_two_ints: for 10 + 10 = 20
[INFO] [1734020692.945502366] [minimal_client_async]: Result of add_two_ints: for 10 + 10 = 20
[INFO] [1734020693.446926022] [minimal_client_async]: Result of add_two_ints: for 10 + 10 = 20
[INFO] [1734020693.948712242] [minimal_client_async]: Result of add_two_ints: for 10 + 10 = 20
[INFO] [1734020694.450092779] [minimal_client_async]: Result of add_two_ints: for 10 + 10 = 20
[INFO] [1734020694.951798715] [minimal_client_async]: Result of add_two_ints: for 10 + 10 = 20
[INFO] [1734020695.453214982] [minimal_client_async]: Result of add_two_ints: for 10 + 10 = 20
[INFO] [1734020695.955073469] [minimal_client_async]: Result of add_two_ints: for 10 + 10 = 20
[INFO] [1734020696.456283334] [minimal_client_async]: Result of add_two_ints: for 10 + 10 = 20
[INFO] [1734020696.957806380] [minimal_client_async]: Result of add_two_ints: for 10 + 10 = 20
[INFO] [1734020697.459298803] [minimal_client_async]: Result of add_two_ints: for 10 + 10 = 20
[INFO] [1734020697.961070336] [minimal_client_async]: Result of add_two_ints: for 10 + 10 = 20
[INFO] [1734020698.462639389] [minimal_client_async]: Result of add_two_ints: for 10 + 10 = 20
[INFO] [1734020698.964459969] [minimal_client_async]: Result of add_two_ints: for 10 + 10 = 20
[INFO] [1734020699.465668404] [minimal_client_async]: Result of add_two_ints: for 10 + 10 = 20
[INFO] [1734020699.967313999] [minimal_client_async]: Result of add_two_ints: for 10 + 10 = 20
[INFO] [1734020700.468557482] [minimal_client_async]: Result of add_two_ints: for 10 + 10 = 20
[INFO] [1734020700.969880614] [minimal_client_async]: Result of add_two_ints: for 10 + 10 = 20
[INFO] [1734020702.474999420] [minimal_client_async]: Result of add_two_ints: for 10 + 10 = 20
[INFO] [1734020702.976597555] [minimal_client_async]: Result of add_two_ints: for 10 + 10 = 20
[INFO] [1734020703.477632822] [minimal_client_async]: Result of add_two_ints: for 10 + 10 = 20
[INFO] [1734020703.979398832] [minimal_client_async]: Result of add_two_ints: for 10 + 10 = 20
[INFO] [1734020704.480890390] [minimal_client_async]: Result of add_two_ints: for 10 + 10 = 20
[INFO] [1734020704.982546305] [minimal_client_async]: Result of add_two_ints: for 10 + 10 = 20
[INFO] [1734020705.484356542] [minimal_client_async]: Result of add_two_ints: for 10 + 10 = 20
[INFO] [1734020705.986301272] [minimal_client_async]: Result of add_two_ints: for 10 + 10 = 20
[INFO] [1734020706.487978295] [minimal_client_async]: Result of add_two_ints: for 10 + 10 = 20
[INFO] [1734020706.989833300] [minimal_client_async]: Result of add_two_ints: for 10 + 10 = 20
[INFO] [1734020707.491667315] [minimal_client_async]: Result of add_two_ints: for 10 + 10 = 20
[INFO] [1734020707.993156158] [minimal_client_async]: Result of add_two_ints: for 10 + 10 = 20
[INFO] [1734020708.494672215] [minimal_client_async]: Result of add_two_ints: for 10 + 10 = 20
[INFO] [1734020708.996370237] [minimal_client_async]: Result of add_two_ints: for 10 + 10 = 20
[INFO] [1734020709.498035406] [minimal_client_async]: Result of add_two_ints: for 10 + 10 = 20
[INFO] [1734020709.999761449] [minimal_client_async]: Result of add_two_ints: for 10 + 10 = 20
[INFO] [1734020710.501634749] [minimal_client_async]: Result of add_two_ints: for 10 + 10 = 20
[INFO] [1734020711.003664065] [minimal_client_async]: Result of add_two_ints: for 10 + 10 = 20
[INFO] [1734020711.504864732] [minimal_client_async]: Result of add_two_ints: for 10 + 10 = 20
[INFO] [1734020712.006221380] [minimal_client_async]: Result of add_two_ints: for 10 + 10 = 20
[INFO] [1734020712.507563599] [minimal_client_async]: Result of add_two_ints: for 10 + 10 = 20
[INFO] [1734020713.009462649] [minimal_client_async]: Result of add_two_ints: for 10 + 10 = 20
[INFO] [1734020713.510574125] [minimal_client_async]: Result of add_two_ints: for 10 + 10 = 20
[INFO] [1734020714.012196840] [minimal_client_async]: Result of add_two_ints: for 10 + 10 = 20
[INFO] [1734020714.514153265] [minimal_client_async]: Result of add_two_ints: for 10 + 10 = 20
[INFO] [1734020715.015832841] [minimal_client_async]: Result of add_two_ints: for 10 + 10 = 20
[INFO] [1734020715.517633638] [minimal_client_async]: Result of add_two_ints: for 10 + 10 = 20
[INFO] [1734020716.019369367] [minimal_client_async]: Result of add_two_ints: for 10 + 10 = 20
[INFO] [1734020716.520637354] [minimal_client_async]: Result of add_two_ints: for 10 + 10 = 20
[INFO] [1734020717.022013312] [minimal_client_async]: Result of add_two_ints: for 10 + 10 = 20
[INFO] [1734020717.523719264] [minimal_client_async]: Result of add_two_ints: for 10 + 10 = 20
[INFO] [1734020718.025587414] [minimal_client_async]: Result of add_two_ints: for 10 + 10 = 20
[INFO] [1734020718.527230044] [minimal_client_async]: Result of add_two_ints: for 10 + 10 = 20
[INFO] [1734020719.028922031] [minimal_client_async]: Result of add_two_ints: for 10 + 10 = 20
[INFO] [1734020719.530680237] [minimal_client_async]: Result of add_two_ints: for 10 + 10 = 20
[INFO] [1734020720.032293135] [minimal_client_async]: Result of add_two_ints: for 10 + 10 = 20
[INFO] [1734020720.533638400] [minimal_client_async]: Result of add_two_ints: for 10 + 10 = 20
[INFO] [1734020721.035354542] [minimal_client_async]: Result of add_two_ints: for 10 + 10 = 20
[INFO] [1734020721.537188019] [minimal_client_async]: Result of add_two_ints: for 10 + 10 = 20
[INFO] [1734020722.038772900] [minimal_client_async]: Result of add_two_ints: for 10 + 10 = 20
[INFO] [1734020722.540558705] [minimal_client_async]: Result of add_two_ints: for 10 + 10 = 20
[INFO] [1734020723.041738169] [minimal_client_async]: Result of add_two_ints: for 10 + 10 = 20
[INFO] [1734020723.542790000] [minimal_client_async]: Result of add_two_ints: for 10 + 10 = 20
[INFO] [1734020724.044329517] [minimal_client_async]: Result of add_two_ints: for 10 + 10 = 20
[INFO] [1734020724.546116987] [minimal_client_async]: Result of add_two_ints: for 10 + 10 = 20
[INFO] [1734020725.047756883] [minimal_client_async]: Result of add_two_ints: for 10 + 10 = 20
[INFO] [1734020725.969359561] [minimal_client_async]: Timeout reached. Stopping client.
RAPL is not set
