[INFO] [1733694219.864542768] [fibonacci_action_client]: Sending goal with order 10
[INFO] [1733694224.388502228] [fibonacci_action_client]: Goal accepted, waiting for result.
[INFO] [1733694224.389796134] [fibonacci_action_client]: Received feedback: array('i', [0, 1, 1])
[INFO] [1733694224.641480781] [fibonacci_action_client]: Received feedback: array('i', [0, 1, 1, 2])
[INFO] [1733694224.892840530] [fibonacci_action_client]: Received feedback: array('i', [0, 1, 1, 2, 3])
[INFO] [1733694225.143582105] [fibonacci_action_client]: Received feedback: array('i', [0, 1, 1, 2, 3, 5])
[INFO] [1733694225.394417910] [fibonacci_action_client]: Received feedback: array('i', [0, 1, 1, 2, 3, 5, 8])
[INFO] [1733694225.646421250] [fibonacci_action_client]: Received feedback: array('i', [0, 1, 1, 2, 3, 5, 8, 13])
[INFO] [1733694225.897065644] [fibonacci_action_client]: Received feedback: array('i', [0, 1, 1, 2, 3, 5, 8, 13, 21])
[INFO] [1733694226.148166831] [fibonacci_action_client]: Received feedback: array('i', [0, 1, 1, 2, 3, 5, 8, 13, 21, 34])
[INFO] [1733694226.399302987] [fibonacci_action_client]: Received feedback: array('i', [0, 1, 1, 2, 3, 5, 8, 13, 21, 34, 55])
[INFO] [1733694226.652422206] [fibonacci_action_client]: Result: array('i', [0, 1, 1, 2, 3, 5, 8, 13, 21, 34, 55])
[INFO] [1733694226.903213941] [fibonacci_action_client]: Sending goal with order 10
[INFO] [1733694231.177847745] [fibonacci_action_client]: Goal accepted, waiting for result.
[INFO] [1733694231.179663293] [fibonacci_action_client]: Received feedback: array('i', [0, 1, 1])
[INFO] [1733694231.430832842] [fibonacci_action_client]: Received feedback: array('i', [0, 1, 1, 2])
[INFO] [1733694231.682061924] [fibonacci_action_client]: Received feedback: array('i', [0, 1, 1, 2, 3])
[INFO] [1733694231.932427352] [fibonacci_action_client]: Received feedback: array('i', [0, 1, 1, 2, 3, 5])
[INFO] [1733694232.185378619] [fibonacci_action_client]: Received feedback: array('i', [0, 1, 1, 2, 3, 5, 8])
[INFO] [1733694232.435745725] [fibonacci_action_client]: Received feedback: array('i', [0, 1, 1, 2, 3, 5, 8, 13])
[INFO] [1733694232.686723927] [fibonacci_action_client]: Received feedback: array('i', [0, 1, 1, 2, 3, 5, 8, 13, 21])
[INFO] [1733694232.938490291] [fibonacci_action_client]: Received feedback: array('i', [0, 1, 1, 2, 3, 5, 8, 13, 21, 34])
[INFO] [1733694233.188779961] [fibonacci_action_client]: Received feedback: array('i', [0, 1, 1, 2, 3, 5, 8, 13, 21, 34, 55])
[INFO] [1733694233.441384859] [fibonacci_action_client]: Result: array('i', [0, 1, 1, 2, 3, 5, 8, 13, 21, 34, 55])
[INFO] [1733694233.692409057] [fibonacci_action_client]: Sending goal with order 10
[INFO] [1733694237.965092911] [fibonacci_action_client]: Goal accepted, waiting for result.
[INFO] [1733694237.966574622] [fibonacci_action_client]: Received feedback: array('i', [0, 1, 1])
[INFO] [1733694238.218671951] [fibonacci_action_client]: Received feedback: array('i', [0, 1, 1, 2])
[INFO] [1733694238.468984947] [fibonacci_action_client]: Received feedback: array('i', [0, 1, 1, 2, 3])
[INFO] [1733694238.720206925] [fibonacci_action_client]: Received feedback: array('i', [0, 1, 1, 2, 3, 5])
[INFO] [1733694238.971079749] [fibonacci_action_client]: Received feedback: array('i', [0, 1, 1, 2, 3, 5, 8])
[INFO] [1733694239.222117824] [fibonacci_action_client]: Received feedback: array('i', [0, 1, 1, 2, 3, 5, 8, 13])
[INFO] [1733694239.473222738] [fibonacci_action_client]: Received feedback: array('i', [0, 1, 1, 2, 3, 5, 8, 13, 21])
[INFO] [1733694239.724332661] [fibonacci_action_client]: Received feedback: array('i', [0, 1, 1, 2, 3, 5, 8, 13, 21, 34])
[INFO] [1733694239.975176844] [fibonacci_action_client]: Received feedback: array('i', [0, 1, 1, 2, 3, 5, 8, 13, 21, 34, 55])
[INFO] [1733694240.227093250] [fibonacci_action_client]: Result: array('i', [0, 1, 1, 2, 3, 5, 8, 13, 21, 34, 55])
[INFO] [1733694240.478041494] [fibonacci_action_client]: Sending goal with order 10
[INFO] [1733694244.750913532] [fibonacci_action_client]: Goal accepted, waiting for result.
[INFO] [1733694244.752857915] [fibonacci_action_client]: Received feedback: array('i', [0, 1, 1])
[INFO] [1733694245.003616310] [fibonacci_action_client]: Received feedback: array('i', [0, 1, 1, 2])
[INFO] [1733694245.254569372] [fibonacci_action_client]: Received feedback: array('i', [0, 1, 1, 2, 3])
[INFO] [1733694245.505664292] [fibonacci_action_client]: Received feedback: array('i', [0, 1, 1, 2, 3, 5])
[INFO] [1733694245.756668377] [fibonacci_action_client]: Received feedback: array('i', [0, 1, 1, 2, 3, 5, 8])
[INFO] [1733694246.008032352] [fibonacci_action_client]: Received feedback: array('i', [0, 1, 1, 2, 3, 5, 8, 13])
[INFO] [1733694246.258770317] [fibonacci_action_client]: Received feedback: array('i', [0, 1, 1, 2, 3, 5, 8, 13, 21])
[INFO] [1733694246.509786912] [fibonacci_action_client]: Received feedback: array('i', [0, 1, 1, 2, 3, 5, 8, 13, 21, 34])
[INFO] [1733694246.761008922] [fibonacci_action_client]: Received feedback: array('i', [0, 1, 1, 2, 3, 5, 8, 13, 21, 34, 55])
[INFO] [1733694247.012824334] [fibonacci_action_client]: Result: array('i', [0, 1, 1, 2, 3, 5, 8, 13, 21, 34, 55])
[INFO] [1733694247.263516684] [fibonacci_action_client]: Sending goal with order 10
[INFO] [1733694251.535710002] [fibonacci_action_client]: Goal accepted, waiting for result.
[INFO] [1733694251.536567962] [fibonacci_action_client]: Received feedback: array('i', [0, 1, 1])
[INFO] [1733694251.787410938] [fibonacci_action_client]: Received feedback: array('i', [0, 1, 1, 2])
[INFO] [1733694252.038444229] [fibonacci_action_client]: Received feedback: array('i', [0, 1, 1, 2, 3])
[INFO] [1733694252.289311883] [fibonacci_action_client]: Received feedback: array('i', [0, 1, 1, 2, 3, 5])
[INFO] [1733694252.540193127] [fibonacci_action_client]: Received feedback: array('i', [0, 1, 1, 2, 3, 5, 8])
[INFO] [1733694252.791037624] [fibonacci_action_client]: Received feedback: array('i', [0, 1, 1, 2, 3, 5, 8, 13])
[INFO] [1733694253.042072793] [fibonacci_action_client]: Received feedback: array('i', [0, 1, 1, 2, 3, 5, 8, 13, 21])
[INFO] [1733694253.292970213] [fibonacci_action_client]: Received feedback: array('i', [0, 1, 1, 2, 3, 5, 8, 13, 21, 34])
[INFO] [1733694253.544540540] [fibonacci_action_client]: Received feedback: array('i', [0, 1, 1, 2, 3, 5, 8, 13, 21, 34, 55])
[INFO] [1733694253.797423323] [fibonacci_action_client]: Result: array('i', [0, 1, 1, 2, 3, 5, 8, 13, 21, 34, 55])
[INFO] [1733694254.049017057] [fibonacci_action_client]: Sending goal with order 10
[INFO] [1733694258.320992371] [fibonacci_action_client]: Goal accepted, waiting for result.
[INFO] [1733694258.321825042] [fibonacci_action_client]: Received feedback: array('i', [0, 1, 1])
[INFO] [1733694258.571676947] [fibonacci_action_client]: Received feedback: array('i', [0, 1, 1, 2])
[INFO] [1733694258.822906868] [fibonacci_action_client]: Received feedback: array('i', [0, 1, 1, 2, 3])
[INFO] [1733694259.073724017] [fibonacci_action_client]: Received feedback: array('i', [0, 1, 1, 2, 3, 5])
[INFO] [1733694259.326060414] [fibonacci_action_client]: Received feedback: array('i', [0, 1, 1, 2, 3, 5, 8])
[INFO] [1733694259.576948702] [fibonacci_action_client]: Received feedback: array('i', [0, 1, 1, 2, 3, 5, 8, 13])
[INFO] [1733694259.827707439] [fibonacci_action_client]: Received feedback: array('i', [0, 1, 1, 2, 3, 5, 8, 13, 21])
[INFO] [1733694260.078863305] [fibonacci_action_client]: Received feedback: array('i', [0, 1, 1, 2, 3, 5, 8, 13, 21, 34])
[INFO] [1733694260.329863737] [fibonacci_action_client]: Received feedback: array('i', [0, 1, 1, 2, 3, 5, 8, 13, 21, 34, 55])
[INFO] [1733694260.584024137] [fibonacci_action_client]: Result: array('i', [0, 1, 1, 2, 3, 5, 8, 13, 21, 34, 55])
[INFO] [1733694260.834967120] [fibonacci_action_client]: Sending goal with order 10
[INFO] [1733694265.108226188] [fibonacci_action_client]: Goal accepted, waiting for result.
[INFO] [1733694265.109318449] [fibonacci_action_client]: Received feedback: array('i', [0, 1, 1])
[INFO] [1733694265.359134667] [fibonacci_action_client]: Received feedback: array('i', [0, 1, 1, 2])
[INFO] [1733694265.610234823] [fibonacci_action_client]: Received feedback: array('i', [0, 1, 1, 2, 3])
[INFO] [1733694265.861770158] [fibonacci_action_client]: Received feedback: array('i', [0, 1, 1, 2, 3, 5])
[INFO] [1733694266.113312378] [fibonacci_action_client]: Received feedback: array('i', [0, 1, 1, 2, 3, 5, 8])
[INFO] [1733694266.364466048] [fibonacci_action_client]: Received feedback: array('i', [0, 1, 1, 2, 3, 5, 8, 13])
[INFO] [1733694266.615621527] [fibonacci_action_client]: Received feedback: array('i', [0, 1, 1, 2, 3, 5, 8, 13, 21])
[INFO] [1733694266.866644257] [fibonacci_action_client]: Received feedback: array('i', [0, 1, 1, 2, 3, 5, 8, 13, 21, 34])
[INFO] [1733694267.117099027] [fibonacci_action_client]: Received feedback: array('i', [0, 1, 1, 2, 3, 5, 8, 13, 21, 34, 55])
[INFO] [1733694267.370630058] [fibonacci_action_client]: Result: array('i', [0, 1, 1, 2, 3, 5, 8, 13, 21, 34, 55])
[INFO] [1733694267.622151154] [fibonacci_action_client]: Sending goal with order 10
[INFO] [1733694271.895650146] [fibonacci_action_client]: Goal accepted, waiting for result.
[INFO] [1733694271.898336751] [fibonacci_action_client]: Received feedback: array('i', [0, 1, 1])
[INFO] [1733694272.149591002] [fibonacci_action_client]: Received feedback: array('i', [0, 1, 1, 2])
[INFO] [1733694272.400245224] [fibonacci_action_client]: Received feedback: array('i', [0, 1, 1, 2, 3])
[INFO] [1733694272.651103293] [fibonacci_action_client]: Received feedback: array('i', [0, 1, 1, 2, 3, 5])
[INFO] [1733694272.901990044] [fibonacci_action_client]: Received feedback: array('i', [0, 1, 1, 2, 3, 5, 8])
[INFO] [1733694273.153230606] [fibonacci_action_client]: Received feedback: array('i', [0, 1, 1, 2, 3, 5, 8, 13])
[INFO] [1733694273.404539545] [fibonacci_action_client]: Received feedback: array('i', [0, 1, 1, 2, 3, 5, 8, 13, 21])
[INFO] [1733694273.655626285] [fibonacci_action_client]: Received feedback: array('i', [0, 1, 1, 2, 3, 5, 8, 13, 21, 34])
[INFO] [1733694273.906619017] [fibonacci_action_client]: Received feedback: array('i', [0, 1, 1, 2, 3, 5, 8, 13, 21, 34, 55])
[INFO] [1733694274.159666596] [fibonacci_action_client]: Result: array('i', [0, 1, 1, 2, 3, 5, 8, 13, 21, 34, 55])
[INFO] [1733694274.410524188] [fibonacci_action_client]: Sending goal with order 10
[INFO] [1733694278.685848410] [fibonacci_action_client]: Goal accepted, waiting for result.
[INFO] [1733694278.687676285] [fibonacci_action_client]: Received feedback: array('i', [0, 1, 1])
[INFO] [1733694278.937005229] [fibonacci_action_client]: Received feedback: array('i', [0, 1, 1, 2])
[INFO] [1733694279.187985664] [fibonacci_action_client]: Received feedback: array('i', [0, 1, 1, 2, 3])
[INFO] [1733694279.439195003] [fibonacci_action_client]: Received feedback: array('i', [0, 1, 1, 2, 3, 5])
[INFO] [1733694279.689958433] [fibonacci_action_client]: Received feedback: array('i', [0, 1, 1, 2, 3, 5, 8])
[INFO] [1733694279.941039987] [fibonacci_action_client]: Received feedback: array('i', [0, 1, 1, 2, 3, 5, 8, 13])
[INFO] [1733694280.191765845] [fibonacci_action_client]: Received feedback: array('i', [0, 1, 1, 2, 3, 5, 8, 13, 21])
[INFO] [1733694280.442688417] [fibonacci_action_client]: Received feedback: array('i', [0, 1, 1, 2, 3, 5, 8, 13, 21, 34])
[INFO] [1733694280.693542082] [fibonacci_action_client]: Received feedback: array('i', [0, 1, 1, 2, 3, 5, 8, 13, 21, 34, 55])
[INFO] [1733694280.949347902] [fibonacci_action_client]: Result: array('i', [0, 1, 1, 2, 3, 5, 8, 13, 21, 34, 55])
[INFO] [1733694281.200582373] [fibonacci_action_client]: Sending goal with order 10
[INFO] [1733694285.473096602] [fibonacci_action_client]: Goal accepted, waiting for result.
[INFO] [1733694285.474232067] [fibonacci_action_client]: Received feedback: array('i', [0, 1, 1])
[INFO] [1733694285.724341146] [fibonacci_action_client]: Received feedback: array('i', [0, 1, 1, 2])
[INFO] [1733694285.975925779] [fibonacci_action_client]: Received feedback: array('i', [0, 1, 1, 2, 3])
[INFO] [1733694286.226360024] [fibonacci_action_client]: Received feedback: array('i', [0, 1, 1, 2, 3, 5])
[INFO] [1733694286.477319994] [fibonacci_action_client]: Received feedback: array('i', [0, 1, 1, 2, 3, 5, 8])
[INFO] [1733694286.728635699] [fibonacci_action_client]: Received feedback: array('i', [0, 1, 1, 2, 3, 5, 8, 13])
[INFO] [1733694286.979660594] [fibonacci_action_client]: Received feedback: array('i', [0, 1, 1, 2, 3, 5, 8, 13, 21])
[INFO] [1733694287.230520285] [fibonacci_action_client]: Received feedback: array('i', [0, 1, 1, 2, 3, 5, 8, 13, 21, 34])
[INFO] [1733694287.481552130] [fibonacci_action_client]: Received feedback: array('i', [0, 1, 1, 2, 3, 5, 8, 13, 21, 34, 55])
[INFO] [1733694287.736790702] [fibonacci_action_client]: Result: array('i', [0, 1, 1, 2, 3, 5, 8, 13, 21, 34, 55])
[INFO] [1733694287.987673255] [fibonacci_action_client]: Sending goal with order 10
[INFO] [1733694292.259520802] [fibonacci_action_client]: Goal accepted, waiting for result.
[INFO] [1733694292.262585901] [fibonacci_action_client]: Received feedback: array('i', [0, 1, 1])
[INFO] [1733694292.513526221] [fibonacci_action_client]: Received feedback: array('i', [0, 1, 1, 2])
[INFO] [1733694292.764697498] [fibonacci_action_client]: Received feedback: array('i', [0, 1, 1, 2, 3])
[INFO] [1733694293.015267448] [fibonacci_action_client]: Received feedback: array('i', [0, 1, 1, 2, 3, 5])
[INFO] [1733694293.266476473] [fibonacci_action_client]: Received feedback: array('i', [0, 1, 1, 2, 3, 5, 8])
[INFO] [1733694293.517196072] [fibonacci_action_client]: Received feedback: array('i', [0, 1, 1, 2, 3, 5, 8, 13])
[INFO] [1733694293.767953537] [fibonacci_action_client]: Received feedback: array('i', [0, 1, 1, 2, 3, 5, 8, 13, 21])
[INFO] [1733694294.019348242] [fibonacci_action_client]: Received feedback: array('i', [0, 1, 1, 2, 3, 5, 8, 13, 21, 34])
[INFO] [1733694294.270071283] [fibonacci_action_client]: Received feedback: array('i', [0, 1, 1, 2, 3, 5, 8, 13, 21, 34, 55])
[INFO] [1733694294.523071751] [fibonacci_action_client]: Result: array('i', [0, 1, 1, 2, 3, 5, 8, 13, 21, 34, 55])
[INFO] [1733694294.774406919] [fibonacci_action_client]: Sending goal with order 10
[INFO] [1733694299.047031632] [fibonacci_action_client]: Goal accepted, waiting for result.
[INFO] [1733694299.047926763] [fibonacci_action_client]: Received feedback: array('i', [0, 1, 1])
[INFO] [1733694299.297689785] [fibonacci_action_client]: Received feedback: array('i', [0, 1, 1, 2])
[INFO] [1733694299.548924358] [fibonacci_action_client]: Received feedback: array('i', [0, 1, 1, 2, 3])
[INFO] [1733694299.800301715] [fibonacci_action_client]: Received feedback: array('i', [0, 1, 1, 2, 3, 5])
[INFO] [1733694300.051100047] [fibonacci_action_client]: Received feedback: array('i', [0, 1, 1, 2, 3, 5, 8])
[INFO] [1733694300.302339993] [fibonacci_action_client]: Received feedback: array('i', [0, 1, 1, 2, 3, 5, 8, 13])
[INFO] [1733694300.553345746] [fibonacci_action_client]: Received feedback: array('i', [0, 1, 1, 2, 3, 5, 8, 13, 21])
[INFO] [1733694300.805463797] [fibonacci_action_client]: Received feedback: array('i', [0, 1, 1, 2, 3, 5, 8, 13, 21, 34])
[INFO] [1733694301.055712235] [fibonacci_action_client]: Received feedback: array('i', [0, 1, 1, 2, 3, 5, 8, 13, 21, 34, 55])
[INFO] [1733694301.309799796] [fibonacci_action_client]: Result: array('i', [0, 1, 1, 2, 3, 5, 8, 13, 21, 34, 55])
[INFO] [1733694301.560851530] [fibonacci_action_client]: Sending goal with order 10
[INFO] [1733694305.837566016] [fibonacci_action_client]: Goal accepted, waiting for result.
[INFO] [1733694305.838394251] [fibonacci_action_client]: Received feedback: array('i', [0, 1, 1])
[INFO] [1733694306.088128168] [fibonacci_action_client]: Received feedback: array('i', [0, 1, 1, 2])
[INFO] [1733694306.338957536] [fibonacci_action_client]: Received feedback: array('i', [0, 1, 1, 2, 3])
[INFO] [1733694306.589826538] [fibonacci_action_client]: Received feedback: array('i', [0, 1, 1, 2, 3, 5])
[INFO] [1733694306.840679028] [fibonacci_action_client]: Received feedback: array('i', [0, 1, 1, 2, 3, 5, 8])
[INFO] [1733694307.092107522] [fibonacci_action_client]: Received feedback: array('i', [0, 1, 1, 2, 3, 5, 8, 13])
[INFO] [1733694307.343829536] [fibonacci_action_client]: Received feedback: array('i', [0, 1, 1, 2, 3, 5, 8, 13, 21])
[INFO] [1733694307.594445851] [fibonacci_action_client]: Received feedback: array('i', [0, 1, 1, 2, 3, 5, 8, 13, 21, 34])
[INFO] [1733694307.845231863] [fibonacci_action_client]: Received feedback: array('i', [0, 1, 1, 2, 3, 5, 8, 13, 21, 34, 55])
[INFO] [1733694308.099072827] [fibonacci_action_client]: Result: array('i', [0, 1, 1, 2, 3, 5, 8, 13, 21, 34, 55])
[INFO] [1733694308.349933039] [fibonacci_action_client]: Sending goal with order 10
[INFO] [1733694312.625480242] [fibonacci_action_client]: Received feedback: array('i', [0, 1, 1])
[INFO] [1733694312.626021186] [fibonacci_action_client]: Goal accepted, waiting for result.
[INFO] [1733694312.874237350] [fibonacci_action_client]: Received feedback: array('i', [0, 1, 1, 2])
[INFO] [1733694313.124940861] [fibonacci_action_client]: Received feedback: array('i', [0, 1, 1, 2, 3])
[INFO] [1733694313.375944659] [fibonacci_action_client]: Received feedback: array('i', [0, 1, 1, 2, 3, 5])
[INFO] [1733694313.626831159] [fibonacci_action_client]: Received feedback: array('i', [0, 1, 1, 2, 3, 5, 8])
[INFO] [1733694313.877643337] [fibonacci_action_client]: Received feedback: array('i', [0, 1, 1, 2, 3, 5, 8, 13])
[INFO] [1733694314.128812187] [fibonacci_action_client]: Received feedback: array('i', [0, 1, 1, 2, 3, 5, 8, 13, 21])
[INFO] [1733694314.379397049] [fibonacci_action_client]: Received feedback: array('i', [0, 1, 1, 2, 3, 5, 8, 13, 21, 34])
[INFO] [1733694314.630780398] [fibonacci_action_client]: Received feedback: array('i', [0, 1, 1, 2, 3, 5, 8, 13, 21, 34, 55])
[INFO] [1733694314.883302989] [fibonacci_action_client]: Result: array('i', [0, 1, 1, 2, 3, 5, 8, 13, 21, 34, 55])
[INFO] [1733694315.134062388] [fibonacci_action_client]: Sending goal with order 10
[INFO] [1733694319.411321739] [fibonacci_action_client]: Goal accepted, waiting for result.
[INFO] [1733694319.412252452] [fibonacci_action_client]: Received feedback: array('i', [0, 1, 1])
[INFO] [1733694319.661963741] [fibonacci_action_client]: Received feedback: array('i', [0, 1, 1, 2])
[INFO] [1733694319.913009633] [fibonacci_action_client]: Received feedback: array('i', [0, 1, 1, 2, 3])
[INFO] [1733694320.164408277] [fibonacci_action_client]: Received feedback: array('i', [0, 1, 1, 2, 3, 5])
[INFO] [1733694320.415174866] [fibonacci_action_client]: Received feedback: array('i', [0, 1, 1, 2, 3, 5, 8])
[INFO] [1733694320.666558266] [fibonacci_action_client]: Received feedback: array('i', [0, 1, 1, 2, 3, 5, 8, 13])
[INFO] [1733694320.917232324] [fibonacci_action_client]: Received feedback: array('i', [0, 1, 1, 2, 3, 5, 8, 13, 21])
[INFO] [1733694321.168158692] [fibonacci_action_client]: Received feedback: array('i', [0, 1, 1, 2, 3, 5, 8, 13, 21, 34])
[INFO] [1733694321.419349099] [fibonacci_action_client]: Received feedback: array('i', [0, 1, 1, 2, 3, 5, 8, 13, 21, 34, 55])
[INFO] [1733694321.673057082] [fibonacci_action_client]: Result: array('i', [0, 1, 1, 2, 3, 5, 8, 13, 21, 34, 55])
[INFO] [1733694321.923747891] [fibonacci_action_client]: Sending goal with order 10
[INFO] [1733694326.196585239] [fibonacci_action_client]: Goal accepted, waiting for result.
[INFO] [1733694326.197350109] [fibonacci_action_client]: Received feedback: array('i', [0, 1, 1])
[INFO] [1733694326.447952391] [fibonacci_action_client]: Received feedback: array('i', [0, 1, 1, 2])
[INFO] [1733694326.698448484] [fibonacci_action_client]: Received feedback: array('i', [0, 1, 1, 2, 3])
[INFO] [1733694326.949136298] [fibonacci_action_client]: Received feedback: array('i', [0, 1, 1, 2, 3, 5])
[INFO] [1733694327.200493934] [fibonacci_action_client]: Received feedback: array('i', [0, 1, 1, 2, 3, 5, 8])
[INFO] [1733694327.451688966] [fibonacci_action_client]: Received feedback: array('i', [0, 1, 1, 2, 3, 5, 8, 13])
[INFO] [1733694327.702537690] [fibonacci_action_client]: Received feedback: array('i', [0, 1, 1, 2, 3, 5, 8, 13, 21])
[INFO] [1733694327.953598533] [fibonacci_action_client]: Received feedback: array('i', [0, 1, 1, 2, 3, 5, 8, 13, 21, 34])
[INFO] [1733694328.204652360] [fibonacci_action_client]: Received feedback: array('i', [0, 1, 1, 2, 3, 5, 8, 13, 21, 34, 55])
[INFO] [1733694328.458546189] [fibonacci_action_client]: Result: array('i', [0, 1, 1, 2, 3, 5, 8, 13, 21, 34, 55])
[INFO] [1733694328.709483936] [fibonacci_action_client]: Sending goal with order 10
[INFO] [1733694332.982437018] [fibonacci_action_client]: Goal accepted, waiting for result.
[INFO] [1733694332.983797929] [fibonacci_action_client]: Received feedback: array('i', [0, 1, 1])
[INFO] [1733694333.233741023] [fibonacci_action_client]: Received feedback: array('i', [0, 1, 1, 2])
[INFO] [1733694333.485069850] [fibonacci_action_client]: Received feedback: array('i', [0, 1, 1, 2, 3])
[INFO] [1733694333.736113672] [fibonacci_action_client]: Received feedback: array('i', [0, 1, 1, 2, 3, 5])
[INFO] [1733694333.988089098] [fibonacci_action_client]: Received feedback: array('i', [0, 1, 1, 2, 3, 5, 8])
[INFO] [1733694334.238227152] [fibonacci_action_client]: Received feedback: array('i', [0, 1, 1, 2, 3, 5, 8, 13])
[INFO] [1733694334.489454064] [fibonacci_action_client]: Received feedback: array('i', [0, 1, 1, 2, 3, 5, 8, 13, 21])
[INFO] [1733694334.740216117] [fibonacci_action_client]: Received feedback: array('i', [0, 1, 1, 2, 3, 5, 8, 13, 21, 34])
[INFO] [1733694334.991526458] [fibonacci_action_client]: Received feedback: array('i', [0, 1, 1, 2, 3, 5, 8, 13, 21, 34, 55])
[INFO] [1733694335.248483285] [fibonacci_action_client]: Result: array('i', [0, 1, 1, 2, 3, 5, 8, 13, 21, 34, 55])
[INFO] [1733694335.499231737] [fibonacci_action_client]: Sending goal with order 10
[INFO] [1733694339.780035346] [fibonacci_action_client]: Goal accepted, waiting for result.
[INFO] [1733694339.781922723] [fibonacci_action_client]: Received feedback: array('i', [0, 1, 1])
[INFO] [1733694340.030018451] [fibonacci_action_client]: Received feedback: array('i', [0, 1, 1, 2])
[INFO] [1733694340.282295068] [fibonacci_action_client]: Received feedback: array('i', [0, 1, 1, 2, 3])
[INFO] [1733694340.534116469] [fibonacci_action_client]: Received feedback: array('i', [0, 1, 1, 2, 3, 5])
[INFO] [1733694340.785654652] [fibonacci_action_client]: Received feedback: array('i', [0, 1, 1, 2, 3, 5, 8])
[INFO] [1733694341.037739170] [fibonacci_action_client]: Received feedback: array('i', [0, 1, 1, 2, 3, 5, 8, 13])
[INFO] [1733694341.288682108] [fibonacci_action_client]: Received feedback: array('i', [0, 1, 1, 2, 3, 5, 8, 13, 21])
[INFO] [1733694341.540131918] [fibonacci_action_client]: Received feedback: array('i', [0, 1, 1, 2, 3, 5, 8, 13, 21, 34])
[INFO] [1733694341.791494038] [fibonacci_action_client]: Received feedback: array('i', [0, 1, 1, 2, 3, 5, 8, 13, 21, 34, 55])
[INFO] [1733694342.052106746] [fibonacci_action_client]: Result: array('i', [0, 1, 1, 2, 3, 5, 8, 13, 21, 34, 55])
[INFO] [1733694342.303695766] [fibonacci_action_client]: Sending goal with order 10
[INFO] [1733694346.598716292] [fibonacci_action_client]: Goal accepted, waiting for result.
[INFO] [1733694346.600553536] [fibonacci_action_client]: Received feedback: array('i', [0, 1, 1])
[INFO] [1733694346.844935013] [fibonacci_action_client]: Received feedback: array('i', [0, 1, 1, 2])
[INFO] [1733694347.097193356] [fibonacci_action_client]: Received feedback: array('i', [0, 1, 1, 2, 3])
[INFO] [1733694347.348554546] [fibonacci_action_client]: Received feedback: array('i', [0, 1, 1, 2, 3, 5])
[INFO] [1733694347.600193763] [fibonacci_action_client]: Received feedback: array('i', [0, 1, 1, 2, 3, 5, 8])
[INFO] [1733694347.851670778] [fibonacci_action_client]: Received feedback: array('i', [0, 1, 1, 2, 3, 5, 8, 13])
[INFO] [1733694348.103637344] [fibonacci_action_client]: Received feedback: array('i', [0, 1, 1, 2, 3, 5, 8, 13, 21])
[INFO] [1733694348.355850291] [fibonacci_action_client]: Received feedback: array('i', [0, 1, 1, 2, 3, 5, 8, 13, 21, 34])
[INFO] [1733694348.606878214] [fibonacci_action_client]: Received feedback: array('i', [0, 1, 1, 2, 3, 5, 8, 13, 21, 34, 55])
[INFO] [1733694348.867298189] [fibonacci_action_client]: Result: array('i', [0, 1, 1, 2, 3, 5, 8, 13, 21, 34, 55])
[INFO] [1733694349.118604495] [fibonacci_action_client]: Sending goal with order 10
[INFO] [1733694353.413208828] [fibonacci_action_client]: Goal accepted, waiting for result.
[INFO] [1733694353.415358239] [fibonacci_action_client]: Received feedback: array('i', [0, 1, 1])
[INFO] [1733694353.660262684] [fibonacci_action_client]: Received feedback: array('i', [0, 1, 1, 2])
[INFO] [1733694353.912282315] [fibonacci_action_client]: Received feedback: array('i', [0, 1, 1, 2, 3])
[INFO] [1733694354.163281354] [fibonacci_action_client]: Received feedback: array('i', [0, 1, 1, 2, 3, 5])
[INFO] [1733694354.415083311] [fibonacci_action_client]: Received feedback: array('i', [0, 1, 1, 2, 3, 5, 8])
[INFO] [1733694354.666922876] [fibonacci_action_client]: Received feedback: array('i', [0, 1, 1, 2, 3, 5, 8, 13])
[INFO] [1733694354.918326630] [fibonacci_action_client]: Received feedback: array('i', [0, 1, 1, 2, 3, 5, 8, 13, 21])
[INFO] [1733694355.169366397] [fibonacci_action_client]: Received feedback: array('i', [0, 1, 1, 2, 3, 5, 8, 13, 21, 34])
[INFO] [1733694355.422233725] [fibonacci_action_client]: Received feedback: array('i', [0, 1, 1, 2, 3, 5, 8, 13, 21, 34, 55])
[INFO] [1733694355.684576990] [fibonacci_action_client]: Result: array('i', [0, 1, 1, 2, 3, 5, 8, 13, 21, 34, 55])
[INFO] [1733694355.935758201] [fibonacci_action_client]: Sending goal with order 10
[INFO] [1733694360.227097032] [fibonacci_action_client]: Goal accepted, waiting for result.
[INFO] [1733694360.229578909] [fibonacci_action_client]: Received feedback: array('i', [0, 1, 1])
[INFO] [1733694360.473429010] [fibonacci_action_client]: Received feedback: array('i', [0, 1, 1, 2])
[INFO] [1733694360.724512345] [fibonacci_action_client]: Received feedback: array('i', [0, 1, 1, 2, 3])
[INFO] [1733694360.976207948] [fibonacci_action_client]: Received feedback: array('i', [0, 1, 1, 2, 3, 5])
[INFO] [1733694361.228717577] [fibonacci_action_client]: Received feedback: array('i', [0, 1, 1, 2, 3, 5, 8])
[INFO] [1733694361.479939214] [fibonacci_action_client]: Received feedback: array('i', [0, 1, 1, 2, 3, 5, 8, 13])
[INFO] [1733694361.731250950] [fibonacci_action_client]: Received feedback: array('i', [0, 1, 1, 2, 3, 5, 8, 13, 21])
[INFO] [1733694361.983367483] [fibonacci_action_client]: Received feedback: array('i', [0, 1, 1, 2, 3, 5, 8, 13, 21, 34])
[INFO] [1733694362.234912366] [fibonacci_action_client]: Received feedback: array('i', [0, 1, 1, 2, 3, 5, 8, 13, 21, 34, 55])
[INFO] [1733694362.494619892] [fibonacci_action_client]: Result: array('i', [0, 1, 1, 2, 3, 5, 8, 13, 21, 34, 55])
[INFO] [1733694362.745838900] [fibonacci_action_client]: Sending goal with order 10
[INFO] [1733694367.038636520] [fibonacci_action_client]: Received feedback: array('i', [0, 1, 1])
[INFO] [1733694367.040167571] [fibonacci_action_client]: Goal accepted, waiting for result.
[INFO] [1733694367.287125577] [fibonacci_action_client]: Received feedback: array('i', [0, 1, 1, 2])
[INFO] [1733694367.538519744] [fibonacci_action_client]: Received feedback: array('i', [0, 1, 1, 2, 3])
[INFO] [1733694367.789365861] [fibonacci_action_client]: Received feedback: array('i', [0, 1, 1, 2, 3, 5])
[INFO] [1733694368.040903032] [fibonacci_action_client]: Received feedback: array('i', [0, 1, 1, 2, 3, 5, 8])
[INFO] [1733694368.293072513] [fibonacci_action_client]: Received feedback: array('i', [0, 1, 1, 2, 3, 5, 8, 13])
[INFO] [1733694368.544165114] [fibonacci_action_client]: Received feedback: array('i', [0, 1, 1, 2, 3, 5, 8, 13, 21])
[INFO] [1733694368.797555804] [fibonacci_action_client]: Received feedback: array('i', [0, 1, 1, 2, 3, 5, 8, 13, 21, 34])
[INFO] [1733694369.047836498] [fibonacci_action_client]: Received feedback: array('i', [0, 1, 1, 2, 3, 5, 8, 13, 21, 34, 55])
[INFO] [1733694369.305501335] [fibonacci_action_client]: Result: array('i', [0, 1, 1, 2, 3, 5, 8, 13, 21, 34, 55])
[INFO] [1733694369.557088283] [fibonacci_action_client]: Sending goal with order 10
[INFO] [1733694373.852391251] [fibonacci_action_client]: Goal accepted, waiting for result.
[INFO] [1733694373.855141694] [fibonacci_action_client]: Received feedback: array('i', [0, 1, 1])
[INFO] [1733694374.098578381] [fibonacci_action_client]: Received feedback: array('i', [0, 1, 1, 2])
[INFO] [1733694374.349487448] [fibonacci_action_client]: Received feedback: array('i', [0, 1, 1, 2, 3])
[INFO] [1733694374.600997186] [fibonacci_action_client]: Received feedback: array('i', [0, 1, 1, 2, 3, 5])
[INFO] [1733694374.852974326] [fibonacci_action_client]: Received feedback: array('i', [0, 1, 1, 2, 3, 5, 8])
[INFO] [1733694375.104391946] [fibonacci_action_client]: Received feedback: array('i', [0, 1, 1, 2, 3, 5, 8, 13])
[INFO] [1733694375.356659334] [fibonacci_action_client]: Received feedback: array('i', [0, 1, 1, 2, 3, 5, 8, 13, 21])
[INFO] [1733694375.608019852] [fibonacci_action_client]: Received feedback: array('i', [0, 1, 1, 2, 3, 5, 8, 13, 21, 34])
[INFO] [1733694375.861267122] [fibonacci_action_client]: Received feedback: array('i', [0, 1, 1, 2, 3, 5, 8, 13, 21, 34, 55])
[INFO] [1733694376.119557403] [fibonacci_action_client]: Result: array('i', [0, 1, 1, 2, 3, 5, 8, 13, 21, 34, 55])
[INFO] [1733694376.371716509] [fibonacci_action_client]: Sending goal with order 10
[INFO] [1733694380.662571124] [fibonacci_action_client]: Received feedback: array('i', [0, 1, 1])
[INFO] [1733694380.663597067] [fibonacci_action_client]: Goal accepted, waiting for result.
[INFO] [1733694380.910448229] [fibonacci_action_client]: Received feedback: array('i', [0, 1, 1, 2])
[INFO] [1733694381.161558500] [fibonacci_action_client]: Received feedback: array('i', [0, 1, 1, 2, 3])
[INFO] [1733694381.413529217] [fibonacci_action_client]: Received feedback: array('i', [0, 1, 1, 2, 3, 5])
[INFO] [1733694381.665267944] [fibonacci_action_client]: Received feedback: array('i', [0, 1, 1, 2, 3, 5, 8])
[INFO] [1733694381.916754999] [fibonacci_action_client]: Received feedback: array('i', [0, 1, 1, 2, 3, 5, 8, 13])
[INFO] [1733694382.167722271] [fibonacci_action_client]: Received feedback: array('i', [0, 1, 1, 2, 3, 5, 8, 13, 21])
[INFO] [1733694382.419747749] [fibonacci_action_client]: Received feedback: array('i', [0, 1, 1, 2, 3, 5, 8, 13, 21, 34])
[INFO] [1733694382.670583618] [fibonacci_action_client]: Received feedback: array('i', [0, 1, 1, 2, 3, 5, 8, 13, 21, 34, 55])
[INFO] [1733694382.937201463] [fibonacci_action_client]: Result: array('i', [0, 1, 1, 2, 3, 5, 8, 13, 21, 34, 55])
[INFO] [1733694383.188421919] [fibonacci_action_client]: Sending goal with order 10
[INFO] [1733694387.476263394] [fibonacci_action_client]: Received feedback: array('i', [0, 1, 1])
[INFO] [1733694387.477295474] [fibonacci_action_client]: Goal accepted, waiting for result.
[INFO] [1733694387.720099101] [fibonacci_action_client]: Received feedback: array('i', [0, 1, 1, 2])
[INFO] [1733694387.970942511] [fibonacci_action_client]: Received feedback: array('i', [0, 1, 1, 2, 3])
[INFO] [1733694388.222123382] [fibonacci_action_client]: Received feedback: array('i', [0, 1, 1, 2, 3, 5])
[INFO] [1733694388.474203915] [fibonacci_action_client]: Received feedback: array('i', [0, 1, 1, 2, 3, 5, 8])
[INFO] [1733694388.725701859] [fibonacci_action_client]: Received feedback: array('i', [0, 1, 1, 2, 3, 5, 8, 13])
[INFO] [1733694388.977846871] [fibonacci_action_client]: Received feedback: array('i', [0, 1, 1, 2, 3, 5, 8, 13, 21])
[INFO] [1733694389.228295667] [fibonacci_action_client]: Received feedback: array('i', [0, 1, 1, 2, 3, 5, 8, 13, 21, 34])
[INFO] [1733694389.480255648] [fibonacci_action_client]: Received feedback: array('i', [0, 1, 1, 2, 3, 5, 8, 13, 21, 34, 55])
[INFO] [1733694389.733959506] [fibonacci_action_client]: Result: array('i', [0, 1, 1, 2, 3, 5, 8, 13, 21, 34, 55])
[INFO] [1733694389.984652524] [fibonacci_action_client]: Sending goal with order 10
[INFO] [1733694394.258350507] [fibonacci_action_client]: Goal accepted, waiting for result.
[INFO] [1733694394.259109099] [fibonacci_action_client]: Received feedback: array('i', [0, 1, 1])
[INFO] [1733694394.508195564] [fibonacci_action_client]: Received feedback: array('i', [0, 1, 1, 2])
[INFO] [1733694394.759462140] [fibonacci_action_client]: Received feedback: array('i', [0, 1, 1, 2, 3])
[INFO] [1733694395.010303518] [fibonacci_action_client]: Received feedback: array('i', [0, 1, 1, 2, 3, 5])
[INFO] [1733694395.261636477] [fibonacci_action_client]: Received feedback: array('i', [0, 1, 1, 2, 3, 5, 8])
[INFO] [1733694395.512949006] [fibonacci_action_client]: Received feedback: array('i', [0, 1, 1, 2, 3, 5, 8, 13])
[INFO] [1733694395.763783263] [fibonacci_action_client]: Received feedback: array('i', [0, 1, 1, 2, 3, 5, 8, 13, 21])
[INFO] [1733694396.014929735] [fibonacci_action_client]: Received feedback: array('i', [0, 1, 1, 2, 3, 5, 8, 13, 21, 34])
[INFO] [1733694396.266525692] [fibonacci_action_client]: Received feedback: array('i', [0, 1, 1, 2, 3, 5, 8, 13, 21, 34, 55])
[INFO] [1733694396.523208418] [fibonacci_action_client]: Result: array('i', [0, 1, 1, 2, 3, 5, 8, 13, 21, 34, 55])
[INFO] [1733694396.774177364] [fibonacci_action_client]: Sending goal with order 10
[INFO] [1733694401.043921906] [fibonacci_action_client]: Goal accepted, waiting for result.
[INFO] [1733694406.045136919] [fibonacci_action_client]: Result not received due to timeout.
RAPL is set
[1733694399.031952569] [fibonacci_action_client]: Received feedback: array('i', [0, 1, 1, 2])
[INFO] [1733694399.282925434] [fibonacci_action_client]: Received feedback: array('i', [0, 1, 1, 2, 3])
[INFO] [1733694399.533792448] [fibonacci_action_client]: Received feedback: array('i', [0, 1, 1, 2, 3, 5])
[INFO] [1733694399.784751734] [fibonacci_action_client]: Received feedback: array('i', [0, 1, 1, 2, 3, 5, 8])
[INFO] [1733694400.035811824] [fibonacci_action_client]: Received feedback: array('i', [0, 1, 1, 2, 3, 5, 8, 13])
[INFO] [1733694400.286829257] [fibonacci_action_client]: Received feedback: array('i', [0, 1, 1, 2, 3, 5, 8, 13, 21])
[INFO] [1733694400.538051330] [fibonacci_action_client]: Received feedback: array('i', [0, 1, 1, 2, 3, 5, 8, 13, 21, 34])
[INFO] [1733694400.789194467] [fibonacci_action_client]: Received feedback: array('i', [0, 1, 1, 2, 3, 5, 8, 13, 21, 34, 55])
[INFO] [1733694403.784200569] [fibonacci_action_client]: Result not received due to timeout.
RAPL is not set
 55])
[INFO] [1733694399.033179216] [fibonacci_action_client]: Sending goal with order 10
Traceback (most recent call last):
  File "/home/michel/Documents/GitHub/energy-ros2-cpp-python/install/action_tutorials_py/lib/action_tutorials_py/action_client", line 33, in <module>
    sys.exit(load_entry_point('action-tutorials-py==0.0.0', 'console_scripts', 'action_client')())
  File "/home/michel/Documents/GitHub/energy-ros2-cpp-python/install/action_tutorials_py/lib/python3.10/site-packages/action_tutorials_py/fibonacci_action_client.py", line 110, in main
    if not action_client.send_goal_and_wait(10):
  File "/home/michel/Documents/GitHub/energy-ros2-cpp-python/install/action_tutorials_py/lib/python3.10/site-packages/action_tutorials_py/fibonacci_action_client.py", line 44, in send_goal_and_wait
    if not self._goal_handle.accepted:
AttributeError: 'NoneType' object has no attribute 'accepted'
[ros2run]: Process exited with failure 1
RAPL is not set
