[INFO] [1733809666.586903535] [fibonacci_action_server]: Received goal request with order 10
[INFO] [1733809666.587118005] [fibonacci_action_server]: Executing goal...
[INFO] [1733809666.587188614] [fibonacci_action_server]: Feedback: [1]
[INFO] [1733809666.837364167] [fibonacci_action_server]: Feedback: [2]
[INFO] [1733809667.087571780] [fibonacci_action_server]: Feedback: [3]
[INFO] [1733809667.337808505] [fibonacci_action_server]: Feedback: [5]
[INFO] [1733809667.588054608] [fibonacci_action_server]: Feedback: [8]
[INFO] [1733809667.838316822] [fibonacci_action_server]: Feedback: [13]
[INFO] [1733809668.088535211] [fibonacci_action_server]: Feedback: [21]
[INFO] [1733809668.338732998] [fibonacci_action_server]: Feedback: [34]
[INFO] [1733809668.588912090] [fibonacci_action_server]: Feedback: [55]
[INFO] [1733809668.839181157] [fibonacci_action_server]: Goal succeeded
[INFO] [1733809668.839491639] [fibonacci_action_server]: Received goal request with order 10
[INFO] [1733809668.839581653] [fibonacci_action_server]: Executing goal...
[INFO] [1733809668.839629036] [fibonacci_action_server]: Feedback: [1]
[INFO] [1733809669.089772854] [fibonacci_action_server]: Feedback: [2]
[INFO] [1733809669.340007121] [fibonacci_action_server]: Feedback: [3]
[INFO] [1733809669.590164646] [fibonacci_action_server]: Feedback: [5]
[INFO] [1733809669.840380814] [fibonacci_action_server]: Feedback: [8]
[INFO] [1733809670.090576706] [fibonacci_action_server]: Feedback: [13]
[INFO] [1733809670.340753809] [fibonacci_action_server]: Feedback: [21]
[INFO] [1733809670.591056049] [fibonacci_action_server]: Feedback: [34]
[INFO] [1733809670.841248099] [fibonacci_action_server]: Feedback: [55]
[INFO] [1733809671.091514675] [fibonacci_action_server]: Goal succeeded
[INFO] [1733809671.091800111] [fibonacci_action_server]: Received goal request with order 10
[INFO] [1733809671.091898824] [fibonacci_action_server]: Executing goal...
[INFO] [1733809671.091938479] [fibonacci_action_server]: Feedback: [1]
[INFO] [1733809671.342117401] [fibonacci_action_server]: Feedback: [2]
[INFO] [1733809671.592327849] [fibonacci_action_server]: Feedback: [3]
[INFO] [1733809671.842530234] [fibonacci_action_server]: Feedback: [5]
[INFO] [1733809672.092776963] [fibonacci_action_server]: Feedback: [8]
[INFO] [1733809672.342965883] [fibonacci_action_server]: Feedback: [13]
[INFO] [1733809672.593137167] [fibonacci_action_server]: Feedback: [21]
[INFO] [1733809672.843306272] [fibonacci_action_server]: Feedback: [34]
[INFO] [1733809673.093504625] [fibonacci_action_server]: Feedback: [55]
[INFO] [1733809673.343779479] [fibonacci_action_server]: Goal succeeded
[INFO] [1733809673.344196103] [fibonacci_action_server]: Received goal request with order 10
[INFO] [1733809673.344334564] [fibonacci_action_server]: Executing goal...
[INFO] [1733809673.344385291] [fibonacci_action_server]: Feedback: [1]
[INFO] [1733809673.594568786] [fibonacci_action_server]: Feedback: [2]
[INFO] [1733809673.844799184] [fibonacci_action_server]: Feedback: [3]
[INFO] [1733809674.094993354] [fibonacci_action_server]: Feedback: [5]
[INFO] [1733809674.345218518] [fibonacci_action_server]: Feedback: [8]
[INFO] [1733809674.595392570] [fibonacci_action_server]: Feedback: [13]
[INFO] [1733809674.845595703] [fibonacci_action_server]: Feedback: [21]
[INFO] [1733809675.095869127] [fibonacci_action_server]: Feedback: [34]
[INFO] [1733809675.346056706] [fibonacci_action_server]: Feedback: [55]
[INFO] [1733809675.596312324] [fibonacci_action_server]: Goal succeeded
[INFO] [1733809675.596669583] [fibonacci_action_server]: Received goal request with order 10
[INFO] [1733809675.596854998] [fibonacci_action_server]: Executing goal...
[INFO] [1733809675.596903144] [fibonacci_action_server]: Feedback: [1]
[INFO] [1733809675.847082103] [fibonacci_action_server]: Feedback: [2]
[INFO] [1733809676.097345640] [fibonacci_action_server]: Feedback: [3]
[INFO] [1733809676.347549325] [fibonacci_action_server]: Feedback: [5]
[INFO] [1733809676.597815417] [fibonacci_action_server]: Feedback: [8]
[INFO] [1733809676.848003677] [fibonacci_action_server]: Feedback: [13]
[INFO] [1733809677.098209651] [fibonacci_action_server]: Feedback: [21]
[INFO] [1733809677.348473417] [fibonacci_action_server]: Feedback: [34]
[INFO] [1733809677.598661417] [fibonacci_action_server]: Feedback: [55]
[INFO] [1733809677.848881314] [fibonacci_action_server]: Goal succeeded
[INFO] [1733809677.849235711] [fibonacci_action_server]: Received goal request with order 10
[INFO] [1733809677.849437784] [fibonacci_action_server]: Executing goal...
[INFO] [1733809677.849484033] [fibonacci_action_server]: Feedback: [1]
[INFO] [1733809678.099644922] [fibonacci_action_server]: Feedback: [2]
[INFO] [1733809678.349866327] [fibonacci_action_server]: Feedback: [3]
[INFO] [1733809678.600036901] [fibonacci_action_server]: Feedback: [5]
[INFO] [1733809678.850201951] [fibonacci_action_server]: Feedback: [8]
[INFO] [1733809679.100440400] [fibonacci_action_server]: Feedback: [13]
[INFO] [1733809679.350601617] [fibonacci_action_server]: Feedback: [21]
[INFO] [1733809679.600835079] [fibonacci_action_server]: Feedback: [34]
[INFO] [1733809679.851020802] [fibonacci_action_server]: Feedback: [55]
[INFO] [1733809680.101285146] [fibonacci_action_server]: Goal succeeded
[INFO] [1733809680.101613862] [fibonacci_action_server]: Received goal request with order 10
[INFO] [1733809680.101772589] [fibonacci_action_server]: Executing goal...
[INFO] [1733809680.101827008] [fibonacci_action_server]: Feedback: [1]
[INFO] [1733809680.351974230] [fibonacci_action_server]: Feedback: [2]
[INFO] [1733809680.602150315] [fibonacci_action_server]: Feedback: [3]
[INFO] [1733809680.852372771] [fibonacci_action_server]: Feedback: [5]
[INFO] [1733809681.102567479] [fibonacci_action_server]: Feedback: [8]
[INFO] [1733809681.352773092] [fibonacci_action_server]: Feedback: [13]
[INFO] [1733809681.602955539] [fibonacci_action_server]: Feedback: [21]
[INFO] [1733809681.853170155] [fibonacci_action_server]: Feedback: [34]
[INFO] [1733809682.103367322] [fibonacci_action_server]: Feedback: [55]
[INFO] [1733809682.353603311] [fibonacci_action_server]: Goal succeeded
[INFO] [1733809682.354024486] [fibonacci_action_server]: Received goal request with order 10
[INFO] [1733809682.354179853] [fibonacci_action_server]: Executing goal...
[INFO] [1733809682.354226541] [fibonacci_action_server]: Feedback: [1]
[INFO] [1733809682.604386895] [fibonacci_action_server]: Feedback: [2]
[INFO] [1733809682.854591821] [fibonacci_action_server]: Feedback: [3]
[INFO] [1733809683.104860794] [fibonacci_action_server]: Feedback: [5]
[INFO] [1733809683.355073868] [fibonacci_action_server]: Feedback: [8]
[INFO] [1733809683.605293302] [fibonacci_action_server]: Feedback: [13]
[INFO] [1733809683.855505145] [fibonacci_action_server]: Feedback: [21]
[INFO] [1733809684.105708864] [fibonacci_action_server]: Feedback: [34]
[INFO] [1733809684.355972254] [fibonacci_action_server]: Feedback: [55]
[INFO] [1733809684.606171175] [fibonacci_action_server]: Goal succeeded
[INFO] [1733809684.606611919] [fibonacci_action_server]: Received goal request with order 10
[INFO] [1733809684.606824363] [fibonacci_action_server]: Executing goal...
[INFO] [1733809684.606886309] [fibonacci_action_server]: Feedback: [1]
[INFO] [1733809684.857049812] [fibonacci_action_server]: Feedback: [2]
[INFO] [1733809685.107256887] [fibonacci_action_server]: Feedback: [3]
[INFO] [1733809685.357467388] [fibonacci_action_server]: Feedback: [5]
[INFO] [1733809685.607701195] [fibonacci_action_server]: Feedback: [8]
[INFO] [1733809685.857926478] [fibonacci_action_server]: Feedback: [13]
[INFO] [1733809686.108133751] [fibonacci_action_server]: Feedback: [21]
[INFO] [1733809686.358325811] [fibonacci_action_server]: Feedback: [34]
[INFO] [1733809686.608596438] [fibonacci_action_server]: Feedback: [55]
[INFO] [1733809686.858847911] [fibonacci_action_server]: Goal succeeded
[INFO] [1733809686.859148972] [fibonacci_action_server]: Received goal request with order 10
[INFO] [1733809686.859297491] [fibonacci_action_server]: Executing goal...
[INFO] [1733809686.859349137] [fibonacci_action_server]: Feedback: [1]
[INFO] [1733809687.109478673] [fibonacci_action_server]: Feedback: [2]
[INFO] [1733809687.359674133] [fibonacci_action_server]: Feedback: [3]
[INFO] [1733809687.609864219] [fibonacci_action_server]: Feedback: [5]
[INFO] [1733809687.860081346] [fibonacci_action_server]: Feedback: [8]
[INFO] [1733809688.110274656] [fibonacci_action_server]: Feedback: [13]
[INFO] [1733809688.360489957] [fibonacci_action_server]: Feedback: [21]
[INFO] [1733809688.610712715] [fibonacci_action_server]: Feedback: [34]
[INFO] [1733809688.860936699] [fibonacci_action_server]: Feedback: [55]
[INFO] [1733809689.111177798] [fibonacci_action_server]: Goal succeeded
[INFO] [1733809689.111561184] [fibonacci_action_server]: Received goal request with order 10
[INFO] [1733809689.111647957] [fibonacci_action_server]: Executing goal...
[INFO] [1733809689.111692115] [fibonacci_action_server]: Feedback: [1]
[INFO] [1733809689.361861385] [fibonacci_action_server]: Feedback: [2]
[INFO] [1733809689.612056792] [fibonacci_action_server]: Feedback: [3]
[INFO] [1733809689.862291320] [fibonacci_action_server]: Feedback: [5]
[INFO] [1733809690.112512070] [fibonacci_action_server]: Feedback: [8]
[INFO] [1733809690.362714665] [fibonacci_action_server]: Feedback: [13]
[INFO] [1733809690.612932387] [fibonacci_action_server]: Feedback: [21]
[INFO] [1733809690.863101429] [fibonacci_action_server]: Feedback: [34]
[INFO] [1733809691.113421675] [fibonacci_action_server]: Feedback: [55]
[INFO] [1733809691.363650095] [fibonacci_action_server]: Goal succeeded
[INFO] [1733809691.363945333] [fibonacci_action_server]: Received goal request with order 10
[INFO] [1733809691.364035854] [fibonacci_action_server]: Executing goal...
[INFO] [1733809691.364078648] [fibonacci_action_server]: Feedback: [1]
[INFO] [1733809691.614285302] [fibonacci_action_server]: Feedback: [2]
[INFO] [1733809691.864496917] [fibonacci_action_server]: Feedback: [3]
[INFO] [1733809692.114697832] [fibonacci_action_server]: Feedback: [5]
[INFO] [1733809692.364953251] [fibonacci_action_server]: Feedback: [8]
[INFO] [1733809692.615188308] [fibonacci_action_server]: Feedback: [13]
[INFO] [1733809692.865415589] [fibonacci_action_server]: Feedback: [21]
[INFO] [1733809693.115579800] [fibonacci_action_server]: Feedback: [34]
[INFO] [1733809693.365788373] [fibonacci_action_server]: Feedback: [55]
[INFO] [1733809693.616014471] [fibonacci_action_server]: Goal succeeded
[INFO] [1733809693.616472363] [fibonacci_action_server]: Received goal request with order 10
[INFO] [1733809693.616611348] [fibonacci_action_server]: Executing goal...
[INFO] [1733809693.616704619] [fibonacci_action_server]: Feedback: [1]
[INFO] [1733809693.866889874] [fibonacci_action_server]: Feedback: [2]
[INFO] [1733809694.117161108] [fibonacci_action_server]: Feedback: [3]
[INFO] [1733809694.367330038] [fibonacci_action_server]: Feedback: [5]
[INFO] [1733809694.617543023] [fibonacci_action_server]: Feedback: [8]
[INFO] [1733809694.867708866] [fibonacci_action_server]: Feedback: [13]
[INFO] [1733809695.117972345] [fibonacci_action_server]: Feedback: [21]
[INFO] [1733809695.368182325] [fibonacci_action_server]: Feedback: [34]
[INFO] [1733809695.618367967] [fibonacci_action_server]: Feedback: [55]
[INFO] [1733809695.868632314] [fibonacci_action_server]: Goal succeeded
[INFO] [1733809695.868963489] [fibonacci_action_server]: Received goal request with order 10
[INFO] [1733809695.869135425] [fibonacci_action_server]: Executing goal...
[INFO] [1733809695.869186844] [fibonacci_action_server]: Feedback: [1]
[INFO] [1733809696.119353655] [fibonacci_action_server]: Feedback: [2]
[INFO] [1733809696.369538633] [fibonacci_action_server]: Feedback: [3]
[INFO] [1733809696.619788338] [fibonacci_action_server]: Feedback: [5]
[INFO] [1733809696.869964807] [fibonacci_action_server]: Feedback: [8]
[INFO] [1733809697.120125724] [fibonacci_action_server]: Feedback: [13]
[INFO] [1733809697.370314295] [fibonacci_action_server]: Feedback: [21]
[INFO] [1733809697.620509675] [fibonacci_action_server]: Feedback: [34]
[INFO] [1733809697.870773808] [fibonacci_action_server]: Feedback: [55]
[INFO] [1733809698.121068732] [fibonacci_action_server]: Goal succeeded
[INFO] [1733809698.121519334] [fibonacci_action_server]: Received goal request with order 10
[INFO] [1733809698.121702769] [fibonacci_action_server]: Executing goal...
[INFO] [1733809698.121755130] [fibonacci_action_server]: Feedback: [1]
[INFO] [1733809698.371920039] [fibonacci_action_server]: Feedback: [2]
[INFO] [1733809698.622152221] [fibonacci_action_server]: Feedback: [3]
[INFO] [1733809698.872368884] [fibonacci_action_server]: Feedback: [5]
[INFO] [1733809699.122581610] [fibonacci_action_server]: Feedback: [8]
[INFO] [1733809699.372840394] [fibonacci_action_server]: Feedback: [13]
[INFO] [1733809699.623115788] [fibonacci_action_server]: Feedback: [21]
[INFO] [1733809699.873377213] [fibonacci_action_server]: Feedback: [34]
[INFO] [1733809700.123644767] [fibonacci_action_server]: Feedback: [55]
[INFO] [1733809700.373893370] [fibonacci_action_server]: Goal succeeded
[INFO] [1733809700.374190567] [fibonacci_action_server]: Received goal request with order 10
[INFO] [1733809700.374391320] [fibonacci_action_server]: Executing goal...
[INFO] [1733809700.374440839] [fibonacci_action_server]: Feedback: [1]
[INFO] [1733809700.624622968] [fibonacci_action_server]: Feedback: [2]
[INFO] [1733809700.874864286] [fibonacci_action_server]: Feedback: [3]
[INFO] [1733809701.125094296] [fibonacci_action_server]: Feedback: [5]
[INFO] [1733809701.375329306] [fibonacci_action_server]: Feedback: [8]
[INFO] [1733809701.625536554] [fibonacci_action_server]: Feedback: [13]
[INFO] [1733809701.875721493] [fibonacci_action_server]: Feedback: [21]
[INFO] [1733809702.126028646] [fibonacci_action_server]: Feedback: [34]
[INFO] [1733809702.376281568] [fibonacci_action_server]: Feedback: [55]
[INFO] [1733809702.626510695] [fibonacci_action_server]: Goal succeeded
[INFO] [1733809702.626811142] [fibonacci_action_server]: Received goal request with order 10
[INFO] [1733809702.626957567] [fibonacci_action_server]: Executing goal...
[INFO] [1733809702.627011553] [fibonacci_action_server]: Feedback: [1]
[INFO] [1733809702.877190173] [fibonacci_action_server]: Feedback: [2]
[INFO] [1733809703.127401719] [fibonacci_action_server]: Feedback: [3]
[INFO] [1733809703.377635212] [fibonacci_action_server]: Feedback: [5]
[INFO] [1733809703.627799350] [fibonacci_action_server]: Feedback: [8]
[INFO] [1733809703.878034271] [fibonacci_action_server]: Feedback: [13]
[INFO] [1733809704.128232854] [fibonacci_action_server]: Feedback: [21]
[INFO] [1733809704.378411632] [fibonacci_action_server]: Feedback: [34]
[INFO] [1733809704.628614024] [fibonacci_action_server]: Feedback: [55]
[INFO] [1733809704.878864840] [fibonacci_action_server]: Goal succeeded
[INFO] [1733809704.879251154] [fibonacci_action_server]: Received goal request with order 10
[INFO] [1733809704.879418785] [fibonacci_action_server]: Executing goal...
[INFO] [1733809704.879468106] [fibonacci_action_server]: Feedback: [1]
[INFO] [1733809705.129622973] [fibonacci_action_server]: Feedback: [2]
[INFO] [1733809705.379789890] [fibonacci_action_server]: Feedback: [3]
[INFO] [1733809705.630014307] [fibonacci_action_server]: Feedback: [5]
[INFO] [1733809705.880195732] [fibonacci_action_server]: Feedback: [8]
[INFO] [1733809706.130396757] [fibonacci_action_server]: Feedback: [13]
[INFO] [1733809706.380634403] [fibonacci_action_server]: Feedback: [21]
[INFO] [1733809706.630817895] [fibonacci_action_server]: Feedback: [34]
[INFO] [1733809706.881036303] [fibonacci_action_server]: Feedback: [55]
[INFO] [1733809707.131295936] [fibonacci_action_server]: Goal succeeded
[INFO] [1733809707.131650105] [fibonacci_action_server]: Received goal request with order 10
[INFO] [1733809707.131736671] [fibonacci_action_server]: Executing goal...
[INFO] [1733809707.131785765] [fibonacci_action_server]: Feedback: [1]
[INFO] [1733809707.381966618] [fibonacci_action_server]: Feedback: [2]
[INFO] [1733809707.632175995] [fibonacci_action_server]: Feedback: [3]
[INFO] [1733809707.882406411] [fibonacci_action_server]: Feedback: [5]
[INFO] [1733809708.132618111] [fibonacci_action_server]: Feedback: [8]
[INFO] [1733809708.382841642] [fibonacci_action_server]: Feedback: [13]
[INFO] [1733809708.633053278] [fibonacci_action_server]: Feedback: [21]
[INFO] [1733809708.883294900] [fibonacci_action_server]: Feedback: [34]
[INFO] [1733809709.133508930] [fibonacci_action_server]: Feedback: [55]
[INFO] [1733809709.383775050] [fibonacci_action_server]: Goal succeeded
[INFO] [1733809709.384210967] [fibonacci_action_server]: Received goal request with order 10
[INFO] [1733809709.384348901] [fibonacci_action_server]: Executing goal...
[INFO] [1733809709.384401295] [fibonacci_action_server]: Feedback: [1]
[INFO] [1733809709.634550773] [fibonacci_action_server]: Feedback: [2]
[INFO] [1733809709.884824714] [fibonacci_action_server]: Feedback: [3]
[INFO] [1733809710.135053180] [fibonacci_action_server]: Feedback: [5]
[INFO] [1733809710.385244761] [fibonacci_action_server]: Feedback: [8]
[INFO] [1733809710.635477067] [fibonacci_action_server]: Feedback: [13]
[INFO] [1733809710.885750889] [fibonacci_action_server]: Feedback: [21]
[INFO] [1733809711.135952831] [fibonacci_action_server]: Feedback: [34]
[INFO] [1733809711.386152518] [fibonacci_action_server]: Feedback: [55]
[INFO] [1733809711.636366749] [fibonacci_action_server]: Goal succeeded
[INFO] [1733809711.636827313] [fibonacci_action_server]: Received goal request with order 10
[INFO] [1733809711.636900335] [fibonacci_action_server]: Executing goal...
[INFO] [1733809711.636944560] [fibonacci_action_server]: Feedback: [1]
[INFO] [1733809711.887111769] [fibonacci_action_server]: Feedback: [2]
[INFO] [1733809712.137338915] [fibonacci_action_server]: Feedback: [3]
[INFO] [1733809712.387598908] [fibonacci_action_server]: Feedback: [5]
[INFO] [1733809712.637788957] [fibonacci_action_server]: Feedback: [8]
[INFO] [1733809712.888033001] [fibonacci_action_server]: Feedback: [13]
[INFO] [1733809713.138293282] [fibonacci_action_server]: Feedback: [21]
[INFO] [1733809713.388486480] [fibonacci_action_server]: Feedback: [34]
[INFO] [1733809713.638713045] [fibonacci_action_server]: Feedback: [55]
[INFO] [1733809713.888977725] [fibonacci_action_server]: Goal succeeded
[INFO] [1733809713.889319782] [fibonacci_action_server]: Received goal request with order 10
[INFO] [1733809713.889407949] [fibonacci_action_server]: Executing goal...
[INFO] [1733809713.889448152] [fibonacci_action_server]: Feedback: [1]
[INFO] [1733809714.139589791] [fibonacci_action_server]: Feedback: [2]
[INFO] [1733809714.389791759] [fibonacci_action_server]: Feedback: [3]
[INFO] [1733809714.640018498] [fibonacci_action_server]: Feedback: [5]
[INFO] [1733809714.890246187] [fibonacci_action_server]: Feedback: [8]
[INFO] [1733809715.140465609] [fibonacci_action_server]: Feedback: [13]
[INFO] [1733809715.390694835] [fibonacci_action_server]: Feedback: [21]
[INFO] [1733809715.640850968] [fibonacci_action_server]: Feedback: [34]
[INFO] [1733809715.891076665] [fibonacci_action_server]: Feedback: [55]
[INFO] [1733809716.141336276] [fibonacci_action_server]: Goal succeeded
[INFO] [1733809716.141721744] [fibonacci_action_server]: Received goal request with order 10
[INFO] [1733809716.141828320] [fibonacci_action_server]: Executing goal...
[INFO] [1733809716.141885356] [fibonacci_action_server]: Feedback: [1]
[INFO] [1733809716.392089577] [fibonacci_action_server]: Feedback: [2]
[INFO] [1733809716.642313287] [fibonacci_action_server]: Feedback: [3]
[INFO] [1733809716.892563838] [fibonacci_action_server]: Feedback: [5]
[INFO] [1733809717.142762057] [fibonacci_action_server]: Feedback: [8]
[INFO] [1733809717.393008874] [fibonacci_action_server]: Feedback: [13]
[INFO] [1733809717.643213672] [fibonacci_action_server]: Feedback: [21]
[INFO] [1733809717.893425401] [fibonacci_action_server]: Feedback: [34]
[INFO] [1733809718.143663671] [fibonacci_action_server]: Feedback: [55]
[INFO] [1733809718.393994563] [fibonacci_action_server]: Goal succeeded
[INFO] [1733809718.394288379] [fibonacci_action_server]: Received goal request with order 10
[INFO] [1733809718.394462389] [fibonacci_action_server]: Executing goal...
[INFO] [1733809718.394511947] [fibonacci_action_server]: Feedback: [1]
[INFO] [1733809718.644721426] [fibonacci_action_server]: Feedback: [2]
[INFO] [1733809718.894947283] [fibonacci_action_server]: Feedback: [3]
[INFO] [1733809719.145103836] [fibonacci_action_server]: Feedback: [5]
[INFO] [1733809719.395366893] [fibonacci_action_server]: Feedback: [8]
[INFO] [1733809719.645530268] [fibonacci_action_server]: Feedback: [13]
[INFO] [1733809719.895752610] [fibonacci_action_server]: Feedback: [21]
[INFO] [1733809720.145969683] [fibonacci_action_server]: Feedback: [34]
[INFO] [1733809720.396166193] [fibonacci_action_server]: Feedback: [55]
[INFO] [1733809720.646410647] [fibonacci_action_server]: Goal succeeded
[INFO] [1733809720.646796009] [fibonacci_action_server]: Received goal request with order 10
[INFO] [1733809720.646911289] [fibonacci_action_server]: Executing goal...
[INFO] [1733809720.646952264] [fibonacci_action_server]: Feedback: [1]
[INFO] [1733809720.897095777] [fibonacci_action_server]: Feedback: [2]
[INFO] [1733809721.147272643] [fibonacci_action_server]: Feedback: [3]
[INFO] [1733809721.397514480] [fibonacci_action_server]: Feedback: [5]
[INFO] [1733809721.647763633] [fibonacci_action_server]: Feedback: [8]
[INFO] [1733809721.897944751] [fibonacci_action_server]: Feedback: [13]
[INFO] [1733809722.148134836] [fibonacci_action_server]: Feedback: [21]
[INFO] [1733809722.398352916] [fibonacci_action_server]: Feedback: [34]
[INFO] [1733809722.648567726] [fibonacci_action_server]: Feedback: [55]
[INFO] [1733809722.898821717] [fibonacci_action_server]: Goal succeeded
[INFO] [1733809722.899205164] [fibonacci_action_server]: Received goal request with order 10
[INFO] [1733809722.899289967] [fibonacci_action_server]: Executing goal...
[INFO] [1733809722.899343038] [fibonacci_action_server]: Feedback: [1]
[INFO] [1733809723.149545793] [fibonacci_action_server]: Feedback: [2]
[INFO] [1733809723.399756107] [fibonacci_action_server]: Feedback: [3]
[INFO] [1733809723.649917163] [fibonacci_action_server]: Feedback: [5]
[INFO] [1733809723.900155242] [fibonacci_action_server]: Feedback: [8]
[INFO] [1733809724.150351232] [fibonacci_action_server]: Feedback: [13]
[INFO] [1733809724.400590073] [fibonacci_action_server]: Feedback: [21]
[INFO] [1733809724.650812747] [fibonacci_action_server]: Feedback: [34]
[INFO] [1733809724.901000303] [fibonacci_action_server]: Feedback: [55]
[INFO] [1733809725.151273224] [fibonacci_action_server]: Goal succeeded
[INFO] [1733809725.151611277] [fibonacci_action_server]: Received goal request with order 10
[INFO] [1733809725.151730791] [fibonacci_action_server]: Executing goal...
[INFO] [1733809725.151774970] [fibonacci_action_server]: Feedback: [1]
[INFO] [1733809725.401929430] [fibonacci_action_server]: Feedback: [2]
[INFO] [1733809725.652171865] [fibonacci_action_server]: Feedback: [3]
[INFO] [1733809725.902451732] [fibonacci_action_server]: Feedback: [5]
[INFO] [1733809726.152658402] [fibonacci_action_server]: Feedback: [8]
[INFO] [1733809726.402838343] [fibonacci_action_server]: Feedback: [13]
[INFO] [1733809726.653081324] [fibonacci_action_server]: Feedback: [21]
[INFO] [1733809726.903263607] [fibonacci_action_server]: Feedback: [34]
[INFO] [1733809727.153498678] [fibonacci_action_server]: Feedback: [55]
[INFO] [1733809727.403732715] [fibonacci_action_server]: Goal succeeded
[INFO] [1733809727.404223866] [fibonacci_action_server]: Received goal request with order 10
[INFO] [1733809727.404338542] [fibonacci_action_server]: Executing goal...
[INFO] [1733809727.404418040] [fibonacci_action_server]: Feedback: [1]
[INFO] [1733809727.654599916] [fibonacci_action_server]: Feedback: [2]
[INFO] [1733809727.904821617] [fibonacci_action_server]: Feedback: [3]
[INFO] [1733809728.155030492] [fibonacci_action_server]: Feedback: [5]
[INFO] [1733809728.405235553] [fibonacci_action_server]: Feedback: [8]
[INFO] [1733809728.655487536] [fibonacci_action_server]: Feedback: [13]
[INFO] [1733809728.905650642] [fibonacci_action_server]: Feedback: [21]
[INFO] [1733809729.155950751] [fibonacci_action_server]: Feedback: [34]
[INFO] [1733809729.406189747] [fibonacci_action_server]: Feedback: [55]
[INFO] [1733809729.656437688] [fibonacci_action_server]: Goal succeeded
[INFO] [1733809729.656887794] [fibonacci_action_server]: Received goal request with order 10
[INFO] [1733809729.657027075] [fibonacci_action_server]: Executing goal...
[INFO] [1733809729.657102692] [fibonacci_action_server]: Feedback: [1]
[INFO] [1733809729.907283321] [fibonacci_action_server]: Feedback: [2]
[INFO] [1733809730.157462377] [fibonacci_action_server]: Feedback: [3]
[INFO] [1733809730.407745835] [fibonacci_action_server]: Feedback: [5]
[INFO] [1733809730.657908740] [fibonacci_action_server]: Feedback: [8]
[INFO] [1733809730.908137340] [fibonacci_action_server]: Feedback: [13]
[INFO] [1733809731.158382262] [fibonacci_action_server]: Feedback: [21]
[INFO] [1733809731.408641816] [fibonacci_action_server]: Feedback: [34]
[INFO] [1733809731.658867693] [fibonacci_action_server]: Feedback: [55]
[INFO] [1733809731.909078670] [fibonacci_action_server]: Goal succeeded
[INFO] [1733809731.909631299] [fibonacci_action_server]: Received goal request with order 10
[INFO] [1733809731.909774985] [fibonacci_action_server]: Executing goal...
[INFO] [1733809731.909832486] [fibonacci_action_server]: Feedback: [1]
[INFO] [1733809732.160014340] [fibonacci_action_server]: Feedback: [2]
[INFO] [1733809732.410180094] [fibonacci_action_server]: Feedback: [3]
[INFO] [1733809732.660329679] [fibonacci_action_server]: Feedback: [5]
[INFO] [1733809732.910548418] [fibonacci_action_server]: Feedback: [8]
[INFO] [1733809733.160765610] [fibonacci_action_server]: Feedback: [13]
[INFO] [1733809733.410965252] [fibonacci_action_server]: Feedback: [21]
[INFO] [1733809733.661193546] [fibonacci_action_server]: Feedback: [34]
[INFO] [1733809733.911435626] [fibonacci_action_server]: Feedback: [55]
[INFO] [1733809734.161659727] [fibonacci_action_server]: Goal succeeded
[INFO] [1733809734.161983346] [fibonacci_action_server]: Received goal request with order 10
[INFO] [1733809734.162082021] [fibonacci_action_server]: Executing goal...
[INFO] [1733809734.162121705] [fibonacci_action_server]: Feedback: [1]
[INFO] [1733809734.412278396] [fibonacci_action_server]: Feedback: [2]
[INFO] [1733809734.662524287] [fibonacci_action_server]: Feedback: [3]
[INFO] [1733809734.912748873] [fibonacci_action_server]: Feedback: [5]
[INFO] [1733809735.162947735] [fibonacci_action_server]: Feedback: [8]
[INFO] [1733809735.413155257] [fibonacci_action_server]: Feedback: [13]
[INFO] [1733809735.663365406] [fibonacci_action_server]: Feedback: [21]
[INFO] [1733809735.913552159] [fibonacci_action_server]: Feedback: [34]
[INFO] [1733809736.163710859] [fibonacci_action_server]: Feedback: [55]
[INFO] [1733809736.413956931] [fibonacci_action_server]: Goal succeeded
[INFO] [1733809736.414319809] [fibonacci_action_server]: Received goal request with order 10
[INFO] [1733809736.414418892] [fibonacci_action_server]: Executing goal...
[INFO] [1733809736.414473506] [fibonacci_action_server]: Feedback: [1]
[INFO] [1733809736.664648239] [fibonacci_action_server]: Feedback: [2]
[INFO] [1733809736.914840338] [fibonacci_action_server]: Feedback: [3]
[INFO] [1733809737.165054021] [fibonacci_action_server]: Feedback: [5]
[INFO] [1733809737.415280193] [fibonacci_action_server]: Feedback: [8]
[INFO] [1733809737.665478897] [fibonacci_action_server]: Feedback: [13]
[INFO] [1733809737.915675342] [fibonacci_action_server]: Feedback: [21]
[INFO] [1733809738.165910638] [fibonacci_action_server]: Feedback: [34]
[INFO] [1733809738.416062886] [fibonacci_action_server]: Feedback: [55]
[INFO] [1733809738.666298623] [fibonacci_action_server]: Goal succeeded
[INFO] [1733809738.666606916] [fibonacci_action_server]: Received goal request with order 10
[INFO] [1733809738.666765027] [fibonacci_action_server]: Executing goal...
[INFO] [1733809738.666816167] [fibonacci_action_server]: Feedback: [1]
[INFO] [1733809738.916959956] [fibonacci_action_server]: Feedback: [2]
[INFO] [1733809739.167191434] [fibonacci_action_server]: Feedback: [3]
[INFO] [1733809739.417433750] [fibonacci_action_server]: Feedback: [5]
[INFO] [1733809739.667692582] [fibonacci_action_server]: Feedback: [8]
[INFO] [1733809739.917893818] [fibonacci_action_server]: Feedback: [13]
[INFO] [1733809740.168199929] [fibonacci_action_server]: Feedback: [21]
[INFO] [1733809740.418449182] [fibonacci_action_server]: Feedback: [34]
[INFO] [1733809740.668672187] [fibonacci_action_server]: Feedback: [55]
[INFO] [1733809740.918992375] [fibonacci_action_server]: Goal succeeded
[INFO] [1733809740.919421922] [fibonacci_action_server]: Received goal request with order 10
[INFO] [1733809740.919575862] [fibonacci_action_server]: Executing goal...
[INFO] [1733809740.919626203] [fibonacci_action_server]: Feedback: [1]
[INFO] [1733809741.169827015] [fibonacci_action_server]: Feedback: [2]
[INFO] [1733809741.420102507] [fibonacci_action_server]: Feedback: [3]
[INFO] [1733809741.670280613] [fibonacci_action_server]: Feedback: [5]
[INFO] [1733809741.920477186] [fibonacci_action_server]: Feedback: [8]
[INFO] [1733809742.170707302] [fibonacci_action_server]: Feedback: [13]
[INFO] [1733809742.420910285] [fibonacci_action_server]: Feedback: [21]
[INFO] [1733809742.671121633] [fibonacci_action_server]: Feedback: [34]
[INFO] [1733809742.921370910] [fibonacci_action_server]: Feedback: [55]
[INFO] [1733809743.171666146] [fibonacci_action_server]: Goal succeeded
[INFO] [1733809743.172031548] [fibonacci_action_server]: Received goal request with order 10
[INFO] [1733809743.172121096] [fibonacci_action_server]: Executing goal...
[INFO] [1733809743.172174697] [fibonacci_action_server]: Feedback: [1]
[INFO] [1733809743.422374239] [fibonacci_action_server]: Feedback: [2]
[INFO] [1733809743.672604919] [fibonacci_action_server]: Feedback: [3]
[INFO] [1733809743.922829614] [fibonacci_action_server]: Feedback: [5]
[INFO] [1733809744.173049677] [fibonacci_action_server]: Feedback: [8]
[INFO] [1733809744.423274383] [fibonacci_action_server]: Feedback: [13]
[INFO] [1733809744.673478101] [fibonacci_action_server]: Feedback: [21]
[INFO] [1733809744.923703035] [fibonacci_action_server]: Feedback: [34]
[INFO] [1733809745.173916501] [fibonacci_action_server]: Feedback: [55]
[INFO] [1733809745.424179822] [fibonacci_action_server]: Goal succeeded
[INFO] [1733809745.424487970] [fibonacci_action_server]: Received goal request with order 10
[INFO] [1733809745.424681946] [fibonacci_action_server]: Executing goal...
[INFO] [1733809745.424730300] [fibonacci_action_server]: Feedback: [1]
[INFO] [1733809745.674902924] [fibonacci_action_server]: Feedback: [2]
[INFO] [1733809745.925117943] [fibonacci_action_server]: Feedback: [3]
[INFO] [1733809746.175322052] [fibonacci_action_server]: Feedback: [5]
[INFO] [1733809746.425521225] [fibonacci_action_server]: Feedback: [8]
[INFO] [1733809746.675683307] [fibonacci_action_server]: Feedback: [13]
[INFO] [1733809746.925914401] [fibonacci_action_server]: Feedback: [21]
[INFO] [1733809747.177094917] [fibonacci_action_server]: Feedback: [34]
[INFO] [1733809747.427280964] [fibonacci_action_server]: Feedback: [55]
[INFO] [1733809747.677493304] [fibonacci_action_server]: Goal succeeded
[INFO] [1733809747.677818190] [fibonacci_action_server]: Received goal request with order 10
[INFO] [1733809747.677978235] [fibonacci_action_server]: Executing goal...
[INFO] [1733809747.678024880] [fibonacci_action_server]: Feedback: [1]
[INFO] [1733809747.928225779] [fibonacci_action_server]: Feedback: [2]
[INFO] [1733809748.178464423] [fibonacci_action_server]: Feedback: [3]
[INFO] [1733809748.428684239] [fibonacci_action_server]: Feedback: [5]
[INFO] [1733809748.678928519] [fibonacci_action_server]: Feedback: [8]
[INFO] [1733809748.929146102] [fibonacci_action_server]: Feedback: [13]
[INFO] [1733809749.179392240] [fibonacci_action_server]: Feedback: [21]
[INFO] [1733809749.429617719] [fibonacci_action_server]: Feedback: [34]
[INFO] [1733809749.679870142] [fibonacci_action_server]: Feedback: [55]
[INFO] [1733809749.930099102] [fibonacci_action_server]: Goal succeeded
[INFO] [1733809749.930498179] [fibonacci_action_server]: Received goal request with order 10
[INFO] [1733809749.930591119] [fibonacci_action_server]: Executing goal...
[INFO] [1733809749.930655063] [fibonacci_action_server]: Feedback: [1]
[INFO] [1733809750.180814169] [fibonacci_action_server]: Feedback: [2]
[INFO] [1733809750.431015261] [fibonacci_action_server]: Feedback: [3]
[INFO] [1733809750.681164328] [fibonacci_action_server]: Feedback: [5]
[INFO] [1733809750.931369384] [fibonacci_action_server]: Feedback: [8]
[INFO] [1733809751.181594212] [fibonacci_action_server]: Feedback: [13]
[INFO] [1733809751.431883079] [fibonacci_action_server]: Feedback: [21]
[INFO] [1733809751.682077657] [fibonacci_action_server]: Feedback: [34]
[INFO] [1733809751.932292419] [fibonacci_action_server]: Feedback: [55]
[INFO] [1733809752.182569209] [fibonacci_action_server]: Goal succeeded
[INFO] [1733809752.182897526] [fibonacci_action_server]: Received goal request with order 10
[INFO] [1733809752.183066477] [fibonacci_action_server]: Executing goal...
[INFO] [1733809752.183114977] [fibonacci_action_server]: Feedback: [1]
[INFO] [1733809752.433302100] [fibonacci_action_server]: Feedback: [2]
[INFO] [1733809752.683507047] [fibonacci_action_server]: Feedback: [3]
[INFO] [1733809752.933720225] [fibonacci_action_server]: Feedback: [5]
[INFO] [1733809753.183836889] [fibonacci_action_server]: Feedback: [8]
[INFO] [1733809753.434007878] [fibonacci_action_server]: Feedback: [13]
[INFO] [1733809753.684220734] [fibonacci_action_server]: Feedback: [21]
[INFO] [1733809753.934407056] [fibonacci_action_server]: Feedback: [34]
[INFO] [1733809754.184599168] [fibonacci_action_server]: Feedback: [55]
[INFO] [1733809754.434860346] [fibonacci_action_server]: Goal succeeded
[INFO] [1733809754.435214368] [fibonacci_action_server]: Received goal request with order 10
[INFO] [1733809754.435355268] [fibonacci_action_server]: Executing goal...
[INFO] [1733809754.435414511] [fibonacci_action_server]: Feedback: [1]
[INFO] [1733809754.685602335] [fibonacci_action_server]: Feedback: [2]
[INFO] [1733809754.935827879] [fibonacci_action_server]: Feedback: [3]
[INFO] [1733809755.186040734] [fibonacci_action_server]: Feedback: [5]
[INFO] [1733809755.436274451] [fibonacci_action_server]: Feedback: [8]
[INFO] [1733809755.686525172] [fibonacci_action_server]: Feedback: [13]
[INFO] [1733809755.936725393] [fibonacci_action_server]: Feedback: [21]
[INFO] [1733809756.186921664] [fibonacci_action_server]: Feedback: [34]
[INFO] [1733809756.437131849] [fibonacci_action_server]: Feedback: [55]
[INFO] [1733809756.687386837] [fibonacci_action_server]: Goal succeeded
[INFO] [1733809756.687843517] [fibonacci_action_server]: Received goal request with order 10
[INFO] [1733809756.687947786] [fibonacci_action_server]: Executing goal...
[INFO] [1733809756.687990210] [fibonacci_action_server]: Feedback: [1]
[INFO] [1733809756.938205472] [fibonacci_action_server]: Feedback: [2]
[INFO] [1733809757.188427505] [fibonacci_action_server]: Feedback: [3]
[INFO] [1733809757.438599092] [fibonacci_action_server]: Feedback: [5]
[INFO] [1733809757.688823858] [fibonacci_action_server]: Feedback: [8]
[INFO] [1733809757.939098486] [fibonacci_action_server]: Feedback: [13]
[INFO] [1733809758.189292129] [fibonacci_action_server]: Feedback: [21]
[INFO] [1733809758.439529228] [fibonacci_action_server]: Feedback: [34]
[INFO] [1733809758.689737784] [fibonacci_action_server]: Feedback: [55]
[INFO] [1733809758.940029071] [fibonacci_action_server]: Goal succeeded
[INFO] [1733809758.940372980] [fibonacci_action_server]: Received goal request with order 10
[INFO] [1733809758.940514598] [fibonacci_action_server]: Executing goal...
[INFO] [1733809758.940565567] [fibonacci_action_server]: Feedback: [1]
[INFO] [1733809759.190734417] [fibonacci_action_server]: Feedback: [2]
[INFO] [1733809759.440956390] [fibonacci_action_server]: Feedback: [3]
[INFO] [1733809759.691160663] [fibonacci_action_server]: Feedback: [5]
[INFO] [1733809759.941356241] [fibonacci_action_server]: Feedback: [8]
[INFO] [1733809760.191569053] [fibonacci_action_server]: Feedback: [13]
[INFO] [1733809760.441835719] [fibonacci_action_server]: Feedback: [21]
[INFO] [1733809760.692062709] [fibonacci_action_server]: Feedback: [34]
[INFO] [1733809760.942218881] [fibonacci_action_server]: Feedback: [55]
[INFO] [1733809761.192498778] [fibonacci_action_server]: Goal succeeded
[INFO] [1733809761.192980050] [fibonacci_action_server]: Received goal request with order 10
[INFO] [1733809761.193064853] [fibonacci_action_server]: Executing goal...
[INFO] [1733809761.193101047] [fibonacci_action_server]: Feedback: [1]
[INFO] [1733809761.443228282] [fibonacci_action_server]: Feedback: [2]
[INFO] [1733809761.693472650] [fibonacci_action_server]: Feedback: [3]
[INFO] [1733809761.943742218] [fibonacci_action_server]: Feedback: [5]
[INFO] [1733809762.193983484] [fibonacci_action_server]: Feedback: [8]
[INFO] [1733809762.444157491] [fibonacci_action_server]: Feedback: [13]
[INFO] [1733809762.694359309] [fibonacci_action_server]: Feedback: [21]
[INFO] [1733809762.944618058] [fibonacci_action_server]: Feedback: [34]
[INFO] [1733809763.194826575] [fibonacci_action_server]: Feedback: [55]
[INFO] [1733809763.445073448] [fibonacci_action_server]: Goal succeeded
[INFO] [1733809763.445465592] [fibonacci_action_server]: Received goal request with order 10
[INFO] [1733809763.445550001] [fibonacci_action_server]: Executing goal...
[INFO] [1733809763.445588889] [fibonacci_action_server]: Feedback: [1]
[INFO] [1733809763.695725663] [fibonacci_action_server]: Feedback: [2]
[INFO] [1733809763.945950068] [fibonacci_action_server]: Feedback: [3]
[INFO] [1733809764.196123931] [fibonacci_action_server]: Feedback: [5]
[INFO] [1733809764.446333812] [fibonacci_action_server]: Feedback: [8]
[INFO] [1733809764.696608859] [fibonacci_action_server]: Feedback: [13]
[INFO] [1733809764.946796093] [fibonacci_action_server]: Feedback: [21]
[INFO] [1733809765.197003867] [fibonacci_action_server]: Feedback: [34]
[INFO] [1733809765.447209107] [fibonacci_action_server]: Feedback: [55]
[INFO] [1733809765.697409846] [fibonacci_action_server]: Goal succeeded
[INFO] [1733809765.697794005] [fibonacci_action_server]: Received goal request with order 10
[INFO] [1733809765.697963454] [fibonacci_action_server]: Executing goal...
[INFO] [1733809765.698012300] [fibonacci_action_server]: Feedback: [1]
[INFO] [1733809765.948216026] [fibonacci_action_server]: Feedback: [2]
[INFO] [1733809766.198429720] [fibonacci_action_server]: Feedback: [3]
[INFO] [1733809766.448619787] [fibonacci_action_server]: Feedback: [5]
[INFO] [1733809766.698838652] [fibonacci_action_server]: Feedback: [8]
[INFO] [1733809766.949052056] [fibonacci_action_server]: Feedback: [13]
[INFO] [1733809767.199245609] [fibonacci_action_server]: Feedback: [21]
[INFO] [1733809767.449474145] [fibonacci_action_server]: Feedback: [34]
[INFO] [1733809767.699662674] [fibonacci_action_server]: Feedback: [55]
[INFO] [1733809767.949928387] [fibonacci_action_server]: Goal succeeded
[INFO] [1733809767.950282647] [fibonacci_action_server]: Received goal request with order 10
[INFO] [1733809767.950456922] [fibonacci_action_server]: Executing goal...
[INFO] [1733809767.950503891] [fibonacci_action_server]: Feedback: [1]
[INFO] [1733809768.200670502] [fibonacci_action_server]: Feedback: [2]
[INFO] [1733809768.450880884] [fibonacci_action_server]: Feedback: [3]
[INFO] [1733809768.701080427] [fibonacci_action_server]: Feedback: [5]
[INFO] [1733809768.951329113] [fibonacci_action_server]: Feedback: [8]
[INFO] [1733809769.201529194] [fibonacci_action_server]: Feedback: [13]
[INFO] [1733809769.451747808] [fibonacci_action_server]: Feedback: [21]
[INFO] [1733809769.701973783] [fibonacci_action_server]: Feedback: [34]
[INFO] [1733809769.952229421] [fibonacci_action_server]: Feedback: [55]
[INFO] [1733809770.202520960] [fibonacci_action_server]: Goal succeeded
[INFO] [1733809770.202972555] [fibonacci_action_server]: Received goal request with order 10
[INFO] [1733809770.203148321] [fibonacci_action_server]: Executing goal...
[INFO] [1733809770.203200665] [fibonacci_action_server]: Feedback: [1]
[INFO] [1733809770.453368858] [fibonacci_action_server]: Feedback: [2]
[INFO] [1733809770.703559533] [fibonacci_action_server]: Feedback: [3]
[INFO] [1733809770.953800189] [fibonacci_action_server]: Feedback: [5]
[INFO] [1733809771.204060281] [fibonacci_action_server]: Feedback: [8]
[INFO] [1733809771.454330696] [fibonacci_action_server]: Feedback: [13]
[INFO] [1733809771.704532116] [fibonacci_action_server]: Feedback: [21]
[INFO] [1733809771.954778039] [fibonacci_action_server]: Feedback: [34]
[INFO] [1733809772.204959192] [fibonacci_action_server]: Feedback: [55]
[INFO] [1733809772.455230257] [fibonacci_action_server]: Goal succeeded
[INFO] [1733809772.455600493] [fibonacci_action_server]: Received goal request with order 10
[INFO] [1733809772.455770768] [fibonacci_action_server]: Executing goal...
[INFO] [1733809772.455814170] [fibonacci_action_server]: Feedback: [1]
[INFO] [1733809772.705958054] [fibonacci_action_server]: Feedback: [2]
[INFO] [1733809772.956211208] [fibonacci_action_server]: Feedback: [3]
[INFO] [1733809773.206439124] [fibonacci_action_server]: Feedback: [5]
[INFO] [1733809773.456639771] [fibonacci_action_server]: Feedback: [8]
[INFO] [1733809773.706847960] [fibonacci_action_server]: Feedback: [13]
[INFO] [1733809773.957121586] [fibonacci_action_server]: Feedback: [21]
[INFO] [1733809774.207282287] [fibonacci_action_server]: Feedback: [34]
[INFO] [1733809774.457528320] [fibonacci_action_server]: Feedback: [55]
[INFO] [1733809774.707770997] [fibonacci_action_server]: Goal succeeded
[INFO] [1733809774.708071612] [fibonacci_action_server]: Received goal request with order 10
[INFO] [1733809774.708174115] [fibonacci_action_server]: Executing goal...
[INFO] [1733809774.708223184] [fibonacci_action_server]: Feedback: [1]
[INFO] [1733809774.958347891] [fibonacci_action_server]: Feedback: [2]
[INFO] [1733809775.208599427] [fibonacci_action_server]: Feedback: [3]
[INFO] [1733809775.458805868] [fibonacci_action_server]: Feedback: [5]
[INFO] [1733809775.709004719] [fibonacci_action_server]: Feedback: [8]
[INFO] [1733809775.959191048] [fibonacci_action_server]: Feedback: [13]
[INFO] [1733809776.209416545] [fibonacci_action_server]: Feedback: [21]
[INFO] [1733809776.459600632] [fibonacci_action_server]: Feedback: [34]
[INFO] [1733809776.709789803] [fibonacci_action_server]: Feedback: [55]
[INFO] [1733809776.960005013] [fibonacci_action_server]: Goal succeeded
[INFO] [1733809776.960670153] [fibonacci_action_server]: Received goal request with order 10
[INFO] [1733809776.960763955] [fibonacci_action_server]: Executing goal...
[INFO] [1733809776.960809640] [fibonacci_action_server]: Feedback: [1]
[INFO] [1733809777.210993978] [fibonacci_action_server]: Feedback: [2]
[INFO] [1733809777.461193234] [fibonacci_action_server]: Feedback: [3]
[INFO] [1733809777.711408404] [fibonacci_action_server]: Feedback: [5]
[INFO] [1733809777.961588909] [fibonacci_action_server]: Feedback: [8]
[INFO] [1733809778.211778193] [fibonacci_action_server]: Feedback: [13]
[INFO] [1733809778.462048678] [fibonacci_action_server]: Feedback: [21]
[INFO] [1733809778.712261778] [fibonacci_action_server]: Feedback: [34]
[INFO] [1733809778.962471802] [fibonacci_action_server]: Feedback: [55]
[INFO] [1733809779.212734115] [fibonacci_action_server]: Goal succeeded
[INFO] [1733809779.213059009] [fibonacci_action_server]: Received goal request with order 10
[INFO] [1733809779.213146266] [fibonacci_action_server]: Executing goal...
[INFO] [1733809779.213194307] [fibonacci_action_server]: Feedback: [1]
[INFO] [1733809779.463336744] [fibonacci_action_server]: Feedback: [2]
[INFO] [1733809779.713553998] [fibonacci_action_server]: Feedback: [3]
[INFO] [1733809779.963723117] [fibonacci_action_server]: Feedback: [5]
[INFO] [1733809780.213920152] [fibonacci_action_server]: Feedback: [8]
[INFO] [1733809780.464119081] [fibonacci_action_server]: Feedback: [13]
[INFO] [1733809780.714312340] [fibonacci_action_server]: Feedback: [21]
[INFO] [1733809780.964514297] [fibonacci_action_server]: Feedback: [34]
[INFO] [1733809781.214718508] [fibonacci_action_server]: Feedback: [55]
[INFO] [1733809781.465000921] [fibonacci_action_server]: Goal succeeded
[INFO] [1733809781.465379980] [fibonacci_action_server]: Received goal request with order 10
[INFO] [1733809781.465560824] [fibonacci_action_server]: Executing goal...
[INFO] [1733809781.465613464] [fibonacci_action_server]: Feedback: [1]
[INFO] [1733809781.715754020] [fibonacci_action_server]: Feedback: [2]
[INFO] [1733809781.965983316] [fibonacci_action_server]: Feedback: [3]
[INFO] [1733809782.216175680] [fibonacci_action_server]: Feedback: [5]
[INFO] [1733809782.466356640] [fibonacci_action_server]: Feedback: [8]
[INFO] [1733809782.716577310] [fibonacci_action_server]: Feedback: [13]
[INFO] [1733809782.966858605] [fibonacci_action_server]: Feedback: [21]
[INFO] [1733809783.217079305] [fibonacci_action_server]: Feedback: [34]
[INFO] [1733809783.467280544] [fibonacci_action_server]: Feedback: [55]
[INFO] [1733809783.717513717] [fibonacci_action_server]: Goal succeeded
[INFO] [1733809783.717961905] [fibonacci_action_server]: Received goal request with order 10
[INFO] [1733809783.718040655] [fibonacci_action_server]: Executing goal...
[INFO] [1733809783.718082817] [fibonacci_action_server]: Feedback: [1]
[INFO] [1733809783.968235185] [fibonacci_action_server]: Feedback: [2]
[INFO] [1733809784.218405049] [fibonacci_action_server]: Feedback: [3]
[INFO] [1733809784.468665329] [fibonacci_action_server]: Feedback: [5]
[INFO] [1733809784.718894039] [fibonacci_action_server]: Feedback: [8]
[INFO] [1733809784.969131069] [fibonacci_action_server]: Feedback: [13]
[INFO] [1733809785.219318987] [fibonacci_action_server]: Feedback: [21]
[INFO] [1733809785.469485108] [fibonacci_action_server]: Feedback: [34]
[INFO] [1733809785.719721981] [fibonacci_action_server]: Feedback: [55]
[INFO] [1733809785.970015205] [fibonacci_action_server]: Goal succeeded
[INFO] [1733809785.970432738] [fibonacci_action_server]: Received goal request with order 10
[INFO] [1733809785.970519708] [fibonacci_action_server]: Executing goal...
[INFO] [1733809785.970579842] [fibonacci_action_server]: Feedback: [1]
[INFO] [1733809786.220707474] [fibonacci_action_server]: Feedback: [2]
[INFO] [1733809786.470939470] [fibonacci_action_server]: Feedback: [3]
[INFO] [1733809786.721158919] [fibonacci_action_server]: Feedback: [5]
[INFO] [1733809786.971368103] [fibonacci_action_server]: Feedback: [8]
[INFO] [1733809787.221550854] [fibonacci_action_server]: Feedback: [13]
[INFO] [1733809787.471707443] [fibonacci_action_server]: Feedback: [21]
[INFO] [1733809787.721905016] [fibonacci_action_server]: Feedback: [34]
[INFO] [1733809787.972119417] [fibonacci_action_server]: Feedback: [55]
[INFO] [1733809788.222369333] [fibonacci_action_server]: Goal succeeded
[INFO] [1733809788.222756354] [fibonacci_action_server]: Received goal request with order 10
[INFO] [1733809788.222846087] [fibonacci_action_server]: Executing goal...
[INFO] [1733809788.222893375] [fibonacci_action_server]: Feedback: [1]
[INFO] [1733809788.473058173] [fibonacci_action_server]: Feedback: [2]
[INFO] [1733809788.723308380] [fibonacci_action_server]: Feedback: [3]
[INFO] [1733809788.973571073] [fibonacci_action_server]: Feedback: [5]
[INFO] [1733809789.223749120] [fibonacci_action_server]: Feedback: [8]
[INFO] [1733809789.473943284] [fibonacci_action_server]: Feedback: [13]
[INFO] [1733809789.724162049] [fibonacci_action_server]: Feedback: [21]
[INFO] [1733809789.974356191] [fibonacci_action_server]: Feedback: [34]
[INFO] [1733809790.224587531] [fibonacci_action_server]: Feedback: [55]
[INFO] [1733809790.474825823] [fibonacci_action_server]: Goal succeeded
[INFO] [1733809790.475153207] [fibonacci_action_server]: Received goal request with order 10
[INFO] [1733809790.475243280] [fibonacci_action_server]: Executing goal...
[INFO] [1733809790.475289857] [fibonacci_action_server]: Feedback: [1]
[INFO] [1733809790.725435396] [fibonacci_action_server]: Feedback: [2]
[INFO] [1733809790.975658098] [fibonacci_action_server]: Feedback: [3]
[INFO] [1733809791.225920500] [fibonacci_action_server]: Feedback: [5]
[INFO] [1733809791.476127606] [fibonacci_action_server]: Feedback: [8]
[INFO] [1733809791.726338335] [fibonacci_action_server]: Feedback: [13]
[INFO] [1733809791.976560182] [fibonacci_action_server]: Feedback: [21]
[INFO] [1733809792.227448741] [fibonacci_action_server]: Feedback: [34]
[INFO] [1733809792.477733220] [fibonacci_action_server]: Feedback: [55]
[INFO] [1733809792.727968272] [fibonacci_action_server]: Goal succeeded
[INFO] [1733809792.728242467] [fibonacci_action_server]: Received goal request with order 10
[INFO] [1733809792.728335004] [fibonacci_action_server]: Executing goal...
[INFO] [1733809792.728384753] [fibonacci_action_server]: Feedback: [1]
[INFO] [1733809792.978593267] [fibonacci_action_server]: Feedback: [2]
[INFO] [1733809793.228832251] [fibonacci_action_server]: Feedback: [3]
[INFO] [1733809793.479056622] [fibonacci_action_server]: Feedback: [5]
[INFO] [1733809793.729211564] [fibonacci_action_server]: Feedback: [8]
[INFO] [1733809793.979456027] [fibonacci_action_server]: Feedback: [13]
[INFO] [1733809794.229729851] [fibonacci_action_server]: Feedback: [21]
[INFO] [1733809794.479901915] [fibonacci_action_server]: Feedback: [34]
[INFO] [1733809794.730122904] [fibonacci_action_server]: Feedback: [55]
[INFO] [1733809794.980360923] [fibonacci_action_server]: Goal succeeded
[INFO] [1733809794.980765746] [fibonacci_action_server]: Received goal request with order 10
[INFO] [1733809794.980855965] [fibonacci_action_server]: Executing goal...
[INFO] [1733809794.980897368] [fibonacci_action_server]: Feedback: [1]
[INFO] [1733809795.231090121] [fibonacci_action_server]: Feedback: [2]
[INFO] [1733809795.481322069] [fibonacci_action_server]: Feedback: [3]
[INFO] [1733809795.731477595] [fibonacci_action_server]: Feedback: [5]
[INFO] [1733809795.981691181] [fibonacci_action_server]: Feedback: [8]
[INFO] [1733809796.231891136] [fibonacci_action_server]: Feedback: [13]
[INFO] [1733809796.482084984] [fibonacci_action_server]: Feedback: [21]
[INFO] [1733809796.732270315] [fibonacci_action_server]: Feedback: [34]
[INFO] [1733809796.982502754] [fibonacci_action_server]: Feedback: [55]
[INFO] [1733809797.232806810] [fibonacci_action_server]: Goal succeeded
[INFO] [1733809797.233128128] [fibonacci_action_server]: Received goal request with order 10
[INFO] [1733809797.233280967] [fibonacci_action_server]: Executing goal...
[INFO] [1733809797.233334283] [fibonacci_action_server]: Feedback: [1]
[INFO] [1733809797.483499837] [fibonacci_action_server]: Feedback: [2]
[INFO] [1733809797.733666494] [fibonacci_action_server]: Feedback: [3]
[INFO] [1733809797.983834236] [fibonacci_action_server]: Feedback: [5]
[INFO] [1733809798.233990229] [fibonacci_action_server]: Feedback: [8]
[INFO] [1733809798.484208791] [fibonacci_action_server]: Feedback: [13]
[INFO] [1733809798.734456489] [fibonacci_action_server]: Feedback: [21]
[INFO] [1733809798.984666777] [fibonacci_action_server]: Feedback: [34]
[INFO] [1733809799.234879441] [fibonacci_action_server]: Feedback: [55]
[INFO] [1733809799.485128014] [fibonacci_action_server]: Goal succeeded
[INFO] [1733809799.485492137] [fibonacci_action_server]: Received goal request with order 10
[INFO] [1733809799.485625362] [fibonacci_action_server]: Executing goal...
[INFO] [1733809799.485675061] [fibonacci_action_server]: Feedback: [1]
[INFO] [1733809799.735800800] [fibonacci_action_server]: Feedback: [2]
[INFO] [1733809799.986071408] [fibonacci_action_server]: Feedback: [3]
[INFO] [1733809800.236277924] [fibonacci_action_server]: Feedback: [5]
[INFO] [1733809800.486502459] [fibonacci_action_server]: Feedback: [8]
[INFO] [1733809800.736717643] [fibonacci_action_server]: Feedback: [13]
[INFO] [1733809800.986929929] [fibonacci_action_server]: Feedback: [21]
[INFO] [1733809801.237198277] [fibonacci_action_server]: Feedback: [34]
[INFO] [1733809801.487394388] [fibonacci_action_server]: Feedback: [55]
[INFO] [1733809801.737655724] [fibonacci_action_server]: Goal succeeded
[INFO] [1733809801.738112345] [fibonacci_action_server]: Received goal request with order 10
[INFO] [1733809801.738281199] [fibonacci_action_server]: Executing goal...
[INFO] [1733809801.738358981] [fibonacci_action_server]: Feedback: [1]
[INFO] [1733809801.988496116] [fibonacci_action_server]: Feedback: [2]
[INFO] [1733809802.238782295] [fibonacci_action_server]: Feedback: [3]
[INFO] [1733809802.489016445] [fibonacci_action_server]: Feedback: [5]
[INFO] [1733809802.739237051] [fibonacci_action_server]: Feedback: [8]
[INFO] [1733809802.989473491] [fibonacci_action_server]: Feedback: [13]
[INFO] [1733809803.239748787] [fibonacci_action_server]: Feedback: [21]
[INFO] [1733809803.489950507] [fibonacci_action_server]: Feedback: [34]
[INFO] [1733809803.740189042] [fibonacci_action_server]: Feedback: [55]
[INFO] [1733809803.990416068] [fibonacci_action_server]: Goal succeeded
[INFO] [1733809803.990733193] [fibonacci_action_server]: Received goal request with order 10
[INFO] [1733809803.990832907] [fibonacci_action_server]: Executing goal...
[INFO] [1733809803.990874024] [fibonacci_action_server]: Feedback: [1]
[INFO] [1733809804.240989297] [fibonacci_action_server]: Feedback: [2]
[INFO] [1733809804.491222383] [fibonacci_action_server]: Feedback: [3]
[INFO] [1733809804.741404939] [fibonacci_action_server]: Feedback: [5]
[INFO] [1733809804.991679056] [fibonacci_action_server]: Feedback: [8]
[INFO] [1733809805.241882834] [fibonacci_action_server]: Feedback: [13]
[INFO] [1733809805.492084329] [fibonacci_action_server]: Feedback: [21]
[INFO] [1733809805.742285743] [fibonacci_action_server]: Feedback: [34]
[INFO] [1733809805.992478781] [fibonacci_action_server]: Feedback: [55]
[INFO] [1733809806.242750138] [fibonacci_action_server]: Goal succeeded
[INFO] [1733809806.243090334] [fibonacci_action_server]: Received goal request with order 10
[INFO] [1733809806.243252664] [fibonacci_action_server]: Executing goal...
[INFO] [1733809806.243324314] [fibonacci_action_server]: Feedback: [1]
[INFO] [1733809806.493512037] [fibonacci_action_server]: Feedback: [2]
[INFO] [1733809806.743714193] [fibonacci_action_server]: Feedback: [3]
[INFO] [1733809806.993962639] [fibonacci_action_server]: Feedback: [5]
[INFO] [1733809807.244137826] [fibonacci_action_server]: Feedback: [8]
[INFO] [1733809807.494351073] [fibonacci_action_server]: Feedback: [13]
[INFO] [1733809807.744552814] [fibonacci_action_server]: Feedback: [21]
[INFO] [1733809807.994771909] [fibonacci_action_server]: Feedback: [34]
[INFO] [1733809808.244965758] [fibonacci_action_server]: Feedback: [55]
[INFO] [1733809808.495270191] [fibonacci_action_server]: Goal succeeded
[INFO] [1733809808.496366661] [fibonacci_action_server]: Received goal request with order 10
[INFO] [1733809808.496509183] [fibonacci_action_server]: Executing goal...
[INFO] [1733809808.496567725] [fibonacci_action_server]: Feedback: [1]
[INFO] [1733809808.746732393] [fibonacci_action_server]: Feedback: [2]
[INFO] [1733809808.996974109] [fibonacci_action_server]: Feedback: [3]
[INFO] [1733809809.247160226] [fibonacci_action_server]: Feedback: [5]
[INFO] [1733809809.497334877] [fibonacci_action_server]: Feedback: [8]
[INFO] [1733809809.747499523] [fibonacci_action_server]: Feedback: [13]
[INFO] [1733809809.997728476] [fibonacci_action_server]: Feedback: [21]
[INFO] [1733809810.247923380] [fibonacci_action_server]: Feedback: [34]
[INFO] [1733809810.498138452] [fibonacci_action_server]: Feedback: [55]
[INFO] [1733809810.748398852] [fibonacci_action_server]: Goal succeeded
[INFO] [1733809810.748810294] [fibonacci_action_server]: Received goal request with order 10
[INFO] [1733809810.748900406] [fibonacci_action_server]: Executing goal...
[INFO] [1733809810.748945471] [fibonacci_action_server]: Feedback: [1]
[INFO] [1733809810.999127865] [fibonacci_action_server]: Feedback: [2]
[INFO] [1733809811.249342037] [fibonacci_action_server]: Feedback: [3]
[INFO] [1733809811.499573994] [fibonacci_action_server]: Feedback: [5]
[INFO] [1733809811.749802890] [fibonacci_action_server]: Feedback: [8]
[INFO] [1733809811.999962489] [fibonacci_action_server]: Feedback: [13]
[INFO] [1733809812.250184340] [fibonacci_action_server]: Feedback: [21]
[INFO] [1733809812.500420029] [fibonacci_action_server]: Feedback: [34]
[INFO] [1733809812.750688184] [fibonacci_action_server]: Feedback: [55]
[INFO] [1733809813.000967453] [fibonacci_action_server]: Goal succeeded
[INFO] [1733809813.001242232] [fibonacci_action_server]: Received goal request with order 10
[INFO] [1733809813.001337712] [fibonacci_action_server]: Executing goal...
[INFO] [1733809813.001381991] [fibonacci_action_server]: Feedback: [1]
[INFO] [1733809813.251531046] [fibonacci_action_server]: Feedback: [2]
[INFO] [1733809813.501728874] [fibonacci_action_server]: Feedback: [3]
[INFO] [1733809813.751923362] [fibonacci_action_server]: Feedback: [5]
[INFO] [1733809814.002137770] [fibonacci_action_server]: Feedback: [8]
[INFO] [1733809814.252344204] [fibonacci_action_server]: Feedback: [13]
[INFO] [1733809814.502524287] [fibonacci_action_server]: Feedback: [21]
[INFO] [1733809814.752769679] [fibonacci_action_server]: Feedback: [34]
[INFO] [1733809815.002941584] [fibonacci_action_server]: Feedback: [55]
[INFO] [1733809815.253193835] [fibonacci_action_server]: Goal succeeded
[INFO] [1733809815.253507498] [fibonacci_action_server]: Received goal request with order 10
[INFO] [1733809815.253594380] [fibonacci_action_server]: Executing goal...
[INFO] [1733809815.253638123] [fibonacci_action_server]: Feedback: [1]
[INFO] [1733809815.503732452] [fibonacci_action_server]: Feedback: [2]
[INFO] [1733809815.753995931] [fibonacci_action_server]: Feedback: [3]
[INFO] [1733809816.004183803] [fibonacci_action_server]: Feedback: [5]
[INFO] [1733809816.254436639] [fibonacci_action_server]: Feedback: [8]
[INFO] [1733809816.504657099] [fibonacci_action_server]: Feedback: [13]
[INFO] [1733809816.754902433] [fibonacci_action_server]: Feedback: [21]
[INFO] [1733809817.005102742] [fibonacci_action_server]: Feedback: [34]
[INFO] [1733809817.255371727] [fibonacci_action_server]: Feedback: [55]
[INFO] [1733809817.505614015] [fibonacci_action_server]: Goal succeeded
[INFO] [1733809817.506008849] [fibonacci_action_server]: Received goal request with order 10
[INFO] [1733809817.506174956] [fibonacci_action_server]: Executing goal...
[INFO] [1733809817.506218874] [fibonacci_action_server]: Feedback: [1]
[INFO] [1733809817.756395457] [fibonacci_action_server]: Feedback: [2]
[INFO] [1733809818.006575411] [fibonacci_action_server]: Feedback: [3]
[INFO] [1733809818.256768694] [fibonacci_action_server]: Feedback: [5]
[INFO] [1733809818.506958576] [fibonacci_action_server]: Feedback: [8]
[INFO] [1733809818.757200454] [fibonacci_action_server]: Feedback: [13]
[INFO] [1733809819.007382874] [fibonacci_action_server]: Feedback: [21]
[INFO] [1733809819.257581117] [fibonacci_action_server]: Feedback: [34]
[INFO] [1733809819.507819924] [fibonacci_action_server]: Feedback: [55]
[INFO] [1733809819.758053001] [fibonacci_action_server]: Goal succeeded
[INFO] [1733809819.758343133] [fibonacci_action_server]: Received goal request with order 10
[INFO] [1733809819.758441674] [fibonacci_action_server]: Executing goal...
[INFO] [1733809819.758474585] [fibonacci_action_server]: Feedback: [1]
[INFO] [1733809820.008632484] [fibonacci_action_server]: Feedback: [2]
[INFO] [1733809820.258806809] [fibonacci_action_server]: Feedback: [3]
[INFO] [1733809820.509067829] [fibonacci_action_server]: Feedback: [5]
[INFO] [1733809820.759276306] [fibonacci_action_server]: Feedback: [8]
[INFO] [1733809821.009414219] [fibonacci_action_server]: Feedback: [13]
[INFO] [1733809821.259629374] [fibonacci_action_server]: Feedback: [21]
[INFO] [1733809821.509883644] [fibonacci_action_server]: Feedback: [34]
[INFO] [1733809821.760108579] [fibonacci_action_server]: Feedback: [55]
[INFO] [1733809822.010364568] [fibonacci_action_server]: Goal succeeded
[INFO] [1733809822.010680081] [fibonacci_action_server]: Received goal request with order 10
[INFO] [1733809822.010824845] [fibonacci_action_server]: Executing goal...
[INFO] [1733809822.010884595] [fibonacci_action_server]: Feedback: [1]
[INFO] [1733809822.261036965] [fibonacci_action_server]: Feedback: [2]
[INFO] [1733809822.511255092] [fibonacci_action_server]: Feedback: [3]
[INFO] [1733809822.761485894] [fibonacci_action_server]: Feedback: [5]
[INFO] [1733809823.011692811] [fibonacci_action_server]: Feedback: [8]
[INFO] [1733809823.261970747] [fibonacci_action_server]: Feedback: [13]
[INFO] [1733809823.512191110] [fibonacci_action_server]: Feedback: [21]
[INFO] [1733809823.763033845] [fibonacci_action_server]: Feedback: [34]
[INFO] [1733809824.013246972] [fibonacci_action_server]: Feedback: [55]
[INFO] [1733809824.263731855] [fibonacci_action_server]: Goal succeeded
[INFO] [1733809824.264160552] [fibonacci_action_server]: Received goal request with order 10
[INFO] [1733809824.264322957] [fibonacci_action_server]: Executing goal...
[INFO] [1733809824.264402948] [fibonacci_action_server]: Feedback: [1]
[INFO] [1733809824.514574546] [fibonacci_action_server]: Feedback: [2]
[INFO] [1733809824.764788182] [fibonacci_action_server]: Feedback: [3]
[INFO] [1733809825.015013154] [fibonacci_action_server]: Feedback: [5]
[INFO] [1733809825.265252607] [fibonacci_action_server]: Feedback: [8]
[INFO] [1733809825.515494672] [fibonacci_action_server]: Feedback: [13]
[INFO] [1733809825.765702472] [fibonacci_action_server]: Feedback: [21]
[INFO] [1733809826.015913220] [fibonacci_action_server]: Feedback: [34]
[INFO] [1733809826.266102885] [fibonacci_action_server]: Feedback: [55]
[INFO] [1733809826.516317730] [fibonacci_action_server]: Goal succeeded
[INFO] [1733809826.516668920] [fibonacci_action_server]: Received goal request with order 10
[INFO] [1733809826.516764596] [fibonacci_action_server]: Executing goal...
[INFO] [1733809826.516812351] [fibonacci_action_server]: Feedback: [1]
[INFO] [1733809826.766936539] [fibonacci_action_server]: Feedback: [2]
[INFO] [1733809827.017133509] [fibonacci_action_server]: Feedback: [3]
[INFO] [1733809827.267317413] [fibonacci_action_server]: Feedback: [5]
[INFO] [1733809827.517521983] [fibonacci_action_server]: Feedback: [8]
[INFO] [1733809827.767716930] [fibonacci_action_server]: Feedback: [13]
[INFO] [1733809828.017926796] [fibonacci_action_server]: Feedback: [21]
[INFO] [1733809828.268172041] [fibonacci_action_server]: Feedback: [34]
[INFO] [1733809828.518379658] [fibonacci_action_server]: Feedback: [55]
[INFO] [1733809828.768626372] [fibonacci_action_server]: Goal succeeded
[INFO] [1733809828.769080896] [fibonacci_action_server]: Received goal request with order 10
[INFO] [1733809828.769204673] [fibonacci_action_server]: Executing goal...
[INFO] [1733809828.769250868] [fibonacci_action_server]: Feedback: [1]
[INFO] [1733809829.019377851] [fibonacci_action_server]: Feedback: [2]
[INFO] [1733809829.269571921] [fibonacci_action_server]: Feedback: [3]
[INFO] [1733809829.519787919] [fibonacci_action_server]: Feedback: [5]
[INFO] [1733809829.769962661] [fibonacci_action_server]: Feedback: [8]
[INFO] [1733809830.020159455] [fibonacci_action_server]: Feedback: [13]
[INFO] [1733809830.270368566] [fibonacci_action_server]: Feedback: [21]
[INFO] [1733809830.520562821] [fibonacci_action_server]: Feedback: [34]
[INFO] [1733809830.770747253] [fibonacci_action_server]: Feedback: [55]
[INFO] [1733809831.020977746] [fibonacci_action_server]: Goal succeeded
[INFO] [1733809831.021389486] [fibonacci_action_server]: Received goal request with order 10
[INFO] [1733809831.021569743] [fibonacci_action_server]: Executing goal...
[INFO] [1733809831.021619110] [fibonacci_action_server]: Feedback: [1]
[INFO] [1733809831.271783264] [fibonacci_action_server]: Feedback: [2]
[INFO] [1733809831.522019947] [fibonacci_action_server]: Feedback: [3]
[INFO] [1733809831.772216548] [fibonacci_action_server]: Feedback: [5]
[INFO] [1733809832.022415575] [fibonacci_action_server]: Feedback: [8]
[INFO] [1733809832.272715479] [fibonacci_action_server]: Feedback: [13]
[INFO] [1733809832.522876180] [fibonacci_action_server]: Feedback: [21]
[INFO] [1733809832.773067955] [fibonacci_action_server]: Feedback: [34]
[INFO] [1733809833.023273093] [fibonacci_action_server]: Feedback: [55]
[INFO] [1733809833.273478781] [fibonacci_action_server]: Goal succeeded
[INFO] [1733809833.273871618] [fibonacci_action_server]: Received goal request with order 10
[INFO] [1733809833.273962748] [fibonacci_action_server]: Executing goal...
[INFO] [1733809833.274009582] [fibonacci_action_server]: Feedback: [1]
[INFO] [1733809833.524200476] [fibonacci_action_server]: Feedback: [2]
[INFO] [1733809833.774417356] [fibonacci_action_server]: Feedback: [3]
[INFO] [1733809834.024683212] [fibonacci_action_server]: Feedback: [5]
[INFO] [1733809834.274929592] [fibonacci_action_server]: Feedback: [8]
[INFO] [1733809834.525086103] [fibonacci_action_server]: Feedback: [13]
[INFO] [1733809834.775301551] [fibonacci_action_server]: Feedback: [21]
[INFO] [1733809835.025510552] [fibonacci_action_server]: Feedback: [34]
[INFO] [1733809835.275741992] [fibonacci_action_server]: Feedback: [55]
[INFO] [1733809835.525947699] [fibonacci_action_server]: Goal succeeded
[INFO] [1733809835.526306965] [fibonacci_action_server]: Received goal request with order 10
[INFO] [1733809835.526421300] [fibonacci_action_server]: Executing goal...
[INFO] [1733809835.526459013] [fibonacci_action_server]: Feedback: [1]
[INFO] [1733809835.776617854] [fibonacci_action_server]: Feedback: [2]
[INFO] [1733809836.026815404] [fibonacci_action_server]: Feedback: [3]
[INFO] [1733809836.277039185] [fibonacci_action_server]: Feedback: [5]
[INFO] [1733809836.527248439] [fibonacci_action_server]: Feedback: [8]
[INFO] [1733809836.777471563] [fibonacci_action_server]: Feedback: [13]
[INFO] [1733809837.027683241] [fibonacci_action_server]: Feedback: [21]
[INFO] [1733809837.277943257] [fibonacci_action_server]: Feedback: [34]
[INFO] [1733809837.528172325] [fibonacci_action_server]: Feedback: [55]
[INFO] [1733809837.778465259] [fibonacci_action_server]: Goal succeeded
[INFO] [1733809837.778872014] [fibonacci_action_server]: Received goal request with order 10
[INFO] [1733809837.779109371] [fibonacci_action_server]: Executing goal...
[INFO] [1733809837.779265575] [fibonacci_action_server]: Feedback: [1]
[INFO] [1733809838.029401830] [fibonacci_action_server]: Feedback: [2]
[INFO] [1733809838.279619691] [fibonacci_action_server]: Feedback: [3]
[INFO] [1733809838.529806851] [fibonacci_action_server]: Feedback: [5]
[INFO] [1733809838.780052250] [fibonacci_action_server]: Feedback: [8]
[INFO] [1733809839.030250008] [fibonacci_action_server]: Feedback: [13]
[INFO] [1733809839.280454159] [fibonacci_action_server]: Feedback: [21]
[INFO] [1733809839.530686762] [fibonacci_action_server]: Feedback: [34]
[INFO] [1733809839.780918299] [fibonacci_action_server]: Feedback: [55]
[INFO] [1733809840.031170802] [fibonacci_action_server]: Goal succeeded
[INFO] [1733809840.031449577] [fibonacci_action_server]: Received goal request with order 10
[INFO] [1733809840.031534939] [fibonacci_action_server]: Executing goal...
[INFO] [1733809840.031576146] [fibonacci_action_server]: Feedback: [1]
[INFO] [1733809840.281776655] [fibonacci_action_server]: Feedback: [2]
[INFO] [1733809840.531945437] [fibonacci_action_server]: Feedback: [3]
[INFO] [1733809840.782140973] [fibonacci_action_server]: Feedback: [5]
[INFO] [1733809841.032296581] [fibonacci_action_server]: Feedback: [8]
[INFO] [1733809841.282500124] [fibonacci_action_server]: Feedback: [13]
[INFO] [1733809841.532712297] [fibonacci_action_server]: Feedback: [21]
[INFO] [1733809841.782924334] [fibonacci_action_server]: Feedback: [34]
[INFO] [1733809842.033127390] [fibonacci_action_server]: Feedback: [55]
[INFO] [1733809842.283386088] [fibonacci_action_server]: Goal succeeded
[INFO] [1733809842.283782267] [fibonacci_action_server]: Received goal request with order 10
[INFO] [1733809842.283939243] [fibonacci_action_server]: Executing goal...
[INFO] [1733809842.283987333] [fibonacci_action_server]: Feedback: [1]
[INFO] [1733809842.534090518] [fibonacci_action_server]: Feedback: [2]
[INFO] [1733809842.784348779] [fibonacci_action_server]: Feedback: [3]
[INFO] [1733809843.034574475] [fibonacci_action_server]: Feedback: [5]
[INFO] [1733809843.284761567] [fibonacci_action_server]: Feedback: [8]
[INFO] [1733809843.534962563] [fibonacci_action_server]: Feedback: [13]
[INFO] [1733809843.785177715] [fibonacci_action_server]: Feedback: [21]
[INFO] [1733809844.035406451] [fibonacci_action_server]: Feedback: [34]
[INFO] [1733809844.285601844] [fibonacci_action_server]: Feedback: [55]
[INFO] [1733809844.535918213] [fibonacci_action_server]: Goal succeeded
[INFO] [1733809844.536231570] [fibonacci_action_server]: Received goal request with order 10
[INFO] [1733809844.536356279] [fibonacci_action_server]: Executing goal...
[INFO] [1733809844.536425947] [fibonacci_action_server]: Feedback: [1]
[INFO] [1733809844.786588992] [fibonacci_action_server]: Feedback: [2]
[INFO] [1733809845.036810175] [fibonacci_action_server]: Feedback: [3]
[INFO] [1733809845.286984723] [fibonacci_action_server]: Feedback: [5]
[INFO] [1733809845.537166898] [fibonacci_action_server]: Feedback: [8]
[INFO] [1733809845.787415743] [fibonacci_action_server]: Feedback: [13]
[INFO] [1733809846.037607687] [fibonacci_action_server]: Feedback: [21]
[INFO] [1733809846.287850407] [fibonacci_action_server]: Feedback: [34]
[INFO] [1733809846.538023657] [fibonacci_action_server]: Feedback: [55]
[INFO] [1733809846.596942595] [fibonacci_action_server]: Timeout reached, shutting down node...
RAPL is set
