[INFO] [1733623398.104241383] [fibonacci_action_server]: Executing goal...
[INFO] [1733623398.104645520] [fibonacci_action_server]: Feedback: array('i', [0, 1, 1])
[INFO] [1733623398.605952328] [fibonacci_action_server]: Feedback: array('i', [0, 1, 1, 2])
[INFO] [1733623399.107392728] [fibonacci_action_server]: Feedback: array('i', [0, 1, 1, 2, 3])
[INFO] [1733623399.608657209] [fibonacci_action_server]: Feedback: array('i', [0, 1, 1, 2, 3, 5])
[INFO] [1733623400.110246324] [fibonacci_action_server]: Feedback: array('i', [0, 1, 1, 2, 3, 5, 8])
[INFO] [1733623400.611372525] [fibonacci_action_server]: Feedback: array('i', [0, 1, 1, 2, 3, 5, 8, 13])
[INFO] [1733623401.112641617] [fibonacci_action_server]: Feedback: array('i', [0, 1, 1, 2, 3, 5, 8, 13, 21])
[INFO] [1733623401.614064837] [fibonacci_action_server]: Feedback: array('i', [0, 1, 1, 2, 3, 5, 8, 13, 21, 34])
[INFO] [1733623402.115494707] [fibonacci_action_server]: Feedback: array('i', [0, 1, 1, 2, 3, 5, 8, 13, 21, 34, 55])
[INFO] [1733623403.121913839] [fibonacci_action_server]: Executing goal...
[INFO] [1733623403.122282375] [fibonacci_action_server]: Feedback: array('i', [0, 1, 1])
[INFO] [1733623403.623643420] [fibonacci_action_server]: Feedback: array('i', [0, 1, 1, 2])
[INFO] [1733623404.124577631] [fibonacci_action_server]: Feedback: array('i', [0, 1, 1, 2, 3])
[INFO] [1733623404.626095295] [fibonacci_action_server]: Feedback: array('i', [0, 1, 1, 2, 3, 5])
[INFO] [1733623405.127279228] [fibonacci_action_server]: Feedback: array('i', [0, 1, 1, 2, 3, 5, 8])
[INFO] [1733623405.628252637] [fibonacci_action_server]: Feedback: array('i', [0, 1, 1, 2, 3, 5, 8, 13])
[INFO] [1733623406.129368980] [fibonacci_action_server]: Feedback: array('i', [0, 1, 1, 2, 3, 5, 8, 13, 21])
[INFO] [1733623406.630513925] [fibonacci_action_server]: Feedback: array('i', [0, 1, 1, 2, 3, 5, 8, 13, 21, 34])
[INFO] [1733623407.132143434] [fibonacci_action_server]: Feedback: array('i', [0, 1, 1, 2, 3, 5, 8, 13, 21, 34, 55])
[INFO] [1733623408.138024985] [fibonacci_action_server]: Executing goal...
[INFO] [1733623408.138406334] [fibonacci_action_server]: Feedback: array('i', [0, 1, 1])
[INFO] [1733623408.639740047] [fibonacci_action_server]: Feedback: array('i', [0, 1, 1, 2])
[INFO] [1733623409.140604588] [fibonacci_action_server]: Feedback: array('i', [0, 1, 1, 2, 3])
[INFO] [1733623409.642069645] [fibonacci_action_server]: Feedback: array('i', [0, 1, 1, 2, 3, 5])
[INFO] [1733623410.143523848] [fibonacci_action_server]: Feedback: array('i', [0, 1, 1, 2, 3, 5, 8])
[INFO] [1733623410.644461908] [fibonacci_action_server]: Feedback: array('i', [0, 1, 1, 2, 3, 5, 8, 13])
[INFO] [1733623411.145957154] [fibonacci_action_server]: Feedback: array('i', [0, 1, 1, 2, 3, 5, 8, 13, 21])
[INFO] [1733623411.647605627] [fibonacci_action_server]: Feedback: array('i', [0, 1, 1, 2, 3, 5, 8, 13, 21, 34])
[INFO] [1733623412.149264861] [fibonacci_action_server]: Feedback: array('i', [0, 1, 1, 2, 3, 5, 8, 13, 21, 34, 55])
[INFO] [1733623413.154891050] [fibonacci_action_server]: Executing goal...
[INFO] [1733623413.155322547] [fibonacci_action_server]: Feedback: array('i', [0, 1, 1])
[INFO] [1733623413.656352136] [fibonacci_action_server]: Feedback: array('i', [0, 1, 1, 2])
[INFO] [1733623414.157887032] [fibonacci_action_server]: Feedback: array('i', [0, 1, 1, 2, 3])
[INFO] [1733623414.659204811] [fibonacci_action_server]: Feedback: array('i', [0, 1, 1, 2, 3, 5])
[INFO] [1733623415.160902401] [fibonacci_action_server]: Feedback: array('i', [0, 1, 1, 2, 3, 5, 8])
[INFO] [1733623415.662381055] [fibonacci_action_server]: Feedback: array('i', [0, 1, 1, 2, 3, 5, 8, 13])
[INFO] [1733623416.163923341] [fibonacci_action_server]: Feedback: array('i', [0, 1, 1, 2, 3, 5, 8, 13, 21])
[INFO] [1733623416.665221580] [fibonacci_action_server]: Feedback: array('i', [0, 1, 1, 2, 3, 5, 8, 13, 21, 34])
[INFO] [1733623417.166361436] [fibonacci_action_server]: Feedback: array('i', [0, 1, 1, 2, 3, 5, 8, 13, 21, 34, 55])
[INFO] [1733623418.171616697] [fibonacci_action_server]: Executing goal...
[INFO] [1733623418.172118493] [fibonacci_action_server]: Feedback: array('i', [0, 1, 1])
[INFO] [1733623418.673236394] [fibonacci_action_server]: Feedback: array('i', [0, 1, 1, 2])
[INFO] [1733623419.174758832] [fibonacci_action_server]: Feedback: array('i', [0, 1, 1, 2, 3])
[INFO] [1733623419.676432888] [fibonacci_action_server]: Feedback: array('i', [0, 1, 1, 2, 3, 5])
[INFO] [1733623420.177968514] [fibonacci_action_server]: Feedback: array('i', [0, 1, 1, 2, 3, 5, 8])
[INFO] [1733623420.679417372] [fibonacci_action_server]: Feedback: array('i', [0, 1, 1, 2, 3, 5, 8, 13])
[INFO] [1733623421.180584516] [fibonacci_action_server]: Feedback: array('i', [0, 1, 1, 2, 3, 5, 8, 13, 21])
[INFO] [1733623421.682021852] [fibonacci_action_server]: Feedback: array('i', [0, 1, 1, 2, 3, 5, 8, 13, 21, 34])
[INFO] [1733623422.183509017] [fibonacci_action_server]: Feedback: array('i', [0, 1, 1, 2, 3, 5, 8, 13, 21, 34, 55])
[INFO] [1733623423.188443124] [fibonacci_action_server]: Executing goal...
[INFO] [1733623423.188856240] [fibonacci_action_server]: Feedback: array('i', [0, 1, 1])
[INFO] [1733623423.690330630] [fibonacci_action_server]: Feedback: array('i', [0, 1, 1, 2])
[INFO] [1733623424.192012739] [fibonacci_action_server]: Feedback: array('i', [0, 1, 1, 2, 3])
[INFO] [1733623424.693357219] [fibonacci_action_server]: Feedback: array('i', [0, 1, 1, 2, 3, 5])
[INFO] [1733623425.194785396] [fibonacci_action_server]: Feedback: array('i', [0, 1, 1, 2, 3, 5, 8])
[INFO] [1733623425.696298427] [fibonacci_action_server]: Feedback: array('i', [0, 1, 1, 2, 3, 5, 8, 13])
[INFO] [1733623426.197676231] [fibonacci_action_server]: Feedback: array('i', [0, 1, 1, 2, 3, 5, 8, 13, 21])
[INFO] [1733623426.698961753] [fibonacci_action_server]: Feedback: array('i', [0, 1, 1, 2, 3, 5, 8, 13, 21, 34])
[INFO] [1733623427.200594603] [fibonacci_action_server]: Feedback: array('i', [0, 1, 1, 2, 3, 5, 8, 13, 21, 34, 55])
[INFO] [1733623428.206322214] [fibonacci_action_server]: Executing goal...
[INFO] [1733623428.206694489] [fibonacci_action_server]: Feedback: array('i', [0, 1, 1])
[INFO] [1733623428.708154484] [fibonacci_action_server]: Feedback: array('i', [0, 1, 1, 2])
[INFO] [1733623429.209316421] [fibonacci_action_server]: Feedback: array('i', [0, 1, 1, 2, 3])
[INFO] [1733623429.710513557] [fibonacci_action_server]: Feedback: array('i', [0, 1, 1, 2, 3, 5])
[INFO] [1733623430.211679933] [fibonacci_action_server]: Feedback: array('i', [0, 1, 1, 2, 3, 5, 8])
[INFO] [1733623430.713159467] [fibonacci_action_server]: Feedback: array('i', [0, 1, 1, 2, 3, 5, 8, 13])
[INFO] [1733623431.214720344] [fibonacci_action_server]: Feedback: array('i', [0, 1, 1, 2, 3, 5, 8, 13, 21])
[INFO] [1733623431.716266091] [fibonacci_action_server]: Feedback: array('i', [0, 1, 1, 2, 3, 5, 8, 13, 21, 34])
[INFO] [1733623432.217903377] [fibonacci_action_server]: Feedback: array('i', [0, 1, 1, 2, 3, 5, 8, 13, 21, 34, 55])
[INFO] [1733623433.223707364] [fibonacci_action_server]: Executing goal...
[INFO] [1733623433.224237966] [fibonacci_action_server]: Feedback: array('i', [0, 1, 1])
[INFO] [1733623433.725424903] [fibonacci_action_server]: Feedback: array('i', [0, 1, 1, 2])
[INFO] [1733623434.226589976] [fibonacci_action_server]: Feedback: array('i', [0, 1, 1, 2, 3])
[INFO] [1733623434.728020463] [fibonacci_action_server]: Feedback: array('i', [0, 1, 1, 2, 3, 5])
[INFO] [1733623435.229440341] [fibonacci_action_server]: Feedback: array('i', [0, 1, 1, 2, 3, 5, 8])
[INFO] [1733623435.730903224] [fibonacci_action_server]: Feedback: array('i', [0, 1, 1, 2, 3, 5, 8, 13])
[INFO] [1733623436.232388043] [fibonacci_action_server]: Feedback: array('i', [0, 1, 1, 2, 3, 5, 8, 13, 21])
[INFO] [1733623436.733837607] [fibonacci_action_server]: Feedback: array('i', [0, 1, 1, 2, 3, 5, 8, 13, 21, 34])
[INFO] [1733623437.235323503] [fibonacci_action_server]: Feedback: array('i', [0, 1, 1, 2, 3, 5, 8, 13, 21, 34, 55])
[INFO] [1733623438.240887211] [fibonacci_action_server]: Executing goal...
[INFO] [1733623438.241372609] [fibonacci_action_server]: Feedback: array('i', [0, 1, 1])
[INFO] [1733623438.742431629] [fibonacci_action_server]: Feedback: array('i', [0, 1, 1, 2])
[INFO] [1733623439.244034943] [fibonacci_action_server]: Feedback: array('i', [0, 1, 1, 2, 3])
[INFO] [1733623439.745681658] [fibonacci_action_server]: Feedback: array('i', [0, 1, 1, 2, 3, 5])
[INFO] [1733623440.247084906] [fibonacci_action_server]: Feedback: array('i', [0, 1, 1, 2, 3, 5, 8])
[INFO] [1733623440.748635663] [fibonacci_action_server]: Feedback: array('i', [0, 1, 1, 2, 3, 5, 8, 13])
[INFO] [1733623441.249922090] [fibonacci_action_server]: Feedback: array('i', [0, 1, 1, 2, 3, 5, 8, 13, 21])
[INFO] [1733623441.751140947] [fibonacci_action_server]: Feedback: array('i', [0, 1, 1, 2, 3, 5, 8, 13, 21, 34])
[INFO] [1733623442.252217671] [fibonacci_action_server]: Feedback: array('i', [0, 1, 1, 2, 3, 5, 8, 13, 21, 34, 55])
[INFO] [1733623443.257780780] [fibonacci_action_server]: Executing goal...
[INFO] [1733623443.258412325] [fibonacci_action_server]: Feedback: array('i', [0, 1, 1])
[INFO] [1733623443.759875940] [fibonacci_action_server]: Feedback: array('i', [0, 1, 1, 2])
[INFO] [1733623444.261351875] [fibonacci_action_server]: Feedback: array('i', [0, 1, 1, 2, 3])
[INFO] [1733623444.762793058] [fibonacci_action_server]: Feedback: array('i', [0, 1, 1, 2, 3, 5])
[INFO] [1733623445.264447775] [fibonacci_action_server]: Feedback: array('i', [0, 1, 1, 2, 3, 5, 8])
[INFO] [1733623445.765750070] [fibonacci_action_server]: Feedback: array('i', [0, 1, 1, 2, 3, 5, 8, 13])
[INFO] [1733623446.267235933] [fibonacci_action_server]: Feedback: array('i', [0, 1, 1, 2, 3, 5, 8, 13, 21])
[INFO] [1733623446.768372050] [fibonacci_action_server]: Feedback: array('i', [0, 1, 1, 2, 3, 5, 8, 13, 21, 34])
[INFO] [1733623447.269974971] [fibonacci_action_server]: Feedback: array('i', [0, 1, 1, 2, 3, 5, 8, 13, 21, 34, 55])
[INFO] [1733623448.275745667] [fibonacci_action_server]: Executing goal...
[INFO] [1733623448.276148841] [fibonacci_action_server]: Feedback: array('i', [0, 1, 1])
[INFO] [1733623448.777326877] [fibonacci_action_server]: Feedback: array('i', [0, 1, 1, 2])
[INFO] [1733623449.278794800] [fibonacci_action_server]: Feedback: array('i', [0, 1, 1, 2, 3])
[INFO] [1733623449.780384022] [fibonacci_action_server]: Feedback: array('i', [0, 1, 1, 2, 3, 5])
[INFO] [1733623450.281728111] [fibonacci_action_server]: Feedback: array('i', [0, 1, 1, 2, 3, 5, 8])
[INFO] [1733623450.782941225] [fibonacci_action_server]: Feedback: array('i', [0, 1, 1, 2, 3, 5, 8, 13])
[INFO] [1733623451.284482032] [fibonacci_action_server]: Feedback: array('i', [0, 1, 1, 2, 3, 5, 8, 13, 21])
[INFO] [1733623451.785942403] [fibonacci_action_server]: Feedback: array('i', [0, 1, 1, 2, 3, 5, 8, 13, 21, 34])
[INFO] [1733623452.287389747] [fibonacci_action_server]: Feedback: array('i', [0, 1, 1, 2, 3, 5, 8, 13, 21, 34, 55])
[INFO] [1733623453.292803748] [fibonacci_action_server]: Executing goal...
[INFO] [1733623453.293286252] [fibonacci_action_server]: Feedback: array('i', [0, 1, 1])
[INFO] [1733623453.794340896] [fibonacci_action_server]: Feedback: array('i', [0, 1, 1, 2])
[INFO] [1733623454.295514709] [fibonacci_action_server]: Feedback: array('i', [0, 1, 1, 2, 3])
[INFO] [1733623454.796230178] [fibonacci_action_server]: Feedback: array('i', [0, 1, 1, 2, 3, 5])
[INFO] [1733623455.297423459] [fibonacci_action_server]: Feedback: array('i', [0, 1, 1, 2, 3, 5, 8])
[INFO] [1733623455.798871447] [fibonacci_action_server]: Feedback: array('i', [0, 1, 1, 2, 3, 5, 8, 13])
[INFO] [1733623456.300406972] [fibonacci_action_server]: Feedback: array('i', [0, 1, 1, 2, 3, 5, 8, 13, 21])
[INFO] [1733623456.801860698] [fibonacci_action_server]: Feedback: array('i', [0, 1, 1, 2, 3, 5, 8, 13, 21, 34])
[INFO] [1733623457.303307754] [fibonacci_action_server]: Feedback: array('i', [0, 1, 1, 2, 3, 5, 8, 13, 21, 34, 55])
[INFO] [1733623458.308864090] [fibonacci_action_server]: Executing goal...
[INFO] [1733623458.309237830] [fibonacci_action_server]: Feedback: array('i', [0, 1, 1])
[INFO] [1733623458.810277615] [fibonacci_action_server]: Feedback: array('i', [0, 1, 1, 2])
[INFO] [1733623459.311427000] [fibonacci_action_server]: Feedback: array('i', [0, 1, 1, 2, 3])
[INFO] [1733623459.812540640] [fibonacci_action_server]: Feedback: array('i', [0, 1, 1, 2, 3, 5])
[INFO] [1733623460.313823407] [fibonacci_action_server]: Feedback: array('i', [0, 1, 1, 2, 3, 5, 8])
[INFO] [1733623460.815313643] [fibonacci_action_server]: Feedback: array('i', [0, 1, 1, 2, 3, 5, 8, 13])
[INFO] [1733623461.316383548] [fibonacci_action_server]: Feedback: array('i', [0, 1, 1, 2, 3, 5, 8, 13, 21])
[INFO] [1733623461.817683816] [fibonacci_action_server]: Feedback: array('i', [0, 1, 1, 2, 3, 5, 8, 13, 21, 34])
[INFO] [1733623462.319111689] [fibonacci_action_server]: Feedback: array('i', [0, 1, 1, 2, 3, 5, 8, 13, 21, 34, 55])
[INFO] [1733623463.324416354] [fibonacci_action_server]: Executing goal...
[INFO] [1733623463.324789042] [fibonacci_action_server]: Feedback: array('i', [0, 1, 1])
[INFO] [1733623463.826169941] [fibonacci_action_server]: Feedback: array('i', [0, 1, 1, 2])
[INFO] [1733623464.328014262] [fibonacci_action_server]: Feedback: array('i', [0, 1, 1, 2, 3])
[INFO] [1733623464.829469155] [fibonacci_action_server]: Feedback: array('i', [0, 1, 1, 2, 3, 5])
[INFO] [1733623465.330980166] [fibonacci_action_server]: Feedback: array('i', [0, 1, 1, 2, 3, 5, 8])
[INFO] [1733623465.832222661] [fibonacci_action_server]: Feedback: array('i', [0, 1, 1, 2, 3, 5, 8, 13])
[INFO] [1733623466.333340997] [fibonacci_action_server]: Feedback: array('i', [0, 1, 1, 2, 3, 5, 8, 13, 21])
[INFO] [1733623466.834512966] [fibonacci_action_server]: Feedback: array('i', [0, 1, 1, 2, 3, 5, 8, 13, 21, 34])
[INFO] [1733623467.336145792] [fibonacci_action_server]: Feedback: array('i', [0, 1, 1, 2, 3, 5, 8, 13, 21, 34, 55])
[INFO] [1733623468.342065695] [fibonacci_action_server]: Executing goal...
[INFO] [1733623468.342447560] [fibonacci_action_server]: Feedback: array('i', [0, 1, 1])
[INFO] [1733623468.843743782] [fibonacci_action_server]: Feedback: array('i', [0, 1, 1, 2])
[INFO] [1733623469.345076950] [fibonacci_action_server]: Feedback: array('i', [0, 1, 1, 2, 3])
[INFO] [1733623469.846554749] [fibonacci_action_server]: Feedback: array('i', [0, 1, 1, 2, 3, 5])
[INFO] [1733623470.348198820] [fibonacci_action_server]: Feedback: array('i', [0, 1, 1, 2, 3, 5, 8])
[INFO] [1733623470.849432897] [fibonacci_action_server]: Feedback: array('i', [0, 1, 1, 2, 3, 5, 8, 13])
[INFO] [1733623471.350875010] [fibonacci_action_server]: Feedback: array('i', [0, 1, 1, 2, 3, 5, 8, 13, 21])
[INFO] [1733623471.852519948] [fibonacci_action_server]: Feedback: array('i', [0, 1, 1, 2, 3, 5, 8, 13, 21, 34])
[INFO] [1733623472.354121552] [fibonacci_action_server]: Feedback: array('i', [0, 1, 1, 2, 3, 5, 8, 13, 21, 34, 55])
[INFO] [1733623473.359975324] [fibonacci_action_server]: Executing goal...
[INFO] [1733623473.360464218] [fibonacci_action_server]: Feedback: array('i', [0, 1, 1])
[INFO] [1733623473.861618844] [fibonacci_action_server]: Feedback: array('i', [0, 1, 1, 2])
[INFO] [1733623474.363078971] [fibonacci_action_server]: Feedback: array('i', [0, 1, 1, 2, 3])
[INFO] [1733623474.864262894] [fibonacci_action_server]: Feedback: array('i', [0, 1, 1, 2, 3, 5])
[INFO] [1733623475.365885303] [fibonacci_action_server]: Feedback: array('i', [0, 1, 1, 2, 3, 5, 8])
[INFO] [1733623475.867377347] [fibonacci_action_server]: Feedback: array('i', [0, 1, 1, 2, 3, 5, 8, 13])
[INFO] [1733623476.368482670] [fibonacci_action_server]: Feedback: array('i', [0, 1, 1, 2, 3, 5, 8, 13, 21])
[INFO] [1733623476.869944352] [fibonacci_action_server]: Feedback: array('i', [0, 1, 1, 2, 3, 5, 8, 13, 21, 34])
[INFO] [1733623477.371425692] [fibonacci_action_server]: Feedback: array('i', [0, 1, 1, 2, 3, 5, 8, 13, 21, 34, 55])
[INFO] [1733623478.377118657] [fibonacci_action_server]: Executing goal...
[INFO] [1733623478.377565488] [fibonacci_action_server]: Feedback: array('i', [0, 1, 1])
[INFO] [1733623478.878600728] [fibonacci_action_server]: Feedback: array('i', [0, 1, 1, 2])
[INFO] [1733623479.380189693] [fibonacci_action_server]: Feedback: array('i', [0, 1, 1, 2, 3])
[INFO] [1733623479.881854401] [fibonacci_action_server]: Feedback: array('i', [0, 1, 1, 2, 3, 5])
[INFO] [1733623480.383530887] [fibonacci_action_server]: Feedback: array('i', [0, 1, 1, 2, 3, 5, 8])
[INFO] [1733623480.884841678] [fibonacci_action_server]: Feedback: array('i', [0, 1, 1, 2, 3, 5, 8, 13])
[INFO] [1733623481.386256946] [fibonacci_action_server]: Feedback: array('i', [0, 1, 1, 2, 3, 5, 8, 13, 21])
[INFO] [1733623481.887707274] [fibonacci_action_server]: Feedback: array('i', [0, 1, 1, 2, 3, 5, 8, 13, 21, 34])
[INFO] [1733623482.388567132] [fibonacci_action_server]: Feedback: array('i', [0, 1, 1, 2, 3, 5, 8, 13, 21, 34, 55])
[INFO] [1733623483.394243043] [fibonacci_action_server]: Executing goal...
[INFO] [1733623483.394608999] [fibonacci_action_server]: Feedback: array('i', [0, 1, 1])
[INFO] [1733623483.895972967] [fibonacci_action_server]: Feedback: array('i', [0, 1, 1, 2])
[INFO] [1733623484.397338391] [fibonacci_action_server]: Feedback: array('i', [0, 1, 1, 2, 3])
[INFO] [1733623484.898941984] [fibonacci_action_server]: Feedback: array('i', [0, 1, 1, 2, 3, 5])
[INFO] [1733623485.400497608] [fibonacci_action_server]: Feedback: array('i', [0, 1, 1, 2, 3, 5, 8])
[INFO] [1733623485.901907416] [fibonacci_action_server]: Feedback: array('i', [0, 1, 1, 2, 3, 5, 8, 13])
[INFO] [1733623486.403410942] [fibonacci_action_server]: Feedback: array('i', [0, 1, 1, 2, 3, 5, 8, 13, 21])
[INFO] [1733623486.904256550] [fibonacci_action_server]: Feedback: array('i', [0, 1, 1, 2, 3, 5, 8, 13, 21, 34])
[INFO] [1733623487.405391609] [fibonacci_action_server]: Feedback: array('i', [0, 1, 1, 2, 3, 5, 8, 13, 21, 34, 55])
[INFO] [1733623488.411046627] [fibonacci_action_server]: Executing goal...
[INFO] [1733623488.411451633] [fibonacci_action_server]: Feedback: array('i', [0, 1, 1])
[INFO] [1733623488.912558210] [fibonacci_action_server]: Feedback: array('i', [0, 1, 1, 2])
[INFO] [1733623489.413799240] [fibonacci_action_server]: Feedback: array('i', [0, 1, 1, 2, 3])
[INFO] [1733623489.915038095] [fibonacci_action_server]: Feedback: array('i', [0, 1, 1, 2, 3, 5])
[INFO] [1733623490.416240224] [fibonacci_action_server]: Feedback: array('i', [0, 1, 1, 2, 3, 5, 8])
[INFO] [1733623490.917374867] [fibonacci_action_server]: Feedback: array('i', [0, 1, 1, 2, 3, 5, 8, 13])
[INFO] [1733623491.418775931] [fibonacci_action_server]: Feedback: array('i', [0, 1, 1, 2, 3, 5, 8, 13, 21])
[INFO] [1733623491.920363696] [fibonacci_action_server]: Feedback: array('i', [0, 1, 1, 2, 3, 5, 8, 13, 21, 34])
[INFO] [1733623492.421804239] [fibonacci_action_server]: Feedback: array('i', [0, 1, 1, 2, 3, 5, 8, 13, 21, 34, 55])
[INFO] [1733623493.427180903] [fibonacci_action_server]: Executing goal...
[INFO] [1733623493.427570751] [fibonacci_action_server]: Feedback: array('i', [0, 1, 1])
[INFO] [1733623493.928580870] [fibonacci_action_server]: Feedback: array('i', [0, 1, 1, 2])
[INFO] [1733623494.429742510] [fibonacci_action_server]: Feedback: array('i', [0, 1, 1, 2, 3])
[INFO] [1733623494.931364113] [fibonacci_action_server]: Feedback: array('i', [0, 1, 1, 2, 3, 5])
[INFO] [1733623495.432530753] [fibonacci_action_server]: Feedback: array('i', [0, 1, 1, 2, 3, 5, 8])
[INFO] [1733623495.933969486] [fibonacci_action_server]: Feedback: array('i', [0, 1, 1, 2, 3, 5, 8, 13])
[INFO] [1733623496.435446867] [fibonacci_action_server]: Feedback: array('i', [0, 1, 1, 2, 3, 5, 8, 13, 21])
[INFO] [1733623496.936337068] [fibonacci_action_server]: Feedback: array('i', [0, 1, 1, 2, 3, 5, 8, 13, 21, 34])
[INFO] [1733623497.437601139] [fibonacci_action_server]: Feedback: array('i', [0, 1, 1, 2, 3, 5, 8, 13, 21, 34, 55])
[INFO] [1733623498.443121791] [fibonacci_action_server]: Executing goal...
[INFO] [1733623498.443633311] [fibonacci_action_server]: Feedback: array('i', [0, 1, 1])
[INFO] [1733623498.945097702] [fibonacci_action_server]: Feedback: array('i', [0, 1, 1, 2])
[INFO] [1733623499.446528629] [fibonacci_action_server]: Feedback: array('i', [0, 1, 1, 2, 3])
[INFO] [1733623499.947923918] [fibonacci_action_server]: Feedback: array('i', [0, 1, 1, 2, 3, 5])
[INFO] [1733623500.449227103] [fibonacci_action_server]: Feedback: array('i', [0, 1, 1, 2, 3, 5, 8])
[INFO] [1733623500.950651076] [fibonacci_action_server]: Feedback: array('i', [0, 1, 1, 2, 3, 5, 8, 13])
[INFO] [1733623501.452011427] [fibonacci_action_server]: Feedback: array('i', [0, 1, 1, 2, 3, 5, 8, 13, 21])
[INFO] [1733623501.953369724] [fibonacci_action_server]: Feedback: array('i', [0, 1, 1, 2, 3, 5, 8, 13, 21, 34])
[INFO] [1733623502.454559273] [fibonacci_action_server]: Feedback: array('i', [0, 1, 1, 2, 3, 5, 8, 13, 21, 34, 55])
[INFO] [1733623503.460708415] [fibonacci_action_server]: Executing goal...
[INFO] [1733623503.461244733] [fibonacci_action_server]: Feedback: array('i', [0, 1, 1])
[INFO] [1733623503.962625630] [fibonacci_action_server]: Feedback: array('i', [0, 1, 1, 2])
[INFO] [1733623504.464138455] [fibonacci_action_server]: Feedback: array('i', [0, 1, 1, 2, 3])
[INFO] [1733623504.965542132] [fibonacci_action_server]: Feedback: array('i', [0, 1, 1, 2, 3, 5])
[INFO] [1733623505.467038494] [fibonacci_action_server]: Feedback: array('i', [0, 1, 1, 2, 3, 5, 8])
[INFO] [1733623505.968551387] [fibonacci_action_server]: Feedback: array('i', [0, 1, 1, 2, 3, 5, 8, 13])
[INFO] [1733623506.469743037] [fibonacci_action_server]: Feedback: array('i', [0, 1, 1, 2, 3, 5, 8, 13, 21])
[INFO] [1733623506.971298802] [fibonacci_action_server]: Feedback: array('i', [0, 1, 1, 2, 3, 5, 8, 13, 21, 34])
[INFO] [1733623507.472583248] [fibonacci_action_server]: Feedback: array('i', [0, 1, 1, 2, 3, 5, 8, 13, 21, 34, 55])
[INFO] [1733623508.478161912] [fibonacci_action_server]: Executing goal...
[INFO] [1733623508.478668629] [fibonacci_action_server]: Feedback: array('i', [0, 1, 1])
[INFO] [1733623508.980074740] [fibonacci_action_server]: Feedback: array('i', [0, 1, 1, 2])
[INFO] [1733623509.481446931] [fibonacci_action_server]: Feedback: array('i', [0, 1, 1, 2, 3])
[INFO] [1733623509.982920843] [fibonacci_action_server]: Feedback: array('i', [0, 1, 1, 2, 3, 5])
[INFO] [1733623510.484304698] [fibonacci_action_server]: Feedback: array('i', [0, 1, 1, 2, 3, 5, 8])
[INFO] [1733623510.985714617] [fibonacci_action_server]: Feedback: array('i', [0, 1, 1, 2, 3, 5, 8, 13])
[INFO] [1733623511.486907362] [fibonacci_action_server]: Feedback: array('i', [0, 1, 1, 2, 3, 5, 8, 13, 21])
[INFO] [1733623511.988402781] [fibonacci_action_server]: Feedback: array('i', [0, 1, 1, 2, 3, 5, 8, 13, 21, 34])
[INFO] [1733623512.489887811] [fibonacci_action_server]: Feedback: array('i', [0, 1, 1, 2, 3, 5, 8, 13, 21, 34, 55])
[INFO] [1733623513.495453372] [fibonacci_action_server]: Executing goal...
[INFO] [1733623513.495867370] [fibonacci_action_server]: Feedback: array('i', [0, 1, 1])
[INFO] [1733623513.996904785] [fibonacci_action_server]: Feedback: array('i', [0, 1, 1, 2])
[INFO] [1733623514.498050750] [fibonacci_action_server]: Feedback: array('i', [0, 1, 1, 2, 3])
[INFO] [1733623514.999602486] [fibonacci_action_server]: Feedback: array('i', [0, 1, 1, 2, 3, 5])
[INFO] [1733623515.501130905] [fibonacci_action_server]: Feedback: array('i', [0, 1, 1, 2, 3, 5, 8])
[INFO] [1733623516.002623260] [fibonacci_action_server]: Feedback: array('i', [0, 1, 1, 2, 3, 5, 8, 13])
[INFO] [1733623516.504292809] [fibonacci_action_server]: Feedback: array('i', [0, 1, 1, 2, 3, 5, 8, 13, 21])
[INFO] [1733623517.005594824] [fibonacci_action_server]: Feedback: array('i', [0, 1, 1, 2, 3, 5, 8, 13, 21, 34])
[INFO] [1733623517.507277655] [fibonacci_action_server]: Feedback: array('i', [0, 1, 1, 2, 3, 5, 8, 13, 21, 34, 55])
[INFO] [1733623518.512851307] [fibonacci_action_server]: Executing goal...
[INFO] [1733623518.513235041] [fibonacci_action_server]: Feedback: array('i', [0, 1, 1])
[INFO] [1733623519.014262649] [fibonacci_action_server]: Feedback: array('i', [0, 1, 1, 2])
[INFO] [1733623519.515947162] [fibonacci_action_server]: Feedback: array('i', [0, 1, 1, 2, 3])
[INFO] [1733623520.017558796] [fibonacci_action_server]: Feedback: array('i', [0, 1, 1, 2, 3, 5])
[INFO] [1733623520.518998569] [fibonacci_action_server]: Feedback: array('i', [0, 1, 1, 2, 3, 5, 8])
[INFO] [1733623521.020415646] [fibonacci_action_server]: Feedback: array('i', [0, 1, 1, 2, 3, 5, 8, 13])
[INFO] [1733623521.521889896] [fibonacci_action_server]: Feedback: array('i', [0, 1, 1, 2, 3, 5, 8, 13, 21])
[INFO] [1733623522.023377126] [fibonacci_action_server]: Feedback: array('i', [0, 1, 1, 2, 3, 5, 8, 13, 21, 34])
[INFO] [1733623522.524490577] [fibonacci_action_server]: Feedback: array('i', [0, 1, 1, 2, 3, 5, 8, 13, 21, 34, 55])
[INFO] [1733623523.530197339] [fibonacci_action_server]: Executing goal...
[INFO] [1733623523.530571500] [fibonacci_action_server]: Feedback: array('i', [0, 1, 1])
[INFO] [1733623524.031970313] [fibonacci_action_server]: Feedback: array('i', [0, 1, 1, 2])
[INFO] [1733623524.533337873] [fibonacci_action_server]: Feedback: array('i', [0, 1, 1, 2, 3])
[INFO] [1733623525.034780537] [fibonacci_action_server]: Feedback: array('i', [0, 1, 1, 2, 3, 5])
[INFO] [1733623525.536022368] [fibonacci_action_server]: Feedback: array('i', [0, 1, 1, 2, 3, 5, 8])
[INFO] [1733623526.037140733] [fibonacci_action_server]: Feedback: array('i', [0, 1, 1, 2, 3, 5, 8, 13])
[INFO] [1733623526.538304797] [fibonacci_action_server]: Feedback: array('i', [0, 1, 1, 2, 3, 5, 8, 13, 21])
[INFO] [1733623527.039575563] [fibonacci_action_server]: Feedback: array('i', [0, 1, 1, 2, 3, 5, 8, 13, 21, 34])
[INFO] [1733623527.541202558] [fibonacci_action_server]: Feedback: array('i', [0, 1, 1, 2, 3, 5, 8, 13, 21, 34, 55])
[INFO] [1733623528.547151949] [fibonacci_action_server]: Executing goal...
[INFO] [1733623528.547667921] [fibonacci_action_server]: Feedback: array('i', [0, 1, 1])
[INFO] [1733623529.048503685] [fibonacci_action_server]: Feedback: array('i', [0, 1, 1, 2])
[INFO] [1733623529.549935838] [fibonacci_action_server]: Feedback: array('i', [0, 1, 1, 2, 3])
[INFO] [1733623530.051385762] [fibonacci_action_server]: Feedback: array('i', [0, 1, 1, 2, 3, 5])
[INFO] [1733623530.552393995] [fibonacci_action_server]: Feedback: array('i', [0, 1, 1, 2, 3, 5, 8])
[INFO] [1733623531.053743515] [fibonacci_action_server]: Feedback: array('i', [0, 1, 1, 2, 3, 5, 8, 13])
[INFO] [1733623531.555160999] [fibonacci_action_server]: Feedback: array('i', [0, 1, 1, 2, 3, 5, 8, 13, 21])
[INFO] [1733623532.056753303] [fibonacci_action_server]: Feedback: array('i', [0, 1, 1, 2, 3, 5, 8, 13, 21, 34])
[INFO] [1733623532.558083900] [fibonacci_action_server]: Feedback: array('i', [0, 1, 1, 2, 3, 5, 8, 13, 21, 34, 55])
[INFO] [1733623533.564148195] [fibonacci_action_server]: Executing goal...
[INFO] [1733623533.564691478] [fibonacci_action_server]: Feedback: array('i', [0, 1, 1])
[INFO] [1733623534.065974417] [fibonacci_action_server]: Feedback: array('i', [0, 1, 1, 2])
[INFO] [1733623534.567189154] [fibonacci_action_server]: Feedback: array('i', [0, 1, 1, 2, 3])
[INFO] [1733623535.068250118] [fibonacci_action_server]: Feedback: array('i', [0, 1, 1, 2, 3, 5])
[INFO] [1733623535.569509200] [fibonacci_action_server]: Feedback: array('i', [0, 1, 1, 2, 3, 5, 8])
[INFO] [1733623536.070911735] [fibonacci_action_server]: Feedback: array('i', [0, 1, 1, 2, 3, 5, 8, 13])
[INFO] [1733623536.572395578] [fibonacci_action_server]: Feedback: array('i', [0, 1, 1, 2, 3, 5, 8, 13, 21])
[INFO] [1733623537.073847774] [fibonacci_action_server]: Feedback: array('i', [0, 1, 1, 2, 3, 5, 8, 13, 21, 34])
[INFO] [1733623537.575007309] [fibonacci_action_server]: Feedback: array('i', [0, 1, 1, 2, 3, 5, 8, 13, 21, 34, 55])
[INFO] [1733623538.580674315] [fibonacci_action_server]: Executing goal...
[INFO] [1733623538.581278427] [fibonacci_action_server]: Feedback: array('i', [0, 1, 1])
[INFO] [1733623539.082397085] [fibonacci_action_server]: Feedback: array('i', [0, 1, 1, 2])
[INFO] [1733623539.583852658] [fibonacci_action_server]: Feedback: array('i', [0, 1, 1, 2, 3])
[INFO] [1733623540.085395632] [fibonacci_action_server]: Feedback: array('i', [0, 1, 1, 2, 3, 5])
[INFO] [1733623540.586852487] [fibonacci_action_server]: Feedback: array('i', [0, 1, 1, 2, 3, 5, 8])
[INFO] [1733623541.088384558] [fibonacci_action_server]: Feedback: array('i', [0, 1, 1, 2, 3, 5, 8, 13])
[INFO] [1733623541.589672879] [fibonacci_action_server]: Feedback: array('i', [0, 1, 1, 2, 3, 5, 8, 13, 21])
[INFO] [1733623542.090937463] [fibonacci_action_server]: Feedback: array('i', [0, 1, 1, 2, 3, 5, 8, 13, 21, 34])
[INFO] [1733623542.592218372] [fibonacci_action_server]: Feedback: array('i', [0, 1, 1, 2, 3, 5, 8, 13, 21, 34, 55])
[INFO] [1733623543.599111932] [fibonacci_action_server]: Executing goal...
[INFO] [1733623543.599721600] [fibonacci_action_server]: Feedback: array('i', [0, 1, 1])
[INFO] [1733623544.100467262] [fibonacci_action_server]: Feedback: array('i', [0, 1, 1, 2])
[INFO] [1733623544.601802401] [fibonacci_action_server]: Feedback: array('i', [0, 1, 1, 2, 3])
[INFO] [1733623545.103217973] [fibonacci_action_server]: Feedback: array('i', [0, 1, 1, 2, 3, 5])
[INFO] [1733623545.604599976] [fibonacci_action_server]: Feedback: array('i', [0, 1, 1, 2, 3, 5, 8])
[INFO] [1733623546.106035428] [fibonacci_action_server]: Feedback: array('i', [0, 1, 1, 2, 3, 5, 8, 13])
[INFO] [1733623546.607367843] [fibonacci_action_server]: Feedback: array('i', [0, 1, 1, 2, 3, 5, 8, 13, 21])
[INFO] [1733623547.108597236] [fibonacci_action_server]: Feedback: array('i', [0, 1, 1, 2, 3, 5, 8, 13, 21, 34])
[INFO] [1733623547.610010965] [fibonacci_action_server]: Feedback: array('i', [0, 1, 1, 2, 3, 5, 8, 13, 21, 34, 55])
[INFO] [1733623548.616668740] [fibonacci_action_server]: Executing goal...
[INFO] [1733623548.617035876] [fibonacci_action_server]: Feedback: array('i', [0, 1, 1])
[INFO] [1733623549.118347640] [fibonacci_action_server]: Feedback: array('i', [0, 1, 1, 2])
[INFO] [1733623549.619498710] [fibonacci_action_server]: Feedback: array('i', [0, 1, 1, 2, 3])
[INFO] [1733623550.120254239] [fibonacci_action_server]: Feedback: array('i', [0, 1, 1, 2, 3, 5])
[INFO] [1733623550.621558660] [fibonacci_action_server]: Feedback: array('i', [0, 1, 1, 2, 3, 5, 8])
[INFO] [1733623551.122919274] [fibonacci_action_server]: Feedback: array('i', [0, 1, 1, 2, 3, 5, 8, 13])
[INFO] [1733623551.624408655] [fibonacci_action_server]: Feedback: array('i', [0, 1, 1, 2, 3, 5, 8, 13, 21])
[INFO] [1733623552.125753139] [fibonacci_action_server]: Feedback: array('i', [0, 1, 1, 2, 3, 5, 8, 13, 21, 34])
[INFO] [1733623552.627221031] [fibonacci_action_server]: Feedback: array('i', [0, 1, 1, 2, 3, 5, 8, 13, 21, 34, 55])
[INFO] [1733623553.633508574] [fibonacci_action_server]: Executing goal...
[INFO] [1733623553.634039289] [fibonacci_action_server]: Feedback: array('i', [0, 1, 1])
[INFO] [1733623554.135145266] [fibonacci_action_server]: Feedback: array('i', [0, 1, 1, 2])
[INFO] [1733623554.636477359] [fibonacci_action_server]: Feedback: array('i', [0, 1, 1, 2, 3])
[INFO] [1733623555.137971091] [fibonacci_action_server]: Feedback: array('i', [0, 1, 1, 2, 3, 5])
[INFO] [1733623555.639347754] [fibonacci_action_server]: Feedback: array('i', [0, 1, 1, 2, 3, 5, 8])
[INFO] [1733623556.140733048] [fibonacci_action_server]: Feedback: array('i', [0, 1, 1, 2, 3, 5, 8, 13])
[INFO] [1733623556.641999958] [fibonacci_action_server]: Feedback: array('i', [0, 1, 1, 2, 3, 5, 8, 13, 21])
[INFO] [1733623557.143438035] [fibonacci_action_server]: Feedback: array('i', [0, 1, 1, 2, 3, 5, 8, 13, 21, 34])
[INFO] [1733623557.644372430] [fibonacci_action_server]: Feedback: array('i', [0, 1, 1, 2, 3, 5, 8, 13, 21, 34, 55])
[INFO] [1733623558.649828310] [fibonacci_action_server]: Executing goal...
[INFO] [1733623558.650283614] [fibonacci_action_server]: Feedback: array('i', [0, 1, 1])
[INFO] [1733623559.151668081] [fibonacci_action_server]: Feedback: array('i', [0, 1, 1, 2])
[INFO] [1733623559.652910249] [fibonacci_action_server]: Feedback: array('i', [0, 1, 1, 2, 3])
[INFO] [1733623560.153988837] [fibonacci_action_server]: Feedback: array('i', [0, 1, 1, 2, 3, 5])
[INFO] [1733623560.655123983] [fibonacci_action_server]: Feedback: array('i', [0, 1, 1, 2, 3, 5, 8])
[INFO] [1733623561.156269045] [fibonacci_action_server]: Feedback: array('i', [0, 1, 1, 2, 3, 5, 8, 13])
[INFO] [1733623561.657644402] [fibonacci_action_server]: Feedback: array('i', [0, 1, 1, 2, 3, 5, 8, 13, 21])
[INFO] [1733623562.159189647] [fibonacci_action_server]: Feedback: array('i', [0, 1, 1, 2, 3, 5, 8, 13, 21, 34])
[INFO] [1733623562.660586893] [fibonacci_action_server]: Feedback: array('i', [0, 1, 1, 2, 3, 5, 8, 13, 21, 34, 55])
[INFO] [1733623563.666957648] [fibonacci_action_server]: Executing goal...
[INFO] [1733623563.667617436] [fibonacci_action_server]: Feedback: array('i', [0, 1, 1])
[INFO] [1733623564.168364234] [fibonacci_action_server]: Feedback: array('i', [0, 1, 1, 2])
[INFO] [1733623564.669545691] [fibonacci_action_server]: Feedback: array('i', [0, 1, 1, 2, 3])
[INFO] [1733623565.170652844] [fibonacci_action_server]: Feedback: array('i', [0, 1, 1, 2, 3, 5])
[INFO] [1733623565.672055527] [fibonacci_action_server]: Feedback: array('i', [0, 1, 1, 2, 3, 5, 8])
[INFO] [1733623566.173454616] [fibonacci_action_server]: Feedback: array('i', [0, 1, 1, 2, 3, 5, 8, 13])
[INFO] [1733623566.675008363] [fibonacci_action_server]: Feedback: array('i', [0, 1, 1, 2, 3, 5, 8, 13, 21])
[INFO] [1733623567.176298754] [fibonacci_action_server]: Feedback: array('i', [0, 1, 1, 2, 3, 5, 8, 13, 21, 34])
[INFO] [1733623567.677572566] [fibonacci_action_server]: Feedback: array('i', [0, 1, 1, 2, 3, 5, 8, 13, 21, 34, 55])
[INFO] [1733623568.683383964] [fibonacci_action_server]: Executing goal...
[INFO] [1733623568.683739084] [fibonacci_action_server]: Feedback: array('i', [0, 1, 1])
[INFO] [1733623569.184781111] [fibonacci_action_server]: Feedback: array('i', [0, 1, 1, 2])
[INFO] [1733623569.686353195] [fibonacci_action_server]: Feedback: array('i', [0, 1, 1, 2, 3])
[INFO] [1733623570.187867496] [fibonacci_action_server]: Feedback: array('i', [0, 1, 1, 2, 3, 5])
[INFO] [1733623570.689182612] [fibonacci_action_server]: Feedback: array('i', [0, 1, 1, 2, 3, 5, 8])
[INFO] [1733623571.190691252] [fibonacci_action_server]: Feedback: array('i', [0, 1, 1, 2, 3, 5, 8, 13])
[INFO] [1733623571.691905283] [fibonacci_action_server]: Feedback: array('i', [0, 1, 1, 2, 3, 5, 8, 13, 21])
[INFO] [1733623572.193059525] [fibonacci_action_server]: Feedback: array('i', [0, 1, 1, 2, 3, 5, 8, 13, 21, 34])
[INFO] [1733623572.694184303] [fibonacci_action_server]: Feedback: array('i', [0, 1, 1, 2, 3, 5, 8, 13, 21, 34, 55])
[INFO] [1733623573.700307086] [fibonacci_action_server]: Executing goal...
[INFO] [1733623573.700912505] [fibonacci_action_server]: Feedback: array('i', [0, 1, 1])
[INFO] [1733623574.202407940] [fibonacci_action_server]: Feedback: array('i', [0, 1, 1, 2])
[INFO] [1733623574.704001849] [fibonacci_action_server]: Feedback: array('i', [0, 1, 1, 2, 3])
[INFO] [1733623575.205400760] [fibonacci_action_server]: Feedback: array('i', [0, 1, 1, 2, 3, 5])
[INFO] [1733623575.706785179] [fibonacci_action_server]: Feedback: array('i', [0, 1, 1, 2, 3, 5, 8])
[INFO] [1733623576.208342849] [fibonacci_action_server]: Feedback: array('i', [0, 1, 1, 2, 3, 5, 8, 13])
[INFO] [1733623576.709661517] [fibonacci_action_server]: Feedback: array('i', [0, 1, 1, 2, 3, 5, 8, 13, 21])
[INFO] [1733623577.210855592] [fibonacci_action_server]: Feedback: array('i', [0, 1, 1, 2, 3, 5, 8, 13, 21, 34])
[INFO] [1733623577.712395563] [fibonacci_action_server]: Feedback: array('i', [0, 1, 1, 2, 3, 5, 8, 13, 21, 34, 55])
[INFO] [1733623578.214790306] [fibonacci_action_server]: Shutting down node...
RAPL is set
