[INFO] [1733749973.529971633] [fibonacci_action_client]: Sending goal with order 10
[INFO] [1733749982.539146205] [fibonacci_action_client]: Goal accepted, waiting for result.
[INFO] [1733749982.540558596] [fibonacci_action_client]: Received feedback: array('i', [0, 1, 1])
[INFO] [1733749983.041980285] [fibonacci_action_client]: Received feedback: array('i', [0, 1, 1, 2])
[INFO] [1733749983.542597038] [fibonacci_action_client]: Received feedback: array('i', [0, 1, 1, 2, 3])
[INFO] [1733749984.043823684] [fibonacci_action_client]: Received feedback: array('i', [0, 1, 1, 2, 3, 5])
[INFO] [1733749984.545378634] [fibonacci_action_client]: Received feedback: array('i', [0, 1, 1, 2, 3, 5, 8])
[INFO] [1733749985.046944754] [fibonacci_action_client]: Received feedback: array('i', [0, 1, 1, 2, 3, 5, 8, 13])
[INFO] [1733749985.548070158] [fibonacci_action_client]: Received feedback: array('i', [0, 1, 1, 2, 3, 5, 8, 13, 21])
[INFO] [1733749986.049311595] [fibonacci_action_client]: Received feedback: array('i', [0, 1, 1, 2, 3, 5, 8, 13, 21, 34])
[INFO] [1733749986.550599375] [fibonacci_action_client]: Received feedback: array('i', [0, 1, 1, 2, 3, 5, 8, 13, 21, 34, 55])
[INFO] [1733749987.053736702] [fibonacci_action_client]: Result: array('i', [0, 1, 1, 2, 3, 5, 8, 13, 21, 34, 55])
[INFO] [1733749987.554784689] [fibonacci_action_client]: Sending goal with order 10
[INFO] [1733749996.081274785] [fibonacci_action_client]: Goal accepted, waiting for result.
[INFO] [1733749996.083119593] [fibonacci_action_client]: Received feedback: array('i', [0, 1, 1])
[INFO] [1733749996.583903317] [fibonacci_action_client]: Received feedback: array('i', [0, 1, 1, 2])
[INFO] [1733749997.084968568] [fibonacci_action_client]: Received feedback: array('i', [0, 1, 1, 2, 3])
[INFO] [1733749997.586184835] [fibonacci_action_client]: Received feedback: array('i', [0, 1, 1, 2, 3, 5])
[INFO] [1733749998.087435764] [fibonacci_action_client]: Received feedback: array('i', [0, 1, 1, 2, 3, 5, 8])
[INFO] [1733749998.588481800] [fibonacci_action_client]: Received feedback: array('i', [0, 1, 1, 2, 3, 5, 8, 13])
[INFO] [1733749999.089847218] [fibonacci_action_client]: Received feedback: array('i', [0, 1, 1, 2, 3, 5, 8, 13, 21])
[INFO] [1733749999.591081723] [fibonacci_action_client]: Received feedback: array('i', [0, 1, 1, 2, 3, 5, 8, 13, 21, 34])
[INFO] [1733750000.092816843] [fibonacci_action_client]: Received feedback: array('i', [0, 1, 1, 2, 3, 5, 8, 13, 21, 34, 55])
[INFO] [1733750000.595167254] [fibonacci_action_client]: Result: array('i', [0, 1, 1, 2, 3, 5, 8, 13, 21, 34, 55])
[INFO] [1733750001.096185761] [fibonacci_action_client]: Sending goal with order 10
[INFO] [1733750009.623141134] [fibonacci_action_client]: Goal accepted, waiting for result.
[INFO] [1733750009.624723254] [fibonacci_action_client]: Received feedback: array('i', [0, 1, 1])
[INFO] [1733750010.126078874] [fibonacci_action_client]: Received feedback: array('i', [0, 1, 1, 2])
[INFO] [1733750010.627833393] [fibonacci_action_client]: Received feedback: array('i', [0, 1, 1, 2, 3])
[INFO] [1733750011.129155945] [fibonacci_action_client]: Received feedback: array('i', [0, 1, 1, 2, 3, 5])
[INFO] [1733750011.630704607] [fibonacci_action_client]: Received feedback: array('i', [0, 1, 1, 2, 3, 5, 8])
[INFO] [1733750012.132442478] [fibonacci_action_client]: Received feedback: array('i', [0, 1, 1, 2, 3, 5, 8, 13])
[INFO] [1733750012.633431870] [fibonacci_action_client]: Received feedback: array('i', [0, 1, 1, 2, 3, 5, 8, 13, 21])
[INFO] [1733750013.134780371] [fibonacci_action_client]: Received feedback: array('i', [0, 1, 1, 2, 3, 5, 8, 13, 21, 34])
[INFO] [1733750013.636635617] [fibonacci_action_client]: Received feedback: array('i', [0, 1, 1, 2, 3, 5, 8, 13, 21, 34, 55])
[INFO] [1733750014.138797211] [fibonacci_action_client]: Result: array('i', [0, 1, 1, 2, 3, 5, 8, 13, 21, 34, 55])
[INFO] [1733750014.640112829] [fibonacci_action_client]: Sending goal with order 10
[INFO] [1733750023.166232232] [fibonacci_action_client]: Goal accepted, waiting for result.
[INFO] [1733750023.167801762] [fibonacci_action_client]: Received feedback: array('i', [0, 1, 1])
[INFO] [1733750023.669497815] [fibonacci_action_client]: Received feedback: array('i', [0, 1, 1, 2])
[INFO] [1733750024.170942608] [fibonacci_action_client]: Received feedback: array('i', [0, 1, 1, 2, 3])
[INFO] [1733750024.672117737] [fibonacci_action_client]: Received feedback: array('i', [0, 1, 1, 2, 3, 5])
[INFO] [1733750025.173533414] [fibonacci_action_client]: Received feedback: array('i', [0, 1, 1, 2, 3, 5, 8])
[INFO] [1733750025.674613027] [fibonacci_action_client]: Received feedback: array('i', [0, 1, 1, 2, 3, 5, 8, 13])
[INFO] [1733750026.176045676] [fibonacci_action_client]: Received feedback: array('i', [0, 1, 1, 2, 3, 5, 8, 13, 21])
[INFO] [1733750026.677348824] [fibonacci_action_client]: Received feedback: array('i', [0, 1, 1, 2, 3, 5, 8, 13, 21, 34])
[INFO] [1733750027.178980705] [fibonacci_action_client]: Received feedback: array('i', [0, 1, 1, 2, 3, 5, 8, 13, 21, 34, 55])
[INFO] [1733750027.681816884] [fibonacci_action_client]: Result: array('i', [0, 1, 1, 2, 3, 5, 8, 13, 21, 34, 55])
[INFO] [1733750028.182934377] [fibonacci_action_client]: Sending goal with order 10
[INFO] [1733750036.710589666] [fibonacci_action_client]: Goal accepted, waiting for result.
[INFO] [1733750036.714426622] [fibonacci_action_client]: Received feedback: array('i', [0, 1, 1])
[INFO] [1733750037.215093037] [fibonacci_action_client]: Received feedback: array('i', [0, 1, 1, 2])
[INFO] [1733750037.716403211] [fibonacci_action_client]: Received feedback: array('i', [0, 1, 1, 2, 3])
[INFO] [1733750038.217346562] [fibonacci_action_client]: Received feedback: array('i', [0, 1, 1, 2, 3, 5])
[INFO] [1733750038.718654234] [fibonacci_action_client]: Received feedback: array('i', [0, 1, 1, 2, 3, 5, 8])
[INFO] [1733750039.219890377] [fibonacci_action_client]: Received feedback: array('i', [0, 1, 1, 2, 3, 5, 8, 13])
[INFO] [1733750039.721539633] [fibonacci_action_client]: Received feedback: array('i', [0, 1, 1, 2, 3, 5, 8, 13, 21])
[INFO] [1733750040.222659706] [fibonacci_action_client]: Received feedback: array('i', [0, 1, 1, 2, 3, 5, 8, 13, 21, 34])
[INFO] [1733750040.724123868] [fibonacci_action_client]: Received feedback: array('i', [0, 1, 1, 2, 3, 5, 8, 13, 21, 34, 55])
[INFO] [1733750041.227544725] [fibonacci_action_client]: Result: array('i', [0, 1, 1, 2, 3, 5, 8, 13, 21, 34, 55])
[INFO] [1733750041.728836967] [fibonacci_action_client]: Sending goal with order 10
[INFO] [1733750050.256698405] [fibonacci_action_client]: Goal accepted, waiting for result.
[INFO] [1733750050.257429977] [fibonacci_action_client]: Received feedback: array('i', [0, 1, 1])
[INFO] [1733750050.758658068] [fibonacci_action_client]: Received feedback: array('i', [0, 1, 1, 2])
[INFO] [1733750051.260053368] [fibonacci_action_client]: Received feedback: array('i', [0, 1, 1, 2, 3])
[INFO] [1733750051.761233688] [fibonacci_action_client]: Received feedback: array('i', [0, 1, 1, 2, 3, 5])
[INFO] [1733750052.262779269] [fibonacci_action_client]: Received feedback: array('i', [0, 1, 1, 2, 3, 5, 8])
[INFO] [1733750052.764149354] [fibonacci_action_client]: Received feedback: array('i', [0, 1, 1, 2, 3, 5, 8, 13])
[INFO] [1733750053.265233908] [fibonacci_action_client]: Received feedback: array('i', [0, 1, 1, 2, 3, 5, 8, 13, 21])
[INFO] [1733750053.766979613] [fibonacci_action_client]: Received feedback: array('i', [0, 1, 1, 2, 3, 5, 8, 13, 21, 34])
[INFO] [1733750054.268046537] [fibonacci_action_client]: Received feedback: array('i', [0, 1, 1, 2, 3, 5, 8, 13, 21, 34, 55])
[INFO] [1733750054.771773244] [fibonacci_action_client]: Result: array('i', [0, 1, 1, 2, 3, 5, 8, 13, 21, 34, 55])
[INFO] [1733750055.272868882] [fibonacci_action_client]: Sending goal with order 10
[INFO] [1733750063.798671987] [fibonacci_action_client]: Goal accepted, waiting for result.
[INFO] [1733750063.800461637] [fibonacci_action_client]: Received feedback: array('i', [0, 1, 1])
[INFO] [1733750064.301738530] [fibonacci_action_client]: Received feedback: array('i', [0, 1, 1, 2])
[INFO] [1733750064.803094552] [fibonacci_action_client]: Received feedback: array('i', [0, 1, 1, 2, 3])
[INFO] [1733750065.304176740] [fibonacci_action_client]: Received feedback: array('i', [0, 1, 1, 2, 3, 5])
[INFO] [1733750065.805527754] [fibonacci_action_client]: Received feedback: array('i', [0, 1, 1, 2, 3, 5, 8])
[INFO] [1733750066.306684449] [fibonacci_action_client]: Received feedback: array('i', [0, 1, 1, 2, 3, 5, 8, 13])
[INFO] [1733750066.807890246] [fibonacci_action_client]: Received feedback: array('i', [0, 1, 1, 2, 3, 5, 8, 13, 21])
[INFO] [1733750067.309247370] [fibonacci_action_client]: Received feedback: array('i', [0, 1, 1, 2, 3, 5, 8, 13, 21, 34])
[INFO] [1733750067.810946194] [fibonacci_action_client]: Received feedback: array('i', [0, 1, 1, 2, 3, 5, 8, 13, 21, 34, 55])
[INFO] [1733750068.315435089] [fibonacci_action_client]: Result: array('i', [0, 1, 1, 2, 3, 5, 8, 13, 21, 34, 55])
[INFO] [1733750068.816593848] [fibonacci_action_client]: Sending goal with order 10
[INFO] [1733750077.341772852] [fibonacci_action_client]: Goal accepted, waiting for result.
[INFO] [1733750077.343424209] [fibonacci_action_client]: Received feedback: array('i', [0, 1, 1])
[INFO] [1733750077.844947478] [fibonacci_action_client]: Received feedback: array('i', [0, 1, 1, 2])
[INFO] [1733750078.346030399] [fibonacci_action_client]: Received feedback: array('i', [0, 1, 1, 2, 3])
[INFO] [1733750078.846895795] [fibonacci_action_client]: Received feedback: array('i', [0, 1, 1, 2, 3, 5])
[INFO] [1733750079.348333401] [fibonacci_action_client]: Received feedback: array('i', [0, 1, 1, 2, 3, 5, 8])
[INFO] [1733750079.849534690] [fibonacci_action_client]: Received feedback: array('i', [0, 1, 1, 2, 3, 5, 8, 13])
[INFO] [1733750080.351066337] [fibonacci_action_client]: Received feedback: array('i', [0, 1, 1, 2, 3, 5, 8, 13, 21])
[INFO] [1733750080.852444741] [fibonacci_action_client]: Received feedback: array('i', [0, 1, 1, 2, 3, 5, 8, 13, 21, 34])
[INFO] [1733750081.354031994] [fibonacci_action_client]: Received feedback: array('i', [0, 1, 1, 2, 3, 5, 8, 13, 21, 34, 55])
[INFO] [1733750081.856092649] [fibonacci_action_client]: Result: array('i', [0, 1, 1, 2, 3, 5, 8, 13, 21, 34, 55])
[INFO] [1733750082.357111958] [fibonacci_action_client]: Sending goal with order 10
[INFO] [1733750090.884575794] [fibonacci_action_client]: Goal accepted, waiting for result.
[INFO] [1733750090.886607626] [fibonacci_action_client]: Received feedback: array('i', [0, 1, 1])
[INFO] [1733750091.387939603] [fibonacci_action_client]: Received feedback: array('i', [0, 1, 1, 2])
[INFO] [1733750091.889799304] [fibonacci_action_client]: Received feedback: array('i', [0, 1, 1, 2, 3])
[INFO] [1733750092.391375369] [fibonacci_action_client]: Received feedback: array('i', [0, 1, 1, 2, 3, 5])
[INFO] [1733750092.892935475] [fibonacci_action_client]: Received feedback: array('i', [0, 1, 1, 2, 3, 5, 8])
[INFO] [1733750093.394093527] [fibonacci_action_client]: Received feedback: array('i', [0, 1, 1, 2, 3, 5, 8, 13])
[INFO] [1733750093.895204803] [fibonacci_action_client]: Received feedback: array('i', [0, 1, 1, 2, 3, 5, 8, 13, 21])
[INFO] [1733750094.396326259] [fibonacci_action_client]: Received feedback: array('i', [0, 1, 1, 2, 3, 5, 8, 13, 21, 34])
[INFO] [1733750094.898003537] [fibonacci_action_client]: Received feedback: array('i', [0, 1, 1, 2, 3, 5, 8, 13, 21, 34, 55])
[INFO] [1733750095.400554714] [fibonacci_action_client]: Result: array('i', [0, 1, 1, 2, 3, 5, 8, 13, 21, 34, 55])
[INFO] [1733750095.901741476] [fibonacci_action_client]: Sending goal with order 10
[INFO] [1733750104.428855702] [fibonacci_action_client]: Goal accepted, waiting for result.
[INFO] [1733750104.430652380] [fibonacci_action_client]: Received feedback: array('i', [0, 1, 1])
[INFO] [1733750104.932113590] [fibonacci_action_client]: Received feedback: array('i', [0, 1, 1, 2])
[INFO] [1733750105.433724810] [fibonacci_action_client]: Received feedback: array('i', [0, 1, 1, 2, 3])
[INFO] [1733750105.934574449] [fibonacci_action_client]: Received feedback: array('i', [0, 1, 1, 2, 3, 5])
[INFO] [1733750106.435916766] [fibonacci_action_client]: Received feedback: array('i', [0, 1, 1, 2, 3, 5, 8])
[INFO] [1733750106.937471642] [fibonacci_action_client]: Received feedback: array('i', [0, 1, 1, 2, 3, 5, 8, 13])
[INFO] [1733750107.438665138] [fibonacci_action_client]: Received feedback: array('i', [0, 1, 1, 2, 3, 5, 8, 13, 21])
[INFO] [1733750107.940071139] [fibonacci_action_client]: Received feedback: array('i', [0, 1, 1, 2, 3, 5, 8, 13, 21, 34])
[INFO] [1733750108.440874166] [fibonacci_action_client]: Received feedback: array('i', [0, 1, 1, 2, 3, 5, 8, 13, 21, 34, 55])
[INFO] [1733750108.945083642] [fibonacci_action_client]: Result: array('i', [0, 1, 1, 2, 3, 5, 8, 13, 21, 34, 55])
[INFO] [1733750109.445985956] [fibonacci_action_client]: Sending goal with order 10
[INFO] [1733750117.972583845] [fibonacci_action_client]: Goal accepted, waiting for result.
[INFO] [1733750117.974396034] [fibonacci_action_client]: Received feedback: array('i', [0, 1, 1])
[INFO] [1733750118.476048877] [fibonacci_action_client]: Received feedback: array('i', [0, 1, 1, 2])
[INFO] [1733750118.977391756] [fibonacci_action_client]: Received feedback: array('i', [0, 1, 1, 2, 3])
[INFO] [1733750119.478978084] [fibonacci_action_client]: Received feedback: array('i', [0, 1, 1, 2, 3, 5])
[INFO] [1733750119.980506801] [fibonacci_action_client]: Received feedback: array('i', [0, 1, 1, 2, 3, 5, 8])
[INFO] [1733750120.481669370] [fibonacci_action_client]: Received feedback: array('i', [0, 1, 1, 2, 3, 5, 8, 13])
[INFO] [1733750120.983075692] [fibonacci_action_client]: Received feedback: array('i', [0, 1, 1, 2, 3, 5, 8, 13, 21])
[INFO] [1733750121.484302990] [fibonacci_action_client]: Received feedback: array('i', [0, 1, 1, 2, 3, 5, 8, 13, 21, 34])
[INFO] [1733750121.985930528] [fibonacci_action_client]: Received feedback: array('i', [0, 1, 1, 2, 3, 5, 8, 13, 21, 34, 55])
[INFO] [1733750122.488996130] [fibonacci_action_client]: Result: array('i', [0, 1, 1, 2, 3, 5, 8, 13, 21, 34, 55])
[INFO] [1733750122.989890485] [fibonacci_action_client]: Sending goal with order 10
[INFO] [1733750131.518067877] [fibonacci_action_client]: Goal accepted, waiting for result.
[INFO] [1733750131.518778467] [fibonacci_action_client]: Received feedback: array('i', [0, 1, 1])
[INFO] [1733750132.020432583] [fibonacci_action_client]: Received feedback: array('i', [0, 1, 1, 2])
[INFO] [1733750132.520727034] [fibonacci_action_client]: Received feedback: array('i', [0, 1, 1, 2, 3])
[INFO] [1733750133.021766401] [fibonacci_action_client]: Received feedback: array('i', [0, 1, 1, 2, 3, 5])
[INFO] [1733750133.523058475] [fibonacci_action_client]: Received feedback: array('i', [0, 1, 1, 2, 3, 5, 8])
[INFO] [1733750134.024600713] [fibonacci_action_client]: Received feedback: array('i', [0, 1, 1, 2, 3, 5, 8, 13])
[INFO] [1733750134.525668555] [fibonacci_action_client]: Received feedback: array('i', [0, 1, 1, 2, 3, 5, 8, 13, 21])
[INFO] [1733750135.026662501] [fibonacci_action_client]: Received feedback: array('i', [0, 1, 1, 2, 3, 5, 8, 13, 21, 34])
[INFO] [1733750135.527874508] [fibonacci_action_client]: Received feedback: array('i', [0, 1, 1, 2, 3, 5, 8, 13, 21, 34, 55])
[INFO] [1733750136.032719357] [fibonacci_action_client]: Result: array('i', [0, 1, 1, 2, 3, 5, 8, 13, 21, 34, 55])
[INFO] [1733750136.533760261] [fibonacci_action_client]: Sending goal with order 10
[INFO] [1733750145.062026975] [fibonacci_action_client]: Goal accepted, waiting for result.
[INFO] [1733750145.062698682] [fibonacci_action_client]: Received feedback: array('i', [0, 1, 1])
[INFO] [1733750145.564069514] [fibonacci_action_client]: Received feedback: array('i', [0, 1, 1, 2])
[INFO] [1733750146.065428644] [fibonacci_action_client]: Received feedback: array('i', [0, 1, 1, 2, 3])
[INFO] [1733750146.566588693] [fibonacci_action_client]: Received feedback: array('i', [0, 1, 1, 2, 3, 5])
[INFO] [1733750147.068010162] [fibonacci_action_client]: Received feedback: array('i', [0, 1, 1, 2, 3, 5, 8])
[INFO] [1733750147.569817545] [fibonacci_action_client]: Received feedback: array('i', [0, 1, 1, 2, 3, 5, 8, 13])
[INFO] [1733750148.070611354] [fibonacci_action_client]: Received feedback: array('i', [0, 1, 1, 2, 3, 5, 8, 13, 21])
[INFO] [1733750148.572796697] [fibonacci_action_client]: Received feedback: array('i', [0, 1, 1, 2, 3, 5, 8, 13, 21, 34])
[INFO] [1733750149.074311777] [fibonacci_action_client]: Received feedback: array('i', [0, 1, 1, 2, 3, 5, 8, 13, 21, 34, 55])
[INFO] [1733750149.576966650] [fibonacci_action_client]: Result: array('i', [0, 1, 1, 2, 3, 5, 8, 13, 21, 34, 55])
[INFO] [1733750150.077966155] [fibonacci_action_client]: Sending goal with order 10
[INFO] [1733750154.092317850] [fibonacci_action_client]: Goal accepted, waiting for result.
[INFO] [1733750149.577652853] [fibonacci_action_client]: Received feedback: array('i', [0, 1, 1])
[INFO] [1733750150.078432877] [fibonacci_action_client]: Received feedback: array('i', [0, 1, 1, 2])
[INFO] [1733750150.579605022] [fibonacci_action_client]: Received feedback: array('i', [0, 1, 1, 2, 3])
[INFO] [1733750151.081416308] [fibonacci_action_client]: Received feedback: array('i', [0, 1, 1, 2, 3, 5])
[INFO] [1733750151.582603318] [fibonacci_action_client]: Received feedback: array('i', [0, 1, 1, 2, 3, 5, 8])
[INFO] [1733750152.083893560] [fibonacci_action_client]: Received feedback: array('i', [0, 1, 1, 2, 3, 5, 8, 13])
[INFO] [1733750152.585346106] [fibonacci_action_client]: Received feedback: array('i', [0, 1, 1, 2, 3, 5, 8, 13, 21])
[INFO] [1733750153.086282882] [fibonacci_action_client]: Received feedback: array('i', [0, 1, 1, 2, 3, 5, 8, 13, 21, 34])
[INFO] [1733750153.587347707] [fibonacci_action_client]: Received feedback: array('i', [0, 1, 1, 2, 3, 5, 8, 13, 21, 34, 55])
