[INFO] [1733994202.760779007] [minimal_client_async]: Result of add_two_ints: for 10 + 10 = 20
[INFO] [1733994203.507985404] [minimal_client_async]: Result of add_two_ints: for 10 + 10 = 20
[INFO] [1733994205.773450035] [minimal_client_async]: Result of add_two_ints: for 10 + 10 = 20
[INFO] [1733994207.031576994] [minimal_client_async]: Result of add_two_ints: for 10 + 10 = 20
[INFO] [1733994208.289752946] [minimal_client_async]: Result of add_two_ints: for 10 + 10 = 20
[INFO] [1733994211.056674856] [minimal_client_async]: Result of add_two_ints: for 10 + 10 = 20
[INFO] [1733994212.817992097] [minimal_client_async]: Result of add_two_ints: for 10 + 10 = 20
[INFO] [1733994214.579171901] [minimal_client_async]: Result of add_two_ints: for 10 + 10 = 20
[INFO] [1733994215.082629633] [minimal_client_async]: Result of add_two_ints: for 10 + 10 = 20
[INFO] [1733994215.333743392] [minimal_client_async]: Result of add_two_ints: for 10 + 10 = 20
[INFO] [1733994215.585361728] [minimal_client_async]: Result of add_two_ints: for 10 + 10 = 20
[INFO] [1733994216.088747732] [minimal_client_async]: Result of add_two_ints: for 10 + 10 = 20
[INFO] [1733994217.095987937] [minimal_client_async]: Result of add_two_ints: for 10 + 10 = 20
[INFO] [1733994220.619069466] [minimal_client_async]: Result of add_two_ints: for 10 + 10 = 20
[INFO] [1733994221.122440776] [minimal_client_async]: Result of add_two_ints: for 10 + 10 = 20
[INFO] [1733994221.374002666] [minimal_client_async]: Result of add_two_ints: for 10 + 10 = 20
[INFO] [1733994222.380351173] [minimal_client_async]: Result of add_two_ints: for 10 + 10 = 20
[INFO] [1733994222.883699943] [minimal_client_async]: Result of add_two_ints: for 10 + 10 = 20
[INFO] [1733994223.638453180] [minimal_client_async]: Result of add_two_ints: for 10 + 10 = 20
[INFO] [1733994225.148084753] [minimal_client_async]: Result of add_two_ints: for 10 + 10 = 20
[INFO] [1733994225.399549537] [minimal_client_async]: Result of add_two_ints: for 10 + 10 = 20
[INFO] [1733994225.651330074] [minimal_client_async]: Result of add_two_ints: for 10 + 10 = 20
[INFO] [1733994225.903140896] [minimal_client_async]: Result of add_two_ints: for 10 + 10 = 20
[INFO] [1733994226.405945542] [minimal_client_async]: Result of add_two_ints: for 10 + 10 = 20
[INFO] [1733994226.657463372] [minimal_client_async]: Result of add_two_ints: for 10 + 10 = 20
[INFO] [1733994227.412415022] [minimal_client_async]: Result of add_two_ints: for 10 + 10 = 20
[INFO] [1733994228.167917111] [minimal_client_async]: Result of add_two_ints: for 10 + 10 = 20
[INFO] [1733994228.419623821] [minimal_client_async]: Result of add_two_ints: for 10 + 10 = 20
[INFO] [1733994228.671248953] [minimal_client_async]: Result of add_two_ints: for 10 + 10 = 20
[INFO] [1733994229.174949219] [minimal_client_async]: Result of add_two_ints: for 10 + 10 = 20
[INFO] [1733994230.181252934] [minimal_client_async]: Result of add_two_ints: for 10 + 10 = 20
[INFO] [1733994231.942589734] [minimal_client_async]: Result of add_two_ints: for 10 + 10 = 20
[INFO] [1733994232.194006092] [minimal_client_async]: Result of add_two_ints: for 10 + 10 = 20
[INFO] [1733994234.458985445] [minimal_client_async]: Result of add_two_ints: for 10 + 10 = 20
[INFO] [1733994234.710645785] [minimal_client_async]: Result of add_two_ints: for 10 + 10 = 20
[INFO] [1733994235.214411959] [minimal_client_async]: Result of add_two_ints: for 10 + 10 = 20
[INFO] [1733994239.240172798] [minimal_client_async]: Result of add_two_ints: for 10 + 10 = 20
[INFO] [1733994239.743344922] [minimal_client_async]: Result of add_two_ints: for 10 + 10 = 20
[INFO] [1733994241.000886327] [minimal_client_async]: Result of add_two_ints: for 10 + 10 = 20
[INFO] [1733994242.007958572] [minimal_client_async]: Result of add_two_ints: for 10 + 10 = 20
[INFO] [1733994242.259714826] [minimal_client_async]: Result of add_two_ints: for 10 + 10 = 20
[INFO] [1733994242.511154527] [minimal_client_async]: Result of add_two_ints: for 10 + 10 = 20
[INFO] [1733994243.768913296] [minimal_client_async]: Result of add_two_ints: for 10 + 10 = 20
[INFO] [1733994244.020626578] [minimal_client_async]: Result of add_two_ints: for 10 + 10 = 20
[INFO] [1733994244.523833721] [minimal_client_async]: Result of add_two_ints: for 10 + 10 = 20
[INFO] [1733994246.034320126] [minimal_client_async]: Result of add_two_ints: for 10 + 10 = 20
[INFO] [1733994249.305719530] [minimal_client_async]: Result of add_two_ints: for 10 + 10 = 20
[INFO] [1733994250.815814524] [minimal_client_async]: Result of add_two_ints: for 10 + 10 = 20
[INFO] [1733994252.073725998] [minimal_client_async]: Result of add_two_ints: for 10 + 10 = 20
[INFO] [1733994252.324969444] [minimal_client_async]: Result of add_two_ints: for 10 + 10 = 20
[INFO] [1733994253.079564141] [minimal_client_async]: Result of add_two_ints: for 10 + 10 = 20
[INFO] [1733994253.331163933] [minimal_client_async]: Result of add_two_ints: for 10 + 10 = 20
[INFO] [1733994254.337059162] [minimal_client_async]: Result of add_two_ints: for 10 + 10 = 20
[INFO] [1733994254.840319724] [minimal_client_async]: Result of add_two_ints: for 10 + 10 = 20
[INFO] [1733994255.847419571] [minimal_client_async]: Result of add_two_ints: for 10 + 10 = 20
[INFO] [1733994256.099179221] [minimal_client_async]: Result of add_two_ints: for 10 + 10 = 20
[INFO] [1733994259.368948586] [minimal_client_async]: Result of add_two_ints: for 10 + 10 = 20
[INFO] [1733994259.620729821] [minimal_client_async]: Result of add_two_ints: for 10 + 10 = 20
[INFO] [1733994259.872118649] [minimal_client_async]: Result of add_two_ints: for 10 + 10 = 20
[INFO] [1733994260.879172637] [minimal_client_async]: Result of add_two_ints: for 10 + 10 = 20
[INFO] [1733994261.130592630] [minimal_client_async]: Result of add_two_ints: for 10 + 10 = 20
[INFO] [1733994261.885844535] [minimal_client_async]: Result of add_two_ints: for 10 + 10 = 20
[INFO] [1733994262.137204851] [minimal_client_async]: Result of add_two_ints: for 10 + 10 = 20
[INFO] [1733994262.891823712] [minimal_client_async]: Result of add_two_ints: for 10 + 10 = 20
[INFO] [1733994264.401803071] [minimal_client_async]: Result of add_two_ints: for 10 + 10 = 20
[INFO] [1733994264.653205420] [minimal_client_async]: Result of add_two_ints: for 10 + 10 = 20
[INFO] [1733994264.904692286] [minimal_client_async]: Result of add_two_ints: for 10 + 10 = 20
[INFO] [1733994266.415562600] [minimal_client_async]: Result of add_two_ints: for 10 + 10 = 20
[INFO] [1733994267.170655434] [minimal_client_async]: Result of add_two_ints: for 10 + 10 = 20
[INFO] [1733994268.177215173] [minimal_client_async]: Result of add_two_ints: for 10 + 10 = 20
[INFO] [1733994268.680381725] [minimal_client_async]: Result of add_two_ints: for 10 + 10 = 20
[INFO] [1733994268.932264573] [minimal_client_async]: Result of add_two_ints: for 10 + 10 = 20
[INFO] [1733994269.938688365] [minimal_client_async]: Result of add_two_ints: for 10 + 10 = 20
[INFO] [1733994270.945762412] [minimal_client_async]: Result of add_two_ints: for 10 + 10 = 20
[INFO] [1733994271.197205402] [minimal_client_async]: Result of add_two_ints: for 10 + 10 = 20
[INFO] [1733994272.456350864] [minimal_client_async]: Result of add_two_ints: for 10 + 10 = 20
[INFO] [1733994273.965563672] [minimal_client_async]: Result of add_two_ints: for 10 + 10 = 20
[INFO] [1733994274.468030488] [minimal_client_async]: Result of add_two_ints: for 10 + 10 = 20
[INFO] [1733994275.474689634] [minimal_client_async]: Result of add_two_ints: for 10 + 10 = 20
[INFO] [1733994275.726393330] [minimal_client_async]: Result of add_two_ints: for 10 + 10 = 20
[INFO] [1733994275.978471684] [minimal_client_async]: Result of add_two_ints: for 10 + 10 = 20
[INFO] [1733994277.991362706] [minimal_client_async]: Result of add_two_ints: for 10 + 10 = 20
[INFO] [1733994278.243248945] [minimal_client_async]: Result of add_two_ints: for 10 + 10 = 20
[INFO] [1733994278.495065255] [minimal_client_async]: Result of add_two_ints: for 10 + 10 = 20
[INFO] [1733994278.746595822] [minimal_client_async]: Result of add_two_ints: for 10 + 10 = 20
[INFO] [1733994278.998196195] [minimal_client_async]: Result of add_two_ints: for 10 + 10 = 20
[INFO] [1733994280.255412421] [minimal_client_async]: Result of add_two_ints: for 10 + 10 = 20
[INFO] [1733994281.262158744] [minimal_client_async]: Result of add_two_ints: for 10 + 10 = 20
[INFO] [1733994282.016728410] [minimal_client_async]: Result of add_two_ints: for 10 + 10 = 20
[INFO] [1733994282.268507426] [minimal_client_async]: Result of add_two_ints: for 10 + 10 = 20
[INFO] [1733994286.299156164] [minimal_client_async]: Result of add_two_ints: for 10 + 10 = 20
[INFO] [1733994286.551711865] [minimal_client_async]: Result of add_two_ints: for 10 + 10 = 20
[INFO] [1733994286.803633651] [minimal_client_async]: Result of add_two_ints: for 10 + 10 = 20
[INFO] [1733994287.055614029] [minimal_client_async]: Result of add_two_ints: for 10 + 10 = 20
[INFO] [1733994287.307528178] [minimal_client_async]: Result of add_two_ints: for 10 + 10 = 20
[INFO] [1733994287.559078356] [minimal_client_async]: Result of add_two_ints: for 10 + 10 = 20
[INFO] [1733994288.062637747] [minimal_client_async]: Result of add_two_ints: for 10 + 10 = 20
[INFO] [1733994288.566324225] [minimal_client_async]: Result of add_two_ints: for 10 + 10 = 20
[INFO] [1733994289.320786950] [minimal_client_async]: Result of add_two_ints: for 10 + 10 = 20
[INFO] [1733994290.579840186] [minimal_client_async]: Result of add_two_ints: for 10 + 10 = 20
[INFO] [1733994291.336354448] [minimal_client_async]: Result of add_two_ints: for 10 + 10 = 20
[INFO] [1733994291.588299450] [minimal_client_async]: Result of add_two_ints: for 10 + 10 = 20
[INFO] [1733994293.351250534] [minimal_client_async]: Result of add_two_ints: for 10 + 10 = 20
[INFO] [1733994293.603020319] [minimal_client_async]: Result of add_two_ints: for 10 + 10 = 20
[INFO] [1733994295.112680919] [minimal_client_async]: Result of add_two_ints: for 10 + 10 = 20
[INFO] [1733994296.370698446] [minimal_client_async]: Result of add_two_ints: for 10 + 10 = 20
[INFO] [1733994298.132056876] [minimal_client_async]: Result of add_two_ints: for 10 + 10 = 20
[INFO] [1733994299.894122160] [minimal_client_async]: Result of add_two_ints: for 10 + 10 = 20
[INFO] [1733994301.403717686] [minimal_client_async]: Result of add_two_ints: for 10 + 10 = 20
[INFO] [1733994301.906965080] [minimal_client_async]: Result of add_two_ints: for 10 + 10 = 20
[INFO] [1733994302.662243778] [minimal_client_async]: Result of add_two_ints: for 10 + 10 = 20
[INFO] [1733994304.927699120] [minimal_client_async]: Result of add_two_ints: for 10 + 10 = 20
[INFO] [1733994307.442737820] [minimal_client_async]: Result of add_two_ints: for 10 + 10 = 20
[INFO] [1733994307.694631640] [minimal_client_async]: Result of add_two_ints: for 10 + 10 = 20
[INFO] [1733994308.198243985] [minimal_client_async]: Result of add_two_ints: for 10 + 10 = 20
[INFO] [1733994310.464239414] [minimal_client_async]: Result of add_two_ints: for 10 + 10 = 20
[INFO] [1733994310.716227662] [minimal_client_async]: Result of add_two_ints: for 10 + 10 = 20
[INFO] [1733994312.225825964] [minimal_client_async]: Result of add_two_ints: for 10 + 10 = 20
[INFO] [1733994312.979944059] [minimal_client_async]: Result of add_two_ints: for 10 + 10 = 20
[INFO] [1733994313.231489018] [minimal_client_async]: Result of add_two_ints: for 10 + 10 = 20
[INFO] [1733994315.495026531] [minimal_client_async]: Result of add_two_ints: for 10 + 10 = 20
[INFO] [1733994315.746687504] [minimal_client_async]: Result of add_two_ints: for 10 + 10 = 20
[INFO] [1733994316.249263124] [minimal_client_async]: Result of add_two_ints: for 10 + 10 = 20
[INFO] [1733994316.500964649] [minimal_client_async]: Result of add_two_ints: for 10 + 10 = 20
[INFO] [1733994316.752396808] [minimal_client_async]: Result of add_two_ints: for 10 + 10 = 20
[INFO] [1733994317.507563284] [minimal_client_async]: Result of add_two_ints: for 10 + 10 = 20
[INFO] [1733994319.520201917] [minimal_client_async]: Result of add_two_ints: for 10 + 10 = 20
[INFO] [1733994320.275002563] [minimal_client_async]: Result of add_two_ints: for 10 + 10 = 20
[INFO] [1733994320.525998429] [minimal_client_async]: Result of add_two_ints: for 10 + 10 = 20
[INFO] [1733994321.784109436] [minimal_client_async]: Result of add_two_ints: for 10 + 10 = 20
[INFO] [1733994322.035478511] [minimal_client_async]: Result of add_two_ints: for 10 + 10 = 20
[INFO] [1733994323.546843006] [minimal_client_async]: Result of add_two_ints: for 10 + 10 = 20
[INFO] [1733994325.309381665] [minimal_client_async]: Result of add_two_ints: for 10 + 10 = 20
[INFO] [1733994326.064014275] [minimal_client_async]: Result of add_two_ints: for 10 + 10 = 20
[INFO] [1733994326.818370468] [minimal_client_async]: Result of add_two_ints: for 10 + 10 = 20
[INFO] [1733994327.573659274] [minimal_client_async]: Result of add_two_ints: for 10 + 10 = 20
[INFO] [1733994327.825575106] [minimal_client_async]: Result of add_two_ints: for 10 + 10 = 20
[INFO] [1733994328.580348617] [minimal_client_async]: Result of add_two_ints: for 10 + 10 = 20
[INFO] [1733994328.832299202] [minimal_client_async]: Result of add_two_ints: for 10 + 10 = 20
[INFO] [1733994329.083888490] [minimal_client_async]: Result of add_two_ints: for 10 + 10 = 20
[INFO] [1733994329.335495808] [minimal_client_async]: Result of add_two_ints: for 10 + 10 = 20
[INFO] [1733994330.090547079] [minimal_client_async]: Result of add_two_ints: for 10 + 10 = 20
[INFO] [1733994331.097014012] [minimal_client_async]: Result of add_two_ints: for 10 + 10 = 20
[INFO] [1733994332.103512907] [minimal_client_async]: Result of add_two_ints: for 10 + 10 = 20
[INFO] [1733994335.122346215] [minimal_client_async]: Result of add_two_ints: for 10 + 10 = 20
[INFO] [1733994336.380568190] [minimal_client_async]: Result of add_two_ints: for 10 + 10 = 20
[INFO] [1733994337.387037784] [minimal_client_async]: Result of add_two_ints: for 10 + 10 = 20
[INFO] [1733994338.393592612] [minimal_client_async]: Result of add_two_ints: for 10 + 10 = 20
[INFO] [1733994338.645162529] [minimal_client_async]: Result of add_two_ints: for 10 + 10 = 20
[INFO] [1733994339.148791035] [minimal_client_async]: Result of add_two_ints: for 10 + 10 = 20
[INFO] [1733994340.407487139] [minimal_client_async]: Result of add_two_ints: for 10 + 10 = 20
[INFO] [1733994340.910972213] [minimal_client_async]: Result of add_two_ints: for 10 + 10 = 20
[INFO] [1733994342.168424805] [minimal_client_async]: Result of add_two_ints: for 10 + 10 = 20
[INFO] [1733994342.420334451] [minimal_client_async]: Result of add_two_ints: for 10 + 10 = 20
[INFO] [1733994342.923508032] [minimal_client_async]: Result of add_two_ints: for 10 + 10 = 20
[INFO] [1733994343.426779466] [minimal_client_async]: Result of add_two_ints: for 10 + 10 = 20
[INFO] [1733994343.678165930] [minimal_client_async]: Result of add_two_ints: for 10 + 10 = 20
[INFO] [1733994344.936402376] [minimal_client_async]: Result of add_two_ints: for 10 + 10 = 20
[INFO] [1733994345.691388110] [minimal_client_async]: Result of add_two_ints: for 10 + 10 = 20
[INFO] [1733994345.943446266] [minimal_client_async]: Result of add_two_ints: for 10 + 10 = 20
[INFO] [1733994347.956773831] [minimal_client_async]: Result of add_two_ints: for 10 + 10 = 20
[INFO] [1733994349.214835604] [minimal_client_async]: Result of add_two_ints: for 10 + 10 = 20
[INFO] [1733994349.466008709] [minimal_client_async]: Result of add_two_ints: for 10 + 10 = 20
[INFO] [1733994349.969512070] [minimal_client_async]: Result of add_two_ints: for 10 + 10 = 20
[INFO] [1733994350.472678104] [minimal_client_async]: Result of add_two_ints: for 10 + 10 = 20
[INFO] [1733994350.724541864] [minimal_client_async]: Result of add_two_ints: for 10 + 10 = 20
[INFO] [1733994351.479449063] [minimal_client_async]: Result of add_two_ints: for 10 + 10 = 20
[INFO] [1733994353.744125160] [minimal_client_async]: Result of add_two_ints: for 10 + 10 = 20
[INFO] [1733994354.247355927] [minimal_client_async]: Result of add_two_ints: for 10 + 10 = 20
[INFO] [1733994354.498681637] [minimal_client_async]: Result of add_two_ints: for 10 + 10 = 20
[INFO] [1733994355.252269735] [minimal_client_async]: Result of add_two_ints: for 10 + 10 = 20
[INFO] [1733994355.504036458] [minimal_client_async]: Result of add_two_ints: for 10 + 10 = 20
[INFO] [1733994356.259294781] [minimal_client_async]: Result of add_two_ints: for 10 + 10 = 20
[INFO] [1733994356.762642560] [minimal_client_async]: Result of add_two_ints: for 10 + 10 = 20
[INFO] [1733994357.013709842] [minimal_client_async]: Result of add_two_ints: for 10 + 10 = 20
[INFO] [1733994357.265390888] [minimal_client_async]: Result of add_two_ints: for 10 + 10 = 20
[INFO] [1733994357.516697972] [minimal_client_async]: Result of add_two_ints: for 10 + 10 = 20
[INFO] [1733994357.768588056] [minimal_client_async]: Result of add_two_ints: for 10 + 10 = 20
[INFO] [1733994358.020387347] [minimal_client_async]: Result of add_two_ints: for 10 + 10 = 20
[INFO] [1733994360.285279688] [minimal_client_async]: Result of add_two_ints: for 10 + 10 = 20
[INFO] [1733994361.543412275] [minimal_client_async]: Result of add_two_ints: for 10 + 10 = 20
[INFO] [1733994362.801947573] [minimal_client_async]: Result of add_two_ints: for 10 + 10 = 20
[INFO] [1733994363.808339556] [minimal_client_async]: Result of add_two_ints: for 10 + 10 = 20
[INFO] [1733994364.060017178] [minimal_client_async]: Result of add_two_ints: for 10 + 10 = 20
[INFO] [1733994364.814811014] [minimal_client_async]: Result of add_two_ints: for 10 + 10 = 20
[INFO] [1733994365.066430225] [minimal_client_async]: Result of add_two_ints: for 10 + 10 = 20
[INFO] [1733994366.072066923] [minimal_client_async]: Result of add_two_ints: for 10 + 10 = 20
[INFO] [1733994366.323163539] [minimal_client_async]: Result of add_two_ints: for 10 + 10 = 20
[INFO] [1733994366.574769998] [minimal_client_async]: Result of add_two_ints: for 10 + 10 = 20
[INFO] [1733994366.826167683] [minimal_client_async]: Result of add_two_ints: for 10 + 10 = 20
[INFO] [1733994369.342299810] [minimal_client_async]: Result of add_two_ints: for 10 + 10 = 20
[INFO] [1733994370.096819330] [minimal_client_async]: Result of add_two_ints: for 10 + 10 = 20
[INFO] [1733994370.348482735] [minimal_client_async]: Result of add_two_ints: for 10 + 10 = 20
[INFO] [1733994373.115974700] [minimal_client_async]: Result of add_two_ints: for 10 + 10 = 20
[INFO] [1733994373.618550942] [minimal_client_async]: Result of add_two_ints: for 10 + 10 = 20
[INFO] [1733994374.121692776] [minimal_client_async]: Result of add_two_ints: for 10 + 10 = 20
[INFO] [1733994374.373294270] [minimal_client_async]: Result of add_two_ints: for 10 + 10 = 20
[INFO] [1733994374.624752056] [minimal_client_async]: Result of add_two_ints: for 10 + 10 = 20
[INFO] [1733994376.636154506] [minimal_client_async]: Result of add_two_ints: for 10 + 10 = 20
[INFO] [1733994377.642627427] [minimal_client_async]: Result of add_two_ints: for 10 + 10 = 20
[INFO] [1733994377.894334344] [minimal_client_async]: Result of add_two_ints: for 10 + 10 = 20
[INFO] [1733994378.145652229] [minimal_client_async]: Result of add_two_ints: for 10 + 10 = 20
[INFO] [1733994378.397308027] [minimal_client_async]: Result of add_two_ints: for 10 + 10 = 20
[INFO] [1733994378.648604800] [minimal_client_async]: Result of add_two_ints: for 10 + 10 = 20
[INFO] [1733994379.403734614] [minimal_client_async]: Result of add_two_ints: for 10 + 10 = 20
[INFO] [1733994380.912754057] [minimal_client_async]: Result of add_two_ints: for 10 + 10 = 20
[INFO] [1733994381.666688447] [minimal_client_async]: Result of add_two_ints: for 10 + 10 = 20
[INFO] [1733994381.741959532] [minimal_client_async]: Timeout reached. Stopping client.
RAPL is set
] [1733994352.989432804] [minimal_client_async]: Result of add_two_ints: for 10 + 10 = 20
[INFO] [1733994354.750105701] [minimal_client_async]: Result of add_two_ints: for 10 + 10 = 20
[INFO] [1733994355.001081293] [minimal_client_async]: Result of add_two_ints: for 10 + 10 = 20
[INFO] [1733994355.755883814] [minimal_client_async]: Result of add_two_ints: for 10 + 10 = 20
[INFO] [1733994358.272251355] [minimal_client_async]: Result of add_two_ints: for 10 + 10 = 20
[INFO] [1733994358.524035607] [minimal_client_async]: Result of add_two_ints: for 10 + 10 = 20
[INFO] [1733994359.782170865] [minimal_client_async]: Result of add_two_ints: for 10 + 10 = 20
[INFO] [1733994360.033560524] [minimal_client_async]: Result of add_two_ints: for 10 + 10 = 20
[INFO] [1733994360.788369872] [minimal_client_async]: Result of add_two_ints: for 10 + 10 = 20
[INFO] [1733994361.039855950] [minimal_client_async]: Result of add_two_ints: for 10 + 10 = 20
[INFO] [1733994361.795236470] [minimal_client_async]: Result of add_two_ints: for 10 + 10 = 20
[INFO] [1733994362.046978766] [minimal_client_async]: Result of add_two_ints: for 10 + 10 = 20
[INFO] [1733994362.550115830] [minimal_client_async]: Result of add_two_ints: for 10 + 10 = 20
[INFO] [1733994363.053250839] [minimal_client_async]: Result of add_two_ints: for 10 + 10 = 20
[INFO] [1733994363.304690373] [minimal_client_async]: Result of add_two_ints: for 10 + 10 = 20
[INFO] [1733994363.556562014] [minimal_client_async]: Result of add_two_ints: for 10 + 10 = 20
[INFO] [1733994364.311747794] [minimal_client_async]: Result of add_two_ints: for 10 + 10 = 20
[INFO] [1733994364.563038460] [minimal_client_async]: Result of add_two_ints: for 10 + 10 = 20
[INFO] [1733994365.317746463] [minimal_client_async]: Result of add_two_ints: for 10 + 10 = 20
[INFO] [1733994365.820317456] [minimal_client_async]: Result of add_two_ints: for 10 + 10 = 20
[INFO] [1733994368.335788194] [minimal_client_async]: Result of add_two_ints: for 10 + 10 = 20
[INFO] [1733994370.851598255] [minimal_client_async]: Result of add_two_ints: for 10 + 10 = 20
[INFO] [1733994371.102833709] [minimal_client_async]: Result of add_two_ints: for 10 + 10 = 20
[INFO] [1733994371.354685427] [minimal_client_async]: Result of add_two_ints: for 10 + 10 = 20
[INFO] [1733994372.360423829] [minimal_client_async]: Result of add_two_ints: for 10 + 10 = 20
[INFO] [1733994372.612335205] [minimal_client_async]: Result of add_two_ints: for 10 + 10 = 20
[INFO] [1733994373.367069200] [minimal_client_async]: Result of add_two_ints: for 10 + 10 = 20
[INFO] [1733994375.881899014] [minimal_client_async]: Result of add_two_ints: for 10 + 10 = 20
[INFO] [1733994376.133198220] [minimal_client_async]: Result of add_two_ints: for 10 + 10 = 20
[INFO] [1733994377.391047066] [minimal_client_async]: Result of add_two_ints: for 10 + 10 = 20
[INFO] [1733994379.907166237] [minimal_client_async]: Result of add_two_ints: for 10 + 10 = 20
[INFO] [1733994380.661286666] [minimal_client_async]: Result of add_two_ints: for 10 + 10 = 20
[INFO] [1733994381.164022540] [minimal_client_async]: Result of add_two_ints: for 10 + 10 = 20
[INFO] [1733994381.741766297] [minimal_client_async]: Timeout reached. Stopping client.
RAPL is not set
733994368.587491181] [minimal_client_async]: Result of add_two_ints: for 10 + 10 = 20
[INFO] [1733994368.839235404] [minimal_client_async]: Result of add_two_ints: for 10 + 10 = 20
[INFO] [1733994369.090766106] [minimal_client_async]: Result of add_two_ints: for 10 + 10 = 20
[INFO] [1733994369.593803387] [minimal_client_async]: Result of add_two_ints: for 10 + 10 = 20
[INFO] [1733994369.845066656] [minimal_client_async]: Result of add_two_ints: for 10 + 10 = 20
[INFO] [1733994370.599900883] [minimal_client_async]: Result of add_two_ints: for 10 + 10 = 20
[INFO] [1733994371.605930857] [minimal_client_async]: Result of add_two_ints: for 10 + 10 = 20
[INFO] [1733994371.857431950] [minimal_client_async]: Result of add_two_ints: for 10 + 10 = 20
[INFO] [1733994372.108742247] [minimal_client_async]: Result of add_two_ints: for 10 + 10 = 20
[INFO] [1733994372.864043465] [minimal_client_async]: Result of add_two_ints: for 10 + 10 = 20
[INFO] [1733994373.870192356] [minimal_client_async]: Result of add_two_ints: for 10 + 10 = 20
[INFO] [1733994374.876378324] [minimal_client_async]: Result of add_two_ints: for 10 + 10 = 20
[INFO] [1733994375.127815609] [minimal_client_async]: Result of add_two_ints: for 10 + 10 = 20
[INFO] [1733994375.378925482] [minimal_client_async]: Result of add_two_ints: for 10 + 10 = 20
[INFO] [1733994375.630146422] [minimal_client_async]: Result of add_two_ints: for 10 + 10 = 20
[INFO] [1733994376.384552073] [minimal_client_async]: Result of add_two_ints: for 10 + 10 = 20
[INFO] [1733994376.887303108] [minimal_client_async]: Result of add_two_ints: for 10 + 10 = 20
[INFO] [1733994377.139126698] [minimal_client_async]: Result of add_two_ints: for 10 + 10 = 20
[INFO] [1733994378.900097895] [minimal_client_async]: Result of add_two_ints: for 10 + 10 = 20
[INFO] [1733994379.151923793] [minimal_client_async]: Result of add_two_ints: for 10 + 10 = 20
[INFO] [1733994379.655570531] [minimal_client_async]: Result of add_two_ints: for 10 + 10 = 20
[INFO] [1733994380.158163857] [minimal_client_async]: Result of add_two_ints: for 10 + 10 = 20
[INFO] [1733994380.409899551] [minimal_client_async]: Result of add_two_ints: for 10 + 10 = 20
[INFO] [1733994381.415302892] [minimal_client_async]: Result of add_two_ints: for 10 + 10 = 20
[INFO] [1733994381.741964175] [minimal_client_async]: Timeout reached. Stopping client.
RAPL is not set
