[INFO] [1733772192.951823701] [fibonacci_action_server]: Received goal request with order 10
[INFO] [1733772192.952139070] [fibonacci_action_server]: Executing goal...
[INFO] [1733772192.952255769] [fibonacci_action_server]: Feedback: [1]
[INFO] [1733772193.952423502] [fibonacci_action_server]: Feedback: [2]
[INFO] [1733772194.952705769] [fibonacci_action_server]: Feedback: [3]
[INFO] [1733772195.952841013] [fibonacci_action_server]: Feedback: [5]
[INFO] [1733772196.953103468] [fibonacci_action_server]: Feedback: [8]
[INFO] [1733772197.953281233] [fibonacci_action_server]: Feedback: [13]
[INFO] [1733772198.953446711] [fibonacci_action_server]: Feedback: [21]
[INFO] [1733772199.953614012] [fibonacci_action_server]: Feedback: [34]
[INFO] [1733772200.953845026] [fibonacci_action_server]: Feedback: [55]
[INFO] [1733772201.954060648] [fibonacci_action_server]: Goal succeeded
[INFO] [1733772201.954348614] [fibonacci_action_server]: Received goal request with order 10
[INFO] [1733772201.954425707] [fibonacci_action_server]: Executing goal...
[INFO] [1733772201.954467640] [fibonacci_action_server]: Feedback: [1]
[INFO] [1733772202.954581001] [fibonacci_action_server]: Feedback: [2]
[INFO] [1733772203.954756234] [fibonacci_action_server]: Feedback: [3]
[INFO] [1733772204.954902776] [fibonacci_action_server]: Feedback: [5]
[INFO] [1733772205.955121488] [fibonacci_action_server]: Feedback: [8]
[INFO] [1733772206.955259764] [fibonacci_action_server]: Feedback: [13]
[INFO] [1733772207.955419126] [fibonacci_action_server]: Feedback: [21]
[INFO] [1733772208.955567538] [fibonacci_action_server]: Feedback: [34]
[INFO] [1733772209.955788766] [fibonacci_action_server]: Feedback: [55]
[INFO] [1733772210.955970523] [fibonacci_action_server]: Goal succeeded
[INFO] [1733772210.956288502] [fibonacci_action_server]: Received goal request with order 10
[INFO] [1733772210.956372889] [fibonacci_action_server]: Executing goal...
[INFO] [1733772210.956416357] [fibonacci_action_server]: Feedback: [1]
[INFO] [1733772211.956528973] [fibonacci_action_server]: Feedback: [2]
[INFO] [1733772212.956716145] [fibonacci_action_server]: Feedback: [3]
[INFO] [1733772213.956900900] [fibonacci_action_server]: Feedback: [5]
[INFO] [1733772214.957081371] [fibonacci_action_server]: Feedback: [8]
[INFO] [1733772215.957271380] [fibonacci_action_server]: Feedback: [13]
[INFO] [1733772216.957418505] [fibonacci_action_server]: Feedback: [21]
[INFO] [1733772217.957616034] [fibonacci_action_server]: Feedback: [34]
[INFO] [1733772218.957804851] [fibonacci_action_server]: Feedback: [55]
[INFO] [1733772219.957948666] [fibonacci_action_server]: Goal succeeded
[INFO] [1733772219.958228044] [fibonacci_action_server]: Received goal request with order 10
[INFO] [1733772219.958333015] [fibonacci_action_server]: Executing goal...
[INFO] [1733772219.958378747] [fibonacci_action_server]: Feedback: [1]
[INFO] [1733772220.958492511] [fibonacci_action_server]: Feedback: [2]
[INFO] [1733772221.958638179] [fibonacci_action_server]: Feedback: [3]
[INFO] [1733772222.958826293] [fibonacci_action_server]: Feedback: [5]
[INFO] [1733772223.959024544] [fibonacci_action_server]: Feedback: [8]
[INFO] [1733772224.959206276] [fibonacci_action_server]: Feedback: [13]
[INFO] [1733772225.959395781] [fibonacci_action_server]: Feedback: [21]
[INFO] [1733772226.959555143] [fibonacci_action_server]: Feedback: [34]
[INFO] [1733772227.959733176] [fibonacci_action_server]: Feedback: [55]
[INFO] [1733772228.959921469] [fibonacci_action_server]: Goal succeeded
[INFO] [1733772228.960260476] [fibonacci_action_server]: Received goal request with order 10
[INFO] [1733772228.960333830] [fibonacci_action_server]: Executing goal...
[INFO] [1733772228.960390059] [fibonacci_action_server]: Feedback: [1]
[INFO] [1733772229.960507071] [fibonacci_action_server]: Feedback: [2]
[INFO] [1733772230.960694288] [fibonacci_action_server]: Feedback: [3]
[INFO] [1733772231.960831642] [fibonacci_action_server]: Feedback: [5]
[INFO] [1733772232.960991057] [fibonacci_action_server]: Feedback: [8]
[INFO] [1733772233.961207007] [fibonacci_action_server]: Feedback: [13]
[INFO] [1733772234.961354666] [fibonacci_action_server]: Feedback: [21]
[INFO] [1733772235.961545568] [fibonacci_action_server]: Feedback: [34]
[INFO] [1733772236.961761114] [fibonacci_action_server]: Feedback: [55]
[INFO] [1733772237.961954617] [fibonacci_action_server]: Goal succeeded
[INFO] [1733772237.962221096] [fibonacci_action_server]: Received goal request with order 10
[INFO] [1733772237.962326687] [fibonacci_action_server]: Executing goal...
[INFO] [1733772237.962377710] [fibonacci_action_server]: Feedback: [1]
[INFO] [1733772238.962494727] [fibonacci_action_server]: Feedback: [2]
[INFO] [1733772239.962647017] [fibonacci_action_server]: Feedback: [3]
[INFO] [1733772240.962825513] [fibonacci_action_server]: Feedback: [5]
[INFO] [1733772241.962977647] [fibonacci_action_server]: Feedback: [8]
[INFO] [1733772242.963129446] [fibonacci_action_server]: Feedback: [13]
[INFO] [1733772243.963285002] [fibonacci_action_server]: Feedback: [21]
[INFO] [1733772244.963450161] [fibonacci_action_server]: Feedback: [34]
[INFO] [1733772245.963616606] [fibonacci_action_server]: Feedback: [55]
[INFO] [1733772246.963825415] [fibonacci_action_server]: Goal succeeded
[INFO] [1733772246.964156007] [fibonacci_action_server]: Received goal request with order 10
[INFO] [1733772246.964274151] [fibonacci_action_server]: Executing goal...
[INFO] [1733772246.964319723] [fibonacci_action_server]: Feedback: [1]
[INFO] [1733772247.964438518] [fibonacci_action_server]: Feedback: [2]
[INFO] [1733772248.964638022] [fibonacci_action_server]: Feedback: [3]
[INFO] [1733772249.964808076] [fibonacci_action_server]: Feedback: [5]
[INFO] [1733772250.965022016] [fibonacci_action_server]: Feedback: [8]
[INFO] [1733772251.965196700] [fibonacci_action_server]: Feedback: [13]
[INFO] [1733772252.965386763] [fibonacci_action_server]: Feedback: [21]
[INFO] [1733772253.965540276] [fibonacci_action_server]: Feedback: [34]
[INFO] [1733772254.965771282] [fibonacci_action_server]: Feedback: [55]
[INFO] [1733772255.965952918] [fibonacci_action_server]: Goal succeeded
[INFO] [1733772255.966221248] [fibonacci_action_server]: Received goal request with order 10
[INFO] [1733772255.966311510] [fibonacci_action_server]: Executing goal...
[INFO] [1733772255.966363615] [fibonacci_action_server]: Feedback: [1]
[INFO] [1733772256.966489381] [fibonacci_action_server]: Feedback: [2]
[INFO] [1733772257.966707892] [fibonacci_action_server]: Feedback: [3]
[INFO] [1733772258.966868896] [fibonacci_action_server]: Feedback: [5]
[INFO] [1733772259.967022664] [fibonacci_action_server]: Feedback: [8]
[INFO] [1733772260.967234568] [fibonacci_action_server]: Feedback: [13]
[INFO] [1733772261.967414759] [fibonacci_action_server]: Feedback: [21]
[INFO] [1733772262.967572743] [fibonacci_action_server]: Feedback: [34]
[INFO] [1733772263.967802574] [fibonacci_action_server]: Feedback: [55]
[INFO] [1733772264.968073870] [fibonacci_action_server]: Goal succeeded
[INFO] [1733772264.968595463] [fibonacci_action_server]: Received goal request with order 10
[INFO] [1733772264.968720269] [fibonacci_action_server]: Executing goal...
[INFO] [1733772264.968793163] [fibonacci_action_server]: Feedback: [1]
[INFO] [1733772265.968929178] [fibonacci_action_server]: Feedback: [2]
[INFO] [1733772266.969113628] [fibonacci_action_server]: Feedback: [3]
[INFO] [1733772267.969275792] [fibonacci_action_server]: Feedback: [5]
[INFO] [1733772268.969471748] [fibonacci_action_server]: Feedback: [8]
[INFO] [1733772269.969775029] [fibonacci_action_server]: Feedback: [13]
[INFO] [1733772270.969993160] [fibonacci_action_server]: Feedback: [21]
[INFO] [1733772271.970147616] [fibonacci_action_server]: Feedback: [34]
[INFO] [1733772272.970354309] [fibonacci_action_server]: Feedback: [55]
[INFO] [1733772273.970552423] [fibonacci_action_server]: Goal succeeded
[INFO] [1733772273.970909600] [fibonacci_action_server]: Received goal request with order 10
[INFO] [1733772273.970993650] [fibonacci_action_server]: Executing goal...
[INFO] [1733772273.971033716] [fibonacci_action_server]: Feedback: [1]
[INFO] [1733772274.971139802] [fibonacci_action_server]: Feedback: [2]
[INFO] [1733772275.971313458] [fibonacci_action_server]: Feedback: [3]
[INFO] [1733772276.971467393] [fibonacci_action_server]: Feedback: [5]
[INFO] [1733772277.971648768] [fibonacci_action_server]: Feedback: [8]
[INFO] [1733772278.971789874] [fibonacci_action_server]: Feedback: [13]
[INFO] [1733772279.971981070] [fibonacci_action_server]: Feedback: [21]
[INFO] [1733772280.972193266] [fibonacci_action_server]: Feedback: [34]
[INFO] [1733772281.972366744] [fibonacci_action_server]: Feedback: [55]
[INFO] [1733772282.972596371] [fibonacci_action_server]: Goal succeeded
[INFO] [1733772282.972996152] [fibonacci_action_server]: Received goal request with order 10
[INFO] [1733772282.973093250] [fibonacci_action_server]: Executing goal...
[INFO] [1733772282.973168874] [fibonacci_action_server]: Feedback: [1]
[INFO] [1733772283.973303049] [fibonacci_action_server]: Feedback: [2]
[INFO] [1733772284.973456845] [fibonacci_action_server]: Feedback: [3]
[INFO] [1733772285.973639321] [fibonacci_action_server]: Feedback: [5]
[INFO] [1733772286.973827411] [fibonacci_action_server]: Feedback: [8]
[INFO] [1733772287.973978785] [fibonacci_action_server]: Feedback: [13]
[INFO] [1733772288.974133009] [fibonacci_action_server]: Feedback: [21]
[INFO] [1733772289.974310503] [fibonacci_action_server]: Feedback: [34]
[INFO] [1733772290.974506520] [fibonacci_action_server]: Feedback: [55]
[INFO] [1733772291.974727510] [fibonacci_action_server]: Goal succeeded
[INFO] [1733772291.975056456] [fibonacci_action_server]: Received goal request with order 10
[INFO] [1733772291.975171407] [fibonacci_action_server]: Executing goal...
[INFO] [1733772291.975221265] [fibonacci_action_server]: Feedback: [1]
[INFO] [1733772292.975361960] [fibonacci_action_server]: Feedback: [2]
[INFO] [1733772293.975559968] [fibonacci_action_server]: Feedback: [3]
[INFO] [1733772294.975826442] [fibonacci_action_server]: Feedback: [5]
[INFO] [1733772295.976029703] [fibonacci_action_server]: Feedback: [8]
[INFO] [1733772296.976234949] [fibonacci_action_server]: Feedback: [13]
[INFO] [1733772297.976420230] [fibonacci_action_server]: Feedback: [21]
[INFO] [1733772298.976573854] [fibonacci_action_server]: Feedback: [34]
[INFO] [1733772299.976759491] [fibonacci_action_server]: Feedback: [55]
[INFO] [1733772300.976969331] [fibonacci_action_server]: Goal succeeded
[INFO] [1733772300.977362456] [fibonacci_action_server]: Received goal request with order 10
[INFO] [1733772300.977546133] [fibonacci_action_server]: Executing goal...
[INFO] [1733772300.977593702] [fibonacci_action_server]: Feedback: [1]
[INFO] [1733772301.977720462] [fibonacci_action_server]: Feedback: [2]
[INFO] [1733772302.977926681] [fibonacci_action_server]: Feedback: [3]
[INFO] [1733772303.978101655] [fibonacci_action_server]: Feedback: [5]
[INFO] [1733772304.978314183] [fibonacci_action_server]: Feedback: [8]
[INFO] [1733772305.978497780] [fibonacci_action_server]: Feedback: [13]
[INFO] [1733772306.978667658] [fibonacci_action_server]: Feedback: [21]
[INFO] [1733772307.978858877] [fibonacci_action_server]: Feedback: [34]
[INFO] [1733772308.979049570] [fibonacci_action_server]: Feedback: [55]
[INFO] [1733772309.979247363] [fibonacci_action_server]: Goal succeeded
[INFO] [1733772309.979571456] [fibonacci_action_server]: Received goal request with order 10
[INFO] [1733772309.979656998] [fibonacci_action_server]: Executing goal...
[INFO] [1733772309.979713697] [fibonacci_action_server]: Feedback: [1]
[INFO] [1733772310.979824586] [fibonacci_action_server]: Feedback: [2]
[INFO] [1733772311.980014547] [fibonacci_action_server]: Feedback: [3]
[INFO] [1733772312.980191326] [fibonacci_action_server]: Feedback: [5]
[INFO] [1733772313.980401853] [fibonacci_action_server]: Feedback: [8]
[INFO] [1733772314.980529236] [fibonacci_action_server]: Feedback: [13]
[INFO] [1733772315.980666316] [fibonacci_action_server]: Feedback: [21]
[INFO] [1733772316.980842204] [fibonacci_action_server]: Feedback: [34]
[INFO] [1733772317.981046402] [fibonacci_action_server]: Feedback: [55]
[INFO] [1733772318.981260029] [fibonacci_action_server]: Goal succeeded
[INFO] [1733772318.981606750] [fibonacci_action_server]: Received goal request with order 10
[INFO] [1733772318.981780051] [fibonacci_action_server]: Executing goal...
[INFO] [1733772318.981827394] [fibonacci_action_server]: Feedback: [1]
[INFO] [1733772319.981939836] [fibonacci_action_server]: Feedback: [2]
[INFO] [1733772320.982102812] [fibonacci_action_server]: Feedback: [3]
[INFO] [1733772321.982277768] [fibonacci_action_server]: Feedback: [5]
[INFO] [1733772322.982482168] [fibonacci_action_server]: Feedback: [8]
[INFO] [1733772323.982651123] [fibonacci_action_server]: Feedback: [13]
[INFO] [1733772324.982837810] [fibonacci_action_server]: Feedback: [21]
[INFO] [1733772325.983002416] [fibonacci_action_server]: Feedback: [34]
[INFO] [1733772326.983164877] [fibonacci_action_server]: Feedback: [55]
[INFO] [1733772327.983486306] [fibonacci_action_server]: Goal succeeded
[INFO] [1733772327.983873862] [fibonacci_action_server]: Received goal request with order 10
[INFO] [1733772327.984077132] [fibonacci_action_server]: Executing goal...
[INFO] [1733772327.984149043] [fibonacci_action_server]: Feedback: [1]
[INFO] [1733772328.984296237] [fibonacci_action_server]: Feedback: [2]
[INFO] [1733772329.984505349] [fibonacci_action_server]: Feedback: [3]
[INFO] [1733772330.984667955] [fibonacci_action_server]: Feedback: [5]
[INFO] [1733772331.984872378] [fibonacci_action_server]: Feedback: [8]
[INFO] [1733772332.985093358] [fibonacci_action_server]: Feedback: [13]
[INFO] [1733772333.985276737] [fibonacci_action_server]: Feedback: [21]
[INFO] [1733772334.985441382] [fibonacci_action_server]: Feedback: [34]
[INFO] [1733772335.985544868] [fibonacci_action_server]: Feedback: [55]
[INFO] [1733772336.985740775] [fibonacci_action_server]: Goal succeeded
[INFO] [1733772336.985982485] [fibonacci_action_server]: Received goal request with order 10
[INFO] [1733772336.986089045] [fibonacci_action_server]: Executing goal...
[INFO] [1733772336.986130044] [fibonacci_action_server]: Feedback: [1]
[INFO] [1733772337.986267610] [fibonacci_action_server]: Feedback: [2]
[INFO] [1733772338.986499914] [fibonacci_action_server]: Feedback: [3]
[INFO] [1733772339.986727128] [fibonacci_action_server]: Feedback: [5]
[INFO] [1733772340.986978101] [fibonacci_action_server]: Feedback: [8]
[INFO] [1733772341.987220987] [fibonacci_action_server]: Feedback: [13]
[INFO] [1733772342.987430711] [fibonacci_action_server]: Feedback: [21]
[INFO] [1733772343.987654457] [fibonacci_action_server]: Feedback: [34]
[INFO] [1733772344.987801912] [fibonacci_action_server]: Feedback: [55]
[INFO] [1733772345.987956801] [fibonacci_action_server]: Goal succeeded
[INFO] [1733772345.988264557] [fibonacci_action_server]: Received goal request with order 10
[INFO] [1733772345.988356081] [fibonacci_action_server]: Executing goal...
[INFO] [1733772345.988404851] [fibonacci_action_server]: Feedback: [1]
[INFO] [1733772346.988536961] [fibonacci_action_server]: Feedback: [2]
[INFO] [1733772347.988710499] [fibonacci_action_server]: Feedback: [3]
[INFO] [1733772348.988839501] [fibonacci_action_server]: Feedback: [5]
[INFO] [1733772349.989061037] [fibonacci_action_server]: Feedback: [8]
[INFO] [1733772350.989226347] [fibonacci_action_server]: Feedback: [13]
[INFO] [1733772351.989403224] [fibonacci_action_server]: Feedback: [21]
[INFO] [1733772352.989559233] [fibonacci_action_server]: Feedback: [34]
[INFO] [1733772353.989672185] [fibonacci_action_server]: Feedback: [55]
[INFO] [1733772354.989938285] [fibonacci_action_server]: Goal succeeded
[INFO] [1733772354.990210716] [fibonacci_action_server]: Received goal request with order 10
[INFO] [1733772354.990285770] [fibonacci_action_server]: Executing goal...
[INFO] [1733772354.990329736] [fibonacci_action_server]: Feedback: [1]
[INFO] [1733772355.990445023] [fibonacci_action_server]: Feedback: [2]
[INFO] [1733772356.990604736] [fibonacci_action_server]: Feedback: [3]
[INFO] [1733772357.990766905] [fibonacci_action_server]: Feedback: [5]
[INFO] [1733772358.990995113] [fibonacci_action_server]: Feedback: [8]
[INFO] [1733772359.991189065] [fibonacci_action_server]: Feedback: [13]
[INFO] [1733772360.991347531] [fibonacci_action_server]: Feedback: [21]
[INFO] [1733772361.991525576] [fibonacci_action_server]: Feedback: [34]
[INFO] [1733772362.991712459] [fibonacci_action_server]: Feedback: [55]
[INFO] [1733772363.991933188] [fibonacci_action_server]: Goal succeeded
[INFO] [1733772363.992190289] [fibonacci_action_server]: Received goal request with order 10
[INFO] [1733772363.992340175] [fibonacci_action_server]: Executing goal...
[INFO] [1733772363.992383820] [fibonacci_action_server]: Feedback: [1]
[INFO] [1733772364.992549678] [fibonacci_action_server]: Feedback: [2]
[INFO] [1733772365.992757991] [fibonacci_action_server]: Feedback: [3]
[INFO] [1733772366.992955809] [fibonacci_action_server]: Feedback: [5]
[INFO] [1733772367.993190613] [fibonacci_action_server]: Feedback: [8]
[INFO] [1733772368.993399448] [fibonacci_action_server]: Feedback: [13]
[INFO] [1733772369.993579965] [fibonacci_action_server]: Feedback: [21]
[INFO] [1733772370.993772922] [fibonacci_action_server]: Feedback: [34]
[INFO] [1733772371.993942987] [fibonacci_action_server]: Feedback: [55]
[INFO] [1733772372.949290394] [fibonacci_action_server]: Timeout reached, shutting down node...
[ros2run]: Segmentation fault
RAPL is set
