[INFO] [1733682226.058849059] [fibonacci_action_client]: Sending goal with order 10
[INFO] [1733682230.533434860] [fibonacci_action_client]: Goal accepted, waiting for result.
[INFO] [1733682230.534641696] [fibonacci_action_client]: Received feedback: array('i', [0, 1, 1])
[INFO] [1733682230.785870796] [fibonacci_action_client]: Received feedback: array('i', [0, 1, 1, 2])
[INFO] [1733682231.036949755] [fibonacci_action_client]: Received feedback: array('i', [0, 1, 1, 2, 3])
[INFO] [1733682231.288639257] [fibonacci_action_client]: Received feedback: array('i', [0, 1, 1, 2, 3, 5])
[INFO] [1733682231.539739128] [fibonacci_action_client]: Received feedback: array('i', [0, 1, 1, 2, 3, 5, 8])
[INFO] [1733682231.791145317] [fibonacci_action_client]: Received feedback: array('i', [0, 1, 1, 2, 3, 5, 8, 13])
[INFO] [1733682232.041918431] [fibonacci_action_client]: Received feedback: array('i', [0, 1, 1, 2, 3, 5, 8, 13, 21])
[INFO] [1733682232.293330050] [fibonacci_action_client]: Received feedback: array('i', [0, 1, 1, 2, 3, 5, 8, 13, 21, 34])
[INFO] [1733682232.544464817] [fibonacci_action_client]: Received feedback: array('i', [0, 1, 1, 2, 3, 5, 8, 13, 21, 34, 55])
[INFO] [1733682232.796671661] [fibonacci_action_client]: Result: array('i', [0, 1, 1, 2, 3, 5, 8, 13, 21, 34, 55])
[INFO] [1733682233.047746860] [fibonacci_action_client]: Sending goal with order 10
[INFO] [1733682237.321550552] [fibonacci_action_client]: Goal accepted, waiting for result.
[INFO] [1733682237.323006061] [fibonacci_action_client]: Received feedback: array('i', [0, 1, 1])
[INFO] [1733682237.574037028] [fibonacci_action_client]: Received feedback: array('i', [0, 1, 1, 2])
[INFO] [1733682237.825318745] [fibonacci_action_client]: Received feedback: array('i', [0, 1, 1, 2, 3])
[INFO] [1733682238.076176187] [fibonacci_action_client]: Received feedback: array('i', [0, 1, 1, 2, 3, 5])
[INFO] [1733682238.327449064] [fibonacci_action_client]: Received feedback: array('i', [0, 1, 1, 2, 3, 5, 8])
[INFO] [1733682238.578560675] [fibonacci_action_client]: Received feedback: array('i', [0, 1, 1, 2, 3, 5, 8, 13])
[INFO] [1733682238.829224856] [fibonacci_action_client]: Received feedback: array('i', [0, 1, 1, 2, 3, 5, 8, 13, 21])
[INFO] [1733682239.080922968] [fibonacci_action_client]: Received feedback: array('i', [0, 1, 1, 2, 3, 5, 8, 13, 21, 34])
[INFO] [1733682239.331868789] [fibonacci_action_client]: Received feedback: array('i', [0, 1, 1, 2, 3, 5, 8, 13, 21, 34, 55])
[INFO] [1733682239.584826271] [fibonacci_action_client]: Result: array('i', [0, 1, 1, 2, 3, 5, 8, 13, 21, 34, 55])
[INFO] [1733682239.835805077] [fibonacci_action_client]: Sending goal with order 10
[INFO] [1733682244.109436883] [fibonacci_action_client]: Goal accepted, waiting for result.
[INFO] [1733682244.111218781] [fibonacci_action_client]: Received feedback: array('i', [0, 1, 1])
[INFO] [1733682244.362525110] [fibonacci_action_client]: Received feedback: array('i', [0, 1, 1, 2])
[INFO] [1733682244.613605726] [fibonacci_action_client]: Received feedback: array('i', [0, 1, 1, 2, 3])
[INFO] [1733682244.864881904] [fibonacci_action_client]: Received feedback: array('i', [0, 1, 1, 2, 3, 5])
[INFO] [1733682245.116359003] [fibonacci_action_client]: Received feedback: array('i', [0, 1, 1, 2, 3, 5, 8])
[INFO] [1733682245.367725094] [fibonacci_action_client]: Received feedback: array('i', [0, 1, 1, 2, 3, 5, 8, 13])
[INFO] [1733682245.618938969] [fibonacci_action_client]: Received feedback: array('i', [0, 1, 1, 2, 3, 5, 8, 13, 21])
[INFO] [1733682245.869839566] [fibonacci_action_client]: Received feedback: array('i', [0, 1, 1, 2, 3, 5, 8, 13, 21, 34])
[INFO] [1733682246.121217697] [fibonacci_action_client]: Received feedback: array('i', [0, 1, 1, 2, 3, 5, 8, 13, 21, 34, 55])
[INFO] [1733682246.374056484] [fibonacci_action_client]: Result: array('i', [0, 1, 1, 2, 3, 5, 8, 13, 21, 34, 55])
[INFO] [1733682246.624823883] [fibonacci_action_client]: Sending goal with order 10
[INFO] [1733682250.901187615] [fibonacci_action_client]: Goal accepted, waiting for result.
[INFO] [1733682250.902912785] [fibonacci_action_client]: Received feedback: array('i', [0, 1, 1])
[INFO] [1733682251.154268932] [fibonacci_action_client]: Received feedback: array('i', [0, 1, 1, 2])
[INFO] [1733682251.405790476] [fibonacci_action_client]: Received feedback: array('i', [0, 1, 1, 2, 3])
[INFO] [1733682251.656744943] [fibonacci_action_client]: Received feedback: array('i', [0, 1, 1, 2, 3, 5])
[INFO] [1733682251.907927124] [fibonacci_action_client]: Received feedback: array('i', [0, 1, 1, 2, 3, 5, 8])
[INFO] [1733682252.158723896] [fibonacci_action_client]: Received feedback: array('i', [0, 1, 1, 2, 3, 5, 8, 13])
[INFO] [1733682252.409599329] [fibonacci_action_client]: Received feedback: array('i', [0, 1, 1, 2, 3, 5, 8, 13, 21])
[INFO] [1733682252.660432271] [fibonacci_action_client]: Received feedback: array('i', [0, 1, 1, 2, 3, 5, 8, 13, 21, 34])
[INFO] [1733682252.911937659] [fibonacci_action_client]: Received feedback: array('i', [0, 1, 1, 2, 3, 5, 8, 13, 21, 34, 55])
[INFO] [1733682253.165095099] [fibonacci_action_client]: Result: array('i', [0, 1, 1, 2, 3, 5, 8, 13, 21, 34, 55])
[INFO] [1733682253.416052862] [fibonacci_action_client]: Sending goal with order 10
[INFO] [1733682257.687988449] [fibonacci_action_client]: Goal accepted, waiting for result.
[INFO] [1733682257.689405834] [fibonacci_action_client]: Received feedback: array('i', [0, 1, 1])
[INFO] [1733682257.940842750] [fibonacci_action_client]: Received feedback: array('i', [0, 1, 1, 2])
[INFO] [1733682258.192158036] [fibonacci_action_client]: Received feedback: array('i', [0, 1, 1, 2, 3])
[INFO] [1733682258.443364850] [fibonacci_action_client]: Received feedback: array('i', [0, 1, 1, 2, 3, 5])
[INFO] [1733682258.694310309] [fibonacci_action_client]: Received feedback: array('i', [0, 1, 1, 2, 3, 5, 8])
[INFO] [1733682258.945195453] [fibonacci_action_client]: Received feedback: array('i', [0, 1, 1, 2, 3, 5, 8, 13])
[INFO] [1733682259.196438166] [fibonacci_action_client]: Received feedback: array('i', [0, 1, 1, 2, 3, 5, 8, 13, 21])
[INFO] [1733682259.447708187] [fibonacci_action_client]: Received feedback: array('i', [0, 1, 1, 2, 3, 5, 8, 13, 21, 34])
[INFO] [1733682259.698699645] [fibonacci_action_client]: Received feedback: array('i', [0, 1, 1, 2, 3, 5, 8, 13, 21, 34, 55])
[INFO] [1733682259.951666183] [fibonacci_action_client]: Result: array('i', [0, 1, 1, 2, 3, 5, 8, 13, 21, 34, 55])
[INFO] [1733682260.202595419] [fibonacci_action_client]: Sending goal with order 10
[INFO] [1733682264.476570381] [fibonacci_action_client]: Goal accepted, waiting for result.
[INFO] [1733682264.477628032] [fibonacci_action_client]: Received feedback: array('i', [0, 1, 1])
[INFO] [1733682264.728624271] [fibonacci_action_client]: Received feedback: array('i', [0, 1, 1, 2])
[INFO] [1733682264.980243896] [fibonacci_action_client]: Received feedback: array('i', [0, 1, 1, 2, 3])
[INFO] [1733682265.231413667] [fibonacci_action_client]: Received feedback: array('i', [0, 1, 1, 2, 3, 5])
[INFO] [1733682265.482557362] [fibonacci_action_client]: Received feedback: array('i', [0, 1, 1, 2, 3, 5, 8])
[INFO] [1733682265.733496339] [fibonacci_action_client]: Received feedback: array('i', [0, 1, 1, 2, 3, 5, 8, 13])
[INFO] [1733682265.984611451] [fibonacci_action_client]: Received feedback: array('i', [0, 1, 1, 2, 3, 5, 8, 13, 21])
[INFO] [1733682266.235685284] [fibonacci_action_client]: Received feedback: array('i', [0, 1, 1, 2, 3, 5, 8, 13, 21, 34])
[INFO] [1733682266.486979380] [fibonacci_action_client]: Received feedback: array('i', [0, 1, 1, 2, 3, 5, 8, 13, 21, 34, 55])
[INFO] [1733682266.739681402] [fibonacci_action_client]: Result: array('i', [0, 1, 1, 2, 3, 5, 8, 13, 21, 34, 55])
[INFO] [1733682266.990410015] [fibonacci_action_client]: Sending goal with order 10
[INFO] [1733682271.263428140] [fibonacci_action_client]: Goal accepted, waiting for result.
[INFO] [1733682271.264993160] [fibonacci_action_client]: Received feedback: array('i', [0, 1, 1])
[INFO] [1733682271.516342735] [fibonacci_action_client]: Received feedback: array('i', [0, 1, 1, 2])
[INFO] [1733682271.767418036] [fibonacci_action_client]: Received feedback: array('i', [0, 1, 1, 2, 3])
[INFO] [1733682272.018218841] [fibonacci_action_client]: Received feedback: array('i', [0, 1, 1, 2, 3, 5])
[INFO] [1733682272.269622442] [fibonacci_action_client]: Received feedback: array('i', [0, 1, 1, 2, 3, 5, 8])
[INFO] [1733682272.520546568] [fibonacci_action_client]: Received feedback: array('i', [0, 1, 1, 2, 3, 5, 8, 13])
[INFO] [1733682272.771716471] [fibonacci_action_client]: Received feedback: array('i', [0, 1, 1, 2, 3, 5, 8, 13, 21])
[INFO] [1733682273.022637726] [fibonacci_action_client]: Received feedback: array('i', [0, 1, 1, 2, 3, 5, 8, 13, 21, 34])
[INFO] [1733682273.273786723] [fibonacci_action_client]: Received feedback: array('i', [0, 1, 1, 2, 3, 5, 8, 13, 21, 34, 55])
[INFO] [1733682273.527146476] [fibonacci_action_client]: Result: array('i', [0, 1, 1, 2, 3, 5, 8, 13, 21, 34, 55])
[INFO] [1733682273.777959033] [fibonacci_action_client]: Sending goal with order 10
[INFO] [1733682278.050643479] [fibonacci_action_client]: Goal accepted, waiting for result.
[INFO] [1733682278.051294329] [fibonacci_action_client]: Received feedback: array('i', [0, 1, 1])
[INFO] [1733682278.302691314] [fibonacci_action_client]: Received feedback: array('i', [0, 1, 1, 2])
[INFO] [1733682278.554444538] [fibonacci_action_client]: Received feedback: array('i', [0, 1, 1, 2, 3])
[INFO] [1733682278.805492823] [fibonacci_action_client]: Received feedback: array('i', [0, 1, 1, 2, 3, 5])
[INFO] [1733682279.056680402] [fibonacci_action_client]: Received feedback: array('i', [0, 1, 1, 2, 3, 5, 8])
[INFO] [1733682279.307743341] [fibonacci_action_client]: Received feedback: array('i', [0, 1, 1, 2, 3, 5, 8, 13])
[INFO] [1733682279.559038478] [fibonacci_action_client]: Received feedback: array('i', [0, 1, 1, 2, 3, 5, 8, 13, 21])
[INFO] [1733682279.810179895] [fibonacci_action_client]: Received feedback: array('i', [0, 1, 1, 2, 3, 5, 8, 13, 21, 34])
[INFO] [1733682280.061452615] [fibonacci_action_client]: Received feedback: array('i', [0, 1, 1, 2, 3, 5, 8, 13, 21, 34, 55])
[INFO] [1733682280.314882338] [fibonacci_action_client]: Result: array('i', [0, 1, 1, 2, 3, 5, 8, 13, 21, 34, 55])
[INFO] [1733682280.565751174] [fibonacci_action_client]: Sending goal with order 10
[INFO] [1733682284.839505857] [fibonacci_action_client]: Goal accepted, waiting for result.
[INFO] [1733682284.841802763] [fibonacci_action_client]: Received feedback: array('i', [0, 1, 1])
[INFO] [1733682285.093569116] [fibonacci_action_client]: Received feedback: array('i', [0, 1, 1, 2])
[INFO] [1733682285.344568297] [fibonacci_action_client]: Received feedback: array('i', [0, 1, 1, 2, 3])
[INFO] [1733682285.595513234] [fibonacci_action_client]: Received feedback: array('i', [0, 1, 1, 2, 3, 5])
[INFO] [1733682285.846353129] [fibonacci_action_client]: Received feedback: array('i', [0, 1, 1, 2, 3, 5, 8])
[INFO] [1733682286.097592183] [fibonacci_action_client]: Received feedback: array('i', [0, 1, 1, 2, 3, 5, 8, 13])
[INFO] [1733682286.348997430] [fibonacci_action_client]: Received feedback: array('i', [0, 1, 1, 2, 3, 5, 8, 13, 21])
[INFO] [1733682286.600379957] [fibonacci_action_client]: Received feedback: array('i', [0, 1, 1, 2, 3, 5, 8, 13, 21, 34])
[INFO] [1733682286.851526801] [fibonacci_action_client]: Received feedback: array('i', [0, 1, 1, 2, 3, 5, 8, 13, 21, 34, 55])
[INFO] [1733682287.104428427] [fibonacci_action_client]: Result: array('i', [0, 1, 1, 2, 3, 5, 8, 13, 21, 34, 55])
[INFO] [1733682287.355519369] [fibonacci_action_client]: Sending goal with order 10
[INFO] [1733682291.632067326] [fibonacci_action_client]: Goal accepted, waiting for result.
[INFO] [1733682291.632786104] [fibonacci_action_client]: Received feedback: array('i', [0, 1, 1])
[INFO] [1733682291.883735189] [fibonacci_action_client]: Received feedback: array('i', [0, 1, 1, 2])
[INFO] [1733682292.134954335] [fibonacci_action_client]: Received feedback: array('i', [0, 1, 1, 2, 3])
[INFO] [1733682292.386196563] [fibonacci_action_client]: Received feedback: array('i', [0, 1, 1, 2, 3, 5])
[INFO] [1733682292.637215565] [fibonacci_action_client]: Received feedback: array('i', [0, 1, 1, 2, 3, 5, 8])
[INFO] [1733682292.888400364] [fibonacci_action_client]: Received feedback: array('i', [0, 1, 1, 2, 3, 5, 8, 13])
[INFO] [1733682293.139002949] [fibonacci_action_client]: Received feedback: array('i', [0, 1, 1, 2, 3, 5, 8, 13, 21])
[INFO] [1733682293.390052075] [fibonacci_action_client]: Received feedback: array('i', [0, 1, 1, 2, 3, 5, 8, 13, 21, 34])
[INFO] [1733682293.641303802] [fibonacci_action_client]: Received feedback: array('i', [0, 1, 1, 2, 3, 5, 8, 13, 21, 34, 55])
[INFO] [1733682293.893456284] [fibonacci_action_client]: Result: array('i', [0, 1, 1, 2, 3, 5, 8, 13, 21, 34, 55])
[INFO] [1733682294.144128344] [fibonacci_action_client]: Sending goal with order 10
[INFO] [1733682298.419991759] [fibonacci_action_client]: Goal accepted, waiting for result.
[INFO] [1733682298.420712027] [fibonacci_action_client]: Received feedback: array('i', [0, 1, 1])
[INFO] [1733682298.671543935] [fibonacci_action_client]: Received feedback: array('i', [0, 1, 1, 2])
[INFO] [1733682298.922394427] [fibonacci_action_client]: Received feedback: array('i', [0, 1, 1, 2, 3])
[INFO] [1733682299.174278052] [fibonacci_action_client]: Received feedback: array('i', [0, 1, 1, 2, 3, 5])
[INFO] [1733682299.425902340] [fibonacci_action_client]: Received feedback: array('i', [0, 1, 1, 2, 3, 5, 8])
[INFO] [1733682299.676618501] [fibonacci_action_client]: Received feedback: array('i', [0, 1, 1, 2, 3, 5, 8, 13])
[INFO] [1733682299.927935223] [fibonacci_action_client]: Received feedback: array('i', [0, 1, 1, 2, 3, 5, 8, 13, 21])
[INFO] [1733682300.179109657] [fibonacci_action_client]: Received feedback: array('i', [0, 1, 1, 2, 3, 5, 8, 13, 21, 34])
[INFO] [1733682300.430246887] [fibonacci_action_client]: Received feedback: array('i', [0, 1, 1, 2, 3, 5, 8, 13, 21, 34, 55])
[INFO] [1733682300.683322044] [fibonacci_action_client]: Result: array('i', [0, 1, 1, 2, 3, 5, 8, 13, 21, 34, 55])
[INFO] [1733682300.934237112] [fibonacci_action_client]: Sending goal with order 10
[INFO] [1733682305.207294408] [fibonacci_action_client]: Goal accepted, waiting for result.
[INFO] [1733682305.208079012] [fibonacci_action_client]: Received feedback: array('i', [0, 1, 1])
[INFO] [1733682305.458938199] [fibonacci_action_client]: Received feedback: array('i', [0, 1, 1, 2])
[INFO] [1733682305.709734949] [fibonacci_action_client]: Received feedback: array('i', [0, 1, 1, 2, 3])
[INFO] [1733682305.961107654] [fibonacci_action_client]: Received feedback: array('i', [0, 1, 1, 2, 3, 5])
[INFO] [1733682306.212057395] [fibonacci_action_client]: Received feedback: array('i', [0, 1, 1, 2, 3, 5, 8])
[INFO] [1733682306.463436411] [fibonacci_action_client]: Received feedback: array('i', [0, 1, 1, 2, 3, 5, 8, 13])
[INFO] [1733682306.714252583] [fibonacci_action_client]: Received feedback: array('i', [0, 1, 1, 2, 3, 5, 8, 13, 21])
[INFO] [1733682306.965600239] [fibonacci_action_client]: Received feedback: array('i', [0, 1, 1, 2, 3, 5, 8, 13, 21, 34])
[INFO] [1733682307.217051091] [fibonacci_action_client]: Received feedback: array('i', [0, 1, 1, 2, 3, 5, 8, 13, 21, 34, 55])
[INFO] [1733682307.471730579] [fibonacci_action_client]: Result: array('i', [0, 1, 1, 2, 3, 5, 8, 13, 21, 34, 55])
[INFO] [1733682307.722454169] [fibonacci_action_client]: Sending goal with order 10
[INFO] [1733682311.994577302] [fibonacci_action_client]: Goal accepted, waiting for result.
[INFO] [1733682311.995255398] [fibonacci_action_client]: Received feedback: array('i', [0, 1, 1])
[INFO] [1733682312.245861649] [fibonacci_action_client]: Received feedback: array('i', [0, 1, 1, 2])
[INFO] [1733682312.497377892] [fibonacci_action_client]: Received feedback: array('i', [0, 1, 1, 2, 3])
[INFO] [1733682312.748659435] [fibonacci_action_client]: Received feedback: array('i', [0, 1, 1, 2, 3, 5])
[INFO] [1733682312.999908887] [fibonacci_action_client]: Received feedback: array('i', [0, 1, 1, 2, 3, 5, 8])
[INFO] [1733682313.251243384] [fibonacci_action_client]: Received feedback: array('i', [0, 1, 1, 2, 3, 5, 8, 13])
[INFO] [1733682313.502216822] [fibonacci_action_client]: Received feedback: array('i', [0, 1, 1, 2, 3, 5, 8, 13, 21])
[INFO] [1733682313.753513345] [fibonacci_action_client]: Received feedback: array('i', [0, 1, 1, 2, 3, 5, 8, 13, 21, 34])
[INFO] [1733682314.004742348] [fibonacci_action_client]: Received feedback: array('i', [0, 1, 1, 2, 3, 5, 8, 13, 21, 34, 55])
[INFO] [1733682314.257557538] [fibonacci_action_client]: Result: array('i', [0, 1, 1, 2, 3, 5, 8, 13, 21, 34, 55])
[INFO] [1733682314.508500060] [fibonacci_action_client]: Sending goal with order 10
[INFO] [1733682318.783060103] [fibonacci_action_client]: Goal accepted, waiting for result.
[INFO] [1733682318.783824115] [fibonacci_action_client]: Received feedback: array('i', [0, 1, 1])
[INFO] [1733682319.034183323] [fibonacci_action_client]: Received feedback: array('i', [0, 1, 1, 2])
[INFO] [1733682319.285358408] [fibonacci_action_client]: Received feedback: array('i', [0, 1, 1, 2, 3])
[INFO] [1733682319.536572136] [fibonacci_action_client]: Received feedback: array('i', [0, 1, 1, 2, 3, 5])
[INFO] [1733682319.787657051] [fibonacci_action_client]: Received feedback: array('i', [0, 1, 1, 2, 3, 5, 8])
[INFO] [1733682320.038840642] [fibonacci_action_client]: Received feedback: array('i', [0, 1, 1, 2, 3, 5, 8, 13])
[INFO] [1733682320.290046455] [fibonacci_action_client]: Received feedback: array('i', [0, 1, 1, 2, 3, 5, 8, 13, 21])
[INFO] [1733682320.540923035] [fibonacci_action_client]: Received feedback: array('i', [0, 1, 1, 2, 3, 5, 8, 13, 21, 34])
[INFO] [1733682320.792228282] [fibonacci_action_client]: Received feedback: array('i', [0, 1, 1, 2, 3, 5, 8, 13, 21, 34, 55])
[INFO] [1733682321.045460486] [fibonacci_action_client]: Result: array('i', [0, 1, 1, 2, 3, 5, 8, 13, 21, 34, 55])
[INFO] [1733682321.296500058] [fibonacci_action_client]: Sending goal with order 10
[INFO] [1733682325.571063533] [fibonacci_action_client]: Goal accepted, waiting for result.
[INFO] [1733682325.571726893] [fibonacci_action_client]: Received feedback: array('i', [0, 1, 1])
[INFO] [1733682325.822244765] [fibonacci_action_client]: Received feedback: array('i', [0, 1, 1, 2])
[INFO] [1733682326.073569788] [fibonacci_action_client]: Received feedback: array('i', [0, 1, 1, 2, 3])
[INFO] [1733682326.324447289] [fibonacci_action_client]: Received feedback: array('i', [0, 1, 1, 2, 3, 5])
[INFO] [1733682326.575396902] [fibonacci_action_client]: Received feedback: array('i', [0, 1, 1, 2, 3, 5, 8])
[INFO] [1733682326.826844467] [fibonacci_action_client]: Received feedback: array('i', [0, 1, 1, 2, 3, 5, 8, 13])
[INFO] [1733682327.077468540] [fibonacci_action_client]: Received feedback: array('i', [0, 1, 1, 2, 3, 5, 8, 13, 21])
[INFO] [1733682327.328986408] [fibonacci_action_client]: Received feedback: array('i', [0, 1, 1, 2, 3, 5, 8, 13, 21, 34])
[INFO] [1733682327.580555014] [fibonacci_action_client]: Received feedback: array('i', [0, 1, 1, 2, 3, 5, 8, 13, 21, 34, 55])
[INFO] [1733682327.835788059] [fibonacci_action_client]: Result: array('i', [0, 1, 1, 2, 3, 5, 8, 13, 21, 34, 55])
[INFO] [1733682328.086842032] [fibonacci_action_client]: Sending goal with order 10
[INFO] [1733682332.359453213] [fibonacci_action_client]: Goal accepted, waiting for result.
[INFO] [1733682332.360245173] [fibonacci_action_client]: Received feedback: array('i', [0, 1, 1])
[INFO] [1733682332.610199226] [fibonacci_action_client]: Received feedback: array('i', [0, 1, 1, 2])
[INFO] [1733682332.861460583] [fibonacci_action_client]: Received feedback: array('i', [0, 1, 1, 2, 3])
[INFO] [1733682333.113106176] [fibonacci_action_client]: Received feedback: array('i', [0, 1, 1, 2, 3, 5])
[INFO] [1733682333.364127505] [fibonacci_action_client]: Received feedback: array('i', [0, 1, 1, 2, 3, 5, 8])
[INFO] [1733682333.614667391] [fibonacci_action_client]: Received feedback: array('i', [0, 1, 1, 2, 3, 5, 8, 13])
[INFO] [1733682333.865592763] [fibonacci_action_client]: Received feedback: array('i', [0, 1, 1, 2, 3, 5, 8, 13, 21])
[INFO] [1733682334.116937643] [fibonacci_action_client]: Received feedback: array('i', [0, 1, 1, 2, 3, 5, 8, 13, 21, 34])
[INFO] [1733682334.368200686] [fibonacci_action_client]: Received feedback: array('i', [0, 1, 1, 2, 3, 5, 8, 13, 21, 34, 55])
[INFO] [1733682334.623349756] [fibonacci_action_client]: Result: array('i', [0, 1, 1, 2, 3, 5, 8, 13, 21, 34, 55])
[INFO] [1733682334.874334703] [fibonacci_action_client]: Sending goal with order 10
[INFO] [1733682339.147300437] [fibonacci_action_client]: Received feedback: array('i', [0, 1, 1])
[INFO] [1733682339.147777985] [fibonacci_action_client]: Goal accepted, waiting for result.
[INFO] [1733682339.395994056] [fibonacci_action_client]: Received feedback: array('i', [0, 1, 1, 2])
[INFO] [1733682339.647166087] [fibonacci_action_client]: Received feedback: array('i', [0, 1, 1, 2, 3])
[INFO] [1733682339.898113510] [fibonacci_action_client]: Received feedback: array('i', [0, 1, 1, 2, 3, 5])
[INFO] [1733682340.149393159] [fibonacci_action_client]: Received feedback: array('i', [0, 1, 1, 2, 3, 5, 8])
[INFO] [1733682340.400681590] [fibonacci_action_client]: Received feedback: array('i', [0, 1, 1, 2, 3, 5, 8, 13])
[INFO] [1733682340.652047199] [fibonacci_action_client]: Received feedback: array('i', [0, 1, 1, 2, 3, 5, 8, 13, 21])
[INFO] [1733682340.903290424] [fibonacci_action_client]: Received feedback: array('i', [0, 1, 1, 2, 3, 5, 8, 13, 21, 34])
[INFO] [1733682341.154119062] [fibonacci_action_client]: Received feedback: array('i', [0, 1, 1, 2, 3, 5, 8, 13, 21, 34, 55])
[INFO] [1733682341.409945155] [fibonacci_action_client]: Result: array('i', [0, 1, 1, 2, 3, 5, 8, 13, 21, 34, 55])
[INFO] [1733682341.660882717] [fibonacci_action_client]: Sending goal with order 10
[INFO] [1733682345.934084697] [fibonacci_action_client]: Goal accepted, waiting for result.
[INFO] [1733682345.934829697] [fibonacci_action_client]: Received feedback: array('i', [0, 1, 1])
[INFO] [1733682346.184826363] [fibonacci_action_client]: Received feedback: array('i', [0, 1, 1, 2])
[INFO] [1733682346.436133615] [fibonacci_action_client]: Received feedback: array('i', [0, 1, 1, 2, 3])
[INFO] [1733682346.687361028] [fibonacci_action_client]: Received feedback: array('i', [0, 1, 1, 2, 3, 5])
[INFO] [1733682346.938195750] [fibonacci_action_client]: Received feedback: array('i', [0, 1, 1, 2, 3, 5, 8])
[INFO] [1733682347.189716224] [fibonacci_action_client]: Received feedback: array('i', [0, 1, 1, 2, 3, 5, 8, 13])
[INFO] [1733682347.440811520] [fibonacci_action_client]: Received feedback: array('i', [0, 1, 1, 2, 3, 5, 8, 13, 21])
[INFO] [1733682347.692208491] [fibonacci_action_client]: Received feedback: array('i', [0, 1, 1, 2, 3, 5, 8, 13, 21, 34])
[INFO] [1733682347.943029000] [fibonacci_action_client]: Received feedback: array('i', [0, 1, 1, 2, 3, 5, 8, 13, 21, 34, 55])
[INFO] [1733682348.198436978] [fibonacci_action_client]: Result: array('i', [0, 1, 1, 2, 3, 5, 8, 13, 21, 34, 55])
[INFO] [1733682348.449065262] [fibonacci_action_client]: Sending goal with order 10
[INFO] [1733682352.722771909] [fibonacci_action_client]: Received feedback: array('i', [0, 1, 1])
[INFO] [1733682352.723199270] [fibonacci_action_client]: Goal accepted, waiting for result.
[INFO] [1733682352.971241743] [fibonacci_action_client]: Received feedback: array('i', [0, 1, 1, 2])
[INFO] [1733682353.222291951] [fibonacci_action_client]: Received feedback: array('i', [0, 1, 1, 2, 3])
[INFO] [1733682353.473666965] [fibonacci_action_client]: Received feedback: array('i', [0, 1, 1, 2, 3, 5])
[INFO] [1733682353.724627953] [fibonacci_action_client]: Received feedback: array('i', [0, 1, 1, 2, 3, 5, 8])
[INFO] [1733682353.976138627] [fibonacci_action_client]: Received feedback: array('i', [0, 1, 1, 2, 3, 5, 8, 13])
[INFO] [1733682354.227004543] [fibonacci_action_client]: Received feedback: array('i', [0, 1, 1, 2, 3, 5, 8, 13, 21])
[INFO] [1733682354.477709367] [fibonacci_action_client]: Received feedback: array('i', [0, 1, 1, 2, 3, 5, 8, 13, 21, 34])
[INFO] [1733682354.729154955] [fibonacci_action_client]: Received feedback: array('i', [0, 1, 1, 2, 3, 5, 8, 13, 21, 34, 55])
[INFO] [1733682354.983037670] [fibonacci_action_client]: Result: array('i', [0, 1, 1, 2, 3, 5, 8, 13, 21, 34, 55])
[INFO] [1733682355.233709289] [fibonacci_action_client]: Sending goal with order 10
[INFO] [1733682359.508265359] [fibonacci_action_client]: Goal accepted, waiting for result.
[INFO] [1733682359.508956172] [fibonacci_action_client]: Received feedback: array('i', [0, 1, 1])
[INFO] [1733682359.759553282] [fibonacci_action_client]: Received feedback: array('i', [0, 1, 1, 2])
[INFO] [1733682360.011116618] [fibonacci_action_client]: Received feedback: array('i', [0, 1, 1, 2, 3])
[INFO] [1733682360.262105986] [fibonacci_action_client]: Received feedback: array('i', [0, 1, 1, 2, 3, 5])
[INFO] [1733682360.513489907] [fibonacci_action_client]: Received feedback: array('i', [0, 1, 1, 2, 3, 5, 8])
[INFO] [1733682360.764377879] [fibonacci_action_client]: Received feedback: array('i', [0, 1, 1, 2, 3, 5, 8, 13])
[INFO] [1733682361.015460819] [fibonacci_action_client]: Received feedback: array('i', [0, 1, 1, 2, 3, 5, 8, 13, 21])
[INFO] [1733682361.266452564] [fibonacci_action_client]: Received feedback: array('i', [0, 1, 1, 2, 3, 5, 8, 13, 21, 34])
[INFO] [1733682361.517592006] [fibonacci_action_client]: Received feedback: array('i', [0, 1, 1, 2, 3, 5, 8, 13, 21, 34, 55])
[INFO] [1733682361.771622607] [fibonacci_action_client]: Result: array('i', [0, 1, 1, 2, 3, 5, 8, 13, 21, 34, 55])
[INFO] [1733682362.022569042] [fibonacci_action_client]: Sending goal with order 10
[INFO] [1733682366.296231348] [fibonacci_action_client]: Goal accepted, waiting for result.
[INFO] [1733682366.297063265] [fibonacci_action_client]: Received feedback: array('i', [0, 1, 1])
[INFO] [1733682366.546321290] [fibonacci_action_client]: Received feedback: array('i', [0, 1, 1, 2])
[INFO] [1733682366.797663564] [fibonacci_action_client]: Received feedback: array('i', [0, 1, 1, 2, 3])
[INFO] [1733682367.048544563] [fibonacci_action_client]: Received feedback: array('i', [0, 1, 1, 2, 3, 5])
[INFO] [1733682367.300240234] [fibonacci_action_client]: Received feedback: array('i', [0, 1, 1, 2, 3, 5, 8])
[INFO] [1733682367.551189033] [fibonacci_action_client]: Received feedback: array('i', [0, 1, 1, 2, 3, 5, 8, 13])
[INFO] [1733682367.802235611] [fibonacci_action_client]: Received feedback: array('i', [0, 1, 1, 2, 3, 5, 8, 13, 21])
[INFO] [1733682368.053259131] [fibonacci_action_client]: Received feedback: array('i', [0, 1, 1, 2, 3, 5, 8, 13, 21, 34])
[INFO] [1733682368.304508140] [fibonacci_action_client]: Received feedback: array('i', [0, 1, 1, 2, 3, 5, 8, 13, 21, 34, 55])
[INFO] [1733682368.561257972] [fibonacci_action_client]: Result: array('i', [0, 1, 1, 2, 3, 5, 8, 13, 21, 34, 55])
[INFO] [1733682368.812005969] [fibonacci_action_client]: Sending goal with order 10
[INFO] [1733682373.083726088] [fibonacci_action_client]: Goal accepted, waiting for result.
[INFO] [1733682373.084494073] [fibonacci_action_client]: Received feedback: array('i', [0, 1, 1])
[INFO] [1733682373.334764615] [fibonacci_action_client]: Received feedback: array('i', [0, 1, 1, 2])
[INFO] [1733682373.585760343] [fibonacci_action_client]: Received feedback: array('i', [0, 1, 1, 2, 3])
[INFO] [1733682373.836952214] [fibonacci_action_client]: Received feedback: array('i', [0, 1, 1, 2, 3, 5])
[INFO] [1733682374.087954635] [fibonacci_action_client]: Received feedback: array('i', [0, 1, 1, 2, 3, 5, 8])
[INFO] [1733682374.339185190] [fibonacci_action_client]: Received feedback: array('i', [0, 1, 1, 2, 3, 5, 8, 13])
[INFO] [1733682374.590545695] [fibonacci_action_client]: Received feedback: array('i', [0, 1, 1, 2, 3, 5, 8, 13, 21])
[INFO] [1733682374.841984570] [fibonacci_action_client]: Received feedback: array('i', [0, 1, 1, 2, 3, 5, 8, 13, 21, 34])
[INFO] [1733682375.092766292] [fibonacci_action_client]: Received feedback: array('i', [0, 1, 1, 2, 3, 5, 8, 13, 21, 34, 55])
[INFO] [1733682375.346968915] [fibonacci_action_client]: Result: array('i', [0, 1, 1, 2, 3, 5, 8, 13, 21, 34, 55])
[INFO] [1733682375.597847779] [fibonacci_action_client]: Sending goal with order 10
[INFO] [1733682379.875679499] [fibonacci_action_client]: Received feedback: array('i', [0, 1, 1])
[INFO] [1733682379.876201031] [fibonacci_action_client]: Goal accepted, waiting for result.
[INFO] [1733682380.123216566] [fibonacci_action_client]: Received feedback: array('i', [0, 1, 1, 2])
[INFO] [1733682380.374299204] [fibonacci_action_client]: Received feedback: array('i', [0, 1, 1, 2, 3])
[INFO] [1733682380.625875913] [fibonacci_action_client]: Received feedback: array('i', [0, 1, 1, 2, 3, 5])
[INFO] [1733682380.877158523] [fibonacci_action_client]: Received feedback: array('i', [0, 1, 1, 2, 3, 5, 8])
[INFO] [1733682381.128282442] [fibonacci_action_client]: Received feedback: array('i', [0, 1, 1, 2, 3, 5, 8, 13])
[INFO] [1733682381.379082486] [fibonacci_action_client]: Received feedback: array('i', [0, 1, 1, 2, 3, 5, 8, 13, 21])
[INFO] [1733682381.630129906] [fibonacci_action_client]: Received feedback: array('i', [0, 1, 1, 2, 3, 5, 8, 13, 21, 34])
[INFO] [1733682381.881452894] [fibonacci_action_client]: Received feedback: array('i', [0, 1, 1, 2, 3, 5, 8, 13, 21, 34, 55])
[INFO] [1733682382.136353798] [fibonacci_action_client]: Result: array('i', [0, 1, 1, 2, 3, 5, 8, 13, 21, 34, 55])
[INFO] [1733682382.387320478] [fibonacci_action_client]: Sending goal with order 10
[INFO] [1733682386.660815816] [fibonacci_action_client]: Goal accepted, waiting for result.
[INFO] [1733682386.661553872] [fibonacci_action_client]: Received feedback: array('i', [0, 1, 1])
[INFO] [1733682386.911035088] [fibonacci_action_client]: Received feedback: array('i', [0, 1, 1, 2])
[INFO] [1733682387.162376263] [fibonacci_action_client]: Received feedback: array('i', [0, 1, 1, 2, 3])
[INFO] [1733682387.413919328] [fibonacci_action_client]: Received feedback: array('i', [0, 1, 1, 2, 3, 5])
[INFO] [1733682387.665305275] [fibonacci_action_client]: Received feedback: array('i', [0, 1, 1, 2, 3, 5, 8])
[INFO] [1733682387.916554866] [fibonacci_action_client]: Received feedback: array('i', [0, 1, 1, 2, 3, 5, 8, 13])
[INFO] [1733682388.167872530] [fibonacci_action_client]: Received feedback: array('i', [0, 1, 1, 2, 3, 5, 8, 13, 21])
[INFO] [1733682388.418959702] [fibonacci_action_client]: Received feedback: array('i', [0, 1, 1, 2, 3, 5, 8, 13, 21, 34])
[INFO] [1733682388.669856358] [fibonacci_action_client]: Received feedback: array('i', [0, 1, 1, 2, 3, 5, 8, 13, 21, 34, 55])
[INFO] [1733682388.925256327] [fibonacci_action_client]: Result: array('i', [0, 1, 1, 2, 3, 5, 8, 13, 21, 34, 55])
[INFO] [1733682389.176074201] [fibonacci_action_client]: Sending goal with order 10
[INFO] [1733682393.450304892] [fibonacci_action_client]: Goal accepted, waiting for result.
[INFO] [1733682393.451378881] [fibonacci_action_client]: Received feedback: array('i', [0, 1, 1])
[INFO] [1733682393.701282156] [fibonacci_action_client]: Received feedback: array('i', [0, 1, 1, 2])
[INFO] [1733682393.952742825] [fibonacci_action_client]: Received feedback: array('i', [0, 1, 1, 2, 3])
[INFO] [1733682394.203991203] [fibonacci_action_client]: Received feedback: array('i', [0, 1, 1, 2, 3, 5])
[INFO] [1733682394.454522830] [fibonacci_action_client]: Received feedback: array('i', [0, 1, 1, 2, 3, 5, 8])
[INFO] [1733682394.705519951] [fibonacci_action_client]: Received feedback: array('i', [0, 1, 1, 2, 3, 5, 8, 13])
[INFO] [1733682394.956930717] [fibonacci_action_client]: Received feedback: array('i', [0, 1, 1, 2, 3, 5, 8, 13, 21])
[INFO] [1733682395.208324737] [fibonacci_action_client]: Received feedback: array('i', [0, 1, 1, 2, 3, 5, 8, 13, 21, 34])
[INFO] [1733682395.459551752] [fibonacci_action_client]: Received feedback: array('i', [0, 1, 1, 2, 3, 5, 8, 13, 21, 34, 55])
[INFO] [1733682395.714745633] [fibonacci_action_client]: Result: array('i', [0, 1, 1, 2, 3, 5, 8, 13, 21, 34, 55])
[INFO] [1733682395.965471819] [fibonacci_action_client]: Sending goal with order 10
[INFO] [1733682400.243464968] [fibonacci_action_client]: Received feedback: array('i', [0, 1, 1])
[INFO] [1733682400.243959551] [fibonacci_action_client]: Goal accepted, waiting for result.
[INFO] [1733682400.491375293] [fibonacci_action_client]: Received feedback: array('i', [0, 1, 1, 2])
[INFO] [1733682400.742467027] [fibonacci_action_client]: Received feedback: array('i', [0, 1, 1, 2, 3])
[INFO] [1733682400.993553546] [fibonacci_action_client]: Received feedback: array('i', [0, 1, 1, 2, 3, 5])
[INFO] [1733682401.244907600] [fibonacci_action_client]: Received feedback: array('i', [0, 1, 1, 2, 3, 5, 8])
[INFO] [1733682401.496092135] [fibonacci_action_client]: Received feedback: array('i', [0, 1, 1, 2, 3, 5, 8, 13])
[INFO] [1733682401.747436181] [fibonacci_action_client]: Received feedback: array('i', [0, 1, 1, 2, 3, 5, 8, 13, 21])
[INFO] [1733682401.998558076] [fibonacci_action_client]: Received feedback: array('i', [0, 1, 1, 2, 3, 5, 8, 13, 21, 34])
[INFO] [1733682402.249745655] [fibonacci_action_client]: Received feedback: array('i', [0, 1, 1, 2, 3, 5, 8, 13, 21, 34, 55])
[INFO] [1733682402.503861312] [fibonacci_action_client]: Result: array('i', [0, 1, 1, 2, 3, 5, 8, 13, 21, 34, 55])
[INFO] [1733682402.754578303] [fibonacci_action_client]: Sending goal with order 10
[INFO] [1733682407.033057182] [fibonacci_action_client]: Goal accepted, waiting for result.
[INFO] [1733682412.034426058] [fibonacci_action_client]: Result not received due to timeout.
RAPL is not set
3682405.017578706] [fibonacci_action_client]: Received feedback: array('i', [0, 1, 1, 2])
[INFO] [1733682405.268947233] [fibonacci_action_client]: Received feedback: array('i', [0, 1, 1, 2, 3])
[INFO] [1733682405.520144563] [fibonacci_action_client]: Received feedback: array('i', [0, 1, 1, 2, 3, 5])
[INFO] [1733682405.771159971] [fibonacci_action_client]: Received feedback: array('i', [0, 1, 1, 2, 3, 5, 8])
[INFO] [1733682406.022249586] [fibonacci_action_client]: Received feedback: array('i', [0, 1, 1, 2, 3, 5, 8, 13])
[INFO] [1733682406.273480752] [fibonacci_action_client]: Received feedback: array('i', [0, 1, 1, 2, 3, 5, 8, 13, 21])
[INFO] [1733682406.524453245] [fibonacci_action_client]: Received feedback: array('i', [0, 1, 1, 2, 3, 5, 8, 13, 21, 34])
[INFO] [1733682406.775645879] [fibonacci_action_client]: Received feedback: array('i', [0, 1, 1, 2, 3, 5, 8, 13, 21, 34, 55])
[INFO] [1733682409.768550960] [fibonacci_action_client]: Result not received due to timeout.
RAPL is set
 34, 55])
[INFO] [1733682405.017904177] [fibonacci_action_client]: Sending goal with order 10
Traceback (most recent call last):
  File "/home/michel/Documents/GitHub/energy-ros2-cpp-python/install/action_tutorials_py/lib/action_tutorials_py/action_client", line 33, in <module>
    sys.exit(load_entry_point('action-tutorials-py==0.0.0', 'console_scripts', 'action_client')())
  File "/home/michel/Documents/GitHub/energy-ros2-cpp-python/install/action_tutorials_py/lib/python3.10/site-packages/action_tutorials_py/fibonacci_action_client.py", line 110, in main
    if not action_client.send_goal_and_wait(10):
  File "/home/michel/Documents/GitHub/energy-ros2-cpp-python/install/action_tutorials_py/lib/python3.10/site-packages/action_tutorials_py/fibonacci_action_client.py", line 44, in send_goal_and_wait
    if not self._goal_handle.accepted:
AttributeError: 'NoneType' object has no attribute 'accepted'
[ros2run]: Process exited with failure 1
RAPL is not set
