[INFO] [1733689186.254905761] [fibonacci_action_client]: Sending goal with order 10
[INFO] [1733689190.993539937] [fibonacci_action_client]: Goal accepted, waiting for result.
[INFO] [1733689190.995275021] [fibonacci_action_client]: Received feedback: array('i', [0, 1, 1])
[INFO] [1733689191.496977952] [fibonacci_action_client]: Received feedback: array('i', [0, 1, 1, 2])
[INFO] [1733689191.998652173] [fibonacci_action_client]: Received feedback: array('i', [0, 1, 1, 2, 3])
[INFO] [1733689192.500031347] [fibonacci_action_client]: Received feedback: array('i', [0, 1, 1, 2, 3, 5])
[INFO] [1733689193.001553208] [fibonacci_action_client]: Received feedback: array('i', [0, 1, 1, 2, 3, 5, 8])
[INFO] [1733689193.502959610] [fibonacci_action_client]: Received feedback: array('i', [0, 1, 1, 2, 3, 5, 8, 13])
[INFO] [1733689194.004456610] [fibonacci_action_client]: Received feedback: array('i', [0, 1, 1, 2, 3, 5, 8, 13, 21])
[INFO] [1733689194.505745354] [fibonacci_action_client]: Received feedback: array('i', [0, 1, 1, 2, 3, 5, 8, 13, 21, 34])
[INFO] [1733689195.007163928] [fibonacci_action_client]: Received feedback: array('i', [0, 1, 1, 2, 3, 5, 8, 13, 21, 34, 55])
[INFO] [1733689195.510404379] [fibonacci_action_client]: Result: array('i', [0, 1, 1, 2, 3, 5, 8, 13, 21, 34, 55])
[INFO] [1733689196.011410257] [fibonacci_action_client]: Sending goal with order 10
[INFO] [1733689200.023502083] [fibonacci_action_client]: Goal accepted, waiting for result.
[INFO] [1733689200.025309048] [fibonacci_action_client]: Received feedback: array('i', [0, 1, 1])
[INFO] [1733689200.527210735] [fibonacci_action_client]: Received feedback: array('i', [0, 1, 1, 2])
[INFO] [1733689201.028484759] [fibonacci_action_client]: Received feedback: array('i', [0, 1, 1, 2, 3])
[INFO] [1733689201.529655815] [fibonacci_action_client]: Received feedback: array('i', [0, 1, 1, 2, 3, 5])
[INFO] [1733689202.031105642] [fibonacci_action_client]: Received feedback: array('i', [0, 1, 1, 2, 3, 5, 8])
[INFO] [1733689202.532316212] [fibonacci_action_client]: Received feedback: array('i', [0, 1, 1, 2, 3, 5, 8, 13])
[INFO] [1733689203.033624677] [fibonacci_action_client]: Received feedback: array('i', [0, 1, 1, 2, 3, 5, 8, 13, 21])
[INFO] [1733689203.535041028] [fibonacci_action_client]: Received feedback: array('i', [0, 1, 1, 2, 3, 5, 8, 13, 21, 34])
[INFO] [1733689204.036266720] [fibonacci_action_client]: Received feedback: array('i', [0, 1, 1, 2, 3, 5, 8, 13, 21, 34, 55])
[INFO] [1733689204.538485107] [fibonacci_action_client]: Result: array('i', [0, 1, 1, 2, 3, 5, 8, 13, 21, 34, 55])
[INFO] [1733689205.040063867] [fibonacci_action_client]: Sending goal with order 10
[INFO] [1733689209.053176577] [fibonacci_action_client]: Goal accepted, waiting for result.
[INFO] [1733689209.054595622] [fibonacci_action_client]: Received feedback: array('i', [0, 1, 1])
[INFO] [1733689209.555908147] [fibonacci_action_client]: Received feedback: array('i', [0, 1, 1, 2])
[INFO] [1733689210.057778352] [fibonacci_action_client]: Received feedback: array('i', [0, 1, 1, 2, 3])
[INFO] [1733689210.559153846] [fibonacci_action_client]: Received feedback: array('i', [0, 1, 1, 2, 3, 5])
[INFO] [1733689211.060688448] [fibonacci_action_client]: Received feedback: array('i', [0, 1, 1, 2, 3, 5, 8])
[INFO] [1733689211.561556591] [fibonacci_action_client]: Received feedback: array('i', [0, 1, 1, 2, 3, 5, 8, 13])
[INFO] [1733689212.062710908] [fibonacci_action_client]: Received feedback: array('i', [0, 1, 1, 2, 3, 5, 8, 13, 21])
[INFO] [1733689212.563764632] [fibonacci_action_client]: Received feedback: array('i', [0, 1, 1, 2, 3, 5, 8, 13, 21, 34])
[INFO] [1733689213.065016883] [fibonacci_action_client]: Received feedback: array('i', [0, 1, 1, 2, 3, 5, 8, 13, 21, 34, 55])
[INFO] [1733689213.568425084] [fibonacci_action_client]: Result: array('i', [0, 1, 1, 2, 3, 5, 8, 13, 21, 34, 55])
[INFO] [1733689214.069566281] [fibonacci_action_client]: Sending goal with order 10
[INFO] [1733689218.081670110] [fibonacci_action_client]: Goal accepted, waiting for result.
[INFO] [1733689218.082840144] [fibonacci_action_client]: Received feedback: array('i', [0, 1, 1])
[INFO] [1733689218.584383381] [fibonacci_action_client]: Received feedback: array('i', [0, 1, 1, 2])
[INFO] [1733689219.085202640] [fibonacci_action_client]: Received feedback: array('i', [0, 1, 1, 2, 3])
[INFO] [1733689219.586585941] [fibonacci_action_client]: Received feedback: array('i', [0, 1, 1, 2, 3, 5])
[INFO] [1733689220.087852441] [fibonacci_action_client]: Received feedback: array('i', [0, 1, 1, 2, 3, 5, 8])
[INFO] [1733689220.589157938] [fibonacci_action_client]: Received feedback: array('i', [0, 1, 1, 2, 3, 5, 8, 13])
[INFO] [1733689221.090449487] [fibonacci_action_client]: Received feedback: array('i', [0, 1, 1, 2, 3, 5, 8, 13, 21])
[INFO] [1733689221.591998158] [fibonacci_action_client]: Received feedback: array('i', [0, 1, 1, 2, 3, 5, 8, 13, 21, 34])
[INFO] [1733689222.093015241] [fibonacci_action_client]: Received feedback: array('i', [0, 1, 1, 2, 3, 5, 8, 13, 21, 34, 55])
[INFO] [1733689222.596027781] [fibonacci_action_client]: Result: array('i', [0, 1, 1, 2, 3, 5, 8, 13, 21, 34, 55])
[INFO] [1733689223.097251228] [fibonacci_action_client]: Sending goal with order 10
[INFO] [1733689227.109963349] [fibonacci_action_client]: Goal accepted, waiting for result.
[INFO] [1733689227.111916166] [fibonacci_action_client]: Received feedback: array('i', [0, 1, 1])
[INFO] [1733689227.613324252] [fibonacci_action_client]: Received feedback: array('i', [0, 1, 1, 2])
[INFO] [1733689228.114737175] [fibonacci_action_client]: Received feedback: array('i', [0, 1, 1, 2, 3])
[INFO] [1733689228.616350055] [fibonacci_action_client]: Received feedback: array('i', [0, 1, 1, 2, 3, 5])
[INFO] [1733689229.117447097] [fibonacci_action_client]: Received feedback: array('i', [0, 1, 1, 2, 3, 5, 8])
[INFO] [1733689229.618888545] [fibonacci_action_client]: Received feedback: array('i', [0, 1, 1, 2, 3, 5, 8, 13])
[INFO] [1733689230.120262707] [fibonacci_action_client]: Received feedback: array('i', [0, 1, 1, 2, 3, 5, 8, 13, 21])
[INFO] [1733689230.621702601] [fibonacci_action_client]: Received feedback: array('i', [0, 1, 1, 2, 3, 5, 8, 13, 21, 34])
[INFO] [1733689231.123239543] [fibonacci_action_client]: Received feedback: array('i', [0, 1, 1, 2, 3, 5, 8, 13, 21, 34, 55])
[INFO] [1733689231.625580627] [fibonacci_action_client]: Result: array('i', [0, 1, 1, 2, 3, 5, 8, 13, 21, 34, 55])
[INFO] [1733689232.126814380] [fibonacci_action_client]: Sending goal with order 10
[INFO] [1733689236.139232907] [fibonacci_action_client]: Goal accepted, waiting for result.
[INFO] [1733689236.141135884] [fibonacci_action_client]: Received feedback: array('i', [0, 1, 1])
[INFO] [1733689236.643165806] [fibonacci_action_client]: Received feedback: array('i', [0, 1, 1, 2])
[INFO] [1733689237.144863651] [fibonacci_action_client]: Received feedback: array('i', [0, 1, 1, 2, 3])
[INFO] [1733689237.645608094] [fibonacci_action_client]: Received feedback: array('i', [0, 1, 1, 2, 3, 5])
[INFO] [1733689238.147287484] [fibonacci_action_client]: Received feedback: array('i', [0, 1, 1, 2, 3, 5, 8])
[INFO] [1733689238.648377181] [fibonacci_action_client]: Received feedback: array('i', [0, 1, 1, 2, 3, 5, 8, 13])
[INFO] [1733689239.149519229] [fibonacci_action_client]: Received feedback: array('i', [0, 1, 1, 2, 3, 5, 8, 13, 21])
[INFO] [1733689239.650926929] [fibonacci_action_client]: Received feedback: array('i', [0, 1, 1, 2, 3, 5, 8, 13, 21, 34])
[INFO] [1733689240.152405311] [fibonacci_action_client]: Received feedback: array('i', [0, 1, 1, 2, 3, 5, 8, 13, 21, 34, 55])
[INFO] [1733689240.655551629] [fibonacci_action_client]: Result: array('i', [0, 1, 1, 2, 3, 5, 8, 13, 21, 34, 55])
[INFO] [1733689241.156990205] [fibonacci_action_client]: Sending goal with order 10
[INFO] [1733689245.169956479] [fibonacci_action_client]: Goal accepted, waiting for result.
[INFO] [1733689245.171313236] [fibonacci_action_client]: Received feedback: array('i', [0, 1, 1])
[INFO] [1733689245.673170965] [fibonacci_action_client]: Received feedback: array('i', [0, 1, 1, 2])
[INFO] [1733689246.174290147] [fibonacci_action_client]: Received feedback: array('i', [0, 1, 1, 2, 3])
[INFO] [1733689246.675826355] [fibonacci_action_client]: Received feedback: array('i', [0, 1, 1, 2, 3, 5])
[INFO] [1733689247.177139682] [fibonacci_action_client]: Received feedback: array('i', [0, 1, 1, 2, 3, 5, 8])
[INFO] [1733689247.678497504] [fibonacci_action_client]: Received feedback: array('i', [0, 1, 1, 2, 3, 5, 8, 13])
[INFO] [1733689248.180012643] [fibonacci_action_client]: Received feedback: array('i', [0, 1, 1, 2, 3, 5, 8, 13, 21])
[INFO] [1733689248.681209300] [fibonacci_action_client]: Received feedback: array('i', [0, 1, 1, 2, 3, 5, 8, 13, 21, 34])
[INFO] [1733689249.182509628] [fibonacci_action_client]: Received feedback: array('i', [0, 1, 1, 2, 3, 5, 8, 13, 21, 34, 55])
[INFO] [1733689249.685000276] [fibonacci_action_client]: Result: array('i', [0, 1, 1, 2, 3, 5, 8, 13, 21, 34, 55])
[INFO] [1733689250.186231172] [fibonacci_action_client]: Sending goal with order 10
[INFO] [1733689254.198032800] [fibonacci_action_client]: Goal accepted, waiting for result.
[INFO] [1733689254.199408026] [fibonacci_action_client]: Received feedback: array('i', [0, 1, 1])
[INFO] [1733689254.701453817] [fibonacci_action_client]: Received feedback: array('i', [0, 1, 1, 2])
[INFO] [1733689255.202452040] [fibonacci_action_client]: Received feedback: array('i', [0, 1, 1, 2, 3])
[INFO] [1733689255.704010576] [fibonacci_action_client]: Received feedback: array('i', [0, 1, 1, 2, 3, 5])
[INFO] [1733689256.205390341] [fibonacci_action_client]: Received feedback: array('i', [0, 1, 1, 2, 3, 5, 8])
[INFO] [1733689256.706757237] [fibonacci_action_client]: Received feedback: array('i', [0, 1, 1, 2, 3, 5, 8, 13])
[INFO] [1733689257.208262929] [fibonacci_action_client]: Received feedback: array('i', [0, 1, 1, 2, 3, 5, 8, 13, 21])
[INFO] [1733689257.709456350] [fibonacci_action_client]: Received feedback: array('i', [0, 1, 1, 2, 3, 5, 8, 13, 21, 34])
[INFO] [1733689258.210523001] [fibonacci_action_client]: Received feedback: array('i', [0, 1, 1, 2, 3, 5, 8, 13, 21, 34, 55])
[INFO] [1733689258.712990915] [fibonacci_action_client]: Result: array('i', [0, 1, 1, 2, 3, 5, 8, 13, 21, 34, 55])
[INFO] [1733689259.214223992] [fibonacci_action_client]: Sending goal with order 10
[INFO] [1733689263.227666132] [fibonacci_action_client]: Goal accepted, waiting for result.
[INFO] [1733689263.229537634] [fibonacci_action_client]: Received feedback: array('i', [0, 1, 1])
[INFO] [1733689263.730859934] [fibonacci_action_client]: Received feedback: array('i', [0, 1, 1, 2])
[INFO] [1733689264.232169982] [fibonacci_action_client]: Received feedback: array('i', [0, 1, 1, 2, 3])
[INFO] [1733689264.733468086] [fibonacci_action_client]: Received feedback: array('i', [0, 1, 1, 2, 3, 5])
[INFO] [1733689265.235257097] [fibonacci_action_client]: Received feedback: array('i', [0, 1, 1, 2, 3, 5, 8])
[INFO] [1733689265.736573254] [fibonacci_action_client]: Received feedback: array('i', [0, 1, 1, 2, 3, 5, 8, 13])
[INFO] [1733689266.237384652] [fibonacci_action_client]: Received feedback: array('i', [0, 1, 1, 2, 3, 5, 8, 13, 21])
[INFO] [1733689266.738418445] [fibonacci_action_client]: Received feedback: array('i', [0, 1, 1, 2, 3, 5, 8, 13, 21, 34])
[INFO] [1733689267.239559502] [fibonacci_action_client]: Received feedback: array('i', [0, 1, 1, 2, 3, 5, 8, 13, 21, 34, 55])
[INFO] [1733689267.742715925] [fibonacci_action_client]: Result: array('i', [0, 1, 1, 2, 3, 5, 8, 13, 21, 34, 55])
[INFO] [1733689268.243759657] [fibonacci_action_client]: Sending goal with order 10
[INFO] [1733689272.256564647] [fibonacci_action_client]: Goal accepted, waiting for result.
[INFO] [1733689272.257280028] [fibonacci_action_client]: Received feedback: array('i', [0, 1, 1])
[INFO] [1733689272.758755426] [fibonacci_action_client]: Received feedback: array('i', [0, 1, 1, 2])
[INFO] [1733689273.260025056] [fibonacci_action_client]: Received feedback: array('i', [0, 1, 1, 2, 3])
[INFO] [1733689273.761541029] [fibonacci_action_client]: Received feedback: array('i', [0, 1, 1, 2, 3, 5])
[INFO] [1733689274.262811088] [fibonacci_action_client]: Received feedback: array('i', [0, 1, 1, 2, 3, 5, 8])
[INFO] [1733689274.763723471] [fibonacci_action_client]: Received feedback: array('i', [0, 1, 1, 2, 3, 5, 8, 13])
[INFO] [1733689275.265333843] [fibonacci_action_client]: Received feedback: array('i', [0, 1, 1, 2, 3, 5, 8, 13, 21])
[INFO] [1733689275.766914414] [fibonacci_action_client]: Received feedback: array('i', [0, 1, 1, 2, 3, 5, 8, 13, 21, 34])
[INFO] [1733689276.268321520] [fibonacci_action_client]: Received feedback: array('i', [0, 1, 1, 2, 3, 5, 8, 13, 21, 34, 55])
[INFO] [1733689276.770678697] [fibonacci_action_client]: Result: array('i', [0, 1, 1, 2, 3, 5, 8, 13, 21, 34, 55])
[INFO] [1733689277.271754276] [fibonacci_action_client]: Sending goal with order 10
[INFO] [1733689281.284802832] [fibonacci_action_client]: Goal accepted, waiting for result.
[INFO] [1733689281.285605004] [fibonacci_action_client]: Received feedback: array('i', [0, 1, 1])
[INFO] [1733689281.786855070] [fibonacci_action_client]: Received feedback: array('i', [0, 1, 1, 2])
[INFO] [1733689282.287980687] [fibonacci_action_client]: Received feedback: array('i', [0, 1, 1, 2, 3])
[INFO] [1733689282.789464756] [fibonacci_action_client]: Received feedback: array('i', [0, 1, 1, 2, 3, 5])
[INFO] [1733689283.290754941] [fibonacci_action_client]: Received feedback: array('i', [0, 1, 1, 2, 3, 5, 8])
[INFO] [1733689283.792129584] [fibonacci_action_client]: Received feedback: array('i', [0, 1, 1, 2, 3, 5, 8, 13])
[INFO] [1733689284.292851051] [fibonacci_action_client]: Received feedback: array('i', [0, 1, 1, 2, 3, 5, 8, 13, 21])
[INFO] [1733689284.794179209] [fibonacci_action_client]: Received feedback: array('i', [0, 1, 1, 2, 3, 5, 8, 13, 21, 34])
[INFO] [1733689285.295265408] [fibonacci_action_client]: Received feedback: array('i', [0, 1, 1, 2, 3, 5, 8, 13, 21, 34, 55])
[INFO] [1733689285.797935908] [fibonacci_action_client]: Result: array('i', [0, 1, 1, 2, 3, 5, 8, 13, 21, 34, 55])
[INFO] [1733689286.299144828] [fibonacci_action_client]: Sending goal with order 10
[INFO] [1733689290.311835910] [fibonacci_action_client]: Goal accepted, waiting for result.
[INFO] [1733689290.312599082] [fibonacci_action_client]: Received feedback: array('i', [0, 1, 1])
[INFO] [1733689290.814292655] [fibonacci_action_client]: Received feedback: array('i', [0, 1, 1, 2])
[INFO] [1733689291.315736208] [fibonacci_action_client]: Received feedback: array('i', [0, 1, 1, 2, 3])
[INFO] [1733689291.817091117] [fibonacci_action_client]: Received feedback: array('i', [0, 1, 1, 2, 3, 5])
[INFO] [1733689292.318714806] [fibonacci_action_client]: Received feedback: array('i', [0, 1, 1, 2, 3, 5, 8])
[INFO] [1733689292.820409665] [fibonacci_action_client]: Received feedback: array('i', [0, 1, 1, 2, 3, 5, 8, 13])
[INFO] [1733689293.321475889] [fibonacci_action_client]: Received feedback: array('i', [0, 1, 1, 2, 3, 5, 8, 13, 21])
[INFO] [1733689293.822975635] [fibonacci_action_client]: Received feedback: array('i', [0, 1, 1, 2, 3, 5, 8, 13, 21, 34])
[INFO] [1733689294.324278152] [fibonacci_action_client]: Received feedback: array('i', [0, 1, 1, 2, 3, 5, 8, 13, 21, 34, 55])
[INFO] [1733689294.827932692] [fibonacci_action_client]: Result: array('i', [0, 1, 1, 2, 3, 5, 8, 13, 21, 34, 55])
[INFO] [1733689295.328981278] [fibonacci_action_client]: Sending goal with order 10
[INFO] [1733689299.342616621] [fibonacci_action_client]: Goal accepted, waiting for result.
[INFO] [1733689299.343362483] [fibonacci_action_client]: Received feedback: array('i', [0, 1, 1])
[INFO] [1733689299.844874732] [fibonacci_action_client]: Received feedback: array('i', [0, 1, 1, 2])
[INFO] [1733689300.346208096] [fibonacci_action_client]: Received feedback: array('i', [0, 1, 1, 2, 3])
[INFO] [1733689300.847543241] [fibonacci_action_client]: Received feedback: array('i', [0, 1, 1, 2, 3, 5])
[INFO] [1733689301.349077932] [fibonacci_action_client]: Received feedback: array('i', [0, 1, 1, 2, 3, 5, 8])
[INFO] [1733689301.850371246] [fibonacci_action_client]: Received feedback: array('i', [0, 1, 1, 2, 3, 5, 8, 13])
[INFO] [1733689302.351824569] [fibonacci_action_client]: Received feedback: array('i', [0, 1, 1, 2, 3, 5, 8, 13, 21])
[INFO] [1733689302.853240595] [fibonacci_action_client]: Received feedback: array('i', [0, 1, 1, 2, 3, 5, 8, 13, 21, 34])
[INFO] [1733689303.354711116] [fibonacci_action_client]: Received feedback: array('i', [0, 1, 1, 2, 3, 5, 8, 13, 21, 34, 55])
[INFO] [1733689303.857478331] [fibonacci_action_client]: Result: array('i', [0, 1, 1, 2, 3, 5, 8, 13, 21, 34, 55])
[INFO] [1733689304.358497657] [fibonacci_action_client]: Sending goal with order 10
[INFO] [1733689308.371703691] [fibonacci_action_client]: Goal accepted, waiting for result.
[INFO] [1733689308.372478981] [fibonacci_action_client]: Received feedback: array('i', [0, 1, 1])
[INFO] [1733689308.873637828] [fibonacci_action_client]: Received feedback: array('i', [0, 1, 1, 2])
[INFO] [1733689309.375011941] [fibonacci_action_client]: Received feedback: array('i', [0, 1, 1, 2, 3])
[INFO] [1733689309.876611875] [fibonacci_action_client]: Received feedback: array('i', [0, 1, 1, 2, 3, 5])
[INFO] [1733689310.377338316] [fibonacci_action_client]: Received feedback: array('i', [0, 1, 1, 2, 3, 5, 8])
[INFO] [1733689310.878605892] [fibonacci_action_client]: Received feedback: array('i', [0, 1, 1, 2, 3, 5, 8, 13])
[INFO] [1733689311.380117004] [fibonacci_action_client]: Received feedback: array('i', [0, 1, 1, 2, 3, 5, 8, 13, 21])
[INFO] [1733689311.881281602] [fibonacci_action_client]: Received feedback: array('i', [0, 1, 1, 2, 3, 5, 8, 13, 21, 34])
[INFO] [1733689312.382834498] [fibonacci_action_client]: Received feedback: array('i', [0, 1, 1, 2, 3, 5, 8, 13, 21, 34, 55])
[INFO] [1733689312.885870728] [fibonacci_action_client]: Result: array('i', [0, 1, 1, 2, 3, 5, 8, 13, 21, 34, 55])
[INFO] [1733689313.386995757] [fibonacci_action_client]: Sending goal with order 10
[INFO] [1733689317.401551640] [fibonacci_action_client]: Goal accepted, waiting for result.
[INFO] [1733689317.402255406] [fibonacci_action_client]: Received feedback: array('i', [0, 1, 1])
[INFO] [1733689317.901502273] [fibonacci_action_client]: Received feedback: array('i', [0, 1, 1, 2])
[INFO] [1733689318.403058279] [fibonacci_action_client]: Received feedback: array('i', [0, 1, 1, 2, 3])
[INFO] [1733689318.904307544] [fibonacci_action_client]: Received feedback: array('i', [0, 1, 1, 2, 3, 5])
[INFO] [1733689319.405539278] [fibonacci_action_client]: Received feedback: array('i', [0, 1, 1, 2, 3, 5, 8])
[INFO] [1733689319.906928479] [fibonacci_action_client]: Received feedback: array('i', [0, 1, 1, 2, 3, 5, 8, 13])
[INFO] [1733689320.408400795] [fibonacci_action_client]: Received feedback: array('i', [0, 1, 1, 2, 3, 5, 8, 13, 21])
[INFO] [1733689320.909374149] [fibonacci_action_client]: Received feedback: array('i', [0, 1, 1, 2, 3, 5, 8, 13, 21, 34])
[INFO] [1733689321.410931886] [fibonacci_action_client]: Received feedback: array('i', [0, 1, 1, 2, 3, 5, 8, 13, 21, 34, 55])
[INFO] [1733689321.914126677] [fibonacci_action_client]: Result: array('i', [0, 1, 1, 2, 3, 5, 8, 13, 21, 34, 55])
[INFO] [1733689322.414970235] [fibonacci_action_client]: Sending goal with order 10
[INFO] [1733689326.429050186] [fibonacci_action_client]: Goal accepted, waiting for result.
[INFO] [1733689326.429799143] [fibonacci_action_client]: Received feedback: array('i', [0, 1, 1])
[INFO] [1733689326.930522439] [fibonacci_action_client]: Received feedback: array('i', [0, 1, 1, 2])
[INFO] [1733689327.431602601] [fibonacci_action_client]: Received feedback: array('i', [0, 1, 1, 2, 3])
[INFO] [1733689327.933177733] [fibonacci_action_client]: Received feedback: array('i', [0, 1, 1, 2, 3, 5])
[INFO] [1733689328.434292420] [fibonacci_action_client]: Received feedback: array('i', [0, 1, 1, 2, 3, 5, 8])
[INFO] [1733689328.935448806] [fibonacci_action_client]: Received feedback: array('i', [0, 1, 1, 2, 3, 5, 8, 13])
[INFO] [1733689329.437041209] [fibonacci_action_client]: Received feedback: array('i', [0, 1, 1, 2, 3, 5, 8, 13, 21])
[INFO] [1733689329.938403044] [fibonacci_action_client]: Received feedback: array('i', [0, 1, 1, 2, 3, 5, 8, 13, 21, 34])
[INFO] [1733689330.439891961] [fibonacci_action_client]: Received feedback: array('i', [0, 1, 1, 2, 3, 5, 8, 13, 21, 34, 55])
[INFO] [1733689330.943581227] [fibonacci_action_client]: Result: array('i', [0, 1, 1, 2, 3, 5, 8, 13, 21, 34, 55])
[INFO] [1733689331.444240551] [fibonacci_action_client]: Sending goal with order 10
[INFO] [1733689335.458870413] [fibonacci_action_client]: Goal accepted, waiting for result.
[INFO] [1733689335.459576118] [fibonacci_action_client]: Received feedback: array('i', [0, 1, 1])
[INFO] [1733689335.960118480] [fibonacci_action_client]: Received feedback: array('i', [0, 1, 1, 2])
[INFO] [1733689336.461231002] [fibonacci_action_client]: Received feedback: array('i', [0, 1, 1, 2, 3])
[INFO] [1733689336.963232485] [fibonacci_action_client]: Received feedback: array('i', [0, 1, 1, 2, 3, 5])
[INFO] [1733689337.464187571] [fibonacci_action_client]: Received feedback: array('i', [0, 1, 1, 2, 3, 5, 8])
[INFO] [1733689337.965538044] [fibonacci_action_client]: Received feedback: array('i', [0, 1, 1, 2, 3, 5, 8, 13])
[INFO] [1733689338.466939203] [fibonacci_action_client]: Received feedback: array('i', [0, 1, 1, 2, 3, 5, 8, 13, 21])
[INFO] [1733689338.968381245] [fibonacci_action_client]: Received feedback: array('i', [0, 1, 1, 2, 3, 5, 8, 13, 21, 34])
[INFO] [1733689339.469121158] [fibonacci_action_client]: Received feedback: array('i', [0, 1, 1, 2, 3, 5, 8, 13, 21, 34, 55])
[INFO] [1733689339.971737400] [fibonacci_action_client]: Result: array('i', [0, 1, 1, 2, 3, 5, 8, 13, 21, 34, 55])
[INFO] [1733689340.472800085] [fibonacci_action_client]: Sending goal with order 10
[INFO] [1733689344.487534663] [fibonacci_action_client]: Goal accepted, waiting for result.
[INFO] [1733689344.488661167] [fibonacci_action_client]: Received feedback: array('i', [0, 1, 1])
[INFO] [1733689344.987465414] [fibonacci_action_client]: Received feedback: array('i', [0, 1, 1, 2])
[INFO] [1733689345.489005896] [fibonacci_action_client]: Received feedback: array('i', [0, 1, 1, 2, 3])
[INFO] [1733689345.990500148] [fibonacci_action_client]: Received feedback: array('i', [0, 1, 1, 2, 3, 5])
[INFO] [1733689346.491304558] [fibonacci_action_client]: Received feedback: array('i', [0, 1, 1, 2, 3, 5, 8])
[INFO] [1733689346.992496792] [fibonacci_action_client]: Received feedback: array('i', [0, 1, 1, 2, 3, 5, 8, 13])
[INFO] [1733689347.493644105] [fibonacci_action_client]: Received feedback: array('i', [0, 1, 1, 2, 3, 5, 8, 13, 21])
[INFO] [1733689347.994813347] [fibonacci_action_client]: Received feedback: array('i', [0, 1, 1, 2, 3, 5, 8, 13, 21, 34])
[INFO] [1733689348.496454346] [fibonacci_action_client]: Received feedback: array('i', [0, 1, 1, 2, 3, 5, 8, 13, 21, 34, 55])
[INFO] [1733689348.999524673] [fibonacci_action_client]: Result: array('i', [0, 1, 1, 2, 3, 5, 8, 13, 21, 34, 55])
[INFO] [1733689349.500729510] [fibonacci_action_client]: Sending goal with order 10
[INFO] [1733689353.514185681] [fibonacci_action_client]: Goal accepted, waiting for result.
[INFO] [1733689353.514981994] [fibonacci_action_client]: Received feedback: array('i', [0, 1, 1])
[INFO] [1733689354.015832523] [fibonacci_action_client]: Received feedback: array('i', [0, 1, 1, 2])
[INFO] [1733689354.517133914] [fibonacci_action_client]: Received feedback: array('i', [0, 1, 1, 2, 3])
[INFO] [1733689355.018287530] [fibonacci_action_client]: Received feedback: array('i', [0, 1, 1, 2, 3, 5])
[INFO] [1733689355.519902360] [fibonacci_action_client]: Received feedback: array('i', [0, 1, 1, 2, 3, 5, 8])
[INFO] [1733689356.021485396] [fibonacci_action_client]: Received feedback: array('i', [0, 1, 1, 2, 3, 5, 8, 13])
[INFO] [1733689356.522880290] [fibonacci_action_client]: Received feedback: array('i', [0, 1, 1, 2, 3, 5, 8, 13, 21])
[INFO] [1733689357.024302493] [fibonacci_action_client]: Received feedback: array('i', [0, 1, 1, 2, 3, 5, 8, 13, 21, 34])
[INFO] [1733689357.525569929] [fibonacci_action_client]: Received feedback: array('i', [0, 1, 1, 2, 3, 5, 8, 13, 21, 34, 55])
[INFO] [1733689358.028668621] [fibonacci_action_client]: Result: array('i', [0, 1, 1, 2, 3, 5, 8, 13, 21, 34, 55])
[INFO] [1733689358.529659745] [fibonacci_action_client]: Sending goal with order 10
[INFO] [1733689362.541732591] [fibonacci_action_client]: Goal accepted, waiting for result.
[INFO] [1733689362.542455031] [fibonacci_action_client]: Received feedback: array('i', [0, 1, 1])
[INFO] [1733689363.043290721] [fibonacci_action_client]: Received feedback: array('i', [0, 1, 1, 2])
[INFO] [1733689363.544747262] [fibonacci_action_client]: Received feedback: array('i', [0, 1, 1, 2, 3])
[INFO] [1733689364.045643451] [fibonacci_action_client]: Received feedback: array('i', [0, 1, 1, 2, 3, 5])
[INFO] [1733689364.546847288] [fibonacci_action_client]: Received feedback: array('i', [0, 1, 1, 2, 3, 5, 8])
[INFO] [1733689365.048346327] [fibonacci_action_client]: Received feedback: array('i', [0, 1, 1, 2, 3, 5, 8, 13])
[INFO] [1733689365.549213539] [fibonacci_action_client]: Received feedback: array('i', [0, 1, 1, 2, 3, 5, 8, 13, 21])
[INFO] [1733689366.050473451] [fibonacci_action_client]: Received feedback: array('i', [0, 1, 1, 2, 3, 5, 8, 13, 21, 34])
[INFO] [1733689366.551575285] [fibonacci_action_client]: Received feedback: array('i', [0, 1, 1, 2, 3, 5, 8, 13, 21, 34, 55])
[INFO] [1733689367.542715193] [fibonacci_action_client]: Result not received due to timeout.
RAPL is set
 34, 55])
[INFO] [1733689363.042847397] [fibonacci_action_client]: Sending goal with order 10
[INFO] [1733689367.054368627] [fibonacci_action_client]: Goal accepted, waiting for result.
[INFO] [1733689372.055892397] [fibonacci_action_client]: Result not received due to timeout.
RAPL is not set
