[INFO] [1733794395.019579519] [fibonacci_action_server]: Executing goal...
[INFO] [1733794395.020020539] [fibonacci_action_server]: Feedback: array('i', [0, 1, 1])
[INFO] [1733794395.271040341] [fibonacci_action_server]: Feedback: array('i', [0, 1, 1, 2])
[INFO] [1733794395.522383247] [fibonacci_action_server]: Feedback: array('i', [0, 1, 1, 2, 3])
[INFO] [1733794395.773538809] [fibonacci_action_server]: Feedback: array('i', [0, 1, 1, 2, 3, 5])
[INFO] [1733794396.024905742] [fibonacci_action_server]: Feedback: array('i', [0, 1, 1, 2, 3, 5, 8])
[INFO] [1733794396.275822690] [fibonacci_action_server]: Feedback: array('i', [0, 1, 1, 2, 3, 5, 8, 13])
[INFO] [1733794396.527121806] [fibonacci_action_server]: Feedback: array('i', [0, 1, 1, 2, 3, 5, 8, 13, 21])
[INFO] [1733794396.778368132] [fibonacci_action_server]: Feedback: array('i', [0, 1, 1, 2, 3, 5, 8, 13, 21, 34])
[INFO] [1733794397.029452949] [fibonacci_action_server]: Feedback: array('i', [0, 1, 1, 2, 3, 5, 8, 13, 21, 34, 55])
[INFO] [1733794397.533816812] [fibonacci_action_server]: Executing goal...
[INFO] [1733794397.534175059] [fibonacci_action_server]: Feedback: array('i', [0, 1, 1])
[INFO] [1733794397.785285541] [fibonacci_action_server]: Feedback: array('i', [0, 1, 1, 2])
[INFO] [1733794398.036542364] [fibonacci_action_server]: Feedback: array('i', [0, 1, 1, 2, 3])
[INFO] [1733794398.287542536] [fibonacci_action_server]: Feedback: array('i', [0, 1, 1, 2, 3, 5])
[INFO] [1733794398.538468152] [fibonacci_action_server]: Feedback: array('i', [0, 1, 1, 2, 3, 5, 8])
[INFO] [1733794398.789870787] [fibonacci_action_server]: Feedback: array('i', [0, 1, 1, 2, 3, 5, 8, 13])
[INFO] [1733794399.041232246] [fibonacci_action_server]: Feedback: array('i', [0, 1, 1, 2, 3, 5, 8, 13, 21])
[INFO] [1733794399.292194142] [fibonacci_action_server]: Feedback: array('i', [0, 1, 1, 2, 3, 5, 8, 13, 21, 34])
[INFO] [1733794399.543587887] [fibonacci_action_server]: Feedback: array('i', [0, 1, 1, 2, 3, 5, 8, 13, 21, 34, 55])
[INFO] [1733794400.048401077] [fibonacci_action_server]: Executing goal...
[INFO] [1733794400.048779790] [fibonacci_action_server]: Feedback: array('i', [0, 1, 1])
[INFO] [1733794400.299599668] [fibonacci_action_server]: Feedback: array('i', [0, 1, 1, 2])
[INFO] [1733794400.550644605] [fibonacci_action_server]: Feedback: array('i', [0, 1, 1, 2, 3])
[INFO] [1733794400.801631751] [fibonacci_action_server]: Feedback: array('i', [0, 1, 1, 2, 3, 5])
[INFO] [1733794401.052899371] [fibonacci_action_server]: Feedback: array('i', [0, 1, 1, 2, 3, 5, 8])
[INFO] [1733794401.304279925] [fibonacci_action_server]: Feedback: array('i', [0, 1, 1, 2, 3, 5, 8, 13])
[INFO] [1733794401.555537431] [fibonacci_action_server]: Feedback: array('i', [0, 1, 1, 2, 3, 5, 8, 13, 21])
[INFO] [1733794401.806644813] [fibonacci_action_server]: Feedback: array('i', [0, 1, 1, 2, 3, 5, 8, 13, 21, 34])
[INFO] [1733794402.057965218] [fibonacci_action_server]: Feedback: array('i', [0, 1, 1, 2, 3, 5, 8, 13, 21, 34, 55])
[INFO] [1733794402.563483970] [fibonacci_action_server]: Executing goal...
[INFO] [1733794402.563847921] [fibonacci_action_server]: Feedback: array('i', [0, 1, 1])
[INFO] [1733794402.814876182] [fibonacci_action_server]: Feedback: array('i', [0, 1, 1, 2])
[INFO] [1733794403.065858917] [fibonacci_action_server]: Feedback: array('i', [0, 1, 1, 2, 3])
[INFO] [1733794403.317165296] [fibonacci_action_server]: Feedback: array('i', [0, 1, 1, 2, 3, 5])
[INFO] [1733794403.568622477] [fibonacci_action_server]: Feedback: array('i', [0, 1, 1, 2, 3, 5, 8])
[INFO] [1733794403.819815050] [fibonacci_action_server]: Feedback: array('i', [0, 1, 1, 2, 3, 5, 8, 13])
[INFO] [1733794404.071205189] [fibonacci_action_server]: Feedback: array('i', [0, 1, 1, 2, 3, 5, 8, 13, 21])
[INFO] [1733794404.322171626] [fibonacci_action_server]: Feedback: array('i', [0, 1, 1, 2, 3, 5, 8, 13, 21, 34])
[INFO] [1733794404.573509511] [fibonacci_action_server]: Feedback: array('i', [0, 1, 1, 2, 3, 5, 8, 13, 21, 34, 55])
[INFO] [1733794405.078930940] [fibonacci_action_server]: Executing goal...
[INFO] [1733794405.079336699] [fibonacci_action_server]: Feedback: array('i', [0, 1, 1])
[INFO] [1733794405.329904951] [fibonacci_action_server]: Feedback: array('i', [0, 1, 1, 2])
[INFO] [1733794405.581199067] [fibonacci_action_server]: Feedback: array('i', [0, 1, 1, 2, 3])
[INFO] [1733794405.832158748] [fibonacci_action_server]: Feedback: array('i', [0, 1, 1, 2, 3, 5])
[INFO] [1733794406.083343428] [fibonacci_action_server]: Feedback: array('i', [0, 1, 1, 2, 3, 5, 8])
[INFO] [1733794406.334766209] [fibonacci_action_server]: Feedback: array('i', [0, 1, 1, 2, 3, 5, 8, 13])
[INFO] [1733794406.585965331] [fibonacci_action_server]: Feedback: array('i', [0, 1, 1, 2, 3, 5, 8, 13, 21])
[INFO] [1733794406.837406939] [fibonacci_action_server]: Feedback: array('i', [0, 1, 1, 2, 3, 5, 8, 13, 21, 34])
[INFO] [1733794407.088314637] [fibonacci_action_server]: Feedback: array('i', [0, 1, 1, 2, 3, 5, 8, 13, 21, 34, 55])
[INFO] [1733794407.593108127] [fibonacci_action_server]: Executing goal...
[INFO] [1733794407.593893877] [fibonacci_action_server]: Feedback: array('i', [0, 1, 1])
[INFO] [1733794407.845080452] [fibonacci_action_server]: Feedback: array('i', [0, 1, 1, 2])
[INFO] [1733794408.096149265] [fibonacci_action_server]: Feedback: array('i', [0, 1, 1, 2, 3])
[INFO] [1733794408.347265554] [fibonacci_action_server]: Feedback: array('i', [0, 1, 1, 2, 3, 5])
[INFO] [1733794408.598538021] [fibonacci_action_server]: Feedback: array('i', [0, 1, 1, 2, 3, 5, 8])
[INFO] [1733794408.849872955] [fibonacci_action_server]: Feedback: array('i', [0, 1, 1, 2, 3, 5, 8, 13])
[INFO] [1733794409.101247009] [fibonacci_action_server]: Feedback: array('i', [0, 1, 1, 2, 3, 5, 8, 13, 21])
[INFO] [1733794409.352544605] [fibonacci_action_server]: Feedback: array('i', [0, 1, 1, 2, 3, 5, 8, 13, 21, 34])
[INFO] [1733794409.603948815] [fibonacci_action_server]: Feedback: array('i', [0, 1, 1, 2, 3, 5, 8, 13, 21, 34, 55])
[INFO] [1733794410.109243442] [fibonacci_action_server]: Executing goal...
[INFO] [1733794410.109869172] [fibonacci_action_server]: Feedback: array('i', [0, 1, 1])
[INFO] [1733794410.360890816] [fibonacci_action_server]: Feedback: array('i', [0, 1, 1, 2])
[INFO] [1733794410.612144312] [fibonacci_action_server]: Feedback: array('i', [0, 1, 1, 2, 3])
[INFO] [1733794410.863536700] [fibonacci_action_server]: Feedback: array('i', [0, 1, 1, 2, 3, 5])
[INFO] [1733794411.114652891] [fibonacci_action_server]: Feedback: array('i', [0, 1, 1, 2, 3, 5, 8])
[INFO] [1733794411.365748107] [fibonacci_action_server]: Feedback: array('i', [0, 1, 1, 2, 3, 5, 8, 13])
[INFO] [1733794411.616951133] [fibonacci_action_server]: Feedback: array('i', [0, 1, 1, 2, 3, 5, 8, 13, 21])
[INFO] [1733794411.868201518] [fibonacci_action_server]: Feedback: array('i', [0, 1, 1, 2, 3, 5, 8, 13, 21, 34])
[INFO] [1733794412.119391698] [fibonacci_action_server]: Feedback: array('i', [0, 1, 1, 2, 3, 5, 8, 13, 21, 34, 55])
[INFO] [1733794412.624711253] [fibonacci_action_server]: Executing goal...
[INFO] [1733794412.625508084] [fibonacci_action_server]: Feedback: array('i', [0, 1, 1])
[INFO] [1733794412.876655195] [fibonacci_action_server]: Feedback: array('i', [0, 1, 1, 2])
[INFO] [1733794413.127754925] [fibonacci_action_server]: Feedback: array('i', [0, 1, 1, 2, 3])
[INFO] [1733794413.378800110] [fibonacci_action_server]: Feedback: array('i', [0, 1, 1, 2, 3, 5])
[INFO] [1733794413.630122438] [fibonacci_action_server]: Feedback: array('i', [0, 1, 1, 2, 3, 5, 8])
[INFO] [1733794413.881201589] [fibonacci_action_server]: Feedback: array('i', [0, 1, 1, 2, 3, 5, 8, 13])
[INFO] [1733794414.132560338] [fibonacci_action_server]: Feedback: array('i', [0, 1, 1, 2, 3, 5, 8, 13, 21])
[INFO] [1733794414.383461759] [fibonacci_action_server]: Feedback: array('i', [0, 1, 1, 2, 3, 5, 8, 13, 21, 34])
[INFO] [1733794414.634682875] [fibonacci_action_server]: Feedback: array('i', [0, 1, 1, 2, 3, 5, 8, 13, 21, 34, 55])
[INFO] [1733794415.139451657] [fibonacci_action_server]: Executing goal...
[INFO] [1733794415.139837993] [fibonacci_action_server]: Feedback: array('i', [0, 1, 1])
[INFO] [1733794415.390848081] [fibonacci_action_server]: Feedback: array('i', [0, 1, 1, 2])
[INFO] [1733794415.642157095] [fibonacci_action_server]: Feedback: array('i', [0, 1, 1, 2, 3])
[INFO] [1733794415.893584292] [fibonacci_action_server]: Feedback: array('i', [0, 1, 1, 2, 3, 5])
[INFO] [1733794416.144766061] [fibonacci_action_server]: Feedback: array('i', [0, 1, 1, 2, 3, 5, 8])
[INFO] [1733794416.396163235] [fibonacci_action_server]: Feedback: array('i', [0, 1, 1, 2, 3, 5, 8, 13])
[INFO] [1733794416.647262587] [fibonacci_action_server]: Feedback: array('i', [0, 1, 1, 2, 3, 5, 8, 13, 21])
[INFO] [1733794416.898493914] [fibonacci_action_server]: Feedback: array('i', [0, 1, 1, 2, 3, 5, 8, 13, 21, 34])
[INFO] [1733794417.149884242] [fibonacci_action_server]: Feedback: array('i', [0, 1, 1, 2, 3, 5, 8, 13, 21, 34, 55])
[INFO] [1733794417.655094162] [fibonacci_action_server]: Executing goal...
[INFO] [1733794417.655631033] [fibonacci_action_server]: Feedback: array('i', [0, 1, 1])
[INFO] [1733794417.906679117] [fibonacci_action_server]: Feedback: array('i', [0, 1, 1, 2])
[INFO] [1733794418.158038264] [fibonacci_action_server]: Feedback: array('i', [0, 1, 1, 2, 3])
[INFO] [1733794418.409405350] [fibonacci_action_server]: Feedback: array('i', [0, 1, 1, 2, 3, 5])
[INFO] [1733794418.660664086] [fibonacci_action_server]: Feedback: array('i', [0, 1, 1, 2, 3, 5, 8])
[INFO] [1733794418.911931463] [fibonacci_action_server]: Feedback: array('i', [0, 1, 1, 2, 3, 5, 8, 13])
[INFO] [1733794419.163167079] [fibonacci_action_server]: Feedback: array('i', [0, 1, 1, 2, 3, 5, 8, 13, 21])
[INFO] [1733794419.414094933] [fibonacci_action_server]: Feedback: array('i', [0, 1, 1, 2, 3, 5, 8, 13, 21, 34])
[INFO] [1733794419.665245595] [fibonacci_action_server]: Feedback: array('i', [0, 1, 1, 2, 3, 5, 8, 13, 21, 34, 55])
[INFO] [1733794420.170431063] [fibonacci_action_server]: Executing goal...
[INFO] [1733794420.170938182] [fibonacci_action_server]: Feedback: array('i', [0, 1, 1])
[INFO] [1733794420.422200736] [fibonacci_action_server]: Feedback: array('i', [0, 1, 1, 2])
[INFO] [1733794420.673246322] [fibonacci_action_server]: Feedback: array('i', [0, 1, 1, 2, 3])
[INFO] [1733794420.924631497] [fibonacci_action_server]: Feedback: array('i', [0, 1, 1, 2, 3, 5])
[INFO] [1733794421.175559083] [fibonacci_action_server]: Feedback: array('i', [0, 1, 1, 2, 3, 5, 8])
[INFO] [1733794421.426916557] [fibonacci_action_server]: Feedback: array('i', [0, 1, 1, 2, 3, 5, 8, 13])
[INFO] [1733794421.677781549] [fibonacci_action_server]: Feedback: array('i', [0, 1, 1, 2, 3, 5, 8, 13, 21])
[INFO] [1733794421.929087229] [fibonacci_action_server]: Feedback: array('i', [0, 1, 1, 2, 3, 5, 8, 13, 21, 34])
[INFO] [1733794422.180034245] [fibonacci_action_server]: Feedback: array('i', [0, 1, 1, 2, 3, 5, 8, 13, 21, 34, 55])
[INFO] [1733794422.685453603] [fibonacci_action_server]: Executing goal...
[INFO] [1733794422.685827103] [fibonacci_action_server]: Feedback: array('i', [0, 1, 1])
[INFO] [1733794422.936930015] [fibonacci_action_server]: Feedback: array('i', [0, 1, 1, 2])
[INFO] [1733794423.188057627] [fibonacci_action_server]: Feedback: array('i', [0, 1, 1, 2, 3])
[INFO] [1733794423.439163764] [fibonacci_action_server]: Feedback: array('i', [0, 1, 1, 2, 3, 5])
[INFO] [1733794423.690087932] [fibonacci_action_server]: Feedback: array('i', [0, 1, 1, 2, 3, 5, 8])
[INFO] [1733794423.941155207] [fibonacci_action_server]: Feedback: array('i', [0, 1, 1, 2, 3, 5, 8, 13])
[INFO] [1733794424.192433594] [fibonacci_action_server]: Feedback: array('i', [0, 1, 1, 2, 3, 5, 8, 13, 21])
[INFO] [1733794424.443510909] [fibonacci_action_server]: Feedback: array('i', [0, 1, 1, 2, 3, 5, 8, 13, 21, 34])
[INFO] [1733794424.694694384] [fibonacci_action_server]: Feedback: array('i', [0, 1, 1, 2, 3, 5, 8, 13, 21, 34, 55])
[INFO] [1733794425.199826468] [fibonacci_action_server]: Executing goal...
[INFO] [1733794425.200196549] [fibonacci_action_server]: Feedback: array('i', [0, 1, 1])
[INFO] [1733794425.451239090] [fibonacci_action_server]: Feedback: array('i', [0, 1, 1, 2])
[INFO] [1733794425.702339830] [fibonacci_action_server]: Feedback: array('i', [0, 1, 1, 2, 3])
[INFO] [1733794425.953703651] [fibonacci_action_server]: Feedback: array('i', [0, 1, 1, 2, 3, 5])
[INFO] [1733794426.205030811] [fibonacci_action_server]: Feedback: array('i', [0, 1, 1, 2, 3, 5, 8])
[INFO] [1733794426.456254648] [fibonacci_action_server]: Feedback: array('i', [0, 1, 1, 2, 3, 5, 8, 13])
[INFO] [1733794426.707342165] [fibonacci_action_server]: Feedback: array('i', [0, 1, 1, 2, 3, 5, 8, 13, 21])
[INFO] [1733794426.958439944] [fibonacci_action_server]: Feedback: array('i', [0, 1, 1, 2, 3, 5, 8, 13, 21, 34])
[INFO] [1733794427.209868292] [fibonacci_action_server]: Feedback: array('i', [0, 1, 1, 2, 3, 5, 8, 13, 21, 34, 55])
[INFO] [1733794427.715309898] [fibonacci_action_server]: Executing goal...
[INFO] [1733794427.715691966] [fibonacci_action_server]: Feedback: array('i', [0, 1, 1])
[INFO] [1733794427.966492331] [fibonacci_action_server]: Feedback: array('i', [0, 1, 1, 2])
[INFO] [1733794428.217784722] [fibonacci_action_server]: Feedback: array('i', [0, 1, 1, 2, 3])
[INFO] [1733794428.468684802] [fibonacci_action_server]: Feedback: array('i', [0, 1, 1, 2, 3, 5])
[INFO] [1733794428.719877396] [fibonacci_action_server]: Feedback: array('i', [0, 1, 1, 2, 3, 5, 8])
[INFO] [1733794428.970999900] [fibonacci_action_server]: Feedback: array('i', [0, 1, 1, 2, 3, 5, 8, 13])
[INFO] [1733794429.222148876] [fibonacci_action_server]: Feedback: array('i', [0, 1, 1, 2, 3, 5, 8, 13, 21])
[INFO] [1733794429.473176551] [fibonacci_action_server]: Feedback: array('i', [0, 1, 1, 2, 3, 5, 8, 13, 21, 34])
[INFO] [1733794429.724402231] [fibonacci_action_server]: Feedback: array('i', [0, 1, 1, 2, 3, 5, 8, 13, 21, 34, 55])
[INFO] [1733794430.229813937] [fibonacci_action_server]: Executing goal...
[INFO] [1733794430.230250916] [fibonacci_action_server]: Feedback: array('i', [0, 1, 1])
[INFO] [1733794430.481426943] [fibonacci_action_server]: Feedback: array('i', [0, 1, 1, 2])
[INFO] [1733794430.732694888] [fibonacci_action_server]: Feedback: array('i', [0, 1, 1, 2, 3])
[INFO] [1733794430.983899414] [fibonacci_action_server]: Feedback: array('i', [0, 1, 1, 2, 3, 5])
[INFO] [1733794431.235084944] [fibonacci_action_server]: Feedback: array('i', [0, 1, 1, 2, 3, 5, 8])
[INFO] [1733794431.486149663] [fibonacci_action_server]: Feedback: array('i', [0, 1, 1, 2, 3, 5, 8, 13])
[INFO] [1733794431.737567682] [fibonacci_action_server]: Feedback: array('i', [0, 1, 1, 2, 3, 5, 8, 13, 21])
[INFO] [1733794431.988812216] [fibonacci_action_server]: Feedback: array('i', [0, 1, 1, 2, 3, 5, 8, 13, 21, 34])
[INFO] [1733794432.240033350] [fibonacci_action_server]: Feedback: array('i', [0, 1, 1, 2, 3, 5, 8, 13, 21, 34, 55])
[INFO] [1733794432.745043301] [fibonacci_action_server]: Executing goal...
[INFO] [1733794432.745445058] [fibonacci_action_server]: Feedback: array('i', [0, 1, 1])
[INFO] [1733794432.996450299] [fibonacci_action_server]: Feedback: array('i', [0, 1, 1, 2])
[INFO] [1733794433.247681694] [fibonacci_action_server]: Feedback: array('i', [0, 1, 1, 2, 3])
[INFO] [1733794433.498711480] [fibonacci_action_server]: Feedback: array('i', [0, 1, 1, 2, 3, 5])
[INFO] [1733794433.750022167] [fibonacci_action_server]: Feedback: array('i', [0, 1, 1, 2, 3, 5, 8])
[INFO] [1733794434.001466062] [fibonacci_action_server]: Feedback: array('i', [0, 1, 1, 2, 3, 5, 8, 13])
[INFO] [1733794434.252434293] [fibonacci_action_server]: Feedback: array('i', [0, 1, 1, 2, 3, 5, 8, 13, 21])
[INFO] [1733794434.503681945] [fibonacci_action_server]: Feedback: array('i', [0, 1, 1, 2, 3, 5, 8, 13, 21, 34])
[INFO] [1733794434.754612779] [fibonacci_action_server]: Feedback: array('i', [0, 1, 1, 2, 3, 5, 8, 13, 21, 34, 55])
[INFO] [1733794435.259350876] [fibonacci_action_server]: Executing goal...
[INFO] [1733794435.259730632] [fibonacci_action_server]: Feedback: array('i', [0, 1, 1])
[INFO] [1733794435.510772997] [fibonacci_action_server]: Feedback: array('i', [0, 1, 1, 2])
[INFO] [1733794435.761917259] [fibonacci_action_server]: Feedback: array('i', [0, 1, 1, 2, 3])
[INFO] [1733794436.013182026] [fibonacci_action_server]: Feedback: array('i', [0, 1, 1, 2, 3, 5])
[INFO] [1733794436.264813282] [fibonacci_action_server]: Feedback: array('i', [0, 1, 1, 2, 3, 5, 8])
[INFO] [1733794436.516152848] [fibonacci_action_server]: Feedback: array('i', [0, 1, 1, 2, 3, 5, 8, 13])
[INFO] [1733794436.767339374] [fibonacci_action_server]: Feedback: array('i', [0, 1, 1, 2, 3, 5, 8, 13, 21])
[INFO] [1733794437.018445303] [fibonacci_action_server]: Feedback: array('i', [0, 1, 1, 2, 3, 5, 8, 13, 21, 34])
[INFO] [1733794437.269746053] [fibonacci_action_server]: Feedback: array('i', [0, 1, 1, 2, 3, 5, 8, 13, 21, 34, 55])
[INFO] [1733794437.775336492] [fibonacci_action_server]: Executing goal...
[INFO] [1733794437.775736715] [fibonacci_action_server]: Feedback: array('i', [0, 1, 1])
[INFO] [1733794438.026575214] [fibonacci_action_server]: Feedback: array('i', [0, 1, 1, 2])
[INFO] [1733794438.277861264] [fibonacci_action_server]: Feedback: array('i', [0, 1, 1, 2, 3])
[INFO] [1733794438.529347666] [fibonacci_action_server]: Feedback: array('i', [0, 1, 1, 2, 3, 5])
[INFO] [1733794438.780587060] [fibonacci_action_server]: Feedback: array('i', [0, 1, 1, 2, 3, 5, 8])
[INFO] [1733794439.031506109] [fibonacci_action_server]: Feedback: array('i', [0, 1, 1, 2, 3, 5, 8, 13])
[INFO] [1733794439.282645252] [fibonacci_action_server]: Feedback: array('i', [0, 1, 1, 2, 3, 5, 8, 13, 21])
[INFO] [1733794439.533940717] [fibonacci_action_server]: Feedback: array('i', [0, 1, 1, 2, 3, 5, 8, 13, 21, 34])
[INFO] [1733794439.785254668] [fibonacci_action_server]: Feedback: array('i', [0, 1, 1, 2, 3, 5, 8, 13, 21, 34, 55])
[INFO] [1733794440.290891200] [fibonacci_action_server]: Executing goal...
[INFO] [1733794440.291325700] [fibonacci_action_server]: Feedback: array('i', [0, 1, 1])
[INFO] [1733794440.542107075] [fibonacci_action_server]: Feedback: array('i', [0, 1, 1, 2])
[INFO] [1733794440.793096091] [fibonacci_action_server]: Feedback: array('i', [0, 1, 1, 2, 3])
[INFO] [1733794441.044315064] [fibonacci_action_server]: Feedback: array('i', [0, 1, 1, 2, 3, 5])
[INFO] [1733794441.295695922] [fibonacci_action_server]: Feedback: array('i', [0, 1, 1, 2, 3, 5, 8])
[INFO] [1733794441.546615158] [fibonacci_action_server]: Feedback: array('i', [0, 1, 1, 2, 3, 5, 8, 13])
[INFO] [1733794441.797905085] [fibonacci_action_server]: Feedback: array('i', [0, 1, 1, 2, 3, 5, 8, 13, 21])
[INFO] [1733794442.048811916] [fibonacci_action_server]: Feedback: array('i', [0, 1, 1, 2, 3, 5, 8, 13, 21, 34])
[INFO] [1733794442.300159467] [fibonacci_action_server]: Feedback: array('i', [0, 1, 1, 2, 3, 5, 8, 13, 21, 34, 55])
[INFO] [1733794442.805269548] [fibonacci_action_server]: Executing goal...
[INFO] [1733794442.805652502] [fibonacci_action_server]: Feedback: array('i', [0, 1, 1])
[INFO] [1733794443.056657014] [fibonacci_action_server]: Feedback: array('i', [0, 1, 1, 2])
[INFO] [1733794443.307883696] [fibonacci_action_server]: Feedback: array('i', [0, 1, 1, 2, 3])
[INFO] [1733794443.559190903] [fibonacci_action_server]: Feedback: array('i', [0, 1, 1, 2, 3, 5])
[INFO] [1733794443.810171005] [fibonacci_action_server]: Feedback: array('i', [0, 1, 1, 2, 3, 5, 8])
[INFO] [1733794444.061592632] [fibonacci_action_server]: Feedback: array('i', [0, 1, 1, 2, 3, 5, 8, 13])
[INFO] [1733794444.312829865] [fibonacci_action_server]: Feedback: array('i', [0, 1, 1, 2, 3, 5, 8, 13, 21])
[INFO] [1733794444.564231033] [fibonacci_action_server]: Feedback: array('i', [0, 1, 1, 2, 3, 5, 8, 13, 21, 34])
[INFO] [1733794444.815295374] [fibonacci_action_server]: Feedback: array('i', [0, 1, 1, 2, 3, 5, 8, 13, 21, 34, 55])
[INFO] [1733794445.319892129] [fibonacci_action_server]: Executing goal...
[INFO] [1733794445.320272503] [fibonacci_action_server]: Feedback: array('i', [0, 1, 1])
[INFO] [1733794445.571346677] [fibonacci_action_server]: Feedback: array('i', [0, 1, 1, 2])
[INFO] [1733794445.822712080] [fibonacci_action_server]: Feedback: array('i', [0, 1, 1, 2, 3])
[INFO] [1733794446.074083514] [fibonacci_action_server]: Feedback: array('i', [0, 1, 1, 2, 3, 5])
[INFO] [1733794446.325405041] [fibonacci_action_server]: Feedback: array('i', [0, 1, 1, 2, 3, 5, 8])
[INFO] [1733794446.576601441] [fibonacci_action_server]: Feedback: array('i', [0, 1, 1, 2, 3, 5, 8, 13])
[INFO] [1733794446.827664372] [fibonacci_action_server]: Feedback: array('i', [0, 1, 1, 2, 3, 5, 8, 13, 21])
[INFO] [1733794447.078658211] [fibonacci_action_server]: Feedback: array('i', [0, 1, 1, 2, 3, 5, 8, 13, 21, 34])
[INFO] [1733794447.330004601] [fibonacci_action_server]: Feedback: array('i', [0, 1, 1, 2, 3, 5, 8, 13, 21, 34, 55])
[INFO] [1733794447.835537870] [fibonacci_action_server]: Executing goal...
[INFO] [1733794447.835925803] [fibonacci_action_server]: Feedback: array('i', [0, 1, 1])
[INFO] [1733794448.087241397] [fibonacci_action_server]: Feedback: array('i', [0, 1, 1, 2])
[INFO] [1733794448.338214023] [fibonacci_action_server]: Feedback: array('i', [0, 1, 1, 2, 3])
[INFO] [1733794448.589598519] [fibonacci_action_server]: Feedback: array('i', [0, 1, 1, 2, 3, 5])
[INFO] [1733794448.840529766] [fibonacci_action_server]: Feedback: array('i', [0, 1, 1, 2, 3, 5, 8])
[INFO] [1733794449.091856133] [fibonacci_action_server]: Feedback: array('i', [0, 1, 1, 2, 3, 5, 8, 13])
[INFO] [1733794449.342738120] [fibonacci_action_server]: Feedback: array('i', [0, 1, 1, 2, 3, 5, 8, 13, 21])
[INFO] [1733794449.594009991] [fibonacci_action_server]: Feedback: array('i', [0, 1, 1, 2, 3, 5, 8, 13, 21, 34])
[INFO] [1733794449.844952307] [fibonacci_action_server]: Feedback: array('i', [0, 1, 1, 2, 3, 5, 8, 13, 21, 34, 55])
[INFO] [1733794450.350461793] [fibonacci_action_server]: Executing goal...
[INFO] [1733794450.350819897] [fibonacci_action_server]: Feedback: array('i', [0, 1, 1])
[INFO] [1733794450.602005299] [fibonacci_action_server]: Feedback: array('i', [0, 1, 1, 2])
[INFO] [1733794450.852995309] [fibonacci_action_server]: Feedback: array('i', [0, 1, 1, 2, 3])
[INFO] [1733794451.104193117] [fibonacci_action_server]: Feedback: array('i', [0, 1, 1, 2, 3, 5])
[INFO] [1733794451.355486281] [fibonacci_action_server]: Feedback: array('i', [0, 1, 1, 2, 3, 5, 8])
[INFO] [1733794451.606569966] [fibonacci_action_server]: Feedback: array('i', [0, 1, 1, 2, 3, 5, 8, 13])
[INFO] [1733794451.857874003] [fibonacci_action_server]: Feedback: array('i', [0, 1, 1, 2, 3, 5, 8, 13, 21])
[INFO] [1733794452.108852253] [fibonacci_action_server]: Feedback: array('i', [0, 1, 1, 2, 3, 5, 8, 13, 21, 34])
[INFO] [1733794452.360070310] [fibonacci_action_server]: Feedback: array('i', [0, 1, 1, 2, 3, 5, 8, 13, 21, 34, 55])
[INFO] [1733794452.865601580] [fibonacci_action_server]: Executing goal...
[INFO] [1733794452.866158968] [fibonacci_action_server]: Feedback: array('i', [0, 1, 1])
[INFO] [1733794453.117441312] [fibonacci_action_server]: Feedback: array('i', [0, 1, 1, 2])
[INFO] [1733794453.368562101] [fibonacci_action_server]: Feedback: array('i', [0, 1, 1, 2, 3])
[INFO] [1733794453.619987118] [fibonacci_action_server]: Feedback: array('i', [0, 1, 1, 2, 3, 5])
[INFO] [1733794453.871090307] [fibonacci_action_server]: Feedback: array('i', [0, 1, 1, 2, 3, 5, 8])
[INFO] [1733794454.122160352] [fibonacci_action_server]: Feedback: array('i', [0, 1, 1, 2, 3, 5, 8, 13])
[INFO] [1733794454.373116295] [fibonacci_action_server]: Feedback: array('i', [0, 1, 1, 2, 3, 5, 8, 13, 21])
[INFO] [1733794454.624226359] [fibonacci_action_server]: Feedback: array('i', [0, 1, 1, 2, 3, 5, 8, 13, 21, 34])
[INFO] [1733794454.875734556] [fibonacci_action_server]: Feedback: array('i', [0, 1, 1, 2, 3, 5, 8, 13, 21, 34, 55])
[INFO] [1733794455.380988567] [fibonacci_action_server]: Executing goal...
[INFO] [1733794455.381418057] [fibonacci_action_server]: Feedback: array('i', [0, 1, 1])
[INFO] [1733794455.632408973] [fibonacci_action_server]: Feedback: array('i', [0, 1, 1, 2])
[INFO] [1733794455.883629834] [fibonacci_action_server]: Feedback: array('i', [0, 1, 1, 2, 3])
[INFO] [1733794456.134574681] [fibonacci_action_server]: Feedback: array('i', [0, 1, 1, 2, 3, 5])
[INFO] [1733794456.385854928] [fibonacci_action_server]: Feedback: array('i', [0, 1, 1, 2, 3, 5, 8])
[INFO] [1733794456.636749885] [fibonacci_action_server]: Feedback: array('i', [0, 1, 1, 2, 3, 5, 8, 13])
[INFO] [1733794456.887918519] [fibonacci_action_server]: Feedback: array('i', [0, 1, 1, 2, 3, 5, 8, 13, 21])
[INFO] [1733794457.138925989] [fibonacci_action_server]: Feedback: array('i', [0, 1, 1, 2, 3, 5, 8, 13, 21, 34])
[INFO] [1733794457.390166732] [fibonacci_action_server]: Feedback: array('i', [0, 1, 1, 2, 3, 5, 8, 13, 21, 34, 55])
[INFO] [1733794457.895758204] [fibonacci_action_server]: Executing goal...
[INFO] [1733794457.896147680] [fibonacci_action_server]: Feedback: array('i', [0, 1, 1])
[INFO] [1733794458.147269994] [fibonacci_action_server]: Feedback: array('i', [0, 1, 1, 2])
[INFO] [1733794458.398196043] [fibonacci_action_server]: Feedback: array('i', [0, 1, 1, 2, 3])
[INFO] [1733794458.649622395] [fibonacci_action_server]: Feedback: array('i', [0, 1, 1, 2, 3, 5])
[INFO] [1733794458.900528504] [fibonacci_action_server]: Feedback: array('i', [0, 1, 1, 2, 3, 5, 8])
[INFO] [1733794459.151700320] [fibonacci_action_server]: Feedback: array('i', [0, 1, 1, 2, 3, 5, 8, 13])
[INFO] [1733794459.402962763] [fibonacci_action_server]: Feedback: array('i', [0, 1, 1, 2, 3, 5, 8, 13, 21])
[INFO] [1733794459.654161798] [fibonacci_action_server]: Feedback: array('i', [0, 1, 1, 2, 3, 5, 8, 13, 21, 34])
[INFO] [1733794459.905634069] [fibonacci_action_server]: Feedback: array('i', [0, 1, 1, 2, 3, 5, 8, 13, 21, 34, 55])
[INFO] [1733794460.411251138] [fibonacci_action_server]: Executing goal...
[INFO] [1733794460.411625208] [fibonacci_action_server]: Feedback: array('i', [0, 1, 1])
[INFO] [1733794460.662563396] [fibonacci_action_server]: Feedback: array('i', [0, 1, 1, 2])
[INFO] [1733794460.913950624] [fibonacci_action_server]: Feedback: array('i', [0, 1, 1, 2, 3])
[INFO] [1733794461.165197952] [fibonacci_action_server]: Feedback: array('i', [0, 1, 1, 2, 3, 5])
[INFO] [1733794461.416521840] [fibonacci_action_server]: Feedback: array('i', [0, 1, 1, 2, 3, 5, 8])
[INFO] [1733794461.667473564] [fibonacci_action_server]: Feedback: array('i', [0, 1, 1, 2, 3, 5, 8, 13])
[INFO] [1733794461.918499186] [fibonacci_action_server]: Feedback: array('i', [0, 1, 1, 2, 3, 5, 8, 13, 21])
[INFO] [1733794462.169829548] [fibonacci_action_server]: Feedback: array('i', [0, 1, 1, 2, 3, 5, 8, 13, 21, 34])
[INFO] [1733794462.420768233] [fibonacci_action_server]: Feedback: array('i', [0, 1, 1, 2, 3, 5, 8, 13, 21, 34, 55])
[INFO] [1733794462.926007973] [fibonacci_action_server]: Executing goal...
[INFO] [1733794462.926386932] [fibonacci_action_server]: Feedback: array('i', [0, 1, 1])
[INFO] [1733794463.177569531] [fibonacci_action_server]: Feedback: array('i', [0, 1, 1, 2])
[INFO] [1733794463.428542313] [fibonacci_action_server]: Feedback: array('i', [0, 1, 1, 2, 3])
[INFO] [1733794463.679883785] [fibonacci_action_server]: Feedback: array('i', [0, 1, 1, 2, 3, 5])
[INFO] [1733794463.930867310] [fibonacci_action_server]: Feedback: array('i', [0, 1, 1, 2, 3, 5, 8])
[INFO] [1733794464.182021865] [fibonacci_action_server]: Feedback: array('i', [0, 1, 1, 2, 3, 5, 8, 13])
[INFO] [1733794464.433356495] [fibonacci_action_server]: Feedback: array('i', [0, 1, 1, 2, 3, 5, 8, 13, 21])
[INFO] [1733794464.684575804] [fibonacci_action_server]: Feedback: array('i', [0, 1, 1, 2, 3, 5, 8, 13, 21, 34])
[INFO] [1733794464.935973780] [fibonacci_action_server]: Feedback: array('i', [0, 1, 1, 2, 3, 5, 8, 13, 21, 34, 55])
[INFO] [1733794465.441282966] [fibonacci_action_server]: Executing goal...
[INFO] [1733794465.441683011] [fibonacci_action_server]: Feedback: array('i', [0, 1, 1])
[INFO] [1733794465.692562880] [fibonacci_action_server]: Feedback: array('i', [0, 1, 1, 2])
[INFO] [1733794465.943597144] [fibonacci_action_server]: Feedback: array('i', [0, 1, 1, 2, 3])
[INFO] [1733794466.194566846] [fibonacci_action_server]: Feedback: array('i', [0, 1, 1, 2, 3, 5])
[INFO] [1733794466.445859185] [fibonacci_action_server]: Feedback: array('i', [0, 1, 1, 2, 3, 5, 8])
[INFO] [1733794466.697088938] [fibonacci_action_server]: Feedback: array('i', [0, 1, 1, 2, 3, 5, 8, 13])
[INFO] [1733794466.948326487] [fibonacci_action_server]: Feedback: array('i', [0, 1, 1, 2, 3, 5, 8, 13, 21])
[INFO] [1733794467.199507724] [fibonacci_action_server]: Feedback: array('i', [0, 1, 1, 2, 3, 5, 8, 13, 21, 34])
[INFO] [1733794467.450615033] [fibonacci_action_server]: Feedback: array('i', [0, 1, 1, 2, 3, 5, 8, 13, 21, 34, 55])
[INFO] [1733794467.955858308] [fibonacci_action_server]: Executing goal...
[INFO] [1733794467.956228619] [fibonacci_action_server]: Feedback: array('i', [0, 1, 1])
[INFO] [1733794468.207119740] [fibonacci_action_server]: Feedback: array('i', [0, 1, 1, 2])
[INFO] [1733794468.458183283] [fibonacci_action_server]: Feedback: array('i', [0, 1, 1, 2, 3])
[INFO] [1733794468.709545687] [fibonacci_action_server]: Feedback: array('i', [0, 1, 1, 2, 3, 5])
[INFO] [1733794468.960697614] [fibonacci_action_server]: Feedback: array('i', [0, 1, 1, 2, 3, 5, 8])
[INFO] [1733794469.211748398] [fibonacci_action_server]: Feedback: array('i', [0, 1, 1, 2, 3, 5, 8, 13])
[INFO] [1733794469.463176458] [fibonacci_action_server]: Feedback: array('i', [0, 1, 1, 2, 3, 5, 8, 13, 21])
[INFO] [1733794469.714092270] [fibonacci_action_server]: Feedback: array('i', [0, 1, 1, 2, 3, 5, 8, 13, 21, 34])
[INFO] [1733794469.965387209] [fibonacci_action_server]: Feedback: array('i', [0, 1, 1, 2, 3, 5, 8, 13, 21, 34, 55])
[INFO] [1733794470.470667571] [fibonacci_action_server]: Executing goal...
[INFO] [1733794470.471051219] [fibonacci_action_server]: Feedback: array('i', [0, 1, 1])
[INFO] [1733794470.721779144] [fibonacci_action_server]: Feedback: array('i', [0, 1, 1, 2])
[INFO] [1733794470.973081321] [fibonacci_action_server]: Feedback: array('i', [0, 1, 1, 2, 3])
[INFO] [1733794471.224214145] [fibonacci_action_server]: Feedback: array('i', [0, 1, 1, 2, 3, 5])
[INFO] [1733794471.475464530] [fibonacci_action_server]: Feedback: array('i', [0, 1, 1, 2, 3, 5, 8])
[INFO] [1733794471.726793524] [fibonacci_action_server]: Feedback: array('i', [0, 1, 1, 2, 3, 5, 8, 13])
[INFO] [1733794471.978138254] [fibonacci_action_server]: Feedback: array('i', [0, 1, 1, 2, 3, 5, 8, 13, 21])
[INFO] [1733794472.229547789] [fibonacci_action_server]: Feedback: array('i', [0, 1, 1, 2, 3, 5, 8, 13, 21, 34])
[INFO] [1733794472.480757823] [fibonacci_action_server]: Feedback: array('i', [0, 1, 1, 2, 3, 5, 8, 13, 21, 34, 55])
[INFO] [1733794472.985976306] [fibonacci_action_server]: Executing goal...
[INFO] [1733794472.986377053] [fibonacci_action_server]: Feedback: array('i', [0, 1, 1])
[INFO] [1733794473.237586274] [fibonacci_action_server]: Feedback: array('i', [0, 1, 1, 2])
[INFO] [1733794473.488813444] [fibonacci_action_server]: Feedback: array('i', [0, 1, 1, 2, 3])
[INFO] [1733794473.740040345] [fibonacci_action_server]: Feedback: array('i', [0, 1, 1, 2, 3, 5])
[INFO] [1733794473.991193220] [fibonacci_action_server]: Feedback: array('i', [0, 1, 1, 2, 3, 5, 8])
[INFO] [1733794474.242178345] [fibonacci_action_server]: Feedback: array('i', [0, 1, 1, 2, 3, 5, 8, 13])
[INFO] [1733794474.493484590] [fibonacci_action_server]: Feedback: array('i', [0, 1, 1, 2, 3, 5, 8, 13, 21])
[INFO] [1733794474.744777388] [fibonacci_action_server]: Feedback: array('i', [0, 1, 1, 2, 3, 5, 8, 13, 21, 34])
[INFO] [1733794474.995977449] [fibonacci_action_server]: Feedback: array('i', [0, 1, 1, 2, 3, 5, 8, 13, 21, 34, 55])
[INFO] [1733794475.500926774] [fibonacci_action_server]: Executing goal...
[INFO] [1733794475.501363592] [fibonacci_action_server]: Feedback: array('i', [0, 1, 1])
[INFO] [1733794475.752235337] [fibonacci_action_server]: Feedback: array('i', [0, 1, 1, 2])
[INFO] [1733794476.003116128] [fibonacci_action_server]: Feedback: array('i', [0, 1, 1, 2, 3])
[INFO] [1733794476.254498748] [fibonacci_action_server]: Feedback: array('i', [0, 1, 1, 2, 3, 5])
[INFO] [1733794476.505484421] [fibonacci_action_server]: Feedback: array('i', [0, 1, 1, 2, 3, 5, 8])
[INFO] [1733794476.756834762] [fibonacci_action_server]: Feedback: array('i', [0, 1, 1, 2, 3, 5, 8, 13])
[INFO] [1733794477.007745870] [fibonacci_action_server]: Feedback: array('i', [0, 1, 1, 2, 3, 5, 8, 13, 21])
[INFO] [1733794477.258658143] [fibonacci_action_server]: Feedback: array('i', [0, 1, 1, 2, 3, 5, 8, 13, 21, 34])
[INFO] [1733794477.509661748] [fibonacci_action_server]: Feedback: array('i', [0, 1, 1, 2, 3, 5, 8, 13, 21, 34, 55])
[INFO] [1733794478.015413767] [fibonacci_action_server]: Executing goal...
[INFO] [1733794478.016065753] [fibonacci_action_server]: Feedback: array('i', [0, 1, 1])
[INFO] [1733794478.267064732] [fibonacci_action_server]: Feedback: array('i', [0, 1, 1, 2])
[INFO] [1733794478.518335245] [fibonacci_action_server]: Feedback: array('i', [0, 1, 1, 2, 3])
[INFO] [1733794478.769438458] [fibonacci_action_server]: Feedback: array('i', [0, 1, 1, 2, 3, 5])
[INFO] [1733794479.020749900] [fibonacci_action_server]: Feedback: array('i', [0, 1, 1, 2, 3, 5, 8])
[INFO] [1733794479.272012037] [fibonacci_action_server]: Feedback: array('i', [0, 1, 1, 2, 3, 5, 8, 13])
[INFO] [1733794479.523047578] [fibonacci_action_server]: Feedback: array('i', [0, 1, 1, 2, 3, 5, 8, 13, 21])
[INFO] [1733794479.773904978] [fibonacci_action_server]: Feedback: array('i', [0, 1, 1, 2, 3, 5, 8, 13, 21, 34])
[INFO] [1733794480.024984837] [fibonacci_action_server]: Feedback: array('i', [0, 1, 1, 2, 3, 5, 8, 13, 21, 34, 55])
[INFO] [1733794480.530656226] [fibonacci_action_server]: Executing goal...
[INFO] [1733794480.531042515] [fibonacci_action_server]: Feedback: array('i', [0, 1, 1])
[INFO] [1733794480.782096698] [fibonacci_action_server]: Feedback: array('i', [0, 1, 1, 2])
[INFO] [1733794481.033495213] [fibonacci_action_server]: Feedback: array('i', [0, 1, 1, 2, 3])
[INFO] [1733794481.284743106] [fibonacci_action_server]: Feedback: array('i', [0, 1, 1, 2, 3, 5])
[INFO] [1733794481.536016052] [fibonacci_action_server]: Feedback: array('i', [0, 1, 1, 2, 3, 5, 8])
[INFO] [1733794481.787093870] [fibonacci_action_server]: Feedback: array('i', [0, 1, 1, 2, 3, 5, 8, 13])
[INFO] [1733794482.038199562] [fibonacci_action_server]: Feedback: array('i', [0, 1, 1, 2, 3, 5, 8, 13, 21])
[INFO] [1733794482.289647140] [fibonacci_action_server]: Feedback: array('i', [0, 1, 1, 2, 3, 5, 8, 13, 21, 34])
[INFO] [1733794482.540628923] [fibonacci_action_server]: Feedback: array('i', [0, 1, 1, 2, 3, 5, 8, 13, 21, 34, 55])
[INFO] [1733794483.046415792] [fibonacci_action_server]: Executing goal...
[INFO] [1733794483.046926493] [fibonacci_action_server]: Feedback: array('i', [0, 1, 1])
[INFO] [1733794483.297764288] [fibonacci_action_server]: Feedback: array('i', [0, 1, 1, 2])
[INFO] [1733794483.548953913] [fibonacci_action_server]: Feedback: array('i', [0, 1, 1, 2, 3])
[INFO] [1733794483.799914967] [fibonacci_action_server]: Feedback: array('i', [0, 1, 1, 2, 3, 5])
[INFO] [1733794484.051238237] [fibonacci_action_server]: Feedback: array('i', [0, 1, 1, 2, 3, 5, 8])
[INFO] [1733794484.302158281] [fibonacci_action_server]: Feedback: array('i', [0, 1, 1, 2, 3, 5, 8, 13])
[INFO] [1733794484.553428930] [fibonacci_action_server]: Feedback: array('i', [0, 1, 1, 2, 3, 5, 8, 13, 21])
[INFO] [1733794484.804453713] [fibonacci_action_server]: Feedback: array('i', [0, 1, 1, 2, 3, 5, 8, 13, 21, 34])
[INFO] [1733794485.055619621] [fibonacci_action_server]: Feedback: array('i', [0, 1, 1, 2, 3, 5, 8, 13, 21, 34, 55])
[INFO] [1733794485.561097324] [fibonacci_action_server]: Executing goal...
[INFO] [1733794485.561483090] [fibonacci_action_server]: Feedback: array('i', [0, 1, 1])
[INFO] [1733794485.812698695] [fibonacci_action_server]: Feedback: array('i', [0, 1, 1, 2])
[INFO] [1733794486.063905599] [fibonacci_action_server]: Feedback: array('i', [0, 1, 1, 2, 3])
[INFO] [1733794486.315330564] [fibonacci_action_server]: Feedback: array('i', [0, 1, 1, 2, 3, 5])
[INFO] [1733794486.566140480] [fibonacci_action_server]: Feedback: array('i', [0, 1, 1, 2, 3, 5, 8])
[INFO] [1733794486.817428224] [fibonacci_action_server]: Feedback: array('i', [0, 1, 1, 2, 3, 5, 8, 13])
[INFO] [1733794487.068455342] [fibonacci_action_server]: Feedback: array('i', [0, 1, 1, 2, 3, 5, 8, 13, 21])
[INFO] [1733794487.319669600] [fibonacci_action_server]: Feedback: array('i', [0, 1, 1, 2, 3, 5, 8, 13, 21, 34])
[INFO] [1733794487.571049190] [fibonacci_action_server]: Feedback: array('i', [0, 1, 1, 2, 3, 5, 8, 13, 21, 34, 55])
[INFO] [1733794488.076565096] [fibonacci_action_server]: Executing goal...
[INFO] [1733794488.076937190] [fibonacci_action_server]: Feedback: array('i', [0, 1, 1])
[INFO] [1733794488.327926302] [fibonacci_action_server]: Feedback: array('i', [0, 1, 1, 2])
[INFO] [1733794488.579245265] [fibonacci_action_server]: Feedback: array('i', [0, 1, 1, 2, 3])
[INFO] [1733794488.830228929] [fibonacci_action_server]: Feedback: array('i', [0, 1, 1, 2, 3, 5])
[INFO] [1733794489.081688372] [fibonacci_action_server]: Feedback: array('i', [0, 1, 1, 2, 3, 5, 8])
[INFO] [1733794489.332636387] [fibonacci_action_server]: Feedback: array('i', [0, 1, 1, 2, 3, 5, 8, 13])
[INFO] [1733794489.583690181] [fibonacci_action_server]: Feedback: array('i', [0, 1, 1, 2, 3, 5, 8, 13, 21])
[INFO] [1733794489.834612961] [fibonacci_action_server]: Feedback: array('i', [0, 1, 1, 2, 3, 5, 8, 13, 21, 34])
[INFO] [1733794490.085675918] [fibonacci_action_server]: Feedback: array('i', [0, 1, 1, 2, 3, 5, 8, 13, 21, 34, 55])
[INFO] [1733794490.591355612] [fibonacci_action_server]: Executing goal...
[INFO] [1733794490.591852175] [fibonacci_action_server]: Feedback: array('i', [0, 1, 1])
[INFO] [1733794490.842901938] [fibonacci_action_server]: Feedback: array('i', [0, 1, 1, 2])
[INFO] [1733794491.093839324] [fibonacci_action_server]: Feedback: array('i', [0, 1, 1, 2, 3])
[INFO] [1733794491.345161463] [fibonacci_action_server]: Feedback: array('i', [0, 1, 1, 2, 3, 5])
[INFO] [1733794491.596136258] [fibonacci_action_server]: Feedback: array('i', [0, 1, 1, 2, 3, 5, 8])
[INFO] [1733794491.847165816] [fibonacci_action_server]: Feedback: array('i', [0, 1, 1, 2, 3, 5, 8, 13])
[INFO] [1733794492.098223565] [fibonacci_action_server]: Feedback: array('i', [0, 1, 1, 2, 3, 5, 8, 13, 21])
[INFO] [1733794492.349653557] [fibonacci_action_server]: Feedback: array('i', [0, 1, 1, 2, 3, 5, 8, 13, 21, 34])
[INFO] [1733794492.600963504] [fibonacci_action_server]: Feedback: array('i', [0, 1, 1, 2, 3, 5, 8, 13, 21, 34, 55])
[INFO] [1733794493.106609703] [fibonacci_action_server]: Executing goal...
[INFO] [1733794493.107154422] [fibonacci_action_server]: Feedback: array('i', [0, 1, 1])
[INFO] [1733794493.358157736] [fibonacci_action_server]: Feedback: array('i', [0, 1, 1, 2])
[INFO] [1733794493.609537285] [fibonacci_action_server]: Feedback: array('i', [0, 1, 1, 2, 3])
[INFO] [1733794493.860781258] [fibonacci_action_server]: Feedback: array('i', [0, 1, 1, 2, 3, 5])
[INFO] [1733794494.112234262] [fibonacci_action_server]: Feedback: array('i', [0, 1, 1, 2, 3, 5, 8])
[INFO] [1733794494.363319490] [fibonacci_action_server]: Feedback: array('i', [0, 1, 1, 2, 3, 5, 8, 13])
[INFO] [1733794494.614219574] [fibonacci_action_server]: Feedback: array('i', [0, 1, 1, 2, 3, 5, 8, 13, 21])
[INFO] [1733794494.865584258] [fibonacci_action_server]: Feedback: array('i', [0, 1, 1, 2, 3, 5, 8, 13, 21, 34])
[INFO] [1733794495.116825773] [fibonacci_action_server]: Feedback: array('i', [0, 1, 1, 2, 3, 5, 8, 13, 21, 34, 55])
[INFO] [1733794495.622616846] [fibonacci_action_server]: Executing goal...
[INFO] [1733794495.623209752] [fibonacci_action_server]: Feedback: array('i', [0, 1, 1])
[INFO] [1733794495.873944952] [fibonacci_action_server]: Feedback: array('i', [0, 1, 1, 2])
[INFO] [1733794496.125199574] [fibonacci_action_server]: Feedback: array('i', [0, 1, 1, 2, 3])
[INFO] [1733794496.376464085] [fibonacci_action_server]: Feedback: array('i', [0, 1, 1, 2, 3, 5])
[INFO] [1733794496.627419261] [fibonacci_action_server]: Feedback: array('i', [0, 1, 1, 2, 3, 5, 8])
[INFO] [1733794496.878128600] [fibonacci_action_server]: Feedback: array('i', [0, 1, 1, 2, 3, 5, 8, 13])
[INFO] [1733794497.129614333] [fibonacci_action_server]: Feedback: array('i', [0, 1, 1, 2, 3, 5, 8, 13, 21])
[INFO] [1733794497.380535930] [fibonacci_action_server]: Feedback: array('i', [0, 1, 1, 2, 3, 5, 8, 13, 21, 34])
[INFO] [1733794497.631622977] [fibonacci_action_server]: Feedback: array('i', [0, 1, 1, 2, 3, 5, 8, 13, 21, 34, 55])
[INFO] [1733794498.137091500] [fibonacci_action_server]: Executing goal...
[INFO] [1733794498.137637928] [fibonacci_action_server]: Feedback: array('i', [0, 1, 1])
[INFO] [1733794498.388445703] [fibonacci_action_server]: Feedback: array('i', [0, 1, 1, 2])
[INFO] [1733794498.639692211] [fibonacci_action_server]: Feedback: array('i', [0, 1, 1, 2, 3])
[INFO] [1733794498.890709898] [fibonacci_action_server]: Feedback: array('i', [0, 1, 1, 2, 3, 5])
[INFO] [1733794499.141975431] [fibonacci_action_server]: Feedback: array('i', [0, 1, 1, 2, 3, 5, 8])
[INFO] [1733794499.393177097] [fibonacci_action_server]: Feedback: array('i', [0, 1, 1, 2, 3, 5, 8, 13])
[INFO] [1733794499.644499960] [fibonacci_action_server]: Feedback: array('i', [0, 1, 1, 2, 3, 5, 8, 13, 21])
[INFO] [1733794499.895889802] [fibonacci_action_server]: Feedback: array('i', [0, 1, 1, 2, 3, 5, 8, 13, 21, 34])
[INFO] [1733794500.146980589] [fibonacci_action_server]: Feedback: array('i', [0, 1, 1, 2, 3, 5, 8, 13, 21, 34, 55])
[INFO] [1733794500.652795368] [fibonacci_action_server]: Executing goal...
[INFO] [1733794500.653346486] [fibonacci_action_server]: Feedback: array('i', [0, 1, 1])
[INFO] [1733794500.904441156] [fibonacci_action_server]: Feedback: array('i', [0, 1, 1, 2])
[INFO] [1733794501.155459941] [fibonacci_action_server]: Feedback: array('i', [0, 1, 1, 2, 3])
[INFO] [1733794501.406517870] [fibonacci_action_server]: Feedback: array('i', [0, 1, 1, 2, 3, 5])
[INFO] [1733794501.657825904] [fibonacci_action_server]: Feedback: array('i', [0, 1, 1, 2, 3, 5, 8])
[INFO] [1733794501.909096035] [fibonacci_action_server]: Feedback: array('i', [0, 1, 1, 2, 3, 5, 8, 13])
[INFO] [1733794502.160560416] [fibonacci_action_server]: Feedback: array('i', [0, 1, 1, 2, 3, 5, 8, 13, 21])
[INFO] [1733794502.411924636] [fibonacci_action_server]: Feedback: array('i', [0, 1, 1, 2, 3, 5, 8, 13, 21, 34])
[INFO] [1733794502.663139703] [fibonacci_action_server]: Feedback: array('i', [0, 1, 1, 2, 3, 5, 8, 13, 21, 34, 55])
[INFO] [1733794503.168483415] [fibonacci_action_server]: Executing goal...
[INFO] [1733794503.169043437] [fibonacci_action_server]: Feedback: array('i', [0, 1, 1])
[INFO] [1733794503.419604417] [fibonacci_action_server]: Feedback: array('i', [0, 1, 1, 2])
[INFO] [1733794503.670661170] [fibonacci_action_server]: Feedback: array('i', [0, 1, 1, 2, 3])
[INFO] [1733794503.922015147] [fibonacci_action_server]: Feedback: array('i', [0, 1, 1, 2, 3, 5])
[INFO] [1733794504.173143518] [fibonacci_action_server]: Feedback: array('i', [0, 1, 1, 2, 3, 5, 8])
[INFO] [1733794504.424542013] [fibonacci_action_server]: Feedback: array('i', [0, 1, 1, 2, 3, 5, 8, 13])
[INFO] [1733794504.675571414] [fibonacci_action_server]: Feedback: array('i', [0, 1, 1, 2, 3, 5, 8, 13, 21])
[INFO] [1733794504.926773287] [fibonacci_action_server]: Feedback: array('i', [0, 1, 1, 2, 3, 5, 8, 13, 21, 34])
[INFO] [1733794505.177784490] [fibonacci_action_server]: Feedback: array('i', [0, 1, 1, 2, 3, 5, 8, 13, 21, 34, 55])
[INFO] [1733794505.683864399] [fibonacci_action_server]: Executing goal...
[INFO] [1733794505.684517190] [fibonacci_action_server]: Feedback: array('i', [0, 1, 1])
[INFO] [1733794505.935704277] [fibonacci_action_server]: Feedback: array('i', [0, 1, 1, 2])
[INFO] [1733794506.186924498] [fibonacci_action_server]: Feedback: array('i', [0, 1, 1, 2, 3])
[INFO] [1733794506.438123911] [fibonacci_action_server]: Feedback: array('i', [0, 1, 1, 2, 3, 5])
[INFO] [1733794506.689290620] [fibonacci_action_server]: Feedback: array('i', [0, 1, 1, 2, 3, 5, 8])
[INFO] [1733794506.940628768] [fibonacci_action_server]: Feedback: array('i', [0, 1, 1, 2, 3, 5, 8, 13])
[INFO] [1733794507.191835563] [fibonacci_action_server]: Feedback: array('i', [0, 1, 1, 2, 3, 5, 8, 13, 21])
[INFO] [1733794507.442861842] [fibonacci_action_server]: Feedback: array('i', [0, 1, 1, 2, 3, 5, 8, 13, 21, 34])
[INFO] [1733794507.694274071] [fibonacci_action_server]: Feedback: array('i', [0, 1, 1, 2, 3, 5, 8, 13, 21, 34, 55])
[INFO] [1733794508.200206339] [fibonacci_action_server]: Executing goal...
[INFO] [1733794508.200885667] [fibonacci_action_server]: Feedback: array('i', [0, 1, 1])
[INFO] [1733794508.451976519] [fibonacci_action_server]: Feedback: array('i', [0, 1, 1, 2])
[INFO] [1733794508.703051120] [fibonacci_action_server]: Feedback: array('i', [0, 1, 1, 2, 3])
[INFO] [1733794508.954134411] [fibonacci_action_server]: Feedback: array('i', [0, 1, 1, 2, 3, 5])
[INFO] [1733794509.205425485] [fibonacci_action_server]: Feedback: array('i', [0, 1, 1, 2, 3, 5, 8])
[INFO] [1733794509.456726401] [fibonacci_action_server]: Feedback: array('i', [0, 1, 1, 2, 3, 5, 8, 13])
[INFO] [1733794509.707908089] [fibonacci_action_server]: Feedback: array('i', [0, 1, 1, 2, 3, 5, 8, 13, 21])
[INFO] [1733794509.958947495] [fibonacci_action_server]: Feedback: array('i', [0, 1, 1, 2, 3, 5, 8, 13, 21, 34])
[INFO] [1733794510.209839924] [fibonacci_action_server]: Feedback: array('i', [0, 1, 1, 2, 3, 5, 8, 13, 21, 34, 55])
[INFO] [1733794510.716715582] [fibonacci_action_server]: Executing goal...
[INFO] [1733794510.717405990] [fibonacci_action_server]: Feedback: array('i', [0, 1, 1])
[INFO] [1733794510.968335727] [fibonacci_action_server]: Feedback: array('i', [0, 1, 1, 2])
[INFO] [1733794511.219670338] [fibonacci_action_server]: Feedback: array('i', [0, 1, 1, 2, 3])
[INFO] [1733794511.470631730] [fibonacci_action_server]: Feedback: array('i', [0, 1, 1, 2, 3, 5])
[INFO] [1733794511.721886315] [fibonacci_action_server]: Feedback: array('i', [0, 1, 1, 2, 3, 5, 8])
[INFO] [1733794511.972808554] [fibonacci_action_server]: Feedback: array('i', [0, 1, 1, 2, 3, 5, 8, 13])
[INFO] [1733794512.224185783] [fibonacci_action_server]: Feedback: array('i', [0, 1, 1, 2, 3, 5, 8, 13, 21])
[INFO] [1733794512.475131464] [fibonacci_action_server]: Feedback: array('i', [0, 1, 1, 2, 3, 5, 8, 13, 21, 34])
[INFO] [1733794512.726498539] [fibonacci_action_server]: Feedback: array('i', [0, 1, 1, 2, 3, 5, 8, 13, 21, 34, 55])
[INFO] [1733794513.231725655] [fibonacci_action_server]: Executing goal...
[INFO] [1733794513.232112455] [fibonacci_action_server]: Feedback: array('i', [0, 1, 1])
[INFO] [1733794513.483257502] [fibonacci_action_server]: Feedback: array('i', [0, 1, 1, 2])
[INFO] [1733794513.734393545] [fibonacci_action_server]: Feedback: array('i', [0, 1, 1, 2, 3])
[INFO] [1733794513.985760970] [fibonacci_action_server]: Feedback: array('i', [0, 1, 1, 2, 3, 5])
[INFO] [1733794514.237056941] [fibonacci_action_server]: Feedback: array('i', [0, 1, 1, 2, 3, 5, 8])
[INFO] [1733794514.488353380] [fibonacci_action_server]: Feedback: array('i', [0, 1, 1, 2, 3, 5, 8, 13])
[INFO] [1733794514.739561968] [fibonacci_action_server]: Feedback: array('i', [0, 1, 1, 2, 3, 5, 8, 13, 21])
[INFO] [1733794514.990950354] [fibonacci_action_server]: Feedback: array('i', [0, 1, 1, 2, 3, 5, 8, 13, 21, 34])
[INFO] [1733794515.242348915] [fibonacci_action_server]: Feedback: array('i', [0, 1, 1, 2, 3, 5, 8, 13, 21, 34, 55])
[INFO] [1733794515.748504770] [fibonacci_action_server]: Executing goal...
[INFO] [1733794515.748874073] [fibonacci_action_server]: Feedback: array('i', [0, 1, 1])
[INFO] [1733794515.999975945] [fibonacci_action_server]: Feedback: array('i', [0, 1, 1, 2])
[INFO] [1733794516.251134683] [fibonacci_action_server]: Feedback: array('i', [0, 1, 1, 2, 3])
[INFO] [1733794516.502096125] [fibonacci_action_server]: Feedback: array('i', [0, 1, 1, 2, 3, 5])
[INFO] [1733794516.753445275] [fibonacci_action_server]: Feedback: array('i', [0, 1, 1, 2, 3, 5, 8])
[INFO] [1733794517.004493751] [fibonacci_action_server]: Feedback: array('i', [0, 1, 1, 2, 3, 5, 8, 13])
[INFO] [1733794517.255654764] [fibonacci_action_server]: Feedback: array('i', [0, 1, 1, 2, 3, 5, 8, 13, 21])
[INFO] [1733794517.506627588] [fibonacci_action_server]: Feedback: array('i', [0, 1, 1, 2, 3, 5, 8, 13, 21, 34])
[INFO] [1733794517.757719959] [fibonacci_action_server]: Feedback: array('i', [0, 1, 1, 2, 3, 5, 8, 13, 21, 34, 55])
[INFO] [1733794518.263934272] [fibonacci_action_server]: Executing goal...
[INFO] [1733794518.264532653] [fibonacci_action_server]: Feedback: array('i', [0, 1, 1])
[INFO] [1733794518.515705973] [fibonacci_action_server]: Feedback: array('i', [0, 1, 1, 2])
[INFO] [1733794518.766655086] [fibonacci_action_server]: Feedback: array('i', [0, 1, 1, 2, 3])
[INFO] [1733794519.018058532] [fibonacci_action_server]: Feedback: array('i', [0, 1, 1, 2, 3, 5])
[INFO] [1733794519.268996181] [fibonacci_action_server]: Feedback: array('i', [0, 1, 1, 2, 3, 5, 8])
[INFO] [1733794519.520236643] [fibonacci_action_server]: Feedback: array('i', [0, 1, 1, 2, 3, 5, 8, 13])
[INFO] [1733794519.771200669] [fibonacci_action_server]: Feedback: array('i', [0, 1, 1, 2, 3, 5, 8, 13, 21])
[INFO] [1733794520.022313776] [fibonacci_action_server]: Feedback: array('i', [0, 1, 1, 2, 3, 5, 8, 13, 21, 34])
[INFO] [1733794520.273718462] [fibonacci_action_server]: Feedback: array('i', [0, 1, 1, 2, 3, 5, 8, 13, 21, 34, 55])
[INFO] [1733794520.780390150] [fibonacci_action_server]: Executing goal...
[INFO] [1733794520.781043274] [fibonacci_action_server]: Feedback: array('i', [0, 1, 1])
[INFO] [1733794521.032156810] [fibonacci_action_server]: Feedback: array('i', [0, 1, 1, 2])
[INFO] [1733794521.283247450] [fibonacci_action_server]: Feedback: array('i', [0, 1, 1, 2, 3])
[INFO] [1733794521.534294322] [fibonacci_action_server]: Feedback: array('i', [0, 1, 1, 2, 3, 5])
[INFO] [1733794521.785845386] [fibonacci_action_server]: Feedback: array('i', [0, 1, 1, 2, 3, 5, 8])
[INFO] [1733794522.036861793] [fibonacci_action_server]: Feedback: array('i', [0, 1, 1, 2, 3, 5, 8, 13])
[INFO] [1733794522.288079138] [fibonacci_action_server]: Feedback: array('i', [0, 1, 1, 2, 3, 5, 8, 13, 21])
[INFO] [1733794522.539415144] [fibonacci_action_server]: Feedback: array('i', [0, 1, 1, 2, 3, 5, 8, 13, 21, 34])
[INFO] [1733794522.790353727] [fibonacci_action_server]: Feedback: array('i', [0, 1, 1, 2, 3, 5, 8, 13, 21, 34, 55])
[INFO] [1733794523.296736281] [fibonacci_action_server]: Executing goal...
[INFO] [1733794523.297449290] [fibonacci_action_server]: Feedback: array('i', [0, 1, 1])
[INFO] [1733794523.548557459] [fibonacci_action_server]: Feedback: array('i', [0, 1, 1, 2])
[INFO] [1733794523.799741025] [fibonacci_action_server]: Feedback: array('i', [0, 1, 1, 2, 3])
[INFO] [1733794524.050812725] [fibonacci_action_server]: Feedback: array('i', [0, 1, 1, 2, 3, 5])
[INFO] [1733794524.302055319] [fibonacci_action_server]: Feedback: array('i', [0, 1, 1, 2, 3, 5, 8])
[INFO] [1733794524.553443496] [fibonacci_action_server]: Feedback: array('i', [0, 1, 1, 2, 3, 5, 8, 13])
[INFO] [1733794524.804640345] [fibonacci_action_server]: Feedback: array('i', [0, 1, 1, 2, 3, 5, 8, 13, 21])
[INFO] [1733794525.055711074] [fibonacci_action_server]: Feedback: array('i', [0, 1, 1, 2, 3, 5, 8, 13, 21, 34])
[INFO] [1733794525.306916781] [fibonacci_action_server]: Feedback: array('i', [0, 1, 1, 2, 3, 5, 8, 13, 21, 34, 55])
[INFO] [1733794525.813135265] [fibonacci_action_server]: Executing goal...
[INFO] [1733794525.813823865] [fibonacci_action_server]: Feedback: array('i', [0, 1, 1])
[INFO] [1733794526.064624226] [fibonacci_action_server]: Feedback: array('i', [0, 1, 1, 2])
[INFO] [1733794526.315961638] [fibonacci_action_server]: Feedback: array('i', [0, 1, 1, 2, 3])
[INFO] [1733794526.566860368] [fibonacci_action_server]: Feedback: array('i', [0, 1, 1, 2, 3, 5])
[INFO] [1733794526.818107221] [fibonacci_action_server]: Feedback: array('i', [0, 1, 1, 2, 3, 5, 8])
[INFO] [1733794527.069104919] [fibonacci_action_server]: Feedback: array('i', [0, 1, 1, 2, 3, 5, 8, 13])
[INFO] [1733794527.320394366] [fibonacci_action_server]: Feedback: array('i', [0, 1, 1, 2, 3, 5, 8, 13, 21])
[INFO] [1733794527.571769207] [fibonacci_action_server]: Feedback: array('i', [0, 1, 1, 2, 3, 5, 8, 13, 21, 34])
[INFO] [1733794527.822863746] [fibonacci_action_server]: Feedback: array('i', [0, 1, 1, 2, 3, 5, 8, 13, 21, 34, 55])
[INFO] [1733794528.329680032] [fibonacci_action_server]: Executing goal...
[INFO] [1733794528.330314640] [fibonacci_action_server]: Feedback: array('i', [0, 1, 1])
[INFO] [1733794528.581660824] [fibonacci_action_server]: Feedback: array('i', [0, 1, 1, 2])
[INFO] [1733794528.832630456] [fibonacci_action_server]: Feedback: array('i', [0, 1, 1, 2, 3])
[INFO] [1733794529.083805945] [fibonacci_action_server]: Feedback: array('i', [0, 1, 1, 2, 3, 5])
[INFO] [1733794529.334910244] [fibonacci_action_server]: Feedback: array('i', [0, 1, 1, 2, 3, 5, 8])
[INFO] [1733794529.586160069] [fibonacci_action_server]: Feedback: array('i', [0, 1, 1, 2, 3, 5, 8, 13])
[INFO] [1733794529.837608696] [fibonacci_action_server]: Feedback: array('i', [0, 1, 1, 2, 3, 5, 8, 13, 21])
[INFO] [1733794530.088829117] [fibonacci_action_server]: Feedback: array('i', [0, 1, 1, 2, 3, 5, 8, 13, 21, 34])
[INFO] [1733794530.340028159] [fibonacci_action_server]: Feedback: array('i', [0, 1, 1, 2, 3, 5, 8, 13, 21, 34, 55])
[INFO] [1733794530.846435238] [fibonacci_action_server]: Executing goal...
[INFO] [1733794530.846812443] [fibonacci_action_server]: Feedback: array('i', [0, 1, 1])
[INFO] [1733794531.097946798] [fibonacci_action_server]: Feedback: array('i', [0, 1, 1, 2])
[INFO] [1733794531.349453086] [fibonacci_action_server]: Feedback: array('i', [0, 1, 1, 2, 3])
[INFO] [1733794531.600385538] [fibonacci_action_server]: Feedback: array('i', [0, 1, 1, 2, 3, 5])
[INFO] [1733794531.851550554] [fibonacci_action_server]: Feedback: array('i', [0, 1, 1, 2, 3, 5, 8])
[INFO] [1733794532.102928046] [fibonacci_action_server]: Feedback: array('i', [0, 1, 1, 2, 3, 5, 8, 13])
[INFO] [1733794532.353772379] [fibonacci_action_server]: Feedback: array('i', [0, 1, 1, 2, 3, 5, 8, 13, 21])
[INFO] [1733794532.605187425] [fibonacci_action_server]: Feedback: array('i', [0, 1, 1, 2, 3, 5, 8, 13, 21, 34])
[INFO] [1733794532.856209854] [fibonacci_action_server]: Feedback: array('i', [0, 1, 1, 2, 3, 5, 8, 13, 21, 34, 55])
[INFO] [1733794533.362324921] [fibonacci_action_server]: Executing goal...
[INFO] [1733794533.362893710] [fibonacci_action_server]: Feedback: array('i', [0, 1, 1])
[INFO] [1733794533.614089361] [fibonacci_action_server]: Feedback: array('i', [0, 1, 1, 2])
[INFO] [1733794533.865127724] [fibonacci_action_server]: Feedback: array('i', [0, 1, 1, 2, 3])
[INFO] [1733794534.116380728] [fibonacci_action_server]: Feedback: array('i', [0, 1, 1, 2, 3, 5])
[INFO] [1733794534.367626148] [fibonacci_action_server]: Feedback: array('i', [0, 1, 1, 2, 3, 5, 8])
[INFO] [1733794534.618717447] [fibonacci_action_server]: Feedback: array('i', [0, 1, 1, 2, 3, 5, 8, 13])
[INFO] [1733794534.869975308] [fibonacci_action_server]: Feedback: array('i', [0, 1, 1, 2, 3, 5, 8, 13, 21])
[INFO] [1733794535.121260582] [fibonacci_action_server]: Feedback: array('i', [0, 1, 1, 2, 3, 5, 8, 13, 21, 34])
[INFO] [1733794535.372548140] [fibonacci_action_server]: Feedback: array('i', [0, 1, 1, 2, 3, 5, 8, 13, 21, 34, 55])
[INFO] [1733794535.878758068] [fibonacci_action_server]: Executing goal...
[INFO] [1733794535.879112235] [fibonacci_action_server]: Feedback: array('i', [0, 1, 1])
[INFO] [1733794536.129801443] [fibonacci_action_server]: Feedback: array('i', [0, 1, 1, 2])
[INFO] [1733794536.380850071] [fibonacci_action_server]: Feedback: array('i', [0, 1, 1, 2, 3])
[INFO] [1733794536.632233207] [fibonacci_action_server]: Feedback: array('i', [0, 1, 1, 2, 3, 5])
[INFO] [1733794536.883526150] [fibonacci_action_server]: Feedback: array('i', [0, 1, 1, 2, 3, 5, 8])
[INFO] [1733794537.134695072] [fibonacci_action_server]: Feedback: array('i', [0, 1, 1, 2, 3, 5, 8, 13])
[INFO] [1733794537.386040497] [fibonacci_action_server]: Feedback: array('i', [0, 1, 1, 2, 3, 5, 8, 13, 21])
[INFO] [1733794537.637126383] [fibonacci_action_server]: Feedback: array('i', [0, 1, 1, 2, 3, 5, 8, 13, 21, 34])
[INFO] [1733794537.888361156] [fibonacci_action_server]: Feedback: array('i', [0, 1, 1, 2, 3, 5, 8, 13, 21, 34, 55])
[INFO] [1733794538.394175073] [fibonacci_action_server]: Executing goal...
[INFO] [1733794538.394592434] [fibonacci_action_server]: Feedback: array('i', [0, 1, 1])
[INFO] [1733794538.645824037] [fibonacci_action_server]: Feedback: array('i', [0, 1, 1, 2])
[INFO] [1733794538.897056315] [fibonacci_action_server]: Feedback: array('i', [0, 1, 1, 2, 3])
[INFO] [1733794539.147954807] [fibonacci_action_server]: Feedback: array('i', [0, 1, 1, 2, 3, 5])
[INFO] [1733794539.398989790] [fibonacci_action_server]: Feedback: array('i', [0, 1, 1, 2, 3, 5, 8])
[INFO] [1733794539.649766349] [fibonacci_action_server]: Feedback: array('i', [0, 1, 1, 2, 3, 5, 8, 13])
[INFO] [1733794539.901004811] [fibonacci_action_server]: Feedback: array('i', [0, 1, 1, 2, 3, 5, 8, 13, 21])
[INFO] [1733794540.152005128] [fibonacci_action_server]: Feedback: array('i', [0, 1, 1, 2, 3, 5, 8, 13, 21, 34])
[INFO] [1733794540.403038907] [fibonacci_action_server]: Feedback: array('i', [0, 1, 1, 2, 3, 5, 8, 13, 21, 34, 55])
[INFO] [1733794540.908493514] [fibonacci_action_server]: Executing goal...
[INFO] [1733794540.908872505] [fibonacci_action_server]: Feedback: array('i', [0, 1, 1])
[INFO] [1733794541.160166311] [fibonacci_action_server]: Feedback: array('i', [0, 1, 1, 2])
[INFO] [1733794541.411224681] [fibonacci_action_server]: Feedback: array('i', [0, 1, 1, 2, 3])
[INFO] [1733794541.662598286] [fibonacci_action_server]: Feedback: array('i', [0, 1, 1, 2, 3, 5])
[INFO] [1733794541.913895296] [fibonacci_action_server]: Feedback: array('i', [0, 1, 1, 2, 3, 5, 8])
[INFO] [1733794542.165326234] [fibonacci_action_server]: Feedback: array('i', [0, 1, 1, 2, 3, 5, 8, 13])
[INFO] [1733794542.416497689] [fibonacci_action_server]: Feedback: array('i', [0, 1, 1, 2, 3, 5, 8, 13, 21])
[INFO] [1733794542.667729820] [fibonacci_action_server]: Feedback: array('i', [0, 1, 1, 2, 3, 5, 8, 13, 21, 34])
[INFO] [1733794542.918954919] [fibonacci_action_server]: Feedback: array('i', [0, 1, 1, 2, 3, 5, 8, 13, 21, 34, 55])
[INFO] [1733794543.425061930] [fibonacci_action_server]: Executing goal...
[INFO] [1733794543.425478059] [fibonacci_action_server]: Feedback: array('i', [0, 1, 1])
[INFO] [1733794543.676602178] [fibonacci_action_server]: Feedback: array('i', [0, 1, 1, 2])
[INFO] [1733794543.927821107] [fibonacci_action_server]: Feedback: array('i', [0, 1, 1, 2, 3])
[INFO] [1733794544.178970429] [fibonacci_action_server]: Feedback: array('i', [0, 1, 1, 2, 3, 5])
[INFO] [1733794544.430125804] [fibonacci_action_server]: Feedback: array('i', [0, 1, 1, 2, 3, 5, 8])
[INFO] [1733794544.681487996] [fibonacci_action_server]: Feedback: array('i', [0, 1, 1, 2, 3, 5, 8, 13])
[INFO] [1733794544.932791348] [fibonacci_action_server]: Feedback: array('i', [0, 1, 1, 2, 3, 5, 8, 13, 21])
[INFO] [1733794545.183851625] [fibonacci_action_server]: Feedback: array('i', [0, 1, 1, 2, 3, 5, 8, 13, 21, 34])
[INFO] [1733794545.434827697] [fibonacci_action_server]: Feedback: array('i', [0, 1, 1, 2, 3, 5, 8, 13, 21, 34, 55])
[INFO] [1733794545.940234576] [fibonacci_action_server]: Executing goal...
[INFO] [1733794545.940594627] [fibonacci_action_server]: Feedback: array('i', [0, 1, 1])
[INFO] [1733794546.191686143] [fibonacci_action_server]: Feedback: array('i', [0, 1, 1, 2])
[INFO] [1733794546.442599285] [fibonacci_action_server]: Feedback: array('i', [0, 1, 1, 2, 3])
[INFO] [1733794546.693898129] [fibonacci_action_server]: Feedback: array('i', [0, 1, 1, 2, 3, 5])
[INFO] [1733794546.944804147] [fibonacci_action_server]: Feedback: array('i', [0, 1, 1, 2, 3, 5, 8])
[INFO] [1733794547.196071674] [fibonacci_action_server]: Feedback: array('i', [0, 1, 1, 2, 3, 5, 8, 13])
[INFO] [1733794547.447184062] [fibonacci_action_server]: Feedback: array('i', [0, 1, 1, 2, 3, 5, 8, 13, 21])
[INFO] [1733794547.698115154] [fibonacci_action_server]: Feedback: array('i', [0, 1, 1, 2, 3, 5, 8, 13, 21, 34])
[INFO] [1733794547.949179767] [fibonacci_action_server]: Feedback: array('i', [0, 1, 1, 2, 3, 5, 8, 13, 21, 34, 55])
[INFO] [1733794548.455544224] [fibonacci_action_server]: Executing goal...
[INFO] [1733794548.455947786] [fibonacci_action_server]: Feedback: array('i', [0, 1, 1])
[INFO] [1733794548.706918679] [fibonacci_action_server]: Feedback: array('i', [0, 1, 1, 2])
[INFO] [1733794548.958150920] [fibonacci_action_server]: Feedback: array('i', [0, 1, 1, 2, 3])
[INFO] [1733794549.209489261] [fibonacci_action_server]: Feedback: array('i', [0, 1, 1, 2, 3, 5])
[INFO] [1733794549.460694793] [fibonacci_action_server]: Feedback: array('i', [0, 1, 1, 2, 3, 5, 8])
[INFO] [1733794549.711926734] [fibonacci_action_server]: Feedback: array('i', [0, 1, 1, 2, 3, 5, 8, 13])
[INFO] [1733794549.963086739] [fibonacci_action_server]: Feedback: array('i', [0, 1, 1, 2, 3, 5, 8, 13, 21])
[INFO] [1733794550.214190187] [fibonacci_action_server]: Feedback: array('i', [0, 1, 1, 2, 3, 5, 8, 13, 21, 34])
[INFO] [1733794550.465591089] [fibonacci_action_server]: Feedback: array('i', [0, 1, 1, 2, 3, 5, 8, 13, 21, 34, 55])
[INFO] [1733794550.971734428] [fibonacci_action_server]: Executing goal...
[INFO] [1733794550.972134167] [fibonacci_action_server]: Feedback: array('i', [0, 1, 1])
[INFO] [1733794551.223208957] [fibonacci_action_server]: Feedback: array('i', [0, 1, 1, 2])
[INFO] [1733794551.474186576] [fibonacci_action_server]: Feedback: array('i', [0, 1, 1, 2, 3])
[INFO] [1733794551.725486553] [fibonacci_action_server]: Feedback: array('i', [0, 1, 1, 2, 3, 5])
[INFO] [1733794551.976823671] [fibonacci_action_server]: Feedback: array('i', [0, 1, 1, 2, 3, 5, 8])
[INFO] [1733794552.228073534] [fibonacci_action_server]: Feedback: array('i', [0, 1, 1, 2, 3, 5, 8, 13])
[INFO] [1733794552.479018347] [fibonacci_action_server]: Feedback: array('i', [0, 1, 1, 2, 3, 5, 8, 13, 21])
[INFO] [1733794552.730203317] [fibonacci_action_server]: Feedback: array('i', [0, 1, 1, 2, 3, 5, 8, 13, 21, 34])
[INFO] [1733794552.981647262] [fibonacci_action_server]: Feedback: array('i', [0, 1, 1, 2, 3, 5, 8, 13, 21, 34, 55])
[INFO] [1733794553.487433038] [fibonacci_action_server]: Executing goal...
[INFO] [1733794553.487835274] [fibonacci_action_server]: Feedback: array('i', [0, 1, 1])
[INFO] [1733794553.738812665] [fibonacci_action_server]: Feedback: array('i', [0, 1, 1, 2])
[INFO] [1733794553.990125509] [fibonacci_action_server]: Feedback: array('i', [0, 1, 1, 2, 3])
[INFO] [1733794554.241209994] [fibonacci_action_server]: Feedback: array('i', [0, 1, 1, 2, 3, 5])
[INFO] [1733794554.492511985] [fibonacci_action_server]: Feedback: array('i', [0, 1, 1, 2, 3, 5, 8])
[INFO] [1733794554.743411168] [fibonacci_action_server]: Feedback: array('i', [0, 1, 1, 2, 3, 5, 8, 13])
[INFO] [1733794554.994112676] [fibonacci_action_server]: Feedback: array('i', [0, 1, 1, 2, 3, 5, 8, 13, 21])
[INFO] [1733794555.245545435] [fibonacci_action_server]: Feedback: array('i', [0, 1, 1, 2, 3, 5, 8, 13, 21, 34])
[INFO] [1733794555.496792140] [fibonacci_action_server]: Feedback: array('i', [0, 1, 1, 2, 3, 5, 8, 13, 21, 34, 55])
[INFO] [1733794556.003370407] [fibonacci_action_server]: Executing goal...
[INFO] [1733794556.003746688] [fibonacci_action_server]: Feedback: array('i', [0, 1, 1])
[INFO] [1733794556.254861618] [fibonacci_action_server]: Feedback: array('i', [0, 1, 1, 2])
[INFO] [1733794556.506088372] [fibonacci_action_server]: Feedback: array('i', [0, 1, 1, 2, 3])
[INFO] [1733794556.757138136] [fibonacci_action_server]: Feedback: array('i', [0, 1, 1, 2, 3, 5])
[INFO] [1733794557.008169968] [fibonacci_action_server]: Feedback: array('i', [0, 1, 1, 2, 3, 5, 8])
[INFO] [1733794557.259243933] [fibonacci_action_server]: Feedback: array('i', [0, 1, 1, 2, 3, 5, 8, 13])
[INFO] [1733794557.510285087] [fibonacci_action_server]: Feedback: array('i', [0, 1, 1, 2, 3, 5, 8, 13, 21])
[INFO] [1733794557.761609084] [fibonacci_action_server]: Feedback: array('i', [0, 1, 1, 2, 3, 5, 8, 13, 21, 34])
[INFO] [1733794558.012571459] [fibonacci_action_server]: Feedback: array('i', [0, 1, 1, 2, 3, 5, 8, 13, 21, 34, 55])
[INFO] [1733794558.518962844] [fibonacci_action_server]: Executing goal...
[INFO] [1733794558.519324935] [fibonacci_action_server]: Feedback: array('i', [0, 1, 1])
[INFO] [1733794558.770132349] [fibonacci_action_server]: Feedback: array('i', [0, 1, 1, 2])
[INFO] [1733794559.021515411] [fibonacci_action_server]: Feedback: array('i', [0, 1, 1, 2, 3])
[INFO] [1733794559.272510813] [fibonacci_action_server]: Feedback: array('i', [0, 1, 1, 2, 3, 5])
[INFO] [1733794559.523671359] [fibonacci_action_server]: Feedback: array('i', [0, 1, 1, 2, 3, 5, 8])
[INFO] [1733794559.775059319] [fibonacci_action_server]: Feedback: array('i', [0, 1, 1, 2, 3, 5, 8, 13])
[INFO] [1733794560.025800919] [fibonacci_action_server]: Feedback: array('i', [0, 1, 1, 2, 3, 5, 8, 13, 21])
[INFO] [1733794560.277202907] [fibonacci_action_server]: Feedback: array('i', [0, 1, 1, 2, 3, 5, 8, 13, 21, 34])
[INFO] [1733794560.528363139] [fibonacci_action_server]: Feedback: array('i', [0, 1, 1, 2, 3, 5, 8, 13, 21, 34, 55])
[INFO] [1733794561.034790157] [fibonacci_action_server]: Executing goal...
[INFO] [1733794561.035228326] [fibonacci_action_server]: Feedback: array('i', [0, 1, 1])
[INFO] [1733794561.286105412] [fibonacci_action_server]: Feedback: array('i', [0, 1, 1, 2])
[INFO] [1733794561.537224824] [fibonacci_action_server]: Feedback: array('i', [0, 1, 1, 2, 3])
[INFO] [1733794561.788482934] [fibonacci_action_server]: Feedback: array('i', [0, 1, 1, 2, 3, 5])
[INFO] [1733794562.039466528] [fibonacci_action_server]: Feedback: array('i', [0, 1, 1, 2, 3, 5, 8])
[INFO] [1733794562.290526814] [fibonacci_action_server]: Feedback: array('i', [0, 1, 1, 2, 3, 5, 8, 13])
[INFO] [1733794562.541958218] [fibonacci_action_server]: Feedback: array('i', [0, 1, 1, 2, 3, 5, 8, 13, 21])
[INFO] [1733794562.793183829] [fibonacci_action_server]: Feedback: array('i', [0, 1, 1, 2, 3, 5, 8, 13, 21, 34])
[INFO] [1733794563.044492898] [fibonacci_action_server]: Feedback: array('i', [0, 1, 1, 2, 3, 5, 8, 13, 21, 34, 55])
[INFO] [1733794563.550687101] [fibonacci_action_server]: Executing goal...
[INFO] [1733794563.551074511] [fibonacci_action_server]: Feedback: array('i', [0, 1, 1])
[INFO] [1733794563.802045490] [fibonacci_action_server]: Feedback: array('i', [0, 1, 1, 2])
[INFO] [1733794564.053244024] [fibonacci_action_server]: Feedback: array('i', [0, 1, 1, 2, 3])
[INFO] [1733794564.304783030] [fibonacci_action_server]: Feedback: array('i', [0, 1, 1, 2, 3, 5])
[INFO] [1733794564.556012059] [fibonacci_action_server]: Feedback: array('i', [0, 1, 1, 2, 3, 5, 8])
[INFO] [1733794564.807176575] [fibonacci_action_server]: Feedback: array('i', [0, 1, 1, 2, 3, 5, 8, 13])
[INFO] [1733794565.058066098] [fibonacci_action_server]: Feedback: array('i', [0, 1, 1, 2, 3, 5, 8, 13, 21])
[INFO] [1733794565.309347494] [fibonacci_action_server]: Feedback: array('i', [0, 1, 1, 2, 3, 5, 8, 13, 21, 34])
[INFO] [1733794565.560557354] [fibonacci_action_server]: Feedback: array('i', [0, 1, 1, 2, 3, 5, 8, 13, 21, 34, 55])
[INFO] [1733794566.067071663] [fibonacci_action_server]: Executing goal...
[INFO] [1733794566.067719122] [fibonacci_action_server]: Feedback: array('i', [0, 1, 1])
[INFO] [1733794566.318701821] [fibonacci_action_server]: Feedback: array('i', [0, 1, 1, 2])
[INFO] [1733794566.570148435] [fibonacci_action_server]: Feedback: array('i', [0, 1, 1, 2, 3])
[INFO] [1733794566.821211185] [fibonacci_action_server]: Feedback: array('i', [0, 1, 1, 2, 3, 5])
[INFO] [1733794567.072650484] [fibonacci_action_server]: Feedback: array('i', [0, 1, 1, 2, 3, 5, 8])
[INFO] [1733794567.323613323] [fibonacci_action_server]: Feedback: array('i', [0, 1, 1, 2, 3, 5, 8, 13])
[INFO] [1733794567.574947631] [fibonacci_action_server]: Feedback: array('i', [0, 1, 1, 2, 3, 5, 8, 13, 21])
[INFO] [1733794567.825818769] [fibonacci_action_server]: Feedback: array('i', [0, 1, 1, 2, 3, 5, 8, 13, 21, 34])
[INFO] [1733794568.077030607] [fibonacci_action_server]: Feedback: array('i', [0, 1, 1, 2, 3, 5, 8, 13, 21, 34, 55])
[INFO] [1733794568.583738920] [fibonacci_action_server]: Executing goal...
[INFO] [1733794568.584237402] [fibonacci_action_server]: Feedback: array('i', [0, 1, 1])
[INFO] [1733794568.835155166] [fibonacci_action_server]: Feedback: array('i', [0, 1, 1, 2])
[INFO] [1733794569.086107156] [fibonacci_action_server]: Feedback: array('i', [0, 1, 1, 2, 3])
[INFO] [1733794569.337427177] [fibonacci_action_server]: Feedback: array('i', [0, 1, 1, 2, 3, 5])
[INFO] [1733794569.588646459] [fibonacci_action_server]: Feedback: array('i', [0, 1, 1, 2, 3, 5, 8])
[INFO] [1733794569.839845223] [fibonacci_action_server]: Feedback: array('i', [0, 1, 1, 2, 3, 5, 8, 13])
[INFO] [1733794570.090931107] [fibonacci_action_server]: Feedback: array('i', [0, 1, 1, 2, 3, 5, 8, 13, 21])
[INFO] [1733794570.342105970] [fibonacci_action_server]: Feedback: array('i', [0, 1, 1, 2, 3, 5, 8, 13, 21, 34])
[INFO] [1733794570.593047118] [fibonacci_action_server]: Feedback: array('i', [0, 1, 1, 2, 3, 5, 8, 13, 21, 34, 55])
[INFO] [1733794571.099557287] [fibonacci_action_server]: Executing goal...
[INFO] [1733794571.099996697] [fibonacci_action_server]: Feedback: array('i', [0, 1, 1])
[INFO] [1733794571.350988877] [fibonacci_action_server]: Feedback: array('i', [0, 1, 1, 2])
[INFO] [1733794571.602360705] [fibonacci_action_server]: Feedback: array('i', [0, 1, 1, 2, 3])
[INFO] [1733794571.853695925] [fibonacci_action_server]: Feedback: array('i', [0, 1, 1, 2, 3, 5])
[INFO] [1733794572.104843762] [fibonacci_action_server]: Feedback: array('i', [0, 1, 1, 2, 3, 5, 8])
[INFO] [1733794572.356133019] [fibonacci_action_server]: Feedback: array('i', [0, 1, 1, 2, 3, 5, 8, 13])
[INFO] [1733794572.607181067] [fibonacci_action_server]: Feedback: array('i', [0, 1, 1, 2, 3, 5, 8, 13, 21])
[INFO] [1733794572.858273642] [fibonacci_action_server]: Feedback: array('i', [0, 1, 1, 2, 3, 5, 8, 13, 21, 34])
[INFO] [1733794573.109720779] [fibonacci_action_server]: Feedback: array('i', [0, 1, 1, 2, 3, 5, 8, 13, 21, 34, 55])
[INFO] [1733794573.615525127] [fibonacci_action_server]: Executing goal...
[INFO] [1733794573.615893412] [fibonacci_action_server]: Feedback: array('i', [0, 1, 1])
[INFO] [1733794573.866978450] [fibonacci_action_server]: Feedback: array('i', [0, 1, 1, 2])
[INFO] [1733794574.117779364] [fibonacci_action_server]: Feedback: array('i', [0, 1, 1, 2, 3])
[INFO] [1733794574.369214529] [fibonacci_action_server]: Feedback: array('i', [0, 1, 1, 2, 3, 5])
[INFO] [1733794574.620221888] [fibonacci_action_server]: Feedback: array('i', [0, 1, 1, 2, 3, 5, 8])
[INFO] [1733794574.870899261] [fibonacci_action_server]: Feedback: array('i', [0, 1, 1, 2, 3, 5, 8, 13])
[INFO] [1733794575.121791614] [fibonacci_action_server]: Feedback: array('i', [0, 1, 1, 2, 3, 5, 8, 13, 21])
[INFO] [1733794575.373006793] [fibonacci_action_server]: Feedback: array('i', [0, 1, 1, 2, 3, 5, 8, 13, 21, 34])
[INFO] [1733794575.623928436] [fibonacci_action_server]: Feedback: array('i', [0, 1, 1, 2, 3, 5, 8, 13, 21, 34, 55])
[INFO] [1733794575.875956490] [fibonacci_action_server]: Shutting down node...
RAPL is set
