[INFO] [1733926881.988343642] [fibonacci_action_server]: Received goal request with order 10
[INFO] [1733926881.988919771] [fibonacci_action_server]: Executing goal...
[INFO] [1733926881.989028335] [fibonacci_action_server]: Received goal request with order 10
[INFO] [1733926881.989162410] [fibonacci_action_server]: Feedback: [1]
[INFO] [1733926881.989326221] [fibonacci_action_server]: Executing goal...
[INFO] [1733926881.989410870] [fibonacci_action_server]: Feedback: [1]
[INFO] [1733926882.149095911] [fibonacci_action_server]: Received goal request with order 10
[INFO] [1733926882.149448225] [fibonacci_action_server]: Executing goal...
[INFO] [1733926882.149799148] [fibonacci_action_server]: Feedback: [1]
[INFO] [1733926882.489356252] [fibonacci_action_server]: Feedback: [2]
[INFO] [1733926882.489526852] [fibonacci_action_server]: Feedback: [2]
[INFO] [1733926882.650271484] [fibonacci_action_server]: Feedback: [2]
[INFO] [1733926882.989873252] [fibonacci_action_server]: Feedback: [3]
[INFO] [1733926882.989889323] [fibonacci_action_server]: Feedback: [3]
[INFO] [1733926883.150732110] [fibonacci_action_server]: Feedback: [3]
[INFO] [1733926883.490390669] [fibonacci_action_server]: Feedback: [5]
[INFO] [1733926883.490407405] [fibonacci_action_server]: Feedback: [5]
[INFO] [1733926883.651099290] [fibonacci_action_server]: Feedback: [5]
[INFO] [1733926883.990745064] [fibonacci_action_server]: Feedback: [8]
[INFO] [1733926883.990781982] [fibonacci_action_server]: Feedback: [8]
[INFO] [1733926884.152588491] [fibonacci_action_server]: Feedback: [8]
[INFO] [1733926884.491007868] [fibonacci_action_server]: Feedback: [13]
[INFO] [1733926884.491024064] [fibonacci_action_server]: Feedback: [13]
[INFO] [1733926884.653005510] [fibonacci_action_server]: Feedback: [13]
[INFO] [1733926884.991351428] [fibonacci_action_server]: Feedback: [21]
[INFO] [1733926884.991429706] [fibonacci_action_server]: Feedback: [21]
[INFO] [1733926885.153443788] [fibonacci_action_server]: Feedback: [21]
[INFO] [1733926885.491991377] [fibonacci_action_server]: Feedback: [34]
[INFO] [1733926885.492048037] [fibonacci_action_server]: Feedback: [34]
[INFO] [1733926885.653783020] [fibonacci_action_server]: Feedback: [34]
[INFO] [1733926885.992391191] [fibonacci_action_server]: Feedback: [55]
[INFO] [1733926885.992438524] [fibonacci_action_server]: Feedback: [55]
[INFO] [1733926886.154038111] [fibonacci_action_server]: Feedback: [55]
[INFO] [1733926886.492791054] [fibonacci_action_server]: Goal succeeded
[INFO] [1733926886.492845870] [fibonacci_action_server]: Goal succeeded
[INFO] [1733926886.654353530] [fibonacci_action_server]: Goal succeeded
[INFO] [1733926886.703995955] [fibonacci_action_server]: Received goal request with order 10
[INFO] [1733926886.704193023] [fibonacci_action_server]: Executing goal...
[INFO] [1733926886.704257869] [fibonacci_action_server]: Feedback: [1]
[INFO] [1733926887.204453488] [fibonacci_action_server]: Feedback: [2]
[INFO] [1733926887.204961032] [fibonacci_action_server]: Received goal request with order 10
[INFO] [1733926887.205082540] [fibonacci_action_server]: Executing goal...
[INFO] [1733926887.205139595] [fibonacci_action_server]: Feedback: [1]
[INFO] [1733926887.236698231] [fibonacci_action_server]: Received goal request with order 10
[INFO] [1733926887.236934532] [fibonacci_action_server]: Executing goal...
[INFO] [1733926887.236988360] [fibonacci_action_server]: Feedback: [1]
[INFO] [1733926887.704734889] [fibonacci_action_server]: Feedback: [3]
[INFO] [1733926887.705364189] [fibonacci_action_server]: Feedback: [2]
[INFO] [1733926887.737455031] [fibonacci_action_server]: Feedback: [2]
[INFO] [1733926888.204906970] [fibonacci_action_server]: Feedback: [5]
[INFO] [1733926888.205539623] [fibonacci_action_server]: Feedback: [3]
[INFO] [1733926888.237716501] [fibonacci_action_server]: Feedback: [3]
[INFO] [1733926888.705121541] [fibonacci_action_server]: Feedback: [8]
[INFO] [1733926888.705839434] [fibonacci_action_server]: Feedback: [5]
[INFO] [1733926888.737935421] [fibonacci_action_server]: Feedback: [5]
[INFO] [1733926889.205686938] [fibonacci_action_server]: Feedback: [13]
[INFO] [1733926889.205998294] [fibonacci_action_server]: Feedback: [8]
[INFO] [1733926889.238457034] [fibonacci_action_server]: Feedback: [8]
[INFO] [1733926889.706132178] [fibonacci_action_server]: Feedback: [21]
[INFO] [1733926889.706155185] [fibonacci_action_server]: Feedback: [13]
[INFO] [1733926889.738920881] [fibonacci_action_server]: Feedback: [13]
[INFO] [1733926890.206477414] [fibonacci_action_server]: Feedback: [21]
[INFO] [1733926890.206515267] [fibonacci_action_server]: Feedback: [34]
[INFO] [1733926890.239395192] [fibonacci_action_server]: Feedback: [21]
[INFO] [1733926890.706866537] [fibonacci_action_server]: Feedback: [34]
[INFO] [1733926890.706881151] [fibonacci_action_server]: Feedback: [55]
[INFO] [1733926890.739673995] [fibonacci_action_server]: Feedback: [34]
[INFO] [1733926891.207286437] [fibonacci_action_server]: Goal succeeded
[INFO] [1733926891.207329667] [fibonacci_action_server]: Feedback: [55]
[INFO] [1733926891.239881347] [fibonacci_action_server]: Feedback: [55]
[INFO] [1733926891.620227538] [fibonacci_action_server]: Received goal request with order 10
[INFO] [1733926891.620436703] [fibonacci_action_server]: Executing goal...
[INFO] [1733926891.620534557] [fibonacci_action_server]: Feedback: [1]
[INFO] [1733926891.707667498] [fibonacci_action_server]: Goal succeeded
[INFO] [1733926891.740125591] [fibonacci_action_server]: Goal succeeded
[INFO] [1733926892.120742629] [fibonacci_action_server]: Feedback: [2]
[INFO] [1733926892.121890410] [fibonacci_action_server]: Received goal request with order 10
[INFO] [1733926892.122009380] [fibonacci_action_server]: Executing goal...
[INFO] [1733926892.122062783] [fibonacci_action_server]: Feedback: [1]
[INFO] [1733926892.152676659] [fibonacci_action_server]: Received goal request with order 10
[INFO] [1733926892.152918249] [fibonacci_action_server]: Executing goal...
[INFO] [1733926892.152975684] [fibonacci_action_server]: Feedback: [1]
[INFO] [1733926892.620984203] [fibonacci_action_server]: Feedback: [3]
[INFO] [1733926892.622217031] [fibonacci_action_server]: Feedback: [2]
[INFO] [1733926892.653131567] [fibonacci_action_server]: Feedback: [2]
[INFO] [1733926893.121223111] [fibonacci_action_server]: Feedback: [5]
[INFO] [1733926893.122363708] [fibonacci_action_server]: Feedback: [3]
[INFO] [1733926893.153364914] [fibonacci_action_server]: Feedback: [3]
[INFO] [1733926893.621753764] [fibonacci_action_server]: Feedback: [8]
[INFO] [1733926893.622638930] [fibonacci_action_server]: Feedback: [5]
[INFO] [1733926893.653698455] [fibonacci_action_server]: Feedback: [5]
[INFO] [1733926894.122303687] [fibonacci_action_server]: Feedback: [13]
[INFO] [1733926894.123055625] [fibonacci_action_server]: Feedback: [8]
[INFO] [1733926894.154213512] [fibonacci_action_server]: Feedback: [8]
[INFO] [1733926894.622804638] [fibonacci_action_server]: Feedback: [21]
[INFO] [1733926894.623363350] [fibonacci_action_server]: Feedback: [13]
[INFO] [1733926894.654563837] [fibonacci_action_server]: Feedback: [13]
[INFO] [1733926895.123352153] [fibonacci_action_server]: Feedback: [34]
[INFO] [1733926895.123521654] [fibonacci_action_server]: Feedback: [21]
[INFO] [1733926895.154839896] [fibonacci_action_server]: Feedback: [21]
[INFO] [1733926895.623960568] [fibonacci_action_server]: Feedback: [34]
[INFO] [1733926895.624023520] [fibonacci_action_server]: Feedback: [55]
[INFO] [1733926895.655189479] [fibonacci_action_server]: Feedback: [34]
[INFO] [1733926896.124199195] [fibonacci_action_server]: Feedback: [55]
[INFO] [1733926896.124284496] [fibonacci_action_server]: Goal succeeded
[INFO] [1733926896.155720897] [fibonacci_action_server]: Feedback: [55]
[INFO] [1733926896.536986890] [fibonacci_action_server]: Received goal request with order 10
[INFO] [1733926896.537189170] [fibonacci_action_server]: Executing goal...
[INFO] [1733926896.537320305] [fibonacci_action_server]: Feedback: [1]
[INFO] [1733926896.624609626] [fibonacci_action_server]: Goal succeeded
[INFO] [1733926896.655965129] [fibonacci_action_server]: Goal succeeded
[INFO] [1733926897.037670337] [fibonacci_action_server]: Feedback: [2]
[INFO] [1733926897.038799061] [fibonacci_action_server]: Received goal request with order 10
[INFO] [1733926897.038992886] [fibonacci_action_server]: Executing goal...
[INFO] [1733926897.039083594] [fibonacci_action_server]: Feedback: [1]
[INFO] [1733926897.068749472] [fibonacci_action_server]: Received goal request with order 10
[INFO] [1733926897.068943403] [fibonacci_action_server]: Executing goal...
[INFO] [1733926897.069062002] [fibonacci_action_server]: Feedback: [1]
[INFO] [1733926897.537940405] [fibonacci_action_server]: Feedback: [3]
[INFO] [1733926897.539382625] [fibonacci_action_server]: Feedback: [2]
[INFO] [1733926897.569233278] [fibonacci_action_server]: Feedback: [2]
[INFO] [1733926898.038247531] [fibonacci_action_server]: Feedback: [5]
[INFO] [1733926898.039718836] [fibonacci_action_server]: Feedback: [3]
[INFO] [1733926898.069429369] [fibonacci_action_server]: Feedback: [3]
[INFO] [1733926898.538493603] [fibonacci_action_server]: Feedback: [8]
[INFO] [1733926898.539916291] [fibonacci_action_server]: Feedback: [5]
[INFO] [1733926898.569856133] [fibonacci_action_server]: Feedback: [5]
[INFO] [1733926899.038830241] [fibonacci_action_server]: Feedback: [13]
[INFO] [1733926899.040314158] [fibonacci_action_server]: Feedback: [8]
[INFO] [1733926899.070263052] [fibonacci_action_server]: Feedback: [8]
[INFO] [1733926899.539328127] [fibonacci_action_server]: Feedback: [21]
[INFO] [1733926899.540628985] [fibonacci_action_server]: Feedback: [13]
[INFO] [1733926899.570479147] [fibonacci_action_server]: Feedback: [13]
[INFO] [1733926900.039743553] [fibonacci_action_server]: Feedback: [34]
[INFO] [1733926900.040819440] [fibonacci_action_server]: Feedback: [21]
[INFO] [1733926900.070965882] [fibonacci_action_server]: Feedback: [21]
[INFO] [1733926900.539987226] [fibonacci_action_server]: Feedback: [55]
[INFO] [1733926900.541272718] [fibonacci_action_server]: Feedback: [34]
[INFO] [1733926900.571524930] [fibonacci_action_server]: Feedback: [34]
[INFO] [1733926901.040387460] [fibonacci_action_server]: Goal succeeded
[INFO] [1733926901.041572036] [fibonacci_action_server]: Feedback: [55]
[INFO] [1733926901.072036831] [fibonacci_action_server]: Feedback: [55]
[INFO] [1733926901.454414709] [fibonacci_action_server]: Received goal request with order 10
[INFO] [1733926901.454628780] [fibonacci_action_server]: Executing goal...
[INFO] [1733926901.454748376] [fibonacci_action_server]: Feedback: [1]
[INFO] [1733926901.541873371] [fibonacci_action_server]: Goal succeeded
[INFO] [1733926901.572417173] [fibonacci_action_server]: Goal succeeded
[INFO] [1733926901.955206569] [fibonacci_action_server]: Feedback: [2]
[INFO] [1733926901.956572994] [fibonacci_action_server]: Received goal request with order 10
[INFO] [1733926901.956748500] [fibonacci_action_server]: Executing goal...
[INFO] [1733926901.956852719] [fibonacci_action_server]: Feedback: [1]
[INFO] [1733926901.985503183] [fibonacci_action_server]: Received goal request with order 10
[INFO] [1733926901.985738915] [fibonacci_action_server]: Executing goal...
[INFO] [1733926901.985799533] [fibonacci_action_server]: Feedback: [1]
[INFO] [1733926902.455506956] [fibonacci_action_server]: Feedback: [3]
[INFO] [1733926902.457148471] [fibonacci_action_server]: Feedback: [2]
[INFO] [1733926902.486264253] [fibonacci_action_server]: Feedback: [2]
[INFO] [1733926902.956028430] [fibonacci_action_server]: Feedback: [5]
[INFO] [1733926902.957616197] [fibonacci_action_server]: Feedback: [3]
[INFO] [1733926902.986795363] [fibonacci_action_server]: Feedback: [3]
[INFO] [1733926903.456389972] [fibonacci_action_server]: Feedback: [8]
[INFO] [1733926903.458093106] [fibonacci_action_server]: Feedback: [5]
[INFO] [1733926903.487259917] [fibonacci_action_server]: Feedback: [5]
[INFO] [1733926903.956754760] [fibonacci_action_server]: Feedback: [13]
[INFO] [1733926903.958614436] [fibonacci_action_server]: Feedback: [8]
[INFO] [1733926903.987796931] [fibonacci_action_server]: Feedback: [8]
[INFO] [1733926904.457224945] [fibonacci_action_server]: Feedback: [21]
[INFO] [1733926904.459150533] [fibonacci_action_server]: Feedback: [13]
[INFO] [1733926904.488033475] [fibonacci_action_server]: Feedback: [13]
[INFO] [1733926904.957731925] [fibonacci_action_server]: Feedback: [34]
[INFO] [1733926904.959516651] [fibonacci_action_server]: Feedback: [21]
[INFO] [1733926904.988414206] [fibonacci_action_server]: Feedback: [21]
[INFO] [1733926905.457953182] [fibonacci_action_server]: Feedback: [55]
[INFO] [1733926905.459718900] [fibonacci_action_server]: Feedback: [34]
[INFO] [1733926905.488793902] [fibonacci_action_server]: Feedback: [34]
[INFO] [1733926905.958317160] [fibonacci_action_server]: Goal succeeded
[INFO] [1733926905.959874411] [fibonacci_action_server]: Feedback: [55]
[INFO] [1733926905.988991140] [fibonacci_action_server]: Feedback: [55]
[INFO] [1733926906.369466242] [fibonacci_action_server]: Received goal request with order 10
[INFO] [1733926906.369634231] [fibonacci_action_server]: Executing goal...
[INFO] [1733926906.369705701] [fibonacci_action_server]: Feedback: [1]
[INFO] [1733926906.460369527] [fibonacci_action_server]: Goal succeeded
[INFO] [1733926906.489329161] [fibonacci_action_server]: Goal succeeded
[INFO] [1733926906.870069215] [fibonacci_action_server]: Feedback: [2]
[INFO] [1733926906.871635729] [fibonacci_action_server]: Received goal request with order 10
[INFO] [1733926906.871861791] [fibonacci_action_server]: Executing goal...
[INFO] [1733926906.871945525] [fibonacci_action_server]: Feedback: [1]
[INFO] [1733926906.903483751] [fibonacci_action_server]: Received goal request with order 10
[INFO] [1733926906.903711621] [fibonacci_action_server]: Executing goal...
[INFO] [1733926906.903811714] [fibonacci_action_server]: Feedback: [1]
[INFO] [1733926907.370594693] [fibonacci_action_server]: Feedback: [3]
[INFO] [1733926907.372129994] [fibonacci_action_server]: Feedback: [2]
[INFO] [1733926907.404022815] [fibonacci_action_server]: Feedback: [2]
[INFO] [1733926907.870863421] [fibonacci_action_server]: Feedback: [5]
[INFO] [1733926907.872406868] [fibonacci_action_server]: Feedback: [3]
[INFO] [1733926907.904186000] [fibonacci_action_server]: Feedback: [3]
[INFO] [1733926908.371078047] [fibonacci_action_server]: Feedback: [8]
[INFO] [1733926908.372607608] [fibonacci_action_server]: Feedback: [5]
[INFO] [1733926908.404539288] [fibonacci_action_server]: Feedback: [5]
[INFO] [1733926908.871349642] [fibonacci_action_server]: Feedback: [13]
[INFO] [1733926908.872907168] [fibonacci_action_server]: Feedback: [8]
[INFO] [1733926908.904954444] [fibonacci_action_server]: Feedback: [8]
[INFO] [1733926909.371575606] [fibonacci_action_server]: Feedback: [21]
[INFO] [1733926909.373124088] [fibonacci_action_server]: Feedback: [13]
[INFO] [1733926909.405319143] [fibonacci_action_server]: Feedback: [13]
[INFO] [1733926909.872203064] [fibonacci_action_server]: Feedback: [34]
[INFO] [1733926909.873274577] [fibonacci_action_server]: Feedback: [21]
[INFO] [1733926909.905521725] [fibonacci_action_server]: Feedback: [21]
[INFO] [1733926910.372415507] [fibonacci_action_server]: Feedback: [55]
[INFO] [1733926910.373430722] [fibonacci_action_server]: Feedback: [34]
[INFO] [1733926910.405751756] [fibonacci_action_server]: Feedback: [34]
[INFO] [1733926910.872839414] [fibonacci_action_server]: Goal succeeded
[INFO] [1733926910.873745719] [fibonacci_action_server]: Feedback: [55]
[INFO] [1733926910.905976206] [fibonacci_action_server]: Feedback: [55]
[INFO] [1733926911.283498136] [fibonacci_action_server]: Received goal request with order 10
[INFO] [1733926911.283661754] [fibonacci_action_server]: Executing goal...
[INFO] [1733926911.283730564] [fibonacci_action_server]: Feedback: [1]
[INFO] [1733926911.374000487] [fibonacci_action_server]: Goal succeeded
[INFO] [1733926911.406327262] [fibonacci_action_server]: Goal succeeded
[INFO] [1733926911.783960838] [fibonacci_action_server]: Feedback: [2]
[INFO] [1733926911.784930997] [fibonacci_action_server]: Received goal request with order 10
[INFO] [1733926911.785711682] [fibonacci_action_server]: Executing goal...
[INFO] [1733926911.785825156] [fibonacci_action_server]: Feedback: [1]
[INFO] [1733926911.819700319] [fibonacci_action_server]: Received goal request with order 10
[INFO] [1733926911.819910693] [fibonacci_action_server]: Executing goal...
[INFO] [1733926911.819992943] [fibonacci_action_server]: Feedback: [1]
[INFO] [1733926912.284177591] [fibonacci_action_server]: Feedback: [3]
[INFO] [1733926912.286281161] [fibonacci_action_server]: Feedback: [2]
[INFO] [1733926912.320320614] [fibonacci_action_server]: Feedback: [2]
[INFO] [1733926912.784489527] [fibonacci_action_server]: Feedback: [5]
[INFO] [1733926912.786536916] [fibonacci_action_server]: Feedback: [3]
[INFO] [1733926912.820640801] [fibonacci_action_server]: Feedback: [3]
[INFO] [1733926913.284763009] [fibonacci_action_server]: Feedback: [8]
[INFO] [1733926913.286761196] [fibonacci_action_server]: Feedback: [5]
[INFO] [1733926913.321021513] [fibonacci_action_server]: Feedback: [5]
[INFO] [1733926913.785019220] [fibonacci_action_server]: Feedback: [13]
[INFO] [1733926913.787037531] [fibonacci_action_server]: Feedback: [8]
[INFO] [1733926913.821336137] [fibonacci_action_server]: Feedback: [8]
[INFO] [1733926914.285350792] [fibonacci_action_server]: Feedback: [21]
[INFO] [1733926914.287276488] [fibonacci_action_server]: Feedback: [13]
[INFO] [1733926914.321744146] [fibonacci_action_server]: Feedback: [13]
[INFO] [1733926914.785787581] [fibonacci_action_server]: Feedback: [34]
[INFO] [1733926914.787581115] [fibonacci_action_server]: Feedback: [21]
[INFO] [1733926914.822202816] [fibonacci_action_server]: Feedback: [21]
[INFO] [1733926915.286144524] [fibonacci_action_server]: Feedback: [55]
[INFO] [1733926915.287821980] [fibonacci_action_server]: Feedback: [34]
[INFO] [1733926915.322583779] [fibonacci_action_server]: Feedback: [34]
[INFO] [1733926915.786570314] [fibonacci_action_server]: Goal succeeded
[INFO] [1733926915.788204306] [fibonacci_action_server]: Feedback: [55]
[INFO] [1733926915.822902037] [fibonacci_action_server]: Feedback: [55]
[INFO] [1733926916.198076096] [fibonacci_action_server]: Received goal request with order 10
[INFO] [1733926916.198516152] [fibonacci_action_server]: Executing goal...
[INFO] [1733926916.198708092] [fibonacci_action_server]: Feedback: [1]
[INFO] [1733926916.288711836] [fibonacci_action_server]: Goal succeeded
[INFO] [1733926916.323643372] [fibonacci_action_server]: Goal succeeded
[INFO] [1733926916.698806418] [fibonacci_action_server]: Received goal request with order 10
[INFO] [1733926916.698862629] [fibonacci_action_server]: Feedback: [2]
[INFO] [1733926916.699044014] [fibonacci_action_server]: Executing goal...
[INFO] [1733926916.699130351] [fibonacci_action_server]: Feedback: [1]
[INFO] [1733926916.735752192] [fibonacci_action_server]: Received goal request with order 10
[INFO] [1733926916.735998948] [fibonacci_action_server]: Executing goal...
[INFO] [1733926916.736106093] [fibonacci_action_server]: Feedback: [1]
[INFO] [1733926917.199092483] [fibonacci_action_server]: Feedback: [3]
[INFO] [1733926917.199243932] [fibonacci_action_server]: Feedback: [2]
[INFO] [1733926917.236366474] [fibonacci_action_server]: Feedback: [2]
[INFO] [1733926917.699476615] [fibonacci_action_server]: Feedback: [5]
[INFO] [1733926917.699535898] [fibonacci_action_server]: Feedback: [3]
[INFO] [1733926917.736789351] [fibonacci_action_server]: Feedback: [3]
[INFO] [1733926918.199631539] [fibonacci_action_server]: Feedback: [8]
[INFO] [1733926918.199669598] [fibonacci_action_server]: Feedback: [5]
[INFO] [1733926918.237195106] [fibonacci_action_server]: Feedback: [5]
[INFO] [1733926918.699866946] [fibonacci_action_server]: Feedback: [13]
[INFO] [1733926918.699884065] [fibonacci_action_server]: Feedback: [8]
[INFO] [1733926918.737695324] [fibonacci_action_server]: Feedback: [8]
[INFO] [1733926919.200216350] [fibonacci_action_server]: Feedback: [21]
[INFO] [1733926919.200255914] [fibonacci_action_server]: Feedback: [13]
[INFO] [1733926919.238059912] [fibonacci_action_server]: Feedback: [13]
[INFO] [1733926919.700462752] [fibonacci_action_server]: Feedback: [21]
[INFO] [1733926919.700519405] [fibonacci_action_server]: Feedback: [34]
[INFO] [1733926919.738382016] [fibonacci_action_server]: Feedback: [21]
[INFO] [1733926920.200723757] [fibonacci_action_server]: Feedback: [34]
[INFO] [1733926920.200800924] [fibonacci_action_server]: Feedback: [55]
[INFO] [1733926920.238659111] [fibonacci_action_server]: Feedback: [34]
[INFO] [1733926920.701158652] [fibonacci_action_server]: Feedback: [55]
[INFO] [1733926920.701246650] [fibonacci_action_server]: Goal succeeded
[INFO] [1733926920.739216747] [fibonacci_action_server]: Feedback: [55]
[INFO] [1733926921.111881013] [fibonacci_action_server]: Received goal request with order 10
[INFO] [1733926921.112106045] [fibonacci_action_server]: Executing goal...
[INFO] [1733926921.112166601] [fibonacci_action_server]: Feedback: [1]
[INFO] [1733926921.201404169] [fibonacci_action_server]: Goal succeeded
[INFO] [1733926921.239515736] [fibonacci_action_server]: Goal succeeded
[INFO] [1733926921.612497012] [fibonacci_action_server]: Feedback: [2]
[INFO] [1733926921.612979679] [fibonacci_action_server]: Received goal request with order 10
[INFO] [1733926921.613218821] [fibonacci_action_server]: Executing goal...
[INFO] [1733926921.613272938] [fibonacci_action_server]: Feedback: [1]
[INFO] [1733926921.653042416] [fibonacci_action_server]: Received goal request with order 10
[INFO] [1733926921.653212612] [fibonacci_action_server]: Executing goal...
[INFO] [1733926921.653279332] [fibonacci_action_server]: Feedback: [1]
[INFO] [1733926922.112738767] [fibonacci_action_server]: Feedback: [3]
[INFO] [1733926922.113394326] [fibonacci_action_server]: Feedback: [2]
[INFO] [1733926922.153456784] [fibonacci_action_server]: Feedback: [2]
[INFO] [1733926922.613061110] [fibonacci_action_server]: Feedback: [5]
[INFO] [1733926922.613490841] [fibonacci_action_server]: Feedback: [3]
[INFO] [1733926922.653987152] [fibonacci_action_server]: Feedback: [3]
[INFO] [1733926923.113579692] [fibonacci_action_server]: Feedback: [8]
[INFO] [1733926923.113612837] [fibonacci_action_server]: Feedback: [5]
[INFO] [1733926923.154420041] [fibonacci_action_server]: Feedback: [5]
[INFO] [1733926923.613990303] [fibonacci_action_server]: Feedback: [13]
[INFO] [1733926923.614058575] [fibonacci_action_server]: Feedback: [8]
[INFO] [1733926923.654913797] [fibonacci_action_server]: Feedback: [8]
[INFO] [1733926924.114241961] [fibonacci_action_server]: Feedback: [21]
[INFO] [1733926924.114307259] [fibonacci_action_server]: Feedback: [13]
[INFO] [1733926924.155468185] [fibonacci_action_server]: Feedback: [13]
[INFO] [1733926924.614484669] [fibonacci_action_server]: Feedback: [34]
[INFO] [1733926924.614520064] [fibonacci_action_server]: Feedback: [21]
[INFO] [1733926924.655967048] [fibonacci_action_server]: Feedback: [21]
[INFO] [1733926925.114940174] [fibonacci_action_server]: Feedback: [55]
[INFO] [1733926925.115067583] [fibonacci_action_server]: Feedback: [34]
[INFO] [1733926925.156235436] [fibonacci_action_server]: Feedback: [34]
[INFO] [1733926925.615320253] [fibonacci_action_server]: Goal succeeded
[INFO] [1733926925.615356354] [fibonacci_action_server]: Feedback: [55]
[INFO] [1733926925.656612929] [fibonacci_action_server]: Feedback: [55]
[INFO] [1733926926.027441356] [fibonacci_action_server]: Received goal request with order 10
[INFO] [1733926926.027645711] [fibonacci_action_server]: Executing goal...
[INFO] [1733926926.027717371] [fibonacci_action_server]: Feedback: [1]
[INFO] [1733926926.115702812] [fibonacci_action_server]: Goal succeeded
[INFO] [1733926926.157133495] [fibonacci_action_server]: Goal succeeded
[INFO] [1733926926.527923294] [fibonacci_action_server]: Feedback: [2]
[INFO] [1733926926.528605196] [fibonacci_action_server]: Received goal request with order 10
[INFO] [1733926926.528743095] [fibonacci_action_server]: Executing goal...
[INFO] [1733926926.528799519] [fibonacci_action_server]: Feedback: [1]
[INFO] [1733926926.569860748] [fibonacci_action_server]: Received goal request with order 10
[INFO] [1733926926.570081975] [fibonacci_action_server]: Executing goal...
[INFO] [1733926926.570137499] [fibonacci_action_server]: Feedback: [1]
[INFO] [1733926927.028287984] [fibonacci_action_server]: Feedback: [3]
[INFO] [1733926927.029054944] [fibonacci_action_server]: Feedback: [2]
[INFO] [1733926927.070460908] [fibonacci_action_server]: Feedback: [2]
[INFO] [1733926927.528514844] [fibonacci_action_server]: Feedback: [5]
[INFO] [1733926927.529208915] [fibonacci_action_server]: Feedback: [3]
[INFO] [1733926927.570980136] [fibonacci_action_server]: Feedback: [3]
[INFO] [1733926928.028707253] [fibonacci_action_server]: Feedback: [8]
[INFO] [1733926928.029457596] [fibonacci_action_server]: Feedback: [5]
[INFO] [1733926928.071217601] [fibonacci_action_server]: Feedback: [5]
[INFO] [1733926928.528920700] [fibonacci_action_server]: Feedback: [13]
[INFO] [1733926928.529644332] [fibonacci_action_server]: Feedback: [8]
[INFO] [1733926928.571488813] [fibonacci_action_server]: Feedback: [8]
[INFO] [1733926929.029159350] [fibonacci_action_server]: Feedback: [21]
[INFO] [1733926929.029808683] [fibonacci_action_server]: Feedback: [13]
[INFO] [1733926929.071786086] [fibonacci_action_server]: Feedback: [13]
[INFO] [1733926929.529377389] [fibonacci_action_server]: Feedback: [34]
[INFO] [1733926929.529966492] [fibonacci_action_server]: Feedback: [21]
[INFO] [1733926929.572027672] [fibonacci_action_server]: Feedback: [21]
[INFO] [1733926930.029687497] [fibonacci_action_server]: Feedback: [55]
[INFO] [1733926930.030115485] [fibonacci_action_server]: Feedback: [34]
[INFO] [1733926930.072243235] [fibonacci_action_server]: Feedback: [34]
[INFO] [1733926930.530174338] [fibonacci_action_server]: Goal succeeded
[INFO] [1733926930.530304807] [fibonacci_action_server]: Feedback: [55]
[INFO] [1733926930.572473485] [fibonacci_action_server]: Feedback: [55]
[INFO] [1733926930.941855951] [fibonacci_action_server]: Received goal request with order 10
[INFO] [1733926930.942031462] [fibonacci_action_server]: Executing goal...
[INFO] [1733926930.942127408] [fibonacci_action_server]: Feedback: [1]
[INFO] [1733926931.030612046] [fibonacci_action_server]: Goal succeeded
[INFO] [1733926931.072967523] [fibonacci_action_server]: Goal succeeded
[INFO] [1733926931.442323679] [fibonacci_action_server]: Feedback: [2]
[INFO] [1733926931.442859160] [fibonacci_action_server]: Received goal request with order 10
[INFO] [1733926931.443029463] [fibonacci_action_server]: Executing goal...
[INFO] [1733926931.443088729] [fibonacci_action_server]: Feedback: [1]
[INFO] [1733926931.486015264] [fibonacci_action_server]: Received goal request with order 10
[INFO] [1733926931.486182757] [fibonacci_action_server]: Executing goal...
[INFO] [1733926931.486241631] [fibonacci_action_server]: Feedback: [1]
[INFO] [1733926931.942830594] [fibonacci_action_server]: Feedback: [3]
[INFO] [1733926931.943207213] [fibonacci_action_server]: Feedback: [2]
[INFO] [1733926931.986433852] [fibonacci_action_server]: Feedback: [2]
[INFO] [1733926932.443150912] [fibonacci_action_server]: Feedback: [5]
[INFO] [1733926932.443366171] [fibonacci_action_server]: Feedback: [3]
[INFO] [1733926932.486970615] [fibonacci_action_server]: Feedback: [3]
[INFO] [1733926932.943787926] [fibonacci_action_server]: Feedback: [8]
[INFO] [1733926932.943820131] [fibonacci_action_server]: Feedback: [5]
[INFO] [1733926932.987220339] [fibonacci_action_server]: Feedback: [5]
[INFO] [1733926933.444018972] [fibonacci_action_server]: Feedback: [13]
[INFO] [1733926933.444040424] [fibonacci_action_server]: Feedback: [8]
[INFO] [1733926933.487428669] [fibonacci_action_server]: Feedback: [8]
[INFO] [1733926933.944240099] [fibonacci_action_server]: Feedback: [21]
[INFO] [1733926933.944259748] [fibonacci_action_server]: Feedback: [13]
[INFO] [1733926933.987989578] [fibonacci_action_server]: Feedback: [13]
[INFO] [1733926934.444691291] [fibonacci_action_server]: Feedback: [34]
[INFO] [1733926934.444739095] [fibonacci_action_server]: Feedback: [21]
[INFO] [1733926934.488325971] [fibonacci_action_server]: Feedback: [21]
[INFO] [1733926934.945065881] [fibonacci_action_server]: Feedback: [55]
[INFO] [1733926934.945161963] [fibonacci_action_server]: Feedback: [34]
[INFO] [1733926934.988555860] [fibonacci_action_server]: Feedback: [34]
[INFO] [1733926935.445593179] [fibonacci_action_server]: Feedback: [55]
[INFO] [1733926935.445673944] [fibonacci_action_server]: Goal succeeded
[INFO] [1733926935.488961453] [fibonacci_action_server]: Feedback: [55]
[INFO] [1733926935.856546773] [fibonacci_action_server]: Received goal request with order 10
[INFO] [1733926935.856670566] [fibonacci_action_server]: Executing goal...
[INFO] [1733926935.856725427] [fibonacci_action_server]: Feedback: [1]
[INFO] [1733926935.946156638] [fibonacci_action_server]: Goal succeeded
[INFO] [1733926935.989394143] [fibonacci_action_server]: Goal succeeded
[INFO] [1733926936.357133842] [fibonacci_action_server]: Feedback: [2]
[INFO] [1733926936.358362164] [fibonacci_action_server]: Received goal request with order 10
[INFO] [1733926936.358556132] [fibonacci_action_server]: Executing goal...
[INFO] [1733926936.358610880] [fibonacci_action_server]: Feedback: [1]
[INFO] [1733926936.402000553] [fibonacci_action_server]: Received goal request with order 10
[INFO] [1733926936.402465471] [fibonacci_action_server]: Executing goal...
[INFO] [1733926936.402564288] [fibonacci_action_server]: Feedback: [1]
[INFO] [1733926936.857738428] [fibonacci_action_server]: Feedback: [3]
[INFO] [1733926936.858895477] [fibonacci_action_server]: Feedback: [2]
[INFO] [1733926936.903068221] [fibonacci_action_server]: Feedback: [2]
[INFO] [1733926937.358204898] [fibonacci_action_server]: Feedback: [5]
[INFO] [1733926937.359211340] [fibonacci_action_server]: Feedback: [3]
[INFO] [1733926937.403449540] [fibonacci_action_server]: Feedback: [3]
[INFO] [1733926937.858783499] [fibonacci_action_server]: Feedback: [8]
[INFO] [1733926937.859530117] [fibonacci_action_server]: Feedback: [5]
[INFO] [1733926937.904021110] [fibonacci_action_server]: Feedback: [5]
[INFO] [1733926938.359342841] [fibonacci_action_server]: Feedback: [13]
[INFO] [1733926938.359707562] [fibonacci_action_server]: Feedback: [8]
[INFO] [1733926938.404382683] [fibonacci_action_server]: Feedback: [8]
[INFO] [1733926938.859919941] [fibonacci_action_server]: Feedback: [13]
[INFO] [1733926938.859954278] [fibonacci_action_server]: Feedback: [21]
[INFO] [1733926938.904817273] [fibonacci_action_server]: Feedback: [13]
[INFO] [1733926939.360111722] [fibonacci_action_server]: Feedback: [21]
[INFO] [1733926939.360195970] [fibonacci_action_server]: Feedback: [34]
[INFO] [1733926939.405337617] [fibonacci_action_server]: Feedback: [21]
[INFO] [1733926939.860531898] [fibonacci_action_server]: Feedback: [55]
[INFO] [1733926939.860570237] [fibonacci_action_server]: Feedback: [34]
[INFO] [1733926939.905851675] [fibonacci_action_server]: Feedback: [34]
[INFO] [1733926940.360973996] [fibonacci_action_server]: Feedback: [55]
[INFO] [1733926940.361044253] [fibonacci_action_server]: Goal succeeded
[INFO] [1733926940.406142273] [fibonacci_action_server]: Feedback: [55]
[INFO] [1733926940.772971523] [fibonacci_action_server]: Received goal request with order 10
[INFO] [1733926940.773257340] [fibonacci_action_server]: Executing goal...
[INFO] [1733926940.773392457] [fibonacci_action_server]: Feedback: [1]
[INFO] [1733926940.861401543] [fibonacci_action_server]: Goal succeeded
[INFO] [1733926940.906422762] [fibonacci_action_server]: Goal succeeded
[INFO] [1733926941.273699769] [fibonacci_action_server]: Feedback: [2]
[INFO] [1733926941.274855441] [fibonacci_action_server]: Received goal request with order 10
[INFO] [1733926941.274970435] [fibonacci_action_server]: Executing goal...
[INFO] [1733926941.275024769] [fibonacci_action_server]: Feedback: [1]
[INFO] [1733926941.320146359] [fibonacci_action_server]: Received goal request with order 10
[INFO] [1733926941.320332144] [fibonacci_action_server]: Executing goal...
[INFO] [1733926941.320425715] [fibonacci_action_server]: Feedback: [1]
[INFO] [1733926941.774242362] [fibonacci_action_server]: Feedback: [3]
[INFO] [1733926941.775199128] [fibonacci_action_server]: Feedback: [2]
[INFO] [1733926941.820772186] [fibonacci_action_server]: Feedback: [2]
[INFO] [1733926942.274773048] [fibonacci_action_server]: Feedback: [5]
[INFO] [1733926942.275492783] [fibonacci_action_server]: Feedback: [3]
[INFO] [1733926942.321164412] [fibonacci_action_server]: Feedback: [3]
[INFO] [1733926942.775378105] [fibonacci_action_server]: Feedback: [8]
[INFO] [1733926942.775740442] [fibonacci_action_server]: Feedback: [5]
[INFO] [1733926942.821396341] [fibonacci_action_server]: Feedback: [5]
[INFO] [1733926943.275976082] [fibonacci_action_server]: Feedback: [13]
[INFO] [1733926943.276001131] [fibonacci_action_server]: Feedback: [8]
[INFO] [1733926943.321946864] [fibonacci_action_server]: Feedback: [8]
[INFO] [1733926943.776204300] [fibonacci_action_server]: Feedback: [21]
[INFO] [1733926943.776232841] [fibonacci_action_server]: Feedback: [13]
[INFO] [1733926943.822467317] [fibonacci_action_server]: Feedback: [13]
[INFO] [1733926944.276469486] [fibonacci_action_server]: Feedback: [34]
[INFO] [1733926944.276499765] [fibonacci_action_server]: Feedback: [21]
[INFO] [1733926944.322974469] [fibonacci_action_server]: Feedback: [21]
[INFO] [1733926944.776698216] [fibonacci_action_server]: Feedback: [55]
[INFO] [1733926944.776729832] [fibonacci_action_server]: Feedback: [34]
[INFO] [1733926944.823560638] [fibonacci_action_server]: Feedback: [34]
[INFO] [1733926945.276999532] [fibonacci_action_server]: Goal succeeded
[INFO] [1733926945.277042738] [fibonacci_action_server]: Feedback: [55]
[INFO] [1733926945.323777799] [fibonacci_action_server]: Feedback: [55]
[INFO] [1733926945.689166520] [fibonacci_action_server]: Received goal request with order 10
[INFO] [1733926945.689407728] [fibonacci_action_server]: Executing goal...
[INFO] [1733926945.689499442] [fibonacci_action_server]: Feedback: [1]
[INFO] [1733926945.777358908] [fibonacci_action_server]: Goal succeeded
[INFO] [1733926945.824050043] [fibonacci_action_server]: Goal succeeded
[INFO] [1733926946.189701736] [fibonacci_action_server]: Feedback: [2]
[INFO] [1733926946.190854574] [fibonacci_action_server]: Received goal request with order 10
[INFO] [1733926946.191114109] [fibonacci_action_server]: Executing goal...
[INFO] [1733926946.191212134] [fibonacci_action_server]: Feedback: [1]
[INFO] [1733926946.239361324] [fibonacci_action_server]: Received goal request with order 10
[INFO] [1733926946.239619900] [fibonacci_action_server]: Executing goal...
[INFO] [1733926946.239721113] [fibonacci_action_server]: Feedback: [1]
[INFO] [1733926946.690220080] [fibonacci_action_server]: Feedback: [3]
[INFO] [1733926946.691499928] [fibonacci_action_server]: Feedback: [2]
[INFO] [1733926946.739899847] [fibonacci_action_server]: Feedback: [2]
[INFO] [1733926947.190446593] [fibonacci_action_server]: Feedback: [5]
[INFO] [1733926947.191653691] [fibonacci_action_server]: Feedback: [3]
[INFO] [1733926947.240137089] [fibonacci_action_server]: Feedback: [3]
[INFO] [1733926947.691009770] [fibonacci_action_server]: Feedback: [8]
[INFO] [1733926947.691811753] [fibonacci_action_server]: Feedback: [5]
[INFO] [1733926947.740349230] [fibonacci_action_server]: Feedback: [5]
[INFO] [1733926948.191582713] [fibonacci_action_server]: Feedback: [13]
[INFO] [1733926948.191959848] [fibonacci_action_server]: Feedback: [8]
[INFO] [1733926948.240939485] [fibonacci_action_server]: Feedback: [8]
[INFO] [1733926948.691979894] [fibonacci_action_server]: Feedback: [21]
[INFO] [1733926948.692165330] [fibonacci_action_server]: Feedback: [13]
[INFO] [1733926948.741408282] [fibonacci_action_server]: Feedback: [13]
[INFO] [1733926949.192351035] [fibonacci_action_server]: Feedback: [34]
[INFO] [1733926949.192416693] [fibonacci_action_server]: Feedback: [21]
[INFO] [1733926949.241918179] [fibonacci_action_server]: Feedback: [21]
[INFO] [1733926949.692754418] [fibonacci_action_server]: Feedback: [55]
[INFO] [1733926949.693585691] [fibonacci_action_server]: Feedback: [34]
[INFO] [1733926949.742218677] [fibonacci_action_server]: Feedback: [34]
[INFO] [1733926950.193130065] [fibonacci_action_server]: Goal succeeded
[INFO] [1733926950.194152944] [fibonacci_action_server]: Feedback: [55]
[INFO] [1733926950.242481588] [fibonacci_action_server]: Feedback: [55]
[INFO] [1733926950.604631833] [fibonacci_action_server]: Received goal request with order 10
[INFO] [1733926950.604776614] [fibonacci_action_server]: Executing goal...
[INFO] [1733926950.604849209] [fibonacci_action_server]: Feedback: [1]
[INFO] [1733926950.694479204] [fibonacci_action_server]: Goal succeeded
[INFO] [1733926950.742877491] [fibonacci_action_server]: Goal succeeded
[INFO] [1733926951.105173102] [fibonacci_action_server]: Feedback: [2]
[INFO] [1733926951.105782043] [fibonacci_action_server]: Received goal request with order 10
[INFO] [1733926951.105903757] [fibonacci_action_server]: Executing goal...
[INFO] [1733926951.105961223] [fibonacci_action_server]: Feedback: [1]
[INFO] [1733926951.156450346] [fibonacci_action_server]: Received goal request with order 10
[INFO] [1733926951.156639268] [fibonacci_action_server]: Executing goal...
[INFO] [1733926951.156711684] [fibonacci_action_server]: Feedback: [1]
[INFO] [1733926951.605637179] [fibonacci_action_server]: Feedback: [3]
[INFO] [1733926951.606242414] [fibonacci_action_server]: Feedback: [2]
[INFO] [1733926951.656989853] [fibonacci_action_server]: Feedback: [2]
[INFO] [1733926952.106078453] [fibonacci_action_server]: Feedback: [5]
[INFO] [1733926952.106387099] [fibonacci_action_server]: Feedback: [3]
[INFO] [1733926952.157490786] [fibonacci_action_server]: Feedback: [3]
[INFO] [1733926952.606705206] [fibonacci_action_server]: Feedback: [8]
[INFO] [1733926952.606932867] [fibonacci_action_server]: Feedback: [5]
[INFO] [1733926952.657726463] [fibonacci_action_server]: Feedback: [5]
[INFO] [1733926953.107289273] [fibonacci_action_server]: Feedback: [13]
[INFO] [1733926953.107308140] [fibonacci_action_server]: Feedback: [8]
[INFO] [1733926953.157957419] [fibonacci_action_server]: Feedback: [8]
[INFO] [1733926953.607674248] [fibonacci_action_server]: Feedback: [21]
[INFO] [1733926953.607734795] [fibonacci_action_server]: Feedback: [13]
[INFO] [1733926953.658176842] [fibonacci_action_server]: Feedback: [13]
[INFO] [1733926954.108057106] [fibonacci_action_server]: Feedback: [34]
[INFO] [1733926954.108093271] [fibonacci_action_server]: Feedback: [21]
[INFO] [1733926954.158509179] [fibonacci_action_server]: Feedback: [21]
[INFO] [1733926954.608459265] [fibonacci_action_server]: Feedback: [55]
[INFO] [1733926954.608487676] [fibonacci_action_server]: Feedback: [34]
[INFO] [1733926954.659072141] [fibonacci_action_server]: Feedback: [34]
[INFO] [1733926955.108789772] [fibonacci_action_server]: Feedback: [55]
[INFO] [1733926955.108903540] [fibonacci_action_server]: Goal succeeded
[INFO] [1733926955.159671943] [fibonacci_action_server]: Feedback: [55]
[INFO] [1733926955.518748368] [fibonacci_action_server]: Received goal request with order 10
[INFO] [1733926955.518889814] [fibonacci_action_server]: Executing goal...
[INFO] [1733926955.518943488] [fibonacci_action_server]: Feedback: [1]
[INFO] [1733926955.609214798] [fibonacci_action_server]: Goal succeeded
[INFO] [1733926955.659985958] [fibonacci_action_server]: Goal succeeded
[INFO] [1733926956.019217269] [fibonacci_action_server]: Feedback: [2]
[INFO] [1733926956.019892575] [fibonacci_action_server]: Received goal request with order 10
[INFO] [1733926956.020010902] [fibonacci_action_server]: Executing goal...
[INFO] [1733926956.020064973] [fibonacci_action_server]: Feedback: [1]
[INFO] [1733926956.072744903] [fibonacci_action_server]: Received goal request with order 10
[INFO] [1733926956.072947343] [fibonacci_action_server]: Executing goal...
[INFO] [1733926956.073061127] [fibonacci_action_server]: Feedback: [1]
[INFO] [1733926956.519457299] [fibonacci_action_server]: Feedback: [3]
[INFO] [1733926956.520219958] [fibonacci_action_server]: Feedback: [2]
[INFO] [1733926956.573536367] [fibonacci_action_server]: Feedback: [2]
[INFO] [1733926957.019706325] [fibonacci_action_server]: Feedback: [5]
[INFO] [1733926957.020381602] [fibonacci_action_server]: Feedback: [3]
[INFO] [1733926957.073798532] [fibonacci_action_server]: Feedback: [3]
[INFO] [1733926957.519951980] [fibonacci_action_server]: Feedback: [8]
[INFO] [1733926957.520542072] [fibonacci_action_server]: Feedback: [5]
[INFO] [1733926957.574008700] [fibonacci_action_server]: Feedback: [5]
[INFO] [1733926958.020331885] [fibonacci_action_server]: Feedback: [13]
[INFO] [1733926958.020693235] [fibonacci_action_server]: Feedback: [8]
[INFO] [1733926958.074259074] [fibonacci_action_server]: Feedback: [8]
[INFO] [1733926958.520826964] [fibonacci_action_server]: Feedback: [21]
[INFO] [1733926958.520915112] [fibonacci_action_server]: Feedback: [13]
[INFO] [1733926958.574486560] [fibonacci_action_server]: Feedback: [13]
[INFO] [1733926959.021037566] [fibonacci_action_server]: Feedback: [34]
[INFO] [1733926959.021069964] [fibonacci_action_server]: Feedback: [21]
[INFO] [1733926959.074734923] [fibonacci_action_server]: Feedback: [21]
[INFO] [1733926959.521262539] [fibonacci_action_server]: Feedback: [55]
[INFO] [1733926959.521282628] [fibonacci_action_server]: Feedback: [34]
[INFO] [1733926959.575062814] [fibonacci_action_server]: Feedback: [34]
[INFO] [1733926960.021671846] [fibonacci_action_server]: Goal succeeded
[INFO] [1733926960.021698591] [fibonacci_action_server]: Feedback: [55]
[INFO] [1733926960.075671934] [fibonacci_action_server]: Feedback: [55]
[INFO] [1733926960.434378469] [fibonacci_action_server]: Received goal request with order 10
[INFO] [1733926960.434586538] [fibonacci_action_server]: Executing goal...
[INFO] [1733926960.434661556] [fibonacci_action_server]: Feedback: [1]
[INFO] [1733926960.521981816] [fibonacci_action_server]: Goal succeeded
[INFO] [1733926960.576053896] [fibonacci_action_server]: Goal succeeded
[INFO] [1733926960.934819370] [fibonacci_action_server]: Feedback: [2]
[INFO] [1733926960.936411173] [fibonacci_action_server]: Received goal request with order 10
[INFO] [1733926960.936654950] [fibonacci_action_server]: Executing goal...
[INFO] [1733926960.936724291] [fibonacci_action_server]: Feedback: [1]
[INFO] [1733926960.989712238] [fibonacci_action_server]: Received goal request with order 10
[INFO] [1733926960.989938934] [fibonacci_action_server]: Executing goal...
[INFO] [1733926960.989994141] [fibonacci_action_server]: Feedback: [1]
[INFO] [1733926961.435090190] [fibonacci_action_server]: Feedback: [3]
[INFO] [1733926961.436906380] [fibonacci_action_server]: Feedback: [2]
[INFO] [1733926961.490277640] [fibonacci_action_server]: Feedback: [2]
[INFO] [1733926961.935493598] [fibonacci_action_server]: Feedback: [5]
[INFO] [1733926961.937133877] [fibonacci_action_server]: Feedback: [3]
[INFO] [1733926961.990819501] [fibonacci_action_server]: Feedback: [3]
[INFO] [1733926962.435852479] [fibonacci_action_server]: Feedback: [8]
[INFO] [1733926962.437326577] [fibonacci_action_server]: Feedback: [5]
[INFO] [1733926962.491453451] [fibonacci_action_server]: Feedback: [5]
[INFO] [1733926962.936087505] [fibonacci_action_server]: Feedback: [13]
[INFO] [1733926962.937482458] [fibonacci_action_server]: Feedback: [8]
[INFO] [1733926962.991952449] [fibonacci_action_server]: Feedback: [8]
[INFO] [1733926963.436295937] [fibonacci_action_server]: Feedback: [21]
[INFO] [1733926963.437666500] [fibonacci_action_server]: Feedback: [13]
[INFO] [1733926963.492197277] [fibonacci_action_server]: Feedback: [13]
[INFO] [1733926963.936616682] [fibonacci_action_server]: Feedback: [34]
[INFO] [1733926963.938082732] [fibonacci_action_server]: Feedback: [21]
[INFO] [1733926963.992398758] [fibonacci_action_server]: Feedback: [21]
[INFO] [1733926964.437010366] [fibonacci_action_server]: Feedback: [55]
[INFO] [1733926964.438437549] [fibonacci_action_server]: Feedback: [34]
[INFO] [1733926964.492653721] [fibonacci_action_server]: Feedback: [34]
[INFO] [1733926964.937444079] [fibonacci_action_server]: Goal succeeded
[INFO] [1733926964.938768678] [fibonacci_action_server]: Feedback: [55]
[INFO] [1733926964.993009906] [fibonacci_action_server]: Feedback: [55]
[INFO] [1733926965.349213282] [fibonacci_action_server]: Received goal request with order 10
[INFO] [1733926965.349403383] [fibonacci_action_server]: Executing goal...
[INFO] [1733926965.349525129] [fibonacci_action_server]: Feedback: [1]
[INFO] [1733926965.439297914] [fibonacci_action_server]: Goal succeeded
[INFO] [1733926965.493312797] [fibonacci_action_server]: Goal succeeded
[INFO] [1733926965.849991306] [fibonacci_action_server]: Feedback: [2]
[INFO] [1733926965.851039091] [fibonacci_action_server]: Received goal request with order 10
[INFO] [1733926965.851250236] [fibonacci_action_server]: Executing goal...
[INFO] [1733926965.851344399] [fibonacci_action_server]: Feedback: [1]
[INFO] [1733926965.905670928] [fibonacci_action_server]: Received goal request with order 10
[INFO] [1733926965.905862080] [fibonacci_action_server]: Executing goal...
[INFO] [1733926965.905959447] [fibonacci_action_server]: Feedback: [1]
[INFO] [1733926966.350420219] [fibonacci_action_server]: Feedback: [3]
[INFO] [1733926966.351710897] [fibonacci_action_server]: Feedback: [2]
[INFO] [1733926966.406169987] [fibonacci_action_server]: Feedback: [2]
[INFO] [1733926966.850959520] [fibonacci_action_server]: Feedback: [5]
[INFO] [1733926966.851880986] [fibonacci_action_server]: Feedback: [3]
[INFO] [1733926966.906532349] [fibonacci_action_server]: Feedback: [3]
[INFO] [1733926967.351519806] [fibonacci_action_server]: Feedback: [8]
[INFO] [1733926967.352170219] [fibonacci_action_server]: Feedback: [5]
[INFO] [1733926967.406780793] [fibonacci_action_server]: Feedback: [5]
[INFO] [1733926967.852036657] [fibonacci_action_server]: Feedback: [13]
[INFO] [1733926967.852325653] [fibonacci_action_server]: Feedback: [8]
[INFO] [1733926967.907418105] [fibonacci_action_server]: Feedback: [8]
[INFO] [1733926968.352359020] [fibonacci_action_server]: Feedback: [21]
[INFO] [1733926968.352478278] [fibonacci_action_server]: Feedback: [13]
[INFO] [1733926968.407956057] [fibonacci_action_server]: Feedback: [13]
[INFO] [1733926968.852550895] [fibonacci_action_server]: Feedback: [34]
[INFO] [1733926968.852633614] [fibonacci_action_server]: Feedback: [21]
[INFO] [1733926968.908392222] [fibonacci_action_server]: Feedback: [21]
[INFO] [1733926969.352982371] [fibonacci_action_server]: Feedback: [55]
[INFO] [1733926969.353014882] [fibonacci_action_server]: Feedback: [34]
[INFO] [1733926969.408774198] [fibonacci_action_server]: Feedback: [34]
[INFO] [1733926969.853432899] [fibonacci_action_server]: Goal succeeded
[INFO] [1733926969.853507741] [fibonacci_action_server]: Feedback: [55]
[INFO] [1733926969.908979928] [fibonacci_action_server]: Feedback: [55]
[INFO] [1733926970.266853406] [fibonacci_action_server]: Received goal request with order 10
[INFO] [1733926970.267159243] [fibonacci_action_server]: Executing goal...
[INFO] [1733926970.267269687] [fibonacci_action_server]: Feedback: [1]
[INFO] [1733926970.353742139] [fibonacci_action_server]: Goal succeeded
[INFO] [1733926970.409294567] [fibonacci_action_server]: Goal succeeded
[INFO] [1733926970.767531933] [fibonacci_action_server]: Feedback: [2]
[INFO] [1733926970.768094917] [fibonacci_action_server]: Received goal request with order 10
[INFO] [1733926970.768435651] [fibonacci_action_server]: Executing goal...
[INFO] [1733926970.768517272] [fibonacci_action_server]: Feedback: [1]
[INFO] [1733926970.823369096] [fibonacci_action_server]: Received goal request with order 10
[INFO] [1733926970.823515571] [fibonacci_action_server]: Executing goal...
[INFO] [1733926970.823582172] [fibonacci_action_server]: Feedback: [1]
[INFO] [1733926971.267880559] [fibonacci_action_server]: Feedback: [3]
[INFO] [1733926971.268681061] [fibonacci_action_server]: Feedback: [2]
[INFO] [1733926971.323954750] [fibonacci_action_server]: Feedback: [2]
[INFO] [1733926971.768311702] [fibonacci_action_server]: Feedback: [5]
[INFO] [1733926971.768901351] [fibonacci_action_server]: Feedback: [3]
[INFO] [1733926971.824350387] [fibonacci_action_server]: Feedback: [3]
[INFO] [1733926972.268720006] [fibonacci_action_server]: Feedback: [8]
[INFO] [1733926972.269096269] [fibonacci_action_server]: Feedback: [5]
[INFO] [1733926972.324717457] [fibonacci_action_server]: Feedback: [5]
[INFO] [1733926972.768953040] [fibonacci_action_server]: Feedback: [13]
[INFO] [1733926972.769229388] [fibonacci_action_server]: Feedback: [8]
[INFO] [1733926972.825098679] [fibonacci_action_server]: Feedback: [8]
[INFO] [1733926973.269316001] [fibonacci_action_server]: Feedback: [21]
[INFO] [1733926973.269384915] [fibonacci_action_server]: Feedback: [13]
[INFO] [1733926973.325603063] [fibonacci_action_server]: Feedback: [13]
[INFO] [1733926973.769855498] [fibonacci_action_server]: Feedback: [34]
[INFO] [1733926973.769887857] [fibonacci_action_server]: Feedback: [21]
[INFO] [1733926973.825986442] [fibonacci_action_server]: Feedback: [21]
[INFO] [1733926974.270390930] [fibonacci_action_server]: Feedback: [34]
[INFO] [1733926974.270419481] [fibonacci_action_server]: Feedback: [55]
[INFO] [1733926974.326170143] [fibonacci_action_server]: Feedback: [34]
[INFO] [1733926974.770904094] [fibonacci_action_server]: Feedback: [55]
[INFO] [1733926974.771022953] [fibonacci_action_server]: Goal succeeded
[INFO] [1733926974.826802527] [fibonacci_action_server]: Feedback: [55]
[INFO] [1733926975.183666144] [fibonacci_action_server]: Received goal request with order 10
[INFO] [1733926975.183905238] [fibonacci_action_server]: Executing goal...
[INFO] [1733926975.184026151] [fibonacci_action_server]: Feedback: [1]
[INFO] [1733926975.271524070] [fibonacci_action_server]: Goal succeeded
[INFO] [1733926975.327337104] [fibonacci_action_server]: Goal succeeded
[INFO] [1733926975.684226871] [fibonacci_action_server]: Feedback: [2]
[INFO] [1733926975.685149672] [fibonacci_action_server]: Received goal request with order 10
[INFO] [1733926975.685329603] [fibonacci_action_server]: Executing goal...
[INFO] [1733926975.685388086] [fibonacci_action_server]: Feedback: [1]
[INFO] [1733926975.739764366] [fibonacci_action_server]: Received goal request with order 10
[INFO] [1733926975.739968447] [fibonacci_action_server]: Executing goal...
[INFO] [1733926975.740027619] [fibonacci_action_server]: Feedback: [1]
[INFO] [1733926976.184529200] [fibonacci_action_server]: Feedback: [3]
[INFO] [1733926976.185599314] [fibonacci_action_server]: Feedback: [2]
[INFO] [1733926976.240351164] [fibonacci_action_server]: Feedback: [2]
[INFO] [1733926976.684901246] [fibonacci_action_server]: Feedback: [5]
[INFO] [1733926976.685919916] [fibonacci_action_server]: Feedback: [3]
[INFO] [1733926976.740789856] [fibonacci_action_server]: Feedback: [3]
[INFO] [1733926977.185096752] [fibonacci_action_server]: Feedback: [8]
[INFO] [1733926977.186110169] [fibonacci_action_server]: Feedback: [5]
[INFO] [1733926977.241146423] [fibonacci_action_server]: Feedback: [5]
[INFO] [1733926977.685331983] [fibonacci_action_server]: Feedback: [13]
[INFO] [1733926977.686258394] [fibonacci_action_server]: Feedback: [8]
[INFO] [1733926977.741460092] [fibonacci_action_server]: Feedback: [8]
[INFO] [1733926978.185566329] [fibonacci_action_server]: Feedback: [21]
[INFO] [1733926978.186442270] [fibonacci_action_server]: Feedback: [13]
[INFO] [1733926978.241687351] [fibonacci_action_server]: Feedback: [13]
[INFO] [1733926978.685809873] [fibonacci_action_server]: Feedback: [34]
[INFO] [1733926978.686698624] [fibonacci_action_server]: Feedback: [21]
[INFO] [1733926978.741907933] [fibonacci_action_server]: Feedback: [21]
[INFO] [1733926979.186391410] [fibonacci_action_server]: Feedback: [55]
[INFO] [1733926979.187008009] [fibonacci_action_server]: Feedback: [34]
[INFO] [1733926979.242158554] [fibonacci_action_server]: Feedback: [34]
[INFO] [1733926979.686670084] [fibonacci_action_server]: Goal succeeded
[INFO] [1733926979.687189408] [fibonacci_action_server]: Feedback: [55]
[INFO] [1733926979.742558766] [fibonacci_action_server]: Feedback: [55]
[INFO] [1733926980.101172215] [fibonacci_action_server]: Received goal request with order 10
[INFO] [1733926980.101319064] [fibonacci_action_server]: Executing goal...
[INFO] [1733926980.101438286] [fibonacci_action_server]: Feedback: [1]
[INFO] [1733926980.187809686] [fibonacci_action_server]: Goal succeeded
[INFO] [1733926980.243333090] [fibonacci_action_server]: Goal succeeded
[INFO] [1733926980.601759588] [fibonacci_action_server]: Feedback: [2]
[INFO] [1733926980.602972919] [fibonacci_action_server]: Received goal request with order 10
[INFO] [1733926980.603191087] [fibonacci_action_server]: Executing goal...
[INFO] [1733926980.603281772] [fibonacci_action_server]: Feedback: [1]
[INFO] [1733926980.657424225] [fibonacci_action_server]: Received goal request with order 10
[INFO] [1733926980.657656893] [fibonacci_action_server]: Executing goal...
[INFO] [1733926980.657759255] [fibonacci_action_server]: Feedback: [1]
[INFO] [1733926981.102288824] [fibonacci_action_server]: Feedback: [3]
[INFO] [1733926981.103592900] [fibonacci_action_server]: Feedback: [2]
[INFO] [1733926981.157955850] [fibonacci_action_server]: Feedback: [2]
[INFO] [1733926981.602682333] [fibonacci_action_server]: Feedback: [5]
[INFO] [1733926981.603757636] [fibonacci_action_server]: Feedback: [3]
[INFO] [1733926981.658447926] [fibonacci_action_server]: Feedback: [3]
[INFO] [1733926982.102927146] [fibonacci_action_server]: Feedback: [8]
[INFO] [1733926982.103881415] [fibonacci_action_server]: Feedback: [5]
[INFO] [1733926982.158700873] [fibonacci_action_server]: Feedback: [5]
[INFO] [1733926982.603264190] [fibonacci_action_server]: Feedback: [13]
[INFO] [1733926982.604164952] [fibonacci_action_server]: Feedback: [8]
[INFO] [1733926982.659274661] [fibonacci_action_server]: Feedback: [8]
[INFO] [1733926983.103460963] [fibonacci_action_server]: Feedback: [21]
[INFO] [1733926983.104347400] [fibonacci_action_server]: Feedback: [13]
[INFO] [1733926983.159805649] [fibonacci_action_server]: Feedback: [13]
[INFO] [1733926983.604028075] [fibonacci_action_server]: Feedback: [34]
[INFO] [1733926983.604486712] [fibonacci_action_server]: Feedback: [21]
[INFO] [1733926983.660135655] [fibonacci_action_server]: Feedback: [21]
[INFO] [1733926984.104403938] [fibonacci_action_server]: Feedback: [55]
[INFO] [1733926984.104637651] [fibonacci_action_server]: Feedback: [34]
[INFO] [1733926984.160408281] [fibonacci_action_server]: Feedback: [34]
[INFO] [1733926984.604813384] [fibonacci_action_server]: Goal succeeded
[INFO] [1733926984.604844495] [fibonacci_action_server]: Feedback: [55]
[INFO] [1733926984.660817647] [fibonacci_action_server]: Feedback: [55]
[INFO] [1733926985.016406550] [fibonacci_action_server]: Received goal request with order 10
[INFO] [1733926985.016545685] [fibonacci_action_server]: Executing goal...
[INFO] [1733926985.016618823] [fibonacci_action_server]: Feedback: [1]
[INFO] [1733926985.105259081] [fibonacci_action_server]: Goal succeeded
[INFO] [1733926985.161236085] [fibonacci_action_server]: Goal succeeded
[INFO] [1733926985.516943416] [fibonacci_action_server]: Feedback: [2]
[INFO] [1733926985.518209759] [fibonacci_action_server]: Received goal request with order 10
[INFO] [1733926985.518425676] [fibonacci_action_server]: Executing goal...
[INFO] [1733926985.518514977] [fibonacci_action_server]: Feedback: [1]
[INFO] [1733926985.573714262] [fibonacci_action_server]: Received goal request with order 10
[INFO] [1733926985.573883608] [fibonacci_action_server]: Executing goal...
[INFO] [1733926985.573940288] [fibonacci_action_server]: Feedback: [1]
[INFO] [1733926986.017578590] [fibonacci_action_server]: Feedback: [3]
[INFO] [1733926986.018788070] [fibonacci_action_server]: Feedback: [2]
[INFO] [1733926986.074088858] [fibonacci_action_server]: Feedback: [2]
[INFO] [1733926986.518096197] [fibonacci_action_server]: Feedback: [5]
[INFO] [1733926986.519210977] [fibonacci_action_server]: Feedback: [3]
[INFO] [1733926986.574598708] [fibonacci_action_server]: Feedback: [3]
[INFO] [1733926987.018608645] [fibonacci_action_server]: Feedback: [8]
[INFO] [1733926987.019544058] [fibonacci_action_server]: Feedback: [5]
[INFO] [1733926987.074964124] [fibonacci_action_server]: Feedback: [5]
[INFO] [1733926987.518979921] [fibonacci_action_server]: Feedback: [13]
[INFO] [1733926987.519758553] [fibonacci_action_server]: Feedback: [8]
[INFO] [1733926987.575308960] [fibonacci_action_server]: Feedback: [8]
[INFO] [1733926988.019214016] [fibonacci_action_server]: Feedback: [21]
[INFO] [1733926988.019934831] [fibonacci_action_server]: Feedback: [13]
[INFO] [1733926988.075710012] [fibonacci_action_server]: Feedback: [13]
[INFO] [1733926988.519424851] [fibonacci_action_server]: Feedback: [34]
[INFO] [1733926988.520065533] [fibonacci_action_server]: Feedback: [21]
[INFO] [1733926988.575930550] [fibonacci_action_server]: Feedback: [21]
[INFO] [1733926989.019967557] [fibonacci_action_server]: Feedback: [55]
[INFO] [1733926989.020243349] [fibonacci_action_server]: Feedback: [34]
[INFO] [1733926989.076300773] [fibonacci_action_server]: Feedback: [34]
[INFO] [1733926989.520426367] [fibonacci_action_server]: Goal succeeded
[INFO] [1733926989.520498754] [fibonacci_action_server]: Feedback: [55]
[INFO] [1733926989.576656059] [fibonacci_action_server]: Feedback: [55]
[INFO] [1733926989.932783992] [fibonacci_action_server]: Received goal request with order 10
[INFO] [1733926989.933073645] [fibonacci_action_server]: Executing goal...
[INFO] [1733926989.933238289] [fibonacci_action_server]: Feedback: [1]
[INFO] [1733926990.020760506] [fibonacci_action_server]: Goal succeeded
[INFO] [1733926990.077202451] [fibonacci_action_server]: Goal succeeded
[INFO] [1733926990.433711501] [fibonacci_action_server]: Feedback: [2]
[INFO] [1733926990.433970633] [fibonacci_action_server]: Received goal request with order 10
[INFO] [1733926990.434177815] [fibonacci_action_server]: Executing goal...
[INFO] [1733926990.434282677] [fibonacci_action_server]: Feedback: [1]
[INFO] [1733926990.489728576] [fibonacci_action_server]: Received goal request with order 10
[INFO] [1733926990.489913375] [fibonacci_action_server]: Executing goal...
[INFO] [1733926990.489994675] [fibonacci_action_server]: Feedback: [1]
[INFO] [1733926990.934037189] [fibonacci_action_server]: Feedback: [3]
[INFO] [1733926990.934538466] [fibonacci_action_server]: Feedback: [2]
[INFO] [1733926990.990464818] [fibonacci_action_server]: Feedback: [2]
[INFO] [1733926991.434289670] [fibonacci_action_server]: Feedback: [5]
[INFO] [1733926991.434723069] [fibonacci_action_server]: Feedback: [3]
[INFO] [1733926991.490740149] [fibonacci_action_server]: Feedback: [3]
[INFO] [1733926991.934504961] [fibonacci_action_server]: Feedback: [8]
[INFO] [1733926991.934874086] [fibonacci_action_server]: Feedback: [5]
[INFO] [1733926991.991154934] [fibonacci_action_server]: Feedback: [5]
[INFO] [1733926992.434903957] [fibonacci_action_server]: Feedback: [13]
[INFO] [1733926992.435005528] [fibonacci_action_server]: Feedback: [8]
[INFO] [1733926992.491406651] [fibonacci_action_server]: Feedback: [8]
[INFO] [1733926992.935498211] [fibonacci_action_server]: Feedback: [13]
[INFO] [1733926992.935518722] [fibonacci_action_server]: Feedback: [21]
[INFO] [1733926992.992010296] [fibonacci_action_server]: Feedback: [13]
[INFO] [1733926993.435795633] [fibonacci_action_server]: Feedback: [21]
[INFO] [1733926993.435820370] [fibonacci_action_server]: Feedback: [34]
[INFO] [1733926993.492248213] [fibonacci_action_server]: Feedback: [21]
[INFO] [1733926993.935959819] [fibonacci_action_server]: Feedback: [34]
[INFO] [1733926993.936003210] [fibonacci_action_server]: Feedback: [55]
[INFO] [1733926993.992792240] [fibonacci_action_server]: Feedback: [34]
[INFO] [1733926994.436288984] [fibonacci_action_server]: Feedback: [55]
[INFO] [1733926994.436427248] [fibonacci_action_server]: Goal succeeded
[INFO] [1733926994.493154487] [fibonacci_action_server]: Feedback: [55]
[INFO] [1733926994.847387734] [fibonacci_action_server]: Received goal request with order 10
[INFO] [1733926994.847566735] [fibonacci_action_server]: Executing goal...
[INFO] [1733926994.847646703] [fibonacci_action_server]: Feedback: [1]
[INFO] [1733926994.936565539] [fibonacci_action_server]: Goal succeeded
[INFO] [1733926994.993654831] [fibonacci_action_server]: Goal succeeded
[INFO] [1733926995.347865785] [fibonacci_action_server]: Feedback: [2]
[INFO] [1733926995.348887934] [fibonacci_action_server]: Received goal request with order 10
[INFO] [1733926995.349071811] [fibonacci_action_server]: Executing goal...
[INFO] [1733926995.349160339] [fibonacci_action_server]: Feedback: [1]
[INFO] [1733926995.404998554] [fibonacci_action_server]: Received goal request with order 10
[INFO] [1733926995.405138784] [fibonacci_action_server]: Executing goal...
[INFO] [1733926995.405228423] [fibonacci_action_server]: Feedback: [1]
[INFO] [1733926995.848091299] [fibonacci_action_server]: Feedback: [3]
[INFO] [1733926995.849469045] [fibonacci_action_server]: Feedback: [2]
[INFO] [1733926995.905415795] [fibonacci_action_server]: Feedback: [2]
[INFO] [1733926996.348275162] [fibonacci_action_server]: Feedback: [5]
[INFO] [1733926996.349726175] [fibonacci_action_server]: Feedback: [3]
[INFO] [1733926996.405904080] [fibonacci_action_server]: Feedback: [3]
[INFO] [1733926996.848599844] [fibonacci_action_server]: Feedback: [8]
[INFO] [1733926996.850004810] [fibonacci_action_server]: Feedback: [5]
[INFO] [1733926996.906427023] [fibonacci_action_server]: Feedback: [5]
[INFO] [1733926997.348867386] [fibonacci_action_server]: Feedback: [13]
[INFO] [1733926997.350159851] [fibonacci_action_server]: Feedback: [8]
[INFO] [1733926997.406692905] [fibonacci_action_server]: Feedback: [8]
[INFO] [1733926997.849292722] [fibonacci_action_server]: Feedback: [21]
[INFO] [1733926997.850460299] [fibonacci_action_server]: Feedback: [13]
[INFO] [1733926997.907288859] [fibonacci_action_server]: Feedback: [13]
[INFO] [1733926998.349597249] [fibonacci_action_server]: Feedback: [34]
[INFO] [1733926998.350790063] [fibonacci_action_server]: Feedback: [21]
[INFO] [1733926998.407489100] [fibonacci_action_server]: Feedback: [21]
[INFO] [1733926998.849832306] [fibonacci_action_server]: Feedback: [55]
[INFO] [1733926998.850986051] [fibonacci_action_server]: Feedback: [34]
[INFO] [1733926998.907698210] [fibonacci_action_server]: Feedback: [34]
[INFO] [1733926999.350377424] [fibonacci_action_server]: Goal succeeded
[INFO] [1733926999.351172223] [fibonacci_action_server]: Feedback: [55]
[INFO] [1733926999.407898675] [fibonacci_action_server]: Feedback: [55]
[INFO] [1733926999.763866572] [fibonacci_action_server]: Received goal request with order 10
[INFO] [1733926999.764094854] [fibonacci_action_server]: Executing goal...
[INFO] [1733926999.764156889] [fibonacci_action_server]: Feedback: [1]
[INFO] [1733926999.851442905] [fibonacci_action_server]: Goal succeeded
[INFO] [1733926999.908166894] [fibonacci_action_server]: Goal succeeded
[INFO] [1733927000.264358184] [fibonacci_action_server]: Feedback: [2]
[INFO] [1733927000.264805880] [fibonacci_action_server]: Received goal request with order 10
[INFO] [1733927000.264960305] [fibonacci_action_server]: Executing goal...
[INFO] [1733927000.265013479] [fibonacci_action_server]: Feedback: [1]
[INFO] [1733927000.323898431] [fibonacci_action_server]: Received goal request with order 10
[INFO] [1733927000.324147323] [fibonacci_action_server]: Executing goal...
[INFO] [1733927000.324277252] [fibonacci_action_server]: Feedback: [1]
[INFO] [1733927000.764596412] [fibonacci_action_server]: Feedback: [3]
[INFO] [1733927000.765157864] [fibonacci_action_server]: Feedback: [2]
[INFO] [1733927000.824595449] [fibonacci_action_server]: Feedback: [2]
[INFO] [1733927001.264801807] [fibonacci_action_server]: Feedback: [5]
[INFO] [1733927001.265263443] [fibonacci_action_server]: Feedback: [3]
[INFO] [1733927001.324846874] [fibonacci_action_server]: Feedback: [3]
[INFO] [1733927001.765107458] [fibonacci_action_server]: Feedback: [8]
[INFO] [1733927001.765387764] [fibonacci_action_server]: Feedback: [5]
[INFO] [1733927001.825255487] [fibonacci_action_server]: Feedback: [5]
[INFO] [1733927002.265461308] [fibonacci_action_server]: Feedback: [13]
[INFO] [1733927002.265540416] [fibonacci_action_server]: Feedback: [8]
[INFO] [1733927002.325704404] [fibonacci_action_server]: Feedback: [8]
[INFO] [1733927002.765713820] [fibonacci_action_server]: Feedback: [21]
[INFO] [1733927002.765735191] [fibonacci_action_server]: Feedback: [13]
[INFO] [1733927002.826100793] [fibonacci_action_server]: Feedback: [13]
[INFO] [1733927003.266245874] [fibonacci_action_server]: Feedback: [21]
[INFO] [1733927003.266279899] [fibonacci_action_server]: Feedback: [34]
[INFO] [1733927003.326423088] [fibonacci_action_server]: Feedback: [21]
[INFO] [1733927003.766612127] [fibonacci_action_server]: Feedback: [34]
[INFO] [1733927003.766637670] [fibonacci_action_server]: Feedback: [55]
[INFO] [1733927003.826652268] [fibonacci_action_server]: Feedback: [34]
[INFO] [1733927004.266918652] [fibonacci_action_server]: Feedback: [55]
[INFO] [1733927004.267080604] [fibonacci_action_server]: Goal succeeded
[INFO] [1733927004.326993201] [fibonacci_action_server]: Feedback: [55]
[INFO] [1733927004.676602268] [fibonacci_action_server]: Received goal request with order 10
[INFO] [1733927004.676917307] [fibonacci_action_server]: Executing goal...
[INFO] [1733927004.677033112] [fibonacci_action_server]: Feedback: [1]
[INFO] [1733927004.767229715] [fibonacci_action_server]: Goal succeeded
[INFO] [1733927004.827642873] [fibonacci_action_server]: Goal succeeded
[INFO] [1733927005.177255001] [fibonacci_action_server]: Feedback: [2]
[INFO] [1733927005.177509163] [fibonacci_action_server]: Received goal request with order 10
[INFO] [1733927005.177698743] [fibonacci_action_server]: Executing goal...
[INFO] [1733927005.177753568] [fibonacci_action_server]: Feedback: [1]
[INFO] [1733927005.240130039] [fibonacci_action_server]: Received goal request with order 10
[INFO] [1733927005.240311253] [fibonacci_action_server]: Executing goal...
[INFO] [1733927005.240415326] [fibonacci_action_server]: Feedback: [1]
[INFO] [1733927005.677621221] [fibonacci_action_server]: Feedback: [3]
[INFO] [1733927005.677864866] [fibonacci_action_server]: Feedback: [2]
[INFO] [1733927005.740561513] [fibonacci_action_server]: Feedback: [2]
[INFO] [1733927006.177908875] [fibonacci_action_server]: Feedback: [5]
[INFO] [1733927006.178014188] [fibonacci_action_server]: Feedback: [3]
[INFO] [1733927006.240921780] [fibonacci_action_server]: Feedback: [3]
[INFO] [1733927006.678177138] [fibonacci_action_server]: Feedback: [8]
[INFO] [1733927006.678209730] [fibonacci_action_server]: Feedback: [5]
[INFO] [1733927006.741171334] [fibonacci_action_server]: Feedback: [5]
[INFO] [1733927007.178392976] [fibonacci_action_server]: Feedback: [13]
[INFO] [1733927007.178462988] [fibonacci_action_server]: Feedback: [8]
[INFO] [1733927007.241633775] [fibonacci_action_server]: Feedback: [8]
[INFO] [1733927007.678658557] [fibonacci_action_server]: Feedback: [21]
[INFO] [1733927007.678729161] [fibonacci_action_server]: Feedback: [13]
[INFO] [1733927007.741884711] [fibonacci_action_server]: Feedback: [13]
[INFO] [1733927008.179042553] [fibonacci_action_server]: Feedback: [34]
[INFO] [1733927008.179383697] [fibonacci_action_server]: Feedback: [21]
[INFO] [1733927008.242215264] [fibonacci_action_server]: Feedback: [21]
[INFO] [1733927008.679378826] [fibonacci_action_server]: Feedback: [55]
[INFO] [1733927008.679528325] [fibonacci_action_server]: Feedback: [34]
[INFO] [1733927008.742558209] [fibonacci_action_server]: Feedback: [34]
[INFO] [1733927009.179886707] [fibonacci_action_server]: Goal succeeded
[INFO] [1733927009.179994241] [fibonacci_action_server]: Feedback: [55]
[INFO] [1733927009.242910414] [fibonacci_action_server]: Feedback: [55]
[INFO] [1733927009.590172588] [fibonacci_action_server]: Received goal request with order 10
[INFO] [1733927009.590356309] [fibonacci_action_server]: Executing goal...
[INFO] [1733927009.590430172] [fibonacci_action_server]: Feedback: [1]
[INFO] [1733927009.680305130] [fibonacci_action_server]: Goal succeeded
[INFO] [1733927009.743320275] [fibonacci_action_server]: Goal succeeded
[INFO] [1733927010.090640853] [fibonacci_action_server]: Feedback: [2]
[INFO] [1733927010.091088354] [fibonacci_action_server]: Received goal request with order 10
[INFO] [1733927010.091264918] [fibonacci_action_server]: Executing goal...
[INFO] [1733927010.091338281] [fibonacci_action_server]: Feedback: [1]
[INFO] [1733927010.154725755] [fibonacci_action_server]: Received goal request with order 10
[INFO] [1733927010.154891679] [fibonacci_action_server]: Executing goal...
[INFO] [1733927010.154950594] [fibonacci_action_server]: Feedback: [1]
[INFO] [1733927010.590870642] [fibonacci_action_server]: Feedback: [3]
[INFO] [1733927010.591447799] [fibonacci_action_server]: Feedback: [2]
[INFO] [1733927010.655162016] [fibonacci_action_server]: Feedback: [2]
[INFO] [1733927011.091389890] [fibonacci_action_server]: Feedback: [5]
[INFO] [1733927011.091666496] [fibonacci_action_server]: Feedback: [3]
[INFO] [1733927011.155411741] [fibonacci_action_server]: Feedback: [3]
[INFO] [1733927011.591593418] [fibonacci_action_server]: Feedback: [8]
[INFO] [1733927011.591846203] [fibonacci_action_server]: Feedback: [5]
[INFO] [1733927011.655965830] [fibonacci_action_server]: Feedback: [5]
[INFO] [1733927012.091802244] [fibonacci_action_server]: Feedback: [13]
[INFO] [1733927012.092005977] [fibonacci_action_server]: Feedback: [8]
[INFO] [1733927012.156272865] [fibonacci_action_server]: Feedback: [8]
[INFO] [1733927012.592057498] [fibonacci_action_server]: Feedback: [21]
[INFO] [1733927012.592161902] [fibonacci_action_server]: Feedback: [13]
[INFO] [1733927012.656636661] [fibonacci_action_server]: Feedback: [13]
[INFO] [1733927013.092296966] [fibonacci_action_server]: Feedback: [34]
[INFO] [1733927013.092333992] [fibonacci_action_server]: Feedback: [21]
[INFO] [1733927013.156850486] [fibonacci_action_server]: Feedback: [21]
[INFO] [1733927013.592702098] [fibonacci_action_server]: Feedback: [55]
[INFO] [1733927013.592720329] [fibonacci_action_server]: Feedback: [34]
[INFO] [1733927013.657191195] [fibonacci_action_server]: Feedback: [34]
[INFO] [1733927014.093032548] [fibonacci_action_server]: Feedback: [55]
[INFO] [1733927014.093159349] [fibonacci_action_server]: Goal succeeded
[INFO] [1733927014.157453812] [fibonacci_action_server]: Feedback: [55]
[INFO] [1733927014.504469566] [fibonacci_action_server]: Received goal request with order 10
[INFO] [1733927014.504707336] [fibonacci_action_server]: Executing goal...
[INFO] [1733927014.504770490] [fibonacci_action_server]: Feedback: [1]
[INFO] [1733927014.593627200] [fibonacci_action_server]: Goal succeeded
[INFO] [1733927014.657761578] [fibonacci_action_server]: Goal succeeded
[INFO] [1733927015.005057186] [fibonacci_action_server]: Feedback: [2]
[INFO] [1733927015.005527469] [fibonacci_action_server]: Received goal request with order 10
[INFO] [1733927015.005689691] [fibonacci_action_server]: Executing goal...
[INFO] [1733927015.005796563] [fibonacci_action_server]: Feedback: [1]
[INFO] [1733927015.069587174] [fibonacci_action_server]: Received goal request with order 10
[INFO] [1733927015.069749494] [fibonacci_action_server]: Executing goal...
[INFO] [1733927015.069868641] [fibonacci_action_server]: Feedback: [1]
[INFO] [1733927015.505497596] [fibonacci_action_server]: Feedback: [3]
[INFO] [1733927015.506057678] [fibonacci_action_server]: Feedback: [2]
[INFO] [1733927015.570039955] [fibonacci_action_server]: Feedback: [2]
[INFO] [1733927016.005874880] [fibonacci_action_server]: Feedback: [5]
[INFO] [1733927016.006197266] [fibonacci_action_server]: Feedback: [3]
[INFO] [1733927016.070337581] [fibonacci_action_server]: Feedback: [3]
[INFO] [1733927016.506093593] [fibonacci_action_server]: Feedback: [8]
[INFO] [1733927016.506303979] [fibonacci_action_server]: Feedback: [5]
[INFO] [1733927016.570591560] [fibonacci_action_server]: Feedback: [5]
[INFO] [1733927017.006320274] [fibonacci_action_server]: Feedback: [13]
[INFO] [1733927017.006480356] [fibonacci_action_server]: Feedback: [8]
[INFO] [1733927017.070830785] [fibonacci_action_server]: Feedback: [8]
[INFO] [1733927017.506550204] [fibonacci_action_server]: Feedback: [21]
[INFO] [1733927017.506673214] [fibonacci_action_server]: Feedback: [13]
[INFO] [1733927017.571117974] [fibonacci_action_server]: Feedback: [13]
[INFO] [1733927018.006727553] [fibonacci_action_server]: Feedback: [34]
[INFO] [1733927018.006778831] [fibonacci_action_server]: Feedback: [21]
[INFO] [1733927018.071389735] [fibonacci_action_server]: Feedback: [21]
[INFO] [1733927018.507258324] [fibonacci_action_server]: Feedback: [55]
[INFO] [1733927018.507322564] [fibonacci_action_server]: Feedback: [34]
[INFO] [1733927018.571971598] [fibonacci_action_server]: Feedback: [34]
[INFO] [1733927019.007528432] [fibonacci_action_server]: Goal succeeded
[INFO] [1733927019.007628955] [fibonacci_action_server]: Feedback: [55]
[INFO] [1733927019.072159683] [fibonacci_action_server]: Feedback: [55]
[INFO] [1733927019.418571348] [fibonacci_action_server]: Received goal request with order 10
[INFO] [1733927019.418861619] [fibonacci_action_server]: Executing goal...
[INFO] [1733927019.418960053] [fibonacci_action_server]: Feedback: [1]
[INFO] [1733927019.507866961] [fibonacci_action_server]: Goal succeeded
[INFO] [1733927019.572581888] [fibonacci_action_server]: Goal succeeded
[INFO] [1733927019.919495196] [fibonacci_action_server]: Feedback: [2]
[INFO] [1733927019.919765649] [fibonacci_action_server]: Received goal request with order 10
[INFO] [1733927019.919978698] [fibonacci_action_server]: Executing goal...
[INFO] [1733927019.920078362] [fibonacci_action_server]: Feedback: [1]
[INFO] [1733927019.987534646] [fibonacci_action_server]: Received goal request with order 10
[INFO] [1733927019.987785355] [fibonacci_action_server]: Executing goal...
[INFO] [1733927019.987886226] [fibonacci_action_server]: Feedback: [1]
[INFO] [1733927020.419728876] [fibonacci_action_server]: Feedback: [3]
[INFO] [1733927020.420270159] [fibonacci_action_server]: Feedback: [2]
[INFO] [1733927020.488169585] [fibonacci_action_server]: Feedback: [2]
[INFO] [1733927020.919948625] [fibonacci_action_server]: Feedback: [5]
[INFO] [1733927020.920379960] [fibonacci_action_server]: Feedback: [3]
[INFO] [1733927020.988508414] [fibonacci_action_server]: Feedback: [3]
[INFO] [1733927021.420173364] [fibonacci_action_server]: Feedback: [8]
[INFO] [1733927021.420503422] [fibonacci_action_server]: Feedback: [5]
[INFO] [1733927021.488755916] [fibonacci_action_server]: Feedback: [5]
[INFO] [1733927021.920527964] [fibonacci_action_server]: Feedback: [13]
[INFO] [1733927021.920632753] [fibonacci_action_server]: Feedback: [8]
[INFO] [1733927021.988992222] [fibonacci_action_server]: Feedback: [8]
[INFO] [1733927022.420919504] [fibonacci_action_server]: Feedback: [21]
[INFO] [1733927022.420966446] [fibonacci_action_server]: Feedback: [13]
[INFO] [1733927022.489334796] [fibonacci_action_server]: Feedback: [13]
[INFO] [1733927022.921240854] [fibonacci_action_server]: Feedback: [34]
[INFO] [1733927022.921284339] [fibonacci_action_server]: Feedback: [21]
[INFO] [1733927022.989653659] [fibonacci_action_server]: Feedback: [21]
[INFO] [1733927023.421521993] [fibonacci_action_server]: Feedback: [55]
[INFO] [1733927023.421566932] [fibonacci_action_server]: Feedback: [34]
[INFO] [1733927023.490188654] [fibonacci_action_server]: Feedback: [34]
[INFO] [1733927023.921830636] [fibonacci_action_server]: Goal succeeded
[INFO] [1733927023.921895263] [fibonacci_action_server]: Feedback: [55]
[INFO] [1733927023.990392047] [fibonacci_action_server]: Feedback: [55]
[INFO] [1733927024.332278982] [fibonacci_action_server]: Received goal request with order 10
[INFO] [1733927024.332443039] [fibonacci_action_server]: Executing goal...
[INFO] [1733927024.332558802] [fibonacci_action_server]: Feedback: [1]
[INFO] [1733927024.422190357] [fibonacci_action_server]: Goal succeeded
[INFO] [1733927024.490710245] [fibonacci_action_server]: Goal succeeded
[INFO] [1733927024.832867917] [fibonacci_action_server]: Feedback: [2]
[INFO] [1733927024.833594329] [fibonacci_action_server]: Received goal request with order 10
[INFO] [1733927024.833820427] [fibonacci_action_server]: Executing goal...
[INFO] [1733927024.833930741] [fibonacci_action_server]: Feedback: [1]
[INFO] [1733927024.901616951] [fibonacci_action_server]: Received goal request with order 10
[INFO] [1733927024.901844102] [fibonacci_action_server]: Executing goal...
[INFO] [1733927024.901944303] [fibonacci_action_server]: Feedback: [1]
[INFO] [1733927025.333114716] [fibonacci_action_server]: Feedback: [3]
[INFO] [1733927025.334103999] [fibonacci_action_server]: Feedback: [2]
[INFO] [1733927025.402380443] [fibonacci_action_server]: Feedback: [2]
[INFO] [1733927025.833395346] [fibonacci_action_server]: Feedback: [5]
[INFO] [1733927025.834268168] [fibonacci_action_server]: Feedback: [3]
[INFO] [1733927025.902866632] [fibonacci_action_server]: Feedback: [3]
[INFO] [1733927026.333746212] [fibonacci_action_server]: Feedback: [8]
[INFO] [1733927026.334537912] [fibonacci_action_server]: Feedback: [5]
[INFO] [1733927026.403425031] [fibonacci_action_server]: Feedback: [5]
[INFO] [1733927026.833963281] [fibonacci_action_server]: Feedback: [13]
[INFO] [1733927026.834693326] [fibonacci_action_server]: Feedback: [8]
[INFO] [1733927026.903929924] [fibonacci_action_server]: Feedback: [8]
[INFO] [1733927027.334426904] [fibonacci_action_server]: Feedback: [21]
[INFO] [1733927027.334879765] [fibonacci_action_server]: Feedback: [13]
[INFO] [1733927027.404166305] [fibonacci_action_server]: Feedback: [13]
[INFO] [1733927027.834648866] [fibonacci_action_server]: Feedback: [34]
[INFO] [1733927027.835042940] [fibonacci_action_server]: Feedback: [21]
[INFO] [1733927027.904398143] [fibonacci_action_server]: Feedback: [21]
[INFO] [1733927028.335043024] [fibonacci_action_server]: Feedback: [55]
[INFO] [1733927028.335190886] [fibonacci_action_server]: Feedback: [34]
[INFO] [1733927028.404589992] [fibonacci_action_server]: Feedback: [34]
[INFO] [1733927028.835569350] [fibonacci_action_server]: Feedback: [55]
[INFO] [1733927028.835747583] [fibonacci_action_server]: Goal succeeded
[INFO] [1733927028.904919375] [fibonacci_action_server]: Feedback: [55]
[INFO] [1733927029.249171169] [fibonacci_action_server]: Received goal request with order 10
[INFO] [1733927029.249364316] [fibonacci_action_server]: Executing goal...
[INFO] [1733927029.249437556] [fibonacci_action_server]: Feedback: [1]
[INFO] [1733927029.335862689] [fibonacci_action_server]: Goal succeeded
[INFO] [1733927029.405356578] [fibonacci_action_server]: Goal succeeded
[INFO] [1733927029.748415063] [fibonacci_action_server]: Received goal request with order 10
[INFO] [1733927029.748578834] [fibonacci_action_server]: Executing goal...
[INFO] [1733927029.748648837] [fibonacci_action_server]: Feedback: [1]
[INFO] [1733927029.749561585] [fibonacci_action_server]: Feedback: [2]
[INFO] [1733927029.817676733] [fibonacci_action_server]: Received goal request with order 10
[INFO] [1733927029.817901275] [fibonacci_action_server]: Executing goal...
[INFO] [1733927029.817966910] [fibonacci_action_server]: Feedback: [1]
[INFO] [1733927030.248926787] [fibonacci_action_server]: Feedback: [2]
[INFO] [1733927030.249837165] [fibonacci_action_server]: Feedback: [3]
[INFO] [1733927030.318121877] [fibonacci_action_server]: Feedback: [2]
[INFO] [1733927030.749165277] [fibonacci_action_server]: Feedback: [3]
[INFO] [1733927030.749954913] [fibonacci_action_server]: Feedback: [5]
[INFO] [1733927030.818348987] [fibonacci_action_server]: Feedback: [3]
[INFO] [1733927031.249383013] [fibonacci_action_server]: Feedback: [5]
[INFO] [1733927031.250169369] [fibonacci_action_server]: Feedback: [8]
[INFO] [1733927031.318594282] [fibonacci_action_server]: Feedback: [5]
[INFO] [1733927031.749871512] [fibonacci_action_server]: Feedback: [8]
[INFO] [1733927031.750277734] [fibonacci_action_server]: Feedback: [13]
[INFO] [1733927031.818991200] [fibonacci_action_server]: Feedback: [8]
[INFO] [1733927032.250126782] [fibonacci_action_server]: Feedback: [13]
[INFO] [1733927032.250430684] [fibonacci_action_server]: Feedback: [21]
[INFO] [1733927032.319432091] [fibonacci_action_server]: Feedback: [13]
[INFO] [1733927032.750749670] [fibonacci_action_server]: Feedback: [34]
[INFO] [1733927032.750795796] [fibonacci_action_server]: Feedback: [21]
[INFO] [1733927032.819775862] [fibonacci_action_server]: Feedback: [21]
[INFO] [1733927033.251027377] [fibonacci_action_server]: Feedback: [55]
[INFO] [1733927033.251119275] [fibonacci_action_server]: Feedback: [34]
[INFO] [1733927033.320001098] [fibonacci_action_server]: Feedback: [34]
[INFO] [1733927033.751360335] [fibonacci_action_server]: Goal succeeded
[INFO] [1733927033.751434837] [fibonacci_action_server]: Feedback: [55]
[INFO] [1733927033.820161851] [fibonacci_action_server]: Feedback: [55]
[INFO] [1733927034.163265127] [fibonacci_action_server]: Received goal request with order 10
[INFO] [1733927034.163635708] [fibonacci_action_server]: Executing goal...
[INFO] [1733927034.163796834] [fibonacci_action_server]: Feedback: [1]
[INFO] [1733927034.251993209] [fibonacci_action_server]: Goal succeeded
[INFO] [1733927034.320643690] [fibonacci_action_server]: Goal succeeded
[INFO] [1733927034.662274346] [fibonacci_action_server]: Received goal request with order 10
[INFO] [1733927034.662467240] [fibonacci_action_server]: Executing goal...
[INFO] [1733927034.662529206] [fibonacci_action_server]: Feedback: [1]
[INFO] [1733927034.664001008] [fibonacci_action_server]: Feedback: [2]
[INFO] [1733927034.732336659] [fibonacci_action_server]: Received goal request with order 10
[INFO] [1733927034.732581882] [fibonacci_action_server]: Executing goal...
[INFO] [1733927034.732672284] [fibonacci_action_server]: Feedback: [1]
[INFO] [1733927035.162719118] [fibonacci_action_server]: Feedback: [2]
[INFO] [1733927035.164163007] [fibonacci_action_server]: Feedback: [3]
[INFO] [1733927035.232859431] [fibonacci_action_server]: Feedback: [2]
[INFO] [1733927035.662951932] [fibonacci_action_server]: Feedback: [3]
[INFO] [1733927035.664313763] [fibonacci_action_server]: Feedback: [5]
[INFO] [1733927035.733121311] [fibonacci_action_server]: Feedback: [3]
[INFO] [1733927036.163231381] [fibonacci_action_server]: Feedback: [5]
[INFO] [1733927036.164556307] [fibonacci_action_server]: Feedback: [8]
[INFO] [1733927036.233401848] [fibonacci_action_server]: Feedback: [5]
[INFO] [1733927036.663452186] [fibonacci_action_server]: Feedback: [8]
[INFO] [1733927036.664855816] [fibonacci_action_server]: Feedback: [13]
[INFO] [1733927036.733647942] [fibonacci_action_server]: Feedback: [8]
[INFO] [1733927037.163814352] [fibonacci_action_server]: Feedback: [13]
[INFO] [1733927037.165200413] [fibonacci_action_server]: Feedback: [21]
[INFO] [1733927037.234158135] [fibonacci_action_server]: Feedback: [13]
[INFO] [1733927037.664052143] [fibonacci_action_server]: Feedback: [21]
[INFO] [1733927037.665537123] [fibonacci_action_server]: Feedback: [34]
[INFO] [1733927037.734680215] [fibonacci_action_server]: Feedback: [21]
[INFO] [1733927038.164353448] [fibonacci_action_server]: Feedback: [34]
[INFO] [1733927038.165723516] [fibonacci_action_server]: Feedback: [55]
[INFO] [1733927038.234920692] [fibonacci_action_server]: Feedback: [34]
[INFO] [1733927038.664659975] [fibonacci_action_server]: Feedback: [55]
[INFO] [1733927038.665887332] [fibonacci_action_server]: Goal succeeded
[INFO] [1733927038.735559499] [fibonacci_action_server]: Feedback: [55]
[INFO] [1733927039.076988234] [fibonacci_action_server]: Received goal request with order 10
[INFO] [1733927039.077201961] [fibonacci_action_server]: Executing goal...
[INFO] [1733927039.077272149] [fibonacci_action_server]: Feedback: [1]
[INFO] [1733927039.165133836] [fibonacci_action_server]: Goal succeeded
[INFO] [1733927039.235878538] [fibonacci_action_server]: Goal succeeded
[INFO] [1733927039.577025156] [fibonacci_action_server]: Received goal request with order 10
[INFO] [1733927039.577200655] [fibonacci_action_server]: Executing goal...
[INFO] [1733927039.577277345] [fibonacci_action_server]: Feedback: [1]
[INFO] [1733927039.577387763] [fibonacci_action_server]: Feedback: [2]
[INFO] [1733927039.648000307] [fibonacci_action_server]: Received goal request with order 10
[INFO] [1733927039.648262510] [fibonacci_action_server]: Executing goal...
[INFO] [1733927039.648418054] [fibonacci_action_server]: Feedback: [1]
[INFO] [1733927040.077467871] [fibonacci_action_server]: Feedback: [2]
[INFO] [1733927040.077537221] [fibonacci_action_server]: Feedback: [3]
[INFO] [1733927040.148633165] [fibonacci_action_server]: Feedback: [2]
[INFO] [1733927040.577762394] [fibonacci_action_server]: Feedback: [3]
[INFO] [1733927040.577828510] [fibonacci_action_server]: Feedback: [5]
[INFO] [1733927040.648863464] [fibonacci_action_server]: Feedback: [3]
[INFO] [1733927041.078008027] [fibonacci_action_server]: Feedback: [5]
[INFO] [1733927041.078034049] [fibonacci_action_server]: Feedback: [8]
[INFO] [1733927041.149111839] [fibonacci_action_server]: Feedback: [5]
[INFO] [1733927041.578242817] [fibonacci_action_server]: Feedback: [8]
[INFO] [1733927041.578264935] [fibonacci_action_server]: Feedback: [13]
[INFO] [1733927041.649447633] [fibonacci_action_server]: Feedback: [8]
[INFO] [1733927042.078522080] [fibonacci_action_server]: Feedback: [13]
[INFO] [1733927042.078569650] [fibonacci_action_server]: Feedback: [21]
[INFO] [1733927042.149959085] [fibonacci_action_server]: Feedback: [13]
[INFO] [1733927042.578790557] [fibonacci_action_server]: Feedback: [21]
[INFO] [1733927042.578861322] [fibonacci_action_server]: Feedback: [34]
[INFO] [1733927042.650215800] [fibonacci_action_server]: Feedback: [21]
[INFO] [1733927043.079127703] [fibonacci_action_server]: Feedback: [34]
[INFO] [1733927043.079194965] [fibonacci_action_server]: Feedback: [55]
[INFO] [1733927043.150452607] [fibonacci_action_server]: Feedback: [34]
[INFO] [1733927043.579511268] [fibonacci_action_server]: Feedback: [55]
[INFO] [1733927043.579678574] [fibonacci_action_server]: Goal succeeded
[INFO] [1733927043.650675486] [fibonacci_action_server]: Feedback: [55]
[INFO] [1733927043.991267649] [fibonacci_action_server]: Received goal request with order 10
[INFO] [1733927043.991468989] [fibonacci_action_server]: Executing goal...
[INFO] [1733927043.991589048] [fibonacci_action_server]: Feedback: [1]
[INFO] [1733927044.080009149] [fibonacci_action_server]: Goal succeeded
[INFO] [1733927044.151267796] [fibonacci_action_server]: Goal succeeded
[INFO] [1733927044.491786130] [fibonacci_action_server]: Feedback: [2]
[INFO] [1733927044.492329809] [fibonacci_action_server]: Received goal request with order 10
[INFO] [1733927044.492479439] [fibonacci_action_server]: Executing goal...
[INFO] [1733927044.492535462] [fibonacci_action_server]: Feedback: [1]
[INFO] [1733927044.562625149] [fibonacci_action_server]: Received goal request with order 10
[INFO] [1733927044.562804949] [fibonacci_action_server]: Executing goal...
[INFO] [1733927044.562900055] [fibonacci_action_server]: Feedback: [1]
[INFO] [1733927044.992020416] [fibonacci_action_server]: Feedback: [3]
[INFO] [1733927044.992662563] [fibonacci_action_server]: Feedback: [2]
[INFO] [1733927045.063190897] [fibonacci_action_server]: Feedback: [2]
[INFO] [1733927045.492273980] [fibonacci_action_server]: Feedback: [5]
[INFO] [1733927045.492775144] [fibonacci_action_server]: Feedback: [3]
[INFO] [1733927045.563429055] [fibonacci_action_server]: Feedback: [3]
[INFO] [1733927045.992640908] [fibonacci_action_server]: Feedback: [8]
[INFO] [1733927045.992935735] [fibonacci_action_server]: Feedback: [5]
[INFO] [1733927046.063829945] [fibonacci_action_server]: Feedback: [5]
[INFO] [1733927046.493105583] [fibonacci_action_server]: Feedback: [13]
[INFO] [1733927046.493235647] [fibonacci_action_server]: Feedback: [8]
[INFO] [1733927046.564085833] [fibonacci_action_server]: Feedback: [8]
[INFO] [1733927046.993336271] [fibonacci_action_server]: Feedback: [21]
[INFO] [1733927046.993368640] [fibonacci_action_server]: Feedback: [13]
[INFO] [1733927047.064286190] [fibonacci_action_server]: Feedback: [13]
[INFO] [1733927047.493608848] [fibonacci_action_server]: Feedback: [21]
[INFO] [1733927047.493627960] [fibonacci_action_server]: Feedback: [34]
[INFO] [1733927047.564506040] [fibonacci_action_server]: Feedback: [21]
[INFO] [1733927047.993888440] [fibonacci_action_server]: Feedback: [34]
[INFO] [1733927047.993936842] [fibonacci_action_server]: Feedback: [55]
[INFO] [1733927048.064745468] [fibonacci_action_server]: Feedback: [34]
[INFO] [1733927048.494165986] [fibonacci_action_server]: Goal succeeded
[INFO] [1733927048.494212983] [fibonacci_action_server]: Feedback: [55]
[INFO] [1733927048.565015067] [fibonacci_action_server]: Feedback: [55]
[INFO] [1733927048.904988392] [fibonacci_action_server]: Received goal request with order 10
[INFO] [1733927048.905228307] [fibonacci_action_server]: Executing goal...
[INFO] [1733927048.905333318] [fibonacci_action_server]: Feedback: [1]
[INFO] [1733927048.994643687] [fibonacci_action_server]: Goal succeeded
[INFO] [1733927049.065317637] [fibonacci_action_server]: Goal succeeded
[INFO] [1733927049.405564408] [fibonacci_action_server]: Feedback: [2]
[INFO] [1733927049.406326951] [fibonacci_action_server]: Received goal request with order 10
[INFO] [1733927049.423580693] [fibonacci_action_server]: Executing goal...
[INFO] [1733927049.423811790] [fibonacci_action_server]: Feedback: [1]
[INFO] [1733927049.478016187] [fibonacci_action_server]: Received goal request with order 10
[INFO] [1733927049.480550894] [fibonacci_action_server]: Executing goal...
[INFO] [1733927049.481839917] [fibonacci_action_server]: Feedback: [1]
[INFO] [1733927049.905746038] [fibonacci_action_server]: Feedback: [3]
[INFO] [1733927049.924110696] [fibonacci_action_server]: Feedback: [2]
[INFO] [1733927049.982145581] [fibonacci_action_server]: Feedback: [2]
[INFO] [1733927050.405968619] [fibonacci_action_server]: Feedback: [5]
[INFO] [1733927050.424392055] [fibonacci_action_server]: Feedback: [3]
[INFO] [1733927050.482483152] [fibonacci_action_server]: Feedback: [3]
[INFO] [1733927050.906475497] [fibonacci_action_server]: Feedback: [8]
[INFO] [1733927050.925034791] [fibonacci_action_server]: Feedback: [5]
[INFO] [1733927050.982945604] [fibonacci_action_server]: Feedback: [5]
[INFO] [1733927051.407055588] [fibonacci_action_server]: Feedback: [13]
[INFO] [1733927051.425243454] [fibonacci_action_server]: Feedback: [8]
[INFO] [1733927051.483190392] [fibonacci_action_server]: Feedback: [8]
[INFO] [1733927051.907537414] [fibonacci_action_server]: Feedback: [21]
[INFO] [1733927051.925576081] [fibonacci_action_server]: Feedback: [13]
[INFO] [1733927051.983405336] [fibonacci_action_server]: Feedback: [13]
[INFO] [1733927052.408004514] [fibonacci_action_server]: Feedback: [34]
[INFO] [1733927052.426074461] [fibonacci_action_server]: Feedback: [21]
[INFO] [1733927052.483901402] [fibonacci_action_server]: Feedback: [21]
[INFO] [1733927052.908244994] [fibonacci_action_server]: Feedback: [55]
[INFO] [1733927052.926469905] [fibonacci_action_server]: Feedback: [34]
[INFO] [1733927052.984116895] [fibonacci_action_server]: Feedback: [34]
[INFO] [1733927053.408854721] [fibonacci_action_server]: Goal succeeded
[INFO] [1733927053.426752400] [fibonacci_action_server]: Feedback: [55]
[INFO] [1733927053.484467284] [fibonacci_action_server]: Feedback: [55]
[INFO] [1733927053.818884555] [fibonacci_action_server]: Received goal request with order 10
[INFO] [1733927053.819073903] [fibonacci_action_server]: Executing goal...
[INFO] [1733927053.819165667] [fibonacci_action_server]: Feedback: [1]
[INFO] [1733927053.927019171] [fibonacci_action_server]: Goal succeeded
[INFO] [1733927053.984901821] [fibonacci_action_server]: Goal succeeded
[INFO] [1733927054.319353523] [fibonacci_action_server]: Feedback: [2]
[INFO] [1733927054.320331994] [fibonacci_action_server]: Received goal request with order 10
[INFO] [1733927054.320504612] [fibonacci_action_server]: Executing goal...
[INFO] [1733927054.320600683] [fibonacci_action_server]: Feedback: [1]
[INFO] [1733927054.393898579] [fibonacci_action_server]: Received goal request with order 10
[INFO] [1733927054.394044867] [fibonacci_action_server]: Executing goal...
[INFO] [1733927054.394122070] [fibonacci_action_server]: Feedback: [1]
[INFO] [1733927054.819775195] [fibonacci_action_server]: Feedback: [3]
[INFO] [1733927054.820804654] [fibonacci_action_server]: Feedback: [2]
[INFO] [1733927054.894317783] [fibonacci_action_server]: Feedback: [2]
[INFO] [1733927055.320011264] [fibonacci_action_server]: Feedback: [5]
[INFO] [1733927055.321074419] [fibonacci_action_server]: Feedback: [3]
[INFO] [1733927055.394549181] [fibonacci_action_server]: Feedback: [3]
[INFO] [1733927055.820467583] [fibonacci_action_server]: Feedback: [8]
[INFO] [1733927055.821386697] [fibonacci_action_server]: Feedback: [5]
[INFO] [1733927055.894778301] [fibonacci_action_server]: Feedback: [5]
[INFO] [1733927056.320800752] [fibonacci_action_server]: Feedback: [13]
[INFO] [1733927056.321674427] [fibonacci_action_server]: Feedback: [8]
[INFO] [1733927056.395303407] [fibonacci_action_server]: Feedback: [8]
[INFO] [1733927056.821089556] [fibonacci_action_server]: Feedback: [21]
[INFO] [1733927056.821842300] [fibonacci_action_server]: Feedback: [13]
[INFO] [1733927056.895628956] [fibonacci_action_server]: Feedback: [13]
[INFO] [1733927057.321390541] [fibonacci_action_server]: Feedback: [34]
[INFO] [1733927057.322097423] [fibonacci_action_server]: Feedback: [21]
[INFO] [1733927057.396123520] [fibonacci_action_server]: Feedback: [21]
[INFO] [1733927057.821743648] [fibonacci_action_server]: Feedback: [55]
[INFO] [1733927057.822229524] [fibonacci_action_server]: Feedback: [34]
[INFO] [1733927057.896509153] [fibonacci_action_server]: Feedback: [34]
[INFO] [1733927058.322251544] [fibonacci_action_server]: Goal succeeded
[INFO] [1733927058.322409199] [fibonacci_action_server]: Feedback: [55]
[INFO] [1733927058.396859581] [fibonacci_action_server]: Feedback: [55]
[INFO] [1733927058.734164933] [fibonacci_action_server]: Received goal request with order 10
[INFO] [1733927058.734435398] [fibonacci_action_server]: Executing goal...
[INFO] [1733927058.734495632] [fibonacci_action_server]: Feedback: [1]
[INFO] [1733927058.822797845] [fibonacci_action_server]: Goal succeeded
[INFO] [1733927058.897447477] [fibonacci_action_server]: Goal succeeded
[INFO] [1733927059.234629382] [fibonacci_action_server]: Feedback: [2]
[INFO] [1733927059.235679053] [fibonacci_action_server]: Received goal request with order 10
[INFO] [1733927059.235904538] [fibonacci_action_server]: Executing goal...
[INFO] [1733927059.235963595] [fibonacci_action_server]: Feedback: [1]
[INFO] [1733927059.308853483] [fibonacci_action_server]: Received goal request with order 10
[INFO] [1733927059.308998700] [fibonacci_action_server]: Executing goal...
[INFO] [1733927059.309079447] [fibonacci_action_server]: Feedback: [1]
[INFO] [1733927059.734868140] [fibonacci_action_server]: Feedback: [3]
[INFO] [1733927059.736126008] [fibonacci_action_server]: Feedback: [2]
[INFO] [1733927059.809314065] [fibonacci_action_server]: Feedback: [2]
[INFO] [1733927060.235077333] [fibonacci_action_server]: Feedback: [5]
[INFO] [1733927060.236309591] [fibonacci_action_server]: Feedback: [3]
[INFO] [1733927060.309790330] [fibonacci_action_server]: Feedback: [3]
[INFO] [1733927060.735411728] [fibonacci_action_server]: Feedback: [8]
[INFO] [1733927060.736614457] [fibonacci_action_server]: Feedback: [5]
[INFO] [1733927060.810267478] [fibonacci_action_server]: Feedback: [5]
[INFO] [1733927061.235853317] [fibonacci_action_server]: Feedback: [13]
[INFO] [1733927061.236909632] [fibonacci_action_server]: Feedback: [8]
[INFO] [1733927061.310597376] [fibonacci_action_server]: Feedback: [8]
[INFO] [1733927061.736189957] [fibonacci_action_server]: Feedback: [21]
[INFO] [1733927061.737206174] [fibonacci_action_server]: Feedback: [13]
[INFO] [1733927061.810843463] [fibonacci_action_server]: Feedback: [13]
[INFO] [1733927061.981828641] [fibonacci_action_server]: Timeout reached, shutting down node...
RAPL is set
