[INFO] [1733714433.954479733] [fibonacci_action_client]: Sending goal with order 10
[INFO] [1733714434.207638111] [fibonacci_action_client]: Goal accepted, waiting for result.
[INFO] [1733714434.220096295] [fibonacci_action_client]: Received feedback: array('i', [0, 1, 1])
[INFO] [1733714434.721587016] [fibonacci_action_client]: Received feedback: array('i', [0, 1, 1, 2])
[INFO] [1733714435.223109472] [fibonacci_action_client]: Received feedback: array('i', [0, 1, 1, 2, 3])
[INFO] [1733714435.724520483] [fibonacci_action_client]: Received feedback: array('i', [0, 1, 1, 2, 3, 5])
[INFO] [1733714436.225678938] [fibonacci_action_client]: Received feedback: array('i', [0, 1, 1, 2, 3, 5, 8])
[INFO] [1733714436.726400374] [fibonacci_action_client]: Received feedback: array('i', [0, 1, 1, 2, 3, 5, 8, 13])
[INFO] [1733714437.228014350] [fibonacci_action_client]: Received feedback: array('i', [0, 1, 1, 2, 3, 5, 8, 13, 21])
[INFO] [1733714437.729471957] [fibonacci_action_client]: Received feedback: array('i', [0, 1, 1, 2, 3, 5, 8, 13, 21, 34])
[INFO] [1733714438.230254669] [fibonacci_action_client]: Received feedback: array('i', [0, 1, 1, 2, 3, 5, 8, 13, 21, 34, 55])
[INFO] [1733714438.731764911] [fibonacci_action_client]: Result: array('i', [0, 1, 1, 2, 3, 5, 8, 13, 21, 34, 55])
[INFO] [1733714439.232937665] [fibonacci_action_client]: Sending goal with order 10
[INFO] [1733714439.235061824] [fibonacci_action_client]: Goal accepted, waiting for result.
[INFO] [1733714439.236410582] [fibonacci_action_client]: Received feedback: array('i', [0, 1, 1])
[INFO] [1733714439.737985293] [fibonacci_action_client]: Received feedback: array('i', [0, 1, 1, 2])
[INFO] [1733714440.238720382] [fibonacci_action_client]: Received feedback: array('i', [0, 1, 1, 2, 3])
[INFO] [1733714440.739984364] [fibonacci_action_client]: Received feedback: array('i', [0, 1, 1, 2, 3, 5])
[INFO] [1733714441.241363578] [fibonacci_action_client]: Received feedback: array('i', [0, 1, 1, 2, 3, 5, 8])
[INFO] [1733714441.742811075] [fibonacci_action_client]: Received feedback: array('i', [0, 1, 1, 2, 3, 5, 8, 13])
[INFO] [1733714442.244243053] [fibonacci_action_client]: Received feedback: array('i', [0, 1, 1, 2, 3, 5, 8, 13, 21])
[INFO] [1733714442.745913932] [fibonacci_action_client]: Received feedback: array('i', [0, 1, 1, 2, 3, 5, 8, 13, 21, 34])
[INFO] [1733714443.246667228] [fibonacci_action_client]: Received feedback: array('i', [0, 1, 1, 2, 3, 5, 8, 13, 21, 34, 55])
[INFO] [1733714443.748253933] [fibonacci_action_client]: Result: array('i', [0, 1, 1, 2, 3, 5, 8, 13, 21, 34, 55])
[INFO] [1733714444.249664754] [fibonacci_action_client]: Sending goal with order 10
[INFO] [1733714444.251584422] [fibonacci_action_client]: Goal accepted, waiting for result.
[INFO] [1733714444.253004372] [fibonacci_action_client]: Received feedback: array('i', [0, 1, 1])
[INFO] [1733714444.754788662] [fibonacci_action_client]: Received feedback: array('i', [0, 1, 1, 2])
[INFO] [1733714445.255969756] [fibonacci_action_client]: Received feedback: array('i', [0, 1, 1, 2, 3])
[INFO] [1733714445.757433705] [fibonacci_action_client]: Received feedback: array('i', [0, 1, 1, 2, 3, 5])
[INFO] [1733714446.258538406] [fibonacci_action_client]: Received feedback: array('i', [0, 1, 1, 2, 3, 5, 8])
[INFO] [1733714446.759875413] [fibonacci_action_client]: Received feedback: array('i', [0, 1, 1, 2, 3, 5, 8, 13])
[INFO] [1733714447.261316085] [fibonacci_action_client]: Received feedback: array('i', [0, 1, 1, 2, 3, 5, 8, 13, 21])
[INFO] [1733714447.762890658] [fibonacci_action_client]: Received feedback: array('i', [0, 1, 1, 2, 3, 5, 8, 13, 21, 34])
[INFO] [1733714448.264298467] [fibonacci_action_client]: Received feedback: array('i', [0, 1, 1, 2, 3, 5, 8, 13, 21, 34, 55])
[INFO] [1733714448.766335577] [fibonacci_action_client]: Result: array('i', [0, 1, 1, 2, 3, 5, 8, 13, 21, 34, 55])
[INFO] [1733714449.267371943] [fibonacci_action_client]: Sending goal with order 10
[INFO] [1733714449.269392978] [fibonacci_action_client]: Goal accepted, waiting for result.
[INFO] [1733714449.270692864] [fibonacci_action_client]: Received feedback: array('i', [0, 1, 1])
[INFO] [1733714449.772016271] [fibonacci_action_client]: Received feedback: array('i', [0, 1, 1, 2])
[INFO] [1733714450.273785750] [fibonacci_action_client]: Received feedback: array('i', [0, 1, 1, 2, 3])
[INFO] [1733714450.775300490] [fibonacci_action_client]: Received feedback: array('i', [0, 1, 1, 2, 3, 5])
[INFO] [1733714451.276814911] [fibonacci_action_client]: Received feedback: array('i', [0, 1, 1, 2, 3, 5, 8])
[INFO] [1733714451.778262301] [fibonacci_action_client]: Received feedback: array('i', [0, 1, 1, 2, 3, 5, 8, 13])
[INFO] [1733714452.279066978] [fibonacci_action_client]: Received feedback: array('i', [0, 1, 1, 2, 3, 5, 8, 13, 21])
[INFO] [1733714452.780526819] [fibonacci_action_client]: Received feedback: array('i', [0, 1, 1, 2, 3, 5, 8, 13, 21, 34])
[INFO] [1733714453.281798647] [fibonacci_action_client]: Received feedback: array('i', [0, 1, 1, 2, 3, 5, 8, 13, 21, 34, 55])
[INFO] [1733714453.783682474] [fibonacci_action_client]: Result: array('i', [0, 1, 1, 2, 3, 5, 8, 13, 21, 34, 55])
[INFO] [1733714454.284956504] [fibonacci_action_client]: Sending goal with order 10
[INFO] [1733714454.286869841] [fibonacci_action_client]: Goal accepted, waiting for result.
[INFO] [1733714454.288198300] [fibonacci_action_client]: Received feedback: array('i', [0, 1, 1])
[INFO] [1733714454.789970214] [fibonacci_action_client]: Received feedback: array('i', [0, 1, 1, 2])
[INFO] [1733714455.290805076] [fibonacci_action_client]: Received feedback: array('i', [0, 1, 1, 2, 3])
[INFO] [1733714455.791930051] [fibonacci_action_client]: Received feedback: array('i', [0, 1, 1, 2, 3, 5])
[INFO] [1733714456.293275029] [fibonacci_action_client]: Received feedback: array('i', [0, 1, 1, 2, 3, 5, 8])
[INFO] [1733714456.794381773] [fibonacci_action_client]: Received feedback: array('i', [0, 1, 1, 2, 3, 5, 8, 13])
[INFO] [1733714457.296202577] [fibonacci_action_client]: Received feedback: array('i', [0, 1, 1, 2, 3, 5, 8, 13, 21])
[INFO] [1733714457.797701346] [fibonacci_action_client]: Received feedback: array('i', [0, 1, 1, 2, 3, 5, 8, 13, 21, 34])
[INFO] [1733714458.298856297] [fibonacci_action_client]: Received feedback: array('i', [0, 1, 1, 2, 3, 5, 8, 13, 21, 34, 55])
[INFO] [1733714458.800648696] [fibonacci_action_client]: Result: array('i', [0, 1, 1, 2, 3, 5, 8, 13, 21, 34, 55])
[INFO] [1733714459.301997670] [fibonacci_action_client]: Sending goal with order 10
[INFO] [1733714459.303585817] [fibonacci_action_client]: Goal accepted, waiting for result.
[INFO] [1733714459.304630787] [fibonacci_action_client]: Received feedback: array('i', [0, 1, 1])
[INFO] [1733714459.806057334] [fibonacci_action_client]: Received feedback: array('i', [0, 1, 1, 2])
[INFO] [1733714460.307628657] [fibonacci_action_client]: Received feedback: array('i', [0, 1, 1, 2, 3])
[INFO] [1733714460.809048693] [fibonacci_action_client]: Received feedback: array('i', [0, 1, 1, 2, 3, 5])
[INFO] [1733714461.310657167] [fibonacci_action_client]: Received feedback: array('i', [0, 1, 1, 2, 3, 5, 8])
[INFO] [1733714461.812027693] [fibonacci_action_client]: Received feedback: array('i', [0, 1, 1, 2, 3, 5, 8, 13])
[INFO] [1733714462.313571456] [fibonacci_action_client]: Received feedback: array('i', [0, 1, 1, 2, 3, 5, 8, 13, 21])
[INFO] [1733714462.815108185] [fibonacci_action_client]: Received feedback: array('i', [0, 1, 1, 2, 3, 5, 8, 13, 21, 34])
[INFO] [1733714463.316376355] [fibonacci_action_client]: Received feedback: array('i', [0, 1, 1, 2, 3, 5, 8, 13, 21, 34, 55])
[INFO] [1733714463.818238190] [fibonacci_action_client]: Result: array('i', [0, 1, 1, 2, 3, 5, 8, 13, 21, 34, 55])
[INFO] [1733714464.319585671] [fibonacci_action_client]: Sending goal with order 10
[INFO] [1733714464.321242402] [fibonacci_action_client]: Goal accepted, waiting for result.
[INFO] [1733714464.322482129] [fibonacci_action_client]: Received feedback: array('i', [0, 1, 1])
[INFO] [1733714464.824008448] [fibonacci_action_client]: Received feedback: array('i', [0, 1, 1, 2])
[INFO] [1733714465.325254791] [fibonacci_action_client]: Received feedback: array('i', [0, 1, 1, 2, 3])
[INFO] [1733714465.826362227] [fibonacci_action_client]: Received feedback: array('i', [0, 1, 1, 2, 3, 5])
[INFO] [1733714466.327726625] [fibonacci_action_client]: Received feedback: array('i', [0, 1, 1, 2, 3, 5, 8])
[INFO] [1733714466.829077696] [fibonacci_action_client]: Received feedback: array('i', [0, 1, 1, 2, 3, 5, 8, 13])
[INFO] [1733714467.330547033] [fibonacci_action_client]: Received feedback: array('i', [0, 1, 1, 2, 3, 5, 8, 13, 21])
[INFO] [1733714467.832100951] [fibonacci_action_client]: Received feedback: array('i', [0, 1, 1, 2, 3, 5, 8, 13, 21, 34])
[INFO] [1733714468.333547490] [fibonacci_action_client]: Received feedback: array('i', [0, 1, 1, 2, 3, 5, 8, 13, 21, 34, 55])
[INFO] [1733714468.835482680] [fibonacci_action_client]: Result: array('i', [0, 1, 1, 2, 3, 5, 8, 13, 21, 34, 55])
[INFO] [1733714469.336832948] [fibonacci_action_client]: Sending goal with order 10
[INFO] [1733714469.338611747] [fibonacci_action_client]: Goal accepted, waiting for result.
[INFO] [1733714469.339694799] [fibonacci_action_client]: Received feedback: array('i', [0, 1, 1])
[INFO] [1733714469.841411272] [fibonacci_action_client]: Received feedback: array('i', [0, 1, 1, 2])
[INFO] [1733714470.342738096] [fibonacci_action_client]: Received feedback: array('i', [0, 1, 1, 2, 3])
[INFO] [1733714470.844279033] [fibonacci_action_client]: Received feedback: array('i', [0, 1, 1, 2, 3, 5])
[INFO] [1733714471.345845073] [fibonacci_action_client]: Received feedback: array('i', [0, 1, 1, 2, 3, 5, 8])
[INFO] [1733714471.847025250] [fibonacci_action_client]: Received feedback: array('i', [0, 1, 1, 2, 3, 5, 8, 13])
[INFO] [1733714472.348327522] [fibonacci_action_client]: Received feedback: array('i', [0, 1, 1, 2, 3, 5, 8, 13, 21])
[INFO] [1733714472.849818423] [fibonacci_action_client]: Received feedback: array('i', [0, 1, 1, 2, 3, 5, 8, 13, 21, 34])
[INFO] [1733714473.350806154] [fibonacci_action_client]: Received feedback: array('i', [0, 1, 1, 2, 3, 5, 8, 13, 21, 34, 55])
[INFO] [1733714473.851949715] [fibonacci_action_client]: Result: array('i', [0, 1, 1, 2, 3, 5, 8, 13, 21, 34, 55])
[INFO] [1733714474.353264819] [fibonacci_action_client]: Sending goal with order 10
[INFO] [1733714474.354976975] [fibonacci_action_client]: Goal accepted, waiting for result.
[INFO] [1733714474.356166375] [fibonacci_action_client]: Received feedback: array('i', [0, 1, 1])
[INFO] [1733714474.857944223] [fibonacci_action_client]: Received feedback: array('i', [0, 1, 1, 2])
[INFO] [1733714475.358953575] [fibonacci_action_client]: Received feedback: array('i', [0, 1, 1, 2, 3])
[INFO] [1733714475.860055016] [fibonacci_action_client]: Received feedback: array('i', [0, 1, 1, 2, 3, 5])
[INFO] [1733714476.361412717] [fibonacci_action_client]: Received feedback: array('i', [0, 1, 1, 2, 3, 5, 8])
[INFO] [1733714476.862484627] [fibonacci_action_client]: Received feedback: array('i', [0, 1, 1, 2, 3, 5, 8, 13])
[INFO] [1733714477.364146782] [fibonacci_action_client]: Received feedback: array('i', [0, 1, 1, 2, 3, 5, 8, 13, 21])
[INFO] [1733714477.865606669] [fibonacci_action_client]: Received feedback: array('i', [0, 1, 1, 2, 3, 5, 8, 13, 21, 34])
[INFO] [1733714478.366959500] [fibonacci_action_client]: Received feedback: array('i', [0, 1, 1, 2, 3, 5, 8, 13, 21, 34, 55])
[INFO] [1733714478.868323250] [fibonacci_action_client]: Result: array('i', [0, 1, 1, 2, 3, 5, 8, 13, 21, 34, 55])
[INFO] [1733714479.369770196] [fibonacci_action_client]: Sending goal with order 10
[INFO] [1733714479.371438839] [fibonacci_action_client]: Goal accepted, waiting for result.
[INFO] [1733714479.372586311] [fibonacci_action_client]: Received feedback: array('i', [0, 1, 1])
[INFO] [1733714479.873973763] [fibonacci_action_client]: Received feedback: array('i', [0, 1, 1, 2])
[INFO] [1733714480.375561731] [fibonacci_action_client]: Received feedback: array('i', [0, 1, 1, 2, 3])
[INFO] [1733714480.877043490] [fibonacci_action_client]: Received feedback: array('i', [0, 1, 1, 2, 3, 5])
[INFO] [1733714481.378603822] [fibonacci_action_client]: Received feedback: array('i', [0, 1, 1, 2, 3, 5, 8])
[INFO] [1733714481.880095253] [fibonacci_action_client]: Received feedback: array('i', [0, 1, 1, 2, 3, 5, 8, 13])
[INFO] [1733714482.381639181] [fibonacci_action_client]: Received feedback: array('i', [0, 1, 1, 2, 3, 5, 8, 13, 21])
[INFO] [1733714482.883066331] [fibonacci_action_client]: Received feedback: array('i', [0, 1, 1, 2, 3, 5, 8, 13, 21, 34])
[INFO] [1733714483.384369542] [fibonacci_action_client]: Received feedback: array('i', [0, 1, 1, 2, 3, 5, 8, 13, 21, 34, 55])
[INFO] [1733714483.886249025] [fibonacci_action_client]: Result: array('i', [0, 1, 1, 2, 3, 5, 8, 13, 21, 34, 55])
[INFO] [1733714484.387607361] [fibonacci_action_client]: Sending goal with order 10
[INFO] [1733714484.389547954] [fibonacci_action_client]: Goal accepted, waiting for result.
[INFO] [1733714484.390922438] [fibonacci_action_client]: Received feedback: array('i', [0, 1, 1])
[INFO] [1733714484.892058978] [fibonacci_action_client]: Received feedback: array('i', [0, 1, 1, 2])
[INFO] [1733714485.393521037] [fibonacci_action_client]: Received feedback: array('i', [0, 1, 1, 2, 3])
[INFO] [1733714485.894600020] [fibonacci_action_client]: Received feedback: array('i', [0, 1, 1, 2, 3, 5])
[INFO] [1733714486.395645242] [fibonacci_action_client]: Received feedback: array('i', [0, 1, 1, 2, 3, 5, 8])
[INFO] [1733714486.897127843] [fibonacci_action_client]: Received feedback: array('i', [0, 1, 1, 2, 3, 5, 8, 13])
[INFO] [1733714487.398718006] [fibonacci_action_client]: Received feedback: array('i', [0, 1, 1, 2, 3, 5, 8, 13, 21])
[INFO] [1733714487.900360702] [fibonacci_action_client]: Received feedback: array('i', [0, 1, 1, 2, 3, 5, 8, 13, 21, 34])
[INFO] [1733714488.401746065] [fibonacci_action_client]: Received feedback: array('i', [0, 1, 1, 2, 3, 5, 8, 13, 21, 34, 55])
[INFO] [1733714488.903377740] [fibonacci_action_client]: Result: array('i', [0, 1, 1, 2, 3, 5, 8, 13, 21, 34, 55])
[INFO] [1733714489.404754689] [fibonacci_action_client]: Sending goal with order 10
[INFO] [1733714489.406762427] [fibonacci_action_client]: Goal accepted, waiting for result.
[INFO] [1733714489.407800611] [fibonacci_action_client]: Received feedback: array('i', [0, 1, 1])
[INFO] [1733714489.909114205] [fibonacci_action_client]: Received feedback: array('i', [0, 1, 1, 2])
[INFO] [1733714490.410514283] [fibonacci_action_client]: Received feedback: array('i', [0, 1, 1, 2, 3])
[INFO] [1733714490.911923423] [fibonacci_action_client]: Received feedback: array('i', [0, 1, 1, 2, 3, 5])
[INFO] [1733714491.413594513] [fibonacci_action_client]: Received feedback: array('i', [0, 1, 1, 2, 3, 5, 8])
[INFO] [1733714491.914760443] [fibonacci_action_client]: Received feedback: array('i', [0, 1, 1, 2, 3, 5, 8, 13])
[INFO] [1733714492.416150161] [fibonacci_action_client]: Received feedback: array('i', [0, 1, 1, 2, 3, 5, 8, 13, 21])
[INFO] [1733714492.917796632] [fibonacci_action_client]: Received feedback: array('i', [0, 1, 1, 2, 3, 5, 8, 13, 21, 34])
[INFO] [1733714493.418942551] [fibonacci_action_client]: Received feedback: array('i', [0, 1, 1, 2, 3, 5, 8, 13, 21, 34, 55])
[INFO] [1733714493.920772243] [fibonacci_action_client]: Result: array('i', [0, 1, 1, 2, 3, 5, 8, 13, 21, 34, 55])
[INFO] [1733714494.421766508] [fibonacci_action_client]: Sending goal with order 10
[INFO] [1733714494.423608306] [fibonacci_action_client]: Goal accepted, waiting for result.
[INFO] [1733714494.425143586] [fibonacci_action_client]: Received feedback: array('i', [0, 1, 1])
[INFO] [1733714494.926822283] [fibonacci_action_client]: Received feedback: array('i', [0, 1, 1, 2])
[INFO] [1733714495.427949575] [fibonacci_action_client]: Received feedback: array('i', [0, 1, 1, 2, 3])
[INFO] [1733714495.929184773] [fibonacci_action_client]: Received feedback: array('i', [0, 1, 1, 2, 3, 5])
[INFO] [1733714496.430350816] [fibonacci_action_client]: Received feedback: array('i', [0, 1, 1, 2, 3, 5, 8])
[INFO] [1733714496.931517909] [fibonacci_action_client]: Received feedback: array('i', [0, 1, 1, 2, 3, 5, 8, 13])
[INFO] [1733714497.432999941] [fibonacci_action_client]: Received feedback: array('i', [0, 1, 1, 2, 3, 5, 8, 13, 21])
[INFO] [1733714497.934372272] [fibonacci_action_client]: Received feedback: array('i', [0, 1, 1, 2, 3, 5, 8, 13, 21, 34])
[INFO] [1733714498.435744168] [fibonacci_action_client]: Received feedback: array('i', [0, 1, 1, 2, 3, 5, 8, 13, 21, 34, 55])
[INFO] [1733714498.937346488] [fibonacci_action_client]: Result: array('i', [0, 1, 1, 2, 3, 5, 8, 13, 21, 34, 55])
[INFO] [1733714499.438224069] [fibonacci_action_client]: Sending goal with order 10
[INFO] [1733714499.439825551] [fibonacci_action_client]: Goal accepted, waiting for result.
[INFO] [1733714499.441097675] [fibonacci_action_client]: Received feedback: array('i', [0, 1, 1])
[INFO] [1733714499.942448760] [fibonacci_action_client]: Received feedback: array('i', [0, 1, 1, 2])
[INFO] [1733714500.443849762] [fibonacci_action_client]: Received feedback: array('i', [0, 1, 1, 2, 3])
[INFO] [1733714500.945206332] [fibonacci_action_client]: Received feedback: array('i', [0, 1, 1, 2, 3, 5])
[INFO] [1733714501.446641369] [fibonacci_action_client]: Received feedback: array('i', [0, 1, 1, 2, 3, 5, 8])
[INFO] [1733714501.948026468] [fibonacci_action_client]: Received feedback: array('i', [0, 1, 1, 2, 3, 5, 8, 13])
[INFO] [1733714502.449582580] [fibonacci_action_client]: Received feedback: array('i', [0, 1, 1, 2, 3, 5, 8, 13, 21])
[INFO] [1733714502.951089794] [fibonacci_action_client]: Received feedback: array('i', [0, 1, 1, 2, 3, 5, 8, 13, 21, 34])
[INFO] [1733714503.452281599] [fibonacci_action_client]: Received feedback: array('i', [0, 1, 1, 2, 3, 5, 8, 13, 21, 34, 55])
[INFO] [1733714503.954172285] [fibonacci_action_client]: Result: array('i', [0, 1, 1, 2, 3, 5, 8, 13, 21, 34, 55])
[INFO] [1733714504.455455191] [fibonacci_action_client]: Sending goal with order 10
[INFO] [1733714504.457105917] [fibonacci_action_client]: Goal accepted, waiting for result.
[INFO] [1733714504.458412134] [fibonacci_action_client]: Received feedback: array('i', [0, 1, 1])
[INFO] [1733714504.959678368] [fibonacci_action_client]: Received feedback: array('i', [0, 1, 1, 2])
[INFO] [1733714505.461055346] [fibonacci_action_client]: Received feedback: array('i', [0, 1, 1, 2, 3])
[INFO] [1733714505.962152223] [fibonacci_action_client]: Received feedback: array('i', [0, 1, 1, 2, 3, 5])
[INFO] [1733714506.462482802] [fibonacci_action_client]: Received feedback: array('i', [0, 1, 1, 2, 3, 5, 8])
[INFO] [1733714506.963879353] [fibonacci_action_client]: Received feedback: array('i', [0, 1, 1, 2, 3, 5, 8, 13])
[INFO] [1733714507.465149377] [fibonacci_action_client]: Received feedback: array('i', [0, 1, 1, 2, 3, 5, 8, 13, 21])
[INFO] [1733714507.966633955] [fibonacci_action_client]: Received feedback: array('i', [0, 1, 1, 2, 3, 5, 8, 13, 21, 34])
[INFO] [1733714508.468099349] [fibonacci_action_client]: Received feedback: array('i', [0, 1, 1, 2, 3, 5, 8, 13, 21, 34, 55])
[INFO] [1733714508.969887013] [fibonacci_action_client]: Result: array('i', [0, 1, 1, 2, 3, 5, 8, 13, 21, 34, 55])
[INFO] [1733714509.471049080] [fibonacci_action_client]: Sending goal with order 10
[INFO] [1733714509.473060120] [fibonacci_action_client]: Goal accepted, waiting for result.
[INFO] [1733714509.474677492] [fibonacci_action_client]: Received feedback: array('i', [0, 1, 1])
[INFO] [1733714509.975734367] [fibonacci_action_client]: Received feedback: array('i', [0, 1, 1, 2])
[INFO] [1733714510.477214517] [fibonacci_action_client]: Received feedback: array('i', [0, 1, 1, 2, 3])
[INFO] [1733714510.978889605] [fibonacci_action_client]: Received feedback: array('i', [0, 1, 1, 2, 3, 5])
[INFO] [1733714511.480453978] [fibonacci_action_client]: Received feedback: array('i', [0, 1, 1, 2, 3, 5, 8])
[INFO] [1733714511.981877562] [fibonacci_action_client]: Received feedback: array('i', [0, 1, 1, 2, 3, 5, 8, 13])
[INFO] [1733714512.483094085] [fibonacci_action_client]: Received feedback: array('i', [0, 1, 1, 2, 3, 5, 8, 13, 21])
[INFO] [1733714512.984235948] [fibonacci_action_client]: Received feedback: array('i', [0, 1, 1, 2, 3, 5, 8, 13, 21, 34])
[INFO] [1733714513.485906367] [fibonacci_action_client]: Received feedback: array('i', [0, 1, 1, 2, 3, 5, 8, 13, 21, 34, 55])
[INFO] [1733714513.987686219] [fibonacci_action_client]: Result: array('i', [0, 1, 1, 2, 3, 5, 8, 13, 21, 34, 55])
[INFO] [1733714514.489012173] [fibonacci_action_client]: Sending goal with order 10
[INFO] [1733714514.490978919] [fibonacci_action_client]: Goal accepted, waiting for result.
[INFO] [1733714514.492697853] [fibonacci_action_client]: Received feedback: array('i', [0, 1, 1])
[INFO] [1733714514.994083720] [fibonacci_action_client]: Received feedback: array('i', [0, 1, 1, 2])
[INFO] [1733714515.495189391] [fibonacci_action_client]: Received feedback: array('i', [0, 1, 1, 2, 3])
[INFO] [1733714515.996485599] [fibonacci_action_client]: Received feedback: array('i', [0, 1, 1, 2, 3, 5])
[INFO] [1733714516.497353039] [fibonacci_action_client]: Received feedback: array('i', [0, 1, 1, 2, 3, 5, 8])
[INFO] [1733714516.998946831] [fibonacci_action_client]: Received feedback: array('i', [0, 1, 1, 2, 3, 5, 8, 13])
[INFO] [1733714517.500317220] [fibonacci_action_client]: Received feedback: array('i', [0, 1, 1, 2, 3, 5, 8, 13, 21])
[INFO] [1733714518.001831893] [fibonacci_action_client]: Received feedback: array('i', [0, 1, 1, 2, 3, 5, 8, 13, 21, 34])
[INFO] [1733714518.503003529] [fibonacci_action_client]: Received feedback: array('i', [0, 1, 1, 2, 3, 5, 8, 13, 21, 34, 55])
[INFO] [1733714519.005125335] [fibonacci_action_client]: Result: array('i', [0, 1, 1, 2, 3, 5, 8, 13, 21, 34, 55])
[INFO] [1733714519.506151258] [fibonacci_action_client]: Sending goal with order 10
[INFO] [1733714519.508029765] [fibonacci_action_client]: Goal accepted, waiting for result.
[INFO] [1733714519.509804859] [fibonacci_action_client]: Received feedback: array('i', [0, 1, 1])
[INFO] [1733714520.010801885] [fibonacci_action_client]: Received feedback: array('i', [0, 1, 1, 2])
[INFO] [1733714520.512230690] [fibonacci_action_client]: Received feedback: array('i', [0, 1, 1, 2, 3])
[INFO] [1733714521.013680625] [fibonacci_action_client]: Received feedback: array('i', [0, 1, 1, 2, 3, 5])
[INFO] [1733714521.514969622] [fibonacci_action_client]: Received feedback: array('i', [0, 1, 1, 2, 3, 5, 8])
[INFO] [1733714522.016474783] [fibonacci_action_client]: Received feedback: array('i', [0, 1, 1, 2, 3, 5, 8, 13])
[INFO] [1733714522.518064836] [fibonacci_action_client]: Received feedback: array('i', [0, 1, 1, 2, 3, 5, 8, 13, 21])
[INFO] [1733714523.019308800] [fibonacci_action_client]: Received feedback: array('i', [0, 1, 1, 2, 3, 5, 8, 13, 21, 34])
[INFO] [1733714523.520724621] [fibonacci_action_client]: Received feedback: array('i', [0, 1, 1, 2, 3, 5, 8, 13, 21, 34, 55])
[INFO] [1733714524.022988663] [fibonacci_action_client]: Result: array('i', [0, 1, 1, 2, 3, 5, 8, 13, 21, 34, 55])
[INFO] [1733714524.524275727] [fibonacci_action_client]: Sending goal with order 10
[INFO] [1733714524.526316616] [fibonacci_action_client]: Goal accepted, waiting for result.
[INFO] [1733714524.528182182] [fibonacci_action_client]: Received feedback: array('i', [0, 1, 1])
[INFO] [1733714525.029544902] [fibonacci_action_client]: Received feedback: array('i', [0, 1, 1, 2])
[INFO] [1733714525.530671158] [fibonacci_action_client]: Received feedback: array('i', [0, 1, 1, 2, 3])
[INFO] [1733714526.031748142] [fibonacci_action_client]: Received feedback: array('i', [0, 1, 1, 2, 3, 5])
[INFO] [1733714526.532905649] [fibonacci_action_client]: Received feedback: array('i', [0, 1, 1, 2, 3, 5, 8])
[INFO] [1733714527.034329514] [fibonacci_action_client]: Received feedback: array('i', [0, 1, 1, 2, 3, 5, 8, 13])
[INFO] [1733714527.535516912] [fibonacci_action_client]: Received feedback: array('i', [0, 1, 1, 2, 3, 5, 8, 13, 21])
[INFO] [1733714528.037042686] [fibonacci_action_client]: Received feedback: array('i', [0, 1, 1, 2, 3, 5, 8, 13, 21, 34])
[INFO] [1733714528.538624657] [fibonacci_action_client]: Received feedback: array('i', [0, 1, 1, 2, 3, 5, 8, 13, 21, 34, 55])
[INFO] [1733714529.040415110] [fibonacci_action_client]: Result: array('i', [0, 1, 1, 2, 3, 5, 8, 13, 21, 34, 55])
[INFO] [1733714529.541804505] [fibonacci_action_client]: Sending goal with order 10
[INFO] [1733714529.543930088] [fibonacci_action_client]: Goal accepted, waiting for result.
[INFO] [1733714529.545562258] [fibonacci_action_client]: Received feedback: array('i', [0, 1, 1])
[INFO] [1733714530.046414637] [fibonacci_action_client]: Received feedback: array('i', [0, 1, 1, 2])
[INFO] [1733714530.547684555] [fibonacci_action_client]: Received feedback: array('i', [0, 1, 1, 2, 3])
[INFO] [1733714531.049344238] [fibonacci_action_client]: Received feedback: array('i', [0, 1, 1, 2, 3, 5])
[INFO] [1733714531.550448049] [fibonacci_action_client]: Received feedback: array('i', [0, 1, 1, 2, 3, 5, 8])
[INFO] [1733714532.051870544] [fibonacci_action_client]: Received feedback: array('i', [0, 1, 1, 2, 3, 5, 8, 13])
[INFO] [1733714532.553370362] [fibonacci_action_client]: Received feedback: array('i', [0, 1, 1, 2, 3, 5, 8, 13, 21])
[INFO] [1733714533.054583599] [fibonacci_action_client]: Received feedback: array('i', [0, 1, 1, 2, 3, 5, 8, 13, 21, 34])
[INFO] [1733714533.555932106] [fibonacci_action_client]: Received feedback: array('i', [0, 1, 1, 2, 3, 5, 8, 13, 21, 34, 55])
[INFO] [1733714534.057551928] [fibonacci_action_client]: Result: array('i', [0, 1, 1, 2, 3, 5, 8, 13, 21, 34, 55])
[INFO] [1733714534.558647735] [fibonacci_action_client]: Sending goal with order 10
[INFO] [1733714534.560174297] [fibonacci_action_client]: Goal accepted, waiting for result.
[INFO] [1733714534.561858287] [fibonacci_action_client]: Received feedback: array('i', [0, 1, 1])
[INFO] [1733714535.062785739] [fibonacci_action_client]: Received feedback: array('i', [0, 1, 1, 2])
[INFO] [1733714535.564194636] [fibonacci_action_client]: Received feedback: array('i', [0, 1, 1, 2, 3])
[INFO] [1733714536.065204468] [fibonacci_action_client]: Received feedback: array('i', [0, 1, 1, 2, 3, 5])
[INFO] [1733714536.566678022] [fibonacci_action_client]: Received feedback: array('i', [0, 1, 1, 2, 3, 5, 8])
[INFO] [1733714537.068228237] [fibonacci_action_client]: Received feedback: array('i', [0, 1, 1, 2, 3, 5, 8, 13])
[INFO] [1733714537.569769688] [fibonacci_action_client]: Received feedback: array('i', [0, 1, 1, 2, 3, 5, 8, 13, 21])
[INFO] [1733714538.070995679] [fibonacci_action_client]: Received feedback: array('i', [0, 1, 1, 2, 3, 5, 8, 13, 21, 34])
[INFO] [1733714538.572428534] [fibonacci_action_client]: Received feedback: array('i', [0, 1, 1, 2, 3, 5, 8, 13, 21, 34, 55])
[INFO] [1733714539.074444628] [fibonacci_action_client]: Result: array('i', [0, 1, 1, 2, 3, 5, 8, 13, 21, 34, 55])
[INFO] [1733714539.575516307] [fibonacci_action_client]: Sending goal with order 10
[INFO] [1733714539.577323141] [fibonacci_action_client]: Goal accepted, waiting for result.
[INFO] [1733714539.579189025] [fibonacci_action_client]: Received feedback: array('i', [0, 1, 1])
[INFO] [1733714540.080175978] [fibonacci_action_client]: Received feedback: array('i', [0, 1, 1, 2])
[INFO] [1733714540.581731586] [fibonacci_action_client]: Received feedback: array('i', [0, 1, 1, 2, 3])
[INFO] [1733714541.082936421] [fibonacci_action_client]: Received feedback: array('i', [0, 1, 1, 2, 3, 5])
[INFO] [1733714541.584180519] [fibonacci_action_client]: Received feedback: array('i', [0, 1, 1, 2, 3, 5, 8])
[INFO] [1733714542.085729991] [fibonacci_action_client]: Received feedback: array('i', [0, 1, 1, 2, 3, 5, 8, 13])
[INFO] [1733714542.586623048] [fibonacci_action_client]: Received feedback: array('i', [0, 1, 1, 2, 3, 5, 8, 13, 21])
[INFO] [1733714543.088139532] [fibonacci_action_client]: Received feedback: array('i', [0, 1, 1, 2, 3, 5, 8, 13, 21, 34])
[INFO] [1733714543.589612483] [fibonacci_action_client]: Received feedback: array('i', [0, 1, 1, 2, 3, 5, 8, 13, 21, 34, 55])
[INFO] [1733714544.091428251] [fibonacci_action_client]: Result: array('i', [0, 1, 1, 2, 3, 5, 8, 13, 21, 34, 55])
[INFO] [1733714544.592676721] [fibonacci_action_client]: Sending goal with order 10
[INFO] [1733714544.594378758] [fibonacci_action_client]: Goal accepted, waiting for result.
[INFO] [1733714544.595889581] [fibonacci_action_client]: Received feedback: array('i', [0, 1, 1])
[INFO] [1733714545.096813728] [fibonacci_action_client]: Received feedback: array('i', [0, 1, 1, 2])
[INFO] [1733714545.598026959] [fibonacci_action_client]: Received feedback: array('i', [0, 1, 1, 2, 3])
[INFO] [1733714546.099668075] [fibonacci_action_client]: Received feedback: array('i', [0, 1, 1, 2, 3, 5])
[INFO] [1733714546.601008863] [fibonacci_action_client]: Received feedback: array('i', [0, 1, 1, 2, 3, 5, 8])
[INFO] [1733714547.102667621] [fibonacci_action_client]: Received feedback: array('i', [0, 1, 1, 2, 3, 5, 8, 13])
[INFO] [1733714547.604481639] [fibonacci_action_client]: Received feedback: array('i', [0, 1, 1, 2, 3, 5, 8, 13, 21])
[INFO] [1733714548.106090124] [fibonacci_action_client]: Received feedback: array('i', [0, 1, 1, 2, 3, 5, 8, 13, 21, 34])
[INFO] [1733714548.607036356] [fibonacci_action_client]: Received feedback: array('i', [0, 1, 1, 2, 3, 5, 8, 13, 21, 34, 55])
[INFO] [1733714549.108642500] [fibonacci_action_client]: Result: array('i', [0, 1, 1, 2, 3, 5, 8, 13, 21, 34, 55])
[INFO] [1733714549.610127760] [fibonacci_action_client]: Sending goal with order 10
[INFO] [1733714549.611803395] [fibonacci_action_client]: Goal accepted, waiting for result.
[INFO] [1733714549.613216122] [fibonacci_action_client]: Received feedback: array('i', [0, 1, 1])
[INFO] [1733714550.114596416] [fibonacci_action_client]: Received feedback: array('i', [0, 1, 1, 2])
[INFO] [1733714550.615885019] [fibonacci_action_client]: Received feedback: array('i', [0, 1, 1, 2, 3])
[INFO] [1733714551.117538472] [fibonacci_action_client]: Received feedback: array('i', [0, 1, 1, 2, 3, 5])
[INFO] [1733714551.618957871] [fibonacci_action_client]: Received feedback: array('i', [0, 1, 1, 2, 3, 5, 8])
[INFO] [1733714552.120341835] [fibonacci_action_client]: Received feedback: array('i', [0, 1, 1, 2, 3, 5, 8, 13])
[INFO] [1733714552.621857300] [fibonacci_action_client]: Received feedback: array('i', [0, 1, 1, 2, 3, 5, 8, 13, 21])
[INFO] [1733714553.123453121] [fibonacci_action_client]: Received feedback: array('i', [0, 1, 1, 2, 3, 5, 8, 13, 21, 34])
[INFO] [1733714553.624959583] [fibonacci_action_client]: Received feedback: array('i', [0, 1, 1, 2, 3, 5, 8, 13, 21, 34, 55])
[INFO] [1733714554.126893923] [fibonacci_action_client]: Result: array('i', [0, 1, 1, 2, 3, 5, 8, 13, 21, 34, 55])
[INFO] [1733714554.628161006] [fibonacci_action_client]: Sending goal with order 10
[INFO] [1733714554.629730703] [fibonacci_action_client]: Goal accepted, waiting for result.
[INFO] [1733714554.631486677] [fibonacci_action_client]: Received feedback: array('i', [0, 1, 1])
[INFO] [1733714555.132159530] [fibonacci_action_client]: Received feedback: array('i', [0, 1, 1, 2])
[INFO] [1733714555.633352234] [fibonacci_action_client]: Received feedback: array('i', [0, 1, 1, 2, 3])
[INFO] [1733714556.135050822] [fibonacci_action_client]: Received feedback: array('i', [0, 1, 1, 2, 3, 5])
[INFO] [1733714556.635955911] [fibonacci_action_client]: Received feedback: array('i', [0, 1, 1, 2, 3, 5, 8])
[INFO] [1733714557.137540884] [fibonacci_action_client]: Received feedback: array('i', [0, 1, 1, 2, 3, 5, 8, 13])
[INFO] [1733714557.639050344] [fibonacci_action_client]: Received feedback: array('i', [0, 1, 1, 2, 3, 5, 8, 13, 21])
[INFO] [1733714558.140540466] [fibonacci_action_client]: Received feedback: array('i', [0, 1, 1, 2, 3, 5, 8, 13, 21, 34])
[INFO] [1733714558.641904462] [fibonacci_action_client]: Received feedback: array('i', [0, 1, 1, 2, 3, 5, 8, 13, 21, 34, 55])
[INFO] [1733714559.143455363] [fibonacci_action_client]: Result: array('i', [0, 1, 1, 2, 3, 5, 8, 13, 21, 34, 55])
[INFO] [1733714559.644511246] [fibonacci_action_client]: Sending goal with order 10
[INFO] [1733714559.645932461] [fibonacci_action_client]: Goal accepted, waiting for result.
[INFO] [1733714559.647610497] [fibonacci_action_client]: Received feedback: array('i', [0, 1, 1])
[INFO] [1733714560.149184524] [fibonacci_action_client]: Received feedback: array('i', [0, 1, 1, 2])
[INFO] [1733714560.650767500] [fibonacci_action_client]: Received feedback: array('i', [0, 1, 1, 2, 3])
[INFO] [1733714561.152206830] [fibonacci_action_client]: Received feedback: array('i', [0, 1, 1, 2, 3, 5])
[INFO] [1733714561.653519055] [fibonacci_action_client]: Received feedback: array('i', [0, 1, 1, 2, 3, 5, 8])
[INFO] [1733714562.154433279] [fibonacci_action_client]: Received feedback: array('i', [0, 1, 1, 2, 3, 5, 8, 13])
[INFO] [1733714562.655912980] [fibonacci_action_client]: Received feedback: array('i', [0, 1, 1, 2, 3, 5, 8, 13, 21])
[INFO] [1733714563.157376312] [fibonacci_action_client]: Received feedback: array('i', [0, 1, 1, 2, 3, 5, 8, 13, 21, 34])
[INFO] [1733714563.658837653] [fibonacci_action_client]: Received feedback: array('i', [0, 1, 1, 2, 3, 5, 8, 13, 21, 34, 55])
[INFO] [1733714564.160860555] [fibonacci_action_client]: Result: array('i', [0, 1, 1, 2, 3, 5, 8, 13, 21, 34, 55])
[INFO] [1733714564.661748416] [fibonacci_action_client]: Sending goal with order 10
[INFO] [1733714564.663240893] [fibonacci_action_client]: Goal accepted, waiting for result.
[INFO] [1733714564.665031289] [fibonacci_action_client]: Received feedback: array('i', [0, 1, 1])
[INFO] [1733714565.165679910] [fibonacci_action_client]: Received feedback: array('i', [0, 1, 1, 2])
[INFO] [1733714565.666519222] [fibonacci_action_client]: Received feedback: array('i', [0, 1, 1, 2, 3])
[INFO] [1733714566.168229545] [fibonacci_action_client]: Received feedback: array('i', [0, 1, 1, 2, 3, 5])
[INFO] [1733714566.669766277] [fibonacci_action_client]: Received feedback: array('i', [0, 1, 1, 2, 3, 5, 8])
[INFO] [1733714567.171028463] [fibonacci_action_client]: Received feedback: array('i', [0, 1, 1, 2, 3, 5, 8, 13])
[INFO] [1733714567.672336277] [fibonacci_action_client]: Received feedback: array('i', [0, 1, 1, 2, 3, 5, 8, 13, 21])
[INFO] [1733714568.173785823] [fibonacci_action_client]: Received feedback: array('i', [0, 1, 1, 2, 3, 5, 8, 13, 21, 34])
[INFO] [1733714568.674985791] [fibonacci_action_client]: Received feedback: array('i', [0, 1, 1, 2, 3, 5, 8, 13, 21, 34, 55])
[INFO] [1733714569.177014716] [fibonacci_action_client]: Result: array('i', [0, 1, 1, 2, 3, 5, 8, 13, 21, 34, 55])
[INFO] [1733714569.678443912] [fibonacci_action_client]: Sending goal with order 10
[INFO] [1733714569.680410741] [fibonacci_action_client]: Goal accepted, waiting for result.
[INFO] [1733714569.682365975] [fibonacci_action_client]: Received feedback: array('i', [0, 1, 1])
[INFO] [1733714570.183604122] [fibonacci_action_client]: Received feedback: array('i', [0, 1, 1, 2])
[INFO] [1733714570.685096318] [fibonacci_action_client]: Received feedback: array('i', [0, 1, 1, 2, 3])
[INFO] [1733714571.186670373] [fibonacci_action_client]: Received feedback: array('i', [0, 1, 1, 2, 3, 5])
[INFO] [1733714571.688010763] [fibonacci_action_client]: Received feedback: array('i', [0, 1, 1, 2, 3, 5, 8])
[INFO] [1733714572.189564687] [fibonacci_action_client]: Received feedback: array('i', [0, 1, 1, 2, 3, 5, 8, 13])
[INFO] [1733714572.690969248] [fibonacci_action_client]: Received feedback: array('i', [0, 1, 1, 2, 3, 5, 8, 13, 21])
[INFO] [1733714573.192160425] [fibonacci_action_client]: Received feedback: array('i', [0, 1, 1, 2, 3, 5, 8, 13, 21, 34])
[INFO] [1733714573.693861690] [fibonacci_action_client]: Received feedback: array('i', [0, 1, 1, 2, 3, 5, 8, 13, 21, 34, 55])
[INFO] [1733714574.196027180] [fibonacci_action_client]: Result: array('i', [0, 1, 1, 2, 3, 5, 8, 13, 21, 34, 55])
[INFO] [1733714574.697018927] [fibonacci_action_client]: Sending goal with order 10
[INFO] [1733714574.698874747] [fibonacci_action_client]: Goal accepted, waiting for result.
[INFO] [1733714574.700945973] [fibonacci_action_client]: Received feedback: array('i', [0, 1, 1])
[INFO] [1733714575.201850052] [fibonacci_action_client]: Received feedback: array('i', [0, 1, 1, 2])
[INFO] [1733714575.702428896] [fibonacci_action_client]: Received feedback: array('i', [0, 1, 1, 2, 3])
[INFO] [1733714576.203906476] [fibonacci_action_client]: Received feedback: array('i', [0, 1, 1, 2, 3, 5])
[INFO] [1733714576.705534005] [fibonacci_action_client]: Received feedback: array('i', [0, 1, 1, 2, 3, 5, 8])
[INFO] [1733714577.207004225] [fibonacci_action_client]: Received feedback: array('i', [0, 1, 1, 2, 3, 5, 8, 13])
[INFO] [1733714577.708409966] [fibonacci_action_client]: Received feedback: array('i', [0, 1, 1, 2, 3, 5, 8, 13, 21])
[INFO] [1733714578.209970090] [fibonacci_action_client]: Received feedback: array('i', [0, 1, 1, 2, 3, 5, 8, 13, 21, 34])
[INFO] [1733714578.711071515] [fibonacci_action_client]: Received feedback: array('i', [0, 1, 1, 2, 3, 5, 8, 13, 21, 34, 55])
[INFO] [1733714579.212894063] [fibonacci_action_client]: Result: array('i', [0, 1, 1, 2, 3, 5, 8, 13, 21, 34, 55])
[INFO] [1733714579.714246801] [fibonacci_action_client]: Sending goal with order 10
[INFO] [1733714579.715874707] [fibonacci_action_client]: Goal accepted, waiting for result.
[INFO] [1733714579.717519607] [fibonacci_action_client]: Received feedback: array('i', [0, 1, 1])
[INFO] [1733714580.218645637] [fibonacci_action_client]: Received feedback: array('i', [0, 1, 1, 2])
[INFO] [1733714580.719941321] [fibonacci_action_client]: Received feedback: array('i', [0, 1, 1, 2, 3])
[INFO] [1733714581.221402338] [fibonacci_action_client]: Received feedback: array('i', [0, 1, 1, 2, 3, 5])
[INFO] [1733714581.723054365] [fibonacci_action_client]: Received feedback: array('i', [0, 1, 1, 2, 3, 5, 8])
[INFO] [1733714582.224105464] [fibonacci_action_client]: Received feedback: array('i', [0, 1, 1, 2, 3, 5, 8, 13])
[INFO] [1733714582.725595329] [fibonacci_action_client]: Received feedback: array('i', [0, 1, 1, 2, 3, 5, 8, 13, 21])
[INFO] [1733714583.226732562] [fibonacci_action_client]: Received feedback: array('i', [0, 1, 1, 2, 3, 5, 8, 13, 21, 34])
[INFO] [1733714583.728194178] [fibonacci_action_client]: Received feedback: array('i', [0, 1, 1, 2, 3, 5, 8, 13, 21, 34, 55])
[INFO] [1733714584.230269601] [fibonacci_action_client]: Result: array('i', [0, 1, 1, 2, 3, 5, 8, 13, 21, 34, 55])
[INFO] [1733714584.731302750] [fibonacci_action_client]: Sending goal with order 10
[INFO] [1733714584.733012990] [fibonacci_action_client]: Goal accepted, waiting for result.
[INFO] [1733714584.734844465] [fibonacci_action_client]: Received feedback: array('i', [0, 1, 1])
[INFO] [1733714585.236254144] [fibonacci_action_client]: Received feedback: array('i', [0, 1, 1, 2])
[INFO] [1733714585.737401400] [fibonacci_action_client]: Received feedback: array('i', [0, 1, 1, 2, 3])
[INFO] [1733714586.238971435] [fibonacci_action_client]: Received feedback: array('i', [0, 1, 1, 2, 3, 5])
[INFO] [1733714586.740402973] [fibonacci_action_client]: Received feedback: array('i', [0, 1, 1, 2, 3, 5, 8])
[INFO] [1733714587.241709662] [fibonacci_action_client]: Received feedback: array('i', [0, 1, 1, 2, 3, 5, 8, 13])
[INFO] [1733714587.743214781] [fibonacci_action_client]: Received feedback: array('i', [0, 1, 1, 2, 3, 5, 8, 13, 21])
[INFO] [1733714588.244537086] [fibonacci_action_client]: Received feedback: array('i', [0, 1, 1, 2, 3, 5, 8, 13, 21, 34])
[INFO] [1733714588.745960272] [fibonacci_action_client]: Received feedback: array('i', [0, 1, 1, 2, 3, 5, 8, 13, 21, 34, 55])
[INFO] [1733714589.247455417] [fibonacci_action_client]: Result: array('i', [0, 1, 1, 2, 3, 5, 8, 13, 21, 34, 55])
[INFO] [1733714589.748721284] [fibonacci_action_client]: Sending goal with order 10
[INFO] [1733714589.750420117] [fibonacci_action_client]: Goal accepted, waiting for result.
[INFO] [1733714589.752066383] [fibonacci_action_client]: Received feedback: array('i', [0, 1, 1])
[INFO] [1733714590.253103425] [fibonacci_action_client]: Received feedback: array('i', [0, 1, 1, 2])
[INFO] [1733714590.754591443] [fibonacci_action_client]: Received feedback: array('i', [0, 1, 1, 2, 3])
[INFO] [1733714591.255890599] [fibonacci_action_client]: Received feedback: array('i', [0, 1, 1, 2, 3, 5])
[INFO] [1733714591.757511410] [fibonacci_action_client]: Received feedback: array('i', [0, 1, 1, 2, 3, 5, 8])
[INFO] [1733714592.258884714] [fibonacci_action_client]: Received feedback: array('i', [0, 1, 1, 2, 3, 5, 8, 13])
[INFO] [1733714592.760436528] [fibonacci_action_client]: Received feedback: array('i', [0, 1, 1, 2, 3, 5, 8, 13, 21])
[INFO] [1733714593.261947154] [fibonacci_action_client]: Received feedback: array('i', [0, 1, 1, 2, 3, 5, 8, 13, 21, 34])
[INFO] [1733714593.762948492] [fibonacci_action_client]: Received feedback: array('i', [0, 1, 1, 2, 3, 5, 8, 13, 21, 34, 55])
[INFO] [1733714594.265025967] [fibonacci_action_client]: Result: array('i', [0, 1, 1, 2, 3, 5, 8, 13, 21, 34, 55])
[INFO] [1733714594.765968180] [fibonacci_action_client]: Sending goal with order 10
[INFO] [1733714594.769429689] [fibonacci_action_client]: Goal accepted, waiting for result.
[INFO] [1733714594.770529808] [fibonacci_action_client]: Received feedback: array('i', [0, 1, 1])
[INFO] [1733714595.269994080] [fibonacci_action_client]: Received feedback: array('i', [0, 1, 1, 2])
[INFO] [1733714595.771656796] [fibonacci_action_client]: Received feedback: array('i', [0, 1, 1, 2, 3])
[INFO] [1733714596.273260440] [fibonacci_action_client]: Received feedback: array('i', [0, 1, 1, 2, 3, 5])
[INFO] [1733714596.774729173] [fibonacci_action_client]: Received feedback: array('i', [0, 1, 1, 2, 3, 5, 8])
[INFO] [1733714597.275770561] [fibonacci_action_client]: Received feedback: array('i', [0, 1, 1, 2, 3, 5, 8, 13])
[INFO] [1733714597.776882090] [fibonacci_action_client]: Received feedback: array('i', [0, 1, 1, 2, 3, 5, 8, 13, 21])
[INFO] [1733714598.278558601] [fibonacci_action_client]: Received feedback: array('i', [0, 1, 1, 2, 3, 5, 8, 13, 21, 34])
[INFO] [1733714598.779749949] [fibonacci_action_client]: Received feedback: array('i', [0, 1, 1, 2, 3, 5, 8, 13, 21, 34, 55])
[INFO] [1733714599.281936069] [fibonacci_action_client]: Result: array('i', [0, 1, 1, 2, 3, 5, 8, 13, 21, 34, 55])
[INFO] [1733714599.783059478] [fibonacci_action_client]: Sending goal with order 10
[INFO] [1733714599.784681659] [fibonacci_action_client]: Goal accepted, waiting for result.
[INFO] [1733714599.786389677] [fibonacci_action_client]: Received feedback: array('i', [0, 1, 1])
[INFO] [1733714600.287782723] [fibonacci_action_client]: Received feedback: array('i', [0, 1, 1, 2])
[INFO] [1733714600.789203295] [fibonacci_action_client]: Received feedback: array('i', [0, 1, 1, 2, 3])
[INFO] [1733714601.290671929] [fibonacci_action_client]: Received feedback: array('i', [0, 1, 1, 2, 3, 5])
[INFO] [1733714601.791987588] [fibonacci_action_client]: Received feedback: array('i', [0, 1, 1, 2, 3, 5, 8])
[INFO] [1733714602.293169823] [fibonacci_action_client]: Received feedback: array('i', [0, 1, 1, 2, 3, 5, 8, 13])
[INFO] [1733714602.794714209] [fibonacci_action_client]: Received feedback: array('i', [0, 1, 1, 2, 3, 5, 8, 13, 21])
[INFO] [1733714603.296073475] [fibonacci_action_client]: Received feedback: array('i', [0, 1, 1, 2, 3, 5, 8, 13, 21, 34])
[INFO] [1733714603.797507495] [fibonacci_action_client]: Received feedback: array('i', [0, 1, 1, 2, 3, 5, 8, 13, 21, 34, 55])
[INFO] [1733714604.299669793] [fibonacci_action_client]: Result: array('i', [0, 1, 1, 2, 3, 5, 8, 13, 21, 34, 55])
[INFO] [1733714604.800741862] [fibonacci_action_client]: Sending goal with order 10
[INFO] [1733714604.802303862] [fibonacci_action_client]: Goal accepted, waiting for result.
[INFO] [1733714604.804105863] [fibonacci_action_client]: Received feedback: array('i', [0, 1, 1])
[INFO] [1733714605.305065241] [fibonacci_action_client]: Received feedback: array('i', [0, 1, 1, 2])
[INFO] [1733714605.806798373] [fibonacci_action_client]: Received feedback: array('i', [0, 1, 1, 2, 3])
[INFO] [1733714606.307710254] [fibonacci_action_client]: Received feedback: array('i', [0, 1, 1, 2, 3, 5])
[INFO] [1733714606.809365183] [fibonacci_action_client]: Received feedback: array('i', [0, 1, 1, 2, 3, 5, 8])
[INFO] [1733714607.310784883] [fibonacci_action_client]: Received feedback: array('i', [0, 1, 1, 2, 3, 5, 8, 13])
[INFO] [1733714607.812191980] [fibonacci_action_client]: Received feedback: array('i', [0, 1, 1, 2, 3, 5, 8, 13, 21])
[INFO] [1733714608.313745772] [fibonacci_action_client]: Received feedback: array('i', [0, 1, 1, 2, 3, 5, 8, 13, 21, 34])
[INFO] [1733714608.814832377] [fibonacci_action_client]: Received feedback: array('i', [0, 1, 1, 2, 3, 5, 8, 13, 21, 34, 55])
[INFO] [1733714609.317379869] [fibonacci_action_client]: Result: array('i', [0, 1, 1, 2, 3, 5, 8, 13, 21, 34, 55])
[INFO] [1733714609.818693226] [fibonacci_action_client]: Sending goal with order 10
[INFO] [1733714609.820341099] [fibonacci_action_client]: Goal accepted, waiting for result.
[INFO] [1733714609.822177739] [fibonacci_action_client]: Received feedback: array('i', [0, 1, 1])
[INFO] [1733714610.323121150] [fibonacci_action_client]: Received feedback: array('i', [0, 1, 1, 2])
[INFO] [1733714610.824557351] [fibonacci_action_client]: Received feedback: array('i', [0, 1, 1, 2, 3])
[INFO] [1733714611.325658351] [fibonacci_action_client]: Received feedback: array('i', [0, 1, 1, 2, 3, 5])
[INFO] [1733714611.826650720] [fibonacci_action_client]: Received feedback: array('i', [0, 1, 1, 2, 3, 5, 8])
[INFO] [1733714612.328212597] [fibonacci_action_client]: Received feedback: array('i', [0, 1, 1, 2, 3, 5, 8, 13])
[INFO] [1733714612.829740343] [fibonacci_action_client]: Received feedback: array('i', [0, 1, 1, 2, 3, 5, 8, 13, 21])
[INFO] [1733714613.330941923] [fibonacci_action_client]: Received feedback: array('i', [0, 1, 1, 2, 3, 5, 8, 13, 21, 34])
[INFO] [1733714613.832393718] [fibonacci_action_client]: Received feedback: array('i', [0, 1, 1, 2, 3, 5, 8, 13, 21, 34, 55])
[INFO] [1733714614.821263578] [fibonacci_action_client]: Result not received due to timeout.
RAPL is set
