[INFO] [1733754106.056696801] [fibonacci_action_server]: Executing goal...
[INFO] [1733754106.057185928] [fibonacci_action_server]: Feedback: array('i', [0, 1, 1])
[INFO] [1733754106.308346302] [fibonacci_action_server]: Feedback: array('i', [0, 1, 1, 2])
[INFO] [1733754106.559555373] [fibonacci_action_server]: Feedback: array('i', [0, 1, 1, 2, 3])
[INFO] [1733754106.810639112] [fibonacci_action_server]: Feedback: array('i', [0, 1, 1, 2, 3, 5])
[INFO] [1733754107.061991211] [fibonacci_action_server]: Feedback: array('i', [0, 1, 1, 2, 3, 5, 8])
[INFO] [1733754107.312933850] [fibonacci_action_server]: Feedback: array('i', [0, 1, 1, 2, 3, 5, 8, 13])
[INFO] [1733754107.564109691] [fibonacci_action_server]: Feedback: array('i', [0, 1, 1, 2, 3, 5, 8, 13, 21])
[INFO] [1733754107.815201579] [fibonacci_action_server]: Feedback: array('i', [0, 1, 1, 2, 3, 5, 8, 13, 21, 34])
[INFO] [1733754108.066136496] [fibonacci_action_server]: Feedback: array('i', [0, 1, 1, 2, 3, 5, 8, 13, 21, 34, 55])
[INFO] [1733754108.318522302] [fibonacci_action_server]: Executing goal...
[INFO] [1733754108.319142337] [fibonacci_action_server]: Feedback: array('i', [0, 1, 1])
[INFO] [1733754108.569951514] [fibonacci_action_server]: Feedback: array('i', [0, 1, 1, 2])
[INFO] [1733754108.820794227] [fibonacci_action_server]: Feedback: array('i', [0, 1, 1, 2, 3])
[INFO] [1733754109.071694526] [fibonacci_action_server]: Feedback: array('i', [0, 1, 1, 2, 3, 5])
[INFO] [1733754109.322612506] [fibonacci_action_server]: Feedback: array('i', [0, 1, 1, 2, 3, 5, 8])
[INFO] [1733754109.573479537] [fibonacci_action_server]: Feedback: array('i', [0, 1, 1, 2, 3, 5, 8, 13])
[INFO] [1733754109.824384584] [fibonacci_action_server]: Feedback: array('i', [0, 1, 1, 2, 3, 5, 8, 13, 21])
[INFO] [1733754110.075579545] [fibonacci_action_server]: Feedback: array('i', [0, 1, 1, 2, 3, 5, 8, 13, 21, 34])
[INFO] [1733754110.326768091] [fibonacci_action_server]: Feedback: array('i', [0, 1, 1, 2, 3, 5, 8, 13, 21, 34, 55])
[INFO] [1733754110.580223778] [fibonacci_action_server]: Executing goal...
[INFO] [1733754110.580844862] [fibonacci_action_server]: Feedback: array('i', [0, 1, 1])
[INFO] [1733754110.831999302] [fibonacci_action_server]: Feedback: array('i', [0, 1, 1, 2])
[INFO] [1733754111.083130731] [fibonacci_action_server]: Feedback: array('i', [0, 1, 1, 2, 3])
[INFO] [1733754111.334067931] [fibonacci_action_server]: Feedback: array('i', [0, 1, 1, 2, 3, 5])
[INFO] [1733754111.585008657] [fibonacci_action_server]: Feedback: array('i', [0, 1, 1, 2, 3, 5, 8])
[INFO] [1733754111.836184747] [fibonacci_action_server]: Feedback: array('i', [0, 1, 1, 2, 3, 5, 8, 13])
[INFO] [1733754112.087211300] [fibonacci_action_server]: Feedback: array('i', [0, 1, 1, 2, 3, 5, 8, 13, 21])
[INFO] [1733754112.338153189] [fibonacci_action_server]: Feedback: array('i', [0, 1, 1, 2, 3, 5, 8, 13, 21, 34])
[INFO] [1733754112.589537376] [fibonacci_action_server]: Feedback: array('i', [0, 1, 1, 2, 3, 5, 8, 13, 21, 34, 55])
[INFO] [1733754112.842753095] [fibonacci_action_server]: Executing goal...
[INFO] [1733754112.843353549] [fibonacci_action_server]: Feedback: array('i', [0, 1, 1])
[INFO] [1733754113.094416916] [fibonacci_action_server]: Feedback: array('i', [0, 1, 1, 2])
[INFO] [1733754113.345414685] [fibonacci_action_server]: Feedback: array('i', [0, 1, 1, 2, 3])
[INFO] [1733754113.596600800] [fibonacci_action_server]: Feedback: array('i', [0, 1, 1, 2, 3, 5])
[INFO] [1733754113.847964468] [fibonacci_action_server]: Feedback: array('i', [0, 1, 1, 2, 3, 5, 8])
[INFO] [1733754114.098885911] [fibonacci_action_server]: Feedback: array('i', [0, 1, 1, 2, 3, 5, 8, 13])
[INFO] [1733754114.350048882] [fibonacci_action_server]: Feedback: array('i', [0, 1, 1, 2, 3, 5, 8, 13, 21])
[INFO] [1733754114.601172229] [fibonacci_action_server]: Feedback: array('i', [0, 1, 1, 2, 3, 5, 8, 13, 21, 34])
[INFO] [1733754114.852481040] [fibonacci_action_server]: Feedback: array('i', [0, 1, 1, 2, 3, 5, 8, 13, 21, 34, 55])
[INFO] [1733754115.105028834] [fibonacci_action_server]: Executing goal...
[INFO] [1733754115.105441180] [fibonacci_action_server]: Feedback: array('i', [0, 1, 1])
[INFO] [1733754115.356277694] [fibonacci_action_server]: Feedback: array('i', [0, 1, 1, 2])
[INFO] [1733754115.607542330] [fibonacci_action_server]: Feedback: array('i', [0, 1, 1, 2, 3])
[INFO] [1733754115.858599644] [fibonacci_action_server]: Feedback: array('i', [0, 1, 1, 2, 3, 5])
[INFO] [1733754116.109884865] [fibonacci_action_server]: Feedback: array('i', [0, 1, 1, 2, 3, 5, 8])
[INFO] [1733754116.361186264] [fibonacci_action_server]: Feedback: array('i', [0, 1, 1, 2, 3, 5, 8, 13])
[INFO] [1733754116.612595564] [fibonacci_action_server]: Feedback: array('i', [0, 1, 1, 2, 3, 5, 8, 13, 21])
[INFO] [1733754116.863924841] [fibonacci_action_server]: Feedback: array('i', [0, 1, 1, 2, 3, 5, 8, 13, 21, 34])
[INFO] [1733754117.114982538] [fibonacci_action_server]: Feedback: array('i', [0, 1, 1, 2, 3, 5, 8, 13, 21, 34, 55])
[INFO] [1733754117.367874420] [fibonacci_action_server]: Executing goal...
[INFO] [1733754117.368237529] [fibonacci_action_server]: Feedback: array('i', [0, 1, 1])
[INFO] [1733754117.619094389] [fibonacci_action_server]: Feedback: array('i', [0, 1, 1, 2])
[INFO] [1733754117.870073018] [fibonacci_action_server]: Feedback: array('i', [0, 1, 1, 2, 3])
[INFO] [1733754118.121016490] [fibonacci_action_server]: Feedback: array('i', [0, 1, 1, 2, 3, 5])
[INFO] [1733754118.372068149] [fibonacci_action_server]: Feedback: array('i', [0, 1, 1, 2, 3, 5, 8])
[INFO] [1733754118.623249880] [fibonacci_action_server]: Feedback: array('i', [0, 1, 1, 2, 3, 5, 8, 13])
[INFO] [1733754118.874149146] [fibonacci_action_server]: Feedback: array('i', [0, 1, 1, 2, 3, 5, 8, 13, 21])
[INFO] [1733754119.125479946] [fibonacci_action_server]: Feedback: array('i', [0, 1, 1, 2, 3, 5, 8, 13, 21, 34])
[INFO] [1733754119.376345951] [fibonacci_action_server]: Feedback: array('i', [0, 1, 1, 2, 3, 5, 8, 13, 21, 34, 55])
[INFO] [1733754119.629190927] [fibonacci_action_server]: Executing goal...
[INFO] [1733754119.629561062] [fibonacci_action_server]: Feedback: array('i', [0, 1, 1])
[INFO] [1733754119.880557812] [fibonacci_action_server]: Feedback: array('i', [0, 1, 1, 2])
[INFO] [1733754120.131821847] [fibonacci_action_server]: Feedback: array('i', [0, 1, 1, 2, 3])
[INFO] [1733754120.383131891] [fibonacci_action_server]: Feedback: array('i', [0, 1, 1, 2, 3, 5])
[INFO] [1733754120.634224958] [fibonacci_action_server]: Feedback: array('i', [0, 1, 1, 2, 3, 5, 8])
[INFO] [1733754120.885630964] [fibonacci_action_server]: Feedback: array('i', [0, 1, 1, 2, 3, 5, 8, 13])
[INFO] [1733754121.136845006] [fibonacci_action_server]: Feedback: array('i', [0, 1, 1, 2, 3, 5, 8, 13, 21])
[INFO] [1733754121.387989388] [fibonacci_action_server]: Feedback: array('i', [0, 1, 1, 2, 3, 5, 8, 13, 21, 34])
[INFO] [1733754121.639134574] [fibonacci_action_server]: Feedback: array('i', [0, 1, 1, 2, 3, 5, 8, 13, 21, 34, 55])
[INFO] [1733754121.891756517] [fibonacci_action_server]: Executing goal...
[INFO] [1733754121.892362353] [fibonacci_action_server]: Feedback: array('i', [0, 1, 1])
[INFO] [1733754122.143338472] [fibonacci_action_server]: Feedback: array('i', [0, 1, 1, 2])
[INFO] [1733754122.394101435] [fibonacci_action_server]: Feedback: array('i', [0, 1, 1, 2, 3])
[INFO] [1733754122.645448339] [fibonacci_action_server]: Feedback: array('i', [0, 1, 1, 2, 3, 5])
[INFO] [1733754122.896726396] [fibonacci_action_server]: Feedback: array('i', [0, 1, 1, 2, 3, 5, 8])
[INFO] [1733754123.147935783] [fibonacci_action_server]: Feedback: array('i', [0, 1, 1, 2, 3, 5, 8, 13])
[INFO] [1733754123.398926464] [fibonacci_action_server]: Feedback: array('i', [0, 1, 1, 2, 3, 5, 8, 13, 21])
[INFO] [1733754123.650112370] [fibonacci_action_server]: Feedback: array('i', [0, 1, 1, 2, 3, 5, 8, 13, 21, 34])
[INFO] [1733754123.901435921] [fibonacci_action_server]: Feedback: array('i', [0, 1, 1, 2, 3, 5, 8, 13, 21, 34, 55])
[INFO] [1733754124.154436273] [fibonacci_action_server]: Executing goal...
[INFO] [1733754124.155033361] [fibonacci_action_server]: Feedback: array('i', [0, 1, 1])
[INFO] [1733754124.406280240] [fibonacci_action_server]: Feedback: array('i', [0, 1, 1, 2])
[INFO] [1733754124.657331389] [fibonacci_action_server]: Feedback: array('i', [0, 1, 1, 2, 3])
[INFO] [1733754124.908529568] [fibonacci_action_server]: Feedback: array('i', [0, 1, 1, 2, 3, 5])
[INFO] [1733754125.159917302] [fibonacci_action_server]: Feedback: array('i', [0, 1, 1, 2, 3, 5, 8])
[INFO] [1733754125.411102045] [fibonacci_action_server]: Feedback: array('i', [0, 1, 1, 2, 3, 5, 8, 13])
[INFO] [1733754125.662418346] [fibonacci_action_server]: Feedback: array('i', [0, 1, 1, 2, 3, 5, 8, 13, 21])
[INFO] [1733754125.913768381] [fibonacci_action_server]: Feedback: array('i', [0, 1, 1, 2, 3, 5, 8, 13, 21, 34])
[INFO] [1733754126.165177636] [fibonacci_action_server]: Feedback: array('i', [0, 1, 1, 2, 3, 5, 8, 13, 21, 34, 55])
[INFO] [1733754126.418236292] [fibonacci_action_server]: Executing goal...
[INFO] [1733754126.418850607] [fibonacci_action_server]: Feedback: array('i', [0, 1, 1])
[INFO] [1733754126.669653059] [fibonacci_action_server]: Feedback: array('i', [0, 1, 1, 2])
[INFO] [1733754126.920989510] [fibonacci_action_server]: Feedback: array('i', [0, 1, 1, 2, 3])
[INFO] [1733754127.172197558] [fibonacci_action_server]: Feedback: array('i', [0, 1, 1, 2, 3, 5])
[INFO] [1733754127.423449536] [fibonacci_action_server]: Feedback: array('i', [0, 1, 1, 2, 3, 5, 8])
[INFO] [1733754127.674467487] [fibonacci_action_server]: Feedback: array('i', [0, 1, 1, 2, 3, 5, 8, 13])
[INFO] [1733754127.925718954] [fibonacci_action_server]: Feedback: array('i', [0, 1, 1, 2, 3, 5, 8, 13, 21])
[INFO] [1733754128.176764558] [fibonacci_action_server]: Feedback: array('i', [0, 1, 1, 2, 3, 5, 8, 13, 21, 34])
[INFO] [1733754128.427998409] [fibonacci_action_server]: Feedback: array('i', [0, 1, 1, 2, 3, 5, 8, 13, 21, 34, 55])
[INFO] [1733754128.681109942] [fibonacci_action_server]: Executing goal...
[INFO] [1733754128.681753225] [fibonacci_action_server]: Feedback: array('i', [0, 1, 1])
[INFO] [1733754128.932702679] [fibonacci_action_server]: Feedback: array('i', [0, 1, 1, 2])
[INFO] [1733754129.183924451] [fibonacci_action_server]: Feedback: array('i', [0, 1, 1, 2, 3])
[INFO] [1733754129.434829070] [fibonacci_action_server]: Feedback: array('i', [0, 1, 1, 2, 3, 5])
[INFO] [1733754129.686003532] [fibonacci_action_server]: Feedback: array('i', [0, 1, 1, 2, 3, 5, 8])
[INFO] [1733754129.936932650] [fibonacci_action_server]: Feedback: array('i', [0, 1, 1, 2, 3, 5, 8, 13])
[INFO] [1733754130.188108382] [fibonacci_action_server]: Feedback: array('i', [0, 1, 1, 2, 3, 5, 8, 13, 21])
[INFO] [1733754130.439112196] [fibonacci_action_server]: Feedback: array('i', [0, 1, 1, 2, 3, 5, 8, 13, 21, 34])
[INFO] [1733754130.689813331] [fibonacci_action_server]: Feedback: array('i', [0, 1, 1, 2, 3, 5, 8, 13, 21, 34, 55])
[INFO] [1733754130.942820275] [fibonacci_action_server]: Executing goal...
[INFO] [1733754130.943438377] [fibonacci_action_server]: Feedback: array('i', [0, 1, 1])
[INFO] [1733754131.194504025] [fibonacci_action_server]: Feedback: array('i', [0, 1, 1, 2])
[INFO] [1733754131.445785821] [fibonacci_action_server]: Feedback: array('i', [0, 1, 1, 2, 3])
[INFO] [1733754131.697031473] [fibonacci_action_server]: Feedback: array('i', [0, 1, 1, 2, 3, 5])
[INFO] [1733754131.948165158] [fibonacci_action_server]: Feedback: array('i', [0, 1, 1, 2, 3, 5, 8])
[INFO] [1733754132.199283179] [fibonacci_action_server]: Feedback: array('i', [0, 1, 1, 2, 3, 5, 8, 13])
[INFO] [1733754132.450246642] [fibonacci_action_server]: Feedback: array('i', [0, 1, 1, 2, 3, 5, 8, 13, 21])
[INFO] [1733754132.701626456] [fibonacci_action_server]: Feedback: array('i', [0, 1, 1, 2, 3, 5, 8, 13, 21, 34])
[INFO] [1733754132.952898236] [fibonacci_action_server]: Feedback: array('i', [0, 1, 1, 2, 3, 5, 8, 13, 21, 34, 55])
[INFO] [1733754133.205136894] [fibonacci_action_server]: Executing goal...
[INFO] [1733754133.205596965] [fibonacci_action_server]: Feedback: array('i', [0, 1, 1])
[INFO] [1733754133.456671795] [fibonacci_action_server]: Feedback: array('i', [0, 1, 1, 2])
[INFO] [1733754133.707614485] [fibonacci_action_server]: Feedback: array('i', [0, 1, 1, 2, 3])
[INFO] [1733754133.958723486] [fibonacci_action_server]: Feedback: array('i', [0, 1, 1, 2, 3, 5])
[INFO] [1733754134.209935781] [fibonacci_action_server]: Feedback: array('i', [0, 1, 1, 2, 3, 5, 8])
[INFO] [1733754134.461142936] [fibonacci_action_server]: Feedback: array('i', [0, 1, 1, 2, 3, 5, 8, 13])
[INFO] [1733754134.712450692] [fibonacci_action_server]: Feedback: array('i', [0, 1, 1, 2, 3, 5, 8, 13, 21])
[INFO] [1733754134.963626050] [fibonacci_action_server]: Feedback: array('i', [0, 1, 1, 2, 3, 5, 8, 13, 21, 34])
[INFO] [1733754135.214721528] [fibonacci_action_server]: Feedback: array('i', [0, 1, 1, 2, 3, 5, 8, 13, 21, 34, 55])
[INFO] [1733754135.468536046] [fibonacci_action_server]: Executing goal...
[INFO] [1733754135.469195145] [fibonacci_action_server]: Feedback: array('i', [0, 1, 1])
[INFO] [1733754135.720582298] [fibonacci_action_server]: Feedback: array('i', [0, 1, 1, 2])
[INFO] [1733754135.971564807] [fibonacci_action_server]: Feedback: array('i', [0, 1, 1, 2, 3])
[INFO] [1733754136.222566176] [fibonacci_action_server]: Feedback: array('i', [0, 1, 1, 2, 3, 5])
[INFO] [1733754136.473827919] [fibonacci_action_server]: Feedback: array('i', [0, 1, 1, 2, 3, 5, 8])
[INFO] [1733754136.725094048] [fibonacci_action_server]: Feedback: array('i', [0, 1, 1, 2, 3, 5, 8, 13])
[INFO] [1733754136.976463968] [fibonacci_action_server]: Feedback: array('i', [0, 1, 1, 2, 3, 5, 8, 13, 21])
[INFO] [1733754137.227588247] [fibonacci_action_server]: Feedback: array('i', [0, 1, 1, 2, 3, 5, 8, 13, 21, 34])
[INFO] [1733754137.478703336] [fibonacci_action_server]: Feedback: array('i', [0, 1, 1, 2, 3, 5, 8, 13, 21, 34, 55])
[INFO] [1733754137.730911827] [fibonacci_action_server]: Executing goal...
[INFO] [1733754137.731361565] [fibonacci_action_server]: Feedback: array('i', [0, 1, 1])
[INFO] [1733754137.982128457] [fibonacci_action_server]: Feedback: array('i', [0, 1, 1, 2])
[INFO] [1733754138.233454016] [fibonacci_action_server]: Feedback: array('i', [0, 1, 1, 2, 3])
[INFO] [1733754138.484328152] [fibonacci_action_server]: Feedback: array('i', [0, 1, 1, 2, 3, 5])
[INFO] [1733754138.735215747] [fibonacci_action_server]: Feedback: array('i', [0, 1, 1, 2, 3, 5, 8])
[INFO] [1733754138.986081552] [fibonacci_action_server]: Feedback: array('i', [0, 1, 1, 2, 3, 5, 8, 13])
[INFO] [1733754139.237258868] [fibonacci_action_server]: Feedback: array('i', [0, 1, 1, 2, 3, 5, 8, 13, 21])
[INFO] [1733754139.488248234] [fibonacci_action_server]: Feedback: array('i', [0, 1, 1, 2, 3, 5, 8, 13, 21, 34])
[INFO] [1733754139.739375678] [fibonacci_action_server]: Feedback: array('i', [0, 1, 1, 2, 3, 5, 8, 13, 21, 34, 55])
[INFO] [1733754139.993074602] [fibonacci_action_server]: Executing goal...
[INFO] [1733754139.993691858] [fibonacci_action_server]: Feedback: array('i', [0, 1, 1])
[INFO] [1733754140.244979929] [fibonacci_action_server]: Feedback: array('i', [0, 1, 1, 2])
[INFO] [1733754140.496269115] [fibonacci_action_server]: Feedback: array('i', [0, 1, 1, 2, 3])
[INFO] [1733754140.747275994] [fibonacci_action_server]: Feedback: array('i', [0, 1, 1, 2, 3, 5])
[INFO] [1733754140.998135370] [fibonacci_action_server]: Feedback: array('i', [0, 1, 1, 2, 3, 5, 8])
[INFO] [1733754141.249367937] [fibonacci_action_server]: Feedback: array('i', [0, 1, 1, 2, 3, 5, 8, 13])
[INFO] [1733754141.500654729] [fibonacci_action_server]: Feedback: array('i', [0, 1, 1, 2, 3, 5, 8, 13, 21])
[INFO] [1733754141.751889343] [fibonacci_action_server]: Feedback: array('i', [0, 1, 1, 2, 3, 5, 8, 13, 21, 34])
[INFO] [1733754142.002984772] [fibonacci_action_server]: Feedback: array('i', [0, 1, 1, 2, 3, 5, 8, 13, 21, 34, 55])
[INFO] [1733754142.256485111] [fibonacci_action_server]: Executing goal...
[INFO] [1733754142.257131951] [fibonacci_action_server]: Feedback: array('i', [0, 1, 1])
[INFO] [1733754142.508010676] [fibonacci_action_server]: Feedback: array('i', [0, 1, 1, 2])
[INFO] [1733754142.758984999] [fibonacci_action_server]: Feedback: array('i', [0, 1, 1, 2, 3])
[INFO] [1733754143.010079518] [fibonacci_action_server]: Feedback: array('i', [0, 1, 1, 2, 3, 5])
[INFO] [1733754143.261124318] [fibonacci_action_server]: Feedback: array('i', [0, 1, 1, 2, 3, 5, 8])
[INFO] [1733754143.512287326] [fibonacci_action_server]: Feedback: array('i', [0, 1, 1, 2, 3, 5, 8, 13])
[INFO] [1733754143.763249431] [fibonacci_action_server]: Feedback: array('i', [0, 1, 1, 2, 3, 5, 8, 13, 21])
[INFO] [1733754144.014137043] [fibonacci_action_server]: Feedback: array('i', [0, 1, 1, 2, 3, 5, 8, 13, 21, 34])
[INFO] [1733754144.265129789] [fibonacci_action_server]: Feedback: array('i', [0, 1, 1, 2, 3, 5, 8, 13, 21, 34, 55])
[INFO] [1733754144.517950736] [fibonacci_action_server]: Executing goal...
[INFO] [1733754144.518361892] [fibonacci_action_server]: Feedback: array('i', [0, 1, 1])
[INFO] [1733754144.769524791] [fibonacci_action_server]: Feedback: array('i', [0, 1, 1, 2])
[INFO] [1733754145.020724287] [fibonacci_action_server]: Feedback: array('i', [0, 1, 1, 2, 3])
[INFO] [1733754145.271929238] [fibonacci_action_server]: Feedback: array('i', [0, 1, 1, 2, 3, 5])
[INFO] [1733754145.522954613] [fibonacci_action_server]: Feedback: array('i', [0, 1, 1, 2, 3, 5, 8])
[INFO] [1733754145.774318464] [fibonacci_action_server]: Feedback: array('i', [0, 1, 1, 2, 3, 5, 8, 13])
[INFO] [1733754146.025634583] [fibonacci_action_server]: Feedback: array('i', [0, 1, 1, 2, 3, 5, 8, 13, 21])
[INFO] [1733754146.276558849] [fibonacci_action_server]: Feedback: array('i', [0, 1, 1, 2, 3, 5, 8, 13, 21, 34])
[INFO] [1733754146.527756969] [fibonacci_action_server]: Feedback: array('i', [0, 1, 1, 2, 3, 5, 8, 13, 21, 34, 55])
[INFO] [1733754146.780505477] [fibonacci_action_server]: Executing goal...
[INFO] [1733754146.780859606] [fibonacci_action_server]: Feedback: array('i', [0, 1, 1])
[INFO] [1733754147.031984114] [fibonacci_action_server]: Feedback: array('i', [0, 1, 1, 2])
[INFO] [1733754147.283135173] [fibonacci_action_server]: Feedback: array('i', [0, 1, 1, 2, 3])
[INFO] [1733754147.534084728] [fibonacci_action_server]: Feedback: array('i', [0, 1, 1, 2, 3, 5])
[INFO] [1733754147.785443046] [fibonacci_action_server]: Feedback: array('i', [0, 1, 1, 2, 3, 5, 8])
[INFO] [1733754148.036331535] [fibonacci_action_server]: Feedback: array('i', [0, 1, 1, 2, 3, 5, 8, 13])
[INFO] [1733754148.287522561] [fibonacci_action_server]: Feedback: array('i', [0, 1, 1, 2, 3, 5, 8, 13, 21])
[INFO] [1733754148.538472753] [fibonacci_action_server]: Feedback: array('i', [0, 1, 1, 2, 3, 5, 8, 13, 21, 34])
[INFO] [1733754148.789680628] [fibonacci_action_server]: Feedback: array('i', [0, 1, 1, 2, 3, 5, 8, 13, 21, 34, 55])
[INFO] [1733754149.041908880] [fibonacci_action_server]: Executing goal...
[INFO] [1733754149.042376703] [fibonacci_action_server]: Feedback: array('i', [0, 1, 1])
[INFO] [1733754149.293498728] [fibonacci_action_server]: Feedback: array('i', [0, 1, 1, 2])
[INFO] [1733754149.544760318] [fibonacci_action_server]: Feedback: array('i', [0, 1, 1, 2, 3])
[INFO] [1733754149.795947819] [fibonacci_action_server]: Feedback: array('i', [0, 1, 1, 2, 3, 5])
[INFO] [1733754150.047217111] [fibonacci_action_server]: Feedback: array('i', [0, 1, 1, 2, 3, 5, 8])
[INFO] [1733754150.298072098] [fibonacci_action_server]: Feedback: array('i', [0, 1, 1, 2, 3, 5, 8, 13])
[INFO] [1733754150.549472471] [fibonacci_action_server]: Feedback: array('i', [0, 1, 1, 2, 3, 5, 8, 13, 21])
[INFO] [1733754150.800414217] [fibonacci_action_server]: Feedback: array('i', [0, 1, 1, 2, 3, 5, 8, 13, 21, 34])
[INFO] [1733754151.051610574] [fibonacci_action_server]: Feedback: array('i', [0, 1, 1, 2, 3, 5, 8, 13, 21, 34, 55])
[INFO] [1733754151.304321442] [fibonacci_action_server]: Executing goal...
[INFO] [1733754151.304676826] [fibonacci_action_server]: Feedback: array('i', [0, 1, 1])
[INFO] [1733754151.555769484] [fibonacci_action_server]: Feedback: array('i', [0, 1, 1, 2])
[INFO] [1733754151.806997467] [fibonacci_action_server]: Feedback: array('i', [0, 1, 1, 2, 3])
[INFO] [1733754152.057866192] [fibonacci_action_server]: Feedback: array('i', [0, 1, 1, 2, 3, 5])
[INFO] [1733754152.309019953] [fibonacci_action_server]: Feedback: array('i', [0, 1, 1, 2, 3, 5, 8])
[INFO] [1733754152.560152868] [fibonacci_action_server]: Feedback: array('i', [0, 1, 1, 2, 3, 5, 8, 13])
[INFO] [1733754152.811300530] [fibonacci_action_server]: Feedback: array('i', [0, 1, 1, 2, 3, 5, 8, 13, 21])
[INFO] [1733754153.062614272] [fibonacci_action_server]: Feedback: array('i', [0, 1, 1, 2, 3, 5, 8, 13, 21, 34])
[INFO] [1733754153.313581219] [fibonacci_action_server]: Feedback: array('i', [0, 1, 1, 2, 3, 5, 8, 13, 21, 34, 55])
[INFO] [1733754153.566570591] [fibonacci_action_server]: Executing goal...
[INFO] [1733754153.567270265] [fibonacci_action_server]: Feedback: array('i', [0, 1, 1])
[INFO] [1733754153.818125630] [fibonacci_action_server]: Feedback: array('i', [0, 1, 1, 2])
[INFO] [1733754154.069254701] [fibonacci_action_server]: Feedback: array('i', [0, 1, 1, 2, 3])
[INFO] [1733754154.320259462] [fibonacci_action_server]: Feedback: array('i', [0, 1, 1, 2, 3, 5])
[INFO] [1733754154.571437743] [fibonacci_action_server]: Feedback: array('i', [0, 1, 1, 2, 3, 5, 8])
[INFO] [1733754154.822562542] [fibonacci_action_server]: Feedback: array('i', [0, 1, 1, 2, 3, 5, 8, 13])
[INFO] [1733754155.073906038] [fibonacci_action_server]: Feedback: array('i', [0, 1, 1, 2, 3, 5, 8, 13, 21])
[INFO] [1733754155.325222514] [fibonacci_action_server]: Feedback: array('i', [0, 1, 1, 2, 3, 5, 8, 13, 21, 34])
[INFO] [1733754155.576199574] [fibonacci_action_server]: Feedback: array('i', [0, 1, 1, 2, 3, 5, 8, 13, 21, 34, 55])
[INFO] [1733754155.828777973] [fibonacci_action_server]: Executing goal...
[INFO] [1733754155.829130533] [fibonacci_action_server]: Feedback: array('i', [0, 1, 1])
[INFO] [1733754156.080375609] [fibonacci_action_server]: Feedback: array('i', [0, 1, 1, 2])
[INFO] [1733754156.331535638] [fibonacci_action_server]: Feedback: array('i', [0, 1, 1, 2, 3])
[INFO] [1733754156.582948910] [fibonacci_action_server]: Feedback: array('i', [0, 1, 1, 2, 3, 5])
[INFO] [1733754156.834203051] [fibonacci_action_server]: Feedback: array('i', [0, 1, 1, 2, 3, 5, 8])
[INFO] [1733754157.085259717] [fibonacci_action_server]: Feedback: array('i', [0, 1, 1, 2, 3, 5, 8, 13])
[INFO] [1733754157.336183660] [fibonacci_action_server]: Feedback: array('i', [0, 1, 1, 2, 3, 5, 8, 13, 21])
[INFO] [1733754157.587244643] [fibonacci_action_server]: Feedback: array('i', [0, 1, 1, 2, 3, 5, 8, 13, 21, 34])
[INFO] [1733754157.838633702] [fibonacci_action_server]: Feedback: array('i', [0, 1, 1, 2, 3, 5, 8, 13, 21, 34, 55])
[INFO] [1733754158.091204346] [fibonacci_action_server]: Executing goal...
[INFO] [1733754158.091703773] [fibonacci_action_server]: Feedback: array('i', [0, 1, 1])
[INFO] [1733754158.342759917] [fibonacci_action_server]: Feedback: array('i', [0, 1, 1, 2])
[INFO] [1733754158.593887170] [fibonacci_action_server]: Feedback: array('i', [0, 1, 1, 2, 3])
[INFO] [1733754158.844955340] [fibonacci_action_server]: Feedback: array('i', [0, 1, 1, 2, 3, 5])
[INFO] [1733754159.096143613] [fibonacci_action_server]: Feedback: array('i', [0, 1, 1, 2, 3, 5, 8])
[INFO] [1733754159.347285670] [fibonacci_action_server]: Feedback: array('i', [0, 1, 1, 2, 3, 5, 8, 13])
[INFO] [1733754159.598485016] [fibonacci_action_server]: Feedback: array('i', [0, 1, 1, 2, 3, 5, 8, 13, 21])
[INFO] [1733754159.849788613] [fibonacci_action_server]: Feedback: array('i', [0, 1, 1, 2, 3, 5, 8, 13, 21, 34])
[INFO] [1733754160.101107617] [fibonacci_action_server]: Feedback: array('i', [0, 1, 1, 2, 3, 5, 8, 13, 21, 34, 55])
[INFO] [1733754160.353923198] [fibonacci_action_server]: Executing goal...
[INFO] [1733754160.354332404] [fibonacci_action_server]: Feedback: array('i', [0, 1, 1])
[INFO] [1733754160.605562752] [fibonacci_action_server]: Feedback: array('i', [0, 1, 1, 2])
[INFO] [1733754160.856566526] [fibonacci_action_server]: Feedback: array('i', [0, 1, 1, 2, 3])
[INFO] [1733754161.107660025] [fibonacci_action_server]: Feedback: array('i', [0, 1, 1, 2, 3, 5])
[INFO] [1733754161.359024556] [fibonacci_action_server]: Feedback: array('i', [0, 1, 1, 2, 3, 5, 8])
[INFO] [1733754161.609878038] [fibonacci_action_server]: Feedback: array('i', [0, 1, 1, 2, 3, 5, 8, 13])
[INFO] [1733754161.861179706] [fibonacci_action_server]: Feedback: array('i', [0, 1, 1, 2, 3, 5, 8, 13, 21])
[INFO] [1733754162.112552566] [fibonacci_action_server]: Feedback: array('i', [0, 1, 1, 2, 3, 5, 8, 13, 21, 34])
[INFO] [1733754162.363735137] [fibonacci_action_server]: Feedback: array('i', [0, 1, 1, 2, 3, 5, 8, 13, 21, 34, 55])
[INFO] [1733754162.616634847] [fibonacci_action_server]: Executing goal...
[INFO] [1733754162.617217174] [fibonacci_action_server]: Feedback: array('i', [0, 1, 1])
[INFO] [1733754162.868068236] [fibonacci_action_server]: Feedback: array('i', [0, 1, 1, 2])
[INFO] [1733754163.119207347] [fibonacci_action_server]: Feedback: array('i', [0, 1, 1, 2, 3])
[INFO] [1733754163.370274194] [fibonacci_action_server]: Feedback: array('i', [0, 1, 1, 2, 3, 5])
[INFO] [1733754163.621699632] [fibonacci_action_server]: Feedback: array('i', [0, 1, 1, 2, 3, 5, 8])
[INFO] [1733754163.872642525] [fibonacci_action_server]: Feedback: array('i', [0, 1, 1, 2, 3, 5, 8, 13])
[INFO] [1733754164.123651135] [fibonacci_action_server]: Feedback: array('i', [0, 1, 1, 2, 3, 5, 8, 13, 21])
[INFO] [1733754164.375035287] [fibonacci_action_server]: Feedback: array('i', [0, 1, 1, 2, 3, 5, 8, 13, 21, 34])
[INFO] [1733754164.625913649] [fibonacci_action_server]: Feedback: array('i', [0, 1, 1, 2, 3, 5, 8, 13, 21, 34, 55])
[INFO] [1733754164.878292658] [fibonacci_action_server]: Executing goal...
[INFO] [1733754164.878706369] [fibonacci_action_server]: Feedback: array('i', [0, 1, 1])
[INFO] [1733754165.129472221] [fibonacci_action_server]: Feedback: array('i', [0, 1, 1, 2])
[INFO] [1733754165.380403612] [fibonacci_action_server]: Feedback: array('i', [0, 1, 1, 2, 3])
[INFO] [1733754165.631415653] [fibonacci_action_server]: Feedback: array('i', [0, 1, 1, 2, 3, 5])
[INFO] [1733754165.882119396] [fibonacci_action_server]: Feedback: array('i', [0, 1, 1, 2, 3, 5, 8])
[INFO] [1733754166.133412372] [fibonacci_action_server]: Feedback: array('i', [0, 1, 1, 2, 3, 5, 8, 13])
[INFO] [1733754166.384673297] [fibonacci_action_server]: Feedback: array('i', [0, 1, 1, 2, 3, 5, 8, 13, 21])
[INFO] [1733754166.635861246] [fibonacci_action_server]: Feedback: array('i', [0, 1, 1, 2, 3, 5, 8, 13, 21, 34])
[INFO] [1733754166.886898914] [fibonacci_action_server]: Feedback: array('i', [0, 1, 1, 2, 3, 5, 8, 13, 21, 34, 55])
[INFO] [1733754167.139326802] [fibonacci_action_server]: Executing goal...
[INFO] [1733754167.139703678] [fibonacci_action_server]: Feedback: array('i', [0, 1, 1])
[INFO] [1733754167.390519551] [fibonacci_action_server]: Feedback: array('i', [0, 1, 1, 2])
[INFO] [1733754167.641494456] [fibonacci_action_server]: Feedback: array('i', [0, 1, 1, 2, 3])
[INFO] [1733754167.892600823] [fibonacci_action_server]: Feedback: array('i', [0, 1, 1, 2, 3, 5])
[INFO] [1733754168.143505098] [fibonacci_action_server]: Feedback: array('i', [0, 1, 1, 2, 3, 5, 8])
[INFO] [1733754168.394292533] [fibonacci_action_server]: Feedback: array('i', [0, 1, 1, 2, 3, 5, 8, 13])
[INFO] [1733754168.645190987] [fibonacci_action_server]: Feedback: array('i', [0, 1, 1, 2, 3, 5, 8, 13, 21])
[INFO] [1733754168.896394140] [fibonacci_action_server]: Feedback: array('i', [0, 1, 1, 2, 3, 5, 8, 13, 21, 34])
[INFO] [1733754169.147355148] [fibonacci_action_server]: Feedback: array('i', [0, 1, 1, 2, 3, 5, 8, 13, 21, 34, 55])
[INFO] [1733754169.400042071] [fibonacci_action_server]: Executing goal...
[INFO] [1733754169.400504006] [fibonacci_action_server]: Feedback: array('i', [0, 1, 1])
[INFO] [1733754169.651335976] [fibonacci_action_server]: Feedback: array('i', [0, 1, 1, 2])
[INFO] [1733754169.902384224] [fibonacci_action_server]: Feedback: array('i', [0, 1, 1, 2, 3])
[INFO] [1733754170.153651453] [fibonacci_action_server]: Feedback: array('i', [0, 1, 1, 2, 3, 5])
[INFO] [1733754170.404733291] [fibonacci_action_server]: Feedback: array('i', [0, 1, 1, 2, 3, 5, 8])
[INFO] [1733754170.655943899] [fibonacci_action_server]: Feedback: array('i', [0, 1, 1, 2, 3, 5, 8, 13])
[INFO] [1733754170.907053303] [fibonacci_action_server]: Feedback: array('i', [0, 1, 1, 2, 3, 5, 8, 13, 21])
[INFO] [1733754171.158091307] [fibonacci_action_server]: Feedback: array('i', [0, 1, 1, 2, 3, 5, 8, 13, 21, 34])
[INFO] [1733754171.409417145] [fibonacci_action_server]: Feedback: array('i', [0, 1, 1, 2, 3, 5, 8, 13, 21, 34, 55])
[INFO] [1733754171.662250400] [fibonacci_action_server]: Executing goal...
[INFO] [1733754171.662644291] [fibonacci_action_server]: Feedback: array('i', [0, 1, 1])
[INFO] [1733754171.913808739] [fibonacci_action_server]: Feedback: array('i', [0, 1, 1, 2])
[INFO] [1733754172.164963589] [fibonacci_action_server]: Feedback: array('i', [0, 1, 1, 2, 3])
[INFO] [1733754172.416189240] [fibonacci_action_server]: Feedback: array('i', [0, 1, 1, 2, 3, 5])
[INFO] [1733754172.667163611] [fibonacci_action_server]: Feedback: array('i', [0, 1, 1, 2, 3, 5, 8])
[INFO] [1733754172.917990616] [fibonacci_action_server]: Feedback: array('i', [0, 1, 1, 2, 3, 5, 8, 13])
[INFO] [1733754173.169195340] [fibonacci_action_server]: Feedback: array('i', [0, 1, 1, 2, 3, 5, 8, 13, 21])
[INFO] [1733754173.420140500] [fibonacci_action_server]: Feedback: array('i', [0, 1, 1, 2, 3, 5, 8, 13, 21, 34])
[INFO] [1733754173.671454920] [fibonacci_action_server]: Feedback: array('i', [0, 1, 1, 2, 3, 5, 8, 13, 21, 34, 55])
[INFO] [1733754173.923791466] [fibonacci_action_server]: Executing goal...
[INFO] [1733754173.924163430] [fibonacci_action_server]: Feedback: array('i', [0, 1, 1])
[INFO] [1733754174.175213799] [fibonacci_action_server]: Feedback: array('i', [0, 1, 1, 2])
[INFO] [1733754174.426250473] [fibonacci_action_server]: Feedback: array('i', [0, 1, 1, 2, 3])
[INFO] [1733754174.677660073] [fibonacci_action_server]: Feedback: array('i', [0, 1, 1, 2, 3, 5])
[INFO] [1733754174.928804706] [fibonacci_action_server]: Feedback: array('i', [0, 1, 1, 2, 3, 5, 8])
[INFO] [1733754175.180079092] [fibonacci_action_server]: Feedback: array('i', [0, 1, 1, 2, 3, 5, 8, 13])
[INFO] [1733754175.431134042] [fibonacci_action_server]: Feedback: array('i', [0, 1, 1, 2, 3, 5, 8, 13, 21])
[INFO] [1733754175.681975949] [fibonacci_action_server]: Feedback: array('i', [0, 1, 1, 2, 3, 5, 8, 13, 21, 34])
[INFO] [1733754175.933166278] [fibonacci_action_server]: Feedback: array('i', [0, 1, 1, 2, 3, 5, 8, 13, 21, 34, 55])
[INFO] [1733754176.186073465] [fibonacci_action_server]: Executing goal...
[INFO] [1733754176.186456619] [fibonacci_action_server]: Feedback: array('i', [0, 1, 1])
[INFO] [1733754176.437715605] [fibonacci_action_server]: Feedback: array('i', [0, 1, 1, 2])
[INFO] [1733754176.688853603] [fibonacci_action_server]: Feedback: array('i', [0, 1, 1, 2, 3])
[INFO] [1733754176.940040495] [fibonacci_action_server]: Feedback: array('i', [0, 1, 1, 2, 3, 5])
[INFO] [1733754177.191134602] [fibonacci_action_server]: Feedback: array('i', [0, 1, 1, 2, 3, 5, 8])
[INFO] [1733754177.442274338] [fibonacci_action_server]: Feedback: array('i', [0, 1, 1, 2, 3, 5, 8, 13])
[INFO] [1733754177.693342205] [fibonacci_action_server]: Feedback: array('i', [0, 1, 1, 2, 3, 5, 8, 13, 21])
[INFO] [1733754177.944525160] [fibonacci_action_server]: Feedback: array('i', [0, 1, 1, 2, 3, 5, 8, 13, 21, 34])
[INFO] [1733754178.195450762] [fibonacci_action_server]: Feedback: array('i', [0, 1, 1, 2, 3, 5, 8, 13, 21, 34, 55])
[INFO] [1733754178.448029117] [fibonacci_action_server]: Executing goal...
[INFO] [1733754178.448459556] [fibonacci_action_server]: Feedback: array('i', [0, 1, 1])
[INFO] [1733754178.699337531] [fibonacci_action_server]: Feedback: array('i', [0, 1, 1, 2])
[INFO] [1733754178.950215665] [fibonacci_action_server]: Feedback: array('i', [0, 1, 1, 2, 3])
[INFO] [1733754179.201179713] [fibonacci_action_server]: Feedback: array('i', [0, 1, 1, 2, 3, 5])
[INFO] [1733754179.452440219] [fibonacci_action_server]: Feedback: array('i', [0, 1, 1, 2, 3, 5, 8])
[INFO] [1733754179.703495012] [fibonacci_action_server]: Feedback: array('i', [0, 1, 1, 2, 3, 5, 8, 13])
[INFO] [1733754179.954556401] [fibonacci_action_server]: Feedback: array('i', [0, 1, 1, 2, 3, 5, 8, 13, 21])
[INFO] [1733754180.205819105] [fibonacci_action_server]: Feedback: array('i', [0, 1, 1, 2, 3, 5, 8, 13, 21, 34])
[INFO] [1733754180.456749569] [fibonacci_action_server]: Feedback: array('i', [0, 1, 1, 2, 3, 5, 8, 13, 21, 34, 55])
[INFO] [1733754180.709573357] [fibonacci_action_server]: Executing goal...
[INFO] [1733754180.709948840] [fibonacci_action_server]: Feedback: array('i', [0, 1, 1])
[INFO] [1733754180.961065196] [fibonacci_action_server]: Feedback: array('i', [0, 1, 1, 2])
[INFO] [1733754181.212295530] [fibonacci_action_server]: Feedback: array('i', [0, 1, 1, 2, 3])
[INFO] [1733754181.463465570] [fibonacci_action_server]: Feedback: array('i', [0, 1, 1, 2, 3, 5])
[INFO] [1733754181.714573275] [fibonacci_action_server]: Feedback: array('i', [0, 1, 1, 2, 3, 5, 8])
[INFO] [1733754181.965896243] [fibonacci_action_server]: Feedback: array('i', [0, 1, 1, 2, 3, 5, 8, 13])
[INFO] [1733754182.216860360] [fibonacci_action_server]: Feedback: array('i', [0, 1, 1, 2, 3, 5, 8, 13, 21])
[INFO] [1733754182.468093737] [fibonacci_action_server]: Feedback: array('i', [0, 1, 1, 2, 3, 5, 8, 13, 21, 34])
[INFO] [1733754182.719251415] [fibonacci_action_server]: Feedback: array('i', [0, 1, 1, 2, 3, 5, 8, 13, 21, 34, 55])
[INFO] [1733754182.971548480] [fibonacci_action_server]: Executing goal...
[INFO] [1733754182.971929569] [fibonacci_action_server]: Feedback: array('i', [0, 1, 1])
[INFO] [1733754183.222851863] [fibonacci_action_server]: Feedback: array('i', [0, 1, 1, 2])
[INFO] [1733754183.473768791] [fibonacci_action_server]: Feedback: array('i', [0, 1, 1, 2, 3])
[INFO] [1733754183.724520111] [fibonacci_action_server]: Feedback: array('i', [0, 1, 1, 2, 3, 5])
[INFO] [1733754183.975662319] [fibonacci_action_server]: Feedback: array('i', [0, 1, 1, 2, 3, 5, 8])
[INFO] [1733754184.226719802] [fibonacci_action_server]: Feedback: array('i', [0, 1, 1, 2, 3, 5, 8, 13])
[INFO] [1733754184.478106023] [fibonacci_action_server]: Feedback: array('i', [0, 1, 1, 2, 3, 5, 8, 13, 21])
[INFO] [1733754184.729453046] [fibonacci_action_server]: Feedback: array('i', [0, 1, 1, 2, 3, 5, 8, 13, 21, 34])
[INFO] [1733754184.980655137] [fibonacci_action_server]: Feedback: array('i', [0, 1, 1, 2, 3, 5, 8, 13, 21, 34, 55])
[INFO] [1733754185.233354391] [fibonacci_action_server]: Executing goal...
[INFO] [1733754185.233726088] [fibonacci_action_server]: Feedback: array('i', [0, 1, 1])
[INFO] [1733754185.484823575] [fibonacci_action_server]: Feedback: array('i', [0, 1, 1, 2])
[INFO] [1733754185.735793408] [fibonacci_action_server]: Feedback: array('i', [0, 1, 1, 2, 3])
[INFO] [1733754185.986868508] [fibonacci_action_server]: Feedback: array('i', [0, 1, 1, 2, 3, 5])
[INFO] [1733754186.238058058] [fibonacci_action_server]: Feedback: array('i', [0, 1, 1, 2, 3, 5, 8])
[INFO] [1733754186.489223943] [fibonacci_action_server]: Feedback: array('i', [0, 1, 1, 2, 3, 5, 8, 13])
[INFO] [1733754186.740464629] [fibonacci_action_server]: Feedback: array('i', [0, 1, 1, 2, 3, 5, 8, 13, 21])
[INFO] [1733754186.991593315] [fibonacci_action_server]: Feedback: array('i', [0, 1, 1, 2, 3, 5, 8, 13, 21, 34])
[INFO] [1733754187.242639412] [fibonacci_action_server]: Feedback: array('i', [0, 1, 1, 2, 3, 5, 8, 13, 21, 34, 55])
[INFO] [1733754187.494915666] [fibonacci_action_server]: Executing goal...
[INFO] [1733754187.495298858] [fibonacci_action_server]: Feedback: array('i', [0, 1, 1])
[INFO] [1733754187.746036231] [fibonacci_action_server]: Feedback: array('i', [0, 1, 1, 2])
[INFO] [1733754187.997231738] [fibonacci_action_server]: Feedback: array('i', [0, 1, 1, 2, 3])
[INFO] [1733754188.248206984] [fibonacci_action_server]: Feedback: array('i', [0, 1, 1, 2, 3, 5])
[INFO] [1733754188.499526810] [fibonacci_action_server]: Feedback: array('i', [0, 1, 1, 2, 3, 5, 8])
[INFO] [1733754188.750401273] [fibonacci_action_server]: Feedback: array('i', [0, 1, 1, 2, 3, 5, 8, 13])
[INFO] [1733754189.001667932] [fibonacci_action_server]: Feedback: array('i', [0, 1, 1, 2, 3, 5, 8, 13, 21])
[INFO] [1733754189.252742656] [fibonacci_action_server]: Feedback: array('i', [0, 1, 1, 2, 3, 5, 8, 13, 21, 34])
[INFO] [1733754189.503941369] [fibonacci_action_server]: Feedback: array('i', [0, 1, 1, 2, 3, 5, 8, 13, 21, 34, 55])
[INFO] [1733754189.757393537] [fibonacci_action_server]: Executing goal...
[INFO] [1733754189.758011048] [fibonacci_action_server]: Feedback: array('i', [0, 1, 1])
[INFO] [1733754190.009154493] [fibonacci_action_server]: Feedback: array('i', [0, 1, 1, 2])
[INFO] [1733754190.260399117] [fibonacci_action_server]: Feedback: array('i', [0, 1, 1, 2, 3])
[INFO] [1733754190.511302438] [fibonacci_action_server]: Feedback: array('i', [0, 1, 1, 2, 3, 5])
[INFO] [1733754190.762041720] [fibonacci_action_server]: Feedback: array('i', [0, 1, 1, 2, 3, 5, 8])
[INFO] [1733754191.013473046] [fibonacci_action_server]: Feedback: array('i', [0, 1, 1, 2, 3, 5, 8, 13])
[INFO] [1733754191.264587730] [fibonacci_action_server]: Feedback: array('i', [0, 1, 1, 2, 3, 5, 8, 13, 21])
[INFO] [1733754191.515866614] [fibonacci_action_server]: Feedback: array('i', [0, 1, 1, 2, 3, 5, 8, 13, 21, 34])
[INFO] [1733754191.767009951] [fibonacci_action_server]: Feedback: array('i', [0, 1, 1, 2, 3, 5, 8, 13, 21, 34, 55])
[INFO] [1733754192.019741313] [fibonacci_action_server]: Executing goal...
[INFO] [1733754192.020106514] [fibonacci_action_server]: Feedback: array('i', [0, 1, 1])
[INFO] [1733754192.270909002] [fibonacci_action_server]: Feedback: array('i', [0, 1, 1, 2])
[INFO] [1733754192.521895886] [fibonacci_action_server]: Feedback: array('i', [0, 1, 1, 2, 3])
[INFO] [1733754192.773122701] [fibonacci_action_server]: Feedback: array('i', [0, 1, 1, 2, 3, 5])
[INFO] [1733754193.024027097] [fibonacci_action_server]: Feedback: array('i', [0, 1, 1, 2, 3, 5, 8])
[INFO] [1733754193.275366716] [fibonacci_action_server]: Feedback: array('i', [0, 1, 1, 2, 3, 5, 8, 13])
[INFO] [1733754193.526287281] [fibonacci_action_server]: Feedback: array('i', [0, 1, 1, 2, 3, 5, 8, 13, 21])
[INFO] [1733754193.777686507] [fibonacci_action_server]: Feedback: array('i', [0, 1, 1, 2, 3, 5, 8, 13, 21, 34])
[INFO] [1733754194.028690703] [fibonacci_action_server]: Feedback: array('i', [0, 1, 1, 2, 3, 5, 8, 13, 21, 34, 55])
[INFO] [1733754194.280876829] [fibonacci_action_server]: Executing goal...
[INFO] [1733754194.281259648] [fibonacci_action_server]: Feedback: array('i', [0, 1, 1])
[INFO] [1733754194.532165648] [fibonacci_action_server]: Feedback: array('i', [0, 1, 1, 2])
[INFO] [1733754194.783176973] [fibonacci_action_server]: Feedback: array('i', [0, 1, 1, 2, 3])
[INFO] [1733754195.034071601] [fibonacci_action_server]: Feedback: array('i', [0, 1, 1, 2, 3, 5])
[INFO] [1733754195.284905430] [fibonacci_action_server]: Feedback: array('i', [0, 1, 1, 2, 3, 5, 8])
[INFO] [1733754195.536023272] [fibonacci_action_server]: Feedback: array('i', [0, 1, 1, 2, 3, 5, 8, 13])
[INFO] [1733754195.787136776] [fibonacci_action_server]: Feedback: array('i', [0, 1, 1, 2, 3, 5, 8, 13, 21])
[INFO] [1733754196.037926195] [fibonacci_action_server]: Feedback: array('i', [0, 1, 1, 2, 3, 5, 8, 13, 21, 34])
[INFO] [1733754196.289159669] [fibonacci_action_server]: Feedback: array('i', [0, 1, 1, 2, 3, 5, 8, 13, 21, 34, 55])
[INFO] [1733754196.542122321] [fibonacci_action_server]: Executing goal...
[INFO] [1733754196.542556861] [fibonacci_action_server]: Feedback: array('i', [0, 1, 1])
[INFO] [1733754196.793563047] [fibonacci_action_server]: Feedback: array('i', [0, 1, 1, 2])
[INFO] [1733754197.044497051] [fibonacci_action_server]: Feedback: array('i', [0, 1, 1, 2, 3])
[INFO] [1733754197.295453838] [fibonacci_action_server]: Feedback: array('i', [0, 1, 1, 2, 3, 5])
[INFO] [1733754197.546404442] [fibonacci_action_server]: Feedback: array('i', [0, 1, 1, 2, 3, 5, 8])
[INFO] [1733754197.797475068] [fibonacci_action_server]: Feedback: array('i', [0, 1, 1, 2, 3, 5, 8, 13])
[INFO] [1733754198.048739007] [fibonacci_action_server]: Feedback: array('i', [0, 1, 1, 2, 3, 5, 8, 13, 21])
[INFO] [1733754198.299692425] [fibonacci_action_server]: Feedback: array('i', [0, 1, 1, 2, 3, 5, 8, 13, 21, 34])
[INFO] [1733754198.550735965] [fibonacci_action_server]: Feedback: array('i', [0, 1, 1, 2, 3, 5, 8, 13, 21, 34, 55])
[INFO] [1733754198.803873090] [fibonacci_action_server]: Executing goal...
[INFO] [1733754198.804526749] [fibonacci_action_server]: Feedback: array('i', [0, 1, 1])
[INFO] [1733754199.055516916] [fibonacci_action_server]: Feedback: array('i', [0, 1, 1, 2])
[INFO] [1733754199.306605712] [fibonacci_action_server]: Feedback: array('i', [0, 1, 1, 2, 3])
[INFO] [1733754199.557913147] [fibonacci_action_server]: Feedback: array('i', [0, 1, 1, 2, 3, 5])
[INFO] [1733754199.809203321] [fibonacci_action_server]: Feedback: array('i', [0, 1, 1, 2, 3, 5, 8])
[INFO] [1733754200.060189669] [fibonacci_action_server]: Feedback: array('i', [0, 1, 1, 2, 3, 5, 8, 13])
[INFO] [1733754200.311336057] [fibonacci_action_server]: Feedback: array('i', [0, 1, 1, 2, 3, 5, 8, 13, 21])
[INFO] [1733754200.562425563] [fibonacci_action_server]: Feedback: array('i', [0, 1, 1, 2, 3, 5, 8, 13, 21, 34])
[INFO] [1733754200.813769711] [fibonacci_action_server]: Feedback: array('i', [0, 1, 1, 2, 3, 5, 8, 13, 21, 34, 55])
[INFO] [1733754201.067232427] [fibonacci_action_server]: Executing goal...
[INFO] [1733754201.067881194] [fibonacci_action_server]: Feedback: array('i', [0, 1, 1])
[INFO] [1733754201.318816372] [fibonacci_action_server]: Feedback: array('i', [0, 1, 1, 2])
[INFO] [1733754201.569920349] [fibonacci_action_server]: Feedback: array('i', [0, 1, 1, 2, 3])
[INFO] [1733754201.821025065] [fibonacci_action_server]: Feedback: array('i', [0, 1, 1, 2, 3, 5])
[INFO] [1733754202.072145837] [fibonacci_action_server]: Feedback: array('i', [0, 1, 1, 2, 3, 5, 8])
[INFO] [1733754202.323302305] [fibonacci_action_server]: Feedback: array('i', [0, 1, 1, 2, 3, 5, 8, 13])
[INFO] [1733754202.574200157] [fibonacci_action_server]: Feedback: array('i', [0, 1, 1, 2, 3, 5, 8, 13, 21])
[INFO] [1733754202.825127743] [fibonacci_action_server]: Feedback: array('i', [0, 1, 1, 2, 3, 5, 8, 13, 21, 34])
[INFO] [1733754203.076136312] [fibonacci_action_server]: Feedback: array('i', [0, 1, 1, 2, 3, 5, 8, 13, 21, 34, 55])
[INFO] [1733754203.329233836] [fibonacci_action_server]: Executing goal...
[INFO] [1733754203.329945192] [fibonacci_action_server]: Feedback: array('i', [0, 1, 1])
[INFO] [1733754203.580923366] [fibonacci_action_server]: Feedback: array('i', [0, 1, 1, 2])
[INFO] [1733754203.832101125] [fibonacci_action_server]: Feedback: array('i', [0, 1, 1, 2, 3])
[INFO] [1733754204.083510426] [fibonacci_action_server]: Feedback: array('i', [0, 1, 1, 2, 3, 5])
[INFO] [1733754204.334555172] [fibonacci_action_server]: Feedback: array('i', [0, 1, 1, 2, 3, 5, 8])
[INFO] [1733754204.585894945] [fibonacci_action_server]: Feedback: array('i', [0, 1, 1, 2, 3, 5, 8, 13])
[INFO] [1733754204.837122971] [fibonacci_action_server]: Feedback: array('i', [0, 1, 1, 2, 3, 5, 8, 13, 21])
[INFO] [1733754205.088151626] [fibonacci_action_server]: Feedback: array('i', [0, 1, 1, 2, 3, 5, 8, 13, 21, 34])
[INFO] [1733754205.339556492] [fibonacci_action_server]: Feedback: array('i', [0, 1, 1, 2, 3, 5, 8, 13, 21, 34, 55])
[INFO] [1733754205.592492558] [fibonacci_action_server]: Executing goal...
[INFO] [1733754205.593112751] [fibonacci_action_server]: Feedback: array('i', [0, 1, 1])
[INFO] [1733754205.844279551] [fibonacci_action_server]: Feedback: array('i', [0, 1, 1, 2])
[INFO] [1733754206.095441739] [fibonacci_action_server]: Feedback: array('i', [0, 1, 1, 2, 3])
[INFO] [1733754206.346517774] [fibonacci_action_server]: Feedback: array('i', [0, 1, 1, 2, 3, 5])
[INFO] [1733754206.597542190] [fibonacci_action_server]: Feedback: array('i', [0, 1, 1, 2, 3, 5, 8])
[INFO] [1733754206.848403156] [fibonacci_action_server]: Feedback: array('i', [0, 1, 1, 2, 3, 5, 8, 13])
[INFO] [1733754207.099523092] [fibonacci_action_server]: Feedback: array('i', [0, 1, 1, 2, 3, 5, 8, 13, 21])
[INFO] [1733754207.350644916] [fibonacci_action_server]: Feedback: array('i', [0, 1, 1, 2, 3, 5, 8, 13, 21, 34])
[INFO] [1733754207.601758687] [fibonacci_action_server]: Feedback: array('i', [0, 1, 1, 2, 3, 5, 8, 13, 21, 34, 55])
[INFO] [1733754207.853985805] [fibonacci_action_server]: Executing goal...
[INFO] [1733754207.854373948] [fibonacci_action_server]: Feedback: array('i', [0, 1, 1])
[INFO] [1733754208.105204921] [fibonacci_action_server]: Feedback: array('i', [0, 1, 1, 2])
[INFO] [1733754208.356548907] [fibonacci_action_server]: Feedback: array('i', [0, 1, 1, 2, 3])
[INFO] [1733754208.607834783] [fibonacci_action_server]: Feedback: array('i', [0, 1, 1, 2, 3, 5])
[INFO] [1733754208.859087282] [fibonacci_action_server]: Feedback: array('i', [0, 1, 1, 2, 3, 5, 8])
[INFO] [1733754209.110043974] [fibonacci_action_server]: Feedback: array('i', [0, 1, 1, 2, 3, 5, 8, 13])
[INFO] [1733754209.361367707] [fibonacci_action_server]: Feedback: array('i', [0, 1, 1, 2, 3, 5, 8, 13, 21])
[INFO] [1733754209.612354189] [fibonacci_action_server]: Feedback: array('i', [0, 1, 1, 2, 3, 5, 8, 13, 21, 34])
[INFO] [1733754209.863557487] [fibonacci_action_server]: Feedback: array('i', [0, 1, 1, 2, 3, 5, 8, 13, 21, 34, 55])
[INFO] [1733754210.116204301] [fibonacci_action_server]: Executing goal...
[INFO] [1733754210.116623864] [fibonacci_action_server]: Feedback: array('i', [0, 1, 1])
[INFO] [1733754210.367882519] [fibonacci_action_server]: Feedback: array('i', [0, 1, 1, 2])
[INFO] [1733754210.619128645] [fibonacci_action_server]: Feedback: array('i', [0, 1, 1, 2, 3])
[INFO] [1733754210.870093554] [fibonacci_action_server]: Feedback: array('i', [0, 1, 1, 2, 3, 5])
[INFO] [1733754211.121436563] [fibonacci_action_server]: Feedback: array('i', [0, 1, 1, 2, 3, 5, 8])
[INFO] [1733754211.372384497] [fibonacci_action_server]: Feedback: array('i', [0, 1, 1, 2, 3, 5, 8, 13])
[INFO] [1733754211.623579442] [fibonacci_action_server]: Feedback: array('i', [0, 1, 1, 2, 3, 5, 8, 13, 21])
[INFO] [1733754211.874874399] [fibonacci_action_server]: Feedback: array('i', [0, 1, 1, 2, 3, 5, 8, 13, 21, 34])
[INFO] [1733754212.125791885] [fibonacci_action_server]: Feedback: array('i', [0, 1, 1, 2, 3, 5, 8, 13, 21, 34, 55])
[INFO] [1733754212.378656893] [fibonacci_action_server]: Executing goal...
[INFO] [1733754212.379024196] [fibonacci_action_server]: Feedback: array('i', [0, 1, 1])
[INFO] [1733754212.629772697] [fibonacci_action_server]: Feedback: array('i', [0, 1, 1, 2])
[INFO] [1733754212.880851552] [fibonacci_action_server]: Feedback: array('i', [0, 1, 1, 2, 3])
[INFO] [1733754213.131747587] [fibonacci_action_server]: Feedback: array('i', [0, 1, 1, 2, 3, 5])
[INFO] [1733754213.382785943] [fibonacci_action_server]: Feedback: array('i', [0, 1, 1, 2, 3, 5, 8])
[INFO] [1733754213.633941040] [fibonacci_action_server]: Feedback: array('i', [0, 1, 1, 2, 3, 5, 8, 13])
[INFO] [1733754213.885157140] [fibonacci_action_server]: Feedback: array('i', [0, 1, 1, 2, 3, 5, 8, 13, 21])
[INFO] [1733754214.136193156] [fibonacci_action_server]: Feedback: array('i', [0, 1, 1, 2, 3, 5, 8, 13, 21, 34])
[INFO] [1733754214.387434550] [fibonacci_action_server]: Feedback: array('i', [0, 1, 1, 2, 3, 5, 8, 13, 21, 34, 55])
[INFO] [1733754214.640669527] [fibonacci_action_server]: Executing goal...
[INFO] [1733754214.641358716] [fibonacci_action_server]: Feedback: array('i', [0, 1, 1])
[INFO] [1733754214.892177552] [fibonacci_action_server]: Feedback: array('i', [0, 1, 1, 2])
[INFO] [1733754215.143380907] [fibonacci_action_server]: Feedback: array('i', [0, 1, 1, 2, 3])
[INFO] [1733754215.394116396] [fibonacci_action_server]: Feedback: array('i', [0, 1, 1, 2, 3, 5])
[INFO] [1733754215.645429050] [fibonacci_action_server]: Feedback: array('i', [0, 1, 1, 2, 3, 5, 8])
[INFO] [1733754215.896744725] [fibonacci_action_server]: Feedback: array('i', [0, 1, 1, 2, 3, 5, 8, 13])
[INFO] [1733754216.147940881] [fibonacci_action_server]: Feedback: array('i', [0, 1, 1, 2, 3, 5, 8, 13, 21])
[INFO] [1733754216.398998437] [fibonacci_action_server]: Feedback: array('i', [0, 1, 1, 2, 3, 5, 8, 13, 21, 34])
[INFO] [1733754216.649967223] [fibonacci_action_server]: Feedback: array('i', [0, 1, 1, 2, 3, 5, 8, 13, 21, 34, 55])
[INFO] [1733754216.902952562] [fibonacci_action_server]: Executing goal...
[INFO] [1733754216.903550577] [fibonacci_action_server]: Feedback: array('i', [0, 1, 1])
[INFO] [1733754217.154524885] [fibonacci_action_server]: Feedback: array('i', [0, 1, 1, 2])
[INFO] [1733754217.405497533] [fibonacci_action_server]: Feedback: array('i', [0, 1, 1, 2, 3])
[INFO] [1733754217.656633378] [fibonacci_action_server]: Feedback: array('i', [0, 1, 1, 2, 3, 5])
[INFO] [1733754217.907591281] [fibonacci_action_server]: Feedback: array('i', [0, 1, 1, 2, 3, 5, 8])
[INFO] [1733754218.158669526] [fibonacci_action_server]: Feedback: array('i', [0, 1, 1, 2, 3, 5, 8, 13])
[INFO] [1733754218.409993546] [fibonacci_action_server]: Feedback: array('i', [0, 1, 1, 2, 3, 5, 8, 13, 21])
[INFO] [1733754218.661208070] [fibonacci_action_server]: Feedback: array('i', [0, 1, 1, 2, 3, 5, 8, 13, 21, 34])
[INFO] [1733754218.912526705] [fibonacci_action_server]: Feedback: array('i', [0, 1, 1, 2, 3, 5, 8, 13, 21, 34, 55])
[INFO] [1733754219.165457657] [fibonacci_action_server]: Executing goal...
[INFO] [1733754219.165853179] [fibonacci_action_server]: Feedback: array('i', [0, 1, 1])
[INFO] [1733754219.417068024] [fibonacci_action_server]: Feedback: array('i', [0, 1, 1, 2])
[INFO] [1733754219.668042871] [fibonacci_action_server]: Feedback: array('i', [0, 1, 1, 2, 3])
[INFO] [1733754219.919098559] [fibonacci_action_server]: Feedback: array('i', [0, 1, 1, 2, 3, 5])
[INFO] [1733754220.170191032] [fibonacci_action_server]: Feedback: array('i', [0, 1, 1, 2, 3, 5, 8])
[INFO] [1733754220.421371120] [fibonacci_action_server]: Feedback: array('i', [0, 1, 1, 2, 3, 5, 8, 13])
[INFO] [1733754220.672373631] [fibonacci_action_server]: Feedback: array('i', [0, 1, 1, 2, 3, 5, 8, 13, 21])
[INFO] [1733754220.923550087] [fibonacci_action_server]: Feedback: array('i', [0, 1, 1, 2, 3, 5, 8, 13, 21, 34])
[INFO] [1733754221.174622362] [fibonacci_action_server]: Feedback: array('i', [0, 1, 1, 2, 3, 5, 8, 13, 21, 34, 55])
[INFO] [1733754221.427682117] [fibonacci_action_server]: Executing goal...
[INFO] [1733754221.428281415] [fibonacci_action_server]: Feedback: array('i', [0, 1, 1])
[INFO] [1733754221.679251283] [fibonacci_action_server]: Feedback: array('i', [0, 1, 1, 2])
[INFO] [1733754221.930560263] [fibonacci_action_server]: Feedback: array('i', [0, 1, 1, 2, 3])
[INFO] [1733754222.181535282] [fibonacci_action_server]: Feedback: array('i', [0, 1, 1, 2, 3, 5])
[INFO] [1733754222.432688005] [fibonacci_action_server]: Feedback: array('i', [0, 1, 1, 2, 3, 5, 8])
[INFO] [1733754222.683720115] [fibonacci_action_server]: Feedback: array('i', [0, 1, 1, 2, 3, 5, 8, 13])
[INFO] [1733754222.935045223] [fibonacci_action_server]: Feedback: array('i', [0, 1, 1, 2, 3, 5, 8, 13, 21])
[INFO] [1733754223.186300288] [fibonacci_action_server]: Feedback: array('i', [0, 1, 1, 2, 3, 5, 8, 13, 21, 34])
[INFO] [1733754223.437689018] [fibonacci_action_server]: Feedback: array('i', [0, 1, 1, 2, 3, 5, 8, 13, 21, 34, 55])
[INFO] [1733754223.690059645] [fibonacci_action_server]: Executing goal...
[INFO] [1733754223.690445053] [fibonacci_action_server]: Feedback: array('i', [0, 1, 1])
[INFO] [1733754223.941761545] [fibonacci_action_server]: Feedback: array('i', [0, 1, 1, 2])
[INFO] [1733754224.192983245] [fibonacci_action_server]: Feedback: array('i', [0, 1, 1, 2, 3])
[INFO] [1733754224.443897752] [fibonacci_action_server]: Feedback: array('i', [0, 1, 1, 2, 3, 5])
[INFO] [1733754224.694916497] [fibonacci_action_server]: Feedback: array('i', [0, 1, 1, 2, 3, 5, 8])
[INFO] [1733754224.946110241] [fibonacci_action_server]: Feedback: array('i', [0, 1, 1, 2, 3, 5, 8, 13])
[INFO] [1733754225.197429434] [fibonacci_action_server]: Feedback: array('i', [0, 1, 1, 2, 3, 5, 8, 13, 21])
[INFO] [1733754225.448449638] [fibonacci_action_server]: Feedback: array('i', [0, 1, 1, 2, 3, 5, 8, 13, 21, 34])
[INFO] [1733754225.699677176] [fibonacci_action_server]: Feedback: array('i', [0, 1, 1, 2, 3, 5, 8, 13, 21, 34, 55])
[INFO] [1733754225.952312088] [fibonacci_action_server]: Executing goal...
[INFO] [1733754225.952737767] [fibonacci_action_server]: Feedback: array('i', [0, 1, 1])
[INFO] [1733754226.203654762] [fibonacci_action_server]: Feedback: array('i', [0, 1, 1, 2])
[INFO] [1733754226.454752121] [fibonacci_action_server]: Feedback: array('i', [0, 1, 1, 2, 3])
[INFO] [1733754226.706005811] [fibonacci_action_server]: Feedback: array('i', [0, 1, 1, 2, 3, 5])
[INFO] [1733754226.956893841] [fibonacci_action_server]: Feedback: array('i', [0, 1, 1, 2, 3, 5, 8])
[INFO] [1733754227.208223952] [fibonacci_action_server]: Feedback: array('i', [0, 1, 1, 2, 3, 5, 8, 13])
[INFO] [1733754227.459370035] [fibonacci_action_server]: Feedback: array('i', [0, 1, 1, 2, 3, 5, 8, 13, 21])
[INFO] [1733754227.710741908] [fibonacci_action_server]: Feedback: array('i', [0, 1, 1, 2, 3, 5, 8, 13, 21, 34])
[INFO] [1733754227.961769262] [fibonacci_action_server]: Feedback: array('i', [0, 1, 1, 2, 3, 5, 8, 13, 21, 34, 55])
[INFO] [1733754228.214649841] [fibonacci_action_server]: Executing goal...
[INFO] [1733754228.215046475] [fibonacci_action_server]: Feedback: array('i', [0, 1, 1])
[INFO] [1733754228.465993858] [fibonacci_action_server]: Feedback: array('i', [0, 1, 1, 2])
[INFO] [1733754228.717275239] [fibonacci_action_server]: Feedback: array('i', [0, 1, 1, 2, 3])
[INFO] [1733754228.968698167] [fibonacci_action_server]: Feedback: array('i', [0, 1, 1, 2, 3, 5])
[INFO] [1733754229.219762171] [fibonacci_action_server]: Feedback: array('i', [0, 1, 1, 2, 3, 5, 8])
[INFO] [1733754229.470759972] [fibonacci_action_server]: Feedback: array('i', [0, 1, 1, 2, 3, 5, 8, 13])
[INFO] [1733754229.721775155] [fibonacci_action_server]: Feedback: array('i', [0, 1, 1, 2, 3, 5, 8, 13, 21])
[INFO] [1733754229.973020283] [fibonacci_action_server]: Feedback: array('i', [0, 1, 1, 2, 3, 5, 8, 13, 21, 34])
[INFO] [1733754230.224214372] [fibonacci_action_server]: Feedback: array('i', [0, 1, 1, 2, 3, 5, 8, 13, 21, 34, 55])
[INFO] [1733754230.477676236] [fibonacci_action_server]: Executing goal...
[INFO] [1733754230.478288106] [fibonacci_action_server]: Feedback: array('i', [0, 1, 1])
[INFO] [1733754230.729495949] [fibonacci_action_server]: Feedback: array('i', [0, 1, 1, 2])
[INFO] [1733754230.980411967] [fibonacci_action_server]: Feedback: array('i', [0, 1, 1, 2, 3])
[INFO] [1733754231.231428214] [fibonacci_action_server]: Feedback: array('i', [0, 1, 1, 2, 3, 5])
[INFO] [1733754231.482478644] [fibonacci_action_server]: Feedback: array('i', [0, 1, 1, 2, 3, 5, 8])
[INFO] [1733754231.733400744] [fibonacci_action_server]: Feedback: array('i', [0, 1, 1, 2, 3, 5, 8, 13])
[INFO] [1733754231.984564941] [fibonacci_action_server]: Feedback: array('i', [0, 1, 1, 2, 3, 5, 8, 13, 21])
[INFO] [1733754232.235439888] [fibonacci_action_server]: Feedback: array('i', [0, 1, 1, 2, 3, 5, 8, 13, 21, 34])
[INFO] [1733754232.486634930] [fibonacci_action_server]: Feedback: array('i', [0, 1, 1, 2, 3, 5, 8, 13, 21, 34, 55])
[INFO] [1733754232.738945412] [fibonacci_action_server]: Executing goal...
[INFO] [1733754232.739330029] [fibonacci_action_server]: Feedback: array('i', [0, 1, 1])
[INFO] [1733754232.990059793] [fibonacci_action_server]: Feedback: array('i', [0, 1, 1, 2])
[INFO] [1733754233.241249698] [fibonacci_action_server]: Feedback: array('i', [0, 1, 1, 2, 3])
[INFO] [1733754233.492523779] [fibonacci_action_server]: Feedback: array('i', [0, 1, 1, 2, 3, 5])
[INFO] [1733754233.743709903] [fibonacci_action_server]: Feedback: array('i', [0, 1, 1, 2, 3, 5, 8])
[INFO] [1733754233.994776510] [fibonacci_action_server]: Feedback: array('i', [0, 1, 1, 2, 3, 5, 8, 13])
[INFO] [1733754234.246001738] [fibonacci_action_server]: Feedback: array('i', [0, 1, 1, 2, 3, 5, 8, 13, 21])
[INFO] [1733754234.496920627] [fibonacci_action_server]: Feedback: array('i', [0, 1, 1, 2, 3, 5, 8, 13, 21, 34])
[INFO] [1733754234.748121753] [fibonacci_action_server]: Feedback: array('i', [0, 1, 1, 2, 3, 5, 8, 13, 21, 34, 55])
[INFO] [1733754235.001080986] [fibonacci_action_server]: Executing goal...
[INFO] [1733754235.001489472] [fibonacci_action_server]: Feedback: array('i', [0, 1, 1])
[INFO] [1733754235.252282677] [fibonacci_action_server]: Feedback: array('i', [0, 1, 1, 2])
[INFO] [1733754235.503462282] [fibonacci_action_server]: Feedback: array('i', [0, 1, 1, 2, 3])
[INFO] [1733754235.754533031] [fibonacci_action_server]: Feedback: array('i', [0, 1, 1, 2, 3, 5])
[INFO] [1733754236.005857012] [fibonacci_action_server]: Feedback: array('i', [0, 1, 1, 2, 3, 5, 8])
[INFO] [1733754236.256834596] [fibonacci_action_server]: Feedback: array('i', [0, 1, 1, 2, 3, 5, 8, 13])
[INFO] [1733754236.508056904] [fibonacci_action_server]: Feedback: array('i', [0, 1, 1, 2, 3, 5, 8, 13, 21])
[INFO] [1733754236.758801514] [fibonacci_action_server]: Feedback: array('i', [0, 1, 1, 2, 3, 5, 8, 13, 21, 34])
[INFO] [1733754237.009776780] [fibonacci_action_server]: Feedback: array('i', [0, 1, 1, 2, 3, 5, 8, 13, 21, 34, 55])
[INFO] [1733754237.263479807] [fibonacci_action_server]: Executing goal...
[INFO] [1733754237.264106398] [fibonacci_action_server]: Feedback: array('i', [0, 1, 1])
[INFO] [1733754237.514920801] [fibonacci_action_server]: Feedback: array('i', [0, 1, 1, 2])
[INFO] [1733754237.765906374] [fibonacci_action_server]: Feedback: array('i', [0, 1, 1, 2, 3])
[INFO] [1733754238.016753720] [fibonacci_action_server]: Feedback: array('i', [0, 1, 1, 2, 3, 5])
[INFO] [1733754238.267947926] [fibonacci_action_server]: Feedback: array('i', [0, 1, 1, 2, 3, 5, 8])
[INFO] [1733754238.519175813] [fibonacci_action_server]: Feedback: array('i', [0, 1, 1, 2, 3, 5, 8, 13])
[INFO] [1733754238.769980032] [fibonacci_action_server]: Feedback: array('i', [0, 1, 1, 2, 3, 5, 8, 13, 21])
[INFO] [1733754239.021247956] [fibonacci_action_server]: Feedback: array('i', [0, 1, 1, 2, 3, 5, 8, 13, 21, 34])
[INFO] [1733754239.272428879] [fibonacci_action_server]: Feedback: array('i', [0, 1, 1, 2, 3, 5, 8, 13, 21, 34, 55])
[INFO] [1733754239.525860163] [fibonacci_action_server]: Executing goal...
[INFO] [1733754239.526450302] [fibonacci_action_server]: Feedback: array('i', [0, 1, 1])
[INFO] [1733754239.777465117] [fibonacci_action_server]: Feedback: array('i', [0, 1, 1, 2])
[INFO] [1733754240.028365801] [fibonacci_action_server]: Feedback: array('i', [0, 1, 1, 2, 3])
[INFO] [1733754240.279587278] [fibonacci_action_server]: Feedback: array('i', [0, 1, 1, 2, 3, 5])
[INFO] [1733754240.530724678] [fibonacci_action_server]: Feedback: array('i', [0, 1, 1, 2, 3, 5, 8])
[INFO] [1733754240.781729598] [fibonacci_action_server]: Feedback: array('i', [0, 1, 1, 2, 3, 5, 8, 13])
[INFO] [1733754241.032703090] [fibonacci_action_server]: Feedback: array('i', [0, 1, 1, 2, 3, 5, 8, 13, 21])
[INFO] [1733754241.283905385] [fibonacci_action_server]: Feedback: array('i', [0, 1, 1, 2, 3, 5, 8, 13, 21, 34])
[INFO] [1733754241.535242815] [fibonacci_action_server]: Feedback: array('i', [0, 1, 1, 2, 3, 5, 8, 13, 21, 34, 55])
[INFO] [1733754241.787531499] [fibonacci_action_server]: Executing goal...
[INFO] [1733754241.787932171] [fibonacci_action_server]: Feedback: array('i', [0, 1, 1])
[INFO] [1733754242.038784129] [fibonacci_action_server]: Feedback: array('i', [0, 1, 1, 2])
[INFO] [1733754242.289913514] [fibonacci_action_server]: Feedback: array('i', [0, 1, 1, 2, 3])
[INFO] [1733754242.541200244] [fibonacci_action_server]: Feedback: array('i', [0, 1, 1, 2, 3, 5])
[INFO] [1733754242.792286838] [fibonacci_action_server]: Feedback: array('i', [0, 1, 1, 2, 3, 5, 8])
[INFO] [1733754243.043677380] [fibonacci_action_server]: Feedback: array('i', [0, 1, 1, 2, 3, 5, 8, 13])
[INFO] [1733754243.294746439] [fibonacci_action_server]: Feedback: array('i', [0, 1, 1, 2, 3, 5, 8, 13, 21])
[INFO] [1733754243.546075264] [fibonacci_action_server]: Feedback: array('i', [0, 1, 1, 2, 3, 5, 8, 13, 21, 34])
[INFO] [1733754243.797338155] [fibonacci_action_server]: Feedback: array('i', [0, 1, 1, 2, 3, 5, 8, 13, 21, 34, 55])
[INFO] [1733754244.050696103] [fibonacci_action_server]: Executing goal...
[INFO] [1733754244.051079469] [fibonacci_action_server]: Feedback: array('i', [0, 1, 1])
[INFO] [1733754244.301873153] [fibonacci_action_server]: Feedback: array('i', [0, 1, 1, 2])
[INFO] [1733754244.552851493] [fibonacci_action_server]: Feedback: array('i', [0, 1, 1, 2, 3])
[INFO] [1733754244.804041688] [fibonacci_action_server]: Feedback: array('i', [0, 1, 1, 2, 3, 5])
[INFO] [1733754245.055197824] [fibonacci_action_server]: Feedback: array('i', [0, 1, 1, 2, 3, 5, 8])
[INFO] [1733754245.306126267] [fibonacci_action_server]: Feedback: array('i', [0, 1, 1, 2, 3, 5, 8, 13])
[INFO] [1733754245.557639900] [fibonacci_action_server]: Feedback: array('i', [0, 1, 1, 2, 3, 5, 8, 13, 21])
[INFO] [1733754245.808753428] [fibonacci_action_server]: Feedback: array('i', [0, 1, 1, 2, 3, 5, 8, 13, 21, 34])
[INFO] [1733754246.060059766] [fibonacci_action_server]: Feedback: array('i', [0, 1, 1, 2, 3, 5, 8, 13, 21, 34, 55])
[INFO] [1733754246.312312783] [fibonacci_action_server]: Executing goal...
[INFO] [1733754246.312673748] [fibonacci_action_server]: Feedback: array('i', [0, 1, 1])
[INFO] [1733754246.563476538] [fibonacci_action_server]: Feedback: array('i', [0, 1, 1, 2])
[INFO] [1733754246.814775966] [fibonacci_action_server]: Feedback: array('i', [0, 1, 1, 2, 3])
[INFO] [1733754247.065769846] [fibonacci_action_server]: Feedback: array('i', [0, 1, 1, 2, 3, 5])
[INFO] [1733754247.316976858] [fibonacci_action_server]: Feedback: array('i', [0, 1, 1, 2, 3, 5, 8])
[INFO] [1733754247.567895806] [fibonacci_action_server]: Feedback: array('i', [0, 1, 1, 2, 3, 5, 8, 13])
[INFO] [1733754247.818914177] [fibonacci_action_server]: Feedback: array('i', [0, 1, 1, 2, 3, 5, 8, 13, 21])
[INFO] [1733754248.069923854] [fibonacci_action_server]: Feedback: array('i', [0, 1, 1, 2, 3, 5, 8, 13, 21, 34])
[INFO] [1733754248.321060755] [fibonacci_action_server]: Feedback: array('i', [0, 1, 1, 2, 3, 5, 8, 13, 21, 34, 55])
[INFO] [1733754248.573960643] [fibonacci_action_server]: Executing goal...
[INFO] [1733754248.574338633] [fibonacci_action_server]: Feedback: array('i', [0, 1, 1])
[INFO] [1733754248.825595794] [fibonacci_action_server]: Feedback: array('i', [0, 1, 1, 2])
[INFO] [1733754249.076935561] [fibonacci_action_server]: Feedback: array('i', [0, 1, 1, 2, 3])
[INFO] [1733754249.327925472] [fibonacci_action_server]: Feedback: array('i', [0, 1, 1, 2, 3, 5])
[INFO] [1733754249.579002554] [fibonacci_action_server]: Feedback: array('i', [0, 1, 1, 2, 3, 5, 8])
[INFO] [1733754249.830078462] [fibonacci_action_server]: Feedback: array('i', [0, 1, 1, 2, 3, 5, 8, 13])
[INFO] [1733754250.081251162] [fibonacci_action_server]: Feedback: array('i', [0, 1, 1, 2, 3, 5, 8, 13, 21])
[INFO] [1733754250.332428129] [fibonacci_action_server]: Feedback: array('i', [0, 1, 1, 2, 3, 5, 8, 13, 21, 34])
[INFO] [1733754250.583592559] [fibonacci_action_server]: Feedback: array('i', [0, 1, 1, 2, 3, 5, 8, 13, 21, 34, 55])
[INFO] [1733754250.836369904] [fibonacci_action_server]: Executing goal...
[INFO] [1733754250.836738259] [fibonacci_action_server]: Feedback: array('i', [0, 1, 1])
[INFO] [1733754251.087524859] [fibonacci_action_server]: Feedback: array('i', [0, 1, 1, 2])
[INFO] [1733754251.338474965] [fibonacci_action_server]: Feedback: array('i', [0, 1, 1, 2, 3])
[INFO] [1733754251.589783162] [fibonacci_action_server]: Feedback: array('i', [0, 1, 1, 2, 3, 5])
[INFO] [1733754251.840730846] [fibonacci_action_server]: Feedback: array('i', [0, 1, 1, 2, 3, 5, 8])
[INFO] [1733754252.091915515] [fibonacci_action_server]: Feedback: array('i', [0, 1, 1, 2, 3, 5, 8, 13])
[INFO] [1733754252.342811875] [fibonacci_action_server]: Feedback: array('i', [0, 1, 1, 2, 3, 5, 8, 13, 21])
[INFO] [1733754252.594069311] [fibonacci_action_server]: Feedback: array('i', [0, 1, 1, 2, 3, 5, 8, 13, 21, 34])
[INFO] [1733754252.845027939] [fibonacci_action_server]: Feedback: array('i', [0, 1, 1, 2, 3, 5, 8, 13, 21, 34, 55])
[INFO] [1733754253.098117823] [fibonacci_action_server]: Executing goal...
[INFO] [1733754253.098719641] [fibonacci_action_server]: Feedback: array('i', [0, 1, 1])
[INFO] [1733754253.349945017] [fibonacci_action_server]: Feedback: array('i', [0, 1, 1, 2])
[INFO] [1733754253.601259939] [fibonacci_action_server]: Feedback: array('i', [0, 1, 1, 2, 3])
[INFO] [1733754253.852545622] [fibonacci_action_server]: Feedback: array('i', [0, 1, 1, 2, 3, 5])
[INFO] [1733754254.103602855] [fibonacci_action_server]: Feedback: array('i', [0, 1, 1, 2, 3, 5, 8])
[INFO] [1733754254.354981745] [fibonacci_action_server]: Feedback: array('i', [0, 1, 1, 2, 3, 5, 8, 13])
[INFO] [1733754254.605760124] [fibonacci_action_server]: Feedback: array('i', [0, 1, 1, 2, 3, 5, 8, 13, 21])
[INFO] [1733754254.856929292] [fibonacci_action_server]: Feedback: array('i', [0, 1, 1, 2, 3, 5, 8, 13, 21, 34])
[INFO] [1733754255.108112835] [fibonacci_action_server]: Feedback: array('i', [0, 1, 1, 2, 3, 5, 8, 13, 21, 34, 55])
[INFO] [1733754255.361679667] [fibonacci_action_server]: Executing goal...
[INFO] [1733754255.362295935] [fibonacci_action_server]: Feedback: array('i', [0, 1, 1])
[INFO] [1733754255.613491081] [fibonacci_action_server]: Feedback: array('i', [0, 1, 1, 2])
[INFO] [1733754255.864936984] [fibonacci_action_server]: Feedback: array('i', [0, 1, 1, 2, 3])
[INFO] [1733754256.115883741] [fibonacci_action_server]: Feedback: array('i', [0, 1, 1, 2, 3, 5])
[INFO] [1733754256.366838877] [fibonacci_action_server]: Feedback: array('i', [0, 1, 1, 2, 3, 5, 8])
[INFO] [1733754256.617772345] [fibonacci_action_server]: Feedback: array('i', [0, 1, 1, 2, 3, 5, 8, 13])
[INFO] [1733754256.869028637] [fibonacci_action_server]: Feedback: array('i', [0, 1, 1, 2, 3, 5, 8, 13, 21])
[INFO] [1733754257.120057488] [fibonacci_action_server]: Feedback: array('i', [0, 1, 1, 2, 3, 5, 8, 13, 21, 34])
[INFO] [1733754257.371077350] [fibonacci_action_server]: Feedback: array('i', [0, 1, 1, 2, 3, 5, 8, 13, 21, 34, 55])
[INFO] [1733754257.623119902] [fibonacci_action_server]: Executing goal...
[INFO] [1733754257.623516073] [fibonacci_action_server]: Feedback: array('i', [0, 1, 1])
[INFO] [1733754257.874381567] [fibonacci_action_server]: Feedback: array('i', [0, 1, 1, 2])
[INFO] [1733754258.125636707] [fibonacci_action_server]: Feedback: array('i', [0, 1, 1, 2, 3])
[INFO] [1733754258.376632671] [fibonacci_action_server]: Feedback: array('i', [0, 1, 1, 2, 3, 5])
[INFO] [1733754258.627519053] [fibonacci_action_server]: Feedback: array('i', [0, 1, 1, 2, 3, 5, 8])
[INFO] [1733754258.878699704] [fibonacci_action_server]: Feedback: array('i', [0, 1, 1, 2, 3, 5, 8, 13])
[INFO] [1733754259.129783161] [fibonacci_action_server]: Feedback: array('i', [0, 1, 1, 2, 3, 5, 8, 13, 21])
[INFO] [1733754259.381126117] [fibonacci_action_server]: Feedback: array('i', [0, 1, 1, 2, 3, 5, 8, 13, 21, 34])
[INFO] [1733754259.632032798] [fibonacci_action_server]: Feedback: array('i', [0, 1, 1, 2, 3, 5, 8, 13, 21, 34, 55])
[INFO] [1733754259.884231444] [fibonacci_action_server]: Executing goal...
[INFO] [1733754259.884644682] [fibonacci_action_server]: Feedback: array('i', [0, 1, 1])
[INFO] [1733754260.135714291] [fibonacci_action_server]: Feedback: array('i', [0, 1, 1, 2])
[INFO] [1733754260.386759183] [fibonacci_action_server]: Feedback: array('i', [0, 1, 1, 2, 3])
[INFO] [1733754260.637753034] [fibonacci_action_server]: Feedback: array('i', [0, 1, 1, 2, 3, 5])
[INFO] [1733754260.888651073] [fibonacci_action_server]: Feedback: array('i', [0, 1, 1, 2, 3, 5, 8])
[INFO] [1733754261.139972153] [fibonacci_action_server]: Feedback: array('i', [0, 1, 1, 2, 3, 5, 8, 13])
[INFO] [1733754261.391033852] [fibonacci_action_server]: Feedback: array('i', [0, 1, 1, 2, 3, 5, 8, 13, 21])
[INFO] [1733754261.642112211] [fibonacci_action_server]: Feedback: array('i', [0, 1, 1, 2, 3, 5, 8, 13, 21, 34])
[INFO] [1733754261.893105495] [fibonacci_action_server]: Feedback: array('i', [0, 1, 1, 2, 3, 5, 8, 13, 21, 34, 55])
[INFO] [1733754262.145507529] [fibonacci_action_server]: Executing goal...
[INFO] [1733754262.145928258] [fibonacci_action_server]: Feedback: array('i', [0, 1, 1])
[INFO] [1733754262.396868949] [fibonacci_action_server]: Feedback: array('i', [0, 1, 1, 2])
[INFO] [1733754262.648055237] [fibonacci_action_server]: Feedback: array('i', [0, 1, 1, 2, 3])
[INFO] [1733754262.898968415] [fibonacci_action_server]: Feedback: array('i', [0, 1, 1, 2, 3, 5])
[INFO] [1733754263.150113714] [fibonacci_action_server]: Feedback: array('i', [0, 1, 1, 2, 3, 5, 8])
[INFO] [1733754263.401474749] [fibonacci_action_server]: Feedback: array('i', [0, 1, 1, 2, 3, 5, 8, 13])
[INFO] [1733754263.652422314] [fibonacci_action_server]: Feedback: array('i', [0, 1, 1, 2, 3, 5, 8, 13, 21])
[INFO] [1733754263.903315143] [fibonacci_action_server]: Feedback: array('i', [0, 1, 1, 2, 3, 5, 8, 13, 21, 34])
[INFO] [1733754264.154191694] [fibonacci_action_server]: Feedback: array('i', [0, 1, 1, 2, 3, 5, 8, 13, 21, 34, 55])
[INFO] [1733754264.407260432] [fibonacci_action_server]: Executing goal...
[INFO] [1733754264.407897120] [fibonacci_action_server]: Feedback: array('i', [0, 1, 1])
[INFO] [1733754264.658800489] [fibonacci_action_server]: Feedback: array('i', [0, 1, 1, 2])
[INFO] [1733754264.909776115] [fibonacci_action_server]: Feedback: array('i', [0, 1, 1, 2, 3])
[INFO] [1733754265.160684511] [fibonacci_action_server]: Feedback: array('i', [0, 1, 1, 2, 3, 5])
[INFO] [1733754265.411730815] [fibonacci_action_server]: Feedback: array('i', [0, 1, 1, 2, 3, 5, 8])
[INFO] [1733754265.662647733] [fibonacci_action_server]: Feedback: array('i', [0, 1, 1, 2, 3, 5, 8, 13])
[INFO] [1733754265.913928801] [fibonacci_action_server]: Feedback: array('i', [0, 1, 1, 2, 3, 5, 8, 13, 21])
[INFO] [1733754266.164841040] [fibonacci_action_server]: Feedback: array('i', [0, 1, 1, 2, 3, 5, 8, 13, 21, 34])
[INFO] [1733754266.415986771] [fibonacci_action_server]: Feedback: array('i', [0, 1, 1, 2, 3, 5, 8, 13, 21, 34, 55])
[INFO] [1733754266.668766506] [fibonacci_action_server]: Executing goal...
[INFO] [1733754266.669247483] [fibonacci_action_server]: Feedback: array('i', [0, 1, 1])
[INFO] [1733754266.920405541] [fibonacci_action_server]: Feedback: array('i', [0, 1, 1, 2])
[INFO] [1733754267.171656513] [fibonacci_action_server]: Feedback: array('i', [0, 1, 1, 2, 3])
[INFO] [1733754267.422662437] [fibonacci_action_server]: Feedback: array('i', [0, 1, 1, 2, 3, 5])
[INFO] [1733754267.673943748] [fibonacci_action_server]: Feedback: array('i', [0, 1, 1, 2, 3, 5, 8])
[INFO] [1733754267.924906086] [fibonacci_action_server]: Feedback: array('i', [0, 1, 1, 2, 3, 5, 8, 13])
[INFO] [1733754268.175863628] [fibonacci_action_server]: Feedback: array('i', [0, 1, 1, 2, 3, 5, 8, 13, 21])
[INFO] [1733754268.427061622] [fibonacci_action_server]: Feedback: array('i', [0, 1, 1, 2, 3, 5, 8, 13, 21, 34])
[INFO] [1733754268.678095232] [fibonacci_action_server]: Feedback: array('i', [0, 1, 1, 2, 3, 5, 8, 13, 21, 34, 55])
[INFO] [1733754268.930905825] [fibonacci_action_server]: Executing goal...
[INFO] [1733754268.931358689] [fibonacci_action_server]: Feedback: array('i', [0, 1, 1])
[INFO] [1733754269.182167301] [fibonacci_action_server]: Feedback: array('i', [0, 1, 1, 2])
[INFO] [1733754269.433700103] [fibonacci_action_server]: Feedback: array('i', [0, 1, 1, 2, 3])
[INFO] [1733754269.685038842] [fibonacci_action_server]: Feedback: array('i', [0, 1, 1, 2, 3, 5])
[INFO] [1733754269.936252508] [fibonacci_action_server]: Feedback: array('i', [0, 1, 1, 2, 3, 5, 8])
[INFO] [1733754270.187658303] [fibonacci_action_server]: Feedback: array('i', [0, 1, 1, 2, 3, 5, 8, 13])
[INFO] [1733754270.438605614] [fibonacci_action_server]: Feedback: array('i', [0, 1, 1, 2, 3, 5, 8, 13, 21])
[INFO] [1733754270.689777119] [fibonacci_action_server]: Feedback: array('i', [0, 1, 1, 2, 3, 5, 8, 13, 21, 34])
[INFO] [1733754270.940877817] [fibonacci_action_server]: Feedback: array('i', [0, 1, 1, 2, 3, 5, 8, 13, 21, 34, 55])
[INFO] [1733754271.194190233] [fibonacci_action_server]: Executing goal...
[INFO] [1733754271.194840093] [fibonacci_action_server]: Feedback: array('i', [0, 1, 1])
[INFO] [1733754271.445692619] [fibonacci_action_server]: Feedback: array('i', [0, 1, 1, 2])
[INFO] [1733754271.696817682] [fibonacci_action_server]: Feedback: array('i', [0, 1, 1, 2, 3])
[INFO] [1733754271.948028791] [fibonacci_action_server]: Feedback: array('i', [0, 1, 1, 2, 3, 5])
[INFO] [1733754272.199206635] [fibonacci_action_server]: Feedback: array('i', [0, 1, 1, 2, 3, 5, 8])
[INFO] [1733754272.450138194] [fibonacci_action_server]: Feedback: array('i', [0, 1, 1, 2, 3, 5, 8, 13])
[INFO] [1733754272.701450696] [fibonacci_action_server]: Feedback: array('i', [0, 1, 1, 2, 3, 5, 8, 13, 21])
[INFO] [1733754272.952681261] [fibonacci_action_server]: Feedback: array('i', [0, 1, 1, 2, 3, 5, 8, 13, 21, 34])
[INFO] [1733754273.203604860] [fibonacci_action_server]: Feedback: array('i', [0, 1, 1, 2, 3, 5, 8, 13, 21, 34, 55])
[INFO] [1733754273.457087499] [fibonacci_action_server]: Executing goal...
[INFO] [1733754273.457745722] [fibonacci_action_server]: Feedback: array('i', [0, 1, 1])
[INFO] [1733754273.709068782] [fibonacci_action_server]: Feedback: array('i', [0, 1, 1, 2])
[INFO] [1733754273.960353109] [fibonacci_action_server]: Feedback: array('i', [0, 1, 1, 2, 3])
[INFO] [1733754274.211562616] [fibonacci_action_server]: Feedback: array('i', [0, 1, 1, 2, 3, 5])
[INFO] [1733754274.462640188] [fibonacci_action_server]: Feedback: array('i', [0, 1, 1, 2, 3, 5, 8])
[INFO] [1733754274.713745003] [fibonacci_action_server]: Feedback: array('i', [0, 1, 1, 2, 3, 5, 8, 13])
[INFO] [1733754274.964749573] [fibonacci_action_server]: Feedback: array('i', [0, 1, 1, 2, 3, 5, 8, 13, 21])
[INFO] [1733754275.215870332] [fibonacci_action_server]: Feedback: array('i', [0, 1, 1, 2, 3, 5, 8, 13, 21, 34])
[INFO] [1733754275.466870080] [fibonacci_action_server]: Feedback: array('i', [0, 1, 1, 2, 3, 5, 8, 13, 21, 34, 55])
[INFO] [1733754275.719801515] [fibonacci_action_server]: Executing goal...
[INFO] [1733754275.720438086] [fibonacci_action_server]: Feedback: array('i', [0, 1, 1])
[INFO] [1733754275.971377582] [fibonacci_action_server]: Feedback: array('i', [0, 1, 1, 2])
[INFO] [1733754276.222298487] [fibonacci_action_server]: Feedback: array('i', [0, 1, 1, 2, 3])
[INFO] [1733754276.473156990] [fibonacci_action_server]: Feedback: array('i', [0, 1, 1, 2, 3, 5])
[INFO] [1733754276.724091413] [fibonacci_action_server]: Feedback: array('i', [0, 1, 1, 2, 3, 5, 8])
[INFO] [1733754276.975080361] [fibonacci_action_server]: Feedback: array('i', [0, 1, 1, 2, 3, 5, 8, 13])
[INFO] [1733754277.225879162] [fibonacci_action_server]: Feedback: array('i', [0, 1, 1, 2, 3, 5, 8, 13, 21])
[INFO] [1733754277.477150775] [fibonacci_action_server]: Feedback: array('i', [0, 1, 1, 2, 3, 5, 8, 13, 21, 34])
[INFO] [1733754277.728473882] [fibonacci_action_server]: Feedback: array('i', [0, 1, 1, 2, 3, 5, 8, 13, 21, 34, 55])
[INFO] [1733754277.981452460] [fibonacci_action_server]: Executing goal...
[INFO] [1733754277.982065987] [fibonacci_action_server]: Feedback: array('i', [0, 1, 1])
[INFO] [1733754278.232977410] [fibonacci_action_server]: Feedback: array('i', [0, 1, 1, 2])
[INFO] [1733754278.483969769] [fibonacci_action_server]: Feedback: array('i', [0, 1, 1, 2, 3])
[INFO] [1733754278.735041707] [fibonacci_action_server]: Feedback: array('i', [0, 1, 1, 2, 3, 5])
[INFO] [1733754278.985958595] [fibonacci_action_server]: Feedback: array('i', [0, 1, 1, 2, 3, 5, 8])
[INFO] [1733754279.237199137] [fibonacci_action_server]: Feedback: array('i', [0, 1, 1, 2, 3, 5, 8, 13])
[INFO] [1733754279.488435959] [fibonacci_action_server]: Feedback: array('i', [0, 1, 1, 2, 3, 5, 8, 13, 21])
[INFO] [1733754279.739395824] [fibonacci_action_server]: Feedback: array('i', [0, 1, 1, 2, 3, 5, 8, 13, 21, 34])
[INFO] [1733754279.990498948] [fibonacci_action_server]: Feedback: array('i', [0, 1, 1, 2, 3, 5, 8, 13, 21, 34, 55])
[INFO] [1733754280.243397905] [fibonacci_action_server]: Executing goal...
[INFO] [1733754280.243793991] [fibonacci_action_server]: Feedback: array('i', [0, 1, 1])
[INFO] [1733754280.494731539] [fibonacci_action_server]: Feedback: array('i', [0, 1, 1, 2])
[INFO] [1733754280.745947239] [fibonacci_action_server]: Feedback: array('i', [0, 1, 1, 2, 3])
[INFO] [1733754280.996834324] [fibonacci_action_server]: Feedback: array('i', [0, 1, 1, 2, 3, 5])
[INFO] [1733754281.247981430] [fibonacci_action_server]: Feedback: array('i', [0, 1, 1, 2, 3, 5, 8])
[INFO] [1733754281.498946747] [fibonacci_action_server]: Feedback: array('i', [0, 1, 1, 2, 3, 5, 8, 13])
[INFO] [1733754281.750125307] [fibonacci_action_server]: Feedback: array('i', [0, 1, 1, 2, 3, 5, 8, 13, 21])
[INFO] [1733754282.001425073] [fibonacci_action_server]: Feedback: array('i', [0, 1, 1, 2, 3, 5, 8, 13, 21, 34])
[INFO] [1733754282.252668983] [fibonacci_action_server]: Feedback: array('i', [0, 1, 1, 2, 3, 5, 8, 13, 21, 34, 55])
[INFO] [1733754282.505753247] [fibonacci_action_server]: Executing goal...
[INFO] [1733754282.506382038] [fibonacci_action_server]: Feedback: array('i', [0, 1, 1])
[INFO] [1733754282.757709391] [fibonacci_action_server]: Feedback: array('i', [0, 1, 1, 2])
[INFO] [1733754283.008938255] [fibonacci_action_server]: Feedback: array('i', [0, 1, 1, 2, 3])
[INFO] [1733754283.260078997] [fibonacci_action_server]: Feedback: array('i', [0, 1, 1, 2, 3, 5])
[INFO] [1733754283.511357848] [fibonacci_action_server]: Feedback: array('i', [0, 1, 1, 2, 3, 5, 8])
[INFO] [1733754283.762513179] [fibonacci_action_server]: Feedback: array('i', [0, 1, 1, 2, 3, 5, 8, 13])
[INFO] [1733754284.013789266] [fibonacci_action_server]: Feedback: array('i', [0, 1, 1, 2, 3, 5, 8, 13, 21])
[INFO] [1733754284.265222404] [fibonacci_action_server]: Feedback: array('i', [0, 1, 1, 2, 3, 5, 8, 13, 21, 34])
[INFO] [1733754284.516461880] [fibonacci_action_server]: Feedback: array('i', [0, 1, 1, 2, 3, 5, 8, 13, 21, 34, 55])
[INFO] [1733754284.769941698] [fibonacci_action_server]: Executing goal...
[INFO] [1733754284.770588095] [fibonacci_action_server]: Feedback: array('i', [0, 1, 1])
[INFO] [1733754285.021488616] [fibonacci_action_server]: Feedback: array('i', [0, 1, 1, 2])
[INFO] [1733754285.272668810] [fibonacci_action_server]: Feedback: array('i', [0, 1, 1, 2, 3])
[INFO] [1733754285.523860741] [fibonacci_action_server]: Feedback: array('i', [0, 1, 1, 2, 3, 5])
[INFO] [1733754285.774767123] [fibonacci_action_server]: Feedback: array('i', [0, 1, 1, 2, 3, 5, 8])
[INFO] [1733754286.025913155] [fibonacci_action_server]: Feedback: array('i', [0, 1, 1, 2, 3, 5, 8, 13])
[INFO] [1733754286.276848466] [fibonacci_action_server]: Feedback: array('i', [0, 1, 1, 2, 3, 5, 8, 13, 21])
[INFO] [1733754286.528016701] [fibonacci_action_server]: Feedback: array('i', [0, 1, 1, 2, 3, 5, 8, 13, 21, 34])
[INFO] [1733754286.779002674] [fibonacci_action_server]: Feedback: array('i', [0, 1, 1, 2, 3, 5, 8, 13, 21, 34, 55])
[INFO] [1733754287.032108301] [fibonacci_action_server]: Shutting down node...
RAPL is set
