[INFO] [1733703876.761265945] [fibonacci_action_server]: Executing goal...
[INFO] [1733703876.761757475] [fibonacci_action_server]: Feedback: array('i', [0, 1, 1])
[INFO] [1733703877.763339421] [fibonacci_action_server]: Feedback: array('i', [0, 1, 1, 2])
[INFO] [1733703878.765391373] [fibonacci_action_server]: Feedback: array('i', [0, 1, 1, 2, 3])
[INFO] [1733703879.767187178] [fibonacci_action_server]: Feedback: array('i', [0, 1, 1, 2, 3, 5])
[INFO] [1733703880.769022491] [fibonacci_action_server]: Feedback: array('i', [0, 1, 1, 2, 3, 5, 8])
[INFO] [1733703881.771128529] [fibonacci_action_server]: Feedback: array('i', [0, 1, 1, 2, 3, 5, 8, 13])
[INFO] [1733703882.773027152] [fibonacci_action_server]: Feedback: array('i', [0, 1, 1, 2, 3, 5, 8, 13, 21])
[INFO] [1733703883.773892044] [fibonacci_action_server]: Feedback: array('i', [0, 1, 1, 2, 3, 5, 8, 13, 21, 34])
[INFO] [1733703884.775785024] [fibonacci_action_server]: Feedback: array('i', [0, 1, 1, 2, 3, 5, 8, 13, 21, 34, 55])
/opt/ros/humble/local/lib/python3.10/dist-packages/rclpy/action/server.py:312: RuntimeWarning: failed to send response (timeout): client will not receive response, at ./src/rmw_response.cpp:154, at ./src/rcl/service.c:314
  self._handle.send_goal_response(request_header, response_msg)
/opt/ros/humble/local/lib/python3.10/dist-packages/rclpy/action/server.py:431: RuntimeWarning: failed to send response (timeout): client will not receive response, at ./src/rmw_response.cpp:154, at ./src/rcl/service.c:314
  self._handle.send_result_response(request_header, future.result())
[INFO] [1733703885.980874679] [fibonacci_action_server]: Executing goal...
[INFO] [1733703885.981708107] [fibonacci_action_server]: Feedback: array('i', [0, 1, 1])
[INFO] [1733703886.983289131] [fibonacci_action_server]: Feedback: array('i', [0, 1, 1, 2])
[INFO] [1733703887.985227986] [fibonacci_action_server]: Feedback: array('i', [0, 1, 1, 2, 3])
[INFO] [1733703888.987131320] [fibonacci_action_server]: Feedback: array('i', [0, 1, 1, 2, 3, 5])
[INFO] [1733703889.988958267] [fibonacci_action_server]: Feedback: array('i', [0, 1, 1, 2, 3, 5, 8])
[INFO] [1733703890.990871284] [fibonacci_action_server]: Feedback: array('i', [0, 1, 1, 2, 3, 5, 8, 13])
[INFO] [1733703891.992743504] [fibonacci_action_server]: Feedback: array('i', [0, 1, 1, 2, 3, 5, 8, 13, 21])
[INFO] [1733703892.993806785] [fibonacci_action_server]: Feedback: array('i', [0, 1, 1, 2, 3, 5, 8, 13, 21, 34])
[INFO] [1733703893.995419643] [fibonacci_action_server]: Feedback: array('i', [0, 1, 1, 2, 3, 5, 8, 13, 21, 34, 55])
[INFO] [1733704056.561644229] [fibonacci_action_server]: Shutting down node...
RAPL is set
