[INFO] [1733796833.203235009] [fibonacci_action_server]: Executing goal...
[INFO] [1733796833.203718094] [fibonacci_action_server]: Feedback: array('i', [0, 1, 1])
[INFO] [1733796834.205729694] [fibonacci_action_server]: Feedback: array('i', [0, 1, 1, 2])
[INFO] [1733796835.207682548] [fibonacci_action_server]: Feedback: array('i', [0, 1, 1, 2, 3])
[INFO] [1733796836.209576785] [fibonacci_action_server]: Feedback: array('i', [0, 1, 1, 2, 3, 5])
[INFO] [1733796837.211293980] [fibonacci_action_server]: Feedback: array('i', [0, 1, 1, 2, 3, 5, 8])
[INFO] [1733796838.213257925] [fibonacci_action_server]: Feedback: array('i', [0, 1, 1, 2, 3, 5, 8, 13])
[INFO] [1733796839.214165918] [fibonacci_action_server]: Feedback: array('i', [0, 1, 1, 2, 3, 5, 8, 13, 21])
[INFO] [1733796840.216225853] [fibonacci_action_server]: Feedback: array('i', [0, 1, 1, 2, 3, 5, 8, 13, 21, 34])
[INFO] [1733796841.217924497] [fibonacci_action_server]: Feedback: array('i', [0, 1, 1, 2, 3, 5, 8, 13, 21, 34, 55])
[INFO] [1733796843.224456286] [fibonacci_action_server]: Executing goal...
[INFO] [1733796843.224844892] [fibonacci_action_server]: Feedback: array('i', [0, 1, 1])
[INFO] [1733796844.225956622] [fibonacci_action_server]: Feedback: array('i', [0, 1, 1, 2])
[INFO] [1733796845.227768521] [fibonacci_action_server]: Feedback: array('i', [0, 1, 1, 2, 3])
[INFO] [1733796846.229625690] [fibonacci_action_server]: Feedback: array('i', [0, 1, 1, 2, 3, 5])
[INFO] [1733796847.231609692] [fibonacci_action_server]: Feedback: array('i', [0, 1, 1, 2, 3, 5, 8])
[INFO] [1733796848.233425162] [fibonacci_action_server]: Feedback: array('i', [0, 1, 1, 2, 3, 5, 8, 13])
[INFO] [1733796849.235413423] [fibonacci_action_server]: Feedback: array('i', [0, 1, 1, 2, 3, 5, 8, 13, 21])
[INFO] [1733796850.237478304] [fibonacci_action_server]: Feedback: array('i', [0, 1, 1, 2, 3, 5, 8, 13, 21, 34])
[INFO] [1733796851.239439760] [fibonacci_action_server]: Feedback: array('i', [0, 1, 1, 2, 3, 5, 8, 13, 21, 34, 55])
[INFO] [1733796853.245511223] [fibonacci_action_server]: Executing goal...
[INFO] [1733796853.245987358] [fibonacci_action_server]: Feedback: array('i', [0, 1, 1])
[INFO] [1733796854.247567333] [fibonacci_action_server]: Feedback: array('i', [0, 1, 1, 2])
[INFO] [1733796855.249635915] [fibonacci_action_server]: Feedback: array('i', [0, 1, 1, 2, 3])
[INFO] [1733796856.251441500] [fibonacci_action_server]: Feedback: array('i', [0, 1, 1, 2, 3, 5])
[INFO] [1733796857.253169091] [fibonacci_action_server]: Feedback: array('i', [0, 1, 1, 2, 3, 5, 8])
[INFO] [1733796858.255180682] [fibonacci_action_server]: Feedback: array('i', [0, 1, 1, 2, 3, 5, 8, 13])
[INFO] [1733796859.257085099] [fibonacci_action_server]: Feedback: array('i', [0, 1, 1, 2, 3, 5, 8, 13, 21])
[INFO] [1733796860.258124064] [fibonacci_action_server]: Feedback: array('i', [0, 1, 1, 2, 3, 5, 8, 13, 21, 34])
[INFO] [1733796861.259855934] [fibonacci_action_server]: Feedback: array('i', [0, 1, 1, 2, 3, 5, 8, 13, 21, 34, 55])
[INFO] [1733796863.266632207] [fibonacci_action_server]: Executing goal...
[INFO] [1733796863.267015702] [fibonacci_action_server]: Feedback: array('i', [0, 1, 1])
[INFO] [1733796864.268853916] [fibonacci_action_server]: Feedback: array('i', [0, 1, 1, 2])
[INFO] [1733796865.269894464] [fibonacci_action_server]: Feedback: array('i', [0, 1, 1, 2, 3])
[INFO] [1733796866.271684031] [fibonacci_action_server]: Feedback: array('i', [0, 1, 1, 2, 3, 5])
[INFO] [1733796867.273580578] [fibonacci_action_server]: Feedback: array('i', [0, 1, 1, 2, 3, 5, 8])
[INFO] [1733796868.275254162] [fibonacci_action_server]: Feedback: array('i', [0, 1, 1, 2, 3, 5, 8, 13])
[INFO] [1733796869.277088388] [fibonacci_action_server]: Feedback: array('i', [0, 1, 1, 2, 3, 5, 8, 13, 21])
[INFO] [1733796870.278914775] [fibonacci_action_server]: Feedback: array('i', [0, 1, 1, 2, 3, 5, 8, 13, 21, 34])
[INFO] [1733796871.280797747] [fibonacci_action_server]: Feedback: array('i', [0, 1, 1, 2, 3, 5, 8, 13, 21, 34, 55])
[INFO] [1733796873.287648641] [fibonacci_action_server]: Executing goal...
[INFO] [1733796873.288030735] [fibonacci_action_server]: Feedback: array('i', [0, 1, 1])
[INFO] [1733796874.289683817] [fibonacci_action_server]: Feedback: array('i', [0, 1, 1, 2])
[INFO] [1733796875.291738410] [fibonacci_action_server]: Feedback: array('i', [0, 1, 1, 2, 3])
[INFO] [1733796876.293640653] [fibonacci_action_server]: Feedback: array('i', [0, 1, 1, 2, 3, 5])
[INFO] [1733796877.295580685] [fibonacci_action_server]: Feedback: array('i', [0, 1, 1, 2, 3, 5, 8])
[INFO] [1733796878.297712107] [fibonacci_action_server]: Feedback: array('i', [0, 1, 1, 2, 3, 5, 8, 13])
[INFO] [1733796879.299707597] [fibonacci_action_server]: Feedback: array('i', [0, 1, 1, 2, 3, 5, 8, 13, 21])
[INFO] [1733796880.301736577] [fibonacci_action_server]: Feedback: array('i', [0, 1, 1, 2, 3, 5, 8, 13, 21, 34])
[INFO] [1733796881.303403469] [fibonacci_action_server]: Feedback: array('i', [0, 1, 1, 2, 3, 5, 8, 13, 21, 34, 55])
[INFO] [1733796883.310167646] [fibonacci_action_server]: Executing goal...
[INFO] [1733796883.310556771] [fibonacci_action_server]: Feedback: array('i', [0, 1, 1])
[INFO] [1733796884.312364544] [fibonacci_action_server]: Feedback: array('i', [0, 1, 1, 2])
[INFO] [1733796885.314083004] [fibonacci_action_server]: Feedback: array('i', [0, 1, 1, 2, 3])
[INFO] [1733796886.315788477] [fibonacci_action_server]: Feedback: array('i', [0, 1, 1, 2, 3, 5])
[INFO] [1733796887.317831313] [fibonacci_action_server]: Feedback: array('i', [0, 1, 1, 2, 3, 5, 8])
[INFO] [1733796888.319752099] [fibonacci_action_server]: Feedback: array('i', [0, 1, 1, 2, 3, 5, 8, 13])
[INFO] [1733796889.321611555] [fibonacci_action_server]: Feedback: array('i', [0, 1, 1, 2, 3, 5, 8, 13, 21])
[INFO] [1733796890.323401467] [fibonacci_action_server]: Feedback: array('i', [0, 1, 1, 2, 3, 5, 8, 13, 21, 34])
[INFO] [1733796891.325403740] [fibonacci_action_server]: Feedback: array('i', [0, 1, 1, 2, 3, 5, 8, 13, 21, 34, 55])
[INFO] [1733796893.332252013] [fibonacci_action_server]: Executing goal...
[INFO] [1733796893.332690789] [fibonacci_action_server]: Feedback: array('i', [0, 1, 1])
[INFO] [1733796894.333715472] [fibonacci_action_server]: Feedback: array('i', [0, 1, 1, 2])
[INFO] [1733796895.335656828] [fibonacci_action_server]: Feedback: array('i', [0, 1, 1, 2, 3])
[INFO] [1733796896.337538606] [fibonacci_action_server]: Feedback: array('i', [0, 1, 1, 2, 3, 5])
[INFO] [1733796897.339539720] [fibonacci_action_server]: Feedback: array('i', [0, 1, 1, 2, 3, 5, 8])
[INFO] [1733796898.341492553] [fibonacci_action_server]: Feedback: array('i', [0, 1, 1, 2, 3, 5, 8, 13])
[INFO] [1733796899.343439864] [fibonacci_action_server]: Feedback: array('i', [0, 1, 1, 2, 3, 5, 8, 13, 21])
[INFO] [1733796900.345491896] [fibonacci_action_server]: Feedback: array('i', [0, 1, 1, 2, 3, 5, 8, 13, 21, 34])
[INFO] [1733796901.347489667] [fibonacci_action_server]: Feedback: array('i', [0, 1, 1, 2, 3, 5, 8, 13, 21, 34, 55])
[INFO] [1733796903.353736741] [fibonacci_action_server]: Executing goal...
[INFO] [1733796903.354120158] [fibonacci_action_server]: Feedback: array('i', [0, 1, 1])
[INFO] [1733796904.355772901] [fibonacci_action_server]: Feedback: array('i', [0, 1, 1, 2])
[INFO] [1733796905.357739819] [fibonacci_action_server]: Feedback: array('i', [0, 1, 1, 2, 3])
[INFO] [1733796906.359050364] [fibonacci_action_server]: Feedback: array('i', [0, 1, 1, 2, 3, 5])
[INFO] [1733796907.360690237] [fibonacci_action_server]: Feedback: array('i', [0, 1, 1, 2, 3, 5, 8])
[INFO] [1733796908.362130964] [fibonacci_action_server]: Feedback: array('i', [0, 1, 1, 2, 3, 5, 8, 13])
[INFO] [1733796909.364116646] [fibonacci_action_server]: Feedback: array('i', [0, 1, 1, 2, 3, 5, 8, 13, 21])
[INFO] [1733796910.366024838] [fibonacci_action_server]: Feedback: array('i', [0, 1, 1, 2, 3, 5, 8, 13, 21, 34])
[INFO] [1733796911.368012430] [fibonacci_action_server]: Feedback: array('i', [0, 1, 1, 2, 3, 5, 8, 13, 21, 34, 55])
[INFO] [1733796913.374663705] [fibonacci_action_server]: Executing goal...
[INFO] [1733796913.375029434] [fibonacci_action_server]: Feedback: array('i', [0, 1, 1])
[INFO] [1733796914.376851513] [fibonacci_action_server]: Feedback: array('i', [0, 1, 1, 2])
[INFO] [1733796915.377970964] [fibonacci_action_server]: Feedback: array('i', [0, 1, 1, 2, 3])
[INFO] [1733796916.379733676] [fibonacci_action_server]: Feedback: array('i', [0, 1, 1, 2, 3, 5])
[INFO] [1733796917.381607207] [fibonacci_action_server]: Feedback: array('i', [0, 1, 1, 2, 3, 5, 8])
[INFO] [1733796918.383414203] [fibonacci_action_server]: Feedback: array('i', [0, 1, 1, 2, 3, 5, 8, 13])
[INFO] [1733796919.385218803] [fibonacci_action_server]: Feedback: array('i', [0, 1, 1, 2, 3, 5, 8, 13, 21])
[INFO] [1733796920.387041051] [fibonacci_action_server]: Feedback: array('i', [0, 1, 1, 2, 3, 5, 8, 13, 21, 34])
[INFO] [1733796921.389041782] [fibonacci_action_server]: Feedback: array('i', [0, 1, 1, 2, 3, 5, 8, 13, 21, 34, 55])
[INFO] [1733796923.395769712] [fibonacci_action_server]: Executing goal...
[INFO] [1733796923.396176764] [fibonacci_action_server]: Feedback: array('i', [0, 1, 1])
[INFO] [1733796924.397791443] [fibonacci_action_server]: Feedback: array('i', [0, 1, 1, 2])
[INFO] [1733796925.399786663] [fibonacci_action_server]: Feedback: array('i', [0, 1, 1, 2, 3])
[INFO] [1733796926.401733075] [fibonacci_action_server]: Feedback: array('i', [0, 1, 1, 2, 3, 5])
[INFO] [1733796927.403660485] [fibonacci_action_server]: Feedback: array('i', [0, 1, 1, 2, 3, 5, 8])
[INFO] [1733796928.405460675] [fibonacci_action_server]: Feedback: array('i', [0, 1, 1, 2, 3, 5, 8, 13])
[INFO] [1733796929.407542597] [fibonacci_action_server]: Feedback: array('i', [0, 1, 1, 2, 3, 5, 8, 13, 21])
[INFO] [1733796930.409567306] [fibonacci_action_server]: Feedback: array('i', [0, 1, 1, 2, 3, 5, 8, 13, 21, 34])
[INFO] [1733796931.411261289] [fibonacci_action_server]: Feedback: array('i', [0, 1, 1, 2, 3, 5, 8, 13, 21, 34, 55])
[INFO] [1733796933.417755961] [fibonacci_action_server]: Executing goal...
[INFO] [1733796933.418310053] [fibonacci_action_server]: Feedback: array('i', [0, 1, 1])
[INFO] [1733796934.420103153] [fibonacci_action_server]: Feedback: array('i', [0, 1, 1, 2])
[INFO] [1733796935.422095870] [fibonacci_action_server]: Feedback: array('i', [0, 1, 1, 2, 3])
[INFO] [1733796936.423822353] [fibonacci_action_server]: Feedback: array('i', [0, 1, 1, 2, 3, 5])
[INFO] [1733796937.425523489] [fibonacci_action_server]: Feedback: array('i', [0, 1, 1, 2, 3, 5, 8])
[INFO] [1733796938.427420655] [fibonacci_action_server]: Feedback: array('i', [0, 1, 1, 2, 3, 5, 8, 13])
[INFO] [1733796939.429481279] [fibonacci_action_server]: Feedback: array('i', [0, 1, 1, 2, 3, 5, 8, 13, 21])
[INFO] [1733796940.431406174] [fibonacci_action_server]: Feedback: array('i', [0, 1, 1, 2, 3, 5, 8, 13, 21, 34])
[INFO] [1733796941.433386363] [fibonacci_action_server]: Feedback: array('i', [0, 1, 1, 2, 3, 5, 8, 13, 21, 34, 55])
[INFO] [1733796943.439496690] [fibonacci_action_server]: Executing goal...
[INFO] [1733796943.439890165] [fibonacci_action_server]: Feedback: array('i', [0, 1, 1])
[INFO] [1733796944.441513236] [fibonacci_action_server]: Feedback: array('i', [0, 1, 1, 2])
[INFO] [1733796945.443198606] [fibonacci_action_server]: Feedback: array('i', [0, 1, 1, 2, 3])
[INFO] [1733796946.444891972] [fibonacci_action_server]: Feedback: array('i', [0, 1, 1, 2, 3, 5])
[INFO] [1733796947.446579572] [fibonacci_action_server]: Feedback: array('i', [0, 1, 1, 2, 3, 5, 8])
[INFO] [1733796948.448521416] [fibonacci_action_server]: Feedback: array('i', [0, 1, 1, 2, 3, 5, 8, 13])
[INFO] [1733796949.449918065] [fibonacci_action_server]: Feedback: array('i', [0, 1, 1, 2, 3, 5, 8, 13, 21])
[INFO] [1733796950.451865169] [fibonacci_action_server]: Feedback: array('i', [0, 1, 1, 2, 3, 5, 8, 13, 21, 34])
[INFO] [1733796951.453838387] [fibonacci_action_server]: Feedback: array('i', [0, 1, 1, 2, 3, 5, 8, 13, 21, 34, 55])
[INFO] [1733796953.459759975] [fibonacci_action_server]: Executing goal...
[INFO] [1733796953.460134997] [fibonacci_action_server]: Feedback: array('i', [0, 1, 1])
[INFO] [1733796954.461972833] [fibonacci_action_server]: Feedback: array('i', [0, 1, 1, 2])
[INFO] [1733796955.463941556] [fibonacci_action_server]: Feedback: array('i', [0, 1, 1, 2, 3])
[INFO] [1733796956.465514093] [fibonacci_action_server]: Feedback: array('i', [0, 1, 1, 2, 3, 5])
[INFO] [1733796957.467132486] [fibonacci_action_server]: Feedback: array('i', [0, 1, 1, 2, 3, 5, 8])
[INFO] [1733796958.469048551] [fibonacci_action_server]: Feedback: array('i', [0, 1, 1, 2, 3, 5, 8, 13])
[INFO] [1733796959.470091111] [fibonacci_action_server]: Feedback: array('i', [0, 1, 1, 2, 3, 5, 8, 13, 21])
[INFO] [1733796960.472053804] [fibonacci_action_server]: Feedback: array('i', [0, 1, 1, 2, 3, 5, 8, 13, 21, 34])
[INFO] [1733796961.474024170] [fibonacci_action_server]: Feedback: array('i', [0, 1, 1, 2, 3, 5, 8, 13, 21, 34, 55])
[INFO] [1733796963.480498678] [fibonacci_action_server]: Executing goal...
[INFO] [1733796963.481051429] [fibonacci_action_server]: Feedback: array('i', [0, 1, 1])
[INFO] [1733796964.481889968] [fibonacci_action_server]: Feedback: array('i', [0, 1, 1, 2])
[INFO] [1733796965.483877246] [fibonacci_action_server]: Feedback: array('i', [0, 1, 1, 2, 3])
[INFO] [1733796966.485602873] [fibonacci_action_server]: Feedback: array('i', [0, 1, 1, 2, 3, 5])
[INFO] [1733796967.487585138] [fibonacci_action_server]: Feedback: array('i', [0, 1, 1, 2, 3, 5, 8])
[INFO] [1733796968.490035796] [fibonacci_action_server]: Feedback: array('i', [0, 1, 1, 2, 3, 5, 8, 13])
[INFO] [1733796969.491692956] [fibonacci_action_server]: Feedback: array('i', [0, 1, 1, 2, 3, 5, 8, 13, 21])
[INFO] [1733796970.493334013] [fibonacci_action_server]: Feedback: array('i', [0, 1, 1, 2, 3, 5, 8, 13, 21, 34])
[INFO] [1733796971.494042901] [fibonacci_action_server]: Feedback: array('i', [0, 1, 1, 2, 3, 5, 8, 13, 21, 34, 55])
[INFO] [1733796973.499567630] [fibonacci_action_server]: Executing goal...
[INFO] [1733796973.499976320] [fibonacci_action_server]: Feedback: array('i', [0, 1, 1])
[INFO] [1733796974.501547752] [fibonacci_action_server]: Feedback: array('i', [0, 1, 1, 2])
[INFO] [1733796975.503190696] [fibonacci_action_server]: Feedback: array('i', [0, 1, 1, 2, 3])
[INFO] [1733796976.504893885] [fibonacci_action_server]: Feedback: array('i', [0, 1, 1, 2, 3, 5])
[INFO] [1733796977.505827230] [fibonacci_action_server]: Feedback: array('i', [0, 1, 1, 2, 3, 5, 8])
[INFO] [1733796978.507768978] [fibonacci_action_server]: Feedback: array('i', [0, 1, 1, 2, 3, 5, 8, 13])
[INFO] [1733796979.509864664] [fibonacci_action_server]: Feedback: array('i', [0, 1, 1, 2, 3, 5, 8, 13, 21])
[INFO] [1733796980.511537462] [fibonacci_action_server]: Feedback: array('i', [0, 1, 1, 2, 3, 5, 8, 13, 21, 34])
[INFO] [1733796981.513429191] [fibonacci_action_server]: Feedback: array('i', [0, 1, 1, 2, 3, 5, 8, 13, 21, 34, 55])
[INFO] [1733796983.519791615] [fibonacci_action_server]: Executing goal...
[INFO] [1733796983.520175350] [fibonacci_action_server]: Feedback: array('i', [0, 1, 1])
[INFO] [1733796984.522004255] [fibonacci_action_server]: Feedback: array('i', [0, 1, 1, 2])
[INFO] [1733796985.523836073] [fibonacci_action_server]: Feedback: array('i', [0, 1, 1, 2, 3])
[INFO] [1733796986.525802233] [fibonacci_action_server]: Feedback: array('i', [0, 1, 1, 2, 3, 5])
[INFO] [1733796987.527753420] [fibonacci_action_server]: Feedback: array('i', [0, 1, 1, 2, 3, 5, 8])
[INFO] [1733796988.529621729] [fibonacci_action_server]: Feedback: array('i', [0, 1, 1, 2, 3, 5, 8, 13])
[INFO] [1733796989.531565862] [fibonacci_action_server]: Feedback: array('i', [0, 1, 1, 2, 3, 5, 8, 13, 21])
[INFO] [1733796990.533693347] [fibonacci_action_server]: Feedback: array('i', [0, 1, 1, 2, 3, 5, 8, 13, 21, 34])
[INFO] [1733796991.535491390] [fibonacci_action_server]: Feedback: array('i', [0, 1, 1, 2, 3, 5, 8, 13, 21, 34, 55])
[INFO] [1733796993.541589989] [fibonacci_action_server]: Executing goal...
[INFO] [1733796993.541975666] [fibonacci_action_server]: Feedback: array('i', [0, 1, 1])
[INFO] [1733796994.543745768] [fibonacci_action_server]: Feedback: array('i', [0, 1, 1, 2])
[INFO] [1733796995.545791148] [fibonacci_action_server]: Feedback: array('i', [0, 1, 1, 2, 3])
[INFO] [1733796996.547633611] [fibonacci_action_server]: Feedback: array('i', [0, 1, 1, 2, 3, 5])
[INFO] [1733796997.549670270] [fibonacci_action_server]: Feedback: array('i', [0, 1, 1, 2, 3, 5, 8])
[INFO] [1733796998.551443167] [fibonacci_action_server]: Feedback: array('i', [0, 1, 1, 2, 3, 5, 8, 13])
[INFO] [1733796999.553455660] [fibonacci_action_server]: Feedback: array('i', [0, 1, 1, 2, 3, 5, 8, 13, 21])
[INFO] [1733797000.555423510] [fibonacci_action_server]: Feedback: array('i', [0, 1, 1, 2, 3, 5, 8, 13, 21, 34])
[INFO] [1733797001.557544595] [fibonacci_action_server]: Feedback: array('i', [0, 1, 1, 2, 3, 5, 8, 13, 21, 34, 55])
[INFO] [1733797003.564677844] [fibonacci_action_server]: Executing goal...
[INFO] [1733797003.565092925] [fibonacci_action_server]: Feedback: array('i', [0, 1, 1])
[INFO] [1733797004.566877332] [fibonacci_action_server]: Feedback: array('i', [0, 1, 1, 2])
[INFO] [1733797005.568217584] [fibonacci_action_server]: Feedback: array('i', [0, 1, 1, 2, 3])
[INFO] [1733797006.569792320] [fibonacci_action_server]: Feedback: array('i', [0, 1, 1, 2, 3, 5])
[INFO] [1733797007.571774626] [fibonacci_action_server]: Feedback: array('i', [0, 1, 1, 2, 3, 5, 8])
[INFO] [1733797008.573774902] [fibonacci_action_server]: Feedback: array('i', [0, 1, 1, 2, 3, 5, 8, 13])
[INFO] [1733797009.575715934] [fibonacci_action_server]: Feedback: array('i', [0, 1, 1, 2, 3, 5, 8, 13, 21])
[INFO] [1733797010.577787382] [fibonacci_action_server]: Feedback: array('i', [0, 1, 1, 2, 3, 5, 8, 13, 21, 34])
[INFO] [1733797011.579751140] [fibonacci_action_server]: Feedback: array('i', [0, 1, 1, 2, 3, 5, 8, 13, 21, 34, 55])
[INFO] [1733797013.181095261] [fibonacci_action_server]: Shutting down node...
RAPL is set
