[INFO] [1733613458.658151168] [fibonacci_action_server]: Received goal request with order 10
[INFO] [1733613458.658396584] [fibonacci_action_server]: Executing goal...
[INFO] [1733613458.658418175] [fibonacci_action_server]: Received goal request with order 10
[INFO] [1733613458.658491675] [fibonacci_action_server]: Feedback: [1]
[INFO] [1733613458.658572838] [fibonacci_action_server]: Executing goal...
[INFO] [1733613458.658631319] [fibonacci_action_server]: Feedback: [1]
[INFO] [1733613458.730771571] [fibonacci_action_server]: Received goal request with order 10
[INFO] [1733613458.730984968] [fibonacci_action_server]: Executing goal...
[INFO] [1733613458.731073594] [fibonacci_action_server]: Feedback: [1]
[INFO] [1733613459.158995818] [fibonacci_action_server]: Feedback: [2]
[INFO] [1733613459.159046642] [fibonacci_action_server]: Feedback: [2]
[INFO] [1733613459.231291253] [fibonacci_action_server]: Feedback: [2]
[INFO] [1733613459.659563992] [fibonacci_action_server]: Feedback: [3]
[INFO] [1733613459.659637542] [fibonacci_action_server]: Feedback: [3]
[INFO] [1733613459.731546431] [fibonacci_action_server]: Feedback: [3]
[INFO] [1733613460.160121726] [fibonacci_action_server]: Feedback: [5]
[INFO] [1733613460.160173292] [fibonacci_action_server]: Feedback: [5]
[INFO] [1733613460.231821579] [fibonacci_action_server]: Feedback: [5]
[INFO] [1733613460.660327940] [fibonacci_action_server]: Feedback: [8]
[INFO] [1733613460.660351815] [fibonacci_action_server]: Feedback: [8]
[INFO] [1733613460.732054925] [fibonacci_action_server]: Feedback: [8]
[INFO] [1733613461.160564502] [fibonacci_action_server]: Feedback: [13]
[INFO] [1733613461.160661778] [fibonacci_action_server]: Feedback: [13]
[INFO] [1733613461.232382201] [fibonacci_action_server]: Feedback: [13]
[INFO] [1733613461.660949555] [fibonacci_action_server]: Feedback: [21]
[INFO] [1733613461.661029056] [fibonacci_action_server]: Feedback: [21]
[INFO] [1733613461.732763634] [fibonacci_action_server]: Feedback: [21]
[INFO] [1733613462.161411397] [fibonacci_action_server]: Feedback: [34]
[INFO] [1733613462.161438141] [fibonacci_action_server]: Feedback: [34]
[INFO] [1733613462.233062610] [fibonacci_action_server]: Feedback: [34]
[INFO] [1733613462.661877286] [fibonacci_action_server]: Feedback: [55]
[INFO] [1733613462.661952683] [fibonacci_action_server]: Feedback: [55]
[INFO] [1733613462.733500384] [fibonacci_action_server]: Feedback: [55]
[INFO] [1733613463.162223306] [fibonacci_action_server]: Goal succeeded
[INFO] [1733613463.162278262] [fibonacci_action_server]: Goal succeeded
[INFO] [1733613463.234185955] [fibonacci_action_server]: Goal succeeded
[INFO] [1733613463.473141150] [fibonacci_action_server]: Received goal request with order 10
[INFO] [1733613463.473329106] [fibonacci_action_server]: Executing goal...
[INFO] [1733613463.473443971] [fibonacci_action_server]: Feedback: [1]
[INFO] [1733613463.573534866] [fibonacci_action_server]: Received goal request with order 10
[INFO] [1733613463.573799401] [fibonacci_action_server]: Executing goal...
[INFO] [1733613463.573936696] [fibonacci_action_server]: Feedback: [1]
[INFO] [1733613463.973623431] [fibonacci_action_server]: Feedback: [2]
[INFO] [1733613464.074437947] [fibonacci_action_server]: Feedback: [2]
[INFO] [1733613464.351080049] [fibonacci_action_server]: Received goal request with order 10
[INFO] [1733613464.351753306] [fibonacci_action_server]: Executing goal...
[INFO] [1733613464.352261261] [fibonacci_action_server]: Feedback: [1]
[INFO] [1733613464.474261699] [fibonacci_action_server]: Feedback: [3]
[INFO] [1733613464.574951800] [fibonacci_action_server]: Feedback: [3]
[INFO] [1733613464.852588693] [fibonacci_action_server]: Feedback: [2]
[INFO] [1733613464.974878083] [fibonacci_action_server]: Feedback: [5]
[INFO] [1733613465.075230835] [fibonacci_action_server]: Feedback: [5]
[INFO] [1733613465.352842773] [fibonacci_action_server]: Feedback: [3]
[INFO] [1733613465.475434803] [fibonacci_action_server]: Feedback: [8]
[INFO] [1733613465.575489004] [fibonacci_action_server]: Feedback: [8]
[INFO] [1733613465.853078359] [fibonacci_action_server]: Feedback: [5]
[INFO] [1733613465.975890264] [fibonacci_action_server]: Feedback: [13]
[INFO] [1733613466.076119114] [fibonacci_action_server]: Feedback: [13]
[INFO] [1733613466.353385439] [fibonacci_action_server]: Feedback: [8]
[INFO] [1733613466.476184800] [fibonacci_action_server]: Feedback: [21]
[INFO] [1733613466.576577421] [fibonacci_action_server]: Feedback: [21]
[INFO] [1733613466.853624295] [fibonacci_action_server]: Feedback: [13]
[INFO] [1733613466.976593654] [fibonacci_action_server]: Feedback: [34]
[INFO] [1733613467.076943097] [fibonacci_action_server]: Feedback: [34]
[INFO] [1733613467.353847088] [fibonacci_action_server]: Feedback: [21]
[INFO] [1733613467.476972494] [fibonacci_action_server]: Feedback: [55]
[INFO] [1733613467.577409492] [fibonacci_action_server]: Feedback: [55]
[INFO] [1733613467.854057855] [fibonacci_action_server]: Feedback: [34]
[INFO] [1733613467.977461752] [fibonacci_action_server]: Goal succeeded
[INFO] [1733613468.077945681] [fibonacci_action_server]: Goal succeeded
[INFO] [1733613468.289168495] [fibonacci_action_server]: Received goal request with order 10
[INFO] [1733613468.289298888] [fibonacci_action_server]: Executing goal...
[INFO] [1733613468.289391618] [fibonacci_action_server]: Feedback: [1]
[INFO] [1733613468.354577127] [fibonacci_action_server]: Feedback: [55]
[INFO] [1733613468.389422757] [fibonacci_action_server]: Received goal request with order 10
[INFO] [1733613468.389622791] [fibonacci_action_server]: Executing goal...
[INFO] [1733613468.389687964] [fibonacci_action_server]: Feedback: [1]
[INFO] [1733613468.789842496] [fibonacci_action_server]: Feedback: [2]
[INFO] [1733613468.855220685] [fibonacci_action_server]: Goal succeeded
[INFO] [1733613468.889878722] [fibonacci_action_server]: Feedback: [2]
[INFO] [1733613469.290033732] [fibonacci_action_server]: Feedback: [3]
[INFO] [1733613469.390339917] [fibonacci_action_server]: Feedback: [3]
[INFO] [1733613469.669099385] [fibonacci_action_server]: Received goal request with order 10
[INFO] [1733613469.669274040] [fibonacci_action_server]: Executing goal...
[INFO] [1733613469.669348085] [fibonacci_action_server]: Feedback: [1]
[INFO] [1733613469.790486541] [fibonacci_action_server]: Feedback: [5]
[INFO] [1733613469.890540842] [fibonacci_action_server]: Feedback: [5]
[INFO] [1733613470.169668590] [fibonacci_action_server]: Feedback: [2]
[INFO] [1733613470.290947664] [fibonacci_action_server]: Feedback: [8]
[INFO] [1733613470.391074771] [fibonacci_action_server]: Feedback: [8]
[INFO] [1733613470.669948247] [fibonacci_action_server]: Feedback: [3]
[INFO] [1733613470.791207968] [fibonacci_action_server]: Feedback: [13]
[INFO] [1733613470.891441449] [fibonacci_action_server]: Feedback: [13]
[INFO] [1733613471.170290857] [fibonacci_action_server]: Feedback: [5]
[INFO] [1733613471.291437041] [fibonacci_action_server]: Feedback: [21]
[INFO] [1733613471.391676209] [fibonacci_action_server]: Feedback: [21]
[INFO] [1733613471.670563583] [fibonacci_action_server]: Feedback: [8]
[INFO] [1733613471.791865127] [fibonacci_action_server]: Feedback: [34]
[INFO] [1733613471.891914928] [fibonacci_action_server]: Feedback: [34]
[INFO] [1733613472.170945465] [fibonacci_action_server]: Feedback: [13]
[INFO] [1733613472.292128014] [fibonacci_action_server]: Feedback: [55]
[INFO] [1733613472.392530098] [fibonacci_action_server]: Feedback: [55]
[INFO] [1733613472.671336633] [fibonacci_action_server]: Feedback: [21]
[INFO] [1733613472.792415246] [fibonacci_action_server]: Goal succeeded
[INFO] [1733613472.893095928] [fibonacci_action_server]: Goal succeeded
[INFO] [1733613473.104378411] [fibonacci_action_server]: Received goal request with order 10
[INFO] [1733613473.104598727] [fibonacci_action_server]: Executing goal...
[INFO] [1733613473.104660062] [fibonacci_action_server]: Feedback: [1]
[INFO] [1733613473.171610231] [fibonacci_action_server]: Feedback: [34]
[INFO] [1733613473.204587231] [fibonacci_action_server]: Received goal request with order 10
[INFO] [1733613473.204767793] [fibonacci_action_server]: Executing goal...
[INFO] [1733613473.204842322] [fibonacci_action_server]: Feedback: [1]
[INFO] [1733613473.605196132] [fibonacci_action_server]: Feedback: [2]
[INFO] [1733613473.671960868] [fibonacci_action_server]: Feedback: [55]
[INFO] [1733613473.705016461] [fibonacci_action_server]: Feedback: [2]
[INFO] [1733613474.105783209] [fibonacci_action_server]: Feedback: [3]
[INFO] [1733613474.172209755] [fibonacci_action_server]: Goal succeeded
[INFO] [1733613474.205236951] [fibonacci_action_server]: Feedback: [3]
[INFO] [1733613474.585553154] [fibonacci_action_server]: Received goal request with order 10
[INFO] [1733613474.585762693] [fibonacci_action_server]: Executing goal...
[INFO] [1733613474.585859954] [fibonacci_action_server]: Feedback: [1]
[INFO] [1733613474.606297986] [fibonacci_action_server]: Feedback: [5]
[INFO] [1733613474.705550117] [fibonacci_action_server]: Feedback: [5]
[INFO] [1733613475.086215018] [fibonacci_action_server]: Feedback: [2]
[INFO] [1733613475.106856092] [fibonacci_action_server]: Feedback: [8]
[INFO] [1733613475.205849094] [fibonacci_action_server]: Feedback: [8]
[INFO] [1733613475.586593700] [fibonacci_action_server]: Feedback: [3]
[INFO] [1733613475.607409986] [fibonacci_action_server]: Feedback: [13]
[INFO] [1733613475.706321054] [fibonacci_action_server]: Feedback: [13]
[INFO] [1733613476.086950238] [fibonacci_action_server]: Feedback: [5]
[INFO] [1733613476.107621211] [fibonacci_action_server]: Feedback: [21]
[INFO] [1733613476.206617616] [fibonacci_action_server]: Feedback: [21]
[INFO] [1733613476.587508966] [fibonacci_action_server]: Feedback: [8]
[INFO] [1733613476.608233475] [fibonacci_action_server]: Feedback: [34]
[INFO] [1733613476.706840800] [fibonacci_action_server]: Feedback: [34]
[INFO] [1733613477.087938200] [fibonacci_action_server]: Feedback: [13]
[INFO] [1733613477.108872042] [fibonacci_action_server]: Feedback: [55]
[INFO] [1733613477.207076321] [fibonacci_action_server]: Feedback: [55]
[INFO] [1733613477.588161008] [fibonacci_action_server]: Feedback: [21]
[INFO] [1733613477.609551603] [fibonacci_action_server]: Goal succeeded
[INFO] [1733613477.707386952] [fibonacci_action_server]: Goal succeeded
[INFO] [1733613477.920831105] [fibonacci_action_server]: Received goal request with order 10
[INFO] [1733613477.920975843] [fibonacci_action_server]: Executing goal...
[INFO] [1733613477.921066610] [fibonacci_action_server]: Feedback: [1]
[INFO] [1733613478.021161348] [fibonacci_action_server]: Received goal request with order 10
[INFO] [1733613478.021331586] [fibonacci_action_server]: Executing goal...
[INFO] [1733613478.021425336] [fibonacci_action_server]: Feedback: [1]
[INFO] [1733613478.088386297] [fibonacci_action_server]: Feedback: [34]
[INFO] [1733613478.421262109] [fibonacci_action_server]: Feedback: [2]
[INFO] [1733613478.521883257] [fibonacci_action_server]: Feedback: [2]
[INFO] [1733613478.588748270] [fibonacci_action_server]: Feedback: [55]
[INFO] [1733613478.921484998] [fibonacci_action_server]: Feedback: [3]
[INFO] [1733613479.022388767] [fibonacci_action_server]: Feedback: [3]
[INFO] [1733613479.089130047] [fibonacci_action_server]: Goal succeeded
[INFO] [1733613479.403313467] [fibonacci_action_server]: Received goal request with order 10
[INFO] [1733613479.403539097] [fibonacci_action_server]: Executing goal...
[INFO] [1733613479.403600543] [fibonacci_action_server]: Feedback: [1]
[INFO] [1733613479.421712964] [fibonacci_action_server]: Feedback: [5]
[INFO] [1733613479.522910553] [fibonacci_action_server]: Feedback: [5]
[INFO] [1733613479.903937727] [fibonacci_action_server]: Feedback: [2]
[INFO] [1733613479.922317225] [fibonacci_action_server]: Feedback: [8]
[INFO] [1733613480.023359511] [fibonacci_action_server]: Feedback: [8]
[INFO] [1733613480.404227635] [fibonacci_action_server]: Feedback: [3]
[INFO] [1733613480.422882062] [fibonacci_action_server]: Feedback: [13]
[INFO] [1733613480.523617115] [fibonacci_action_server]: Feedback: [13]
[INFO] [1733613480.904611460] [fibonacci_action_server]: Feedback: [5]
[INFO] [1733613480.923320332] [fibonacci_action_server]: Feedback: [21]
[INFO] [1733613481.023900064] [fibonacci_action_server]: Feedback: [21]
[INFO] [1733613481.404971708] [fibonacci_action_server]: Feedback: [8]
[INFO] [1733613481.423911486] [fibonacci_action_server]: Feedback: [34]
[INFO] [1733613481.524132020] [fibonacci_action_server]: Feedback: [34]
[INFO] [1733613481.905383782] [fibonacci_action_server]: Feedback: [13]
[INFO] [1733613481.924267305] [fibonacci_action_server]: Feedback: [55]
[INFO] [1733613482.024359859] [fibonacci_action_server]: Feedback: [55]
[INFO] [1733613482.405751316] [fibonacci_action_server]: Feedback: [21]
[INFO] [1733613482.424683653] [fibonacci_action_server]: Goal succeeded
[INFO] [1733613482.524681365] [fibonacci_action_server]: Goal succeeded
[INFO] [1733613482.738225422] [fibonacci_action_server]: Received goal request with order 10
[INFO] [1733613482.738500330] [fibonacci_action_server]: Executing goal...
[INFO] [1733613482.738571539] [fibonacci_action_server]: Feedback: [1]
[INFO] [1733613482.838531721] [fibonacci_action_server]: Received goal request with order 10
[INFO] [1733613482.838672434] [fibonacci_action_server]: Executing goal...
[INFO] [1733613482.838741360] [fibonacci_action_server]: Feedback: [1]
[INFO] [1733613482.906034915] [fibonacci_action_server]: Feedback: [34]
[INFO] [1733613483.238765360] [fibonacci_action_server]: Feedback: [2]
[INFO] [1733613483.338934483] [fibonacci_action_server]: Feedback: [2]
[INFO] [1733613483.406747879] [fibonacci_action_server]: Feedback: [55]
[INFO] [1733613483.739073492] [fibonacci_action_server]: Feedback: [3]
[INFO] [1733613483.839125421] [fibonacci_action_server]: Feedback: [3]
[INFO] [1733613483.907124783] [fibonacci_action_server]: Goal succeeded
[INFO] [1733613484.219009499] [fibonacci_action_server]: Received goal request with order 10
[INFO] [1733613484.219188761] [fibonacci_action_server]: Executing goal...
[INFO] [1733613484.219263783] [fibonacci_action_server]: Feedback: [1]
[INFO] [1733613484.239384189] [fibonacci_action_server]: Feedback: [5]
[INFO] [1733613484.339540054] [fibonacci_action_server]: Feedback: [5]
[INFO] [1733613484.719723078] [fibonacci_action_server]: Feedback: [2]
[INFO] [1733613484.739607593] [fibonacci_action_server]: Feedback: [8]
[INFO] [1733613484.840062752] [fibonacci_action_server]: Feedback: [8]
[INFO] [1733613485.220026382] [fibonacci_action_server]: Feedback: [3]
[INFO] [1733613485.240138987] [fibonacci_action_server]: Feedback: [13]
[INFO] [1733613485.340293789] [fibonacci_action_server]: Feedback: [13]
[INFO] [1733613485.720219340] [fibonacci_action_server]: Feedback: [5]
[INFO] [1733613485.740321492] [fibonacci_action_server]: Feedback: [21]
[INFO] [1733613485.840514554] [fibonacci_action_server]: Feedback: [21]
[INFO] [1733613486.220533171] [fibonacci_action_server]: Feedback: [8]
[INFO] [1733613486.240626429] [fibonacci_action_server]: Feedback: [34]
[INFO] [1733613486.340741935] [fibonacci_action_server]: Feedback: [34]
[INFO] [1733613486.720970145] [fibonacci_action_server]: Feedback: [13]
[INFO] [1733613486.740828291] [fibonacci_action_server]: Feedback: [55]
[INFO] [1733613486.841100596] [fibonacci_action_server]: Feedback: [55]
[INFO] [1733613487.221295424] [fibonacci_action_server]: Feedback: [21]
[INFO] [1733613487.241252490] [fibonacci_action_server]: Goal succeeded
[INFO] [1733613487.341528454] [fibonacci_action_server]: Goal succeeded
[INFO] [1733613487.552701299] [fibonacci_action_server]: Received goal request with order 10
[INFO] [1733613487.552896536] [fibonacci_action_server]: Executing goal...
[INFO] [1733613487.552996578] [fibonacci_action_server]: Feedback: [1]
[INFO] [1733613487.652852475] [fibonacci_action_server]: Received goal request with order 10
[INFO] [1733613487.653067571] [fibonacci_action_server]: Executing goal...
[INFO] [1733613487.653170993] [fibonacci_action_server]: Feedback: [1]
[INFO] [1733613487.721698352] [fibonacci_action_server]: Feedback: [34]
[INFO] [1733613488.053441197] [fibonacci_action_server]: Feedback: [2]
[INFO] [1733613488.153491161] [fibonacci_action_server]: Feedback: [2]
[INFO] [1733613488.221937511] [fibonacci_action_server]: Feedback: [55]
[INFO] [1733613488.553994546] [fibonacci_action_server]: Feedback: [3]
[INFO] [1733613488.653723219] [fibonacci_action_server]: Feedback: [3]
[INFO] [1733613488.722353806] [fibonacci_action_server]: Goal succeeded
[INFO] [1733613489.034303679] [fibonacci_action_server]: Received goal request with order 10
[INFO] [1733613489.034480318] [fibonacci_action_server]: Executing goal...
[INFO] [1733613489.034550781] [fibonacci_action_server]: Feedback: [1]
[INFO] [1733613489.054251787] [fibonacci_action_server]: Feedback: [5]
[INFO] [1733613489.154061624] [fibonacci_action_server]: Feedback: [5]
[INFO] [1733613489.534787578] [fibonacci_action_server]: Feedback: [2]
[INFO] [1733613489.554476623] [fibonacci_action_server]: Feedback: [8]
[INFO] [1733613489.654327673] [fibonacci_action_server]: Feedback: [8]
[INFO] [1733613490.035108736] [fibonacci_action_server]: Feedback: [3]
[INFO] [1733613490.054689174] [fibonacci_action_server]: Feedback: [13]
[INFO] [1733613490.154855901] [fibonacci_action_server]: Feedback: [13]
[INFO] [1733613490.535346990] [fibonacci_action_server]: Feedback: [5]
[INFO] [1733613490.555080267] [fibonacci_action_server]: Feedback: [21]
[INFO] [1733613490.655186920] [fibonacci_action_server]: Feedback: [21]
[INFO] [1733613491.035695411] [fibonacci_action_server]: Feedback: [8]
[INFO] [1733613491.055631615] [fibonacci_action_server]: Feedback: [34]
[INFO] [1733613491.155431094] [fibonacci_action_server]: Feedback: [34]
[INFO] [1733613491.536026600] [fibonacci_action_server]: Feedback: [13]
[INFO] [1733613491.556229703] [fibonacci_action_server]: Feedback: [55]
[INFO] [1733613491.655660311] [fibonacci_action_server]: Feedback: [55]
[INFO] [1733613492.036253289] [fibonacci_action_server]: Feedback: [21]
[INFO] [1733613492.056634543] [fibonacci_action_server]: Goal succeeded
[INFO] [1733613492.155959317] [fibonacci_action_server]: Goal succeeded
[INFO] [1733613492.368772350] [fibonacci_action_server]: Received goal request with order 10
[INFO] [1733613492.369014400] [fibonacci_action_server]: Executing goal...
[INFO] [1733613492.369127440] [fibonacci_action_server]: Feedback: [1]
[INFO] [1733613492.468973963] [fibonacci_action_server]: Received goal request with order 10
[INFO] [1733613492.469244759] [fibonacci_action_server]: Executing goal...
[INFO] [1733613492.469363672] [fibonacci_action_server]: Feedback: [1]
[INFO] [1733613492.536703864] [fibonacci_action_server]: Feedback: [34]
[INFO] [1733613492.869408599] [fibonacci_action_server]: Feedback: [2]
[INFO] [1733613492.969982568] [fibonacci_action_server]: Feedback: [2]
[INFO] [1733613493.036884863] [fibonacci_action_server]: Feedback: [55]
[INFO] [1733613493.369933174] [fibonacci_action_server]: Feedback: [3]
[INFO] [1733613493.470172783] [fibonacci_action_server]: Feedback: [3]
[INFO] [1733613493.537326648] [fibonacci_action_server]: Goal succeeded
[INFO] [1733613493.849135588] [fibonacci_action_server]: Received goal request with order 10
[INFO] [1733613493.849345462] [fibonacci_action_server]: Executing goal...
[INFO] [1733613493.849400279] [fibonacci_action_server]: Feedback: [1]
[INFO] [1733613493.870401875] [fibonacci_action_server]: Feedback: [5]
[INFO] [1733613493.970464333] [fibonacci_action_server]: Feedback: [5]
[INFO] [1733613494.349847503] [fibonacci_action_server]: Feedback: [2]
[INFO] [1733613494.370919995] [fibonacci_action_server]: Feedback: [8]
[INFO] [1733613494.470953473] [fibonacci_action_server]: Feedback: [8]
[INFO] [1733613494.850132096] [fibonacci_action_server]: Feedback: [3]
[INFO] [1733613494.871468647] [fibonacci_action_server]: Feedback: [13]
[INFO] [1733613494.971471691] [fibonacci_action_server]: Feedback: [13]
[INFO] [1733613495.350357488] [fibonacci_action_server]: Feedback: [5]
[INFO] [1733613495.371785556] [fibonacci_action_server]: Feedback: [21]
[INFO] [1733613495.471696850] [fibonacci_action_server]: Feedback: [21]
[INFO] [1733613495.850589998] [fibonacci_action_server]: Feedback: [8]
[INFO] [1733613495.872024572] [fibonacci_action_server]: Feedback: [34]
[INFO] [1733613495.972217038] [fibonacci_action_server]: Feedback: [34]
[INFO] [1733613496.350774967] [fibonacci_action_server]: Feedback: [13]
[INFO] [1733613496.372278937] [fibonacci_action_server]: Feedback: [55]
[INFO] [1733613496.472660095] [fibonacci_action_server]: Feedback: [55]
[INFO] [1733613496.851001781] [fibonacci_action_server]: Feedback: [21]
[INFO] [1733613496.872519768] [fibonacci_action_server]: Goal succeeded
[INFO] [1733613496.973057590] [fibonacci_action_server]: Goal succeeded
[INFO] [1733613497.183579971] [fibonacci_action_server]: Received goal request with order 10
[INFO] [1733613497.183822909] [fibonacci_action_server]: Executing goal...
[INFO] [1733613497.183924765] [fibonacci_action_server]: Feedback: [1]
[INFO] [1733613497.284144553] [fibonacci_action_server]: Received goal request with order 10
[INFO] [1733613497.284338926] [fibonacci_action_server]: Executing goal...
[INFO] [1733613497.284398866] [fibonacci_action_server]: Feedback: [1]
[INFO] [1733613497.351414682] [fibonacci_action_server]: Feedback: [34]
[INFO] [1733613497.684503380] [fibonacci_action_server]: Feedback: [2]
[INFO] [1733613497.784719582] [fibonacci_action_server]: Feedback: [2]
[INFO] [1733613497.851962998] [fibonacci_action_server]: Feedback: [55]
[INFO] [1733613498.184792539] [fibonacci_action_server]: Feedback: [3]
[INFO] [1733613498.284929182] [fibonacci_action_server]: Feedback: [3]
[INFO] [1733613498.352458745] [fibonacci_action_server]: Goal succeeded
[INFO] [1733613498.664647751] [fibonacci_action_server]: Received goal request with order 10
[INFO] [1733613498.664767867] [fibonacci_action_server]: Executing goal...
[INFO] [1733613498.664823105] [fibonacci_action_server]: Feedback: [1]
[INFO] [1733613498.685146905] [fibonacci_action_server]: Feedback: [5]
[INFO] [1733613498.785544662] [fibonacci_action_server]: Feedback: [5]
[INFO] [1733613499.165007478] [fibonacci_action_server]: Feedback: [2]
[INFO] [1733613499.185382888] [fibonacci_action_server]: Feedback: [8]
[INFO] [1733613499.285944675] [fibonacci_action_server]: Feedback: [8]
[INFO] [1733613499.665348888] [fibonacci_action_server]: Feedback: [3]
[INFO] [1733613499.685607807] [fibonacci_action_server]: Feedback: [13]
[INFO] [1733613499.786142994] [fibonacci_action_server]: Feedback: [13]
[INFO] [1733613500.165737321] [fibonacci_action_server]: Feedback: [5]
[INFO] [1733613500.185837321] [fibonacci_action_server]: Feedback: [21]
[INFO] [1733613500.286372434] [fibonacci_action_server]: Feedback: [21]
[INFO] [1733613500.666073221] [fibonacci_action_server]: Feedback: [8]
[INFO] [1733613500.686062044] [fibonacci_action_server]: Feedback: [34]
[INFO] [1733613500.786577095] [fibonacci_action_server]: Feedback: [34]
[INFO] [1733613501.166377001] [fibonacci_action_server]: Feedback: [13]
[INFO] [1733613501.186568077] [fibonacci_action_server]: Feedback: [55]
[INFO] [1733613501.286785944] [fibonacci_action_server]: Feedback: [55]
[INFO] [1733613501.666610777] [fibonacci_action_server]: Feedback: [21]
[INFO] [1733613501.686848740] [fibonacci_action_server]: Goal succeeded
[INFO] [1733613501.787456581] [fibonacci_action_server]: Goal succeeded
[INFO] [1733613501.998682316] [fibonacci_action_server]: Received goal request with order 10
[INFO] [1733613501.998922479] [fibonacci_action_server]: Executing goal...
[INFO] [1733613501.999060319] [fibonacci_action_server]: Feedback: [1]
[INFO] [1733613502.099414831] [fibonacci_action_server]: Received goal request with order 10
[INFO] [1733613502.099628521] [fibonacci_action_server]: Executing goal...
[INFO] [1733613502.099743477] [fibonacci_action_server]: Feedback: [1]
[INFO] [1733613502.166879732] [fibonacci_action_server]: Feedback: [34]
[INFO] [1733613502.499239062] [fibonacci_action_server]: Feedback: [2]
[INFO] [1733613502.600014789] [fibonacci_action_server]: Feedback: [2]
[INFO] [1733613502.667060613] [fibonacci_action_server]: Feedback: [55]
[INFO] [1733613502.999461332] [fibonacci_action_server]: Feedback: [3]
[INFO] [1733613503.100357801] [fibonacci_action_server]: Feedback: [3]
[INFO] [1733613503.167604725] [fibonacci_action_server]: Goal succeeded
[INFO] [1733613503.481027427] [fibonacci_action_server]: Received goal request with order 10
[INFO] [1733613503.481183407] [fibonacci_action_server]: Executing goal...
[INFO] [1733613503.481251658] [fibonacci_action_server]: Feedback: [1]
[INFO] [1733613503.499782091] [fibonacci_action_server]: Feedback: [5]
[INFO] [1733613503.600737165] [fibonacci_action_server]: Feedback: [5]
[INFO] [1733613503.656607641] [fibonacci_action_server]: Timeout reached, shutting down node...
RAPL is set
