[INFO] [1733715018.836663380] [fibonacci_action_server]: Received goal request with order 10
[INFO] [1733715018.836915331] [fibonacci_action_server]: Executing goal...
[INFO] [1733715018.836994296] [fibonacci_action_server]: Feedback: [1]
[INFO] [1733715019.337502848] [fibonacci_action_server]: Feedback: [2]
[INFO] [1733715019.838019801] [fibonacci_action_server]: Feedback: [3]
[INFO] [1733715020.338380769] [fibonacci_action_server]: Feedback: [5]
[INFO] [1733715020.838648723] [fibonacci_action_server]: Feedback: [8]
[INFO] [1733715021.339127862] [fibonacci_action_server]: Feedback: [13]
[INFO] [1733715021.839341184] [fibonacci_action_server]: Feedback: [21]
[INFO] [1733715022.339631636] [fibonacci_action_server]: Feedback: [34]
[INFO] [1733715022.839897194] [fibonacci_action_server]: Feedback: [55]
[INFO] [1733715023.340203817] [fibonacci_action_server]: Goal succeeded
[INFO] [1733715023.554373909] [fibonacci_action_server]: Received goal request with order 10
[INFO] [1733715023.554584545] [fibonacci_action_server]: Executing goal...
[INFO] [1733715023.554683958] [fibonacci_action_server]: Feedback: [1]
[INFO] [1733715024.055261924] [fibonacci_action_server]: Feedback: [2]
[INFO] [1733715024.555822282] [fibonacci_action_server]: Feedback: [3]
[INFO] [1733715025.056380394] [fibonacci_action_server]: Feedback: [5]
[INFO] [1733715025.556653068] [fibonacci_action_server]: Feedback: [8]
[INFO] [1733715026.056898556] [fibonacci_action_server]: Feedback: [13]
[INFO] [1733715026.557121618] [fibonacci_action_server]: Feedback: [21]
[INFO] [1733715027.057729846] [fibonacci_action_server]: Feedback: [34]
[INFO] [1733715027.558249809] [fibonacci_action_server]: Feedback: [55]
[INFO] [1733715028.058684693] [fibonacci_action_server]: Goal succeeded
[INFO] [1733715028.275841415] [fibonacci_action_server]: Received goal request with order 10
[INFO] [1733715028.276072086] [fibonacci_action_server]: Executing goal...
[INFO] [1733715028.276174252] [fibonacci_action_server]: Feedback: [1]
[INFO] [1733715028.776605099] [fibonacci_action_server]: Feedback: [2]
[INFO] [1733715029.277207601] [fibonacci_action_server]: Feedback: [3]
[INFO] [1733715029.777454811] [fibonacci_action_server]: Feedback: [5]
[INFO] [1733715030.277700408] [fibonacci_action_server]: Feedback: [8]
[INFO] [1733715030.777913209] [fibonacci_action_server]: Feedback: [13]
[INFO] [1733715031.278587186] [fibonacci_action_server]: Feedback: [21]
[INFO] [1733715031.778882314] [fibonacci_action_server]: Feedback: [34]
[INFO] [1733715032.279393252] [fibonacci_action_server]: Feedback: [55]
[INFO] [1733715032.779992449] [fibonacci_action_server]: Goal succeeded
[INFO] [1733715032.994699337] [fibonacci_action_server]: Received goal request with order 10
[INFO] [1733715032.994894377] [fibonacci_action_server]: Executing goal...
[INFO] [1733715032.995009762] [fibonacci_action_server]: Feedback: [1]
[INFO] [1733715033.495204804] [fibonacci_action_server]: Feedback: [2]
[INFO] [1733715033.995495592] [fibonacci_action_server]: Feedback: [3]
[INFO] [1733715034.495789852] [fibonacci_action_server]: Feedback: [5]
[INFO] [1733715034.996056701] [fibonacci_action_server]: Feedback: [8]
[INFO] [1733715035.496556859] [fibonacci_action_server]: Feedback: [13]
[INFO] [1733715035.997057459] [fibonacci_action_server]: Feedback: [21]
[INFO] [1733715036.497696356] [fibonacci_action_server]: Feedback: [34]
[INFO] [1733715036.998079374] [fibonacci_action_server]: Feedback: [55]
[INFO] [1733715037.498520153] [fibonacci_action_server]: Goal succeeded
[INFO] [1733715037.714742668] [fibonacci_action_server]: Received goal request with order 10
[INFO] [1733715037.714967092] [fibonacci_action_server]: Executing goal...
[INFO] [1733715037.715086176] [fibonacci_action_server]: Feedback: [1]
[INFO] [1733715038.215306343] [fibonacci_action_server]: Feedback: [2]
[INFO] [1733715038.715536596] [fibonacci_action_server]: Feedback: [3]
[INFO] [1733715039.215781024] [fibonacci_action_server]: Feedback: [5]
[INFO] [1733715039.716345152] [fibonacci_action_server]: Feedback: [8]
[INFO] [1733715040.216903768] [fibonacci_action_server]: Feedback: [13]
[INFO] [1733715040.717372947] [fibonacci_action_server]: Feedback: [21]
[INFO] [1733715041.217776181] [fibonacci_action_server]: Feedback: [34]
[INFO] [1733715041.718115684] [fibonacci_action_server]: Feedback: [55]
[INFO] [1733715042.218421074] [fibonacci_action_server]: Goal succeeded
[INFO] [1733715042.434822378] [fibonacci_action_server]: Received goal request with order 10
[INFO] [1733715042.434958016] [fibonacci_action_server]: Executing goal...
[INFO] [1733715042.435014288] [fibonacci_action_server]: Feedback: [1]
[INFO] [1733715042.935229047] [fibonacci_action_server]: Feedback: [2]
[INFO] [1733715043.435719663] [fibonacci_action_server]: Feedback: [3]
[INFO] [1733715043.936246738] [fibonacci_action_server]: Feedback: [5]
[INFO] [1733715044.436818666] [fibonacci_action_server]: Feedback: [8]
[INFO] [1733715044.937509867] [fibonacci_action_server]: Feedback: [13]
[INFO] [1733715045.437706941] [fibonacci_action_server]: Feedback: [21]
[INFO] [1733715045.937955495] [fibonacci_action_server]: Feedback: [34]
[INFO] [1733715046.438288839] [fibonacci_action_server]: Feedback: [55]
[INFO] [1733715046.938687067] [fibonacci_action_server]: Goal succeeded
[INFO] [1733715047.154248992] [fibonacci_action_server]: Received goal request with order 10
[INFO] [1733715047.154369806] [fibonacci_action_server]: Executing goal...
[INFO] [1733715047.154416789] [fibonacci_action_server]: Feedback: [1]
[INFO] [1733715047.654730214] [fibonacci_action_server]: Feedback: [2]
[INFO] [1733715048.155340887] [fibonacci_action_server]: Feedback: [3]
[INFO] [1733715048.655887930] [fibonacci_action_server]: Feedback: [5]
[INFO] [1733715049.156441781] [fibonacci_action_server]: Feedback: [8]
[INFO] [1733715049.656960732] [fibonacci_action_server]: Feedback: [13]
[INFO] [1733715050.157603923] [fibonacci_action_server]: Feedback: [21]
[INFO] [1733715050.657873910] [fibonacci_action_server]: Feedback: [34]
[INFO] [1733715051.158214558] [fibonacci_action_server]: Feedback: [55]
[INFO] [1733715051.658635565] [fibonacci_action_server]: Goal succeeded
[INFO] [1733715051.875863924] [fibonacci_action_server]: Received goal request with order 10
[INFO] [1733715051.876104303] [fibonacci_action_server]: Executing goal...
[INFO] [1733715051.876333129] [fibonacci_action_server]: Feedback: [1]
[INFO] [1733715052.376857241] [fibonacci_action_server]: Feedback: [2]
[INFO] [1733715052.877459517] [fibonacci_action_server]: Feedback: [3]
[INFO] [1733715053.377679205] [fibonacci_action_server]: Feedback: [5]
[INFO] [1733715053.878147127] [fibonacci_action_server]: Feedback: [8]
[INFO] [1733715054.378435907] [fibonacci_action_server]: Feedback: [13]
[INFO] [1733715054.878662153] [fibonacci_action_server]: Feedback: [21]
[INFO] [1733715055.379170990] [fibonacci_action_server]: Feedback: [34]
[INFO] [1733715055.879755293] [fibonacci_action_server]: Feedback: [55]
[INFO] [1733715056.380355908] [fibonacci_action_server]: Goal succeeded
[INFO] [1733715056.596443275] [fibonacci_action_server]: Received goal request with order 10
[INFO] [1733715056.596678631] [fibonacci_action_server]: Executing goal...
[INFO] [1733715056.596830347] [fibonacci_action_server]: Feedback: [1]
[INFO] [1733715057.097384749] [fibonacci_action_server]: Feedback: [2]
[INFO] [1733715057.597751225] [fibonacci_action_server]: Feedback: [3]
[INFO] [1733715058.098100137] [fibonacci_action_server]: Feedback: [5]
[INFO] [1733715058.598498996] [fibonacci_action_server]: Feedback: [8]
[INFO] [1733715059.098780259] [fibonacci_action_server]: Feedback: [13]
[INFO] [1733715059.599294419] [fibonacci_action_server]: Feedback: [21]
[INFO] [1733715060.099949182] [fibonacci_action_server]: Feedback: [34]
[INFO] [1733715060.600552566] [fibonacci_action_server]: Feedback: [55]
[INFO] [1733715061.101196259] [fibonacci_action_server]: Goal succeeded
[INFO] [1733715061.316646848] [fibonacci_action_server]: Received goal request with order 10
[INFO] [1733715061.316890061] [fibonacci_action_server]: Executing goal...
[INFO] [1733715061.316981873] [fibonacci_action_server]: Feedback: [1]
[INFO] [1733715061.817277700] [fibonacci_action_server]: Feedback: [2]
[INFO] [1733715062.317627311] [fibonacci_action_server]: Feedback: [3]
[INFO] [1733715062.818025361] [fibonacci_action_server]: Feedback: [5]
[INFO] [1733715063.318437736] [fibonacci_action_server]: Feedback: [8]
[INFO] [1733715063.818941303] [fibonacci_action_server]: Feedback: [13]
[INFO] [1733715064.319364748] [fibonacci_action_server]: Feedback: [21]
[INFO] [1733715064.819914547] [fibonacci_action_server]: Feedback: [34]
[INFO] [1733715065.320310799] [fibonacci_action_server]: Feedback: [55]
[INFO] [1733715065.820875987] [fibonacci_action_server]: Goal succeeded
[INFO] [1733715066.037122140] [fibonacci_action_server]: Received goal request with order 10
[INFO] [1733715066.037276821] [fibonacci_action_server]: Executing goal...
[INFO] [1733715066.037405383] [fibonacci_action_server]: Feedback: [1]
[INFO] [1733715066.537786438] [fibonacci_action_server]: Feedback: [2]
[INFO] [1733715067.038042469] [fibonacci_action_server]: Feedback: [3]
[INFO] [1733715067.538331722] [fibonacci_action_server]: Feedback: [5]
[INFO] [1733715068.038779528] [fibonacci_action_server]: Feedback: [8]
[INFO] [1733715068.539284518] [fibonacci_action_server]: Feedback: [13]
[INFO] [1733715069.039855937] [fibonacci_action_server]: Feedback: [21]
[INFO] [1733715069.540131407] [fibonacci_action_server]: Feedback: [34]
[INFO] [1733715070.040411823] [fibonacci_action_server]: Feedback: [55]
[INFO] [1733715070.540983866] [fibonacci_action_server]: Goal succeeded
[INFO] [1733715070.758072757] [fibonacci_action_server]: Received goal request with order 10
[INFO] [1733715070.758277802] [fibonacci_action_server]: Executing goal...
[INFO] [1733715070.758385160] [fibonacci_action_server]: Feedback: [1]
[INFO] [1733715071.258597425] [fibonacci_action_server]: Feedback: [2]
[INFO] [1733715071.759060542] [fibonacci_action_server]: Feedback: [3]
[INFO] [1733715072.259601608] [fibonacci_action_server]: Feedback: [5]
[INFO] [1733715072.759834326] [fibonacci_action_server]: Feedback: [8]
[INFO] [1733715073.260427753] [fibonacci_action_server]: Feedback: [13]
[INFO] [1733715073.761000942] [fibonacci_action_server]: Feedback: [21]
[INFO] [1733715074.261631572] [fibonacci_action_server]: Feedback: [34]
[INFO] [1733715074.762388165] [fibonacci_action_server]: Feedback: [55]
[INFO] [1733715075.262989410] [fibonacci_action_server]: Goal succeeded
[INFO] [1733715075.478400678] [fibonacci_action_server]: Received goal request with order 10
[INFO] [1733715075.478564090] [fibonacci_action_server]: Executing goal...
[INFO] [1733715075.478616904] [fibonacci_action_server]: Feedback: [1]
[INFO] [1733715075.979049125] [fibonacci_action_server]: Feedback: [2]
[INFO] [1733715076.479754014] [fibonacci_action_server]: Feedback: [3]
[INFO] [1733715076.980305461] [fibonacci_action_server]: Feedback: [5]
[INFO] [1733715077.480884395] [fibonacci_action_server]: Feedback: [8]
[INFO] [1733715077.981532707] [fibonacci_action_server]: Feedback: [13]
[INFO] [1733715078.481775086] [fibonacci_action_server]: Feedback: [21]
[INFO] [1733715078.982307966] [fibonacci_action_server]: Feedback: [34]
[INFO] [1733715079.482992545] [fibonacci_action_server]: Feedback: [55]
[INFO] [1733715079.983240663] [fibonacci_action_server]: Goal succeeded
[INFO] [1733715080.198338401] [fibonacci_action_server]: Received goal request with order 10
[INFO] [1733715080.198631080] [fibonacci_action_server]: Executing goal...
[INFO] [1733715080.198816600] [fibonacci_action_server]: Feedback: [1]
[INFO] [1733715080.699269541] [fibonacci_action_server]: Feedback: [2]
[INFO] [1733715081.199811315] [fibonacci_action_server]: Feedback: [3]
[INFO] [1733715081.700330933] [fibonacci_action_server]: Feedback: [5]
[INFO] [1733715082.200649288] [fibonacci_action_server]: Feedback: [8]
[INFO] [1733715082.700923003] [fibonacci_action_server]: Feedback: [13]
[INFO] [1733715083.201514726] [fibonacci_action_server]: Feedback: [21]
[INFO] [1733715083.701799451] [fibonacci_action_server]: Feedback: [34]
[INFO] [1733715084.202210249] [fibonacci_action_server]: Feedback: [55]
[INFO] [1733715084.702751062] [fibonacci_action_server]: Goal succeeded
[INFO] [1733715084.919652988] [fibonacci_action_server]: Received goal request with order 10
[INFO] [1733715084.919924204] [fibonacci_action_server]: Executing goal...
[INFO] [1733715084.920042249] [fibonacci_action_server]: Feedback: [1]
[INFO] [1733715085.420517400] [fibonacci_action_server]: Feedback: [2]
[INFO] [1733715085.921062181] [fibonacci_action_server]: Feedback: [3]
[INFO] [1733715086.421651587] [fibonacci_action_server]: Feedback: [5]
[INFO] [1733715086.921940447] [fibonacci_action_server]: Feedback: [8]
[INFO] [1733715087.422599418] [fibonacci_action_server]: Feedback: [13]
[INFO] [1733715087.923336290] [fibonacci_action_server]: Feedback: [21]
[INFO] [1733715088.423865598] [fibonacci_action_server]: Feedback: [34]
[INFO] [1733715088.924425274] [fibonacci_action_server]: Feedback: [55]
[INFO] [1733715089.424759712] [fibonacci_action_server]: Goal succeeded
[INFO] [1733715089.640290473] [fibonacci_action_server]: Received goal request with order 10
[INFO] [1733715089.640522090] [fibonacci_action_server]: Executing goal...
[INFO] [1733715089.640626407] [fibonacci_action_server]: Feedback: [1]
[INFO] [1733715090.141073107] [fibonacci_action_server]: Feedback: [2]
[INFO] [1733715090.641590980] [fibonacci_action_server]: Feedback: [3]
[INFO] [1733715091.141839672] [fibonacci_action_server]: Feedback: [5]
[INFO] [1733715091.642200713] [fibonacci_action_server]: Feedback: [8]
[INFO] [1733715092.142609342] [fibonacci_action_server]: Feedback: [13]
[INFO] [1733715092.643158156] [fibonacci_action_server]: Feedback: [21]
[INFO] [1733715093.143596515] [fibonacci_action_server]: Feedback: [34]
[INFO] [1733715093.643819072] [fibonacci_action_server]: Feedback: [55]
[INFO] [1733715094.144031056] [fibonacci_action_server]: Goal succeeded
[INFO] [1733715094.359602230] [fibonacci_action_server]: Received goal request with order 10
[INFO] [1733715094.359802498] [fibonacci_action_server]: Executing goal...
[INFO] [1733715094.359944486] [fibonacci_action_server]: Feedback: [1]
[INFO] [1733715094.860249909] [fibonacci_action_server]: Feedback: [2]
[INFO] [1733715095.360452230] [fibonacci_action_server]: Feedback: [3]
[INFO] [1733715095.860961426] [fibonacci_action_server]: Feedback: [5]
[INFO] [1733715096.361627532] [fibonacci_action_server]: Feedback: [8]
[INFO] [1733715096.861875157] [fibonacci_action_server]: Feedback: [13]
[INFO] [1733715097.362140244] [fibonacci_action_server]: Feedback: [21]
[INFO] [1733715097.862420779] [fibonacci_action_server]: Feedback: [34]
[INFO] [1733715098.362707024] [fibonacci_action_server]: Feedback: [55]
[INFO] [1733715098.863114509] [fibonacci_action_server]: Goal succeeded
[INFO] [1733715099.080148900] [fibonacci_action_server]: Received goal request with order 10
[INFO] [1733715099.080328451] [fibonacci_action_server]: Executing goal...
[INFO] [1733715099.080436337] [fibonacci_action_server]: Feedback: [1]
[INFO] [1733715099.580665581] [fibonacci_action_server]: Feedback: [2]
[INFO] [1733715100.081228408] [fibonacci_action_server]: Feedback: [3]
[INFO] [1733715100.581802441] [fibonacci_action_server]: Feedback: [5]
[INFO] [1733715101.082226487] [fibonacci_action_server]: Feedback: [8]
[INFO] [1733715101.582552780] [fibonacci_action_server]: Feedback: [13]
[INFO] [1733715102.082781290] [fibonacci_action_server]: Feedback: [21]
[INFO] [1733715102.583059367] [fibonacci_action_server]: Feedback: [34]
[INFO] [1733715103.083437469] [fibonacci_action_server]: Feedback: [55]
[INFO] [1733715103.584005994] [fibonacci_action_server]: Goal succeeded
[INFO] [1733715103.800248215] [fibonacci_action_server]: Received goal request with order 10
[INFO] [1733715103.800594375] [fibonacci_action_server]: Executing goal...
[INFO] [1733715103.800739492] [fibonacci_action_server]: Feedback: [1]
[INFO] [1733715104.301255686] [fibonacci_action_server]: Feedback: [2]
[INFO] [1733715104.801733352] [fibonacci_action_server]: Feedback: [3]
[INFO] [1733715105.301956460] [fibonacci_action_server]: Feedback: [5]
[INFO] [1733715105.802234968] [fibonacci_action_server]: Feedback: [8]
[INFO] [1733715106.302483552] [fibonacci_action_server]: Feedback: [13]
[INFO] [1733715106.802823581] [fibonacci_action_server]: Feedback: [21]
[INFO] [1733715107.303375556] [fibonacci_action_server]: Feedback: [34]
[INFO] [1733715107.803912607] [fibonacci_action_server]: Feedback: [55]
[INFO] [1733715108.304205555] [fibonacci_action_server]: Goal succeeded
[INFO] [1733715108.519366415] [fibonacci_action_server]: Received goal request with order 10
[INFO] [1733715108.519606928] [fibonacci_action_server]: Executing goal...
[INFO] [1733715108.519740410] [fibonacci_action_server]: Feedback: [1]
[INFO] [1733715109.020255661] [fibonacci_action_server]: Feedback: [2]
[INFO] [1733715109.520842681] [fibonacci_action_server]: Feedback: [3]
[INFO] [1733715110.021138713] [fibonacci_action_server]: Feedback: [5]
[INFO] [1733715110.521487014] [fibonacci_action_server]: Feedback: [8]
[INFO] [1733715111.021756408] [fibonacci_action_server]: Feedback: [13]
[INFO] [1733715111.522150964] [fibonacci_action_server]: Feedback: [21]
[INFO] [1733715112.022545348] [fibonacci_action_server]: Feedback: [34]
[INFO] [1733715112.523055404] [fibonacci_action_server]: Feedback: [55]
[INFO] [1733715113.023664169] [fibonacci_action_server]: Goal succeeded
[INFO] [1733715113.241042102] [fibonacci_action_server]: Received goal request with order 10
[INFO] [1733715113.241283505] [fibonacci_action_server]: Executing goal...
[INFO] [1733715113.241451100] [fibonacci_action_server]: Feedback: [1]
[INFO] [1733715113.741658881] [fibonacci_action_server]: Feedback: [2]
[INFO] [1733715114.241918736] [fibonacci_action_server]: Feedback: [3]
[INFO] [1733715114.742209860] [fibonacci_action_server]: Feedback: [5]
[INFO] [1733715115.242790130] [fibonacci_action_server]: Feedback: [8]
[INFO] [1733715115.743125506] [fibonacci_action_server]: Feedback: [13]
[INFO] [1733715116.243621031] [fibonacci_action_server]: Feedback: [21]
[INFO] [1733715116.744207957] [fibonacci_action_server]: Feedback: [34]
[INFO] [1733715117.244640100] [fibonacci_action_server]: Feedback: [55]
[INFO] [1733715117.745253265] [fibonacci_action_server]: Goal succeeded
[INFO] [1733715117.960584109] [fibonacci_action_server]: Received goal request with order 10
[INFO] [1733715117.960732914] [fibonacci_action_server]: Executing goal...
[INFO] [1733715117.960791311] [fibonacci_action_server]: Feedback: [1]
[INFO] [1733715118.460962400] [fibonacci_action_server]: Feedback: [2]
[INFO] [1733715118.961314879] [fibonacci_action_server]: Feedback: [3]
[INFO] [1733715119.461700478] [fibonacci_action_server]: Feedback: [5]
[INFO] [1733715119.962162146] [fibonacci_action_server]: Feedback: [8]
[INFO] [1733715120.462562171] [fibonacci_action_server]: Feedback: [13]
[INFO] [1733715120.963024632] [fibonacci_action_server]: Feedback: [21]
[INFO] [1733715121.463543684] [fibonacci_action_server]: Feedback: [34]
[INFO] [1733715121.964032743] [fibonacci_action_server]: Feedback: [55]
[INFO] [1733715122.464290472] [fibonacci_action_server]: Goal succeeded
[INFO] [1733715122.680937820] [fibonacci_action_server]: Received goal request with order 10
[INFO] [1733715122.681111521] [fibonacci_action_server]: Executing goal...
[INFO] [1733715122.681181370] [fibonacci_action_server]: Feedback: [1]
[INFO] [1733715123.181380845] [fibonacci_action_server]: Feedback: [2]
[INFO] [1733715123.681997611] [fibonacci_action_server]: Feedback: [3]
[INFO] [1733715124.182617971] [fibonacci_action_server]: Feedback: [5]
[INFO] [1733715124.682912468] [fibonacci_action_server]: Feedback: [8]
[INFO] [1733715125.183466308] [fibonacci_action_server]: Feedback: [13]
[INFO] [1733715125.683978248] [fibonacci_action_server]: Feedback: [21]
[INFO] [1733715126.184265982] [fibonacci_action_server]: Feedback: [34]
[INFO] [1733715126.684906342] [fibonacci_action_server]: Feedback: [55]
[INFO] [1733715127.185551320] [fibonacci_action_server]: Goal succeeded
[INFO] [1733715127.400372831] [fibonacci_action_server]: Received goal request with order 10
[INFO] [1733715127.400533156] [fibonacci_action_server]: Executing goal...
[INFO] [1733715127.400590266] [fibonacci_action_server]: Feedback: [1]
[INFO] [1733715127.901090428] [fibonacci_action_server]: Feedback: [2]
[INFO] [1733715128.401680657] [fibonacci_action_server]: Feedback: [3]
[INFO] [1733715128.901895543] [fibonacci_action_server]: Feedback: [5]
[INFO] [1733715129.402390417] [fibonacci_action_server]: Feedback: [8]
[INFO] [1733715129.902760109] [fibonacci_action_server]: Feedback: [13]
[INFO] [1733715130.403047236] [fibonacci_action_server]: Feedback: [21]
[INFO] [1733715130.903787474] [fibonacci_action_server]: Feedback: [34]
[INFO] [1733715131.404438328] [fibonacci_action_server]: Feedback: [55]
[INFO] [1733715131.905124502] [fibonacci_action_server]: Goal succeeded
[INFO] [1733715132.121030666] [fibonacci_action_server]: Received goal request with order 10
[INFO] [1733715132.121231062] [fibonacci_action_server]: Executing goal...
[INFO] [1733715132.121358783] [fibonacci_action_server]: Feedback: [1]
[INFO] [1733715132.621625414] [fibonacci_action_server]: Feedback: [2]
[INFO] [1733715133.121867101] [fibonacci_action_server]: Feedback: [3]
[INFO] [1733715133.622282107] [fibonacci_action_server]: Feedback: [5]
[INFO] [1733715134.122578744] [fibonacci_action_server]: Feedback: [8]
[INFO] [1733715134.622904323] [fibonacci_action_server]: Feedback: [13]
[INFO] [1733715135.123154958] [fibonacci_action_server]: Feedback: [21]
[INFO] [1733715135.623680997] [fibonacci_action_server]: Feedback: [34]
[INFO] [1733715136.123951814] [fibonacci_action_server]: Feedback: [55]
[INFO] [1733715136.624220619] [fibonacci_action_server]: Goal succeeded
[INFO] [1733715136.837326463] [fibonacci_action_server]: Received goal request with order 10
[INFO] [1733715136.837574445] [fibonacci_action_server]: Executing goal...
[INFO] [1733715136.837624029] [fibonacci_action_server]: Feedback: [1]
[INFO] [1733715137.337787115] [fibonacci_action_server]: Feedback: [2]
[INFO] [1733715137.838051229] [fibonacci_action_server]: Feedback: [3]
[INFO] [1733715138.338448173] [fibonacci_action_server]: Feedback: [5]
[INFO] [1733715138.838950253] [fibonacci_action_server]: Feedback: [8]
[INFO] [1733715139.339217118] [fibonacci_action_server]: Feedback: [13]
[INFO] [1733715139.839578212] [fibonacci_action_server]: Feedback: [21]
[INFO] [1733715140.339849229] [fibonacci_action_server]: Feedback: [34]
[INFO] [1733715140.840056877] [fibonacci_action_server]: Feedback: [55]
[INFO] [1733715141.340354960] [fibonacci_action_server]: Goal succeeded
[INFO] [1733715141.552254437] [fibonacci_action_server]: Received goal request with order 10
[INFO] [1733715141.552373817] [fibonacci_action_server]: Executing goal...
[INFO] [1733715141.552431422] [fibonacci_action_server]: Feedback: [1]
[INFO] [1733715142.053042721] [fibonacci_action_server]: Feedback: [2]
[INFO] [1733715142.553639903] [fibonacci_action_server]: Feedback: [3]
[INFO] [1733715143.053876269] [fibonacci_action_server]: Feedback: [5]
[INFO] [1733715143.554260434] [fibonacci_action_server]: Feedback: [8]
[INFO] [1733715144.054744299] [fibonacci_action_server]: Feedback: [13]
[INFO] [1733715144.554994202] [fibonacci_action_server]: Feedback: [21]
[INFO] [1733715145.055635158] [fibonacci_action_server]: Feedback: [34]
[INFO] [1733715145.556184208] [fibonacci_action_server]: Feedback: [55]
[INFO] [1733715146.056793960] [fibonacci_action_server]: Goal succeeded
[INFO] [1733715146.272238127] [fibonacci_action_server]: Received goal request with order 10
[INFO] [1733715146.272448680] [fibonacci_action_server]: Executing goal...
[INFO] [1733715146.272588858] [fibonacci_action_server]: Feedback: [1]
[INFO] [1733715146.773067514] [fibonacci_action_server]: Feedback: [2]
[INFO] [1733715147.273599808] [fibonacci_action_server]: Feedback: [3]
[INFO] [1733715147.773877327] [fibonacci_action_server]: Feedback: [5]
[INFO] [1733715148.274296869] [fibonacci_action_server]: Feedback: [8]
[INFO] [1733715148.774549944] [fibonacci_action_server]: Feedback: [13]
[INFO] [1733715149.274875397] [fibonacci_action_server]: Feedback: [21]
[INFO] [1733715149.775444855] [fibonacci_action_server]: Feedback: [34]
[INFO] [1733715150.276065899] [fibonacci_action_server]: Feedback: [55]
[INFO] [1733715150.776367138] [fibonacci_action_server]: Goal succeeded
[INFO] [1733715150.992901152] [fibonacci_action_server]: Received goal request with order 10
[INFO] [1733715150.993162250] [fibonacci_action_server]: Executing goal...
[INFO] [1733715150.993272452] [fibonacci_action_server]: Feedback: [1]
[INFO] [1733715151.493725849] [fibonacci_action_server]: Feedback: [2]
[INFO] [1733715151.994165434] [fibonacci_action_server]: Feedback: [3]
[INFO] [1733715152.494542565] [fibonacci_action_server]: Feedback: [5]
[INFO] [1733715152.994891142] [fibonacci_action_server]: Feedback: [8]
[INFO] [1733715153.495447233] [fibonacci_action_server]: Feedback: [13]
[INFO] [1733715153.995959157] [fibonacci_action_server]: Feedback: [21]
[INFO] [1733715154.496580279] [fibonacci_action_server]: Feedback: [34]
[INFO] [1733715154.996870455] [fibonacci_action_server]: Feedback: [55]
[INFO] [1733715155.497194033] [fibonacci_action_server]: Goal succeeded
[INFO] [1733715155.712012037] [fibonacci_action_server]: Received goal request with order 10
[INFO] [1733715155.712315285] [fibonacci_action_server]: Executing goal...
[INFO] [1733715155.712450271] [fibonacci_action_server]: Feedback: [1]
[INFO] [1733715156.212977332] [fibonacci_action_server]: Feedback: [2]
[INFO] [1733715156.713284925] [fibonacci_action_server]: Feedback: [3]
[INFO] [1733715157.213751372] [fibonacci_action_server]: Feedback: [5]
[INFO] [1733715157.714156648] [fibonacci_action_server]: Feedback: [8]
[INFO] [1733715158.214577980] [fibonacci_action_server]: Feedback: [13]
[INFO] [1733715158.715129437] [fibonacci_action_server]: Feedback: [21]
[INFO] [1733715159.215650909] [fibonacci_action_server]: Feedback: [34]
[INFO] [1733715159.715900351] [fibonacci_action_server]: Feedback: [55]
[INFO] [1733715160.216216614] [fibonacci_action_server]: Goal succeeded
[INFO] [1733715160.433190783] [fibonacci_action_server]: Received goal request with order 10
[INFO] [1733715160.433506435] [fibonacci_action_server]: Executing goal...
[INFO] [1733715160.433657348] [fibonacci_action_server]: Feedback: [1]
[INFO] [1733715160.933824952] [fibonacci_action_server]: Feedback: [2]
[INFO] [1733715161.434170338] [fibonacci_action_server]: Feedback: [3]
[INFO] [1733715161.934428375] [fibonacci_action_server]: Feedback: [5]
[INFO] [1733715162.434958507] [fibonacci_action_server]: Feedback: [8]
[INFO] [1733715162.935260996] [fibonacci_action_server]: Feedback: [13]
[INFO] [1733715163.435485311] [fibonacci_action_server]: Feedback: [21]
[INFO] [1733715163.935754526] [fibonacci_action_server]: Feedback: [34]
[INFO] [1733715164.436014978] [fibonacci_action_server]: Feedback: [55]
[INFO] [1733715164.936742991] [fibonacci_action_server]: Goal succeeded
[INFO] [1733715165.151940280] [fibonacci_action_server]: Received goal request with order 10
[INFO] [1733715165.152083547] [fibonacci_action_server]: Executing goal...
[INFO] [1733715165.152135027] [fibonacci_action_server]: Feedback: [1]
[INFO] [1733715165.652643477] [fibonacci_action_server]: Feedback: [2]
[INFO] [1733715166.153244786] [fibonacci_action_server]: Feedback: [3]
[INFO] [1733715166.653742255] [fibonacci_action_server]: Feedback: [5]
[INFO] [1733715167.154021516] [fibonacci_action_server]: Feedback: [8]
[INFO] [1733715167.654291964] [fibonacci_action_server]: Feedback: [13]
[INFO] [1733715168.154578002] [fibonacci_action_server]: Feedback: [21]
[INFO] [1733715168.655120840] [fibonacci_action_server]: Feedback: [34]
[INFO] [1733715169.155726521] [fibonacci_action_server]: Feedback: [55]
[INFO] [1733715169.656370110] [fibonacci_action_server]: Goal succeeded
[INFO] [1733715169.871949694] [fibonacci_action_server]: Received goal request with order 10
[INFO] [1733715169.872176778] [fibonacci_action_server]: Executing goal...
[INFO] [1733715169.872327397] [fibonacci_action_server]: Feedback: [1]
[INFO] [1733715170.372822729] [fibonacci_action_server]: Feedback: [2]
[INFO] [1733715170.873492751] [fibonacci_action_server]: Feedback: [3]
[INFO] [1733715171.373779096] [fibonacci_action_server]: Feedback: [5]
[INFO] [1733715171.874067793] [fibonacci_action_server]: Feedback: [8]
[INFO] [1733715172.374372411] [fibonacci_action_server]: Feedback: [13]
[INFO] [1733715172.874916147] [fibonacci_action_server]: Feedback: [21]
[INFO] [1733715173.375615109] [fibonacci_action_server]: Feedback: [34]
[INFO] [1733715173.876195293] [fibonacci_action_server]: Feedback: [55]
[INFO] [1733715174.376841208] [fibonacci_action_server]: Goal succeeded
[INFO] [1733715174.591633485] [fibonacci_action_server]: Received goal request with order 10
[INFO] [1733715174.591907801] [fibonacci_action_server]: Executing goal...
[INFO] [1733715174.592048821] [fibonacci_action_server]: Feedback: [1]
[INFO] [1733715175.092221503] [fibonacci_action_server]: Feedback: [2]
[INFO] [1733715175.592448792] [fibonacci_action_server]: Feedback: [3]
[INFO] [1733715176.092671213] [fibonacci_action_server]: Feedback: [5]
[INFO] [1733715176.593057953] [fibonacci_action_server]: Feedback: [8]
[INFO] [1733715177.093345251] [fibonacci_action_server]: Feedback: [13]
[INFO] [1733715177.593707043] [fibonacci_action_server]: Feedback: [21]
[INFO] [1733715178.094114641] [fibonacci_action_server]: Feedback: [34]
[INFO] [1733715178.594526669] [fibonacci_action_server]: Feedback: [55]
[INFO] [1733715179.095135631] [fibonacci_action_server]: Goal succeeded
[INFO] [1733715179.312696969] [fibonacci_action_server]: Received goal request with order 10
[INFO] [1733715179.312894512] [fibonacci_action_server]: Executing goal...
[INFO] [1733715179.312957343] [fibonacci_action_server]: Feedback: [1]
[INFO] [1733715179.813157734] [fibonacci_action_server]: Feedback: [2]
[INFO] [1733715180.313403087] [fibonacci_action_server]: Feedback: [3]
[INFO] [1733715180.813718410] [fibonacci_action_server]: Feedback: [5]
[INFO] [1733715181.314293596] [fibonacci_action_server]: Feedback: [8]
[INFO] [1733715181.814619342] [fibonacci_action_server]: Feedback: [13]
[INFO] [1733715182.315126710] [fibonacci_action_server]: Feedback: [21]
[INFO] [1733715182.815623194] [fibonacci_action_server]: Feedback: [34]
[INFO] [1733715183.315928600] [fibonacci_action_server]: Feedback: [55]
[INFO] [1733715183.816584069] [fibonacci_action_server]: Goal succeeded
[INFO] [1733715184.032833864] [fibonacci_action_server]: Received goal request with order 10
[INFO] [1733715184.033046170] [fibonacci_action_server]: Executing goal...
[INFO] [1733715184.033121874] [fibonacci_action_server]: Feedback: [1]
[INFO] [1733715184.533349476] [fibonacci_action_server]: Feedback: [2]
[INFO] [1733715185.033561115] [fibonacci_action_server]: Feedback: [3]
[INFO] [1733715185.533829045] [fibonacci_action_server]: Feedback: [5]
[INFO] [1733715186.034285221] [fibonacci_action_server]: Feedback: [8]
[INFO] [1733715186.534742670] [fibonacci_action_server]: Feedback: [13]
[INFO] [1733715187.035287985] [fibonacci_action_server]: Feedback: [21]
[INFO] [1733715187.535598290] [fibonacci_action_server]: Feedback: [34]
[INFO] [1733715188.036273908] [fibonacci_action_server]: Feedback: [55]
[INFO] [1733715188.536953502] [fibonacci_action_server]: Goal succeeded
[INFO] [1733715188.751855967] [fibonacci_action_server]: Received goal request with order 10
[INFO] [1733715188.752090019] [fibonacci_action_server]: Executing goal...
[INFO] [1733715188.752264483] [fibonacci_action_server]: Feedback: [1]
[INFO] [1733715189.252536475] [fibonacci_action_server]: Feedback: [2]
[INFO] [1733715189.753130172] [fibonacci_action_server]: Feedback: [3]
[INFO] [1733715190.253755409] [fibonacci_action_server]: Feedback: [5]
[INFO] [1733715190.754209963] [fibonacci_action_server]: Feedback: [8]
[INFO] [1733715191.254476469] [fibonacci_action_server]: Feedback: [13]
[INFO] [1733715191.754942683] [fibonacci_action_server]: Feedback: [21]
[INFO] [1733715192.255459467] [fibonacci_action_server]: Feedback: [34]
[INFO] [1733715192.755996787] [fibonacci_action_server]: Feedback: [55]
[INFO] [1733715193.256633822] [fibonacci_action_server]: Goal succeeded
[INFO] [1733715193.472558819] [fibonacci_action_server]: Received goal request with order 10
[INFO] [1733715193.472797582] [fibonacci_action_server]: Executing goal...
[INFO] [1733715193.472922708] [fibonacci_action_server]: Feedback: [1]
[INFO] [1733715193.973289606] [fibonacci_action_server]: Feedback: [2]
[INFO] [1733715194.473777256] [fibonacci_action_server]: Feedback: [3]
[INFO] [1733715194.974186307] [fibonacci_action_server]: Feedback: [5]
[INFO] [1733715195.474464276] [fibonacci_action_server]: Feedback: [8]
[INFO] [1733715195.974660740] [fibonacci_action_server]: Feedback: [13]
[INFO] [1733715196.474985602] [fibonacci_action_server]: Feedback: [21]
[INFO] [1733715196.975504653] [fibonacci_action_server]: Feedback: [34]
[INFO] [1733715197.475754551] [fibonacci_action_server]: Feedback: [55]
[INFO] [1733715197.976098735] [fibonacci_action_server]: Goal succeeded
[INFO] [1733715198.189440974] [fibonacci_action_server]: Received goal request with order 10
[INFO] [1733715198.189616601] [fibonacci_action_server]: Executing goal...
[INFO] [1733715198.189682025] [fibonacci_action_server]: Feedback: [1]
[INFO] [1733715198.689889202] [fibonacci_action_server]: Feedback: [2]
[INFO] [1733715198.810573128] [fibonacci_action_server]: Timeout reached, shutting down node...
RAPL is set
