[INFO] [1733652344.301219020] [fibonacci_action_client]: Sending goal with order 10
[INFO] [1733652348.750727803] [fibonacci_action_client]: Goal accepted, waiting for result.
[INFO] [1733652348.752035914] [fibonacci_action_client]: Received feedback: array('i', [0, 1, 1])
[INFO] [1733652349.003651055] [fibonacci_action_client]: Received feedback: array('i', [0, 1, 1, 2])
[INFO] [1733652349.254350291] [fibonacci_action_client]: Received feedback: array('i', [0, 1, 1, 2, 3])
[INFO] [1733652349.505655394] [fibonacci_action_client]: Received feedback: array('i', [0, 1, 1, 2, 3, 5])
[INFO] [1733652349.757066982] [fibonacci_action_client]: Received feedback: array('i', [0, 1, 1, 2, 3, 5, 8])
[INFO] [1733652350.007902319] [fibonacci_action_client]: Received feedback: array('i', [0, 1, 1, 2, 3, 5, 8, 13])
[INFO] [1733652350.258886540] [fibonacci_action_client]: Received feedback: array('i', [0, 1, 1, 2, 3, 5, 8, 13, 21])
[INFO] [1733652350.509777890] [fibonacci_action_client]: Received feedback: array('i', [0, 1, 1, 2, 3, 5, 8, 13, 21, 34])
[INFO] [1733652350.761056606] [fibonacci_action_client]: Received feedback: array('i', [0, 1, 1, 2, 3, 5, 8, 13, 21, 34, 55])
[INFO] [1733652351.013988004] [fibonacci_action_client]: Result: array('i', [0, 1, 1, 2, 3, 5, 8, 13, 21, 34, 55])
[INFO] [1733652351.264551625] [fibonacci_action_client]: Sending goal with order 10
[INFO] [1733652355.541131460] [fibonacci_action_client]: Goal accepted, waiting for result.
[INFO] [1733652355.542475325] [fibonacci_action_client]: Received feedback: array('i', [0, 1, 1])
[INFO] [1733652355.793481967] [fibonacci_action_client]: Received feedback: array('i', [0, 1, 1, 2])
[INFO] [1733652356.044871512] [fibonacci_action_client]: Received feedback: array('i', [0, 1, 1, 2, 3])
[INFO] [1733652356.296159028] [fibonacci_action_client]: Received feedback: array('i', [0, 1, 1, 2, 3, 5])
[INFO] [1733652356.547269718] [fibonacci_action_client]: Received feedback: array('i', [0, 1, 1, 2, 3, 5, 8])
[INFO] [1733652356.798274940] [fibonacci_action_client]: Received feedback: array('i', [0, 1, 1, 2, 3, 5, 8, 13])
[INFO] [1733652357.049503497] [fibonacci_action_client]: Received feedback: array('i', [0, 1, 1, 2, 3, 5, 8, 13, 21])
[INFO] [1733652357.300809886] [fibonacci_action_client]: Received feedback: array('i', [0, 1, 1, 2, 3, 5, 8, 13, 21, 34])
[INFO] [1733652357.552118658] [fibonacci_action_client]: Received feedback: array('i', [0, 1, 1, 2, 3, 5, 8, 13, 21, 34, 55])
[INFO] [1733652357.805175938] [fibonacci_action_client]: Result: array('i', [0, 1, 1, 2, 3, 5, 8, 13, 21, 34, 55])
[INFO] [1733652358.056034321] [fibonacci_action_client]: Sending goal with order 10
[INFO] [1733652362.328651723] [fibonacci_action_client]: Goal accepted, waiting for result.
[INFO] [1733652362.330308326] [fibonacci_action_client]: Received feedback: array('i', [0, 1, 1])
[INFO] [1733652362.581208291] [fibonacci_action_client]: Received feedback: array('i', [0, 1, 1, 2])
[INFO] [1733652362.832673958] [fibonacci_action_client]: Received feedback: array('i', [0, 1, 1, 2, 3])
[INFO] [1733652363.084054124] [fibonacci_action_client]: Received feedback: array('i', [0, 1, 1, 2, 3, 5])
[INFO] [1733652363.335244070] [fibonacci_action_client]: Received feedback: array('i', [0, 1, 1, 2, 3, 5, 8])
[INFO] [1733652363.586447171] [fibonacci_action_client]: Received feedback: array('i', [0, 1, 1, 2, 3, 5, 8, 13])
[INFO] [1733652363.837769387] [fibonacci_action_client]: Received feedback: array('i', [0, 1, 1, 2, 3, 5, 8, 13, 21])
[INFO] [1733652364.089191331] [fibonacci_action_client]: Received feedback: array('i', [0, 1, 1, 2, 3, 5, 8, 13, 21, 34])
[INFO] [1733652364.340532074] [fibonacci_action_client]: Received feedback: array('i', [0, 1, 1, 2, 3, 5, 8, 13, 21, 34, 55])
[INFO] [1733652364.593891321] [fibonacci_action_client]: Result: array('i', [0, 1, 1, 2, 3, 5, 8, 13, 21, 34, 55])
[INFO] [1733652364.844916266] [fibonacci_action_client]: Sending goal with order 10
[INFO] [1733652369.120503923] [fibonacci_action_client]: Goal accepted, waiting for result.
[INFO] [1733652369.122504568] [fibonacci_action_client]: Received feedback: array('i', [0, 1, 1])
[INFO] [1733652369.373808690] [fibonacci_action_client]: Received feedback: array('i', [0, 1, 1, 2])
[INFO] [1733652369.625197087] [fibonacci_action_client]: Received feedback: array('i', [0, 1, 1, 2, 3])
[INFO] [1733652369.876439004] [fibonacci_action_client]: Received feedback: array('i', [0, 1, 1, 2, 3, 5])
[INFO] [1733652370.126993150] [fibonacci_action_client]: Received feedback: array('i', [0, 1, 1, 2, 3, 5, 8])
[INFO] [1733652370.378453335] [fibonacci_action_client]: Received feedback: array('i', [0, 1, 1, 2, 3, 5, 8, 13])
[INFO] [1733652370.629591487] [fibonacci_action_client]: Received feedback: array('i', [0, 1, 1, 2, 3, 5, 8, 13, 21])
[INFO] [1733652370.880483476] [fibonacci_action_client]: Received feedback: array('i', [0, 1, 1, 2, 3, 5, 8, 13, 21, 34])
[INFO] [1733652371.131685218] [fibonacci_action_client]: Received feedback: array('i', [0, 1, 1, 2, 3, 5, 8, 13, 21, 34, 55])
[INFO] [1733652371.384686538] [fibonacci_action_client]: Result: array('i', [0, 1, 1, 2, 3, 5, 8, 13, 21, 34, 55])
[INFO] [1733652371.635402178] [fibonacci_action_client]: Sending goal with order 10
[INFO] [1733652375.910462026] [fibonacci_action_client]: Goal accepted, waiting for result.
[INFO] [1733652375.912311120] [fibonacci_action_client]: Received feedback: array('i', [0, 1, 1])
[INFO] [1733652376.163990300] [fibonacci_action_client]: Received feedback: array('i', [0, 1, 1, 2])
[INFO] [1733652376.414742188] [fibonacci_action_client]: Received feedback: array('i', [0, 1, 1, 2, 3])
[INFO] [1733652376.665806688] [fibonacci_action_client]: Received feedback: array('i', [0, 1, 1, 2, 3, 5])
[INFO] [1733652376.917052704] [fibonacci_action_client]: Received feedback: array('i', [0, 1, 1, 2, 3, 5, 8])
[INFO] [1733652377.168360778] [fibonacci_action_client]: Received feedback: array('i', [0, 1, 1, 2, 3, 5, 8, 13])
[INFO] [1733652377.418810864] [fibonacci_action_client]: Received feedback: array('i', [0, 1, 1, 2, 3, 5, 8, 13, 21])
[INFO] [1733652377.669682251] [fibonacci_action_client]: Received feedback: array('i', [0, 1, 1, 2, 3, 5, 8, 13, 21, 34])
[INFO] [1733652377.921287927] [fibonacci_action_client]: Received feedback: array('i', [0, 1, 1, 2, 3, 5, 8, 13, 21, 34, 55])
[INFO] [1733652378.174129749] [fibonacci_action_client]: Result: array('i', [0, 1, 1, 2, 3, 5, 8, 13, 21, 34, 55])
[INFO] [1733652378.425036230] [fibonacci_action_client]: Sending goal with order 10
[INFO] [1733652382.700544806] [fibonacci_action_client]: Goal accepted, waiting for result.
[INFO] [1733652382.701625040] [fibonacci_action_client]: Received feedback: array('i', [0, 1, 1])
[INFO] [1733652382.952548599] [fibonacci_action_client]: Received feedback: array('i', [0, 1, 1, 2])
[INFO] [1733652383.203787571] [fibonacci_action_client]: Received feedback: array('i', [0, 1, 1, 2, 3])
[INFO] [1733652383.454872160] [fibonacci_action_client]: Received feedback: array('i', [0, 1, 1, 2, 3, 5])
[INFO] [1733652383.706094924] [fibonacci_action_client]: Received feedback: array('i', [0, 1, 1, 2, 3, 5, 8])
[INFO] [1733652383.957379877] [fibonacci_action_client]: Received feedback: array('i', [0, 1, 1, 2, 3, 5, 8, 13])
[INFO] [1733652384.208741392] [fibonacci_action_client]: Received feedback: array('i', [0, 1, 1, 2, 3, 5, 8, 13, 21])
[INFO] [1733652384.459981141] [fibonacci_action_client]: Received feedback: array('i', [0, 1, 1, 2, 3, 5, 8, 13, 21, 34])
[INFO] [1733652384.711182661] [fibonacci_action_client]: Received feedback: array('i', [0, 1, 1, 2, 3, 5, 8, 13, 21, 34, 55])
[INFO] [1733652384.964741523] [fibonacci_action_client]: Result: array('i', [0, 1, 1, 2, 3, 5, 8, 13, 21, 34, 55])
[INFO] [1733652385.215529544] [fibonacci_action_client]: Sending goal with order 10
[INFO] [1733652389.490831526] [fibonacci_action_client]: Goal accepted, waiting for result.
[INFO] [1733652389.491520093] [fibonacci_action_client]: Received feedback: array('i', [0, 1, 1])
[INFO] [1733652389.742857812] [fibonacci_action_client]: Received feedback: array('i', [0, 1, 1, 2])
[INFO] [1733652389.993553613] [fibonacci_action_client]: Received feedback: array('i', [0, 1, 1, 2, 3])
[INFO] [1733652390.244661263] [fibonacci_action_client]: Received feedback: array('i', [0, 1, 1, 2, 3, 5])
[INFO] [1733652390.495990467] [fibonacci_action_client]: Received feedback: array('i', [0, 1, 1, 2, 3, 5, 8])
[INFO] [1733652390.746915721] [fibonacci_action_client]: Received feedback: array('i', [0, 1, 1, 2, 3, 5, 8, 13])
[INFO] [1733652390.997617675] [fibonacci_action_client]: Received feedback: array('i', [0, 1, 1, 2, 3, 5, 8, 13, 21])
[INFO] [1733652391.248874791] [fibonacci_action_client]: Received feedback: array('i', [0, 1, 1, 2, 3, 5, 8, 13, 21, 34])
[INFO] [1733652391.500367757] [fibonacci_action_client]: Received feedback: array('i', [0, 1, 1, 2, 3, 5, 8, 13, 21, 34, 55])
[INFO] [1733652391.752883716] [fibonacci_action_client]: Result: array('i', [0, 1, 1, 2, 3, 5, 8, 13, 21, 34, 55])
[INFO] [1733652392.003836158] [fibonacci_action_client]: Sending goal with order 10
[INFO] [1733652396.279247752] [fibonacci_action_client]: Goal accepted, waiting for result.
[INFO] [1733652396.280023438] [fibonacci_action_client]: Received feedback: array('i', [0, 1, 1])
[INFO] [1733652396.530061969] [fibonacci_action_client]: Received feedback: array('i', [0, 1, 1, 2])
[INFO] [1733652396.781428072] [fibonacci_action_client]: Received feedback: array('i', [0, 1, 1, 2, 3])
[INFO] [1733652397.032763109] [fibonacci_action_client]: Received feedback: array('i', [0, 1, 1, 2, 3, 5])
[INFO] [1733652397.283927939] [fibonacci_action_client]: Received feedback: array('i', [0, 1, 1, 2, 3, 5, 8])
[INFO] [1733652397.535101072] [fibonacci_action_client]: Received feedback: array('i', [0, 1, 1, 2, 3, 5, 8, 13])
[INFO] [1733652397.786686098] [fibonacci_action_client]: Received feedback: array('i', [0, 1, 1, 2, 3, 5, 8, 13, 21])
[INFO] [1733652398.037182657] [fibonacci_action_client]: Received feedback: array('i', [0, 1, 1, 2, 3, 5, 8, 13, 21, 34])
[INFO] [1733652398.288425900] [fibonacci_action_client]: Received feedback: array('i', [0, 1, 1, 2, 3, 5, 8, 13, 21, 34, 55])
[INFO] [1733652398.542481267] [fibonacci_action_client]: Result: array('i', [0, 1, 1, 2, 3, 5, 8, 13, 21, 34, 55])
[INFO] [1733652398.793492499] [fibonacci_action_client]: Sending goal with order 10
[INFO] [1733652403.069092507] [fibonacci_action_client]: Goal accepted, waiting for result.
[INFO] [1733652403.069774127] [fibonacci_action_client]: Received feedback: array('i', [0, 1, 1])
[INFO] [1733652403.319730667] [fibonacci_action_client]: Received feedback: array('i', [0, 1, 1, 2])
[INFO] [1733652403.570944884] [fibonacci_action_client]: Received feedback: array('i', [0, 1, 1, 2, 3])
[INFO] [1733652403.821886765] [fibonacci_action_client]: Received feedback: array('i', [0, 1, 1, 2, 3, 5])
[INFO] [1733652404.073170126] [fibonacci_action_client]: Received feedback: array('i', [0, 1, 1, 2, 3, 5, 8])
[INFO] [1733652404.324107744] [fibonacci_action_client]: Received feedback: array('i', [0, 1, 1, 2, 3, 5, 8, 13])
[INFO] [1733652404.575404162] [fibonacci_action_client]: Received feedback: array('i', [0, 1, 1, 2, 3, 5, 8, 13, 21])
[INFO] [1733652404.826087552] [fibonacci_action_client]: Received feedback: array('i', [0, 1, 1, 2, 3, 5, 8, 13, 21, 34])
[INFO] [1733652405.077454682] [fibonacci_action_client]: Received feedback: array('i', [0, 1, 1, 2, 3, 5, 8, 13, 21, 34, 55])
[INFO] [1733652405.331559574] [fibonacci_action_client]: Result: array('i', [0, 1, 1, 2, 3, 5, 8, 13, 21, 34, 55])
[INFO] [1733652405.582618410] [fibonacci_action_client]: Sending goal with order 10
[INFO] [1733652409.856740014] [fibonacci_action_client]: Goal accepted, waiting for result.
[INFO] [1733652409.857458531] [fibonacci_action_client]: Received feedback: array('i', [0, 1, 1])
[INFO] [1733652410.108828601] [fibonacci_action_client]: Received feedback: array('i', [0, 1, 1, 2])
[INFO] [1733652410.360051790] [fibonacci_action_client]: Received feedback: array('i', [0, 1, 1, 2, 3])
[INFO] [1733652410.611198775] [fibonacci_action_client]: Received feedback: array('i', [0, 1, 1, 2, 3, 5])
[INFO] [1733652410.862280375] [fibonacci_action_client]: Received feedback: array('i', [0, 1, 1, 2, 3, 5, 8])
[INFO] [1733652411.113676868] [fibonacci_action_client]: Received feedback: array('i', [0, 1, 1, 2, 3, 5, 8, 13])
[INFO] [1733652411.364902349] [fibonacci_action_client]: Received feedback: array('i', [0, 1, 1, 2, 3, 5, 8, 13, 21])
[INFO] [1733652411.616198456] [fibonacci_action_client]: Received feedback: array('i', [0, 1, 1, 2, 3, 5, 8, 13, 21, 34])
[INFO] [1733652411.867546121] [fibonacci_action_client]: Received feedback: array('i', [0, 1, 1, 2, 3, 5, 8, 13, 21, 34, 55])
[INFO] [1733652412.120309645] [fibonacci_action_client]: Result: array('i', [0, 1, 1, 2, 3, 5, 8, 13, 21, 34, 55])
[INFO] [1733652412.371058428] [fibonacci_action_client]: Sending goal with order 10
[INFO] [1733652416.647523061] [fibonacci_action_client]: Goal accepted, waiting for result.
[INFO] [1733652416.648409622] [fibonacci_action_client]: Received feedback: array('i', [0, 1, 1])
[INFO] [1733652416.897468936] [fibonacci_action_client]: Received feedback: array('i', [0, 1, 1, 2])
[INFO] [1733652417.148964590] [fibonacci_action_client]: Received feedback: array('i', [0, 1, 1, 2, 3])
[INFO] [1733652417.400179808] [fibonacci_action_client]: Received feedback: array('i', [0, 1, 1, 2, 3, 5])
[INFO] [1733652417.651366866] [fibonacci_action_client]: Received feedback: array('i', [0, 1, 1, 2, 3, 5, 8])
[INFO] [1733652417.902430769] [fibonacci_action_client]: Received feedback: array('i', [0, 1, 1, 2, 3, 5, 8, 13])
[INFO] [1733652418.153314293] [fibonacci_action_client]: Received feedback: array('i', [0, 1, 1, 2, 3, 5, 8, 13, 21])
[INFO] [1733652418.404635879] [fibonacci_action_client]: Received feedback: array('i', [0, 1, 1, 2, 3, 5, 8, 13, 21, 34])
[INFO] [1733652418.655931198] [fibonacci_action_client]: Received feedback: array('i', [0, 1, 1, 2, 3, 5, 8, 13, 21, 34, 55])
[INFO] [1733652418.908975750] [fibonacci_action_client]: Result: array('i', [0, 1, 1, 2, 3, 5, 8, 13, 21, 34, 55])
[INFO] [1733652419.159803298] [fibonacci_action_client]: Sending goal with order 10
[INFO] [1733652423.434435229] [fibonacci_action_client]: Goal accepted, waiting for result.
[INFO] [1733652423.435112598] [fibonacci_action_client]: Received feedback: array('i', [0, 1, 1])
[INFO] [1733652423.685582568] [fibonacci_action_client]: Received feedback: array('i', [0, 1, 1, 2])
[INFO] [1733652423.936846537] [fibonacci_action_client]: Received feedback: array('i', [0, 1, 1, 2, 3])
[INFO] [1733652424.188361625] [fibonacci_action_client]: Received feedback: array('i', [0, 1, 1, 2, 3, 5])
[INFO] [1733652424.439269688] [fibonacci_action_client]: Received feedback: array('i', [0, 1, 1, 2, 3, 5, 8])
[INFO] [1733652424.690566345] [fibonacci_action_client]: Received feedback: array('i', [0, 1, 1, 2, 3, 5, 8, 13])
[INFO] [1733652424.941462156] [fibonacci_action_client]: Received feedback: array('i', [0, 1, 1, 2, 3, 5, 8, 13, 21])
[INFO] [1733652425.192710569] [fibonacci_action_client]: Received feedback: array('i', [0, 1, 1, 2, 3, 5, 8, 13, 21, 34])
[INFO] [1733652425.443659299] [fibonacci_action_client]: Received feedback: array('i', [0, 1, 1, 2, 3, 5, 8, 13, 21, 34, 55])
[INFO] [1733652425.697778982] [fibonacci_action_client]: Result: array('i', [0, 1, 1, 2, 3, 5, 8, 13, 21, 34, 55])
[INFO] [1733652425.948517891] [fibonacci_action_client]: Sending goal with order 10
[INFO] [1733652430.223232121] [fibonacci_action_client]: Goal accepted, waiting for result.
[INFO] [1733652430.224308486] [fibonacci_action_client]: Received feedback: array('i', [0, 1, 1])
[INFO] [1733652430.473888281] [fibonacci_action_client]: Received feedback: array('i', [0, 1, 1, 2])
[INFO] [1733652430.725357833] [fibonacci_action_client]: Received feedback: array('i', [0, 1, 1, 2, 3])
[INFO] [1733652430.976607031] [fibonacci_action_client]: Received feedback: array('i', [0, 1, 1, 2, 3, 5])
[INFO] [1733652431.227146388] [fibonacci_action_client]: Received feedback: array('i', [0, 1, 1, 2, 3, 5, 8])
[INFO] [1733652431.478307160] [fibonacci_action_client]: Received feedback: array('i', [0, 1, 1, 2, 3, 5, 8, 13])
[INFO] [1733652431.729579983] [fibonacci_action_client]: Received feedback: array('i', [0, 1, 1, 2, 3, 5, 8, 13, 21])
[INFO] [1733652431.981073308] [fibonacci_action_client]: Received feedback: array('i', [0, 1, 1, 2, 3, 5, 8, 13, 21, 34])
[INFO] [1733652432.232402284] [fibonacci_action_client]: Received feedback: array('i', [0, 1, 1, 2, 3, 5, 8, 13, 21, 34, 55])
[INFO] [1733652432.484975121] [fibonacci_action_client]: Result: array('i', [0, 1, 1, 2, 3, 5, 8, 13, 21, 34, 55])
[INFO] [1733652432.735996149] [fibonacci_action_client]: Sending goal with order 10
[INFO] [1733652437.010852406] [fibonacci_action_client]: Goal accepted, waiting for result.
[INFO] [1733652437.011602487] [fibonacci_action_client]: Received feedback: array('i', [0, 1, 1])
[INFO] [1733652437.261451366] [fibonacci_action_client]: Received feedback: array('i', [0, 1, 1, 2])
[INFO] [1733652437.512531227] [fibonacci_action_client]: Received feedback: array('i', [0, 1, 1, 2, 3])
[INFO] [1733652437.763557146] [fibonacci_action_client]: Received feedback: array('i', [0, 1, 1, 2, 3, 5])
[INFO] [1733652438.014692162] [fibonacci_action_client]: Received feedback: array('i', [0, 1, 1, 2, 3, 5, 8])
[INFO] [1733652438.265562368] [fibonacci_action_client]: Received feedback: array('i', [0, 1, 1, 2, 3, 5, 8, 13])
[INFO] [1733652438.516846753] [fibonacci_action_client]: Received feedback: array('i', [0, 1, 1, 2, 3, 5, 8, 13, 21])
[INFO] [1733652438.768179774] [fibonacci_action_client]: Received feedback: array('i', [0, 1, 1, 2, 3, 5, 8, 13, 21, 34])
[INFO] [1733652439.019356200] [fibonacci_action_client]: Received feedback: array('i', [0, 1, 1, 2, 3, 5, 8, 13, 21, 34, 55])
[INFO] [1733652439.272592255] [fibonacci_action_client]: Result: array('i', [0, 1, 1, 2, 3, 5, 8, 13, 21, 34, 55])
[INFO] [1733652439.523596679] [fibonacci_action_client]: Sending goal with order 10
[INFO] [1733652443.799411078] [fibonacci_action_client]: Goal accepted, waiting for result.
[INFO] [1733652443.800170334] [fibonacci_action_client]: Received feedback: array('i', [0, 1, 1])
[INFO] [1733652444.050603365] [fibonacci_action_client]: Received feedback: array('i', [0, 1, 1, 2])
[INFO] [1733652444.301603085] [fibonacci_action_client]: Received feedback: array('i', [0, 1, 1, 2, 3])
[INFO] [1733652444.552692773] [fibonacci_action_client]: Received feedback: array('i', [0, 1, 1, 2, 3, 5])
[INFO] [1733652444.803986385] [fibonacci_action_client]: Received feedback: array('i', [0, 1, 1, 2, 3, 5, 8])
[INFO] [1733652445.055175884] [fibonacci_action_client]: Received feedback: array('i', [0, 1, 1, 2, 3, 5, 8, 13])
[INFO] [1733652445.306285208] [fibonacci_action_client]: Received feedback: array('i', [0, 1, 1, 2, 3, 5, 8, 13, 21])
[INFO] [1733652445.557501811] [fibonacci_action_client]: Received feedback: array('i', [0, 1, 1, 2, 3, 5, 8, 13, 21, 34])
[INFO] [1733652445.809110752] [fibonacci_action_client]: Received feedback: array('i', [0, 1, 1, 2, 3, 5, 8, 13, 21, 34, 55])
[INFO] [1733652446.062066235] [fibonacci_action_client]: Result: array('i', [0, 1, 1, 2, 3, 5, 8, 13, 21, 34, 55])
[INFO] [1733652446.312575101] [fibonacci_action_client]: Sending goal with order 10
[INFO] [1733652450.587656617] [fibonacci_action_client]: Goal accepted, waiting for result.
[INFO] [1733652450.588887448] [fibonacci_action_client]: Received feedback: array('i', [0, 1, 1])
[INFO] [1733652450.839372659] [fibonacci_action_client]: Received feedback: array('i', [0, 1, 1, 2])
[INFO] [1733652451.090447407] [fibonacci_action_client]: Received feedback: array('i', [0, 1, 1, 2, 3])
[INFO] [1733652451.341301914] [fibonacci_action_client]: Received feedback: array('i', [0, 1, 1, 2, 3, 5])
[INFO] [1733652451.592600383] [fibonacci_action_client]: Received feedback: array('i', [0, 1, 1, 2, 3, 5, 8])
[INFO] [1733652451.844012178] [fibonacci_action_client]: Received feedback: array('i', [0, 1, 1, 2, 3, 5, 8, 13])
[INFO] [1733652452.094985768] [fibonacci_action_client]: Received feedback: array('i', [0, 1, 1, 2, 3, 5, 8, 13, 21])
[INFO] [1733652452.346613554] [fibonacci_action_client]: Received feedback: array('i', [0, 1, 1, 2, 3, 5, 8, 13, 21, 34])
[INFO] [1733652452.597468901] [fibonacci_action_client]: Received feedback: array('i', [0, 1, 1, 2, 3, 5, 8, 13, 21, 34, 55])
[INFO] [1733652452.851143253] [fibonacci_action_client]: Result: array('i', [0, 1, 1, 2, 3, 5, 8, 13, 21, 34, 55])
[INFO] [1733652453.101898449] [fibonacci_action_client]: Sending goal with order 10
[INFO] [1733652457.378052153] [fibonacci_action_client]: Goal accepted, waiting for result.
[INFO] [1733652457.378711255] [fibonacci_action_client]: Received feedback: array('i', [0, 1, 1])
[INFO] [1733652457.629438800] [fibonacci_action_client]: Received feedback: array('i', [0, 1, 1, 2])
[INFO] [1733652457.880422388] [fibonacci_action_client]: Received feedback: array('i', [0, 1, 1, 2, 3])
[INFO] [1733652458.131671024] [fibonacci_action_client]: Received feedback: array('i', [0, 1, 1, 2, 3, 5])
[INFO] [1733652458.383000090] [fibonacci_action_client]: Received feedback: array('i', [0, 1, 1, 2, 3, 5, 8])
[INFO] [1733652458.634321705] [fibonacci_action_client]: Received feedback: array('i', [0, 1, 1, 2, 3, 5, 8, 13])
[INFO] [1733652458.885587251] [fibonacci_action_client]: Received feedback: array('i', [0, 1, 1, 2, 3, 5, 8, 13, 21])
[INFO] [1733652459.136826613] [fibonacci_action_client]: Received feedback: array('i', [0, 1, 1, 2, 3, 5, 8, 13, 21, 34])
[INFO] [1733652459.388161282] [fibonacci_action_client]: Received feedback: array('i', [0, 1, 1, 2, 3, 5, 8, 13, 21, 34, 55])
[INFO] [1733652459.643446168] [fibonacci_action_client]: Result: array('i', [0, 1, 1, 2, 3, 5, 8, 13, 21, 34, 55])
[INFO] [1733652459.894217581] [fibonacci_action_client]: Sending goal with order 10
[INFO] [1733652464.167876892] [fibonacci_action_client]: Goal accepted, waiting for result.
[INFO] [1733652464.168562895] [fibonacci_action_client]: Received feedback: array('i', [0, 1, 1])
[INFO] [1733652464.419656238] [fibonacci_action_client]: Received feedback: array('i', [0, 1, 1, 2])
[INFO] [1733652464.670660052] [fibonacci_action_client]: Received feedback: array('i', [0, 1, 1, 2, 3])
[INFO] [1733652464.921522417] [fibonacci_action_client]: Received feedback: array('i', [0, 1, 1, 2, 3, 5])
[INFO] [1733652465.172795526] [fibonacci_action_client]: Received feedback: array('i', [0, 1, 1, 2, 3, 5, 8])
[INFO] [1733652465.424137086] [fibonacci_action_client]: Received feedback: array('i', [0, 1, 1, 2, 3, 5, 8, 13])
[INFO] [1733652465.675371793] [fibonacci_action_client]: Received feedback: array('i', [0, 1, 1, 2, 3, 5, 8, 13, 21])
[INFO] [1733652465.926458104] [fibonacci_action_client]: Received feedback: array('i', [0, 1, 1, 2, 3, 5, 8, 13, 21, 34])
[INFO] [1733652466.177655441] [fibonacci_action_client]: Received feedback: array('i', [0, 1, 1, 2, 3, 5, 8, 13, 21, 34, 55])
[INFO] [1733652466.431075801] [fibonacci_action_client]: Result: array('i', [0, 1, 1, 2, 3, 5, 8, 13, 21, 34, 55])
[INFO] [1733652466.681992842] [fibonacci_action_client]: Sending goal with order 10
[INFO] [1733652470.957822598] [fibonacci_action_client]: Goal accepted, waiting for result.
[INFO] [1733652470.958486477] [fibonacci_action_client]: Received feedback: array('i', [0, 1, 1])
[INFO] [1733652471.209716167] [fibonacci_action_client]: Received feedback: array('i', [0, 1, 1, 2])
[INFO] [1733652471.461101063] [fibonacci_action_client]: Received feedback: array('i', [0, 1, 1, 2, 3])
[INFO] [1733652471.712140883] [fibonacci_action_client]: Received feedback: array('i', [0, 1, 1, 2, 3, 5])
[INFO] [1733652471.963236409] [fibonacci_action_client]: Received feedback: array('i', [0, 1, 1, 2, 3, 5, 8])
[INFO] [1733652472.214441704] [fibonacci_action_client]: Received feedback: array('i', [0, 1, 1, 2, 3, 5, 8, 13])
[INFO] [1733652472.465401847] [fibonacci_action_client]: Received feedback: array('i', [0, 1, 1, 2, 3, 5, 8, 13, 21])
[INFO] [1733652472.716584289] [fibonacci_action_client]: Received feedback: array('i', [0, 1, 1, 2, 3, 5, 8, 13, 21, 34])
[INFO] [1733652472.967488114] [fibonacci_action_client]: Received feedback: array('i', [0, 1, 1, 2, 3, 5, 8, 13, 21, 34, 55])
[INFO] [1733652473.221266272] [fibonacci_action_client]: Result: array('i', [0, 1, 1, 2, 3, 5, 8, 13, 21, 34, 55])
[INFO] [1733652473.471984267] [fibonacci_action_client]: Sending goal with order 10
[INFO] [1733652477.746142839] [fibonacci_action_client]: Goal accepted, waiting for result.
[INFO] [1733652477.746851490] [fibonacci_action_client]: Received feedback: array('i', [0, 1, 1])
[INFO] [1733652477.997397789] [fibonacci_action_client]: Received feedback: array('i', [0, 1, 1, 2])
[INFO] [1733652478.248697690] [fibonacci_action_client]: Received feedback: array('i', [0, 1, 1, 2, 3])
[INFO] [1733652478.499719321] [fibonacci_action_client]: Received feedback: array('i', [0, 1, 1, 2, 3, 5])
[INFO] [1733652478.750652548] [fibonacci_action_client]: Received feedback: array('i', [0, 1, 1, 2, 3, 5, 8])
[INFO] [1733652479.001609762] [fibonacci_action_client]: Received feedback: array('i', [0, 1, 1, 2, 3, 5, 8, 13])
[INFO] [1733652479.252864032] [fibonacci_action_client]: Received feedback: array('i', [0, 1, 1, 2, 3, 5, 8, 13, 21])
[INFO] [1733652479.504371827] [fibonacci_action_client]: Received feedback: array('i', [0, 1, 1, 2, 3, 5, 8, 13, 21, 34])
[INFO] [1733652479.755427911] [fibonacci_action_client]: Received feedback: array('i', [0, 1, 1, 2, 3, 5, 8, 13, 21, 34, 55])
[INFO] [1733652480.008793983] [fibonacci_action_client]: Result: array('i', [0, 1, 1, 2, 3, 5, 8, 13, 21, 34, 55])
[INFO] [1733652480.259687361] [fibonacci_action_client]: Sending goal with order 10
[INFO] [1733652484.534477665] [fibonacci_action_client]: Goal accepted, waiting for result.
[INFO] [1733652484.535223381] [fibonacci_action_client]: Received feedback: array('i', [0, 1, 1])
[INFO] [1733652484.784960956] [fibonacci_action_client]: Received feedback: array('i', [0, 1, 1, 2])
[INFO] [1733652485.036303575] [fibonacci_action_client]: Received feedback: array('i', [0, 1, 1, 2, 3])
[INFO] [1733652485.287504285] [fibonacci_action_client]: Received feedback: array('i', [0, 1, 1, 2, 3, 5])
[INFO] [1733652485.538888056] [fibonacci_action_client]: Received feedback: array('i', [0, 1, 1, 2, 3, 5, 8])
[INFO] [1733652485.790474762] [fibonacci_action_client]: Received feedback: array('i', [0, 1, 1, 2, 3, 5, 8, 13])
[INFO] [1733652486.041592055] [fibonacci_action_client]: Received feedback: array('i', [0, 1, 1, 2, 3, 5, 8, 13, 21])
[INFO] [1733652486.293037925] [fibonacci_action_client]: Received feedback: array('i', [0, 1, 1, 2, 3, 5, 8, 13, 21, 34])
[INFO] [1733652486.544307384] [fibonacci_action_client]: Received feedback: array('i', [0, 1, 1, 2, 3, 5, 8, 13, 21, 34, 55])
[INFO] [1733652486.798210250] [fibonacci_action_client]: Result: array('i', [0, 1, 1, 2, 3, 5, 8, 13, 21, 34, 55])
[INFO] [1733652487.049075405] [fibonacci_action_client]: Sending goal with order 10
[INFO] [1733652491.323351637] [fibonacci_action_client]: Goal accepted, waiting for result.
[INFO] [1733652491.324083157] [fibonacci_action_client]: Received feedback: array('i', [0, 1, 1])
[INFO] [1733652491.573762393] [fibonacci_action_client]: Received feedback: array('i', [0, 1, 1, 2])
[INFO] [1733652491.825043808] [fibonacci_action_client]: Received feedback: array('i', [0, 1, 1, 2, 3])
[INFO] [1733652492.076184647] [fibonacci_action_client]: Received feedback: array('i', [0, 1, 1, 2, 3, 5])
[INFO] [1733652492.327384224] [fibonacci_action_client]: Received feedback: array('i', [0, 1, 1, 2, 3, 5, 8])
[INFO] [1733652492.578409301] [fibonacci_action_client]: Received feedback: array('i', [0, 1, 1, 2, 3, 5, 8, 13])
[INFO] [1733652492.829482986] [fibonacci_action_client]: Received feedback: array('i', [0, 1, 1, 2, 3, 5, 8, 13, 21])
[INFO] [1733652493.080768450] [fibonacci_action_client]: Received feedback: array('i', [0, 1, 1, 2, 3, 5, 8, 13, 21, 34])
[INFO] [1733652493.332213236] [fibonacci_action_client]: Received feedback: array('i', [0, 1, 1, 2, 3, 5, 8, 13, 21, 34, 55])
[INFO] [1733652493.586587964] [fibonacci_action_client]: Result: array('i', [0, 1, 1, 2, 3, 5, 8, 13, 21, 34, 55])
[INFO] [1733652493.837456762] [fibonacci_action_client]: Sending goal with order 10
[INFO] [1733652498.114452512] [fibonacci_action_client]: Received feedback: array('i', [0, 1, 1])
[INFO] [1733652498.114889347] [fibonacci_action_client]: Goal accepted, waiting for result.
[INFO] [1733652498.362030189] [fibonacci_action_client]: Received feedback: array('i', [0, 1, 1, 2])
[INFO] [1733652498.613492131] [fibonacci_action_client]: Received feedback: array('i', [0, 1, 1, 2, 3])
[INFO] [1733652498.864537131] [fibonacci_action_client]: Received feedback: array('i', [0, 1, 1, 2, 3, 5])
[INFO] [1733652499.115441312] [fibonacci_action_client]: Received feedback: array('i', [0, 1, 1, 2, 3, 5, 8])
[INFO] [1733652499.366692077] [fibonacci_action_client]: Received feedback: array('i', [0, 1, 1, 2, 3, 5, 8, 13])
[INFO] [1733652499.617793642] [fibonacci_action_client]: Received feedback: array('i', [0, 1, 1, 2, 3, 5, 8, 13, 21])
[INFO] [1733652499.868902602] [fibonacci_action_client]: Received feedback: array('i', [0, 1, 1, 2, 3, 5, 8, 13, 21, 34])
[INFO] [1733652500.120227676] [fibonacci_action_client]: Received feedback: array('i', [0, 1, 1, 2, 3, 5, 8, 13, 21, 34, 55])
[INFO] [1733652500.377010977] [fibonacci_action_client]: Result: array('i', [0, 1, 1, 2, 3, 5, 8, 13, 21, 34, 55])
[INFO] [1733652500.628045856] [fibonacci_action_client]: Sending goal with order 10
[INFO] [1733652504.901151382] [fibonacci_action_client]: Received feedback: array('i', [0, 1, 1])
[INFO] [1733652504.901646923] [fibonacci_action_client]: Goal accepted, waiting for result.
[INFO] [1733652505.149412206] [fibonacci_action_client]: Received feedback: array('i', [0, 1, 1, 2])
[INFO] [1733652505.400782101] [fibonacci_action_client]: Received feedback: array('i', [0, 1, 1, 2, 3])
[INFO] [1733652505.652243719] [fibonacci_action_client]: Received feedback: array('i', [0, 1, 1, 2, 3, 5])
[INFO] [1733652505.903011276] [fibonacci_action_client]: Received feedback: array('i', [0, 1, 1, 2, 3, 5, 8])
[INFO] [1733652506.154207415] [fibonacci_action_client]: Received feedback: array('i', [0, 1, 1, 2, 3, 5, 8, 13])
[INFO] [1733652506.405567140] [fibonacci_action_client]: Received feedback: array('i', [0, 1, 1, 2, 3, 5, 8, 13, 21])
[INFO] [1733652506.657029352] [fibonacci_action_client]: Received feedback: array('i', [0, 1, 1, 2, 3, 5, 8, 13, 21, 34])
[INFO] [1733652506.908357638] [fibonacci_action_client]: Received feedback: array('i', [0, 1, 1, 2, 3, 5, 8, 13, 21, 34, 55])
[INFO] [1733652507.165635402] [fibonacci_action_client]: Result: array('i', [0, 1, 1, 2, 3, 5, 8, 13, 21, 34, 55])
[INFO] [1733652507.416497265] [fibonacci_action_client]: Sending goal with order 10
[INFO] [1733652511.689724745] [fibonacci_action_client]: Received feedback: array('i', [0, 1, 1])
[INFO] [1733652511.690148852] [fibonacci_action_client]: Goal accepted, waiting for result.
[INFO] [1733652511.939751143] [fibonacci_action_client]: Received feedback: array('i', [0, 1, 1, 2])
[INFO] [1733652512.190676113] [fibonacci_action_client]: Received feedback: array('i', [0, 1, 1, 2, 3])
[INFO] [1733652512.441742343] [fibonacci_action_client]: Received feedback: array('i', [0, 1, 1, 2, 3, 5])
[INFO] [1733652512.693106575] [fibonacci_action_client]: Received feedback: array('i', [0, 1, 1, 2, 3, 5, 8])
[INFO] [1733652512.944014211] [fibonacci_action_client]: Received feedback: array('i', [0, 1, 1, 2, 3, 5, 8, 13])
[INFO] [1733652513.195232429] [fibonacci_action_client]: Received feedback: array('i', [0, 1, 1, 2, 3, 5, 8, 13, 21])
[INFO] [1733652513.446639300] [fibonacci_action_client]: Received feedback: array('i', [0, 1, 1, 2, 3, 5, 8, 13, 21, 34])
[INFO] [1733652513.697591232] [fibonacci_action_client]: Received feedback: array('i', [0, 1, 1, 2, 3, 5, 8, 13, 21, 34, 55])
[INFO] [1733652513.952457471] [fibonacci_action_client]: Result: array('i', [0, 1, 1, 2, 3, 5, 8, 13, 21, 34, 55])
[INFO] [1733652514.203139533] [fibonacci_action_client]: Sending goal with order 10
[INFO] [1733652518.478193034] [fibonacci_action_client]: Goal accepted, waiting for result.
[INFO] [1733652518.478996098] [fibonacci_action_client]: Received feedback: array('i', [0, 1, 1])
[INFO] [1733652518.727990848] [fibonacci_action_client]: Received feedback: array('i', [0, 1, 1, 2])
[INFO] [1733652518.978662506] [fibonacci_action_client]: Received feedback: array('i', [0, 1, 1, 2, 3])
[INFO] [1733652519.229545047] [fibonacci_action_client]: Received feedback: array('i', [0, 1, 1, 2, 3, 5])
[INFO] [1733652519.480671068] [fibonacci_action_client]: Received feedback: array('i', [0, 1, 1, 2, 3, 5, 8])
[INFO] [1733652519.731904306] [fibonacci_action_client]: Received feedback: array('i', [0, 1, 1, 2, 3, 5, 8, 13])
[INFO] [1733652519.983046905] [fibonacci_action_client]: Received feedback: array('i', [0, 1, 1, 2, 3, 5, 8, 13, 21])
[INFO] [1733652520.233942219] [fibonacci_action_client]: Received feedback: array('i', [0, 1, 1, 2, 3, 5, 8, 13, 21, 34])
[INFO] [1733652520.485285832] [fibonacci_action_client]: Received feedback: array('i', [0, 1, 1, 2, 3, 5, 8, 13, 21, 34, 55])
[INFO] [1733652520.743296828] [fibonacci_action_client]: Result: array('i', [0, 1, 1, 2, 3, 5, 8, 13, 21, 34, 55])
[INFO] [1733652520.994331480] [fibonacci_action_client]: Sending goal with order 10
[INFO] [1733652525.268153228] [fibonacci_action_client]: Goal accepted, waiting for result.
[INFO] [1733652530.269332884] [fibonacci_action_client]: Result not received due to timeout.
RAPL is not set
3652523.252704688] [fibonacci_action_client]: Received feedback: array('i', [0, 1, 1, 2])
[INFO] [1733652523.503660061] [fibonacci_action_client]: Received feedback: array('i', [0, 1, 1, 2, 3])
[INFO] [1733652523.754835674] [fibonacci_action_client]: Received feedback: array('i', [0, 1, 1, 2, 3, 5])
[INFO] [1733652524.006100671] [fibonacci_action_client]: Received feedback: array('i', [0, 1, 1, 2, 3, 5, 8])
[INFO] [1733652524.257102251] [fibonacci_action_client]: Received feedback: array('i', [0, 1, 1, 2, 3, 5, 8, 13])
[INFO] [1733652524.508445105] [fibonacci_action_client]: Received feedback: array('i', [0, 1, 1, 2, 3, 5, 8, 13, 21])
[INFO] [1733652524.759424644] [fibonacci_action_client]: Received feedback: array('i', [0, 1, 1, 2, 3, 5, 8, 13, 21, 34])
[INFO] [1733652525.010425804] [fibonacci_action_client]: Received feedback: array('i', [0, 1, 1, 2, 3, 5, 8, 13, 21, 34, 55])
[INFO] [1733652528.007515423] [fibonacci_action_client]: Result not received due to timeout.
RAPL is not set
 55])
[INFO] [1733652523.253494413] [fibonacci_action_client]: Sending goal with order 10
Traceback (most recent call last):
  File "/home/michel/Documents/GitHub/energy-ros2-cpp-python/install/action_tutorials_py/lib/action_tutorials_py/action_client", line 33, in <module>
    sys.exit(load_entry_point('action-tutorials-py==0.0.0', 'console_scripts', 'action_client')())
  File "/home/michel/Documents/GitHub/energy-ros2-cpp-python/install/action_tutorials_py/lib/python3.10/site-packages/action_tutorials_py/fibonacci_action_client.py", line 110, in main
    if not action_client.send_goal_and_wait(10):
  File "/home/michel/Documents/GitHub/energy-ros2-cpp-python/install/action_tutorials_py/lib/python3.10/site-packages/action_tutorials_py/fibonacci_action_client.py", line 44, in send_goal_and_wait
    if not self._goal_handle.accepted:
AttributeError: 'NoneType' object has no attribute 'accepted'
[ros2run]: Process exited with failure 1
RAPL is set
