[INFO] [1733756597.887273305] [fibonacci_action_client]: Sending goal with order 10
[INFO] [1733756607.161496124] [fibonacci_action_client]: Goal accepted, waiting for result.
[INFO] [1733756607.162975557] [fibonacci_action_client]: Received feedback: array('i', [0, 1, 1])
[INFO] [1733756608.164743639] [fibonacci_action_client]: Received feedback: array('i', [0, 1, 1, 2])
[INFO] [1733756609.166805380] [fibonacci_action_client]: Received feedback: array('i', [0, 1, 1, 2, 3])
[INFO] [1733756610.168728744] [fibonacci_action_client]: Received feedback: array('i', [0, 1, 1, 2, 3, 5])
[INFO] [1733756611.170550507] [fibonacci_action_client]: Received feedback: array('i', [0, 1, 1, 2, 3, 5, 8])
[INFO] [1733756612.172493422] [fibonacci_action_client]: Received feedback: array('i', [0, 1, 1, 2, 3, 5, 8, 13])
[INFO] [1733756613.174286121] [fibonacci_action_client]: Received feedback: array('i', [0, 1, 1, 2, 3, 5, 8, 13, 21])
[INFO] [1733756614.175888967] [fibonacci_action_client]: Received feedback: array('i', [0, 1, 1, 2, 3, 5, 8, 13, 21, 34])
[INFO] [1733756615.177845162] [fibonacci_action_client]: Received feedback: array('i', [0, 1, 1, 2, 3, 5, 8, 13, 21, 34, 55])
[INFO] [1733756616.179604594] [fibonacci_action_client]: Result: array('i', [0, 1, 1, 2, 3, 5, 8, 13, 21, 34, 55])
[INFO] [1733756617.181272240] [fibonacci_action_client]: Sending goal with order 10
[INFO] [1733756625.198157162] [fibonacci_action_client]: Goal accepted, waiting for result.
[INFO] [1733756625.199692872] [fibonacci_action_client]: Received feedback: array('i', [0, 1, 1])
[INFO] [1733756626.201366484] [fibonacci_action_client]: Received feedback: array('i', [0, 1, 1, 2])
[INFO] [1733756627.202872703] [fibonacci_action_client]: Received feedback: array('i', [0, 1, 1, 2, 3])
[INFO] [1733756628.203770222] [fibonacci_action_client]: Received feedback: array('i', [0, 1, 1, 2, 3, 5])
[INFO] [1733756629.205689947] [fibonacci_action_client]: Received feedback: array('i', [0, 1, 1, 2, 3, 5, 8])
[INFO] [1733756630.206885227] [fibonacci_action_client]: Received feedback: array('i', [0, 1, 1, 2, 3, 5, 8, 13])
[INFO] [1733756631.208885638] [fibonacci_action_client]: Received feedback: array('i', [0, 1, 1, 2, 3, 5, 8, 13, 21])
[INFO] [1733756632.210369427] [fibonacci_action_client]: Received feedback: array('i', [0, 1, 1, 2, 3, 5, 8, 13, 21, 34])
[INFO] [1733756633.212524653] [fibonacci_action_client]: Received feedback: array('i', [0, 1, 1, 2, 3, 5, 8, 13, 21, 34, 55])
[INFO] [1733756634.215988446] [fibonacci_action_client]: Result: array('i', [0, 1, 1, 2, 3, 5, 8, 13, 21, 34, 55])
[INFO] [1733756635.217773644] [fibonacci_action_client]: Sending goal with order 10
[INFO] [1733756643.234366830] [fibonacci_action_client]: Goal accepted, waiting for result.
[INFO] [1733756643.236075665] [fibonacci_action_client]: Received feedback: array('i', [0, 1, 1])
[INFO] [1733756644.238454745] [fibonacci_action_client]: Received feedback: array('i', [0, 1, 1, 2])
[INFO] [1733756645.240003050] [fibonacci_action_client]: Received feedback: array('i', [0, 1, 1, 2, 3])
[INFO] [1733756646.240852469] [fibonacci_action_client]: Received feedback: array('i', [0, 1, 1, 2, 3, 5])
[INFO] [1733756647.242762868] [fibonacci_action_client]: Received feedback: array('i', [0, 1, 1, 2, 3, 5, 8])
[INFO] [1733756648.244421480] [fibonacci_action_client]: Received feedback: array('i', [0, 1, 1, 2, 3, 5, 8, 13])
[INFO] [1733756649.246490337] [fibonacci_action_client]: Received feedback: array('i', [0, 1, 1, 2, 3, 5, 8, 13, 21])
[INFO] [1733756650.248423974] [fibonacci_action_client]: Received feedback: array('i', [0, 1, 1, 2, 3, 5, 8, 13, 21, 34])
[INFO] [1733756651.250436582] [fibonacci_action_client]: Received feedback: array('i', [0, 1, 1, 2, 3, 5, 8, 13, 21, 34, 55])
[INFO] [1733756652.253970600] [fibonacci_action_client]: Result: array('i', [0, 1, 1, 2, 3, 5, 8, 13, 21, 34, 55])
[INFO] [1733756653.255980705] [fibonacci_action_client]: Sending goal with order 10
[INFO] [1733756661.269818414] [fibonacci_action_client]: Goal accepted, waiting for result.
[INFO] [1733756661.271195197] [fibonacci_action_client]: Received feedback: array('i', [0, 1, 1])
[INFO] [1733756662.273428742] [fibonacci_action_client]: Received feedback: array('i', [0, 1, 1, 2])
[INFO] [1733756663.274989276] [fibonacci_action_client]: Received feedback: array('i', [0, 1, 1, 2, 3])
[INFO] [1733756664.276956739] [fibonacci_action_client]: Received feedback: array('i', [0, 1, 1, 2, 3, 5])
[INFO] [1733756665.278470142] [fibonacci_action_client]: Received feedback: array('i', [0, 1, 1, 2, 3, 5, 8])
[INFO] [1733756666.280079717] [fibonacci_action_client]: Received feedback: array('i', [0, 1, 1, 2, 3, 5, 8, 13])
[INFO] [1733756667.282141441] [fibonacci_action_client]: Received feedback: array('i', [0, 1, 1, 2, 3, 5, 8, 13, 21])
[INFO] [1733756668.282719986] [fibonacci_action_client]: Received feedback: array('i', [0, 1, 1, 2, 3, 5, 8, 13, 21, 34])
[INFO] [1733756669.284367689] [fibonacci_action_client]: Received feedback: array('i', [0, 1, 1, 2, 3, 5, 8, 13, 21, 34, 55])
[INFO] [1733756670.287658966] [fibonacci_action_client]: Result: array('i', [0, 1, 1, 2, 3, 5, 8, 13, 21, 34, 55])
[INFO] [1733756671.289532555] [fibonacci_action_client]: Sending goal with order 10
[INFO] [1733756679.302544128] [fibonacci_action_client]: Goal accepted, waiting for result.
[INFO] [1733756679.303736251] [fibonacci_action_client]: Received feedback: array('i', [0, 1, 1])
[INFO] [1733756680.305977440] [fibonacci_action_client]: Received feedback: array('i', [0, 1, 1, 2])
[INFO] [1733756681.306627352] [fibonacci_action_client]: Received feedback: array('i', [0, 1, 1, 2, 3])
[INFO] [1733756682.308425332] [fibonacci_action_client]: Received feedback: array('i', [0, 1, 1, 2, 3, 5])
[INFO] [1733756683.310712803] [fibonacci_action_client]: Received feedback: array('i', [0, 1, 1, 2, 3, 5, 8])
[INFO] [1733756684.312043336] [fibonacci_action_client]: Received feedback: array('i', [0, 1, 1, 2, 3, 5, 8, 13])
[INFO] [1733756685.314391917] [fibonacci_action_client]: Received feedback: array('i', [0, 1, 1, 2, 3, 5, 8, 13, 21])
[INFO] [1733756686.316325581] [fibonacci_action_client]: Received feedback: array('i', [0, 1, 1, 2, 3, 5, 8, 13, 21, 34])
[INFO] [1733756687.318407350] [fibonacci_action_client]: Received feedback: array('i', [0, 1, 1, 2, 3, 5, 8, 13, 21, 34, 55])
[INFO] [1733756688.321577300] [fibonacci_action_client]: Result: array('i', [0, 1, 1, 2, 3, 5, 8, 13, 21, 34, 55])
[INFO] [1733756689.323331559] [fibonacci_action_client]: Sending goal with order 10
[INFO] [1733756697.339105567] [fibonacci_action_client]: Goal accepted, waiting for result.
[INFO] [1733756697.339812244] [fibonacci_action_client]: Received feedback: array('i', [0, 1, 1])
[INFO] [1733756698.341923161] [fibonacci_action_client]: Received feedback: array('i', [0, 1, 1, 2])
[INFO] [1733756699.342811055] [fibonacci_action_client]: Received feedback: array('i', [0, 1, 1, 2, 3])
[INFO] [1733756700.344908208] [fibonacci_action_client]: Received feedback: array('i', [0, 1, 1, 2, 3, 5])
[INFO] [1733756701.346816071] [fibonacci_action_client]: Received feedback: array('i', [0, 1, 1, 2, 3, 5, 8])
[INFO] [1733756702.348453255] [fibonacci_action_client]: Received feedback: array('i', [0, 1, 1, 2, 3, 5, 8, 13])
[INFO] [1733756703.350580375] [fibonacci_action_client]: Received feedback: array('i', [0, 1, 1, 2, 3, 5, 8, 13, 21])
[INFO] [1733756704.351454849] [fibonacci_action_client]: Received feedback: array('i', [0, 1, 1, 2, 3, 5, 8, 13, 21, 34])
[INFO] [1733756705.353608564] [fibonacci_action_client]: Received feedback: array('i', [0, 1, 1, 2, 3, 5, 8, 13, 21, 34, 55])
[INFO] [1733756706.356175226] [fibonacci_action_client]: Result: array('i', [0, 1, 1, 2, 3, 5, 8, 13, 21, 34, 55])
[INFO] [1733756707.357951970] [fibonacci_action_client]: Sending goal with order 10
[INFO] [1733756715.371937257] [fibonacci_action_client]: Goal accepted, waiting for result.
[INFO] [1733756715.373149818] [fibonacci_action_client]: Received feedback: array('i', [0, 1, 1])
[INFO] [1733756716.374997799] [fibonacci_action_client]: Received feedback: array('i', [0, 1, 1, 2])
[INFO] [1733756717.375877040] [fibonacci_action_client]: Received feedback: array('i', [0, 1, 1, 2, 3])
[INFO] [1733756718.377540744] [fibonacci_action_client]: Received feedback: array('i', [0, 1, 1, 2, 3, 5])
[INFO] [1733756719.379030917] [fibonacci_action_client]: Received feedback: array('i', [0, 1, 1, 2, 3, 5, 8])
[INFO] [1733756720.381089203] [fibonacci_action_client]: Received feedback: array('i', [0, 1, 1, 2, 3, 5, 8, 13])
[INFO] [1733756721.382897348] [fibonacci_action_client]: Received feedback: array('i', [0, 1, 1, 2, 3, 5, 8, 13, 21])
[INFO] [1733756722.384783105] [fibonacci_action_client]: Received feedback: array('i', [0, 1, 1, 2, 3, 5, 8, 13, 21, 34])
[INFO] [1733756723.386862295] [fibonacci_action_client]: Received feedback: array('i', [0, 1, 1, 2, 3, 5, 8, 13, 21, 34, 55])
[INFO] [1733756724.389994021] [fibonacci_action_client]: Result: array('i', [0, 1, 1, 2, 3, 5, 8, 13, 21, 34, 55])
[INFO] [1733756725.391742459] [fibonacci_action_client]: Sending goal with order 10
[INFO] [1733756733.407121649] [fibonacci_action_client]: Goal accepted, waiting for result.
[INFO] [1733756733.408743518] [fibonacci_action_client]: Received feedback: array('i', [0, 1, 1])
[INFO] [1733756734.410413861] [fibonacci_action_client]: Received feedback: array('i', [0, 1, 1, 2])
[INFO] [1733756735.412443472] [fibonacci_action_client]: Received feedback: array('i', [0, 1, 1, 2, 3])
[INFO] [1733756736.414324062] [fibonacci_action_client]: Received feedback: array('i', [0, 1, 1, 2, 3, 5])
[INFO] [1733756737.415730690] [fibonacci_action_client]: Received feedback: array('i', [0, 1, 1, 2, 3, 5, 8])
[INFO] [1733756738.417784922] [fibonacci_action_client]: Received feedback: array('i', [0, 1, 1, 2, 3, 5, 8, 13])
[INFO] [1733756739.418753505] [fibonacci_action_client]: Received feedback: array('i', [0, 1, 1, 2, 3, 5, 8, 13, 21])
[INFO] [1733756740.420547316] [fibonacci_action_client]: Received feedback: array('i', [0, 1, 1, 2, 3, 5, 8, 13, 21, 34])
[INFO] [1733756741.422623170] [fibonacci_action_client]: Received feedback: array('i', [0, 1, 1, 2, 3, 5, 8, 13, 21, 34, 55])
[INFO] [1733756742.425492131] [fibonacci_action_client]: Result: array('i', [0, 1, 1, 2, 3, 5, 8, 13, 21, 34, 55])
[INFO] [1733756743.427116179] [fibonacci_action_client]: Sending goal with order 10
[INFO] [1733756751.441895522] [fibonacci_action_client]: Goal accepted, waiting for result.
[INFO] [1733756751.443225391] [fibonacci_action_client]: Received feedback: array('i', [0, 1, 1])
[INFO] [1733756752.445469516] [fibonacci_action_client]: Received feedback: array('i', [0, 1, 1, 2])
[INFO] [1733756753.447071660] [fibonacci_action_client]: Received feedback: array('i', [0, 1, 1, 2, 3])
[INFO] [1733756754.448885691] [fibonacci_action_client]: Received feedback: array('i', [0, 1, 1, 2, 3, 5])
[INFO] [1733756755.450891513] [fibonacci_action_client]: Received feedback: array('i', [0, 1, 1, 2, 3, 5, 8])
[INFO] [1733756756.452863032] [fibonacci_action_client]: Received feedback: array('i', [0, 1, 1, 2, 3, 5, 8, 13])
[INFO] [1733756757.454511756] [fibonacci_action_client]: Received feedback: array('i', [0, 1, 1, 2, 3, 5, 8, 13, 21])
[INFO] [1733756758.456505995] [fibonacci_action_client]: Received feedback: array('i', [0, 1, 1, 2, 3, 5, 8, 13, 21, 34])
[INFO] [1733756759.458544109] [fibonacci_action_client]: Received feedback: array('i', [0, 1, 1, 2, 3, 5, 8, 13, 21, 34, 55])
[INFO] [1733756760.461792122] [fibonacci_action_client]: Result: array('i', [0, 1, 1, 2, 3, 5, 8, 13, 21, 34, 55])
[INFO] [1733756761.463592208] [fibonacci_action_client]: Sending goal with order 10
[INFO] [1733756769.479014315] [fibonacci_action_client]: Goal accepted, waiting for result.
[INFO] [1733756769.479688656] [fibonacci_action_client]: Received feedback: array('i', [0, 1, 1])
[INFO] [1733756770.481640192] [fibonacci_action_client]: Received feedback: array('i', [0, 1, 1, 2])
[INFO] [1733756771.482868023] [fibonacci_action_client]: Received feedback: array('i', [0, 1, 1, 2, 3])
[INFO] [1733756772.484591169] [fibonacci_action_client]: Received feedback: array('i', [0, 1, 1, 2, 3, 5])
[INFO] [1733756773.486504343] [fibonacci_action_client]: Received feedback: array('i', [0, 1, 1, 2, 3, 5, 8])
[INFO] [1733756774.488192981] [fibonacci_action_client]: Received feedback: array('i', [0, 1, 1, 2, 3, 5, 8, 13])
[INFO] [1733756775.489891117] [fibonacci_action_client]: Received feedback: array('i', [0, 1, 1, 2, 3, 5, 8, 13, 21])
[INFO] [1733756776.490986253] [fibonacci_action_client]: Received feedback: array('i', [0, 1, 1, 2, 3, 5, 8, 13, 21, 34])
[INFO] [1733756777.492490556] [fibonacci_action_client]: Received feedback: array('i', [0, 1, 1, 2, 3, 5, 8, 13, 21, 34, 55])
[INFO] [1733756769.479594771] [fibonacci_action_client]: Result: array('i', [0, 1, 1, 2, 3, 5, 8, 13, 21, 34, 55])
[INFO] [1733756770.481334172] [fibonacci_action_client]: Sending goal with order 10
[INFO] [1733756778.495021104] [fibonacci_action_client]: Goal accepted, waiting for result.
