[INFO] [1733772914.268545144] [fibonacci_action_client]: Sending goal with order 10
[INFO] [1733772914.270122445] [fibonacci_action_client]: Goal accepted, waiting for result.
[INFO] [1733772914.282389151] [fibonacci_action_client]: Received feedback: array('i', [0, 1, 1])
[INFO] [1733772914.533170227] [fibonacci_action_client]: Received feedback: array('i', [0, 1, 1, 2])
[INFO] [1733772914.784286863] [fibonacci_action_client]: Received feedback: array('i', [0, 1, 1, 2, 3])
[INFO] [1733772915.035240707] [fibonacci_action_client]: Received feedback: array('i', [0, 1, 1, 2, 3, 5])
[INFO] [1733772915.286335736] [fibonacci_action_client]: Received feedback: array('i', [0, 1, 1, 2, 3, 5, 8])
[INFO] [1733772915.537303390] [fibonacci_action_client]: Received feedback: array('i', [0, 1, 1, 2, 3, 5, 8, 13])
[INFO] [1733772915.788336193] [fibonacci_action_client]: Received feedback: array('i', [0, 1, 1, 2, 3, 5, 8, 13, 21])
[INFO] [1733772916.039140664] [fibonacci_action_client]: Received feedback: array('i', [0, 1, 1, 2, 3, 5, 8, 13, 21, 34])
[INFO] [1733772916.290095760] [fibonacci_action_client]: Received feedback: array('i', [0, 1, 1, 2, 3, 5, 8, 13, 21, 34, 55])
[INFO] [1733772916.541620131] [fibonacci_action_client]: Result: array('i', [0, 1, 1, 2, 3, 5, 8, 13, 21, 34, 55])
[INFO] [1733772916.792645411] [fibonacci_action_client]: Sending goal with order 10
[INFO] [1733772916.794546467] [fibonacci_action_client]: Goal accepted, waiting for result.
[INFO] [1733772916.796479618] [fibonacci_action_client]: Received feedback: array('i', [0, 1, 1])
[INFO] [1733772917.048461479] [fibonacci_action_client]: Received feedback: array('i', [0, 1, 1, 2])
[INFO] [1733772917.299332725] [fibonacci_action_client]: Received feedback: array('i', [0, 1, 1, 2, 3])
[INFO] [1733772917.550329073] [fibonacci_action_client]: Received feedback: array('i', [0, 1, 1, 2, 3, 5])
[INFO] [1733772917.800821699] [fibonacci_action_client]: Received feedback: array('i', [0, 1, 1, 2, 3, 5, 8])
[INFO] [1733772918.051827015] [fibonacci_action_client]: Received feedback: array('i', [0, 1, 1, 2, 3, 5, 8, 13])
[INFO] [1733772918.302522443] [fibonacci_action_client]: Received feedback: array('i', [0, 1, 1, 2, 3, 5, 8, 13, 21])
[INFO] [1733772918.553511175] [fibonacci_action_client]: Received feedback: array('i', [0, 1, 1, 2, 3, 5, 8, 13, 21, 34])
[INFO] [1733772918.804583846] [fibonacci_action_client]: Received feedback: array('i', [0, 1, 1, 2, 3, 5, 8, 13, 21, 34, 55])
[INFO] [1733772919.055690405] [fibonacci_action_client]: Result: array('i', [0, 1, 1, 2, 3, 5, 8, 13, 21, 34, 55])
[INFO] [1733772919.306523796] [fibonacci_action_client]: Sending goal with order 10
[INFO] [1733772919.308265842] [fibonacci_action_client]: Goal accepted, waiting for result.
[INFO] [1733772919.310446219] [fibonacci_action_client]: Received feedback: array('i', [0, 1, 1])
[INFO] [1733772919.560829860] [fibonacci_action_client]: Received feedback: array('i', [0, 1, 1, 2])
[INFO] [1733772919.811702929] [fibonacci_action_client]: Received feedback: array('i', [0, 1, 1, 2, 3])
[INFO] [1733772920.062874200] [fibonacci_action_client]: Received feedback: array('i', [0, 1, 1, 2, 3, 5])
[INFO] [1733772920.313592757] [fibonacci_action_client]: Received feedback: array('i', [0, 1, 1, 2, 3, 5, 8])
[INFO] [1733772920.564449667] [fibonacci_action_client]: Received feedback: array('i', [0, 1, 1, 2, 3, 5, 8, 13])
[INFO] [1733772920.815367760] [fibonacci_action_client]: Received feedback: array('i', [0, 1, 1, 2, 3, 5, 8, 13, 21])
[INFO] [1733772921.066400641] [fibonacci_action_client]: Received feedback: array('i', [0, 1, 1, 2, 3, 5, 8, 13, 21, 34])
[INFO] [1733772921.317634414] [fibonacci_action_client]: Received feedback: array('i', [0, 1, 1, 2, 3, 5, 8, 13, 21, 34, 55])
[INFO] [1733772921.568970704] [fibonacci_action_client]: Result: array('i', [0, 1, 1, 2, 3, 5, 8, 13, 21, 34, 55])
[INFO] [1733772921.819910032] [fibonacci_action_client]: Sending goal with order 10
[INFO] [1733772921.821437729] [fibonacci_action_client]: Goal accepted, waiting for result.
[INFO] [1733772921.822690487] [fibonacci_action_client]: Received feedback: array('i', [0, 1, 1])
[INFO] [1733772922.073726807] [fibonacci_action_client]: Received feedback: array('i', [0, 1, 1, 2])
[INFO] [1733772922.324825216] [fibonacci_action_client]: Received feedback: array('i', [0, 1, 1, 2, 3])
[INFO] [1733772922.575580147] [fibonacci_action_client]: Received feedback: array('i', [0, 1, 1, 2, 3, 5])
[INFO] [1733772922.826825323] [fibonacci_action_client]: Received feedback: array('i', [0, 1, 1, 2, 3, 5, 8])
[INFO] [1733772923.077758237] [fibonacci_action_client]: Received feedback: array('i', [0, 1, 1, 2, 3, 5, 8, 13])
[INFO] [1733772923.328735114] [fibonacci_action_client]: Received feedback: array('i', [0, 1, 1, 2, 3, 5, 8, 13, 21])
[INFO] [1733772923.579889728] [fibonacci_action_client]: Received feedback: array('i', [0, 1, 1, 2, 3, 5, 8, 13, 21, 34])
[INFO] [1733772923.831064439] [fibonacci_action_client]: Received feedback: array('i', [0, 1, 1, 2, 3, 5, 8, 13, 21, 34, 55])
[INFO] [1733772924.082189951] [fibonacci_action_client]: Result: array('i', [0, 1, 1, 2, 3, 5, 8, 13, 21, 34, 55])
[INFO] [1733772924.332955790] [fibonacci_action_client]: Sending goal with order 10
[INFO] [1733772924.334337980] [fibonacci_action_client]: Goal accepted, waiting for result.
[INFO] [1733772924.335909055] [fibonacci_action_client]: Received feedback: array('i', [0, 1, 1])
[INFO] [1733772924.587151218] [fibonacci_action_client]: Received feedback: array('i', [0, 1, 1, 2])
[INFO] [1733772924.838080188] [fibonacci_action_client]: Received feedback: array('i', [0, 1, 1, 2, 3])
[INFO] [1733772925.089282581] [fibonacci_action_client]: Received feedback: array('i', [0, 1, 1, 2, 3, 5])
[INFO] [1733772925.340348005] [fibonacci_action_client]: Received feedback: array('i', [0, 1, 1, 2, 3, 5, 8])
[INFO] [1733772925.591172535] [fibonacci_action_client]: Received feedback: array('i', [0, 1, 1, 2, 3, 5, 8, 13])
[INFO] [1733772925.842055696] [fibonacci_action_client]: Received feedback: array('i', [0, 1, 1, 2, 3, 5, 8, 13, 21])
[INFO] [1733772926.093233244] [fibonacci_action_client]: Received feedback: array('i', [0, 1, 1, 2, 3, 5, 8, 13, 21, 34])
[INFO] [1733772926.344187476] [fibonacci_action_client]: Received feedback: array('i', [0, 1, 1, 2, 3, 5, 8, 13, 21, 34, 55])
[INFO] [1733772926.595083832] [fibonacci_action_client]: Result: array('i', [0, 1, 1, 2, 3, 5, 8, 13, 21, 34, 55])
[INFO] [1733772926.845792796] [fibonacci_action_client]: Sending goal with order 10
[INFO] [1733772926.848035200] [fibonacci_action_client]: Goal accepted, waiting for result.
[INFO] [1733772926.849529893] [fibonacci_action_client]: Received feedback: array('i', [0, 1, 1])
[INFO] [1733772927.100497674] [fibonacci_action_client]: Received feedback: array('i', [0, 1, 1, 2])
[INFO] [1733772927.351862408] [fibonacci_action_client]: Received feedback: array('i', [0, 1, 1, 2, 3])
[INFO] [1733772927.602902922] [fibonacci_action_client]: Received feedback: array('i', [0, 1, 1, 2, 3, 5])
[INFO] [1733772927.853886413] [fibonacci_action_client]: Received feedback: array('i', [0, 1, 1, 2, 3, 5, 8])
[INFO] [1733772928.104937650] [fibonacci_action_client]: Received feedback: array('i', [0, 1, 1, 2, 3, 5, 8, 13])
[INFO] [1733772928.356086372] [fibonacci_action_client]: Received feedback: array('i', [0, 1, 1, 2, 3, 5, 8, 13, 21])
[INFO] [1733772928.606689424] [fibonacci_action_client]: Received feedback: array('i', [0, 1, 1, 2, 3, 5, 8, 13, 21, 34])
[INFO] [1733772928.857687325] [fibonacci_action_client]: Received feedback: array('i', [0, 1, 1, 2, 3, 5, 8, 13, 21, 34, 55])
[INFO] [1733772929.109139118] [fibonacci_action_client]: Result: array('i', [0, 1, 1, 2, 3, 5, 8, 13, 21, 34, 55])
[INFO] [1733772929.359916758] [fibonacci_action_client]: Sending goal with order 10
[INFO] [1733772929.361398124] [fibonacci_action_client]: Goal accepted, waiting for result.
[INFO] [1733772929.362630671] [fibonacci_action_client]: Received feedback: array('i', [0, 1, 1])
[INFO] [1733772929.613618725] [fibonacci_action_client]: Received feedback: array('i', [0, 1, 1, 2])
[INFO] [1733772929.864598972] [fibonacci_action_client]: Received feedback: array('i', [0, 1, 1, 2, 3])
[INFO] [1733772930.115642657] [fibonacci_action_client]: Received feedback: array('i', [0, 1, 1, 2, 3, 5])
[INFO] [1733772930.366816964] [fibonacci_action_client]: Received feedback: array('i', [0, 1, 1, 2, 3, 5, 8])
[INFO] [1733772930.618040232] [fibonacci_action_client]: Received feedback: array('i', [0, 1, 1, 2, 3, 5, 8, 13])
[INFO] [1733772930.869099821] [fibonacci_action_client]: Received feedback: array('i', [0, 1, 1, 2, 3, 5, 8, 13, 21])
[INFO] [1733772931.120087176] [fibonacci_action_client]: Received feedback: array('i', [0, 1, 1, 2, 3, 5, 8, 13, 21, 34])
[INFO] [1733772931.370993190] [fibonacci_action_client]: Received feedback: array('i', [0, 1, 1, 2, 3, 5, 8, 13, 21, 34, 55])
[INFO] [1733772931.622110722] [fibonacci_action_client]: Result: array('i', [0, 1, 1, 2, 3, 5, 8, 13, 21, 34, 55])
[INFO] [1733772931.873041871] [fibonacci_action_client]: Sending goal with order 10
[INFO] [1733772931.874456258] [fibonacci_action_client]: Goal accepted, waiting for result.
[INFO] [1733772931.875536528] [fibonacci_action_client]: Received feedback: array('i', [0, 1, 1])
[INFO] [1733772932.126451740] [fibonacci_action_client]: Received feedback: array('i', [0, 1, 1, 2])
[INFO] [1733772932.377692470] [fibonacci_action_client]: Received feedback: array('i', [0, 1, 1, 2, 3])
[INFO] [1733772932.628471120] [fibonacci_action_client]: Received feedback: array('i', [0, 1, 1, 2, 3, 5])
[INFO] [1733772932.879279742] [fibonacci_action_client]: Received feedback: array('i', [0, 1, 1, 2, 3, 5, 8])
[INFO] [1733772933.130297117] [fibonacci_action_client]: Received feedback: array('i', [0, 1, 1, 2, 3, 5, 8, 13])
[INFO] [1733772933.381117023] [fibonacci_action_client]: Received feedback: array('i', [0, 1, 1, 2, 3, 5, 8, 13, 21])
[INFO] [1733772933.632507983] [fibonacci_action_client]: Received feedback: array('i', [0, 1, 1, 2, 3, 5, 8, 13, 21, 34])
[INFO] [1733772933.883476123] [fibonacci_action_client]: Received feedback: array('i', [0, 1, 1, 2, 3, 5, 8, 13, 21, 34, 55])
[INFO] [1733772934.134783883] [fibonacci_action_client]: Result: array('i', [0, 1, 1, 2, 3, 5, 8, 13, 21, 34, 55])
[INFO] [1733772934.385957438] [fibonacci_action_client]: Sending goal with order 10
[INFO] [1733772934.387468025] [fibonacci_action_client]: Goal accepted, waiting for result.
[INFO] [1733772934.388752952] [fibonacci_action_client]: Received feedback: array('i', [0, 1, 1])
[INFO] [1733772934.639544936] [fibonacci_action_client]: Received feedback: array('i', [0, 1, 1, 2])
[INFO] [1733772934.890388702] [fibonacci_action_client]: Received feedback: array('i', [0, 1, 1, 2, 3])
[INFO] [1733772935.141183020] [fibonacci_action_client]: Received feedback: array('i', [0, 1, 1, 2, 3, 5])
[INFO] [1733772935.392103892] [fibonacci_action_client]: Received feedback: array('i', [0, 1, 1, 2, 3, 5, 8])
[INFO] [1733772935.642946017] [fibonacci_action_client]: Received feedback: array('i', [0, 1, 1, 2, 3, 5, 8, 13])
[INFO] [1733772935.894058929] [fibonacci_action_client]: Received feedback: array('i', [0, 1, 1, 2, 3, 5, 8, 13, 21])
[INFO] [1733772936.144981287] [fibonacci_action_client]: Received feedback: array('i', [0, 1, 1, 2, 3, 5, 8, 13, 21, 34])
[INFO] [1733772936.395805773] [fibonacci_action_client]: Received feedback: array('i', [0, 1, 1, 2, 3, 5, 8, 13, 21, 34, 55])
[INFO] [1733772936.647132198] [fibonacci_action_client]: Result: array('i', [0, 1, 1, 2, 3, 5, 8, 13, 21, 34, 55])
[INFO] [1733772936.897954903] [fibonacci_action_client]: Sending goal with order 10
[INFO] [1733772936.899505311] [fibonacci_action_client]: Goal accepted, waiting for result.
[INFO] [1733772936.901248078] [fibonacci_action_client]: Received feedback: array('i', [0, 1, 1])
[INFO] [1733772937.151980360] [fibonacci_action_client]: Received feedback: array('i', [0, 1, 1, 2])
[INFO] [1733772937.402425600] [fibonacci_action_client]: Received feedback: array('i', [0, 1, 1, 2, 3])
[INFO] [1733772937.653376046] [fibonacci_action_client]: Received feedback: array('i', [0, 1, 1, 2, 3, 5])
[INFO] [1733772937.904443898] [fibonacci_action_client]: Received feedback: array('i', [0, 1, 1, 2, 3, 5, 8])
[INFO] [1733772938.155245148] [fibonacci_action_client]: Received feedback: array('i', [0, 1, 1, 2, 3, 5, 8, 13])
[INFO] [1733772938.406335002] [fibonacci_action_client]: Received feedback: array('i', [0, 1, 1, 2, 3, 5, 8, 13, 21])
[INFO] [1733772938.657498904] [fibonacci_action_client]: Received feedback: array('i', [0, 1, 1, 2, 3, 5, 8, 13, 21, 34])
[INFO] [1733772938.908573869] [fibonacci_action_client]: Received feedback: array('i', [0, 1, 1, 2, 3, 5, 8, 13, 21, 34, 55])
[INFO] [1733772939.159693300] [fibonacci_action_client]: Result: array('i', [0, 1, 1, 2, 3, 5, 8, 13, 21, 34, 55])
[INFO] [1733772939.410803332] [fibonacci_action_client]: Sending goal with order 10
[INFO] [1733772939.412465579] [fibonacci_action_client]: Goal accepted, waiting for result.
[INFO] [1733772939.414426928] [fibonacci_action_client]: Received feedback: array('i', [0, 1, 1])
[INFO] [1733772939.664595868] [fibonacci_action_client]: Received feedback: array('i', [0, 1, 1, 2])
[INFO] [1733772939.915399936] [fibonacci_action_client]: Received feedback: array('i', [0, 1, 1, 2, 3])
[INFO] [1733772940.167213365] [fibonacci_action_client]: Received feedback: array('i', [0, 1, 1, 2, 3, 5])
[INFO] [1733772940.417709471] [fibonacci_action_client]: Received feedback: array('i', [0, 1, 1, 2, 3, 5, 8])
[INFO] [1733772940.668936336] [fibonacci_action_client]: Received feedback: array('i', [0, 1, 1, 2, 3, 5, 8, 13])
[INFO] [1733772940.920084714] [fibonacci_action_client]: Received feedback: array('i', [0, 1, 1, 2, 3, 5, 8, 13, 21])
[INFO] [1733772941.170831269] [fibonacci_action_client]: Received feedback: array('i', [0, 1, 1, 2, 3, 5, 8, 13, 21, 34])
[INFO] [1733772941.421781522] [fibonacci_action_client]: Received feedback: array('i', [0, 1, 1, 2, 3, 5, 8, 13, 21, 34, 55])
[INFO] [1733772941.673280344] [fibonacci_action_client]: Result: array('i', [0, 1, 1, 2, 3, 5, 8, 13, 21, 34, 55])
[INFO] [1733772941.924058767] [fibonacci_action_client]: Sending goal with order 10
[INFO] [1733772941.925521293] [fibonacci_action_client]: Goal accepted, waiting for result.
[INFO] [1733772941.926817424] [fibonacci_action_client]: Received feedback: array('i', [0, 1, 1])
[INFO] [1733772942.177801894] [fibonacci_action_client]: Received feedback: array('i', [0, 1, 1, 2])
[INFO] [1733772942.428699534] [fibonacci_action_client]: Received feedback: array('i', [0, 1, 1, 2, 3])
[INFO] [1733772942.679771809] [fibonacci_action_client]: Received feedback: array('i', [0, 1, 1, 2, 3, 5])
[INFO] [1733772942.930886782] [fibonacci_action_client]: Received feedback: array('i', [0, 1, 1, 2, 3, 5, 8])
[INFO] [1733772943.182348797] [fibonacci_action_client]: Received feedback: array('i', [0, 1, 1, 2, 3, 5, 8, 13])
[INFO] [1733772943.433502013] [fibonacci_action_client]: Received feedback: array('i', [0, 1, 1, 2, 3, 5, 8, 13, 21])
[INFO] [1733772943.685239490] [fibonacci_action_client]: Received feedback: array('i', [0, 1, 1, 2, 3, 5, 8, 13, 21, 34])
[INFO] [1733772943.935792541] [fibonacci_action_client]: Received feedback: array('i', [0, 1, 1, 2, 3, 5, 8, 13, 21, 34, 55])
[INFO] [1733772944.187153983] [fibonacci_action_client]: Result: array('i', [0, 1, 1, 2, 3, 5, 8, 13, 21, 34, 55])
[INFO] [1733772944.437949596] [fibonacci_action_client]: Sending goal with order 10
[INFO] [1733772944.439224161] [fibonacci_action_client]: Goal accepted, waiting for result.
[INFO] [1733772944.440375359] [fibonacci_action_client]: Received feedback: array('i', [0, 1, 1])
[INFO] [1733772944.691289282] [fibonacci_action_client]: Received feedback: array('i', [0, 1, 1, 2])
[INFO] [1733772944.942484352] [fibonacci_action_client]: Received feedback: array('i', [0, 1, 1, 2, 3])
[INFO] [1733772945.193338402] [fibonacci_action_client]: Received feedback: array('i', [0, 1, 1, 2, 3, 5])
[INFO] [1733772945.444448523] [fibonacci_action_client]: Received feedback: array('i', [0, 1, 1, 2, 3, 5, 8])
[INFO] [1733772945.695212513] [fibonacci_action_client]: Received feedback: array('i', [0, 1, 1, 2, 3, 5, 8, 13])
[INFO] [1733772945.946326733] [fibonacci_action_client]: Received feedback: array('i', [0, 1, 1, 2, 3, 5, 8, 13, 21])
[INFO] [1733772946.197334933] [fibonacci_action_client]: Received feedback: array('i', [0, 1, 1, 2, 3, 5, 8, 13, 21, 34])
[INFO] [1733772946.448172842] [fibonacci_action_client]: Received feedback: array('i', [0, 1, 1, 2, 3, 5, 8, 13, 21, 34, 55])
[INFO] [1733772946.699747685] [fibonacci_action_client]: Result: array('i', [0, 1, 1, 2, 3, 5, 8, 13, 21, 34, 55])
[INFO] [1733772946.950619879] [fibonacci_action_client]: Sending goal with order 10
[INFO] [1733772946.952006028] [fibonacci_action_client]: Goal accepted, waiting for result.
[INFO] [1733772946.953181963] [fibonacci_action_client]: Received feedback: array('i', [0, 1, 1])
[INFO] [1733772947.204221484] [fibonacci_action_client]: Received feedback: array('i', [0, 1, 1, 2])
[INFO] [1733772947.455638773] [fibonacci_action_client]: Received feedback: array('i', [0, 1, 1, 2, 3])
[INFO] [1733772947.706354738] [fibonacci_action_client]: Received feedback: array('i', [0, 1, 1, 2, 3, 5])
[INFO] [1733772947.957561445] [fibonacci_action_client]: Received feedback: array('i', [0, 1, 1, 2, 3, 5, 8])
[INFO] [1733772948.208331295] [fibonacci_action_client]: Received feedback: array('i', [0, 1, 1, 2, 3, 5, 8, 13])
[INFO] [1733772948.459436918] [fibonacci_action_client]: Received feedback: array('i', [0, 1, 1, 2, 3, 5, 8, 13, 21])
[INFO] [1733772948.710275908] [fibonacci_action_client]: Received feedback: array('i', [0, 1, 1, 2, 3, 5, 8, 13, 21, 34])
[INFO] [1733772948.961128377] [fibonacci_action_client]: Received feedback: array('i', [0, 1, 1, 2, 3, 5, 8, 13, 21, 34, 55])
[INFO] [1733772949.212651797] [fibonacci_action_client]: Result: array('i', [0, 1, 1, 2, 3, 5, 8, 13, 21, 34, 55])
[INFO] [1733772949.463430020] [fibonacci_action_client]: Sending goal with order 10
[INFO] [1733772949.465043341] [fibonacci_action_client]: Goal accepted, waiting for result.
[INFO] [1733772949.467748197] [fibonacci_action_client]: Received feedback: array('i', [0, 1, 1])
[INFO] [1733772949.718692602] [fibonacci_action_client]: Received feedback: array('i', [0, 1, 1, 2])
[INFO] [1733772949.969795268] [fibonacci_action_client]: Received feedback: array('i', [0, 1, 1, 2, 3])
[INFO] [1733772950.220721801] [fibonacci_action_client]: Received feedback: array('i', [0, 1, 1, 2, 3, 5])
[INFO] [1733772950.471626176] [fibonacci_action_client]: Received feedback: array('i', [0, 1, 1, 2, 3, 5, 8])
[INFO] [1733772950.722587904] [fibonacci_action_client]: Received feedback: array('i', [0, 1, 1, 2, 3, 5, 8, 13])
[INFO] [1733772950.973574321] [fibonacci_action_client]: Received feedback: array('i', [0, 1, 1, 2, 3, 5, 8, 13, 21])
[INFO] [1733772951.224299123] [fibonacci_action_client]: Received feedback: array('i', [0, 1, 1, 2, 3, 5, 8, 13, 21, 34])
[INFO] [1733772951.475425406] [fibonacci_action_client]: Received feedback: array('i', [0, 1, 1, 2, 3, 5, 8, 13, 21, 34, 55])
[INFO] [1733772951.726878111] [fibonacci_action_client]: Result: array('i', [0, 1, 1, 2, 3, 5, 8, 13, 21, 34, 55])
[INFO] [1733772951.977957132] [fibonacci_action_client]: Sending goal with order 10
[INFO] [1733772951.979621885] [fibonacci_action_client]: Goal accepted, waiting for result.
[INFO] [1733772951.981213179] [fibonacci_action_client]: Received feedback: array('i', [0, 1, 1])
[INFO] [1733772952.232062803] [fibonacci_action_client]: Received feedback: array('i', [0, 1, 1, 2])
[INFO] [1733772952.482970260] [fibonacci_action_client]: Received feedback: array('i', [0, 1, 1, 2, 3])
[INFO] [1733772952.734778298] [fibonacci_action_client]: Received feedback: array('i', [0, 1, 1, 2, 3, 5])
[INFO] [1733772952.984787879] [fibonacci_action_client]: Received feedback: array('i', [0, 1, 1, 2, 3, 5, 8])
[INFO] [1733772953.235700121] [fibonacci_action_client]: Received feedback: array('i', [0, 1, 1, 2, 3, 5, 8, 13])
[INFO] [1733772953.486915470] [fibonacci_action_client]: Received feedback: array('i', [0, 1, 1, 2, 3, 5, 8, 13, 21])
[INFO] [1733772953.737781982] [fibonacci_action_client]: Received feedback: array('i', [0, 1, 1, 2, 3, 5, 8, 13, 21, 34])
[INFO] [1733772953.988880061] [fibonacci_action_client]: Received feedback: array('i', [0, 1, 1, 2, 3, 5, 8, 13, 21, 34, 55])
[INFO] [1733772954.240255411] [fibonacci_action_client]: Result: array('i', [0, 1, 1, 2, 3, 5, 8, 13, 21, 34, 55])
[INFO] [1733772954.491041842] [fibonacci_action_client]: Sending goal with order 10
[INFO] [1733772954.492669667] [fibonacci_action_client]: Goal accepted, waiting for result.
[INFO] [1733772954.494352186] [fibonacci_action_client]: Received feedback: array('i', [0, 1, 1])
[INFO] [1733772954.745427579] [fibonacci_action_client]: Received feedback: array('i', [0, 1, 1, 2])
[INFO] [1733772954.996355260] [fibonacci_action_client]: Received feedback: array('i', [0, 1, 1, 2, 3])
[INFO] [1733772955.247274754] [fibonacci_action_client]: Received feedback: array('i', [0, 1, 1, 2, 3, 5])
[INFO] [1733772955.498225780] [fibonacci_action_client]: Received feedback: array('i', [0, 1, 1, 2, 3, 5, 8])
[INFO] [1733772955.749081635] [fibonacci_action_client]: Received feedback: array('i', [0, 1, 1, 2, 3, 5, 8, 13])
[INFO] [1733772956.000112801] [fibonacci_action_client]: Received feedback: array('i', [0, 1, 1, 2, 3, 5, 8, 13, 21])
[INFO] [1733772956.251163413] [fibonacci_action_client]: Received feedback: array('i', [0, 1, 1, 2, 3, 5, 8, 13, 21, 34])
[INFO] [1733772956.502404610] [fibonacci_action_client]: Received feedback: array('i', [0, 1, 1, 2, 3, 5, 8, 13, 21, 34, 55])
[INFO] [1733772956.753893710] [fibonacci_action_client]: Result: array('i', [0, 1, 1, 2, 3, 5, 8, 13, 21, 34, 55])
[INFO] [1733772957.004602098] [fibonacci_action_client]: Sending goal with order 10
[INFO] [1733772957.005847488] [fibonacci_action_client]: Goal accepted, waiting for result.
[INFO] [1733772957.007192408] [fibonacci_action_client]: Received feedback: array('i', [0, 1, 1])
[INFO] [1733772957.258453720] [fibonacci_action_client]: Received feedback: array('i', [0, 1, 1, 2])
[INFO] [1733772957.509901515] [fibonacci_action_client]: Received feedback: array('i', [0, 1, 1, 2, 3])
[INFO] [1733772957.760481360] [fibonacci_action_client]: Received feedback: array('i', [0, 1, 1, 2, 3, 5])
[INFO] [1733772958.011438893] [fibonacci_action_client]: Received feedback: array('i', [0, 1, 1, 2, 3, 5, 8])
[INFO] [1733772958.262443997] [fibonacci_action_client]: Received feedback: array('i', [0, 1, 1, 2, 3, 5, 8, 13])
[INFO] [1733772958.513464848] [fibonacci_action_client]: Received feedback: array('i', [0, 1, 1, 2, 3, 5, 8, 13, 21])
[INFO] [1733772958.764272508] [fibonacci_action_client]: Received feedback: array('i', [0, 1, 1, 2, 3, 5, 8, 13, 21, 34])
[INFO] [1733772959.015855867] [fibonacci_action_client]: Received feedback: array('i', [0, 1, 1, 2, 3, 5, 8, 13, 21, 34, 55])
[INFO] [1733772959.267587203] [fibonacci_action_client]: Result: array('i', [0, 1, 1, 2, 3, 5, 8, 13, 21, 34, 55])
[INFO] [1733772959.518542461] [fibonacci_action_client]: Sending goal with order 10
[INFO] [1733772959.520225452] [fibonacci_action_client]: Goal accepted, waiting for result.
[INFO] [1733772959.521892933] [fibonacci_action_client]: Received feedback: array('i', [0, 1, 1])
[INFO] [1733772959.772739195] [fibonacci_action_client]: Received feedback: array('i', [0, 1, 1, 2])
[INFO] [1733772960.023475473] [fibonacci_action_client]: Received feedback: array('i', [0, 1, 1, 2, 3])
[INFO] [1733772960.274508772] [fibonacci_action_client]: Received feedback: array('i', [0, 1, 1, 2, 3, 5])
[INFO] [1733772960.525669075] [fibonacci_action_client]: Received feedback: array('i', [0, 1, 1, 2, 3, 5, 8])
[INFO] [1733772960.776532453] [fibonacci_action_client]: Received feedback: array('i', [0, 1, 1, 2, 3, 5, 8, 13])
[INFO] [1733772961.027603683] [fibonacci_action_client]: Received feedback: array('i', [0, 1, 1, 2, 3, 5, 8, 13, 21])
[INFO] [1733772961.278532038] [fibonacci_action_client]: Received feedback: array('i', [0, 1, 1, 2, 3, 5, 8, 13, 21, 34])
[INFO] [1733772961.529745853] [fibonacci_action_client]: Received feedback: array('i', [0, 1, 1, 2, 3, 5, 8, 13, 21, 34, 55])
[INFO] [1733772961.781680945] [fibonacci_action_client]: Result: array('i', [0, 1, 1, 2, 3, 5, 8, 13, 21, 34, 55])
[INFO] [1733772962.032707362] [fibonacci_action_client]: Sending goal with order 10
[INFO] [1733772962.034422260] [fibonacci_action_client]: Goal accepted, waiting for result.
[INFO] [1733772962.036074922] [fibonacci_action_client]: Received feedback: array('i', [0, 1, 1])
[INFO] [1733772962.286802369] [fibonacci_action_client]: Received feedback: array('i', [0, 1, 1, 2])
[INFO] [1733772962.538118377] [fibonacci_action_client]: Received feedback: array('i', [0, 1, 1, 2, 3])
[INFO] [1733772962.789374884] [fibonacci_action_client]: Received feedback: array('i', [0, 1, 1, 2, 3, 5])
[INFO] [1733772963.040299936] [fibonacci_action_client]: Received feedback: array('i', [0, 1, 1, 2, 3, 5, 8])
[INFO] [1733772963.291316681] [fibonacci_action_client]: Received feedback: array('i', [0, 1, 1, 2, 3, 5, 8, 13])
[INFO] [1733772963.542197080] [fibonacci_action_client]: Received feedback: array('i', [0, 1, 1, 2, 3, 5, 8, 13, 21])
[INFO] [1733772963.793405908] [fibonacci_action_client]: Received feedback: array('i', [0, 1, 1, 2, 3, 5, 8, 13, 21, 34])
[INFO] [1733772964.044443224] [fibonacci_action_client]: Received feedback: array('i', [0, 1, 1, 2, 3, 5, 8, 13, 21, 34, 55])
[INFO] [1733772964.295859457] [fibonacci_action_client]: Result: array('i', [0, 1, 1, 2, 3, 5, 8, 13, 21, 34, 55])
[INFO] [1733772964.546777240] [fibonacci_action_client]: Sending goal with order 10
[INFO] [1733772964.548277148] [fibonacci_action_client]: Goal accepted, waiting for result.
[INFO] [1733772964.549759635] [fibonacci_action_client]: Received feedback: array('i', [0, 1, 1])
[INFO] [1733772964.800229065] [fibonacci_action_client]: Received feedback: array('i', [0, 1, 1, 2])
[INFO] [1733772965.051280702] [fibonacci_action_client]: Received feedback: array('i', [0, 1, 1, 2, 3])
[INFO] [1733772965.302232963] [fibonacci_action_client]: Received feedback: array('i', [0, 1, 1, 2, 3, 5])
[INFO] [1733772965.552932179] [fibonacci_action_client]: Received feedback: array('i', [0, 1, 1, 2, 3, 5, 8])
[INFO] [1733772965.803848418] [fibonacci_action_client]: Received feedback: array('i', [0, 1, 1, 2, 3, 5, 8, 13])
[INFO] [1733772966.054462082] [fibonacci_action_client]: Received feedback: array('i', [0, 1, 1, 2, 3, 5, 8, 13, 21])
[INFO] [1733772966.305696621] [fibonacci_action_client]: Received feedback: array('i', [0, 1, 1, 2, 3, 5, 8, 13, 21, 34])
[INFO] [1733772966.556439065] [fibonacci_action_client]: Received feedback: array('i', [0, 1, 1, 2, 3, 5, 8, 13, 21, 34, 55])
[INFO] [1733772966.807727879] [fibonacci_action_client]: Result: array('i', [0, 1, 1, 2, 3, 5, 8, 13, 21, 34, 55])
[INFO] [1733772967.058664065] [fibonacci_action_client]: Sending goal with order 10
[INFO] [1733772967.060100261] [fibonacci_action_client]: Goal accepted, waiting for result.
[INFO] [1733772967.061737637] [fibonacci_action_client]: Received feedback: array('i', [0, 1, 1])
[INFO] [1733772967.312342092] [fibonacci_action_client]: Received feedback: array('i', [0, 1, 1, 2])
[INFO] [1733772967.563311189] [fibonacci_action_client]: Received feedback: array('i', [0, 1, 1, 2, 3])
[INFO] [1733772967.814505748] [fibonacci_action_client]: Received feedback: array('i', [0, 1, 1, 2, 3, 5])
[INFO] [1733772968.065672679] [fibonacci_action_client]: Received feedback: array('i', [0, 1, 1, 2, 3, 5, 8])
[INFO] [1733772968.316542725] [fibonacci_action_client]: Received feedback: array('i', [0, 1, 1, 2, 3, 5, 8, 13])
[INFO] [1733772968.567438955] [fibonacci_action_client]: Received feedback: array('i', [0, 1, 1, 2, 3, 5, 8, 13, 21])
[INFO] [1733772968.818611967] [fibonacci_action_client]: Received feedback: array('i', [0, 1, 1, 2, 3, 5, 8, 13, 21, 34])
[INFO] [1733772969.069762508] [fibonacci_action_client]: Received feedback: array('i', [0, 1, 1, 2, 3, 5, 8, 13, 21, 34, 55])
[INFO] [1733772969.321647121] [fibonacci_action_client]: Result: array('i', [0, 1, 1, 2, 3, 5, 8, 13, 21, 34, 55])
[INFO] [1733772969.572585967] [fibonacci_action_client]: Sending goal with order 10
[INFO] [1733772969.574912304] [fibonacci_action_client]: Goal accepted, waiting for result.
[INFO] [1733772969.575549013] [fibonacci_action_client]: Received feedback: array('i', [0, 1, 1])
[INFO] [1733772969.826399127] [fibonacci_action_client]: Received feedback: array('i', [0, 1, 1, 2])
[INFO] [1733772970.077650819] [fibonacci_action_client]: Received feedback: array('i', [0, 1, 1, 2, 3])
[INFO] [1733772970.328545220] [fibonacci_action_client]: Received feedback: array('i', [0, 1, 1, 2, 3, 5])
[INFO] [1733772970.579650575] [fibonacci_action_client]: Received feedback: array('i', [0, 1, 1, 2, 3, 5, 8])
[INFO] [1733772970.830571793] [fibonacci_action_client]: Received feedback: array('i', [0, 1, 1, 2, 3, 5, 8, 13])
[INFO] [1733772971.081838144] [fibonacci_action_client]: Received feedback: array('i', [0, 1, 1, 2, 3, 5, 8, 13, 21])
[INFO] [1733772971.332860541] [fibonacci_action_client]: Received feedback: array('i', [0, 1, 1, 2, 3, 5, 8, 13, 21, 34])
[INFO] [1733772971.583753416] [fibonacci_action_client]: Received feedback: array('i', [0, 1, 1, 2, 3, 5, 8, 13, 21, 34, 55])
[INFO] [1733772971.835609565] [fibonacci_action_client]: Result: array('i', [0, 1, 1, 2, 3, 5, 8, 13, 21, 34, 55])
[INFO] [1733772972.086461496] [fibonacci_action_client]: Sending goal with order 10
[INFO] [1733772972.088237439] [fibonacci_action_client]: Goal accepted, waiting for result.
[INFO] [1733772972.090097692] [fibonacci_action_client]: Received feedback: array('i', [0, 1, 1])
[INFO] [1733772972.341050625] [fibonacci_action_client]: Received feedback: array('i', [0, 1, 1, 2])
[INFO] [1733772972.591902477] [fibonacci_action_client]: Received feedback: array('i', [0, 1, 1, 2, 3])
[INFO] [1733772972.842799598] [fibonacci_action_client]: Received feedback: array('i', [0, 1, 1, 2, 3, 5])
[INFO] [1733772973.093877933] [fibonacci_action_client]: Received feedback: array('i', [0, 1, 1, 2, 3, 5, 8])
[INFO] [1733772973.344677824] [fibonacci_action_client]: Received feedback: array('i', [0, 1, 1, 2, 3, 5, 8, 13])
[INFO] [1733772973.595472492] [fibonacci_action_client]: Received feedback: array('i', [0, 1, 1, 2, 3, 5, 8, 13, 21])
[INFO] [1733772973.846755009] [fibonacci_action_client]: Received feedback: array('i', [0, 1, 1, 2, 3, 5, 8, 13, 21, 34])
[INFO] [1733772974.098039024] [fibonacci_action_client]: Received feedback: array('i', [0, 1, 1, 2, 3, 5, 8, 13, 21, 34, 55])
[INFO] [1733772974.349735768] [fibonacci_action_client]: Result: array('i', [0, 1, 1, 2, 3, 5, 8, 13, 21, 34, 55])
[INFO] [1733772974.600703154] [fibonacci_action_client]: Sending goal with order 10
[INFO] [1733772974.602120372] [fibonacci_action_client]: Goal accepted, waiting for result.
[INFO] [1733772974.603593925] [fibonacci_action_client]: Received feedback: array('i', [0, 1, 1])
[INFO] [1733772974.854477035] [fibonacci_action_client]: Received feedback: array('i', [0, 1, 1, 2])
[INFO] [1733772975.105785419] [fibonacci_action_client]: Received feedback: array('i', [0, 1, 1, 2, 3])
[INFO] [1733772975.356885800] [fibonacci_action_client]: Received feedback: array('i', [0, 1, 1, 2, 3, 5])
[INFO] [1733772975.607981316] [fibonacci_action_client]: Received feedback: array('i', [0, 1, 1, 2, 3, 5, 8])
[INFO] [1733772975.858872397] [fibonacci_action_client]: Received feedback: array('i', [0, 1, 1, 2, 3, 5, 8, 13])
[INFO] [1733772976.109816376] [fibonacci_action_client]: Received feedback: array('i', [0, 1, 1, 2, 3, 5, 8, 13, 21])
[INFO] [1733772976.361141040] [fibonacci_action_client]: Received feedback: array('i', [0, 1, 1, 2, 3, 5, 8, 13, 21, 34])
[INFO] [1733772976.612250451] [fibonacci_action_client]: Received feedback: array('i', [0, 1, 1, 2, 3, 5, 8, 13, 21, 34, 55])
[INFO] [1733772976.863670413] [fibonacci_action_client]: Result: array('i', [0, 1, 1, 2, 3, 5, 8, 13, 21, 34, 55])
[INFO] [1733772977.114572688] [fibonacci_action_client]: Sending goal with order 10
[INFO] [1733772977.115994640] [fibonacci_action_client]: Goal accepted, waiting for result.
[INFO] [1733772977.117628456] [fibonacci_action_client]: Received feedback: array('i', [0, 1, 1])
[INFO] [1733772977.368145612] [fibonacci_action_client]: Received feedback: array('i', [0, 1, 1, 2])
[INFO] [1733772977.619832743] [fibonacci_action_client]: Received feedback: array('i', [0, 1, 1, 2, 3])
[INFO] [1733772977.870325102] [fibonacci_action_client]: Received feedback: array('i', [0, 1, 1, 2, 3, 5])
[INFO] [1733772978.121524821] [fibonacci_action_client]: Received feedback: array('i', [0, 1, 1, 2, 3, 5, 8])
[INFO] [1733772978.372267872] [fibonacci_action_client]: Received feedback: array('i', [0, 1, 1, 2, 3, 5, 8, 13])
[INFO] [1733772978.623151097] [fibonacci_action_client]: Received feedback: array('i', [0, 1, 1, 2, 3, 5, 8, 13, 21])
[INFO] [1733772978.874177055] [fibonacci_action_client]: Received feedback: array('i', [0, 1, 1, 2, 3, 5, 8, 13, 21, 34])
[INFO] [1733772979.124937349] [fibonacci_action_client]: Received feedback: array('i', [0, 1, 1, 2, 3, 5, 8, 13, 21, 34, 55])
[INFO] [1733772979.376259325] [fibonacci_action_client]: Result: array('i', [0, 1, 1, 2, 3, 5, 8, 13, 21, 34, 55])
[INFO] [1733772979.627001633] [fibonacci_action_client]: Sending goal with order 10
[INFO] [1733772979.628424238] [fibonacci_action_client]: Goal accepted, waiting for result.
[INFO] [1733772979.629988879] [fibonacci_action_client]: Received feedback: array('i', [0, 1, 1])
[INFO] [1733772979.880598247] [fibonacci_action_client]: Received feedback: array('i', [0, 1, 1, 2])
[INFO] [1733772980.131357716] [fibonacci_action_client]: Received feedback: array('i', [0, 1, 1, 2, 3])
[INFO] [1733772980.382735578] [fibonacci_action_client]: Received feedback: array('i', [0, 1, 1, 2, 3, 5])
[INFO] [1733772980.633579188] [fibonacci_action_client]: Received feedback: array('i', [0, 1, 1, 2, 3, 5, 8])
[INFO] [1733772980.884452425] [fibonacci_action_client]: Received feedback: array('i', [0, 1, 1, 2, 3, 5, 8, 13])
[INFO] [1733772981.135347658] [fibonacci_action_client]: Received feedback: array('i', [0, 1, 1, 2, 3, 5, 8, 13, 21])
[INFO] [1733772981.386564894] [fibonacci_action_client]: Received feedback: array('i', [0, 1, 1, 2, 3, 5, 8, 13, 21, 34])
[INFO] [1733772981.637569453] [fibonacci_action_client]: Received feedback: array('i', [0, 1, 1, 2, 3, 5, 8, 13, 21, 34, 55])
[INFO] [1733772981.888911963] [fibonacci_action_client]: Result: array('i', [0, 1, 1, 2, 3, 5, 8, 13, 21, 34, 55])
[INFO] [1733772982.139700560] [fibonacci_action_client]: Sending goal with order 10
[INFO] [1733772982.141142931] [fibonacci_action_client]: Goal accepted, waiting for result.
[INFO] [1733772982.142662695] [fibonacci_action_client]: Received feedback: array('i', [0, 1, 1])
[INFO] [1733772982.393711660] [fibonacci_action_client]: Received feedback: array('i', [0, 1, 1, 2])
[INFO] [1733772982.644698264] [fibonacci_action_client]: Received feedback: array('i', [0, 1, 1, 2, 3])
[INFO] [1733772982.895535573] [fibonacci_action_client]: Received feedback: array('i', [0, 1, 1, 2, 3, 5])
[INFO] [1733772983.146366638] [fibonacci_action_client]: Received feedback: array('i', [0, 1, 1, 2, 3, 5, 8])
[INFO] [1733772983.397345866] [fibonacci_action_client]: Received feedback: array('i', [0, 1, 1, 2, 3, 5, 8, 13])
[INFO] [1733772983.648635851] [fibonacci_action_client]: Received feedback: array('i', [0, 1, 1, 2, 3, 5, 8, 13, 21])
[INFO] [1733772983.899389667] [fibonacci_action_client]: Received feedback: array('i', [0, 1, 1, 2, 3, 5, 8, 13, 21, 34])
[INFO] [1733772984.150329028] [fibonacci_action_client]: Received feedback: array('i', [0, 1, 1, 2, 3, 5, 8, 13, 21, 34, 55])
[INFO] [1733772984.401836214] [fibonacci_action_client]: Result: array('i', [0, 1, 1, 2, 3, 5, 8, 13, 21, 34, 55])
[INFO] [1733772984.652774215] [fibonacci_action_client]: Sending goal with order 10
[INFO] [1733772984.654671541] [fibonacci_action_client]: Goal accepted, waiting for result.
[INFO] [1733772984.656615135] [fibonacci_action_client]: Received feedback: array('i', [0, 1, 1])
[INFO] [1733772984.907083669] [fibonacci_action_client]: Received feedback: array('i', [0, 1, 1, 2])
[INFO] [1733772985.158425009] [fibonacci_action_client]: Received feedback: array('i', [0, 1, 1, 2, 3])
[INFO] [1733772985.409209409] [fibonacci_action_client]: Received feedback: array('i', [0, 1, 1, 2, 3, 5])
[INFO] [1733772985.660159332] [fibonacci_action_client]: Received feedback: array('i', [0, 1, 1, 2, 3, 5, 8])
[INFO] [1733772985.910978391] [fibonacci_action_client]: Received feedback: array('i', [0, 1, 1, 2, 3, 5, 8, 13])
[INFO] [1733772986.162255101] [fibonacci_action_client]: Received feedback: array('i', [0, 1, 1, 2, 3, 5, 8, 13, 21])
[INFO] [1733772986.413509980] [fibonacci_action_client]: Received feedback: array('i', [0, 1, 1, 2, 3, 5, 8, 13, 21, 34])
[INFO] [1733772986.664353884] [fibonacci_action_client]: Received feedback: array('i', [0, 1, 1, 2, 3, 5, 8, 13, 21, 34, 55])
[INFO] [1733772986.916151666] [fibonacci_action_client]: Result: array('i', [0, 1, 1, 2, 3, 5, 8, 13, 21, 34, 55])
[INFO] [1733772987.166794225] [fibonacci_action_client]: Sending goal with order 10
[INFO] [1733772987.168221213] [fibonacci_action_client]: Goal accepted, waiting for result.
[INFO] [1733772987.169839008] [fibonacci_action_client]: Received feedback: array('i', [0, 1, 1])
[INFO] [1733772987.420556792] [fibonacci_action_client]: Received feedback: array('i', [0, 1, 1, 2])
[INFO] [1733772987.671233873] [fibonacci_action_client]: Received feedback: array('i', [0, 1, 1, 2, 3])
[INFO] [1733772987.922390734] [fibonacci_action_client]: Received feedback: array('i', [0, 1, 1, 2, 3, 5])
[INFO] [1733772988.173678525] [fibonacci_action_client]: Received feedback: array('i', [0, 1, 1, 2, 3, 5, 8])
[INFO] [1733772988.424850636] [fibonacci_action_client]: Received feedback: array('i', [0, 1, 1, 2, 3, 5, 8, 13])
[INFO] [1733772988.675474443] [fibonacci_action_client]: Received feedback: array('i', [0, 1, 1, 2, 3, 5, 8, 13, 21])
[INFO] [1733772988.926322147] [fibonacci_action_client]: Received feedback: array('i', [0, 1, 1, 2, 3, 5, 8, 13, 21, 34])
[INFO] [1733772989.177210293] [fibonacci_action_client]: Received feedback: array('i', [0, 1, 1, 2, 3, 5, 8, 13, 21, 34, 55])
[INFO] [1733772989.428879704] [fibonacci_action_client]: Result: array('i', [0, 1, 1, 2, 3, 5, 8, 13, 21, 34, 55])
[INFO] [1733772989.679601962] [fibonacci_action_client]: Sending goal with order 10
[INFO] [1733772989.680974757] [fibonacci_action_client]: Goal accepted, waiting for result.
[INFO] [1733772989.682837920] [fibonacci_action_client]: Received feedback: array('i', [0, 1, 1])
[INFO] [1733772989.933773864] [fibonacci_action_client]: Received feedback: array('i', [0, 1, 1, 2])
[INFO] [1733772990.184838334] [fibonacci_action_client]: Received feedback: array('i', [0, 1, 1, 2, 3])
[INFO] [1733772990.435820311] [fibonacci_action_client]: Received feedback: array('i', [0, 1, 1, 2, 3, 5])
[INFO] [1733772990.686930620] [fibonacci_action_client]: Received feedback: array('i', [0, 1, 1, 2, 3, 5, 8])
[INFO] [1733772990.937847251] [fibonacci_action_client]: Received feedback: array('i', [0, 1, 1, 2, 3, 5, 8, 13])
[INFO] [1733772991.188725064] [fibonacci_action_client]: Received feedback: array('i', [0, 1, 1, 2, 3, 5, 8, 13, 21])
[INFO] [1733772991.439732696] [fibonacci_action_client]: Received feedback: array('i', [0, 1, 1, 2, 3, 5, 8, 13, 21, 34])
[INFO] [1733772991.690533934] [fibonacci_action_client]: Received feedback: array('i', [0, 1, 1, 2, 3, 5, 8, 13, 21, 34, 55])
[INFO] [1733772991.943247033] [fibonacci_action_client]: Result: array('i', [0, 1, 1, 2, 3, 5, 8, 13, 21, 34, 55])
[INFO] [1733772992.194254891] [fibonacci_action_client]: Sending goal with order 10
[INFO] [1733772992.196470080] [fibonacci_action_client]: Goal accepted, waiting for result.
[INFO] [1733772992.201058501] [fibonacci_action_client]: Received feedback: array('i', [0, 1, 1])
[INFO] [1733772992.449311441] [fibonacci_action_client]: Received feedback: array('i', [0, 1, 1, 2])
[INFO] [1733772992.700143113] [fibonacci_action_client]: Received feedback: array('i', [0, 1, 1, 2, 3])
[INFO] [1733772992.951184842] [fibonacci_action_client]: Received feedback: array('i', [0, 1, 1, 2, 3, 5])
[INFO] [1733772993.202759293] [fibonacci_action_client]: Received feedback: array('i', [0, 1, 1, 2, 3, 5, 8])
[INFO] [1733772993.453438539] [fibonacci_action_client]: Received feedback: array('i', [0, 1, 1, 2, 3, 5, 8, 13])
[INFO] [1733772993.704506768] [fibonacci_action_client]: Received feedback: array('i', [0, 1, 1, 2, 3, 5, 8, 13, 21])
[INFO] [1733772993.955430718] [fibonacci_action_client]: Received feedback: array('i', [0, 1, 1, 2, 3, 5, 8, 13, 21, 34])
[INFO] [1733772994.206833856] [fibonacci_action_client]: Received feedback: array('i', [0, 1, 1, 2, 3, 5, 8, 13, 21, 34, 55])
[INFO] [1733772994.458600689] [fibonacci_action_client]: Result: array('i', [0, 1, 1, 2, 3, 5, 8, 13, 21, 34, 55])
[INFO] [1733772994.709808119] [fibonacci_action_client]: Sending goal with order 10
[INFO] [1733772994.711199188] [fibonacci_action_client]: Goal accepted, waiting for result.
[INFO] [1733772994.712840452] [fibonacci_action_client]: Received feedback: array('i', [0, 1, 1])
[INFO] [1733772994.963391812] [fibonacci_action_client]: Received feedback: array('i', [0, 1, 1, 2])
[INFO] [1733772995.214344744] [fibonacci_action_client]: Received feedback: array('i', [0, 1, 1, 2, 3])
[INFO] [1733772995.465572237] [fibonacci_action_client]: Received feedback: array('i', [0, 1, 1, 2, 3, 5])
[INFO] [1733772995.716436288] [fibonacci_action_client]: Received feedback: array('i', [0, 1, 1, 2, 3, 5, 8])
[INFO] [1733772995.967480021] [fibonacci_action_client]: Received feedback: array('i', [0, 1, 1, 2, 3, 5, 8, 13])
[INFO] [1733772996.218354061] [fibonacci_action_client]: Received feedback: array('i', [0, 1, 1, 2, 3, 5, 8, 13, 21])
[INFO] [1733772996.469229855] [fibonacci_action_client]: Received feedback: array('i', [0, 1, 1, 2, 3, 5, 8, 13, 21, 34])
[INFO] [1733772996.720378329] [fibonacci_action_client]: Received feedback: array('i', [0, 1, 1, 2, 3, 5, 8, 13, 21, 34, 55])
[INFO] [1733772996.971756625] [fibonacci_action_client]: Result: array('i', [0, 1, 1, 2, 3, 5, 8, 13, 21, 34, 55])
[INFO] [1733772997.222617252] [fibonacci_action_client]: Sending goal with order 10
[INFO] [1733772997.224088865] [fibonacci_action_client]: Goal accepted, waiting for result.
[INFO] [1733772997.225816115] [fibonacci_action_client]: Received feedback: array('i', [0, 1, 1])
[INFO] [1733772997.476071635] [fibonacci_action_client]: Received feedback: array('i', [0, 1, 1, 2])
[INFO] [1733772997.726922934] [fibonacci_action_client]: Received feedback: array('i', [0, 1, 1, 2, 3])
[INFO] [1733772997.978213600] [fibonacci_action_client]: Received feedback: array('i', [0, 1, 1, 2, 3, 5])
[INFO] [1733772998.229141350] [fibonacci_action_client]: Received feedback: array('i', [0, 1, 1, 2, 3, 5, 8])
[INFO] [1733772998.480119397] [fibonacci_action_client]: Received feedback: array('i', [0, 1, 1, 2, 3, 5, 8, 13])
[INFO] [1733772998.730992665] [fibonacci_action_client]: Received feedback: array('i', [0, 1, 1, 2, 3, 5, 8, 13, 21])
[INFO] [1733772998.982198836] [fibonacci_action_client]: Received feedback: array('i', [0, 1, 1, 2, 3, 5, 8, 13, 21, 34])
[INFO] [1733772999.233141588] [fibonacci_action_client]: Received feedback: array('i', [0, 1, 1, 2, 3, 5, 8, 13, 21, 34, 55])
[INFO] [1733772999.485105494] [fibonacci_action_client]: Result: array('i', [0, 1, 1, 2, 3, 5, 8, 13, 21, 34, 55])
[INFO] [1733772999.735936322] [fibonacci_action_client]: Sending goal with order 10
[INFO] [1733772999.737287623] [fibonacci_action_client]: Goal accepted, waiting for result.
[INFO] [1733772999.738982292] [fibonacci_action_client]: Received feedback: array('i', [0, 1, 1])
[INFO] [1733772999.989747261] [fibonacci_action_client]: Received feedback: array('i', [0, 1, 1, 2])
[INFO] [1733773000.240864230] [fibonacci_action_client]: Received feedback: array('i', [0, 1, 1, 2, 3])
[INFO] [1733773000.491714601] [fibonacci_action_client]: Received feedback: array('i', [0, 1, 1, 2, 3, 5])
[INFO] [1733773000.742758781] [fibonacci_action_client]: Received feedback: array('i', [0, 1, 1, 2, 3, 5, 8])
[INFO] [1733773000.993713899] [fibonacci_action_client]: Received feedback: array('i', [0, 1, 1, 2, 3, 5, 8, 13])
[INFO] [1733773001.244593931] [fibonacci_action_client]: Received feedback: array('i', [0, 1, 1, 2, 3, 5, 8, 13, 21])
[INFO] [1733773001.495582121] [fibonacci_action_client]: Received feedback: array('i', [0, 1, 1, 2, 3, 5, 8, 13, 21, 34])
[INFO] [1733773001.746986634] [fibonacci_action_client]: Received feedback: array('i', [0, 1, 1, 2, 3, 5, 8, 13, 21, 34, 55])
[INFO] [1733773001.998174921] [fibonacci_action_client]: Result: array('i', [0, 1, 1, 2, 3, 5, 8, 13, 21, 34, 55])
[INFO] [1733773002.248962586] [fibonacci_action_client]: Sending goal with order 10
[INFO] [1733773002.250413295] [fibonacci_action_client]: Goal accepted, waiting for result.
[INFO] [1733773002.253451445] [fibonacci_action_client]: Received feedback: array('i', [0, 1, 1])
[INFO] [1733773002.502590448] [fibonacci_action_client]: Received feedback: array('i', [0, 1, 1, 2])
[INFO] [1733773002.753542638] [fibonacci_action_client]: Received feedback: array('i', [0, 1, 1, 2, 3])
[INFO] [1733773003.004466189] [fibonacci_action_client]: Received feedback: array('i', [0, 1, 1, 2, 3, 5])
[INFO] [1733773003.255450695] [fibonacci_action_client]: Received feedback: array('i', [0, 1, 1, 2, 3, 5, 8])
[INFO] [1733773003.506529312] [fibonacci_action_client]: Received feedback: array('i', [0, 1, 1, 2, 3, 5, 8, 13])
[INFO] [1733773003.757733479] [fibonacci_action_client]: Received feedback: array('i', [0, 1, 1, 2, 3, 5, 8, 13, 21])
[INFO] [1733773004.008570554] [fibonacci_action_client]: Received feedback: array('i', [0, 1, 1, 2, 3, 5, 8, 13, 21, 34])
[INFO] [1733773004.259813176] [fibonacci_action_client]: Received feedback: array('i', [0, 1, 1, 2, 3, 5, 8, 13, 21, 34, 55])
[INFO] [1733773004.511154986] [fibonacci_action_client]: Result: array('i', [0, 1, 1, 2, 3, 5, 8, 13, 21, 34, 55])
[INFO] [1733773004.762056005] [fibonacci_action_client]: Sending goal with order 10
[INFO] [1733773004.763472577] [fibonacci_action_client]: Goal accepted, waiting for result.
[INFO] [1733773004.765541787] [fibonacci_action_client]: Received feedback: array('i', [0, 1, 1])
[INFO] [1733773005.015491001] [fibonacci_action_client]: Received feedback: array('i', [0, 1, 1, 2])
[INFO] [1733773005.266551669] [fibonacci_action_client]: Received feedback: array('i', [0, 1, 1, 2, 3])
[INFO] [1733773005.517923729] [fibonacci_action_client]: Received feedback: array('i', [0, 1, 1, 2, 3, 5])
[INFO] [1733773005.768785115] [fibonacci_action_client]: Received feedback: array('i', [0, 1, 1, 2, 3, 5, 8])
[INFO] [1733773006.019665570] [fibonacci_action_client]: Received feedback: array('i', [0, 1, 1, 2, 3, 5, 8, 13])
[INFO] [1733773006.270560457] [fibonacci_action_client]: Received feedback: array('i', [0, 1, 1, 2, 3, 5, 8, 13, 21])
[INFO] [1733773006.522297228] [fibonacci_action_client]: Received feedback: array('i', [0, 1, 1, 2, 3, 5, 8, 13, 21, 34])
[INFO] [1733773006.773414223] [fibonacci_action_client]: Received feedback: array('i', [0, 1, 1, 2, 3, 5, 8, 13, 21, 34, 55])
[INFO] [1733773007.025095913] [fibonacci_action_client]: Result: array('i', [0, 1, 1, 2, 3, 5, 8, 13, 21, 34, 55])
[INFO] [1733773007.275824112] [fibonacci_action_client]: Sending goal with order 10
[INFO] [1733773007.277194902] [fibonacci_action_client]: Goal accepted, waiting for result.
[INFO] [1733773007.278966926] [fibonacci_action_client]: Received feedback: array('i', [0, 1, 1])
[INFO] [1733773007.529200557] [fibonacci_action_client]: Received feedback: array('i', [0, 1, 1, 2])
[INFO] [1733773007.780234246] [fibonacci_action_client]: Received feedback: array('i', [0, 1, 1, 2, 3])
[INFO] [1733773008.031390237] [fibonacci_action_client]: Received feedback: array('i', [0, 1, 1, 2, 3, 5])
[INFO] [1733773008.282153163] [fibonacci_action_client]: Received feedback: array('i', [0, 1, 1, 2, 3, 5, 8])
[INFO] [1733773008.533413506] [fibonacci_action_client]: Received feedback: array('i', [0, 1, 1, 2, 3, 5, 8, 13])
[INFO] [1733773008.784192435] [fibonacci_action_client]: Received feedback: array('i', [0, 1, 1, 2, 3, 5, 8, 13, 21])
[INFO] [1733773009.035036482] [fibonacci_action_client]: Received feedback: array('i', [0, 1, 1, 2, 3, 5, 8, 13, 21, 34])
[INFO] [1733773009.286199172] [fibonacci_action_client]: Received feedback: array('i', [0, 1, 1, 2, 3, 5, 8, 13, 21, 34, 55])
[INFO] [1733773009.538038697] [fibonacci_action_client]: Result: array('i', [0, 1, 1, 2, 3, 5, 8, 13, 21, 34, 55])
[INFO] [1733773009.788970587] [fibonacci_action_client]: Sending goal with order 10
[INFO] [1733773009.790414890] [fibonacci_action_client]: Goal accepted, waiting for result.
[INFO] [1733773009.792359543] [fibonacci_action_client]: Received feedback: array('i', [0, 1, 1])
[INFO] [1733773010.042587445] [fibonacci_action_client]: Received feedback: array('i', [0, 1, 1, 2])
[INFO] [1733773010.293553467] [fibonacci_action_client]: Received feedback: array('i', [0, 1, 1, 2, 3])
[INFO] [1733773010.544424358] [fibonacci_action_client]: Received feedback: array('i', [0, 1, 1, 2, 3, 5])
[INFO] [1733773010.795369273] [fibonacci_action_client]: Received feedback: array('i', [0, 1, 1, 2, 3, 5, 8])
[INFO] [1733773011.046562167] [fibonacci_action_client]: Received feedback: array('i', [0, 1, 1, 2, 3, 5, 8, 13])
[INFO] [1733773011.297739890] [fibonacci_action_client]: Received feedback: array('i', [0, 1, 1, 2, 3, 5, 8, 13, 21])
[INFO] [1733773011.548910549] [fibonacci_action_client]: Received feedback: array('i', [0, 1, 1, 2, 3, 5, 8, 13, 21, 34])
[INFO] [1733773011.800086437] [fibonacci_action_client]: Received feedback: array('i', [0, 1, 1, 2, 3, 5, 8, 13, 21, 34, 55])
[INFO] [1733773012.051599015] [fibonacci_action_client]: Result: array('i', [0, 1, 1, 2, 3, 5, 8, 13, 21, 34, 55])
[INFO] [1733773012.302436620] [fibonacci_action_client]: Sending goal with order 10
[INFO] [1733773012.303881071] [fibonacci_action_client]: Goal accepted, waiting for result.
[INFO] [1733773012.305741986] [fibonacci_action_client]: Received feedback: array('i', [0, 1, 1])
[INFO] [1733773012.555805643] [fibonacci_action_client]: Received feedback: array('i', [0, 1, 1, 2])
[INFO] [1733773012.806671624] [fibonacci_action_client]: Received feedback: array('i', [0, 1, 1, 2, 3])
[INFO] [1733773013.057572174] [fibonacci_action_client]: Received feedback: array('i', [0, 1, 1, 2, 3, 5])
[INFO] [1733773013.308431561] [fibonacci_action_client]: Received feedback: array('i', [0, 1, 1, 2, 3, 5, 8])
[INFO] [1733773013.559328272] [fibonacci_action_client]: Received feedback: array('i', [0, 1, 1, 2, 3, 5, 8, 13])
[INFO] [1733773013.810472964] [fibonacci_action_client]: Received feedback: array('i', [0, 1, 1, 2, 3, 5, 8, 13, 21])
[INFO] [1733773014.061441352] [fibonacci_action_client]: Received feedback: array('i', [0, 1, 1, 2, 3, 5, 8, 13, 21, 34])
[INFO] [1733773014.312375483] [fibonacci_action_client]: Received feedback: array('i', [0, 1, 1, 2, 3, 5, 8, 13, 21, 34, 55])
[INFO] [1733773014.563731012] [fibonacci_action_client]: Result: array('i', [0, 1, 1, 2, 3, 5, 8, 13, 21, 34, 55])
[INFO] [1733773014.814626363] [fibonacci_action_client]: Sending goal with order 10
[INFO] [1733773014.816055504] [fibonacci_action_client]: Goal accepted, waiting for result.
[INFO] [1733773014.818220733] [fibonacci_action_client]: Received feedback: array('i', [0, 1, 1])
[INFO] [1733773015.068410218] [fibonacci_action_client]: Received feedback: array('i', [0, 1, 1, 2])
[INFO] [1733773015.319767276] [fibonacci_action_client]: Received feedback: array('i', [0, 1, 1, 2, 3])
[INFO] [1733773015.570266815] [fibonacci_action_client]: Received feedback: array('i', [0, 1, 1, 2, 3, 5])
[INFO] [1733773015.821532394] [fibonacci_action_client]: Received feedback: array('i', [0, 1, 1, 2, 3, 5, 8])
[INFO] [1733773016.072703110] [fibonacci_action_client]: Received feedback: array('i', [0, 1, 1, 2, 3, 5, 8, 13])
[INFO] [1733773016.323474602] [fibonacci_action_client]: Received feedback: array('i', [0, 1, 1, 2, 3, 5, 8, 13, 21])
[INFO] [1733773016.574496386] [fibonacci_action_client]: Received feedback: array('i', [0, 1, 1, 2, 3, 5, 8, 13, 21, 34])
[INFO] [1733773016.825613874] [fibonacci_action_client]: Received feedback: array('i', [0, 1, 1, 2, 3, 5, 8, 13, 21, 34, 55])
[INFO] [1733773017.077384341] [fibonacci_action_client]: Result: array('i', [0, 1, 1, 2, 3, 5, 8, 13, 21, 34, 55])
[INFO] [1733773017.328298319] [fibonacci_action_client]: Sending goal with order 10
[INFO] [1733773017.329694905] [fibonacci_action_client]: Goal accepted, waiting for result.
[INFO] [1733773017.331576965] [fibonacci_action_client]: Received feedback: array('i', [0, 1, 1])
[INFO] [1733773017.582015608] [fibonacci_action_client]: Received feedback: array('i', [0, 1, 1, 2])
[INFO] [1733773017.833028848] [fibonacci_action_client]: Received feedback: array('i', [0, 1, 1, 2, 3])
[INFO] [1733773018.083966554] [fibonacci_action_client]: Received feedback: array('i', [0, 1, 1, 2, 3, 5])
[INFO] [1733773018.335468970] [fibonacci_action_client]: Received feedback: array('i', [0, 1, 1, 2, 3, 5, 8])
[INFO] [1733773018.585901906] [fibonacci_action_client]: Received feedback: array('i', [0, 1, 1, 2, 3, 5, 8, 13])
[INFO] [1733773018.837000690] [fibonacci_action_client]: Received feedback: array('i', [0, 1, 1, 2, 3, 5, 8, 13, 21])
[INFO] [1733773019.087832450] [fibonacci_action_client]: Received feedback: array('i', [0, 1, 1, 2, 3, 5, 8, 13, 21, 34])
[INFO] [1733773019.339516758] [fibonacci_action_client]: Received feedback: array('i', [0, 1, 1, 2, 3, 5, 8, 13, 21, 34, 55])
[INFO] [1733773019.591084946] [fibonacci_action_client]: Result: array('i', [0, 1, 1, 2, 3, 5, 8, 13, 21, 34, 55])
[INFO] [1733773019.842221601] [fibonacci_action_client]: Sending goal with order 10
[INFO] [1733773019.843626298] [fibonacci_action_client]: Goal accepted, waiting for result.
[INFO] [1733773019.845549770] [fibonacci_action_client]: Received feedback: array('i', [0, 1, 1])
[INFO] [1733773020.095574156] [fibonacci_action_client]: Received feedback: array('i', [0, 1, 1, 2])
[INFO] [1733773020.346801141] [fibonacci_action_client]: Received feedback: array('i', [0, 1, 1, 2, 3])
[INFO] [1733773020.597791588] [fibonacci_action_client]: Received feedback: array('i', [0, 1, 1, 2, 3, 5])
[INFO] [1733773020.848919992] [fibonacci_action_client]: Received feedback: array('i', [0, 1, 1, 2, 3, 5, 8])
[INFO] [1733773021.099825723] [fibonacci_action_client]: Received feedback: array('i', [0, 1, 1, 2, 3, 5, 8, 13])
[INFO] [1733773021.350745945] [fibonacci_action_client]: Received feedback: array('i', [0, 1, 1, 2, 3, 5, 8, 13, 21])
[INFO] [1733773021.601555385] [fibonacci_action_client]: Received feedback: array('i', [0, 1, 1, 2, 3, 5, 8, 13, 21, 34])
[INFO] [1733773021.852847899] [fibonacci_action_client]: Received feedback: array('i', [0, 1, 1, 2, 3, 5, 8, 13, 21, 34, 55])
[INFO] [1733773022.104555392] [fibonacci_action_client]: Result: array('i', [0, 1, 1, 2, 3, 5, 8, 13, 21, 34, 55])
[INFO] [1733773022.355292336] [fibonacci_action_client]: Sending goal with order 10
[INFO] [1733773022.356517653] [fibonacci_action_client]: Goal accepted, waiting for result.
[INFO] [1733773022.358467556] [fibonacci_action_client]: Received feedback: array('i', [0, 1, 1])
[INFO] [1733773022.608966340] [fibonacci_action_client]: Received feedback: array('i', [0, 1, 1, 2])
[INFO] [1733773022.860440310] [fibonacci_action_client]: Received feedback: array('i', [0, 1, 1, 2, 3])
[INFO] [1733773023.111040784] [fibonacci_action_client]: Received feedback: array('i', [0, 1, 1, 2, 3, 5])
[INFO] [1733773023.362120451] [fibonacci_action_client]: Received feedback: array('i', [0, 1, 1, 2, 3, 5, 8])
[INFO] [1733773023.613198454] [fibonacci_action_client]: Received feedback: array('i', [0, 1, 1, 2, 3, 5, 8, 13])
[INFO] [1733773023.863989580] [fibonacci_action_client]: Received feedback: array('i', [0, 1, 1, 2, 3, 5, 8, 13, 21])
[INFO] [1733773024.114727212] [fibonacci_action_client]: Received feedback: array('i', [0, 1, 1, 2, 3, 5, 8, 13, 21, 34])
[INFO] [1733773024.365763499] [fibonacci_action_client]: Received feedback: array('i', [0, 1, 1, 2, 3, 5, 8, 13, 21, 34, 55])
[INFO] [1733773024.617826044] [fibonacci_action_client]: Result: array('i', [0, 1, 1, 2, 3, 5, 8, 13, 21, 34, 55])
[INFO] [1733773024.868801038] [fibonacci_action_client]: Sending goal with order 10
[INFO] [1733773024.872459370] [fibonacci_action_client]: Goal accepted, waiting for result.
[INFO] [1733773024.873568099] [fibonacci_action_client]: Received feedback: array('i', [0, 1, 1])
[INFO] [1733773025.123714178] [fibonacci_action_client]: Received feedback: array('i', [0, 1, 1, 2])
[INFO] [1733773025.377122748] [fibonacci_action_client]: Received feedback: array('i', [0, 1, 1, 2, 3])
[INFO] [1733773025.628469990] [fibonacci_action_client]: Received feedback: array('i', [0, 1, 1, 2, 3, 5])
[INFO] [1733773025.879244510] [fibonacci_action_client]: Received feedback: array('i', [0, 1, 1, 2, 3, 5, 8])
[INFO] [1733773026.130071706] [fibonacci_action_client]: Received feedback: array('i', [0, 1, 1, 2, 3, 5, 8, 13])
[INFO] [1733773026.381387437] [fibonacci_action_client]: Received feedback: array('i', [0, 1, 1, 2, 3, 5, 8, 13, 21])
[INFO] [1733773026.632453120] [fibonacci_action_client]: Received feedback: array('i', [0, 1, 1, 2, 3, 5, 8, 13, 21, 34])
[INFO] [1733773026.883387163] [fibonacci_action_client]: Received feedback: array('i', [0, 1, 1, 2, 3, 5, 8, 13, 21, 34, 55])
[INFO] [1733773027.135348703] [fibonacci_action_client]: Result: array('i', [0, 1, 1, 2, 3, 5, 8, 13, 21, 34, 55])
[INFO] [1733773027.386038433] [fibonacci_action_client]: Sending goal with order 10
[INFO] [1733773027.387339064] [fibonacci_action_client]: Goal accepted, waiting for result.
[INFO] [1733773027.389267349] [fibonacci_action_client]: Received feedback: array('i', [0, 1, 1])
[INFO] [1733773027.639660088] [fibonacci_action_client]: Received feedback: array('i', [0, 1, 1, 2])
[INFO] [1733773027.890428975] [fibonacci_action_client]: Received feedback: array('i', [0, 1, 1, 2, 3])
[INFO] [1733773028.141853599] [fibonacci_action_client]: Received feedback: array('i', [0, 1, 1, 2, 3, 5])
[INFO] [1733773028.392472741] [fibonacci_action_client]: Received feedback: array('i', [0, 1, 1, 2, 3, 5, 8])
[INFO] [1733773028.643426648] [fibonacci_action_client]: Received feedback: array('i', [0, 1, 1, 2, 3, 5, 8, 13])
[INFO] [1733773028.894607747] [fibonacci_action_client]: Received feedback: array('i', [0, 1, 1, 2, 3, 5, 8, 13, 21])
[INFO] [1733773029.145583780] [fibonacci_action_client]: Received feedback: array('i', [0, 1, 1, 2, 3, 5, 8, 13, 21, 34])
[INFO] [1733773029.396579841] [fibonacci_action_client]: Received feedback: array('i', [0, 1, 1, 2, 3, 5, 8, 13, 21, 34, 55])
[INFO] [1733773029.648491331] [fibonacci_action_client]: Result: array('i', [0, 1, 1, 2, 3, 5, 8, 13, 21, 34, 55])
[INFO] [1733773029.899358435] [fibonacci_action_client]: Sending goal with order 10
[INFO] [1733773029.900765377] [fibonacci_action_client]: Goal accepted, waiting for result.
[INFO] [1733773029.903179161] [fibonacci_action_client]: Received feedback: array('i', [0, 1, 1])
[INFO] [1733773030.152967919] [fibonacci_action_client]: Received feedback: array('i', [0, 1, 1, 2])
[INFO] [1733773030.404124494] [fibonacci_action_client]: Received feedback: array('i', [0, 1, 1, 2, 3])
[INFO] [1733773030.654554702] [fibonacci_action_client]: Received feedback: array('i', [0, 1, 1, 2, 3, 5])
[INFO] [1733773030.905414331] [fibonacci_action_client]: Received feedback: array('i', [0, 1, 1, 2, 3, 5, 8])
[INFO] [1733773031.157064002] [fibonacci_action_client]: Received feedback: array('i', [0, 1, 1, 2, 3, 5, 8, 13])
[INFO] [1733773031.407545822] [fibonacci_action_client]: Received feedback: array('i', [0, 1, 1, 2, 3, 5, 8, 13, 21])
[INFO] [1733773031.658678663] [fibonacci_action_client]: Received feedback: array('i', [0, 1, 1, 2, 3, 5, 8, 13, 21, 34])
[INFO] [1733773031.909510465] [fibonacci_action_client]: Received feedback: array('i', [0, 1, 1, 2, 3, 5, 8, 13, 21, 34, 55])
[INFO] [1733773032.161758101] [fibonacci_action_client]: Result: array('i', [0, 1, 1, 2, 3, 5, 8, 13, 21, 34, 55])
[INFO] [1733773032.412454803] [fibonacci_action_client]: Sending goal with order 10
[INFO] [1733773032.413820514] [fibonacci_action_client]: Goal accepted, waiting for result.
[INFO] [1733773032.415878278] [fibonacci_action_client]: Received feedback: array('i', [0, 1, 1])
[INFO] [1733773032.666123744] [fibonacci_action_client]: Received feedback: array('i', [0, 1, 1, 2])
[INFO] [1733773032.917086551] [fibonacci_action_client]: Received feedback: array('i', [0, 1, 1, 2, 3])
[INFO] [1733773033.168108765] [fibonacci_action_client]: Received feedback: array('i', [0, 1, 1, 2, 3, 5])
[INFO] [1733773033.419519648] [fibonacci_action_client]: Received feedback: array('i', [0, 1, 1, 2, 3, 5, 8])
[INFO] [1733773033.670100887] [fibonacci_action_client]: Received feedback: array('i', [0, 1, 1, 2, 3, 5, 8, 13])
[INFO] [1733773033.921156066] [fibonacci_action_client]: Received feedback: array('i', [0, 1, 1, 2, 3, 5, 8, 13, 21])
[INFO] [1733773034.171990095] [fibonacci_action_client]: Received feedback: array('i', [0, 1, 1, 2, 3, 5, 8, 13, 21, 34])
[INFO] [1733773034.422832932] [fibonacci_action_client]: Received feedback: array('i', [0, 1, 1, 2, 3, 5, 8, 13, 21, 34, 55])
[INFO] [1733773034.674961436] [fibonacci_action_client]: Result: array('i', [0, 1, 1, 2, 3, 5, 8, 13, 21, 34, 55])
[INFO] [1733773034.925718799] [fibonacci_action_client]: Sending goal with order 10
[INFO] [1733773034.927701393] [fibonacci_action_client]: Goal accepted, waiting for result.
[INFO] [1733773034.930407330] [fibonacci_action_client]: Received feedback: array('i', [0, 1, 1])
[INFO] [1733773035.180285385] [fibonacci_action_client]: Received feedback: array('i', [0, 1, 1, 2])
[INFO] [1733773035.431330257] [fibonacci_action_client]: Received feedback: array('i', [0, 1, 1, 2, 3])
[INFO] [1733773035.681987334] [fibonacci_action_client]: Received feedback: array('i', [0, 1, 1, 2, 3, 5])
[INFO] [1733773035.933014400] [fibonacci_action_client]: Received feedback: array('i', [0, 1, 1, 2, 3, 5, 8])
[INFO] [1733773036.183871953] [fibonacci_action_client]: Received feedback: array('i', [0, 1, 1, 2, 3, 5, 8, 13])
[INFO] [1733773036.434640111] [fibonacci_action_client]: Received feedback: array('i', [0, 1, 1, 2, 3, 5, 8, 13, 21])
[INFO] [1733773036.685614722] [fibonacci_action_client]: Received feedback: array('i', [0, 1, 1, 2, 3, 5, 8, 13, 21, 34])
[INFO] [1733773036.937419944] [fibonacci_action_client]: Received feedback: array('i', [0, 1, 1, 2, 3, 5, 8, 13, 21, 34, 55])
[INFO] [1733773037.189426836] [fibonacci_action_client]: Result: array('i', [0, 1, 1, 2, 3, 5, 8, 13, 21, 34, 55])
[INFO] [1733773037.440141111] [fibonacci_action_client]: Sending goal with order 10
[INFO] [1733773037.443659345] [fibonacci_action_client]: Goal accepted, waiting for result.
[INFO] [1733773037.444498870] [fibonacci_action_client]: Received feedback: array('i', [0, 1, 1])
[INFO] [1733773037.694398833] [fibonacci_action_client]: Received feedback: array('i', [0, 1, 1, 2])
[INFO] [1733773037.945663395] [fibonacci_action_client]: Received feedback: array('i', [0, 1, 1, 2, 3])
[INFO] [1733773038.196663011] [fibonacci_action_client]: Received feedback: array('i', [0, 1, 1, 2, 3, 5])
[INFO] [1733773038.447705357] [fibonacci_action_client]: Received feedback: array('i', [0, 1, 1, 2, 3, 5, 8])
[INFO] [1733773038.698667320] [fibonacci_action_client]: Received feedback: array('i', [0, 1, 1, 2, 3, 5, 8, 13])
[INFO] [1733773038.949603301] [fibonacci_action_client]: Received feedback: array('i', [0, 1, 1, 2, 3, 5, 8, 13, 21])
[INFO] [1733773039.200439652] [fibonacci_action_client]: Received feedback: array('i', [0, 1, 1, 2, 3, 5, 8, 13, 21, 34])
[INFO] [1733773039.451380194] [fibonacci_action_client]: Received feedback: array('i', [0, 1, 1, 2, 3, 5, 8, 13, 21, 34, 55])
[INFO] [1733773039.703711714] [fibonacci_action_client]: Result: array('i', [0, 1, 1, 2, 3, 5, 8, 13, 21, 34, 55])
[INFO] [1733773039.954532045] [fibonacci_action_client]: Sending goal with order 10
[INFO] [1733773039.956581219] [fibonacci_action_client]: Goal accepted, waiting for result.
[INFO] [1733773039.959300094] [fibonacci_action_client]: Received feedback: array('i', [0, 1, 1])
[INFO] [1733773040.209017457] [fibonacci_action_client]: Received feedback: array('i', [0, 1, 1, 2])
[INFO] [1733773040.460023446] [fibonacci_action_client]: Received feedback: array('i', [0, 1, 1, 2, 3])
[INFO] [1733773040.710833165] [fibonacci_action_client]: Received feedback: array('i', [0, 1, 1, 2, 3, 5])
[INFO] [1733773040.961750605] [fibonacci_action_client]: Received feedback: array('i', [0, 1, 1, 2, 3, 5, 8])
[INFO] [1733773041.212529974] [fibonacci_action_client]: Received feedback: array('i', [0, 1, 1, 2, 3, 5, 8, 13])
[INFO] [1733773041.463440060] [fibonacci_action_client]: Received feedback: array('i', [0, 1, 1, 2, 3, 5, 8, 13, 21])
[INFO] [1733773041.714733482] [fibonacci_action_client]: Received feedback: array('i', [0, 1, 1, 2, 3, 5, 8, 13, 21, 34])
[INFO] [1733773041.965788179] [fibonacci_action_client]: Received feedback: array('i', [0, 1, 1, 2, 3, 5, 8, 13, 21, 34, 55])
[INFO] [1733773042.219296610] [fibonacci_action_client]: Result: array('i', [0, 1, 1, 2, 3, 5, 8, 13, 21, 34, 55])
[INFO] [1733773042.470201931] [fibonacci_action_client]: Sending goal with order 10
[INFO] [1733773042.473581351] [fibonacci_action_client]: Goal accepted, waiting for result.
[INFO] [1733773042.474356400] [fibonacci_action_client]: Received feedback: array('i', [0, 1, 1])
[INFO] [1733773042.724151245] [fibonacci_action_client]: Received feedback: array('i', [0, 1, 1, 2])
[INFO] [1733773042.975102116] [fibonacci_action_client]: Received feedback: array('i', [0, 1, 1, 2, 3])
[INFO] [1733773043.226216398] [fibonacci_action_client]: Received feedback: array('i', [0, 1, 1, 2, 3, 5])
[INFO] [1733773043.477226116] [fibonacci_action_client]: Received feedback: array('i', [0, 1, 1, 2, 3, 5, 8])
[INFO] [1733773043.728266014] [fibonacci_action_client]: Received feedback: array('i', [0, 1, 1, 2, 3, 5, 8, 13])
[INFO] [1733773043.979193958] [fibonacci_action_client]: Received feedback: array('i', [0, 1, 1, 2, 3, 5, 8, 13, 21])
[INFO] [1733773044.229782431] [fibonacci_action_client]: Received feedback: array('i', [0, 1, 1, 2, 3, 5, 8, 13, 21, 34])
[INFO] [1733773044.480805609] [fibonacci_action_client]: Received feedback: array('i', [0, 1, 1, 2, 3, 5, 8, 13, 21, 34, 55])
[INFO] [1733773044.732910202] [fibonacci_action_client]: Result: array('i', [0, 1, 1, 2, 3, 5, 8, 13, 21, 34, 55])
[INFO] [1733773044.983617366] [fibonacci_action_client]: Sending goal with order 10
[INFO] [1733773044.985101807] [fibonacci_action_client]: Goal accepted, waiting for result.
[INFO] [1733773044.989633638] [fibonacci_action_client]: Received feedback: array('i', [0, 1, 1])
[INFO] [1733773045.238173068] [fibonacci_action_client]: Received feedback: array('i', [0, 1, 1, 2])
[INFO] [1733773045.489462891] [fibonacci_action_client]: Received feedback: array('i', [0, 1, 1, 2, 3])
[INFO] [1733773045.740660712] [fibonacci_action_client]: Received feedback: array('i', [0, 1, 1, 2, 3, 5])
[INFO] [1733773045.991569605] [fibonacci_action_client]: Received feedback: array('i', [0, 1, 1, 2, 3, 5, 8])
[INFO] [1733773046.242564333] [fibonacci_action_client]: Received feedback: array('i', [0, 1, 1, 2, 3, 5, 8, 13])
[INFO] [1733773046.493780012] [fibonacci_action_client]: Received feedback: array('i', [0, 1, 1, 2, 3, 5, 8, 13, 21])
[INFO] [1733773046.744360135] [fibonacci_action_client]: Received feedback: array('i', [0, 1, 1, 2, 3, 5, 8, 13, 21, 34])
[INFO] [1733773046.995349792] [fibonacci_action_client]: Received feedback: array('i', [0, 1, 1, 2, 3, 5, 8, 13, 21, 34, 55])
[INFO] [1733773047.247725171] [fibonacci_action_client]: Result: array('i', [0, 1, 1, 2, 3, 5, 8, 13, 21, 34, 55])
[INFO] [1733773047.498453928] [fibonacci_action_client]: Sending goal with order 10
[INFO] [1733773047.499777677] [fibonacci_action_client]: Goal accepted, waiting for result.
[INFO] [1733773047.503264955] [fibonacci_action_client]: Received feedback: array('i', [0, 1, 1])
[INFO] [1733773047.751902987] [fibonacci_action_client]: Received feedback: array('i', [0, 1, 1, 2])
[INFO] [1733773048.002998519] [fibonacci_action_client]: Received feedback: array('i', [0, 1, 1, 2, 3])
[INFO] [1733773048.254224951] [fibonacci_action_client]: Received feedback: array('i', [0, 1, 1, 2, 3, 5])
[INFO] [1733773048.505712730] [fibonacci_action_client]: Received feedback: array('i', [0, 1, 1, 2, 3, 5, 8])
[INFO] [1733773048.756661401] [fibonacci_action_client]: Received feedback: array('i', [0, 1, 1, 2, 3, 5, 8, 13])
[INFO] [1733773049.007571256] [fibonacci_action_client]: Received feedback: array('i', [0, 1, 1, 2, 3, 5, 8, 13, 21])
[INFO] [1733773049.259751942] [fibonacci_action_client]: Received feedback: array('i', [0, 1, 1, 2, 3, 5, 8, 13, 21, 34])
[INFO] [1733773049.510703458] [fibonacci_action_client]: Received feedback: array('i', [0, 1, 1, 2, 3, 5, 8, 13, 21, 34, 55])
[INFO] [1733773049.763792137] [fibonacci_action_client]: Result: array('i', [0, 1, 1, 2, 3, 5, 8, 13, 21, 34, 55])
[INFO] [1733773050.014594949] [fibonacci_action_client]: Sending goal with order 10
[INFO] [1733773050.018308796] [fibonacci_action_client]: Goal accepted, waiting for result.
[INFO] [1733773050.019902105] [fibonacci_action_client]: Received feedback: array('i', [0, 1, 1])
[INFO] [1733773050.269088566] [fibonacci_action_client]: Received feedback: array('i', [0, 1, 1, 2])
[INFO] [1733773050.520324363] [fibonacci_action_client]: Received feedback: array('i', [0, 1, 1, 2, 3])
[INFO] [1733773050.771553579] [fibonacci_action_client]: Received feedback: array('i', [0, 1, 1, 2, 3, 5])
[INFO] [1733773051.022517011] [fibonacci_action_client]: Received feedback: array('i', [0, 1, 1, 2, 3, 5, 8])
[INFO] [1733773051.273528305] [fibonacci_action_client]: Received feedback: array('i', [0, 1, 1, 2, 3, 5, 8, 13])
[INFO] [1733773051.524317449] [fibonacci_action_client]: Received feedback: array('i', [0, 1, 1, 2, 3, 5, 8, 13, 21])
[INFO] [1733773051.775274807] [fibonacci_action_client]: Received feedback: array('i', [0, 1, 1, 2, 3, 5, 8, 13, 21, 34])
[INFO] [1733773052.026219776] [fibonacci_action_client]: Received feedback: array('i', [0, 1, 1, 2, 3, 5, 8, 13, 21, 34, 55])
[INFO] [1733773052.279440352] [fibonacci_action_client]: Result: array('i', [0, 1, 1, 2, 3, 5, 8, 13, 21, 34, 55])
[INFO] [1733773052.530292751] [fibonacci_action_client]: Sending goal with order 10
[INFO] [1733773052.534090806] [fibonacci_action_client]: Goal accepted, waiting for result.
[INFO] [1733773052.535042034] [fibonacci_action_client]: Received feedback: array('i', [0, 1, 1])
[INFO] [1733773052.784540041] [fibonacci_action_client]: Received feedback: array('i', [0, 1, 1, 2])
[INFO] [1733773053.035732240] [fibonacci_action_client]: Received feedback: array('i', [0, 1, 1, 2, 3])
[INFO] [1733773053.286759355] [fibonacci_action_client]: Received feedback: array('i', [0, 1, 1, 2, 3, 5])
[INFO] [1733773053.537833714] [fibonacci_action_client]: Received feedback: array('i', [0, 1, 1, 2, 3, 5, 8])
[INFO] [1733773053.788530737] [fibonacci_action_client]: Received feedback: array('i', [0, 1, 1, 2, 3, 5, 8, 13])
[INFO] [1733773054.039495825] [fibonacci_action_client]: Received feedback: array('i', [0, 1, 1, 2, 3, 5, 8, 13, 21])
[INFO] [1733773054.290585460] [fibonacci_action_client]: Received feedback: array('i', [0, 1, 1, 2, 3, 5, 8, 13, 21, 34])
[INFO] [1733773054.541673743] [fibonacci_action_client]: Received feedback: array('i', [0, 1, 1, 2, 3, 5, 8, 13, 21, 34, 55])
[INFO] [1733773054.794384799] [fibonacci_action_client]: Result: array('i', [0, 1, 1, 2, 3, 5, 8, 13, 21, 34, 55])
[INFO] [1733773055.045494363] [fibonacci_action_client]: Sending goal with order 10
[INFO] [1733773055.049029503] [fibonacci_action_client]: Goal accepted, waiting for result.
[INFO] [1733773055.049779835] [fibonacci_action_client]: Received feedback: array('i', [0, 1, 1])
[INFO] [1733773055.299616782] [fibonacci_action_client]: Received feedback: array('i', [0, 1, 1, 2])
[INFO] [1733773055.550681027] [fibonacci_action_client]: Received feedback: array('i', [0, 1, 1, 2, 3])
[INFO] [1733773055.801421678] [fibonacci_action_client]: Received feedback: array('i', [0, 1, 1, 2, 3, 5])
[INFO] [1733773056.052194993] [fibonacci_action_client]: Received feedback: array('i', [0, 1, 1, 2, 3, 5, 8])
[INFO] [1733773056.303889804] [fibonacci_action_client]: Received feedback: array('i', [0, 1, 1, 2, 3, 5, 8, 13])
[INFO] [1733773056.555017610] [fibonacci_action_client]: Received feedback: array('i', [0, 1, 1, 2, 3, 5, 8, 13, 21])
[INFO] [1733773056.806052411] [fibonacci_action_client]: Received feedback: array('i', [0, 1, 1, 2, 3, 5, 8, 13, 21, 34])
[INFO] [1733773057.056617851] [fibonacci_action_client]: Received feedback: array('i', [0, 1, 1, 2, 3, 5, 8, 13, 21, 34, 55])
[INFO] [1733773057.308675748] [fibonacci_action_client]: Result: array('i', [0, 1, 1, 2, 3, 5, 8, 13, 21, 34, 55])
[INFO] [1733773057.559400902] [fibonacci_action_client]: Sending goal with order 10
[INFO] [1733773057.560774939] [fibonacci_action_client]: Goal accepted, waiting for result.
[INFO] [1733773057.563065606] [fibonacci_action_client]: Received feedback: array('i', [0, 1, 1])
[INFO] [1733773057.812899225] [fibonacci_action_client]: Received feedback: array('i', [0, 1, 1, 2])
[INFO] [1733773058.064038586] [fibonacci_action_client]: Received feedback: array('i', [0, 1, 1, 2, 3])
[INFO] [1733773058.314716645] [fibonacci_action_client]: Received feedback: array('i', [0, 1, 1, 2, 3, 5])
[INFO] [1733773058.565922241] [fibonacci_action_client]: Received feedback: array('i', [0, 1, 1, 2, 3, 5, 8])
[INFO] [1733773058.817021709] [fibonacci_action_client]: Received feedback: array('i', [0, 1, 1, 2, 3, 5, 8, 13])
[INFO] [1733773059.067956951] [fibonacci_action_client]: Received feedback: array('i', [0, 1, 1, 2, 3, 5, 8, 13, 21])
[INFO] [1733773059.319035467] [fibonacci_action_client]: Received feedback: array('i', [0, 1, 1, 2, 3, 5, 8, 13, 21, 34])
[INFO] [1733773059.570393131] [fibonacci_action_client]: Received feedback: array('i', [0, 1, 1, 2, 3, 5, 8, 13, 21, 34, 55])
[INFO] [1733773059.822662789] [fibonacci_action_client]: Result: array('i', [0, 1, 1, 2, 3, 5, 8, 13, 21, 34, 55])
[INFO] [1733773060.073604838] [fibonacci_action_client]: Sending goal with order 10
[INFO] [1733773060.075332910] [fibonacci_action_client]: Goal accepted, waiting for result.
[INFO] [1733773060.078394270] [fibonacci_action_client]: Received feedback: array('i', [0, 1, 1])
[INFO] [1733773060.328063974] [fibonacci_action_client]: Received feedback: array('i', [0, 1, 1, 2])
[INFO] [1733773060.578959264] [fibonacci_action_client]: Received feedback: array('i', [0, 1, 1, 2, 3])
[INFO] [1733773060.829981927] [fibonacci_action_client]: Received feedback: array('i', [0, 1, 1, 2, 3, 5])
[INFO] [1733773061.081103130] [fibonacci_action_client]: Received feedback: array('i', [0, 1, 1, 2, 3, 5, 8])
[INFO] [1733773061.332306016] [fibonacci_action_client]: Received feedback: array('i', [0, 1, 1, 2, 3, 5, 8, 13])
[INFO] [1733773061.583456258] [fibonacci_action_client]: Received feedback: array('i', [0, 1, 1, 2, 3, 5, 8, 13, 21])
[INFO] [1733773061.834183593] [fibonacci_action_client]: Received feedback: array('i', [0, 1, 1, 2, 3, 5, 8, 13, 21, 34])
[INFO] [1733773062.085089559] [fibonacci_action_client]: Received feedback: array('i', [0, 1, 1, 2, 3, 5, 8, 13, 21, 34, 55])
[INFO] [1733773062.337199372] [fibonacci_action_client]: Result: array('i', [0, 1, 1, 2, 3, 5, 8, 13, 21, 34, 55])
[INFO] [1733773062.587962807] [fibonacci_action_client]: Sending goal with order 10
[INFO] [1733773062.589375830] [fibonacci_action_client]: Goal accepted, waiting for result.
[INFO] [1733773062.592124525] [fibonacci_action_client]: Received feedback: array('i', [0, 1, 1])
[INFO] [1733773062.841496050] [fibonacci_action_client]: Received feedback: array('i', [0, 1, 1, 2])
[INFO] [1733773063.092459035] [fibonacci_action_client]: Received feedback: array('i', [0, 1, 1, 2, 3])
[INFO] [1733773063.343523770] [fibonacci_action_client]: Received feedback: array('i', [0, 1, 1, 2, 3, 5])
[INFO] [1733773063.594880800] [fibonacci_action_client]: Received feedback: array('i', [0, 1, 1, 2, 3, 5, 8])
[INFO] [1733773063.845677099] [fibonacci_action_client]: Received feedback: array('i', [0, 1, 1, 2, 3, 5, 8, 13])
[INFO] [1733773064.096732785] [fibonacci_action_client]: Received feedback: array('i', [0, 1, 1, 2, 3, 5, 8, 13, 21])
[INFO] [1733773064.347643577] [fibonacci_action_client]: Received feedback: array('i', [0, 1, 1, 2, 3, 5, 8, 13, 21, 34])
[INFO] [1733773064.598810663] [fibonacci_action_client]: Received feedback: array('i', [0, 1, 1, 2, 3, 5, 8, 13, 21, 34, 55])
[INFO] [1733773064.851137588] [fibonacci_action_client]: Result: array('i', [0, 1, 1, 2, 3, 5, 8, 13, 21, 34, 55])
[INFO] [1733773065.101965906] [fibonacci_action_client]: Sending goal with order 10
[INFO] [1733773065.104704925] [fibonacci_action_client]: Goal accepted, waiting for result.
[INFO] [1733773065.109387183] [fibonacci_action_client]: Received feedback: array('i', [0, 1, 1])
[INFO] [1733773065.357818615] [fibonacci_action_client]: Received feedback: array('i', [0, 1, 1, 2])
[INFO] [1733773065.608943711] [fibonacci_action_client]: Received feedback: array('i', [0, 1, 1, 2, 3])
[INFO] [1733773065.859921723] [fibonacci_action_client]: Received feedback: array('i', [0, 1, 1, 2, 3, 5])
[INFO] [1733773066.110728822] [fibonacci_action_client]: Received feedback: array('i', [0, 1, 1, 2, 3, 5, 8])
[INFO] [1733773066.361514470] [fibonacci_action_client]: Received feedback: array('i', [0, 1, 1, 2, 3, 5, 8, 13])
[INFO] [1733773066.612697042] [fibonacci_action_client]: Received feedback: array('i', [0, 1, 1, 2, 3, 5, 8, 13, 21])
[INFO] [1733773066.863644431] [fibonacci_action_client]: Received feedback: array('i', [0, 1, 1, 2, 3, 5, 8, 13, 21, 34])
[INFO] [1733773067.114672605] [fibonacci_action_client]: Received feedback: array('i', [0, 1, 1, 2, 3, 5, 8, 13, 21, 34, 55])
[INFO] [1733773067.367556043] [fibonacci_action_client]: Result: array('i', [0, 1, 1, 2, 3, 5, 8, 13, 21, 34, 55])
[INFO] [1733773067.618287750] [fibonacci_action_client]: Sending goal with order 10
[INFO] [1733773067.623620985] [fibonacci_action_client]: Goal accepted, waiting for result.
[INFO] [1733773067.624712385] [fibonacci_action_client]: Received feedback: array('i', [0, 1, 1])
[INFO] [1733773067.873874117] [fibonacci_action_client]: Received feedback: array('i', [0, 1, 1, 2])
[INFO] [1733773068.125136732] [fibonacci_action_client]: Received feedback: array('i', [0, 1, 1, 2, 3])
[INFO] [1733773068.376083927] [fibonacci_action_client]: Received feedback: array('i', [0, 1, 1, 2, 3, 5])
[INFO] [1733773068.627267345] [fibonacci_action_client]: Received feedback: array('i', [0, 1, 1, 2, 3, 5, 8])
[INFO] [1733773068.878130628] [fibonacci_action_client]: Received feedback: array('i', [0, 1, 1, 2, 3, 5, 8, 13])
[INFO] [1733773069.128975889] [fibonacci_action_client]: Received feedback: array('i', [0, 1, 1, 2, 3, 5, 8, 13, 21])
[INFO] [1733773069.380148884] [fibonacci_action_client]: Received feedback: array('i', [0, 1, 1, 2, 3, 5, 8, 13, 21, 34])
[INFO] [1733773069.631923380] [fibonacci_action_client]: Received feedback: array('i', [0, 1, 1, 2, 3, 5, 8, 13, 21, 34, 55])
[INFO] [1733773069.883754760] [fibonacci_action_client]: Result: array('i', [0, 1, 1, 2, 3, 5, 8, 13, 21, 34, 55])
[INFO] [1733773070.134606344] [fibonacci_action_client]: Sending goal with order 10
[INFO] [1733773070.137471000] [fibonacci_action_client]: Goal accepted, waiting for result.
[INFO] [1733773070.138370770] [fibonacci_action_client]: Received feedback: array('i', [0, 1, 1])
[INFO] [1733773070.387955873] [fibonacci_action_client]: Received feedback: array('i', [0, 1, 1, 2])
[INFO] [1733773070.638950849] [fibonacci_action_client]: Received feedback: array('i', [0, 1, 1, 2, 3])
[INFO] [1733773070.889840348] [fibonacci_action_client]: Received feedback: array('i', [0, 1, 1, 2, 3, 5])
[INFO] [1733773071.141062221] [fibonacci_action_client]: Received feedback: array('i', [0, 1, 1, 2, 3, 5, 8])
[INFO] [1733773071.391778793] [fibonacci_action_client]: Received feedback: array('i', [0, 1, 1, 2, 3, 5, 8, 13])
[INFO] [1733773071.642678154] [fibonacci_action_client]: Received feedback: array('i', [0, 1, 1, 2, 3, 5, 8, 13, 21])
[INFO] [1733773071.893813776] [fibonacci_action_client]: Received feedback: array('i', [0, 1, 1, 2, 3, 5, 8, 13, 21, 34])
[INFO] [1733773072.144607867] [fibonacci_action_client]: Received feedback: array('i', [0, 1, 1, 2, 3, 5, 8, 13, 21, 34, 55])
[INFO] [1733773072.396853611] [fibonacci_action_client]: Result: array('i', [0, 1, 1, 2, 3, 5, 8, 13, 21, 34, 55])
[INFO] [1733773072.647834785] [fibonacci_action_client]: Sending goal with order 10
[INFO] [1733773072.650778744] [fibonacci_action_client]: Goal accepted, waiting for result.
[INFO] [1733773072.651535307] [fibonacci_action_client]: Received feedback: array('i', [0, 1, 1])
[INFO] [1733773072.901329507] [fibonacci_action_client]: Received feedback: array('i', [0, 1, 1, 2])
[INFO] [1733773073.152628092] [fibonacci_action_client]: Received feedback: array('i', [0, 1, 1, 2, 3])
[INFO] [1733773073.403529378] [fibonacci_action_client]: Received feedback: array('i', [0, 1, 1, 2, 3, 5])
[INFO] [1733773073.654498877] [fibonacci_action_client]: Received feedback: array('i', [0, 1, 1, 2, 3, 5, 8])
[INFO] [1733773073.905427865] [fibonacci_action_client]: Received feedback: array('i', [0, 1, 1, 2, 3, 5, 8, 13])
[INFO] [1733773074.156244120] [fibonacci_action_client]: Received feedback: array('i', [0, 1, 1, 2, 3, 5, 8, 13, 21])
[INFO] [1733773074.407272543] [fibonacci_action_client]: Received feedback: array('i', [0, 1, 1, 2, 3, 5, 8, 13, 21, 34])
[INFO] [1733773074.658277057] [fibonacci_action_client]: Received feedback: array('i', [0, 1, 1, 2, 3, 5, 8, 13, 21, 34, 55])
[INFO] [1733773074.910860758] [fibonacci_action_client]: Result: array('i', [0, 1, 1, 2, 3, 5, 8, 13, 21, 34, 55])
[INFO] [1733773075.161602483] [fibonacci_action_client]: Sending goal with order 10
[INFO] [1733773075.165576377] [fibonacci_action_client]: Goal accepted, waiting for result.
[INFO] [1733773075.166567210] [fibonacci_action_client]: Received feedback: array('i', [0, 1, 1])
[INFO] [1733773075.416075112] [fibonacci_action_client]: Received feedback: array('i', [0, 1, 1, 2])
[INFO] [1733773075.667481872] [fibonacci_action_client]: Received feedback: array('i', [0, 1, 1, 2, 3])
[INFO] [1733773075.918012158] [fibonacci_action_client]: Received feedback: array('i', [0, 1, 1, 2, 3, 5])
[INFO] [1733773076.168902814] [fibonacci_action_client]: Received feedback: array('i', [0, 1, 1, 2, 3, 5, 8])
[INFO] [1733773076.419928123] [fibonacci_action_client]: Received feedback: array('i', [0, 1, 1, 2, 3, 5, 8, 13])
[INFO] [1733773076.670500192] [fibonacci_action_client]: Received feedback: array('i', [0, 1, 1, 2, 3, 5, 8, 13, 21])
[INFO] [1733773076.921558628] [fibonacci_action_client]: Received feedback: array('i', [0, 1, 1, 2, 3, 5, 8, 13, 21, 34])
[INFO] [1733773077.172386563] [fibonacci_action_client]: Received feedback: array('i', [0, 1, 1, 2, 3, 5, 8, 13, 21, 34, 55])
[INFO] [1733773077.424808558] [fibonacci_action_client]: Result: array('i', [0, 1, 1, 2, 3, 5, 8, 13, 21, 34, 55])
[INFO] [1733773077.675745306] [fibonacci_action_client]: Sending goal with order 10
[INFO] [1733773077.679877898] [fibonacci_action_client]: Goal accepted, waiting for result.
[INFO] [1733773077.680809142] [fibonacci_action_client]: Received feedback: array('i', [0, 1, 1])
[INFO] [1733773077.930419101] [fibonacci_action_client]: Received feedback: array('i', [0, 1, 1, 2])
[INFO] [1733773078.181539482] [fibonacci_action_client]: Received feedback: array('i', [0, 1, 1, 2, 3])
[INFO] [1733773078.432460572] [fibonacci_action_client]: Received feedback: array('i', [0, 1, 1, 2, 3, 5])
[INFO] [1733773078.683528261] [fibonacci_action_client]: Received feedback: array('i', [0, 1, 1, 2, 3, 5, 8])
[INFO] [1733773078.934204465] [fibonacci_action_client]: Received feedback: array('i', [0, 1, 1, 2, 3, 5, 8, 13])
[INFO] [1733773079.185127082] [fibonacci_action_client]: Received feedback: array('i', [0, 1, 1, 2, 3, 5, 8, 13, 21])
[INFO] [1733773079.436131033] [fibonacci_action_client]: Received feedback: array('i', [0, 1, 1, 2, 3, 5, 8, 13, 21, 34])
[INFO] [1733773079.686832147] [fibonacci_action_client]: Received feedback: array('i', [0, 1, 1, 2, 3, 5, 8, 13, 21, 34, 55])
[INFO] [1733773079.939543006] [fibonacci_action_client]: Result: array('i', [0, 1, 1, 2, 3, 5, 8, 13, 21, 34, 55])
[INFO] [1733773080.190399326] [fibonacci_action_client]: Sending goal with order 10
[INFO] [1733773080.195278210] [fibonacci_action_client]: Goal accepted, waiting for result.
[INFO] [1733773080.196803786] [fibonacci_action_client]: Received feedback: array('i', [0, 1, 1])
[INFO] [1733773080.443904736] [fibonacci_action_client]: Received feedback: array('i', [0, 1, 1, 2])
[INFO] [1733773080.694867472] [fibonacci_action_client]: Received feedback: array('i', [0, 1, 1, 2, 3])
[INFO] [1733773080.945650749] [fibonacci_action_client]: Received feedback: array('i', [0, 1, 1, 2, 3, 5])
[INFO] [1733773081.196739038] [fibonacci_action_client]: Received feedback: array('i', [0, 1, 1, 2, 3, 5, 8])
[INFO] [1733773081.448228427] [fibonacci_action_client]: Received feedback: array('i', [0, 1, 1, 2, 3, 5, 8, 13])
[INFO] [1733773081.699079477] [fibonacci_action_client]: Received feedback: array('i', [0, 1, 1, 2, 3, 5, 8, 13, 21])
[INFO] [1733773081.950332093] [fibonacci_action_client]: Received feedback: array('i', [0, 1, 1, 2, 3, 5, 8, 13, 21, 34])
[INFO] [1733773082.201162280] [fibonacci_action_client]: Received feedback: array('i', [0, 1, 1, 2, 3, 5, 8, 13, 21, 34, 55])
[INFO] [1733773082.453853445] [fibonacci_action_client]: Result: array('i', [0, 1, 1, 2, 3, 5, 8, 13, 21, 34, 55])
[INFO] [1733773082.704829246] [fibonacci_action_client]: Sending goal with order 10
[INFO] [1733773082.707717069] [fibonacci_action_client]: Goal accepted, waiting for result.
[INFO] [1733773082.708503661] [fibonacci_action_client]: Received feedback: array('i', [0, 1, 1])
[INFO] [1733773082.959102317] [fibonacci_action_client]: Received feedback: array('i', [0, 1, 1, 2])
[INFO] [1733773083.209596980] [fibonacci_action_client]: Received feedback: array('i', [0, 1, 1, 2, 3])
[INFO] [1733773083.460643344] [fibonacci_action_client]: Received feedback: array('i', [0, 1, 1, 2, 3, 5])
[INFO] [1733773083.711378058] [fibonacci_action_client]: Received feedback: array('i', [0, 1, 1, 2, 3, 5, 8])
[INFO] [1733773083.962444188] [fibonacci_action_client]: Received feedback: array('i', [0, 1, 1, 2, 3, 5, 8, 13])
[INFO] [1733773084.213190213] [fibonacci_action_client]: Received feedback: array('i', [0, 1, 1, 2, 3, 5, 8, 13, 21])
[INFO] [1733773084.464274312] [fibonacci_action_client]: Received feedback: array('i', [0, 1, 1, 2, 3, 5, 8, 13, 21, 34])
[INFO] [1733773084.715281641] [fibonacci_action_client]: Received feedback: array('i', [0, 1, 1, 2, 3, 5, 8, 13, 21, 34, 55])
[INFO] [1733773084.968451015] [fibonacci_action_client]: Result: array('i', [0, 1, 1, 2, 3, 5, 8, 13, 21, 34, 55])
[INFO] [1733773085.219283586] [fibonacci_action_client]: Sending goal with order 10
[INFO] [1733773085.222691820] [fibonacci_action_client]: Goal accepted, waiting for result.
[INFO] [1733773085.223978276] [fibonacci_action_client]: Received feedback: array('i', [0, 1, 1])
[INFO] [1733773085.472825901] [fibonacci_action_client]: Received feedback: array('i', [0, 1, 1, 2])
[INFO] [1733773085.723867785] [fibonacci_action_client]: Received feedback: array('i', [0, 1, 1, 2, 3])
[INFO] [1733773085.974585657] [fibonacci_action_client]: Received feedback: array('i', [0, 1, 1, 2, 3, 5])
[INFO] [1733773086.225791425] [fibonacci_action_client]: Received feedback: array('i', [0, 1, 1, 2, 3, 5, 8])
[INFO] [1733773086.476736246] [fibonacci_action_client]: Received feedback: array('i', [0, 1, 1, 2, 3, 5, 8, 13])
[INFO] [1733773086.727797238] [fibonacci_action_client]: Received feedback: array('i', [0, 1, 1, 2, 3, 5, 8, 13, 21])
[INFO] [1733773086.978528414] [fibonacci_action_client]: Received feedback: array('i', [0, 1, 1, 2, 3, 5, 8, 13, 21, 34])
[INFO] [1733773087.229651423] [fibonacci_action_client]: Received feedback: array('i', [0, 1, 1, 2, 3, 5, 8, 13, 21, 34, 55])
[INFO] [1733773087.481731292] [fibonacci_action_client]: Result: array('i', [0, 1, 1, 2, 3, 5, 8, 13, 21, 34, 55])
[INFO] [1733773087.732694462] [fibonacci_action_client]: Sending goal with order 10
[INFO] [1733773087.736673434] [fibonacci_action_client]: Goal accepted, waiting for result.
[INFO] [1733773087.737510734] [fibonacci_action_client]: Received feedback: array('i', [0, 1, 1])
[INFO] [1733773087.986966560] [fibonacci_action_client]: Received feedback: array('i', [0, 1, 1, 2])
[INFO] [1733773088.237881743] [fibonacci_action_client]: Received feedback: array('i', [0, 1, 1, 2, 3])
[INFO] [1733773088.488821104] [fibonacci_action_client]: Received feedback: array('i', [0, 1, 1, 2, 3, 5])
[INFO] [1733773088.739872879] [fibonacci_action_client]: Received feedback: array('i', [0, 1, 1, 2, 3, 5, 8])
[INFO] [1733773088.990658712] [fibonacci_action_client]: Received feedback: array('i', [0, 1, 1, 2, 3, 5, 8, 13])
[INFO] [1733773089.241723388] [fibonacci_action_client]: Received feedback: array('i', [0, 1, 1, 2, 3, 5, 8, 13, 21])
[INFO] [1733773089.492766671] [fibonacci_action_client]: Received feedback: array('i', [0, 1, 1, 2, 3, 5, 8, 13, 21, 34])
[INFO] [1733773089.743572099] [fibonacci_action_client]: Received feedback: array('i', [0, 1, 1, 2, 3, 5, 8, 13, 21, 34, 55])
[INFO] [1733773089.996161844] [fibonacci_action_client]: Result: array('i', [0, 1, 1, 2, 3, 5, 8, 13, 21, 34, 55])
[INFO] [1733773090.246886898] [fibonacci_action_client]: Sending goal with order 10
[INFO] [1733773090.249878137] [fibonacci_action_client]: Goal accepted, waiting for result.
[INFO] [1733773090.250794902] [fibonacci_action_client]: Received feedback: array('i', [0, 1, 1])
[INFO] [1733773090.500452494] [fibonacci_action_client]: Received feedback: array('i', [0, 1, 1, 2])
[INFO] [1733773090.751429734] [fibonacci_action_client]: Received feedback: array('i', [0, 1, 1, 2, 3])
[INFO] [1733773091.002261919] [fibonacci_action_client]: Received feedback: array('i', [0, 1, 1, 2, 3, 5])
[INFO] [1733773091.253524111] [fibonacci_action_client]: Received feedback: array('i', [0, 1, 1, 2, 3, 5, 8])
[INFO] [1733773091.504746233] [fibonacci_action_client]: Received feedback: array('i', [0, 1, 1, 2, 3, 5, 8, 13])
[INFO] [1733773091.755749892] [fibonacci_action_client]: Received feedback: array('i', [0, 1, 1, 2, 3, 5, 8, 13, 21])
[INFO] [1733773092.006791015] [fibonacci_action_client]: Received feedback: array('i', [0, 1, 1, 2, 3, 5, 8, 13, 21, 34])
[INFO] [1733773092.257536006] [fibonacci_action_client]: Received feedback: array('i', [0, 1, 1, 2, 3, 5, 8, 13, 21, 34, 55])
[INFO] [1733773092.510741895] [fibonacci_action_client]: Result: array('i', [0, 1, 1, 2, 3, 5, 8, 13, 21, 34, 55])
[INFO] [1733773092.761713719] [fibonacci_action_client]: Sending goal with order 10
[INFO] [1733773092.765824615] [fibonacci_action_client]: Goal accepted, waiting for result.
[INFO] [1733773092.766632315] [fibonacci_action_client]: Received feedback: array('i', [0, 1, 1])
[INFO] [1733773093.016019625] [fibonacci_action_client]: Received feedback: array('i', [0, 1, 1, 2])
[INFO] [1733773093.266946097] [fibonacci_action_client]: Received feedback: array('i', [0, 1, 1, 2, 3])
[INFO] [1733773093.517856816] [fibonacci_action_client]: Received feedback: array('i', [0, 1, 1, 2, 3, 5])
[INFO] [1733773093.769055923] [fibonacci_action_client]: Received feedback: array('i', [0, 1, 1, 2, 3, 5, 8])
[INFO] [1733773094.020123464] [fibonacci_action_client]: Received feedback: array('i', [0, 1, 1, 2, 3, 5, 8, 13])
[INFO] [1733773094.270936403] [fibonacci_action_client]: Received feedback: array('i', [0, 1, 1, 2, 3, 5, 8, 13, 21])
[INFO] [1733773094.522001831] [fibonacci_action_client]: Received feedback: array('i', [0, 1, 1, 2, 3, 5, 8, 13, 21, 34])
[INFO] [1733773094.773182969] [fibonacci_action_client]: Received feedback: array('i', [0, 1, 1, 2, 3, 5, 8, 13, 21, 34, 55])
