[INFO] [1733613217.918412847] [fibonacci_action_server]: Executing goal...
[INFO] [1733613217.918874469] [fibonacci_action_server]: Feedback: array('i', [0, 1, 1])
[INFO] [1733613218.420339677] [fibonacci_action_server]: Feedback: array('i', [0, 1, 1, 2])
[INFO] [1733613218.921604458] [fibonacci_action_server]: Feedback: array('i', [0, 1, 1, 2, 3])
[INFO] [1733613219.422792820] [fibonacci_action_server]: Feedback: array('i', [0, 1, 1, 2, 3, 5])
[INFO] [1733613219.924033518] [fibonacci_action_server]: Feedback: array('i', [0, 1, 1, 2, 3, 5, 8])
[INFO] [1733613220.425243236] [fibonacci_action_server]: Feedback: array('i', [0, 1, 1, 2, 3, 5, 8, 13])
[INFO] [1733613220.926565069] [fibonacci_action_server]: Feedback: array('i', [0, 1, 1, 2, 3, 5, 8, 13, 21])
[INFO] [1733613221.427680845] [fibonacci_action_server]: Feedback: array('i', [0, 1, 1, 2, 3, 5, 8, 13, 21, 34])
[INFO] [1733613221.928770692] [fibonacci_action_server]: Feedback: array('i', [0, 1, 1, 2, 3, 5, 8, 13, 21, 34, 55])
[INFO] [1733613222.431459715] [fibonacci_action_server]: Executing goal...
[INFO] [1733613222.431913389] [fibonacci_action_server]: Feedback: array('i', [0, 1, 1])
[INFO] [1733613222.932952879] [fibonacci_action_server]: Feedback: array('i', [0, 1, 1, 2])
[INFO] [1733613223.434124762] [fibonacci_action_server]: Feedback: array('i', [0, 1, 1, 2, 3])
[INFO] [1733613223.935062602] [fibonacci_action_server]: Feedback: array('i', [0, 1, 1, 2, 3, 5])
[INFO] [1733613224.436447626] [fibonacci_action_server]: Feedback: array('i', [0, 1, 1, 2, 3, 5, 8])
[INFO] [1733613224.937694239] [fibonacci_action_server]: Feedback: array('i', [0, 1, 1, 2, 3, 5, 8, 13])
[INFO] [1733613225.439030165] [fibonacci_action_server]: Feedback: array('i', [0, 1, 1, 2, 3, 5, 8, 13, 21])
[INFO] [1733613225.940151606] [fibonacci_action_server]: Feedback: array('i', [0, 1, 1, 2, 3, 5, 8, 13, 21, 34])
[INFO] [1733613226.441364075] [fibonacci_action_server]: Feedback: array('i', [0, 1, 1, 2, 3, 5, 8, 13, 21, 34, 55])
[INFO] [1733613226.944404469] [fibonacci_action_server]: Executing goal...
[INFO] [1733613226.944865197] [fibonacci_action_server]: Feedback: array('i', [0, 1, 1])
[INFO] [1733613227.445910256] [fibonacci_action_server]: Feedback: array('i', [0, 1, 1, 2])
[INFO] [1733613227.947054815] [fibonacci_action_server]: Feedback: array('i', [0, 1, 1, 2, 3])
[INFO] [1733613228.448386897] [fibonacci_action_server]: Feedback: array('i', [0, 1, 1, 2, 3, 5])
[INFO] [1733613228.949758607] [fibonacci_action_server]: Feedback: array('i', [0, 1, 1, 2, 3, 5, 8])
[INFO] [1733613229.451179209] [fibonacci_action_server]: Feedback: array('i', [0, 1, 1, 2, 3, 5, 8, 13])
[INFO] [1733613229.952735046] [fibonacci_action_server]: Feedback: array('i', [0, 1, 1, 2, 3, 5, 8, 13, 21])
[INFO] [1733613230.453875791] [fibonacci_action_server]: Feedback: array('i', [0, 1, 1, 2, 3, 5, 8, 13, 21, 34])
[INFO] [1733613230.955085142] [fibonacci_action_server]: Feedback: array('i', [0, 1, 1, 2, 3, 5, 8, 13, 21, 34, 55])
[INFO] [1733613231.457981065] [fibonacci_action_server]: Executing goal...
[INFO] [1733613231.458624738] [fibonacci_action_server]: Feedback: array('i', [0, 1, 1])
[INFO] [1733613231.959677633] [fibonacci_action_server]: Feedback: array('i', [0, 1, 1, 2])
[INFO] [1733613232.460968725] [fibonacci_action_server]: Feedback: array('i', [0, 1, 1, 2, 3])
[INFO] [1733613232.963321382] [fibonacci_action_server]: Feedback: array('i', [0, 1, 1, 2, 3, 5])
[INFO] [1733613233.464277607] [fibonacci_action_server]: Feedback: array('i', [0, 1, 1, 2, 3, 5, 8])
[INFO] [1733613233.965546787] [fibonacci_action_server]: Feedback: array('i', [0, 1, 1, 2, 3, 5, 8, 13])
[INFO] [1733613234.466987636] [fibonacci_action_server]: Feedback: array('i', [0, 1, 1, 2, 3, 5, 8, 13, 21])
[INFO] [1733613234.968144234] [fibonacci_action_server]: Feedback: array('i', [0, 1, 1, 2, 3, 5, 8, 13, 21, 34])
[INFO] [1733613235.469307018] [fibonacci_action_server]: Feedback: array('i', [0, 1, 1, 2, 3, 5, 8, 13, 21, 34, 55])
[INFO] [1733613235.972290018] [fibonacci_action_server]: Executing goal...
[INFO] [1733613235.972866800] [fibonacci_action_server]: Feedback: array('i', [0, 1, 1])
[INFO] [1733613236.473877417] [fibonacci_action_server]: Feedback: array('i', [0, 1, 1, 2])
[INFO] [1733613236.975065522] [fibonacci_action_server]: Feedback: array('i', [0, 1, 1, 2, 3])
[INFO] [1733613237.476497751] [fibonacci_action_server]: Feedback: array('i', [0, 1, 1, 2, 3, 5])
[INFO] [1733613237.977615846] [fibonacci_action_server]: Feedback: array('i', [0, 1, 1, 2, 3, 5, 8])
[INFO] [1733613238.478743275] [fibonacci_action_server]: Feedback: array('i', [0, 1, 1, 2, 3, 5, 8, 13])
[INFO] [1733613238.979846693] [fibonacci_action_server]: Feedback: array('i', [0, 1, 1, 2, 3, 5, 8, 13, 21])
[INFO] [1733613239.480477839] [fibonacci_action_server]: Feedback: array('i', [0, 1, 1, 2, 3, 5, 8, 13, 21, 34])
[INFO] [1733613239.981739906] [fibonacci_action_server]: Feedback: array('i', [0, 1, 1, 2, 3, 5, 8, 13, 21, 34, 55])
[INFO] [1733613240.484577353] [fibonacci_action_server]: Executing goal...
[INFO] [1733613240.484961037] [fibonacci_action_server]: Feedback: array('i', [0, 1, 1])
[INFO] [1733613240.986100733] [fibonacci_action_server]: Feedback: array('i', [0, 1, 1, 2])
[INFO] [1733613241.487503182] [fibonacci_action_server]: Feedback: array('i', [0, 1, 1, 2, 3])
[INFO] [1733613241.988560661] [fibonacci_action_server]: Feedback: array('i', [0, 1, 1, 2, 3, 5])
[INFO] [1733613242.490067934] [fibonacci_action_server]: Feedback: array('i', [0, 1, 1, 2, 3, 5, 8])
[INFO] [1733613242.991167196] [fibonacci_action_server]: Feedback: array('i', [0, 1, 1, 2, 3, 5, 8, 13])
[INFO] [1733613243.492473240] [fibonacci_action_server]: Feedback: array('i', [0, 1, 1, 2, 3, 5, 8, 13, 21])
[INFO] [1733613243.993873551] [fibonacci_action_server]: Feedback: array('i', [0, 1, 1, 2, 3, 5, 8, 13, 21, 34])
[INFO] [1733613244.494987704] [fibonacci_action_server]: Feedback: array('i', [0, 1, 1, 2, 3, 5, 8, 13, 21, 34, 55])
[INFO] [1733613244.998035662] [fibonacci_action_server]: Executing goal...
[INFO] [1733613244.998645839] [fibonacci_action_server]: Feedback: array('i', [0, 1, 1])
[INFO] [1733613245.499894535] [fibonacci_action_server]: Feedback: array('i', [0, 1, 1, 2])
[INFO] [1733613246.001180256] [fibonacci_action_server]: Feedback: array('i', [0, 1, 1, 2, 3])
[INFO] [1733613246.502443549] [fibonacci_action_server]: Feedback: array('i', [0, 1, 1, 2, 3, 5])
[INFO] [1733613247.003541480] [fibonacci_action_server]: Feedback: array('i', [0, 1, 1, 2, 3, 5, 8])
[INFO] [1733613247.504420844] [fibonacci_action_server]: Feedback: array('i', [0, 1, 1, 2, 3, 5, 8, 13])
[INFO] [1733613248.005716285] [fibonacci_action_server]: Feedback: array('i', [0, 1, 1, 2, 3, 5, 8, 13, 21])
[INFO] [1733613248.506962602] [fibonacci_action_server]: Feedback: array('i', [0, 1, 1, 2, 3, 5, 8, 13, 21, 34])
[INFO] [1733613249.008365457] [fibonacci_action_server]: Feedback: array('i', [0, 1, 1, 2, 3, 5, 8, 13, 21, 34, 55])
[INFO] [1733613249.511598540] [fibonacci_action_server]: Executing goal...
[INFO] [1733613249.511997219] [fibonacci_action_server]: Feedback: array('i', [0, 1, 1])
[INFO] [1733613250.013048430] [fibonacci_action_server]: Feedback: array('i', [0, 1, 1, 2])
[INFO] [1733613250.514398743] [fibonacci_action_server]: Feedback: array('i', [0, 1, 1, 2, 3])
[INFO] [1733613251.015223049] [fibonacci_action_server]: Feedback: array('i', [0, 1, 1, 2, 3, 5])
[INFO] [1733613251.516344131] [fibonacci_action_server]: Feedback: array('i', [0, 1, 1, 2, 3, 5, 8])
[INFO] [1733613252.017453846] [fibonacci_action_server]: Feedback: array('i', [0, 1, 1, 2, 3, 5, 8, 13])
[INFO] [1733613252.518688205] [fibonacci_action_server]: Feedback: array('i', [0, 1, 1, 2, 3, 5, 8, 13, 21])
[INFO] [1733613253.019845277] [fibonacci_action_server]: Feedback: array('i', [0, 1, 1, 2, 3, 5, 8, 13, 21, 34])
[INFO] [1733613253.521165667] [fibonacci_action_server]: Feedback: array('i', [0, 1, 1, 2, 3, 5, 8, 13, 21, 34, 55])
[INFO] [1733613254.024806436] [fibonacci_action_server]: Executing goal...
[INFO] [1733613254.025421238] [fibonacci_action_server]: Feedback: array('i', [0, 1, 1])
[INFO] [1733613254.527277040] [fibonacci_action_server]: Feedback: array('i', [0, 1, 1, 2])
[INFO] [1733613255.029135535] [fibonacci_action_server]: Feedback: array('i', [0, 1, 1, 2, 3])
[INFO] [1733613255.530683204] [fibonacci_action_server]: Feedback: array('i', [0, 1, 1, 2, 3, 5])
[INFO] [1733613256.032098206] [fibonacci_action_server]: Feedback: array('i', [0, 1, 1, 2, 3, 5, 8])
[INFO] [1733613256.533662561] [fibonacci_action_server]: Feedback: array('i', [0, 1, 1, 2, 3, 5, 8, 13])
[INFO] [1733613257.035060624] [fibonacci_action_server]: Feedback: array('i', [0, 1, 1, 2, 3, 5, 8, 13, 21])
[INFO] [1733613257.536215453] [fibonacci_action_server]: Feedback: array('i', [0, 1, 1, 2, 3, 5, 8, 13, 21, 34])
[INFO] [1733613258.037566988] [fibonacci_action_server]: Feedback: array('i', [0, 1, 1, 2, 3, 5, 8, 13, 21, 34, 55])
[INFO] [1733613258.540952662] [fibonacci_action_server]: Executing goal...
[INFO] [1733613258.541396106] [fibonacci_action_server]: Feedback: array('i', [0, 1, 1])
[INFO] [1733613259.042709188] [fibonacci_action_server]: Feedback: array('i', [0, 1, 1, 2])
[INFO] [1733613259.543951928] [fibonacci_action_server]: Feedback: array('i', [0, 1, 1, 2, 3])
[INFO] [1733613260.045211244] [fibonacci_action_server]: Feedback: array('i', [0, 1, 1, 2, 3, 5])
[INFO] [1733613260.546448653] [fibonacci_action_server]: Feedback: array('i', [0, 1, 1, 2, 3, 5, 8])
[INFO] [1733613261.048090349] [fibonacci_action_server]: Feedback: array('i', [0, 1, 1, 2, 3, 5, 8, 13])
[INFO] [1733613261.549424131] [fibonacci_action_server]: Feedback: array('i', [0, 1, 1, 2, 3, 5, 8, 13, 21])
[INFO] [1733613262.050821426] [fibonacci_action_server]: Feedback: array('i', [0, 1, 1, 2, 3, 5, 8, 13, 21, 34])
[INFO] [1733613262.552212892] [fibonacci_action_server]: Feedback: array('i', [0, 1, 1, 2, 3, 5, 8, 13, 21, 34, 55])
[INFO] [1733613263.054765190] [fibonacci_action_server]: Shutting down node...
RAPL is set
