[INFO] [1733669886.073989216] [fibonacci_action_client]: Sending goal with order 10
[INFO] [1733669886.075532233] [fibonacci_action_client]: Goal accepted, waiting for result.
[INFO] [1733669886.087338601] [fibonacci_action_client]: Received feedback: array('i', [0, 1, 1])
[INFO] [1733669886.341088343] [fibonacci_action_client]: Received feedback: array('i', [0, 1, 1, 2])
[INFO] [1733669886.591503325] [fibonacci_action_client]: Received feedback: array('i', [0, 1, 1, 2, 3])
[INFO] [1733669886.842915226] [fibonacci_action_client]: Received feedback: array('i', [0, 1, 1, 2, 3, 5])
[INFO] [1733669887.093898827] [fibonacci_action_client]: Received feedback: array('i', [0, 1, 1, 2, 3, 5, 8])
[INFO] [1733669887.345287838] [fibonacci_action_client]: Received feedback: array('i', [0, 1, 1, 2, 3, 5, 8, 13])
[INFO] [1733669887.596715805] [fibonacci_action_client]: Received feedback: array('i', [0, 1, 1, 2, 3, 5, 8, 13, 21])
[INFO] [1733669887.847443030] [fibonacci_action_client]: Received feedback: array('i', [0, 1, 1, 2, 3, 5, 8, 13, 21, 34])
[INFO] [1733669888.098690843] [fibonacci_action_client]: Received feedback: array('i', [0, 1, 1, 2, 3, 5, 8, 13, 21, 34, 55])
[INFO] [1733669888.349768051] [fibonacci_action_client]: Result: array('i', [0, 1, 1, 2, 3, 5, 8, 13, 21, 34, 55])
[INFO] [1733669888.600397953] [fibonacci_action_client]: Sending goal with order 10
[INFO] [1733669888.601936988] [fibonacci_action_client]: Goal accepted, waiting for result.
[INFO] [1733669888.605059932] [fibonacci_action_client]: Received feedback: array('i', [0, 1, 1])
[INFO] [1733669888.857361935] [fibonacci_action_client]: Received feedback: array('i', [0, 1, 1, 2])
[INFO] [1733669889.108231892] [fibonacci_action_client]: Received feedback: array('i', [0, 1, 1, 2, 3])
[INFO] [1733669889.359421753] [fibonacci_action_client]: Received feedback: array('i', [0, 1, 1, 2, 3, 5])
[INFO] [1733669889.610348252] [fibonacci_action_client]: Received feedback: array('i', [0, 1, 1, 2, 3, 5, 8])
[INFO] [1733669889.861439687] [fibonacci_action_client]: Received feedback: array('i', [0, 1, 1, 2, 3, 5, 8, 13])
[INFO] [1733669890.112830580] [fibonacci_action_client]: Received feedback: array('i', [0, 1, 1, 2, 3, 5, 8, 13, 21])
[INFO] [1733669890.364149738] [fibonacci_action_client]: Received feedback: array('i', [0, 1, 1, 2, 3, 5, 8, 13, 21, 34])
[INFO] [1733669890.615378861] [fibonacci_action_client]: Received feedback: array('i', [0, 1, 1, 2, 3, 5, 8, 13, 21, 34, 55])
[INFO] [1733669890.866518778] [fibonacci_action_client]: Result: array('i', [0, 1, 1, 2, 3, 5, 8, 13, 21, 34, 55])
[INFO] [1733669891.117471336] [fibonacci_action_client]: Sending goal with order 10
[INFO] [1733669891.119154784] [fibonacci_action_client]: Goal accepted, waiting for result.
[INFO] [1733669891.120117532] [fibonacci_action_client]: Received feedback: array('i', [0, 1, 1])
[INFO] [1733669891.371313199] [fibonacci_action_client]: Received feedback: array('i', [0, 1, 1, 2])
[INFO] [1733669891.622392411] [fibonacci_action_client]: Received feedback: array('i', [0, 1, 1, 2, 3])
[INFO] [1733669891.873777712] [fibonacci_action_client]: Received feedback: array('i', [0, 1, 1, 2, 3, 5])
[INFO] [1733669892.124766316] [fibonacci_action_client]: Received feedback: array('i', [0, 1, 1, 2, 3, 5, 8])
[INFO] [1733669892.375751645] [fibonacci_action_client]: Received feedback: array('i', [0, 1, 1, 2, 3, 5, 8, 13])
[INFO] [1733669892.627179284] [fibonacci_action_client]: Received feedback: array('i', [0, 1, 1, 2, 3, 5, 8, 13, 21])
[INFO] [1733669892.878131042] [fibonacci_action_client]: Received feedback: array('i', [0, 1, 1, 2, 3, 5, 8, 13, 21, 34])
[INFO] [1733669893.129289475] [fibonacci_action_client]: Received feedback: array('i', [0, 1, 1, 2, 3, 5, 8, 13, 21, 34, 55])
[INFO] [1733669893.381154651] [fibonacci_action_client]: Result: array('i', [0, 1, 1, 2, 3, 5, 8, 13, 21, 34, 55])
[INFO] [1733669893.632112943] [fibonacci_action_client]: Sending goal with order 10
[INFO] [1733669893.633692373] [fibonacci_action_client]: Goal accepted, waiting for result.
[INFO] [1733669893.634722865] [fibonacci_action_client]: Received feedback: array('i', [0, 1, 1])
[INFO] [1733669893.886049738] [fibonacci_action_client]: Received feedback: array('i', [0, 1, 1, 2])
[INFO] [1733669894.137134902] [fibonacci_action_client]: Received feedback: array('i', [0, 1, 1, 2, 3])
[INFO] [1733669894.388560637] [fibonacci_action_client]: Received feedback: array('i', [0, 1, 1, 2, 3, 5])
[INFO] [1733669894.639526731] [fibonacci_action_client]: Received feedback: array('i', [0, 1, 1, 2, 3, 5, 8])
[INFO] [1733669894.890556484] [fibonacci_action_client]: Received feedback: array('i', [0, 1, 1, 2, 3, 5, 8, 13])
[INFO] [1733669895.141485912] [fibonacci_action_client]: Received feedback: array('i', [0, 1, 1, 2, 3, 5, 8, 13, 21])
[INFO] [1733669895.392820291] [fibonacci_action_client]: Received feedback: array('i', [0, 1, 1, 2, 3, 5, 8, 13, 21, 34])
[INFO] [1733669895.643723870] [fibonacci_action_client]: Received feedback: array('i', [0, 1, 1, 2, 3, 5, 8, 13, 21, 34, 55])
[INFO] [1733669895.895007451] [fibonacci_action_client]: Result: array('i', [0, 1, 1, 2, 3, 5, 8, 13, 21, 34, 55])
[INFO] [1733669896.146321461] [fibonacci_action_client]: Sending goal with order 10
[INFO] [1733669896.148360160] [fibonacci_action_client]: Goal accepted, waiting for result.
[INFO] [1733669896.149745992] [fibonacci_action_client]: Received feedback: array('i', [0, 1, 1])
[INFO] [1733669896.401009389] [fibonacci_action_client]: Received feedback: array('i', [0, 1, 1, 2])
[INFO] [1733669896.652315174] [fibonacci_action_client]: Received feedback: array('i', [0, 1, 1, 2, 3])
[INFO] [1733669896.903157867] [fibonacci_action_client]: Received feedback: array('i', [0, 1, 1, 2, 3, 5])
[INFO] [1733669897.154387631] [fibonacci_action_client]: Received feedback: array('i', [0, 1, 1, 2, 3, 5, 8])
[INFO] [1733669897.405471547] [fibonacci_action_client]: Received feedback: array('i', [0, 1, 1, 2, 3, 5, 8, 13])
[INFO] [1733669897.656768106] [fibonacci_action_client]: Received feedback: array('i', [0, 1, 1, 2, 3, 5, 8, 13, 21])
[INFO] [1733669897.908082967] [fibonacci_action_client]: Received feedback: array('i', [0, 1, 1, 2, 3, 5, 8, 13, 21, 34])
[INFO] [1733669898.159079048] [fibonacci_action_client]: Received feedback: array('i', [0, 1, 1, 2, 3, 5, 8, 13, 21, 34, 55])
[INFO] [1733669898.410742180] [fibonacci_action_client]: Result: array('i', [0, 1, 1, 2, 3, 5, 8, 13, 21, 34, 55])
[INFO] [1733669898.661601629] [fibonacci_action_client]: Sending goal with order 10
[INFO] [1733669898.663365650] [fibonacci_action_client]: Goal accepted, waiting for result.
[INFO] [1733669898.664569252] [fibonacci_action_client]: Received feedback: array('i', [0, 1, 1])
[INFO] [1733669898.915878821] [fibonacci_action_client]: Received feedback: array('i', [0, 1, 1, 2])
[INFO] [1733669899.167357788] [fibonacci_action_client]: Received feedback: array('i', [0, 1, 1, 2, 3])
[INFO] [1733669899.418410916] [fibonacci_action_client]: Received feedback: array('i', [0, 1, 1, 2, 3, 5])
[INFO] [1733669899.669459024] [fibonacci_action_client]: Received feedback: array('i', [0, 1, 1, 2, 3, 5, 8])
[INFO] [1733669899.920686434] [fibonacci_action_client]: Received feedback: array('i', [0, 1, 1, 2, 3, 5, 8, 13])
[INFO] [1733669900.171463153] [fibonacci_action_client]: Received feedback: array('i', [0, 1, 1, 2, 3, 5, 8, 13, 21])
[INFO] [1733669900.422876625] [fibonacci_action_client]: Received feedback: array('i', [0, 1, 1, 2, 3, 5, 8, 13, 21, 34])
[INFO] [1733669900.673952633] [fibonacci_action_client]: Received feedback: array('i', [0, 1, 1, 2, 3, 5, 8, 13, 21, 34, 55])
[INFO] [1733669900.925778817] [fibonacci_action_client]: Result: array('i', [0, 1, 1, 2, 3, 5, 8, 13, 21, 34, 55])
[INFO] [1733669901.176695251] [fibonacci_action_client]: Sending goal with order 10
[INFO] [1733669901.178561857] [fibonacci_action_client]: Goal accepted, waiting for result.
[INFO] [1733669901.180304877] [fibonacci_action_client]: Received feedback: array('i', [0, 1, 1])
[INFO] [1733669901.430831850] [fibonacci_action_client]: Received feedback: array('i', [0, 1, 1, 2])
[INFO] [1733669901.681808853] [fibonacci_action_client]: Received feedback: array('i', [0, 1, 1, 2, 3])
[INFO] [1733669901.933017438] [fibonacci_action_client]: Received feedback: array('i', [0, 1, 1, 2, 3, 5])
[INFO] [1733669902.184134477] [fibonacci_action_client]: Received feedback: array('i', [0, 1, 1, 2, 3, 5, 8])
[INFO] [1733669902.435297629] [fibonacci_action_client]: Received feedback: array('i', [0, 1, 1, 2, 3, 5, 8, 13])
[INFO] [1733669902.686577454] [fibonacci_action_client]: Received feedback: array('i', [0, 1, 1, 2, 3, 5, 8, 13, 21])
[INFO] [1733669902.937456876] [fibonacci_action_client]: Received feedback: array('i', [0, 1, 1, 2, 3, 5, 8, 13, 21, 34])
[INFO] [1733669903.188732768] [fibonacci_action_client]: Received feedback: array('i', [0, 1, 1, 2, 3, 5, 8, 13, 21, 34, 55])
[INFO] [1733669903.440575140] [fibonacci_action_client]: Result: array('i', [0, 1, 1, 2, 3, 5, 8, 13, 21, 34, 55])
[INFO] [1733669903.691645515] [fibonacci_action_client]: Sending goal with order 10
[INFO] [1733669903.693310081] [fibonacci_action_client]: Goal accepted, waiting for result.
[INFO] [1733669903.694414667] [fibonacci_action_client]: Received feedback: array('i', [0, 1, 1])
[INFO] [1733669903.945655743] [fibonacci_action_client]: Received feedback: array('i', [0, 1, 1, 2])
[INFO] [1733669904.197101345] [fibonacci_action_client]: Received feedback: array('i', [0, 1, 1, 2, 3])
[INFO] [1733669904.448334341] [fibonacci_action_client]: Received feedback: array('i', [0, 1, 1, 2, 3, 5])
[INFO] [1733669904.699563074] [fibonacci_action_client]: Received feedback: array('i', [0, 1, 1, 2, 3, 5, 8])
[INFO] [1733669904.950448380] [fibonacci_action_client]: Received feedback: array('i', [0, 1, 1, 2, 3, 5, 8, 13])
[INFO] [1733669905.201429677] [fibonacci_action_client]: Received feedback: array('i', [0, 1, 1, 2, 3, 5, 8, 13, 21])
[INFO] [1733669905.452245235] [fibonacci_action_client]: Received feedback: array('i', [0, 1, 1, 2, 3, 5, 8, 13, 21, 34])
[INFO] [1733669905.703546797] [fibonacci_action_client]: Received feedback: array('i', [0, 1, 1, 2, 3, 5, 8, 13, 21, 34, 55])
[INFO] [1733669905.955602732] [fibonacci_action_client]: Result: array('i', [0, 1, 1, 2, 3, 5, 8, 13, 21, 34, 55])
[INFO] [1733669906.206676471] [fibonacci_action_client]: Sending goal with order 10
[INFO] [1733669906.208284445] [fibonacci_action_client]: Goal accepted, waiting for result.
[INFO] [1733669906.209408409] [fibonacci_action_client]: Received feedback: array('i', [0, 1, 1])
[INFO] [1733669906.461062967] [fibonacci_action_client]: Received feedback: array('i', [0, 1, 1, 2])
[INFO] [1733669906.712284908] [fibonacci_action_client]: Received feedback: array('i', [0, 1, 1, 2, 3])
[INFO] [1733669906.963620561] [fibonacci_action_client]: Received feedback: array('i', [0, 1, 1, 2, 3, 5])
[INFO] [1733669907.214624722] [fibonacci_action_client]: Received feedback: array('i', [0, 1, 1, 2, 3, 5, 8])
[INFO] [1733669907.465417078] [fibonacci_action_client]: Received feedback: array('i', [0, 1, 1, 2, 3, 5, 8, 13])
[INFO] [1733669907.716795438] [fibonacci_action_client]: Received feedback: array('i', [0, 1, 1, 2, 3, 5, 8, 13, 21])
[INFO] [1733669907.968009638] [fibonacci_action_client]: Received feedback: array('i', [0, 1, 1, 2, 3, 5, 8, 13, 21, 34])
[INFO] [1733669908.219179327] [fibonacci_action_client]: Received feedback: array('i', [0, 1, 1, 2, 3, 5, 8, 13, 21, 34, 55])
[INFO] [1733669908.470636515] [fibonacci_action_client]: Result: array('i', [0, 1, 1, 2, 3, 5, 8, 13, 21, 34, 55])
[INFO] [1733669908.721569195] [fibonacci_action_client]: Sending goal with order 10
[INFO] [1733669908.723199296] [fibonacci_action_client]: Goal accepted, waiting for result.
[INFO] [1733669908.724376908] [fibonacci_action_client]: Received feedback: array('i', [0, 1, 1])
[INFO] [1733669908.975637444] [fibonacci_action_client]: Received feedback: array('i', [0, 1, 1, 2])
[INFO] [1733669909.226873996] [fibonacci_action_client]: Received feedback: array('i', [0, 1, 1, 2, 3])
[INFO] [1733669909.477775382] [fibonacci_action_client]: Received feedback: array('i', [0, 1, 1, 2, 3, 5])
[INFO] [1733669909.728698561] [fibonacci_action_client]: Received feedback: array('i', [0, 1, 1, 2, 3, 5, 8])
[INFO] [1733669909.980003386] [fibonacci_action_client]: Received feedback: array('i', [0, 1, 1, 2, 3, 5, 8, 13])
[INFO] [1733669910.230782977] [fibonacci_action_client]: Received feedback: array('i', [0, 1, 1, 2, 3, 5, 8, 13, 21])
[INFO] [1733669910.481903548] [fibonacci_action_client]: Received feedback: array('i', [0, 1, 1, 2, 3, 5, 8, 13, 21, 34])
[INFO] [1733669910.733081479] [fibonacci_action_client]: Received feedback: array('i', [0, 1, 1, 2, 3, 5, 8, 13, 21, 34, 55])
[INFO] [1733669910.984816734] [fibonacci_action_client]: Result: array('i', [0, 1, 1, 2, 3, 5, 8, 13, 21, 34, 55])
[INFO] [1733669911.235820768] [fibonacci_action_client]: Sending goal with order 10
[INFO] [1733669911.237831369] [fibonacci_action_client]: Goal accepted, waiting for result.
[INFO] [1733669911.239348950] [fibonacci_action_client]: Received feedback: array('i', [0, 1, 1])
[INFO] [1733669911.490518754] [fibonacci_action_client]: Received feedback: array('i', [0, 1, 1, 2])
[INFO] [1733669911.741443578] [fibonacci_action_client]: Received feedback: array('i', [0, 1, 1, 2, 3])
[INFO] [1733669911.992981590] [fibonacci_action_client]: Received feedback: array('i', [0, 1, 1, 2, 3, 5])
[INFO] [1733669912.243942192] [fibonacci_action_client]: Received feedback: array('i', [0, 1, 1, 2, 3, 5, 8])
[INFO] [1733669912.495037504] [fibonacci_action_client]: Received feedback: array('i', [0, 1, 1, 2, 3, 5, 8, 13])
[INFO] [1733669912.746131724] [fibonacci_action_client]: Received feedback: array('i', [0, 1, 1, 2, 3, 5, 8, 13, 21])
[INFO] [1733669912.997461068] [fibonacci_action_client]: Received feedback: array('i', [0, 1, 1, 2, 3, 5, 8, 13, 21, 34])
[INFO] [1733669913.248270701] [fibonacci_action_client]: Received feedback: array('i', [0, 1, 1, 2, 3, 5, 8, 13, 21, 34, 55])
[INFO] [1733669913.500021914] [fibonacci_action_client]: Result: array('i', [0, 1, 1, 2, 3, 5, 8, 13, 21, 34, 55])
[INFO] [1733669913.751072285] [fibonacci_action_client]: Sending goal with order 10
[INFO] [1733669913.752804907] [fibonacci_action_client]: Goal accepted, waiting for result.
[INFO] [1733669913.753985551] [fibonacci_action_client]: Received feedback: array('i', [0, 1, 1])
[INFO] [1733669914.004951443] [fibonacci_action_client]: Received feedback: array('i', [0, 1, 1, 2])
[INFO] [1733669914.256272924] [fibonacci_action_client]: Received feedback: array('i', [0, 1, 1, 2, 3])
[INFO] [1733669914.507126356] [fibonacci_action_client]: Received feedback: array('i', [0, 1, 1, 2, 3, 5])
[INFO] [1733669914.758211360] [fibonacci_action_client]: Received feedback: array('i', [0, 1, 1, 2, 3, 5, 8])
[INFO] [1733669915.009223432] [fibonacci_action_client]: Received feedback: array('i', [0, 1, 1, 2, 3, 5, 8, 13])
[INFO] [1733669915.260362140] [fibonacci_action_client]: Received feedback: array('i', [0, 1, 1, 2, 3, 5, 8, 13, 21])
[INFO] [1733669915.511596524] [fibonacci_action_client]: Received feedback: array('i', [0, 1, 1, 2, 3, 5, 8, 13, 21, 34])
[INFO] [1733669915.762678828] [fibonacci_action_client]: Received feedback: array('i', [0, 1, 1, 2, 3, 5, 8, 13, 21, 34, 55])
[INFO] [1733669916.014313955] [fibonacci_action_client]: Result: array('i', [0, 1, 1, 2, 3, 5, 8, 13, 21, 34, 55])
[INFO] [1733669916.265133195] [fibonacci_action_client]: Sending goal with order 10
[INFO] [1733669916.266747294] [fibonacci_action_client]: Goal accepted, waiting for result.
[INFO] [1733669916.268422104] [fibonacci_action_client]: Received feedback: array('i', [0, 1, 1])
[INFO] [1733669916.519902468] [fibonacci_action_client]: Received feedback: array('i', [0, 1, 1, 2])
[INFO] [1733669916.770977477] [fibonacci_action_client]: Received feedback: array('i', [0, 1, 1, 2, 3])
[INFO] [1733669917.022058610] [fibonacci_action_client]: Received feedback: array('i', [0, 1, 1, 2, 3, 5])
[INFO] [1733669917.273192041] [fibonacci_action_client]: Received feedback: array('i', [0, 1, 1, 2, 3, 5, 8])
[INFO] [1733669917.524411049] [fibonacci_action_client]: Received feedback: array('i', [0, 1, 1, 2, 3, 5, 8, 13])
[INFO] [1733669917.775929096] [fibonacci_action_client]: Received feedback: array('i', [0, 1, 1, 2, 3, 5, 8, 13, 21])
[INFO] [1733669918.026987152] [fibonacci_action_client]: Received feedback: array('i', [0, 1, 1, 2, 3, 5, 8, 13, 21, 34])
[INFO] [1733669918.278002814] [fibonacci_action_client]: Received feedback: array('i', [0, 1, 1, 2, 3, 5, 8, 13, 21, 34, 55])
[INFO] [1733669918.529835815] [fibonacci_action_client]: Result: array('i', [0, 1, 1, 2, 3, 5, 8, 13, 21, 34, 55])
[INFO] [1733669918.780557546] [fibonacci_action_client]: Sending goal with order 10
[INFO] [1733669918.782080506] [fibonacci_action_client]: Goal accepted, waiting for result.
[INFO] [1733669918.783459675] [fibonacci_action_client]: Received feedback: array('i', [0, 1, 1])
[INFO] [1733669919.034507777] [fibonacci_action_client]: Received feedback: array('i', [0, 1, 1, 2])
[INFO] [1733669919.285616779] [fibonacci_action_client]: Received feedback: array('i', [0, 1, 1, 2, 3])
[INFO] [1733669919.538478240] [fibonacci_action_client]: Received feedback: array('i', [0, 1, 1, 2, 3, 5])
[INFO] [1733669919.789426159] [fibonacci_action_client]: Received feedback: array('i', [0, 1, 1, 2, 3, 5, 8])
[INFO] [1733669920.040811258] [fibonacci_action_client]: Received feedback: array('i', [0, 1, 1, 2, 3, 5, 8, 13])
[INFO] [1733669920.291982483] [fibonacci_action_client]: Received feedback: array('i', [0, 1, 1, 2, 3, 5, 8, 13, 21])
[INFO] [1733669920.543142398] [fibonacci_action_client]: Received feedback: array('i', [0, 1, 1, 2, 3, 5, 8, 13, 21, 34])
[INFO] [1733669920.794463120] [fibonacci_action_client]: Received feedback: array('i', [0, 1, 1, 2, 3, 5, 8, 13, 21, 34, 55])
[INFO] [1733669921.046152284] [fibonacci_action_client]: Result: array('i', [0, 1, 1, 2, 3, 5, 8, 13, 21, 34, 55])
[INFO] [1733669921.297035636] [fibonacci_action_client]: Sending goal with order 10
[INFO] [1733669921.299046789] [fibonacci_action_client]: Goal accepted, waiting for result.
[INFO] [1733669921.300733747] [fibonacci_action_client]: Received feedback: array('i', [0, 1, 1])
[INFO] [1733669921.551568347] [fibonacci_action_client]: Received feedback: array('i', [0, 1, 1, 2])
[INFO] [1733669921.802848755] [fibonacci_action_client]: Received feedback: array('i', [0, 1, 1, 2, 3])
[INFO] [1733669922.054047014] [fibonacci_action_client]: Received feedback: array('i', [0, 1, 1, 2, 3, 5])
[INFO] [1733669922.305182443] [fibonacci_action_client]: Received feedback: array('i', [0, 1, 1, 2, 3, 5, 8])
[INFO] [1733669922.556503775] [fibonacci_action_client]: Received feedback: array('i', [0, 1, 1, 2, 3, 5, 8, 13])
[INFO] [1733669922.807916180] [fibonacci_action_client]: Received feedback: array('i', [0, 1, 1, 2, 3, 5, 8, 13, 21])
[INFO] [1733669923.058818303] [fibonacci_action_client]: Received feedback: array('i', [0, 1, 1, 2, 3, 5, 8, 13, 21, 34])
[INFO] [1733669923.310050197] [fibonacci_action_client]: Received feedback: array('i', [0, 1, 1, 2, 3, 5, 8, 13, 21, 34, 55])
[INFO] [1733669923.561431393] [fibonacci_action_client]: Result: array('i', [0, 1, 1, 2, 3, 5, 8, 13, 21, 34, 55])
[INFO] [1733669923.812524869] [fibonacci_action_client]: Sending goal with order 10
[INFO] [1733669923.814452651] [fibonacci_action_client]: Goal accepted, waiting for result.
[INFO] [1733669923.816185800] [fibonacci_action_client]: Received feedback: array('i', [0, 1, 1])
[INFO] [1733669924.066756824] [fibonacci_action_client]: Received feedback: array('i', [0, 1, 1, 2])
[INFO] [1733669924.317887180] [fibonacci_action_client]: Received feedback: array('i', [0, 1, 1, 2, 3])
[INFO] [1733669924.569278390] [fibonacci_action_client]: Received feedback: array('i', [0, 1, 1, 2, 3, 5])
[INFO] [1733669924.820535760] [fibonacci_action_client]: Received feedback: array('i', [0, 1, 1, 2, 3, 5, 8])
[INFO] [1733669925.071891252] [fibonacci_action_client]: Received feedback: array('i', [0, 1, 1, 2, 3, 5, 8, 13])
[INFO] [1733669925.322689701] [fibonacci_action_client]: Received feedback: array('i', [0, 1, 1, 2, 3, 5, 8, 13, 21])
[INFO] [1733669925.573748443] [fibonacci_action_client]: Received feedback: array('i', [0, 1, 1, 2, 3, 5, 8, 13, 21, 34])
[INFO] [1733669925.824806097] [fibonacci_action_client]: Received feedback: array('i', [0, 1, 1, 2, 3, 5, 8, 13, 21, 34, 55])
[INFO] [1733669926.076636782] [fibonacci_action_client]: Result: array('i', [0, 1, 1, 2, 3, 5, 8, 13, 21, 34, 55])
[INFO] [1733669926.327882979] [fibonacci_action_client]: Sending goal with order 10
[INFO] [1733669926.329809329] [fibonacci_action_client]: Goal accepted, waiting for result.
[INFO] [1733669926.331391713] [fibonacci_action_client]: Received feedback: array('i', [0, 1, 1])
[INFO] [1733669926.582476054] [fibonacci_action_client]: Received feedback: array('i', [0, 1, 1, 2])
[INFO] [1733669926.833528170] [fibonacci_action_client]: Received feedback: array('i', [0, 1, 1, 2, 3])
[INFO] [1733669927.085069911] [fibonacci_action_client]: Received feedback: array('i', [0, 1, 1, 2, 3, 5])
[INFO] [1733669927.336048270] [fibonacci_action_client]: Received feedback: array('i', [0, 1, 1, 2, 3, 5, 8])
[INFO] [1733669927.587204685] [fibonacci_action_client]: Received feedback: array('i', [0, 1, 1, 2, 3, 5, 8, 13])
[INFO] [1733669927.838056689] [fibonacci_action_client]: Received feedback: array('i', [0, 1, 1, 2, 3, 5, 8, 13, 21])
[INFO] [1733669928.089203804] [fibonacci_action_client]: Received feedback: array('i', [0, 1, 1, 2, 3, 5, 8, 13, 21, 34])
[INFO] [1733669928.340432274] [fibonacci_action_client]: Received feedback: array('i', [0, 1, 1, 2, 3, 5, 8, 13, 21, 34, 55])
[INFO] [1733669928.591913373] [fibonacci_action_client]: Result: array('i', [0, 1, 1, 2, 3, 5, 8, 13, 21, 34, 55])
[INFO] [1733669928.842832593] [fibonacci_action_client]: Sending goal with order 10
[INFO] [1733669928.844602359] [fibonacci_action_client]: Goal accepted, waiting for result.
[INFO] [1733669928.846268782] [fibonacci_action_client]: Received feedback: array('i', [0, 1, 1])
[INFO] [1733669929.097179093] [fibonacci_action_client]: Received feedback: array('i', [0, 1, 1, 2])
[INFO] [1733669929.348679602] [fibonacci_action_client]: Received feedback: array('i', [0, 1, 1, 2, 3])
[INFO] [1733669929.599981417] [fibonacci_action_client]: Received feedback: array('i', [0, 1, 1, 2, 3, 5])
[INFO] [1733669929.850989075] [fibonacci_action_client]: Received feedback: array('i', [0, 1, 1, 2, 3, 5, 8])
[INFO] [1733669930.102293404] [fibonacci_action_client]: Received feedback: array('i', [0, 1, 1, 2, 3, 5, 8, 13])
[INFO] [1733669930.353418218] [fibonacci_action_client]: Received feedback: array('i', [0, 1, 1, 2, 3, 5, 8, 13, 21])
[INFO] [1733669930.604915446] [fibonacci_action_client]: Received feedback: array('i', [0, 1, 1, 2, 3, 5, 8, 13, 21, 34])
[INFO] [1733669930.855968897] [fibonacci_action_client]: Received feedback: array('i', [0, 1, 1, 2, 3, 5, 8, 13, 21, 34, 55])
[INFO] [1733669931.107537747] [fibonacci_action_client]: Result: array('i', [0, 1, 1, 2, 3, 5, 8, 13, 21, 34, 55])
[INFO] [1733669931.358639913] [fibonacci_action_client]: Sending goal with order 10
[INFO] [1733669931.360196927] [fibonacci_action_client]: Goal accepted, waiting for result.
[INFO] [1733669931.361770344] [fibonacci_action_client]: Received feedback: array('i', [0, 1, 1])
[INFO] [1733669931.612798455] [fibonacci_action_client]: Received feedback: array('i', [0, 1, 1, 2])
[INFO] [1733669931.863822113] [fibonacci_action_client]: Received feedback: array('i', [0, 1, 1, 2, 3])
[INFO] [1733669932.114813279] [fibonacci_action_client]: Received feedback: array('i', [0, 1, 1, 2, 3, 5])
[INFO] [1733669932.365787004] [fibonacci_action_client]: Received feedback: array('i', [0, 1, 1, 2, 3, 5, 8])
[INFO] [1733669932.616700342] [fibonacci_action_client]: Received feedback: array('i', [0, 1, 1, 2, 3, 5, 8, 13])
[INFO] [1733669932.868047787] [fibonacci_action_client]: Received feedback: array('i', [0, 1, 1, 2, 3, 5, 8, 13, 21])
[INFO] [1733669933.118676175] [fibonacci_action_client]: Received feedback: array('i', [0, 1, 1, 2, 3, 5, 8, 13, 21, 34])
[INFO] [1733669933.369481669] [fibonacci_action_client]: Received feedback: array('i', [0, 1, 1, 2, 3, 5, 8, 13, 21, 34, 55])
[INFO] [1733669933.621278146] [fibonacci_action_client]: Result: array('i', [0, 1, 1, 2, 3, 5, 8, 13, 21, 34, 55])
[INFO] [1733669933.872383379] [fibonacci_action_client]: Sending goal with order 10
[INFO] [1733669933.874097299] [fibonacci_action_client]: Goal accepted, waiting for result.
[INFO] [1733669933.875520107] [fibonacci_action_client]: Received feedback: array('i', [0, 1, 1])
[INFO] [1733669934.126715779] [fibonacci_action_client]: Received feedback: array('i', [0, 1, 1, 2])
[INFO] [1733669934.377343658] [fibonacci_action_client]: Received feedback: array('i', [0, 1, 1, 2, 3])
[INFO] [1733669934.628704622] [fibonacci_action_client]: Received feedback: array('i', [0, 1, 1, 2, 3, 5])
[INFO] [1733669934.880095674] [fibonacci_action_client]: Received feedback: array('i', [0, 1, 1, 2, 3, 5, 8])
[INFO] [1733669935.131102857] [fibonacci_action_client]: Received feedback: array('i', [0, 1, 1, 2, 3, 5, 8, 13])
[INFO] [1733669935.382381180] [fibonacci_action_client]: Received feedback: array('i', [0, 1, 1, 2, 3, 5, 8, 13, 21])
[INFO] [1733669935.633304884] [fibonacci_action_client]: Received feedback: array('i', [0, 1, 1, 2, 3, 5, 8, 13, 21, 34])
[INFO] [1733669935.884457944] [fibonacci_action_client]: Received feedback: array('i', [0, 1, 1, 2, 3, 5, 8, 13, 21, 34, 55])
[INFO] [1733669936.136662082] [fibonacci_action_client]: Result: array('i', [0, 1, 1, 2, 3, 5, 8, 13, 21, 34, 55])
[INFO] [1733669936.387697246] [fibonacci_action_client]: Sending goal with order 10
[INFO] [1733669936.389371600] [fibonacci_action_client]: Goal accepted, waiting for result.
[INFO] [1733669936.390814066] [fibonacci_action_client]: Received feedback: array('i', [0, 1, 1])
[INFO] [1733669936.641983837] [fibonacci_action_client]: Received feedback: array('i', [0, 1, 1, 2])
[INFO] [1733669936.892949801] [fibonacci_action_client]: Received feedback: array('i', [0, 1, 1, 2, 3])
[INFO] [1733669937.144284988] [fibonacci_action_client]: Received feedback: array('i', [0, 1, 1, 2, 3, 5])
[INFO] [1733669937.395358776] [fibonacci_action_client]: Received feedback: array('i', [0, 1, 1, 2, 3, 5, 8])
[INFO] [1733669937.646430231] [fibonacci_action_client]: Received feedback: array('i', [0, 1, 1, 2, 3, 5, 8, 13])
[INFO] [1733669937.897327851] [fibonacci_action_client]: Received feedback: array('i', [0, 1, 1, 2, 3, 5, 8, 13, 21])
[INFO] [1733669938.148641289] [fibonacci_action_client]: Received feedback: array('i', [0, 1, 1, 2, 3, 5, 8, 13, 21, 34])
[INFO] [1733669938.400034758] [fibonacci_action_client]: Received feedback: array('i', [0, 1, 1, 2, 3, 5, 8, 13, 21, 34, 55])
[INFO] [1733669938.651879518] [fibonacci_action_client]: Result: array('i', [0, 1, 1, 2, 3, 5, 8, 13, 21, 34, 55])
[INFO] [1733669938.902978947] [fibonacci_action_client]: Sending goal with order 10
[INFO] [1733669938.904646814] [fibonacci_action_client]: Goal accepted, waiting for result.
[INFO] [1733669938.906123238] [fibonacci_action_client]: Received feedback: array('i', [0, 1, 1])
[INFO] [1733669939.156741979] [fibonacci_action_client]: Received feedback: array('i', [0, 1, 1, 2])
[INFO] [1733669939.408051598] [fibonacci_action_client]: Received feedback: array('i', [0, 1, 1, 2, 3])
[INFO] [1733669939.659174122] [fibonacci_action_client]: Received feedback: array('i', [0, 1, 1, 2, 3, 5])
[INFO] [1733669939.910261452] [fibonacci_action_client]: Received feedback: array('i', [0, 1, 1, 2, 3, 5, 8])
[INFO] [1733669940.161438142] [fibonacci_action_client]: Received feedback: array('i', [0, 1, 1, 2, 3, 5, 8, 13])
[INFO] [1733669940.412767838] [fibonacci_action_client]: Received feedback: array('i', [0, 1, 1, 2, 3, 5, 8, 13, 21])
[INFO] [1733669940.663522238] [fibonacci_action_client]: Received feedback: array('i', [0, 1, 1, 2, 3, 5, 8, 13, 21, 34])
[INFO] [1733669940.914960358] [fibonacci_action_client]: Received feedback: array('i', [0, 1, 1, 2, 3, 5, 8, 13, 21, 34, 55])
[INFO] [1733669941.166255274] [fibonacci_action_client]: Result: array('i', [0, 1, 1, 2, 3, 5, 8, 13, 21, 34, 55])
[INFO] [1733669941.417232746] [fibonacci_action_client]: Sending goal with order 10
[INFO] [1733669941.418945270] [fibonacci_action_client]: Goal accepted, waiting for result.
[INFO] [1733669941.420500373] [fibonacci_action_client]: Received feedback: array('i', [0, 1, 1])
[INFO] [1733669941.671282651] [fibonacci_action_client]: Received feedback: array('i', [0, 1, 1, 2])
[INFO] [1733669941.922416327] [fibonacci_action_client]: Received feedback: array('i', [0, 1, 1, 2, 3])
[INFO] [1733669942.173464183] [fibonacci_action_client]: Received feedback: array('i', [0, 1, 1, 2, 3, 5])
[INFO] [1733669942.424782606] [fibonacci_action_client]: Received feedback: array('i', [0, 1, 1, 2, 3, 5, 8])
[INFO] [1733669942.676222468] [fibonacci_action_client]: Received feedback: array('i', [0, 1, 1, 2, 3, 5, 8, 13])
[INFO] [1733669942.927314962] [fibonacci_action_client]: Received feedback: array('i', [0, 1, 1, 2, 3, 5, 8, 13, 21])
[INFO] [1733669943.178467747] [fibonacci_action_client]: Received feedback: array('i', [0, 1, 1, 2, 3, 5, 8, 13, 21, 34])
[INFO] [1733669943.429208706] [fibonacci_action_client]: Received feedback: array('i', [0, 1, 1, 2, 3, 5, 8, 13, 21, 34, 55])
[INFO] [1733669943.680979908] [fibonacci_action_client]: Result: array('i', [0, 1, 1, 2, 3, 5, 8, 13, 21, 34, 55])
[INFO] [1733669943.931939111] [fibonacci_action_client]: Sending goal with order 10
[INFO] [1733669943.933471906] [fibonacci_action_client]: Goal accepted, waiting for result.
[INFO] [1733669943.934946831] [fibonacci_action_client]: Received feedback: array('i', [0, 1, 1])
[INFO] [1733669944.185873009] [fibonacci_action_client]: Received feedback: array('i', [0, 1, 1, 2])
[INFO] [1733669944.437032000] [fibonacci_action_client]: Received feedback: array('i', [0, 1, 1, 2, 3])
[INFO] [1733669944.688242382] [fibonacci_action_client]: Received feedback: array('i', [0, 1, 1, 2, 3, 5])
[INFO] [1733669944.939411996] [fibonacci_action_client]: Received feedback: array('i', [0, 1, 1, 2, 3, 5, 8])
[INFO] [1733669945.190190084] [fibonacci_action_client]: Received feedback: array('i', [0, 1, 1, 2, 3, 5, 8, 13])
[INFO] [1733669945.441186582] [fibonacci_action_client]: Received feedback: array('i', [0, 1, 1, 2, 3, 5, 8, 13, 21])
[INFO] [1733669945.692550123] [fibonacci_action_client]: Received feedback: array('i', [0, 1, 1, 2, 3, 5, 8, 13, 21, 34])
[INFO] [1733669945.943457902] [fibonacci_action_client]: Received feedback: array('i', [0, 1, 1, 2, 3, 5, 8, 13, 21, 34, 55])
[INFO] [1733669946.195226092] [fibonacci_action_client]: Result: array('i', [0, 1, 1, 2, 3, 5, 8, 13, 21, 34, 55])
[INFO] [1733669946.445949029] [fibonacci_action_client]: Sending goal with order 10
[INFO] [1733669946.447270321] [fibonacci_action_client]: Goal accepted, waiting for result.
[INFO] [1733669946.448828475] [fibonacci_action_client]: Received feedback: array('i', [0, 1, 1])
[INFO] [1733669946.700026183] [fibonacci_action_client]: Received feedback: array('i', [0, 1, 1, 2])
[INFO] [1733669946.951058362] [fibonacci_action_client]: Received feedback: array('i', [0, 1, 1, 2, 3])
[INFO] [1733669947.202100273] [fibonacci_action_client]: Received feedback: array('i', [0, 1, 1, 2, 3, 5])
[INFO] [1733669947.453622359] [fibonacci_action_client]: Received feedback: array('i', [0, 1, 1, 2, 3, 5, 8])
[INFO] [1733669947.704767504] [fibonacci_action_client]: Received feedback: array('i', [0, 1, 1, 2, 3, 5, 8, 13])
[INFO] [1733669947.956107662] [fibonacci_action_client]: Received feedback: array('i', [0, 1, 1, 2, 3, 5, 8, 13, 21])
[INFO] [1733669948.207385661] [fibonacci_action_client]: Received feedback: array('i', [0, 1, 1, 2, 3, 5, 8, 13, 21, 34])
[INFO] [1733669948.458308909] [fibonacci_action_client]: Received feedback: array('i', [0, 1, 1, 2, 3, 5, 8, 13, 21, 34, 55])
[INFO] [1733669948.710049982] [fibonacci_action_client]: Result: array('i', [0, 1, 1, 2, 3, 5, 8, 13, 21, 34, 55])
[INFO] [1733669948.960774201] [fibonacci_action_client]: Sending goal with order 10
[INFO] [1733669948.962346855] [fibonacci_action_client]: Goal accepted, waiting for result.
[INFO] [1733669948.963955897] [fibonacci_action_client]: Received feedback: array('i', [0, 1, 1])
[INFO] [1733669949.214917081] [fibonacci_action_client]: Received feedback: array('i', [0, 1, 1, 2])
[INFO] [1733669949.466108352] [fibonacci_action_client]: Received feedback: array('i', [0, 1, 1, 2, 3])
[INFO] [1733669949.717385290] [fibonacci_action_client]: Received feedback: array('i', [0, 1, 1, 2, 3, 5])
[INFO] [1733669949.968774916] [fibonacci_action_client]: Received feedback: array('i', [0, 1, 1, 2, 3, 5, 8])
[INFO] [1733669950.219696783] [fibonacci_action_client]: Received feedback: array('i', [0, 1, 1, 2, 3, 5, 8, 13])
[INFO] [1733669950.470969727] [fibonacci_action_client]: Received feedback: array('i', [0, 1, 1, 2, 3, 5, 8, 13, 21])
[INFO] [1733669950.721788976] [fibonacci_action_client]: Received feedback: array('i', [0, 1, 1, 2, 3, 5, 8, 13, 21, 34])
[INFO] [1733669950.973140549] [fibonacci_action_client]: Received feedback: array('i', [0, 1, 1, 2, 3, 5, 8, 13, 21, 34, 55])
[INFO] [1733669951.225372207] [fibonacci_action_client]: Result: array('i', [0, 1, 1, 2, 3, 5, 8, 13, 21, 34, 55])
[INFO] [1733669951.476499760] [fibonacci_action_client]: Sending goal with order 10
[INFO] [1733669951.478461610] [fibonacci_action_client]: Goal accepted, waiting for result.
[INFO] [1733669951.480404388] [fibonacci_action_client]: Received feedback: array('i', [0, 1, 1])
[INFO] [1733669951.731137641] [fibonacci_action_client]: Received feedback: array('i', [0, 1, 1, 2])
[INFO] [1733669951.982076218] [fibonacci_action_client]: Received feedback: array('i', [0, 1, 1, 2, 3])
[INFO] [1733669952.233321246] [fibonacci_action_client]: Received feedback: array('i', [0, 1, 1, 2, 3, 5])
[INFO] [1733669952.484378478] [fibonacci_action_client]: Received feedback: array('i', [0, 1, 1, 2, 3, 5, 8])
[INFO] [1733669952.735483697] [fibonacci_action_client]: Received feedback: array('i', [0, 1, 1, 2, 3, 5, 8, 13])
[INFO] [1733669952.986765749] [fibonacci_action_client]: Received feedback: array('i', [0, 1, 1, 2, 3, 5, 8, 13, 21])
[INFO] [1733669953.237886175] [fibonacci_action_client]: Received feedback: array('i', [0, 1, 1, 2, 3, 5, 8, 13, 21, 34])
[INFO] [1733669953.489237471] [fibonacci_action_client]: Received feedback: array('i', [0, 1, 1, 2, 3, 5, 8, 13, 21, 34, 55])
[INFO] [1733669953.740714992] [fibonacci_action_client]: Result: array('i', [0, 1, 1, 2, 3, 5, 8, 13, 21, 34, 55])
[INFO] [1733669953.991868856] [fibonacci_action_client]: Sending goal with order 10
[INFO] [1733669953.993821640] [fibonacci_action_client]: Goal accepted, waiting for result.
[INFO] [1733669953.995690875] [fibonacci_action_client]: Received feedback: array('i', [0, 1, 1])
[INFO] [1733669954.246762100] [fibonacci_action_client]: Received feedback: array('i', [0, 1, 1, 2])
[INFO] [1733669954.497594027] [fibonacci_action_client]: Received feedback: array('i', [0, 1, 1, 2, 3])
[INFO] [1733669954.748860276] [fibonacci_action_client]: Received feedback: array('i', [0, 1, 1, 2, 3, 5])
[INFO] [1733669954.999731572] [fibonacci_action_client]: Received feedback: array('i', [0, 1, 1, 2, 3, 5, 8])
[INFO] [1733669955.250978892] [fibonacci_action_client]: Received feedback: array('i', [0, 1, 1, 2, 3, 5, 8, 13])
[INFO] [1733669955.501840834] [fibonacci_action_client]: Received feedback: array('i', [0, 1, 1, 2, 3, 5, 8, 13, 21])
[INFO] [1733669955.753134131] [fibonacci_action_client]: Received feedback: array('i', [0, 1, 1, 2, 3, 5, 8, 13, 21, 34])
[INFO] [1733669956.004334705] [fibonacci_action_client]: Received feedback: array('i', [0, 1, 1, 2, 3, 5, 8, 13, 21, 34, 55])
[INFO] [1733669956.256574852] [fibonacci_action_client]: Result: array('i', [0, 1, 1, 2, 3, 5, 8, 13, 21, 34, 55])
[INFO] [1733669956.507610980] [fibonacci_action_client]: Sending goal with order 10
[INFO] [1733669956.509699477] [fibonacci_action_client]: Goal accepted, waiting for result.
[INFO] [1733669956.511561086] [fibonacci_action_client]: Received feedback: array('i', [0, 1, 1])
[INFO] [1733669956.762272263] [fibonacci_action_client]: Received feedback: array('i', [0, 1, 1, 2])
[INFO] [1733669957.013549478] [fibonacci_action_client]: Received feedback: array('i', [0, 1, 1, 2, 3])
[INFO] [1733669957.264733773] [fibonacci_action_client]: Received feedback: array('i', [0, 1, 1, 2, 3, 5])
[INFO] [1733669957.516013630] [fibonacci_action_client]: Received feedback: array('i', [0, 1, 1, 2, 3, 5, 8])
[INFO] [1733669957.766977616] [fibonacci_action_client]: Received feedback: array('i', [0, 1, 1, 2, 3, 5, 8, 13])
[INFO] [1733669958.018013468] [fibonacci_action_client]: Received feedback: array('i', [0, 1, 1, 2, 3, 5, 8, 13, 21])
[INFO] [1733669958.269358748] [fibonacci_action_client]: Received feedback: array('i', [0, 1, 1, 2, 3, 5, 8, 13, 21, 34])
[INFO] [1733669958.520292131] [fibonacci_action_client]: Received feedback: array('i', [0, 1, 1, 2, 3, 5, 8, 13, 21, 34, 55])
[INFO] [1733669958.772237119] [fibonacci_action_client]: Result: array('i', [0, 1, 1, 2, 3, 5, 8, 13, 21, 34, 55])
[INFO] [1733669959.023385092] [fibonacci_action_client]: Sending goal with order 10
[INFO] [1733669959.025416455] [fibonacci_action_client]: Goal accepted, waiting for result.
[INFO] [1733669959.027351717] [fibonacci_action_client]: Received feedback: array('i', [0, 1, 1])
[INFO] [1733669959.278189442] [fibonacci_action_client]: Received feedback: array('i', [0, 1, 1, 2])
[INFO] [1733669959.529218559] [fibonacci_action_client]: Received feedback: array('i', [0, 1, 1, 2, 3])
[INFO] [1733669959.780013890] [fibonacci_action_client]: Received feedback: array('i', [0, 1, 1, 2, 3, 5])
[INFO] [1733669960.031381185] [fibonacci_action_client]: Received feedback: array('i', [0, 1, 1, 2, 3, 5, 8])
[INFO] [1733669960.282662544] [fibonacci_action_client]: Received feedback: array('i', [0, 1, 1, 2, 3, 5, 8, 13])
[INFO] [1733669960.533415321] [fibonacci_action_client]: Received feedback: array('i', [0, 1, 1, 2, 3, 5, 8, 13, 21])
[INFO] [1733669960.784659535] [fibonacci_action_client]: Received feedback: array('i', [0, 1, 1, 2, 3, 5, 8, 13, 21, 34])
[INFO] [1733669961.036062003] [fibonacci_action_client]: Received feedback: array('i', [0, 1, 1, 2, 3, 5, 8, 13, 21, 34, 55])
[INFO] [1733669961.287665845] [fibonacci_action_client]: Result: array('i', [0, 1, 1, 2, 3, 5, 8, 13, 21, 34, 55])
[INFO] [1733669961.538556745] [fibonacci_action_client]: Sending goal with order 10
[INFO] [1733669961.540166105] [fibonacci_action_client]: Goal accepted, waiting for result.
[INFO] [1733669961.542183235] [fibonacci_action_client]: Received feedback: array('i', [0, 1, 1])
[INFO] [1733669961.792588822] [fibonacci_action_client]: Received feedback: array('i', [0, 1, 1, 2])
[INFO] [1733669962.043592193] [fibonacci_action_client]: Received feedback: array('i', [0, 1, 1, 2, 3])
[INFO] [1733669962.294784439] [fibonacci_action_client]: Received feedback: array('i', [0, 1, 1, 2, 3, 5])
[INFO] [1733669962.545958133] [fibonacci_action_client]: Received feedback: array('i', [0, 1, 1, 2, 3, 5, 8])
[INFO] [1733669962.797499197] [fibonacci_action_client]: Received feedback: array('i', [0, 1, 1, 2, 3, 5, 8, 13])
[INFO] [1733669963.048365876] [fibonacci_action_client]: Received feedback: array('i', [0, 1, 1, 2, 3, 5, 8, 13, 21])
[INFO] [1733669963.299576943] [fibonacci_action_client]: Received feedback: array('i', [0, 1, 1, 2, 3, 5, 8, 13, 21, 34])
[INFO] [1733669963.550656277] [fibonacci_action_client]: Received feedback: array('i', [0, 1, 1, 2, 3, 5, 8, 13, 21, 34, 55])
[INFO] [1733669963.802665911] [fibonacci_action_client]: Result: array('i', [0, 1, 1, 2, 3, 5, 8, 13, 21, 34, 55])
[INFO] [1733669964.053627802] [fibonacci_action_client]: Sending goal with order 10
[INFO] [1733669964.056981468] [fibonacci_action_client]: Goal accepted, waiting for result.
[INFO] [1733669964.058142585] [fibonacci_action_client]: Received feedback: array('i', [0, 1, 1])
[INFO] [1733669964.307732663] [fibonacci_action_client]: Received feedback: array('i', [0, 1, 1, 2])
[INFO] [1733669964.558595231] [fibonacci_action_client]: Received feedback: array('i', [0, 1, 1, 2, 3])
[INFO] [1733669964.809565711] [fibonacci_action_client]: Received feedback: array('i', [0, 1, 1, 2, 3, 5])
[INFO] [1733669965.060741247] [fibonacci_action_client]: Received feedback: array('i', [0, 1, 1, 2, 3, 5, 8])
[INFO] [1733669965.312062970] [fibonacci_action_client]: Received feedback: array('i', [0, 1, 1, 2, 3, 5, 8, 13])
[INFO] [1733669965.563447631] [fibonacci_action_client]: Received feedback: array('i', [0, 1, 1, 2, 3, 5, 8, 13, 21])
[INFO] [1733669965.814453777] [fibonacci_action_client]: Received feedback: array('i', [0, 1, 1, 2, 3, 5, 8, 13, 21, 34])
[INFO] [1733669966.065089541] [fibonacci_action_client]: Received feedback: array('i', [0, 1, 1, 2, 3, 5, 8, 13, 21, 34, 55])
[INFO] [1733669966.317083413] [fibonacci_action_client]: Result: array('i', [0, 1, 1, 2, 3, 5, 8, 13, 21, 34, 55])
[INFO] [1733669966.568229906] [fibonacci_action_client]: Sending goal with order 10
[INFO] [1733669966.569869201] [fibonacci_action_client]: Goal accepted, waiting for result.
[INFO] [1733669966.571563146] [fibonacci_action_client]: Received feedback: array('i', [0, 1, 1])
[INFO] [1733669966.822032787] [fibonacci_action_client]: Received feedback: array('i', [0, 1, 1, 2])
[INFO] [1733669967.073433940] [fibonacci_action_client]: Received feedback: array('i', [0, 1, 1, 2, 3])
[INFO] [1733669967.324672565] [fibonacci_action_client]: Received feedback: array('i', [0, 1, 1, 2, 3, 5])
[INFO] [1733669967.576149909] [fibonacci_action_client]: Received feedback: array('i', [0, 1, 1, 2, 3, 5, 8])
[INFO] [1733669967.827022242] [fibonacci_action_client]: Received feedback: array('i', [0, 1, 1, 2, 3, 5, 8, 13])
[INFO] [1733669968.077956827] [fibonacci_action_client]: Received feedback: array('i', [0, 1, 1, 2, 3, 5, 8, 13, 21])
[INFO] [1733669968.328847462] [fibonacci_action_client]: Received feedback: array('i', [0, 1, 1, 2, 3, 5, 8, 13, 21, 34])
[INFO] [1733669968.580294533] [fibonacci_action_client]: Received feedback: array('i', [0, 1, 1, 2, 3, 5, 8, 13, 21, 34, 55])
[INFO] [1733669968.832576920] [fibonacci_action_client]: Result: array('i', [0, 1, 1, 2, 3, 5, 8, 13, 21, 34, 55])
[INFO] [1733669969.083579734] [fibonacci_action_client]: Sending goal with order 10
[INFO] [1733669969.085668749] [fibonacci_action_client]: Goal accepted, waiting for result.
[INFO] [1733669969.087679127] [fibonacci_action_client]: Received feedback: array('i', [0, 1, 1])
[INFO] [1733669969.338618248] [fibonacci_action_client]: Received feedback: array('i', [0, 1, 1, 2])
[INFO] [1733669969.589491490] [fibonacci_action_client]: Received feedback: array('i', [0, 1, 1, 2, 3])
[INFO] [1733669969.840872996] [fibonacci_action_client]: Received feedback: array('i', [0, 1, 1, 2, 3, 5])
[INFO] [1733669970.091832660] [fibonacci_action_client]: Received feedback: array('i', [0, 1, 1, 2, 3, 5, 8])
[INFO] [1733669970.343072493] [fibonacci_action_client]: Received feedback: array('i', [0, 1, 1, 2, 3, 5, 8, 13])
[INFO] [1733669970.594434315] [fibonacci_action_client]: Received feedback: array('i', [0, 1, 1, 2, 3, 5, 8, 13, 21])
[INFO] [1733669970.845497322] [fibonacci_action_client]: Received feedback: array('i', [0, 1, 1, 2, 3, 5, 8, 13, 21, 34])
[INFO] [1733669971.096893606] [fibonacci_action_client]: Received feedback: array('i', [0, 1, 1, 2, 3, 5, 8, 13, 21, 34, 55])
[INFO] [1733669971.349429134] [fibonacci_action_client]: Result: array('i', [0, 1, 1, 2, 3, 5, 8, 13, 21, 34, 55])
[INFO] [1733669971.600564112] [fibonacci_action_client]: Sending goal with order 10
[INFO] [1733669971.602508464] [fibonacci_action_client]: Goal accepted, waiting for result.
[INFO] [1733669971.604652359] [fibonacci_action_client]: Received feedback: array('i', [0, 1, 1])
[INFO] [1733669971.854940076] [fibonacci_action_client]: Received feedback: array('i', [0, 1, 1, 2])
[INFO] [1733669972.106225877] [fibonacci_action_client]: Received feedback: array('i', [0, 1, 1, 2, 3])
[INFO] [1733669972.357148883] [fibonacci_action_client]: Received feedback: array('i', [0, 1, 1, 2, 3, 5])
[INFO] [1733669972.608125358] [fibonacci_action_client]: Received feedback: array('i', [0, 1, 1, 2, 3, 5, 8])
[INFO] [1733669972.859451430] [fibonacci_action_client]: Received feedback: array('i', [0, 1, 1, 2, 3, 5, 8, 13])
[INFO] [1733669973.110631244] [fibonacci_action_client]: Received feedback: array('i', [0, 1, 1, 2, 3, 5, 8, 13, 21])
[INFO] [1733669973.361566140] [fibonacci_action_client]: Received feedback: array('i', [0, 1, 1, 2, 3, 5, 8, 13, 21, 34])
[INFO] [1733669973.612926390] [fibonacci_action_client]: Received feedback: array('i', [0, 1, 1, 2, 3, 5, 8, 13, 21, 34, 55])
[INFO] [1733669973.865075281] [fibonacci_action_client]: Result: array('i', [0, 1, 1, 2, 3, 5, 8, 13, 21, 34, 55])
[INFO] [1733669974.116197197] [fibonacci_action_client]: Sending goal with order 10
[INFO] [1733669974.117722446] [fibonacci_action_client]: Goal accepted, waiting for result.
[INFO] [1733669974.119446188] [fibonacci_action_client]: Received feedback: array('i', [0, 1, 1])
[INFO] [1733669974.370062005] [fibonacci_action_client]: Received feedback: array('i', [0, 1, 1, 2])
[INFO] [1733669974.621455040] [fibonacci_action_client]: Received feedback: array('i', [0, 1, 1, 2, 3])
[INFO] [1733669974.872310542] [fibonacci_action_client]: Received feedback: array('i', [0, 1, 1, 2, 3, 5])
[INFO] [1733669975.123588366] [fibonacci_action_client]: Received feedback: array('i', [0, 1, 1, 2, 3, 5, 8])
[INFO] [1733669975.374790082] [fibonacci_action_client]: Received feedback: array('i', [0, 1, 1, 2, 3, 5, 8, 13])
[INFO] [1733669975.625506130] [fibonacci_action_client]: Received feedback: array('i', [0, 1, 1, 2, 3, 5, 8, 13, 21])
[INFO] [1733669975.876919925] [fibonacci_action_client]: Received feedback: array('i', [0, 1, 1, 2, 3, 5, 8, 13, 21, 34])
[INFO] [1733669976.128257281] [fibonacci_action_client]: Received feedback: array('i', [0, 1, 1, 2, 3, 5, 8, 13, 21, 34, 55])
[INFO] [1733669976.380555227] [fibonacci_action_client]: Result: array('i', [0, 1, 1, 2, 3, 5, 8, 13, 21, 34, 55])
[INFO] [1733669976.631498536] [fibonacci_action_client]: Sending goal with order 10
[INFO] [1733669976.633109361] [fibonacci_action_client]: Goal accepted, waiting for result.
[INFO] [1733669976.634953148] [fibonacci_action_client]: Received feedback: array('i', [0, 1, 1])
[INFO] [1733669976.885086899] [fibonacci_action_client]: Received feedback: array('i', [0, 1, 1, 2])
[INFO] [1733669977.136868422] [fibonacci_action_client]: Received feedback: array('i', [0, 1, 1, 2, 3])
[INFO] [1733669977.387241204] [fibonacci_action_client]: Received feedback: array('i', [0, 1, 1, 2, 3, 5])
[INFO] [1733669977.638344931] [fibonacci_action_client]: Received feedback: array('i', [0, 1, 1, 2, 3, 5, 8])
[INFO] [1733669977.889473578] [fibonacci_action_client]: Received feedback: array('i', [0, 1, 1, 2, 3, 5, 8, 13])
[INFO] [1733669978.140389688] [fibonacci_action_client]: Received feedback: array('i', [0, 1, 1, 2, 3, 5, 8, 13, 21])
[INFO] [1733669978.391945799] [fibonacci_action_client]: Received feedback: array('i', [0, 1, 1, 2, 3, 5, 8, 13, 21, 34])
[INFO] [1733669978.642838816] [fibonacci_action_client]: Received feedback: array('i', [0, 1, 1, 2, 3, 5, 8, 13, 21, 34, 55])
[INFO] [1733669978.895078216] [fibonacci_action_client]: Result: array('i', [0, 1, 1, 2, 3, 5, 8, 13, 21, 34, 55])
[INFO] [1733669979.145835205] [fibonacci_action_client]: Sending goal with order 10
[INFO] [1733669979.147404427] [fibonacci_action_client]: Goal accepted, waiting for result.
[INFO] [1733669979.149403206] [fibonacci_action_client]: Received feedback: array('i', [0, 1, 1])
[INFO] [1733669979.399957279] [fibonacci_action_client]: Received feedback: array('i', [0, 1, 1, 2])
[INFO] [1733669979.650931377] [fibonacci_action_client]: Received feedback: array('i', [0, 1, 1, 2, 3])
[INFO] [1733669979.902029556] [fibonacci_action_client]: Received feedback: array('i', [0, 1, 1, 2, 3, 5])
[INFO] [1733669980.153367684] [fibonacci_action_client]: Received feedback: array('i', [0, 1, 1, 2, 3, 5, 8])
[INFO] [1733669980.404703562] [fibonacci_action_client]: Received feedback: array('i', [0, 1, 1, 2, 3, 5, 8, 13])
[INFO] [1733669980.655973696] [fibonacci_action_client]: Received feedback: array('i', [0, 1, 1, 2, 3, 5, 8, 13, 21])
[INFO] [1733669980.906788104] [fibonacci_action_client]: Received feedback: array('i', [0, 1, 1, 2, 3, 5, 8, 13, 21, 34])
[INFO] [1733669981.157750717] [fibonacci_action_client]: Received feedback: array('i', [0, 1, 1, 2, 3, 5, 8, 13, 21, 34, 55])
[INFO] [1733669981.409669126] [fibonacci_action_client]: Result: array('i', [0, 1, 1, 2, 3, 5, 8, 13, 21, 34, 55])
[INFO] [1733669981.660251062] [fibonacci_action_client]: Sending goal with order 10
[INFO] [1733669981.661807638] [fibonacci_action_client]: Goal accepted, waiting for result.
[INFO] [1733669981.663871110] [fibonacci_action_client]: Received feedback: array('i', [0, 1, 1])
[INFO] [1733669981.914439050] [fibonacci_action_client]: Received feedback: array('i', [0, 1, 1, 2])
[INFO] [1733669982.165034270] [fibonacci_action_client]: Received feedback: array('i', [0, 1, 1, 2, 3])
[INFO] [1733669982.416233535] [fibonacci_action_client]: Received feedback: array('i', [0, 1, 1, 2, 3, 5])
[INFO] [1733669982.667308788] [fibonacci_action_client]: Received feedback: array('i', [0, 1, 1, 2, 3, 5, 8])
[INFO] [1733669982.918569158] [fibonacci_action_client]: Received feedback: array('i', [0, 1, 1, 2, 3, 5, 8, 13])
[INFO] [1733669983.169875526] [fibonacci_action_client]: Received feedback: array('i', [0, 1, 1, 2, 3, 5, 8, 13, 21])
[INFO] [1733669983.421308322] [fibonacci_action_client]: Received feedback: array('i', [0, 1, 1, 2, 3, 5, 8, 13, 21, 34])
[INFO] [1733669983.672700453] [fibonacci_action_client]: Received feedback: array('i', [0, 1, 1, 2, 3, 5, 8, 13, 21, 34, 55])
[INFO] [1733669983.925215222] [fibonacci_action_client]: Result: array('i', [0, 1, 1, 2, 3, 5, 8, 13, 21, 34, 55])
[INFO] [1733669984.176366184] [fibonacci_action_client]: Sending goal with order 10
[INFO] [1733669984.179602231] [fibonacci_action_client]: Goal accepted, waiting for result.
[INFO] [1733669984.180319944] [fibonacci_action_client]: Received feedback: array('i', [0, 1, 1])
[INFO] [1733669984.431079572] [fibonacci_action_client]: Received feedback: array('i', [0, 1, 1, 2])
[INFO] [1733669984.682072121] [fibonacci_action_client]: Received feedback: array('i', [0, 1, 1, 2, 3])
[INFO] [1733669984.933325967] [fibonacci_action_client]: Received feedback: array('i', [0, 1, 1, 2, 3, 5])
[INFO] [1733669985.184253835] [fibonacci_action_client]: Received feedback: array('i', [0, 1, 1, 2, 3, 5, 8])
[INFO] [1733669985.435609066] [fibonacci_action_client]: Received feedback: array('i', [0, 1, 1, 2, 3, 5, 8, 13])
[INFO] [1733669985.686739285] [fibonacci_action_client]: Received feedback: array('i', [0, 1, 1, 2, 3, 5, 8, 13, 21])
[INFO] [1733669985.937864195] [fibonacci_action_client]: Received feedback: array('i', [0, 1, 1, 2, 3, 5, 8, 13, 21, 34])
[INFO] [1733669986.189174757] [fibonacci_action_client]: Received feedback: array('i', [0, 1, 1, 2, 3, 5, 8, 13, 21, 34, 55])
[INFO] [1733669986.440884741] [fibonacci_action_client]: Result: array('i', [0, 1, 1, 2, 3, 5, 8, 13, 21, 34, 55])
[INFO] [1733669986.692073218] [fibonacci_action_client]: Sending goal with order 10
[INFO] [1733669986.693675047] [fibonacci_action_client]: Goal accepted, waiting for result.
[INFO] [1733669986.695690762] [fibonacci_action_client]: Received feedback: array('i', [0, 1, 1])
[INFO] [1733669986.945922734] [fibonacci_action_client]: Received feedback: array('i', [0, 1, 1, 2])
[INFO] [1733669987.197120831] [fibonacci_action_client]: Received feedback: array('i', [0, 1, 1, 2, 3])
[INFO] [1733669987.448665330] [fibonacci_action_client]: Received feedback: array('i', [0, 1, 1, 2, 3, 5])
[INFO] [1733669987.699600346] [fibonacci_action_client]: Received feedback: array('i', [0, 1, 1, 2, 3, 5, 8])
[INFO] [1733669987.950814815] [fibonacci_action_client]: Received feedback: array('i', [0, 1, 1, 2, 3, 5, 8, 13])
[INFO] [1733669988.201825186] [fibonacci_action_client]: Received feedback: array('i', [0, 1, 1, 2, 3, 5, 8, 13, 21])
[INFO] [1733669988.453029238] [fibonacci_action_client]: Received feedback: array('i', [0, 1, 1, 2, 3, 5, 8, 13, 21, 34])
[INFO] [1733669988.704283795] [fibonacci_action_client]: Received feedback: array('i', [0, 1, 1, 2, 3, 5, 8, 13, 21, 34, 55])
[INFO] [1733669988.956485707] [fibonacci_action_client]: Result: array('i', [0, 1, 1, 2, 3, 5, 8, 13, 21, 34, 55])
[INFO] [1733669989.207568587] [fibonacci_action_client]: Sending goal with order 10
[INFO] [1733669989.209164357] [fibonacci_action_client]: Goal accepted, waiting for result.
[INFO] [1733669989.211083637] [fibonacci_action_client]: Received feedback: array('i', [0, 1, 1])
[INFO] [1733669989.461549785] [fibonacci_action_client]: Received feedback: array('i', [0, 1, 1, 2])
[INFO] [1733669989.712443650] [fibonacci_action_client]: Received feedback: array('i', [0, 1, 1, 2, 3])
[INFO] [1733669989.963415766] [fibonacci_action_client]: Received feedback: array('i', [0, 1, 1, 2, 3, 5])
[INFO] [1733669990.214372555] [fibonacci_action_client]: Received feedback: array('i', [0, 1, 1, 2, 3, 5, 8])
[INFO] [1733669990.465820446] [fibonacci_action_client]: Received feedback: array('i', [0, 1, 1, 2, 3, 5, 8, 13])
[INFO] [1733669990.716710691] [fibonacci_action_client]: Received feedback: array('i', [0, 1, 1, 2, 3, 5, 8, 13, 21])
[INFO] [1733669990.967994927] [fibonacci_action_client]: Received feedback: array('i', [0, 1, 1, 2, 3, 5, 8, 13, 21, 34])
[INFO] [1733669991.218658679] [fibonacci_action_client]: Received feedback: array('i', [0, 1, 1, 2, 3, 5, 8, 13, 21, 34, 55])
[INFO] [1733669991.471382918] [fibonacci_action_client]: Result: array('i', [0, 1, 1, 2, 3, 5, 8, 13, 21, 34, 55])
[INFO] [1733669991.722573200] [fibonacci_action_client]: Sending goal with order 10
[INFO] [1733669991.726218346] [fibonacci_action_client]: Goal accepted, waiting for result.
[INFO] [1733669991.726957547] [fibonacci_action_client]: Received feedback: array('i', [0, 1, 1])
[INFO] [1733669991.977456099] [fibonacci_action_client]: Received feedback: array('i', [0, 1, 1, 2])
[INFO] [1733669992.228720164] [fibonacci_action_client]: Received feedback: array('i', [0, 1, 1, 2, 3])
[INFO] [1733669992.480081877] [fibonacci_action_client]: Received feedback: array('i', [0, 1, 1, 2, 3, 5])
[INFO] [1733669992.731049122] [fibonacci_action_client]: Received feedback: array('i', [0, 1, 1, 2, 3, 5, 8])
[INFO] [1733669992.982196167] [fibonacci_action_client]: Received feedback: array('i', [0, 1, 1, 2, 3, 5, 8, 13])
[INFO] [1733669993.233281998] [fibonacci_action_client]: Received feedback: array('i', [0, 1, 1, 2, 3, 5, 8, 13, 21])
[INFO] [1733669993.484416452] [fibonacci_action_client]: Received feedback: array('i', [0, 1, 1, 2, 3, 5, 8, 13, 21, 34])
[INFO] [1733669993.735635936] [fibonacci_action_client]: Received feedback: array('i', [0, 1, 1, 2, 3, 5, 8, 13, 21, 34, 55])
[INFO] [1733669993.987766193] [fibonacci_action_client]: Result: array('i', [0, 1, 1, 2, 3, 5, 8, 13, 21, 34, 55])
[INFO] [1733669994.238623739] [fibonacci_action_client]: Sending goal with order 10
[INFO] [1733669994.242208358] [fibonacci_action_client]: Goal accepted, waiting for result.
[INFO] [1733669994.242988938] [fibonacci_action_client]: Received feedback: array('i', [0, 1, 1])
[INFO] [1733669994.493409168] [fibonacci_action_client]: Received feedback: array('i', [0, 1, 1, 2])
[INFO] [1733669994.744183780] [fibonacci_action_client]: Received feedback: array('i', [0, 1, 1, 2, 3])
[INFO] [1733669994.995232172] [fibonacci_action_client]: Received feedback: array('i', [0, 1, 1, 2, 3, 5])
[INFO] [1733669995.246121400] [fibonacci_action_client]: Received feedback: array('i', [0, 1, 1, 2, 3, 5, 8])
[INFO] [1733669995.497131151] [fibonacci_action_client]: Received feedback: array('i', [0, 1, 1, 2, 3, 5, 8, 13])
[INFO] [1733669995.748447271] [fibonacci_action_client]: Received feedback: array('i', [0, 1, 1, 2, 3, 5, 8, 13, 21])
[INFO] [1733669995.999394727] [fibonacci_action_client]: Received feedback: array('i', [0, 1, 1, 2, 3, 5, 8, 13, 21, 34])
[INFO] [1733669996.250403684] [fibonacci_action_client]: Received feedback: array('i', [0, 1, 1, 2, 3, 5, 8, 13, 21, 34, 55])
[INFO] [1733669996.502182181] [fibonacci_action_client]: Result: array('i', [0, 1, 1, 2, 3, 5, 8, 13, 21, 34, 55])
[INFO] [1733669996.753097944] [fibonacci_action_client]: Sending goal with order 10
[INFO] [1733669996.755968746] [fibonacci_action_client]: Goal accepted, waiting for result.
[INFO] [1733669996.756785931] [fibonacci_action_client]: Received feedback: array('i', [0, 1, 1])
[INFO] [1733669997.007342193] [fibonacci_action_client]: Received feedback: array('i', [0, 1, 1, 2])
[INFO] [1733669997.258571911] [fibonacci_action_client]: Received feedback: array('i', [0, 1, 1, 2, 3])
[INFO] [1733669997.509686960] [fibonacci_action_client]: Received feedback: array('i', [0, 1, 1, 2, 3, 5])
[INFO] [1733669997.760634044] [fibonacci_action_client]: Received feedback: array('i', [0, 1, 1, 2, 3, 5, 8])
[INFO] [1733669998.011669318] [fibonacci_action_client]: Received feedback: array('i', [0, 1, 1, 2, 3, 5, 8, 13])
[INFO] [1733669998.262827265] [fibonacci_action_client]: Received feedback: array('i', [0, 1, 1, 2, 3, 5, 8, 13, 21])
[INFO] [1733669998.513702723] [fibonacci_action_client]: Received feedback: array('i', [0, 1, 1, 2, 3, 5, 8, 13, 21, 34])
[INFO] [1733669998.764534361] [fibonacci_action_client]: Received feedback: array('i', [0, 1, 1, 2, 3, 5, 8, 13, 21, 34, 55])
[INFO] [1733669999.017214992] [fibonacci_action_client]: Result: array('i', [0, 1, 1, 2, 3, 5, 8, 13, 21, 34, 55])
[INFO] [1733669999.268097737] [fibonacci_action_client]: Sending goal with order 10
[INFO] [1733669999.270160587] [fibonacci_action_client]: Goal accepted, waiting for result.
[INFO] [1733669999.272716026] [fibonacci_action_client]: Received feedback: array('i', [0, 1, 1])
[INFO] [1733669999.522880932] [fibonacci_action_client]: Received feedback: array('i', [0, 1, 1, 2])
[INFO] [1733669999.773766627] [fibonacci_action_client]: Received feedback: array('i', [0, 1, 1, 2, 3])
[INFO] [1733670000.025122548] [fibonacci_action_client]: Received feedback: array('i', [0, 1, 1, 2, 3, 5])
[INFO] [1733670000.276362670] [fibonacci_action_client]: Received feedback: array('i', [0, 1, 1, 2, 3, 5, 8])
[INFO] [1733670000.527567913] [fibonacci_action_client]: Received feedback: array('i', [0, 1, 1, 2, 3, 5, 8, 13])
[INFO] [1733670000.778581065] [fibonacci_action_client]: Received feedback: array('i', [0, 1, 1, 2, 3, 5, 8, 13, 21])
[INFO] [1733670001.029561967] [fibonacci_action_client]: Received feedback: array('i', [0, 1, 1, 2, 3, 5, 8, 13, 21, 34])
[INFO] [1733670001.280418123] [fibonacci_action_client]: Received feedback: array('i', [0, 1, 1, 2, 3, 5, 8, 13, 21, 34, 55])
[INFO] [1733670001.532865303] [fibonacci_action_client]: Result: array('i', [0, 1, 1, 2, 3, 5, 8, 13, 21, 34, 55])
[INFO] [1733670001.783605190] [fibonacci_action_client]: Sending goal with order 10
[INFO] [1733670001.785417228] [fibonacci_action_client]: Goal accepted, waiting for result.
[INFO] [1733670001.787917812] [fibonacci_action_client]: Received feedback: array('i', [0, 1, 1])
[INFO] [1733670002.038449157] [fibonacci_action_client]: Received feedback: array('i', [0, 1, 1, 2])
[INFO] [1733670002.289676858] [fibonacci_action_client]: Received feedback: array('i', [0, 1, 1, 2, 3])
[INFO] [1733670002.540822894] [fibonacci_action_client]: Received feedback: array('i', [0, 1, 1, 2, 3, 5])
[INFO] [1733670002.792146070] [fibonacci_action_client]: Received feedback: array('i', [0, 1, 1, 2, 3, 5, 8])
[INFO] [1733670003.042916072] [fibonacci_action_client]: Received feedback: array('i', [0, 1, 1, 2, 3, 5, 8, 13])
[INFO] [1733670003.293951490] [fibonacci_action_client]: Received feedback: array('i', [0, 1, 1, 2, 3, 5, 8, 13, 21])
[INFO] [1733670003.544879272] [fibonacci_action_client]: Received feedback: array('i', [0, 1, 1, 2, 3, 5, 8, 13, 21, 34])
[INFO] [1733670003.796169122] [fibonacci_action_client]: Received feedback: array('i', [0, 1, 1, 2, 3, 5, 8, 13, 21, 34, 55])
[INFO] [1733670004.048586964] [fibonacci_action_client]: Result: array('i', [0, 1, 1, 2, 3, 5, 8, 13, 21, 34, 55])
[INFO] [1733670004.299648990] [fibonacci_action_client]: Sending goal with order 10
[INFO] [1733670004.303344955] [fibonacci_action_client]: Goal accepted, waiting for result.
[INFO] [1733670004.304176513] [fibonacci_action_client]: Received feedback: array('i', [0, 1, 1])
[INFO] [1733670004.554515258] [fibonacci_action_client]: Received feedback: array('i', [0, 1, 1, 2])
[INFO] [1733670004.805230303] [fibonacci_action_client]: Received feedback: array('i', [0, 1, 1, 2, 3])
[INFO] [1733670005.056685083] [fibonacci_action_client]: Received feedback: array('i', [0, 1, 1, 2, 3, 5])
[INFO] [1733670005.307385455] [fibonacci_action_client]: Received feedback: array('i', [0, 1, 1, 2, 3, 5, 8])
[INFO] [1733670005.558296239] [fibonacci_action_client]: Received feedback: array('i', [0, 1, 1, 2, 3, 5, 8, 13])
[INFO] [1733670005.809592242] [fibonacci_action_client]: Received feedback: array('i', [0, 1, 1, 2, 3, 5, 8, 13, 21])
[INFO] [1733670006.060880375] [fibonacci_action_client]: Received feedback: array('i', [0, 1, 1, 2, 3, 5, 8, 13, 21, 34])
[INFO] [1733670006.312107651] [fibonacci_action_client]: Received feedback: array('i', [0, 1, 1, 2, 3, 5, 8, 13, 21, 34, 55])
[INFO] [1733670006.564352978] [fibonacci_action_client]: Result: array('i', [0, 1, 1, 2, 3, 5, 8, 13, 21, 34, 55])
[INFO] [1733670006.815537688] [fibonacci_action_client]: Sending goal with order 10
[INFO] [1733670006.819308167] [fibonacci_action_client]: Goal accepted, waiting for result.
[INFO] [1733670006.820115091] [fibonacci_action_client]: Received feedback: array('i', [0, 1, 1])
[INFO] [1733670007.070411226] [fibonacci_action_client]: Received feedback: array('i', [0, 1, 1, 2])
[INFO] [1733670007.321384471] [fibonacci_action_client]: Received feedback: array('i', [0, 1, 1, 2, 3])
[INFO] [1733670007.572794006] [fibonacci_action_client]: Received feedback: array('i', [0, 1, 1, 2, 3, 5])
[INFO] [1733670007.823960447] [fibonacci_action_client]: Received feedback: array('i', [0, 1, 1, 2, 3, 5, 8])
[INFO] [1733670008.075049602] [fibonacci_action_client]: Received feedback: array('i', [0, 1, 1, 2, 3, 5, 8, 13])
[INFO] [1733670008.325966866] [fibonacci_action_client]: Received feedback: array('i', [0, 1, 1, 2, 3, 5, 8, 13, 21])
[INFO] [1733670008.577325598] [fibonacci_action_client]: Received feedback: array('i', [0, 1, 1, 2, 3, 5, 8, 13, 21, 34])
[INFO] [1733670008.828723992] [fibonacci_action_client]: Received feedback: array('i', [0, 1, 1, 2, 3, 5, 8, 13, 21, 34, 55])
[INFO] [1733670009.081016143] [fibonacci_action_client]: Result: array('i', [0, 1, 1, 2, 3, 5, 8, 13, 21, 34, 55])
[INFO] [1733670009.332200117] [fibonacci_action_client]: Sending goal with order 10
[INFO] [1733670009.333815065] [fibonacci_action_client]: Goal accepted, waiting for result.
[INFO] [1733670009.335950555] [fibonacci_action_client]: Received feedback: array('i', [0, 1, 1])
[INFO] [1733670009.585969262] [fibonacci_action_client]: Received feedback: array('i', [0, 1, 1, 2])
[INFO] [1733670009.837141483] [fibonacci_action_client]: Received feedback: array('i', [0, 1, 1, 2, 3])
[INFO] [1733670010.088417385] [fibonacci_action_client]: Received feedback: array('i', [0, 1, 1, 2, 3, 5])
[INFO] [1733670010.339550677] [fibonacci_action_client]: Received feedback: array('i', [0, 1, 1, 2, 3, 5, 8])
[INFO] [1733670010.590848262] [fibonacci_action_client]: Received feedback: array('i', [0, 1, 1, 2, 3, 5, 8, 13])
[INFO] [1733670010.841280365] [fibonacci_action_client]: Received feedback: array('i', [0, 1, 1, 2, 3, 5, 8, 13, 21])
[INFO] [1733670011.092690331] [fibonacci_action_client]: Received feedback: array('i', [0, 1, 1, 2, 3, 5, 8, 13, 21, 34])
[INFO] [1733670011.343999698] [fibonacci_action_client]: Received feedback: array('i', [0, 1, 1, 2, 3, 5, 8, 13, 21, 34, 55])
[INFO] [1733670011.595857163] [fibonacci_action_client]: Result: array('i', [0, 1, 1, 2, 3, 5, 8, 13, 21, 34, 55])
[INFO] [1733670011.846757229] [fibonacci_action_client]: Sending goal with order 10
[INFO] [1733670011.848481736] [fibonacci_action_client]: Goal accepted, waiting for result.
[INFO] [1733670011.850543056] [fibonacci_action_client]: Received feedback: array('i', [0, 1, 1])
[INFO] [1733670012.100708063] [fibonacci_action_client]: Received feedback: array('i', [0, 1, 1, 2])
[INFO] [1733670012.352106852] [fibonacci_action_client]: Received feedback: array('i', [0, 1, 1, 2, 3])
[INFO] [1733670012.602862849] [fibonacci_action_client]: Received feedback: array('i', [0, 1, 1, 2, 3, 5])
[INFO] [1733670012.853904410] [fibonacci_action_client]: Received feedback: array('i', [0, 1, 1, 2, 3, 5, 8])
[INFO] [1733670013.105179864] [fibonacci_action_client]: Received feedback: array('i', [0, 1, 1, 2, 3, 5, 8, 13])
[INFO] [1733670013.356397085] [fibonacci_action_client]: Received feedback: array('i', [0, 1, 1, 2, 3, 5, 8, 13, 21])
[INFO] [1733670013.607720176] [fibonacci_action_client]: Received feedback: array('i', [0, 1, 1, 2, 3, 5, 8, 13, 21, 34])
[INFO] [1733670013.858673681] [fibonacci_action_client]: Received feedback: array('i', [0, 1, 1, 2, 3, 5, 8, 13, 21, 34, 55])
[INFO] [1733670014.110566567] [fibonacci_action_client]: Result: array('i', [0, 1, 1, 2, 3, 5, 8, 13, 21, 34, 55])
[INFO] [1733670014.361607104] [fibonacci_action_client]: Sending goal with order 10
[INFO] [1733670014.364549178] [fibonacci_action_client]: Goal accepted, waiting for result.
[INFO] [1733670014.365333480] [fibonacci_action_client]: Received feedback: array('i', [0, 1, 1])
[INFO] [1733670014.615679948] [fibonacci_action_client]: Received feedback: array('i', [0, 1, 1, 2])
[INFO] [1733670014.866756682] [fibonacci_action_client]: Received feedback: array('i', [0, 1, 1, 2, 3])
[INFO] [1733670015.117502777] [fibonacci_action_client]: Received feedback: array('i', [0, 1, 1, 2, 3, 5])
[INFO] [1733670015.368843785] [fibonacci_action_client]: Received feedback: array('i', [0, 1, 1, 2, 3, 5, 8])
[INFO] [1733670015.619689453] [fibonacci_action_client]: Received feedback: array('i', [0, 1, 1, 2, 3, 5, 8, 13])
[INFO] [1733670015.870900666] [fibonacci_action_client]: Received feedback: array('i', [0, 1, 1, 2, 3, 5, 8, 13, 21])
[INFO] [1733670016.122213540] [fibonacci_action_client]: Received feedback: array('i', [0, 1, 1, 2, 3, 5, 8, 13, 21, 34])
[INFO] [1733670016.373097441] [fibonacci_action_client]: Received feedback: array('i', [0, 1, 1, 2, 3, 5, 8, 13, 21, 34, 55])
[INFO] [1733670016.625196543] [fibonacci_action_client]: Result: array('i', [0, 1, 1, 2, 3, 5, 8, 13, 21, 34, 55])
[INFO] [1733670016.875991622] [fibonacci_action_client]: Sending goal with order 10
[INFO] [1733670016.877781418] [fibonacci_action_client]: Goal accepted, waiting for result.
[INFO] [1733670016.880422399] [fibonacci_action_client]: Received feedback: array('i', [0, 1, 1])
[INFO] [1733670017.130242856] [fibonacci_action_client]: Received feedback: array('i', [0, 1, 1, 2])
[INFO] [1733670017.381361064] [fibonacci_action_client]: Received feedback: array('i', [0, 1, 1, 2, 3])
[INFO] [1733670017.632541924] [fibonacci_action_client]: Received feedback: array('i', [0, 1, 1, 2, 3, 5])
[INFO] [1733670017.883695818] [fibonacci_action_client]: Received feedback: array('i', [0, 1, 1, 2, 3, 5, 8])
[INFO] [1733670018.134865022] [fibonacci_action_client]: Received feedback: array('i', [0, 1, 1, 2, 3, 5, 8, 13])
[INFO] [1733670018.386082915] [fibonacci_action_client]: Received feedback: array('i', [0, 1, 1, 2, 3, 5, 8, 13, 21])
[INFO] [1733670018.637007590] [fibonacci_action_client]: Received feedback: array('i', [0, 1, 1, 2, 3, 5, 8, 13, 21, 34])
[INFO] [1733670018.888263172] [fibonacci_action_client]: Received feedback: array('i', [0, 1, 1, 2, 3, 5, 8, 13, 21, 34, 55])
[INFO] [1733670019.140788377] [fibonacci_action_client]: Result: array('i', [0, 1, 1, 2, 3, 5, 8, 13, 21, 34, 55])
[INFO] [1733670019.391899511] [fibonacci_action_client]: Sending goal with order 10
[INFO] [1733670019.393524596] [fibonacci_action_client]: Goal accepted, waiting for result.
[INFO] [1733670019.395680978] [fibonacci_action_client]: Received feedback: array('i', [0, 1, 1])
[INFO] [1733670019.645746687] [fibonacci_action_client]: Received feedback: array('i', [0, 1, 1, 2])
[INFO] [1733670019.897096936] [fibonacci_action_client]: Received feedback: array('i', [0, 1, 1, 2, 3])
[INFO] [1733670020.148282490] [fibonacci_action_client]: Received feedback: array('i', [0, 1, 1, 2, 3, 5])
[INFO] [1733670020.399125619] [fibonacci_action_client]: Received feedback: array('i', [0, 1, 1, 2, 3, 5, 8])
[INFO] [1733670020.650384398] [fibonacci_action_client]: Received feedback: array('i', [0, 1, 1, 2, 3, 5, 8, 13])
[INFO] [1733670020.901713892] [fibonacci_action_client]: Received feedback: array('i', [0, 1, 1, 2, 3, 5, 8, 13, 21])
[INFO] [1733670021.152710397] [fibonacci_action_client]: Received feedback: array('i', [0, 1, 1, 2, 3, 5, 8, 13, 21, 34])
[INFO] [1733670021.404025012] [fibonacci_action_client]: Received feedback: array('i', [0, 1, 1, 2, 3, 5, 8, 13, 21, 34, 55])
[INFO] [1733670021.656324658] [fibonacci_action_client]: Result: array('i', [0, 1, 1, 2, 3, 5, 8, 13, 21, 34, 55])
[INFO] [1733670021.907414670] [fibonacci_action_client]: Sending goal with order 10
[INFO] [1733670021.909100638] [fibonacci_action_client]: Goal accepted, waiting for result.
[INFO] [1733670021.911087557] [fibonacci_action_client]: Received feedback: array('i', [0, 1, 1])
[INFO] [1733670022.161459709] [fibonacci_action_client]: Received feedback: array('i', [0, 1, 1, 2])
[INFO] [1733670022.412850571] [fibonacci_action_client]: Received feedback: array('i', [0, 1, 1, 2, 3])
[INFO] [1733670022.663819816] [fibonacci_action_client]: Received feedback: array('i', [0, 1, 1, 2, 3, 5])
[INFO] [1733670022.914860614] [fibonacci_action_client]: Received feedback: array('i', [0, 1, 1, 2, 3, 5, 8])
[INFO] [1733670023.166111386] [fibonacci_action_client]: Received feedback: array('i', [0, 1, 1, 2, 3, 5, 8, 13])
[INFO] [1733670023.417961820] [fibonacci_action_client]: Received feedback: array('i', [0, 1, 1, 2, 3, 5, 8, 13, 21])
[INFO] [1733670023.669263909] [fibonacci_action_client]: Received feedback: array('i', [0, 1, 1, 2, 3, 5, 8, 13, 21, 34])
[INFO] [1733670023.920469760] [fibonacci_action_client]: Received feedback: array('i', [0, 1, 1, 2, 3, 5, 8, 13, 21, 34, 55])
[INFO] [1733670024.173092264] [fibonacci_action_client]: Result: array('i', [0, 1, 1, 2, 3, 5, 8, 13, 21, 34, 55])
[INFO] [1733670024.424224852] [fibonacci_action_client]: Sending goal with order 10
[INFO] [1733670024.427148433] [fibonacci_action_client]: Goal accepted, waiting for result.
[INFO] [1733670024.428008996] [fibonacci_action_client]: Received feedback: array('i', [0, 1, 1])
[INFO] [1733670024.678102449] [fibonacci_action_client]: Received feedback: array('i', [0, 1, 1, 2])
[INFO] [1733670024.929440462] [fibonacci_action_client]: Received feedback: array('i', [0, 1, 1, 2, 3])
[INFO] [1733670025.180786316] [fibonacci_action_client]: Received feedback: array('i', [0, 1, 1, 2, 3, 5])
[INFO] [1733670025.431585038] [fibonacci_action_client]: Received feedback: array('i', [0, 1, 1, 2, 3, 5, 8])
[INFO] [1733670025.682681446] [fibonacci_action_client]: Received feedback: array('i', [0, 1, 1, 2, 3, 5, 8, 13])
[INFO] [1733670025.933746021] [fibonacci_action_client]: Received feedback: array('i', [0, 1, 1, 2, 3, 5, 8, 13, 21])
[INFO] [1733670026.184933144] [fibonacci_action_client]: Received feedback: array('i', [0, 1, 1, 2, 3, 5, 8, 13, 21, 34])
[INFO] [1733670026.436139687] [fibonacci_action_client]: Received feedback: array('i', [0, 1, 1, 2, 3, 5, 8, 13, 21, 34, 55])
[INFO] [1733670026.688384782] [fibonacci_action_client]: Result: array('i', [0, 1, 1, 2, 3, 5, 8, 13, 21, 34, 55])
[INFO] [1733670026.939541074] [fibonacci_action_client]: Sending goal with order 10
[INFO] [1733670026.941236651] [fibonacci_action_client]: Goal accepted, waiting for result.
[INFO] [1733670026.943414351] [fibonacci_action_client]: Received feedback: array('i', [0, 1, 1])
[INFO] [1733670027.193541543] [fibonacci_action_client]: Received feedback: array('i', [0, 1, 1, 2])
[INFO] [1733670027.444875657] [fibonacci_action_client]: Received feedback: array('i', [0, 1, 1, 2, 3])
[INFO] [1733670027.696157617] [fibonacci_action_client]: Received feedback: array('i', [0, 1, 1, 2, 3, 5])
[INFO] [1733670027.947100203] [fibonacci_action_client]: Received feedback: array('i', [0, 1, 1, 2, 3, 5, 8])
[INFO] [1733670028.198304272] [fibonacci_action_client]: Received feedback: array('i', [0, 1, 1, 2, 3, 5, 8, 13])
[INFO] [1733670028.449499988] [fibonacci_action_client]: Received feedback: array('i', [0, 1, 1, 2, 3, 5, 8, 13, 21])
[INFO] [1733670028.700933614] [fibonacci_action_client]: Received feedback: array('i', [0, 1, 1, 2, 3, 5, 8, 13, 21, 34])
[INFO] [1733670028.952329056] [fibonacci_action_client]: Received feedback: array('i', [0, 1, 1, 2, 3, 5, 8, 13, 21, 34, 55])
[INFO] [1733670029.204640034] [fibonacci_action_client]: Result: array('i', [0, 1, 1, 2, 3, 5, 8, 13, 21, 34, 55])
[INFO] [1733670029.455885386] [fibonacci_action_client]: Sending goal with order 10
[INFO] [1733670029.457584883] [fibonacci_action_client]: Goal accepted, waiting for result.
[INFO] [1733670029.459953394] [fibonacci_action_client]: Received feedback: array('i', [0, 1, 1])
[INFO] [1733670029.709608396] [fibonacci_action_client]: Received feedback: array('i', [0, 1, 1, 2])
[INFO] [1733670029.960917789] [fibonacci_action_client]: Received feedback: array('i', [0, 1, 1, 2, 3])
[INFO] [1733670030.211755760] [fibonacci_action_client]: Received feedback: array('i', [0, 1, 1, 2, 3, 5])
[INFO] [1733670030.463009848] [fibonacci_action_client]: Received feedback: array('i', [0, 1, 1, 2, 3, 5, 8])
[INFO] [1733670030.713950121] [fibonacci_action_client]: Received feedback: array('i', [0, 1, 1, 2, 3, 5, 8, 13])
[INFO] [1733670030.965290428] [fibonacci_action_client]: Received feedback: array('i', [0, 1, 1, 2, 3, 5, 8, 13, 21])
[INFO] [1733670031.216704801] [fibonacci_action_client]: Received feedback: array('i', [0, 1, 1, 2, 3, 5, 8, 13, 21, 34])
[INFO] [1733670031.468006668] [fibonacci_action_client]: Received feedback: array('i', [0, 1, 1, 2, 3, 5, 8, 13, 21, 34, 55])
[INFO] [1733670031.720389391] [fibonacci_action_client]: Result: array('i', [0, 1, 1, 2, 3, 5, 8, 13, 21, 34, 55])
[INFO] [1733670031.971274327] [fibonacci_action_client]: Sending goal with order 10
[INFO] [1733670031.974044249] [fibonacci_action_client]: Goal accepted, waiting for result.
[INFO] [1733670031.974822969] [fibonacci_action_client]: Received feedback: array('i', [0, 1, 1])
[INFO] [1733670032.225177058] [fibonacci_action_client]: Received feedback: array('i', [0, 1, 1, 2])
[INFO] [1733670032.476363696] [fibonacci_action_client]: Received feedback: array('i', [0, 1, 1, 2, 3])
[INFO] [1733670032.727435508] [fibonacci_action_client]: Received feedback: array('i', [0, 1, 1, 2, 3, 5])
[INFO] [1733670032.978589517] [fibonacci_action_client]: Received feedback: array('i', [0, 1, 1, 2, 3, 5, 8])
[INFO] [1733670033.229441564] [fibonacci_action_client]: Received feedback: array('i', [0, 1, 1, 2, 3, 5, 8, 13])
[INFO] [1733670033.480742272] [fibonacci_action_client]: Received feedback: array('i', [0, 1, 1, 2, 3, 5, 8, 13, 21])
[INFO] [1733670033.732300004] [fibonacci_action_client]: Received feedback: array('i', [0, 1, 1, 2, 3, 5, 8, 13, 21, 34])
[INFO] [1733670033.983151339] [fibonacci_action_client]: Received feedback: array('i', [0, 1, 1, 2, 3, 5, 8, 13, 21, 34, 55])
[INFO] [1733670034.235576983] [fibonacci_action_client]: Result: array('i', [0, 1, 1, 2, 3, 5, 8, 13, 21, 34, 55])
[INFO] [1733670034.486343063] [fibonacci_action_client]: Sending goal with order 10
[INFO] [1733670034.487939740] [fibonacci_action_client]: Goal accepted, waiting for result.
[INFO] [1733670034.490327919] [fibonacci_action_client]: Received feedback: array('i', [0, 1, 1])
[INFO] [1733670034.740407032] [fibonacci_action_client]: Received feedback: array('i', [0, 1, 1, 2])
[INFO] [1733670034.991501522] [fibonacci_action_client]: Received feedback: array('i', [0, 1, 1, 2, 3])
[INFO] [1733670035.242649322] [fibonacci_action_client]: Received feedback: array('i', [0, 1, 1, 2, 3, 5])
[INFO] [1733670035.493656813] [fibonacci_action_client]: Received feedback: array('i', [0, 1, 1, 2, 3, 5, 8])
[INFO] [1733670035.744665804] [fibonacci_action_client]: Received feedback: array('i', [0, 1, 1, 2, 3, 5, 8, 13])
[INFO] [1733670035.996093282] [fibonacci_action_client]: Received feedback: array('i', [0, 1, 1, 2, 3, 5, 8, 13, 21])
[INFO] [1733670036.247208767] [fibonacci_action_client]: Received feedback: array('i', [0, 1, 1, 2, 3, 5, 8, 13, 21, 34])
[INFO] [1733670036.498532386] [fibonacci_action_client]: Received feedback: array('i', [0, 1, 1, 2, 3, 5, 8, 13, 21, 34, 55])
[INFO] [1733670036.751518625] [fibonacci_action_client]: Result: array('i', [0, 1, 1, 2, 3, 5, 8, 13, 21, 34, 55])
[INFO] [1733670037.002571095] [fibonacci_action_client]: Sending goal with order 10
[INFO] [1733670037.005583920] [fibonacci_action_client]: Goal accepted, waiting for result.
[INFO] [1733670037.006341260] [fibonacci_action_client]: Received feedback: array('i', [0, 1, 1])
[INFO] [1733670037.256638768] [fibonacci_action_client]: Received feedback: array('i', [0, 1, 1, 2])
[INFO] [1733670037.508040603] [fibonacci_action_client]: Received feedback: array('i', [0, 1, 1, 2, 3])
[INFO] [1733670037.759138718] [fibonacci_action_client]: Received feedback: array('i', [0, 1, 1, 2, 3, 5])
[INFO] [1733670038.010141242] [fibonacci_action_client]: Received feedback: array('i', [0, 1, 1, 2, 3, 5, 8])
[INFO] [1733670038.261434855] [fibonacci_action_client]: Received feedback: array('i', [0, 1, 1, 2, 3, 5, 8, 13])
[INFO] [1733670038.512600962] [fibonacci_action_client]: Received feedback: array('i', [0, 1, 1, 2, 3, 5, 8, 13, 21])
[INFO] [1733670038.763587010] [fibonacci_action_client]: Received feedback: array('i', [0, 1, 1, 2, 3, 5, 8, 13, 21, 34])
[INFO] [1733670039.014626711] [fibonacci_action_client]: Received feedback: array('i', [0, 1, 1, 2, 3, 5, 8, 13, 21, 34, 55])
[INFO] [1733670039.266954996] [fibonacci_action_client]: Result: array('i', [0, 1, 1, 2, 3, 5, 8, 13, 21, 34, 55])
[INFO] [1733670039.518138231] [fibonacci_action_client]: Sending goal with order 10
[INFO] [1733670039.521296793] [fibonacci_action_client]: Goal accepted, waiting for result.
[INFO] [1733670039.522050230] [fibonacci_action_client]: Received feedback: array('i', [0, 1, 1])
[INFO] [1733670039.771896787] [fibonacci_action_client]: Received feedback: array('i', [0, 1, 1, 2])
[INFO] [1733670040.023101536] [fibonacci_action_client]: Received feedback: array('i', [0, 1, 1, 2, 3])
[INFO] [1733670040.274400869] [fibonacci_action_client]: Received feedback: array('i', [0, 1, 1, 2, 3, 5])
[INFO] [1733670040.525536932] [fibonacci_action_client]: Received feedback: array('i', [0, 1, 1, 2, 3, 5, 8])
[INFO] [1733670040.776849117] [fibonacci_action_client]: Received feedback: array('i', [0, 1, 1, 2, 3, 5, 8, 13])
[INFO] [1733670041.028222022] [fibonacci_action_client]: Received feedback: array('i', [0, 1, 1, 2, 3, 5, 8, 13, 21])
[INFO] [1733670041.279196052] [fibonacci_action_client]: Received feedback: array('i', [0, 1, 1, 2, 3, 5, 8, 13, 21, 34])
[INFO] [1733670041.530395379] [fibonacci_action_client]: Received feedback: array('i', [0, 1, 1, 2, 3, 5, 8, 13, 21, 34, 55])
[INFO] [1733670041.782893829] [fibonacci_action_client]: Result: array('i', [0, 1, 1, 2, 3, 5, 8, 13, 21, 34, 55])
[INFO] [1733670042.033892585] [fibonacci_action_client]: Sending goal with order 10
[INFO] [1733670042.037009102] [fibonacci_action_client]: Goal accepted, waiting for result.
[INFO] [1733670042.037826907] [fibonacci_action_client]: Received feedback: array('i', [0, 1, 1])
[INFO] [1733670042.288133447] [fibonacci_action_client]: Received feedback: array('i', [0, 1, 1, 2])
[INFO] [1733670042.539281483] [fibonacci_action_client]: Received feedback: array('i', [0, 1, 1, 2, 3])
[INFO] [1733670042.790171561] [fibonacci_action_client]: Received feedback: array('i', [0, 1, 1, 2, 3, 5])
[INFO] [1733670043.041342490] [fibonacci_action_client]: Received feedback: array('i', [0, 1, 1, 2, 3, 5, 8])
[INFO] [1733670043.292592269] [fibonacci_action_client]: Received feedback: array('i', [0, 1, 1, 2, 3, 5, 8, 13])
[INFO] [1733670043.543473606] [fibonacci_action_client]: Received feedback: array('i', [0, 1, 1, 2, 3, 5, 8, 13, 21])
[INFO] [1733670043.794817732] [fibonacci_action_client]: Received feedback: array('i', [0, 1, 1, 2, 3, 5, 8, 13, 21, 34])
[INFO] [1733670044.045681567] [fibonacci_action_client]: Received feedback: array('i', [0, 1, 1, 2, 3, 5, 8, 13, 21, 34, 55])
[INFO] [1733670044.298277406] [fibonacci_action_client]: Result: array('i', [0, 1, 1, 2, 3, 5, 8, 13, 21, 34, 55])
[INFO] [1733670044.549152173] [fibonacci_action_client]: Sending goal with order 10
[INFO] [1733670044.551313125] [fibonacci_action_client]: Goal accepted, waiting for result.
[INFO] [1733670044.555052779] [fibonacci_action_client]: Received feedback: array('i', [0, 1, 1])
[INFO] [1733670044.804297502] [fibonacci_action_client]: Received feedback: array('i', [0, 1, 1, 2])
[INFO] [1733670045.055514365] [fibonacci_action_client]: Received feedback: array('i', [0, 1, 1, 2, 3])
[INFO] [1733670045.306321710] [fibonacci_action_client]: Received feedback: array('i', [0, 1, 1, 2, 3, 5])
[INFO] [1733670045.558131548] [fibonacci_action_client]: Received feedback: array('i', [0, 1, 1, 2, 3, 5, 8])
[INFO] [1733670045.808973125] [fibonacci_action_client]: Received feedback: array('i', [0, 1, 1, 2, 3, 5, 8, 13])
[INFO] [1733670046.060397014] [fibonacci_action_client]: Received feedback: array('i', [0, 1, 1, 2, 3, 5, 8, 13, 21])
[INFO] [1733670046.311440932] [fibonacci_action_client]: Received feedback: array('i', [0, 1, 1, 2, 3, 5, 8, 13, 21, 34])
[INFO] [1733670046.562467660] [fibonacci_action_client]: Received feedback: array('i', [0, 1, 1, 2, 3, 5, 8, 13, 21, 34, 55])
[INFO] [1733670046.814842065] [fibonacci_action_client]: Result: array('i', [0, 1, 1, 2, 3, 5, 8, 13, 21, 34, 55])
[INFO] [1733670047.065706480] [fibonacci_action_client]: Sending goal with order 10
[INFO] [1733670047.068987917] [fibonacci_action_client]: Goal accepted, waiting for result.
[INFO] [1733670047.069846157] [fibonacci_action_client]: Received feedback: array('i', [0, 1, 1])
[INFO] [1733670047.319984746] [fibonacci_action_client]: Received feedback: array('i', [0, 1, 1, 2])
[INFO] [1733670047.570574570] [fibonacci_action_client]: Received feedback: array('i', [0, 1, 1, 2, 3])
[INFO] [1733670047.821574735] [fibonacci_action_client]: Received feedback: array('i', [0, 1, 1, 2, 3, 5])
[INFO] [1733670048.072940815] [fibonacci_action_client]: Received feedback: array('i', [0, 1, 1, 2, 3, 5, 8])
[INFO] [1733670048.324083633] [fibonacci_action_client]: Received feedback: array('i', [0, 1, 1, 2, 3, 5, 8, 13])
[INFO] [1733670048.575142155] [fibonacci_action_client]: Received feedback: array('i', [0, 1, 1, 2, 3, 5, 8, 13, 21])
[INFO] [1733670048.826179789] [fibonacci_action_client]: Received feedback: array('i', [0, 1, 1, 2, 3, 5, 8, 13, 21, 34])
[INFO] [1733670049.077285505] [fibonacci_action_client]: Received feedback: array('i', [0, 1, 1, 2, 3, 5, 8, 13, 21, 34, 55])
[INFO] [1733670049.330146734] [fibonacci_action_client]: Result: array('i', [0, 1, 1, 2, 3, 5, 8, 13, 21, 34, 55])
[INFO] [1733670049.581199760] [fibonacci_action_client]: Sending goal with order 10
[INFO] [1733670049.584559161] [fibonacci_action_client]: Goal accepted, waiting for result.
[INFO] [1733670049.585426666] [fibonacci_action_client]: Received feedback: array('i', [0, 1, 1])
[INFO] [1733670049.835301986] [fibonacci_action_client]: Received feedback: array('i', [0, 1, 1, 2])
[INFO] [1733670050.086368246] [fibonacci_action_client]: Received feedback: array('i', [0, 1, 1, 2, 3])
[INFO] [1733670050.337408257] [fibonacci_action_client]: Received feedback: array('i', [0, 1, 1, 2, 3, 5])
[INFO] [1733670050.588577364] [fibonacci_action_client]: Received feedback: array('i', [0, 1, 1, 2, 3, 5, 8])
[INFO] [1733670050.839568249] [fibonacci_action_client]: Received feedback: array('i', [0, 1, 1, 2, 3, 5, 8, 13])
[INFO] [1733670051.090605217] [fibonacci_action_client]: Received feedback: array('i', [0, 1, 1, 2, 3, 5, 8, 13, 21])
[INFO] [1733670051.341532512] [fibonacci_action_client]: Received feedback: array('i', [0, 1, 1, 2, 3, 5, 8, 13, 21, 34])
[INFO] [1733670051.592853553] [fibonacci_action_client]: Received feedback: array('i', [0, 1, 1, 2, 3, 5, 8, 13, 21, 34, 55])
[INFO] [1733670051.845315794] [fibonacci_action_client]: Result: array('i', [0, 1, 1, 2, 3, 5, 8, 13, 21, 34, 55])
[INFO] [1733670052.096427610] [fibonacci_action_client]: Sending goal with order 10
[INFO] [1733670052.099762439] [fibonacci_action_client]: Goal accepted, waiting for result.
[INFO] [1733670052.100669505] [fibonacci_action_client]: Received feedback: array('i', [0, 1, 1])
[INFO] [1733670052.350563272] [fibonacci_action_client]: Received feedback: array('i', [0, 1, 1, 2])
[INFO] [1733670052.601383977] [fibonacci_action_client]: Received feedback: array('i', [0, 1, 1, 2, 3])
[INFO] [1733670052.852743590] [fibonacci_action_client]: Received feedback: array('i', [0, 1, 1, 2, 3, 5])
[INFO] [1733670053.103629167] [fibonacci_action_client]: Received feedback: array('i', [0, 1, 1, 2, 3, 5, 8])
[INFO] [1733670053.354819389] [fibonacci_action_client]: Received feedback: array('i', [0, 1, 1, 2, 3, 5, 8, 13])
[INFO] [1733670053.606287308] [fibonacci_action_client]: Received feedback: array('i', [0, 1, 1, 2, 3, 5, 8, 13, 21])
[INFO] [1733670053.857361774] [fibonacci_action_client]: Received feedback: array('i', [0, 1, 1, 2, 3, 5, 8, 13, 21, 34])
[INFO] [1733670054.108914465] [fibonacci_action_client]: Received feedback: array('i', [0, 1, 1, 2, 3, 5, 8, 13, 21, 34, 55])
[INFO] [1733670054.361585421] [fibonacci_action_client]: Result: array('i', [0, 1, 1, 2, 3, 5, 8, 13, 21, 34, 55])
[INFO] [1733670054.612386458] [fibonacci_action_client]: Sending goal with order 10
[INFO] [1733670054.615717823] [fibonacci_action_client]: Goal accepted, waiting for result.
[INFO] [1733670054.616569745] [fibonacci_action_client]: Received feedback: array('i', [0, 1, 1])
[INFO] [1733670054.866739922] [fibonacci_action_client]: Received feedback: array('i', [0, 1, 1, 2])
[INFO] [1733670055.117378625] [fibonacci_action_client]: Received feedback: array('i', [0, 1, 1, 2, 3])
[INFO] [1733670055.368479402] [fibonacci_action_client]: Received feedback: array('i', [0, 1, 1, 2, 3, 5])
[INFO] [1733670055.619735791] [fibonacci_action_client]: Received feedback: array('i', [0, 1, 1, 2, 3, 5, 8])
[INFO] [1733670055.870929069] [fibonacci_action_client]: Received feedback: array('i', [0, 1, 1, 2, 3, 5, 8, 13])
[INFO] [1733670056.121946880] [fibonacci_action_client]: Received feedback: array('i', [0, 1, 1, 2, 3, 5, 8, 13, 21])
[INFO] [1733670056.373083793] [fibonacci_action_client]: Received feedback: array('i', [0, 1, 1, 2, 3, 5, 8, 13, 21, 34])
[INFO] [1733670056.624042306] [fibonacci_action_client]: Received feedback: array('i', [0, 1, 1, 2, 3, 5, 8, 13, 21, 34, 55])
[INFO] [1733670056.876783016] [fibonacci_action_client]: Result: array('i', [0, 1, 1, 2, 3, 5, 8, 13, 21, 34, 55])
[INFO] [1733670057.127995147] [fibonacci_action_client]: Sending goal with order 10
[INFO] [1733670057.131404860] [fibonacci_action_client]: Goal accepted, waiting for result.
[INFO] [1733670057.132366360] [fibonacci_action_client]: Received feedback: array('i', [0, 1, 1])
[INFO] [1733670057.381890313] [fibonacci_action_client]: Received feedback: array('i', [0, 1, 1, 2])
[INFO] [1733670057.632832161] [fibonacci_action_client]: Received feedback: array('i', [0, 1, 1, 2, 3])
[INFO] [1733670057.883929181] [fibonacci_action_client]: Received feedback: array('i', [0, 1, 1, 2, 3, 5])
[INFO] [1733670058.135103440] [fibonacci_action_client]: Received feedback: array('i', [0, 1, 1, 2, 3, 5, 8])
[INFO] [1733670058.386273941] [fibonacci_action_client]: Received feedback: array('i', [0, 1, 1, 2, 3, 5, 8, 13])
[INFO] [1733670058.637332431] [fibonacci_action_client]: Received feedback: array('i', [0, 1, 1, 2, 3, 5, 8, 13, 21])
[INFO] [1733670058.888676191] [fibonacci_action_client]: Received feedback: array('i', [0, 1, 1, 2, 3, 5, 8, 13, 21, 34])
[INFO] [1733670059.139690295] [fibonacci_action_client]: Received feedback: array('i', [0, 1, 1, 2, 3, 5, 8, 13, 21, 34, 55])
[INFO] [1733670059.393432700] [fibonacci_action_client]: Result: array('i', [0, 1, 1, 2, 3, 5, 8, 13, 21, 34, 55])
[INFO] [1733670059.644246756] [fibonacci_action_client]: Sending goal with order 10
[INFO] [1733670059.647316031] [fibonacci_action_client]: Goal accepted, waiting for result.
[INFO] [1733670059.648183244] [fibonacci_action_client]: Received feedback: array('i', [0, 1, 1])
[INFO] [1733670059.898093192] [fibonacci_action_client]: Received feedback: array('i', [0, 1, 1, 2])
[INFO] [1733670060.149426534] [fibonacci_action_client]: Received feedback: array('i', [0, 1, 1, 2, 3])
[INFO] [1733670060.400841245] [fibonacci_action_client]: Received feedback: array('i', [0, 1, 1, 2, 3, 5])
[INFO] [1733670060.651637992] [fibonacci_action_client]: Received feedback: array('i', [0, 1, 1, 2, 3, 5, 8])
[INFO] [1733670060.902738109] [fibonacci_action_client]: Received feedback: array('i', [0, 1, 1, 2, 3, 5, 8, 13])
[INFO] [1733670061.153510931] [fibonacci_action_client]: Received feedback: array('i', [0, 1, 1, 2, 3, 5, 8, 13, 21])
[INFO] [1733670061.404891693] [fibonacci_action_client]: Received feedback: array('i', [0, 1, 1, 2, 3, 5, 8, 13, 21, 34])
[INFO] [1733670061.655635929] [fibonacci_action_client]: Received feedback: array('i', [0, 1, 1, 2, 3, 5, 8, 13, 21, 34, 55])
[INFO] [1733670061.908482014] [fibonacci_action_client]: Result: array('i', [0, 1, 1, 2, 3, 5, 8, 13, 21, 34, 55])
[INFO] [1733670062.159224978] [fibonacci_action_client]: Sending goal with order 10
[INFO] [1733670062.162423261] [fibonacci_action_client]: Goal accepted, waiting for result.
[INFO] [1733670062.163347393] [fibonacci_action_client]: Received feedback: array('i', [0, 1, 1])
[INFO] [1733670062.413228772] [fibonacci_action_client]: Received feedback: array('i', [0, 1, 1, 2])
[INFO] [1733670062.664578001] [fibonacci_action_client]: Received feedback: array('i', [0, 1, 1, 2, 3])
[INFO] [1733670062.915828668] [fibonacci_action_client]: Received feedback: array('i', [0, 1, 1, 2, 3, 5])
[INFO] [1733670063.166693058] [fibonacci_action_client]: Received feedback: array('i', [0, 1, 1, 2, 3, 5, 8])
[INFO] [1733670063.417381578] [fibonacci_action_client]: Received feedback: array('i', [0, 1, 1, 2, 3, 5, 8, 13])
[INFO] [1733670063.668476124] [fibonacci_action_client]: Received feedback: array('i', [0, 1, 1, 2, 3, 5, 8, 13, 21])
[INFO] [1733670063.919638535] [fibonacci_action_client]: Received feedback: array('i', [0, 1, 1, 2, 3, 5, 8, 13, 21, 34])
[INFO] [1733670064.170953371] [fibonacci_action_client]: Received feedback: array('i', [0, 1, 1, 2, 3, 5, 8, 13, 21, 34, 55])
[INFO] [1733670064.423527940] [fibonacci_action_client]: Result: array('i', [0, 1, 1, 2, 3, 5, 8, 13, 21, 34, 55])
[INFO] [1733670064.674354871] [fibonacci_action_client]: Sending goal with order 10
[INFO] [1733670064.678575730] [fibonacci_action_client]: Goal accepted, waiting for result.
[INFO] [1733670064.679537160] [fibonacci_action_client]: Received feedback: array('i', [0, 1, 1])
[INFO] [1733670064.928704640] [fibonacci_action_client]: Received feedback: array('i', [0, 1, 1, 2])
[INFO] [1733670065.179596989] [fibonacci_action_client]: Received feedback: array('i', [0, 1, 1, 2, 3])
[INFO] [1733670065.430407120] [fibonacci_action_client]: Received feedback: array('i', [0, 1, 1, 2, 3, 5])
[INFO] [1733670065.681442936] [fibonacci_action_client]: Received feedback: array('i', [0, 1, 1, 2, 3, 5, 8])
[INFO] [1733670065.932218776] [fibonacci_action_client]: Received feedback: array('i', [0, 1, 1, 2, 3, 5, 8, 13])
[INFO] [1733670066.183537600] [fibonacci_action_client]: Received feedback: array('i', [0, 1, 1, 2, 3, 5, 8, 13, 21])
[INFO] [1733670066.434747881] [fibonacci_action_client]: Received feedback: array('i', [0, 1, 1, 2, 3, 5, 8, 13, 21, 34])
[INFO] [1733670066.685433753] [fibonacci_action_client]: Received feedback: array('i', [0, 1, 1, 2, 3, 5, 8, 13, 21, 34, 55])
[INFO] [1733670069.679670266] [fibonacci_action_client]: Result not received due to timeout.
RAPL is set
