[INFO] [1733669886.086165797] [fibonacci_action_server]: Executing goal...
[INFO] [1733669886.086663399] [fibonacci_action_server]: Feedback: array('i', [0, 1, 1])
[INFO] [1733669886.339189515] [fibonacci_action_server]: Feedback: array('i', [0, 1, 1, 2])
[INFO] [1733669886.590594372] [fibonacci_action_server]: Feedback: array('i', [0, 1, 1, 2, 3])
[INFO] [1733669886.841981862] [fibonacci_action_server]: Feedback: array('i', [0, 1, 1, 2, 3, 5])
[INFO] [1733669887.093013135] [fibonacci_action_server]: Feedback: array('i', [0, 1, 1, 2, 3, 5, 8])
[INFO] [1733669887.344271236] [fibonacci_action_server]: Feedback: array('i', [0, 1, 1, 2, 3, 5, 8, 13])
[INFO] [1733669887.595303366] [fibonacci_action_server]: Feedback: array('i', [0, 1, 1, 2, 3, 5, 8, 13, 21])
[INFO] [1733669887.846426234] [fibonacci_action_server]: Feedback: array('i', [0, 1, 1, 2, 3, 5, 8, 13, 21, 34])
[INFO] [1733669888.097744845] [fibonacci_action_server]: Feedback: array('i', [0, 1, 1, 2, 3, 5, 8, 13, 21, 34, 55])
[INFO] [1733669888.602026943] [fibonacci_action_server]: Executing goal...
[INFO] [1733669888.602663754] [fibonacci_action_server]: Feedback: array('i', [0, 1, 1])
[INFO] [1733669888.855937725] [fibonacci_action_server]: Feedback: array('i', [0, 1, 1, 2])
[INFO] [1733669889.107277068] [fibonacci_action_server]: Feedback: array('i', [0, 1, 1, 2, 3])
[INFO] [1733669889.358539900] [fibonacci_action_server]: Feedback: array('i', [0, 1, 1, 2, 3, 5])
[INFO] [1733669889.609505906] [fibonacci_action_server]: Feedback: array('i', [0, 1, 1, 2, 3, 5, 8])
[INFO] [1733669889.860569782] [fibonacci_action_server]: Feedback: array('i', [0, 1, 1, 2, 3, 5, 8, 13])
[INFO] [1733669890.111978874] [fibonacci_action_server]: Feedback: array('i', [0, 1, 1, 2, 3, 5, 8, 13, 21])
[INFO] [1733669890.363181291] [fibonacci_action_server]: Feedback: array('i', [0, 1, 1, 2, 3, 5, 8, 13, 21, 34])
[INFO] [1733669890.614344825] [fibonacci_action_server]: Feedback: array('i', [0, 1, 1, 2, 3, 5, 8, 13, 21, 34, 55])
[INFO] [1733669891.119209683] [fibonacci_action_server]: Executing goal...
[INFO] [1733669891.119591785] [fibonacci_action_server]: Feedback: array('i', [0, 1, 1])
[INFO] [1733669891.370415880] [fibonacci_action_server]: Feedback: array('i', [0, 1, 1, 2])
[INFO] [1733669891.621566459] [fibonacci_action_server]: Feedback: array('i', [0, 1, 1, 2, 3])
[INFO] [1733669891.872916443] [fibonacci_action_server]: Feedback: array('i', [0, 1, 1, 2, 3, 5])
[INFO] [1733669892.123863740] [fibonacci_action_server]: Feedback: array('i', [0, 1, 1, 2, 3, 5, 8])
[INFO] [1733669892.374962077] [fibonacci_action_server]: Feedback: array('i', [0, 1, 1, 2, 3, 5, 8, 13])
[INFO] [1733669892.626105310] [fibonacci_action_server]: Feedback: array('i', [0, 1, 1, 2, 3, 5, 8, 13, 21])
[INFO] [1733669892.877251729] [fibonacci_action_server]: Feedback: array('i', [0, 1, 1, 2, 3, 5, 8, 13, 21, 34])
[INFO] [1733669893.128356048] [fibonacci_action_server]: Feedback: array('i', [0, 1, 1, 2, 3, 5, 8, 13, 21, 34, 55])
[INFO] [1733669893.633765121] [fibonacci_action_server]: Executing goal...
[INFO] [1733669893.634144134] [fibonacci_action_server]: Feedback: array('i', [0, 1, 1])
[INFO] [1733669893.884952904] [fibonacci_action_server]: Feedback: array('i', [0, 1, 1, 2])
[INFO] [1733669894.136206340] [fibonacci_action_server]: Feedback: array('i', [0, 1, 1, 2, 3])
[INFO] [1733669894.387599971] [fibonacci_action_server]: Feedback: array('i', [0, 1, 1, 2, 3, 5])
[INFO] [1733669894.638561577] [fibonacci_action_server]: Feedback: array('i', [0, 1, 1, 2, 3, 5, 8])
[INFO] [1733669894.889613620] [fibonacci_action_server]: Feedback: array('i', [0, 1, 1, 2, 3, 5, 8, 13])
[INFO] [1733669895.140565615] [fibonacci_action_server]: Feedback: array('i', [0, 1, 1, 2, 3, 5, 8, 13, 21])
[INFO] [1733669895.391918779] [fibonacci_action_server]: Feedback: array('i', [0, 1, 1, 2, 3, 5, 8, 13, 21, 34])
[INFO] [1733669895.642849697] [fibonacci_action_server]: Feedback: array('i', [0, 1, 1, 2, 3, 5, 8, 13, 21, 34, 55])
[INFO] [1733669896.148530033] [fibonacci_action_server]: Executing goal...
[INFO] [1733669896.149155347] [fibonacci_action_server]: Feedback: array('i', [0, 1, 1])
[INFO] [1733669896.400104900] [fibonacci_action_server]: Feedback: array('i', [0, 1, 1, 2])
[INFO] [1733669896.651393229] [fibonacci_action_server]: Feedback: array('i', [0, 1, 1, 2, 3])
[INFO] [1733669896.902311380] [fibonacci_action_server]: Feedback: array('i', [0, 1, 1, 2, 3, 5])
[INFO] [1733669897.153404324] [fibonacci_action_server]: Feedback: array('i', [0, 1, 1, 2, 3, 5, 8])
[INFO] [1733669897.404514609] [fibonacci_action_server]: Feedback: array('i', [0, 1, 1, 2, 3, 5, 8, 13])
[INFO] [1733669897.655850314] [fibonacci_action_server]: Feedback: array('i', [0, 1, 1, 2, 3, 5, 8, 13, 21])
[INFO] [1733669897.907115235] [fibonacci_action_server]: Feedback: array('i', [0, 1, 1, 2, 3, 5, 8, 13, 21, 34])
[INFO] [1733669898.158281555] [fibonacci_action_server]: Feedback: array('i', [0, 1, 1, 2, 3, 5, 8, 13, 21, 34, 55])
[INFO] [1733669898.663405021] [fibonacci_action_server]: Executing goal...
[INFO] [1733669898.663808392] [fibonacci_action_server]: Feedback: array('i', [0, 1, 1])
[INFO] [1733669898.914893617] [fibonacci_action_server]: Feedback: array('i', [0, 1, 1, 2])
[INFO] [1733669899.166338717] [fibonacci_action_server]: Feedback: array('i', [0, 1, 1, 2, 3])
[INFO] [1733669899.417508273] [fibonacci_action_server]: Feedback: array('i', [0, 1, 1, 2, 3, 5])
[INFO] [1733669899.668600507] [fibonacci_action_server]: Feedback: array('i', [0, 1, 1, 2, 3, 5, 8])
[INFO] [1733669899.919534432] [fibonacci_action_server]: Feedback: array('i', [0, 1, 1, 2, 3, 5, 8, 13])
[INFO] [1733669900.170593560] [fibonacci_action_server]: Feedback: array('i', [0, 1, 1, 2, 3, 5, 8, 13, 21])
[INFO] [1733669900.421977130] [fibonacci_action_server]: Feedback: array('i', [0, 1, 1, 2, 3, 5, 8, 13, 21, 34])
[INFO] [1733669900.673094967] [fibonacci_action_server]: Feedback: array('i', [0, 1, 1, 2, 3, 5, 8, 13, 21, 34, 55])
[INFO] [1733669901.178439369] [fibonacci_action_server]: Executing goal...
[INFO] [1733669901.178828528] [fibonacci_action_server]: Feedback: array('i', [0, 1, 1])
[INFO] [1733669901.429884485] [fibonacci_action_server]: Feedback: array('i', [0, 1, 1, 2])
[INFO] [1733669901.680907848] [fibonacci_action_server]: Feedback: array('i', [0, 1, 1, 2, 3])
[INFO] [1733669901.932059014] [fibonacci_action_server]: Feedback: array('i', [0, 1, 1, 2, 3, 5])
[INFO] [1733669902.183208451] [fibonacci_action_server]: Feedback: array('i', [0, 1, 1, 2, 3, 5, 8])
[INFO] [1733669902.434396767] [fibonacci_action_server]: Feedback: array('i', [0, 1, 1, 2, 3, 5, 8, 13])
[INFO] [1733669902.685586701] [fibonacci_action_server]: Feedback: array('i', [0, 1, 1, 2, 3, 5, 8, 13, 21])
[INFO] [1733669902.936634613] [fibonacci_action_server]: Feedback: array('i', [0, 1, 1, 2, 3, 5, 8, 13, 21, 34])
[INFO] [1733669903.187844562] [fibonacci_action_server]: Feedback: array('i', [0, 1, 1, 2, 3, 5, 8, 13, 21, 34, 55])
[INFO] [1733669903.693432302] [fibonacci_action_server]: Executing goal...
[INFO] [1733669903.693802101] [fibonacci_action_server]: Feedback: array('i', [0, 1, 1])
[INFO] [1733669903.944800824] [fibonacci_action_server]: Feedback: array('i', [0, 1, 1, 2])
[INFO] [1733669904.196169612] [fibonacci_action_server]: Feedback: array('i', [0, 1, 1, 2, 3])
[INFO] [1733669904.447387574] [fibonacci_action_server]: Feedback: array('i', [0, 1, 1, 2, 3, 5])
[INFO] [1733669904.698653395] [fibonacci_action_server]: Feedback: array('i', [0, 1, 1, 2, 3, 5, 8])
[INFO] [1733669904.949604963] [fibonacci_action_server]: Feedback: array('i', [0, 1, 1, 2, 3, 5, 8, 13])
[INFO] [1733669905.200534389] [fibonacci_action_server]: Feedback: array('i', [0, 1, 1, 2, 3, 5, 8, 13, 21])
[INFO] [1733669905.451452259] [fibonacci_action_server]: Feedback: array('i', [0, 1, 1, 2, 3, 5, 8, 13, 21, 34])
[INFO] [1733669905.702610663] [fibonacci_action_server]: Feedback: array('i', [0, 1, 1, 2, 3, 5, 8, 13, 21, 34, 55])
[INFO] [1733669906.208363193] [fibonacci_action_server]: Executing goal...
[INFO] [1733669906.208739158] [fibonacci_action_server]: Feedback: array('i', [0, 1, 1])
[INFO] [1733669906.460128466] [fibonacci_action_server]: Feedback: array('i', [0, 1, 1, 2])
[INFO] [1733669906.711366379] [fibonacci_action_server]: Feedback: array('i', [0, 1, 1, 2, 3])
[INFO] [1733669906.962721202] [fibonacci_action_server]: Feedback: array('i', [0, 1, 1, 2, 3, 5])
[INFO] [1733669907.213717560] [fibonacci_action_server]: Feedback: array('i', [0, 1, 1, 2, 3, 5, 8])
[INFO] [1733669907.464543390] [fibonacci_action_server]: Feedback: array('i', [0, 1, 1, 2, 3, 5, 8, 13])
[INFO] [1733669907.715862170] [fibonacci_action_server]: Feedback: array('i', [0, 1, 1, 2, 3, 5, 8, 13, 21])
[INFO] [1733669907.967044118] [fibonacci_action_server]: Feedback: array('i', [0, 1, 1, 2, 3, 5, 8, 13, 21, 34])
[INFO] [1733669908.218303110] [fibonacci_action_server]: Feedback: array('i', [0, 1, 1, 2, 3, 5, 8, 13, 21, 34, 55])
[INFO] [1733669908.723295213] [fibonacci_action_server]: Executing goal...
[INFO] [1733669908.723682968] [fibonacci_action_server]: Feedback: array('i', [0, 1, 1])
[INFO] [1733669908.974604408] [fibonacci_action_server]: Feedback: array('i', [0, 1, 1, 2])
[INFO] [1733669909.225923931] [fibonacci_action_server]: Feedback: array('i', [0, 1, 1, 2, 3])
[INFO] [1733669909.476934660] [fibonacci_action_server]: Feedback: array('i', [0, 1, 1, 2, 3, 5])
[INFO] [1733669909.727830217] [fibonacci_action_server]: Feedback: array('i', [0, 1, 1, 2, 3, 5, 8])
[INFO] [1733669909.979021418] [fibonacci_action_server]: Feedback: array('i', [0, 1, 1, 2, 3, 5, 8, 13])
[INFO] [1733669910.229922813] [fibonacci_action_server]: Feedback: array('i', [0, 1, 1, 2, 3, 5, 8, 13, 21])
[INFO] [1733669910.480934117] [fibonacci_action_server]: Feedback: array('i', [0, 1, 1, 2, 3, 5, 8, 13, 21, 34])
[INFO] [1733669910.732175333] [fibonacci_action_server]: Feedback: array('i', [0, 1, 1, 2, 3, 5, 8, 13, 21, 34, 55])
[INFO] [1733669911.237979614] [fibonacci_action_server]: Executing goal...
[INFO] [1733669911.238606120] [fibonacci_action_server]: Feedback: array('i', [0, 1, 1])
[INFO] [1733669911.489614069] [fibonacci_action_server]: Feedback: array('i', [0, 1, 1, 2])
[INFO] [1733669911.740545694] [fibonacci_action_server]: Feedback: array('i', [0, 1, 1, 2, 3])
[INFO] [1733669911.991732101] [fibonacci_action_server]: Feedback: array('i', [0, 1, 1, 2, 3, 5])
[INFO] [1733669912.242933499] [fibonacci_action_server]: Feedback: array('i', [0, 1, 1, 2, 3, 5, 8])
[INFO] [1733669912.494096238] [fibonacci_action_server]: Feedback: array('i', [0, 1, 1, 2, 3, 5, 8, 13])
[INFO] [1733669912.745200725] [fibonacci_action_server]: Feedback: array('i', [0, 1, 1, 2, 3, 5, 8, 13, 21])
[INFO] [1733669912.996489462] [fibonacci_action_server]: Feedback: array('i', [0, 1, 1, 2, 3, 5, 8, 13, 21, 34])
[INFO] [1733669913.247437100] [fibonacci_action_server]: Feedback: array('i', [0, 1, 1, 2, 3, 5, 8, 13, 21, 34, 55])
[INFO] [1733669913.752870695] [fibonacci_action_server]: Executing goal...
[INFO] [1733669913.753245543] [fibonacci_action_server]: Feedback: array('i', [0, 1, 1])
[INFO] [1733669914.004083077] [fibonacci_action_server]: Feedback: array('i', [0, 1, 1, 2])
[INFO] [1733669914.255357543] [fibonacci_action_server]: Feedback: array('i', [0, 1, 1, 2, 3])
[INFO] [1733669914.506266059] [fibonacci_action_server]: Feedback: array('i', [0, 1, 1, 2, 3, 5])
[INFO] [1733669914.757286963] [fibonacci_action_server]: Feedback: array('i', [0, 1, 1, 2, 3, 5, 8])
[INFO] [1733669915.008274185] [fibonacci_action_server]: Feedback: array('i', [0, 1, 1, 2, 3, 5, 8, 13])
[INFO] [1733669915.259435730] [fibonacci_action_server]: Feedback: array('i', [0, 1, 1, 2, 3, 5, 8, 13, 21])
[INFO] [1733669915.510665586] [fibonacci_action_server]: Feedback: array('i', [0, 1, 1, 2, 3, 5, 8, 13, 21, 34])
[INFO] [1733669915.761717633] [fibonacci_action_server]: Feedback: array('i', [0, 1, 1, 2, 3, 5, 8, 13, 21, 34, 55])
[INFO] [1733669916.267206505] [fibonacci_action_server]: Executing goal...
[INFO] [1733669916.267856735] [fibonacci_action_server]: Feedback: array('i', [0, 1, 1])
[INFO] [1733669916.518949243] [fibonacci_action_server]: Feedback: array('i', [0, 1, 1, 2])
[INFO] [1733669916.770096553] [fibonacci_action_server]: Feedback: array('i', [0, 1, 1, 2, 3])
[INFO] [1733669917.021183844] [fibonacci_action_server]: Feedback: array('i', [0, 1, 1, 2, 3, 5])
[INFO] [1733669917.272302441] [fibonacci_action_server]: Feedback: array('i', [0, 1, 1, 2, 3, 5, 8])
[INFO] [1733669917.523516450] [fibonacci_action_server]: Feedback: array('i', [0, 1, 1, 2, 3, 5, 8, 13])
[INFO] [1733669917.774991058] [fibonacci_action_server]: Feedback: array('i', [0, 1, 1, 2, 3, 5, 8, 13, 21])
[INFO] [1733669918.025998627] [fibonacci_action_server]: Feedback: array('i', [0, 1, 1, 2, 3, 5, 8, 13, 21, 34])
[INFO] [1733669918.277004935] [fibonacci_action_server]: Feedback: array('i', [0, 1, 1, 2, 3, 5, 8, 13, 21, 34, 55])
[INFO] [1733669918.782254807] [fibonacci_action_server]: Executing goal...
[INFO] [1733669918.782724946] [fibonacci_action_server]: Feedback: array('i', [0, 1, 1])
[INFO] [1733669919.033624424] [fibonacci_action_server]: Feedback: array('i', [0, 1, 1, 2])
[INFO] [1733669919.284538682] [fibonacci_action_server]: Feedback: array('i', [0, 1, 1, 2, 3])
[INFO] [1733669919.535977580] [fibonacci_action_server]: Feedback: array('i', [0, 1, 1, 2, 3, 5])
[INFO] [1733669919.788566913] [fibonacci_action_server]: Feedback: array('i', [0, 1, 1, 2, 3, 5, 8])
[INFO] [1733669920.039927194] [fibonacci_action_server]: Feedback: array('i', [0, 1, 1, 2, 3, 5, 8, 13])
[INFO] [1733669920.291060567] [fibonacci_action_server]: Feedback: array('i', [0, 1, 1, 2, 3, 5, 8, 13, 21])
[INFO] [1733669920.542314173] [fibonacci_action_server]: Feedback: array('i', [0, 1, 1, 2, 3, 5, 8, 13, 21, 34])
[INFO] [1733669920.793573325] [fibonacci_action_server]: Feedback: array('i', [0, 1, 1, 2, 3, 5, 8, 13, 21, 34, 55])
[INFO] [1733669921.299135912] [fibonacci_action_server]: Executing goal...
[INFO] [1733669921.299828223] [fibonacci_action_server]: Feedback: array('i', [0, 1, 1])
[INFO] [1733669921.550791190] [fibonacci_action_server]: Feedback: array('i', [0, 1, 1, 2])
[INFO] [1733669921.801908794] [fibonacci_action_server]: Feedback: array('i', [0, 1, 1, 2, 3])
[INFO] [1733669922.052983131] [fibonacci_action_server]: Feedback: array('i', [0, 1, 1, 2, 3, 5])
[INFO] [1733669922.304247606] [fibonacci_action_server]: Feedback: array('i', [0, 1, 1, 2, 3, 5, 8])
[INFO] [1733669922.555523990] [fibonacci_action_server]: Feedback: array('i', [0, 1, 1, 2, 3, 5, 8, 13])
[INFO] [1733669922.806896509] [fibonacci_action_server]: Feedback: array('i', [0, 1, 1, 2, 3, 5, 8, 13, 21])
[INFO] [1733669923.057831973] [fibonacci_action_server]: Feedback: array('i', [0, 1, 1, 2, 3, 5, 8, 13, 21, 34])
[INFO] [1733669923.309156233] [fibonacci_action_server]: Feedback: array('i', [0, 1, 1, 2, 3, 5, 8, 13, 21, 34, 55])
[INFO] [1733669923.814591700] [fibonacci_action_server]: Executing goal...
[INFO] [1733669923.815231286] [fibonacci_action_server]: Feedback: array('i', [0, 1, 1])
[INFO] [1733669924.066008447] [fibonacci_action_server]: Feedback: array('i', [0, 1, 1, 2])
[INFO] [1733669924.317014813] [fibonacci_action_server]: Feedback: array('i', [0, 1, 1, 2, 3])
[INFO] [1733669924.568361759] [fibonacci_action_server]: Feedback: array('i', [0, 1, 1, 2, 3, 5])
[INFO] [1733669924.819609002] [fibonacci_action_server]: Feedback: array('i', [0, 1, 1, 2, 3, 5, 8])
[INFO] [1733669925.070866037] [fibonacci_action_server]: Feedback: array('i', [0, 1, 1, 2, 3, 5, 8, 13])
[INFO] [1733669925.321946568] [fibonacci_action_server]: Feedback: array('i', [0, 1, 1, 2, 3, 5, 8, 13, 21])
[INFO] [1733669925.572862335] [fibonacci_action_server]: Feedback: array('i', [0, 1, 1, 2, 3, 5, 8, 13, 21, 34])
[INFO] [1733669925.823870029] [fibonacci_action_server]: Feedback: array('i', [0, 1, 1, 2, 3, 5, 8, 13, 21, 34, 55])
[INFO] [1733669926.329985383] [fibonacci_action_server]: Executing goal...
[INFO] [1733669926.330565039] [fibonacci_action_server]: Feedback: array('i', [0, 1, 1])
[INFO] [1733669926.581523543] [fibonacci_action_server]: Feedback: array('i', [0, 1, 1, 2])
[INFO] [1733669926.832600220] [fibonacci_action_server]: Feedback: array('i', [0, 1, 1, 2, 3])
[INFO] [1733669927.083600973] [fibonacci_action_server]: Feedback: array('i', [0, 1, 1, 2, 3, 5])
[INFO] [1733669927.335027867] [fibonacci_action_server]: Feedback: array('i', [0, 1, 1, 2, 3, 5, 8])
[INFO] [1733669927.586276539] [fibonacci_action_server]: Feedback: array('i', [0, 1, 1, 2, 3, 5, 8, 13])
[INFO] [1733669927.837181852] [fibonacci_action_server]: Feedback: array('i', [0, 1, 1, 2, 3, 5, 8, 13, 21])
[INFO] [1733669928.088272232] [fibonacci_action_server]: Feedback: array('i', [0, 1, 1, 2, 3, 5, 8, 13, 21, 34])
[INFO] [1733669928.339289986] [fibonacci_action_server]: Feedback: array('i', [0, 1, 1, 2, 3, 5, 8, 13, 21, 34, 55])
[INFO] [1733669928.844667771] [fibonacci_action_server]: Executing goal...
[INFO] [1733669928.845073876] [fibonacci_action_server]: Feedback: array('i', [0, 1, 1])
[INFO] [1733669929.096264934] [fibonacci_action_server]: Feedback: array('i', [0, 1, 1, 2])
[INFO] [1733669929.347669167] [fibonacci_action_server]: Feedback: array('i', [0, 1, 1, 2, 3])
[INFO] [1733669929.598969705] [fibonacci_action_server]: Feedback: array('i', [0, 1, 1, 2, 3, 5])
[INFO] [1733669929.850101807] [fibonacci_action_server]: Feedback: array('i', [0, 1, 1, 2, 3, 5, 8])
[INFO] [1733669930.101344605] [fibonacci_action_server]: Feedback: array('i', [0, 1, 1, 2, 3, 5, 8, 13])
[INFO] [1733669930.352600070] [fibonacci_action_server]: Feedback: array('i', [0, 1, 1, 2, 3, 5, 8, 13, 21])
[INFO] [1733669930.603996270] [fibonacci_action_server]: Feedback: array('i', [0, 1, 1, 2, 3, 5, 8, 13, 21, 34])
[INFO] [1733669930.854967108] [fibonacci_action_server]: Feedback: array('i', [0, 1, 1, 2, 3, 5, 8, 13, 21, 34, 55])
[INFO] [1733669931.360255657] [fibonacci_action_server]: Executing goal...
[INFO] [1733669931.360699149] [fibonacci_action_server]: Feedback: array('i', [0, 1, 1])
[INFO] [1733669931.611857106] [fibonacci_action_server]: Feedback: array('i', [0, 1, 1, 2])
[INFO] [1733669931.862889140] [fibonacci_action_server]: Feedback: array('i', [0, 1, 1, 2, 3])
[INFO] [1733669932.113795661] [fibonacci_action_server]: Feedback: array('i', [0, 1, 1, 2, 3, 5])
[INFO] [1733669932.364886288] [fibonacci_action_server]: Feedback: array('i', [0, 1, 1, 2, 3, 5, 8])
[INFO] [1733669932.615883385] [fibonacci_action_server]: Feedback: array('i', [0, 1, 1, 2, 3, 5, 8, 13])
[INFO] [1733669932.867051642] [fibonacci_action_server]: Feedback: array('i', [0, 1, 1, 2, 3, 5, 8, 13, 21])
[INFO] [1733669933.117929062] [fibonacci_action_server]: Feedback: array('i', [0, 1, 1, 2, 3, 5, 8, 13, 21, 34])
[INFO] [1733669933.368551151] [fibonacci_action_server]: Feedback: array('i', [0, 1, 1, 2, 3, 5, 8, 13, 21, 34, 55])
[INFO] [1733669933.874138543] [fibonacci_action_server]: Executing goal...
[INFO] [1733669933.874692787] [fibonacci_action_server]: Feedback: array('i', [0, 1, 1])
[INFO] [1733669934.125789755] [fibonacci_action_server]: Feedback: array('i', [0, 1, 1, 2])
[INFO] [1733669934.376538422] [fibonacci_action_server]: Feedback: array('i', [0, 1, 1, 2, 3])
[INFO] [1733669934.627745763] [fibonacci_action_server]: Feedback: array('i', [0, 1, 1, 2, 3, 5])
[INFO] [1733669934.879021237] [fibonacci_action_server]: Feedback: array('i', [0, 1, 1, 2, 3, 5, 8])
[INFO] [1733669935.130166853] [fibonacci_action_server]: Feedback: array('i', [0, 1, 1, 2, 3, 5, 8, 13])
[INFO] [1733669935.381454793] [fibonacci_action_server]: Feedback: array('i', [0, 1, 1, 2, 3, 5, 8, 13, 21])
[INFO] [1733669935.632416132] [fibonacci_action_server]: Feedback: array('i', [0, 1, 1, 2, 3, 5, 8, 13, 21, 34])
[INFO] [1733669935.883544868] [fibonacci_action_server]: Feedback: array('i', [0, 1, 1, 2, 3, 5, 8, 13, 21, 34, 55])
[INFO] [1733669936.389467356] [fibonacci_action_server]: Executing goal...
[INFO] [1733669936.389872408] [fibonacci_action_server]: Feedback: array('i', [0, 1, 1])
[INFO] [1733669936.641070420] [fibonacci_action_server]: Feedback: array('i', [0, 1, 1, 2])
[INFO] [1733669936.892095239] [fibonacci_action_server]: Feedback: array('i', [0, 1, 1, 2, 3])
[INFO] [1733669937.143281351] [fibonacci_action_server]: Feedback: array('i', [0, 1, 1, 2, 3, 5])
[INFO] [1733669937.394409306] [fibonacci_action_server]: Feedback: array('i', [0, 1, 1, 2, 3, 5, 8])
[INFO] [1733669937.645506876] [fibonacci_action_server]: Feedback: array('i', [0, 1, 1, 2, 3, 5, 8, 13])
[INFO] [1733669937.896479923] [fibonacci_action_server]: Feedback: array('i', [0, 1, 1, 2, 3, 5, 8, 13, 21])
[INFO] [1733669938.147680027] [fibonacci_action_server]: Feedback: array('i', [0, 1, 1, 2, 3, 5, 8, 13, 21, 34])
[INFO] [1733669938.399067119] [fibonacci_action_server]: Feedback: array('i', [0, 1, 1, 2, 3, 5, 8, 13, 21, 34, 55])
[INFO] [1733669938.904728564] [fibonacci_action_server]: Executing goal...
[INFO] [1733669938.905098422] [fibonacci_action_server]: Feedback: array('i', [0, 1, 1])
[INFO] [1733669939.155962347] [fibonacci_action_server]: Feedback: array('i', [0, 1, 1, 2])
[INFO] [1733669939.407098265] [fibonacci_action_server]: Feedback: array('i', [0, 1, 1, 2, 3])
[INFO] [1733669939.658275645] [fibonacci_action_server]: Feedback: array('i', [0, 1, 1, 2, 3, 5])
[INFO] [1733669939.909355592] [fibonacci_action_server]: Feedback: array('i', [0, 1, 1, 2, 3, 5, 8])
[INFO] [1733669940.160559297] [fibonacci_action_server]: Feedback: array('i', [0, 1, 1, 2, 3, 5, 8, 13])
[INFO] [1733669940.411753740] [fibonacci_action_server]: Feedback: array('i', [0, 1, 1, 2, 3, 5, 8, 13, 21])
[INFO] [1733669940.662790003] [fibonacci_action_server]: Feedback: array('i', [0, 1, 1, 2, 3, 5, 8, 13, 21, 34])
[INFO] [1733669940.914105841] [fibonacci_action_server]: Feedback: array('i', [0, 1, 1, 2, 3, 5, 8, 13, 21, 34, 55])
[INFO] [1733669941.419010934] [fibonacci_action_server]: Executing goal...
[INFO] [1733669941.419437798] [fibonacci_action_server]: Feedback: array('i', [0, 1, 1])
[INFO] [1733669941.670386614] [fibonacci_action_server]: Feedback: array('i', [0, 1, 1, 2])
[INFO] [1733669941.921465455] [fibonacci_action_server]: Feedback: array('i', [0, 1, 1, 2, 3])
[INFO] [1733669942.172649906] [fibonacci_action_server]: Feedback: array('i', [0, 1, 1, 2, 3, 5])
[INFO] [1733669942.423883305] [fibonacci_action_server]: Feedback: array('i', [0, 1, 1, 2, 3, 5, 8])
[INFO] [1733669942.675254268] [fibonacci_action_server]: Feedback: array('i', [0, 1, 1, 2, 3, 5, 8, 13])
[INFO] [1733669942.926410616] [fibonacci_action_server]: Feedback: array('i', [0, 1, 1, 2, 3, 5, 8, 13, 21])
[INFO] [1733669943.177444780] [fibonacci_action_server]: Feedback: array('i', [0, 1, 1, 2, 3, 5, 8, 13, 21, 34])
[INFO] [1733669943.428255880] [fibonacci_action_server]: Feedback: array('i', [0, 1, 1, 2, 3, 5, 8, 13, 21, 34, 55])
[INFO] [1733669943.933578076] [fibonacci_action_server]: Executing goal...
[INFO] [1733669943.933967169] [fibonacci_action_server]: Feedback: array('i', [0, 1, 1])
[INFO] [1733669944.184935645] [fibonacci_action_server]: Feedback: array('i', [0, 1, 1, 2])
[INFO] [1733669944.436115841] [fibonacci_action_server]: Feedback: array('i', [0, 1, 1, 2, 3])
[INFO] [1733669944.687281946] [fibonacci_action_server]: Feedback: array('i', [0, 1, 1, 2, 3, 5])
[INFO] [1733669944.938513519] [fibonacci_action_server]: Feedback: array('i', [0, 1, 1, 2, 3, 5, 8])
[INFO] [1733669945.189435773] [fibonacci_action_server]: Feedback: array('i', [0, 1, 1, 2, 3, 5, 8, 13])
[INFO] [1733669945.440337117] [fibonacci_action_server]: Feedback: array('i', [0, 1, 1, 2, 3, 5, 8, 13, 21])
[INFO] [1733669945.691505402] [fibonacci_action_server]: Feedback: array('i', [0, 1, 1, 2, 3, 5, 8, 13, 21, 34])
[INFO] [1733669945.942581550] [fibonacci_action_server]: Feedback: array('i', [0, 1, 1, 2, 3, 5, 8, 13, 21, 34, 55])
[INFO] [1733669946.447455663] [fibonacci_action_server]: Executing goal...
[INFO] [1733669946.447900109] [fibonacci_action_server]: Feedback: array('i', [0, 1, 1])
[INFO] [1733669946.699082494] [fibonacci_action_server]: Feedback: array('i', [0, 1, 1, 2])
[INFO] [1733669946.950120415] [fibonacci_action_server]: Feedback: array('i', [0, 1, 1, 2, 3])
[INFO] [1733669947.201187272] [fibonacci_action_server]: Feedback: array('i', [0, 1, 1, 2, 3, 5])
[INFO] [1733669947.452674922] [fibonacci_action_server]: Feedback: array('i', [0, 1, 1, 2, 3, 5, 8])
[INFO] [1733669947.703973691] [fibonacci_action_server]: Feedback: array('i', [0, 1, 1, 2, 3, 5, 8, 13])
[INFO] [1733669947.955136433] [fibonacci_action_server]: Feedback: array('i', [0, 1, 1, 2, 3, 5, 8, 13, 21])
[INFO] [1733669948.206301889] [fibonacci_action_server]: Feedback: array('i', [0, 1, 1, 2, 3, 5, 8, 13, 21, 34])
[INFO] [1733669948.457435340] [fibonacci_action_server]: Feedback: array('i', [0, 1, 1, 2, 3, 5, 8, 13, 21, 34, 55])
[INFO] [1733669948.962472203] [fibonacci_action_server]: Executing goal...
[INFO] [1733669948.962971822] [fibonacci_action_server]: Feedback: array('i', [0, 1, 1])
[INFO] [1733669949.214026299] [fibonacci_action_server]: Feedback: array('i', [0, 1, 1, 2])
[INFO] [1733669949.465211843] [fibonacci_action_server]: Feedback: array('i', [0, 1, 1, 2, 3])
[INFO] [1733669949.716449248] [fibonacci_action_server]: Feedback: array('i', [0, 1, 1, 2, 3, 5])
[INFO] [1733669949.967866403] [fibonacci_action_server]: Feedback: array('i', [0, 1, 1, 2, 3, 5, 8])
[INFO] [1733669950.218785614] [fibonacci_action_server]: Feedback: array('i', [0, 1, 1, 2, 3, 5, 8, 13])
[INFO] [1733669950.470051017] [fibonacci_action_server]: Feedback: array('i', [0, 1, 1, 2, 3, 5, 8, 13, 21])
[INFO] [1733669950.720958759] [fibonacci_action_server]: Feedback: array('i', [0, 1, 1, 2, 3, 5, 8, 13, 21, 34])
[INFO] [1733669950.972192604] [fibonacci_action_server]: Feedback: array('i', [0, 1, 1, 2, 3, 5, 8, 13, 21, 34, 55])
[INFO] [1733669951.478643493] [fibonacci_action_server]: Executing goal...
[INFO] [1733669951.479255554] [fibonacci_action_server]: Feedback: array('i', [0, 1, 1])
[INFO] [1733669951.730201122] [fibonacci_action_server]: Feedback: array('i', [0, 1, 1, 2])
[INFO] [1733669951.981245871] [fibonacci_action_server]: Feedback: array('i', [0, 1, 1, 2, 3])
[INFO] [1733669952.232387448] [fibonacci_action_server]: Feedback: array('i', [0, 1, 1, 2, 3, 5])
[INFO] [1733669952.483376118] [fibonacci_action_server]: Feedback: array('i', [0, 1, 1, 2, 3, 5, 8])
[INFO] [1733669952.734566081] [fibonacci_action_server]: Feedback: array('i', [0, 1, 1, 2, 3, 5, 8, 13])
[INFO] [1733669952.985822391] [fibonacci_action_server]: Feedback: array('i', [0, 1, 1, 2, 3, 5, 8, 13, 21])
[INFO] [1733669953.236934086] [fibonacci_action_server]: Feedback: array('i', [0, 1, 1, 2, 3, 5, 8, 13, 21, 34])
[INFO] [1733669953.488300030] [fibonacci_action_server]: Feedback: array('i', [0, 1, 1, 2, 3, 5, 8, 13, 21, 34, 55])
[INFO] [1733669953.993932716] [fibonacci_action_server]: Executing goal...
[INFO] [1733669953.994588026] [fibonacci_action_server]: Feedback: array('i', [0, 1, 1])
[INFO] [1733669954.245841195] [fibonacci_action_server]: Feedback: array('i', [0, 1, 1, 2])
[INFO] [1733669954.496761805] [fibonacci_action_server]: Feedback: array('i', [0, 1, 1, 2, 3])
[INFO] [1733669954.747943049] [fibonacci_action_server]: Feedback: array('i', [0, 1, 1, 2, 3, 5])
[INFO] [1733669954.998842442] [fibonacci_action_server]: Feedback: array('i', [0, 1, 1, 2, 3, 5, 8])
[INFO] [1733669955.250027153] [fibonacci_action_server]: Feedback: array('i', [0, 1, 1, 2, 3, 5, 8, 13])
[INFO] [1733669955.500972428] [fibonacci_action_server]: Feedback: array('i', [0, 1, 1, 2, 3, 5, 8, 13, 21])
[INFO] [1733669955.752223227] [fibonacci_action_server]: Feedback: array('i', [0, 1, 1, 2, 3, 5, 8, 13, 21, 34])
[INFO] [1733669956.003432978] [fibonacci_action_server]: Feedback: array('i', [0, 1, 1, 2, 3, 5, 8, 13, 21, 34, 55])
[INFO] [1733669956.509827169] [fibonacci_action_server]: Executing goal...
[INFO] [1733669956.510430360] [fibonacci_action_server]: Feedback: array('i', [0, 1, 1])
[INFO] [1733669956.761326584] [fibonacci_action_server]: Feedback: array('i', [0, 1, 1, 2])
[INFO] [1733669957.012563603] [fibonacci_action_server]: Feedback: array('i', [0, 1, 1, 2, 3])
[INFO] [1733669957.263804862] [fibonacci_action_server]: Feedback: array('i', [0, 1, 1, 2, 3, 5])
[INFO] [1733669957.515035113] [fibonacci_action_server]: Feedback: array('i', [0, 1, 1, 2, 3, 5, 8])
[INFO] [1733669957.765985408] [fibonacci_action_server]: Feedback: array('i', [0, 1, 1, 2, 3, 5, 8, 13])
[INFO] [1733669958.017077119] [fibonacci_action_server]: Feedback: array('i', [0, 1, 1, 2, 3, 5, 8, 13, 21])
[INFO] [1733669958.268398916] [fibonacci_action_server]: Feedback: array('i', [0, 1, 1, 2, 3, 5, 8, 13, 21, 34])
[INFO] [1733669958.519392715] [fibonacci_action_server]: Feedback: array('i', [0, 1, 1, 2, 3, 5, 8, 13, 21, 34, 55])
[INFO] [1733669959.025529002] [fibonacci_action_server]: Executing goal...
[INFO] [1733669959.026195598] [fibonacci_action_server]: Feedback: array('i', [0, 1, 1])
[INFO] [1733669959.277023920] [fibonacci_action_server]: Feedback: array('i', [0, 1, 1, 2])
[INFO] [1733669959.528315316] [fibonacci_action_server]: Feedback: array('i', [0, 1, 1, 2, 3])
[INFO] [1733669959.779205380] [fibonacci_action_server]: Feedback: array('i', [0, 1, 1, 2, 3, 5])
[INFO] [1733669960.030458075] [fibonacci_action_server]: Feedback: array('i', [0, 1, 1, 2, 3, 5, 8])
[INFO] [1733669960.281652807] [fibonacci_action_server]: Feedback: array('i', [0, 1, 1, 2, 3, 5, 8, 13])
[INFO] [1733669960.532523446] [fibonacci_action_server]: Feedback: array('i', [0, 1, 1, 2, 3, 5, 8, 13, 21])
[INFO] [1733669960.783671489] [fibonacci_action_server]: Feedback: array('i', [0, 1, 1, 2, 3, 5, 8, 13, 21, 34])
[INFO] [1733669961.035130350] [fibonacci_action_server]: Feedback: array('i', [0, 1, 1, 2, 3, 5, 8, 13, 21, 34, 55])
[INFO] [1733669961.540180229] [fibonacci_action_server]: Executing goal...
[INFO] [1733669961.540581492] [fibonacci_action_server]: Feedback: array('i', [0, 1, 1])
[INFO] [1733669961.791644212] [fibonacci_action_server]: Feedback: array('i', [0, 1, 1, 2])
[INFO] [1733669962.042721234] [fibonacci_action_server]: Feedback: array('i', [0, 1, 1, 2, 3])
[INFO] [1733669962.293880845] [fibonacci_action_server]: Feedback: array('i', [0, 1, 1, 2, 3, 5])
[INFO] [1733669962.545029618] [fibonacci_action_server]: Feedback: array('i', [0, 1, 1, 2, 3, 5, 8])
[INFO] [1733669962.796109548] [fibonacci_action_server]: Feedback: array('i', [0, 1, 1, 2, 3, 5, 8, 13])
[INFO] [1733669963.047445126] [fibonacci_action_server]: Feedback: array('i', [0, 1, 1, 2, 3, 5, 8, 13, 21])
[INFO] [1733669963.298677615] [fibonacci_action_server]: Feedback: array('i', [0, 1, 1, 2, 3, 5, 8, 13, 21, 34])
[INFO] [1733669963.549768224] [fibonacci_action_server]: Feedback: array('i', [0, 1, 1, 2, 3, 5, 8, 13, 21, 34, 55])
[INFO] [1733669964.055282667] [fibonacci_action_server]: Executing goal...
[INFO] [1733669964.055723353] [fibonacci_action_server]: Feedback: array('i', [0, 1, 1])
[INFO] [1733669964.306812200] [fibonacci_action_server]: Feedback: array('i', [0, 1, 1, 2])
[INFO] [1733669964.557727556] [fibonacci_action_server]: Feedback: array('i', [0, 1, 1, 2, 3])
[INFO] [1733669964.808491885] [fibonacci_action_server]: Feedback: array('i', [0, 1, 1, 2, 3, 5])
[INFO] [1733669965.059728059] [fibonacci_action_server]: Feedback: array('i', [0, 1, 1, 2, 3, 5, 8])
[INFO] [1733669965.311047247] [fibonacci_action_server]: Feedback: array('i', [0, 1, 1, 2, 3, 5, 8, 13])
[INFO] [1733669965.562452293] [fibonacci_action_server]: Feedback: array('i', [0, 1, 1, 2, 3, 5, 8, 13, 21])
[INFO] [1733669965.813524486] [fibonacci_action_server]: Feedback: array('i', [0, 1, 1, 2, 3, 5, 8, 13, 21, 34])
[INFO] [1733669966.064329942] [fibonacci_action_server]: Feedback: array('i', [0, 1, 1, 2, 3, 5, 8, 13, 21, 34, 55])
[INFO] [1733669966.569979896] [fibonacci_action_server]: Executing goal...
[INFO] [1733669966.570337763] [fibonacci_action_server]: Feedback: array('i', [0, 1, 1])
[INFO] [1733669966.821267690] [fibonacci_action_server]: Feedback: array('i', [0, 1, 1, 2])
[INFO] [1733669967.072509658] [fibonacci_action_server]: Feedback: array('i', [0, 1, 1, 2, 3])
[INFO] [1733669967.323743773] [fibonacci_action_server]: Feedback: array('i', [0, 1, 1, 2, 3, 5])
[INFO] [1733669967.575189086] [fibonacci_action_server]: Feedback: array('i', [0, 1, 1, 2, 3, 5, 8])
[INFO] [1733669967.826145300] [fibonacci_action_server]: Feedback: array('i', [0, 1, 1, 2, 3, 5, 8, 13])
[INFO] [1733669968.076950386] [fibonacci_action_server]: Feedback: array('i', [0, 1, 1, 2, 3, 5, 8, 13, 21])
[INFO] [1733669968.327890776] [fibonacci_action_server]: Feedback: array('i', [0, 1, 1, 2, 3, 5, 8, 13, 21, 34])
[INFO] [1733669968.579330012] [fibonacci_action_server]: Feedback: array('i', [0, 1, 1, 2, 3, 5, 8, 13, 21, 34, 55])
[INFO] [1733669969.085766433] [fibonacci_action_server]: Executing goal...
[INFO] [1733669969.086405779] [fibonacci_action_server]: Feedback: array('i', [0, 1, 1])
[INFO] [1733669969.337381104] [fibonacci_action_server]: Feedback: array('i', [0, 1, 1, 2])
[INFO] [1733669969.588542236] [fibonacci_action_server]: Feedback: array('i', [0, 1, 1, 2, 3])
[INFO] [1733669969.839954560] [fibonacci_action_server]: Feedback: array('i', [0, 1, 1, 2, 3, 5])
[INFO] [1733669970.090952998] [fibonacci_action_server]: Feedback: array('i', [0, 1, 1, 2, 3, 5, 8])
[INFO] [1733669970.342158312] [fibonacci_action_server]: Feedback: array('i', [0, 1, 1, 2, 3, 5, 8, 13])
[INFO] [1733669970.593500503] [fibonacci_action_server]: Feedback: array('i', [0, 1, 1, 2, 3, 5, 8, 13, 21])
[INFO] [1733669970.844584358] [fibonacci_action_server]: Feedback: array('i', [0, 1, 1, 2, 3, 5, 8, 13, 21, 34])
[INFO] [1733669971.095952103] [fibonacci_action_server]: Feedback: array('i', [0, 1, 1, 2, 3, 5, 8, 13, 21, 34, 55])
[INFO] [1733669971.602618705] [fibonacci_action_server]: Executing goal...
[INFO] [1733669971.603266279] [fibonacci_action_server]: Feedback: array('i', [0, 1, 1])
[INFO] [1733669971.854088497] [fibonacci_action_server]: Feedback: array('i', [0, 1, 1, 2])
[INFO] [1733669972.105239792] [fibonacci_action_server]: Feedback: array('i', [0, 1, 1, 2, 3])
[INFO] [1733669972.356227609] [fibonacci_action_server]: Feedback: array('i', [0, 1, 1, 2, 3, 5])
[INFO] [1733669972.607147616] [fibonacci_action_server]: Feedback: array('i', [0, 1, 1, 2, 3, 5, 8])
[INFO] [1733669972.858519727] [fibonacci_action_server]: Feedback: array('i', [0, 1, 1, 2, 3, 5, 8, 13])
[INFO] [1733669973.109677017] [fibonacci_action_server]: Feedback: array('i', [0, 1, 1, 2, 3, 5, 8, 13, 21])
[INFO] [1733669973.360630624] [fibonacci_action_server]: Feedback: array('i', [0, 1, 1, 2, 3, 5, 8, 13, 21, 34])
[INFO] [1733669973.611991094] [fibonacci_action_server]: Feedback: array('i', [0, 1, 1, 2, 3, 5, 8, 13, 21, 34, 55])
[INFO] [1733669974.117889763] [fibonacci_action_server]: Executing goal...
[INFO] [1733669974.118247303] [fibonacci_action_server]: Feedback: array('i', [0, 1, 1])
[INFO] [1733669974.369151828] [fibonacci_action_server]: Feedback: array('i', [0, 1, 1, 2])
[INFO] [1733669974.620530827] [fibonacci_action_server]: Feedback: array('i', [0, 1, 1, 2, 3])
[INFO] [1733669974.871450844] [fibonacci_action_server]: Feedback: array('i', [0, 1, 1, 2, 3, 5])
[INFO] [1733669975.122613740] [fibonacci_action_server]: Feedback: array('i', [0, 1, 1, 2, 3, 5, 8])
[INFO] [1733669975.373844330] [fibonacci_action_server]: Feedback: array('i', [0, 1, 1, 2, 3, 5, 8, 13])
[INFO] [1733669975.624574910] [fibonacci_action_server]: Feedback: array('i', [0, 1, 1, 2, 3, 5, 8, 13, 21])
[INFO] [1733669975.876003433] [fibonacci_action_server]: Feedback: array('i', [0, 1, 1, 2, 3, 5, 8, 13, 21, 34])
[INFO] [1733669976.127254775] [fibonacci_action_server]: Feedback: array('i', [0, 1, 1, 2, 3, 5, 8, 13, 21, 34, 55])
[INFO] [1733669976.633204579] [fibonacci_action_server]: Executing goal...
[INFO] [1733669976.633579075] [fibonacci_action_server]: Feedback: array('i', [0, 1, 1])
[INFO] [1733669976.884227973] [fibonacci_action_server]: Feedback: array('i', [0, 1, 1, 2])
[INFO] [1733669977.135333243] [fibonacci_action_server]: Feedback: array('i', [0, 1, 1, 2, 3])
[INFO] [1733669977.386385414] [fibonacci_action_server]: Feedback: array('i', [0, 1, 1, 2, 3, 5])
[INFO] [1733669977.637405883] [fibonacci_action_server]: Feedback: array('i', [0, 1, 1, 2, 3, 5, 8])
[INFO] [1733669977.888241129] [fibonacci_action_server]: Feedback: array('i', [0, 1, 1, 2, 3, 5, 8, 13])
[INFO] [1733669978.139481098] [fibonacci_action_server]: Feedback: array('i', [0, 1, 1, 2, 3, 5, 8, 13, 21])
[INFO] [1733669978.390664810] [fibonacci_action_server]: Feedback: array('i', [0, 1, 1, 2, 3, 5, 8, 13, 21, 34])
[INFO] [1733669978.641870121] [fibonacci_action_server]: Feedback: array('i', [0, 1, 1, 2, 3, 5, 8, 13, 21, 34, 55])
[INFO] [1733669979.147471629] [fibonacci_action_server]: Executing goal...
[INFO] [1733669979.147899284] [fibonacci_action_server]: Feedback: array('i', [0, 1, 1])
[INFO] [1733669979.398976872] [fibonacci_action_server]: Feedback: array('i', [0, 1, 1, 2])
[INFO] [1733669979.650014118] [fibonacci_action_server]: Feedback: array('i', [0, 1, 1, 2, 3])
[INFO] [1733669979.901095017] [fibonacci_action_server]: Feedback: array('i', [0, 1, 1, 2, 3, 5])
[INFO] [1733669980.152423379] [fibonacci_action_server]: Feedback: array('i', [0, 1, 1, 2, 3, 5, 8])
[INFO] [1733669980.403712101] [fibonacci_action_server]: Feedback: array('i', [0, 1, 1, 2, 3, 5, 8, 13])
[INFO] [1733669980.654937809] [fibonacci_action_server]: Feedback: array('i', [0, 1, 1, 2, 3, 5, 8, 13, 21])
[INFO] [1733669980.905965307] [fibonacci_action_server]: Feedback: array('i', [0, 1, 1, 2, 3, 5, 8, 13, 21, 34])
[INFO] [1733669981.156864129] [fibonacci_action_server]: Feedback: array('i', [0, 1, 1, 2, 3, 5, 8, 13, 21, 34, 55])
[INFO] [1733669981.661950953] [fibonacci_action_server]: Executing goal...
[INFO] [1733669981.662376112] [fibonacci_action_server]: Feedback: array('i', [0, 1, 1])
[INFO] [1733669981.913544838] [fibonacci_action_server]: Feedback: array('i', [0, 1, 1, 2])
[INFO] [1733669982.164186667] [fibonacci_action_server]: Feedback: array('i', [0, 1, 1, 2, 3])
[INFO] [1733669982.415213350] [fibonacci_action_server]: Feedback: array('i', [0, 1, 1, 2, 3, 5])
[INFO] [1733669982.666367059] [fibonacci_action_server]: Feedback: array('i', [0, 1, 1, 2, 3, 5, 8])
[INFO] [1733669982.917552192] [fibonacci_action_server]: Feedback: array('i', [0, 1, 1, 2, 3, 5, 8, 13])
[INFO] [1733669983.168929083] [fibonacci_action_server]: Feedback: array('i', [0, 1, 1, 2, 3, 5, 8, 13, 21])
[INFO] [1733669983.420403216] [fibonacci_action_server]: Feedback: array('i', [0, 1, 1, 2, 3, 5, 8, 13, 21, 34])
[INFO] [1733669983.671641898] [fibonacci_action_server]: Feedback: array('i', [0, 1, 1, 2, 3, 5, 8, 13, 21, 34, 55])
[INFO] [1733669984.178317290] [fibonacci_action_server]: Executing goal...
[INFO] [1733669984.178944944] [fibonacci_action_server]: Feedback: array('i', [0, 1, 1])
[INFO] [1733669984.430075901] [fibonacci_action_server]: Feedback: array('i', [0, 1, 1, 2])
[INFO] [1733669984.681128167] [fibonacci_action_server]: Feedback: array('i', [0, 1, 1, 2, 3])
[INFO] [1733669984.932402757] [fibonacci_action_server]: Feedback: array('i', [0, 1, 1, 2, 3, 5])
[INFO] [1733669985.183458579] [fibonacci_action_server]: Feedback: array('i', [0, 1, 1, 2, 3, 5, 8])
[INFO] [1733669985.434705254] [fibonacci_action_server]: Feedback: array('i', [0, 1, 1, 2, 3, 5, 8, 13])
[INFO] [1733669985.685871494] [fibonacci_action_server]: Feedback: array('i', [0, 1, 1, 2, 3, 5, 8, 13, 21])
[INFO] [1733669985.936869420] [fibonacci_action_server]: Feedback: array('i', [0, 1, 1, 2, 3, 5, 8, 13, 21, 34])
[INFO] [1733669986.188252503] [fibonacci_action_server]: Feedback: array('i', [0, 1, 1, 2, 3, 5, 8, 13, 21, 34, 55])
[INFO] [1733669986.693802251] [fibonacci_action_server]: Executing goal...
[INFO] [1733669986.694163699] [fibonacci_action_server]: Feedback: array('i', [0, 1, 1])
[INFO] [1733669986.944952536] [fibonacci_action_server]: Feedback: array('i', [0, 1, 1, 2])
[INFO] [1733669987.196239395] [fibonacci_action_server]: Feedback: array('i', [0, 1, 1, 2, 3])
[INFO] [1733669987.447745823] [fibonacci_action_server]: Feedback: array('i', [0, 1, 1, 2, 3, 5])
[INFO] [1733669987.698702973] [fibonacci_action_server]: Feedback: array('i', [0, 1, 1, 2, 3, 5, 8])
[INFO] [1733669987.949888492] [fibonacci_action_server]: Feedback: array('i', [0, 1, 1, 2, 3, 5, 8, 13])
[INFO] [1733669988.200869685] [fibonacci_action_server]: Feedback: array('i', [0, 1, 1, 2, 3, 5, 8, 13, 21])
[INFO] [1733669988.452130544] [fibonacci_action_server]: Feedback: array('i', [0, 1, 1, 2, 3, 5, 8, 13, 21, 34])
[INFO] [1733669988.703359833] [fibonacci_action_server]: Feedback: array('i', [0, 1, 1, 2, 3, 5, 8, 13, 21, 34, 55])
[INFO] [1733669989.209254509] [fibonacci_action_server]: Executing goal...
[INFO] [1733669989.209663028] [fibonacci_action_server]: Feedback: array('i', [0, 1, 1])
[INFO] [1733669989.460624904] [fibonacci_action_server]: Feedback: array('i', [0, 1, 1, 2])
[INFO] [1733669989.711553505] [fibonacci_action_server]: Feedback: array('i', [0, 1, 1, 2, 3])
[INFO] [1733669989.962472672] [fibonacci_action_server]: Feedback: array('i', [0, 1, 1, 2, 3, 5])
[INFO] [1733669990.213465824] [fibonacci_action_server]: Feedback: array('i', [0, 1, 1, 2, 3, 5, 8])
[INFO] [1733669990.464889000] [fibonacci_action_server]: Feedback: array('i', [0, 1, 1, 2, 3, 5, 8, 13])
[INFO] [1733669990.715820929] [fibonacci_action_server]: Feedback: array('i', [0, 1, 1, 2, 3, 5, 8, 13, 21])
[INFO] [1733669990.967008008] [fibonacci_action_server]: Feedback: array('i', [0, 1, 1, 2, 3, 5, 8, 13, 21, 34])
[INFO] [1733669991.217880614] [fibonacci_action_server]: Feedback: array('i', [0, 1, 1, 2, 3, 5, 8, 13, 21, 34, 55])
[INFO] [1733669991.724761133] [fibonacci_action_server]: Executing goal...
[INFO] [1733669991.725397732] [fibonacci_action_server]: Feedback: array('i', [0, 1, 1])
[INFO] [1733669991.976539473] [fibonacci_action_server]: Feedback: array('i', [0, 1, 1, 2])
[INFO] [1733669992.227754876] [fibonacci_action_server]: Feedback: array('i', [0, 1, 1, 2, 3])
[INFO] [1733669992.479006114] [fibonacci_action_server]: Feedback: array('i', [0, 1, 1, 2, 3, 5])
[INFO] [1733669992.730120418] [fibonacci_action_server]: Feedback: array('i', [0, 1, 1, 2, 3, 5, 8])
[INFO] [1733669992.981143202] [fibonacci_action_server]: Feedback: array('i', [0, 1, 1, 2, 3, 5, 8, 13])
[INFO] [1733669993.232376024] [fibonacci_action_server]: Feedback: array('i', [0, 1, 1, 2, 3, 5, 8, 13, 21])
[INFO] [1733669993.483530117] [fibonacci_action_server]: Feedback: array('i', [0, 1, 1, 2, 3, 5, 8, 13, 21, 34])
[INFO] [1733669993.734740131] [fibonacci_action_server]: Feedback: array('i', [0, 1, 1, 2, 3, 5, 8, 13, 21, 34, 55])
[INFO] [1733669994.240658656] [fibonacci_action_server]: Executing goal...
[INFO] [1733669994.241306851] [fibonacci_action_server]: Feedback: array('i', [0, 1, 1])
[INFO] [1733669994.492490071] [fibonacci_action_server]: Feedback: array('i', [0, 1, 1, 2])
[INFO] [1733669994.743427463] [fibonacci_action_server]: Feedback: array('i', [0, 1, 1, 2, 3])
[INFO] [1733669994.994316703] [fibonacci_action_server]: Feedback: array('i', [0, 1, 1, 2, 3, 5])
[INFO] [1733669995.245237439] [fibonacci_action_server]: Feedback: array('i', [0, 1, 1, 2, 3, 5, 8])
[INFO] [1733669995.496350489] [fibonacci_action_server]: Feedback: array('i', [0, 1, 1, 2, 3, 5, 8, 13])
[INFO] [1733669995.747323280] [fibonacci_action_server]: Feedback: array('i', [0, 1, 1, 2, 3, 5, 8, 13, 21])
[INFO] [1733669995.998486575] [fibonacci_action_server]: Feedback: array('i', [0, 1, 1, 2, 3, 5, 8, 13, 21, 34])
[INFO] [1733669996.249563216] [fibonacci_action_server]: Feedback: array('i', [0, 1, 1, 2, 3, 5, 8, 13, 21, 34, 55])
[INFO] [1733669996.754954245] [fibonacci_action_server]: Executing goal...
[INFO] [1733669996.755541562] [fibonacci_action_server]: Feedback: array('i', [0, 1, 1])
[INFO] [1733669997.006555622] [fibonacci_action_server]: Feedback: array('i', [0, 1, 1, 2])
[INFO] [1733669997.257600505] [fibonacci_action_server]: Feedback: array('i', [0, 1, 1, 2, 3])
[INFO] [1733669997.508655046] [fibonacci_action_server]: Feedback: array('i', [0, 1, 1, 2, 3, 5])
[INFO] [1733669997.759664597] [fibonacci_action_server]: Feedback: array('i', [0, 1, 1, 2, 3, 5, 8])
[INFO] [1733669998.010720059] [fibonacci_action_server]: Feedback: array('i', [0, 1, 1, 2, 3, 5, 8, 13])
[INFO] [1733669998.261935713] [fibonacci_action_server]: Feedback: array('i', [0, 1, 1, 2, 3, 5, 8, 13, 21])
[INFO] [1733669998.512889380] [fibonacci_action_server]: Feedback: array('i', [0, 1, 1, 2, 3, 5, 8, 13, 21, 34])
[INFO] [1733669998.763720771] [fibonacci_action_server]: Feedback: array('i', [0, 1, 1, 2, 3, 5, 8, 13, 21, 34, 55])
[INFO] [1733669999.270195897] [fibonacci_action_server]: Executing goal...
[INFO] [1733669999.270873454] [fibonacci_action_server]: Feedback: array('i', [0, 1, 1])
[INFO] [1733669999.521969985] [fibonacci_action_server]: Feedback: array('i', [0, 1, 1, 2])
[INFO] [1733669999.772887737] [fibonacci_action_server]: Feedback: array('i', [0, 1, 1, 2, 3])
[INFO] [1733670000.024200788] [fibonacci_action_server]: Feedback: array('i', [0, 1, 1, 2, 3, 5])
[INFO] [1733670000.275426260] [fibonacci_action_server]: Feedback: array('i', [0, 1, 1, 2, 3, 5, 8])
[INFO] [1733670000.526609283] [fibonacci_action_server]: Feedback: array('i', [0, 1, 1, 2, 3, 5, 8, 13])
[INFO] [1733670000.777723588] [fibonacci_action_server]: Feedback: array('i', [0, 1, 1, 2, 3, 5, 8, 13, 21])
[INFO] [1733670001.028748485] [fibonacci_action_server]: Feedback: array('i', [0, 1, 1, 2, 3, 5, 8, 13, 21, 34])
[INFO] [1733670001.279606962] [fibonacci_action_server]: Feedback: array('i', [0, 1, 1, 2, 3, 5, 8, 13, 21, 34, 55])
[INFO] [1733670001.785816173] [fibonacci_action_server]: Executing goal...
[INFO] [1733670001.786429412] [fibonacci_action_server]: Feedback: array('i', [0, 1, 1])
[INFO] [1733670002.037440832] [fibonacci_action_server]: Feedback: array('i', [0, 1, 1, 2])
[INFO] [1733670002.288721228] [fibonacci_action_server]: Feedback: array('i', [0, 1, 1, 2, 3])
[INFO] [1733670002.539873735] [fibonacci_action_server]: Feedback: array('i', [0, 1, 1, 2, 3, 5])
[INFO] [1733670002.791083893] [fibonacci_action_server]: Feedback: array('i', [0, 1, 1, 2, 3, 5, 8])
[INFO] [1733670003.041989561] [fibonacci_action_server]: Feedback: array('i', [0, 1, 1, 2, 3, 5, 8, 13])
[INFO] [1733670003.293012647] [fibonacci_action_server]: Feedback: array('i', [0, 1, 1, 2, 3, 5, 8, 13, 21])
[INFO] [1733670003.543987326] [fibonacci_action_server]: Feedback: array('i', [0, 1, 1, 2, 3, 5, 8, 13, 21, 34])
[INFO] [1733670003.795144584] [fibonacci_action_server]: Feedback: array('i', [0, 1, 1, 2, 3, 5, 8, 13, 21, 34, 55])
[INFO] [1733670004.301860293] [fibonacci_action_server]: Executing goal...
[INFO] [1733670004.302510330] [fibonacci_action_server]: Feedback: array('i', [0, 1, 1])
[INFO] [1733670004.553580723] [fibonacci_action_server]: Feedback: array('i', [0, 1, 1, 2])
[INFO] [1733670004.804340911] [fibonacci_action_server]: Feedback: array('i', [0, 1, 1, 2, 3])
[INFO] [1733670005.055566993] [fibonacci_action_server]: Feedback: array('i', [0, 1, 1, 2, 3, 5])
[INFO] [1733670005.306481770] [fibonacci_action_server]: Feedback: array('i', [0, 1, 1, 2, 3, 5, 8])
[INFO] [1733670005.557382417] [fibonacci_action_server]: Feedback: array('i', [0, 1, 1, 2, 3, 5, 8, 13])
[INFO] [1733670005.808603330] [fibonacci_action_server]: Feedback: array('i', [0, 1, 1, 2, 3, 5, 8, 13, 21])
[INFO] [1733670006.059910269] [fibonacci_action_server]: Feedback: array('i', [0, 1, 1, 2, 3, 5, 8, 13, 21, 34])
[INFO] [1733670006.311100644] [fibonacci_action_server]: Feedback: array('i', [0, 1, 1, 2, 3, 5, 8, 13, 21, 34, 55])
[INFO] [1733670006.817812654] [fibonacci_action_server]: Executing goal...
[INFO] [1733670006.818465417] [fibonacci_action_server]: Feedback: array('i', [0, 1, 1])
[INFO] [1733670007.069434369] [fibonacci_action_server]: Feedback: array('i', [0, 1, 1, 2])
[INFO] [1733670007.320461009] [fibonacci_action_server]: Feedback: array('i', [0, 1, 1, 2, 3])
[INFO] [1733670007.571874308] [fibonacci_action_server]: Feedback: array('i', [0, 1, 1, 2, 3, 5])
[INFO] [1733670007.822811058] [fibonacci_action_server]: Feedback: array('i', [0, 1, 1, 2, 3, 5, 8])
[INFO] [1733670008.074120270] [fibonacci_action_server]: Feedback: array('i', [0, 1, 1, 2, 3, 5, 8, 13])
[INFO] [1733670008.325099258] [fibonacci_action_server]: Feedback: array('i', [0, 1, 1, 2, 3, 5, 8, 13, 21])
[INFO] [1733670008.576386705] [fibonacci_action_server]: Feedback: array('i', [0, 1, 1, 2, 3, 5, 8, 13, 21, 34])
[INFO] [1733670008.827763113] [fibonacci_action_server]: Feedback: array('i', [0, 1, 1, 2, 3, 5, 8, 13, 21, 34, 55])
[INFO] [1733670009.333874940] [fibonacci_action_server]: Executing goal...
[INFO] [1733670009.334253175] [fibonacci_action_server]: Feedback: array('i', [0, 1, 1])
[INFO] [1733670009.585045968] [fibonacci_action_server]: Feedback: array('i', [0, 1, 1, 2])
[INFO] [1733670009.836228773] [fibonacci_action_server]: Feedback: array('i', [0, 1, 1, 2, 3])
[INFO] [1733670010.087415947] [fibonacci_action_server]: Feedback: array('i', [0, 1, 1, 2, 3, 5])
[INFO] [1733670010.338621705] [fibonacci_action_server]: Feedback: array('i', [0, 1, 1, 2, 3, 5, 8])
[INFO] [1733670010.589751546] [fibonacci_action_server]: Feedback: array('i', [0, 1, 1, 2, 3, 5, 8, 13])
[INFO] [1733670010.840449577] [fibonacci_action_server]: Feedback: array('i', [0, 1, 1, 2, 3, 5, 8, 13, 21])
[INFO] [1733670011.091669077] [fibonacci_action_server]: Feedback: array('i', [0, 1, 1, 2, 3, 5, 8, 13, 21, 34])
[INFO] [1733670011.342937542] [fibonacci_action_server]: Feedback: array('i', [0, 1, 1, 2, 3, 5, 8, 13, 21, 34, 55])
[INFO] [1733670011.848505222] [fibonacci_action_server]: Executing goal...
[INFO] [1733670011.848908487] [fibonacci_action_server]: Feedback: array('i', [0, 1, 1])
[INFO] [1733670012.099686181] [fibonacci_action_server]: Feedback: array('i', [0, 1, 1, 2])
[INFO] [1733670012.351001996] [fibonacci_action_server]: Feedback: array('i', [0, 1, 1, 2, 3])
[INFO] [1733670012.601959290] [fibonacci_action_server]: Feedback: array('i', [0, 1, 1, 2, 3, 5])
[INFO] [1733670012.852971396] [fibonacci_action_server]: Feedback: array('i', [0, 1, 1, 2, 3, 5, 8])
[INFO] [1733670013.104249985] [fibonacci_action_server]: Feedback: array('i', [0, 1, 1, 2, 3, 5, 8, 13])
[INFO] [1733670013.355481751] [fibonacci_action_server]: Feedback: array('i', [0, 1, 1, 2, 3, 5, 8, 13, 21])
[INFO] [1733670013.606781760] [fibonacci_action_server]: Feedback: array('i', [0, 1, 1, 2, 3, 5, 8, 13, 21, 34])
[INFO] [1733670013.857810323] [fibonacci_action_server]: Feedback: array('i', [0, 1, 1, 2, 3, 5, 8, 13, 21, 34, 55])
[INFO] [1733670014.363344156] [fibonacci_action_server]: Executing goal...
[INFO] [1733670014.363744885] [fibonacci_action_server]: Feedback: array('i', [0, 1, 1])
[INFO] [1733670014.614697899] [fibonacci_action_server]: Feedback: array('i', [0, 1, 1, 2])
[INFO] [1733670014.865799505] [fibonacci_action_server]: Feedback: array('i', [0, 1, 1, 2, 3])
[INFO] [1733670015.116592827] [fibonacci_action_server]: Feedback: array('i', [0, 1, 1, 2, 3, 5])
[INFO] [1733670015.367883576] [fibonacci_action_server]: Feedback: array('i', [0, 1, 1, 2, 3, 5, 8])
[INFO] [1733670015.618849080] [fibonacci_action_server]: Feedback: array('i', [0, 1, 1, 2, 3, 5, 8, 13])
[INFO] [1733670015.869987147] [fibonacci_action_server]: Feedback: array('i', [0, 1, 1, 2, 3, 5, 8, 13, 21])
[INFO] [1733670016.121289370] [fibonacci_action_server]: Feedback: array('i', [0, 1, 1, 2, 3, 5, 8, 13, 21, 34])
[INFO] [1733670016.372235296] [fibonacci_action_server]: Feedback: array('i', [0, 1, 1, 2, 3, 5, 8, 13, 21, 34, 55])
[INFO] [1733670016.877796106] [fibonacci_action_server]: Executing goal...
[INFO] [1733670016.878267366] [fibonacci_action_server]: Feedback: array('i', [0, 1, 1])
[INFO] [1733670017.129293730] [fibonacci_action_server]: Feedback: array('i', [0, 1, 1, 2])
[INFO] [1733670017.380391488] [fibonacci_action_server]: Feedback: array('i', [0, 1, 1, 2, 3])
[INFO] [1733670017.631550735] [fibonacci_action_server]: Feedback: array('i', [0, 1, 1, 2, 3, 5])
[INFO] [1733670017.882781844] [fibonacci_action_server]: Feedback: array('i', [0, 1, 1, 2, 3, 5, 8])
[INFO] [1733670018.133959870] [fibonacci_action_server]: Feedback: array('i', [0, 1, 1, 2, 3, 5, 8, 13])
[INFO] [1733670018.385094303] [fibonacci_action_server]: Feedback: array('i', [0, 1, 1, 2, 3, 5, 8, 13, 21])
[INFO] [1733670018.636156494] [fibonacci_action_server]: Feedback: array('i', [0, 1, 1, 2, 3, 5, 8, 13, 21, 34])
[INFO] [1733670018.887332503] [fibonacci_action_server]: Feedback: array('i', [0, 1, 1, 2, 3, 5, 8, 13, 21, 34, 55])
[INFO] [1733670019.393587814] [fibonacci_action_server]: Executing goal...
[INFO] [1733670019.393968017] [fibonacci_action_server]: Feedback: array('i', [0, 1, 1])
[INFO] [1733670019.644888674] [fibonacci_action_server]: Feedback: array('i', [0, 1, 1, 2])
[INFO] [1733670019.896209413] [fibonacci_action_server]: Feedback: array('i', [0, 1, 1, 2, 3])
[INFO] [1733670020.147366972] [fibonacci_action_server]: Feedback: array('i', [0, 1, 1, 2, 3, 5])
[INFO] [1733670020.398337079] [fibonacci_action_server]: Feedback: array('i', [0, 1, 1, 2, 3, 5, 8])
[INFO] [1733670020.649402793] [fibonacci_action_server]: Feedback: array('i', [0, 1, 1, 2, 3, 5, 8, 13])
[INFO] [1733670020.900770085] [fibonacci_action_server]: Feedback: array('i', [0, 1, 1, 2, 3, 5, 8, 13, 21])
[INFO] [1733670021.151717221] [fibonacci_action_server]: Feedback: array('i', [0, 1, 1, 2, 3, 5, 8, 13, 21, 34])
[INFO] [1733670021.403025476] [fibonacci_action_server]: Feedback: array('i', [0, 1, 1, 2, 3, 5, 8, 13, 21, 34, 55])
[INFO] [1733670021.909125784] [fibonacci_action_server]: Executing goal...
[INFO] [1733670021.909499942] [fibonacci_action_server]: Feedback: array('i', [0, 1, 1])
[INFO] [1733670022.160538735] [fibonacci_action_server]: Feedback: array('i', [0, 1, 1, 2])
[INFO] [1733670022.411650753] [fibonacci_action_server]: Feedback: array('i', [0, 1, 1, 2, 3])
[INFO] [1733670022.662888611] [fibonacci_action_server]: Feedback: array('i', [0, 1, 1, 2, 3, 5])
[INFO] [1733670022.913940262] [fibonacci_action_server]: Feedback: array('i', [0, 1, 1, 2, 3, 5, 8])
[INFO] [1733670023.165200300] [fibonacci_action_server]: Feedback: array('i', [0, 1, 1, 2, 3, 5, 8, 13])
[INFO] [1733670023.416977370] [fibonacci_action_server]: Feedback: array('i', [0, 1, 1, 2, 3, 5, 8, 13, 21])
[INFO] [1733670023.668317717] [fibonacci_action_server]: Feedback: array('i', [0, 1, 1, 2, 3, 5, 8, 13, 21, 34])
[INFO] [1733670023.919518499] [fibonacci_action_server]: Feedback: array('i', [0, 1, 1, 2, 3, 5, 8, 13, 21, 34, 55])
[INFO] [1733670024.425928319] [fibonacci_action_server]: Executing goal...
[INFO] [1733670024.426330992] [fibonacci_action_server]: Feedback: array('i', [0, 1, 1])
[INFO] [1733670024.677198355] [fibonacci_action_server]: Feedback: array('i', [0, 1, 1, 2])
[INFO] [1733670024.928484746] [fibonacci_action_server]: Feedback: array('i', [0, 1, 1, 2, 3])
[INFO] [1733670025.179890327] [fibonacci_action_server]: Feedback: array('i', [0, 1, 1, 2, 3, 5])
[INFO] [1733670025.430701616] [fibonacci_action_server]: Feedback: array('i', [0, 1, 1, 2, 3, 5, 8])
[INFO] [1733670025.681740401] [fibonacci_action_server]: Feedback: array('i', [0, 1, 1, 2, 3, 5, 8, 13])
[INFO] [1733670025.932670981] [fibonacci_action_server]: Feedback: array('i', [0, 1, 1, 2, 3, 5, 8, 13, 21])
[INFO] [1733670026.183998456] [fibonacci_action_server]: Feedback: array('i', [0, 1, 1, 2, 3, 5, 8, 13, 21, 34])
[INFO] [1733670026.434995258] [fibonacci_action_server]: Feedback: array('i', [0, 1, 1, 2, 3, 5, 8, 13, 21, 34, 55])
[INFO] [1733670026.941240214] [fibonacci_action_server]: Executing goal...
[INFO] [1733670026.941641807] [fibonacci_action_server]: Feedback: array('i', [0, 1, 1])
[INFO] [1733670027.192619177] [fibonacci_action_server]: Feedback: array('i', [0, 1, 1, 2])
[INFO] [1733670027.443977470] [fibonacci_action_server]: Feedback: array('i', [0, 1, 1, 2, 3])
[INFO] [1733670027.695025623] [fibonacci_action_server]: Feedback: array('i', [0, 1, 1, 2, 3, 5])
[INFO] [1733670027.946171760] [fibonacci_action_server]: Feedback: array('i', [0, 1, 1, 2, 3, 5, 8])
[INFO] [1733670028.197358731] [fibonacci_action_server]: Feedback: array('i', [0, 1, 1, 2, 3, 5, 8, 13])
[INFO] [1733670028.448600361] [fibonacci_action_server]: Feedback: array('i', [0, 1, 1, 2, 3, 5, 8, 13, 21])
[INFO] [1733670028.700048805] [fibonacci_action_server]: Feedback: array('i', [0, 1, 1, 2, 3, 5, 8, 13, 21, 34])
[INFO] [1733670028.951244422] [fibonacci_action_server]: Feedback: array('i', [0, 1, 1, 2, 3, 5, 8, 13, 21, 34, 55])
[INFO] [1733670029.457585772] [fibonacci_action_server]: Executing goal...
[INFO] [1733670029.457985778] [fibonacci_action_server]: Feedback: array('i', [0, 1, 1])
[INFO] [1733670029.708747407] [fibonacci_action_server]: Feedback: array('i', [0, 1, 1, 2])
[INFO] [1733670029.959961174] [fibonacci_action_server]: Feedback: array('i', [0, 1, 1, 2, 3])
[INFO] [1733670030.210897193] [fibonacci_action_server]: Feedback: array('i', [0, 1, 1, 2, 3, 5])
[INFO] [1733670030.462047469] [fibonacci_action_server]: Feedback: array('i', [0, 1, 1, 2, 3, 5, 8])
[INFO] [1733670030.712962124] [fibonacci_action_server]: Feedback: array('i', [0, 1, 1, 2, 3, 5, 8, 13])
[INFO] [1733670030.964257899] [fibonacci_action_server]: Feedback: array('i', [0, 1, 1, 2, 3, 5, 8, 13, 21])
[INFO] [1733670031.215731293] [fibonacci_action_server]: Feedback: array('i', [0, 1, 1, 2, 3, 5, 8, 13, 21, 34])
[INFO] [1733670031.467001123] [fibonacci_action_server]: Feedback: array('i', [0, 1, 1, 2, 3, 5, 8, 13, 21, 34, 55])
[INFO] [1733670031.972745798] [fibonacci_action_server]: Executing goal...
[INFO] [1733670031.973131404] [fibonacci_action_server]: Feedback: array('i', [0, 1, 1])
[INFO] [1733670032.224227855] [fibonacci_action_server]: Feedback: array('i', [0, 1, 1, 2])
[INFO] [1733670032.475456251] [fibonacci_action_server]: Feedback: array('i', [0, 1, 1, 2, 3])
[INFO] [1733670032.726505661] [fibonacci_action_server]: Feedback: array('i', [0, 1, 1, 2, 3, 5])
[INFO] [1733670032.977646484] [fibonacci_action_server]: Feedback: array('i', [0, 1, 1, 2, 3, 5, 8])
[INFO] [1733670033.228522092] [fibonacci_action_server]: Feedback: array('i', [0, 1, 1, 2, 3, 5, 8, 13])
[INFO] [1733670033.479808301] [fibonacci_action_server]: Feedback: array('i', [0, 1, 1, 2, 3, 5, 8, 13, 21])
[INFO] [1733670033.730839727] [fibonacci_action_server]: Feedback: array('i', [0, 1, 1, 2, 3, 5, 8, 13, 21, 34])
[INFO] [1733670033.982178940] [fibonacci_action_server]: Feedback: array('i', [0, 1, 1, 2, 3, 5, 8, 13, 21, 34, 55])
[INFO] [1733670034.487946001] [fibonacci_action_server]: Executing goal...
[INFO] [1733670034.488398933] [fibonacci_action_server]: Feedback: array('i', [0, 1, 1])
[INFO] [1733670034.739489292] [fibonacci_action_server]: Feedback: array('i', [0, 1, 1, 2])
[INFO] [1733670034.990553296] [fibonacci_action_server]: Feedback: array('i', [0, 1, 1, 2, 3])
[INFO] [1733670035.241728134] [fibonacci_action_server]: Feedback: array('i', [0, 1, 1, 2, 3, 5])
[INFO] [1733670035.492726534] [fibonacci_action_server]: Feedback: array('i', [0, 1, 1, 2, 3, 5, 8])
[INFO] [1733670035.743685432] [fibonacci_action_server]: Feedback: array('i', [0, 1, 1, 2, 3, 5, 8, 13])
[INFO] [1733670035.995097526] [fibonacci_action_server]: Feedback: array('i', [0, 1, 1, 2, 3, 5, 8, 13, 21])
[INFO] [1733670036.246305781] [fibonacci_action_server]: Feedback: array('i', [0, 1, 1, 2, 3, 5, 8, 13, 21, 34])
[INFO] [1733670036.497632878] [fibonacci_action_server]: Feedback: array('i', [0, 1, 1, 2, 3, 5, 8, 13, 21, 34, 55])
[INFO] [1733670037.004277865] [fibonacci_action_server]: Executing goal...
[INFO] [1733670037.004676314] [fibonacci_action_server]: Feedback: array('i', [0, 1, 1])
[INFO] [1733670037.255717454] [fibonacci_action_server]: Feedback: array('i', [0, 1, 1, 2])
[INFO] [1733670037.507000047] [fibonacci_action_server]: Feedback: array('i', [0, 1, 1, 2, 3])
[INFO] [1733670037.758166766] [fibonacci_action_server]: Feedback: array('i', [0, 1, 1, 2, 3, 5])
[INFO] [1733670038.009220727] [fibonacci_action_server]: Feedback: array('i', [0, 1, 1, 2, 3, 5, 8])
[INFO] [1733670038.260538374] [fibonacci_action_server]: Feedback: array('i', [0, 1, 1, 2, 3, 5, 8, 13])
[INFO] [1733670038.511545726] [fibonacci_action_server]: Feedback: array('i', [0, 1, 1, 2, 3, 5, 8, 13, 21])
[INFO] [1733670038.762474609] [fibonacci_action_server]: Feedback: array('i', [0, 1, 1, 2, 3, 5, 8, 13, 21, 34])
[INFO] [1733670039.013689882] [fibonacci_action_server]: Feedback: array('i', [0, 1, 1, 2, 3, 5, 8, 13, 21, 34, 55])
[INFO] [1733670039.519888405] [fibonacci_action_server]: Executing goal...
[INFO] [1733670039.520337421] [fibonacci_action_server]: Feedback: array('i', [0, 1, 1])
[INFO] [1733670039.771093341] [fibonacci_action_server]: Feedback: array('i', [0, 1, 1, 2])
[INFO] [1733670040.022207180] [fibonacci_action_server]: Feedback: array('i', [0, 1, 1, 2, 3])
[INFO] [1733670040.273523762] [fibonacci_action_server]: Feedback: array('i', [0, 1, 1, 2, 3, 5])
[INFO] [1733670040.524560310] [fibonacci_action_server]: Feedback: array('i', [0, 1, 1, 2, 3, 5, 8])
[INFO] [1733670040.775940247] [fibonacci_action_server]: Feedback: array('i', [0, 1, 1, 2, 3, 5, 8, 13])
[INFO] [1733670041.027109822] [fibonacci_action_server]: Feedback: array('i', [0, 1, 1, 2, 3, 5, 8, 13, 21])
[INFO] [1733670041.278282539] [fibonacci_action_server]: Feedback: array('i', [0, 1, 1, 2, 3, 5, 8, 13, 21, 34])
[INFO] [1733670041.529338889] [fibonacci_action_server]: Feedback: array('i', [0, 1, 1, 2, 3, 5, 8, 13, 21, 34, 55])
[INFO] [1733670042.035676730] [fibonacci_action_server]: Executing goal...
[INFO] [1733670042.036135232] [fibonacci_action_server]: Feedback: array('i', [0, 1, 1])
[INFO] [1733670042.287134194] [fibonacci_action_server]: Feedback: array('i', [0, 1, 1, 2])
[INFO] [1733670042.538363610] [fibonacci_action_server]: Feedback: array('i', [0, 1, 1, 2, 3])
[INFO] [1733670042.789305611] [fibonacci_action_server]: Feedback: array('i', [0, 1, 1, 2, 3, 5])
[INFO] [1733670043.040450980] [fibonacci_action_server]: Feedback: array('i', [0, 1, 1, 2, 3, 5, 8])
[INFO] [1733670043.291678813] [fibonacci_action_server]: Feedback: array('i', [0, 1, 1, 2, 3, 5, 8, 13])
[INFO] [1733670043.542674406] [fibonacci_action_server]: Feedback: array('i', [0, 1, 1, 2, 3, 5, 8, 13, 21])
[INFO] [1733670043.793933658] [fibonacci_action_server]: Feedback: array('i', [0, 1, 1, 2, 3, 5, 8, 13, 21, 34])
[INFO] [1733670044.044815654] [fibonacci_action_server]: Feedback: array('i', [0, 1, 1, 2, 3, 5, 8, 13, 21, 34, 55])
[INFO] [1733670044.551842381] [fibonacci_action_server]: Executing goal...
[INFO] [1733670044.552254816] [fibonacci_action_server]: Feedback: array('i', [0, 1, 1])
[INFO] [1733670044.803351776] [fibonacci_action_server]: Feedback: array('i', [0, 1, 1, 2])
[INFO] [1733670045.054612582] [fibonacci_action_server]: Feedback: array('i', [0, 1, 1, 2, 3])
[INFO] [1733670045.305525542] [fibonacci_action_server]: Feedback: array('i', [0, 1, 1, 2, 3, 5])
[INFO] [1733670045.556941062] [fibonacci_action_server]: Feedback: array('i', [0, 1, 1, 2, 3, 5, 8])
[INFO] [1733670045.808078486] [fibonacci_action_server]: Feedback: array('i', [0, 1, 1, 2, 3, 5, 8, 13])
[INFO] [1733670046.059248308] [fibonacci_action_server]: Feedback: array('i', [0, 1, 1, 2, 3, 5, 8, 13, 21])
[INFO] [1733670046.310491489] [fibonacci_action_server]: Feedback: array('i', [0, 1, 1, 2, 3, 5, 8, 13, 21, 34])
[INFO] [1733670046.561539293] [fibonacci_action_server]: Feedback: array('i', [0, 1, 1, 2, 3, 5, 8, 13, 21, 34, 55])
[INFO] [1733670047.067404798] [fibonacci_action_server]: Executing goal...
[INFO] [1733670047.067801669] [fibonacci_action_server]: Feedback: array('i', [0, 1, 1])
[INFO] [1733670047.318879081] [fibonacci_action_server]: Feedback: array('i', [0, 1, 1, 2])
[INFO] [1733670047.569798272] [fibonacci_action_server]: Feedback: array('i', [0, 1, 1, 2, 3])
[INFO] [1733670047.820616345] [fibonacci_action_server]: Feedback: array('i', [0, 1, 1, 2, 3, 5])
[INFO] [1733670048.072014117] [fibonacci_action_server]: Feedback: array('i', [0, 1, 1, 2, 3, 5, 8])
[INFO] [1733670048.322897329] [fibonacci_action_server]: Feedback: array('i', [0, 1, 1, 2, 3, 5, 8, 13])
[INFO] [1733670048.574137730] [fibonacci_action_server]: Feedback: array('i', [0, 1, 1, 2, 3, 5, 8, 13, 21])
[INFO] [1733670048.825073576] [fibonacci_action_server]: Feedback: array('i', [0, 1, 1, 2, 3, 5, 8, 13, 21, 34])
[INFO] [1733670049.076367110] [fibonacci_action_server]: Feedback: array('i', [0, 1, 1, 2, 3, 5, 8, 13, 21, 34, 55])
[INFO] [1733670049.582917924] [fibonacci_action_server]: Executing goal...
[INFO] [1733670049.583305742] [fibonacci_action_server]: Feedback: array('i', [0, 1, 1])
[INFO] [1733670049.834343285] [fibonacci_action_server]: Feedback: array('i', [0, 1, 1, 2])
[INFO] [1733670050.085389276] [fibonacci_action_server]: Feedback: array('i', [0, 1, 1, 2, 3])
[INFO] [1733670050.336233340] [fibonacci_action_server]: Feedback: array('i', [0, 1, 1, 2, 3, 5])
[INFO] [1733670050.587370874] [fibonacci_action_server]: Feedback: array('i', [0, 1, 1, 2, 3, 5, 8])
[INFO] [1733670050.838605418] [fibonacci_action_server]: Feedback: array('i', [0, 1, 1, 2, 3, 5, 8, 13])
[INFO] [1733670051.089641701] [fibonacci_action_server]: Feedback: array('i', [0, 1, 1, 2, 3, 5, 8, 13, 21])
[INFO] [1733670051.340583666] [fibonacci_action_server]: Feedback: array('i', [0, 1, 1, 2, 3, 5, 8, 13, 21, 34])
[INFO] [1733670051.591897355] [fibonacci_action_server]: Feedback: array('i', [0, 1, 1, 2, 3, 5, 8, 13, 21, 34, 55])
[INFO] [1733670052.098133135] [fibonacci_action_server]: Executing goal...
[INFO] [1733670052.098520591] [fibonacci_action_server]: Feedback: array('i', [0, 1, 1])
[INFO] [1733670052.349611231] [fibonacci_action_server]: Feedback: array('i', [0, 1, 1, 2])
[INFO] [1733670052.600559655] [fibonacci_action_server]: Feedback: array('i', [0, 1, 1, 2, 3])
[INFO] [1733670052.851838300] [fibonacci_action_server]: Feedback: array('i', [0, 1, 1, 2, 3, 5])
[INFO] [1733670053.102758936] [fibonacci_action_server]: Feedback: array('i', [0, 1, 1, 2, 3, 5, 8])
[INFO] [1733670053.353893748] [fibonacci_action_server]: Feedback: array('i', [0, 1, 1, 2, 3, 5, 8, 13])
[INFO] [1733670053.605247460] [fibonacci_action_server]: Feedback: array('i', [0, 1, 1, 2, 3, 5, 8, 13, 21])
[INFO] [1733670053.856405518] [fibonacci_action_server]: Feedback: array('i', [0, 1, 1, 2, 3, 5, 8, 13, 21, 34])
[INFO] [1733670054.107900158] [fibonacci_action_server]: Feedback: array('i', [0, 1, 1, 2, 3, 5, 8, 13, 21, 34, 55])
[INFO] [1733670054.614081376] [fibonacci_action_server]: Executing goal...
[INFO] [1733670054.614471546] [fibonacci_action_server]: Feedback: array('i', [0, 1, 1])
[INFO] [1733670054.865571600] [fibonacci_action_server]: Feedback: array('i', [0, 1, 1, 2])
[INFO] [1733670055.116374581] [fibonacci_action_server]: Feedback: array('i', [0, 1, 1, 2, 3])
[INFO] [1733670055.367537084] [fibonacci_action_server]: Feedback: array('i', [0, 1, 1, 2, 3, 5])
[INFO] [1733670055.618763734] [fibonacci_action_server]: Feedback: array('i', [0, 1, 1, 2, 3, 5, 8])
[INFO] [1733670055.869993286] [fibonacci_action_server]: Feedback: array('i', [0, 1, 1, 2, 3, 5, 8, 13])
[INFO] [1733670056.121030798] [fibonacci_action_server]: Feedback: array('i', [0, 1, 1, 2, 3, 5, 8, 13, 21])
[INFO] [1733670056.372160426] [fibonacci_action_server]: Feedback: array('i', [0, 1, 1, 2, 3, 5, 8, 13, 21, 34])
[INFO] [1733670056.623128554] [fibonacci_action_server]: Feedback: array('i', [0, 1, 1, 2, 3, 5, 8, 13, 21, 34, 55])
[INFO] [1733670057.129734233] [fibonacci_action_server]: Executing goal...
[INFO] [1733670057.130148537] [fibonacci_action_server]: Feedback: array('i', [0, 1, 1])
[INFO] [1733670057.380913757] [fibonacci_action_server]: Feedback: array('i', [0, 1, 1, 2])
[INFO] [1733670057.631898361] [fibonacci_action_server]: Feedback: array('i', [0, 1, 1, 2, 3])
[INFO] [1733670057.882966399] [fibonacci_action_server]: Feedback: array('i', [0, 1, 1, 2, 3, 5])
[INFO] [1733670058.134164560] [fibonacci_action_server]: Feedback: array('i', [0, 1, 1, 2, 3, 5, 8])
[INFO] [1733670058.385300885] [fibonacci_action_server]: Feedback: array('i', [0, 1, 1, 2, 3, 5, 8, 13])
[INFO] [1733670058.636388292] [fibonacci_action_server]: Feedback: array('i', [0, 1, 1, 2, 3, 5, 8, 13, 21])
[INFO] [1733670058.887637647] [fibonacci_action_server]: Feedback: array('i', [0, 1, 1, 2, 3, 5, 8, 13, 21, 34])
[INFO] [1733670059.138857033] [fibonacci_action_server]: Feedback: array('i', [0, 1, 1, 2, 3, 5, 8, 13, 21, 34, 55])
[INFO] [1733670059.645907039] [fibonacci_action_server]: Executing goal...
[INFO] [1733670059.646293387] [fibonacci_action_server]: Feedback: array('i', [0, 1, 1])
[INFO] [1733670059.897200638] [fibonacci_action_server]: Feedback: array('i', [0, 1, 1, 2])
[INFO] [1733670060.148468005] [fibonacci_action_server]: Feedback: array('i', [0, 1, 1, 2, 3])
[INFO] [1733670060.399646418] [fibonacci_action_server]: Feedback: array('i', [0, 1, 1, 2, 3, 5])
[INFO] [1733670060.650831982] [fibonacci_action_server]: Feedback: array('i', [0, 1, 1, 2, 3, 5, 8])
[INFO] [1733670060.901757588] [fibonacci_action_server]: Feedback: array('i', [0, 1, 1, 2, 3, 5, 8, 13])
[INFO] [1733670061.152688930] [fibonacci_action_server]: Feedback: array('i', [0, 1, 1, 2, 3, 5, 8, 13, 21])
[INFO] [1733670061.403950955] [fibonacci_action_server]: Feedback: array('i', [0, 1, 1, 2, 3, 5, 8, 13, 21, 34])
[INFO] [1733670061.654859880] [fibonacci_action_server]: Feedback: array('i', [0, 1, 1, 2, 3, 5, 8, 13, 21, 34, 55])
[INFO] [1733670062.160743996] [fibonacci_action_server]: Executing goal...
[INFO] [1733670062.161205875] [fibonacci_action_server]: Feedback: array('i', [0, 1, 1])
[INFO] [1733670062.412334889] [fibonacci_action_server]: Feedback: array('i', [0, 1, 1, 2])
[INFO] [1733670062.663628065] [fibonacci_action_server]: Feedback: array('i', [0, 1, 1, 2, 3])
[INFO] [1733670062.914872420] [fibonacci_action_server]: Feedback: array('i', [0, 1, 1, 2, 3, 5])
[INFO] [1733670063.165816286] [fibonacci_action_server]: Feedback: array('i', [0, 1, 1, 2, 3, 5, 8])
[INFO] [1733670063.416672893] [fibonacci_action_server]: Feedback: array('i', [0, 1, 1, 2, 3, 5, 8, 13])
[INFO] [1733670063.667543411] [fibonacci_action_server]: Feedback: array('i', [0, 1, 1, 2, 3, 5, 8, 13, 21])
[INFO] [1733670063.918737386] [fibonacci_action_server]: Feedback: array('i', [0, 1, 1, 2, 3, 5, 8, 13, 21, 34])
[INFO] [1733670064.169967863] [fibonacci_action_server]: Feedback: array('i', [0, 1, 1, 2, 3, 5, 8, 13, 21, 34, 55])
[INFO] [1733670064.676268547] [fibonacci_action_server]: Executing goal...
[INFO] [1733670064.676935257] [fibonacci_action_server]: Feedback: array('i', [0, 1, 1])
[INFO] [1733670064.927852217] [fibonacci_action_server]: Feedback: array('i', [0, 1, 1, 2])
[INFO] [1733670065.178675692] [fibonacci_action_server]: Feedback: array('i', [0, 1, 1, 2, 3])
[INFO] [1733670065.429549564] [fibonacci_action_server]: Feedback: array('i', [0, 1, 1, 2, 3, 5])
[INFO] [1733670065.680539969] [fibonacci_action_server]: Feedback: array('i', [0, 1, 1, 2, 3, 5, 8])
[INFO] [1733670065.931409251] [fibonacci_action_server]: Feedback: array('i', [0, 1, 1, 2, 3, 5, 8, 13])
[INFO] [1733670066.182608151] [fibonacci_action_server]: Feedback: array('i', [0, 1, 1, 2, 3, 5, 8, 13, 21])
[INFO] [1733670066.433806385] [fibonacci_action_server]: Feedback: array('i', [0, 1, 1, 2, 3, 5, 8, 13, 21, 34])
[INFO] [1733670066.684505224] [fibonacci_action_server]: Feedback: array('i', [0, 1, 1, 2, 3, 5, 8, 13, 21, 34, 55])
[INFO] [1733670066.936765761] [fibonacci_action_server]: Shutting down node...
RAPL is set
