[INFO] [1733671263.340836698] [fibonacci_action_client]: Sending goal with order 10
[INFO] [1733671267.837332285] [fibonacci_action_client]: Goal accepted, waiting for result.
[INFO] [1733671267.838444436] [fibonacci_action_client]: Received feedback: array('i', [0, 1, 1])
[INFO] [1733671268.340247092] [fibonacci_action_client]: Received feedback: array('i', [0, 1, 1, 2])
[INFO] [1733671268.841547887] [fibonacci_action_client]: Received feedback: array('i', [0, 1, 1, 2, 3])
[INFO] [1733671269.342970079] [fibonacci_action_client]: Received feedback: array('i', [0, 1, 1, 2, 3, 5])
[INFO] [1733671269.844069661] [fibonacci_action_client]: Received feedback: array('i', [0, 1, 1, 2, 3, 5, 8])
[INFO] [1733671270.345186278] [fibonacci_action_client]: Received feedback: array('i', [0, 1, 1, 2, 3, 5, 8, 13])
[INFO] [1733671270.847045262] [fibonacci_action_client]: Received feedback: array('i', [0, 1, 1, 2, 3, 5, 8, 13, 21])
[INFO] [1733671271.348488494] [fibonacci_action_client]: Received feedback: array('i', [0, 1, 1, 2, 3, 5, 8, 13, 21, 34])
[INFO] [1733671271.850034207] [fibonacci_action_client]: Received feedback: array('i', [0, 1, 1, 2, 3, 5, 8, 13, 21, 34, 55])
[INFO] [1733671272.352507411] [fibonacci_action_client]: Result: array('i', [0, 1, 1, 2, 3, 5, 8, 13, 21, 34, 55])
[INFO] [1733671272.853796146] [fibonacci_action_client]: Sending goal with order 10
[INFO] [1733671276.867172013] [fibonacci_action_client]: Goal accepted, waiting for result.
[INFO] [1733671276.868681775] [fibonacci_action_client]: Received feedback: array('i', [0, 1, 1])
[INFO] [1733671277.370071015] [fibonacci_action_client]: Received feedback: array('i', [0, 1, 1, 2])
[INFO] [1733671277.871727146] [fibonacci_action_client]: Received feedback: array('i', [0, 1, 1, 2, 3])
[INFO] [1733671278.372886406] [fibonacci_action_client]: Received feedback: array('i', [0, 1, 1, 2, 3, 5])
[INFO] [1733671278.874050078] [fibonacci_action_client]: Received feedback: array('i', [0, 1, 1, 2, 3, 5, 8])
[INFO] [1733671279.375210258] [fibonacci_action_client]: Received feedback: array('i', [0, 1, 1, 2, 3, 5, 8, 13])
[INFO] [1733671279.876884971] [fibonacci_action_client]: Received feedback: array('i', [0, 1, 1, 2, 3, 5, 8, 13, 21])
[INFO] [1733671280.378232621] [fibonacci_action_client]: Received feedback: array('i', [0, 1, 1, 2, 3, 5, 8, 13, 21, 34])
[INFO] [1733671280.879708322] [fibonacci_action_client]: Received feedback: array('i', [0, 1, 1, 2, 3, 5, 8, 13, 21, 34, 55])
[INFO] [1733671281.382326491] [fibonacci_action_client]: Result: array('i', [0, 1, 1, 2, 3, 5, 8, 13, 21, 34, 55])
[INFO] [1733671281.883301686] [fibonacci_action_client]: Sending goal with order 10
[INFO] [1733671285.895540624] [fibonacci_action_client]: Goal accepted, waiting for result.
[INFO] [1733671285.896771207] [fibonacci_action_client]: Received feedback: array('i', [0, 1, 1])
[INFO] [1733671286.398299356] [fibonacci_action_client]: Received feedback: array('i', [0, 1, 1, 2])
[INFO] [1733671286.899464810] [fibonacci_action_client]: Received feedback: array('i', [0, 1, 1, 2, 3])
[INFO] [1733671287.400681697] [fibonacci_action_client]: Received feedback: array('i', [0, 1, 1, 2, 3, 5])
[INFO] [1733671287.902276455] [fibonacci_action_client]: Received feedback: array('i', [0, 1, 1, 2, 3, 5, 8])
[INFO] [1733671288.404049147] [fibonacci_action_client]: Received feedback: array('i', [0, 1, 1, 2, 3, 5, 8, 13])
[INFO] [1733671288.905450597] [fibonacci_action_client]: Received feedback: array('i', [0, 1, 1, 2, 3, 5, 8, 13, 21])
[INFO] [1733671289.406756397] [fibonacci_action_client]: Received feedback: array('i', [0, 1, 1, 2, 3, 5, 8, 13, 21, 34])
[INFO] [1733671289.908319666] [fibonacci_action_client]: Received feedback: array('i', [0, 1, 1, 2, 3, 5, 8, 13, 21, 34, 55])
[INFO] [1733671290.411442009] [fibonacci_action_client]: Result: array('i', [0, 1, 1, 2, 3, 5, 8, 13, 21, 34, 55])
[INFO] [1733671290.912768459] [fibonacci_action_client]: Sending goal with order 10
[INFO] [1733671294.925511117] [fibonacci_action_client]: Goal accepted, waiting for result.
[INFO] [1733671294.926683053] [fibonacci_action_client]: Received feedback: array('i', [0, 1, 1])
[INFO] [1733671295.428256025] [fibonacci_action_client]: Received feedback: array('i', [0, 1, 1, 2])
[INFO] [1733671295.929281525] [fibonacci_action_client]: Received feedback: array('i', [0, 1, 1, 2, 3])
[INFO] [1733671296.430376787] [fibonacci_action_client]: Received feedback: array('i', [0, 1, 1, 2, 3, 5])
[INFO] [1733671296.932102760] [fibonacci_action_client]: Received feedback: array('i', [0, 1, 1, 2, 3, 5, 8])
[INFO] [1733671297.433407040] [fibonacci_action_client]: Received feedback: array('i', [0, 1, 1, 2, 3, 5, 8, 13])
[INFO] [1733671297.935020098] [fibonacci_action_client]: Received feedback: array('i', [0, 1, 1, 2, 3, 5, 8, 13, 21])
[INFO] [1733671298.436217253] [fibonacci_action_client]: Received feedback: array('i', [0, 1, 1, 2, 3, 5, 8, 13, 21, 34])
[INFO] [1733671298.937307011] [fibonacci_action_client]: Received feedback: array('i', [0, 1, 1, 2, 3, 5, 8, 13, 21, 34, 55])
[INFO] [1733671299.440143192] [fibonacci_action_client]: Result: array('i', [0, 1, 1, 2, 3, 5, 8, 13, 21, 34, 55])
[INFO] [1733671299.941211244] [fibonacci_action_client]: Sending goal with order 10
[INFO] [1733671303.953844780] [fibonacci_action_client]: Goal accepted, waiting for result.
[INFO] [1733671303.955203151] [fibonacci_action_client]: Received feedback: array('i', [0, 1, 1])
[INFO] [1733671304.456728061] [fibonacci_action_client]: Received feedback: array('i', [0, 1, 1, 2])
[INFO] [1733671304.957986430] [fibonacci_action_client]: Received feedback: array('i', [0, 1, 1, 2, 3])
[INFO] [1733671305.459467791] [fibonacci_action_client]: Received feedback: array('i', [0, 1, 1, 2, 3, 5])
[INFO] [1733671305.961234023] [fibonacci_action_client]: Received feedback: array('i', [0, 1, 1, 2, 3, 5, 8])
[INFO] [1733671306.462496312] [fibonacci_action_client]: Received feedback: array('i', [0, 1, 1, 2, 3, 5, 8, 13])
[INFO] [1733671306.964221496] [fibonacci_action_client]: Received feedback: array('i', [0, 1, 1, 2, 3, 5, 8, 13, 21])
[INFO] [1733671307.465936180] [fibonacci_action_client]: Received feedback: array('i', [0, 1, 1, 2, 3, 5, 8, 13, 21, 34])
[INFO] [1733671307.967164641] [fibonacci_action_client]: Received feedback: array('i', [0, 1, 1, 2, 3, 5, 8, 13, 21, 34, 55])
[INFO] [1733671308.470801873] [fibonacci_action_client]: Result: array('i', [0, 1, 1, 2, 3, 5, 8, 13, 21, 34, 55])
[INFO] [1733671308.972395341] [fibonacci_action_client]: Sending goal with order 10
[INFO] [1733671312.984344906] [fibonacci_action_client]: Goal accepted, waiting for result.
[INFO] [1733671312.985719104] [fibonacci_action_client]: Received feedback: array('i', [0, 1, 1])
[INFO] [1733671313.487327209] [fibonacci_action_client]: Received feedback: array('i', [0, 1, 1, 2])
[INFO] [1733671313.988860543] [fibonacci_action_client]: Received feedback: array('i', [0, 1, 1, 2, 3])
[INFO] [1733671314.490317543] [fibonacci_action_client]: Received feedback: array('i', [0, 1, 1, 2, 3, 5])
[INFO] [1733671314.991810014] [fibonacci_action_client]: Received feedback: array('i', [0, 1, 1, 2, 3, 5, 8])
[INFO] [1733671315.493377034] [fibonacci_action_client]: Received feedback: array('i', [0, 1, 1, 2, 3, 5, 8, 13])
[INFO] [1733671315.994066370] [fibonacci_action_client]: Received feedback: array('i', [0, 1, 1, 2, 3, 5, 8, 13, 21])
[INFO] [1733671316.495648891] [fibonacci_action_client]: Received feedback: array('i', [0, 1, 1, 2, 3, 5, 8, 13, 21, 34])
[INFO] [1733671316.997261031] [fibonacci_action_client]: Received feedback: array('i', [0, 1, 1, 2, 3, 5, 8, 13, 21, 34, 55])
[INFO] [1733671317.499748348] [fibonacci_action_client]: Result: array('i', [0, 1, 1, 2, 3, 5, 8, 13, 21, 34, 55])
[INFO] [1733671318.000833106] [fibonacci_action_client]: Sending goal with order 10
[INFO] [1733671322.012325813] [fibonacci_action_client]: Goal accepted, waiting for result.
[INFO] [1733671322.014121737] [fibonacci_action_client]: Received feedback: array('i', [0, 1, 1])
[INFO] [1733671322.515638531] [fibonacci_action_client]: Received feedback: array('i', [0, 1, 1, 2])
[INFO] [1733671323.017261306] [fibonacci_action_client]: Received feedback: array('i', [0, 1, 1, 2, 3])
[INFO] [1733671323.518644455] [fibonacci_action_client]: Received feedback: array('i', [0, 1, 1, 2, 3, 5])
[INFO] [1733671324.020121249] [fibonacci_action_client]: Received feedback: array('i', [0, 1, 1, 2, 3, 5, 8])
[INFO] [1733671324.521788810] [fibonacci_action_client]: Received feedback: array('i', [0, 1, 1, 2, 3, 5, 8, 13])
[INFO] [1733671325.022806577] [fibonacci_action_client]: Received feedback: array('i', [0, 1, 1, 2, 3, 5, 8, 13, 21])
[INFO] [1733671325.524333160] [fibonacci_action_client]: Received feedback: array('i', [0, 1, 1, 2, 3, 5, 8, 13, 21, 34])
[INFO] [1733671326.025669516] [fibonacci_action_client]: Received feedback: array('i', [0, 1, 1, 2, 3, 5, 8, 13, 21, 34, 55])
[INFO] [1733671326.529173821] [fibonacci_action_client]: Result: array('i', [0, 1, 1, 2, 3, 5, 8, 13, 21, 34, 55])
[INFO] [1733671327.030605584] [fibonacci_action_client]: Sending goal with order 10
[INFO] [1733671331.043288260] [fibonacci_action_client]: Goal accepted, waiting for result.
[INFO] [1733671331.045089262] [fibonacci_action_client]: Received feedback: array('i', [0, 1, 1])
[INFO] [1733671331.546183878] [fibonacci_action_client]: Received feedback: array('i', [0, 1, 1, 2])
[INFO] [1733671332.047841536] [fibonacci_action_client]: Received feedback: array('i', [0, 1, 1, 2, 3])
[INFO] [1733671332.549213623] [fibonacci_action_client]: Received feedback: array('i', [0, 1, 1, 2, 3, 5])
[INFO] [1733671333.051197344] [fibonacci_action_client]: Received feedback: array('i', [0, 1, 1, 2, 3, 5, 8])
[INFO] [1733671333.552509597] [fibonacci_action_client]: Received feedback: array('i', [0, 1, 1, 2, 3, 5, 8, 13])
[INFO] [1733671334.053855127] [fibonacci_action_client]: Received feedback: array('i', [0, 1, 1, 2, 3, 5, 8, 13, 21])
[INFO] [1733671334.555077998] [fibonacci_action_client]: Received feedback: array('i', [0, 1, 1, 2, 3, 5, 8, 13, 21, 34])
[INFO] [1733671335.056514550] [fibonacci_action_client]: Received feedback: array('i', [0, 1, 1, 2, 3, 5, 8, 13, 21, 34, 55])
[INFO] [1733671335.558920859] [fibonacci_action_client]: Result: array('i', [0, 1, 1, 2, 3, 5, 8, 13, 21, 34, 55])
[INFO] [1733671336.060363449] [fibonacci_action_client]: Sending goal with order 10
[INFO] [1733671340.074039482] [fibonacci_action_client]: Goal accepted, waiting for result.
[INFO] [1733671340.074717202] [fibonacci_action_client]: Received feedback: array('i', [0, 1, 1])
[INFO] [1733671340.576004612] [fibonacci_action_client]: Received feedback: array('i', [0, 1, 1, 2])
[INFO] [1733671341.077066049] [fibonacci_action_client]: Received feedback: array('i', [0, 1, 1, 2, 3])
[INFO] [1733671341.578689091] [fibonacci_action_client]: Received feedback: array('i', [0, 1, 1, 2, 3, 5])
[INFO] [1733671342.079713148] [fibonacci_action_client]: Received feedback: array('i', [0, 1, 1, 2, 3, 5, 8])
[INFO] [1733671342.581132634] [fibonacci_action_client]: Received feedback: array('i', [0, 1, 1, 2, 3, 5, 8, 13])
[INFO] [1733671343.082664231] [fibonacci_action_client]: Received feedback: array('i', [0, 1, 1, 2, 3, 5, 8, 13, 21])
[INFO] [1733671343.584002553] [fibonacci_action_client]: Received feedback: array('i', [0, 1, 1, 2, 3, 5, 8, 13, 21, 34])
[INFO] [1733671344.085308849] [fibonacci_action_client]: Received feedback: array('i', [0, 1, 1, 2, 3, 5, 8, 13, 21, 34, 55])
[INFO] [1733671344.588148393] [fibonacci_action_client]: Result: array('i', [0, 1, 1, 2, 3, 5, 8, 13, 21, 34, 55])
[INFO] [1733671345.089230910] [fibonacci_action_client]: Sending goal with order 10
[INFO] [1733671349.100909494] [fibonacci_action_client]: Goal accepted, waiting for result.
[INFO] [1733671349.102552592] [fibonacci_action_client]: Received feedback: array('i', [0, 1, 1])
[INFO] [1733671349.603705074] [fibonacci_action_client]: Received feedback: array('i', [0, 1, 1, 2])
[INFO] [1733671350.104777453] [fibonacci_action_client]: Received feedback: array('i', [0, 1, 1, 2, 3])
[INFO] [1733671350.606158741] [fibonacci_action_client]: Received feedback: array('i', [0, 1, 1, 2, 3, 5])
[INFO] [1733671351.107276546] [fibonacci_action_client]: Received feedback: array('i', [0, 1, 1, 2, 3, 5, 8])
[INFO] [1733671351.609001066] [fibonacci_action_client]: Received feedback: array('i', [0, 1, 1, 2, 3, 5, 8, 13])
[INFO] [1733671352.110151658] [fibonacci_action_client]: Received feedback: array('i', [0, 1, 1, 2, 3, 5, 8, 13, 21])
[INFO] [1733671352.611736724] [fibonacci_action_client]: Received feedback: array('i', [0, 1, 1, 2, 3, 5, 8, 13, 21, 34])
[INFO] [1733671353.113320786] [fibonacci_action_client]: Received feedback: array('i', [0, 1, 1, 2, 3, 5, 8, 13, 21, 34, 55])
[INFO] [1733671353.616127881] [fibonacci_action_client]: Result: array('i', [0, 1, 1, 2, 3, 5, 8, 13, 21, 34, 55])
[INFO] [1733671354.117093377] [fibonacci_action_client]: Sending goal with order 10
[INFO] [1733671358.129500425] [fibonacci_action_client]: Goal accepted, waiting for result.
[INFO] [1733671358.131107010] [fibonacci_action_client]: Received feedback: array('i', [0, 1, 1])
[INFO] [1733671358.632624832] [fibonacci_action_client]: Received feedback: array('i', [0, 1, 1, 2])
[INFO] [1733671359.133441521] [fibonacci_action_client]: Received feedback: array('i', [0, 1, 1, 2, 3])
[INFO] [1733671359.634738823] [fibonacci_action_client]: Received feedback: array('i', [0, 1, 1, 2, 3, 5])
[INFO] [1733671360.136298726] [fibonacci_action_client]: Received feedback: array('i', [0, 1, 1, 2, 3, 5, 8])
[INFO] [1733671360.636986661] [fibonacci_action_client]: Received feedback: array('i', [0, 1, 1, 2, 3, 5, 8, 13])
[INFO] [1733671361.138360839] [fibonacci_action_client]: Received feedback: array('i', [0, 1, 1, 2, 3, 5, 8, 13, 21])
[INFO] [1733671361.639829154] [fibonacci_action_client]: Received feedback: array('i', [0, 1, 1, 2, 3, 5, 8, 13, 21, 34])
[INFO] [1733671362.141371257] [fibonacci_action_client]: Received feedback: array('i', [0, 1, 1, 2, 3, 5, 8, 13, 21, 34, 55])
[INFO] [1733671362.644108657] [fibonacci_action_client]: Result: array('i', [0, 1, 1, 2, 3, 5, 8, 13, 21, 34, 55])
[INFO] [1733671363.145091190] [fibonacci_action_client]: Sending goal with order 10
[INFO] [1733671367.159059212] [fibonacci_action_client]: Goal accepted, waiting for result.
[INFO] [1733671367.159814675] [fibonacci_action_client]: Received feedback: array('i', [0, 1, 1])
[INFO] [1733671367.661319310] [fibonacci_action_client]: Received feedback: array('i', [0, 1, 1, 2])
[INFO] [1733671368.162679222] [fibonacci_action_client]: Received feedback: array('i', [0, 1, 1, 2, 3])
[INFO] [1733671368.664233262] [fibonacci_action_client]: Received feedback: array('i', [0, 1, 1, 2, 3, 5])
[INFO] [1733671369.165810487] [fibonacci_action_client]: Received feedback: array('i', [0, 1, 1, 2, 3, 5, 8])
[INFO] [1733671369.667268058] [fibonacci_action_client]: Received feedback: array('i', [0, 1, 1, 2, 3, 5, 8, 13])
[INFO] [1733671370.168608687] [fibonacci_action_client]: Received feedback: array('i', [0, 1, 1, 2, 3, 5, 8, 13, 21])
[INFO] [1733671370.669777795] [fibonacci_action_client]: Received feedback: array('i', [0, 1, 1, 2, 3, 5, 8, 13, 21, 34])
[INFO] [1733671371.171076148] [fibonacci_action_client]: Received feedback: array('i', [0, 1, 1, 2, 3, 5, 8, 13, 21, 34, 55])
[INFO] [1733671371.673533920] [fibonacci_action_client]: Result: array('i', [0, 1, 1, 2, 3, 5, 8, 13, 21, 34, 55])
[INFO] [1733671372.174633386] [fibonacci_action_client]: Sending goal with order 10
[INFO] [1733671376.186576349] [fibonacci_action_client]: Goal accepted, waiting for result.
[INFO] [1733671376.187373643] [fibonacci_action_client]: Received feedback: array('i', [0, 1, 1])
[INFO] [1733671376.688426982] [fibonacci_action_client]: Received feedback: array('i', [0, 1, 1, 2])
[INFO] [1733671377.189116626] [fibonacci_action_client]: Received feedback: array('i', [0, 1, 1, 2, 3])
[INFO] [1733671377.690496335] [fibonacci_action_client]: Received feedback: array('i', [0, 1, 1, 2, 3, 5])
[INFO] [1733671378.192038813] [fibonacci_action_client]: Received feedback: array('i', [0, 1, 1, 2, 3, 5, 8])
[INFO] [1733671378.693252018] [fibonacci_action_client]: Received feedback: array('i', [0, 1, 1, 2, 3, 5, 8, 13])
[INFO] [1733671379.194725071] [fibonacci_action_client]: Received feedback: array('i', [0, 1, 1, 2, 3, 5, 8, 13, 21])
[INFO] [1733671379.695581670] [fibonacci_action_client]: Received feedback: array('i', [0, 1, 1, 2, 3, 5, 8, 13, 21, 34])
[INFO] [1733671380.196798279] [fibonacci_action_client]: Received feedback: array('i', [0, 1, 1, 2, 3, 5, 8, 13, 21, 34, 55])
[INFO] [1733671380.699347140] [fibonacci_action_client]: Result: array('i', [0, 1, 1, 2, 3, 5, 8, 13, 21, 34, 55])
[INFO] [1733671381.200500962] [fibonacci_action_client]: Sending goal with order 10
[INFO] [1733671385.213835596] [fibonacci_action_client]: Goal accepted, waiting for result.
[INFO] [1733671385.214624323] [fibonacci_action_client]: Received feedback: array('i', [0, 1, 1])
[INFO] [1733671385.715821435] [fibonacci_action_client]: Received feedback: array('i', [0, 1, 1, 2])
[INFO] [1733671386.217134666] [fibonacci_action_client]: Received feedback: array('i', [0, 1, 1, 2, 3])
[INFO] [1733671386.718454843] [fibonacci_action_client]: Received feedback: array('i', [0, 1, 1, 2, 3, 5])
[INFO] [1733671387.220095491] [fibonacci_action_client]: Received feedback: array('i', [0, 1, 1, 2, 3, 5, 8])
[INFO] [1733671387.721085452] [fibonacci_action_client]: Received feedback: array('i', [0, 1, 1, 2, 3, 5, 8, 13])
[INFO] [1733671388.222695586] [fibonacci_action_client]: Received feedback: array('i', [0, 1, 1, 2, 3, 5, 8, 13, 21])
[INFO] [1733671388.723915880] [fibonacci_action_client]: Received feedback: array('i', [0, 1, 1, 2, 3, 5, 8, 13, 21, 34])
[INFO] [1733671389.225400230] [fibonacci_action_client]: Received feedback: array('i', [0, 1, 1, 2, 3, 5, 8, 13, 21, 34, 55])
[INFO] [1733671389.728600475] [fibonacci_action_client]: Result: array('i', [0, 1, 1, 2, 3, 5, 8, 13, 21, 34, 55])
[INFO] [1733671390.229727320] [fibonacci_action_client]: Sending goal with order 10
[INFO] [1733671394.242818495] [fibonacci_action_client]: Goal accepted, waiting for result.
[INFO] [1733671394.243763088] [fibonacci_action_client]: Received feedback: array('i', [0, 1, 1])
[INFO] [1733671394.745123604] [fibonacci_action_client]: Received feedback: array('i', [0, 1, 1, 2])
[INFO] [1733671395.246469020] [fibonacci_action_client]: Received feedback: array('i', [0, 1, 1, 2, 3])
[INFO] [1733671395.747990914] [fibonacci_action_client]: Received feedback: array('i', [0, 1, 1, 2, 3, 5])
[INFO] [1733671396.249197719] [fibonacci_action_client]: Received feedback: array('i', [0, 1, 1, 2, 3, 5, 8])
[INFO] [1733671396.750549351] [fibonacci_action_client]: Received feedback: array('i', [0, 1, 1, 2, 3, 5, 8, 13])
[INFO] [1733671397.251759817] [fibonacci_action_client]: Received feedback: array('i', [0, 1, 1, 2, 3, 5, 8, 13, 21])
[INFO] [1733671397.752858359] [fibonacci_action_client]: Received feedback: array('i', [0, 1, 1, 2, 3, 5, 8, 13, 21, 34])
[INFO] [1733671398.254242136] [fibonacci_action_client]: Received feedback: array('i', [0, 1, 1, 2, 3, 5, 8, 13, 21, 34, 55])
[INFO] [1733671398.757166015] [fibonacci_action_client]: Result: array('i', [0, 1, 1, 2, 3, 5, 8, 13, 21, 34, 55])
[INFO] [1733671399.258489035] [fibonacci_action_client]: Sending goal with order 10
[INFO] [1733671403.272201831] [fibonacci_action_client]: Goal accepted, waiting for result.
[INFO] [1733671403.272918276] [fibonacci_action_client]: Received feedback: array('i', [0, 1, 1])
[INFO] [1733671403.773589118] [fibonacci_action_client]: Received feedback: array('i', [0, 1, 1, 2])
[INFO] [1733671404.275133101] [fibonacci_action_client]: Received feedback: array('i', [0, 1, 1, 2, 3])
[INFO] [1733671404.776283451] [fibonacci_action_client]: Received feedback: array('i', [0, 1, 1, 2, 3, 5])
[INFO] [1733671405.277068412] [fibonacci_action_client]: Received feedback: array('i', [0, 1, 1, 2, 3, 5, 8])
[INFO] [1733671405.778707835] [fibonacci_action_client]: Received feedback: array('i', [0, 1, 1, 2, 3, 5, 8, 13])
[INFO] [1733671406.280245379] [fibonacci_action_client]: Received feedback: array('i', [0, 1, 1, 2, 3, 5, 8, 13, 21])
[INFO] [1733671406.781601722] [fibonacci_action_client]: Received feedback: array('i', [0, 1, 1, 2, 3, 5, 8, 13, 21, 34])
[INFO] [1733671407.283135353] [fibonacci_action_client]: Received feedback: array('i', [0, 1, 1, 2, 3, 5, 8, 13, 21, 34, 55])
[INFO] [1733671407.786234223] [fibonacci_action_client]: Result: array('i', [0, 1, 1, 2, 3, 5, 8, 13, 21, 34, 55])
[INFO] [1733671408.287281984] [fibonacci_action_client]: Sending goal with order 10
[INFO] [1733671412.300666214] [fibonacci_action_client]: Goal accepted, waiting for result.
[INFO] [1733671412.301419788] [fibonacci_action_client]: Received feedback: array('i', [0, 1, 1])
[INFO] [1733671412.802325688] [fibonacci_action_client]: Received feedback: array('i', [0, 1, 1, 2])
[INFO] [1733671413.303428649] [fibonacci_action_client]: Received feedback: array('i', [0, 1, 1, 2, 3])
[INFO] [1733671413.804618534] [fibonacci_action_client]: Received feedback: array('i', [0, 1, 1, 2, 3, 5])
[INFO] [1733671414.305970883] [fibonacci_action_client]: Received feedback: array('i', [0, 1, 1, 2, 3, 5, 8])
[INFO] [1733671414.807430937] [fibonacci_action_client]: Received feedback: array('i', [0, 1, 1, 2, 3, 5, 8, 13])
[INFO] [1733671415.308950476] [fibonacci_action_client]: Received feedback: array('i', [0, 1, 1, 2, 3, 5, 8, 13, 21])
[INFO] [1733671415.810349046] [fibonacci_action_client]: Received feedback: array('i', [0, 1, 1, 2, 3, 5, 8, 13, 21, 34])
[INFO] [1733671416.311744423] [fibonacci_action_client]: Received feedback: array('i', [0, 1, 1, 2, 3, 5, 8, 13, 21, 34, 55])
[INFO] [1733671416.814901806] [fibonacci_action_client]: Result: array('i', [0, 1, 1, 2, 3, 5, 8, 13, 21, 34, 55])
[INFO] [1733671417.315962174] [fibonacci_action_client]: Sending goal with order 10
[INFO] [1733671421.329761151] [fibonacci_action_client]: Goal accepted, waiting for result.
[INFO] [1733671421.330442641] [fibonacci_action_client]: Received feedback: array('i', [0, 1, 1])
[INFO] [1733671421.831708794] [fibonacci_action_client]: Received feedback: array('i', [0, 1, 1, 2])
[INFO] [1733671422.332783282] [fibonacci_action_client]: Received feedback: array('i', [0, 1, 1, 2, 3])
[INFO] [1733671422.833464200] [fibonacci_action_client]: Received feedback: array('i', [0, 1, 1, 2, 3, 5])
[INFO] [1733671423.335018728] [fibonacci_action_client]: Received feedback: array('i', [0, 1, 1, 2, 3, 5, 8])
[INFO] [1733671423.836246964] [fibonacci_action_client]: Received feedback: array('i', [0, 1, 1, 2, 3, 5, 8, 13])
[INFO] [1733671424.337326663] [fibonacci_action_client]: Received feedback: array('i', [0, 1, 1, 2, 3, 5, 8, 13, 21])
[INFO] [1733671424.838417293] [fibonacci_action_client]: Received feedback: array('i', [0, 1, 1, 2, 3, 5, 8, 13, 21, 34])
[INFO] [1733671425.340156944] [fibonacci_action_client]: Received feedback: array('i', [0, 1, 1, 2, 3, 5, 8, 13, 21, 34, 55])
[INFO] [1733671425.843752178] [fibonacci_action_client]: Result: array('i', [0, 1, 1, 2, 3, 5, 8, 13, 21, 34, 55])
[INFO] [1733671426.344504647] [fibonacci_action_client]: Sending goal with order 10
[INFO] [1733671430.357358888] [fibonacci_action_client]: Goal accepted, waiting for result.
[INFO] [1733671430.358111915] [fibonacci_action_client]: Received feedback: array('i', [0, 1, 1])
[INFO] [1733671430.858208439] [fibonacci_action_client]: Received feedback: array('i', [0, 1, 1, 2])
[INFO] [1733671431.359763928] [fibonacci_action_client]: Received feedback: array('i', [0, 1, 1, 2, 3])
[INFO] [1733671431.861289934] [fibonacci_action_client]: Received feedback: array('i', [0, 1, 1, 2, 3, 5])
[INFO] [1733671432.362764558] [fibonacci_action_client]: Received feedback: array('i', [0, 1, 1, 2, 3, 5, 8])
[INFO] [1733671432.864306784] [fibonacci_action_client]: Received feedback: array('i', [0, 1, 1, 2, 3, 5, 8, 13])
[INFO] [1733671433.365332436] [fibonacci_action_client]: Received feedback: array('i', [0, 1, 1, 2, 3, 5, 8, 13, 21])
[INFO] [1733671433.866922840] [fibonacci_action_client]: Received feedback: array('i', [0, 1, 1, 2, 3, 5, 8, 13, 21, 34])
[INFO] [1733671434.368687299] [fibonacci_action_client]: Received feedback: array('i', [0, 1, 1, 2, 3, 5, 8, 13, 21, 34, 55])
[INFO] [1733671434.872998076] [fibonacci_action_client]: Result: array('i', [0, 1, 1, 2, 3, 5, 8, 13, 21, 34, 55])
[INFO] [1733671435.374160953] [fibonacci_action_client]: Sending goal with order 10
[INFO] [1733671439.384914558] [fibonacci_action_client]: Goal accepted, waiting for result.
[INFO] [1733671439.385604909] [fibonacci_action_client]: Received feedback: array('i', [0, 1, 1])
[INFO] [1733671439.886520888] [fibonacci_action_client]: Received feedback: array('i', [0, 1, 1, 2])
[INFO] [1733671440.387989273] [fibonacci_action_client]: Received feedback: array('i', [0, 1, 1, 2, 3])
[INFO] [1733671440.889399204] [fibonacci_action_client]: Received feedback: array('i', [0, 1, 1, 2, 3, 5])
[INFO] [1733671441.390874866] [fibonacci_action_client]: Received feedback: array('i', [0, 1, 1, 2, 3, 5, 8])
[INFO] [1733671441.891981766] [fibonacci_action_client]: Received feedback: array('i', [0, 1, 1, 2, 3, 5, 8, 13])
[INFO] [1733671442.393372306] [fibonacci_action_client]: Received feedback: array('i', [0, 1, 1, 2, 3, 5, 8, 13, 21])
[INFO] [1733671442.894865380] [fibonacci_action_client]: Received feedback: array('i', [0, 1, 1, 2, 3, 5, 8, 13, 21, 34])
[INFO] [1733671443.396370864] [fibonacci_action_client]: Received feedback: array('i', [0, 1, 1, 2, 3, 5, 8, 13, 21, 34, 55])
[INFO] [1733671444.386106316] [fibonacci_action_client]: Result not received due to timeout.
RAPL is set
 34, 55])
[INFO] [1733671439.887748591] [fibonacci_action_client]: Sending goal with order 10
[INFO] [1733671443.899427398] [fibonacci_action_client]: Goal accepted, waiting for result.
[INFO] [1733671448.900877924] [fibonacci_action_client]: Result not received due to timeout.
RAPL is not set
