[INFO] [1733671263.322636871] [fibonacci_action_server]: Executing goal...
[INFO] [1733671263.323183718] [fibonacci_action_server]: Feedback: array('i', [0, 1, 1])
[INFO] [1733671263.824561456] [fibonacci_action_server]: Feedback: array('i', [0, 1, 1, 2])
[INFO] [1733671264.326202884] [fibonacci_action_server]: Feedback: array('i', [0, 1, 1, 2, 3])
[INFO] [1733671264.827696235] [fibonacci_action_server]: Feedback: array('i', [0, 1, 1, 2, 3, 5])
[INFO] [1733671265.329019193] [fibonacci_action_server]: Feedback: array('i', [0, 1, 1, 2, 3, 5, 8])
[INFO] [1733671265.830354847] [fibonacci_action_server]: Feedback: array('i', [0, 1, 1, 2, 3, 5, 8, 13])
[INFO] [1733671266.331704436] [fibonacci_action_server]: Feedback: array('i', [0, 1, 1, 2, 3, 5, 8, 13, 21])
[INFO] [1733671266.832515157] [fibonacci_action_server]: Feedback: array('i', [0, 1, 1, 2, 3, 5, 8, 13, 21, 34])
[INFO] [1733671267.333751096] [fibonacci_action_server]: Feedback: array('i', [0, 1, 1, 2, 3, 5, 8, 13, 21, 34, 55])
[INFO] [1733671267.837528930] [fibonacci_action_server]: Executing goal...
[INFO] [1733671267.837910787] [fibonacci_action_server]: Feedback: array('i', [0, 1, 1])
[INFO] [1733671268.339232788] [fibonacci_action_server]: Feedback: array('i', [0, 1, 1, 2])
[INFO] [1733671268.840597092] [fibonacci_action_server]: Feedback: array('i', [0, 1, 1, 2, 3])
[INFO] [1733671269.341928941] [fibonacci_action_server]: Feedback: array('i', [0, 1, 1, 2, 3, 5])
[INFO] [1733671269.843099596] [fibonacci_action_server]: Feedback: array('i', [0, 1, 1, 2, 3, 5, 8])
[INFO] [1733671270.344249759] [fibonacci_action_server]: Feedback: array('i', [0, 1, 1, 2, 3, 5, 8, 13])
[INFO] [1733671270.845823409] [fibonacci_action_server]: Feedback: array('i', [0, 1, 1, 2, 3, 5, 8, 13, 21])
[INFO] [1733671271.347538704] [fibonacci_action_server]: Feedback: array('i', [0, 1, 1, 2, 3, 5, 8, 13, 21, 34])
[INFO] [1733671271.849090897] [fibonacci_action_server]: Feedback: array('i', [0, 1, 1, 2, 3, 5, 8, 13, 21, 34, 55])
[INFO] [1733671272.352234101] [fibonacci_action_server]: Executing goal...
[INFO] [1733671272.352615006] [fibonacci_action_server]: Feedback: array('i', [0, 1, 1])
[INFO] [1733671272.853796543] [fibonacci_action_server]: Feedback: array('i', [0, 1, 1, 2])
[INFO] [1733671273.355305435] [fibonacci_action_server]: Feedback: array('i', [0, 1, 1, 2, 3])
[INFO] [1733671273.856588153] [fibonacci_action_server]: Feedback: array('i', [0, 1, 1, 2, 3, 5])
[INFO] [1733671274.358227912] [fibonacci_action_server]: Feedback: array('i', [0, 1, 1, 2, 3, 5, 8])
[INFO] [1733671274.859723603] [fibonacci_action_server]: Feedback: array('i', [0, 1, 1, 2, 3, 5, 8, 13])
[INFO] [1733671275.361078767] [fibonacci_action_server]: Feedback: array('i', [0, 1, 1, 2, 3, 5, 8, 13, 21])
[INFO] [1733671275.862585415] [fibonacci_action_server]: Feedback: array('i', [0, 1, 1, 2, 3, 5, 8, 13, 21, 34])
[INFO] [1733671276.363870675] [fibonacci_action_server]: Feedback: array('i', [0, 1, 1, 2, 3, 5, 8, 13, 21, 34, 55])
[INFO] [1733671276.867463939] [fibonacci_action_server]: Executing goal...
[INFO] [1733671276.868115247] [fibonacci_action_server]: Feedback: array('i', [0, 1, 1])
[INFO] [1733671277.369283745] [fibonacci_action_server]: Feedback: array('i', [0, 1, 1, 2])
[INFO] [1733671277.870740070] [fibonacci_action_server]: Feedback: array('i', [0, 1, 1, 2, 3])
[INFO] [1733671278.371990444] [fibonacci_action_server]: Feedback: array('i', [0, 1, 1, 2, 3, 5])
[INFO] [1733671278.873188217] [fibonacci_action_server]: Feedback: array('i', [0, 1, 1, 2, 3, 5, 8])
[INFO] [1733671279.374377155] [fibonacci_action_server]: Feedback: array('i', [0, 1, 1, 2, 3, 5, 8, 13])
[INFO] [1733671279.875862716] [fibonacci_action_server]: Feedback: array('i', [0, 1, 1, 2, 3, 5, 8, 13, 21])
[INFO] [1733671280.377257702] [fibonacci_action_server]: Feedback: array('i', [0, 1, 1, 2, 3, 5, 8, 13, 21, 34])
[INFO] [1733671280.878742102] [fibonacci_action_server]: Feedback: array('i', [0, 1, 1, 2, 3, 5, 8, 13, 21, 34, 55])
[INFO] [1733671281.382037422] [fibonacci_action_server]: Executing goal...
[INFO] [1733671281.382452746] [fibonacci_action_server]: Feedback: array('i', [0, 1, 1])
[INFO] [1733671281.883501502] [fibonacci_action_server]: Feedback: array('i', [0, 1, 1, 2])
[INFO] [1733671282.384770212] [fibonacci_action_server]: Feedback: array('i', [0, 1, 1, 2, 3])
[INFO] [1733671282.886043831] [fibonacci_action_server]: Feedback: array('i', [0, 1, 1, 2, 3, 5])
[INFO] [1733671283.387478422] [fibonacci_action_server]: Feedback: array('i', [0, 1, 1, 2, 3, 5, 8])
[INFO] [1733671283.888411842] [fibonacci_action_server]: Feedback: array('i', [0, 1, 1, 2, 3, 5, 8, 13])
[INFO] [1733671284.389791082] [fibonacci_action_server]: Feedback: array('i', [0, 1, 1, 2, 3, 5, 8, 13, 21])
[INFO] [1733671284.890967615] [fibonacci_action_server]: Feedback: array('i', [0, 1, 1, 2, 3, 5, 8, 13, 21, 34])
[INFO] [1733671285.392475501] [fibonacci_action_server]: Feedback: array('i', [0, 1, 1, 2, 3, 5, 8, 13, 21, 34, 55])
[INFO] [1733671285.895806503] [fibonacci_action_server]: Executing goal...
[INFO] [1733671285.896189135] [fibonacci_action_server]: Feedback: array('i', [0, 1, 1])
[INFO] [1733671286.397317721] [fibonacci_action_server]: Feedback: array('i', [0, 1, 1, 2])
[INFO] [1733671286.898490490] [fibonacci_action_server]: Feedback: array('i', [0, 1, 1, 2, 3])
[INFO] [1733671287.399619335] [fibonacci_action_server]: Feedback: array('i', [0, 1, 1, 2, 3, 5])
[INFO] [1733671287.901327094] [fibonacci_action_server]: Feedback: array('i', [0, 1, 1, 2, 3, 5, 8])
[INFO] [1733671288.402988975] [fibonacci_action_server]: Feedback: array('i', [0, 1, 1, 2, 3, 5, 8, 13])
[INFO] [1733671288.904476953] [fibonacci_action_server]: Feedback: array('i', [0, 1, 1, 2, 3, 5, 8, 13, 21])
[INFO] [1733671289.405780708] [fibonacci_action_server]: Feedback: array('i', [0, 1, 1, 2, 3, 5, 8, 13, 21, 34])
[INFO] [1733671289.907242892] [fibonacci_action_server]: Feedback: array('i', [0, 1, 1, 2, 3, 5, 8, 13, 21, 34, 55])
[INFO] [1733671290.410969625] [fibonacci_action_server]: Executing goal...
[INFO] [1733671290.411563801] [fibonacci_action_server]: Feedback: array('i', [0, 1, 1])
[INFO] [1733671290.912768612] [fibonacci_action_server]: Feedback: array('i', [0, 1, 1, 2])
[INFO] [1733671291.414425263] [fibonacci_action_server]: Feedback: array('i', [0, 1, 1, 2, 3])
[INFO] [1733671291.915972072] [fibonacci_action_server]: Feedback: array('i', [0, 1, 1, 2, 3, 5])
[INFO] [1733671292.417033631] [fibonacci_action_server]: Feedback: array('i', [0, 1, 1, 2, 3, 5, 8])
[INFO] [1733671292.918404893] [fibonacci_action_server]: Feedback: array('i', [0, 1, 1, 2, 3, 5, 8, 13])
[INFO] [1733671293.419562503] [fibonacci_action_server]: Feedback: array('i', [0, 1, 1, 2, 3, 5, 8, 13, 21])
[INFO] [1733671293.920884187] [fibonacci_action_server]: Feedback: array('i', [0, 1, 1, 2, 3, 5, 8, 13, 21, 34])
[INFO] [1733671294.422369778] [fibonacci_action_server]: Feedback: array('i', [0, 1, 1, 2, 3, 5, 8, 13, 21, 34, 55])
[INFO] [1733671294.925738799] [fibonacci_action_server]: Executing goal...
[INFO] [1733671294.926102575] [fibonacci_action_server]: Feedback: array('i', [0, 1, 1])
[INFO] [1733671295.427171908] [fibonacci_action_server]: Feedback: array('i', [0, 1, 1, 2])
[INFO] [1733671295.928373209] [fibonacci_action_server]: Feedback: array('i', [0, 1, 1, 2, 3])
[INFO] [1733671296.429558259] [fibonacci_action_server]: Feedback: array('i', [0, 1, 1, 2, 3, 5])
[INFO] [1733671296.931154605] [fibonacci_action_server]: Feedback: array('i', [0, 1, 1, 2, 3, 5, 8])
[INFO] [1733671297.432490325] [fibonacci_action_server]: Feedback: array('i', [0, 1, 1, 2, 3, 5, 8, 13])
[INFO] [1733671297.933983239] [fibonacci_action_server]: Feedback: array('i', [0, 1, 1, 2, 3, 5, 8, 13, 21])
[INFO] [1733671298.435247850] [fibonacci_action_server]: Feedback: array('i', [0, 1, 1, 2, 3, 5, 8, 13, 21, 34])
[INFO] [1733671298.936251507] [fibonacci_action_server]: Feedback: array('i', [0, 1, 1, 2, 3, 5, 8, 13, 21, 34, 55])
[INFO] [1733671299.439605387] [fibonacci_action_server]: Executing goal...
[INFO] [1733671299.439983165] [fibonacci_action_server]: Feedback: array('i', [0, 1, 1])
[INFO] [1733671299.941211862] [fibonacci_action_server]: Feedback: array('i', [0, 1, 1, 2])
[INFO] [1733671300.442809590] [fibonacci_action_server]: Feedback: array('i', [0, 1, 1, 2, 3])
[INFO] [1733671300.944099192] [fibonacci_action_server]: Feedback: array('i', [0, 1, 1, 2, 3, 5])
[INFO] [1733671301.445522564] [fibonacci_action_server]: Feedback: array('i', [0, 1, 1, 2, 3, 5, 8])
[INFO] [1733671301.946688721] [fibonacci_action_server]: Feedback: array('i', [0, 1, 1, 2, 3, 5, 8, 13])
[INFO] [1733671302.448228133] [fibonacci_action_server]: Feedback: array('i', [0, 1, 1, 2, 3, 5, 8, 13, 21])
[INFO] [1733671302.949656771] [fibonacci_action_server]: Feedback: array('i', [0, 1, 1, 2, 3, 5, 8, 13, 21, 34])
[INFO] [1733671303.451113057] [fibonacci_action_server]: Feedback: array('i', [0, 1, 1, 2, 3, 5, 8, 13, 21, 34, 55])
[INFO] [1733671303.954147430] [fibonacci_action_server]: Executing goal...
[INFO] [1733671303.954647320] [fibonacci_action_server]: Feedback: array('i', [0, 1, 1])
[INFO] [1733671304.455801776] [fibonacci_action_server]: Feedback: array('i', [0, 1, 1, 2])
[INFO] [1733671304.957041990] [fibonacci_action_server]: Feedback: array('i', [0, 1, 1, 2, 3])
[INFO] [1733671305.458464695] [fibonacci_action_server]: Feedback: array('i', [0, 1, 1, 2, 3, 5])
[INFO] [1733671305.960067121] [fibonacci_action_server]: Feedback: array('i', [0, 1, 1, 2, 3, 5, 8])
[INFO] [1733671306.461530034] [fibonacci_action_server]: Feedback: array('i', [0, 1, 1, 2, 3, 5, 8, 13])
[INFO] [1733671306.963026724] [fibonacci_action_server]: Feedback: array('i', [0, 1, 1, 2, 3, 5, 8, 13, 21])
[INFO] [1733671307.464421788] [fibonacci_action_server]: Feedback: array('i', [0, 1, 1, 2, 3, 5, 8, 13, 21, 34])
[INFO] [1733671307.966020718] [fibonacci_action_server]: Feedback: array('i', [0, 1, 1, 2, 3, 5, 8, 13, 21, 34, 55])
[INFO] [1733671308.470104549] [fibonacci_action_server]: Executing goal...
[INFO] [1733671308.470733290] [fibonacci_action_server]: Feedback: array('i', [0, 1, 1])
[INFO] [1733671308.972395402] [fibonacci_action_server]: Feedback: array('i', [0, 1, 1, 2])
[INFO] [1733671309.473853825] [fibonacci_action_server]: Feedback: array('i', [0, 1, 1, 2, 3])
[INFO] [1733671309.975382430] [fibonacci_action_server]: Feedback: array('i', [0, 1, 1, 2, 3, 5])
[INFO] [1733671310.476284554] [fibonacci_action_server]: Feedback: array('i', [0, 1, 1, 2, 3, 5, 8])
[INFO] [1733671310.977731198] [fibonacci_action_server]: Feedback: array('i', [0, 1, 1, 2, 3, 5, 8, 13])
[INFO] [1733671311.479204895] [fibonacci_action_server]: Feedback: array('i', [0, 1, 1, 2, 3, 5, 8, 13, 21])
[INFO] [1733671311.980403138] [fibonacci_action_server]: Feedback: array('i', [0, 1, 1, 2, 3, 5, 8, 13, 21, 34])
[INFO] [1733671312.481556110] [fibonacci_action_server]: Feedback: array('i', [0, 1, 1, 2, 3, 5, 8, 13, 21, 34, 55])
[INFO] [1733671312.984694067] [fibonacci_action_server]: Executing goal...
[INFO] [1733671312.985086815] [fibonacci_action_server]: Feedback: array('i', [0, 1, 1])
[INFO] [1733671313.486309774] [fibonacci_action_server]: Feedback: array('i', [0, 1, 1, 2])
[INFO] [1733671313.987668639] [fibonacci_action_server]: Feedback: array('i', [0, 1, 1, 2, 3])
[INFO] [1733671314.489193918] [fibonacci_action_server]: Feedback: array('i', [0, 1, 1, 2, 3, 5])
[INFO] [1733671314.990598373] [fibonacci_action_server]: Feedback: array('i', [0, 1, 1, 2, 3, 5, 8])
[INFO] [1733671315.492266259] [fibonacci_action_server]: Feedback: array('i', [0, 1, 1, 2, 3, 5, 8, 13])
[INFO] [1733671315.993212264] [fibonacci_action_server]: Feedback: array('i', [0, 1, 1, 2, 3, 5, 8, 13, 21])
[INFO] [1733671316.494684611] [fibonacci_action_server]: Feedback: array('i', [0, 1, 1, 2, 3, 5, 8, 13, 21, 34])
[INFO] [1733671316.996285554] [fibonacci_action_server]: Feedback: array('i', [0, 1, 1, 2, 3, 5, 8, 13, 21, 34, 55])
[INFO] [1733671317.499260730] [fibonacci_action_server]: Executing goal...
[INFO] [1733671317.499685574] [fibonacci_action_server]: Feedback: array('i', [0, 1, 1])
[INFO] [1733671318.000266549] [fibonacci_action_server]: Feedback: array('i', [0, 1, 1, 2])
[INFO] [1733671318.501651191] [fibonacci_action_server]: Feedback: array('i', [0, 1, 1, 2, 3])
[INFO] [1733671319.002877365] [fibonacci_action_server]: Feedback: array('i', [0, 1, 1, 2, 3, 5])
[INFO] [1733671319.504482542] [fibonacci_action_server]: Feedback: array('i', [0, 1, 1, 2, 3, 5, 8])
[INFO] [1733671320.005852835] [fibonacci_action_server]: Feedback: array('i', [0, 1, 1, 2, 3, 5, 8, 13])
[INFO] [1733671320.507288166] [fibonacci_action_server]: Feedback: array('i', [0, 1, 1, 2, 3, 5, 8, 13, 21])
[INFO] [1733671321.008261029] [fibonacci_action_server]: Feedback: array('i', [0, 1, 1, 2, 3, 5, 8, 13, 21, 34])
[INFO] [1733671321.509490915] [fibonacci_action_server]: Feedback: array('i', [0, 1, 1, 2, 3, 5, 8, 13, 21, 34, 55])
[INFO] [1733671322.012608671] [fibonacci_action_server]: Executing goal...
[INFO] [1733671322.013268402] [fibonacci_action_server]: Feedback: array('i', [0, 1, 1])
[INFO] [1733671322.514663897] [fibonacci_action_server]: Feedback: array('i', [0, 1, 1, 2])
[INFO] [1733671323.016163069] [fibonacci_action_server]: Feedback: array('i', [0, 1, 1, 2, 3])
[INFO] [1733671323.517649050] [fibonacci_action_server]: Feedback: array('i', [0, 1, 1, 2, 3, 5])
[INFO] [1733671324.019084454] [fibonacci_action_server]: Feedback: array('i', [0, 1, 1, 2, 3, 5, 8])
[INFO] [1733671324.520330841] [fibonacci_action_server]: Feedback: array('i', [0, 1, 1, 2, 3, 5, 8, 13])
[INFO] [1733671325.021865884] [fibonacci_action_server]: Feedback: array('i', [0, 1, 1, 2, 3, 5, 8, 13, 21])
[INFO] [1733671325.523309346] [fibonacci_action_server]: Feedback: array('i', [0, 1, 1, 2, 3, 5, 8, 13, 21, 34])
[INFO] [1733671326.024551250] [fibonacci_action_server]: Feedback: array('i', [0, 1, 1, 2, 3, 5, 8, 13, 21, 34, 55])
[INFO] [1733671326.528400668] [fibonacci_action_server]: Executing goal...
[INFO] [1733671326.529006317] [fibonacci_action_server]: Feedback: array('i', [0, 1, 1])
[INFO] [1733671327.030605643] [fibonacci_action_server]: Feedback: array('i', [0, 1, 1, 2])
[INFO] [1733671327.532067063] [fibonacci_action_server]: Feedback: array('i', [0, 1, 1, 2, 3])
[INFO] [1733671328.033387232] [fibonacci_action_server]: Feedback: array('i', [0, 1, 1, 2, 3, 5])
[INFO] [1733671328.534675359] [fibonacci_action_server]: Feedback: array('i', [0, 1, 1, 2, 3, 5, 8])
[INFO] [1733671329.036055400] [fibonacci_action_server]: Feedback: array('i', [0, 1, 1, 2, 3, 5, 8, 13])
[INFO] [1733671329.537203106] [fibonacci_action_server]: Feedback: array('i', [0, 1, 1, 2, 3, 5, 8, 13, 21])
[INFO] [1733671330.038327272] [fibonacci_action_server]: Feedback: array('i', [0, 1, 1, 2, 3, 5, 8, 13, 21, 34])
[INFO] [1733671330.539840834] [fibonacci_action_server]: Feedback: array('i', [0, 1, 1, 2, 3, 5, 8, 13, 21, 34, 55])
[INFO] [1733671331.043654638] [fibonacci_action_server]: Executing goal...
[INFO] [1733671331.044347393] [fibonacci_action_server]: Feedback: array('i', [0, 1, 1])
[INFO] [1733671331.545427362] [fibonacci_action_server]: Feedback: array('i', [0, 1, 1, 2])
[INFO] [1733671332.046839348] [fibonacci_action_server]: Feedback: array('i', [0, 1, 1, 2, 3])
[INFO] [1733671332.548235225] [fibonacci_action_server]: Feedback: array('i', [0, 1, 1, 2, 3, 5])
[INFO] [1733671333.049968130] [fibonacci_action_server]: Feedback: array('i', [0, 1, 1, 2, 3, 5, 8])
[INFO] [1733671333.551524921] [fibonacci_action_server]: Feedback: array('i', [0, 1, 1, 2, 3, 5, 8, 13])
[INFO] [1733671334.052911638] [fibonacci_action_server]: Feedback: array('i', [0, 1, 1, 2, 3, 5, 8, 13, 21])
[INFO] [1733671334.554109880] [fibonacci_action_server]: Feedback: array('i', [0, 1, 1, 2, 3, 5, 8, 13, 21, 34])
[INFO] [1733671335.055562280] [fibonacci_action_server]: Feedback: array('i', [0, 1, 1, 2, 3, 5, 8, 13, 21, 34, 55])
[INFO] [1733671335.558416146] [fibonacci_action_server]: Executing goal...
[INFO] [1733671335.558837592] [fibonacci_action_server]: Feedback: array('i', [0, 1, 1])
[INFO] [1733671336.060363511] [fibonacci_action_server]: Feedback: array('i', [0, 1, 1, 2])
[INFO] [1733671336.561689643] [fibonacci_action_server]: Feedback: array('i', [0, 1, 1, 2, 3])
[INFO] [1733671337.063203782] [fibonacci_action_server]: Feedback: array('i', [0, 1, 1, 2, 3, 5])
[INFO] [1733671337.564242929] [fibonacci_action_server]: Feedback: array('i', [0, 1, 1, 2, 3, 5, 8])
[INFO] [1733671338.065455267] [fibonacci_action_server]: Feedback: array('i', [0, 1, 1, 2, 3, 5, 8, 13])
[INFO] [1733671338.566631241] [fibonacci_action_server]: Feedback: array('i', [0, 1, 1, 2, 3, 5, 8, 13, 21])
[INFO] [1733671339.068011913] [fibonacci_action_server]: Feedback: array('i', [0, 1, 1, 2, 3, 5, 8, 13, 21, 34])
[INFO] [1733671339.569617530] [fibonacci_action_server]: Feedback: array('i', [0, 1, 1, 2, 3, 5, 8, 13, 21, 34, 55])
[INFO] [1733671340.072869489] [fibonacci_action_server]: Executing goal...
[INFO] [1733671340.073314976] [fibonacci_action_server]: Feedback: array('i', [0, 1, 1])
[INFO] [1733671340.574727056] [fibonacci_action_server]: Feedback: array('i', [0, 1, 1, 2])
[INFO] [1733671341.076123530] [fibonacci_action_server]: Feedback: array('i', [0, 1, 1, 2, 3])
[INFO] [1733671341.577636834] [fibonacci_action_server]: Feedback: array('i', [0, 1, 1, 2, 3, 5])
[INFO] [1733671342.078818724] [fibonacci_action_server]: Feedback: array('i', [0, 1, 1, 2, 3, 5, 8])
[INFO] [1733671342.580182905] [fibonacci_action_server]: Feedback: array('i', [0, 1, 1, 2, 3, 5, 8, 13])
[INFO] [1733671343.081638283] [fibonacci_action_server]: Feedback: array('i', [0, 1, 1, 2, 3, 5, 8, 13, 21])
[INFO] [1733671343.582948820] [fibonacci_action_server]: Feedback: array('i', [0, 1, 1, 2, 3, 5, 8, 13, 21, 34])
[INFO] [1733671344.084325737] [fibonacci_action_server]: Feedback: array('i', [0, 1, 1, 2, 3, 5, 8, 13, 21, 34, 55])
[INFO] [1733671344.587446993] [fibonacci_action_server]: Executing goal...
[INFO] [1733671344.587869302] [fibonacci_action_server]: Feedback: array('i', [0, 1, 1])
[INFO] [1733671345.088472783] [fibonacci_action_server]: Feedback: array('i', [0, 1, 1, 2])
[INFO] [1733671345.589926802] [fibonacci_action_server]: Feedback: array('i', [0, 1, 1, 2, 3])
[INFO] [1733671346.091077649] [fibonacci_action_server]: Feedback: array('i', [0, 1, 1, 2, 3, 5])
[INFO] [1733671346.592271391] [fibonacci_action_server]: Feedback: array('i', [0, 1, 1, 2, 3, 5, 8])
[INFO] [1733671347.093555793] [fibonacci_action_server]: Feedback: array('i', [0, 1, 1, 2, 3, 5, 8, 13])
[INFO] [1733671347.595089767] [fibonacci_action_server]: Feedback: array('i', [0, 1, 1, 2, 3, 5, 8, 13, 21])
[INFO] [1733671348.096420354] [fibonacci_action_server]: Feedback: array('i', [0, 1, 1, 2, 3, 5, 8, 13, 21, 34])
[INFO] [1733671348.597890325] [fibonacci_action_server]: Feedback: array('i', [0, 1, 1, 2, 3, 5, 8, 13, 21, 34, 55])
[INFO] [1733671349.101134749] [fibonacci_action_server]: Executing goal...
[INFO] [1733671349.101505515] [fibonacci_action_server]: Feedback: array('i', [0, 1, 1])
[INFO] [1733671349.602574888] [fibonacci_action_server]: Feedback: array('i', [0, 1, 1, 2])
[INFO] [1733671350.103837895] [fibonacci_action_server]: Feedback: array('i', [0, 1, 1, 2, 3])
[INFO] [1733671350.605200255] [fibonacci_action_server]: Feedback: array('i', [0, 1, 1, 2, 3, 5])
[INFO] [1733671351.106362926] [fibonacci_action_server]: Feedback: array('i', [0, 1, 1, 2, 3, 5, 8])
[INFO] [1733671351.607951274] [fibonacci_action_server]: Feedback: array('i', [0, 1, 1, 2, 3, 5, 8, 13])
[INFO] [1733671352.109273859] [fibonacci_action_server]: Feedback: array('i', [0, 1, 1, 2, 3, 5, 8, 13, 21])
[INFO] [1733671352.610787551] [fibonacci_action_server]: Feedback: array('i', [0, 1, 1, 2, 3, 5, 8, 13, 21, 34])
[INFO] [1733671353.112369369] [fibonacci_action_server]: Feedback: array('i', [0, 1, 1, 2, 3, 5, 8, 13, 21, 34, 55])
[INFO] [1733671353.615520460] [fibonacci_action_server]: Executing goal...
[INFO] [1733671353.615994413] [fibonacci_action_server]: Feedback: array('i', [0, 1, 1])
[INFO] [1733671354.117220045] [fibonacci_action_server]: Feedback: array('i', [0, 1, 1, 2])
[INFO] [1733671354.618382468] [fibonacci_action_server]: Feedback: array('i', [0, 1, 1, 2, 3])
[INFO] [1733671355.119670702] [fibonacci_action_server]: Feedback: array('i', [0, 1, 1, 2, 3, 5])
[INFO] [1733671355.620547489] [fibonacci_action_server]: Feedback: array('i', [0, 1, 1, 2, 3, 5, 8])
[INFO] [1733671356.122114791] [fibonacci_action_server]: Feedback: array('i', [0, 1, 1, 2, 3, 5, 8, 13])
[INFO] [1733671356.623650969] [fibonacci_action_server]: Feedback: array('i', [0, 1, 1, 2, 3, 5, 8, 13, 21])
[INFO] [1733671357.125033534] [fibonacci_action_server]: Feedback: array('i', [0, 1, 1, 2, 3, 5, 8, 13, 21, 34])
[INFO] [1733671357.626461028] [fibonacci_action_server]: Feedback: array('i', [0, 1, 1, 2, 3, 5, 8, 13, 21, 34, 55])
[INFO] [1733671358.129845398] [fibonacci_action_server]: Executing goal...
[INFO] [1733671358.130518718] [fibonacci_action_server]: Feedback: array('i', [0, 1, 1])
[INFO] [1733671358.631646731] [fibonacci_action_server]: Feedback: array('i', [0, 1, 1, 2])
[INFO] [1733671359.132518727] [fibonacci_action_server]: Feedback: array('i', [0, 1, 1, 2, 3])
[INFO] [1733671359.633735913] [fibonacci_action_server]: Feedback: array('i', [0, 1, 1, 2, 3, 5])
[INFO] [1733671360.135303521] [fibonacci_action_server]: Feedback: array('i', [0, 1, 1, 2, 3, 5, 8])
[INFO] [1733671360.636204996] [fibonacci_action_server]: Feedback: array('i', [0, 1, 1, 2, 3, 5, 8, 13])
[INFO] [1733671361.137453200] [fibonacci_action_server]: Feedback: array('i', [0, 1, 1, 2, 3, 5, 8, 13, 21])
[INFO] [1733671361.638832006] [fibonacci_action_server]: Feedback: array('i', [0, 1, 1, 2, 3, 5, 8, 13, 21, 34])
[INFO] [1733671362.140408569] [fibonacci_action_server]: Feedback: array('i', [0, 1, 1, 2, 3, 5, 8, 13, 21, 34, 55])
[INFO] [1733671362.643378464] [fibonacci_action_server]: Executing goal...
[INFO] [1733671362.643828157] [fibonacci_action_server]: Feedback: array('i', [0, 1, 1])
[INFO] [1733671363.145091207] [fibonacci_action_server]: Feedback: array('i', [0, 1, 1, 2])
[INFO] [1733671363.646569379] [fibonacci_action_server]: Feedback: array('i', [0, 1, 1, 2, 3])
[INFO] [1733671364.148236669] [fibonacci_action_server]: Feedback: array('i', [0, 1, 1, 2, 3, 5])
[INFO] [1733671364.649539174] [fibonacci_action_server]: Feedback: array('i', [0, 1, 1, 2, 3, 5, 8])
[INFO] [1733671365.151064991] [fibonacci_action_server]: Feedback: array('i', [0, 1, 1, 2, 3, 5, 8, 13])
[INFO] [1733671365.652540677] [fibonacci_action_server]: Feedback: array('i', [0, 1, 1, 2, 3, 5, 8, 13, 21])
[INFO] [1733671366.153928877] [fibonacci_action_server]: Feedback: array('i', [0, 1, 1, 2, 3, 5, 8, 13, 21, 34])
[INFO] [1733671366.655408586] [fibonacci_action_server]: Feedback: array('i', [0, 1, 1, 2, 3, 5, 8, 13, 21, 34, 55])
[INFO] [1733671367.158620733] [fibonacci_action_server]: Executing goal...
[INFO] [1733671367.158994472] [fibonacci_action_server]: Feedback: array('i', [0, 1, 1])
[INFO] [1733671367.660262673] [fibonacci_action_server]: Feedback: array('i', [0, 1, 1, 2])
[INFO] [1733671368.161691643] [fibonacci_action_server]: Feedback: array('i', [0, 1, 1, 2, 3])
[INFO] [1733671368.663219965] [fibonacci_action_server]: Feedback: array('i', [0, 1, 1, 2, 3, 5])
[INFO] [1733671369.164805094] [fibonacci_action_server]: Feedback: array('i', [0, 1, 1, 2, 3, 5, 8])
[INFO] [1733671369.666282529] [fibonacci_action_server]: Feedback: array('i', [0, 1, 1, 2, 3, 5, 8, 13])
[INFO] [1733671370.167569261] [fibonacci_action_server]: Feedback: array('i', [0, 1, 1, 2, 3, 5, 8, 13, 21])
[INFO] [1733671370.668824147] [fibonacci_action_server]: Feedback: array('i', [0, 1, 1, 2, 3, 5, 8, 13, 21, 34])
[INFO] [1733671371.169953115] [fibonacci_action_server]: Feedback: array('i', [0, 1, 1, 2, 3, 5, 8, 13, 21, 34, 55])
[INFO] [1733671371.672503665] [fibonacci_action_server]: Executing goal...
[INFO] [1733671371.672909583] [fibonacci_action_server]: Feedback: array('i', [0, 1, 1])
[INFO] [1733671372.173980340] [fibonacci_action_server]: Feedback: array('i', [0, 1, 1, 2])
[INFO] [1733671372.675453482] [fibonacci_action_server]: Feedback: array('i', [0, 1, 1, 2, 3])
[INFO] [1733671373.176338904] [fibonacci_action_server]: Feedback: array('i', [0, 1, 1, 2, 3, 5])
[INFO] [1733671373.677600544] [fibonacci_action_server]: Feedback: array('i', [0, 1, 1, 2, 3, 5, 8])
[INFO] [1733671374.179027010] [fibonacci_action_server]: Feedback: array('i', [0, 1, 1, 2, 3, 5, 8, 13])
[INFO] [1733671374.680342179] [fibonacci_action_server]: Feedback: array('i', [0, 1, 1, 2, 3, 5, 8, 13, 21])
[INFO] [1733671375.181671066] [fibonacci_action_server]: Feedback: array('i', [0, 1, 1, 2, 3, 5, 8, 13, 21, 34])
[INFO] [1733671375.682887943] [fibonacci_action_server]: Feedback: array('i', [0, 1, 1, 2, 3, 5, 8, 13, 21, 34, 55])
[INFO] [1733671376.186105709] [fibonacci_action_server]: Executing goal...
[INFO] [1733671376.186509572] [fibonacci_action_server]: Feedback: array('i', [0, 1, 1])
[INFO] [1733671376.687562639] [fibonacci_action_server]: Feedback: array('i', [0, 1, 1, 2])
[INFO] [1733671377.188238602] [fibonacci_action_server]: Feedback: array('i', [0, 1, 1, 2, 3])
[INFO] [1733671377.689550573] [fibonacci_action_server]: Feedback: array('i', [0, 1, 1, 2, 3, 5])
[INFO] [1733671378.191018127] [fibonacci_action_server]: Feedback: array('i', [0, 1, 1, 2, 3, 5, 8])
[INFO] [1733671378.692370177] [fibonacci_action_server]: Feedback: array('i', [0, 1, 1, 2, 3, 5, 8, 13])
[INFO] [1733671379.193673770] [fibonacci_action_server]: Feedback: array('i', [0, 1, 1, 2, 3, 5, 8, 13, 21])
[INFO] [1733671379.694803338] [fibonacci_action_server]: Feedback: array('i', [0, 1, 1, 2, 3, 5, 8, 13, 21, 34])
[INFO] [1733671380.195596856] [fibonacci_action_server]: Feedback: array('i', [0, 1, 1, 2, 3, 5, 8, 13, 21, 34, 55])
[INFO] [1733671380.698529257] [fibonacci_action_server]: Executing goal...
[INFO] [1733671380.698924758] [fibonacci_action_server]: Feedback: array('i', [0, 1, 1])
[INFO] [1733671381.200500984] [fibonacci_action_server]: Feedback: array('i', [0, 1, 1, 2])
[INFO] [1733671381.701976481] [fibonacci_action_server]: Feedback: array('i', [0, 1, 1, 2, 3])
[INFO] [1733671382.203464953] [fibonacci_action_server]: Feedback: array('i', [0, 1, 1, 2, 3, 5])
[INFO] [1733671382.704266731] [fibonacci_action_server]: Feedback: array('i', [0, 1, 1, 2, 3, 5, 8])
[INFO] [1733671383.205475650] [fibonacci_action_server]: Feedback: array('i', [0, 1, 1, 2, 3, 5, 8, 13])
[INFO] [1733671383.706920033] [fibonacci_action_server]: Feedback: array('i', [0, 1, 1, 2, 3, 5, 8, 13, 21])
[INFO] [1733671384.208400532] [fibonacci_action_server]: Feedback: array('i', [0, 1, 1, 2, 3, 5, 8, 13, 21, 34])
[INFO] [1733671384.709891605] [fibonacci_action_server]: Feedback: array('i', [0, 1, 1, 2, 3, 5, 8, 13, 21, 34, 55])
[INFO] [1733671385.213107322] [fibonacci_action_server]: Executing goal...
[INFO] [1733671385.213498734] [fibonacci_action_server]: Feedback: array('i', [0, 1, 1])
[INFO] [1733671385.714630615] [fibonacci_action_server]: Feedback: array('i', [0, 1, 1, 2])
[INFO] [1733671386.216205576] [fibonacci_action_server]: Feedback: array('i', [0, 1, 1, 2, 3])
[INFO] [1733671386.717545904] [fibonacci_action_server]: Feedback: array('i', [0, 1, 1, 2, 3, 5])
[INFO] [1733671387.219009531] [fibonacci_action_server]: Feedback: array('i', [0, 1, 1, 2, 3, 5, 8])
[INFO] [1733671387.720226389] [fibonacci_action_server]: Feedback: array('i', [0, 1, 1, 2, 3, 5, 8, 13])
[INFO] [1733671388.221539021] [fibonacci_action_server]: Feedback: array('i', [0, 1, 1, 2, 3, 5, 8, 13, 21])
[INFO] [1733671388.722935539] [fibonacci_action_server]: Feedback: array('i', [0, 1, 1, 2, 3, 5, 8, 13, 21, 34])
[INFO] [1733671389.224468821] [fibonacci_action_server]: Feedback: array('i', [0, 1, 1, 2, 3, 5, 8, 13, 21, 34, 55])
[INFO] [1733671389.727796789] [fibonacci_action_server]: Executing goal...
[INFO] [1733671389.728166252] [fibonacci_action_server]: Feedback: array('i', [0, 1, 1])
[INFO] [1733671390.229393295] [fibonacci_action_server]: Feedback: array('i', [0, 1, 1, 2])
[INFO] [1733671390.730888194] [fibonacci_action_server]: Feedback: array('i', [0, 1, 1, 2, 3])
[INFO] [1733671391.232322160] [fibonacci_action_server]: Feedback: array('i', [0, 1, 1, 2, 3, 5])
[INFO] [1733671391.733791418] [fibonacci_action_server]: Feedback: array('i', [0, 1, 1, 2, 3, 5, 8])
[INFO] [1733671392.235089737] [fibonacci_action_server]: Feedback: array('i', [0, 1, 1, 2, 3, 5, 8, 13])
[INFO] [1733671392.736519136] [fibonacci_action_server]: Feedback: array('i', [0, 1, 1, 2, 3, 5, 8, 13, 21])
[INFO] [1733671393.237908258] [fibonacci_action_server]: Feedback: array('i', [0, 1, 1, 2, 3, 5, 8, 13, 21, 34])
[INFO] [1733671393.739352195] [fibonacci_action_server]: Feedback: array('i', [0, 1, 1, 2, 3, 5, 8, 13, 21, 34, 55])
[INFO] [1733671394.242249986] [fibonacci_action_server]: Executing goal...
[INFO] [1733671394.242683478] [fibonacci_action_server]: Feedback: array('i', [0, 1, 1])
[INFO] [1733671394.744182186] [fibonacci_action_server]: Feedback: array('i', [0, 1, 1, 2])
[INFO] [1733671395.245506365] [fibonacci_action_server]: Feedback: array('i', [0, 1, 1, 2, 3])
[INFO] [1733671395.746974634] [fibonacci_action_server]: Feedback: array('i', [0, 1, 1, 2, 3, 5])
[INFO] [1733671396.248186618] [fibonacci_action_server]: Feedback: array('i', [0, 1, 1, 2, 3, 5, 8])
[INFO] [1733671396.749337604] [fibonacci_action_server]: Feedback: array('i', [0, 1, 1, 2, 3, 5, 8, 13])
[INFO] [1733671397.250765066] [fibonacci_action_server]: Feedback: array('i', [0, 1, 1, 2, 3, 5, 8, 13, 21])
[INFO] [1733671397.752032093] [fibonacci_action_server]: Feedback: array('i', [0, 1, 1, 2, 3, 5, 8, 13, 21, 34])
[INFO] [1733671398.253329725] [fibonacci_action_server]: Feedback: array('i', [0, 1, 1, 2, 3, 5, 8, 13, 21, 34, 55])
[INFO] [1733671398.756683894] [fibonacci_action_server]: Executing goal...
[INFO] [1733671398.757303089] [fibonacci_action_server]: Feedback: array('i', [0, 1, 1])
[INFO] [1733671399.258489052] [fibonacci_action_server]: Feedback: array('i', [0, 1, 1, 2])
[INFO] [1733671399.759696076] [fibonacci_action_server]: Feedback: array('i', [0, 1, 1, 2, 3])
[INFO] [1733671400.260938309] [fibonacci_action_server]: Feedback: array('i', [0, 1, 1, 2, 3, 5])
[INFO] [1733671400.762554213] [fibonacci_action_server]: Feedback: array('i', [0, 1, 1, 2, 3, 5, 8])
[INFO] [1733671401.264178108] [fibonacci_action_server]: Feedback: array('i', [0, 1, 1, 2, 3, 5, 8, 13])
[INFO] [1733671401.765684541] [fibonacci_action_server]: Feedback: array('i', [0, 1, 1, 2, 3, 5, 8, 13, 21])
[INFO] [1733671402.266989305] [fibonacci_action_server]: Feedback: array('i', [0, 1, 1, 2, 3, 5, 8, 13, 21, 34])
[INFO] [1733671402.768215565] [fibonacci_action_server]: Feedback: array('i', [0, 1, 1, 2, 3, 5, 8, 13, 21, 34, 55])
[INFO] [1733671403.271336483] [fibonacci_action_server]: Executing goal...
[INFO] [1733671403.271707910] [fibonacci_action_server]: Feedback: array('i', [0, 1, 1])
[INFO] [1733671403.772725002] [fibonacci_action_server]: Feedback: array('i', [0, 1, 1, 2])
[INFO] [1733671404.274183909] [fibonacci_action_server]: Feedback: array('i', [0, 1, 1, 2, 3])
[INFO] [1733671404.775373330] [fibonacci_action_server]: Feedback: array('i', [0, 1, 1, 2, 3, 5])
[INFO] [1733671405.276277294] [fibonacci_action_server]: Feedback: array('i', [0, 1, 1, 2, 3, 5, 8])
[INFO] [1733671405.777754065] [fibonacci_action_server]: Feedback: array('i', [0, 1, 1, 2, 3, 5, 8, 13])
[INFO] [1733671406.279208711] [fibonacci_action_server]: Feedback: array('i', [0, 1, 1, 2, 3, 5, 8, 13, 21])
[INFO] [1733671406.780600167] [fibonacci_action_server]: Feedback: array('i', [0, 1, 1, 2, 3, 5, 8, 13, 21, 34])
[INFO] [1733671407.282140254] [fibonacci_action_server]: Feedback: array('i', [0, 1, 1, 2, 3, 5, 8, 13, 21, 34, 55])
[INFO] [1733671407.785329504] [fibonacci_action_server]: Executing goal...
[INFO] [1733671407.785790840] [fibonacci_action_server]: Feedback: array('i', [0, 1, 1])
[INFO] [1733671408.286885504] [fibonacci_action_server]: Feedback: array('i', [0, 1, 1, 2])
[INFO] [1733671408.788236186] [fibonacci_action_server]: Feedback: array('i', [0, 1, 1, 2, 3])
[INFO] [1733671409.289708513] [fibonacci_action_server]: Feedback: array('i', [0, 1, 1, 2, 3, 5])
[INFO] [1733671409.791151996] [fibonacci_action_server]: Feedback: array('i', [0, 1, 1, 2, 3, 5, 8])
[INFO] [1733671410.292391909] [fibonacci_action_server]: Feedback: array('i', [0, 1, 1, 2, 3, 5, 8, 13])
[INFO] [1733671410.793701049] [fibonacci_action_server]: Feedback: array('i', [0, 1, 1, 2, 3, 5, 8, 13, 21])
[INFO] [1733671411.295175272] [fibonacci_action_server]: Feedback: array('i', [0, 1, 1, 2, 3, 5, 8, 13, 21, 34])
[INFO] [1733671411.796348994] [fibonacci_action_server]: Feedback: array('i', [0, 1, 1, 2, 3, 5, 8, 13, 21, 34, 55])
[INFO] [1733671412.299793376] [fibonacci_action_server]: Executing goal...
[INFO] [1733671412.300164650] [fibonacci_action_server]: Feedback: array('i', [0, 1, 1])
[INFO] [1733671412.801180121] [fibonacci_action_server]: Feedback: array('i', [0, 1, 1, 2])
[INFO] [1733671413.302306580] [fibonacci_action_server]: Feedback: array('i', [0, 1, 1, 2, 3])
[INFO] [1733671413.803677427] [fibonacci_action_server]: Feedback: array('i', [0, 1, 1, 2, 3, 5])
[INFO] [1733671414.305044552] [fibonacci_action_server]: Feedback: array('i', [0, 1, 1, 2, 3, 5, 8])
[INFO] [1733671414.806505039] [fibonacci_action_server]: Feedback: array('i', [0, 1, 1, 2, 3, 5, 8, 13])
[INFO] [1733671415.308036620] [fibonacci_action_server]: Feedback: array('i', [0, 1, 1, 2, 3, 5, 8, 13, 21])
[INFO] [1733671415.809414310] [fibonacci_action_server]: Feedback: array('i', [0, 1, 1, 2, 3, 5, 8, 13, 21, 34])
[INFO] [1733671416.310827244] [fibonacci_action_server]: Feedback: array('i', [0, 1, 1, 2, 3, 5, 8, 13, 21, 34, 55])
[INFO] [1733671416.814034850] [fibonacci_action_server]: Executing goal...
[INFO] [1733671416.814409266] [fibonacci_action_server]: Feedback: array('i', [0, 1, 1])
[INFO] [1733671417.315952057] [fibonacci_action_server]: Feedback: array('i', [0, 1, 1, 2])
[INFO] [1733671417.817486488] [fibonacci_action_server]: Feedback: array('i', [0, 1, 1, 2, 3])
[INFO] [1733671418.318950812] [fibonacci_action_server]: Feedback: array('i', [0, 1, 1, 2, 3, 5])
[INFO] [1733671418.820560692] [fibonacci_action_server]: Feedback: array('i', [0, 1, 1, 2, 3, 5, 8])
[INFO] [1733671419.321782563] [fibonacci_action_server]: Feedback: array('i', [0, 1, 1, 2, 3, 5, 8, 13])
[INFO] [1733671419.823187226] [fibonacci_action_server]: Feedback: array('i', [0, 1, 1, 2, 3, 5, 8, 13, 21])
[INFO] [1733671420.324508376] [fibonacci_action_server]: Feedback: array('i', [0, 1, 1, 2, 3, 5, 8, 13, 21, 34])
[INFO] [1733671420.825942275] [fibonacci_action_server]: Feedback: array('i', [0, 1, 1, 2, 3, 5, 8, 13, 21, 34, 55])
[INFO] [1733671421.328795359] [fibonacci_action_server]: Executing goal...
[INFO] [1733671421.329231236] [fibonacci_action_server]: Feedback: array('i', [0, 1, 1])
[INFO] [1733671421.830499739] [fibonacci_action_server]: Feedback: array('i', [0, 1, 1, 2])
[INFO] [1733671422.331708433] [fibonacci_action_server]: Feedback: array('i', [0, 1, 1, 2, 3])
[INFO] [1733671422.832494353] [fibonacci_action_server]: Feedback: array('i', [0, 1, 1, 2, 3, 5])
[INFO] [1733671423.334059535] [fibonacci_action_server]: Feedback: array('i', [0, 1, 1, 2, 3, 5, 8])
[INFO] [1733671423.835268871] [fibonacci_action_server]: Feedback: array('i', [0, 1, 1, 2, 3, 5, 8, 13])
[INFO] [1733671424.336377764] [fibonacci_action_server]: Feedback: array('i', [0, 1, 1, 2, 3, 5, 8, 13, 21])
[INFO] [1733671424.837596794] [fibonacci_action_server]: Feedback: array('i', [0, 1, 1, 2, 3, 5, 8, 13, 21, 34])
[INFO] [1733671425.339165312] [fibonacci_action_server]: Feedback: array('i', [0, 1, 1, 2, 3, 5, 8, 13, 21, 34, 55])
[INFO] [1733671425.842043310] [fibonacci_action_server]: Executing goal...
[INFO] [1733671425.842422229] [fibonacci_action_server]: Feedback: array('i', [0, 1, 1])
[INFO] [1733671426.343757106] [fibonacci_action_server]: Feedback: array('i', [0, 1, 1, 2])
[INFO] [1733671426.845080588] [fibonacci_action_server]: Feedback: array('i', [0, 1, 1, 2, 3])
[INFO] [1733671427.346509909] [fibonacci_action_server]: Feedback: array('i', [0, 1, 1, 2, 3, 5])
[INFO] [1733671427.847682231] [fibonacci_action_server]: Feedback: array('i', [0, 1, 1, 2, 3, 5, 8])
[INFO] [1733671428.349018865] [fibonacci_action_server]: Feedback: array('i', [0, 1, 1, 2, 3, 5, 8, 13])
[INFO] [1733671428.850431863] [fibonacci_action_server]: Feedback: array('i', [0, 1, 1, 2, 3, 5, 8, 13, 21])
[INFO] [1733671429.351725396] [fibonacci_action_server]: Feedback: array('i', [0, 1, 1, 2, 3, 5, 8, 13, 21, 34])
[INFO] [1733671429.853114546] [fibonacci_action_server]: Feedback: array('i', [0, 1, 1, 2, 3, 5, 8, 13, 21, 34, 55])
[INFO] [1733671430.355889378] [fibonacci_action_server]: Executing goal...
[INFO] [1733671430.356385882] [fibonacci_action_server]: Feedback: array('i', [0, 1, 1])
[INFO] [1733671430.857434286] [fibonacci_action_server]: Feedback: array('i', [0, 1, 1, 2])
[INFO] [1733671431.358847842] [fibonacci_action_server]: Feedback: array('i', [0, 1, 1, 2, 3])
[INFO] [1733671431.860362611] [fibonacci_action_server]: Feedback: array('i', [0, 1, 1, 2, 3, 5])
[INFO] [1733671432.361851232] [fibonacci_action_server]: Feedback: array('i', [0, 1, 1, 2, 3, 5, 8])
[INFO] [1733671432.863319266] [fibonacci_action_server]: Feedback: array('i', [0, 1, 1, 2, 3, 5, 8, 13])
[INFO] [1733671433.364554374] [fibonacci_action_server]: Feedback: array('i', [0, 1, 1, 2, 3, 5, 8, 13, 21])
[INFO] [1733671433.865945735] [fibonacci_action_server]: Feedback: array('i', [0, 1, 1, 2, 3, 5, 8, 13, 21, 34])
[INFO] [1733671434.367535662] [fibonacci_action_server]: Feedback: array('i', [0, 1, 1, 2, 3, 5, 8, 13, 21, 34, 55])
[INFO] [1733671434.870193238] [fibonacci_action_server]: Executing goal...
[INFO] [1733671434.870645893] [fibonacci_action_server]: Feedback: array('i', [0, 1, 1])
[INFO] [1733671435.371819326] [fibonacci_action_server]: Feedback: array('i', [0, 1, 1, 2])
[INFO] [1733671435.872990002] [fibonacci_action_server]: Feedback: array('i', [0, 1, 1, 2, 3])
[INFO] [1733671436.374217509] [fibonacci_action_server]: Feedback: array('i', [0, 1, 1, 2, 3, 5])
[INFO] [1733671436.875808154] [fibonacci_action_server]: Feedback: array('i', [0, 1, 1, 2, 3, 5, 8])
[INFO] [1733671437.377044602] [fibonacci_action_server]: Feedback: array('i', [0, 1, 1, 2, 3, 5, 8, 13])
[INFO] [1733671437.878526331] [fibonacci_action_server]: Feedback: array('i', [0, 1, 1, 2, 3, 5, 8, 13, 21])
[INFO] [1733671438.379672132] [fibonacci_action_server]: Feedback: array('i', [0, 1, 1, 2, 3, 5, 8, 13, 21, 34])
[INFO] [1733671438.880848238] [fibonacci_action_server]: Feedback: array('i', [0, 1, 1, 2, 3, 5, 8, 13, 21, 34, 55])
[INFO] [1733671439.383880740] [fibonacci_action_server]: Executing goal...
[INFO] [1733671439.384263945] [fibonacci_action_server]: Feedback: array('i', [0, 1, 1])
[INFO] [1733671439.885568689] [fibonacci_action_server]: Feedback: array('i', [0, 1, 1, 2])
[INFO] [1733671440.386985376] [fibonacci_action_server]: Feedback: array('i', [0, 1, 1, 2, 3])
[INFO] [1733671440.888487073] [fibonacci_action_server]: Feedback: array('i', [0, 1, 1, 2, 3, 5])
[INFO] [1733671441.389941578] [fibonacci_action_server]: Feedback: array('i', [0, 1, 1, 2, 3, 5, 8])
[INFO] [1733671441.891156421] [fibonacci_action_server]: Feedback: array('i', [0, 1, 1, 2, 3, 5, 8, 13])
[INFO] [1733671442.392444335] [fibonacci_action_server]: Feedback: array('i', [0, 1, 1, 2, 3, 5, 8, 13, 21])
[INFO] [1733671442.893921356] [fibonacci_action_server]: Feedback: array('i', [0, 1, 1, 2, 3, 5, 8, 13, 21, 34])
[INFO] [1733671443.395413203] [fibonacci_action_server]: Feedback: array('i', [0, 1, 1, 2, 3, 5, 8, 13, 21, 34, 55])
[INFO] [1733671443.898102175] [fibonacci_action_server]: Shutting down node...
RAPL is set
