[INFO] [1733797637.803470103] [fibonacci_action_server]: Received goal request with order 10
[INFO] [1733797637.803671215] [fibonacci_action_server]: Executing goal...
[INFO] [1733797637.803768695] [fibonacci_action_server]: Feedback: [1]
[INFO] [1733797637.959689328] [fibonacci_action_server]: Received goal request with order 10
[INFO] [1733797637.959889885] [fibonacci_action_server]: Executing goal...
[INFO] [1733797637.960321616] [fibonacci_action_server]: Feedback: [1]
[INFO] [1733797638.803922160] [fibonacci_action_server]: Feedback: [2]
[INFO] [1733797638.960457597] [fibonacci_action_server]: Feedback: [2]
[INFO] [1733797639.804177899] [fibonacci_action_server]: Feedback: [3]
[INFO] [1733797639.960648019] [fibonacci_action_server]: Feedback: [3]
[INFO] [1733797640.804350522] [fibonacci_action_server]: Feedback: [5]
[INFO] [1733797640.960791399] [fibonacci_action_server]: Feedback: [5]
[INFO] [1733797641.804587470] [fibonacci_action_server]: Feedback: [8]
[INFO] [1733797641.960934165] [fibonacci_action_server]: Feedback: [8]
[INFO] [1733797642.804841295] [fibonacci_action_server]: Feedback: [13]
[INFO] [1733797642.961190131] [fibonacci_action_server]: Feedback: [13]
[INFO] [1733797643.805011980] [fibonacci_action_server]: Feedback: [21]
[INFO] [1733797643.961390579] [fibonacci_action_server]: Feedback: [21]
[INFO] [1733797644.805227263] [fibonacci_action_server]: Feedback: [34]
[INFO] [1733797644.961571747] [fibonacci_action_server]: Feedback: [34]
[INFO] [1733797645.805371863] [fibonacci_action_server]: Feedback: [55]
[INFO] [1733797645.961776893] [fibonacci_action_server]: Feedback: [55]
[INFO] [1733797646.805605246] [fibonacci_action_server]: Goal succeeded
[INFO] [1733797646.805917060] [fibonacci_action_server]: Received goal request with order 10
[INFO] [1733797646.806052246] [fibonacci_action_server]: Executing goal...
[INFO] [1733797646.806101029] [fibonacci_action_server]: Feedback: [1]
[INFO] [1733797646.962017839] [fibonacci_action_server]: Goal succeeded
[INFO] [1733797646.962388860] [fibonacci_action_server]: Received goal request with order 10
[INFO] [1733797646.962467386] [fibonacci_action_server]: Executing goal...
[INFO] [1733797646.962519808] [fibonacci_action_server]: Feedback: [1]
[INFO] [1733797647.806249462] [fibonacci_action_server]: Feedback: [2]
[INFO] [1733797647.962670735] [fibonacci_action_server]: Feedback: [2]
[INFO] [1733797648.806421730] [fibonacci_action_server]: Feedback: [3]
[INFO] [1733797648.962862869] [fibonacci_action_server]: Feedback: [3]
[INFO] [1733797649.806587878] [fibonacci_action_server]: Feedback: [5]
[INFO] [1733797649.963019094] [fibonacci_action_server]: Feedback: [5]
[INFO] [1733797650.806765946] [fibonacci_action_server]: Feedback: [8]
[INFO] [1733797650.963209726] [fibonacci_action_server]: Feedback: [8]
[INFO] [1733797651.806940386] [fibonacci_action_server]: Feedback: [13]
[INFO] [1733797651.963426855] [fibonacci_action_server]: Feedback: [13]
[INFO] [1733797652.807112005] [fibonacci_action_server]: Feedback: [21]
[INFO] [1733797652.963591063] [fibonacci_action_server]: Feedback: [21]
[INFO] [1733797653.807290415] [fibonacci_action_server]: Feedback: [34]
[INFO] [1733797653.963766646] [fibonacci_action_server]: Feedback: [34]
[INFO] [1733797654.807522012] [fibonacci_action_server]: Feedback: [55]
[INFO] [1733797654.963947646] [fibonacci_action_server]: Feedback: [55]
[INFO] [1733797655.807713934] [fibonacci_action_server]: Goal succeeded
[INFO] [1733797655.807964090] [fibonacci_action_server]: Received goal request with order 10
[INFO] [1733797655.808061910] [fibonacci_action_server]: Executing goal...
[INFO] [1733797655.808108472] [fibonacci_action_server]: Feedback: [1]
[INFO] [1733797655.964201628] [fibonacci_action_server]: Goal succeeded
[INFO] [1733797655.964565110] [fibonacci_action_server]: Received goal request with order 10
[INFO] [1733797655.964676843] [fibonacci_action_server]: Executing goal...
[INFO] [1733797655.964787927] [fibonacci_action_server]: Feedback: [1]
[INFO] [1733797656.808237511] [fibonacci_action_server]: Feedback: [2]
[INFO] [1733797656.964931845] [fibonacci_action_server]: Feedback: [2]
[INFO] [1733797657.808414711] [fibonacci_action_server]: Feedback: [3]
[INFO] [1733797657.965136434] [fibonacci_action_server]: Feedback: [3]
[INFO] [1733797658.808619250] [fibonacci_action_server]: Feedback: [5]
[INFO] [1733797658.965317048] [fibonacci_action_server]: Feedback: [5]
[INFO] [1733797659.808790401] [fibonacci_action_server]: Feedback: [8]
[INFO] [1733797659.965477590] [fibonacci_action_server]: Feedback: [8]
[INFO] [1733797660.809026135] [fibonacci_action_server]: Feedback: [13]
[INFO] [1733797660.965648172] [fibonacci_action_server]: Feedback: [13]
[INFO] [1733797661.809223951] [fibonacci_action_server]: Feedback: [21]
[INFO] [1733797661.965852638] [fibonacci_action_server]: Feedback: [21]
[INFO] [1733797662.809359183] [fibonacci_action_server]: Feedback: [34]
[INFO] [1733797662.966032530] [fibonacci_action_server]: Feedback: [34]
[INFO] [1733797663.809497234] [fibonacci_action_server]: Feedback: [55]
[INFO] [1733797663.966256233] [fibonacci_action_server]: Feedback: [55]
[INFO] [1733797664.809725896] [fibonacci_action_server]: Goal succeeded
[INFO] [1733797664.810048337] [fibonacci_action_server]: Received goal request with order 10
[INFO] [1733797664.810129080] [fibonacci_action_server]: Executing goal...
[INFO] [1733797664.810178649] [fibonacci_action_server]: Feedback: [1]
[INFO] [1733797664.966464364] [fibonacci_action_server]: Goal succeeded
[INFO] [1733797664.966717684] [fibonacci_action_server]: Received goal request with order 10
[INFO] [1733797664.966830262] [fibonacci_action_server]: Executing goal...
[INFO] [1733797664.966883697] [fibonacci_action_server]: Feedback: [1]
[INFO] [1733797665.810366330] [fibonacci_action_server]: Feedback: [2]
[INFO] [1733797665.967038071] [fibonacci_action_server]: Feedback: [2]
[INFO] [1733797666.810591528] [fibonacci_action_server]: Feedback: [3]
[INFO] [1733797666.967329364] [fibonacci_action_server]: Feedback: [3]
[INFO] [1733797667.810799423] [fibonacci_action_server]: Feedback: [5]
[INFO] [1733797667.967515009] [fibonacci_action_server]: Feedback: [5]
[INFO] [1733797668.810973906] [fibonacci_action_server]: Feedback: [8]
[INFO] [1733797668.967695731] [fibonacci_action_server]: Feedback: [8]
[INFO] [1733797669.811134183] [fibonacci_action_server]: Feedback: [13]
[INFO] [1733797669.967889205] [fibonacci_action_server]: Feedback: [13]
[INFO] [1733797670.811323150] [fibonacci_action_server]: Feedback: [21]
[INFO] [1733797670.968108890] [fibonacci_action_server]: Feedback: [21]
[INFO] [1733797671.811504180] [fibonacci_action_server]: Feedback: [34]
[INFO] [1733797671.968320425] [fibonacci_action_server]: Feedback: [34]
[INFO] [1733797672.811671960] [fibonacci_action_server]: Feedback: [55]
[INFO] [1733797672.968549393] [fibonacci_action_server]: Feedback: [55]
[INFO] [1733797673.811892350] [fibonacci_action_server]: Goal succeeded
[INFO] [1733797673.812166407] [fibonacci_action_server]: Received goal request with order 10
[INFO] [1733797673.812248045] [fibonacci_action_server]: Executing goal...
[INFO] [1733797673.812290409] [fibonacci_action_server]: Feedback: [1]
[INFO] [1733797673.968759229] [fibonacci_action_server]: Goal succeeded
[INFO] [1733797673.969034117] [fibonacci_action_server]: Received goal request with order 10
[INFO] [1733797673.969122611] [fibonacci_action_server]: Executing goal...
[INFO] [1733797673.969165346] [fibonacci_action_server]: Feedback: [1]
[INFO] [1733797674.812421331] [fibonacci_action_server]: Feedback: [2]
[INFO] [1733797674.969350426] [fibonacci_action_server]: Feedback: [2]
[INFO] [1733797675.812600636] [fibonacci_action_server]: Feedback: [3]
[INFO] [1733797675.969523389] [fibonacci_action_server]: Feedback: [3]
[INFO] [1733797676.812772626] [fibonacci_action_server]: Feedback: [5]
[INFO] [1733797676.969717613] [fibonacci_action_server]: Feedback: [5]
[INFO] [1733797677.813012028] [fibonacci_action_server]: Feedback: [8]
[INFO] [1733797677.969917470] [fibonacci_action_server]: Feedback: [8]
[INFO] [1733797678.813165187] [fibonacci_action_server]: Feedback: [13]
[INFO] [1733797678.970205402] [fibonacci_action_server]: Feedback: [13]
[INFO] [1733797679.813337046] [fibonacci_action_server]: Feedback: [21]
[INFO] [1733797679.970477619] [fibonacci_action_server]: Feedback: [21]
[INFO] [1733797680.813480606] [fibonacci_action_server]: Feedback: [34]
[INFO] [1733797680.970673066] [fibonacci_action_server]: Feedback: [34]
[INFO] [1733797681.813655104] [fibonacci_action_server]: Feedback: [55]
[INFO] [1733797681.970855303] [fibonacci_action_server]: Feedback: [55]
[INFO] [1733797682.813856185] [fibonacci_action_server]: Goal succeeded
[INFO] [1733797682.814277766] [fibonacci_action_server]: Received goal request with order 10
[INFO] [1733797682.814380623] [fibonacci_action_server]: Executing goal...
[INFO] [1733797682.814434299] [fibonacci_action_server]: Feedback: [1]
[INFO] [1733797682.971073792] [fibonacci_action_server]: Goal succeeded
[INFO] [1733797682.971392465] [fibonacci_action_server]: Received goal request with order 10
[INFO] [1733797682.971506787] [fibonacci_action_server]: Executing goal...
[INFO] [1733797682.971551739] [fibonacci_action_server]: Feedback: [1]
[INFO] [1733797683.814553568] [fibonacci_action_server]: Feedback: [2]
[INFO] [1733797683.971720233] [fibonacci_action_server]: Feedback: [2]
[INFO] [1733797684.814766839] [fibonacci_action_server]: Feedback: [3]
[INFO] [1733797684.971926237] [fibonacci_action_server]: Feedback: [3]
[INFO] [1733797685.814946843] [fibonacci_action_server]: Feedback: [5]
[INFO] [1733797685.972111701] [fibonacci_action_server]: Feedback: [5]
[INFO] [1733797686.815112367] [fibonacci_action_server]: Feedback: [8]
[INFO] [1733797686.972319948] [fibonacci_action_server]: Feedback: [8]
[INFO] [1733797687.815363166] [fibonacci_action_server]: Feedback: [13]
[INFO] [1733797687.972489175] [fibonacci_action_server]: Feedback: [13]
[INFO] [1733797688.815535035] [fibonacci_action_server]: Feedback: [21]
[INFO] [1733797688.972674686] [fibonacci_action_server]: Feedback: [21]
[INFO] [1733797689.815728471] [fibonacci_action_server]: Feedback: [34]
[INFO] [1733797689.972862397] [fibonacci_action_server]: Feedback: [34]
[INFO] [1733797690.815949094] [fibonacci_action_server]: Feedback: [55]
[INFO] [1733797690.973035048] [fibonacci_action_server]: Feedback: [55]
[INFO] [1733797691.816169950] [fibonacci_action_server]: Goal succeeded
[INFO] [1733797691.816524527] [fibonacci_action_server]: Received goal request with order 10
[INFO] [1733797691.816679949] [fibonacci_action_server]: Executing goal...
[INFO] [1733797691.816730615] [fibonacci_action_server]: Feedback: [1]
[INFO] [1733797691.973307133] [fibonacci_action_server]: Goal succeeded
[INFO] [1733797691.973770316] [fibonacci_action_server]: Received goal request with order 10
[INFO] [1733797691.973888402] [fibonacci_action_server]: Executing goal...
[INFO] [1733797691.973940000] [fibonacci_action_server]: Feedback: [1]
[INFO] [1733797692.816865110] [fibonacci_action_server]: Feedback: [2]
[INFO] [1733797692.974067983] [fibonacci_action_server]: Feedback: [2]
[INFO] [1733797693.817078783] [fibonacci_action_server]: Feedback: [3]
[INFO] [1733797693.974273139] [fibonacci_action_server]: Feedback: [3]
[INFO] [1733797694.817314673] [fibonacci_action_server]: Feedback: [5]
[INFO] [1733797694.974468255] [fibonacci_action_server]: Feedback: [5]
[INFO] [1733797695.817502092] [fibonacci_action_server]: Feedback: [8]
[INFO] [1733797695.974647027] [fibonacci_action_server]: Feedback: [8]
[INFO] [1733797696.817704074] [fibonacci_action_server]: Feedback: [13]
[INFO] [1733797696.974807153] [fibonacci_action_server]: Feedback: [13]
[INFO] [1733797697.817864155] [fibonacci_action_server]: Feedback: [21]
[INFO] [1733797697.974959892] [fibonacci_action_server]: Feedback: [21]
[INFO] [1733797698.818036327] [fibonacci_action_server]: Feedback: [34]
[INFO] [1733797698.975133376] [fibonacci_action_server]: Feedback: [34]
[INFO] [1733797699.818253767] [fibonacci_action_server]: Feedback: [55]
[INFO] [1733797699.975348116] [fibonacci_action_server]: Feedback: [55]
[INFO] [1733797700.818461001] [fibonacci_action_server]: Goal succeeded
[INFO] [1733797700.818814980] [fibonacci_action_server]: Received goal request with order 10
[INFO] [1733797700.818934345] [fibonacci_action_server]: Executing goal...
[INFO] [1733797700.818980849] [fibonacci_action_server]: Feedback: [1]
[INFO] [1733797700.975599778] [fibonacci_action_server]: Goal succeeded
[INFO] [1733797700.975855757] [fibonacci_action_server]: Received goal request with order 10
[INFO] [1733797700.975932620] [fibonacci_action_server]: Executing goal...
[INFO] [1733797700.975980753] [fibonacci_action_server]: Feedback: [1]
[INFO] [1733797701.819130603] [fibonacci_action_server]: Feedback: [2]
[INFO] [1733797701.976118248] [fibonacci_action_server]: Feedback: [2]
[INFO] [1733797702.819304989] [fibonacci_action_server]: Feedback: [3]
[INFO] [1733797702.976329923] [fibonacci_action_server]: Feedback: [3]
[INFO] [1733797703.819493816] [fibonacci_action_server]: Feedback: [5]
[INFO] [1733797703.976520991] [fibonacci_action_server]: Feedback: [5]
[INFO] [1733797704.819678553] [fibonacci_action_server]: Feedback: [8]
[INFO] [1733797704.976741732] [fibonacci_action_server]: Feedback: [8]
[INFO] [1733797705.819870507] [fibonacci_action_server]: Feedback: [13]
[INFO] [1733797705.976963135] [fibonacci_action_server]: Feedback: [13]
[INFO] [1733797706.820066624] [fibonacci_action_server]: Feedback: [21]
[INFO] [1733797706.977186018] [fibonacci_action_server]: Feedback: [21]
[INFO] [1733797707.820228196] [fibonacci_action_server]: Feedback: [34]
[INFO] [1733797707.977403081] [fibonacci_action_server]: Feedback: [34]
[INFO] [1733797708.820392392] [fibonacci_action_server]: Feedback: [55]
[INFO] [1733797708.977569847] [fibonacci_action_server]: Feedback: [55]
[INFO] [1733797709.820651764] [fibonacci_action_server]: Goal succeeded
[INFO] [1733797709.821788968] [fibonacci_action_server]: Received goal request with order 10
[INFO] [1733797709.821893162] [fibonacci_action_server]: Executing goal...
[INFO] [1733797709.821944313] [fibonacci_action_server]: Feedback: [1]
[INFO] [1733797709.977822374] [fibonacci_action_server]: Goal succeeded
[INFO] [1733797709.978114887] [fibonacci_action_server]: Received goal request with order 10
[INFO] [1733797709.978198763] [fibonacci_action_server]: Executing goal...
[INFO] [1733797709.978245935] [fibonacci_action_server]: Feedback: [1]
[INFO] [1733797710.822037247] [fibonacci_action_server]: Feedback: [2]
[INFO] [1733797710.978374568] [fibonacci_action_server]: Feedback: [2]
[INFO] [1733797711.822211938] [fibonacci_action_server]: Feedback: [3]
[INFO] [1733797711.978553250] [fibonacci_action_server]: Feedback: [3]
[INFO] [1733797712.822410767] [fibonacci_action_server]: Feedback: [5]
[INFO] [1733797712.978744986] [fibonacci_action_server]: Feedback: [5]
[INFO] [1733797713.822609222] [fibonacci_action_server]: Feedback: [8]
[INFO] [1733797713.978941693] [fibonacci_action_server]: Feedback: [8]
[INFO] [1733797714.822834739] [fibonacci_action_server]: Feedback: [13]
[INFO] [1733797714.979144271] [fibonacci_action_server]: Feedback: [13]
[INFO] [1733797715.823024271] [fibonacci_action_server]: Feedback: [21]
[INFO] [1733797715.979329266] [fibonacci_action_server]: Feedback: [21]
[INFO] [1733797716.823219351] [fibonacci_action_server]: Feedback: [34]
[INFO] [1733797716.979529452] [fibonacci_action_server]: Feedback: [34]
[INFO] [1733797717.823408607] [fibonacci_action_server]: Feedback: [55]
[INFO] [1733797717.979697331] [fibonacci_action_server]: Feedback: [55]
[INFO] [1733797718.823623837] [fibonacci_action_server]: Goal succeeded
[INFO] [1733797718.823984341] [fibonacci_action_server]: Received goal request with order 10
[INFO] [1733797718.824098364] [fibonacci_action_server]: Executing goal...
[INFO] [1733797718.824152525] [fibonacci_action_server]: Feedback: [1]
[INFO] [1733797718.979953139] [fibonacci_action_server]: Goal succeeded
[INFO] [1733797718.980274636] [fibonacci_action_server]: Received goal request with order 10
[INFO] [1733797718.990067388] [fibonacci_action_server]: Executing goal...
[INFO] [1733797718.990196687] [fibonacci_action_server]: Feedback: [1]
[INFO] [1733797719.824329866] [fibonacci_action_server]: Feedback: [2]
[INFO] [1733797719.990343666] [fibonacci_action_server]: Feedback: [2]
[INFO] [1733797720.825483797] [fibonacci_action_server]: Feedback: [3]
[INFO] [1733797720.990544629] [fibonacci_action_server]: Feedback: [3]
[INFO] [1733797721.825640857] [fibonacci_action_server]: Feedback: [5]
[INFO] [1733797721.990776079] [fibonacci_action_server]: Feedback: [5]
[INFO] [1733797722.825848258] [fibonacci_action_server]: Feedback: [8]
[INFO] [1733797722.990996263] [fibonacci_action_server]: Feedback: [8]
[INFO] [1733797723.826016125] [fibonacci_action_server]: Feedback: [13]
[INFO] [1733797723.991194692] [fibonacci_action_server]: Feedback: [13]
[INFO] [1733797724.826200924] [fibonacci_action_server]: Feedback: [21]
[INFO] [1733797724.991379592] [fibonacci_action_server]: Feedback: [21]
[INFO] [1733797725.826396539] [fibonacci_action_server]: Feedback: [34]
[INFO] [1733797725.991540652] [fibonacci_action_server]: Feedback: [34]
[INFO] [1733797726.826580080] [fibonacci_action_server]: Feedback: [55]
[INFO] [1733797726.991814021] [fibonacci_action_server]: Feedback: [55]
[INFO] [1733797727.826859320] [fibonacci_action_server]: Goal succeeded
[INFO] [1733797727.827243202] [fibonacci_action_server]: Received goal request with order 10
[INFO] [1733797727.827392713] [fibonacci_action_server]: Executing goal...
[INFO] [1733797727.827442232] [fibonacci_action_server]: Feedback: [1]
[INFO] [1733797727.992074551] [fibonacci_action_server]: Goal succeeded
[INFO] [1733797727.992367071] [fibonacci_action_server]: Received goal request with order 10
[INFO] [1733797727.992463819] [fibonacci_action_server]: Executing goal...
[INFO] [1733797727.992518091] [fibonacci_action_server]: Feedback: [1]
[INFO] [1733797728.827571659] [fibonacci_action_server]: Feedback: [2]
[INFO] [1733797728.992651392] [fibonacci_action_server]: Feedback: [2]
[INFO] [1733797729.827803194] [fibonacci_action_server]: Feedback: [3]
[INFO] [1733797729.992856736] [fibonacci_action_server]: Feedback: [3]
[INFO] [1733797730.827939493] [fibonacci_action_server]: Feedback: [5]
[INFO] [1733797730.993034812] [fibonacci_action_server]: Feedback: [5]
[INFO] [1733797731.828179361] [fibonacci_action_server]: Feedback: [8]
[INFO] [1733797731.993218813] [fibonacci_action_server]: Feedback: [8]
[INFO] [1733797732.828355411] [fibonacci_action_server]: Feedback: [13]
[INFO] [1733797732.993455349] [fibonacci_action_server]: Feedback: [13]
[INFO] [1733797733.828535284] [fibonacci_action_server]: Feedback: [21]
[INFO] [1733797733.993635439] [fibonacci_action_server]: Feedback: [21]
[INFO] [1733797734.828749801] [fibonacci_action_server]: Feedback: [34]
[INFO] [1733797734.993871111] [fibonacci_action_server]: Feedback: [34]
[INFO] [1733797735.828972834] [fibonacci_action_server]: Feedback: [55]
[INFO] [1733797735.994042916] [fibonacci_action_server]: Feedback: [55]
[INFO] [1733797736.829176545] [fibonacci_action_server]: Goal succeeded
[INFO] [1733797736.829471943] [fibonacci_action_server]: Received goal request with order 10
[INFO] [1733797736.829554534] [fibonacci_action_server]: Executing goal...
[INFO] [1733797736.829603791] [fibonacci_action_server]: Feedback: [1]
[INFO] [1733797736.994255274] [fibonacci_action_server]: Goal succeeded
[INFO] [1733797736.994502164] [fibonacci_action_server]: Received goal request with order 10
[INFO] [1733797736.994616650] [fibonacci_action_server]: Executing goal...
[INFO] [1733797736.994660707] [fibonacci_action_server]: Feedback: [1]
[INFO] [1733797737.829749181] [fibonacci_action_server]: Feedback: [2]
[INFO] [1733797737.994790612] [fibonacci_action_server]: Feedback: [2]
[INFO] [1733797738.830004791] [fibonacci_action_server]: Feedback: [3]
[INFO] [1733797738.995038990] [fibonacci_action_server]: Feedback: [3]
[INFO] [1733797739.830187865] [fibonacci_action_server]: Feedback: [5]
[INFO] [1733797739.995205179] [fibonacci_action_server]: Feedback: [5]
[INFO] [1733797740.830367293] [fibonacci_action_server]: Feedback: [8]
[INFO] [1733797740.995391465] [fibonacci_action_server]: Feedback: [8]
[INFO] [1733797741.830565976] [fibonacci_action_server]: Feedback: [13]
[INFO] [1733797741.995563626] [fibonacci_action_server]: Feedback: [13]
[INFO] [1733797742.830746034] [fibonacci_action_server]: Feedback: [21]
[INFO] [1733797742.995730081] [fibonacci_action_server]: Feedback: [21]
[INFO] [1733797743.830958517] [fibonacci_action_server]: Feedback: [34]
[INFO] [1733797743.995950516] [fibonacci_action_server]: Feedback: [34]
[INFO] [1733797744.831179186] [fibonacci_action_server]: Feedback: [55]
[INFO] [1733797744.996212977] [fibonacci_action_server]: Feedback: [55]
[INFO] [1733797745.831430000] [fibonacci_action_server]: Goal succeeded
[INFO] [1733797745.831725920] [fibonacci_action_server]: Received goal request with order 10
[INFO] [1733797745.831812958] [fibonacci_action_server]: Executing goal...
[INFO] [1733797745.831860707] [fibonacci_action_server]: Feedback: [1]
[INFO] [1733797745.996475514] [fibonacci_action_server]: Goal succeeded
[INFO] [1733797745.996849294] [fibonacci_action_server]: Received goal request with order 10
[INFO] [1733797745.996988555] [fibonacci_action_server]: Executing goal...
[INFO] [1733797745.997041056] [fibonacci_action_server]: Feedback: [1]
[INFO] [1733797746.832000650] [fibonacci_action_server]: Feedback: [2]
[INFO] [1733797746.997188098] [fibonacci_action_server]: Feedback: [2]
[INFO] [1733797747.832204505] [fibonacci_action_server]: Feedback: [3]
[INFO] [1733797747.997388918] [fibonacci_action_server]: Feedback: [3]
[INFO] [1733797748.832365396] [fibonacci_action_server]: Feedback: [5]
[INFO] [1733797748.997554799] [fibonacci_action_server]: Feedback: [5]
[INFO] [1733797749.832533759] [fibonacci_action_server]: Feedback: [8]
[INFO] [1733797749.997730289] [fibonacci_action_server]: Feedback: [8]
[INFO] [1733797750.832728051] [fibonacci_action_server]: Feedback: [13]
[INFO] [1733797750.997955594] [fibonacci_action_server]: Feedback: [13]
[INFO] [1733797751.832907790] [fibonacci_action_server]: Feedback: [21]
[INFO] [1733797751.998155060] [fibonacci_action_server]: Feedback: [21]
[INFO] [1733797752.833089398] [fibonacci_action_server]: Feedback: [34]
[INFO] [1733797752.998367502] [fibonacci_action_server]: Feedback: [34]
[INFO] [1733797753.833259330] [fibonacci_action_server]: Feedback: [55]
[INFO] [1733797753.998540916] [fibonacci_action_server]: Feedback: [55]
[INFO] [1733797754.833501514] [fibonacci_action_server]: Goal succeeded
[INFO] [1733797754.833785593] [fibonacci_action_server]: Received goal request with order 10
[INFO] [1733797754.833901620] [fibonacci_action_server]: Executing goal...
[INFO] [1733797754.833970789] [fibonacci_action_server]: Feedback: [1]
[INFO] [1733797754.998843386] [fibonacci_action_server]: Goal succeeded
[INFO] [1733797754.999229987] [fibonacci_action_server]: Received goal request with order 10
[INFO] [1733797754.999342421] [fibonacci_action_server]: Executing goal...
[INFO] [1733797754.999428589] [fibonacci_action_server]: Feedback: [1]
[INFO] [1733797755.834099096] [fibonacci_action_server]: Feedback: [2]
[INFO] [1733797755.999566329] [fibonacci_action_server]: Feedback: [2]
[INFO] [1733797756.834363043] [fibonacci_action_server]: Feedback: [3]
[INFO] [1733797756.999750392] [fibonacci_action_server]: Feedback: [3]
[INFO] [1733797757.834538434] [fibonacci_action_server]: Feedback: [5]
[INFO] [1733797757.999943885] [fibonacci_action_server]: Feedback: [5]
[INFO] [1733797758.834711104] [fibonacci_action_server]: Feedback: [8]
[INFO] [1733797759.000145971] [fibonacci_action_server]: Feedback: [8]
[INFO] [1733797759.834911626] [fibonacci_action_server]: Feedback: [13]
[INFO] [1733797760.000384429] [fibonacci_action_server]: Feedback: [13]
[INFO] [1733797760.835124859] [fibonacci_action_server]: Feedback: [21]
[INFO] [1733797761.000557461] [fibonacci_action_server]: Feedback: [21]
[INFO] [1733797761.835282288] [fibonacci_action_server]: Feedback: [34]
[INFO] [1733797762.000753414] [fibonacci_action_server]: Feedback: [34]
[INFO] [1733797762.835529334] [fibonacci_action_server]: Feedback: [55]
[INFO] [1733797763.000994235] [fibonacci_action_server]: Feedback: [55]
[INFO] [1733797763.835717748] [fibonacci_action_server]: Goal succeeded
[INFO] [1733797763.836064108] [fibonacci_action_server]: Received goal request with order 10
[INFO] [1733797763.836196594] [fibonacci_action_server]: Executing goal...
[INFO] [1733797763.836250720] [fibonacci_action_server]: Feedback: [1]
[INFO] [1733797764.001336314] [fibonacci_action_server]: Goal succeeded
[INFO] [1733797764.001620609] [fibonacci_action_server]: Received goal request with order 10
[INFO] [1733797764.001724626] [fibonacci_action_server]: Executing goal...
[INFO] [1733797764.001771497] [fibonacci_action_server]: Feedback: [1]
[INFO] [1733797764.836396060] [fibonacci_action_server]: Feedback: [2]
[INFO] [1733797765.001896195] [fibonacci_action_server]: Feedback: [2]
[INFO] [1733797765.836605434] [fibonacci_action_server]: Feedback: [3]
[INFO] [1733797766.002100865] [fibonacci_action_server]: Feedback: [3]
[INFO] [1733797766.836803004] [fibonacci_action_server]: Feedback: [5]
[INFO] [1733797767.002345066] [fibonacci_action_server]: Feedback: [5]
[INFO] [1733797767.837028529] [fibonacci_action_server]: Feedback: [8]
[INFO] [1733797768.002566821] [fibonacci_action_server]: Feedback: [8]
[INFO] [1733797768.837231569] [fibonacci_action_server]: Feedback: [13]
[INFO] [1733797769.002708555] [fibonacci_action_server]: Feedback: [13]
[INFO] [1733797769.837351690] [fibonacci_action_server]: Feedback: [21]
[INFO] [1733797770.002901788] [fibonacci_action_server]: Feedback: [21]
[INFO] [1733797770.837567107] [fibonacci_action_server]: Feedback: [34]
[INFO] [1733797771.003076680] [fibonacci_action_server]: Feedback: [34]
[INFO] [1733797771.837738849] [fibonacci_action_server]: Feedback: [55]
[INFO] [1733797772.003333574] [fibonacci_action_server]: Feedback: [55]
[INFO] [1733797772.837978783] [fibonacci_action_server]: Goal succeeded
[INFO] [1733797772.838286392] [fibonacci_action_server]: Received goal request with order 10
[INFO] [1733797772.838400140] [fibonacci_action_server]: Executing goal...
[INFO] [1733797772.838448870] [fibonacci_action_server]: Feedback: [1]
[INFO] [1733797773.003556015] [fibonacci_action_server]: Goal succeeded
[INFO] [1733797773.003903814] [fibonacci_action_server]: Received goal request with order 10
[INFO] [1733797773.004016108] [fibonacci_action_server]: Executing goal...
[INFO] [1733797773.004057333] [fibonacci_action_server]: Feedback: [1]
[INFO] [1733797773.838609495] [fibonacci_action_server]: Feedback: [2]
[INFO] [1733797774.004214298] [fibonacci_action_server]: Feedback: [2]
[INFO] [1733797774.838806613] [fibonacci_action_server]: Feedback: [3]
[INFO] [1733797775.004476853] [fibonacci_action_server]: Feedback: [3]
[INFO] [1733797775.839021635] [fibonacci_action_server]: Feedback: [5]
[INFO] [1733797776.004677151] [fibonacci_action_server]: Feedback: [5]
[INFO] [1733797776.839183038] [fibonacci_action_server]: Feedback: [8]
[INFO] [1733797777.004887847] [fibonacci_action_server]: Feedback: [8]
[INFO] [1733797777.839377769] [fibonacci_action_server]: Feedback: [13]
[INFO] [1733797778.005062429] [fibonacci_action_server]: Feedback: [13]
[INFO] [1733797778.839551876] [fibonacci_action_server]: Feedback: [21]
[INFO] [1733797779.005276705] [fibonacci_action_server]: Feedback: [21]
[INFO] [1733797779.839739991] [fibonacci_action_server]: Feedback: [34]
[INFO] [1733797780.005507712] [fibonacci_action_server]: Feedback: [34]
[INFO] [1733797780.839951567] [fibonacci_action_server]: Feedback: [55]
[INFO] [1733797781.005728897] [fibonacci_action_server]: Feedback: [55]
[INFO] [1733797781.840198751] [fibonacci_action_server]: Goal succeeded
[INFO] [1733797781.840583778] [fibonacci_action_server]: Received goal request with order 10
[INFO] [1733797781.840752810] [fibonacci_action_server]: Executing goal...
[INFO] [1733797781.840810425] [fibonacci_action_server]: Feedback: [1]
[INFO] [1733797782.005964769] [fibonacci_action_server]: Goal succeeded
[INFO] [1733797782.006314852] [fibonacci_action_server]: Received goal request with order 10
[INFO] [1733797782.006434453] [fibonacci_action_server]: Executing goal...
[INFO] [1733797782.006484084] [fibonacci_action_server]: Feedback: [1]
[INFO] [1733797782.840898890] [fibonacci_action_server]: Feedback: [2]
[INFO] [1733797783.006607680] [fibonacci_action_server]: Feedback: [2]
[INFO] [1733797783.841072534] [fibonacci_action_server]: Feedback: [3]
[INFO] [1733797784.006799353] [fibonacci_action_server]: Feedback: [3]
[INFO] [1733797784.841219754] [fibonacci_action_server]: Feedback: [5]
[INFO] [1733797785.006959475] [fibonacci_action_server]: Feedback: [5]
[INFO] [1733797785.841394796] [fibonacci_action_server]: Feedback: [8]
[INFO] [1733797786.007138315] [fibonacci_action_server]: Feedback: [8]
[INFO] [1733797786.841608872] [fibonacci_action_server]: Feedback: [13]
[INFO] [1733797787.007317158] [fibonacci_action_server]: Feedback: [13]
[INFO] [1733797787.841853779] [fibonacci_action_server]: Feedback: [21]
[INFO] [1733797788.007511290] [fibonacci_action_server]: Feedback: [21]
[INFO] [1733797788.842057603] [fibonacci_action_server]: Feedback: [34]
[INFO] [1733797789.007734212] [fibonacci_action_server]: Feedback: [34]
[INFO] [1733797789.842269101] [fibonacci_action_server]: Feedback: [55]
[INFO] [1733797790.007921107] [fibonacci_action_server]: Feedback: [55]
[INFO] [1733797790.842456474] [fibonacci_action_server]: Goal succeeded
[INFO] [1733797790.842851013] [fibonacci_action_server]: Received goal request with order 10
[INFO] [1733797790.842979518] [fibonacci_action_server]: Executing goal...
[INFO] [1733797790.843033108] [fibonacci_action_server]: Feedback: [1]
[INFO] [1733797791.008166309] [fibonacci_action_server]: Goal succeeded
[INFO] [1733797791.008414825] [fibonacci_action_server]: Received goal request with order 10
[INFO] [1733797791.008529090] [fibonacci_action_server]: Executing goal...
[INFO] [1733797791.008576428] [fibonacci_action_server]: Feedback: [1]
[INFO] [1733797791.843173519] [fibonacci_action_server]: Feedback: [2]
[INFO] [1733797792.008764104] [fibonacci_action_server]: Feedback: [2]
[INFO] [1733797792.843370470] [fibonacci_action_server]: Feedback: [3]
[INFO] [1733797793.008976211] [fibonacci_action_server]: Feedback: [3]
[INFO] [1733797793.843559953] [fibonacci_action_server]: Feedback: [5]
[INFO] [1733797794.009161298] [fibonacci_action_server]: Feedback: [5]
[INFO] [1733797794.843746452] [fibonacci_action_server]: Feedback: [8]
[INFO] [1733797795.009336797] [fibonacci_action_server]: Feedback: [8]
[INFO] [1733797795.843958576] [fibonacci_action_server]: Feedback: [13]
[INFO] [1733797796.009507975] [fibonacci_action_server]: Feedback: [13]
[INFO] [1733797796.844139713] [fibonacci_action_server]: Feedback: [21]
[INFO] [1733797797.009764083] [fibonacci_action_server]: Feedback: [21]
[INFO] [1733797797.844380897] [fibonacci_action_server]: Feedback: [34]
[INFO] [1733797798.009984506] [fibonacci_action_server]: Feedback: [34]
[INFO] [1733797798.844515069] [fibonacci_action_server]: Feedback: [55]
[INFO] [1733797799.010168129] [fibonacci_action_server]: Feedback: [55]
[INFO] [1733797799.844725055] [fibonacci_action_server]: Goal succeeded
[INFO] [1733797799.845036036] [fibonacci_action_server]: Received goal request with order 10
[INFO] [1733797799.845124911] [fibonacci_action_server]: Executing goal...
[INFO] [1733797799.845173455] [fibonacci_action_server]: Feedback: [1]
[INFO] [1733797800.010414066] [fibonacci_action_server]: Goal succeeded
[INFO] [1733797800.010871706] [fibonacci_action_server]: Received goal request with order 10
[INFO] [1733797800.011031673] [fibonacci_action_server]: Executing goal...
[INFO] [1733797800.011090864] [fibonacci_action_server]: Feedback: [1]
[INFO] [1733797800.845285794] [fibonacci_action_server]: Feedback: [2]
[INFO] [1733797801.011231518] [fibonacci_action_server]: Feedback: [2]
[INFO] [1733797801.845427166] [fibonacci_action_server]: Feedback: [3]
[INFO] [1733797802.011470094] [fibonacci_action_server]: Feedback: [3]
[INFO] [1733797802.845628919] [fibonacci_action_server]: Feedback: [5]
[INFO] [1733797803.011603887] [fibonacci_action_server]: Feedback: [5]
[INFO] [1733797803.845800311] [fibonacci_action_server]: Feedback: [8]
[INFO] [1733797804.011825331] [fibonacci_action_server]: Feedback: [8]
[INFO] [1733797804.846013142] [fibonacci_action_server]: Feedback: [13]
[INFO] [1733797805.012027954] [fibonacci_action_server]: Feedback: [13]
[INFO] [1733797805.846209801] [fibonacci_action_server]: Feedback: [21]
[INFO] [1733797806.012207783] [fibonacci_action_server]: Feedback: [21]
[INFO] [1733797806.846392553] [fibonacci_action_server]: Feedback: [34]
[INFO] [1733797807.012415450] [fibonacci_action_server]: Feedback: [34]
[INFO] [1733797807.846558635] [fibonacci_action_server]: Feedback: [55]
[INFO] [1733797808.012605009] [fibonacci_action_server]: Feedback: [55]
[INFO] [1733797808.846700528] [fibonacci_action_server]: Goal succeeded
[INFO] [1733797808.846942766] [fibonacci_action_server]: Received goal request with order 10
[INFO] [1733797808.847115449] [fibonacci_action_server]: Executing goal...
[INFO] [1733797808.847163659] [fibonacci_action_server]: Feedback: [1]
[INFO] [1733797809.012863751] [fibonacci_action_server]: Goal succeeded
[INFO] [1733797809.013124335] [fibonacci_action_server]: Received goal request with order 10
[INFO] [1733797809.013225760] [fibonacci_action_server]: Executing goal...
[INFO] [1733797809.013282237] [fibonacci_action_server]: Feedback: [1]
[INFO] [1733797809.847295347] [fibonacci_action_server]: Feedback: [2]
[INFO] [1733797810.013416867] [fibonacci_action_server]: Feedback: [2]
[INFO] [1733797810.847536409] [fibonacci_action_server]: Feedback: [3]
[INFO] [1733797811.013610197] [fibonacci_action_server]: Feedback: [3]
[INFO] [1733797811.847721590] [fibonacci_action_server]: Feedback: [5]
[INFO] [1733797812.013873878] [fibonacci_action_server]: Feedback: [5]
[INFO] [1733797812.847889333] [fibonacci_action_server]: Feedback: [8]
[INFO] [1733797813.014045466] [fibonacci_action_server]: Feedback: [8]
[INFO] [1733797813.848107026] [fibonacci_action_server]: Feedback: [13]
[INFO] [1733797814.014243623] [fibonacci_action_server]: Feedback: [13]
[INFO] [1733797814.848271002] [fibonacci_action_server]: Feedback: [21]
[INFO] [1733797815.014441505] [fibonacci_action_server]: Feedback: [21]
[INFO] [1733797815.848452383] [fibonacci_action_server]: Feedback: [34]
[INFO] [1733797816.014677469] [fibonacci_action_server]: Feedback: [34]
[INFO] [1733797816.848641232] [fibonacci_action_server]: Feedback: [55]
[INFO] [1733797817.014929695] [fibonacci_action_server]: Feedback: [55]
[INFO] [1733797817.781177275] [fibonacci_action_server]: Timeout reached, shutting down node...
[ros2run]: Segmentation fault
RAPL is set
