[INFO] [1733617685.563462332] [fibonacci_action_client]: Sending goal with order 10
[INFO] [1733617690.086543651] [fibonacci_action_client]: Goal accepted, waiting for result.
[INFO] [1733617690.088331190] [fibonacci_action_client]: Received feedback: array('i', [0, 1, 1])
[INFO] [1733617690.590136426] [fibonacci_action_client]: Received feedback: array('i', [0, 1, 1, 2])
[INFO] [1733617691.091595871] [fibonacci_action_client]: Received feedback: array('i', [0, 1, 1, 2, 3])
[INFO] [1733617691.593180438] [fibonacci_action_client]: Received feedback: array('i', [0, 1, 1, 2, 3, 5])
[INFO] [1733617692.094584115] [fibonacci_action_client]: Received feedback: array('i', [0, 1, 1, 2, 3, 5, 8])
[INFO] [1733617692.596081201] [fibonacci_action_client]: Received feedback: array('i', [0, 1, 1, 2, 3, 5, 8, 13])
[INFO] [1733617693.097871934] [fibonacci_action_client]: Received feedback: array('i', [0, 1, 1, 2, 3, 5, 8, 13, 21])
[INFO] [1733617693.599183954] [fibonacci_action_client]: Received feedback: array('i', [0, 1, 1, 2, 3, 5, 8, 13, 21, 34])
[INFO] [1733617694.100408944] [fibonacci_action_client]: Received feedback: array('i', [0, 1, 1, 2, 3, 5, 8, 13, 21, 34, 55])
[INFO] [1733617694.603136204] [fibonacci_action_client]: Result: array('i', [0, 1, 1, 2, 3, 5, 8, 13, 21, 34, 55])
[INFO] [1733617695.104436622] [fibonacci_action_client]: Sending goal with order 10
[INFO] [1733617699.117458641] [fibonacci_action_client]: Goal accepted, waiting for result.
[INFO] [1733617699.119017941] [fibonacci_action_client]: Received feedback: array('i', [0, 1, 1])
[INFO] [1733617699.620518546] [fibonacci_action_client]: Received feedback: array('i', [0, 1, 1, 2])
[INFO] [1733617700.121547862] [fibonacci_action_client]: Received feedback: array('i', [0, 1, 1, 2, 3])
[INFO] [1733617700.622933607] [fibonacci_action_client]: Received feedback: array('i', [0, 1, 1, 2, 3, 5])
[INFO] [1733617701.124460712] [fibonacci_action_client]: Received feedback: array('i', [0, 1, 1, 2, 3, 5, 8])
[INFO] [1733617701.625239082] [fibonacci_action_client]: Received feedback: array('i', [0, 1, 1, 2, 3, 5, 8, 13])
[INFO] [1733617702.126614411] [fibonacci_action_client]: Received feedback: array('i', [0, 1, 1, 2, 3, 5, 8, 13, 21])
[INFO] [1733617702.628065858] [fibonacci_action_client]: Received feedback: array('i', [0, 1, 1, 2, 3, 5, 8, 13, 21, 34])
[INFO] [1733617703.129634404] [fibonacci_action_client]: Received feedback: array('i', [0, 1, 1, 2, 3, 5, 8, 13, 21, 34, 55])
[INFO] [1733617703.632420335] [fibonacci_action_client]: Result: array('i', [0, 1, 1, 2, 3, 5, 8, 13, 21, 34, 55])
[INFO] [1733617704.134042996] [fibonacci_action_client]: Sending goal with order 10
[INFO] [1733617708.146381163] [fibonacci_action_client]: Goal accepted, waiting for result.
[INFO] [1733617708.147762687] [fibonacci_action_client]: Received feedback: array('i', [0, 1, 1])
[INFO] [1733617708.649191702] [fibonacci_action_client]: Received feedback: array('i', [0, 1, 1, 2])
[INFO] [1733617709.150225959] [fibonacci_action_client]: Received feedback: array('i', [0, 1, 1, 2, 3])
[INFO] [1733617709.651192617] [fibonacci_action_client]: Received feedback: array('i', [0, 1, 1, 2, 3, 5])
[INFO] [1733617710.152618833] [fibonacci_action_client]: Received feedback: array('i', [0, 1, 1, 2, 3, 5, 8])
[INFO] [1733617710.654247424] [fibonacci_action_client]: Received feedback: array('i', [0, 1, 1, 2, 3, 5, 8, 13])
[INFO] [1733617711.155697745] [fibonacci_action_client]: Received feedback: array('i', [0, 1, 1, 2, 3, 5, 8, 13, 21])
[INFO] [1733617711.657171036] [fibonacci_action_client]: Received feedback: array('i', [0, 1, 1, 2, 3, 5, 8, 13, 21, 34])
[INFO] [1733617712.158667832] [fibonacci_action_client]: Received feedback: array('i', [0, 1, 1, 2, 3, 5, 8, 13, 21, 34, 55])
[INFO] [1733617712.661367715] [fibonacci_action_client]: Result: array('i', [0, 1, 1, 2, 3, 5, 8, 13, 21, 34, 55])
[INFO] [1733617713.162654318] [fibonacci_action_client]: Sending goal with order 10
[INFO] [1733617717.175401403] [fibonacci_action_client]: Goal accepted, waiting for result.
[INFO] [1733617717.176727331] [fibonacci_action_client]: Received feedback: array('i', [0, 1, 1])
[INFO] [1733617717.678066555] [fibonacci_action_client]: Received feedback: array('i', [0, 1, 1, 2])
[INFO] [1733617718.179442584] [fibonacci_action_client]: Received feedback: array('i', [0, 1, 1, 2, 3])
[INFO] [1733617718.680645505] [fibonacci_action_client]: Received feedback: array('i', [0, 1, 1, 2, 3, 5])
[INFO] [1733617719.181512839] [fibonacci_action_client]: Received feedback: array('i', [0, 1, 1, 2, 3, 5, 8])
[INFO] [1733617719.682967883] [fibonacci_action_client]: Received feedback: array('i', [0, 1, 1, 2, 3, 5, 8, 13])
[INFO] [1733617720.184387716] [fibonacci_action_client]: Received feedback: array('i', [0, 1, 1, 2, 3, 5, 8, 13, 21])
[INFO] [1733617720.685376998] [fibonacci_action_client]: Received feedback: array('i', [0, 1, 1, 2, 3, 5, 8, 13, 21, 34])
[INFO] [1733617721.186586452] [fibonacci_action_client]: Received feedback: array('i', [0, 1, 1, 2, 3, 5, 8, 13, 21, 34, 55])
[INFO] [1733617721.689242062] [fibonacci_action_client]: Result: array('i', [0, 1, 1, 2, 3, 5, 8, 13, 21, 34, 55])
[INFO] [1733617722.190269279] [fibonacci_action_client]: Sending goal with order 10
[INFO] [1733617726.201495598] [fibonacci_action_client]: Goal accepted, waiting for result.
[INFO] [1733617726.203420583] [fibonacci_action_client]: Received feedback: array('i', [0, 1, 1])
[INFO] [1733617726.705050653] [fibonacci_action_client]: Received feedback: array('i', [0, 1, 1, 2])
[INFO] [1733617727.206463114] [fibonacci_action_client]: Received feedback: array('i', [0, 1, 1, 2, 3])
[INFO] [1733617727.708149552] [fibonacci_action_client]: Received feedback: array('i', [0, 1, 1, 2, 3, 5])
[INFO] [1733617728.209119449] [fibonacci_action_client]: Received feedback: array('i', [0, 1, 1, 2, 3, 5, 8])
[INFO] [1733617728.710843935] [fibonacci_action_client]: Received feedback: array('i', [0, 1, 1, 2, 3, 5, 8, 13])
[INFO] [1733617729.212304400] [fibonacci_action_client]: Received feedback: array('i', [0, 1, 1, 2, 3, 5, 8, 13, 21])
[INFO] [1733617729.713510159] [fibonacci_action_client]: Received feedback: array('i', [0, 1, 1, 2, 3, 5, 8, 13, 21, 34])
[INFO] [1733617730.214991068] [fibonacci_action_client]: Received feedback: array('i', [0, 1, 1, 2, 3, 5, 8, 13, 21, 34, 55])
[INFO] [1733617730.717966950] [fibonacci_action_client]: Result: array('i', [0, 1, 1, 2, 3, 5, 8, 13, 21, 34, 55])
[INFO] [1733617731.219037470] [fibonacci_action_client]: Sending goal with order 10
[INFO] [1733617735.232434081] [fibonacci_action_client]: Goal accepted, waiting for result.
[INFO] [1733617735.233994031] [fibonacci_action_client]: Received feedback: array('i', [0, 1, 1])
[INFO] [1733617735.735379951] [fibonacci_action_client]: Received feedback: array('i', [0, 1, 1, 2])
[INFO] [1733617736.236968934] [fibonacci_action_client]: Received feedback: array('i', [0, 1, 1, 2, 3])
[INFO] [1733617736.738396458] [fibonacci_action_client]: Received feedback: array('i', [0, 1, 1, 2, 3, 5])
[INFO] [1733617737.239914384] [fibonacci_action_client]: Received feedback: array('i', [0, 1, 1, 2, 3, 5, 8])
[INFO] [1733617737.741411028] [fibonacci_action_client]: Received feedback: array('i', [0, 1, 1, 2, 3, 5, 8, 13])
[INFO] [1733617738.242855650] [fibonacci_action_client]: Received feedback: array('i', [0, 1, 1, 2, 3, 5, 8, 13, 21])
[INFO] [1733617738.744464429] [fibonacci_action_client]: Received feedback: array('i', [0, 1, 1, 2, 3, 5, 8, 13, 21, 34])
[INFO] [1733617739.245383696] [fibonacci_action_client]: Received feedback: array('i', [0, 1, 1, 2, 3, 5, 8, 13, 21, 34, 55])
[INFO] [1733617739.748673767] [fibonacci_action_client]: Result: array('i', [0, 1, 1, 2, 3, 5, 8, 13, 21, 34, 55])
[INFO] [1733617740.249674965] [fibonacci_action_client]: Sending goal with order 10
[INFO] [1733617744.261948948] [fibonacci_action_client]: Goal accepted, waiting for result.
[INFO] [1733617744.263345709] [fibonacci_action_client]: Received feedback: array('i', [0, 1, 1])
[INFO] [1733617744.765023603] [fibonacci_action_client]: Received feedback: array('i', [0, 1, 1, 2])
[INFO] [1733617745.266376399] [fibonacci_action_client]: Received feedback: array('i', [0, 1, 1, 2, 3])
[INFO] [1733617745.767867306] [fibonacci_action_client]: Received feedback: array('i', [0, 1, 1, 2, 3, 5])
[INFO] [1733617746.269436754] [fibonacci_action_client]: Received feedback: array('i', [0, 1, 1, 2, 3, 5, 8])
[INFO] [1733617746.770626622] [fibonacci_action_client]: Received feedback: array('i', [0, 1, 1, 2, 3, 5, 8, 13])
[INFO] [1733617747.272143964] [fibonacci_action_client]: Received feedback: array('i', [0, 1, 1, 2, 3, 5, 8, 13, 21])
[INFO] [1733617747.773043906] [fibonacci_action_client]: Received feedback: array('i', [0, 1, 1, 2, 3, 5, 8, 13, 21, 34])
[INFO] [1733617748.274339216] [fibonacci_action_client]: Received feedback: array('i', [0, 1, 1, 2, 3, 5, 8, 13, 21, 34, 55])
[INFO] [1733617748.777324330] [fibonacci_action_client]: Result: array('i', [0, 1, 1, 2, 3, 5, 8, 13, 21, 34, 55])
[INFO] [1733617749.278349146] [fibonacci_action_client]: Sending goal with order 10
[INFO] [1733617753.291641696] [fibonacci_action_client]: Goal accepted, waiting for result.
[INFO] [1733617753.293008636] [fibonacci_action_client]: Received feedback: array('i', [0, 1, 1])
[INFO] [1733617753.794572058] [fibonacci_action_client]: Received feedback: array('i', [0, 1, 1, 2])
[INFO] [1733617754.296153557] [fibonacci_action_client]: Received feedback: array('i', [0, 1, 1, 2, 3])
[INFO] [1733617754.797614293] [fibonacci_action_client]: Received feedback: array('i', [0, 1, 1, 2, 3, 5])
[INFO] [1733617755.299016542] [fibonacci_action_client]: Received feedback: array('i', [0, 1, 1, 2, 3, 5, 8])
[INFO] [1733617755.800857022] [fibonacci_action_client]: Received feedback: array('i', [0, 1, 1, 2, 3, 5, 8, 13])
[INFO] [1733617756.301937174] [fibonacci_action_client]: Received feedback: array('i', [0, 1, 1, 2, 3, 5, 8, 13, 21])
[INFO] [1733617756.803656633] [fibonacci_action_client]: Received feedback: array('i', [0, 1, 1, 2, 3, 5, 8, 13, 21, 34])
[INFO] [1733617757.305339311] [fibonacci_action_client]: Received feedback: array('i', [0, 1, 1, 2, 3, 5, 8, 13, 21, 34, 55])
[INFO] [1733617757.809041783] [fibonacci_action_client]: Result: array('i', [0, 1, 1, 2, 3, 5, 8, 13, 21, 34, 55])
[INFO] [1733617758.310323106] [fibonacci_action_client]: Sending goal with order 10
[INFO] [1733617762.322105009] [fibonacci_action_client]: Goal accepted, waiting for result.
[INFO] [1733617762.324029472] [fibonacci_action_client]: Received feedback: array('i', [0, 1, 1])
[INFO] [1733617762.825175256] [fibonacci_action_client]: Received feedback: array('i', [0, 1, 1, 2])
[INFO] [1733617763.326736123] [fibonacci_action_client]: Received feedback: array('i', [0, 1, 1, 2, 3])
[INFO] [1733617763.828254929] [fibonacci_action_client]: Received feedback: array('i', [0, 1, 1, 2, 3, 5])
[INFO] [1733617764.329698567] [fibonacci_action_client]: Received feedback: array('i', [0, 1, 1, 2, 3, 5, 8])
[INFO] [1733617764.830831220] [fibonacci_action_client]: Received feedback: array('i', [0, 1, 1, 2, 3, 5, 8, 13])
[INFO] [1733617765.332537325] [fibonacci_action_client]: Received feedback: array('i', [0, 1, 1, 2, 3, 5, 8, 13, 21])
[INFO] [1733617765.833696133] [fibonacci_action_client]: Received feedback: array('i', [0, 1, 1, 2, 3, 5, 8, 13, 21, 34])
[INFO] [1733617766.335208456] [fibonacci_action_client]: Received feedback: array('i', [0, 1, 1, 2, 3, 5, 8, 13, 21, 34, 55])
[INFO] [1733617766.839102202] [fibonacci_action_client]: Result: array('i', [0, 1, 1, 2, 3, 5, 8, 13, 21, 34, 55])
[INFO] [1733617767.340425470] [fibonacci_action_client]: Sending goal with order 10
[INFO] [1733617771.353522184] [fibonacci_action_client]: Goal accepted, waiting for result.
[INFO] [1733617771.355343196] [fibonacci_action_client]: Received feedback: array('i', [0, 1, 1])
[INFO] [1733617771.856610278] [fibonacci_action_client]: Received feedback: array('i', [0, 1, 1, 2])
[INFO] [1733617772.358051676] [fibonacci_action_client]: Received feedback: array('i', [0, 1, 1, 2, 3])
[INFO] [1733617772.859261850] [fibonacci_action_client]: Received feedback: array('i', [0, 1, 1, 2, 3, 5])
[INFO] [1733617773.360383929] [fibonacci_action_client]: Received feedback: array('i', [0, 1, 1, 2, 3, 5, 8])
[INFO] [1733617773.861873866] [fibonacci_action_client]: Received feedback: array('i', [0, 1, 1, 2, 3, 5, 8, 13])
[INFO] [1733617774.363358177] [fibonacci_action_client]: Received feedback: array('i', [0, 1, 1, 2, 3, 5, 8, 13, 21])
[INFO] [1733617774.864726451] [fibonacci_action_client]: Received feedback: array('i', [0, 1, 1, 2, 3, 5, 8, 13, 21, 34])
[INFO] [1733617775.366167850] [fibonacci_action_client]: Received feedback: array('i', [0, 1, 1, 2, 3, 5, 8, 13, 21, 34, 55])
[INFO] [1733617775.869679905] [fibonacci_action_client]: Result: array('i', [0, 1, 1, 2, 3, 5, 8, 13, 21, 34, 55])
[INFO] [1733617776.370918916] [fibonacci_action_client]: Sending goal with order 10
[INFO] [1733617780.383751550] [fibonacci_action_client]: Goal accepted, waiting for result.
[INFO] [1733617780.385285544] [fibonacci_action_client]: Received feedback: array('i', [0, 1, 1])
[INFO] [1733617780.886576222] [fibonacci_action_client]: Received feedback: array('i', [0, 1, 1, 2])
[INFO] [1733617781.388156857] [fibonacci_action_client]: Received feedback: array('i', [0, 1, 1, 2, 3])
[INFO] [1733617781.889298398] [fibonacci_action_client]: Received feedback: array('i', [0, 1, 1, 2, 3, 5])
[INFO] [1733617782.390782503] [fibonacci_action_client]: Received feedback: array('i', [0, 1, 1, 2, 3, 5, 8])
[INFO] [1733617782.892216990] [fibonacci_action_client]: Received feedback: array('i', [0, 1, 1, 2, 3, 5, 8, 13])
[INFO] [1733617783.393435545] [fibonacci_action_client]: Received feedback: array('i', [0, 1, 1, 2, 3, 5, 8, 13, 21])
[INFO] [1733617783.894989550] [fibonacci_action_client]: Received feedback: array('i', [0, 1, 1, 2, 3, 5, 8, 13, 21, 34])
[INFO] [1733617784.396445529] [fibonacci_action_client]: Received feedback: array('i', [0, 1, 1, 2, 3, 5, 8, 13, 21, 34, 55])
[INFO] [1733617784.899629096] [fibonacci_action_client]: Result: array('i', [0, 1, 1, 2, 3, 5, 8, 13, 21, 34, 55])
[INFO] [1733617785.400465812] [fibonacci_action_client]: Sending goal with order 10
[INFO] [1733617789.414750929] [fibonacci_action_client]: Goal accepted, waiting for result.
[INFO] [1733617789.415444638] [fibonacci_action_client]: Received feedback: array('i', [0, 1, 1])
[INFO] [1733617789.916088711] [fibonacci_action_client]: Received feedback: array('i', [0, 1, 1, 2])
[INFO] [1733617790.417262677] [fibonacci_action_client]: Received feedback: array('i', [0, 1, 1, 2, 3])
[INFO] [1733617790.918299082] [fibonacci_action_client]: Received feedback: array('i', [0, 1, 1, 2, 3, 5])
[INFO] [1733617791.420035968] [fibonacci_action_client]: Received feedback: array('i', [0, 1, 1, 2, 3, 5, 8])
[INFO] [1733617791.921547663] [fibonacci_action_client]: Received feedback: array('i', [0, 1, 1, 2, 3, 5, 8, 13])
[INFO] [1733617792.422962922] [fibonacci_action_client]: Received feedback: array('i', [0, 1, 1, 2, 3, 5, 8, 13, 21])
[INFO] [1733617792.924329087] [fibonacci_action_client]: Received feedback: array('i', [0, 1, 1, 2, 3, 5, 8, 13, 21, 34])
[INFO] [1733617793.425550022] [fibonacci_action_client]: Received feedback: array('i', [0, 1, 1, 2, 3, 5, 8, 13, 21, 34, 55])
[INFO] [1733617793.929319294] [fibonacci_action_client]: Result: array('i', [0, 1, 1, 2, 3, 5, 8, 13, 21, 34, 55])
[INFO] [1733617794.430374974] [fibonacci_action_client]: Sending goal with order 10
[INFO] [1733617798.442039674] [fibonacci_action_client]: Goal accepted, waiting for result.
[INFO] [1733617798.444147774] [fibonacci_action_client]: Received feedback: array('i', [0, 1, 1])
[INFO] [1733617798.945396312] [fibonacci_action_client]: Received feedback: array('i', [0, 1, 1, 2])
[INFO] [1733617799.447065898] [fibonacci_action_client]: Received feedback: array('i', [0, 1, 1, 2, 3])
[INFO] [1733617799.948714823] [fibonacci_action_client]: Received feedback: array('i', [0, 1, 1, 2, 3, 5])
[INFO] [1733617800.450337490] [fibonacci_action_client]: Received feedback: array('i', [0, 1, 1, 2, 3, 5, 8])
[INFO] [1733617800.951861774] [fibonacci_action_client]: Received feedback: array('i', [0, 1, 1, 2, 3, 5, 8, 13])
[INFO] [1733617801.453413835] [fibonacci_action_client]: Received feedback: array('i', [0, 1, 1, 2, 3, 5, 8, 13, 21])
[INFO] [1733617801.954672382] [fibonacci_action_client]: Received feedback: array('i', [0, 1, 1, 2, 3, 5, 8, 13, 21, 34])
[INFO] [1733617802.456193113] [fibonacci_action_client]: Received feedback: array('i', [0, 1, 1, 2, 3, 5, 8, 13, 21, 34, 55])
[INFO] [1733617802.959818125] [fibonacci_action_client]: Result: array('i', [0, 1, 1, 2, 3, 5, 8, 13, 21, 34, 55])
[INFO] [1733617803.460772288] [fibonacci_action_client]: Sending goal with order 10
[INFO] [1733617807.474790927] [fibonacci_action_client]: Goal accepted, waiting for result.
[INFO] [1733617807.475575653] [fibonacci_action_client]: Received feedback: array('i', [0, 1, 1])
[INFO] [1733617807.975287616] [fibonacci_action_client]: Received feedback: array('i', [0, 1, 1, 2])
[INFO] [1733617808.477152208] [fibonacci_action_client]: Received feedback: array('i', [0, 1, 1, 2, 3])
[INFO] [1733617808.978560795] [fibonacci_action_client]: Received feedback: array('i', [0, 1, 1, 2, 3, 5])
[INFO] [1733617809.479964143] [fibonacci_action_client]: Received feedback: array('i', [0, 1, 1, 2, 3, 5, 8])
[INFO] [1733617809.981346716] [fibonacci_action_client]: Received feedback: array('i', [0, 1, 1, 2, 3, 5, 8, 13])
[INFO] [1733617810.482248009] [fibonacci_action_client]: Received feedback: array('i', [0, 1, 1, 2, 3, 5, 8, 13, 21])
[INFO] [1733617810.983356059] [fibonacci_action_client]: Received feedback: array('i', [0, 1, 1, 2, 3, 5, 8, 13, 21, 34])
[INFO] [1733617811.484687158] [fibonacci_action_client]: Received feedback: array('i', [0, 1, 1, 2, 3, 5, 8, 13, 21, 34, 55])
[INFO] [1733617811.988679577] [fibonacci_action_client]: Result: array('i', [0, 1, 1, 2, 3, 5, 8, 13, 21, 34, 55])
[INFO] [1733617812.489805007] [fibonacci_action_client]: Sending goal with order 10
[INFO] [1733617816.501607814] [fibonacci_action_client]: Goal accepted, waiting for result.
[INFO] [1733617816.502313486] [fibonacci_action_client]: Received feedback: array('i', [0, 1, 1])
[INFO] [1733617817.003337581] [fibonacci_action_client]: Received feedback: array('i', [0, 1, 1, 2])
[INFO] [1733617817.504520439] [fibonacci_action_client]: Received feedback: array('i', [0, 1, 1, 2, 3])
[INFO] [1733617818.005513349] [fibonacci_action_client]: Received feedback: array('i', [0, 1, 1, 2, 3, 5])
[INFO] [1733617818.506971440] [fibonacci_action_client]: Received feedback: array('i', [0, 1, 1, 2, 3, 5, 8])
[INFO] [1733617819.008465772] [fibonacci_action_client]: Received feedback: array('i', [0, 1, 1, 2, 3, 5, 8, 13])
[INFO] [1733617819.509295130] [fibonacci_action_client]: Received feedback: array('i', [0, 1, 1, 2, 3, 5, 8, 13, 21])
[INFO] [1733617820.010557344] [fibonacci_action_client]: Received feedback: array('i', [0, 1, 1, 2, 3, 5, 8, 13, 21, 34])
[INFO] [1733617820.512313625] [fibonacci_action_client]: Received feedback: array('i', [0, 1, 1, 2, 3, 5, 8, 13, 21, 34, 55])
[INFO] [1733617821.015079000] [fibonacci_action_client]: Result: array('i', [0, 1, 1, 2, 3, 5, 8, 13, 21, 34, 55])
[INFO] [1733617821.516201937] [fibonacci_action_client]: Sending goal with order 10
[INFO] [1733617825.530797864] [fibonacci_action_client]: Goal accepted, waiting for result.
[INFO] [1733617825.531558232] [fibonacci_action_client]: Received feedback: array('i', [0, 1, 1])
[INFO] [1733617826.031038959] [fibonacci_action_client]: Received feedback: array('i', [0, 1, 1, 2])
[INFO] [1733617826.532666955] [fibonacci_action_client]: Received feedback: array('i', [0, 1, 1, 2, 3])
[INFO] [1733617827.033801785] [fibonacci_action_client]: Received feedback: array('i', [0, 1, 1, 2, 3, 5])
[INFO] [1733617827.535176073] [fibonacci_action_client]: Received feedback: array('i', [0, 1, 1, 2, 3, 5, 8])
[INFO] [1733617828.036145324] [fibonacci_action_client]: Received feedback: array('i', [0, 1, 1, 2, 3, 5, 8, 13])
[INFO] [1733617828.537658766] [fibonacci_action_client]: Received feedback: array('i', [0, 1, 1, 2, 3, 5, 8, 13, 21])
[INFO] [1733617829.039081375] [fibonacci_action_client]: Received feedback: array('i', [0, 1, 1, 2, 3, 5, 8, 13, 21, 34])
[INFO] [1733617829.540302318] [fibonacci_action_client]: Received feedback: array('i', [0, 1, 1, 2, 3, 5, 8, 13, 21, 34, 55])
[INFO] [1733617830.043269746] [fibonacci_action_client]: Result: array('i', [0, 1, 1, 2, 3, 5, 8, 13, 21, 34, 55])
[INFO] [1733617830.544453553] [fibonacci_action_client]: Sending goal with order 10
[INFO] [1733617834.557903273] [fibonacci_action_client]: Goal accepted, waiting for result.
[INFO] [1733617834.558656258] [fibonacci_action_client]: Received feedback: array('i', [0, 1, 1])
[INFO] [1733617835.059730234] [fibonacci_action_client]: Received feedback: array('i', [0, 1, 1, 2])
[INFO] [1733617835.560667340] [fibonacci_action_client]: Received feedback: array('i', [0, 1, 1, 2, 3])
[INFO] [1733617836.061636526] [fibonacci_action_client]: Received feedback: array('i', [0, 1, 1, 2, 3, 5])
[INFO] [1733617836.563282642] [fibonacci_action_client]: Received feedback: array('i', [0, 1, 1, 2, 3, 5, 8])
[INFO] [1733617837.064929490] [fibonacci_action_client]: Received feedback: array('i', [0, 1, 1, 2, 3, 5, 8, 13])
[INFO] [1733617837.566216971] [fibonacci_action_client]: Received feedback: array('i', [0, 1, 1, 2, 3, 5, 8, 13, 21])
[INFO] [1733617838.067337062] [fibonacci_action_client]: Received feedback: array('i', [0, 1, 1, 2, 3, 5, 8, 13, 21, 34])
[INFO] [1733617838.569130147] [fibonacci_action_client]: Received feedback: array('i', [0, 1, 1, 2, 3, 5, 8, 13, 21, 34, 55])
[INFO] [1733617839.072180258] [fibonacci_action_client]: Result: array('i', [0, 1, 1, 2, 3, 5, 8, 13, 21, 34, 55])
[INFO] [1733617839.573312181] [fibonacci_action_client]: Sending goal with order 10
[INFO] [1733617843.585841410] [fibonacci_action_client]: Goal accepted, waiting for result.
[INFO] [1733617843.586474971] [fibonacci_action_client]: Received feedback: array('i', [0, 1, 1])
[INFO] [1733617844.087493534] [fibonacci_action_client]: Received feedback: array('i', [0, 1, 1, 2])
[INFO] [1733617844.588699323] [fibonacci_action_client]: Received feedback: array('i', [0, 1, 1, 2, 3])
[INFO] [1733617845.089477414] [fibonacci_action_client]: Received feedback: array('i', [0, 1, 1, 2, 3, 5])
[INFO] [1733617845.590901402] [fibonacci_action_client]: Received feedback: array('i', [0, 1, 1, 2, 3, 5, 8])
[INFO] [1733617846.092361213] [fibonacci_action_client]: Received feedback: array('i', [0, 1, 1, 2, 3, 5, 8, 13])
[INFO] [1733617846.593227448] [fibonacci_action_client]: Received feedback: array('i', [0, 1, 1, 2, 3, 5, 8, 13, 21])
[INFO] [1733617847.094443974] [fibonacci_action_client]: Received feedback: array('i', [0, 1, 1, 2, 3, 5, 8, 13, 21, 34])
[INFO] [1733617847.595518418] [fibonacci_action_client]: Received feedback: array('i', [0, 1, 1, 2, 3, 5, 8, 13, 21, 34, 55])
[INFO] [1733617848.098606524] [fibonacci_action_client]: Result: array('i', [0, 1, 1, 2, 3, 5, 8, 13, 21, 34, 55])
[INFO] [1733617848.599654441] [fibonacci_action_client]: Sending goal with order 10
[INFO] [1733617852.613669640] [fibonacci_action_client]: Goal accepted, waiting for result.
[INFO] [1733617852.614582448] [fibonacci_action_client]: Received feedback: array('i', [0, 1, 1])
[INFO] [1733617853.116624855] [fibonacci_action_client]: Received feedback: array('i', [0, 1, 1, 2])
[INFO] [1733617853.617983062] [fibonacci_action_client]: Received feedback: array('i', [0, 1, 1, 2, 3])
[INFO] [1733617854.119543117] [fibonacci_action_client]: Received feedback: array('i', [0, 1, 1, 2, 3, 5])
[INFO] [1733617854.621222559] [fibonacci_action_client]: Received feedback: array('i', [0, 1, 1, 2, 3, 5, 8])
[INFO] [1733617855.122513943] [fibonacci_action_client]: Received feedback: array('i', [0, 1, 1, 2, 3, 5, 8, 13])
[INFO] [1733617855.623905591] [fibonacci_action_client]: Received feedback: array('i', [0, 1, 1, 2, 3, 5, 8, 13, 21])
[INFO] [1733617856.125332706] [fibonacci_action_client]: Received feedback: array('i', [0, 1, 1, 2, 3, 5, 8, 13, 21, 34])
[INFO] [1733617856.626527137] [fibonacci_action_client]: Received feedback: array('i', [0, 1, 1, 2, 3, 5, 8, 13, 21, 34, 55])
[INFO] [1733617857.131706958] [fibonacci_action_client]: Result: array('i', [0, 1, 1, 2, 3, 5, 8, 13, 21, 34, 55])
[INFO] [1733617857.632619313] [fibonacci_action_client]: Sending goal with order 10
[INFO] [1733617861.644327788] [fibonacci_action_client]: Goal accepted, waiting for result.
[INFO] [1733617861.645027179] [fibonacci_action_client]: Received feedback: array('i', [0, 1, 1])
[INFO] [1733617862.146237213] [fibonacci_action_client]: Received feedback: array('i', [0, 1, 1, 2])
[INFO] [1733617862.647688761] [fibonacci_action_client]: Received feedback: array('i', [0, 1, 1, 2, 3])
[INFO] [1733617863.149252644] [fibonacci_action_client]: Received feedback: array('i', [0, 1, 1, 2, 3, 5])
[INFO] [1733617863.650693278] [fibonacci_action_client]: Received feedback: array('i', [0, 1, 1, 2, 3, 5, 8])
[INFO] [1733617864.152212833] [fibonacci_action_client]: Received feedback: array('i', [0, 1, 1, 2, 3, 5, 8, 13])
[INFO] [1733617864.653553891] [fibonacci_action_client]: Received feedback: array('i', [0, 1, 1, 2, 3, 5, 8, 13, 21])
[INFO] [1733617865.154997844] [fibonacci_action_client]: Received feedback: array('i', [0, 1, 1, 2, 3, 5, 8, 13, 21, 34])
[INFO] [1733617865.656399437] [fibonacci_action_client]: Received feedback: array('i', [0, 1, 1, 2, 3, 5, 8, 13, 21, 34, 55])
[INFO] [1733617866.645286509] [fibonacci_action_client]: Result not received due to timeout.
RAPL is set
 34, 55])
[INFO] [1733617862.145381703] [fibonacci_action_client]: Sending goal with order 10
[INFO] [1733617866.158983446] [fibonacci_action_client]: Goal accepted, waiting for result.
[INFO] [1733617871.160377460] [fibonacci_action_client]: Result not received due to timeout.
RAPL is not set
