[INFO] [1733923602.761555271] [fibonacci_action_server]: Received goal request with order 10
[INFO] [1733923602.761904788] [fibonacci_action_server]: Executing goal...
[INFO] [1733923602.762034431] [fibonacci_action_server]: Feedback: [1]
[INFO] [1733923602.762626916] [fibonacci_action_server]: Received goal request with order 10
[INFO] [1733923602.762755309] [fibonacci_action_server]: Executing goal...
[INFO] [1733923602.762817246] [fibonacci_action_server]: Feedback: [1]
[INFO] [1733923603.762220515] [fibonacci_action_server]: Feedback: [2]
[INFO] [1733923603.762933420] [fibonacci_action_server]: Feedback: [2]
[INFO] [1733923604.762404252] [fibonacci_action_server]: Feedback: [3]
[INFO] [1733923604.763090979] [fibonacci_action_server]: Feedback: [3]
[INFO] [1733923605.762776581] [fibonacci_action_server]: Feedback: [5]
[INFO] [1733923605.763400469] [fibonacci_action_server]: Feedback: [5]
[INFO] [1733923606.763053426] [fibonacci_action_server]: Feedback: [8]
[INFO] [1733923606.763534113] [fibonacci_action_server]: Feedback: [8]
[INFO] [1733923607.763238386] [fibonacci_action_server]: Feedback: [13]
[INFO] [1733923607.763653966] [fibonacci_action_server]: Feedback: [13]
[INFO] [1733923608.763481946] [fibonacci_action_server]: Feedback: [21]
[INFO] [1733923608.763746866] [fibonacci_action_server]: Feedback: [21]
[INFO] [1733923609.763711122] [fibonacci_action_server]: Feedback: [34]
[INFO] [1733923609.764415584] [fibonacci_action_server]: Feedback: [34]
[INFO] [1733923610.763922605] [fibonacci_action_server]: Feedback: [55]
[INFO] [1733923610.764724979] [fibonacci_action_server]: Feedback: [55]
[INFO] [1733923611.764314591] [fibonacci_action_server]: Goal succeeded
[INFO] [1733923611.765089964] [fibonacci_action_server]: Goal succeeded
[INFO] [1733923611.989230352] [fibonacci_action_server]: Received goal request with order 10
[INFO] [1733923611.989354234] [fibonacci_action_server]: Executing goal...
[INFO] [1733923611.989411477] [fibonacci_action_server]: Feedback: [1]
[INFO] [1733923612.089756965] [fibonacci_action_server]: Received goal request with order 10
[INFO] [1733923612.089966657] [fibonacci_action_server]: Executing goal...
[INFO] [1733923612.090071156] [fibonacci_action_server]: Feedback: [1]
[INFO] [1733923612.989994541] [fibonacci_action_server]: Feedback: [2]
[INFO] [1733923613.090570084] [fibonacci_action_server]: Feedback: [2]
[INFO] [1733923613.990552592] [fibonacci_action_server]: Feedback: [3]
[INFO] [1733923614.090792368] [fibonacci_action_server]: Feedback: [3]
[INFO] [1733923614.990720327] [fibonacci_action_server]: Feedback: [5]
[INFO] [1733923615.091020112] [fibonacci_action_server]: Feedback: [5]
[INFO] [1733923615.991274405] [fibonacci_action_server]: Feedback: [8]
[INFO] [1733923616.091435916] [fibonacci_action_server]: Feedback: [8]
[INFO] [1733923616.991470288] [fibonacci_action_server]: Feedback: [13]
[INFO] [1733923617.092002594] [fibonacci_action_server]: Feedback: [13]
[INFO] [1733923617.991924417] [fibonacci_action_server]: Feedback: [21]
[INFO] [1733923618.092340763] [fibonacci_action_server]: Feedback: [21]
[INFO] [1733923618.992392790] [fibonacci_action_server]: Feedback: [34]
[INFO] [1733923619.092693317] [fibonacci_action_server]: Feedback: [34]
[INFO] [1733923619.992756391] [fibonacci_action_server]: Feedback: [55]
[INFO] [1733923620.093341770] [fibonacci_action_server]: Feedback: [55]
[INFO] [1733923620.993191284] [fibonacci_action_server]: Goal succeeded
[INFO] [1733923621.093842382] [fibonacci_action_server]: Goal succeeded
[INFO] [1733923621.322701410] [fibonacci_action_server]: Received goal request with order 10
[INFO] [1733923621.322804759] [fibonacci_action_server]: Executing goal...
[INFO] [1733923621.322853349] [fibonacci_action_server]: Feedback: [1]
[INFO] [1733923621.423309603] [fibonacci_action_server]: Received goal request with order 10
[INFO] [1733923621.423481507] [fibonacci_action_server]: Executing goal...
[INFO] [1733923621.423595875] [fibonacci_action_server]: Feedback: [1]
[INFO] [1733923622.323349263] [fibonacci_action_server]: Feedback: [2]
[INFO] [1733923622.423763375] [fibonacci_action_server]: Feedback: [2]
[INFO] [1733923623.323913324] [fibonacci_action_server]: Feedback: [3]
[INFO] [1733923623.424094510] [fibonacci_action_server]: Feedback: [3]
[INFO] [1733923624.324245722] [fibonacci_action_server]: Feedback: [5]
[INFO] [1733923624.424372453] [fibonacci_action_server]: Feedback: [5]
[INFO] [1733923625.324486279] [fibonacci_action_server]: Feedback: [8]
[INFO] [1733923625.424593698] [fibonacci_action_server]: Feedback: [8]
[INFO] [1733923626.324913585] [fibonacci_action_server]: Feedback: [13]
[INFO] [1733923626.424852520] [fibonacci_action_server]: Feedback: [13]
[INFO] [1733923627.325397067] [fibonacci_action_server]: Feedback: [21]
[INFO] [1733923627.425072461] [fibonacci_action_server]: Feedback: [21]
[INFO] [1733923628.325707549] [fibonacci_action_server]: Feedback: [34]
[INFO] [1733923628.425306331] [fibonacci_action_server]: Feedback: [34]
[INFO] [1733923629.326268965] [fibonacci_action_server]: Feedback: [55]
[INFO] [1733923629.425753233] [fibonacci_action_server]: Feedback: [55]
[INFO] [1733923630.326861987] [fibonacci_action_server]: Goal succeeded
[INFO] [1733923630.426057036] [fibonacci_action_server]: Goal succeeded
[INFO] [1733923630.652509484] [fibonacci_action_server]: Received goal request with order 10
[INFO] [1733923630.652652381] [fibonacci_action_server]: Executing goal...
[INFO] [1733923630.652706699] [fibonacci_action_server]: Feedback: [1]
[INFO] [1733923630.752672956] [fibonacci_action_server]: Received goal request with order 10
[INFO] [1733923630.752815613] [fibonacci_action_server]: Executing goal...
[INFO] [1733923630.752934342] [fibonacci_action_server]: Feedback: [1]
[INFO] [1733923631.653030621] [fibonacci_action_server]: Feedback: [2]
[INFO] [1733923631.753512240] [fibonacci_action_server]: Feedback: [2]
[INFO] [1733923632.653228377] [fibonacci_action_server]: Feedback: [3]
[INFO] [1733923632.753786723] [fibonacci_action_server]: Feedback: [3]
[INFO] [1733923633.653546611] [fibonacci_action_server]: Feedback: [5]
[INFO] [1733923633.753999659] [fibonacci_action_server]: Feedback: [5]
[INFO] [1733923634.653971839] [fibonacci_action_server]: Feedback: [8]
[INFO] [1733923634.754216398] [fibonacci_action_server]: Feedback: [8]
[INFO] [1733923635.654457159] [fibonacci_action_server]: Feedback: [13]
[INFO] [1733923635.754702145] [fibonacci_action_server]: Feedback: [13]
[INFO] [1733923636.654749572] [fibonacci_action_server]: Feedback: [21]
[INFO] [1733923636.755120591] [fibonacci_action_server]: Feedback: [21]
[INFO] [1733923637.655152000] [fibonacci_action_server]: Feedback: [34]
[INFO] [1733923637.755615511] [fibonacci_action_server]: Feedback: [34]
[INFO] [1733923638.655730029] [fibonacci_action_server]: Feedback: [55]
[INFO] [1733923638.755819583] [fibonacci_action_server]: Feedback: [55]
[INFO] [1733923639.656045917] [fibonacci_action_server]: Goal succeeded
[INFO] [1733923639.756056477] [fibonacci_action_server]: Goal succeeded
[INFO] [1733923639.979579354] [fibonacci_action_server]: Received goal request with order 10
[INFO] [1733923639.979715430] [fibonacci_action_server]: Executing goal...
[INFO] [1733923639.979775970] [fibonacci_action_server]: Feedback: [1]
[INFO] [1733923640.079832058] [fibonacci_action_server]: Received goal request with order 10
[INFO] [1733923640.080016128] [fibonacci_action_server]: Executing goal...
[INFO] [1733923640.080077105] [fibonacci_action_server]: Feedback: [1]
[INFO] [1733923640.979943967] [fibonacci_action_server]: Feedback: [2]
[INFO] [1733923641.080380805] [fibonacci_action_server]: Feedback: [2]
[INFO] [1733923641.980290690] [fibonacci_action_server]: Feedback: [3]
[INFO] [1733923642.080585204] [fibonacci_action_server]: Feedback: [3]
[INFO] [1733923642.980604495] [fibonacci_action_server]: Feedback: [5]
[INFO] [1733923643.080924127] [fibonacci_action_server]: Feedback: [5]
[INFO] [1733923643.980846332] [fibonacci_action_server]: Feedback: [8]
[INFO] [1733923644.081266855] [fibonacci_action_server]: Feedback: [8]
[INFO] [1733923644.981055936] [fibonacci_action_server]: Feedback: [13]
[INFO] [1733923645.081579565] [fibonacci_action_server]: Feedback: [13]
[INFO] [1733923645.981271433] [fibonacci_action_server]: Feedback: [21]
[INFO] [1733923646.081840393] [fibonacci_action_server]: Feedback: [21]
[INFO] [1733923646.981617057] [fibonacci_action_server]: Feedback: [34]
[INFO] [1733923647.082279252] [fibonacci_action_server]: Feedback: [34]
[INFO] [1733923647.981837312] [fibonacci_action_server]: Feedback: [55]
[INFO] [1733923648.082614218] [fibonacci_action_server]: Feedback: [55]
[INFO] [1733923648.982443033] [fibonacci_action_server]: Goal succeeded
[INFO] [1733923649.083002061] [fibonacci_action_server]: Goal succeeded
[INFO] [1733923649.307410721] [fibonacci_action_server]: Received goal request with order 10
[INFO] [1733923649.307678929] [fibonacci_action_server]: Executing goal...
[INFO] [1733923649.307800061] [fibonacci_action_server]: Feedback: [1]
[INFO] [1733923649.407492585] [fibonacci_action_server]: Received goal request with order 10
[INFO] [1733923649.416903989] [fibonacci_action_server]: Executing goal...
[INFO] [1733923649.417179523] [fibonacci_action_server]: Feedback: [1]
[INFO] [1733923650.308117005] [fibonacci_action_server]: Feedback: [2]
[INFO] [1733923650.417476762] [fibonacci_action_server]: Feedback: [2]
[INFO] [1733923651.308691006] [fibonacci_action_server]: Feedback: [3]
[INFO] [1733923651.417997384] [fibonacci_action_server]: Feedback: [3]
[INFO] [1733923652.309072842] [fibonacci_action_server]: Feedback: [5]
[INFO] [1733923652.418199327] [fibonacci_action_server]: Feedback: [5]
[INFO] [1733923653.309493824] [fibonacci_action_server]: Feedback: [8]
[INFO] [1733923653.418402488] [fibonacci_action_server]: Feedback: [8]
[INFO] [1733923654.309854590] [fibonacci_action_server]: Feedback: [13]
[INFO] [1733923654.418681147] [fibonacci_action_server]: Feedback: [13]
[INFO] [1733923655.310160473] [fibonacci_action_server]: Feedback: [21]
[INFO] [1733923655.419206220] [fibonacci_action_server]: Feedback: [21]
[INFO] [1733923656.310645244] [fibonacci_action_server]: Feedback: [34]
[INFO] [1733923656.419404734] [fibonacci_action_server]: Feedback: [34]
[INFO] [1733923657.310999426] [fibonacci_action_server]: Feedback: [55]
[INFO] [1733923657.419999095] [fibonacci_action_server]: Feedback: [55]
[INFO] [1733923658.311437017] [fibonacci_action_server]: Goal succeeded
[INFO] [1733923658.420322511] [fibonacci_action_server]: Goal succeeded
[INFO] [1733923658.636583353] [fibonacci_action_server]: Received goal request with order 10
[INFO] [1733923658.636779156] [fibonacci_action_server]: Executing goal...
[INFO] [1733923658.636842775] [fibonacci_action_server]: Feedback: [1]
[INFO] [1733923658.736766027] [fibonacci_action_server]: Received goal request with order 10
[INFO] [1733923658.736982402] [fibonacci_action_server]: Executing goal...
[INFO] [1733923658.737095178] [fibonacci_action_server]: Feedback: [1]
[INFO] [1733923659.637161990] [fibonacci_action_server]: Feedback: [2]
[INFO] [1733923659.737247960] [fibonacci_action_server]: Feedback: [2]
[INFO] [1733923660.637482864] [fibonacci_action_server]: Feedback: [3]
[INFO] [1733923660.737719954] [fibonacci_action_server]: Feedback: [3]
[INFO] [1733923661.637672673] [fibonacci_action_server]: Feedback: [5]
[INFO] [1733923661.738264758] [fibonacci_action_server]: Feedback: [5]
[INFO] [1733923662.637933256] [fibonacci_action_server]: Feedback: [8]
[INFO] [1733923662.738709009] [fibonacci_action_server]: Feedback: [8]
[INFO] [1733923663.638294849] [fibonacci_action_server]: Feedback: [13]
[INFO] [1733923663.738940405] [fibonacci_action_server]: Feedback: [13]
[INFO] [1733923664.638604118] [fibonacci_action_server]: Feedback: [21]
[INFO] [1733923664.739129047] [fibonacci_action_server]: Feedback: [21]
[INFO] [1733923665.638917665] [fibonacci_action_server]: Feedback: [34]
[INFO] [1733923665.739375945] [fibonacci_action_server]: Feedback: [34]
[INFO] [1733923666.639408191] [fibonacci_action_server]: Feedback: [55]
[INFO] [1733923666.739687371] [fibonacci_action_server]: Feedback: [55]
[INFO] [1733923667.639660682] [fibonacci_action_server]: Goal succeeded
[INFO] [1733923667.740043292] [fibonacci_action_server]: Goal succeeded
[INFO] [1733923667.967101356] [fibonacci_action_server]: Received goal request with order 10
[INFO] [1733923667.967327425] [fibonacci_action_server]: Executing goal...
[INFO] [1733923667.967412104] [fibonacci_action_server]: Feedback: [1]
[INFO] [1733923668.066156818] [fibonacci_action_server]: Received goal request with order 10
[INFO] [1733923668.066459640] [fibonacci_action_server]: Executing goal...
[INFO] [1733923668.066600576] [fibonacci_action_server]: Feedback: [1]
[INFO] [1733923668.967662896] [fibonacci_action_server]: Feedback: [2]
[INFO] [1733923669.066799724] [fibonacci_action_server]: Feedback: [2]
[INFO] [1733923669.967874834] [fibonacci_action_server]: Feedback: [3]
[INFO] [1733923670.067034268] [fibonacci_action_server]: Feedback: [3]
[INFO] [1733923670.968148629] [fibonacci_action_server]: Feedback: [5]
[INFO] [1733923671.067329226] [fibonacci_action_server]: Feedback: [5]
[INFO] [1733923671.968520212] [fibonacci_action_server]: Feedback: [8]
[INFO] [1733923672.067812132] [fibonacci_action_server]: Feedback: [8]
[INFO] [1733923672.968711825] [fibonacci_action_server]: Feedback: [13]
[INFO] [1733923673.068017587] [fibonacci_action_server]: Feedback: [13]
[INFO] [1733923673.969181063] [fibonacci_action_server]: Feedback: [21]
[INFO] [1733923674.068371059] [fibonacci_action_server]: Feedback: [21]
[INFO] [1733923674.969443251] [fibonacci_action_server]: Feedback: [34]
[INFO] [1733923675.068589244] [fibonacci_action_server]: Feedback: [34]
[INFO] [1733923675.969674936] [fibonacci_action_server]: Feedback: [55]
[INFO] [1733923676.069097664] [fibonacci_action_server]: Feedback: [55]
[INFO] [1733923676.970194092] [fibonacci_action_server]: Goal succeeded
[INFO] [1733923677.069626279] [fibonacci_action_server]: Goal succeeded
[INFO] [1733923677.293436016] [fibonacci_action_server]: Received goal request with order 10
[INFO] [1733923677.293594716] [fibonacci_action_server]: Executing goal...
[INFO] [1733923677.293696484] [fibonacci_action_server]: Feedback: [1]
[INFO] [1733923677.394070931] [fibonacci_action_server]: Received goal request with order 10
[INFO] [1733923677.394263229] [fibonacci_action_server]: Executing goal...
[INFO] [1733923677.394354607] [fibonacci_action_server]: Feedback: [1]
[INFO] [1733923678.294035883] [fibonacci_action_server]: Feedback: [2]
[INFO] [1733923678.394769828] [fibonacci_action_server]: Feedback: [2]
[INFO] [1733923679.294510756] [fibonacci_action_server]: Feedback: [3]
[INFO] [1733923679.395321868] [fibonacci_action_server]: Feedback: [3]
[INFO] [1733923680.294718094] [fibonacci_action_server]: Feedback: [5]
[INFO] [1733923680.395841610] [fibonacci_action_server]: Feedback: [5]
[INFO] [1733923681.295210809] [fibonacci_action_server]: Feedback: [8]
[INFO] [1733923681.396075536] [fibonacci_action_server]: Feedback: [8]
[INFO] [1733923682.295424745] [fibonacci_action_server]: Feedback: [13]
[INFO] [1733923682.396339005] [fibonacci_action_server]: Feedback: [13]
[INFO] [1733923683.295694563] [fibonacci_action_server]: Feedback: [21]
[INFO] [1733923683.396625723] [fibonacci_action_server]: Feedback: [21]
[INFO] [1733923684.295985399] [fibonacci_action_server]: Feedback: [34]
[INFO] [1733923684.396836587] [fibonacci_action_server]: Feedback: [34]
[INFO] [1733923685.296383906] [fibonacci_action_server]: Feedback: [55]
[INFO] [1733923685.397071379] [fibonacci_action_server]: Feedback: [55]
[INFO] [1733923686.296757187] [fibonacci_action_server]: Goal succeeded
[INFO] [1733923686.397450031] [fibonacci_action_server]: Goal succeeded
[INFO] [1733923686.621931396] [fibonacci_action_server]: Received goal request with order 10
[INFO] [1733923686.622093149] [fibonacci_action_server]: Executing goal...
[INFO] [1733923686.622145721] [fibonacci_action_server]: Feedback: [1]
[INFO] [1733923686.722413230] [fibonacci_action_server]: Received goal request with order 10
[INFO] [1733923686.722609501] [fibonacci_action_server]: Executing goal...
[INFO] [1733923686.722662869] [fibonacci_action_server]: Feedback: [1]
[INFO] [1733923687.622466316] [fibonacci_action_server]: Feedback: [2]
[INFO] [1733923687.723129756] [fibonacci_action_server]: Feedback: [2]
[INFO] [1733923688.622704688] [fibonacci_action_server]: Feedback: [3]
[INFO] [1733923688.723638312] [fibonacci_action_server]: Feedback: [3]
[INFO] [1733923689.622883174] [fibonacci_action_server]: Feedback: [5]
[INFO] [1733923689.724037672] [fibonacci_action_server]: Feedback: [5]
[INFO] [1733923690.623232428] [fibonacci_action_server]: Feedback: [8]
[INFO] [1733923690.724450734] [fibonacci_action_server]: Feedback: [8]
[INFO] [1733923691.623597666] [fibonacci_action_server]: Feedback: [13]
[INFO] [1733923691.724837490] [fibonacci_action_server]: Feedback: [13]
[INFO] [1733923692.624025963] [fibonacci_action_server]: Feedback: [21]
[INFO] [1733923692.725181299] [fibonacci_action_server]: Feedback: [21]
[INFO] [1733923693.624342950] [fibonacci_action_server]: Feedback: [34]
[INFO] [1733923693.725520779] [fibonacci_action_server]: Feedback: [34]
[INFO] [1733923694.624572659] [fibonacci_action_server]: Feedback: [55]
[INFO] [1733923694.725765230] [fibonacci_action_server]: Feedback: [55]
[INFO] [1733923695.624799377] [fibonacci_action_server]: Goal succeeded
[INFO] [1733923695.726006499] [fibonacci_action_server]: Goal succeeded
[INFO] [1733923695.947638669] [fibonacci_action_server]: Received goal request with order 10
[INFO] [1733923695.947753224] [fibonacci_action_server]: Executing goal...
[INFO] [1733923695.947806810] [fibonacci_action_server]: Feedback: [1]
[INFO] [1733923696.048122603] [fibonacci_action_server]: Received goal request with order 10
[INFO] [1733923696.048291613] [fibonacci_action_server]: Executing goal...
[INFO] [1733923696.048406732] [fibonacci_action_server]: Feedback: [1]
[INFO] [1733923696.947946726] [fibonacci_action_server]: Feedback: [2]
[INFO] [1733923697.048597819] [fibonacci_action_server]: Feedback: [2]
[INFO] [1733923697.948121732] [fibonacci_action_server]: Feedback: [3]
[INFO] [1733923698.049237196] [fibonacci_action_server]: Feedback: [3]
[INFO] [1733923698.948417370] [fibonacci_action_server]: Feedback: [5]
[INFO] [1733923699.049563263] [fibonacci_action_server]: Feedback: [5]
[INFO] [1733923699.948651540] [fibonacci_action_server]: Feedback: [8]
[INFO] [1733923700.050026205] [fibonacci_action_server]: Feedback: [8]
[INFO] [1733923700.948845900] [fibonacci_action_server]: Feedback: [13]
[INFO] [1733923701.050274928] [fibonacci_action_server]: Feedback: [13]
[INFO] [1733923701.949281328] [fibonacci_action_server]: Feedback: [21]
[INFO] [1733923702.050501462] [fibonacci_action_server]: Feedback: [21]
[INFO] [1733923702.949534571] [fibonacci_action_server]: Feedback: [34]
[INFO] [1733923703.050989601] [fibonacci_action_server]: Feedback: [34]
[INFO] [1733923703.950149917] [fibonacci_action_server]: Feedback: [55]
[INFO] [1733923704.051620950] [fibonacci_action_server]: Feedback: [55]
[INFO] [1733923704.950715048] [fibonacci_action_server]: Goal succeeded
[INFO] [1733923705.051820029] [fibonacci_action_server]: Goal succeeded
[INFO] [1733923705.274038515] [fibonacci_action_server]: Received goal request with order 10
[INFO] [1733923705.274267909] [fibonacci_action_server]: Executing goal...
[INFO] [1733923705.274333223] [fibonacci_action_server]: Feedback: [1]
[INFO] [1733923705.374979126] [fibonacci_action_server]: Received goal request with order 10
[INFO] [1733923705.375437784] [fibonacci_action_server]: Executing goal...
[INFO] [1733923705.375999123] [fibonacci_action_server]: Feedback: [1]
[INFO] [1733923706.274528936] [fibonacci_action_server]: Feedback: [2]
[INFO] [1733923706.376246114] [fibonacci_action_server]: Feedback: [2]
[INFO] [1733923707.275064634] [fibonacci_action_server]: Feedback: [3]
[INFO] [1733923707.376470333] [fibonacci_action_server]: Feedback: [3]
[INFO] [1733923708.275410189] [fibonacci_action_server]: Feedback: [5]
[INFO] [1733923708.376716009] [fibonacci_action_server]: Feedback: [5]
[INFO] [1733923709.275792647] [fibonacci_action_server]: Feedback: [8]
[INFO] [1733923709.377034691] [fibonacci_action_server]: Feedback: [8]
[INFO] [1733923710.276062180] [fibonacci_action_server]: Feedback: [13]
[INFO] [1733923710.377232681] [fibonacci_action_server]: Feedback: [13]
[INFO] [1733923711.276371689] [fibonacci_action_server]: Feedback: [21]
[INFO] [1733923711.377455299] [fibonacci_action_server]: Feedback: [21]
[INFO] [1733923712.276773079] [fibonacci_action_server]: Feedback: [34]
[INFO] [1733923712.377758474] [fibonacci_action_server]: Feedback: [34]
[INFO] [1733923713.277104465] [fibonacci_action_server]: Feedback: [55]
[INFO] [1733923713.377922150] [fibonacci_action_server]: Feedback: [55]
[INFO] [1733923714.277392428] [fibonacci_action_server]: Goal succeeded
[INFO] [1733923714.378372803] [fibonacci_action_server]: Goal succeeded
[INFO] [1733923714.601588408] [fibonacci_action_server]: Received goal request with order 10
[INFO] [1733923714.601768497] [fibonacci_action_server]: Executing goal...
[INFO] [1733923714.601820931] [fibonacci_action_server]: Feedback: [1]
[INFO] [1733923714.702151699] [fibonacci_action_server]: Received goal request with order 10
[INFO] [1733923714.702409646] [fibonacci_action_server]: Executing goal...
[INFO] [1733923714.702512461] [fibonacci_action_server]: Feedback: [1]
[INFO] [1733923715.602070162] [fibonacci_action_server]: Feedback: [2]
[INFO] [1733923715.703034673] [fibonacci_action_server]: Feedback: [2]
[INFO] [1733923716.602606769] [fibonacci_action_server]: Feedback: [3]
[INFO] [1733923716.703261670] [fibonacci_action_server]: Feedback: [3]
[INFO] [1733923717.602916592] [fibonacci_action_server]: Feedback: [5]
[INFO] [1733923717.703599229] [fibonacci_action_server]: Feedback: [5]
[INFO] [1733923718.603165569] [fibonacci_action_server]: Feedback: [8]
[INFO] [1733923718.703911043] [fibonacci_action_server]: Feedback: [8]
[INFO] [1733923719.603529806] [fibonacci_action_server]: Feedback: [13]
[INFO] [1733923719.704143076] [fibonacci_action_server]: Feedback: [13]
[INFO] [1733923720.603891399] [fibonacci_action_server]: Feedback: [21]
[INFO] [1733923720.704378642] [fibonacci_action_server]: Feedback: [21]
[INFO] [1733923721.604343490] [fibonacci_action_server]: Feedback: [34]
[INFO] [1733923721.704776213] [fibonacci_action_server]: Feedback: [34]
[INFO] [1733923722.604729645] [fibonacci_action_server]: Feedback: [55]
[INFO] [1733923722.705143282] [fibonacci_action_server]: Feedback: [55]
[INFO] [1733923723.604970764] [fibonacci_action_server]: Goal succeeded
[INFO] [1733923723.705442866] [fibonacci_action_server]: Goal succeeded
[INFO] [1733923723.932027865] [fibonacci_action_server]: Received goal request with order 10
[INFO] [1733923723.932248334] [fibonacci_action_server]: Executing goal...
[INFO] [1733923723.932300940] [fibonacci_action_server]: Feedback: [1]
[INFO] [1733923724.032440222] [fibonacci_action_server]: Received goal request with order 10
[INFO] [1733923724.032635495] [fibonacci_action_server]: Executing goal...
[INFO] [1733923724.032702975] [fibonacci_action_server]: Feedback: [1]
[INFO] [1733923724.932496623] [fibonacci_action_server]: Feedback: [2]
[INFO] [1733923725.033004880] [fibonacci_action_server]: Feedback: [2]
[INFO] [1733923725.932713963] [fibonacci_action_server]: Feedback: [3]
[INFO] [1733923726.033229212] [fibonacci_action_server]: Feedback: [3]
[INFO] [1733923726.933031490] [fibonacci_action_server]: Feedback: [5]
[INFO] [1733923727.033547065] [fibonacci_action_server]: Feedback: [5]
[INFO] [1733923727.933459323] [fibonacci_action_server]: Feedback: [8]
[INFO] [1733923728.033764793] [fibonacci_action_server]: Feedback: [8]
[INFO] [1733923728.933978346] [fibonacci_action_server]: Feedback: [13]
[INFO] [1733923729.034285906] [fibonacci_action_server]: Feedback: [13]
[INFO] [1733923729.934274389] [fibonacci_action_server]: Feedback: [21]
[INFO] [1733923730.034829709] [fibonacci_action_server]: Feedback: [21]
[INFO] [1733923730.934511254] [fibonacci_action_server]: Feedback: [34]
[INFO] [1733923731.035072103] [fibonacci_action_server]: Feedback: [34]
[INFO] [1733923731.935132239] [fibonacci_action_server]: Feedback: [55]
[INFO] [1733923732.035519793] [fibonacci_action_server]: Feedback: [55]
[INFO] [1733923732.935467149] [fibonacci_action_server]: Goal succeeded
[INFO] [1733923733.035876186] [fibonacci_action_server]: Goal succeeded
[INFO] [1733923733.257321902] [fibonacci_action_server]: Received goal request with order 10
[INFO] [1733923733.257519292] [fibonacci_action_server]: Executing goal...
[INFO] [1733923733.257575296] [fibonacci_action_server]: Feedback: [1]
[INFO] [1733923733.357845168] [fibonacci_action_server]: Received goal request with order 10
[INFO] [1733923733.357968630] [fibonacci_action_server]: Executing goal...
[INFO] [1733923733.358021412] [fibonacci_action_server]: Feedback: [1]
[INFO] [1733923734.257715117] [fibonacci_action_server]: Feedback: [2]
[INFO] [1733923734.358514849] [fibonacci_action_server]: Feedback: [2]
[INFO] [1733923735.260377599] [fibonacci_action_server]: Feedback: [3]
[INFO] [1733923735.359055102] [fibonacci_action_server]: Feedback: [3]
[INFO] [1733923736.260737477] [fibonacci_action_server]: Feedback: [5]
[INFO] [1733923736.359327809] [fibonacci_action_server]: Feedback: [5]
[INFO] [1733923737.261224867] [fibonacci_action_server]: Feedback: [8]
[INFO] [1733923737.359857002] [fibonacci_action_server]: Feedback: [8]
[INFO] [1733923738.261477099] [fibonacci_action_server]: Feedback: [13]
[INFO] [1733923738.360066436] [fibonacci_action_server]: Feedback: [13]
[INFO] [1733923739.262024977] [fibonacci_action_server]: Feedback: [21]
[INFO] [1733923739.360477577] [fibonacci_action_server]: Feedback: [21]
[INFO] [1733923740.262319406] [fibonacci_action_server]: Feedback: [34]
[INFO] [1733923740.360696817] [fibonacci_action_server]: Feedback: [34]
[INFO] [1733923741.262559069] [fibonacci_action_server]: Feedback: [55]
[INFO] [1733923741.360878239] [fibonacci_action_server]: Feedback: [55]
[INFO] [1733923742.262905116] [fibonacci_action_server]: Goal succeeded
[INFO] [1733923742.361136386] [fibonacci_action_server]: Goal succeeded
[INFO] [1733923742.586284888] [fibonacci_action_server]: Received goal request with order 10
[INFO] [1733923742.586396377] [fibonacci_action_server]: Executing goal...
[INFO] [1733923742.586451796] [fibonacci_action_server]: Feedback: [1]
[INFO] [1733923742.686876821] [fibonacci_action_server]: Received goal request with order 10
[INFO] [1733923742.687084333] [fibonacci_action_server]: Executing goal...
[INFO] [1733923742.687216590] [fibonacci_action_server]: Feedback: [1]
[INFO] [1733923743.586954853] [fibonacci_action_server]: Feedback: [2]
[INFO] [1733923743.687475153] [fibonacci_action_server]: Feedback: [2]
[INFO] [1733923744.587199931] [fibonacci_action_server]: Feedback: [3]
[INFO] [1733923744.687827295] [fibonacci_action_server]: Feedback: [3]
[INFO] [1733923745.587523047] [fibonacci_action_server]: Feedback: [5]
[INFO] [1733923745.688155690] [fibonacci_action_server]: Feedback: [5]
[INFO] [1733923746.587740267] [fibonacci_action_server]: Feedback: [8]
[INFO] [1733923746.688508696] [fibonacci_action_server]: Feedback: [8]
[INFO] [1733923747.587927684] [fibonacci_action_server]: Feedback: [13]
[INFO] [1733923747.688774919] [fibonacci_action_server]: Feedback: [13]
[INFO] [1733923748.588166063] [fibonacci_action_server]: Feedback: [21]
[INFO] [1733923748.689219466] [fibonacci_action_server]: Feedback: [21]
[INFO] [1733923749.588503079] [fibonacci_action_server]: Feedback: [34]
[INFO] [1733923749.689726544] [fibonacci_action_server]: Feedback: [34]
[INFO] [1733923750.588988550] [fibonacci_action_server]: Feedback: [55]
[INFO] [1733923750.689974565] [fibonacci_action_server]: Feedback: [55]
[INFO] [1733923751.589520446] [fibonacci_action_server]: Goal succeeded
[INFO] [1733923751.690446006] [fibonacci_action_server]: Goal succeeded
[INFO] [1733923751.916072416] [fibonacci_action_server]: Received goal request with order 10
[INFO] [1733923751.916258216] [fibonacci_action_server]: Executing goal...
[INFO] [1733923751.916309885] [fibonacci_action_server]: Feedback: [1]
[INFO] [1733923752.016459636] [fibonacci_action_server]: Received goal request with order 10
[INFO] [1733923752.016570375] [fibonacci_action_server]: Executing goal...
[INFO] [1733923752.016627771] [fibonacci_action_server]: Feedback: [1]
[INFO] [1733923752.916699861] [fibonacci_action_server]: Feedback: [2]
[INFO] [1733923753.016956967] [fibonacci_action_server]: Feedback: [2]
[INFO] [1733923753.917060973] [fibonacci_action_server]: Feedback: [3]
[INFO] [1733923754.017321836] [fibonacci_action_server]: Feedback: [3]
[INFO] [1733923754.917396632] [fibonacci_action_server]: Feedback: [5]
[INFO] [1733923755.017781138] [fibonacci_action_server]: Feedback: [5]
[INFO] [1733923755.917710961] [fibonacci_action_server]: Feedback: [8]
[INFO] [1733923756.017994303] [fibonacci_action_server]: Feedback: [8]
[INFO] [1733923756.918202547] [fibonacci_action_server]: Feedback: [13]
[INFO] [1733923757.018240325] [fibonacci_action_server]: Feedback: [13]
[INFO] [1733923757.918700283] [fibonacci_action_server]: Feedback: [21]
[INFO] [1733923758.018464431] [fibonacci_action_server]: Feedback: [21]
[INFO] [1733923758.918937098] [fibonacci_action_server]: Feedback: [34]
[INFO] [1733923759.018951870] [fibonacci_action_server]: Feedback: [34]
[INFO] [1733923759.919272873] [fibonacci_action_server]: Feedback: [55]
[INFO] [1733923760.019506447] [fibonacci_action_server]: Feedback: [55]
[INFO] [1733923760.919920510] [fibonacci_action_server]: Goal succeeded
[INFO] [1733923761.020037169] [fibonacci_action_server]: Goal succeeded
[INFO] [1733923761.244009027] [fibonacci_action_server]: Received goal request with order 10
[INFO] [1733923761.244297908] [fibonacci_action_server]: Executing goal...
[INFO] [1733923761.244443866] [fibonacci_action_server]: Feedback: [1]
[INFO] [1733923761.343791695] [fibonacci_action_server]: Received goal request with order 10
[INFO] [1733923761.343945976] [fibonacci_action_server]: Executing goal...
[INFO] [1733923761.343996345] [fibonacci_action_server]: Feedback: [1]
[INFO] [1733923762.244634270] [fibonacci_action_server]: Feedback: [2]
[INFO] [1733923762.344173322] [fibonacci_action_server]: Feedback: [2]
[INFO] [1733923763.244825358] [fibonacci_action_server]: Feedback: [3]
[INFO] [1733923763.344382929] [fibonacci_action_server]: Feedback: [3]
[INFO] [1733923764.245134926] [fibonacci_action_server]: Feedback: [5]
[INFO] [1733923764.344630361] [fibonacci_action_server]: Feedback: [5]
[INFO] [1733923765.245686208] [fibonacci_action_server]: Feedback: [8]
[INFO] [1733923765.344896789] [fibonacci_action_server]: Feedback: [8]
[INFO] [1733923766.246216286] [fibonacci_action_server]: Feedback: [13]
[INFO] [1733923766.345480265] [fibonacci_action_server]: Feedback: [13]
[INFO] [1733923767.246428522] [fibonacci_action_server]: Feedback: [21]
[INFO] [1733923767.345712635] [fibonacci_action_server]: Feedback: [21]
[INFO] [1733923768.246968690] [fibonacci_action_server]: Feedback: [34]
[INFO] [1733923768.345920927] [fibonacci_action_server]: Feedback: [34]
[INFO] [1733923769.247235905] [fibonacci_action_server]: Feedback: [55]
[INFO] [1733923769.346284693] [fibonacci_action_server]: Feedback: [55]
[INFO] [1733923770.247522123] [fibonacci_action_server]: Goal succeeded
[INFO] [1733923770.347069884] [fibonacci_action_server]: Goal succeeded
[INFO] [1733923770.571719571] [fibonacci_action_server]: Received goal request with order 10
[INFO] [1733923770.571931681] [fibonacci_action_server]: Executing goal...
[INFO] [1733923770.572020703] [fibonacci_action_server]: Feedback: [1]
[INFO] [1733923770.671964702] [fibonacci_action_server]: Received goal request with order 10
[INFO] [1733923770.672124006] [fibonacci_action_server]: Executing goal...
[INFO] [1733923770.672175207] [fibonacci_action_server]: Feedback: [1]
[INFO] [1733923771.572405467] [fibonacci_action_server]: Feedback: [2]
[INFO] [1733923771.672491719] [fibonacci_action_server]: Feedback: [2]
[INFO] [1733923772.572650808] [fibonacci_action_server]: Feedback: [3]
[INFO] [1733923772.672694862] [fibonacci_action_server]: Feedback: [3]
[INFO] [1733923773.572954240] [fibonacci_action_server]: Feedback: [5]
[INFO] [1733923773.673018592] [fibonacci_action_server]: Feedback: [5]
[INFO] [1733923774.573234315] [fibonacci_action_server]: Feedback: [8]
[INFO] [1733923774.673301810] [fibonacci_action_server]: Feedback: [8]
[INFO] [1733923775.573796036] [fibonacci_action_server]: Feedback: [13]
[INFO] [1733923775.673649614] [fibonacci_action_server]: Feedback: [13]
[INFO] [1733923776.574273755] [fibonacci_action_server]: Feedback: [21]
[INFO] [1733923776.674078421] [fibonacci_action_server]: Feedback: [21]
[INFO] [1733923777.574564489] [fibonacci_action_server]: Feedback: [34]
[INFO] [1733923777.674427953] [fibonacci_action_server]: Feedback: [34]
[INFO] [1733923778.574795875] [fibonacci_action_server]: Feedback: [55]
[INFO] [1733923778.674711430] [fibonacci_action_server]: Feedback: [55]
[INFO] [1733923779.575389147] [fibonacci_action_server]: Goal succeeded
[INFO] [1733923779.674974410] [fibonacci_action_server]: Goal succeeded
[INFO] [1733923779.897857206] [fibonacci_action_server]: Received goal request with order 10
[INFO] [1733923779.897974220] [fibonacci_action_server]: Executing goal...
[INFO] [1733923779.898033879] [fibonacci_action_server]: Feedback: [1]
[INFO] [1733923779.998136706] [fibonacci_action_server]: Received goal request with order 10
[INFO] [1733923779.998255131] [fibonacci_action_server]: Executing goal...
[INFO] [1733923779.998310680] [fibonacci_action_server]: Feedback: [1]
[INFO] [1733923780.898191245] [fibonacci_action_server]: Feedback: [2]
[INFO] [1733923780.998721692] [fibonacci_action_server]: Feedback: [2]
[INFO] [1733923781.898746704] [fibonacci_action_server]: Feedback: [3]
[INFO] [1733923781.998922718] [fibonacci_action_server]: Feedback: [3]
[INFO] [1733923782.759050010] [fibonacci_action_server]: Timeout reached, shutting down node...
RAPL is set
