[INFO] [1734027075.680581264] [minimal_client_async]: Result of add_two_ints: for 10 + 10 = 20
[INFO] [1734027077.675782375] [minimal_client_async]: Result of add_two_ints: for 10 + 10 = 20
[INFO] [1734027079.679761431] [minimal_client_async]: Result of add_two_ints: for 10 + 10 = 20
[INFO] [1734027081.684318045] [minimal_client_async]: Result of add_two_ints: for 10 + 10 = 20
[INFO] [1734027252.671842183] [minimal_client_async]: Timeout reached. Stopping client.
RAPL is not set
734027083.688715076] [minimal_client_async]: Result of add_two_ints: for 10 + 10 = 20
[INFO] [1734027084.690923717] [minimal_client_async]: Result of add_two_ints: for 10 + 10 = 20
[INFO] [1734027085.692688181] [minimal_client_async]: Result of add_two_ints: for 10 + 10 = 20
[INFO] [1734027086.693829981] [minimal_client_async]: Result of add_two_ints: for 10 + 10 = 20
[INFO] [1734027087.695877933] [minimal_client_async]: Result of add_two_ints: for 10 + 10 = 20
[INFO] [1734027088.698733978] [minimal_client_async]: Result of add_two_ints: for 10 + 10 = 20
[INFO] [1734027089.700545851] [minimal_client_async]: Result of add_two_ints: for 10 + 10 = 20
[INFO] [1734027090.701741128] [minimal_client_async]: Result of add_two_ints: for 10 + 10 = 20
[INFO] [1734027091.703892194] [minimal_client_async]: Result of add_two_ints: for 10 + 10 = 20
[INFO] [1734027092.706214308] [minimal_client_async]: Result of add_two_ints: for 10 + 10 = 20
[INFO] [1734027093.708768549] [minimal_client_async]: Result of add_two_ints: for 10 + 10 = 20
[INFO] [1734027094.710818929] [minimal_client_async]: Result of add_two_ints: for 10 + 10 = 20
[INFO] [1734027095.713178015] [minimal_client_async]: Result of add_two_ints: for 10 + 10 = 20
[INFO] [1734027096.715474446] [minimal_client_async]: Result of add_two_ints: for 10 + 10 = 20
[INFO] [1734027097.717498140] [minimal_client_async]: Result of add_two_ints: for 10 + 10 = 20
[INFO] [1734027098.719547189] [minimal_client_async]: Result of add_two_ints: for 10 + 10 = 20
[INFO] [1734027099.721735669] [minimal_client_async]: Result of add_two_ints: for 10 + 10 = 20
[INFO] [1734027100.723317155] [minimal_client_async]: Result of add_two_ints: for 10 + 10 = 20
[INFO] [1734027101.725627336] [minimal_client_async]: Result of add_two_ints: for 10 + 10 = 20
[INFO] [1734027102.727781832] [minimal_client_async]: Result of add_two_ints: for 10 + 10 = 20
[INFO] [1734027103.730077562] [minimal_client_async]: Result of add_two_ints: for 10 + 10 = 20
[INFO] [1734027104.732178002] [minimal_client_async]: Result of add_two_ints: for 10 + 10 = 20
[INFO] [1734027105.733661183] [minimal_client_async]: Result of add_two_ints: for 10 + 10 = 20
[INFO] [1734027106.735659652] [minimal_client_async]: Result of add_two_ints: for 10 + 10 = 20
[INFO] [1734027107.737929489] [minimal_client_async]: Result of add_two_ints: for 10 + 10 = 20
[INFO] [1734027108.740006118] [minimal_client_async]: Result of add_two_ints: for 10 + 10 = 20
[INFO] [1734027109.741717153] [minimal_client_async]: Result of add_two_ints: for 10 + 10 = 20
[INFO] [1734027110.744058313] [minimal_client_async]: Result of add_two_ints: for 10 + 10 = 20
[INFO] [1734027111.745700466] [minimal_client_async]: Result of add_two_ints: for 10 + 10 = 20
[INFO] [1734027112.747874136] [minimal_client_async]: Result of add_two_ints: for 10 + 10 = 20
[INFO] [1734027113.749767401] [minimal_client_async]: Result of add_two_ints: for 10 + 10 = 20
[INFO] [1734027114.752288430] [minimal_client_async]: Result of add_two_ints: for 10 + 10 = 20
[INFO] [1734027115.754001637] [minimal_client_async]: Result of add_two_ints: for 10 + 10 = 20
[INFO] [1734027116.755972698] [minimal_client_async]: Result of add_two_ints: for 10 + 10 = 20
[INFO] [1734027117.757921521] [minimal_client_async]: Result of add_two_ints: for 10 + 10 = 20
[INFO] [1734027118.760148299] [minimal_client_async]: Result of add_two_ints: for 10 + 10 = 20
[INFO] [1734027119.762182077] [minimal_client_async]: Result of add_two_ints: for 10 + 10 = 20
[INFO] [1734027120.764167202] [minimal_client_async]: Result of add_two_ints: for 10 + 10 = 20
[INFO] [1734027121.765833428] [minimal_client_async]: Result of add_two_ints: for 10 + 10 = 20
[INFO] [1734027122.768393012] [minimal_client_async]: Result of add_two_ints: for 10 + 10 = 20
[INFO] [1734027123.770139888] [minimal_client_async]: Result of add_two_ints: for 10 + 10 = 20
[INFO] [1734027124.772083580] [minimal_client_async]: Result of add_two_ints: for 10 + 10 = 20
[INFO] [1734027125.773729711] [minimal_client_async]: Result of add_two_ints: for 10 + 10 = 20
[INFO] [1734027126.775746020] [minimal_client_async]: Result of add_two_ints: for 10 + 10 = 20
[INFO] [1734027127.777756912] [minimal_client_async]: Result of add_two_ints: for 10 + 10 = 20
[INFO] [1734027128.779743865] [minimal_client_async]: Result of add_two_ints: for 10 + 10 = 20
[INFO] [1734027129.781092669] [minimal_client_async]: Result of add_two_ints: for 10 + 10 = 20
[INFO] [1734027130.783006205] [minimal_client_async]: Result of add_two_ints: for 10 + 10 = 20
[INFO] [1734027131.785024962] [minimal_client_async]: Result of add_two_ints: for 10 + 10 = 20
[INFO] [1734027132.787214356] [minimal_client_async]: Result of add_two_ints: for 10 + 10 = 20
[INFO] [1734027133.789301804] [minimal_client_async]: Result of add_two_ints: for 10 + 10 = 20
[INFO] [1734027134.791518595] [minimal_client_async]: Result of add_two_ints: for 10 + 10 = 20
[INFO] [1734027135.793629923] [minimal_client_async]: Result of add_two_ints: for 10 + 10 = 20
[INFO] [1734027136.796121078] [minimal_client_async]: Result of add_two_ints: for 10 + 10 = 20
[INFO] [1734027137.799063862] [minimal_client_async]: Result of add_two_ints: for 10 + 10 = 20
[INFO] [1734027138.801229902] [minimal_client_async]: Result of add_two_ints: for 10 + 10 = 20
[INFO] [1734027139.802863478] [minimal_client_async]: Result of add_two_ints: for 10 + 10 = 20
[INFO] [1734027140.804708756] [minimal_client_async]: Result of add_two_ints: for 10 + 10 = 20
[INFO] [1734027141.805780072] [minimal_client_async]: Result of add_two_ints: for 10 + 10 = 20
[INFO] [1734027142.808043644] [minimal_client_async]: Result of add_two_ints: for 10 + 10 = 20
[INFO] [1734027143.809865236] [minimal_client_async]: Result of add_two_ints: for 10 + 10 = 20
[INFO] [1734027144.812886095] [minimal_client_async]: Result of add_two_ints: for 10 + 10 = 20
[INFO] [1734027145.814092395] [minimal_client_async]: Result of add_two_ints: for 10 + 10 = 20
[INFO] [1734027146.816284444] [minimal_client_async]: Result of add_two_ints: for 10 + 10 = 20
[INFO] [1734027147.817806456] [minimal_client_async]: Result of add_two_ints: for 10 + 10 = 20
[INFO] [1734027148.819874941] [minimal_client_async]: Result of add_two_ints: for 10 + 10 = 20
[INFO] [1734027149.821576665] [minimal_client_async]: Result of add_two_ints: for 10 + 10 = 20
[INFO] [1734027150.823982784] [minimal_client_async]: Result of add_two_ints: for 10 + 10 = 20
[INFO] [1734027151.825567963] [minimal_client_async]: Result of add_two_ints: for 10 + 10 = 20
[INFO] [1734027152.827820148] [minimal_client_async]: Result of add_two_ints: for 10 + 10 = 20
[INFO] [1734027153.829675654] [minimal_client_async]: Result of add_two_ints: for 10 + 10 = 20
[INFO] [1734027154.832150467] [minimal_client_async]: Result of add_two_ints: for 10 + 10 = 20
[INFO] [1734027155.833664589] [minimal_client_async]: Result of add_two_ints: for 10 + 10 = 20
[INFO] [1734027156.837218077] [minimal_client_async]: Result of add_two_ints: for 10 + 10 = 20
[INFO] [1734027157.838854742] [minimal_client_async]: Result of add_two_ints: for 10 + 10 = 20
[INFO] [1734027158.841078643] [minimal_client_async]: Result of add_two_ints: for 10 + 10 = 20
[INFO] [1734027159.843218327] [minimal_client_async]: Result of add_two_ints: for 10 + 10 = 20
[INFO] [1734027160.845570286] [minimal_client_async]: Result of add_two_ints: for 10 + 10 = 20
[INFO] [1734027161.847916984] [minimal_client_async]: Result of add_two_ints: for 10 + 10 = 20
[INFO] [1734027162.850049143] [minimal_client_async]: Result of add_two_ints: for 10 + 10 = 20
[INFO] [1734027163.851136359] [minimal_client_async]: Result of add_two_ints: for 10 + 10 = 20
[INFO] [1734027164.853268544] [minimal_client_async]: Result of add_two_ints: for 10 + 10 = 20
[INFO] [1734027165.855143321] [minimal_client_async]: Result of add_two_ints: for 10 + 10 = 20
[INFO] [1734027166.857183033] [minimal_client_async]: Result of add_two_ints: for 10 + 10 = 20
[INFO] [1734027167.859975622] [minimal_client_async]: Result of add_two_ints: for 10 + 10 = 20
[INFO] [1734027168.861935096] [minimal_client_async]: Result of add_two_ints: for 10 + 10 = 20
[INFO] [1734027169.863895356] [minimal_client_async]: Result of add_two_ints: for 10 + 10 = 20
[INFO] [1734027170.865757894] [minimal_client_async]: Result of add_two_ints: for 10 + 10 = 20
[INFO] [1734027171.867880425] [minimal_client_async]: Result of add_two_ints: for 10 + 10 = 20
[INFO] [1734027172.869884853] [minimal_client_async]: Result of add_two_ints: for 10 + 10 = 20
[INFO] [1734027173.871816405] [minimal_client_async]: Result of add_two_ints: for 10 + 10 = 20
[INFO] [1734027174.873851193] [minimal_client_async]: Result of add_two_ints: for 10 + 10 = 20
[INFO] [1734027175.875731624] [minimal_client_async]: Result of add_two_ints: for 10 + 10 = 20
[INFO] [1734027176.877552952] [minimal_client_async]: Result of add_two_ints: for 10 + 10 = 20
[INFO] [1734027177.879653713] [minimal_client_async]: Result of add_two_ints: for 10 + 10 = 20
[INFO] [1734027178.881757083] [minimal_client_async]: Result of add_two_ints: for 10 + 10 = 20
[INFO] [1734027179.884107550] [minimal_client_async]: Result of add_two_ints: for 10 + 10 = 20
[INFO] [1734027180.885880469] [minimal_client_async]: Result of add_two_ints: for 10 + 10 = 20
[INFO] [1734027181.888143192] [minimal_client_async]: Result of add_two_ints: for 10 + 10 = 20
[INFO] [1734027182.890293162] [minimal_client_async]: Result of add_two_ints: for 10 + 10 = 20
[INFO] [1734027183.892692031] [minimal_client_async]: Result of add_two_ints: for 10 + 10 = 20
[INFO] [1734027184.894888054] [minimal_client_async]: Result of add_two_ints: for 10 + 10 = 20
[INFO] [1734027185.896248648] [minimal_client_async]: Result of add_two_ints: for 10 + 10 = 20
[INFO] [1734027186.898702311] [minimal_client_async]: Result of add_two_ints: for 10 + 10 = 20
[INFO] [1734027187.901062082] [minimal_client_async]: Result of add_two_ints: for 10 + 10 = 20
[INFO] [1734027188.903276330] [minimal_client_async]: Result of add_two_ints: for 10 + 10 = 20
[INFO] [1734027189.905284743] [minimal_client_async]: Result of add_two_ints: for 10 + 10 = 20
[INFO] [1734027190.907528368] [minimal_client_async]: Result of add_two_ints: for 10 + 10 = 20
[INFO] [1734027191.909568950] [minimal_client_async]: Result of add_two_ints: for 10 + 10 = 20
[INFO] [1734027192.911428272] [minimal_client_async]: Result of add_two_ints: for 10 + 10 = 20
[INFO] [1734027193.913723585] [minimal_client_async]: Result of add_two_ints: for 10 + 10 = 20
[INFO] [1734027194.916205218] [minimal_client_async]: Result of add_two_ints: for 10 + 10 = 20
[INFO] [1734027195.917672690] [minimal_client_async]: Result of add_two_ints: for 10 + 10 = 20
[INFO] [1734027196.919631691] [minimal_client_async]: Result of add_two_ints: for 10 + 10 = 20
[INFO] [1734027197.921834161] [minimal_client_async]: Result of add_two_ints: for 10 + 10 = 20
[INFO] [1734027198.924175056] [minimal_client_async]: Result of add_two_ints: for 10 + 10 = 20
[INFO] [1734027199.925926955] [minimal_client_async]: Result of add_two_ints: for 10 + 10 = 20
[INFO] [1734027200.928396082] [minimal_client_async]: Result of add_two_ints: for 10 + 10 = 20
[INFO] [1734027201.930551344] [minimal_client_async]: Result of add_two_ints: for 10 + 10 = 20
[INFO] [1734027202.932782159] [minimal_client_async]: Result of add_two_ints: for 10 + 10 = 20
[INFO] [1734027203.934720363] [minimal_client_async]: Result of add_two_ints: for 10 + 10 = 20
[INFO] [1734027204.936957475] [minimal_client_async]: Result of add_two_ints: for 10 + 10 = 20
[INFO] [1734027205.939327193] [minimal_client_async]: Result of add_two_ints: for 10 + 10 = 20
[INFO] [1734027206.941208934] [minimal_client_async]: Result of add_two_ints: for 10 + 10 = 20
[INFO] [1734027207.942521661] [minimal_client_async]: Result of add_two_ints: for 10 + 10 = 20
[INFO] [1734027208.944705467] [minimal_client_async]: Result of add_two_ints: for 10 + 10 = 20
[INFO] [1734027209.945969087] [minimal_client_async]: Result of add_two_ints: for 10 + 10 = 20
[INFO] [1734027210.949192323] [minimal_client_async]: Result of add_two_ints: for 10 + 10 = 20
[INFO] [1734027211.951104128] [minimal_client_async]: Result of add_two_ints: for 10 + 10 = 20
[INFO] [1734027212.954095816] [minimal_client_async]: Result of add_two_ints: for 10 + 10 = 20
[INFO] [1734027213.955887404] [minimal_client_async]: Result of add_two_ints: for 10 + 10 = 20
[INFO] [1734027214.957738292] [minimal_client_async]: Result of add_two_ints: for 10 + 10 = 20
[INFO] [1734027215.959575570] [minimal_client_async]: Result of add_two_ints: for 10 + 10 = 20
[INFO] [1734027216.961807440] [minimal_client_async]: Result of add_two_ints: for 10 + 10 = 20
[INFO] [1734027217.964019064] [minimal_client_async]: Result of add_two_ints: for 10 + 10 = 20
[INFO] [1734027218.965663190] [minimal_client_async]: Result of add_two_ints: for 10 + 10 = 20
[INFO] [1734027219.967665987] [minimal_client_async]: Result of add_two_ints: for 10 + 10 = 20
[INFO] [1734027220.969873307] [minimal_client_async]: Result of add_two_ints: for 10 + 10 = 20
[INFO] [1734027221.971604333] [minimal_client_async]: Result of add_two_ints: for 10 + 10 = 20
[INFO] [1734027222.974102861] [minimal_client_async]: Result of add_two_ints: for 10 + 10 = 20
[INFO] [1734027223.976077340] [minimal_client_async]: Result of add_two_ints: for 10 + 10 = 20
[INFO] [1734027224.978100506] [minimal_client_async]: Result of add_two_ints: for 10 + 10 = 20
[INFO] [1734027225.980435371] [minimal_client_async]: Result of add_two_ints: for 10 + 10 = 20
[INFO] [1734027226.982148721] [minimal_client_async]: Result of add_two_ints: for 10 + 10 = 20
[INFO] [1734027227.984184820] [minimal_client_async]: Result of add_two_ints: for 10 + 10 = 20
[INFO] [1734027228.986018487] [minimal_client_async]: Result of add_two_ints: for 10 + 10 = 20
[INFO] [1734027229.988028194] [minimal_client_async]: Result of add_two_ints: for 10 + 10 = 20
[INFO] [1734027230.989889187] [minimal_client_async]: Result of add_two_ints: for 10 + 10 = 20
[INFO] [1734027231.992000001] [minimal_client_async]: Result of add_two_ints: for 10 + 10 = 20
[INFO] [1734027232.993682307] [minimal_client_async]: Result of add_two_ints: for 10 + 10 = 20
[INFO] [1734027233.995577454] [minimal_client_async]: Result of add_two_ints: for 10 + 10 = 20
[INFO] [1734027234.997736772] [minimal_client_async]: Result of add_two_ints: for 10 + 10 = 20
[INFO] [1734027235.999903705] [minimal_client_async]: Result of add_two_ints: for 10 + 10 = 20
[INFO] [1734027237.001994889] [minimal_client_async]: Result of add_two_ints: for 10 + 10 = 20
[INFO] [1734027238.004129393] [minimal_client_async]: Result of add_two_ints: for 10 + 10 = 20
[INFO] [1734027239.005767185] [minimal_client_async]: Result of add_two_ints: for 10 + 10 = 20
[INFO] [1734027240.007696056] [minimal_client_async]: Result of add_two_ints: for 10 + 10 = 20
[INFO] [1734027241.010238660] [minimal_client_async]: Result of add_two_ints: for 10 + 10 = 20
[INFO] [1734027242.012087667] [minimal_client_async]: Result of add_two_ints: for 10 + 10 = 20
[INFO] [1734027243.013936384] [minimal_client_async]: Result of add_two_ints: for 10 + 10 = 20
[INFO] [1734027244.016374928] [minimal_client_async]: Result of add_two_ints: for 10 + 10 = 20
[INFO] [1734027245.017769360] [minimal_client_async]: Result of add_two_ints: for 10 + 10 = 20
[INFO] [1734027246.020036138] [minimal_client_async]: Result of add_two_ints: for 10 + 10 = 20
[INFO] [1734027247.021580307] [minimal_client_async]: Result of add_two_ints: for 10 + 10 = 20
[INFO] [1734027248.024595251] [minimal_client_async]: Result of add_two_ints: for 10 + 10 = 20
[INFO] [1734027249.025824563] [minimal_client_async]: Result of add_two_ints: for 10 + 10 = 20
[INFO] [1734027250.027910653] [minimal_client_async]: Result of add_two_ints: for 10 + 10 = 20
[INFO] [1734027251.029673016] [minimal_client_async]: Result of add_two_ints: for 10 + 10 = 20
[INFO] [1734027252.031985241] [minimal_client_async]: Result of add_two_ints: for 10 + 10 = 20
[INFO] [1734027252.660377066] [minimal_client_async]: Timeout reached. Stopping client.
RAPL is set
