[INFO] [1733635461.959241057] [fibonacci_action_server]: Executing goal...
[INFO] [1733635461.959799545] [fibonacci_action_server]: Feedback: array('i', [0, 1, 1])
[INFO] [1733635462.460895891] [fibonacci_action_server]: Feedback: array('i', [0, 1, 1, 2])
[INFO] [1733635462.962060223] [fibonacci_action_server]: Feedback: array('i', [0, 1, 1, 2, 3])
[INFO] [1733635463.463216884] [fibonacci_action_server]: Feedback: array('i', [0, 1, 1, 2, 3, 5])
[INFO] [1733635463.964604062] [fibonacci_action_server]: Feedback: array('i', [0, 1, 1, 2, 3, 5, 8])
[INFO] [1733635464.465743739] [fibonacci_action_server]: Feedback: array('i', [0, 1, 1, 2, 3, 5, 8, 13])
[INFO] [1733635464.966901880] [fibonacci_action_server]: Feedback: array('i', [0, 1, 1, 2, 3, 5, 8, 13, 21])
[INFO] [1733635465.468276633] [fibonacci_action_server]: Feedback: array('i', [0, 1, 1, 2, 3, 5, 8, 13, 21, 34])
[INFO] [1733635465.969666194] [fibonacci_action_server]: Feedback: array('i', [0, 1, 1, 2, 3, 5, 8, 13, 21, 34, 55])
[INFO] [1733635466.473056289] [fibonacci_action_server]: Executing goal...
[INFO] [1733635466.473640560] [fibonacci_action_server]: Feedback: array('i', [0, 1, 1])
[INFO] [1733635466.974855548] [fibonacci_action_server]: Feedback: array('i', [0, 1, 1, 2])
[INFO] [1733635467.476559137] [fibonacci_action_server]: Feedback: array('i', [0, 1, 1, 2, 3])
[INFO] [1733635467.978002226] [fibonacci_action_server]: Feedback: array('i', [0, 1, 1, 2, 3, 5])
[INFO] [1733635468.479156297] [fibonacci_action_server]: Feedback: array('i', [0, 1, 1, 2, 3, 5, 8])
[INFO] [1733635468.980283564] [fibonacci_action_server]: Feedback: array('i', [0, 1, 1, 2, 3, 5, 8, 13])
[INFO] [1733635469.481685110] [fibonacci_action_server]: Feedback: array('i', [0, 1, 1, 2, 3, 5, 8, 13, 21])
[INFO] [1733635469.983194339] [fibonacci_action_server]: Feedback: array('i', [0, 1, 1, 2, 3, 5, 8, 13, 21, 34])
[INFO] [1733635470.484222353] [fibonacci_action_server]: Feedback: array('i', [0, 1, 1, 2, 3, 5, 8, 13, 21, 34, 55])
[INFO] [1733635470.987504466] [fibonacci_action_server]: Executing goal...
[INFO] [1733635470.988282019] [fibonacci_action_server]: Feedback: array('i', [0, 1, 1])
[INFO] [1733635471.489306402] [fibonacci_action_server]: Feedback: array('i', [0, 1, 1, 2])
[INFO] [1733635471.990682790] [fibonacci_action_server]: Feedback: array('i', [0, 1, 1, 2, 3])
[INFO] [1733635472.492092370] [fibonacci_action_server]: Feedback: array('i', [0, 1, 1, 2, 3, 5])
[INFO] [1733635472.993508355] [fibonacci_action_server]: Feedback: array('i', [0, 1, 1, 2, 3, 5, 8])
[INFO] [1733635473.494814163] [fibonacci_action_server]: Feedback: array('i', [0, 1, 1, 2, 3, 5, 8, 13])
[INFO] [1733635473.996316894] [fibonacci_action_server]: Feedback: array('i', [0, 1, 1, 2, 3, 5, 8, 13, 21])
[INFO] [1733635474.497626660] [fibonacci_action_server]: Feedback: array('i', [0, 1, 1, 2, 3, 5, 8, 13, 21, 34])
[INFO] [1733635474.998947902] [fibonacci_action_server]: Feedback: array('i', [0, 1, 1, 2, 3, 5, 8, 13, 21, 34, 55])
[INFO] [1733635475.502895453] [fibonacci_action_server]: Executing goal...
[INFO] [1733635475.503525723] [fibonacci_action_server]: Feedback: array('i', [0, 1, 1])
[INFO] [1733635476.004748526] [fibonacci_action_server]: Feedback: array('i', [0, 1, 1, 2])
[INFO] [1733635476.506226215] [fibonacci_action_server]: Feedback: array('i', [0, 1, 1, 2, 3])
[INFO] [1733635477.007744729] [fibonacci_action_server]: Feedback: array('i', [0, 1, 1, 2, 3, 5])
[INFO] [1733635477.508577377] [fibonacci_action_server]: Feedback: array('i', [0, 1, 1, 2, 3, 5, 8])
[INFO] [1733635478.010028031] [fibonacci_action_server]: Feedback: array('i', [0, 1, 1, 2, 3, 5, 8, 13])
[INFO] [1733635478.511543035] [fibonacci_action_server]: Feedback: array('i', [0, 1, 1, 2, 3, 5, 8, 13, 21])
[INFO] [1733635479.012788933] [fibonacci_action_server]: Feedback: array('i', [0, 1, 1, 2, 3, 5, 8, 13, 21, 34])
[INFO] [1733635479.514298818] [fibonacci_action_server]: Feedback: array('i', [0, 1, 1, 2, 3, 5, 8, 13, 21, 34, 55])
[INFO] [1733635480.017885121] [fibonacci_action_server]: Executing goal...
[INFO] [1733635480.018503030] [fibonacci_action_server]: Feedback: array('i', [0, 1, 1])
[INFO] [1733635480.519786009] [fibonacci_action_server]: Feedback: array('i', [0, 1, 1, 2])
[INFO] [1733635481.021062096] [fibonacci_action_server]: Feedback: array('i', [0, 1, 1, 2, 3])
[INFO] [1733635481.522401596] [fibonacci_action_server]: Feedback: array('i', [0, 1, 1, 2, 3, 5])
[INFO] [1733635482.023582249] [fibonacci_action_server]: Feedback: array('i', [0, 1, 1, 2, 3, 5, 8])
[INFO] [1733635482.524777281] [fibonacci_action_server]: Feedback: array('i', [0, 1, 1, 2, 3, 5, 8, 13])
[INFO] [1733635483.025912123] [fibonacci_action_server]: Feedback: array('i', [0, 1, 1, 2, 3, 5, 8, 13, 21])
[INFO] [1733635483.527361152] [fibonacci_action_server]: Feedback: array('i', [0, 1, 1, 2, 3, 5, 8, 13, 21, 34])
[INFO] [1733635484.028798242] [fibonacci_action_server]: Feedback: array('i', [0, 1, 1, 2, 3, 5, 8, 13, 21, 34, 55])
[INFO] [1733635484.531956093] [fibonacci_action_server]: Executing goal...
[INFO] [1733635484.532380468] [fibonacci_action_server]: Feedback: array('i', [0, 1, 1])
[INFO] [1733635485.033396390] [fibonacci_action_server]: Feedback: array('i', [0, 1, 1, 2])
[INFO] [1733635485.534878887] [fibonacci_action_server]: Feedback: array('i', [0, 1, 1, 2, 3])
[INFO] [1733635486.036445117] [fibonacci_action_server]: Feedback: array('i', [0, 1, 1, 2, 3, 5])
[INFO] [1733635486.537673450] [fibonacci_action_server]: Feedback: array('i', [0, 1, 1, 2, 3, 5, 8])
[INFO] [1733635487.038918256] [fibonacci_action_server]: Feedback: array('i', [0, 1, 1, 2, 3, 5, 8, 13])
[INFO] [1733635487.540353316] [fibonacci_action_server]: Feedback: array('i', [0, 1, 1, 2, 3, 5, 8, 13, 21])
[INFO] [1733635488.041812337] [fibonacci_action_server]: Feedback: array('i', [0, 1, 1, 2, 3, 5, 8, 13, 21, 34])
[INFO] [1733635488.543272599] [fibonacci_action_server]: Feedback: array('i', [0, 1, 1, 2, 3, 5, 8, 13, 21, 34, 55])
[INFO] [1733635489.046401248] [fibonacci_action_server]: Executing goal...
[INFO] [1733635489.046766536] [fibonacci_action_server]: Feedback: array('i', [0, 1, 1])
[INFO] [1733635489.548145785] [fibonacci_action_server]: Feedback: array('i', [0, 1, 1, 2])
[INFO] [1733635490.049358540] [fibonacci_action_server]: Feedback: array('i', [0, 1, 1, 2, 3])
[INFO] [1733635490.550991182] [fibonacci_action_server]: Feedback: array('i', [0, 1, 1, 2, 3, 5])
[INFO] [1733635491.052515113] [fibonacci_action_server]: Feedback: array('i', [0, 1, 1, 2, 3, 5, 8])
[INFO] [1733635491.553965421] [fibonacci_action_server]: Feedback: array('i', [0, 1, 1, 2, 3, 5, 8, 13])
[INFO] [1733635492.055281464] [fibonacci_action_server]: Feedback: array('i', [0, 1, 1, 2, 3, 5, 8, 13, 21])
[INFO] [1733635492.556303696] [fibonacci_action_server]: Feedback: array('i', [0, 1, 1, 2, 3, 5, 8, 13, 21, 34])
[INFO] [1733635493.057486209] [fibonacci_action_server]: Feedback: array('i', [0, 1, 1, 2, 3, 5, 8, 13, 21, 34, 55])
[INFO] [1733635493.560389891] [fibonacci_action_server]: Executing goal...
[INFO] [1733635493.560803908] [fibonacci_action_server]: Feedback: array('i', [0, 1, 1])
[INFO] [1733635494.061930357] [fibonacci_action_server]: Feedback: array('i', [0, 1, 1, 2])
[INFO] [1733635494.563444442] [fibonacci_action_server]: Feedback: array('i', [0, 1, 1, 2, 3])
[INFO] [1733635495.064688976] [fibonacci_action_server]: Feedback: array('i', [0, 1, 1, 2, 3, 5])
[INFO] [1733635495.566117485] [fibonacci_action_server]: Feedback: array('i', [0, 1, 1, 2, 3, 5, 8])
[INFO] [1733635496.067579753] [fibonacci_action_server]: Feedback: array('i', [0, 1, 1, 2, 3, 5, 8, 13])
[INFO] [1733635496.568566891] [fibonacci_action_server]: Feedback: array('i', [0, 1, 1, 2, 3, 5, 8, 13, 21])
[INFO] [1733635497.070007910] [fibonacci_action_server]: Feedback: array('i', [0, 1, 1, 2, 3, 5, 8, 13, 21, 34])
[INFO] [1733635497.571235897] [fibonacci_action_server]: Feedback: array('i', [0, 1, 1, 2, 3, 5, 8, 13, 21, 34, 55])
[INFO] [1733635498.074315881] [fibonacci_action_server]: Executing goal...
[INFO] [1733635498.074681485] [fibonacci_action_server]: Feedback: array('i', [0, 1, 1])
[INFO] [1733635498.576154858] [fibonacci_action_server]: Feedback: array('i', [0, 1, 1, 2])
[INFO] [1733635499.077483354] [fibonacci_action_server]: Feedback: array('i', [0, 1, 1, 2, 3])
[INFO] [1733635499.578972293] [fibonacci_action_server]: Feedback: array('i', [0, 1, 1, 2, 3, 5])
[INFO] [1733635500.080538115] [fibonacci_action_server]: Feedback: array('i', [0, 1, 1, 2, 3, 5, 8])
[INFO] [1733635500.581974048] [fibonacci_action_server]: Feedback: array('i', [0, 1, 1, 2, 3, 5, 8, 13])
[INFO] [1733635501.083257527] [fibonacci_action_server]: Feedback: array('i', [0, 1, 1, 2, 3, 5, 8, 13, 21])
[INFO] [1733635501.584454365] [fibonacci_action_server]: Feedback: array('i', [0, 1, 1, 2, 3, 5, 8, 13, 21, 34])
[INFO] [1733635502.085667410] [fibonacci_action_server]: Feedback: array('i', [0, 1, 1, 2, 3, 5, 8, 13, 21, 34, 55])
[INFO] [1733635502.588394681] [fibonacci_action_server]: Executing goal...
[INFO] [1733635502.588808340] [fibonacci_action_server]: Feedback: array('i', [0, 1, 1])
[INFO] [1733635503.090200969] [fibonacci_action_server]: Feedback: array('i', [0, 1, 1, 2])
[INFO] [1733635503.591897481] [fibonacci_action_server]: Feedback: array('i', [0, 1, 1, 2, 3])
[INFO] [1733635504.093029324] [fibonacci_action_server]: Feedback: array('i', [0, 1, 1, 2, 3, 5])
[INFO] [1733635504.594378064] [fibonacci_action_server]: Feedback: array('i', [0, 1, 1, 2, 3, 5, 8])
[INFO] [1733635505.095615156] [fibonacci_action_server]: Feedback: array('i', [0, 1, 1, 2, 3, 5, 8, 13])
[INFO] [1733635505.596484566] [fibonacci_action_server]: Feedback: array('i', [0, 1, 1, 2, 3, 5, 8, 13, 21])
[INFO] [1733635506.097798198] [fibonacci_action_server]: Feedback: array('i', [0, 1, 1, 2, 3, 5, 8, 13, 21, 34])
[INFO] [1733635506.599101897] [fibonacci_action_server]: Feedback: array('i', [0, 1, 1, 2, 3, 5, 8, 13, 21, 34, 55])
[INFO] [1733635507.102217620] [fibonacci_action_server]: Executing goal...
[INFO] [1733635507.102589570] [fibonacci_action_server]: Feedback: array('i', [0, 1, 1])
[INFO] [1733635507.604039107] [fibonacci_action_server]: Feedback: array('i', [0, 1, 1, 2])
[INFO] [1733635508.105355381] [fibonacci_action_server]: Feedback: array('i', [0, 1, 1, 2, 3])
[INFO] [1733635508.606800929] [fibonacci_action_server]: Feedback: array('i', [0, 1, 1, 2, 3, 5])
[INFO] [1733635509.108432126] [fibonacci_action_server]: Feedback: array('i', [0, 1, 1, 2, 3, 5, 8])
[INFO] [1733635509.609849085] [fibonacci_action_server]: Feedback: array('i', [0, 1, 1, 2, 3, 5, 8, 13])
[INFO] [1733635510.111398425] [fibonacci_action_server]: Feedback: array('i', [0, 1, 1, 2, 3, 5, 8, 13, 21])
[INFO] [1733635510.612499049] [fibonacci_action_server]: Feedback: array('i', [0, 1, 1, 2, 3, 5, 8, 13, 21, 34])
[INFO] [1733635511.114013250] [fibonacci_action_server]: Feedback: array('i', [0, 1, 1, 2, 3, 5, 8, 13, 21, 34, 55])
[INFO] [1733635511.617260136] [fibonacci_action_server]: Executing goal...
[INFO] [1733635511.617634569] [fibonacci_action_server]: Feedback: array('i', [0, 1, 1])
[INFO] [1733635512.118759578] [fibonacci_action_server]: Feedback: array('i', [0, 1, 1, 2])
[INFO] [1733635512.620024606] [fibonacci_action_server]: Feedback: array('i', [0, 1, 1, 2, 3])
[INFO] [1733635513.121284435] [fibonacci_action_server]: Feedback: array('i', [0, 1, 1, 2, 3, 5])
[INFO] [1733635513.622775318] [fibonacci_action_server]: Feedback: array('i', [0, 1, 1, 2, 3, 5, 8])
[INFO] [1733635514.124368475] [fibonacci_action_server]: Feedback: array('i', [0, 1, 1, 2, 3, 5, 8, 13])
[INFO] [1733635514.625656549] [fibonacci_action_server]: Feedback: array('i', [0, 1, 1, 2, 3, 5, 8, 13, 21])
[INFO] [1733635515.126803673] [fibonacci_action_server]: Feedback: array('i', [0, 1, 1, 2, 3, 5, 8, 13, 21, 34])
[INFO] [1733635515.628035824] [fibonacci_action_server]: Feedback: array('i', [0, 1, 1, 2, 3, 5, 8, 13, 21, 34, 55])
[INFO] [1733635516.131894444] [fibonacci_action_server]: Executing goal...
[INFO] [1733635516.132578360] [fibonacci_action_server]: Feedback: array('i', [0, 1, 1])
[INFO] [1733635516.633771297] [fibonacci_action_server]: Feedback: array('i', [0, 1, 1, 2])
[INFO] [1733635517.135202345] [fibonacci_action_server]: Feedback: array('i', [0, 1, 1, 2, 3])
[INFO] [1733635517.636555479] [fibonacci_action_server]: Feedback: array('i', [0, 1, 1, 2, 3, 5])
[INFO] [1733635518.137801944] [fibonacci_action_server]: Feedback: array('i', [0, 1, 1, 2, 3, 5, 8])
[INFO] [1733635518.639266131] [fibonacci_action_server]: Feedback: array('i', [0, 1, 1, 2, 3, 5, 8, 13])
[INFO] [1733635519.140548495] [fibonacci_action_server]: Feedback: array('i', [0, 1, 1, 2, 3, 5, 8, 13, 21])
[INFO] [1733635519.641778609] [fibonacci_action_server]: Feedback: array('i', [0, 1, 1, 2, 3, 5, 8, 13, 21, 34])
[INFO] [1733635520.143397101] [fibonacci_action_server]: Feedback: array('i', [0, 1, 1, 2, 3, 5, 8, 13, 21, 34, 55])
[INFO] [1733635520.646730613] [fibonacci_action_server]: Executing goal...
[INFO] [1733635520.647095450] [fibonacci_action_server]: Feedback: array('i', [0, 1, 1])
[INFO] [1733635521.148492349] [fibonacci_action_server]: Feedback: array('i', [0, 1, 1, 2])
[INFO] [1733635521.650147139] [fibonacci_action_server]: Feedback: array('i', [0, 1, 1, 2, 3])
[INFO] [1733635522.151635352] [fibonacci_action_server]: Feedback: array('i', [0, 1, 1, 2, 3, 5])
[INFO] [1733635522.652581809] [fibonacci_action_server]: Feedback: array('i', [0, 1, 1, 2, 3, 5, 8])
[INFO] [1733635523.154114850] [fibonacci_action_server]: Feedback: array('i', [0, 1, 1, 2, 3, 5, 8, 13])
[INFO] [1733635523.655343018] [fibonacci_action_server]: Feedback: array('i', [0, 1, 1, 2, 3, 5, 8, 13, 21])
[INFO] [1733635524.156492273] [fibonacci_action_server]: Feedback: array('i', [0, 1, 1, 2, 3, 5, 8, 13, 21, 34])
[INFO] [1733635524.657990107] [fibonacci_action_server]: Feedback: array('i', [0, 1, 1, 2, 3, 5, 8, 13, 21, 34, 55])
[INFO] [1733635525.161140064] [fibonacci_action_server]: Executing goal...
[INFO] [1733635525.161763695] [fibonacci_action_server]: Feedback: array('i', [0, 1, 1])
[INFO] [1733635525.663036525] [fibonacci_action_server]: Feedback: array('i', [0, 1, 1, 2])
[INFO] [1733635526.164585290] [fibonacci_action_server]: Feedback: array('i', [0, 1, 1, 2, 3])
[INFO] [1733635526.666019400] [fibonacci_action_server]: Feedback: array('i', [0, 1, 1, 2, 3, 5])
[INFO] [1733635527.167483696] [fibonacci_action_server]: Feedback: array('i', [0, 1, 1, 2, 3, 5, 8])
[INFO] [1733635527.668519069] [fibonacci_action_server]: Feedback: array('i', [0, 1, 1, 2, 3, 5, 8, 13])
[INFO] [1733635528.169693268] [fibonacci_action_server]: Feedback: array('i', [0, 1, 1, 2, 3, 5, 8, 13, 21])
[INFO] [1733635528.671086388] [fibonacci_action_server]: Feedback: array('i', [0, 1, 1, 2, 3, 5, 8, 13, 21, 34])
[INFO] [1733635529.172362892] [fibonacci_action_server]: Feedback: array('i', [0, 1, 1, 2, 3, 5, 8, 13, 21, 34, 55])
[INFO] [1733635529.675879845] [fibonacci_action_server]: Executing goal...
[INFO] [1733635529.676523465] [fibonacci_action_server]: Feedback: array('i', [0, 1, 1])
[INFO] [1733635530.177637433] [fibonacci_action_server]: Feedback: array('i', [0, 1, 1, 2])
[INFO] [1733635530.678991566] [fibonacci_action_server]: Feedback: array('i', [0, 1, 1, 2, 3])
[INFO] [1733635531.180189071] [fibonacci_action_server]: Feedback: array('i', [0, 1, 1, 2, 3, 5])
[INFO] [1733635531.681503297] [fibonacci_action_server]: Feedback: array('i', [0, 1, 1, 2, 3, 5, 8])
[INFO] [1733635532.183012894] [fibonacci_action_server]: Feedback: array('i', [0, 1, 1, 2, 3, 5, 8, 13])
[INFO] [1733635532.684425551] [fibonacci_action_server]: Feedback: array('i', [0, 1, 1, 2, 3, 5, 8, 13, 21])
[INFO] [1733635533.185841399] [fibonacci_action_server]: Feedback: array('i', [0, 1, 1, 2, 3, 5, 8, 13, 21, 34])
[INFO] [1733635533.687323816] [fibonacci_action_server]: Feedback: array('i', [0, 1, 1, 2, 3, 5, 8, 13, 21, 34, 55])
[INFO] [1733635534.190994540] [fibonacci_action_server]: Executing goal...
[INFO] [1733635534.191602132] [fibonacci_action_server]: Feedback: array('i', [0, 1, 1])
[INFO] [1733635534.692828781] [fibonacci_action_server]: Feedback: array('i', [0, 1, 1, 2])
[INFO] [1733635535.194030568] [fibonacci_action_server]: Feedback: array('i', [0, 1, 1, 2, 3])
[INFO] [1733635535.695177631] [fibonacci_action_server]: Feedback: array('i', [0, 1, 1, 2, 3, 5])
[INFO] [1733635536.196243267] [fibonacci_action_server]: Feedback: array('i', [0, 1, 1, 2, 3, 5, 8])
[INFO] [1733635536.697839109] [fibonacci_action_server]: Feedback: array('i', [0, 1, 1, 2, 3, 5, 8, 13])
[INFO] [1733635537.199076838] [fibonacci_action_server]: Feedback: array('i', [0, 1, 1, 2, 3, 5, 8, 13, 21])
[INFO] [1733635537.700355226] [fibonacci_action_server]: Feedback: array('i', [0, 1, 1, 2, 3, 5, 8, 13, 21, 34])
[INFO] [1733635538.201704295] [fibonacci_action_server]: Feedback: array('i', [0, 1, 1, 2, 3, 5, 8, 13, 21, 34, 55])
[INFO] [1733635538.704928623] [fibonacci_action_server]: Executing goal...
[INFO] [1733635538.705398426] [fibonacci_action_server]: Feedback: array('i', [0, 1, 1])
[INFO] [1733635539.206869211] [fibonacci_action_server]: Feedback: array('i', [0, 1, 1, 2])
[INFO] [1733635539.708332088] [fibonacci_action_server]: Feedback: array('i', [0, 1, 1, 2, 3])
[INFO] [1733635540.209489306] [fibonacci_action_server]: Feedback: array('i', [0, 1, 1, 2, 3, 5])
[INFO] [1733635540.711050651] [fibonacci_action_server]: Feedback: array('i', [0, 1, 1, 2, 3, 5, 8])
[INFO] [1733635541.212659021] [fibonacci_action_server]: Feedback: array('i', [0, 1, 1, 2, 3, 5, 8, 13])
[INFO] [1733635541.714160448] [fibonacci_action_server]: Feedback: array('i', [0, 1, 1, 2, 3, 5, 8, 13, 21])
[INFO] [1733635542.215583712] [fibonacci_action_server]: Feedback: array('i', [0, 1, 1, 2, 3, 5, 8, 13, 21, 34])
[INFO] [1733635542.716743609] [fibonacci_action_server]: Feedback: array('i', [0, 1, 1, 2, 3, 5, 8, 13, 21, 34, 55])
[INFO] [1733635543.219834931] [fibonacci_action_server]: Executing goal...
[INFO] [1733635543.220229241] [fibonacci_action_server]: Feedback: array('i', [0, 1, 1])
[INFO] [1733635543.721307563] [fibonacci_action_server]: Feedback: array('i', [0, 1, 1, 2])
[INFO] [1733635544.222985263] [fibonacci_action_server]: Feedback: array('i', [0, 1, 1, 2, 3])
[INFO] [1733635544.724501607] [fibonacci_action_server]: Feedback: array('i', [0, 1, 1, 2, 3, 5])
[INFO] [1733635545.225986582] [fibonacci_action_server]: Feedback: array('i', [0, 1, 1, 2, 3, 5, 8])
[INFO] [1733635545.727416305] [fibonacci_action_server]: Feedback: array('i', [0, 1, 1, 2, 3, 5, 8, 13])
[INFO] [1733635546.228271931] [fibonacci_action_server]: Feedback: array('i', [0, 1, 1, 2, 3, 5, 8, 13, 21])
[INFO] [1733635546.729403866] [fibonacci_action_server]: Feedback: array('i', [0, 1, 1, 2, 3, 5, 8, 13, 21, 34])
[INFO] [1733635547.230667338] [fibonacci_action_server]: Feedback: array('i', [0, 1, 1, 2, 3, 5, 8, 13, 21, 34, 55])
[INFO] [1733635547.733374076] [fibonacci_action_server]: Executing goal...
[INFO] [1733635547.733833375] [fibonacci_action_server]: Feedback: array('i', [0, 1, 1])
[INFO] [1733635548.234844630] [fibonacci_action_server]: Feedback: array('i', [0, 1, 1, 2])
[INFO] [1733635548.736315842] [fibonacci_action_server]: Feedback: array('i', [0, 1, 1, 2, 3])
[INFO] [1733635549.237686894] [fibonacci_action_server]: Feedback: array('i', [0, 1, 1, 2, 3, 5])
[INFO] [1733635549.739156723] [fibonacci_action_server]: Feedback: array('i', [0, 1, 1, 2, 3, 5, 8])
[INFO] [1733635550.240602563] [fibonacci_action_server]: Feedback: array('i', [0, 1, 1, 2, 3, 5, 8, 13])
[INFO] [1733635550.741785528] [fibonacci_action_server]: Feedback: array('i', [0, 1, 1, 2, 3, 5, 8, 13, 21])
[INFO] [1733635551.243102668] [fibonacci_action_server]: Feedback: array('i', [0, 1, 1, 2, 3, 5, 8, 13, 21, 34])
[INFO] [1733635551.744618616] [fibonacci_action_server]: Feedback: array('i', [0, 1, 1, 2, 3, 5, 8, 13, 21, 34, 55])
[INFO] [1733635552.247622734] [fibonacci_action_server]: Executing goal...
[INFO] [1733635552.247997180] [fibonacci_action_server]: Feedback: array('i', [0, 1, 1])
[INFO] [1733635552.749262315] [fibonacci_action_server]: Feedback: array('i', [0, 1, 1, 2])
[INFO] [1733635553.250652364] [fibonacci_action_server]: Feedback: array('i', [0, 1, 1, 2, 3])
[INFO] [1733635553.752231196] [fibonacci_action_server]: Feedback: array('i', [0, 1, 1, 2, 3, 5])
[INFO] [1733635554.253526067] [fibonacci_action_server]: Feedback: array('i', [0, 1, 1, 2, 3, 5, 8])
[INFO] [1733635554.755068131] [fibonacci_action_server]: Feedback: array('i', [0, 1, 1, 2, 3, 5, 8, 13])
[INFO] [1733635555.256451816] [fibonacci_action_server]: Feedback: array('i', [0, 1, 1, 2, 3, 5, 8, 13, 21])
[INFO] [1733635555.757885502] [fibonacci_action_server]: Feedback: array('i', [0, 1, 1, 2, 3, 5, 8, 13, 21, 34])
[INFO] [1733635556.259342634] [fibonacci_action_server]: Feedback: array('i', [0, 1, 1, 2, 3, 5, 8, 13, 21, 34, 55])
[INFO] [1733635556.761727010] [fibonacci_action_server]: Executing goal...
[INFO] [1733635556.762097520] [fibonacci_action_server]: Feedback: array('i', [0, 1, 1])
[INFO] [1733635557.263077969] [fibonacci_action_server]: Feedback: array('i', [0, 1, 1, 2])
[INFO] [1733635557.764308218] [fibonacci_action_server]: Feedback: array('i', [0, 1, 1, 2, 3])
[INFO] [1733635558.265603915] [fibonacci_action_server]: Feedback: array('i', [0, 1, 1, 2, 3, 5])
[INFO] [1733635558.767191687] [fibonacci_action_server]: Feedback: array('i', [0, 1, 1, 2, 3, 5, 8])
[INFO] [1733635559.268860789] [fibonacci_action_server]: Feedback: array('i', [0, 1, 1, 2, 3, 5, 8, 13])
[INFO] [1733635559.770334754] [fibonacci_action_server]: Feedback: array('i', [0, 1, 1, 2, 3, 5, 8, 13, 21])
[INFO] [1733635560.271760296] [fibonacci_action_server]: Feedback: array('i', [0, 1, 1, 2, 3, 5, 8, 13, 21, 34])
[INFO] [1733635560.772538811] [fibonacci_action_server]: Feedback: array('i', [0, 1, 1, 2, 3, 5, 8, 13, 21, 34, 55])
[INFO] [1733635561.276244725] [fibonacci_action_server]: Executing goal...
[INFO] [1733635561.276913834] [fibonacci_action_server]: Feedback: array('i', [0, 1, 1])
[INFO] [1733635561.777974744] [fibonacci_action_server]: Feedback: array('i', [0, 1, 1, 2])
[INFO] [1733635562.279204457] [fibonacci_action_server]: Feedback: array('i', [0, 1, 1, 2, 3])
[INFO] [1733635562.780790568] [fibonacci_action_server]: Feedback: array('i', [0, 1, 1, 2, 3, 5])
[INFO] [1733635563.282203765] [fibonacci_action_server]: Feedback: array('i', [0, 1, 1, 2, 3, 5, 8])
[INFO] [1733635563.783703354] [fibonacci_action_server]: Feedback: array('i', [0, 1, 1, 2, 3, 5, 8, 13])
[INFO] [1733635564.285106485] [fibonacci_action_server]: Feedback: array('i', [0, 1, 1, 2, 3, 5, 8, 13, 21])
[INFO] [1733635564.786330227] [fibonacci_action_server]: Feedback: array('i', [0, 1, 1, 2, 3, 5, 8, 13, 21, 34])
[INFO] [1733635565.287959264] [fibonacci_action_server]: Feedback: array('i', [0, 1, 1, 2, 3, 5, 8, 13, 21, 34, 55])
[INFO] [1733635565.790870261] [fibonacci_action_server]: Executing goal...
[INFO] [1733635565.791273642] [fibonacci_action_server]: Feedback: array('i', [0, 1, 1])
[INFO] [1733635566.292463384] [fibonacci_action_server]: Feedback: array('i', [0, 1, 1, 2])
[INFO] [1733635566.794012368] [fibonacci_action_server]: Feedback: array('i', [0, 1, 1, 2, 3])
[INFO] [1733635567.295489100] [fibonacci_action_server]: Feedback: array('i', [0, 1, 1, 2, 3, 5])
[INFO] [1733635567.796603271] [fibonacci_action_server]: Feedback: array('i', [0, 1, 1, 2, 3, 5, 8])
[INFO] [1733635568.297762302] [fibonacci_action_server]: Feedback: array('i', [0, 1, 1, 2, 3, 5, 8, 13])
[INFO] [1733635568.798906975] [fibonacci_action_server]: Feedback: array('i', [0, 1, 1, 2, 3, 5, 8, 13, 21])
[INFO] [1733635569.300140174] [fibonacci_action_server]: Feedback: array('i', [0, 1, 1, 2, 3, 5, 8, 13, 21, 34])
[INFO] [1733635569.801687115] [fibonacci_action_server]: Feedback: array('i', [0, 1, 1, 2, 3, 5, 8, 13, 21, 34, 55])
[INFO] [1733635570.305557284] [fibonacci_action_server]: Executing goal...
[INFO] [1733635570.306150123] [fibonacci_action_server]: Feedback: array('i', [0, 1, 1])
[INFO] [1733635570.807881709] [fibonacci_action_server]: Feedback: array('i', [0, 1, 1, 2])
[INFO] [1733635571.309216090] [fibonacci_action_server]: Feedback: array('i', [0, 1, 1, 2, 3])
[INFO] [1733635571.810718040] [fibonacci_action_server]: Feedback: array('i', [0, 1, 1, 2, 3, 5])
[INFO] [1733635572.312265111] [fibonacci_action_server]: Feedback: array('i', [0, 1, 1, 2, 3, 5, 8])
[INFO] [1733635572.813563629] [fibonacci_action_server]: Feedback: array('i', [0, 1, 1, 2, 3, 5, 8, 13])
[INFO] [1733635573.314835984] [fibonacci_action_server]: Feedback: array('i', [0, 1, 1, 2, 3, 5, 8, 13, 21])
[INFO] [1733635573.816273831] [fibonacci_action_server]: Feedback: array('i', [0, 1, 1, 2, 3, 5, 8, 13, 21, 34])
[INFO] [1733635574.317802840] [fibonacci_action_server]: Feedback: array('i', [0, 1, 1, 2, 3, 5, 8, 13, 21, 34, 55])
[INFO] [1733635574.821765121] [fibonacci_action_server]: Executing goal...
[INFO] [1733635574.822454474] [fibonacci_action_server]: Feedback: array('i', [0, 1, 1])
[INFO] [1733635575.323586509] [fibonacci_action_server]: Feedback: array('i', [0, 1, 1, 2])
[INFO] [1733635575.824546913] [fibonacci_action_server]: Feedback: array('i', [0, 1, 1, 2, 3])
[INFO] [1733635576.325966779] [fibonacci_action_server]: Feedback: array('i', [0, 1, 1, 2, 3, 5])
[INFO] [1733635576.827223121] [fibonacci_action_server]: Feedback: array('i', [0, 1, 1, 2, 3, 5, 8])
[INFO] [1733635577.328753108] [fibonacci_action_server]: Feedback: array('i', [0, 1, 1, 2, 3, 5, 8, 13])
[INFO] [1733635577.830210052] [fibonacci_action_server]: Feedback: array('i', [0, 1, 1, 2, 3, 5, 8, 13, 21])
[INFO] [1733635578.331633821] [fibonacci_action_server]: Feedback: array('i', [0, 1, 1, 2, 3, 5, 8, 13, 21, 34])
[INFO] [1733635578.832579941] [fibonacci_action_server]: Feedback: array('i', [0, 1, 1, 2, 3, 5, 8, 13, 21, 34, 55])
[INFO] [1733635579.336039996] [fibonacci_action_server]: Executing goal...
[INFO] [1733635579.336658897] [fibonacci_action_server]: Feedback: array('i', [0, 1, 1])
[INFO] [1733635579.837766922] [fibonacci_action_server]: Feedback: array('i', [0, 1, 1, 2])
[INFO] [1733635580.338978465] [fibonacci_action_server]: Feedback: array('i', [0, 1, 1, 2, 3])
[INFO] [1733635580.840381471] [fibonacci_action_server]: Feedback: array('i', [0, 1, 1, 2, 3, 5])
[INFO] [1733635581.341948318] [fibonacci_action_server]: Feedback: array('i', [0, 1, 1, 2, 3, 5, 8])
[INFO] [1733635581.843637115] [fibonacci_action_server]: Feedback: array('i', [0, 1, 1, 2, 3, 5, 8, 13])
[INFO] [1733635582.344507427] [fibonacci_action_server]: Feedback: array('i', [0, 1, 1, 2, 3, 5, 8, 13, 21])
[INFO] [1733635582.845981456] [fibonacci_action_server]: Feedback: array('i', [0, 1, 1, 2, 3, 5, 8, 13, 21, 34])
[INFO] [1733635583.347429863] [fibonacci_action_server]: Feedback: array('i', [0, 1, 1, 2, 3, 5, 8, 13, 21, 34, 55])
[INFO] [1733635583.850981339] [fibonacci_action_server]: Executing goal...
[INFO] [1733635583.851610997] [fibonacci_action_server]: Feedback: array('i', [0, 1, 1])
[INFO] [1733635584.352285127] [fibonacci_action_server]: Feedback: array('i', [0, 1, 1, 2])
[INFO] [1733635584.854083464] [fibonacci_action_server]: Feedback: array('i', [0, 1, 1, 2, 3])
[INFO] [1733635585.355283628] [fibonacci_action_server]: Feedback: array('i', [0, 1, 1, 2, 3, 5])
[INFO] [1733635585.856591823] [fibonacci_action_server]: Feedback: array('i', [0, 1, 1, 2, 3, 5, 8])
[INFO] [1733635586.358294853] [fibonacci_action_server]: Feedback: array('i', [0, 1, 1, 2, 3, 5, 8, 13])
[INFO] [1733635586.859767285] [fibonacci_action_server]: Feedback: array('i', [0, 1, 1, 2, 3, 5, 8, 13, 21])
[INFO] [1733635587.360553773] [fibonacci_action_server]: Feedback: array('i', [0, 1, 1, 2, 3, 5, 8, 13, 21, 34])
[INFO] [1733635587.861907955] [fibonacci_action_server]: Feedback: array('i', [0, 1, 1, 2, 3, 5, 8, 13, 21, 34, 55])
[INFO] [1733635588.365214669] [fibonacci_action_server]: Executing goal...
[INFO] [1733635588.365847323] [fibonacci_action_server]: Feedback: array('i', [0, 1, 1])
[INFO] [1733635588.867099742] [fibonacci_action_server]: Feedback: array('i', [0, 1, 1, 2])
[INFO] [1733635589.368373023] [fibonacci_action_server]: Feedback: array('i', [0, 1, 1, 2, 3])
[INFO] [1733635589.869572178] [fibonacci_action_server]: Feedback: array('i', [0, 1, 1, 2, 3, 5])
[INFO] [1733635590.370729438] [fibonacci_action_server]: Feedback: array('i', [0, 1, 1, 2, 3, 5, 8])
[INFO] [1733635590.871904237] [fibonacci_action_server]: Feedback: array('i', [0, 1, 1, 2, 3, 5, 8, 13])
[INFO] [1733635591.373208738] [fibonacci_action_server]: Feedback: array('i', [0, 1, 1, 2, 3, 5, 8, 13, 21])
[INFO] [1733635591.874407185] [fibonacci_action_server]: Feedback: array('i', [0, 1, 1, 2, 3, 5, 8, 13, 21, 34])
[INFO] [1733635592.375835837] [fibonacci_action_server]: Feedback: array('i', [0, 1, 1, 2, 3, 5, 8, 13, 21, 34, 55])
[INFO] [1733635592.878324088] [fibonacci_action_server]: Executing goal...
[INFO] [1733635592.878724451] [fibonacci_action_server]: Feedback: array('i', [0, 1, 1])
[INFO] [1733635593.380157802] [fibonacci_action_server]: Feedback: array('i', [0, 1, 1, 2])
[INFO] [1733635593.881460834] [fibonacci_action_server]: Feedback: array('i', [0, 1, 1, 2, 3])
[INFO] [1733635594.382639791] [fibonacci_action_server]: Feedback: array('i', [0, 1, 1, 2, 3, 5])
[INFO] [1733635594.884208871] [fibonacci_action_server]: Feedback: array('i', [0, 1, 1, 2, 3, 5, 8])
[INFO] [1733635595.385540274] [fibonacci_action_server]: Feedback: array('i', [0, 1, 1, 2, 3, 5, 8, 13])
[INFO] [1733635595.886813287] [fibonacci_action_server]: Feedback: array('i', [0, 1, 1, 2, 3, 5, 8, 13, 21])
[INFO] [1733635596.388125753] [fibonacci_action_server]: Feedback: array('i', [0, 1, 1, 2, 3, 5, 8, 13, 21, 34])
[INFO] [1733635596.889371636] [fibonacci_action_server]: Feedback: array('i', [0, 1, 1, 2, 3, 5, 8, 13, 21, 34, 55])
[INFO] [1733635597.392491382] [fibonacci_action_server]: Executing goal...
[INFO] [1733635597.392957227] [fibonacci_action_server]: Feedback: array('i', [0, 1, 1])
[INFO] [1733635597.893963451] [fibonacci_action_server]: Feedback: array('i', [0, 1, 1, 2])
[INFO] [1733635598.395358272] [fibonacci_action_server]: Feedback: array('i', [0, 1, 1, 2, 3])
[INFO] [1733635598.896551640] [fibonacci_action_server]: Feedback: array('i', [0, 1, 1, 2, 3, 5])
[INFO] [1733635599.397965747] [fibonacci_action_server]: Feedback: array('i', [0, 1, 1, 2, 3, 5, 8])
[INFO] [1733635599.899464963] [fibonacci_action_server]: Feedback: array('i', [0, 1, 1, 2, 3, 5, 8, 13])
[INFO] [1733635600.400295412] [fibonacci_action_server]: Feedback: array('i', [0, 1, 1, 2, 3, 5, 8, 13, 21])
[INFO] [1733635600.901460164] [fibonacci_action_server]: Feedback: array('i', [0, 1, 1, 2, 3, 5, 8, 13, 21, 34])
[INFO] [1733635601.402593908] [fibonacci_action_server]: Feedback: array('i', [0, 1, 1, 2, 3, 5, 8, 13, 21, 34, 55])
[INFO] [1733635601.905823179] [fibonacci_action_server]: Executing goal...
[INFO] [1733635601.906452922] [fibonacci_action_server]: Feedback: array('i', [0, 1, 1])
[INFO] [1733635602.407624025] [fibonacci_action_server]: Feedback: array('i', [0, 1, 1, 2])
[INFO] [1733635602.908933764] [fibonacci_action_server]: Feedback: array('i', [0, 1, 1, 2, 3])
[INFO] [1733635603.410224433] [fibonacci_action_server]: Feedback: array('i', [0, 1, 1, 2, 3, 5])
[INFO] [1733635603.911815804] [fibonacci_action_server]: Feedback: array('i', [0, 1, 1, 2, 3, 5, 8])
[INFO] [1733635604.412640363] [fibonacci_action_server]: Feedback: array('i', [0, 1, 1, 2, 3, 5, 8, 13])
[INFO] [1733635604.914035623] [fibonacci_action_server]: Feedback: array('i', [0, 1, 1, 2, 3, 5, 8, 13, 21])
[INFO] [1733635605.414874688] [fibonacci_action_server]: Feedback: array('i', [0, 1, 1, 2, 3, 5, 8, 13, 21, 34])
[INFO] [1733635605.916481335] [fibonacci_action_server]: Feedback: array('i', [0, 1, 1, 2, 3, 5, 8, 13, 21, 34, 55])
[INFO] [1733635606.419548671] [fibonacci_action_server]: Executing goal...
[INFO] [1733635606.420016732] [fibonacci_action_server]: Feedback: array('i', [0, 1, 1])
[INFO] [1733635606.921555792] [fibonacci_action_server]: Feedback: array('i', [0, 1, 1, 2])
[INFO] [1733635607.423028734] [fibonacci_action_server]: Feedback: array('i', [0, 1, 1, 2, 3])
[INFO] [1733635607.924566064] [fibonacci_action_server]: Feedback: array('i', [0, 1, 1, 2, 3, 5])
[INFO] [1733635608.425864211] [fibonacci_action_server]: Feedback: array('i', [0, 1, 1, 2, 3, 5, 8])
[INFO] [1733635608.927010027] [fibonacci_action_server]: Feedback: array('i', [0, 1, 1, 2, 3, 5, 8, 13])
[INFO] [1733635609.428356006] [fibonacci_action_server]: Feedback: array('i', [0, 1, 1, 2, 3, 5, 8, 13, 21])
[INFO] [1733635609.929773567] [fibonacci_action_server]: Feedback: array('i', [0, 1, 1, 2, 3, 5, 8, 13, 21, 34])
[INFO] [1733635610.430999604] [fibonacci_action_server]: Feedback: array('i', [0, 1, 1, 2, 3, 5, 8, 13, 21, 34, 55])
[INFO] [1733635610.933969854] [fibonacci_action_server]: Executing goal...
[INFO] [1733635610.934391426] [fibonacci_action_server]: Feedback: array('i', [0, 1, 1])
[INFO] [1733635611.436294029] [fibonacci_action_server]: Feedback: array('i', [0, 1, 1, 2])
[INFO] [1733635611.937419188] [fibonacci_action_server]: Feedback: array('i', [0, 1, 1, 2, 3])
[INFO] [1733635612.438554152] [fibonacci_action_server]: Feedback: array('i', [0, 1, 1, 2, 3, 5])
[INFO] [1733635612.939796920] [fibonacci_action_server]: Feedback: array('i', [0, 1, 1, 2, 3, 5, 8])
[INFO] [1733635613.441391867] [fibonacci_action_server]: Feedback: array('i', [0, 1, 1, 2, 3, 5, 8, 13])
[INFO] [1733635613.942724510] [fibonacci_action_server]: Feedback: array('i', [0, 1, 1, 2, 3, 5, 8, 13, 21])
[INFO] [1733635614.444302876] [fibonacci_action_server]: Feedback: array('i', [0, 1, 1, 2, 3, 5, 8, 13, 21, 34])
[INFO] [1733635614.945721581] [fibonacci_action_server]: Feedback: array('i', [0, 1, 1, 2, 3, 5, 8, 13, 21, 34, 55])
[INFO] [1733635615.449456893] [fibonacci_action_server]: Executing goal...
[INFO] [1733635615.450100750] [fibonacci_action_server]: Feedback: array('i', [0, 1, 1])
[INFO] [1733635615.951419561] [fibonacci_action_server]: Feedback: array('i', [0, 1, 1, 2])
[INFO] [1733635616.452638619] [fibonacci_action_server]: Feedback: array('i', [0, 1, 1, 2, 3])
[INFO] [1733635616.954190025] [fibonacci_action_server]: Feedback: array('i', [0, 1, 1, 2, 3, 5])
[INFO] [1733635617.455684412] [fibonacci_action_server]: Feedback: array('i', [0, 1, 1, 2, 3, 5, 8])
[INFO] [1733635617.957029076] [fibonacci_action_server]: Feedback: array('i', [0, 1, 1, 2, 3, 5, 8, 13])
[INFO] [1733635618.458482494] [fibonacci_action_server]: Feedback: array('i', [0, 1, 1, 2, 3, 5, 8, 13, 21])
[INFO] [1733635618.959986475] [fibonacci_action_server]: Feedback: array('i', [0, 1, 1, 2, 3, 5, 8, 13, 21, 34])
[INFO] [1733635619.461281365] [fibonacci_action_server]: Feedback: array('i', [0, 1, 1, 2, 3, 5, 8, 13, 21, 34, 55])
[INFO] [1733635619.964459943] [fibonacci_action_server]: Executing goal...
[INFO] [1733635619.965100451] [fibonacci_action_server]: Feedback: array('i', [0, 1, 1])
[INFO] [1733635620.466408079] [fibonacci_action_server]: Feedback: array('i', [0, 1, 1, 2])
[INFO] [1733635620.968112353] [fibonacci_action_server]: Feedback: array('i', [0, 1, 1, 2, 3])
[INFO] [1733635621.469466844] [fibonacci_action_server]: Feedback: array('i', [0, 1, 1, 2, 3, 5])
[INFO] [1733635621.970913052] [fibonacci_action_server]: Feedback: array('i', [0, 1, 1, 2, 3, 5, 8])
[INFO] [1733635622.472132550] [fibonacci_action_server]: Feedback: array('i', [0, 1, 1, 2, 3, 5, 8, 13])
[INFO] [1733635622.973479349] [fibonacci_action_server]: Feedback: array('i', [0, 1, 1, 2, 3, 5, 8, 13, 21])
[INFO] [1733635623.474631349] [fibonacci_action_server]: Feedback: array('i', [0, 1, 1, 2, 3, 5, 8, 13, 21, 34])
[INFO] [1733635623.975813803] [fibonacci_action_server]: Feedback: array('i', [0, 1, 1, 2, 3, 5, 8, 13, 21, 34, 55])
[INFO] [1733635624.479409342] [fibonacci_action_server]: Executing goal...
[INFO] [1733635624.480072800] [fibonacci_action_server]: Feedback: array('i', [0, 1, 1])
[INFO] [1733635624.981279746] [fibonacci_action_server]: Feedback: array('i', [0, 1, 1, 2])
[INFO] [1733635625.482706760] [fibonacci_action_server]: Feedback: array('i', [0, 1, 1, 2, 3])
[INFO] [1733635625.984421111] [fibonacci_action_server]: Feedback: array('i', [0, 1, 1, 2, 3, 5])
[INFO] [1733635626.485930262] [fibonacci_action_server]: Feedback: array('i', [0, 1, 1, 2, 3, 5, 8])
[INFO] [1733635626.987434940] [fibonacci_action_server]: Feedback: array('i', [0, 1, 1, 2, 3, 5, 8, 13])
[INFO] [1733635627.488280426] [fibonacci_action_server]: Feedback: array('i', [0, 1, 1, 2, 3, 5, 8, 13, 21])
[INFO] [1733635627.989653679] [fibonacci_action_server]: Feedback: array('i', [0, 1, 1, 2, 3, 5, 8, 13, 21, 34])
[INFO] [1733635628.490953798] [fibonacci_action_server]: Feedback: array('i', [0, 1, 1, 2, 3, 5, 8, 13, 21, 34, 55])
[INFO] [1733635628.994608851] [fibonacci_action_server]: Executing goal...
[INFO] [1733635628.995291691] [fibonacci_action_server]: Feedback: array('i', [0, 1, 1])
[INFO] [1733635629.496563391] [fibonacci_action_server]: Feedback: array('i', [0, 1, 1, 2])
[INFO] [1733635629.998067213] [fibonacci_action_server]: Feedback: array('i', [0, 1, 1, 2, 3])
[INFO] [1733635630.499578822] [fibonacci_action_server]: Feedback: array('i', [0, 1, 1, 2, 3, 5])
[INFO] [1733635631.000815230] [fibonacci_action_server]: Feedback: array('i', [0, 1, 1, 2, 3, 5, 8])
[INFO] [1733635631.502315180] [fibonacci_action_server]: Feedback: array('i', [0, 1, 1, 2, 3, 5, 8, 13])
[INFO] [1733635632.003622031] [fibonacci_action_server]: Feedback: array('i', [0, 1, 1, 2, 3, 5, 8, 13, 21])
[INFO] [1733635632.505044408] [fibonacci_action_server]: Feedback: array('i', [0, 1, 1, 2, 3, 5, 8, 13, 21, 34])
[INFO] [1733635633.006495447] [fibonacci_action_server]: Feedback: array('i', [0, 1, 1, 2, 3, 5, 8, 13, 21, 34, 55])
[INFO] [1733635633.509321220] [fibonacci_action_server]: Executing goal...
[INFO] [1733635633.509684166] [fibonacci_action_server]: Feedback: array('i', [0, 1, 1])
[INFO] [1733635634.010893848] [fibonacci_action_server]: Feedback: array('i', [0, 1, 1, 2])
[INFO] [1733635634.512268728] [fibonacci_action_server]: Feedback: array('i', [0, 1, 1, 2, 3])
[INFO] [1733635635.013774805] [fibonacci_action_server]: Feedback: array('i', [0, 1, 1, 2, 3, 5])
[INFO] [1733635635.515430777] [fibonacci_action_server]: Feedback: array('i', [0, 1, 1, 2, 3, 5, 8])
[INFO] [1733635636.017059888] [fibonacci_action_server]: Feedback: array('i', [0, 1, 1, 2, 3, 5, 8, 13])
[INFO] [1733635636.518510436] [fibonacci_action_server]: Feedback: array('i', [0, 1, 1, 2, 3, 5, 8, 13, 21])
[INFO] [1733635637.020004648] [fibonacci_action_server]: Feedback: array('i', [0, 1, 1, 2, 3, 5, 8, 13, 21, 34])
[INFO] [1733635637.521309577] [fibonacci_action_server]: Feedback: array('i', [0, 1, 1, 2, 3, 5, 8, 13, 21, 34, 55])
[INFO] [1733635638.024488133] [fibonacci_action_server]: Executing goal...
[INFO] [1733635638.024879724] [fibonacci_action_server]: Feedback: array('i', [0, 1, 1])
[INFO] [1733635638.525938930] [fibonacci_action_server]: Feedback: array('i', [0, 1, 1, 2])
[INFO] [1733635639.027543494] [fibonacci_action_server]: Feedback: array('i', [0, 1, 1, 2, 3])
[INFO] [1733635639.529160642] [fibonacci_action_server]: Feedback: array('i', [0, 1, 1, 2, 3, 5])
[INFO] [1733635640.030631232] [fibonacci_action_server]: Feedback: array('i', [0, 1, 1, 2, 3, 5, 8])
[INFO] [1733635640.532201886] [fibonacci_action_server]: Feedback: array('i', [0, 1, 1, 2, 3, 5, 8, 13])
[INFO] [1733635641.033504637] [fibonacci_action_server]: Feedback: array('i', [0, 1, 1, 2, 3, 5, 8, 13, 21])
[INFO] [1733635641.535076881] [fibonacci_action_server]: Feedback: array('i', [0, 1, 1, 2, 3, 5, 8, 13, 21, 34])
[INFO] [1733635642.036251684] [fibonacci_action_server]: Feedback: array('i', [0, 1, 1, 2, 3, 5, 8, 13, 21, 34, 55])
[INFO] [1733635642.538565345] [fibonacci_action_server]: Shutting down node...
RAPL is set
