[INFO] [1733631504.490439603] [fibonacci_action_server]: Received goal request with order 10
[INFO] [1733631504.490751018] [fibonacci_action_server]: Executing goal...
[INFO] [1733631504.490844444] [fibonacci_action_server]: Feedback: [1]
[INFO] [1733631504.491061230] [fibonacci_action_server]: Received goal request with order 10
[INFO] [1733631504.491174174] [fibonacci_action_server]: Executing goal...
[INFO] [1733631504.491303177] [fibonacci_action_server]: Feedback: [1]
[INFO] [1733631504.494425446] [fibonacci_action_server]: Received goal request with order 10
[INFO] [1733631504.494553435] [fibonacci_action_server]: Executing goal...
[INFO] [1733631504.494632241] [fibonacci_action_server]: Feedback: [1]
[INFO] [1733631505.491298869] [fibonacci_action_server]: Feedback: [2]
[INFO] [1733631505.491455805] [fibonacci_action_server]: Feedback: [2]
[INFO] [1733631505.494831005] [fibonacci_action_server]: Feedback: [2]
[INFO] [1733631506.491693776] [fibonacci_action_server]: Feedback: [3]
[INFO] [1733631506.491750175] [fibonacci_action_server]: Feedback: [3]
[INFO] [1733631506.494998665] [fibonacci_action_server]: Feedback: [3]
[INFO] [1733631507.491996010] [fibonacci_action_server]: Feedback: [5]
[INFO] [1733631507.492044894] [fibonacci_action_server]: Feedback: [5]
[INFO] [1733631507.495331760] [fibonacci_action_server]: Feedback: [5]
[INFO] [1733631508.492259462] [fibonacci_action_server]: Feedback: [8]
[INFO] [1733631508.492311255] [fibonacci_action_server]: Feedback: [8]
[INFO] [1733631508.496014237] [fibonacci_action_server]: Feedback: [8]
[INFO] [1733631509.492559629] [fibonacci_action_server]: Feedback: [13]
[INFO] [1733631509.492618418] [fibonacci_action_server]: Feedback: [13]
[INFO] [1733631509.496253863] [fibonacci_action_server]: Feedback: [13]
[INFO] [1733631510.492837711] [fibonacci_action_server]: Feedback: [21]
[INFO] [1733631510.493230894] [fibonacci_action_server]: Feedback: [21]
[INFO] [1733631510.496452783] [fibonacci_action_server]: Feedback: [21]
[INFO] [1733631511.493256016] [fibonacci_action_server]: Feedback: [34]
[INFO] [1733631511.493418257] [fibonacci_action_server]: Feedback: [34]
[INFO] [1733631511.496841523] [fibonacci_action_server]: Feedback: [34]
[INFO] [1733631512.493814240] [fibonacci_action_server]: Feedback: [55]
[INFO] [1733631512.493865862] [fibonacci_action_server]: Feedback: [55]
[INFO] [1733631512.497223928] [fibonacci_action_server]: Feedback: [55]
[INFO] [1733631513.494452759] [fibonacci_action_server]: Goal succeeded
[INFO] [1733631513.494524290] [fibonacci_action_server]: Goal succeeded
[INFO] [1733631513.497545523] [fibonacci_action_server]: Goal succeeded
[INFO] [1733631513.726241993] [fibonacci_action_server]: Received goal request with order 10
[INFO] [1733631513.726494850] [fibonacci_action_server]: Executing goal...
[INFO] [1733631513.726607150] [fibonacci_action_server]: Feedback: [1]
[INFO] [1733631513.826661810] [fibonacci_action_server]: Received goal request with order 10
[INFO] [1733631513.826813923] [fibonacci_action_server]: Executing goal...
[INFO] [1733631513.826885516] [fibonacci_action_server]: Feedback: [1]
[INFO] [1733631514.432472199] [fibonacci_action_server]: Received goal request with order 10
[INFO] [1733631514.432766213] [fibonacci_action_server]: Executing goal...
[INFO] [1733631514.432949050] [fibonacci_action_server]: Feedback: [1]
[INFO] [1733631514.726840168] [fibonacci_action_server]: Feedback: [2]
[INFO] [1733631514.827424632] [fibonacci_action_server]: Feedback: [2]
[INFO] [1733631515.433141727] [fibonacci_action_server]: Feedback: [2]
[INFO] [1733631515.727406853] [fibonacci_action_server]: Feedback: [3]
[INFO] [1733631515.828086006] [fibonacci_action_server]: Feedback: [3]
[INFO] [1733631516.433691530] [fibonacci_action_server]: Feedback: [3]
[INFO] [1733631516.727981279] [fibonacci_action_server]: Feedback: [5]
[INFO] [1733631516.828371639] [fibonacci_action_server]: Feedback: [5]
[INFO] [1733631517.434192489] [fibonacci_action_server]: Feedback: [5]
[INFO] [1733631517.728258684] [fibonacci_action_server]: Feedback: [8]
[INFO] [1733631517.828755725] [fibonacci_action_server]: Feedback: [8]
[INFO] [1733631518.434456667] [fibonacci_action_server]: Feedback: [8]
[INFO] [1733631518.728534612] [fibonacci_action_server]: Feedback: [13]
[INFO] [1733631518.829337898] [fibonacci_action_server]: Feedback: [13]
[INFO] [1733631519.434697222] [fibonacci_action_server]: Feedback: [13]
[INFO] [1733631519.728952573] [fibonacci_action_server]: Feedback: [21]
[INFO] [1733631519.829848360] [fibonacci_action_server]: Feedback: [21]
[INFO] [1733631520.435229712] [fibonacci_action_server]: Feedback: [21]
[INFO] [1733631520.729375994] [fibonacci_action_server]: Feedback: [34]
[INFO] [1733631520.830138334] [fibonacci_action_server]: Feedback: [34]
[INFO] [1733631521.435705223] [fibonacci_action_server]: Feedback: [34]
[INFO] [1733631521.729789273] [fibonacci_action_server]: Feedback: [55]
[INFO] [1733631521.830743384] [fibonacci_action_server]: Feedback: [55]
[INFO] [1733631522.435983198] [fibonacci_action_server]: Feedback: [55]
[INFO] [1733631522.730381045] [fibonacci_action_server]: Goal succeeded
[INFO] [1733631522.831342797] [fibonacci_action_server]: Goal succeeded
[INFO] [1733631523.064199161] [fibonacci_action_server]: Received goal request with order 10
[INFO] [1733631523.064433219] [fibonacci_action_server]: Executing goal...
[INFO] [1733631523.064615886] [fibonacci_action_server]: Feedback: [1]
[INFO] [1733631523.164576612] [fibonacci_action_server]: Received goal request with order 10
[INFO] [1733631523.164802889] [fibonacci_action_server]: Executing goal...
[INFO] [1733631523.164878853] [fibonacci_action_server]: Feedback: [1]
[INFO] [1733631523.436792977] [fibonacci_action_server]: Goal succeeded
[INFO] [1733631523.870027723] [fibonacci_action_server]: Received goal request with order 10
[INFO] [1733631523.870322213] [fibonacci_action_server]: Executing goal...
[INFO] [1733631523.870477892] [fibonacci_action_server]: Feedback: [1]
[INFO] [1733631524.065122177] [fibonacci_action_server]: Feedback: [2]
[INFO] [1733631524.165116474] [fibonacci_action_server]: Feedback: [2]
[INFO] [1733631524.870747208] [fibonacci_action_server]: Feedback: [2]
[INFO] [1733631525.065641173] [fibonacci_action_server]: Feedback: [3]
[INFO] [1733631525.165699111] [fibonacci_action_server]: Feedback: [3]
[INFO] [1733631525.871426380] [fibonacci_action_server]: Feedback: [3]
[INFO] [1733631526.065904768] [fibonacci_action_server]: Feedback: [5]
[INFO] [1733631526.166080801] [fibonacci_action_server]: Feedback: [5]
[INFO] [1733631526.871922614] [fibonacci_action_server]: Feedback: [5]
[INFO] [1733631527.066522858] [fibonacci_action_server]: Feedback: [8]
[INFO] [1733631527.166647000] [fibonacci_action_server]: Feedback: [8]
[INFO] [1733631527.872170740] [fibonacci_action_server]: Feedback: [8]
[INFO] [1733631528.067080108] [fibonacci_action_server]: Feedback: [13]
[INFO] [1733631528.166952742] [fibonacci_action_server]: Feedback: [13]
[INFO] [1733631528.872434385] [fibonacci_action_server]: Feedback: [13]
[INFO] [1733631529.067670463] [fibonacci_action_server]: Feedback: [21]
[INFO] [1733631529.167497950] [fibonacci_action_server]: Feedback: [21]
[INFO] [1733631529.872951674] [fibonacci_action_server]: Feedback: [21]
[INFO] [1733631530.068257283] [fibonacci_action_server]: Feedback: [34]
[INFO] [1733631530.168126674] [fibonacci_action_server]: Feedback: [34]
[INFO] [1733631530.873372531] [fibonacci_action_server]: Feedback: [34]
[INFO] [1733631531.068654389] [fibonacci_action_server]: Feedback: [55]
[INFO] [1733631531.168522788] [fibonacci_action_server]: Feedback: [55]
[INFO] [1733631531.873920110] [fibonacci_action_server]: Feedback: [55]
[INFO] [1733631532.068961475] [fibonacci_action_server]: Goal succeeded
[INFO] [1733631532.168856116] [fibonacci_action_server]: Goal succeeded
[INFO] [1733631532.399404246] [fibonacci_action_server]: Received goal request with order 10
[INFO] [1733631532.399577627] [fibonacci_action_server]: Executing goal...
[INFO] [1733631532.399692326] [fibonacci_action_server]: Feedback: [1]
[INFO] [1733631532.499815832] [fibonacci_action_server]: Received goal request with order 10
[INFO] [1733631532.500081549] [fibonacci_action_server]: Executing goal...
[INFO] [1733631532.500158940] [fibonacci_action_server]: Feedback: [1]
[INFO] [1733631532.874487840] [fibonacci_action_server]: Goal succeeded
[INFO] [1733631533.204832645] [fibonacci_action_server]: Received goal request with order 10
[INFO] [1733631533.205129636] [fibonacci_action_server]: Executing goal...
[INFO] [1733631533.205316074] [fibonacci_action_server]: Feedback: [1]
[INFO] [1733631533.400366071] [fibonacci_action_server]: Feedback: [2]
[INFO] [1733631533.500348536] [fibonacci_action_server]: Feedback: [2]
[INFO] [1733631534.205782804] [fibonacci_action_server]: Feedback: [2]
[INFO] [1733631534.401033592] [fibonacci_action_server]: Feedback: [3]
[INFO] [1733631534.500712071] [fibonacci_action_server]: Feedback: [3]
[INFO] [1733631535.206101945] [fibonacci_action_server]: Feedback: [3]
[INFO] [1733631535.401565843] [fibonacci_action_server]: Feedback: [5]
[INFO] [1733631535.501010839] [fibonacci_action_server]: Feedback: [5]
[INFO] [1733631536.206631624] [fibonacci_action_server]: Feedback: [5]
[INFO] [1733631536.401850781] [fibonacci_action_server]: Feedback: [8]
[INFO] [1733631536.501523864] [fibonacci_action_server]: Feedback: [8]
[INFO] [1733631537.207188156] [fibonacci_action_server]: Feedback: [8]
[INFO] [1733631537.402472855] [fibonacci_action_server]: Feedback: [13]
[INFO] [1733631537.502042280] [fibonacci_action_server]: Feedback: [13]
[INFO] [1733631538.207826726] [fibonacci_action_server]: Feedback: [13]
[INFO] [1733631538.403059779] [fibonacci_action_server]: Feedback: [21]
[INFO] [1733631538.502322794] [fibonacci_action_server]: Feedback: [21]
[INFO] [1733631539.208071687] [fibonacci_action_server]: Feedback: [21]
[INFO] [1733631539.403396778] [fibonacci_action_server]: Feedback: [34]
[INFO] [1733631539.502884150] [fibonacci_action_server]: Feedback: [34]
[INFO] [1733631540.208747468] [fibonacci_action_server]: Feedback: [34]
[INFO] [1733631540.403969516] [fibonacci_action_server]: Feedback: [55]
[INFO] [1733631540.503410979] [fibonacci_action_server]: Feedback: [55]
[INFO] [1733631541.209150492] [fibonacci_action_server]: Feedback: [55]
[INFO] [1733631541.404499651] [fibonacci_action_server]: Goal succeeded
[INFO] [1733631541.503722887] [fibonacci_action_server]: Goal succeeded
[INFO] [1733631541.737358879] [fibonacci_action_server]: Received goal request with order 10
[INFO] [1733631541.737596217] [fibonacci_action_server]: Executing goal...
[INFO] [1733631541.737712839] [fibonacci_action_server]: Feedback: [1]
[INFO] [1733631541.837779496] [fibonacci_action_server]: Received goal request with order 10
[INFO] [1733631541.837938148] [fibonacci_action_server]: Executing goal...
[INFO] [1733631541.837998915] [fibonacci_action_server]: Feedback: [1]
[INFO] [1733631542.209574413] [fibonacci_action_server]: Goal succeeded
[INFO] [1733631542.540569136] [fibonacci_action_server]: Received goal request with order 10
[INFO] [1733631542.540819856] [fibonacci_action_server]: Executing goal...
[INFO] [1733631542.540883139] [fibonacci_action_server]: Feedback: [1]
[INFO] [1733631542.738231180] [fibonacci_action_server]: Feedback: [2]
[INFO] [1733631542.838650476] [fibonacci_action_server]: Feedback: [2]
[INFO] [1733631543.541490183] [fibonacci_action_server]: Feedback: [2]
[INFO] [1733631543.738794613] [fibonacci_action_server]: Feedback: [3]
[INFO] [1733631543.839232796] [fibonacci_action_server]: Feedback: [3]
[INFO] [1733631544.542068490] [fibonacci_action_server]: Feedback: [3]
[INFO] [1733631544.739327424] [fibonacci_action_server]: Feedback: [5]
[INFO] [1733631544.839791273] [fibonacci_action_server]: Feedback: [5]
[INFO] [1733631545.542564947] [fibonacci_action_server]: Feedback: [5]
[INFO] [1733631545.739555074] [fibonacci_action_server]: Feedback: [8]
[INFO] [1733631545.840106954] [fibonacci_action_server]: Feedback: [8]
[INFO] [1733631546.542879713] [fibonacci_action_server]: Feedback: [8]
[INFO] [1733631546.739856916] [fibonacci_action_server]: Feedback: [13]
[INFO] [1733631546.840326572] [fibonacci_action_server]: Feedback: [13]
[INFO] [1733631547.543411874] [fibonacci_action_server]: Feedback: [13]
[INFO] [1733631547.740214462] [fibonacci_action_server]: Feedback: [21]
[INFO] [1733631547.840656258] [fibonacci_action_server]: Feedback: [21]
[INFO] [1733631548.544092239] [fibonacci_action_server]: Feedback: [21]
[INFO] [1733631548.740574131] [fibonacci_action_server]: Feedback: [34]
[INFO] [1733631548.840915179] [fibonacci_action_server]: Feedback: [34]
[INFO] [1733631549.544529910] [fibonacci_action_server]: Feedback: [34]
[INFO] [1733631549.741010077] [fibonacci_action_server]: Feedback: [55]
[INFO] [1733631549.841637760] [fibonacci_action_server]: Feedback: [55]
[INFO] [1733631550.544934383] [fibonacci_action_server]: Feedback: [55]
[INFO] [1733631550.741447902] [fibonacci_action_server]: Goal succeeded
[INFO] [1733631550.842080073] [fibonacci_action_server]: Goal succeeded
[INFO] [1733631551.072294936] [fibonacci_action_server]: Received goal request with order 10
[INFO] [1733631551.072587511] [fibonacci_action_server]: Executing goal...
[INFO] [1733631551.072709579] [fibonacci_action_server]: Feedback: [1]
[INFO] [1733631551.172727445] [fibonacci_action_server]: Received goal request with order 10
[INFO] [1733631551.172929359] [fibonacci_action_server]: Executing goal...
[INFO] [1733631551.173057955] [fibonacci_action_server]: Feedback: [1]
[INFO] [1733631551.545404153] [fibonacci_action_server]: Goal succeeded
[INFO] [1733631551.875216617] [fibonacci_action_server]: Received goal request with order 10
[INFO] [1733631551.875508512] [fibonacci_action_server]: Executing goal...
[INFO] [1733631551.875640724] [fibonacci_action_server]: Feedback: [1]
[INFO] [1733631552.073044058] [fibonacci_action_server]: Feedback: [2]
[INFO] [1733631552.173382837] [fibonacci_action_server]: Feedback: [2]
[INFO] [1733631552.876285432] [fibonacci_action_server]: Feedback: [2]
[INFO] [1733631553.073403688] [fibonacci_action_server]: Feedback: [3]
[INFO] [1733631553.173677276] [fibonacci_action_server]: Feedback: [3]
[INFO] [1733631553.876964095] [fibonacci_action_server]: Feedback: [3]
[INFO] [1733631554.073621681] [fibonacci_action_server]: Feedback: [5]
[INFO] [1733631554.173917479] [fibonacci_action_server]: Feedback: [5]
[INFO] [1733631554.877503711] [fibonacci_action_server]: Feedback: [5]
[INFO] [1733631555.074019478] [fibonacci_action_server]: Feedback: [8]
[INFO] [1733631555.174130543] [fibonacci_action_server]: Feedback: [8]
[INFO] [1733631555.877894607] [fibonacci_action_server]: Feedback: [8]
[INFO] [1733631556.074289883] [fibonacci_action_server]: Feedback: [13]
[INFO] [1733631556.174684157] [fibonacci_action_server]: Feedback: [13]
[INFO] [1733631556.878164552] [fibonacci_action_server]: Feedback: [13]
[INFO] [1733631557.074512397] [fibonacci_action_server]: Feedback: [21]
[INFO] [1733631557.175224530] [fibonacci_action_server]: Feedback: [21]
[INFO] [1733631557.878350543] [fibonacci_action_server]: Feedback: [21]
[INFO] [1733631558.074778738] [fibonacci_action_server]: Feedback: [34]
[INFO] [1733631558.175934431] [fibonacci_action_server]: Feedback: [34]
[INFO] [1733631558.878600853] [fibonacci_action_server]: Feedback: [34]
[INFO] [1733631559.075065320] [fibonacci_action_server]: Feedback: [55]
[INFO] [1733631559.176175387] [fibonacci_action_server]: Feedback: [55]
[INFO] [1733631559.879143273] [fibonacci_action_server]: Feedback: [55]
[INFO] [1733631560.075360322] [fibonacci_action_server]: Goal succeeded
[INFO] [1733631560.176496609] [fibonacci_action_server]: Goal succeeded
[INFO] [1733631560.403405018] [fibonacci_action_server]: Received goal request with order 10
[INFO] [1733631560.403611645] [fibonacci_action_server]: Executing goal...
[INFO] [1733631560.403729273] [fibonacci_action_server]: Feedback: [1]
[INFO] [1733631560.503835695] [fibonacci_action_server]: Received goal request with order 10
[INFO] [1733631560.504104608] [fibonacci_action_server]: Executing goal...
[INFO] [1733631560.504174442] [fibonacci_action_server]: Feedback: [1]
[INFO] [1733631560.879553656] [fibonacci_action_server]: Goal succeeded
[INFO] [1733631561.206193382] [fibonacci_action_server]: Received goal request with order 10
[INFO] [1733631561.206460896] [fibonacci_action_server]: Executing goal...
[INFO] [1733631561.206633196] [fibonacci_action_server]: Feedback: [1]
[INFO] [1733631561.404275481] [fibonacci_action_server]: Feedback: [2]
[INFO] [1733631561.504366127] [fibonacci_action_server]: Feedback: [2]
[INFO] [1733631562.206847673] [fibonacci_action_server]: Feedback: [2]
[INFO] [1733631562.404512983] [fibonacci_action_server]: Feedback: [3]
[INFO] [1733631562.504582386] [fibonacci_action_server]: Feedback: [3]
[INFO] [1733631563.207119007] [fibonacci_action_server]: Feedback: [3]
[INFO] [1733631563.404698978] [fibonacci_action_server]: Feedback: [5]
[INFO] [1733631563.505102506] [fibonacci_action_server]: Feedback: [5]
[INFO] [1733631564.207470782] [fibonacci_action_server]: Feedback: [5]
[INFO] [1733631564.405106892] [fibonacci_action_server]: Feedback: [8]
[INFO] [1733631564.505483651] [fibonacci_action_server]: Feedback: [8]
[INFO] [1733631565.207715276] [fibonacci_action_server]: Feedback: [8]
[INFO] [1733631565.405524193] [fibonacci_action_server]: Feedback: [13]
[INFO] [1733631565.506035349] [fibonacci_action_server]: Feedback: [13]
[INFO] [1733631566.208024866] [fibonacci_action_server]: Feedback: [13]
[INFO] [1733631566.405841423] [fibonacci_action_server]: Feedback: [21]
[INFO] [1733631566.506611661] [fibonacci_action_server]: Feedback: [21]
[INFO] [1733631567.208315059] [fibonacci_action_server]: Feedback: [21]
[INFO] [1733631567.406389198] [fibonacci_action_server]: Feedback: [34]
[INFO] [1733631567.507181036] [fibonacci_action_server]: Feedback: [34]
[INFO] [1733631568.208732050] [fibonacci_action_server]: Feedback: [34]
[INFO] [1733631568.406675117] [fibonacci_action_server]: Feedback: [55]
[INFO] [1733631568.507913328] [fibonacci_action_server]: Feedback: [55]
[INFO] [1733631569.208991647] [fibonacci_action_server]: Feedback: [55]
[INFO] [1733631569.407010228] [fibonacci_action_server]: Goal succeeded
[INFO] [1733631569.508336254] [fibonacci_action_server]: Goal succeeded
[INFO] [1733631569.735712920] [fibonacci_action_server]: Received goal request with order 10
[INFO] [1733631569.735865791] [fibonacci_action_server]: Executing goal...
[INFO] [1733631569.735925535] [fibonacci_action_server]: Feedback: [1]
[INFO] [1733631569.836097685] [fibonacci_action_server]: Received goal request with order 10
[INFO] [1733631569.836388382] [fibonacci_action_server]: Executing goal...
[INFO] [1733631569.836507854] [fibonacci_action_server]: Feedback: [1]
[INFO] [1733631570.209609265] [fibonacci_action_server]: Goal succeeded
[INFO] [1733631570.538256904] [fibonacci_action_server]: Received goal request with order 10
[INFO] [1733631570.538472674] [fibonacci_action_server]: Executing goal...
[INFO] [1733631570.538627984] [fibonacci_action_server]: Feedback: [1]
[INFO] [1733631570.736313122] [fibonacci_action_server]: Feedback: [2]
[INFO] [1733631570.836828712] [fibonacci_action_server]: Feedback: [2]
[INFO] [1733631571.538886244] [fibonacci_action_server]: Feedback: [2]
[INFO] [1733631571.736696375] [fibonacci_action_server]: Feedback: [3]
[INFO] [1733631571.837091424] [fibonacci_action_server]: Feedback: [3]
[INFO] [1733631572.539116078] [fibonacci_action_server]: Feedback: [3]
[INFO] [1733631572.737034954] [fibonacci_action_server]: Feedback: [5]
[INFO] [1733631572.837474294] [fibonacci_action_server]: Feedback: [5]
[INFO] [1733631573.539459996] [fibonacci_action_server]: Feedback: [5]
[INFO] [1733631573.737595090] [fibonacci_action_server]: Feedback: [8]
[INFO] [1733631573.838076462] [fibonacci_action_server]: Feedback: [8]
[INFO] [1733631574.539884814] [fibonacci_action_server]: Feedback: [8]
[INFO] [1733631574.738134186] [fibonacci_action_server]: Feedback: [13]
[INFO] [1733631574.838624541] [fibonacci_action_server]: Feedback: [13]
[INFO] [1733631575.540147334] [fibonacci_action_server]: Feedback: [13]
[INFO] [1733631575.738420268] [fibonacci_action_server]: Feedback: [21]
[INFO] [1733631575.839247391] [fibonacci_action_server]: Feedback: [21]
[INFO] [1733631576.540571924] [fibonacci_action_server]: Feedback: [21]
[INFO] [1733631576.738711847] [fibonacci_action_server]: Feedback: [34]
[INFO] [1733631576.839845762] [fibonacci_action_server]: Feedback: [34]
[INFO] [1733631577.541179237] [fibonacci_action_server]: Feedback: [34]
[INFO] [1733631577.739242056] [fibonacci_action_server]: Feedback: [55]
[INFO] [1733631577.840114159] [fibonacci_action_server]: Feedback: [55]
[INFO] [1733631578.541694344] [fibonacci_action_server]: Feedback: [55]
[INFO] [1733631578.739944820] [fibonacci_action_server]: Goal succeeded
[INFO] [1733631578.840433164] [fibonacci_action_server]: Goal succeeded
[INFO] [1733631579.072272618] [fibonacci_action_server]: Received goal request with order 10
[INFO] [1733631579.072499551] [fibonacci_action_server]: Executing goal...
[INFO] [1733631579.072615995] [fibonacci_action_server]: Feedback: [1]
[INFO] [1733631579.172695496] [fibonacci_action_server]: Received goal request with order 10
[INFO] [1733631579.172882852] [fibonacci_action_server]: Executing goal...
[INFO] [1733631579.173099972] [fibonacci_action_server]: Feedback: [1]
[INFO] [1733631579.541986182] [fibonacci_action_server]: Goal succeeded
[INFO] [1733631579.875352502] [fibonacci_action_server]: Received goal request with order 10
[INFO] [1733631579.875644683] [fibonacci_action_server]: Executing goal...
[INFO] [1733631579.875788412] [fibonacci_action_server]: Feedback: [1]
[INFO] [1733631580.072861657] [fibonacci_action_server]: Feedback: [2]
[INFO] [1733631580.173397159] [fibonacci_action_server]: Feedback: [2]
[INFO] [1733631580.876351138] [fibonacci_action_server]: Feedback: [2]
[INFO] [1733631581.073284947] [fibonacci_action_server]: Feedback: [3]
[INFO] [1733631581.173698529] [fibonacci_action_server]: Feedback: [3]
[INFO] [1733631581.876796473] [fibonacci_action_server]: Feedback: [3]
[INFO] [1733631582.073631066] [fibonacci_action_server]: Feedback: [5]
[INFO] [1733631582.173906060] [fibonacci_action_server]: Feedback: [5]
[INFO] [1733631582.876997957] [fibonacci_action_server]: Feedback: [5]
[INFO] [1733631583.073859046] [fibonacci_action_server]: Feedback: [8]
[INFO] [1733631583.174145988] [fibonacci_action_server]: Feedback: [8]
[INFO] [1733631583.877540094] [fibonacci_action_server]: Feedback: [8]
[INFO] [1733631584.074429959] [fibonacci_action_server]: Feedback: [13]
[INFO] [1733631584.174581415] [fibonacci_action_server]: Feedback: [13]
[INFO] [1733631584.878090903] [fibonacci_action_server]: Feedback: [13]
[INFO] [1733631585.074765966] [fibonacci_action_server]: Feedback: [21]
[INFO] [1733631585.174910899] [fibonacci_action_server]: Feedback: [21]
[INFO] [1733631585.878702875] [fibonacci_action_server]: Feedback: [21]
[INFO] [1733631586.075338162] [fibonacci_action_server]: Feedback: [34]
[INFO] [1733631586.175283604] [fibonacci_action_server]: Feedback: [34]
[INFO] [1733631586.879275286] [fibonacci_action_server]: Feedback: [34]
[INFO] [1733631587.075579296] [fibonacci_action_server]: Feedback: [55]
[INFO] [1733631587.175676432] [fibonacci_action_server]: Feedback: [55]
[INFO] [1733631587.879735018] [fibonacci_action_server]: Feedback: [55]
[INFO] [1733631588.076222273] [fibonacci_action_server]: Goal succeeded
[INFO] [1733631588.176220128] [fibonacci_action_server]: Goal succeeded
[INFO] [1733631588.408396799] [fibonacci_action_server]: Received goal request with order 10
[INFO] [1733631588.408669732] [fibonacci_action_server]: Executing goal...
[INFO] [1733631588.408845607] [fibonacci_action_server]: Feedback: [1]
[INFO] [1733631588.508845131] [fibonacci_action_server]: Received goal request with order 10
[INFO] [1733631588.509061206] [fibonacci_action_server]: Executing goal...
[INFO] [1733631588.509128998] [fibonacci_action_server]: Feedback: [1]
[INFO] [1733631588.880039235] [fibonacci_action_server]: Goal succeeded
[INFO] [1733631589.211720464] [fibonacci_action_server]: Received goal request with order 10
[INFO] [1733631589.211953325] [fibonacci_action_server]: Executing goal...
[INFO] [1733631589.212098216] [fibonacci_action_server]: Feedback: [1]
[INFO] [1733631589.409079260] [fibonacci_action_server]: Feedback: [2]
[INFO] [1733631589.509815227] [fibonacci_action_server]: Feedback: [2]
[INFO] [1733631590.212794431] [fibonacci_action_server]: Feedback: [2]
[INFO] [1733631590.409796106] [fibonacci_action_server]: Feedback: [3]
[INFO] [1733631590.510377286] [fibonacci_action_server]: Feedback: [3]
[INFO] [1733631591.213288510] [fibonacci_action_server]: Feedback: [3]
[INFO] [1733631591.410309273] [fibonacci_action_server]: Feedback: [5]
[INFO] [1733631591.510621684] [fibonacci_action_server]: Feedback: [5]
[INFO] [1733631592.213860697] [fibonacci_action_server]: Feedback: [5]
[INFO] [1733631592.410837047] [fibonacci_action_server]: Feedback: [8]
[INFO] [1733631592.511271222] [fibonacci_action_server]: Feedback: [8]
[INFO] [1733631593.214416513] [fibonacci_action_server]: Feedback: [8]
[INFO] [1733631593.411143269] [fibonacci_action_server]: Feedback: [13]
[INFO] [1733631593.511618301] [fibonacci_action_server]: Feedback: [13]
[INFO] [1733631594.214994579] [fibonacci_action_server]: Feedback: [13]
[INFO] [1733631594.411738190] [fibonacci_action_server]: Feedback: [21]
[INFO] [1733631594.512262437] [fibonacci_action_server]: Feedback: [21]
[INFO] [1733631595.215236808] [fibonacci_action_server]: Feedback: [21]
[INFO] [1733631595.412235466] [fibonacci_action_server]: Feedback: [34]
[INFO] [1733631595.512503598] [fibonacci_action_server]: Feedback: [34]
[INFO] [1733631596.215491016] [fibonacci_action_server]: Feedback: [34]
[INFO] [1733631596.412527288] [fibonacci_action_server]: Feedback: [55]
[INFO] [1733631596.513164283] [fibonacci_action_server]: Feedback: [55]
[INFO] [1733631597.215815954] [fibonacci_action_server]: Feedback: [55]
[INFO] [1733631597.413299548] [fibonacci_action_server]: Goal succeeded
[INFO] [1733631597.513737399] [fibonacci_action_server]: Goal succeeded
[INFO] [1733631597.745302731] [fibonacci_action_server]: Received goal request with order 10
[INFO] [1733631597.745580240] [fibonacci_action_server]: Executing goal...
[INFO] [1733631597.745699447] [fibonacci_action_server]: Feedback: [1]
[INFO] [1733631597.845707151] [fibonacci_action_server]: Received goal request with order 10
[INFO] [1733631597.845974241] [fibonacci_action_server]: Executing goal...
[INFO] [1733631597.846061680] [fibonacci_action_server]: Feedback: [1]
[INFO] [1733631598.216317535] [fibonacci_action_server]: Goal succeeded
[INFO] [1733631598.548555642] [fibonacci_action_server]: Received goal request with order 10
[INFO] [1733631598.548807123] [fibonacci_action_server]: Executing goal...
[INFO] [1733631598.548963165] [fibonacci_action_server]: Feedback: [1]
[INFO] [1733631598.746200887] [fibonacci_action_server]: Feedback: [2]
[INFO] [1733631598.846281246] [fibonacci_action_server]: Feedback: [2]
[INFO] [1733631599.549470387] [fibonacci_action_server]: Feedback: [2]
[INFO] [1733631599.746754367] [fibonacci_action_server]: Feedback: [3]
[INFO] [1733631599.846766992] [fibonacci_action_server]: Feedback: [3]
[INFO] [1733631600.550052928] [fibonacci_action_server]: Feedback: [3]
[INFO] [1733631600.746995498] [fibonacci_action_server]: Feedback: [5]
[INFO] [1733631600.847242081] [fibonacci_action_server]: Feedback: [5]
[INFO] [1733631601.550576259] [fibonacci_action_server]: Feedback: [5]
[INFO] [1733631601.747541968] [fibonacci_action_server]: Feedback: [8]
[INFO] [1733631601.847912550] [fibonacci_action_server]: Feedback: [8]
[INFO] [1733631602.550859921] [fibonacci_action_server]: Feedback: [8]
[INFO] [1733631602.748120965] [fibonacci_action_server]: Feedback: [13]
[INFO] [1733631602.848461819] [fibonacci_action_server]: Feedback: [13]
[INFO] [1733631603.551140742] [fibonacci_action_server]: Feedback: [13]
[INFO] [1733631603.748574522] [fibonacci_action_server]: Feedback: [21]
[INFO] [1733631603.849145237] [fibonacci_action_server]: Feedback: [21]
[INFO] [1733631604.551678096] [fibonacci_action_server]: Feedback: [21]
[INFO] [1733631604.748972218] [fibonacci_action_server]: Feedback: [34]
[INFO] [1733631604.849679530] [fibonacci_action_server]: Feedback: [34]
[INFO] [1733631605.552286151] [fibonacci_action_server]: Feedback: [34]
[INFO] [1733631605.749532170] [fibonacci_action_server]: Feedback: [55]
[INFO] [1733631605.850261858] [fibonacci_action_server]: Feedback: [55]
[INFO] [1733631606.552733307] [fibonacci_action_server]: Feedback: [55]
[INFO] [1733631606.749844208] [fibonacci_action_server]: Goal succeeded
[INFO] [1733631606.850927968] [fibonacci_action_server]: Goal succeeded
[INFO] [1733631607.080890327] [fibonacci_action_server]: Received goal request with order 10
[INFO] [1733631607.081157216] [fibonacci_action_server]: Executing goal...
[INFO] [1733631607.081272899] [fibonacci_action_server]: Feedback: [1]
[INFO] [1733631607.181224289] [fibonacci_action_server]: Received goal request with order 10
[INFO] [1733631607.181544241] [fibonacci_action_server]: Executing goal...
[INFO] [1733631607.181693192] [fibonacci_action_server]: Feedback: [1]
[INFO] [1733631607.553217494] [fibonacci_action_server]: Goal succeeded
[INFO] [1733631607.883842156] [fibonacci_action_server]: Received goal request with order 10
[INFO] [1733631607.884219458] [fibonacci_action_server]: Executing goal...
[INFO] [1733631607.884358370] [fibonacci_action_server]: Feedback: [1]
[INFO] [1733631608.081754947] [fibonacci_action_server]: Feedback: [2]
[INFO] [1733631608.182198435] [fibonacci_action_server]: Feedback: [2]
[INFO] [1733631608.884743447] [fibonacci_action_server]: Feedback: [2]
[INFO] [1733631609.082273742] [fibonacci_action_server]: Feedback: [3]
[INFO] [1733631609.182768044] [fibonacci_action_server]: Feedback: [3]
[INFO] [1733631609.885035671] [fibonacci_action_server]: Feedback: [3]
[INFO] [1733631610.082662786] [fibonacci_action_server]: Feedback: [5]
[INFO] [1733631610.183316922] [fibonacci_action_server]: Feedback: [5]
[INFO] [1733631610.885510146] [fibonacci_action_server]: Feedback: [5]
[INFO] [1733631611.082955997] [fibonacci_action_server]: Feedback: [8]
[INFO] [1733631611.183852242] [fibonacci_action_server]: Feedback: [8]
[INFO] [1733631611.886021662] [fibonacci_action_server]: Feedback: [8]
[INFO] [1733631612.083493867] [fibonacci_action_server]: Feedback: [13]
[INFO] [1733631612.184263143] [fibonacci_action_server]: Feedback: [13]
[INFO] [1733631612.886561617] [fibonacci_action_server]: Feedback: [13]
[INFO] [1733631613.084150095] [fibonacci_action_server]: Feedback: [21]
[INFO] [1733631613.184515637] [fibonacci_action_server]: Feedback: [21]
[INFO] [1733631613.886892262] [fibonacci_action_server]: Feedback: [21]
[INFO] [1733631614.084458660] [fibonacci_action_server]: Feedback: [34]
[INFO] [1733631614.185008116] [fibonacci_action_server]: Feedback: [34]
[INFO] [1733631614.887289059] [fibonacci_action_server]: Feedback: [34]
[INFO] [1733631615.085167217] [fibonacci_action_server]: Feedback: [55]
[INFO] [1733631615.185524075] [fibonacci_action_server]: Feedback: [55]
[INFO] [1733631615.887631890] [fibonacci_action_server]: Feedback: [55]
[INFO] [1733631616.085883395] [fibonacci_action_server]: Goal succeeded
[INFO] [1733631616.185873468] [fibonacci_action_server]: Goal succeeded
[INFO] [1733631616.416294275] [fibonacci_action_server]: Received goal request with order 10
[INFO] [1733631616.416494617] [fibonacci_action_server]: Executing goal...
[INFO] [1733631616.416548664] [fibonacci_action_server]: Feedback: [1]
[INFO] [1733631616.516549703] [fibonacci_action_server]: Received goal request with order 10
[INFO] [1733631616.516755775] [fibonacci_action_server]: Executing goal...
[INFO] [1733631616.516836315] [fibonacci_action_server]: Feedback: [1]
[INFO] [1733631616.888375211] [fibonacci_action_server]: Goal succeeded
[INFO] [1733631617.218934207] [fibonacci_action_server]: Received goal request with order 10
[INFO] [1733631617.219124089] [fibonacci_action_server]: Executing goal...
[INFO] [1733631617.219192237] [fibonacci_action_server]: Feedback: [1]
[INFO] [1733631617.416757647] [fibonacci_action_server]: Feedback: [2]
[INFO] [1733631617.517035888] [fibonacci_action_server]: Feedback: [2]
[INFO] [1733631618.219709027] [fibonacci_action_server]: Feedback: [2]
[INFO] [1733631618.417294588] [fibonacci_action_server]: Feedback: [3]
[INFO] [1733631618.517415767] [fibonacci_action_server]: Feedback: [3]
[INFO] [1733631619.220260103] [fibonacci_action_server]: Feedback: [3]
[INFO] [1733631619.417588804] [fibonacci_action_server]: Feedback: [5]
[INFO] [1733631619.517631046] [fibonacci_action_server]: Feedback: [5]
[INFO] [1733631620.220456829] [fibonacci_action_server]: Feedback: [5]
[INFO] [1733631620.417823255] [fibonacci_action_server]: Feedback: [8]
[INFO] [1733631620.517897030] [fibonacci_action_server]: Feedback: [8]
[INFO] [1733631621.221014809] [fibonacci_action_server]: Feedback: [8]
[INFO] [1733631621.418532926] [fibonacci_action_server]: Feedback: [13]
[INFO] [1733631621.518181615] [fibonacci_action_server]: Feedback: [13]
[INFO] [1733631622.221591292] [fibonacci_action_server]: Feedback: [13]
[INFO] [1733631622.419108221] [fibonacci_action_server]: Feedback: [21]
[INFO] [1733631622.518486706] [fibonacci_action_server]: Feedback: [21]
[INFO] [1733631623.221854856] [fibonacci_action_server]: Feedback: [21]
[INFO] [1733631623.419387422] [fibonacci_action_server]: Feedback: [34]
[INFO] [1733631623.518667154] [fibonacci_action_server]: Feedback: [34]
[INFO] [1733631624.222102008] [fibonacci_action_server]: Feedback: [34]
[INFO] [1733631624.419632048] [fibonacci_action_server]: Feedback: [55]
[INFO] [1733631624.518866857] [fibonacci_action_server]: Feedback: [55]
[INFO] [1733631625.222309288] [fibonacci_action_server]: Feedback: [55]
[INFO] [1733631625.420269362] [fibonacci_action_server]: Goal succeeded
[INFO] [1733631625.519497751] [fibonacci_action_server]: Goal succeeded
[INFO] [1733631625.744227700] [fibonacci_action_server]: Received goal request with order 10
[INFO] [1733631625.744425044] [fibonacci_action_server]: Executing goal...
[INFO] [1733631625.744487725] [fibonacci_action_server]: Feedback: [1]
[INFO] [1733631625.844498416] [fibonacci_action_server]: Received goal request with order 10
[INFO] [1733631625.844748370] [fibonacci_action_server]: Executing goal...
[INFO] [1733631625.844881438] [fibonacci_action_server]: Feedback: [1]
[INFO] [1733631626.222868899] [fibonacci_action_server]: Goal succeeded
[INFO] [1733631626.547510633] [fibonacci_action_server]: Received goal request with order 10
[INFO] [1733631626.547729240] [fibonacci_action_server]: Executing goal...
[INFO] [1733631626.547913061] [fibonacci_action_server]: Feedback: [1]
[INFO] [1733631626.745064982] [fibonacci_action_server]: Feedback: [2]
[INFO] [1733631626.845377205] [fibonacci_action_server]: Feedback: [2]
[INFO] [1733631627.548139423] [fibonacci_action_server]: Feedback: [2]
[INFO] [1733631627.745657980] [fibonacci_action_server]: Feedback: [3]
[INFO] [1733631627.845623233] [fibonacci_action_server]: Feedback: [3]
[INFO] [1733631628.548401145] [fibonacci_action_server]: Feedback: [3]
[INFO] [1733631628.746176966] [fibonacci_action_server]: Feedback: [5]
[INFO] [1733631628.846155136] [fibonacci_action_server]: Feedback: [5]
[INFO] [1733631629.548886807] [fibonacci_action_server]: Feedback: [5]
[INFO] [1733631629.746468738] [fibonacci_action_server]: Feedback: [8]
[INFO] [1733631629.846858991] [fibonacci_action_server]: Feedback: [8]
[INFO] [1733631630.549408563] [fibonacci_action_server]: Feedback: [8]
[INFO] [1733631630.747069687] [fibonacci_action_server]: Feedback: [13]
[INFO] [1733631630.847417711] [fibonacci_action_server]: Feedback: [13]
[INFO] [1733631631.549702564] [fibonacci_action_server]: Feedback: [13]
[INFO] [1733631631.747670683] [fibonacci_action_server]: Feedback: [21]
[INFO] [1733631631.847702790] [fibonacci_action_server]: Feedback: [21]
[INFO] [1733631632.549976631] [fibonacci_action_server]: Feedback: [21]
[INFO] [1733631632.748298721] [fibonacci_action_server]: Feedback: [34]
[INFO] [1733631632.848228774] [fibonacci_action_server]: Feedback: [34]
[INFO] [1733631633.550542535] [fibonacci_action_server]: Feedback: [34]
[INFO] [1733631633.748759196] [fibonacci_action_server]: Feedback: [55]
[INFO] [1733631633.848767577] [fibonacci_action_server]: Feedback: [55]
[INFO] [1733631634.550942850] [fibonacci_action_server]: Feedback: [55]
[INFO] [1733631634.749223068] [fibonacci_action_server]: Goal succeeded
[INFO] [1733631634.849222697] [fibonacci_action_server]: Goal succeeded
[INFO] [1733631635.081591827] [fibonacci_action_server]: Received goal request with order 10
[INFO] [1733631635.081847292] [fibonacci_action_server]: Executing goal...
[INFO] [1733631635.082032871] [fibonacci_action_server]: Feedback: [1]
[INFO] [1733631635.181896824] [fibonacci_action_server]: Received goal request with order 10
[INFO] [1733631635.182171609] [fibonacci_action_server]: Executing goal...
[INFO] [1733631635.182232702] [fibonacci_action_server]: Feedback: [1]
[INFO] [1733631635.551565999] [fibonacci_action_server]: Goal succeeded
[INFO] [1733631635.884856159] [fibonacci_action_server]: Received goal request with order 10
[INFO] [1733631635.885068107] [fibonacci_action_server]: Executing goal...
[INFO] [1733631635.885161385] [fibonacci_action_server]: Feedback: [1]
[INFO] [1733631636.082387399] [fibonacci_action_server]: Feedback: [2]
[INFO] [1733631636.182579308] [fibonacci_action_server]: Feedback: [2]
[INFO] [1733631636.885835404] [fibonacci_action_server]: Feedback: [2]
[INFO] [1733631637.082644958] [fibonacci_action_server]: Feedback: [3]
[INFO] [1733631637.183147812] [fibonacci_action_server]: Feedback: [3]
[INFO] [1733631637.886429631] [fibonacci_action_server]: Feedback: [3]
[INFO] [1733631638.082972449] [fibonacci_action_server]: Feedback: [5]
[INFO] [1733631638.183486388] [fibonacci_action_server]: Feedback: [5]
[INFO] [1733631638.886675171] [fibonacci_action_server]: Feedback: [5]
[INFO] [1733631639.083401473] [fibonacci_action_server]: Feedback: [8]
[INFO] [1733631639.183752080] [fibonacci_action_server]: Feedback: [8]
[INFO] [1733631639.886906622] [fibonacci_action_server]: Feedback: [8]
[INFO] [1733631640.084011411] [fibonacci_action_server]: Feedback: [13]
[INFO] [1733631640.184449073] [fibonacci_action_server]: Feedback: [13]
[INFO] [1733631640.887546118] [fibonacci_action_server]: Feedback: [13]
[INFO] [1733631641.084675702] [fibonacci_action_server]: Feedback: [21]
[INFO] [1733631641.184854595] [fibonacci_action_server]: Feedback: [21]
[INFO] [1733631641.887896740] [fibonacci_action_server]: Feedback: [21]
[INFO] [1733631642.085061754] [fibonacci_action_server]: Feedback: [34]
[INFO] [1733631642.185241600] [fibonacci_action_server]: Feedback: [34]
[INFO] [1733631642.888283842] [fibonacci_action_server]: Feedback: [34]
[INFO] [1733631643.085325398] [fibonacci_action_server]: Feedback: [55]
[INFO] [1733631643.185812086] [fibonacci_action_server]: Feedback: [55]
[INFO] [1733631643.888974524] [fibonacci_action_server]: Feedback: [55]
[INFO] [1733631644.085692565] [fibonacci_action_server]: Goal succeeded
[INFO] [1733631644.186436056] [fibonacci_action_server]: Goal succeeded
[INFO] [1733631644.417913237] [fibonacci_action_server]: Received goal request with order 10
[INFO] [1733631644.418198584] [fibonacci_action_server]: Executing goal...
[INFO] [1733631644.418310932] [fibonacci_action_server]: Feedback: [1]
[INFO] [1733631644.518294450] [fibonacci_action_server]: Received goal request with order 10
[INFO] [1733631644.518572694] [fibonacci_action_server]: Executing goal...
[INFO] [1733631644.518757919] [fibonacci_action_server]: Feedback: [1]
[INFO] [1733631644.889575023] [fibonacci_action_server]: Goal succeeded
[INFO] [1733631645.220902041] [fibonacci_action_server]: Received goal request with order 10
[INFO] [1733631645.221177028] [fibonacci_action_server]: Executing goal...
[INFO] [1733631645.221337291] [fibonacci_action_server]: Feedback: [1]
[INFO] [1733631645.418855702] [fibonacci_action_server]: Feedback: [2]
[INFO] [1733631645.519263811] [fibonacci_action_server]: Feedback: [2]
[INFO] [1733631646.221582655] [fibonacci_action_server]: Feedback: [2]
[INFO] [1733631646.419436648] [fibonacci_action_server]: Feedback: [3]
[INFO] [1733631646.519890457] [fibonacci_action_server]: Feedback: [3]
[INFO] [1733631647.222137794] [fibonacci_action_server]: Feedback: [3]
[INFO] [1733631647.419687602] [fibonacci_action_server]: Feedback: [5]
[INFO] [1733631647.520208361] [fibonacci_action_server]: Feedback: [5]
[INFO] [1733631648.222640933] [fibonacci_action_server]: Feedback: [5]
[INFO] [1733631648.420277878] [fibonacci_action_server]: Feedback: [8]
[INFO] [1733631648.520637105] [fibonacci_action_server]: Feedback: [8]
[INFO] [1733631649.223224831] [fibonacci_action_server]: Feedback: [8]
[INFO] [1733631649.420688406] [fibonacci_action_server]: Feedback: [13]
[INFO] [1733631649.520918971] [fibonacci_action_server]: Feedback: [13]
[INFO] [1733631650.223498078] [fibonacci_action_server]: Feedback: [13]
[INFO] [1733631650.420958901] [fibonacci_action_server]: Feedback: [21]
[INFO] [1733631650.521421806] [fibonacci_action_server]: Feedback: [21]
[INFO] [1733631651.224137953] [fibonacci_action_server]: Feedback: [21]
[INFO] [1733631651.421458625] [fibonacci_action_server]: Feedback: [34]
[INFO] [1733631651.521979637] [fibonacci_action_server]: Feedback: [34]
[INFO] [1733631652.224812219] [fibonacci_action_server]: Feedback: [34]
[INFO] [1733631652.422200100] [fibonacci_action_server]: Feedback: [55]
[INFO] [1733631652.522195376] [fibonacci_action_server]: Feedback: [55]
[INFO] [1733631653.225238902] [fibonacci_action_server]: Feedback: [55]
[INFO] [1733631653.422843174] [fibonacci_action_server]: Goal succeeded
[INFO] [1733631653.522973996] [fibonacci_action_server]: Goal succeeded
[INFO] [1733631653.754415086] [fibonacci_action_server]: Received goal request with order 10
[INFO] [1733631653.754725542] [fibonacci_action_server]: Executing goal...
[INFO] [1733631653.754834191] [fibonacci_action_server]: Feedback: [1]
[INFO] [1733631653.854684726] [fibonacci_action_server]: Received goal request with order 10
[INFO] [1733631653.854867514] [fibonacci_action_server]: Executing goal...
[INFO] [1733631653.854938248] [fibonacci_action_server]: Feedback: [1]
[INFO] [1733631654.226036683] [fibonacci_action_server]: Goal succeeded
[INFO] [1733631654.557301978] [fibonacci_action_server]: Received goal request with order 10
[INFO] [1733631654.557577819] [fibonacci_action_server]: Executing goal...
[INFO] [1733631654.557725064] [fibonacci_action_server]: Feedback: [1]
[INFO] [1733631654.755450884] [fibonacci_action_server]: Feedback: [2]
[INFO] [1733631654.855490400] [fibonacci_action_server]: Feedback: [2]
[INFO] [1733631655.558208225] [fibonacci_action_server]: Feedback: [2]
[INFO] [1733631655.756063255] [fibonacci_action_server]: Feedback: [3]
[INFO] [1733631655.856096263] [fibonacci_action_server]: Feedback: [3]
[INFO] [1733631656.558758430] [fibonacci_action_server]: Feedback: [3]
[INFO] [1733631656.756324280] [fibonacci_action_server]: Feedback: [5]
[INFO] [1733631656.856614649] [fibonacci_action_server]: Feedback: [5]
[INFO] [1733631657.559042742] [fibonacci_action_server]: Feedback: [5]
[INFO] [1733631657.756573578] [fibonacci_action_server]: Feedback: [8]
[INFO] [1733631657.857134741] [fibonacci_action_server]: Feedback: [8]
[INFO] [1733631658.559605186] [fibonacci_action_server]: Feedback: [8]
[INFO] [1733631658.757284406] [fibonacci_action_server]: Feedback: [13]
[INFO] [1733631658.857360322] [fibonacci_action_server]: Feedback: [13]
[INFO] [1733631659.560075112] [fibonacci_action_server]: Feedback: [13]
[INFO] [1733631659.757866270] [fibonacci_action_server]: Feedback: [21]
[INFO] [1733631659.857583224] [fibonacci_action_server]: Feedback: [21]
[INFO] [1733631660.560292189] [fibonacci_action_server]: Feedback: [21]
[INFO] [1733631660.758450962] [fibonacci_action_server]: Feedback: [34]
[INFO] [1733631660.858105306] [fibonacci_action_server]: Feedback: [34]
[INFO] [1733631661.560671653] [fibonacci_action_server]: Feedback: [34]
[INFO] [1733631661.758710711] [fibonacci_action_server]: Feedback: [55]
[INFO] [1733631661.858659818] [fibonacci_action_server]: Feedback: [55]
[INFO] [1733631662.561199948] [fibonacci_action_server]: Feedback: [55]
[INFO] [1733631662.759484505] [fibonacci_action_server]: Goal succeeded
[INFO] [1733631662.859271660] [fibonacci_action_server]: Goal succeeded
[INFO] [1733631663.089990879] [fibonacci_action_server]: Received goal request with order 10
[INFO] [1733631663.090302905] [fibonacci_action_server]: Executing goal...
[INFO] [1733631663.090509613] [fibonacci_action_server]: Feedback: [1]
[INFO] [1733631663.190354907] [fibonacci_action_server]: Received goal request with order 10
[INFO] [1733631663.190609990] [fibonacci_action_server]: Executing goal...
[INFO] [1733631663.190789755] [fibonacci_action_server]: Feedback: [1]
[INFO] [1733631663.561538294] [fibonacci_action_server]: Goal succeeded
[INFO] [1733631663.893296604] [fibonacci_action_server]: Received goal request with order 10
[INFO] [1733631663.893598234] [fibonacci_action_server]: Executing goal...
[INFO] [1733631663.893748382] [fibonacci_action_server]: Feedback: [1]
[INFO] [1733631664.090721590] [fibonacci_action_server]: Feedback: [2]
[INFO] [1733631664.191481618] [fibonacci_action_server]: Feedback: [2]
[INFO] [1733631664.894078090] [fibonacci_action_server]: Feedback: [2]
[INFO] [1733631665.090974157] [fibonacci_action_server]: Feedback: [3]
[INFO] [1733631665.191952726] [fibonacci_action_server]: Feedback: [3]
[INFO] [1733631665.894780683] [fibonacci_action_server]: Feedback: [3]
[INFO] [1733631666.091324140] [fibonacci_action_server]: Feedback: [5]
[INFO] [1733631666.192251161] [fibonacci_action_server]: Feedback: [5]
[INFO] [1733631666.895307687] [fibonacci_action_server]: Feedback: [5]
[INFO] [1733631667.091983532] [fibonacci_action_server]: Feedback: [8]
[INFO] [1733631667.192460185] [fibonacci_action_server]: Feedback: [8]
[INFO] [1733631667.895586228] [fibonacci_action_server]: Feedback: [8]
[INFO] [1733631668.092274538] [fibonacci_action_server]: Feedback: [13]
[INFO] [1733631668.193026250] [fibonacci_action_server]: Feedback: [13]
[INFO] [1733631668.896163249] [fibonacci_action_server]: Feedback: [13]
[INFO] [1733631669.092695991] [fibonacci_action_server]: Feedback: [21]
[INFO] [1733631669.193551402] [fibonacci_action_server]: Feedback: [21]
[INFO] [1733631669.896627182] [fibonacci_action_server]: Feedback: [21]
[INFO] [1733631670.093258192] [fibonacci_action_server]: Feedback: [34]
[INFO] [1733631670.194096036] [fibonacci_action_server]: Feedback: [34]
[INFO] [1733631670.896867071] [fibonacci_action_server]: Feedback: [34]
[INFO] [1733631671.093849018] [fibonacci_action_server]: Feedback: [55]
[INFO] [1733631671.194809169] [fibonacci_action_server]: Feedback: [55]
[INFO] [1733631671.897559704] [fibonacci_action_server]: Feedback: [55]
[INFO] [1733631672.094194924] [fibonacci_action_server]: Goal succeeded
[INFO] [1733631672.195431298] [fibonacci_action_server]: Goal succeeded
[INFO] [1733631672.427439633] [fibonacci_action_server]: Received goal request with order 10
[INFO] [1733631672.427694150] [fibonacci_action_server]: Executing goal...
[INFO] [1733631672.427831902] [fibonacci_action_server]: Feedback: [1]
[INFO] [1733631672.527987988] [fibonacci_action_server]: Received goal request with order 10
[INFO] [1733631672.528252311] [fibonacci_action_server]: Executing goal...
[INFO] [1733631672.528465065] [fibonacci_action_server]: Feedback: [1]
[INFO] [1733631672.898193733] [fibonacci_action_server]: Goal succeeded
[INFO] [1733631673.230422553] [fibonacci_action_server]: Received goal request with order 10
[INFO] [1733631673.230712569] [fibonacci_action_server]: Executing goal...
[INFO] [1733631673.230833912] [fibonacci_action_server]: Feedback: [1]
[INFO] [1733631673.428098472] [fibonacci_action_server]: Feedback: [2]
[INFO] [1733631673.528732005] [fibonacci_action_server]: Feedback: [2]
[INFO] [1733631674.231389319] [fibonacci_action_server]: Feedback: [2]
[INFO] [1733631674.428489939] [fibonacci_action_server]: Feedback: [3]
[INFO] [1733631674.529132467] [fibonacci_action_server]: Feedback: [3]
[INFO] [1733631675.232087590] [fibonacci_action_server]: Feedback: [3]
[INFO] [1733631675.428797864] [fibonacci_action_server]: Feedback: [5]
[INFO] [1733631675.529617157] [fibonacci_action_server]: Feedback: [5]
[INFO] [1733631676.232550950] [fibonacci_action_server]: Feedback: [5]
[INFO] [1733631676.429484210] [fibonacci_action_server]: Feedback: [8]
[INFO] [1733631676.530150627] [fibonacci_action_server]: Feedback: [8]
[INFO] [1733631677.232793611] [fibonacci_action_server]: Feedback: [8]
[INFO] [1733631677.430016093] [fibonacci_action_server]: Feedback: [13]
[INFO] [1733631677.530438938] [fibonacci_action_server]: Feedback: [13]
[INFO] [1733631678.233067871] [fibonacci_action_server]: Feedback: [13]
[INFO] [1733631678.430566061] [fibonacci_action_server]: Feedback: [21]
[INFO] [1733631678.530839542] [fibonacci_action_server]: Feedback: [21]
[INFO] [1733631679.233365085] [fibonacci_action_server]: Feedback: [21]
[INFO] [1733631679.430842976] [fibonacci_action_server]: Feedback: [34]
[INFO] [1733631679.531086504] [fibonacci_action_server]: Feedback: [34]
[INFO] [1733631680.233913611] [fibonacci_action_server]: Feedback: [34]
[INFO] [1733631680.431093431] [fibonacci_action_server]: Feedback: [55]
[INFO] [1733631680.531327396] [fibonacci_action_server]: Feedback: [55]
[INFO] [1733631681.234231886] [fibonacci_action_server]: Feedback: [55]
[INFO] [1733631681.431443896] [fibonacci_action_server]: Goal succeeded
[INFO] [1733631681.531671194] [fibonacci_action_server]: Goal succeeded
[INFO] [1733631681.762433416] [fibonacci_action_server]: Received goal request with order 10
[INFO] [1733631681.762622674] [fibonacci_action_server]: Executing goal...
[INFO] [1733631681.762711055] [fibonacci_action_server]: Feedback: [1]
[INFO] [1733631681.862621698] [fibonacci_action_server]: Received goal request with order 10
[INFO] [1733631681.862774356] [fibonacci_action_server]: Executing goal...
[INFO] [1733631681.862834396] [fibonacci_action_server]: Feedback: [1]
[INFO] [1733631682.234501595] [fibonacci_action_server]: Goal succeeded
[INFO] [1733631682.564354568] [fibonacci_action_server]: Received goal request with order 10
[INFO] [1733631682.564614547] [fibonacci_action_server]: Executing goal...
[INFO] [1733631682.564783880] [fibonacci_action_server]: Feedback: [1]
[INFO] [1733631682.762970865] [fibonacci_action_server]: Feedback: [2]
[INFO] [1733631682.863318218] [fibonacci_action_server]: Feedback: [2]
[INFO] [1733631683.564985041] [fibonacci_action_server]: Feedback: [2]
[INFO] [1733631683.763277971] [fibonacci_action_server]: Feedback: [3]
[INFO] [1733631683.863573244] [fibonacci_action_server]: Feedback: [3]
[INFO] [1733631684.488612713] [fibonacci_action_server]: Timeout reached, shutting down node...
[ros2run]: Segmentation fault
RAPL is set
