[INFO] [1733612918.158534321] [fibonacci_action_server]: Executing goal...
[INFO] [1733612918.159008141] [fibonacci_action_server]: Feedback: array('i', [0, 1, 1])
[INFO] [1733612918.409786696] [fibonacci_action_server]: Feedback: array('i', [0, 1, 1, 2])
[INFO] [1733612918.660747524] [fibonacci_action_server]: Feedback: array('i', [0, 1, 1, 2, 3])
[INFO] [1733612918.911616953] [fibonacci_action_server]: Feedback: array('i', [0, 1, 1, 2, 3, 5])
[INFO] [1733612919.162609766] [fibonacci_action_server]: Feedback: array('i', [0, 1, 1, 2, 3, 5, 8])
[INFO] [1733612919.414220521] [fibonacci_action_server]: Feedback: array('i', [0, 1, 1, 2, 3, 5, 8, 13])
[INFO] [1733612919.666599134] [fibonacci_action_server]: Feedback: array('i', [0, 1, 1, 2, 3, 5, 8, 13, 21])
[INFO] [1733612919.917907313] [fibonacci_action_server]: Feedback: array('i', [0, 1, 1, 2, 3, 5, 8, 13, 21, 34])
[INFO] [1733612920.168831528] [fibonacci_action_server]: Feedback: array('i', [0, 1, 1, 2, 3, 5, 8, 13, 21, 34, 55])
[INFO] [1733612920.422379363] [fibonacci_action_server]: Executing goal...
[INFO] [1733612920.422775627] [fibonacci_action_server]: Feedback: array('i', [0, 1, 1])
[INFO] [1733612920.673492344] [fibonacci_action_server]: Feedback: array('i', [0, 1, 1, 2])
[INFO] [1733612920.924408756] [fibonacci_action_server]: Feedback: array('i', [0, 1, 1, 2, 3])
[INFO] [1733612921.175392776] [fibonacci_action_server]: Feedback: array('i', [0, 1, 1, 2, 3, 5])
[INFO] [1733612921.426375734] [fibonacci_action_server]: Feedback: array('i', [0, 1, 1, 2, 3, 5, 8])
[INFO] [1733612921.677328062] [fibonacci_action_server]: Feedback: array('i', [0, 1, 1, 2, 3, 5, 8, 13])
[INFO] [1733612921.928363678] [fibonacci_action_server]: Feedback: array('i', [0, 1, 1, 2, 3, 5, 8, 13, 21])
[INFO] [1733612922.179341086] [fibonacci_action_server]: Feedback: array('i', [0, 1, 1, 2, 3, 5, 8, 13, 21, 34])
[INFO] [1733612922.430690780] [fibonacci_action_server]: Feedback: array('i', [0, 1, 1, 2, 3, 5, 8, 13, 21, 34, 55])
[INFO] [1733612922.684736606] [fibonacci_action_server]: Executing goal...
[INFO] [1733612922.685294065] [fibonacci_action_server]: Feedback: array('i', [0, 1, 1])
[INFO] [1733612922.936558555] [fibonacci_action_server]: Feedback: array('i', [0, 1, 1, 2])
[INFO] [1733612923.187515877] [fibonacci_action_server]: Feedback: array('i', [0, 1, 1, 2, 3])
[INFO] [1733612923.438620742] [fibonacci_action_server]: Feedback: array('i', [0, 1, 1, 2, 3, 5])
[INFO] [1733612923.689630716] [fibonacci_action_server]: Feedback: array('i', [0, 1, 1, 2, 3, 5, 8])
[INFO] [1733612923.940668852] [fibonacci_action_server]: Feedback: array('i', [0, 1, 1, 2, 3, 5, 8, 13])
[INFO] [1733612924.191687881] [fibonacci_action_server]: Feedback: array('i', [0, 1, 1, 2, 3, 5, 8, 13, 21])
[INFO] [1733612924.442833823] [fibonacci_action_server]: Feedback: array('i', [0, 1, 1, 2, 3, 5, 8, 13, 21, 34])
[INFO] [1733612924.693682623] [fibonacci_action_server]: Feedback: array('i', [0, 1, 1, 2, 3, 5, 8, 13, 21, 34, 55])
[INFO] [1733612924.946589435] [fibonacci_action_server]: Executing goal...
[INFO] [1733612924.947306837] [fibonacci_action_server]: Feedback: array('i', [0, 1, 1])
[INFO] [1733612925.198092801] [fibonacci_action_server]: Feedback: array('i', [0, 1, 1, 2])
[INFO] [1733612925.449027924] [fibonacci_action_server]: Feedback: array('i', [0, 1, 1, 2, 3])
[INFO] [1733612925.700197358] [fibonacci_action_server]: Feedback: array('i', [0, 1, 1, 2, 3, 5])
[INFO] [1733612925.951366778] [fibonacci_action_server]: Feedback: array('i', [0, 1, 1, 2, 3, 5, 8])
[INFO] [1733612926.202447896] [fibonacci_action_server]: Feedback: array('i', [0, 1, 1, 2, 3, 5, 8, 13])
[INFO] [1733612926.453397552] [fibonacci_action_server]: Feedback: array('i', [0, 1, 1, 2, 3, 5, 8, 13, 21])
[INFO] [1733612926.704519097] [fibonacci_action_server]: Feedback: array('i', [0, 1, 1, 2, 3, 5, 8, 13, 21, 34])
[INFO] [1733612926.955447978] [fibonacci_action_server]: Feedback: array('i', [0, 1, 1, 2, 3, 5, 8, 13, 21, 34, 55])
[INFO] [1733612927.208549882] [fibonacci_action_server]: Executing goal...
[INFO] [1733612927.209193736] [fibonacci_action_server]: Feedback: array('i', [0, 1, 1])
[INFO] [1733612927.460202407] [fibonacci_action_server]: Feedback: array('i', [0, 1, 1, 2])
[INFO] [1733612927.711102826] [fibonacci_action_server]: Feedback: array('i', [0, 1, 1, 2, 3])
[INFO] [1733612927.962676500] [fibonacci_action_server]: Feedback: array('i', [0, 1, 1, 2, 3, 5])
[INFO] [1733612928.213668175] [fibonacci_action_server]: Feedback: array('i', [0, 1, 1, 2, 3, 5, 8])
[INFO] [1733612928.464821249] [fibonacci_action_server]: Feedback: array('i', [0, 1, 1, 2, 3, 5, 8, 13])
[INFO] [1733612928.716119287] [fibonacci_action_server]: Feedback: array('i', [0, 1, 1, 2, 3, 5, 8, 13, 21])
[INFO] [1733612928.967212928] [fibonacci_action_server]: Feedback: array('i', [0, 1, 1, 2, 3, 5, 8, 13, 21, 34])
[INFO] [1733612929.218321899] [fibonacci_action_server]: Feedback: array('i', [0, 1, 1, 2, 3, 5, 8, 13, 21, 34, 55])
[INFO] [1733612929.470643856] [fibonacci_action_server]: Executing goal...
[INFO] [1733612929.471022021] [fibonacci_action_server]: Feedback: array('i', [0, 1, 1])
[INFO] [1733612929.721799016] [fibonacci_action_server]: Feedback: array('i', [0, 1, 1, 2])
[INFO] [1733612929.972649979] [fibonacci_action_server]: Feedback: array('i', [0, 1, 1, 2, 3])
[INFO] [1733612930.223676144] [fibonacci_action_server]: Feedback: array('i', [0, 1, 1, 2, 3, 5])
[INFO] [1733612930.474717451] [fibonacci_action_server]: Feedback: array('i', [0, 1, 1, 2, 3, 5, 8])
[INFO] [1733612930.725686829] [fibonacci_action_server]: Feedback: array('i', [0, 1, 1, 2, 3, 5, 8, 13])
[INFO] [1733612930.976687172] [fibonacci_action_server]: Feedback: array('i', [0, 1, 1, 2, 3, 5, 8, 13, 21])
[INFO] [1733612931.227717988] [fibonacci_action_server]: Feedback: array('i', [0, 1, 1, 2, 3, 5, 8, 13, 21, 34])
[INFO] [1733612931.478858404] [fibonacci_action_server]: Feedback: array('i', [0, 1, 1, 2, 3, 5, 8, 13, 21, 34, 55])
[INFO] [1733612931.733069403] [fibonacci_action_server]: Executing goal...
[INFO] [1733612931.734076084] [fibonacci_action_server]: Feedback: array('i', [0, 1, 1])
[INFO] [1733612931.985845646] [fibonacci_action_server]: Feedback: array('i', [0, 1, 1, 2])
[INFO] [1733612932.237249184] [fibonacci_action_server]: Feedback: array('i', [0, 1, 1, 2, 3])
[INFO] [1733612932.488388928] [fibonacci_action_server]: Feedback: array('i', [0, 1, 1, 2, 3, 5])
[INFO] [1733612932.739380064] [fibonacci_action_server]: Feedback: array('i', [0, 1, 1, 2, 3, 5, 8])
[INFO] [1733612932.990440196] [fibonacci_action_server]: Feedback: array('i', [0, 1, 1, 2, 3, 5, 8, 13])
[INFO] [1733612933.241327522] [fibonacci_action_server]: Feedback: array('i', [0, 1, 1, 2, 3, 5, 8, 13, 21])
[INFO] [1733612933.492213656] [fibonacci_action_server]: Feedback: array('i', [0, 1, 1, 2, 3, 5, 8, 13, 21, 34])
[INFO] [1733612933.743251668] [fibonacci_action_server]: Feedback: array('i', [0, 1, 1, 2, 3, 5, 8, 13, 21, 34, 55])
[INFO] [1733612933.996436892] [fibonacci_action_server]: Executing goal...
[INFO] [1733612933.997607961] [fibonacci_action_server]: Feedback: array('i', [0, 1, 1])
[INFO] [1733612934.249095639] [fibonacci_action_server]: Feedback: array('i', [0, 1, 1, 2])
[INFO] [1733612934.500334779] [fibonacci_action_server]: Feedback: array('i', [0, 1, 1, 2, 3])
[INFO] [1733612934.751563908] [fibonacci_action_server]: Feedback: array('i', [0, 1, 1, 2, 3, 5])
[INFO] [1733612935.002744246] [fibonacci_action_server]: Feedback: array('i', [0, 1, 1, 2, 3, 5, 8])
[INFO] [1733612935.253818914] [fibonacci_action_server]: Feedback: array('i', [0, 1, 1, 2, 3, 5, 8, 13])
[INFO] [1733612935.504770852] [fibonacci_action_server]: Feedback: array('i', [0, 1, 1, 2, 3, 5, 8, 13, 21])
[INFO] [1733612935.755727424] [fibonacci_action_server]: Feedback: array('i', [0, 1, 1, 2, 3, 5, 8, 13, 21, 34])
[INFO] [1733612936.006656021] [fibonacci_action_server]: Feedback: array('i', [0, 1, 1, 2, 3, 5, 8, 13, 21, 34, 55])
[INFO] [1733612936.260630333] [fibonacci_action_server]: Executing goal...
[INFO] [1733612936.261397071] [fibonacci_action_server]: Feedback: array('i', [0, 1, 1])
[INFO] [1733612936.512464403] [fibonacci_action_server]: Feedback: array('i', [0, 1, 1, 2])
[INFO] [1733612936.764057571] [fibonacci_action_server]: Feedback: array('i', [0, 1, 1, 2, 3])
[INFO] [1733612937.015965449] [fibonacci_action_server]: Feedback: array('i', [0, 1, 1, 2, 3, 5])
[INFO] [1733612937.267516942] [fibonacci_action_server]: Feedback: array('i', [0, 1, 1, 2, 3, 5, 8])
[INFO] [1733612937.518516657] [fibonacci_action_server]: Feedback: array('i', [0, 1, 1, 2, 3, 5, 8, 13])
[INFO] [1733612937.769370870] [fibonacci_action_server]: Feedback: array('i', [0, 1, 1, 2, 3, 5, 8, 13, 21])
[INFO] [1733612938.020342853] [fibonacci_action_server]: Feedback: array('i', [0, 1, 1, 2, 3, 5, 8, 13, 21, 34])
[INFO] [1733612938.271480585] [fibonacci_action_server]: Feedback: array('i', [0, 1, 1, 2, 3, 5, 8, 13, 21, 34, 55])
[INFO] [1733612938.524561727] [fibonacci_action_server]: Executing goal...
[INFO] [1733612938.525052864] [fibonacci_action_server]: Feedback: array('i', [0, 1, 1])
[INFO] [1733612938.776046518] [fibonacci_action_server]: Feedback: array('i', [0, 1, 1, 2])
[INFO] [1733612939.027210748] [fibonacci_action_server]: Feedback: array('i', [0, 1, 1, 2, 3])
[INFO] [1733612939.278099108] [fibonacci_action_server]: Feedback: array('i', [0, 1, 1, 2, 3, 5])
[INFO] [1733612939.529137950] [fibonacci_action_server]: Feedback: array('i', [0, 1, 1, 2, 3, 5, 8])
[INFO] [1733612939.780756806] [fibonacci_action_server]: Feedback: array('i', [0, 1, 1, 2, 3, 5, 8, 13])
[INFO] [1733612940.031863388] [fibonacci_action_server]: Feedback: array('i', [0, 1, 1, 2, 3, 5, 8, 13, 21])
[INFO] [1733612940.283080186] [fibonacci_action_server]: Feedback: array('i', [0, 1, 1, 2, 3, 5, 8, 13, 21, 34])
[INFO] [1733612940.534116270] [fibonacci_action_server]: Feedback: array('i', [0, 1, 1, 2, 3, 5, 8, 13, 21, 34, 55])
[INFO] [1733612940.787084467] [fibonacci_action_server]: Executing goal...
[INFO] [1733612940.787719371] [fibonacci_action_server]: Feedback: array('i', [0, 1, 1])
[INFO] [1733612941.038821609] [fibonacci_action_server]: Feedback: array('i', [0, 1, 1, 2])
[INFO] [1733612941.289966443] [fibonacci_action_server]: Feedback: array('i', [0, 1, 1, 2, 3])
[INFO] [1733612941.540848987] [fibonacci_action_server]: Feedback: array('i', [0, 1, 1, 2, 3, 5])
[INFO] [1733612941.792055152] [fibonacci_action_server]: Feedback: array('i', [0, 1, 1, 2, 3, 5, 8])
[INFO] [1733612942.042930548] [fibonacci_action_server]: Feedback: array('i', [0, 1, 1, 2, 3, 5, 8, 13])
[INFO] [1733612942.293782021] [fibonacci_action_server]: Feedback: array('i', [0, 1, 1, 2, 3, 5, 8, 13, 21])
[INFO] [1733612942.544849891] [fibonacci_action_server]: Feedback: array('i', [0, 1, 1, 2, 3, 5, 8, 13, 21, 34])
[INFO] [1733612942.795723864] [fibonacci_action_server]: Feedback: array('i', [0, 1, 1, 2, 3, 5, 8, 13, 21, 34, 55])
[INFO] [1733612943.048636038] [fibonacci_action_server]: Executing goal...
[INFO] [1733612943.049169876] [fibonacci_action_server]: Feedback: array('i', [0, 1, 1])
[INFO] [1733612943.300276621] [fibonacci_action_server]: Feedback: array('i', [0, 1, 1, 2])
[INFO] [1733612943.551833700] [fibonacci_action_server]: Feedback: array('i', [0, 1, 1, 2, 3])
[INFO] [1733612943.803207491] [fibonacci_action_server]: Feedback: array('i', [0, 1, 1, 2, 3, 5])
[INFO] [1733612944.054321904] [fibonacci_action_server]: Feedback: array('i', [0, 1, 1, 2, 3, 5, 8])
[INFO] [1733612944.305241240] [fibonacci_action_server]: Feedback: array('i', [0, 1, 1, 2, 3, 5, 8, 13])
[INFO] [1733612944.556436444] [fibonacci_action_server]: Feedback: array('i', [0, 1, 1, 2, 3, 5, 8, 13, 21])
[INFO] [1733612944.807306091] [fibonacci_action_server]: Feedback: array('i', [0, 1, 1, 2, 3, 5, 8, 13, 21, 34])
[INFO] [1733612945.058422989] [fibonacci_action_server]: Feedback: array('i', [0, 1, 1, 2, 3, 5, 8, 13, 21, 34, 55])
[INFO] [1733612945.310630439] [fibonacci_action_server]: Executing goal...
[INFO] [1733612945.311081191] [fibonacci_action_server]: Feedback: array('i', [0, 1, 1])
[INFO] [1733612945.562078907] [fibonacci_action_server]: Feedback: array('i', [0, 1, 1, 2])
[INFO] [1733612945.813405280] [fibonacci_action_server]: Feedback: array('i', [0, 1, 1, 2, 3])
[INFO] [1733612946.064851866] [fibonacci_action_server]: Feedback: array('i', [0, 1, 1, 2, 3, 5])
[INFO] [1733612946.316393959] [fibonacci_action_server]: Feedback: array('i', [0, 1, 1, 2, 3, 5, 8])
[INFO] [1733612946.568151113] [fibonacci_action_server]: Feedback: array('i', [0, 1, 1, 2, 3, 5, 8, 13])
[INFO] [1733612946.820013581] [fibonacci_action_server]: Feedback: array('i', [0, 1, 1, 2, 3, 5, 8, 13, 21])
[INFO] [1733612947.071498278] [fibonacci_action_server]: Feedback: array('i', [0, 1, 1, 2, 3, 5, 8, 13, 21, 34])
[INFO] [1733612947.322564817] [fibonacci_action_server]: Feedback: array('i', [0, 1, 1, 2, 3, 5, 8, 13, 21, 34, 55])
[INFO] [1733612947.575465937] [fibonacci_action_server]: Executing goal...
[INFO] [1733612947.576000342] [fibonacci_action_server]: Feedback: array('i', [0, 1, 1])
[INFO] [1733612947.826978306] [fibonacci_action_server]: Feedback: array('i', [0, 1, 1, 2])
[INFO] [1733612948.077799072] [fibonacci_action_server]: Feedback: array('i', [0, 1, 1, 2, 3])
[INFO] [1733612948.328834807] [fibonacci_action_server]: Feedback: array('i', [0, 1, 1, 2, 3, 5])
[INFO] [1733612948.580049417] [fibonacci_action_server]: Feedback: array('i', [0, 1, 1, 2, 3, 5, 8])
[INFO] [1733612948.831353598] [fibonacci_action_server]: Feedback: array('i', [0, 1, 1, 2, 3, 5, 8, 13])
[INFO] [1733612949.082474519] [fibonacci_action_server]: Feedback: array('i', [0, 1, 1, 2, 3, 5, 8, 13, 21])
[INFO] [1733612949.333409060] [fibonacci_action_server]: Feedback: array('i', [0, 1, 1, 2, 3, 5, 8, 13, 21, 34])
[INFO] [1733612949.584292308] [fibonacci_action_server]: Feedback: array('i', [0, 1, 1, 2, 3, 5, 8, 13, 21, 34, 55])
[INFO] [1733612949.837251194] [fibonacci_action_server]: Executing goal...
[INFO] [1733612949.837879873] [fibonacci_action_server]: Feedback: array('i', [0, 1, 1])
[INFO] [1733612950.088880913] [fibonacci_action_server]: Feedback: array('i', [0, 1, 1, 2])
[INFO] [1733612950.340006048] [fibonacci_action_server]: Feedback: array('i', [0, 1, 1, 2, 3])
[INFO] [1733612950.590899416] [fibonacci_action_server]: Feedback: array('i', [0, 1, 1, 2, 3, 5])
[INFO] [1733612950.841989649] [fibonacci_action_server]: Feedback: array('i', [0, 1, 1, 2, 3, 5, 8])
[INFO] [1733612951.092982073] [fibonacci_action_server]: Feedback: array('i', [0, 1, 1, 2, 3, 5, 8, 13])
[INFO] [1733612951.344008511] [fibonacci_action_server]: Feedback: array('i', [0, 1, 1, 2, 3, 5, 8, 13, 21])
[INFO] [1733612951.594935126] [fibonacci_action_server]: Feedback: array('i', [0, 1, 1, 2, 3, 5, 8, 13, 21, 34])
[INFO] [1733612951.845797037] [fibonacci_action_server]: Feedback: array('i', [0, 1, 1, 2, 3, 5, 8, 13, 21, 34, 55])
[INFO] [1733612952.099963835] [fibonacci_action_server]: Executing goal...
[INFO] [1733612952.101104140] [fibonacci_action_server]: Feedback: array('i', [0, 1, 1])
[INFO] [1733612952.352238624] [fibonacci_action_server]: Feedback: array('i', [0, 1, 1, 2])
[INFO] [1733612952.603219580] [fibonacci_action_server]: Feedback: array('i', [0, 1, 1, 2, 3])
[INFO] [1733612952.854113299] [fibonacci_action_server]: Feedback: array('i', [0, 1, 1, 2, 3, 5])
[INFO] [1733612953.104923609] [fibonacci_action_server]: Feedback: array('i', [0, 1, 1, 2, 3, 5, 8])
[INFO] [1733612953.355818294] [fibonacci_action_server]: Feedback: array('i', [0, 1, 1, 2, 3, 5, 8, 13])
[INFO] [1733612953.606824035] [fibonacci_action_server]: Feedback: array('i', [0, 1, 1, 2, 3, 5, 8, 13, 21])
[INFO] [1733612953.857892753] [fibonacci_action_server]: Feedback: array('i', [0, 1, 1, 2, 3, 5, 8, 13, 21, 34])
[INFO] [1733612954.108774101] [fibonacci_action_server]: Feedback: array('i', [0, 1, 1, 2, 3, 5, 8, 13, 21, 34, 55])
[INFO] [1733612954.362127313] [fibonacci_action_server]: Executing goal...
[INFO] [1733612954.362780811] [fibonacci_action_server]: Feedback: array('i', [0, 1, 1])
[INFO] [1733612954.614211954] [fibonacci_action_server]: Feedback: array('i', [0, 1, 1, 2])
[INFO] [1733612954.865322697] [fibonacci_action_server]: Feedback: array('i', [0, 1, 1, 2, 3])
[INFO] [1733612955.116257505] [fibonacci_action_server]: Feedback: array('i', [0, 1, 1, 2, 3, 5])
[INFO] [1733612955.367256881] [fibonacci_action_server]: Feedback: array('i', [0, 1, 1, 2, 3, 5, 8])
[INFO] [1733612955.618213849] [fibonacci_action_server]: Feedback: array('i', [0, 1, 1, 2, 3, 5, 8, 13])
[INFO] [1733612955.869276966] [fibonacci_action_server]: Feedback: array('i', [0, 1, 1, 2, 3, 5, 8, 13, 21])
[INFO] [1733612956.120398099] [fibonacci_action_server]: Feedback: array('i', [0, 1, 1, 2, 3, 5, 8, 13, 21, 34])
[INFO] [1733612956.371408752] [fibonacci_action_server]: Feedback: array('i', [0, 1, 1, 2, 3, 5, 8, 13, 21, 34, 55])
[INFO] [1733612956.624760967] [fibonacci_action_server]: Executing goal...
[INFO] [1733612956.625499069] [fibonacci_action_server]: Feedback: array('i', [0, 1, 1])
[INFO] [1733612956.876279330] [fibonacci_action_server]: Feedback: array('i', [0, 1, 1, 2])
[INFO] [1733612957.127116266] [fibonacci_action_server]: Feedback: array('i', [0, 1, 1, 2, 3])
[INFO] [1733612957.378183423] [fibonacci_action_server]: Feedback: array('i', [0, 1, 1, 2, 3, 5])
[INFO] [1733612957.629181383] [fibonacci_action_server]: Feedback: array('i', [0, 1, 1, 2, 3, 5, 8])
[INFO] [1733612957.880374686] [fibonacci_action_server]: Feedback: array('i', [0, 1, 1, 2, 3, 5, 8, 13])
[INFO] [1733612958.131391179] [fibonacci_action_server]: Feedback: array('i', [0, 1, 1, 2, 3, 5, 8, 13, 21])
[INFO] [1733612958.382301126] [fibonacci_action_server]: Feedback: array('i', [0, 1, 1, 2, 3, 5, 8, 13, 21, 34])
[INFO] [1733612958.633291145] [fibonacci_action_server]: Feedback: array('i', [0, 1, 1, 2, 3, 5, 8, 13, 21, 34, 55])
[INFO] [1733612958.886291341] [fibonacci_action_server]: Executing goal...
[INFO] [1733612958.886884547] [fibonacci_action_server]: Feedback: array('i', [0, 1, 1])
[INFO] [1733612959.137972685] [fibonacci_action_server]: Feedback: array('i', [0, 1, 1, 2])
[INFO] [1733612959.389075685] [fibonacci_action_server]: Feedback: array('i', [0, 1, 1, 2, 3])
[INFO] [1733612959.640230489] [fibonacci_action_server]: Feedback: array('i', [0, 1, 1, 2, 3, 5])
[INFO] [1733612959.891084400] [fibonacci_action_server]: Feedback: array('i', [0, 1, 1, 2, 3, 5, 8])
[INFO] [1733612960.141908410] [fibonacci_action_server]: Feedback: array('i', [0, 1, 1, 2, 3, 5, 8, 13])
[INFO] [1733612960.392755347] [fibonacci_action_server]: Feedback: array('i', [0, 1, 1, 2, 3, 5, 8, 13, 21])
[INFO] [1733612960.643971577] [fibonacci_action_server]: Feedback: array('i', [0, 1, 1, 2, 3, 5, 8, 13, 21, 34])
[INFO] [1733612960.894992930] [fibonacci_action_server]: Feedback: array('i', [0, 1, 1, 2, 3, 5, 8, 13, 21, 34, 55])
[INFO] [1733612961.147305564] [fibonacci_action_server]: Executing goal...
[INFO] [1733612961.147728138] [fibonacci_action_server]: Feedback: array('i', [0, 1, 1])
[INFO] [1733612961.398796323] [fibonacci_action_server]: Feedback: array('i', [0, 1, 1, 2])
[INFO] [1733612961.649651850] [fibonacci_action_server]: Feedback: array('i', [0, 1, 1, 2, 3])
[INFO] [1733612961.900540581] [fibonacci_action_server]: Feedback: array('i', [0, 1, 1, 2, 3, 5])
[INFO] [1733612962.151421003] [fibonacci_action_server]: Feedback: array('i', [0, 1, 1, 2, 3, 5, 8])
[INFO] [1733612962.402469275] [fibonacci_action_server]: Feedback: array('i', [0, 1, 1, 2, 3, 5, 8, 13])
[INFO] [1733612962.653559000] [fibonacci_action_server]: Feedback: array('i', [0, 1, 1, 2, 3, 5, 8, 13, 21])
[INFO] [1733612962.904649778] [fibonacci_action_server]: Feedback: array('i', [0, 1, 1, 2, 3, 5, 8, 13, 21, 34])
[INFO] [1733612963.155712773] [fibonacci_action_server]: Feedback: array('i', [0, 1, 1, 2, 3, 5, 8, 13, 21, 34, 55])
[INFO] [1733612963.408754239] [fibonacci_action_server]: Shutting down node...
RAPL is set
