[INFO] [1733792361.300504374] [fibonacci_action_server]: Executing goal...
[INFO] [1733792361.301002124] [fibonacci_action_server]: Feedback: array('i', [0, 1, 1])
[INFO] [1733792361.801787301] [fibonacci_action_server]: Feedback: array('i', [0, 1, 1, 2])
[INFO] [1733792362.303019550] [fibonacci_action_server]: Feedback: array('i', [0, 1, 1, 2, 3])
[INFO] [1733792362.804311248] [fibonacci_action_server]: Feedback: array('i', [0, 1, 1, 2, 3, 5])
[INFO] [1733792363.305966794] [fibonacci_action_server]: Feedback: array('i', [0, 1, 1, 2, 3, 5, 8])
[INFO] [1733792363.807342891] [fibonacci_action_server]: Feedback: array('i', [0, 1, 1, 2, 3, 5, 8, 13])
[INFO] [1733792364.308442637] [fibonacci_action_server]: Feedback: array('i', [0, 1, 1, 2, 3, 5, 8, 13, 21])
[INFO] [1733792364.809692158] [fibonacci_action_server]: Feedback: array('i', [0, 1, 1, 2, 3, 5, 8, 13, 21, 34])
[INFO] [1733792365.311044638] [fibonacci_action_server]: Feedback: array('i', [0, 1, 1, 2, 3, 5, 8, 13, 21, 34, 55])
[INFO] [1733792365.815077343] [fibonacci_action_server]: Executing goal...
[INFO] [1733792365.815462253] [fibonacci_action_server]: Feedback: array('i', [0, 1, 1])
[INFO] [1733792366.316569731] [fibonacci_action_server]: Feedback: array('i', [0, 1, 1, 2])
[INFO] [1733792366.818096265] [fibonacci_action_server]: Feedback: array('i', [0, 1, 1, 2, 3])
[INFO] [1733792367.319331359] [fibonacci_action_server]: Feedback: array('i', [0, 1, 1, 2, 3, 5])
[INFO] [1733792367.820999102] [fibonacci_action_server]: Feedback: array('i', [0, 1, 1, 2, 3, 5, 8])
[INFO] [1733792368.322676754] [fibonacci_action_server]: Feedback: array('i', [0, 1, 1, 2, 3, 5, 8, 13])
[INFO] [1733792368.824147190] [fibonacci_action_server]: Feedback: array('i', [0, 1, 1, 2, 3, 5, 8, 13, 21])
[INFO] [1733792369.325734525] [fibonacci_action_server]: Feedback: array('i', [0, 1, 1, 2, 3, 5, 8, 13, 21, 34])
[INFO] [1733792369.827095242] [fibonacci_action_server]: Feedback: array('i', [0, 1, 1, 2, 3, 5, 8, 13, 21, 34, 55])
[INFO] [1733792370.330483206] [fibonacci_action_server]: Executing goal...
[INFO] [1733792370.330992572] [fibonacci_action_server]: Feedback: array('i', [0, 1, 1])
[INFO] [1733792370.832223336] [fibonacci_action_server]: Feedback: array('i', [0, 1, 1, 2])
[INFO] [1733792371.333789609] [fibonacci_action_server]: Feedback: array('i', [0, 1, 1, 2, 3])
[INFO] [1733792371.835415742] [fibonacci_action_server]: Feedback: array('i', [0, 1, 1, 2, 3, 5])
[INFO] [1733792372.336759286] [fibonacci_action_server]: Feedback: array('i', [0, 1, 1, 2, 3, 5, 8])
[INFO] [1733792372.838105198] [fibonacci_action_server]: Feedback: array('i', [0, 1, 1, 2, 3, 5, 8, 13])
[INFO] [1733792373.339599375] [fibonacci_action_server]: Feedback: array('i', [0, 1, 1, 2, 3, 5, 8, 13, 21])
[INFO] [1733792373.840824197] [fibonacci_action_server]: Feedback: array('i', [0, 1, 1, 2, 3, 5, 8, 13, 21, 34])
[INFO] [1733792374.341808785] [fibonacci_action_server]: Feedback: array('i', [0, 1, 1, 2, 3, 5, 8, 13, 21, 34, 55])
[INFO] [1733792374.845438456] [fibonacci_action_server]: Executing goal...
[INFO] [1733792374.845836378] [fibonacci_action_server]: Feedback: array('i', [0, 1, 1])
[INFO] [1733792375.347144204] [fibonacci_action_server]: Feedback: array('i', [0, 1, 1, 2])
[INFO] [1733792375.848672182] [fibonacci_action_server]: Feedback: array('i', [0, 1, 1, 2, 3])
[INFO] [1733792376.350350293] [fibonacci_action_server]: Feedback: array('i', [0, 1, 1, 2, 3, 5])
[INFO] [1733792376.851841337] [fibonacci_action_server]: Feedback: array('i', [0, 1, 1, 2, 3, 5, 8])
[INFO] [1733792377.353444965] [fibonacci_action_server]: Feedback: array('i', [0, 1, 1, 2, 3, 5, 8, 13])
[INFO] [1733792377.854763651] [fibonacci_action_server]: Feedback: array('i', [0, 1, 1, 2, 3, 5, 8, 13, 21])
[INFO] [1733792378.356272067] [fibonacci_action_server]: Feedback: array('i', [0, 1, 1, 2, 3, 5, 8, 13, 21, 34])
[INFO] [1733792378.857907081] [fibonacci_action_server]: Feedback: array('i', [0, 1, 1, 2, 3, 5, 8, 13, 21, 34, 55])
[INFO] [1733792379.361435893] [fibonacci_action_server]: Executing goal...
[INFO] [1733792379.362059363] [fibonacci_action_server]: Feedback: array('i', [0, 1, 1])
[INFO] [1733792379.863349942] [fibonacci_action_server]: Feedback: array('i', [0, 1, 1, 2])
[INFO] [1733792380.364817798] [fibonacci_action_server]: Feedback: array('i', [0, 1, 1, 2, 3])
[INFO] [1733792380.866482768] [fibonacci_action_server]: Feedback: array('i', [0, 1, 1, 2, 3, 5])
[INFO] [1733792381.367929805] [fibonacci_action_server]: Feedback: array('i', [0, 1, 1, 2, 3, 5, 8])
[INFO] [1733792381.869282185] [fibonacci_action_server]: Feedback: array('i', [0, 1, 1, 2, 3, 5, 8, 13])
[INFO] [1733792382.370124659] [fibonacci_action_server]: Feedback: array('i', [0, 1, 1, 2, 3, 5, 8, 13, 21])
[INFO] [1733792382.871661347] [fibonacci_action_server]: Feedback: array('i', [0, 1, 1, 2, 3, 5, 8, 13, 21, 34])
[INFO] [1733792383.373194522] [fibonacci_action_server]: Feedback: array('i', [0, 1, 1, 2, 3, 5, 8, 13, 21, 34, 55])
[INFO] [1733792383.877132787] [fibonacci_action_server]: Executing goal...
[INFO] [1733792383.877739872] [fibonacci_action_server]: Feedback: array('i', [0, 1, 1])
[INFO] [1733792384.379296866] [fibonacci_action_server]: Feedback: array('i', [0, 1, 1, 2])
[INFO] [1733792384.880911267] [fibonacci_action_server]: Feedback: array('i', [0, 1, 1, 2, 3])
[INFO] [1733792385.381925186] [fibonacci_action_server]: Feedback: array('i', [0, 1, 1, 2, 3, 5])
[INFO] [1733792385.883381732] [fibonacci_action_server]: Feedback: array('i', [0, 1, 1, 2, 3, 5, 8])
[INFO] [1733792386.384909793] [fibonacci_action_server]: Feedback: array('i', [0, 1, 1, 2, 3, 5, 8, 13])
[INFO] [1733792386.885823041] [fibonacci_action_server]: Feedback: array('i', [0, 1, 1, 2, 3, 5, 8, 13, 21])
[INFO] [1733792387.387252548] [fibonacci_action_server]: Feedback: array('i', [0, 1, 1, 2, 3, 5, 8, 13, 21, 34])
[INFO] [1733792387.888455567] [fibonacci_action_server]: Feedback: array('i', [0, 1, 1, 2, 3, 5, 8, 13, 21, 34, 55])
[INFO] [1733792388.392484612] [fibonacci_action_server]: Executing goal...
[INFO] [1733792388.393079658] [fibonacci_action_server]: Feedback: array('i', [0, 1, 1])
[INFO] [1733792388.894626131] [fibonacci_action_server]: Feedback: array('i', [0, 1, 1, 2])
[INFO] [1733792389.395996546] [fibonacci_action_server]: Feedback: array('i', [0, 1, 1, 2, 3])
[INFO] [1733792389.897544027] [fibonacci_action_server]: Feedback: array('i', [0, 1, 1, 2, 3, 5])
[INFO] [1733792390.398911967] [fibonacci_action_server]: Feedback: array('i', [0, 1, 1, 2, 3, 5, 8])
[INFO] [1733792390.900399575] [fibonacci_action_server]: Feedback: array('i', [0, 1, 1, 2, 3, 5, 8, 13])
[INFO] [1733792391.401934147] [fibonacci_action_server]: Feedback: array('i', [0, 1, 1, 2, 3, 5, 8, 13, 21])
[INFO] [1733792391.903323975] [fibonacci_action_server]: Feedback: array('i', [0, 1, 1, 2, 3, 5, 8, 13, 21, 34])
[INFO] [1733792392.404549194] [fibonacci_action_server]: Feedback: array('i', [0, 1, 1, 2, 3, 5, 8, 13, 21, 34, 55])
[INFO] [1733792392.908137200] [fibonacci_action_server]: Executing goal...
[INFO] [1733792392.908507906] [fibonacci_action_server]: Feedback: array('i', [0, 1, 1])
[INFO] [1733792393.409755363] [fibonacci_action_server]: Feedback: array('i', [0, 1, 1, 2])
[INFO] [1733792393.911435830] [fibonacci_action_server]: Feedback: array('i', [0, 1, 1, 2, 3])
[INFO] [1733792394.412978269] [fibonacci_action_server]: Feedback: array('i', [0, 1, 1, 2, 3, 5])
[INFO] [1733792394.914023092] [fibonacci_action_server]: Feedback: array('i', [0, 1, 1, 2, 3, 5, 8])
[INFO] [1733792395.415534971] [fibonacci_action_server]: Feedback: array('i', [0, 1, 1, 2, 3, 5, 8, 13])
[INFO] [1733792395.917040846] [fibonacci_action_server]: Feedback: array('i', [0, 1, 1, 2, 3, 5, 8, 13, 21])
[INFO] [1733792396.417891786] [fibonacci_action_server]: Feedback: array('i', [0, 1, 1, 2, 3, 5, 8, 13, 21, 34])
[INFO] [1733792396.919672662] [fibonacci_action_server]: Feedback: array('i', [0, 1, 1, 2, 3, 5, 8, 13, 21, 34, 55])
[INFO] [1733792397.423180272] [fibonacci_action_server]: Executing goal...
[INFO] [1733792397.423546712] [fibonacci_action_server]: Feedback: array('i', [0, 1, 1])
[INFO] [1733792397.924989892] [fibonacci_action_server]: Feedback: array('i', [0, 1, 1, 2])
[INFO] [1733792398.426064367] [fibonacci_action_server]: Feedback: array('i', [0, 1, 1, 2, 3])
[INFO] [1733792398.927523487] [fibonacci_action_server]: Feedback: array('i', [0, 1, 1, 2, 3, 5])
[INFO] [1733792399.428962983] [fibonacci_action_server]: Feedback: array('i', [0, 1, 1, 2, 3, 5, 8])
[INFO] [1733792399.930351520] [fibonacci_action_server]: Feedback: array('i', [0, 1, 1, 2, 3, 5, 8, 13])
[INFO] [1733792400.431522859] [fibonacci_action_server]: Feedback: array('i', [0, 1, 1, 2, 3, 5, 8, 13, 21])
[INFO] [1733792400.932651334] [fibonacci_action_server]: Feedback: array('i', [0, 1, 1, 2, 3, 5, 8, 13, 21, 34])
[INFO] [1733792401.434079495] [fibonacci_action_server]: Feedback: array('i', [0, 1, 1, 2, 3, 5, 8, 13, 21, 34, 55])
[INFO] [1733792401.937479044] [fibonacci_action_server]: Executing goal...
[INFO] [1733792401.937855103] [fibonacci_action_server]: Feedback: array('i', [0, 1, 1])
[INFO] [1733792402.439194564] [fibonacci_action_server]: Feedback: array('i', [0, 1, 1, 2])
[INFO] [1733792402.940716040] [fibonacci_action_server]: Feedback: array('i', [0, 1, 1, 2, 3])
[INFO] [1733792403.442078935] [fibonacci_action_server]: Feedback: array('i', [0, 1, 1, 2, 3, 5])
[INFO] [1733792403.943584961] [fibonacci_action_server]: Feedback: array('i', [0, 1, 1, 2, 3, 5, 8])
[INFO] [1733792404.445100617] [fibonacci_action_server]: Feedback: array('i', [0, 1, 1, 2, 3, 5, 8, 13])
[INFO] [1733792404.945878620] [fibonacci_action_server]: Feedback: array('i', [0, 1, 1, 2, 3, 5, 8, 13, 21])
[INFO] [1733792405.447120933] [fibonacci_action_server]: Feedback: array('i', [0, 1, 1, 2, 3, 5, 8, 13, 21, 34])
[INFO] [1733792405.949188183] [fibonacci_action_server]: Feedback: array('i', [0, 1, 1, 2, 3, 5, 8, 13, 21, 34, 55])
[INFO] [1733792406.451919180] [fibonacci_action_server]: Executing goal...
[INFO] [1733792406.452331325] [fibonacci_action_server]: Feedback: array('i', [0, 1, 1])
[INFO] [1733792406.953818922] [fibonacci_action_server]: Feedback: array('i', [0, 1, 1, 2])
[INFO] [1733792407.455168282] [fibonacci_action_server]: Feedback: array('i', [0, 1, 1, 2, 3])
[INFO] [1733792407.956740224] [fibonacci_action_server]: Feedback: array('i', [0, 1, 1, 2, 3, 5])
[INFO] [1733792408.458136997] [fibonacci_action_server]: Feedback: array('i', [0, 1, 1, 2, 3, 5, 8])
[INFO] [1733792408.959586062] [fibonacci_action_server]: Feedback: array('i', [0, 1, 1, 2, 3, 5, 8, 13])
[INFO] [1733792409.460971522] [fibonacci_action_server]: Feedback: array('i', [0, 1, 1, 2, 3, 5, 8, 13, 21])
[INFO] [1733792409.962075159] [fibonacci_action_server]: Feedback: array('i', [0, 1, 1, 2, 3, 5, 8, 13, 21, 34])
[INFO] [1733792410.463585402] [fibonacci_action_server]: Feedback: array('i', [0, 1, 1, 2, 3, 5, 8, 13, 21, 34, 55])
[INFO] [1733792410.966346930] [fibonacci_action_server]: Executing goal...
[INFO] [1733792410.966816979] [fibonacci_action_server]: Feedback: array('i', [0, 1, 1])
[INFO] [1733792411.468014945] [fibonacci_action_server]: Feedback: array('i', [0, 1, 1, 2])
[INFO] [1733792411.969195261] [fibonacci_action_server]: Feedback: array('i', [0, 1, 1, 2, 3])
[INFO] [1733792412.470440078] [fibonacci_action_server]: Feedback: array('i', [0, 1, 1, 2, 3, 5])
[INFO] [1733792412.971617838] [fibonacci_action_server]: Feedback: array('i', [0, 1, 1, 2, 3, 5, 8])
[INFO] [1733792413.472766590] [fibonacci_action_server]: Feedback: array('i', [0, 1, 1, 2, 3, 5, 8, 13])
[INFO] [1733792413.973804990] [fibonacci_action_server]: Feedback: array('i', [0, 1, 1, 2, 3, 5, 8, 13, 21])
[INFO] [1733792414.475100542] [fibonacci_action_server]: Feedback: array('i', [0, 1, 1, 2, 3, 5, 8, 13, 21, 34])
[INFO] [1733792414.976759100] [fibonacci_action_server]: Feedback: array('i', [0, 1, 1, 2, 3, 5, 8, 13, 21, 34, 55])
[INFO] [1733792415.480019483] [fibonacci_action_server]: Executing goal...
[INFO] [1733792415.480394884] [fibonacci_action_server]: Feedback: array('i', [0, 1, 1])
[INFO] [1733792415.981800795] [fibonacci_action_server]: Feedback: array('i', [0, 1, 1, 2])
[INFO] [1733792416.483157253] [fibonacci_action_server]: Feedback: array('i', [0, 1, 1, 2, 3])
[INFO] [1733792416.984673216] [fibonacci_action_server]: Feedback: array('i', [0, 1, 1, 2, 3, 5])
[INFO] [1733792417.486127108] [fibonacci_action_server]: Feedback: array('i', [0, 1, 1, 2, 3, 5, 8])
[INFO] [1733792417.987590526] [fibonacci_action_server]: Feedback: array('i', [0, 1, 1, 2, 3, 5, 8, 13])
[INFO] [1733792418.488848679] [fibonacci_action_server]: Feedback: array('i', [0, 1, 1, 2, 3, 5, 8, 13, 21])
[INFO] [1733792418.990335881] [fibonacci_action_server]: Feedback: array('i', [0, 1, 1, 2, 3, 5, 8, 13, 21, 34])
[INFO] [1733792419.491810427] [fibonacci_action_server]: Feedback: array('i', [0, 1, 1, 2, 3, 5, 8, 13, 21, 34, 55])
[INFO] [1733792419.995297875] [fibonacci_action_server]: Executing goal...
[INFO] [1733792419.995691323] [fibonacci_action_server]: Feedback: array('i', [0, 1, 1])
[INFO] [1733792420.497162239] [fibonacci_action_server]: Feedback: array('i', [0, 1, 1, 2])
[INFO] [1733792420.998655904] [fibonacci_action_server]: Feedback: array('i', [0, 1, 1, 2, 3])
[INFO] [1733792421.500139855] [fibonacci_action_server]: Feedback: array('i', [0, 1, 1, 2, 3, 5])
[INFO] [1733792422.001763667] [fibonacci_action_server]: Feedback: array('i', [0, 1, 1, 2, 3, 5, 8])
[INFO] [1733792422.503079772] [fibonacci_action_server]: Feedback: array('i', [0, 1, 1, 2, 3, 5, 8, 13])
[INFO] [1733792423.004603387] [fibonacci_action_server]: Feedback: array('i', [0, 1, 1, 2, 3, 5, 8, 13, 21])
[INFO] [1733792423.506035394] [fibonacci_action_server]: Feedback: array('i', [0, 1, 1, 2, 3, 5, 8, 13, 21, 34])
[INFO] [1733792424.007603607] [fibonacci_action_server]: Feedback: array('i', [0, 1, 1, 2, 3, 5, 8, 13, 21, 34, 55])
[INFO] [1733792424.511520352] [fibonacci_action_server]: Executing goal...
[INFO] [1733792424.512190614] [fibonacci_action_server]: Feedback: array('i', [0, 1, 1])
[INFO] [1733792425.013342130] [fibonacci_action_server]: Feedback: array('i', [0, 1, 1, 2])
[INFO] [1733792425.514463914] [fibonacci_action_server]: Feedback: array('i', [0, 1, 1, 2, 3])
[INFO] [1733792426.015630787] [fibonacci_action_server]: Feedback: array('i', [0, 1, 1, 2, 3, 5])
[INFO] [1733792426.516821832] [fibonacci_action_server]: Feedback: array('i', [0, 1, 1, 2, 3, 5, 8])
[INFO] [1733792427.017888050] [fibonacci_action_server]: Feedback: array('i', [0, 1, 1, 2, 3, 5, 8, 13])
[INFO] [1733792427.519214974] [fibonacci_action_server]: Feedback: array('i', [0, 1, 1, 2, 3, 5, 8, 13, 21])
[INFO] [1733792428.020844856] [fibonacci_action_server]: Feedback: array('i', [0, 1, 1, 2, 3, 5, 8, 13, 21, 34])
[INFO] [1733792428.522257324] [fibonacci_action_server]: Feedback: array('i', [0, 1, 1, 2, 3, 5, 8, 13, 21, 34, 55])
[INFO] [1733792429.026174639] [fibonacci_action_server]: Executing goal...
[INFO] [1733792429.026829105] [fibonacci_action_server]: Feedback: array('i', [0, 1, 1])
[INFO] [1733792429.528179868] [fibonacci_action_server]: Feedback: array('i', [0, 1, 1, 2])
[INFO] [1733792430.029751849] [fibonacci_action_server]: Feedback: array('i', [0, 1, 1, 2, 3])
[INFO] [1733792430.531070616] [fibonacci_action_server]: Feedback: array('i', [0, 1, 1, 2, 3, 5])
[INFO] [1733792431.032297960] [fibonacci_action_server]: Feedback: array('i', [0, 1, 1, 2, 3, 5, 8])
[INFO] [1733792431.533626932] [fibonacci_action_server]: Feedback: array('i', [0, 1, 1, 2, 3, 5, 8, 13])
[INFO] [1733792432.034903594] [fibonacci_action_server]: Feedback: array('i', [0, 1, 1, 2, 3, 5, 8, 13, 21])
[INFO] [1733792432.536501606] [fibonacci_action_server]: Feedback: array('i', [0, 1, 1, 2, 3, 5, 8, 13, 21, 34])
[INFO] [1733792433.038118372] [fibonacci_action_server]: Feedback: array('i', [0, 1, 1, 2, 3, 5, 8, 13, 21, 34, 55])
[INFO] [1733792433.542138235] [fibonacci_action_server]: Executing goal...
[INFO] [1733792433.542755656] [fibonacci_action_server]: Feedback: array('i', [0, 1, 1])
[INFO] [1733792434.044372576] [fibonacci_action_server]: Feedback: array('i', [0, 1, 1, 2])
[INFO] [1733792434.546036464] [fibonacci_action_server]: Feedback: array('i', [0, 1, 1, 2, 3])
[INFO] [1733792435.047240686] [fibonacci_action_server]: Feedback: array('i', [0, 1, 1, 2, 3, 5])
[INFO] [1733792435.548876200] [fibonacci_action_server]: Feedback: array('i', [0, 1, 1, 2, 3, 5, 8])
[INFO] [1733792436.050500350] [fibonacci_action_server]: Feedback: array('i', [0, 1, 1, 2, 3, 5, 8, 13])
[INFO] [1733792436.552007333] [fibonacci_action_server]: Feedback: array('i', [0, 1, 1, 2, 3, 5, 8, 13, 21])
[INFO] [1733792437.053593974] [fibonacci_action_server]: Feedback: array('i', [0, 1, 1, 2, 3, 5, 8, 13, 21, 34])
[INFO] [1733792437.554917892] [fibonacci_action_server]: Feedback: array('i', [0, 1, 1, 2, 3, 5, 8, 13, 21, 34, 55])
[INFO] [1733792438.057938889] [fibonacci_action_server]: Executing goal...
[INFO] [1733792438.058345023] [fibonacci_action_server]: Feedback: array('i', [0, 1, 1])
[INFO] [1733792438.559390851] [fibonacci_action_server]: Feedback: array('i', [0, 1, 1, 2])
[INFO] [1733792439.060631719] [fibonacci_action_server]: Feedback: array('i', [0, 1, 1, 2, 3])
[INFO] [1733792439.561911852] [fibonacci_action_server]: Feedback: array('i', [0, 1, 1, 2, 3, 5])
[INFO] [1733792440.063571023] [fibonacci_action_server]: Feedback: array('i', [0, 1, 1, 2, 3, 5, 8])
[INFO] [1733792440.565136240] [fibonacci_action_server]: Feedback: array('i', [0, 1, 1, 2, 3, 5, 8, 13])
[INFO] [1733792441.066037615] [fibonacci_action_server]: Feedback: array('i', [0, 1, 1, 2, 3, 5, 8, 13, 21])
[INFO] [1733792441.567466068] [fibonacci_action_server]: Feedback: array('i', [0, 1, 1, 2, 3, 5, 8, 13, 21, 34])
[INFO] [1733792442.068954902] [fibonacci_action_server]: Feedback: array('i', [0, 1, 1, 2, 3, 5, 8, 13, 21, 34, 55])
[INFO] [1733792442.572038636] [fibonacci_action_server]: Executing goal...
[INFO] [1733792442.572475828] [fibonacci_action_server]: Feedback: array('i', [0, 1, 1])
[INFO] [1733792443.073974872] [fibonacci_action_server]: Feedback: array('i', [0, 1, 1, 2])
[INFO] [1733792443.575215628] [fibonacci_action_server]: Feedback: array('i', [0, 1, 1, 2, 3])
[INFO] [1733792444.076740514] [fibonacci_action_server]: Feedback: array('i', [0, 1, 1, 2, 3, 5])
[INFO] [1733792444.578356591] [fibonacci_action_server]: Feedback: array('i', [0, 1, 1, 2, 3, 5, 8])
[INFO] [1733792445.079929186] [fibonacci_action_server]: Feedback: array('i', [0, 1, 1, 2, 3, 5, 8, 13])
[INFO] [1733792445.581501478] [fibonacci_action_server]: Feedback: array('i', [0, 1, 1, 2, 3, 5, 8, 13, 21])
[INFO] [1733792446.083092403] [fibonacci_action_server]: Feedback: array('i', [0, 1, 1, 2, 3, 5, 8, 13, 21, 34])
[INFO] [1733792446.584619734] [fibonacci_action_server]: Feedback: array('i', [0, 1, 1, 2, 3, 5, 8, 13, 21, 34, 55])
[INFO] [1733792447.087943596] [fibonacci_action_server]: Executing goal...
[INFO] [1733792447.088326545] [fibonacci_action_server]: Feedback: array('i', [0, 1, 1])
[INFO] [1733792447.589831344] [fibonacci_action_server]: Feedback: array('i', [0, 1, 1, 2])
[INFO] [1733792448.091024339] [fibonacci_action_server]: Feedback: array('i', [0, 1, 1, 2, 3])
[INFO] [1733792448.592606354] [fibonacci_action_server]: Feedback: array('i', [0, 1, 1, 2, 3, 5])
[INFO] [1733792449.094072566] [fibonacci_action_server]: Feedback: array('i', [0, 1, 1, 2, 3, 5, 8])
[INFO] [1733792449.595424113] [fibonacci_action_server]: Feedback: array('i', [0, 1, 1, 2, 3, 5, 8, 13])
[INFO] [1733792450.096925097] [fibonacci_action_server]: Feedback: array('i', [0, 1, 1, 2, 3, 5, 8, 13, 21])
[INFO] [1733792450.597924526] [fibonacci_action_server]: Feedback: array('i', [0, 1, 1, 2, 3, 5, 8, 13, 21, 34])
[INFO] [1733792451.099082284] [fibonacci_action_server]: Feedback: array('i', [0, 1, 1, 2, 3, 5, 8, 13, 21, 34, 55])
[INFO] [1733792451.601616461] [fibonacci_action_server]: Executing goal...
[INFO] [1733792451.602201941] [fibonacci_action_server]: Feedback: array('i', [0, 1, 1])
[INFO] [1733792452.103479571] [fibonacci_action_server]: Feedback: array('i', [0, 1, 1, 2])
[INFO] [1733792452.604709549] [fibonacci_action_server]: Feedback: array('i', [0, 1, 1, 2, 3])
[INFO] [1733792453.106335041] [fibonacci_action_server]: Feedback: array('i', [0, 1, 1, 2, 3, 5])
[INFO] [1733792453.607989362] [fibonacci_action_server]: Feedback: array('i', [0, 1, 1, 2, 3, 5, 8])
[INFO] [1733792454.109665198] [fibonacci_action_server]: Feedback: array('i', [0, 1, 1, 2, 3, 5, 8, 13])
[INFO] [1733792454.611036626] [fibonacci_action_server]: Feedback: array('i', [0, 1, 1, 2, 3, 5, 8, 13, 21])
[INFO] [1733792455.112536039] [fibonacci_action_server]: Feedback: array('i', [0, 1, 1, 2, 3, 5, 8, 13, 21, 34])
[INFO] [1733792455.614044253] [fibonacci_action_server]: Feedback: array('i', [0, 1, 1, 2, 3, 5, 8, 13, 21, 34, 55])
[INFO] [1733792456.117958528] [fibonacci_action_server]: Executing goal...
[INFO] [1733792456.118575517] [fibonacci_action_server]: Feedback: array('i', [0, 1, 1])
[INFO] [1733792456.619873180] [fibonacci_action_server]: Feedback: array('i', [0, 1, 1, 2])
[INFO] [1733792457.121517932] [fibonacci_action_server]: Feedback: array('i', [0, 1, 1, 2, 3])
[INFO] [1733792457.623116639] [fibonacci_action_server]: Feedback: array('i', [0, 1, 1, 2, 3, 5])
[INFO] [1733792458.124702988] [fibonacci_action_server]: Feedback: array('i', [0, 1, 1, 2, 3, 5, 8])
[INFO] [1733792458.626084207] [fibonacci_action_server]: Feedback: array('i', [0, 1, 1, 2, 3, 5, 8, 13])
[INFO] [1733792459.127517548] [fibonacci_action_server]: Feedback: array('i', [0, 1, 1, 2, 3, 5, 8, 13, 21])
[INFO] [1733792459.629037938] [fibonacci_action_server]: Feedback: array('i', [0, 1, 1, 2, 3, 5, 8, 13, 21, 34])
[INFO] [1733792460.130223281] [fibonacci_action_server]: Feedback: array('i', [0, 1, 1, 2, 3, 5, 8, 13, 21, 34, 55])
[INFO] [1733792460.633917879] [fibonacci_action_server]: Executing goal...
[INFO] [1733792460.634369873] [fibonacci_action_server]: Feedback: array('i', [0, 1, 1])
[INFO] [1733792461.135474409] [fibonacci_action_server]: Feedback: array('i', [0, 1, 1, 2])
[INFO] [1733792461.636963413] [fibonacci_action_server]: Feedback: array('i', [0, 1, 1, 2, 3])
[INFO] [1733792462.138453943] [fibonacci_action_server]: Feedback: array('i', [0, 1, 1, 2, 3, 5])
[INFO] [1733792462.640155441] [fibonacci_action_server]: Feedback: array('i', [0, 1, 1, 2, 3, 5, 8])
[INFO] [1733792463.141803420] [fibonacci_action_server]: Feedback: array('i', [0, 1, 1, 2, 3, 5, 8, 13])
[INFO] [1733792463.643132628] [fibonacci_action_server]: Feedback: array('i', [0, 1, 1, 2, 3, 5, 8, 13, 21])
[INFO] [1733792464.144270936] [fibonacci_action_server]: Feedback: array('i', [0, 1, 1, 2, 3, 5, 8, 13, 21, 34])
[INFO] [1733792464.645563466] [fibonacci_action_server]: Feedback: array('i', [0, 1, 1, 2, 3, 5, 8, 13, 21, 34, 55])
[INFO] [1733792465.148544078] [fibonacci_action_server]: Executing goal...
[INFO] [1733792465.148961559] [fibonacci_action_server]: Feedback: array('i', [0, 1, 1])
[INFO] [1733792465.650070387] [fibonacci_action_server]: Feedback: array('i', [0, 1, 1, 2])
[INFO] [1733792466.151561096] [fibonacci_action_server]: Feedback: array('i', [0, 1, 1, 2, 3])
[INFO] [1733792466.653005847] [fibonacci_action_server]: Feedback: array('i', [0, 1, 1, 2, 3, 5])
[INFO] [1733792467.154685293] [fibonacci_action_server]: Feedback: array('i', [0, 1, 1, 2, 3, 5, 8])
[INFO] [1733792467.656188769] [fibonacci_action_server]: Feedback: array('i', [0, 1, 1, 2, 3, 5, 8, 13])
[INFO] [1733792468.157765259] [fibonacci_action_server]: Feedback: array('i', [0, 1, 1, 2, 3, 5, 8, 13, 21])
[INFO] [1733792468.659211450] [fibonacci_action_server]: Feedback: array('i', [0, 1, 1, 2, 3, 5, 8, 13, 21, 34])
[INFO] [1733792469.160677964] [fibonacci_action_server]: Feedback: array('i', [0, 1, 1, 2, 3, 5, 8, 13, 21, 34, 55])
[INFO] [1733792469.663647462] [fibonacci_action_server]: Executing goal...
[INFO] [1733792469.664053060] [fibonacci_action_server]: Feedback: array('i', [0, 1, 1])
[INFO] [1733792470.165436302] [fibonacci_action_server]: Feedback: array('i', [0, 1, 1, 2])
[INFO] [1733792470.666855426] [fibonacci_action_server]: Feedback: array('i', [0, 1, 1, 2, 3])
[INFO] [1733792471.168481328] [fibonacci_action_server]: Feedback: array('i', [0, 1, 1, 2, 3, 5])
[INFO] [1733792471.670044076] [fibonacci_action_server]: Feedback: array('i', [0, 1, 1, 2, 3, 5, 8])
[INFO] [1733792472.171541877] [fibonacci_action_server]: Feedback: array('i', [0, 1, 1, 2, 3, 5, 8, 13])
[INFO] [1733792472.672983063] [fibonacci_action_server]: Feedback: array('i', [0, 1, 1, 2, 3, 5, 8, 13, 21])
[INFO] [1733792473.174055260] [fibonacci_action_server]: Feedback: array('i', [0, 1, 1, 2, 3, 5, 8, 13, 21, 34])
[INFO] [1733792473.675539233] [fibonacci_action_server]: Feedback: array('i', [0, 1, 1, 2, 3, 5, 8, 13, 21, 34, 55])
[INFO] [1733792474.178364419] [fibonacci_action_server]: Executing goal...
[INFO] [1733792474.178750095] [fibonacci_action_server]: Feedback: array('i', [0, 1, 1])
[INFO] [1733792474.680114004] [fibonacci_action_server]: Feedback: array('i', [0, 1, 1, 2])
[INFO] [1733792475.181844747] [fibonacci_action_server]: Feedback: array('i', [0, 1, 1, 2, 3])
[INFO] [1733792475.683194232] [fibonacci_action_server]: Feedback: array('i', [0, 1, 1, 2, 3, 5])
[INFO] [1733792476.184695596] [fibonacci_action_server]: Feedback: array('i', [0, 1, 1, 2, 3, 5, 8])
[INFO] [1733792476.686128630] [fibonacci_action_server]: Feedback: array('i', [0, 1, 1, 2, 3, 5, 8, 13])
[INFO] [1733792477.187386639] [fibonacci_action_server]: Feedback: array('i', [0, 1, 1, 2, 3, 5, 8, 13, 21])
[INFO] [1733792477.688556572] [fibonacci_action_server]: Feedback: array('i', [0, 1, 1, 2, 3, 5, 8, 13, 21, 34])
[INFO] [1733792478.189923413] [fibonacci_action_server]: Feedback: array('i', [0, 1, 1, 2, 3, 5, 8, 13, 21, 34, 55])
[INFO] [1733792478.693188712] [fibonacci_action_server]: Executing goal...
[INFO] [1733792478.693809166] [fibonacci_action_server]: Feedback: array('i', [0, 1, 1])
[INFO] [1733792479.195193830] [fibonacci_action_server]: Feedback: array('i', [0, 1, 1, 2])
[INFO] [1733792479.696683092] [fibonacci_action_server]: Feedback: array('i', [0, 1, 1, 2, 3])
[INFO] [1733792480.198204143] [fibonacci_action_server]: Feedback: array('i', [0, 1, 1, 2, 3, 5])
[INFO] [1733792480.699406762] [fibonacci_action_server]: Feedback: array('i', [0, 1, 1, 2, 3, 5, 8])
[INFO] [1733792481.200872844] [fibonacci_action_server]: Feedback: array('i', [0, 1, 1, 2, 3, 5, 8, 13])
[INFO] [1733792481.701899120] [fibonacci_action_server]: Feedback: array('i', [0, 1, 1, 2, 3, 5, 8, 13, 21])
[INFO] [1733792482.203400257] [fibonacci_action_server]: Feedback: array('i', [0, 1, 1, 2, 3, 5, 8, 13, 21, 34])
[INFO] [1733792482.704770763] [fibonacci_action_server]: Feedback: array('i', [0, 1, 1, 2, 3, 5, 8, 13, 21, 34, 55])
[INFO] [1733792483.207860899] [fibonacci_action_server]: Executing goal...
[INFO] [1733792483.208313523] [fibonacci_action_server]: Feedback: array('i', [0, 1, 1])
[INFO] [1733792483.709801652] [fibonacci_action_server]: Feedback: array('i', [0, 1, 1, 2])
[INFO] [1733792484.211475602] [fibonacci_action_server]: Feedback: array('i', [0, 1, 1, 2, 3])
[INFO] [1733792484.713035733] [fibonacci_action_server]: Feedback: array('i', [0, 1, 1, 2, 3, 5])
[INFO] [1733792485.214107001] [fibonacci_action_server]: Feedback: array('i', [0, 1, 1, 2, 3, 5, 8])
[INFO] [1733792485.715577623] [fibonacci_action_server]: Feedback: array('i', [0, 1, 1, 2, 3, 5, 8, 13])
[INFO] [1733792486.217074866] [fibonacci_action_server]: Feedback: array('i', [0, 1, 1, 2, 3, 5, 8, 13, 21])
[INFO] [1733792486.718366782] [fibonacci_action_server]: Feedback: array('i', [0, 1, 1, 2, 3, 5, 8, 13, 21, 34])
[INFO] [1733792487.219590115] [fibonacci_action_server]: Feedback: array('i', [0, 1, 1, 2, 3, 5, 8, 13, 21, 34, 55])
[INFO] [1733792487.722929713] [fibonacci_action_server]: Executing goal...
[INFO] [1733792487.723450596] [fibonacci_action_server]: Feedback: array('i', [0, 1, 1])
[INFO] [1733792488.224866859] [fibonacci_action_server]: Feedback: array('i', [0, 1, 1, 2])
[INFO] [1733792488.726099889] [fibonacci_action_server]: Feedback: array('i', [0, 1, 1, 2, 3])
[INFO] [1733792489.227548655] [fibonacci_action_server]: Feedback: array('i', [0, 1, 1, 2, 3, 5])
[INFO] [1733792489.729028720] [fibonacci_action_server]: Feedback: array('i', [0, 1, 1, 2, 3, 5, 8])
[INFO] [1733792490.229755096] [fibonacci_action_server]: Feedback: array('i', [0, 1, 1, 2, 3, 5, 8, 13])
[INFO] [1733792490.730936622] [fibonacci_action_server]: Feedback: array('i', [0, 1, 1, 2, 3, 5, 8, 13, 21])
[INFO] [1733792491.232066691] [fibonacci_action_server]: Feedback: array('i', [0, 1, 1, 2, 3, 5, 8, 13, 21, 34])
[INFO] [1733792491.733430607] [fibonacci_action_server]: Feedback: array('i', [0, 1, 1, 2, 3, 5, 8, 13, 21, 34, 55])
[INFO] [1733792492.237144383] [fibonacci_action_server]: Executing goal...
[INFO] [1733792492.237887104] [fibonacci_action_server]: Feedback: array('i', [0, 1, 1])
[INFO] [1733792492.739033472] [fibonacci_action_server]: Feedback: array('i', [0, 1, 1, 2])
[INFO] [1733792493.240545498] [fibonacci_action_server]: Feedback: array('i', [0, 1, 1, 2, 3])
[INFO] [1733792493.742057950] [fibonacci_action_server]: Feedback: array('i', [0, 1, 1, 2, 3, 5])
[INFO] [1733792494.243570820] [fibonacci_action_server]: Feedback: array('i', [0, 1, 1, 2, 3, 5, 8])
[INFO] [1733792494.744994457] [fibonacci_action_server]: Feedback: array('i', [0, 1, 1, 2, 3, 5, 8, 13])
[INFO] [1733792495.246074489] [fibonacci_action_server]: Feedback: array('i', [0, 1, 1, 2, 3, 5, 8, 13, 21])
[INFO] [1733792495.747253269] [fibonacci_action_server]: Feedback: array('i', [0, 1, 1, 2, 3, 5, 8, 13, 21, 34])
[INFO] [1733792496.248815067] [fibonacci_action_server]: Feedback: array('i', [0, 1, 1, 2, 3, 5, 8, 13, 21, 34, 55])
[INFO] [1733792496.752456023] [fibonacci_action_server]: Executing goal...
[INFO] [1733792496.753058116] [fibonacci_action_server]: Feedback: array('i', [0, 1, 1])
[INFO] [1733792497.254429266] [fibonacci_action_server]: Feedback: array('i', [0, 1, 1, 2])
[INFO] [1733792497.755947296] [fibonacci_action_server]: Feedback: array('i', [0, 1, 1, 2, 3])
[INFO] [1733792498.257551649] [fibonacci_action_server]: Feedback: array('i', [0, 1, 1, 2, 3, 5])
[INFO] [1733792498.758973864] [fibonacci_action_server]: Feedback: array('i', [0, 1, 1, 2, 3, 5, 8])
[INFO] [1733792499.260440864] [fibonacci_action_server]: Feedback: array('i', [0, 1, 1, 2, 3, 5, 8, 13])
[INFO] [1733792499.762026846] [fibonacci_action_server]: Feedback: array('i', [0, 1, 1, 2, 3, 5, 8, 13, 21])
[INFO] [1733792500.263313353] [fibonacci_action_server]: Feedback: array('i', [0, 1, 1, 2, 3, 5, 8, 13, 21, 34])
[INFO] [1733792500.764779675] [fibonacci_action_server]: Feedback: array('i', [0, 1, 1, 2, 3, 5, 8, 13, 21, 34, 55])
[INFO] [1733792501.268141460] [fibonacci_action_server]: Executing goal...
[INFO] [1733792501.268520177] [fibonacci_action_server]: Feedback: array('i', [0, 1, 1])
[INFO] [1733792501.769953711] [fibonacci_action_server]: Feedback: array('i', [0, 1, 1, 2])
[INFO] [1733792502.271418364] [fibonacci_action_server]: Feedback: array('i', [0, 1, 1, 2, 3])
[INFO] [1733792502.772897364] [fibonacci_action_server]: Feedback: array('i', [0, 1, 1, 2, 3, 5])
[INFO] [1733792503.273773129] [fibonacci_action_server]: Feedback: array('i', [0, 1, 1, 2, 3, 5, 8])
[INFO] [1733792503.774989156] [fibonacci_action_server]: Feedback: array('i', [0, 1, 1, 2, 3, 5, 8, 13])
[INFO] [1733792504.276284863] [fibonacci_action_server]: Feedback: array('i', [0, 1, 1, 2, 3, 5, 8, 13, 21])
[INFO] [1733792504.777925001] [fibonacci_action_server]: Feedback: array('i', [0, 1, 1, 2, 3, 5, 8, 13, 21, 34])
[INFO] [1733792505.279594255] [fibonacci_action_server]: Feedback: array('i', [0, 1, 1, 2, 3, 5, 8, 13, 21, 34, 55])
[INFO] [1733792505.782780194] [fibonacci_action_server]: Executing goal...
[INFO] [1733792505.783160855] [fibonacci_action_server]: Feedback: array('i', [0, 1, 1])
[INFO] [1733792506.284738423] [fibonacci_action_server]: Feedback: array('i', [0, 1, 1, 2])
[INFO] [1733792506.786088656] [fibonacci_action_server]: Feedback: array('i', [0, 1, 1, 2, 3])
[INFO] [1733792507.287566228] [fibonacci_action_server]: Feedback: array('i', [0, 1, 1, 2, 3, 5])
[INFO] [1733792507.789073467] [fibonacci_action_server]: Feedback: array('i', [0, 1, 1, 2, 3, 5, 8])
[INFO] [1733792508.290107099] [fibonacci_action_server]: Feedback: array('i', [0, 1, 1, 2, 3, 5, 8, 13])
[INFO] [1733792508.791475490] [fibonacci_action_server]: Feedback: array('i', [0, 1, 1, 2, 3, 5, 8, 13, 21])
[INFO] [1733792509.292701956] [fibonacci_action_server]: Feedback: array('i', [0, 1, 1, 2, 3, 5, 8, 13, 21, 34])
[INFO] [1733792509.794071279] [fibonacci_action_server]: Feedback: array('i', [0, 1, 1, 2, 3, 5, 8, 13, 21, 34, 55])
[INFO] [1733792510.297479798] [fibonacci_action_server]: Executing goal...
[INFO] [1733792510.297912612] [fibonacci_action_server]: Feedback: array('i', [0, 1, 1])
[INFO] [1733792510.799181862] [fibonacci_action_server]: Feedback: array('i', [0, 1, 1, 2])
[INFO] [1733792511.300626684] [fibonacci_action_server]: Feedback: array('i', [0, 1, 1, 2, 3])
[INFO] [1733792511.801937355] [fibonacci_action_server]: Feedback: array('i', [0, 1, 1, 2, 3, 5])
[INFO] [1733792512.303377113] [fibonacci_action_server]: Feedback: array('i', [0, 1, 1, 2, 3, 5, 8])
[INFO] [1733792512.804823608] [fibonacci_action_server]: Feedback: array('i', [0, 1, 1, 2, 3, 5, 8, 13])
[INFO] [1733792513.306005769] [fibonacci_action_server]: Feedback: array('i', [0, 1, 1, 2, 3, 5, 8, 13, 21])
[INFO] [1733792513.807437932] [fibonacci_action_server]: Feedback: array('i', [0, 1, 1, 2, 3, 5, 8, 13, 21, 34])
[INFO] [1733792514.308908243] [fibonacci_action_server]: Feedback: array('i', [0, 1, 1, 2, 3, 5, 8, 13, 21, 34, 55])
[INFO] [1733792514.812293623] [fibonacci_action_server]: Executing goal...
[INFO] [1733792514.812897940] [fibonacci_action_server]: Feedback: array('i', [0, 1, 1])
[INFO] [1733792515.313891846] [fibonacci_action_server]: Feedback: array('i', [0, 1, 1, 2])
[INFO] [1733792515.815044121] [fibonacci_action_server]: Feedback: array('i', [0, 1, 1, 2, 3])
[INFO] [1733792516.316205686] [fibonacci_action_server]: Feedback: array('i', [0, 1, 1, 2, 3, 5])
[INFO] [1733792516.817394695] [fibonacci_action_server]: Feedback: array('i', [0, 1, 1, 2, 3, 5, 8])
[INFO] [1733792517.318789737] [fibonacci_action_server]: Feedback: array('i', [0, 1, 1, 2, 3, 5, 8, 13])
[INFO] [1733792517.820342734] [fibonacci_action_server]: Feedback: array('i', [0, 1, 1, 2, 3, 5, 8, 13, 21])
[INFO] [1733792518.321856255] [fibonacci_action_server]: Feedback: array('i', [0, 1, 1, 2, 3, 5, 8, 13, 21, 34])
[INFO] [1733792518.823303111] [fibonacci_action_server]: Feedback: array('i', [0, 1, 1, 2, 3, 5, 8, 13, 21, 34, 55])
[INFO] [1733792519.326680924] [fibonacci_action_server]: Executing goal...
[INFO] [1733792519.327057592] [fibonacci_action_server]: Feedback: array('i', [0, 1, 1])
[INFO] [1733792519.828400655] [fibonacci_action_server]: Feedback: array('i', [0, 1, 1, 2])
[INFO] [1733792520.329985517] [fibonacci_action_server]: Feedback: array('i', [0, 1, 1, 2, 3])
[INFO] [1733792520.831329335] [fibonacci_action_server]: Feedback: array('i', [0, 1, 1, 2, 3, 5])
[INFO] [1733792521.332649217] [fibonacci_action_server]: Feedback: array('i', [0, 1, 1, 2, 3, 5, 8])
[INFO] [1733792521.834294956] [fibonacci_action_server]: Feedback: array('i', [0, 1, 1, 2, 3, 5, 8, 13])
[INFO] [1733792522.335604784] [fibonacci_action_server]: Feedback: array('i', [0, 1, 1, 2, 3, 5, 8, 13, 21])
[INFO] [1733792522.837117731] [fibonacci_action_server]: Feedback: array('i', [0, 1, 1, 2, 3, 5, 8, 13, 21, 34])
[INFO] [1733792523.338156652] [fibonacci_action_server]: Feedback: array('i', [0, 1, 1, 2, 3, 5, 8, 13, 21, 34, 55])
[INFO] [1733792523.842045705] [fibonacci_action_server]: Executing goal...
[INFO] [1733792523.842640396] [fibonacci_action_server]: Feedback: array('i', [0, 1, 1])
[INFO] [1733792524.343846190] [fibonacci_action_server]: Feedback: array('i', [0, 1, 1, 2])
[INFO] [1733792524.845263377] [fibonacci_action_server]: Feedback: array('i', [0, 1, 1, 2, 3])
[INFO] [1733792525.346688640] [fibonacci_action_server]: Feedback: array('i', [0, 1, 1, 2, 3, 5])
[INFO] [1733792525.848334157] [fibonacci_action_server]: Feedback: array('i', [0, 1, 1, 2, 3, 5, 8])
[INFO] [1733792526.349881493] [fibonacci_action_server]: Feedback: array('i', [0, 1, 1, 2, 3, 5, 8, 13])
[INFO] [1733792526.851270311] [fibonacci_action_server]: Feedback: array('i', [0, 1, 1, 2, 3, 5, 8, 13, 21])
[INFO] [1733792527.352745540] [fibonacci_action_server]: Feedback: array('i', [0, 1, 1, 2, 3, 5, 8, 13, 21, 34])
[INFO] [1733792527.854073685] [fibonacci_action_server]: Feedback: array('i', [0, 1, 1, 2, 3, 5, 8, 13, 21, 34, 55])
[INFO] [1733792528.357656911] [fibonacci_action_server]: Executing goal...
[INFO] [1733792528.358302778] [fibonacci_action_server]: Feedback: array('i', [0, 1, 1])
[INFO] [1733792528.859555107] [fibonacci_action_server]: Feedback: array('i', [0, 1, 1, 2])
[INFO] [1733792529.360773712] [fibonacci_action_server]: Feedback: array('i', [0, 1, 1, 2, 3])
[INFO] [1733792529.861894457] [fibonacci_action_server]: Feedback: array('i', [0, 1, 1, 2, 3, 5])
[INFO] [1733792530.363460372] [fibonacci_action_server]: Feedback: array('i', [0, 1, 1, 2, 3, 5, 8])
[INFO] [1733792530.865087858] [fibonacci_action_server]: Feedback: array('i', [0, 1, 1, 2, 3, 5, 8, 13])
[INFO] [1733792531.366313948] [fibonacci_action_server]: Feedback: array('i', [0, 1, 1, 2, 3, 5, 8, 13, 21])
[INFO] [1733792531.867203704] [fibonacci_action_server]: Feedback: array('i', [0, 1, 1, 2, 3, 5, 8, 13, 21, 34])
[INFO] [1733792532.368703231] [fibonacci_action_server]: Feedback: array('i', [0, 1, 1, 2, 3, 5, 8, 13, 21, 34, 55])
[INFO] [1733792532.872398535] [fibonacci_action_server]: Executing goal...
[INFO] [1733792532.873026505] [fibonacci_action_server]: Feedback: array('i', [0, 1, 1])
[INFO] [1733792533.374286368] [fibonacci_action_server]: Feedback: array('i', [0, 1, 1, 2])
[INFO] [1733792533.875566753] [fibonacci_action_server]: Feedback: array('i', [0, 1, 1, 2, 3])
[INFO] [1733792534.377212877] [fibonacci_action_server]: Feedback: array('i', [0, 1, 1, 2, 3, 5])
[INFO] [1733792534.878814735] [fibonacci_action_server]: Feedback: array('i', [0, 1, 1, 2, 3, 5, 8])
[INFO] [1733792535.380278226] [fibonacci_action_server]: Feedback: array('i', [0, 1, 1, 2, 3, 5, 8, 13])
[INFO] [1733792535.881842973] [fibonacci_action_server]: Feedback: array('i', [0, 1, 1, 2, 3, 5, 8, 13, 21])
[INFO] [1733792536.383278100] [fibonacci_action_server]: Feedback: array('i', [0, 1, 1, 2, 3, 5, 8, 13, 21, 34])
[INFO] [1733792536.884754180] [fibonacci_action_server]: Feedback: array('i', [0, 1, 1, 2, 3, 5, 8, 13, 21, 34, 55])
[INFO] [1733792537.387870573] [fibonacci_action_server]: Executing goal...
[INFO] [1733792537.388243927] [fibonacci_action_server]: Feedback: array('i', [0, 1, 1])
[INFO] [1733792537.889861672] [fibonacci_action_server]: Feedback: array('i', [0, 1, 1, 2])
[INFO] [1733792538.391299262] [fibonacci_action_server]: Feedback: array('i', [0, 1, 1, 2, 3])
[INFO] [1733792538.892851511] [fibonacci_action_server]: Feedback: array('i', [0, 1, 1, 2, 3, 5])
[INFO] [1733792539.394046796] [fibonacci_action_server]: Feedback: array('i', [0, 1, 1, 2, 3, 5, 8])
[INFO] [1733792539.895501047] [fibonacci_action_server]: Feedback: array('i', [0, 1, 1, 2, 3, 5, 8, 13])
[INFO] [1733792540.396758990] [fibonacci_action_server]: Feedback: array('i', [0, 1, 1, 2, 3, 5, 8, 13, 21])
[INFO] [1733792540.897907311] [fibonacci_action_server]: Feedback: array('i', [0, 1, 1, 2, 3, 5, 8, 13, 21, 34])
[INFO] [1733792541.399038445] [fibonacci_action_server]: Feedback: array('i', [0, 1, 1, 2, 3, 5, 8, 13, 21, 34, 55])
[INFO] [1733792541.901755317] [fibonacci_action_server]: Shutting down node...
RAPL is set
