[INFO] [1734023513.738898521] [minimal_client_async]: Result of add_two_ints: for 10 + 10 = 20
[INFO] [1734023514.734013221] [minimal_client_async]: Result of add_two_ints: for 10 + 10 = 20
[INFO] [1734023515.737484786] [minimal_client_async]: Result of add_two_ints: for 10 + 10 = 20
[INFO] [1734023516.740279277] [minimal_client_async]: Result of add_two_ints: for 10 + 10 = 20
[INFO] [1734023517.743757108] [minimal_client_async]: Result of add_two_ints: for 10 + 10 = 20
[INFO] [1734023524.264259826] [minimal_client_async]: Result of add_two_ints: for 10 + 10 = 20
[INFO] [1734023524.765942067] [minimal_client_async]: Result of add_two_ints: for 10 + 10 = 20
[INFO] [1734023525.267555298] [minimal_client_async]: Result of add_two_ints: for 10 + 10 = 20
[INFO] [1734023525.769007686] [minimal_client_async]: Result of add_two_ints: for 10 + 10 = 20
[INFO] [1734023526.270152261] [minimal_client_async]: Result of add_two_ints: for 10 + 10 = 20
[INFO] [1734023526.771651539] [minimal_client_async]: Result of add_two_ints: for 10 + 10 = 20
[INFO] [1734023527.273464217] [minimal_client_async]: Result of add_two_ints: for 10 + 10 = 20
[INFO] [1734023527.775191813] [minimal_client_async]: Result of add_two_ints: for 10 + 10 = 20
[INFO] [1734023528.276875680] [minimal_client_async]: Result of add_two_ints: for 10 + 10 = 20
[INFO] [1734023528.777982400] [minimal_client_async]: Result of add_two_ints: for 10 + 10 = 20
[INFO] [1734023529.279581399] [minimal_client_async]: Result of add_two_ints: for 10 + 10 = 20
[INFO] [1734023529.780688425] [minimal_client_async]: Result of add_two_ints: for 10 + 10 = 20
[INFO] [1734023667.721880869] [minimal_client_async]: Result of add_two_ints: for 10 + 10 = 20
[INFO] [1734023668.223474260] [minimal_client_async]: Result of add_two_ints: for 10 + 10 = 20
[INFO] [1734023668.725051602] [minimal_client_async]: Result of add_two_ints: for 10 + 10 = 20
[INFO] [1734023669.226744763] [minimal_client_async]: Result of add_two_ints: for 10 + 10 = 20
[INFO] [1734023669.728459064] [minimal_client_async]: Result of add_two_ints: for 10 + 10 = 20
[INFO] [1734023670.230000380] [minimal_client_async]: Result of add_two_ints: for 10 + 10 = 20
[INFO] [1734023670.731488395] [minimal_client_async]: Result of add_two_ints: for 10 + 10 = 20
[INFO] [1734023671.233161429] [minimal_client_async]: Result of add_two_ints: for 10 + 10 = 20
[INFO] [1734023671.734563117] [minimal_client_async]: Result of add_two_ints: for 10 + 10 = 20
[INFO] [1734023672.235937663] [minimal_client_async]: Result of add_two_ints: for 10 + 10 = 20
[INFO] [1734023672.737495112] [minimal_client_async]: Result of add_two_ints: for 10 + 10 = 20
[INFO] [1734023673.239199851] [minimal_client_async]: Result of add_two_ints: for 10 + 10 = 20
[INFO] [1734023673.741026954] [minimal_client_async]: Result of add_two_ints: for 10 + 10 = 20
[INFO] [1734023674.242666284] [minimal_client_async]: Result of add_two_ints: for 10 + 10 = 20
[INFO] [1734023674.744332444] [minimal_client_async]: Result of add_two_ints: for 10 + 10 = 20
[INFO] [1734023675.245703832] [minimal_client_async]: Result of add_two_ints: for 10 + 10 = 20
[INFO] [1734023675.747166571] [minimal_client_async]: Result of add_two_ints: for 10 + 10 = 20
[INFO] [1734023676.248476180] [minimal_client_async]: Result of add_two_ints: for 10 + 10 = 20
[INFO] [1734023676.749957301] [minimal_client_async]: Result of add_two_ints: for 10 + 10 = 20
[INFO] [1734023677.251508742] [minimal_client_async]: Result of add_two_ints: for 10 + 10 = 20
[INFO] [1734023677.753119559] [minimal_client_async]: Result of add_two_ints: for 10 + 10 = 20
[INFO] [1734023678.254613920] [minimal_client_async]: Result of add_two_ints: for 10 + 10 = 20
[INFO] [1734023678.756309773] [minimal_client_async]: Result of add_two_ints: for 10 + 10 = 20
[INFO] [1734023679.258005223] [minimal_client_async]: Result of add_two_ints: for 10 + 10 = 20
[INFO] [1734023679.759795847] [minimal_client_async]: Result of add_two_ints: for 10 + 10 = 20
[INFO] [1734023680.261721658] [minimal_client_async]: Result of add_two_ints: for 10 + 10 = 20
[INFO] [1734023680.763307816] [minimal_client_async]: Result of add_two_ints: for 10 + 10 = 20
[INFO] [1734023692.261951295] [minimal_client_async]: Timeout reached. Stopping client.
RAPL is not set
734023544.326114878] [minimal_client_async]: Result of add_two_ints: for 10 + 10 = 20
[INFO] [1734023544.827791429] [minimal_client_async]: Result of add_two_ints: for 10 + 10 = 20
[INFO] [1734023545.329140971] [minimal_client_async]: Result of add_two_ints: for 10 + 10 = 20
[INFO] [1734023545.830772089] [minimal_client_async]: Result of add_two_ints: for 10 + 10 = 20
[INFO] [1734023546.332495962] [minimal_client_async]: Result of add_two_ints: for 10 + 10 = 20
[INFO] [1734023546.833944578] [minimal_client_async]: Result of add_two_ints: for 10 + 10 = 20
[INFO] [1734023547.337010869] [minimal_client_async]: Result of add_two_ints: for 10 + 10 = 20
[INFO] [1734023547.838147123] [minimal_client_async]: Result of add_two_ints: for 10 + 10 = 20
[INFO] [1734023548.339833618] [minimal_client_async]: Result of add_two_ints: for 10 + 10 = 20
[INFO] [1734023548.841214889] [minimal_client_async]: Result of add_two_ints: for 10 + 10 = 20
[INFO] [1734023549.342801309] [minimal_client_async]: Result of add_two_ints: for 10 + 10 = 20
[INFO] [1734023549.844605254] [minimal_client_async]: Result of add_two_ints: for 10 + 10 = 20
[INFO] [1734023550.346964034] [minimal_client_async]: Result of add_two_ints: for 10 + 10 = 20
[INFO] [1734023550.848521143] [minimal_client_async]: Result of add_two_ints: for 10 + 10 = 20
[INFO] [1734023551.349626129] [minimal_client_async]: Result of add_two_ints: for 10 + 10 = 20
[INFO] [1734023551.851125209] [minimal_client_async]: Result of add_two_ints: for 10 + 10 = 20
[INFO] [1734023552.352547740] [minimal_client_async]: Result of add_two_ints: for 10 + 10 = 20
[INFO] [1734023552.853655306] [minimal_client_async]: Result of add_two_ints: for 10 + 10 = 20
[INFO] [1734023553.355383006] [minimal_client_async]: Result of add_two_ints: for 10 + 10 = 20
[INFO] [1734023553.857355078] [minimal_client_async]: Result of add_two_ints: for 10 + 10 = 20
[INFO] [1734023554.359045576] [minimal_client_async]: Result of add_two_ints: for 10 + 10 = 20
[INFO] [1734023554.860919515] [minimal_client_async]: Result of add_two_ints: for 10 + 10 = 20
[INFO] [1734023555.362569238] [minimal_client_async]: Result of add_two_ints: for 10 + 10 = 20
[INFO] [1734023555.864114574] [minimal_client_async]: Result of add_two_ints: for 10 + 10 = 20
[INFO] [1734023556.365799130] [minimal_client_async]: Result of add_two_ints: for 10 + 10 = 20
[INFO] [1734023556.867565637] [minimal_client_async]: Result of add_two_ints: for 10 + 10 = 20
[INFO] [1734023557.369262423] [minimal_client_async]: Result of add_two_ints: for 10 + 10 = 20
[INFO] [1734023557.871027030] [minimal_client_async]: Result of add_two_ints: for 10 + 10 = 20
[INFO] [1734023558.372865499] [minimal_client_async]: Result of add_two_ints: for 10 + 10 = 20
[INFO] [1734023558.874061025] [minimal_client_async]: Result of add_two_ints: for 10 + 10 = 20
[INFO] [1734023559.375792940] [minimal_client_async]: Result of add_two_ints: for 10 + 10 = 20
[INFO] [1734023559.877824670] [minimal_client_async]: Result of add_two_ints: for 10 + 10 = 20
[INFO] [1734023560.379433555] [minimal_client_async]: Result of add_two_ints: for 10 + 10 = 20
[INFO] [1734023560.880610863] [minimal_client_async]: Result of add_two_ints: for 10 + 10 = 20
[INFO] [1734023561.381906722] [minimal_client_async]: Result of add_two_ints: for 10 + 10 = 20
[INFO] [1734023561.883711766] [minimal_client_async]: Result of add_two_ints: for 10 + 10 = 20
[INFO] [1734023562.385185532] [minimal_client_async]: Result of add_two_ints: for 10 + 10 = 20
[INFO] [1734023562.886574368] [minimal_client_async]: Result of add_two_ints: for 10 + 10 = 20
[INFO] [1734023563.387972382] [minimal_client_async]: Result of add_two_ints: for 10 + 10 = 20
[INFO] [1734023563.889390698] [minimal_client_async]: Result of add_two_ints: for 10 + 10 = 20
[INFO] [1734023564.391251876] [minimal_client_async]: Result of add_two_ints: for 10 + 10 = 20
[INFO] [1734023564.892815173] [minimal_client_async]: Result of add_two_ints: for 10 + 10 = 20
[INFO] [1734023565.394522818] [minimal_client_async]: Result of add_two_ints: for 10 + 10 = 20
[INFO] [1734023565.896448007] [minimal_client_async]: Result of add_two_ints: for 10 + 10 = 20
[INFO] [1734023566.397831224] [minimal_client_async]: Result of add_two_ints: for 10 + 10 = 20
[INFO] [1734023566.899533683] [minimal_client_async]: Result of add_two_ints: for 10 + 10 = 20
[INFO] [1734023567.400860675] [minimal_client_async]: Result of add_two_ints: for 10 + 10 = 20
[INFO] [1734023567.902541898] [minimal_client_async]: Result of add_two_ints: for 10 + 10 = 20
[INFO] [1734023568.403946609] [minimal_client_async]: Result of add_two_ints: for 10 + 10 = 20
[INFO] [1734023568.905776074] [minimal_client_async]: Result of add_two_ints: for 10 + 10 = 20
[INFO] [1734023569.407299133] [minimal_client_async]: Result of add_two_ints: for 10 + 10 = 20
[INFO] [1734023569.909017997] [minimal_client_async]: Result of add_two_ints: for 10 + 10 = 20
[INFO] [1734023570.410622305] [minimal_client_async]: Result of add_two_ints: for 10 + 10 = 20
[INFO] [1734023570.912692190] [minimal_client_async]: Result of add_two_ints: for 10 + 10 = 20
[INFO] [1734023571.413878045] [minimal_client_async]: Result of add_two_ints: for 10 + 10 = 20
[INFO] [1734023571.916031105] [minimal_client_async]: Result of add_two_ints: for 10 + 10 = 20
[INFO] [1734023572.417702656] [minimal_client_async]: Result of add_two_ints: for 10 + 10 = 20
[INFO] [1734023572.919381390] [minimal_client_async]: Result of add_two_ints: for 10 + 10 = 20
[INFO] [1734023573.421100812] [minimal_client_async]: Result of add_two_ints: for 10 + 10 = 20
[INFO] [1734023573.922443821] [minimal_client_async]: Result of add_two_ints: for 10 + 10 = 20
[INFO] [1734023574.423809999] [minimal_client_async]: Result of add_two_ints: for 10 + 10 = 20
[INFO] [1734023574.925607571] [minimal_client_async]: Result of add_two_ints: for 10 + 10 = 20
[INFO] [1734023575.427208678] [minimal_client_async]: Result of add_two_ints: for 10 + 10 = 20
[INFO] [1734023575.928825837] [minimal_client_async]: Result of add_two_ints: for 10 + 10 = 20
[INFO] [1734023576.430089116] [minimal_client_async]: Result of add_two_ints: for 10 + 10 = 20
[INFO] [1734023576.931595920] [minimal_client_async]: Result of add_two_ints: for 10 + 10 = 20
[INFO] [1734023577.433358487] [minimal_client_async]: Result of add_two_ints: for 10 + 10 = 20
[INFO] [1734023577.935334518] [minimal_client_async]: Result of add_two_ints: for 10 + 10 = 20
[INFO] [1734023578.436508647] [minimal_client_async]: Result of add_two_ints: for 10 + 10 = 20
[INFO] [1734023578.938303472] [minimal_client_async]: Result of add_two_ints: for 10 + 10 = 20
[INFO] [1734023579.439996571] [minimal_client_async]: Result of add_two_ints: for 10 + 10 = 20
[INFO] [1734023579.941765230] [minimal_client_async]: Result of add_two_ints: for 10 + 10 = 20
[INFO] [1734023580.443427346] [minimal_client_async]: Result of add_two_ints: for 10 + 10 = 20
[INFO] [1734023580.945271868] [minimal_client_async]: Result of add_two_ints: for 10 + 10 = 20
[INFO] [1734023581.446909862] [minimal_client_async]: Result of add_two_ints: for 10 + 10 = 20
[INFO] [1734023581.948326622] [minimal_client_async]: Result of add_two_ints: for 10 + 10 = 20
[INFO] [1734023582.449819457] [minimal_client_async]: Result of add_two_ints: for 10 + 10 = 20
[INFO] [1734023582.951514535] [minimal_client_async]: Result of add_two_ints: for 10 + 10 = 20
[INFO] [1734023583.453201297] [minimal_client_async]: Result of add_two_ints: for 10 + 10 = 20
[INFO] [1734023583.954664519] [minimal_client_async]: Result of add_two_ints: for 10 + 10 = 20
[INFO] [1734023584.456323621] [minimal_client_async]: Result of add_two_ints: for 10 + 10 = 20
[INFO] [1734023584.957899586] [minimal_client_async]: Result of add_two_ints: for 10 + 10 = 20
[INFO] [1734023585.458987955] [minimal_client_async]: Result of add_two_ints: for 10 + 10 = 20
[INFO] [1734023585.960330618] [minimal_client_async]: Result of add_two_ints: for 10 + 10 = 20
[INFO] [1734023586.462107042] [minimal_client_async]: Result of add_two_ints: for 10 + 10 = 20
[INFO] [1734023586.963982929] [minimal_client_async]: Result of add_two_ints: for 10 + 10 = 20
[INFO] [1734023587.465713241] [minimal_client_async]: Result of add_two_ints: for 10 + 10 = 20
[INFO] [1734023587.967426958] [minimal_client_async]: Result of add_two_ints: for 10 + 10 = 20
[INFO] [1734023588.469124868] [minimal_client_async]: Result of add_two_ints: for 10 + 10 = 20
[INFO] [1734023588.970713357] [minimal_client_async]: Result of add_two_ints: for 10 + 10 = 20
[INFO] [1734023589.472347299] [minimal_client_async]: Result of add_two_ints: for 10 + 10 = 20
[INFO] [1734023589.973600739] [minimal_client_async]: Result of add_two_ints: for 10 + 10 = 20
[INFO] [1734023590.475229989] [minimal_client_async]: Result of add_two_ints: for 10 + 10 = 20
[INFO] [1734023590.976948291] [minimal_client_async]: Result of add_two_ints: for 10 + 10 = 20
[INFO] [1734023591.478491079] [minimal_client_async]: Result of add_two_ints: for 10 + 10 = 20
[INFO] [1734023591.980434239] [minimal_client_async]: Result of add_two_ints: for 10 + 10 = 20
[INFO] [1734023592.481686692] [minimal_client_async]: Result of add_two_ints: for 10 + 10 = 20
[INFO] [1734023592.983270037] [minimal_client_async]: Result of add_two_ints: for 10 + 10 = 20
[INFO] [1734023593.484832659] [minimal_client_async]: Result of add_two_ints: for 10 + 10 = 20
[INFO] [1734023593.986489182] [minimal_client_async]: Result of add_two_ints: for 10 + 10 = 20
[INFO] [1734023594.488068013] [minimal_client_async]: Result of add_two_ints: for 10 + 10 = 20
[INFO] [1734023594.989947368] [minimal_client_async]: Result of add_two_ints: for 10 + 10 = 20
[INFO] [1734023595.491645524] [minimal_client_async]: Result of add_two_ints: for 10 + 10 = 20
[INFO] [1734023595.993218671] [minimal_client_async]: Result of add_two_ints: for 10 + 10 = 20
[INFO] [1734023596.494782810] [minimal_client_async]: Result of add_two_ints: for 10 + 10 = 20
[INFO] [1734023596.996205035] [minimal_client_async]: Result of add_two_ints: for 10 + 10 = 20
[INFO] [1734023597.497784560] [minimal_client_async]: Result of add_two_ints: for 10 + 10 = 20
[INFO] [1734023597.999261703] [minimal_client_async]: Result of add_two_ints: for 10 + 10 = 20
[INFO] [1734023598.501002196] [minimal_client_async]: Result of add_two_ints: for 10 + 10 = 20
[INFO] [1734023599.002106767] [minimal_client_async]: Result of add_two_ints: for 10 + 10 = 20
[INFO] [1734023599.503833427] [minimal_client_async]: Result of add_two_ints: for 10 + 10 = 20
[INFO] [1734023600.005839150] [minimal_client_async]: Result of add_two_ints: for 10 + 10 = 20
[INFO] [1734023600.507470252] [minimal_client_async]: Result of add_two_ints: for 10 + 10 = 20
[INFO] [1734023601.008772569] [minimal_client_async]: Result of add_two_ints: for 10 + 10 = 20
[INFO] [1734023601.510436533] [minimal_client_async]: Result of add_two_ints: for 10 + 10 = 20
[INFO] [1734023602.011880247] [minimal_client_async]: Result of add_two_ints: for 10 + 10 = 20
[INFO] [1734023602.513682539] [minimal_client_async]: Result of add_two_ints: for 10 + 10 = 20
[INFO] [1734023603.015018642] [minimal_client_async]: Result of add_two_ints: for 10 + 10 = 20
[INFO] [1734023603.516554860] [minimal_client_async]: Result of add_two_ints: for 10 + 10 = 20
[INFO] [1734023604.018034900] [minimal_client_async]: Result of add_two_ints: for 10 + 10 = 20
[INFO] [1734023604.519498712] [minimal_client_async]: Result of add_two_ints: for 10 + 10 = 20
[INFO] [1734023605.021308148] [minimal_client_async]: Result of add_two_ints: for 10 + 10 = 20
[INFO] [1734023605.522854574] [minimal_client_async]: Result of add_two_ints: for 10 + 10 = 20
[INFO] [1734023606.024654921] [minimal_client_async]: Result of add_two_ints: for 10 + 10 = 20
[INFO] [1734023606.526045869] [minimal_client_async]: Result of add_two_ints: for 10 + 10 = 20
[INFO] [1734023607.027399444] [minimal_client_async]: Result of add_two_ints: for 10 + 10 = 20
[INFO] [1734023607.528864750] [minimal_client_async]: Result of add_two_ints: for 10 + 10 = 20
[INFO] [1734023608.030299163] [minimal_client_async]: Result of add_two_ints: for 10 + 10 = 20
[INFO] [1734023608.532749089] [minimal_client_async]: Result of add_two_ints: for 10 + 10 = 20
[INFO] [1734023609.033704861] [minimal_client_async]: Result of add_two_ints: for 10 + 10 = 20
[INFO] [1734023609.535328976] [minimal_client_async]: Result of add_two_ints: for 10 + 10 = 20
[INFO] [1734023610.037046179] [minimal_client_async]: Result of add_two_ints: for 10 + 10 = 20
[INFO] [1734023610.538656081] [minimal_client_async]: Result of add_two_ints: for 10 + 10 = 20
[INFO] [1734023611.040276692] [minimal_client_async]: Result of add_two_ints: for 10 + 10 = 20
[INFO] [1734023611.541725288] [minimal_client_async]: Result of add_two_ints: for 10 + 10 = 20
[INFO] [1734023612.043226285] [minimal_client_async]: Result of add_two_ints: for 10 + 10 = 20
[INFO] [1734023612.545025372] [minimal_client_async]: Result of add_two_ints: for 10 + 10 = 20
[INFO] [1734023613.046697597] [minimal_client_async]: Result of add_two_ints: for 10 + 10 = 20
[INFO] [1734023613.548107399] [minimal_client_async]: Result of add_two_ints: for 10 + 10 = 20
[INFO] [1734023614.049831714] [minimal_client_async]: Result of add_two_ints: for 10 + 10 = 20
[INFO] [1734023614.551463000] [minimal_client_async]: Result of add_two_ints: for 10 + 10 = 20
[INFO] [1734023615.053160045] [minimal_client_async]: Result of add_two_ints: for 10 + 10 = 20
[INFO] [1734023615.554727286] [minimal_client_async]: Result of add_two_ints: for 10 + 10 = 20
[INFO] [1734023616.056225599] [minimal_client_async]: Result of add_two_ints: for 10 + 10 = 20
[INFO] [1734023616.557893953] [minimal_client_async]: Result of add_two_ints: for 10 + 10 = 20
[INFO] [1734023617.059570888] [minimal_client_async]: Result of add_two_ints: for 10 + 10 = 20
[INFO] [1734023617.560981810] [minimal_client_async]: Result of add_two_ints: for 10 + 10 = 20
[INFO] [1734023618.062508599] [minimal_client_async]: Result of add_two_ints: for 10 + 10 = 20
[INFO] [1734023618.564195481] [minimal_client_async]: Result of add_two_ints: for 10 + 10 = 20
[INFO] [1734023619.065626053] [minimal_client_async]: Result of add_two_ints: for 10 + 10 = 20
[INFO] [1734023619.567371756] [minimal_client_async]: Result of add_two_ints: for 10 + 10 = 20
[INFO] [1734023620.069235525] [minimal_client_async]: Result of add_two_ints: for 10 + 10 = 20
[INFO] [1734023620.570842099] [minimal_client_async]: Result of add_two_ints: for 10 + 10 = 20
[INFO] [1734023621.072777260] [minimal_client_async]: Result of add_two_ints: for 10 + 10 = 20
[INFO] [1734023621.574101094] [minimal_client_async]: Result of add_two_ints: for 10 + 10 = 20
[INFO] [1734023622.075789463] [minimal_client_async]: Result of add_two_ints: for 10 + 10 = 20
[INFO] [1734023622.577097568] [minimal_client_async]: Result of add_two_ints: for 10 + 10 = 20
[INFO] [1734023623.078916076] [minimal_client_async]: Result of add_two_ints: for 10 + 10 = 20
[INFO] [1734023623.580760988] [minimal_client_async]: Result of add_two_ints: for 10 + 10 = 20
[INFO] [1734023624.082382867] [minimal_client_async]: Result of add_two_ints: for 10 + 10 = 20
[INFO] [1734023624.584116883] [minimal_client_async]: Result of add_two_ints: for 10 + 10 = 20
[INFO] [1734023625.085928356] [minimal_client_async]: Result of add_two_ints: for 10 + 10 = 20
[INFO] [1734023625.587600288] [minimal_client_async]: Result of add_two_ints: for 10 + 10 = 20
[INFO] [1734023626.089729319] [minimal_client_async]: Result of add_two_ints: for 10 + 10 = 20
[INFO] [1734023626.591331384] [minimal_client_async]: Result of add_two_ints: for 10 + 10 = 20
[INFO] [1734023627.092945640] [minimal_client_async]: Result of add_two_ints: for 10 + 10 = 20
[INFO] [1734023627.594050004] [minimal_client_async]: Result of add_two_ints: for 10 + 10 = 20
[INFO] [1734023628.095763843] [minimal_client_async]: Result of add_two_ints: for 10 + 10 = 20
[INFO] [1734023628.597544772] [minimal_client_async]: Result of add_two_ints: for 10 + 10 = 20
[INFO] [1734023629.099137383] [minimal_client_async]: Result of add_two_ints: for 10 + 10 = 20
[INFO] [1734023629.600333034] [minimal_client_async]: Result of add_two_ints: for 10 + 10 = 20
[INFO] [1734023630.101833384] [minimal_client_async]: Result of add_two_ints: for 10 + 10 = 20
[INFO] [1734023630.603236585] [minimal_client_async]: Result of add_two_ints: for 10 + 10 = 20
[INFO] [1734023631.105077897] [minimal_client_async]: Result of add_two_ints: for 10 + 10 = 20
[INFO] [1734023631.606025298] [minimal_client_async]: Result of add_two_ints: for 10 + 10 = 20
[INFO] [1734023632.107662337] [minimal_client_async]: Result of add_two_ints: for 10 + 10 = 20
[INFO] [1734023632.609402647] [minimal_client_async]: Result of add_two_ints: for 10 + 10 = 20
[INFO] [1734023633.111160754] [minimal_client_async]: Result of add_two_ints: for 10 + 10 = 20
[INFO] [1734023633.612961958] [minimal_client_async]: Result of add_two_ints: for 10 + 10 = 20
[INFO] [1734023634.114261044] [minimal_client_async]: Result of add_two_ints: for 10 + 10 = 20
[INFO] [1734023634.615781442] [minimal_client_async]: Result of add_two_ints: for 10 + 10 = 20
[INFO] [1734023635.117549146] [minimal_client_async]: Result of add_two_ints: for 10 + 10 = 20
[INFO] [1734023635.619160345] [minimal_client_async]: Result of add_two_ints: for 10 + 10 = 20
[INFO] [1734023636.120654574] [minimal_client_async]: Result of add_two_ints: for 10 + 10 = 20
[INFO] [1734023636.622062960] [minimal_client_async]: Result of add_two_ints: for 10 + 10 = 20
[INFO] [1734023637.123596796] [minimal_client_async]: Result of add_two_ints: for 10 + 10 = 20
[INFO] [1734023637.624995175] [minimal_client_async]: Result of add_two_ints: for 10 + 10 = 20
[INFO] [1734023638.126466495] [minimal_client_async]: Result of add_two_ints: for 10 + 10 = 20
[INFO] [1734023638.628092385] [minimal_client_async]: Result of add_two_ints: for 10 + 10 = 20
[INFO] [1734023639.131233770] [minimal_client_async]: Result of add_two_ints: for 10 + 10 = 20
[INFO] [1734023639.632825813] [minimal_client_async]: Result of add_two_ints: for 10 + 10 = 20
[INFO] [1734023640.134274020] [minimal_client_async]: Result of add_two_ints: for 10 + 10 = 20
[INFO] [1734023640.635713125] [minimal_client_async]: Result of add_two_ints: for 10 + 10 = 20
[INFO] [1734023641.137132861] [minimal_client_async]: Result of add_two_ints: for 10 + 10 = 20
[INFO] [1734023641.638504410] [minimal_client_async]: Result of add_two_ints: for 10 + 10 = 20
[INFO] [1734023642.139687603] [minimal_client_async]: Result of add_two_ints: for 10 + 10 = 20
[INFO] [1734023642.641705567] [minimal_client_async]: Result of add_two_ints: for 10 + 10 = 20
[INFO] [1734023643.143741602] [minimal_client_async]: Result of add_two_ints: for 10 + 10 = 20
[INFO] [1734023643.645415297] [minimal_client_async]: Result of add_two_ints: for 10 + 10 = 20
[INFO] [1734023644.147090855] [minimal_client_async]: Result of add_two_ints: for 10 + 10 = 20
[INFO] [1734023644.648623616] [minimal_client_async]: Result of add_two_ints: for 10 + 10 = 20
[INFO] [1734023645.150034667] [minimal_client_async]: Result of add_two_ints: for 10 + 10 = 20
[INFO] [1734023645.651703067] [minimal_client_async]: Result of add_two_ints: for 10 + 10 = 20
[INFO] [1734023646.153547472] [minimal_client_async]: Result of add_two_ints: for 10 + 10 = 20
[INFO] [1734023646.655246184] [minimal_client_async]: Result of add_two_ints: for 10 + 10 = 20
[INFO] [1734023647.157054659] [minimal_client_async]: Result of add_two_ints: for 10 + 10 = 20
[INFO] [1734023647.658043813] [minimal_client_async]: Result of add_two_ints: for 10 + 10 = 20
[INFO] [1734023648.159831944] [minimal_client_async]: Result of add_two_ints: for 10 + 10 = 20
[INFO] [1734023648.662930324] [minimal_client_async]: Result of add_two_ints: for 10 + 10 = 20
[INFO] [1734023649.163617173] [minimal_client_async]: Result of add_two_ints: for 10 + 10 = 20
[INFO] [1734023649.664983254] [minimal_client_async]: Result of add_two_ints: for 10 + 10 = 20
[INFO] [1734023650.166635168] [minimal_client_async]: Result of add_two_ints: for 10 + 10 = 20
[INFO] [1734023650.668286840] [minimal_client_async]: Result of add_two_ints: for 10 + 10 = 20
[INFO] [1734023651.169811946] [minimal_client_async]: Result of add_two_ints: for 10 + 10 = 20
[INFO] [1734023651.671182954] [minimal_client_async]: Result of add_two_ints: for 10 + 10 = 20
[INFO] [1734023652.172465562] [minimal_client_async]: Result of add_two_ints: for 10 + 10 = 20
[INFO] [1734023652.673695231] [minimal_client_async]: Result of add_two_ints: for 10 + 10 = 20
[INFO] [1734023653.175065735] [minimal_client_async]: Result of add_two_ints: for 10 + 10 = 20
[INFO] [1734023653.676690967] [minimal_client_async]: Result of add_two_ints: for 10 + 10 = 20
[INFO] [1734023654.178391538] [minimal_client_async]: Result of add_two_ints: for 10 + 10 = 20
[INFO] [1734023654.680291909] [minimal_client_async]: Result of add_two_ints: for 10 + 10 = 20
[INFO] [1734023655.181754229] [minimal_client_async]: Result of add_two_ints: for 10 + 10 = 20
[INFO] [1734023655.683419455] [minimal_client_async]: Result of add_two_ints: for 10 + 10 = 20
[INFO] [1734023656.185189892] [minimal_client_async]: Result of add_two_ints: for 10 + 10 = 20
[INFO] [1734023656.686724860] [minimal_client_async]: Result of add_two_ints: for 10 + 10 = 20
[INFO] [1734023657.188329694] [minimal_client_async]: Result of add_two_ints: for 10 + 10 = 20
[INFO] [1734023657.690207536] [minimal_client_async]: Result of add_two_ints: for 10 + 10 = 20
[INFO] [1734023658.191869923] [minimal_client_async]: Result of add_two_ints: for 10 + 10 = 20
[INFO] [1734023658.693599222] [minimal_client_async]: Result of add_two_ints: for 10 + 10 = 20
[INFO] [1734023659.195154358] [minimal_client_async]: Result of add_two_ints: for 10 + 10 = 20
[INFO] [1734023659.696716116] [minimal_client_async]: Result of add_two_ints: for 10 + 10 = 20
[INFO] [1734023660.198231604] [minimal_client_async]: Result of add_two_ints: for 10 + 10 = 20
[INFO] [1734023660.699692959] [minimal_client_async]: Result of add_two_ints: for 10 + 10 = 20
[INFO] [1734023661.201539673] [minimal_client_async]: Result of add_two_ints: for 10 + 10 = 20
[INFO] [1734023661.703109635] [minimal_client_async]: Result of add_two_ints: for 10 + 10 = 20
[INFO] [1734023662.204955892] [minimal_client_async]: Result of add_two_ints: for 10 + 10 = 20
[INFO] [1734023662.706213094] [minimal_client_async]: Result of add_two_ints: for 10 + 10 = 20
[INFO] [1734023663.207636975] [minimal_client_async]: Result of add_two_ints: for 10 + 10 = 20
[INFO] [1734023663.709238312] [minimal_client_async]: Result of add_two_ints: for 10 + 10 = 20
[INFO] [1734023664.210419940] [minimal_client_async]: Result of add_two_ints: for 10 + 10 = 20
[INFO] [1734023664.711885761] [minimal_client_async]: Result of add_two_ints: for 10 + 10 = 20
[INFO] [1734023665.213965906] [minimal_client_async]: Result of add_two_ints: for 10 + 10 = 20
[INFO] [1734023665.715497295] [minimal_client_async]: Result of add_two_ints: for 10 + 10 = 20
[INFO] [1734023666.216973256] [minimal_client_async]: Result of add_two_ints: for 10 + 10 = 20
[INFO] [1734023666.718832032] [minimal_client_async]: Result of add_two_ints: for 10 + 10 = 20
[INFO] [1734023667.220541947] [minimal_client_async]: Result of add_two_ints: for 10 + 10 = 20
[INFO] [1734023681.265147832] [minimal_client_async]: Result of add_two_ints: for 10 + 10 = 20
[INFO] [1734023681.766830679] [minimal_client_async]: Result of add_two_ints: for 10 + 10 = 20
[INFO] [1734023682.268535637] [minimal_client_async]: Result of add_two_ints: for 10 + 10 = 20
[INFO] [1734023682.770049154] [minimal_client_async]: Result of add_two_ints: for 10 + 10 = 20
[INFO] [1734023683.271668849] [minimal_client_async]: Result of add_two_ints: for 10 + 10 = 20
[INFO] [1734023683.773051254] [minimal_client_async]: Result of add_two_ints: for 10 + 10 = 20
[INFO] [1734023684.274098316] [minimal_client_async]: Result of add_two_ints: for 10 + 10 = 20
[INFO] [1734023684.775784308] [minimal_client_async]: Result of add_two_ints: for 10 + 10 = 20
[INFO] [1734023685.277545674] [minimal_client_async]: Result of add_two_ints: for 10 + 10 = 20
[INFO] [1734023685.779131212] [minimal_client_async]: Result of add_two_ints: for 10 + 10 = 20
[INFO] [1734023686.280976014] [minimal_client_async]: Result of add_two_ints: for 10 + 10 = 20
[INFO] [1734023686.782467624] [minimal_client_async]: Result of add_two_ints: for 10 + 10 = 20
[INFO] [1734023687.283804247] [minimal_client_async]: Result of add_two_ints: for 10 + 10 = 20
[INFO] [1734023687.785242677] [minimal_client_async]: Result of add_two_ints: for 10 + 10 = 20
[INFO] [1734023688.286795817] [minimal_client_async]: Result of add_two_ints: for 10 + 10 = 20
[INFO] [1734023688.788623258] [minimal_client_async]: Result of add_two_ints: for 10 + 10 = 20
[INFO] [1734023689.290347634] [minimal_client_async]: Result of add_two_ints: for 10 + 10 = 20
[INFO] [1734023689.792368939] [minimal_client_async]: Result of add_two_ints: for 10 + 10 = 20
[INFO] [1734023690.294028155] [minimal_client_async]: Result of add_two_ints: for 10 + 10 = 20
[INFO] [1734023690.795761418] [minimal_client_async]: Result of add_two_ints: for 10 + 10 = 20
[INFO] [1734023691.297621141] [minimal_client_async]: Result of add_two_ints: for 10 + 10 = 20
[INFO] [1734023691.799050650] [minimal_client_async]: Result of add_two_ints: for 10 + 10 = 20
[INFO] [1734023692.219794369] [minimal_client_async]: Timeout reached. Stopping client.
RAPL is set
