[INFO] [1733645987.301930094] [fibonacci_action_client]: Sending goal with order 10
[INFO] [1733645987.303453224] [fibonacci_action_client]: Goal accepted, waiting for result.
[INFO] [1733645987.314878520] [fibonacci_action_client]: Received feedback: array('i', [0, 1, 1])
[INFO] [1733645987.565915610] [fibonacci_action_client]: Received feedback: array('i', [0, 1, 1, 2])
[INFO] [1733645987.817316864] [fibonacci_action_client]: Received feedback: array('i', [0, 1, 1, 2, 3])
[INFO] [1733645988.068834226] [fibonacci_action_client]: Received feedback: array('i', [0, 1, 1, 2, 3, 5])
[INFO] [1733645988.320080792] [fibonacci_action_client]: Received feedback: array('i', [0, 1, 1, 2, 3, 5, 8])
[INFO] [1733645988.571264789] [fibonacci_action_client]: Received feedback: array('i', [0, 1, 1, 2, 3, 5, 8, 13])
[INFO] [1733645988.822299811] [fibonacci_action_client]: Received feedback: array('i', [0, 1, 1, 2, 3, 5, 8, 13, 21])
[INFO] [1733645989.073330729] [fibonacci_action_client]: Received feedback: array('i', [0, 1, 1, 2, 3, 5, 8, 13, 21, 34])
[INFO] [1733645989.324315156] [fibonacci_action_client]: Received feedback: array('i', [0, 1, 1, 2, 3, 5, 8, 13, 21, 34, 55])
[INFO] [1733645989.576051537] [fibonacci_action_client]: Result: array('i', [0, 1, 1, 2, 3, 5, 8, 13, 21, 34, 55])
[INFO] [1733645989.827022349] [fibonacci_action_client]: Sending goal with order 10
[INFO] [1733645989.828526168] [fibonacci_action_client]: Goal accepted, waiting for result.
[INFO] [1733645989.829705108] [fibonacci_action_client]: Received feedback: array('i', [0, 1, 1])
[INFO] [1733645990.080671500] [fibonacci_action_client]: Received feedback: array('i', [0, 1, 1, 2])
[INFO] [1733645990.332041854] [fibonacci_action_client]: Received feedback: array('i', [0, 1, 1, 2, 3])
[INFO] [1733645990.582846964] [fibonacci_action_client]: Received feedback: array('i', [0, 1, 1, 2, 3, 5])
[INFO] [1733645990.833933191] [fibonacci_action_client]: Received feedback: array('i', [0, 1, 1, 2, 3, 5, 8])
[INFO] [1733645991.085307471] [fibonacci_action_client]: Received feedback: array('i', [0, 1, 1, 2, 3, 5, 8, 13])
[INFO] [1733645991.336589990] [fibonacci_action_client]: Received feedback: array('i', [0, 1, 1, 2, 3, 5, 8, 13, 21])
[INFO] [1733645991.587914550] [fibonacci_action_client]: Received feedback: array('i', [0, 1, 1, 2, 3, 5, 8, 13, 21, 34])
[INFO] [1733645991.838727730] [fibonacci_action_client]: Received feedback: array('i', [0, 1, 1, 2, 3, 5, 8, 13, 21, 34, 55])
[INFO] [1733645992.089817316] [fibonacci_action_client]: Result: array('i', [0, 1, 1, 2, 3, 5, 8, 13, 21, 34, 55])
[INFO] [1733645992.340971436] [fibonacci_action_client]: Sending goal with order 10
[INFO] [1733645992.342552728] [fibonacci_action_client]: Goal accepted, waiting for result.
[INFO] [1733645992.343628245] [fibonacci_action_client]: Received feedback: array('i', [0, 1, 1])
[INFO] [1733645992.594957390] [fibonacci_action_client]: Received feedback: array('i', [0, 1, 1, 2])
[INFO] [1733645992.846163609] [fibonacci_action_client]: Received feedback: array('i', [0, 1, 1, 2, 3])
[INFO] [1733645993.097612734] [fibonacci_action_client]: Received feedback: array('i', [0, 1, 1, 2, 3, 5])
[INFO] [1733645993.348949302] [fibonacci_action_client]: Received feedback: array('i', [0, 1, 1, 2, 3, 5, 8])
[INFO] [1733645993.600224061] [fibonacci_action_client]: Received feedback: array('i', [0, 1, 1, 2, 3, 5, 8, 13])
[INFO] [1733645993.851345391] [fibonacci_action_client]: Received feedback: array('i', [0, 1, 1, 2, 3, 5, 8, 13, 21])
[INFO] [1733645994.102508127] [fibonacci_action_client]: Received feedback: array('i', [0, 1, 1, 2, 3, 5, 8, 13, 21, 34])
[INFO] [1733645994.353495477] [fibonacci_action_client]: Received feedback: array('i', [0, 1, 1, 2, 3, 5, 8, 13, 21, 34, 55])
[INFO] [1733645994.605229448] [fibonacci_action_client]: Result: array('i', [0, 1, 1, 2, 3, 5, 8, 13, 21, 34, 55])
[INFO] [1733645994.856088029] [fibonacci_action_client]: Sending goal with order 10
[INFO] [1733645994.857643511] [fibonacci_action_client]: Goal accepted, waiting for result.
[INFO] [1733645994.858767108] [fibonacci_action_client]: Received feedback: array('i', [0, 1, 1])
[INFO] [1733645995.110236111] [fibonacci_action_client]: Received feedback: array('i', [0, 1, 1, 2])
[INFO] [1733645995.361066390] [fibonacci_action_client]: Received feedback: array('i', [0, 1, 1, 2, 3])
[INFO] [1733645995.612464116] [fibonacci_action_client]: Received feedback: array('i', [0, 1, 1, 2, 3, 5])
[INFO] [1733645995.863442105] [fibonacci_action_client]: Received feedback: array('i', [0, 1, 1, 2, 3, 5, 8])
[INFO] [1733645996.114227770] [fibonacci_action_client]: Received feedback: array('i', [0, 1, 1, 2, 3, 5, 8, 13])
[INFO] [1733645996.365187030] [fibonacci_action_client]: Received feedback: array('i', [0, 1, 1, 2, 3, 5, 8, 13, 21])
[INFO] [1733645996.616224932] [fibonacci_action_client]: Received feedback: array('i', [0, 1, 1, 2, 3, 5, 8, 13, 21, 34])
[INFO] [1733645996.867295327] [fibonacci_action_client]: Received feedback: array('i', [0, 1, 1, 2, 3, 5, 8, 13, 21, 34, 55])
[INFO] [1733645997.118845394] [fibonacci_action_client]: Result: array('i', [0, 1, 1, 2, 3, 5, 8, 13, 21, 34, 55])
[INFO] [1733645997.370013036] [fibonacci_action_client]: Sending goal with order 10
[INFO] [1733645997.371608417] [fibonacci_action_client]: Goal accepted, waiting for result.
[INFO] [1733645997.372799451] [fibonacci_action_client]: Received feedback: array('i', [0, 1, 1])
[INFO] [1733645997.624215581] [fibonacci_action_client]: Received feedback: array('i', [0, 1, 1, 2])
[INFO] [1733645997.875132054] [fibonacci_action_client]: Received feedback: array('i', [0, 1, 1, 2, 3])
[INFO] [1733645998.126221760] [fibonacci_action_client]: Received feedback: array('i', [0, 1, 1, 2, 3, 5])
[INFO] [1733645998.377486696] [fibonacci_action_client]: Received feedback: array('i', [0, 1, 1, 2, 3, 5, 8])
[INFO] [1733645998.628723888] [fibonacci_action_client]: Received feedback: array('i', [0, 1, 1, 2, 3, 5, 8, 13])
[INFO] [1733645998.880074694] [fibonacci_action_client]: Received feedback: array('i', [0, 1, 1, 2, 3, 5, 8, 13, 21])
[INFO] [1733645999.131084139] [fibonacci_action_client]: Received feedback: array('i', [0, 1, 1, 2, 3, 5, 8, 13, 21, 34])
[INFO] [1733645999.382345275] [fibonacci_action_client]: Received feedback: array('i', [0, 1, 1, 2, 3, 5, 8, 13, 21, 34, 55])
[INFO] [1733645999.633981266] [fibonacci_action_client]: Result: array('i', [0, 1, 1, 2, 3, 5, 8, 13, 21, 34, 55])
[INFO] [1733645999.884766467] [fibonacci_action_client]: Sending goal with order 10
[INFO] [1733645999.886629669] [fibonacci_action_client]: Goal accepted, waiting for result.
[INFO] [1733645999.887984316] [fibonacci_action_client]: Received feedback: array('i', [0, 1, 1])
[INFO] [1733646000.139045569] [fibonacci_action_client]: Received feedback: array('i', [0, 1, 1, 2])
[INFO] [1733646000.390462134] [fibonacci_action_client]: Received feedback: array('i', [0, 1, 1, 2, 3])
[INFO] [1733646000.641145442] [fibonacci_action_client]: Received feedback: array('i', [0, 1, 1, 2, 3, 5])
[INFO] [1733646000.892385431] [fibonacci_action_client]: Received feedback: array('i', [0, 1, 1, 2, 3, 5, 8])
[INFO] [1733646001.143529315] [fibonacci_action_client]: Received feedback: array('i', [0, 1, 1, 2, 3, 5, 8, 13])
[INFO] [1733646001.394536083] [fibonacci_action_client]: Received feedback: array('i', [0, 1, 1, 2, 3, 5, 8, 13, 21])
[INFO] [1733646001.645467795] [fibonacci_action_client]: Received feedback: array('i', [0, 1, 1, 2, 3, 5, 8, 13, 21, 34])
[INFO] [1733646001.896184683] [fibonacci_action_client]: Received feedback: array('i', [0, 1, 1, 2, 3, 5, 8, 13, 21, 34, 55])
[INFO] [1733646002.147239991] [fibonacci_action_client]: Result: array('i', [0, 1, 1, 2, 3, 5, 8, 13, 21, 34, 55])
[INFO] [1733646002.398211598] [fibonacci_action_client]: Sending goal with order 10
[INFO] [1733646002.399708622] [fibonacci_action_client]: Goal accepted, waiting for result.
[INFO] [1733646002.400781788] [fibonacci_action_client]: Received feedback: array('i', [0, 1, 1])
[INFO] [1733646002.652076753] [fibonacci_action_client]: Received feedback: array('i', [0, 1, 1, 2])
[INFO] [1733646002.902967693] [fibonacci_action_client]: Received feedback: array('i', [0, 1, 1, 2, 3])
[INFO] [1733646003.153955121] [fibonacci_action_client]: Received feedback: array('i', [0, 1, 1, 2, 3, 5])
[INFO] [1733646003.405408687] [fibonacci_action_client]: Received feedback: array('i', [0, 1, 1, 2, 3, 5, 8])
[INFO] [1733646003.656691143] [fibonacci_action_client]: Received feedback: array('i', [0, 1, 1, 2, 3, 5, 8, 13])
[INFO] [1733646003.907636929] [fibonacci_action_client]: Received feedback: array('i', [0, 1, 1, 2, 3, 5, 8, 13, 21])
[INFO] [1733646004.158558262] [fibonacci_action_client]: Received feedback: array('i', [0, 1, 1, 2, 3, 5, 8, 13, 21, 34])
[INFO] [1733646004.409406023] [fibonacci_action_client]: Received feedback: array('i', [0, 1, 1, 2, 3, 5, 8, 13, 21, 34, 55])
[INFO] [1733646004.660450909] [fibonacci_action_client]: Result: array('i', [0, 1, 1, 2, 3, 5, 8, 13, 21, 34, 55])
[INFO] [1733646004.911150815] [fibonacci_action_client]: Sending goal with order 10
[INFO] [1733646004.912501668] [fibonacci_action_client]: Goal accepted, waiting for result.
[INFO] [1733646004.913618252] [fibonacci_action_client]: Received feedback: array('i', [0, 1, 1])
[INFO] [1733646005.164824766] [fibonacci_action_client]: Received feedback: array('i', [0, 1, 1, 2])
[INFO] [1733646005.415968259] [fibonacci_action_client]: Received feedback: array('i', [0, 1, 1, 2, 3])
[INFO] [1733646005.666900506] [fibonacci_action_client]: Received feedback: array('i', [0, 1, 1, 2, 3, 5])
[INFO] [1733646005.917792751] [fibonacci_action_client]: Received feedback: array('i', [0, 1, 1, 2, 3, 5, 8])
[INFO] [1733646006.168847079] [fibonacci_action_client]: Received feedback: array('i', [0, 1, 1, 2, 3, 5, 8, 13])
[INFO] [1733646006.420020189] [fibonacci_action_client]: Received feedback: array('i', [0, 1, 1, 2, 3, 5, 8, 13, 21])
[INFO] [1733646006.671200735] [fibonacci_action_client]: Received feedback: array('i', [0, 1, 1, 2, 3, 5, 8, 13, 21, 34])
[INFO] [1733646006.922321605] [fibonacci_action_client]: Received feedback: array('i', [0, 1, 1, 2, 3, 5, 8, 13, 21, 34, 55])
[INFO] [1733646007.174438682] [fibonacci_action_client]: Result: array('i', [0, 1, 1, 2, 3, 5, 8, 13, 21, 34, 55])
[INFO] [1733646007.425362609] [fibonacci_action_client]: Sending goal with order 10
[INFO] [1733646007.427261539] [fibonacci_action_client]: Goal accepted, waiting for result.
[INFO] [1733646007.428787424] [fibonacci_action_client]: Received feedback: array('i', [0, 1, 1])
[INFO] [1733646007.679870120] [fibonacci_action_client]: Received feedback: array('i', [0, 1, 1, 2])
[INFO] [1733646007.930723530] [fibonacci_action_client]: Received feedback: array('i', [0, 1, 1, 2, 3])
[INFO] [1733646008.181892618] [fibonacci_action_client]: Received feedback: array('i', [0, 1, 1, 2, 3, 5])
[INFO] [1733646008.433151267] [fibonacci_action_client]: Received feedback: array('i', [0, 1, 1, 2, 3, 5, 8])
[INFO] [1733646008.684225935] [fibonacci_action_client]: Received feedback: array('i', [0, 1, 1, 2, 3, 5, 8, 13])
[INFO] [1733646008.935245154] [fibonacci_action_client]: Received feedback: array('i', [0, 1, 1, 2, 3, 5, 8, 13, 21])
[INFO] [1733646009.186322099] [fibonacci_action_client]: Received feedback: array('i', [0, 1, 1, 2, 3, 5, 8, 13, 21, 34])
[INFO] [1733646009.437101251] [fibonacci_action_client]: Received feedback: array('i', [0, 1, 1, 2, 3, 5, 8, 13, 21, 34, 55])
[INFO] [1733646009.688787426] [fibonacci_action_client]: Result: array('i', [0, 1, 1, 2, 3, 5, 8, 13, 21, 34, 55])
[INFO] [1733646009.939783170] [fibonacci_action_client]: Sending goal with order 10
[INFO] [1733646009.941485991] [fibonacci_action_client]: Goal accepted, waiting for result.
[INFO] [1733646009.942654350] [fibonacci_action_client]: Received feedback: array('i', [0, 1, 1])
[INFO] [1733646010.193611412] [fibonacci_action_client]: Received feedback: array('i', [0, 1, 1, 2])
[INFO] [1733646010.444912498] [fibonacci_action_client]: Received feedback: array('i', [0, 1, 1, 2, 3])
[INFO] [1733646010.695842226] [fibonacci_action_client]: Received feedback: array('i', [0, 1, 1, 2, 3, 5])
[INFO] [1733646010.947275606] [fibonacci_action_client]: Received feedback: array('i', [0, 1, 1, 2, 3, 5, 8])
[INFO] [1733646011.197973780] [fibonacci_action_client]: Received feedback: array('i', [0, 1, 1, 2, 3, 5, 8, 13])
[INFO] [1733646011.449314863] [fibonacci_action_client]: Received feedback: array('i', [0, 1, 1, 2, 3, 5, 8, 13, 21])
[INFO] [1733646011.700765669] [fibonacci_action_client]: Received feedback: array('i', [0, 1, 1, 2, 3, 5, 8, 13, 21, 34])
[INFO] [1733646011.952113938] [fibonacci_action_client]: Received feedback: array('i', [0, 1, 1, 2, 3, 5, 8, 13, 21, 34, 55])
[INFO] [1733646012.203759697] [fibonacci_action_client]: Result: array('i', [0, 1, 1, 2, 3, 5, 8, 13, 21, 34, 55])
[INFO] [1733646012.454810234] [fibonacci_action_client]: Sending goal with order 10
[INFO] [1733646012.456529011] [fibonacci_action_client]: Goal accepted, waiting for result.
[INFO] [1733646012.457737345] [fibonacci_action_client]: Received feedback: array('i', [0, 1, 1])
[INFO] [1733646012.709056176] [fibonacci_action_client]: Received feedback: array('i', [0, 1, 1, 2])
[INFO] [1733646012.960128968] [fibonacci_action_client]: Received feedback: array('i', [0, 1, 1, 2, 3])
[INFO] [1733646013.211237945] [fibonacci_action_client]: Received feedback: array('i', [0, 1, 1, 2, 3, 5])
[INFO] [1733646013.462509953] [fibonacci_action_client]: Received feedback: array('i', [0, 1, 1, 2, 3, 5, 8])
[INFO] [1733646013.713484179] [fibonacci_action_client]: Received feedback: array('i', [0, 1, 1, 2, 3, 5, 8, 13])
[INFO] [1733646013.964906333] [fibonacci_action_client]: Received feedback: array('i', [0, 1, 1, 2, 3, 5, 8, 13, 21])
[INFO] [1733646014.215880465] [fibonacci_action_client]: Received feedback: array('i', [0, 1, 1, 2, 3, 5, 8, 13, 21, 34])
[INFO] [1733646014.467126236] [fibonacci_action_client]: Received feedback: array('i', [0, 1, 1, 2, 3, 5, 8, 13, 21, 34, 55])
[INFO] [1733646014.718272681] [fibonacci_action_client]: Result: array('i', [0, 1, 1, 2, 3, 5, 8, 13, 21, 34, 55])
[INFO] [1733646014.969205177] [fibonacci_action_client]: Sending goal with order 10
[INFO] [1733646014.970842450] [fibonacci_action_client]: Goal accepted, waiting for result.
[INFO] [1733646014.972085423] [fibonacci_action_client]: Received feedback: array('i', [0, 1, 1])
[INFO] [1733646015.222921039] [fibonacci_action_client]: Received feedback: array('i', [0, 1, 1, 2])
[INFO] [1733646015.473950169] [fibonacci_action_client]: Received feedback: array('i', [0, 1, 1, 2, 3])
[INFO] [1733646015.725191691] [fibonacci_action_client]: Received feedback: array('i', [0, 1, 1, 2, 3, 5])
[INFO] [1733646015.976125038] [fibonacci_action_client]: Received feedback: array('i', [0, 1, 1, 2, 3, 5, 8])
[INFO] [1733646016.227693667] [fibonacci_action_client]: Received feedback: array('i', [0, 1, 1, 2, 3, 5, 8, 13])
[INFO] [1733646016.478479234] [fibonacci_action_client]: Received feedback: array('i', [0, 1, 1, 2, 3, 5, 8, 13, 21])
[INFO] [1733646016.729414394] [fibonacci_action_client]: Received feedback: array('i', [0, 1, 1, 2, 3, 5, 8, 13, 21, 34])
[INFO] [1733646016.980432688] [fibonacci_action_client]: Received feedback: array('i', [0, 1, 1, 2, 3, 5, 8, 13, 21, 34, 55])
[INFO] [1733646017.232020182] [fibonacci_action_client]: Result: array('i', [0, 1, 1, 2, 3, 5, 8, 13, 21, 34, 55])
[INFO] [1733646017.483085793] [fibonacci_action_client]: Sending goal with order 10
[INFO] [1733646017.484819024] [fibonacci_action_client]: Goal accepted, waiting for result.
[INFO] [1733646017.486185314] [fibonacci_action_client]: Received feedback: array('i', [0, 1, 1])
[INFO] [1733646017.737503986] [fibonacci_action_client]: Received feedback: array('i', [0, 1, 1, 2])
[INFO] [1733646017.988649162] [fibonacci_action_client]: Received feedback: array('i', [0, 1, 1, 2, 3])
[INFO] [1733646018.240133622] [fibonacci_action_client]: Received feedback: array('i', [0, 1, 1, 2, 3, 5])
[INFO] [1733646018.491098654] [fibonacci_action_client]: Received feedback: array('i', [0, 1, 1, 2, 3, 5, 8])
[INFO] [1733646018.742147723] [fibonacci_action_client]: Received feedback: array('i', [0, 1, 1, 2, 3, 5, 8, 13])
[INFO] [1733646018.993395395] [fibonacci_action_client]: Received feedback: array('i', [0, 1, 1, 2, 3, 5, 8, 13, 21])
[INFO] [1733646019.244676516] [fibonacci_action_client]: Received feedback: array('i', [0, 1, 1, 2, 3, 5, 8, 13, 21, 34])
[INFO] [1733646019.495933198] [fibonacci_action_client]: Received feedback: array('i', [0, 1, 1, 2, 3, 5, 8, 13, 21, 34, 55])
[INFO] [1733646019.747361515] [fibonacci_action_client]: Result: array('i', [0, 1, 1, 2, 3, 5, 8, 13, 21, 34, 55])
[INFO] [1733646019.998302015] [fibonacci_action_client]: Sending goal with order 10
[INFO] [1733646020.000123526] [fibonacci_action_client]: Goal accepted, waiting for result.
[INFO] [1733646020.001312974] [fibonacci_action_client]: Received feedback: array('i', [0, 1, 1])
[INFO] [1733646020.252513171] [fibonacci_action_client]: Received feedback: array('i', [0, 1, 1, 2])
[INFO] [1733646020.503443586] [fibonacci_action_client]: Received feedback: array('i', [0, 1, 1, 2, 3])
[INFO] [1733646020.754549529] [fibonacci_action_client]: Received feedback: array('i', [0, 1, 1, 2, 3, 5])
[INFO] [1733646021.005630390] [fibonacci_action_client]: Received feedback: array('i', [0, 1, 1, 2, 3, 5, 8])
[INFO] [1733646021.256578516] [fibonacci_action_client]: Received feedback: array('i', [0, 1, 1, 2, 3, 5, 8, 13])
[INFO] [1733646021.507755236] [fibonacci_action_client]: Received feedback: array('i', [0, 1, 1, 2, 3, 5, 8, 13, 21])
[INFO] [1733646021.758829696] [fibonacci_action_client]: Received feedback: array('i', [0, 1, 1, 2, 3, 5, 8, 13, 21, 34])
[INFO] [1733646022.010140070] [fibonacci_action_client]: Received feedback: array('i', [0, 1, 1, 2, 3, 5, 8, 13, 21, 34, 55])
[INFO] [1733646022.261339709] [fibonacci_action_client]: Result: array('i', [0, 1, 1, 2, 3, 5, 8, 13, 21, 34, 55])
[INFO] [1733646022.512463079] [fibonacci_action_client]: Sending goal with order 10
[INFO] [1733646022.514083758] [fibonacci_action_client]: Goal accepted, waiting for result.
[INFO] [1733646022.515364382] [fibonacci_action_client]: Received feedback: array('i', [0, 1, 1])
[INFO] [1733646022.766279255] [fibonacci_action_client]: Received feedback: array('i', [0, 1, 1, 2])
[INFO] [1733646023.017492262] [fibonacci_action_client]: Received feedback: array('i', [0, 1, 1, 2, 3])
[INFO] [1733646023.269094671] [fibonacci_action_client]: Received feedback: array('i', [0, 1, 1, 2, 3, 5])
[INFO] [1733646023.520289305] [fibonacci_action_client]: Received feedback: array('i', [0, 1, 1, 2, 3, 5, 8])
[INFO] [1733646023.771455430] [fibonacci_action_client]: Received feedback: array('i', [0, 1, 1, 2, 3, 5, 8, 13])
[INFO] [1733646024.022675580] [fibonacci_action_client]: Received feedback: array('i', [0, 1, 1, 2, 3, 5, 8, 13, 21])
[INFO] [1733646024.273511478] [fibonacci_action_client]: Received feedback: array('i', [0, 1, 1, 2, 3, 5, 8, 13, 21, 34])
[INFO] [1733646024.524947015] [fibonacci_action_client]: Received feedback: array('i', [0, 1, 1, 2, 3, 5, 8, 13, 21, 34, 55])
[INFO] [1733646024.776591990] [fibonacci_action_client]: Result: array('i', [0, 1, 1, 2, 3, 5, 8, 13, 21, 34, 55])
[INFO] [1733646025.027673789] [fibonacci_action_client]: Sending goal with order 10
[INFO] [1733646025.029368951] [fibonacci_action_client]: Goal accepted, waiting for result.
[INFO] [1733646025.030722858] [fibonacci_action_client]: Received feedback: array('i', [0, 1, 1])
[INFO] [1733646025.281580831] [fibonacci_action_client]: Received feedback: array('i', [0, 1, 1, 2])
[INFO] [1733646025.533033153] [fibonacci_action_client]: Received feedback: array('i', [0, 1, 1, 2, 3])
[INFO] [1733646025.784147973] [fibonacci_action_client]: Received feedback: array('i', [0, 1, 1, 2, 3, 5])
[INFO] [1733646026.035298946] [fibonacci_action_client]: Received feedback: array('i', [0, 1, 1, 2, 3, 5, 8])
[INFO] [1733646026.286206335] [fibonacci_action_client]: Received feedback: array('i', [0, 1, 1, 2, 3, 5, 8, 13])
[INFO] [1733646026.537521577] [fibonacci_action_client]: Received feedback: array('i', [0, 1, 1, 2, 3, 5, 8, 13, 21])
[INFO] [1733646026.788810585] [fibonacci_action_client]: Received feedback: array('i', [0, 1, 1, 2, 3, 5, 8, 13, 21, 34])
[INFO] [1733646027.039735272] [fibonacci_action_client]: Received feedback: array('i', [0, 1, 1, 2, 3, 5, 8, 13, 21, 34, 55])
[INFO] [1733646027.291528821] [fibonacci_action_client]: Result: array('i', [0, 1, 1, 2, 3, 5, 8, 13, 21, 34, 55])
[INFO] [1733646027.542312611] [fibonacci_action_client]: Sending goal with order 10
[INFO] [1733646027.543907401] [fibonacci_action_client]: Goal accepted, waiting for result.
[INFO] [1733646027.545360751] [fibonacci_action_client]: Received feedback: array('i', [0, 1, 1])
[INFO] [1733646027.796439392] [fibonacci_action_client]: Received feedback: array('i', [0, 1, 1, 2])
[INFO] [1733646028.047696749] [fibonacci_action_client]: Received feedback: array('i', [0, 1, 1, 2, 3])
[INFO] [1733646028.299040077] [fibonacci_action_client]: Received feedback: array('i', [0, 1, 1, 2, 3, 5])
[INFO] [1733646028.549984945] [fibonacci_action_client]: Received feedback: array('i', [0, 1, 1, 2, 3, 5, 8])
[INFO] [1733646028.801281440] [fibonacci_action_client]: Received feedback: array('i', [0, 1, 1, 2, 3, 5, 8, 13])
[INFO] [1733646029.052772743] [fibonacci_action_client]: Received feedback: array('i', [0, 1, 1, 2, 3, 5, 8, 13, 21])
[INFO] [1733646029.304095633] [fibonacci_action_client]: Received feedback: array('i', [0, 1, 1, 2, 3, 5, 8, 13, 21, 34])
[INFO] [1733646029.555202381] [fibonacci_action_client]: Received feedback: array('i', [0, 1, 1, 2, 3, 5, 8, 13, 21, 34, 55])
[INFO] [1733646029.806374214] [fibonacci_action_client]: Result: array('i', [0, 1, 1, 2, 3, 5, 8, 13, 21, 34, 55])
[INFO] [1733646030.057274501] [fibonacci_action_client]: Sending goal with order 10
[INFO] [1733646030.058938398] [fibonacci_action_client]: Goal accepted, waiting for result.
[INFO] [1733646030.060392056] [fibonacci_action_client]: Received feedback: array('i', [0, 1, 1])
[INFO] [1733646030.311531912] [fibonacci_action_client]: Received feedback: array('i', [0, 1, 1, 2])
[INFO] [1733646030.562762994] [fibonacci_action_client]: Received feedback: array('i', [0, 1, 1, 2, 3])
[INFO] [1733646030.813515411] [fibonacci_action_client]: Received feedback: array('i', [0, 1, 1, 2, 3, 5])
[INFO] [1733646031.064896646] [fibonacci_action_client]: Received feedback: array('i', [0, 1, 1, 2, 3, 5, 8])
[INFO] [1733646031.316260614] [fibonacci_action_client]: Received feedback: array('i', [0, 1, 1, 2, 3, 5, 8, 13])
[INFO] [1733646031.567011435] [fibonacci_action_client]: Received feedback: array('i', [0, 1, 1, 2, 3, 5, 8, 13, 21])
[INFO] [1733646031.818035036] [fibonacci_action_client]: Received feedback: array('i', [0, 1, 1, 2, 3, 5, 8, 13, 21, 34])
[INFO] [1733646032.069265740] [fibonacci_action_client]: Received feedback: array('i', [0, 1, 1, 2, 3, 5, 8, 13, 21, 34, 55])
[INFO] [1733646032.321169775] [fibonacci_action_client]: Result: array('i', [0, 1, 1, 2, 3, 5, 8, 13, 21, 34, 55])
[INFO] [1733646032.572117693] [fibonacci_action_client]: Sending goal with order 10
[INFO] [1733646032.573796760] [fibonacci_action_client]: Goal accepted, waiting for result.
[INFO] [1733646032.575187070] [fibonacci_action_client]: Received feedback: array('i', [0, 1, 1])
[INFO] [1733646032.826122140] [fibonacci_action_client]: Received feedback: array('i', [0, 1, 1, 2])
[INFO] [1733646033.077383512] [fibonacci_action_client]: Received feedback: array('i', [0, 1, 1, 2, 3])
[INFO] [1733646033.328287715] [fibonacci_action_client]: Received feedback: array('i', [0, 1, 1, 2, 3, 5])
[INFO] [1733646033.579599752] [fibonacci_action_client]: Received feedback: array('i', [0, 1, 1, 2, 3, 5, 8])
[INFO] [1733646033.830442958] [fibonacci_action_client]: Received feedback: array('i', [0, 1, 1, 2, 3, 5, 8, 13])
[INFO] [1733646034.081450039] [fibonacci_action_client]: Received feedback: array('i', [0, 1, 1, 2, 3, 5, 8, 13, 21])
[INFO] [1733646034.332676031] [fibonacci_action_client]: Received feedback: array('i', [0, 1, 1, 2, 3, 5, 8, 13, 21, 34])
[INFO] [1733646034.584002944] [fibonacci_action_client]: Received feedback: array('i', [0, 1, 1, 2, 3, 5, 8, 13, 21, 34, 55])
[INFO] [1733646034.835543274] [fibonacci_action_client]: Result: array('i', [0, 1, 1, 2, 3, 5, 8, 13, 21, 34, 55])
[INFO] [1733646035.086458020] [fibonacci_action_client]: Sending goal with order 10
[INFO] [1733646035.088641444] [fibonacci_action_client]: Goal accepted, waiting for result.
[INFO] [1733646035.089308364] [fibonacci_action_client]: Received feedback: array('i', [0, 1, 1])
[INFO] [1733646035.340591154] [fibonacci_action_client]: Received feedback: array('i', [0, 1, 1, 2])
[INFO] [1733646035.591872829] [fibonacci_action_client]: Received feedback: array('i', [0, 1, 1, 2, 3])
[INFO] [1733646035.842901383] [fibonacci_action_client]: Received feedback: array('i', [0, 1, 1, 2, 3, 5])
[INFO] [1733646036.093733651] [fibonacci_action_client]: Received feedback: array('i', [0, 1, 1, 2, 3, 5, 8])
[INFO] [1733646036.345236240] [fibonacci_action_client]: Received feedback: array('i', [0, 1, 1, 2, 3, 5, 8, 13])
[INFO] [1733646036.596440170] [fibonacci_action_client]: Received feedback: array('i', [0, 1, 1, 2, 3, 5, 8, 13, 21])
[INFO] [1733646036.847560766] [fibonacci_action_client]: Received feedback: array('i', [0, 1, 1, 2, 3, 5, 8, 13, 21, 34])
[INFO] [1733646037.098609258] [fibonacci_action_client]: Received feedback: array('i', [0, 1, 1, 2, 3, 5, 8, 13, 21, 34, 55])
[INFO] [1733646037.349911267] [fibonacci_action_client]: Result: array('i', [0, 1, 1, 2, 3, 5, 8, 13, 21, 34, 55])
[INFO] [1733646037.600752183] [fibonacci_action_client]: Sending goal with order 10
[INFO] [1733646037.602219002] [fibonacci_action_client]: Goal accepted, waiting for result.
[INFO] [1733646037.603645023] [fibonacci_action_client]: Received feedback: array('i', [0, 1, 1])
[INFO] [1733646037.855151917] [fibonacci_action_client]: Received feedback: array('i', [0, 1, 1, 2])
[INFO] [1733646038.106046619] [fibonacci_action_client]: Received feedback: array('i', [0, 1, 1, 2, 3])
[INFO] [1733646038.357395257] [fibonacci_action_client]: Received feedback: array('i', [0, 1, 1, 2, 3, 5])
[INFO] [1733646038.608367837] [fibonacci_action_client]: Received feedback: array('i', [0, 1, 1, 2, 3, 5, 8])
[INFO] [1733646038.859505489] [fibonacci_action_client]: Received feedback: array('i', [0, 1, 1, 2, 3, 5, 8, 13])
[INFO] [1733646039.110361159] [fibonacci_action_client]: Received feedback: array('i', [0, 1, 1, 2, 3, 5, 8, 13, 21])
[INFO] [1733646039.361436275] [fibonacci_action_client]: Received feedback: array('i', [0, 1, 1, 2, 3, 5, 8, 13, 21, 34])
[INFO] [1733646039.612901396] [fibonacci_action_client]: Received feedback: array('i', [0, 1, 1, 2, 3, 5, 8, 13, 21, 34, 55])
[INFO] [1733646039.864644713] [fibonacci_action_client]: Result: array('i', [0, 1, 1, 2, 3, 5, 8, 13, 21, 34, 55])
[INFO] [1733646040.115883384] [fibonacci_action_client]: Sending goal with order 10
[INFO] [1733646040.117564140] [fibonacci_action_client]: Goal accepted, waiting for result.
[INFO] [1733646040.118990770] [fibonacci_action_client]: Received feedback: array('i', [0, 1, 1])
[INFO] [1733646040.369713921] [fibonacci_action_client]: Received feedback: array('i', [0, 1, 1, 2])
[INFO] [1733646040.620542224] [fibonacci_action_client]: Received feedback: array('i', [0, 1, 1, 2, 3])
[INFO] [1733646040.871534867] [fibonacci_action_client]: Received feedback: array('i', [0, 1, 1, 2, 3, 5])
[INFO] [1733646041.122745547] [fibonacci_action_client]: Received feedback: array('i', [0, 1, 1, 2, 3, 5, 8])
[INFO] [1733646041.374059083] [fibonacci_action_client]: Received feedback: array('i', [0, 1, 1, 2, 3, 5, 8, 13])
[INFO] [1733646041.625355461] [fibonacci_action_client]: Received feedback: array('i', [0, 1, 1, 2, 3, 5, 8, 13, 21])
[INFO] [1733646041.876605940] [fibonacci_action_client]: Received feedback: array('i', [0, 1, 1, 2, 3, 5, 8, 13, 21, 34])
[INFO] [1733646042.127982468] [fibonacci_action_client]: Received feedback: array('i', [0, 1, 1, 2, 3, 5, 8, 13, 21, 34, 55])
[INFO] [1733646042.379463695] [fibonacci_action_client]: Result: array('i', [0, 1, 1, 2, 3, 5, 8, 13, 21, 34, 55])
[INFO] [1733646042.630222666] [fibonacci_action_client]: Sending goal with order 10
[INFO] [1733646042.631720440] [fibonacci_action_client]: Goal accepted, waiting for result.
[INFO] [1733646042.633259575] [fibonacci_action_client]: Received feedback: array('i', [0, 1, 1])
[INFO] [1733646042.884750579] [fibonacci_action_client]: Received feedback: array('i', [0, 1, 1, 2])
[INFO] [1733646043.136090155] [fibonacci_action_client]: Received feedback: array('i', [0, 1, 1, 2, 3])
[INFO] [1733646043.387193896] [fibonacci_action_client]: Received feedback: array('i', [0, 1, 1, 2, 3, 5])
[INFO] [1733646043.638421770] [fibonacci_action_client]: Received feedback: array('i', [0, 1, 1, 2, 3, 5, 8])
[INFO] [1733646043.889211067] [fibonacci_action_client]: Received feedback: array('i', [0, 1, 1, 2, 3, 5, 8, 13])
[INFO] [1733646044.140625850] [fibonacci_action_client]: Received feedback: array('i', [0, 1, 1, 2, 3, 5, 8, 13, 21])
[INFO] [1733646044.391528773] [fibonacci_action_client]: Received feedback: array('i', [0, 1, 1, 2, 3, 5, 8, 13, 21, 34])
[INFO] [1733646044.642790714] [fibonacci_action_client]: Received feedback: array('i', [0, 1, 1, 2, 3, 5, 8, 13, 21, 34, 55])
[INFO] [1733646044.894027714] [fibonacci_action_client]: Result: array('i', [0, 1, 1, 2, 3, 5, 8, 13, 21, 34, 55])
[INFO] [1733646045.144939388] [fibonacci_action_client]: Sending goal with order 10
[INFO] [1733646045.146571552] [fibonacci_action_client]: Goal accepted, waiting for result.
[INFO] [1733646045.148174225] [fibonacci_action_client]: Received feedback: array('i', [0, 1, 1])
[INFO] [1733646045.399129797] [fibonacci_action_client]: Received feedback: array('i', [0, 1, 1, 2])
[INFO] [1733646045.650191582] [fibonacci_action_client]: Received feedback: array('i', [0, 1, 1, 2, 3])
[INFO] [1733646045.901443528] [fibonacci_action_client]: Received feedback: array('i', [0, 1, 1, 2, 3, 5])
[INFO] [1733646046.152441202] [fibonacci_action_client]: Received feedback: array('i', [0, 1, 1, 2, 3, 5, 8])
[INFO] [1733646046.403695492] [fibonacci_action_client]: Received feedback: array('i', [0, 1, 1, 2, 3, 5, 8, 13])
[INFO] [1733646046.654775019] [fibonacci_action_client]: Received feedback: array('i', [0, 1, 1, 2, 3, 5, 8, 13, 21])
[INFO] [1733646046.905925060] [fibonacci_action_client]: Received feedback: array('i', [0, 1, 1, 2, 3, 5, 8, 13, 21, 34])
[INFO] [1733646047.157272022] [fibonacci_action_client]: Received feedback: array('i', [0, 1, 1, 2, 3, 5, 8, 13, 21, 34, 55])
[INFO] [1733646047.408568767] [fibonacci_action_client]: Result: array('i', [0, 1, 1, 2, 3, 5, 8, 13, 21, 34, 55])
[INFO] [1733646047.659358428] [fibonacci_action_client]: Sending goal with order 10
[INFO] [1733646047.661915875] [fibonacci_action_client]: Goal accepted, waiting for result.
[INFO] [1733646047.663383215] [fibonacci_action_client]: Received feedback: array('i', [0, 1, 1])
[INFO] [1733646047.914232390] [fibonacci_action_client]: Received feedback: array('i', [0, 1, 1, 2])
[INFO] [1733646048.165511131] [fibonacci_action_client]: Received feedback: array('i', [0, 1, 1, 2, 3])
[INFO] [1733646048.416385340] [fibonacci_action_client]: Received feedback: array('i', [0, 1, 1, 2, 3, 5])
[INFO] [1733646048.667621975] [fibonacci_action_client]: Received feedback: array('i', [0, 1, 1, 2, 3, 5, 8])
[INFO] [1733646048.918839400] [fibonacci_action_client]: Received feedback: array('i', [0, 1, 1, 2, 3, 5, 8, 13])
[INFO] [1733646049.169995280] [fibonacci_action_client]: Received feedback: array('i', [0, 1, 1, 2, 3, 5, 8, 13, 21])
[INFO] [1733646049.421035131] [fibonacci_action_client]: Received feedback: array('i', [0, 1, 1, 2, 3, 5, 8, 13, 21, 34])
[INFO] [1733646049.671984231] [fibonacci_action_client]: Received feedback: array('i', [0, 1, 1, 2, 3, 5, 8, 13, 21, 34, 55])
[INFO] [1733646049.923691782] [fibonacci_action_client]: Result: array('i', [0, 1, 1, 2, 3, 5, 8, 13, 21, 34, 55])
[INFO] [1733646050.174459893] [fibonacci_action_client]: Sending goal with order 10
[INFO] [1733646050.175754572] [fibonacci_action_client]: Goal accepted, waiting for result.
[INFO] [1733646050.177350707] [fibonacci_action_client]: Received feedback: array('i', [0, 1, 1])
[INFO] [1733646050.428187694] [fibonacci_action_client]: Received feedback: array('i', [0, 1, 1, 2])
[INFO] [1733646050.679346996] [fibonacci_action_client]: Received feedback: array('i', [0, 1, 1, 2, 3])
[INFO] [1733646050.930373115] [fibonacci_action_client]: Received feedback: array('i', [0, 1, 1, 2, 3, 5])
[INFO] [1733646051.181163674] [fibonacci_action_client]: Received feedback: array('i', [0, 1, 1, 2, 3, 5, 8])
[INFO] [1733646051.432563061] [fibonacci_action_client]: Received feedback: array('i', [0, 1, 1, 2, 3, 5, 8, 13])
[INFO] [1733646051.683930763] [fibonacci_action_client]: Received feedback: array('i', [0, 1, 1, 2, 3, 5, 8, 13, 21])
[INFO] [1733646051.935208639] [fibonacci_action_client]: Received feedback: array('i', [0, 1, 1, 2, 3, 5, 8, 13, 21, 34])
[INFO] [1733646052.185984186] [fibonacci_action_client]: Received feedback: array('i', [0, 1, 1, 2, 3, 5, 8, 13, 21, 34, 55])
[INFO] [1733646052.437943870] [fibonacci_action_client]: Result: array('i', [0, 1, 1, 2, 3, 5, 8, 13, 21, 34, 55])
[INFO] [1733646052.688520459] [fibonacci_action_client]: Sending goal with order 10
[INFO] [1733646052.690127866] [fibonacci_action_client]: Goal accepted, waiting for result.
[INFO] [1733646052.691718560] [fibonacci_action_client]: Received feedback: array('i', [0, 1, 1])
[INFO] [1733646052.942366736] [fibonacci_action_client]: Received feedback: array('i', [0, 1, 1, 2])
[INFO] [1733646053.193528184] [fibonacci_action_client]: Received feedback: array('i', [0, 1, 1, 2, 3])
[INFO] [1733646053.444798034] [fibonacci_action_client]: Received feedback: array('i', [0, 1, 1, 2, 3, 5])
[INFO] [1733646053.695986400] [fibonacci_action_client]: Received feedback: array('i', [0, 1, 1, 2, 3, 5, 8])
[INFO] [1733646053.947127668] [fibonacci_action_client]: Received feedback: array('i', [0, 1, 1, 2, 3, 5, 8, 13])
[INFO] [1733646054.198416765] [fibonacci_action_client]: Received feedback: array('i', [0, 1, 1, 2, 3, 5, 8, 13, 21])
[INFO] [1733646054.449085580] [fibonacci_action_client]: Received feedback: array('i', [0, 1, 1, 2, 3, 5, 8, 13, 21, 34])
[INFO] [1733646054.700699060] [fibonacci_action_client]: Received feedback: array('i', [0, 1, 1, 2, 3, 5, 8, 13, 21, 34, 55])
[INFO] [1733646054.952248594] [fibonacci_action_client]: Result: array('i', [0, 1, 1, 2, 3, 5, 8, 13, 21, 34, 55])
[INFO] [1733646055.203295856] [fibonacci_action_client]: Sending goal with order 10
[INFO] [1733646055.204973639] [fibonacci_action_client]: Goal accepted, waiting for result.
[INFO] [1733646055.206561741] [fibonacci_action_client]: Received feedback: array('i', [0, 1, 1])
[INFO] [1733646055.457072305] [fibonacci_action_client]: Received feedback: array('i', [0, 1, 1, 2])
[INFO] [1733646055.708357018] [fibonacci_action_client]: Received feedback: array('i', [0, 1, 1, 2, 3])
[INFO] [1733646055.959396015] [fibonacci_action_client]: Received feedback: array('i', [0, 1, 1, 2, 3, 5])
[INFO] [1733646056.210359354] [fibonacci_action_client]: Received feedback: array('i', [0, 1, 1, 2, 3, 5, 8])
[INFO] [1733646056.461724366] [fibonacci_action_client]: Received feedback: array('i', [0, 1, 1, 2, 3, 5, 8, 13])
[INFO] [1733646056.712654883] [fibonacci_action_client]: Received feedback: array('i', [0, 1, 1, 2, 3, 5, 8, 13, 21])
[INFO] [1733646056.963630380] [fibonacci_action_client]: Received feedback: array('i', [0, 1, 1, 2, 3, 5, 8, 13, 21, 34])
[INFO] [1733646057.214592401] [fibonacci_action_client]: Received feedback: array('i', [0, 1, 1, 2, 3, 5, 8, 13, 21, 34, 55])
[INFO] [1733646057.466128297] [fibonacci_action_client]: Result: array('i', [0, 1, 1, 2, 3, 5, 8, 13, 21, 34, 55])
[INFO] [1733646057.716885056] [fibonacci_action_client]: Sending goal with order 10
[INFO] [1733646057.718566712] [fibonacci_action_client]: Goal accepted, waiting for result.
[INFO] [1733646057.720568495] [fibonacci_action_client]: Received feedback: array('i', [0, 1, 1])
[INFO] [1733646057.971145254] [fibonacci_action_client]: Received feedback: array('i', [0, 1, 1, 2])
[INFO] [1733646058.222234396] [fibonacci_action_client]: Received feedback: array('i', [0, 1, 1, 2, 3])
[INFO] [1733646058.473478173] [fibonacci_action_client]: Received feedback: array('i', [0, 1, 1, 2, 3, 5])
[INFO] [1733646058.724752438] [fibonacci_action_client]: Received feedback: array('i', [0, 1, 1, 2, 3, 5, 8])
[INFO] [1733646058.976138781] [fibonacci_action_client]: Received feedback: array('i', [0, 1, 1, 2, 3, 5, 8, 13])
[INFO] [1733646059.227219200] [fibonacci_action_client]: Received feedback: array('i', [0, 1, 1, 2, 3, 5, 8, 13, 21])
[INFO] [1733646059.478112163] [fibonacci_action_client]: Received feedback: array('i', [0, 1, 1, 2, 3, 5, 8, 13, 21, 34])
[INFO] [1733646059.729445703] [fibonacci_action_client]: Received feedback: array('i', [0, 1, 1, 2, 3, 5, 8, 13, 21, 34, 55])
[INFO] [1733646059.980875062] [fibonacci_action_client]: Result: array('i', [0, 1, 1, 2, 3, 5, 8, 13, 21, 34, 55])
[INFO] [1733646060.231704536] [fibonacci_action_client]: Sending goal with order 10
[INFO] [1733646060.233421804] [fibonacci_action_client]: Goal accepted, waiting for result.
[INFO] [1733646060.235056981] [fibonacci_action_client]: Received feedback: array('i', [0, 1, 1])
[INFO] [1733646060.485915080] [fibonacci_action_client]: Received feedback: array('i', [0, 1, 1, 2])
[INFO] [1733646060.737103839] [fibonacci_action_client]: Received feedback: array('i', [0, 1, 1, 2, 3])
[INFO] [1733646060.988316686] [fibonacci_action_client]: Received feedback: array('i', [0, 1, 1, 2, 3, 5])
[INFO] [1733646061.239171362] [fibonacci_action_client]: Received feedback: array('i', [0, 1, 1, 2, 3, 5, 8])
[INFO] [1733646061.490295710] [fibonacci_action_client]: Received feedback: array('i', [0, 1, 1, 2, 3, 5, 8, 13])
[INFO] [1733646061.741642625] [fibonacci_action_client]: Received feedback: array('i', [0, 1, 1, 2, 3, 5, 8, 13, 21])
[INFO] [1733646061.992992108] [fibonacci_action_client]: Received feedback: array('i', [0, 1, 1, 2, 3, 5, 8, 13, 21, 34])
[INFO] [1733646062.244297021] [fibonacci_action_client]: Received feedback: array('i', [0, 1, 1, 2, 3, 5, 8, 13, 21, 34, 55])
[INFO] [1733646062.496036435] [fibonacci_action_client]: Result: array('i', [0, 1, 1, 2, 3, 5, 8, 13, 21, 34, 55])
[INFO] [1733646062.747067364] [fibonacci_action_client]: Sending goal with order 10
[INFO] [1733646062.748787903] [fibonacci_action_client]: Goal accepted, waiting for result.
[INFO] [1733646062.750435882] [fibonacci_action_client]: Received feedback: array('i', [0, 1, 1])
[INFO] [1733646063.001376213] [fibonacci_action_client]: Received feedback: array('i', [0, 1, 1, 2])
[INFO] [1733646063.251990030] [fibonacci_action_client]: Received feedback: array('i', [0, 1, 1, 2, 3])
[INFO] [1733646063.503005760] [fibonacci_action_client]: Received feedback: array('i', [0, 1, 1, 2, 3, 5])
[INFO] [1733646063.754076887] [fibonacci_action_client]: Received feedback: array('i', [0, 1, 1, 2, 3, 5, 8])
[INFO] [1733646064.005170289] [fibonacci_action_client]: Received feedback: array('i', [0, 1, 1, 2, 3, 5, 8, 13])
[INFO] [1733646064.256437559] [fibonacci_action_client]: Received feedback: array('i', [0, 1, 1, 2, 3, 5, 8, 13, 21])
[INFO] [1733646064.507760903] [fibonacci_action_client]: Received feedback: array('i', [0, 1, 1, 2, 3, 5, 8, 13, 21, 34])
[INFO] [1733646064.758722615] [fibonacci_action_client]: Received feedback: array('i', [0, 1, 1, 2, 3, 5, 8, 13, 21, 34, 55])
[INFO] [1733646065.010820980] [fibonacci_action_client]: Result: array('i', [0, 1, 1, 2, 3, 5, 8, 13, 21, 34, 55])
[INFO] [1733646065.261670371] [fibonacci_action_client]: Sending goal with order 10
[INFO] [1733646065.263680991] [fibonacci_action_client]: Goal accepted, waiting for result.
[INFO] [1733646065.266075751] [fibonacci_action_client]: Received feedback: array('i', [0, 1, 1])
[INFO] [1733646065.516108459] [fibonacci_action_client]: Received feedback: array('i', [0, 1, 1, 2])
[INFO] [1733646065.767387377] [fibonacci_action_client]: Received feedback: array('i', [0, 1, 1, 2, 3])
[INFO] [1733646066.018209226] [fibonacci_action_client]: Received feedback: array('i', [0, 1, 1, 2, 3, 5])
[INFO] [1733646066.269249019] [fibonacci_action_client]: Received feedback: array('i', [0, 1, 1, 2, 3, 5, 8])
[INFO] [1733646066.520183230] [fibonacci_action_client]: Received feedback: array('i', [0, 1, 1, 2, 3, 5, 8, 13])
[INFO] [1733646066.771161182] [fibonacci_action_client]: Received feedback: array('i', [0, 1, 1, 2, 3, 5, 8, 13, 21])
[INFO] [1733646067.022082484] [fibonacci_action_client]: Received feedback: array('i', [0, 1, 1, 2, 3, 5, 8, 13, 21, 34])
[INFO] [1733646067.273038119] [fibonacci_action_client]: Received feedback: array('i', [0, 1, 1, 2, 3, 5, 8, 13, 21, 34, 55])
[INFO] [1733646067.525380121] [fibonacci_action_client]: Result: array('i', [0, 1, 1, 2, 3, 5, 8, 13, 21, 34, 55])
[INFO] [1733646067.776114915] [fibonacci_action_client]: Sending goal with order 10
[INFO] [1733646067.778203445] [fibonacci_action_client]: Goal accepted, waiting for result.
[INFO] [1733646067.780485044] [fibonacci_action_client]: Received feedback: array('i', [0, 1, 1])
[INFO] [1733646068.030776173] [fibonacci_action_client]: Received feedback: array('i', [0, 1, 1, 2])
[INFO] [1733646068.281934211] [fibonacci_action_client]: Received feedback: array('i', [0, 1, 1, 2, 3])
[INFO] [1733646068.533169143] [fibonacci_action_client]: Received feedback: array('i', [0, 1, 1, 2, 3, 5])
[INFO] [1733646068.784271462] [fibonacci_action_client]: Received feedback: array('i', [0, 1, 1, 2, 3, 5, 8])
[INFO] [1733646069.035138574] [fibonacci_action_client]: Received feedback: array('i', [0, 1, 1, 2, 3, 5, 8, 13])
[INFO] [1733646069.286112071] [fibonacci_action_client]: Received feedback: array('i', [0, 1, 1, 2, 3, 5, 8, 13, 21])
[INFO] [1733646069.537331426] [fibonacci_action_client]: Received feedback: array('i', [0, 1, 1, 2, 3, 5, 8, 13, 21, 34])
[INFO] [1733646069.788091016] [fibonacci_action_client]: Received feedback: array('i', [0, 1, 1, 2, 3, 5, 8, 13, 21, 34, 55])
[INFO] [1733646070.040384786] [fibonacci_action_client]: Result: array('i', [0, 1, 1, 2, 3, 5, 8, 13, 21, 34, 55])
[INFO] [1733646070.291174435] [fibonacci_action_client]: Sending goal with order 10
[INFO] [1733646070.293058688] [fibonacci_action_client]: Goal accepted, waiting for result.
[INFO] [1733646070.295257349] [fibonacci_action_client]: Received feedback: array('i', [0, 1, 1])
[INFO] [1733646070.545455009] [fibonacci_action_client]: Received feedback: array('i', [0, 1, 1, 2])
[INFO] [1733646070.796162592] [fibonacci_action_client]: Received feedback: array('i', [0, 1, 1, 2, 3])
[INFO] [1733646071.047035505] [fibonacci_action_client]: Received feedback: array('i', [0, 1, 1, 2, 3, 5])
[INFO] [1733646071.298296554] [fibonacci_action_client]: Received feedback: array('i', [0, 1, 1, 2, 3, 5, 8])
[INFO] [1733646071.549534660] [fibonacci_action_client]: Received feedback: array('i', [0, 1, 1, 2, 3, 5, 8, 13])
[INFO] [1733646071.800753332] [fibonacci_action_client]: Received feedback: array('i', [0, 1, 1, 2, 3, 5, 8, 13, 21])
[INFO] [1733646072.051926623] [fibonacci_action_client]: Received feedback: array('i', [0, 1, 1, 2, 3, 5, 8, 13, 21, 34])
[INFO] [1733646072.303196355] [fibonacci_action_client]: Received feedback: array('i', [0, 1, 1, 2, 3, 5, 8, 13, 21, 34, 55])
[INFO] [1733646072.554734906] [fibonacci_action_client]: Result: array('i', [0, 1, 1, 2, 3, 5, 8, 13, 21, 34, 55])
[INFO] [1733646072.805643904] [fibonacci_action_client]: Sending goal with order 10
[INFO] [1733646072.807272586] [fibonacci_action_client]: Goal accepted, waiting for result.
[INFO] [1733646072.809190067] [fibonacci_action_client]: Received feedback: array('i', [0, 1, 1])
[INFO] [1733646073.059758683] [fibonacci_action_client]: Received feedback: array('i', [0, 1, 1, 2])
[INFO] [1733646073.310888498] [fibonacci_action_client]: Received feedback: array('i', [0, 1, 1, 2, 3])
[INFO] [1733646073.562218024] [fibonacci_action_client]: Received feedback: array('i', [0, 1, 1, 2, 3, 5])
[INFO] [1733646073.813504747] [fibonacci_action_client]: Received feedback: array('i', [0, 1, 1, 2, 3, 5, 8])
[INFO] [1733646074.064782368] [fibonacci_action_client]: Received feedback: array('i', [0, 1, 1, 2, 3, 5, 8, 13])
[INFO] [1733646074.315719335] [fibonacci_action_client]: Received feedback: array('i', [0, 1, 1, 2, 3, 5, 8, 13, 21])
[INFO] [1733646074.566926534] [fibonacci_action_client]: Received feedback: array('i', [0, 1, 1, 2, 3, 5, 8, 13, 21, 34])
[INFO] [1733646074.818304120] [fibonacci_action_client]: Received feedback: array('i', [0, 1, 1, 2, 3, 5, 8, 13, 21, 34, 55])
[INFO] [1733646075.069835322] [fibonacci_action_client]: Result: array('i', [0, 1, 1, 2, 3, 5, 8, 13, 21, 34, 55])
[INFO] [1733646075.321026912] [fibonacci_action_client]: Sending goal with order 10
[INFO] [1733646075.322674113] [fibonacci_action_client]: Goal accepted, waiting for result.
[INFO] [1733646075.324698214] [fibonacci_action_client]: Received feedback: array('i', [0, 1, 1])
[INFO] [1733646075.575128224] [fibonacci_action_client]: Received feedback: array('i', [0, 1, 1, 2])
[INFO] [1733646075.826454240] [fibonacci_action_client]: Received feedback: array('i', [0, 1, 1, 2, 3])
[INFO] [1733646076.077306727] [fibonacci_action_client]: Received feedback: array('i', [0, 1, 1, 2, 3, 5])
[INFO] [1733646076.328629315] [fibonacci_action_client]: Received feedback: array('i', [0, 1, 1, 2, 3, 5, 8])
[INFO] [1733646076.579637067] [fibonacci_action_client]: Received feedback: array('i', [0, 1, 1, 2, 3, 5, 8, 13])
[INFO] [1733646076.830765881] [fibonacci_action_client]: Received feedback: array('i', [0, 1, 1, 2, 3, 5, 8, 13, 21])
[INFO] [1733646077.081844631] [fibonacci_action_client]: Received feedback: array('i', [0, 1, 1, 2, 3, 5, 8, 13, 21, 34])
[INFO] [1733646077.333171129] [fibonacci_action_client]: Received feedback: array('i', [0, 1, 1, 2, 3, 5, 8, 13, 21, 34, 55])
[INFO] [1733646077.584681062] [fibonacci_action_client]: Result: array('i', [0, 1, 1, 2, 3, 5, 8, 13, 21, 34, 55])
[INFO] [1733646077.835718591] [fibonacci_action_client]: Sending goal with order 10
[INFO] [1733646077.837472796] [fibonacci_action_client]: Goal accepted, waiting for result.
[INFO] [1733646077.839211113] [fibonacci_action_client]: Received feedback: array('i', [0, 1, 1])
[INFO] [1733646078.090293090] [fibonacci_action_client]: Received feedback: array('i', [0, 1, 1, 2])
[INFO] [1733646078.341333215] [fibonacci_action_client]: Received feedback: array('i', [0, 1, 1, 2, 3])
[INFO] [1733646078.592366296] [fibonacci_action_client]: Received feedback: array('i', [0, 1, 1, 2, 3, 5])
[INFO] [1733646078.843594860] [fibonacci_action_client]: Received feedback: array('i', [0, 1, 1, 2, 3, 5, 8])
[INFO] [1733646079.094632548] [fibonacci_action_client]: Received feedback: array('i', [0, 1, 1, 2, 3, 5, 8, 13])
[INFO] [1733646079.345855211] [fibonacci_action_client]: Received feedback: array('i', [0, 1, 1, 2, 3, 5, 8, 13, 21])
[INFO] [1733646079.597216890] [fibonacci_action_client]: Received feedback: array('i', [0, 1, 1, 2, 3, 5, 8, 13, 21, 34])
[INFO] [1733646079.848519806] [fibonacci_action_client]: Received feedback: array('i', [0, 1, 1, 2, 3, 5, 8, 13, 21, 34, 55])
[INFO] [1733646080.101223372] [fibonacci_action_client]: Result: array('i', [0, 1, 1, 2, 3, 5, 8, 13, 21, 34, 55])
[INFO] [1733646080.352391229] [fibonacci_action_client]: Sending goal with order 10
[INFO] [1733646080.354431123] [fibonacci_action_client]: Goal accepted, waiting for result.
[INFO] [1733646080.356596276] [fibonacci_action_client]: Received feedback: array('i', [0, 1, 1])
[INFO] [1733646080.607158749] [fibonacci_action_client]: Received feedback: array('i', [0, 1, 1, 2])
[INFO] [1733646080.857947335] [fibonacci_action_client]: Received feedback: array('i', [0, 1, 1, 2, 3])
[INFO] [1733646081.109306992] [fibonacci_action_client]: Received feedback: array('i', [0, 1, 1, 2, 3, 5])
[INFO] [1733646081.360171128] [fibonacci_action_client]: Received feedback: array('i', [0, 1, 1, 2, 3, 5, 8])
[INFO] [1733646081.611324583] [fibonacci_action_client]: Received feedback: array('i', [0, 1, 1, 2, 3, 5, 8, 13])
[INFO] [1733646081.862020606] [fibonacci_action_client]: Received feedback: array('i', [0, 1, 1, 2, 3, 5, 8, 13, 21])
[INFO] [1733646082.113444701] [fibonacci_action_client]: Received feedback: array('i', [0, 1, 1, 2, 3, 5, 8, 13, 21, 34])
[INFO] [1733646082.364860614] [fibonacci_action_client]: Received feedback: array('i', [0, 1, 1, 2, 3, 5, 8, 13, 21, 34, 55])
[INFO] [1733646082.617420408] [fibonacci_action_client]: Result: array('i', [0, 1, 1, 2, 3, 5, 8, 13, 21, 34, 55])
[INFO] [1733646082.868562283] [fibonacci_action_client]: Sending goal with order 10
[INFO] [1733646082.870642814] [fibonacci_action_client]: Goal accepted, waiting for result.
[INFO] [1733646082.872819087] [fibonacci_action_client]: Received feedback: array('i', [0, 1, 1])
[INFO] [1733646083.123338257] [fibonacci_action_client]: Received feedback: array('i', [0, 1, 1, 2])
[INFO] [1733646083.374400273] [fibonacci_action_client]: Received feedback: array('i', [0, 1, 1, 2, 3])
[INFO] [1733646083.625904829] [fibonacci_action_client]: Received feedback: array('i', [0, 1, 1, 2, 3, 5])
[INFO] [1733646083.877166707] [fibonacci_action_client]: Received feedback: array('i', [0, 1, 1, 2, 3, 5, 8])
[INFO] [1733646084.128650014] [fibonacci_action_client]: Received feedback: array('i', [0, 1, 1, 2, 3, 5, 8, 13])
[INFO] [1733646084.379884298] [fibonacci_action_client]: Received feedback: array('i', [0, 1, 1, 2, 3, 5, 8, 13, 21])
[INFO] [1733646084.631035870] [fibonacci_action_client]: Received feedback: array('i', [0, 1, 1, 2, 3, 5, 8, 13, 21, 34])
[INFO] [1733646084.882055002] [fibonacci_action_client]: Received feedback: array('i', [0, 1, 1, 2, 3, 5, 8, 13, 21, 34, 55])
[INFO] [1733646085.134478114] [fibonacci_action_client]: Result: array('i', [0, 1, 1, 2, 3, 5, 8, 13, 21, 34, 55])
[INFO] [1733646085.385404894] [fibonacci_action_client]: Sending goal with order 10
[INFO] [1733646085.388920802] [fibonacci_action_client]: Goal accepted, waiting for result.
[INFO] [1733646085.389677421] [fibonacci_action_client]: Received feedback: array('i', [0, 1, 1])
[INFO] [1733646085.640424504] [fibonacci_action_client]: Received feedback: array('i', [0, 1, 1, 2])
[INFO] [1733646085.891679021] [fibonacci_action_client]: Received feedback: array('i', [0, 1, 1, 2, 3])
[INFO] [1733646086.142650080] [fibonacci_action_client]: Received feedback: array('i', [0, 1, 1, 2, 3, 5])
[INFO] [1733646086.393855049] [fibonacci_action_client]: Received feedback: array('i', [0, 1, 1, 2, 3, 5, 8])
[INFO] [1733646086.644738945] [fibonacci_action_client]: Received feedback: array('i', [0, 1, 1, 2, 3, 5, 8, 13])
[INFO] [1733646086.896042374] [fibonacci_action_client]: Received feedback: array('i', [0, 1, 1, 2, 3, 5, 8, 13, 21])
[INFO] [1733646087.147090389] [fibonacci_action_client]: Received feedback: array('i', [0, 1, 1, 2, 3, 5, 8, 13, 21, 34])
[INFO] [1733646087.398200843] [fibonacci_action_client]: Received feedback: array('i', [0, 1, 1, 2, 3, 5, 8, 13, 21, 34, 55])
[INFO] [1733646087.650920676] [fibonacci_action_client]: Result: array('i', [0, 1, 1, 2, 3, 5, 8, 13, 21, 34, 55])
[INFO] [1733646087.901931318] [fibonacci_action_client]: Sending goal with order 10
[INFO] [1733646087.904136541] [fibonacci_action_client]: Goal accepted, waiting for result.
[INFO] [1733646087.906283770] [fibonacci_action_client]: Received feedback: array('i', [0, 1, 1])
[INFO] [1733646088.157060641] [fibonacci_action_client]: Received feedback: array('i', [0, 1, 1, 2])
[INFO] [1733646088.408247150] [fibonacci_action_client]: Received feedback: array('i', [0, 1, 1, 2, 3])
[INFO] [1733646088.659413404] [fibonacci_action_client]: Received feedback: array('i', [0, 1, 1, 2, 3, 5])
[INFO] [1733646088.910241284] [fibonacci_action_client]: Received feedback: array('i', [0, 1, 1, 2, 3, 5, 8])
[INFO] [1733646089.161000592] [fibonacci_action_client]: Received feedback: array('i', [0, 1, 1, 2, 3, 5, 8, 13])
[INFO] [1733646089.412504647] [fibonacci_action_client]: Received feedback: array('i', [0, 1, 1, 2, 3, 5, 8, 13, 21])
[INFO] [1733646089.664676162] [fibonacci_action_client]: Received feedback: array('i', [0, 1, 1, 2, 3, 5, 8, 13, 21, 34])
[INFO] [1733646089.916011880] [fibonacci_action_client]: Received feedback: array('i', [0, 1, 1, 2, 3, 5, 8, 13, 21, 34, 55])
[INFO] [1733646090.168516341] [fibonacci_action_client]: Result: array('i', [0, 1, 1, 2, 3, 5, 8, 13, 21, 34, 55])
[INFO] [1733646090.419718068] [fibonacci_action_client]: Sending goal with order 10
[INFO] [1733646090.423140056] [fibonacci_action_client]: Goal accepted, waiting for result.
[INFO] [1733646090.423966901] [fibonacci_action_client]: Received feedback: array('i', [0, 1, 1])
[INFO] [1733646090.674442778] [fibonacci_action_client]: Received feedback: array('i', [0, 1, 1, 2])
[INFO] [1733646090.925449671] [fibonacci_action_client]: Received feedback: array('i', [0, 1, 1, 2, 3])
[INFO] [1733646091.176452033] [fibonacci_action_client]: Received feedback: array('i', [0, 1, 1, 2, 3, 5])
[INFO] [1733646091.427456389] [fibonacci_action_client]: Received feedback: array('i', [0, 1, 1, 2, 3, 5, 8])
[INFO] [1733646091.678509971] [fibonacci_action_client]: Received feedback: array('i', [0, 1, 1, 2, 3, 5, 8, 13])
[INFO] [1733646091.929374725] [fibonacci_action_client]: Received feedback: array('i', [0, 1, 1, 2, 3, 5, 8, 13, 21])
[INFO] [1733646092.180770265] [fibonacci_action_client]: Received feedback: array('i', [0, 1, 1, 2, 3, 5, 8, 13, 21, 34])
[INFO] [1733646092.431618065] [fibonacci_action_client]: Received feedback: array('i', [0, 1, 1, 2, 3, 5, 8, 13, 21, 34, 55])
[INFO] [1733646092.683670388] [fibonacci_action_client]: Result: array('i', [0, 1, 1, 2, 3, 5, 8, 13, 21, 34, 55])
[INFO] [1733646092.934550297] [fibonacci_action_client]: Sending goal with order 10
[INFO] [1733646092.936185259] [fibonacci_action_client]: Goal accepted, waiting for result.
[INFO] [1733646092.939136758] [fibonacci_action_client]: Received feedback: array('i', [0, 1, 1])
[INFO] [1733646093.189346146] [fibonacci_action_client]: Received feedback: array('i', [0, 1, 1, 2])
[INFO] [1733646093.440667379] [fibonacci_action_client]: Received feedback: array('i', [0, 1, 1, 2, 3])
[INFO] [1733646093.691626361] [fibonacci_action_client]: Received feedback: array('i', [0, 1, 1, 2, 3, 5])
[INFO] [1733646093.942561043] [fibonacci_action_client]: Received feedback: array('i', [0, 1, 1, 2, 3, 5, 8])
[INFO] [1733646094.193479163] [fibonacci_action_client]: Received feedback: array('i', [0, 1, 1, 2, 3, 5, 8, 13])
[INFO] [1733646094.444692712] [fibonacci_action_client]: Received feedback: array('i', [0, 1, 1, 2, 3, 5, 8, 13, 21])
[INFO] [1733646094.695560013] [fibonacci_action_client]: Received feedback: array('i', [0, 1, 1, 2, 3, 5, 8, 13, 21, 34])
[INFO] [1733646094.946781032] [fibonacci_action_client]: Received feedback: array('i', [0, 1, 1, 2, 3, 5, 8, 13, 21, 34, 55])
[INFO] [1733646095.199029235] [fibonacci_action_client]: Result: array('i', [0, 1, 1, 2, 3, 5, 8, 13, 21, 34, 55])
[INFO] [1733646095.450049650] [fibonacci_action_client]: Sending goal with order 10
[INFO] [1733646095.451606426] [fibonacci_action_client]: Goal accepted, waiting for result.
[INFO] [1733646095.453730106] [fibonacci_action_client]: Received feedback: array('i', [0, 1, 1])
[INFO] [1733646095.704326574] [fibonacci_action_client]: Received feedback: array('i', [0, 1, 1, 2])
[INFO] [1733646095.955478734] [fibonacci_action_client]: Received feedback: array('i', [0, 1, 1, 2, 3])
[INFO] [1733646096.206612184] [fibonacci_action_client]: Received feedback: array('i', [0, 1, 1, 2, 3, 5])
[INFO] [1733646096.457487093] [fibonacci_action_client]: Received feedback: array('i', [0, 1, 1, 2, 3, 5, 8])
[INFO] [1733646096.708837485] [fibonacci_action_client]: Received feedback: array('i', [0, 1, 1, 2, 3, 5, 8, 13])
[INFO] [1733646096.960245171] [fibonacci_action_client]: Received feedback: array('i', [0, 1, 1, 2, 3, 5, 8, 13, 21])
[INFO] [1733646097.211039012] [fibonacci_action_client]: Received feedback: array('i', [0, 1, 1, 2, 3, 5, 8, 13, 21, 34])
[INFO] [1733646097.462273862] [fibonacci_action_client]: Received feedback: array('i', [0, 1, 1, 2, 3, 5, 8, 13, 21, 34, 55])
[INFO] [1733646097.714021504] [fibonacci_action_client]: Result: array('i', [0, 1, 1, 2, 3, 5, 8, 13, 21, 34, 55])
[INFO] [1733646097.965193753] [fibonacci_action_client]: Sending goal with order 10
[INFO] [1733646097.966750455] [fibonacci_action_client]: Goal accepted, waiting for result.
[INFO] [1733646097.968753932] [fibonacci_action_client]: Received feedback: array('i', [0, 1, 1])
[INFO] [1733646098.218969772] [fibonacci_action_client]: Received feedback: array('i', [0, 1, 1, 2])
[INFO] [1733646098.470142458] [fibonacci_action_client]: Received feedback: array('i', [0, 1, 1, 2, 3])
[INFO] [1733646098.721086652] [fibonacci_action_client]: Received feedback: array('i', [0, 1, 1, 2, 3, 5])
[INFO] [1733646098.972303678] [fibonacci_action_client]: Received feedback: array('i', [0, 1, 1, 2, 3, 5, 8])
[INFO] [1733646099.223611353] [fibonacci_action_client]: Received feedback: array('i', [0, 1, 1, 2, 3, 5, 8, 13])
[INFO] [1733646099.474858910] [fibonacci_action_client]: Received feedback: array('i', [0, 1, 1, 2, 3, 5, 8, 13, 21])
[INFO] [1733646099.726186231] [fibonacci_action_client]: Received feedback: array('i', [0, 1, 1, 2, 3, 5, 8, 13, 21, 34])
[INFO] [1733646099.977052746] [fibonacci_action_client]: Received feedback: array('i', [0, 1, 1, 2, 3, 5, 8, 13, 21, 34, 55])
[INFO] [1733646100.229281488] [fibonacci_action_client]: Result: array('i', [0, 1, 1, 2, 3, 5, 8, 13, 21, 34, 55])
[INFO] [1733646100.480098300] [fibonacci_action_client]: Sending goal with order 10
[INFO] [1733646100.481767567] [fibonacci_action_client]: Goal accepted, waiting for result.
[INFO] [1733646100.484071536] [fibonacci_action_client]: Received feedback: array('i', [0, 1, 1])
[INFO] [1733646100.733913710] [fibonacci_action_client]: Received feedback: array('i', [0, 1, 1, 2])
[INFO] [1733646100.985091854] [fibonacci_action_client]: Received feedback: array('i', [0, 1, 1, 2, 3])
[INFO] [1733646101.236320494] [fibonacci_action_client]: Received feedback: array('i', [0, 1, 1, 2, 3, 5])
[INFO] [1733646101.487511897] [fibonacci_action_client]: Received feedback: array('i', [0, 1, 1, 2, 3, 5, 8])
[INFO] [1733646101.738732606] [fibonacci_action_client]: Received feedback: array('i', [0, 1, 1, 2, 3, 5, 8, 13])
[INFO] [1733646101.989455175] [fibonacci_action_client]: Received feedback: array('i', [0, 1, 1, 2, 3, 5, 8, 13, 21])
[INFO] [1733646102.240279507] [fibonacci_action_client]: Received feedback: array('i', [0, 1, 1, 2, 3, 5, 8, 13, 21, 34])
[INFO] [1733646102.491529314] [fibonacci_action_client]: Received feedback: array('i', [0, 1, 1, 2, 3, 5, 8, 13, 21, 34, 55])
[INFO] [1733646102.743595971] [fibonacci_action_client]: Result: array('i', [0, 1, 1, 2, 3, 5, 8, 13, 21, 34, 55])
[INFO] [1733646102.994337490] [fibonacci_action_client]: Sending goal with order 10
[INFO] [1733646102.995881390] [fibonacci_action_client]: Goal accepted, waiting for result.
[INFO] [1733646102.998012616] [fibonacci_action_client]: Received feedback: array('i', [0, 1, 1])
[INFO] [1733646103.248503653] [fibonacci_action_client]: Received feedback: array('i', [0, 1, 1, 2])
[INFO] [1733646103.499552246] [fibonacci_action_client]: Received feedback: array('i', [0, 1, 1, 2, 3])
[INFO] [1733646103.750405376] [fibonacci_action_client]: Received feedback: array('i', [0, 1, 1, 2, 3, 5])
[INFO] [1733646104.000877837] [fibonacci_action_client]: Received feedback: array('i', [0, 1, 1, 2, 3, 5, 8])
[INFO] [1733646104.252213584] [fibonacci_action_client]: Received feedback: array('i', [0, 1, 1, 2, 3, 5, 8, 13])
[INFO] [1733646104.503424702] [fibonacci_action_client]: Received feedback: array('i', [0, 1, 1, 2, 3, 5, 8, 13, 21])
[INFO] [1733646104.754444087] [fibonacci_action_client]: Received feedback: array('i', [0, 1, 1, 2, 3, 5, 8, 13, 21, 34])
[INFO] [1733646105.005875130] [fibonacci_action_client]: Received feedback: array('i', [0, 1, 1, 2, 3, 5, 8, 13, 21, 34, 55])
[INFO] [1733646105.257887127] [fibonacci_action_client]: Result: array('i', [0, 1, 1, 2, 3, 5, 8, 13, 21, 34, 55])
[INFO] [1733646105.508613595] [fibonacci_action_client]: Sending goal with order 10
[INFO] [1733646105.510112293] [fibonacci_action_client]: Goal accepted, waiting for result.
[INFO] [1733646105.512227846] [fibonacci_action_client]: Received feedback: array('i', [0, 1, 1])
[INFO] [1733646105.762405865] [fibonacci_action_client]: Received feedback: array('i', [0, 1, 1, 2])
[INFO] [1733646106.013330882] [fibonacci_action_client]: Received feedback: array('i', [0, 1, 1, 2, 3])
[INFO] [1733646106.264420575] [fibonacci_action_client]: Received feedback: array('i', [0, 1, 1, 2, 3, 5])
[INFO] [1733646106.515575217] [fibonacci_action_client]: Received feedback: array('i', [0, 1, 1, 2, 3, 5, 8])
[INFO] [1733646106.766679030] [fibonacci_action_client]: Received feedback: array('i', [0, 1, 1, 2, 3, 5, 8, 13])
[INFO] [1733646107.017618698] [fibonacci_action_client]: Received feedback: array('i', [0, 1, 1, 2, 3, 5, 8, 13, 21])
[INFO] [1733646107.269010141] [fibonacci_action_client]: Received feedback: array('i', [0, 1, 1, 2, 3, 5, 8, 13, 21, 34])
[INFO] [1733646107.520272461] [fibonacci_action_client]: Received feedback: array('i', [0, 1, 1, 2, 3, 5, 8, 13, 21, 34, 55])
[INFO] [1733646107.772580007] [fibonacci_action_client]: Result: array('i', [0, 1, 1, 2, 3, 5, 8, 13, 21, 34, 55])
[INFO] [1733646108.023346580] [fibonacci_action_client]: Sending goal with order 10
[INFO] [1733646108.024940164] [fibonacci_action_client]: Goal accepted, waiting for result.
[INFO] [1733646108.027442471] [fibonacci_action_client]: Received feedback: array('i', [0, 1, 1])
[INFO] [1733646108.277463738] [fibonacci_action_client]: Received feedback: array('i', [0, 1, 1, 2])
[INFO] [1733646108.528761429] [fibonacci_action_client]: Received feedback: array('i', [0, 1, 1, 2, 3])
[INFO] [1733646108.779923820] [fibonacci_action_client]: Received feedback: array('i', [0, 1, 1, 2, 3, 5])
[INFO] [1733646109.030999575] [fibonacci_action_client]: Received feedback: array('i', [0, 1, 1, 2, 3, 5, 8])
[INFO] [1733646109.281854114] [fibonacci_action_client]: Received feedback: array('i', [0, 1, 1, 2, 3, 5, 8, 13])
[INFO] [1733646109.533139337] [fibonacci_action_client]: Received feedback: array('i', [0, 1, 1, 2, 3, 5, 8, 13, 21])
[INFO] [1733646109.783866313] [fibonacci_action_client]: Received feedback: array('i', [0, 1, 1, 2, 3, 5, 8, 13, 21, 34])
[INFO] [1733646110.035134705] [fibonacci_action_client]: Received feedback: array('i', [0, 1, 1, 2, 3, 5, 8, 13, 21, 34, 55])
[INFO] [1733646110.287308139] [fibonacci_action_client]: Result: array('i', [0, 1, 1, 2, 3, 5, 8, 13, 21, 34, 55])
[INFO] [1733646110.538334594] [fibonacci_action_client]: Sending goal with order 10
[INFO] [1733646110.540042534] [fibonacci_action_client]: Goal accepted, waiting for result.
[INFO] [1733646110.542176763] [fibonacci_action_client]: Received feedback: array('i', [0, 1, 1])
[INFO] [1733646110.792474141] [fibonacci_action_client]: Received feedback: array('i', [0, 1, 1, 2])
[INFO] [1733646111.043692388] [fibonacci_action_client]: Received feedback: array('i', [0, 1, 1, 2, 3])
[INFO] [1733646111.294978067] [fibonacci_action_client]: Received feedback: array('i', [0, 1, 1, 2, 3, 5])
[INFO] [1733646111.545824606] [fibonacci_action_client]: Received feedback: array('i', [0, 1, 1, 2, 3, 5, 8])
[INFO] [1733646111.797139285] [fibonacci_action_client]: Received feedback: array('i', [0, 1, 1, 2, 3, 5, 8, 13])
[INFO] [1733646112.048530848] [fibonacci_action_client]: Received feedback: array('i', [0, 1, 1, 2, 3, 5, 8, 13, 21])
[INFO] [1733646112.299689303] [fibonacci_action_client]: Received feedback: array('i', [0, 1, 1, 2, 3, 5, 8, 13, 21, 34])
[INFO] [1733646112.550917818] [fibonacci_action_client]: Received feedback: array('i', [0, 1, 1, 2, 3, 5, 8, 13, 21, 34, 55])
[INFO] [1733646112.803029251] [fibonacci_action_client]: Result: array('i', [0, 1, 1, 2, 3, 5, 8, 13, 21, 34, 55])
[INFO] [1733646113.054044764] [fibonacci_action_client]: Sending goal with order 10
[INFO] [1733646113.055656553] [fibonacci_action_client]: Goal accepted, waiting for result.
[INFO] [1733646113.057769067] [fibonacci_action_client]: Received feedback: array('i', [0, 1, 1])
[INFO] [1733646113.308261086] [fibonacci_action_client]: Received feedback: array('i', [0, 1, 1, 2])
[INFO] [1733646113.559298944] [fibonacci_action_client]: Received feedback: array('i', [0, 1, 1, 2, 3])
[INFO] [1733646113.810441663] [fibonacci_action_client]: Received feedback: array('i', [0, 1, 1, 2, 3, 5])
[INFO] [1733646114.061447112] [fibonacci_action_client]: Received feedback: array('i', [0, 1, 1, 2, 3, 5, 8])
[INFO] [1733646114.312815539] [fibonacci_action_client]: Received feedback: array('i', [0, 1, 1, 2, 3, 5, 8, 13])
[INFO] [1733646114.563684884] [fibonacci_action_client]: Received feedback: array('i', [0, 1, 1, 2, 3, 5, 8, 13, 21])
[INFO] [1733646114.815085337] [fibonacci_action_client]: Received feedback: array('i', [0, 1, 1, 2, 3, 5, 8, 13, 21, 34])
[INFO] [1733646115.065917594] [fibonacci_action_client]: Received feedback: array('i', [0, 1, 1, 2, 3, 5, 8, 13, 21, 34, 55])
[INFO] [1733646115.318315819] [fibonacci_action_client]: Result: array('i', [0, 1, 1, 2, 3, 5, 8, 13, 21, 34, 55])
[INFO] [1733646115.569059389] [fibonacci_action_client]: Sending goal with order 10
[INFO] [1733646115.571767217] [fibonacci_action_client]: Goal accepted, waiting for result.
[INFO] [1733646115.572561012] [fibonacci_action_client]: Received feedback: array('i', [0, 1, 1])
[INFO] [1733646115.823001982] [fibonacci_action_client]: Received feedback: array('i', [0, 1, 1, 2])
[INFO] [1733646116.074047226] [fibonacci_action_client]: Received feedback: array('i', [0, 1, 1, 2, 3])
[INFO] [1733646116.325359635] [fibonacci_action_client]: Received feedback: array('i', [0, 1, 1, 2, 3, 5])
[INFO] [1733646116.576666917] [fibonacci_action_client]: Received feedback: array('i', [0, 1, 1, 2, 3, 5, 8])
[INFO] [1733646116.827721683] [fibonacci_action_client]: Received feedback: array('i', [0, 1, 1, 2, 3, 5, 8, 13])
[INFO] [1733646117.079170824] [fibonacci_action_client]: Received feedback: array('i', [0, 1, 1, 2, 3, 5, 8, 13, 21])
[INFO] [1733646117.330186725] [fibonacci_action_client]: Received feedback: array('i', [0, 1, 1, 2, 3, 5, 8, 13, 21, 34])
[INFO] [1733646117.581368244] [fibonacci_action_client]: Received feedback: array('i', [0, 1, 1, 2, 3, 5, 8, 13, 21, 34, 55])
[INFO] [1733646117.833811325] [fibonacci_action_client]: Result: array('i', [0, 1, 1, 2, 3, 5, 8, 13, 21, 34, 55])
[INFO] [1733646118.084579775] [fibonacci_action_client]: Sending goal with order 10
[INFO] [1733646118.087303187] [fibonacci_action_client]: Goal accepted, waiting for result.
[INFO] [1733646118.088133961] [fibonacci_action_client]: Received feedback: array('i', [0, 1, 1])
[INFO] [1733646118.338486466] [fibonacci_action_client]: Received feedback: array('i', [0, 1, 1, 2])
[INFO] [1733646118.589468419] [fibonacci_action_client]: Received feedback: array('i', [0, 1, 1, 2, 3])
[INFO] [1733646118.840767536] [fibonacci_action_client]: Received feedback: array('i', [0, 1, 1, 2, 3, 5])
[INFO] [1733646119.092074227] [fibonacci_action_client]: Received feedback: array('i', [0, 1, 1, 2, 3, 5, 8])
[INFO] [1733646119.343183602] [fibonacci_action_client]: Received feedback: array('i', [0, 1, 1, 2, 3, 5, 8, 13])
[INFO] [1733646119.594305979] [fibonacci_action_client]: Received feedback: array('i', [0, 1, 1, 2, 3, 5, 8, 13, 21])
[INFO] [1733646119.845014539] [fibonacci_action_client]: Received feedback: array('i', [0, 1, 1, 2, 3, 5, 8, 13, 21, 34])
[INFO] [1733646120.096048298] [fibonacci_action_client]: Received feedback: array('i', [0, 1, 1, 2, 3, 5, 8, 13, 21, 34, 55])
[INFO] [1733646120.348151148] [fibonacci_action_client]: Result: array('i', [0, 1, 1, 2, 3, 5, 8, 13, 21, 34, 55])
[INFO] [1733646120.599248211] [fibonacci_action_client]: Sending goal with order 10
[INFO] [1733646120.602264033] [fibonacci_action_client]: Goal accepted, waiting for result.
[INFO] [1733646120.603049741] [fibonacci_action_client]: Received feedback: array('i', [0, 1, 1])
[INFO] [1733646120.853171411] [fibonacci_action_client]: Received feedback: array('i', [0, 1, 1, 2])
[INFO] [1733646121.104649130] [fibonacci_action_client]: Received feedback: array('i', [0, 1, 1, 2, 3])
[INFO] [1733646121.355953152] [fibonacci_action_client]: Received feedback: array('i', [0, 1, 1, 2, 3, 5])
[INFO] [1733646121.607008194] [fibonacci_action_client]: Received feedback: array('i', [0, 1, 1, 2, 3, 5, 8])
[INFO] [1733646121.858360667] [fibonacci_action_client]: Received feedback: array('i', [0, 1, 1, 2, 3, 5, 8, 13])
[INFO] [1733646122.109298516] [fibonacci_action_client]: Received feedback: array('i', [0, 1, 1, 2, 3, 5, 8, 13, 21])
[INFO] [1733646122.360749751] [fibonacci_action_client]: Received feedback: array('i', [0, 1, 1, 2, 3, 5, 8, 13, 21, 34])
[INFO] [1733646122.612142687] [fibonacci_action_client]: Received feedback: array('i', [0, 1, 1, 2, 3, 5, 8, 13, 21, 34, 55])
[INFO] [1733646122.864419326] [fibonacci_action_client]: Result: array('i', [0, 1, 1, 2, 3, 5, 8, 13, 21, 34, 55])
[INFO] [1733646123.115208646] [fibonacci_action_client]: Sending goal with order 10
[INFO] [1733646123.116760163] [fibonacci_action_client]: Goal accepted, waiting for result.
[INFO] [1733646123.118899338] [fibonacci_action_client]: Received feedback: array('i', [0, 1, 1])
[INFO] [1733646123.369192169] [fibonacci_action_client]: Received feedback: array('i', [0, 1, 1, 2])
[INFO] [1733646123.620643509] [fibonacci_action_client]: Received feedback: array('i', [0, 1, 1, 2, 3])
[INFO] [1733646123.872029017] [fibonacci_action_client]: Received feedback: array('i', [0, 1, 1, 2, 3, 5])
[INFO] [1733646124.122881696] [fibonacci_action_client]: Received feedback: array('i', [0, 1, 1, 2, 3, 5, 8])
[INFO] [1733646124.373851749] [fibonacci_action_client]: Received feedback: array('i', [0, 1, 1, 2, 3, 5, 8, 13])
[INFO] [1733646124.625076134] [fibonacci_action_client]: Received feedback: array('i', [0, 1, 1, 2, 3, 5, 8, 13, 21])
[INFO] [1733646124.876313209] [fibonacci_action_client]: Received feedback: array('i', [0, 1, 1, 2, 3, 5, 8, 13, 21, 34])
[INFO] [1733646125.127071370] [fibonacci_action_client]: Received feedback: array('i', [0, 1, 1, 2, 3, 5, 8, 13, 21, 34, 55])
[INFO] [1733646125.379331775] [fibonacci_action_client]: Result: array('i', [0, 1, 1, 2, 3, 5, 8, 13, 21, 34, 55])
[INFO] [1733646125.630010622] [fibonacci_action_client]: Sending goal with order 10
[INFO] [1733646125.631429766] [fibonacci_action_client]: Goal accepted, waiting for result.
[INFO] [1733646125.634010732] [fibonacci_action_client]: Received feedback: array('i', [0, 1, 1])
[INFO] [1733646125.883895031] [fibonacci_action_client]: Received feedback: array('i', [0, 1, 1, 2])
[INFO] [1733646126.134761295] [fibonacci_action_client]: Received feedback: array('i', [0, 1, 1, 2, 3])
[INFO] [1733646126.385467164] [fibonacci_action_client]: Received feedback: array('i', [0, 1, 1, 2, 3, 5])
[INFO] [1733646126.636765039] [fibonacci_action_client]: Received feedback: array('i', [0, 1, 1, 2, 3, 5, 8])
[INFO] [1733646126.887862551] [fibonacci_action_client]: Received feedback: array('i', [0, 1, 1, 2, 3, 5, 8, 13])
[INFO] [1733646127.139029070] [fibonacci_action_client]: Received feedback: array('i', [0, 1, 1, 2, 3, 5, 8, 13, 21])
[INFO] [1733646127.389767762] [fibonacci_action_client]: Received feedback: array('i', [0, 1, 1, 2, 3, 5, 8, 13, 21, 34])
[INFO] [1733646127.640677813] [fibonacci_action_client]: Received feedback: array('i', [0, 1, 1, 2, 3, 5, 8, 13, 21, 34, 55])
[INFO] [1733646127.892892039] [fibonacci_action_client]: Result: array('i', [0, 1, 1, 2, 3, 5, 8, 13, 21, 34, 55])
[INFO] [1733646128.143635396] [fibonacci_action_client]: Sending goal with order 10
[INFO] [1733646128.145046061] [fibonacci_action_client]: Goal accepted, waiting for result.
[INFO] [1733646128.147447703] [fibonacci_action_client]: Received feedback: array('i', [0, 1, 1])
[INFO] [1733646128.397273702] [fibonacci_action_client]: Received feedback: array('i', [0, 1, 1, 2])
[INFO] [1733646128.648260181] [fibonacci_action_client]: Received feedback: array('i', [0, 1, 1, 2, 3])
[INFO] [1733646128.898942678] [fibonacci_action_client]: Received feedback: array('i', [0, 1, 1, 2, 3, 5])
[INFO] [1733646129.150082389] [fibonacci_action_client]: Received feedback: array('i', [0, 1, 1, 2, 3, 5, 8])
[INFO] [1733646129.401060397] [fibonacci_action_client]: Received feedback: array('i', [0, 1, 1, 2, 3, 5, 8, 13])
[INFO] [1733646129.652388162] [fibonacci_action_client]: Received feedback: array('i', [0, 1, 1, 2, 3, 5, 8, 13, 21])
[INFO] [1733646129.903315984] [fibonacci_action_client]: Received feedback: array('i', [0, 1, 1, 2, 3, 5, 8, 13, 21, 34])
[INFO] [1733646130.154418761] [fibonacci_action_client]: Received feedback: array('i', [0, 1, 1, 2, 3, 5, 8, 13, 21, 34, 55])
[INFO] [1733646130.406195434] [fibonacci_action_client]: Result: array('i', [0, 1, 1, 2, 3, 5, 8, 13, 21, 34, 55])
[INFO] [1733646130.657285948] [fibonacci_action_client]: Sending goal with order 10
[INFO] [1733646130.658990869] [fibonacci_action_client]: Goal accepted, waiting for result.
[INFO] [1733646130.661083410] [fibonacci_action_client]: Received feedback: array('i', [0, 1, 1])
[INFO] [1733646130.911428022] [fibonacci_action_client]: Received feedback: array('i', [0, 1, 1, 2])
[INFO] [1733646131.162538352] [fibonacci_action_client]: Received feedback: array('i', [0, 1, 1, 2, 3])
[INFO] [1733646131.413322723] [fibonacci_action_client]: Received feedback: array('i', [0, 1, 1, 2, 3, 5])
[INFO] [1733646131.664372643] [fibonacci_action_client]: Received feedback: array('i', [0, 1, 1, 2, 3, 5, 8])
[INFO] [1733646131.915423471] [fibonacci_action_client]: Received feedback: array('i', [0, 1, 1, 2, 3, 5, 8, 13])
[INFO] [1733646132.166596282] [fibonacci_action_client]: Received feedback: array('i', [0, 1, 1, 2, 3, 5, 8, 13, 21])
[INFO] [1733646132.417309320] [fibonacci_action_client]: Received feedback: array('i', [0, 1, 1, 2, 3, 5, 8, 13, 21, 34])
[INFO] [1733646132.668143666] [fibonacci_action_client]: Received feedback: array('i', [0, 1, 1, 2, 3, 5, 8, 13, 21, 34, 55])
[INFO] [1733646132.921479092] [fibonacci_action_client]: Result: array('i', [0, 1, 1, 2, 3, 5, 8, 13, 21, 34, 55])
[INFO] [1733646133.172768534] [fibonacci_action_client]: Sending goal with order 10
[INFO] [1733646133.174383713] [fibonacci_action_client]: Goal accepted, waiting for result.
[INFO] [1733646133.176634046] [fibonacci_action_client]: Received feedback: array('i', [0, 1, 1])
[INFO] [1733646133.426578425] [fibonacci_action_client]: Received feedback: array('i', [0, 1, 1, 2])
[INFO] [1733646133.677475275] [fibonacci_action_client]: Received feedback: array('i', [0, 1, 1, 2, 3])
[INFO] [1733646133.928838003] [fibonacci_action_client]: Received feedback: array('i', [0, 1, 1, 2, 3, 5])
[INFO] [1733646134.179941470] [fibonacci_action_client]: Received feedback: array('i', [0, 1, 1, 2, 3, 5, 8])
[INFO] [1733646134.431246783] [fibonacci_action_client]: Received feedback: array('i', [0, 1, 1, 2, 3, 5, 8, 13])
[INFO] [1733646134.682340595] [fibonacci_action_client]: Received feedback: array('i', [0, 1, 1, 2, 3, 5, 8, 13, 21])
[INFO] [1733646134.933353798] [fibonacci_action_client]: Received feedback: array('i', [0, 1, 1, 2, 3, 5, 8, 13, 21, 34])
[INFO] [1733646135.184148907] [fibonacci_action_client]: Received feedback: array('i', [0, 1, 1, 2, 3, 5, 8, 13, 21, 34, 55])
[INFO] [1733646135.436606998] [fibonacci_action_client]: Result: array('i', [0, 1, 1, 2, 3, 5, 8, 13, 21, 34, 55])
[INFO] [1733646135.687338558] [fibonacci_action_client]: Sending goal with order 10
[INFO] [1733646135.690339669] [fibonacci_action_client]: Goal accepted, waiting for result.
[INFO] [1733646135.691355040] [fibonacci_action_client]: Received feedback: array('i', [0, 1, 1])
[INFO] [1733646135.941057940] [fibonacci_action_client]: Received feedback: array('i', [0, 1, 1, 2])
[INFO] [1733646136.192423912] [fibonacci_action_client]: Received feedback: array('i', [0, 1, 1, 2, 3])
[INFO] [1733646136.443597680] [fibonacci_action_client]: Received feedback: array('i', [0, 1, 1, 2, 3, 5])
[INFO] [1733646136.694883076] [fibonacci_action_client]: Received feedback: array('i', [0, 1, 1, 2, 3, 5, 8])
[INFO] [1733646136.945995877] [fibonacci_action_client]: Received feedback: array('i', [0, 1, 1, 2, 3, 5, 8, 13])
[INFO] [1733646137.197287765] [fibonacci_action_client]: Received feedback: array('i', [0, 1, 1, 2, 3, 5, 8, 13, 21])
[INFO] [1733646137.448832889] [fibonacci_action_client]: Received feedback: array('i', [0, 1, 1, 2, 3, 5, 8, 13, 21, 34])
[INFO] [1733646137.699674290] [fibonacci_action_client]: Received feedback: array('i', [0, 1, 1, 2, 3, 5, 8, 13, 21, 34, 55])
[INFO] [1733646137.952305592] [fibonacci_action_client]: Result: array('i', [0, 1, 1, 2, 3, 5, 8, 13, 21, 34, 55])
[INFO] [1733646138.203372039] [fibonacci_action_client]: Sending goal with order 10
[INFO] [1733646138.205147423] [fibonacci_action_client]: Goal accepted, waiting for result.
[INFO] [1733646138.207302921] [fibonacci_action_client]: Received feedback: array('i', [0, 1, 1])
[INFO] [1733646138.457473034] [fibonacci_action_client]: Received feedback: array('i', [0, 1, 1, 2])
[INFO] [1733646138.708830889] [fibonacci_action_client]: Received feedback: array('i', [0, 1, 1, 2, 3])
[INFO] [1733646138.960219181] [fibonacci_action_client]: Received feedback: array('i', [0, 1, 1, 2, 3, 5])
[INFO] [1733646139.210996774] [fibonacci_action_client]: Received feedback: array('i', [0, 1, 1, 2, 3, 5, 8])
[INFO] [1733646139.462122530] [fibonacci_action_client]: Received feedback: array('i', [0, 1, 1, 2, 3, 5, 8, 13])
[INFO] [1733646139.713262779] [fibonacci_action_client]: Received feedback: array('i', [0, 1, 1, 2, 3, 5, 8, 13, 21])
[INFO] [1733646139.964027906] [fibonacci_action_client]: Received feedback: array('i', [0, 1, 1, 2, 3, 5, 8, 13, 21, 34])
[INFO] [1733646140.215415599] [fibonacci_action_client]: Received feedback: array('i', [0, 1, 1, 2, 3, 5, 8, 13, 21, 34, 55])
[INFO] [1733646140.467718549] [fibonacci_action_client]: Result: array('i', [0, 1, 1, 2, 3, 5, 8, 13, 21, 34, 55])
[INFO] [1733646140.718567848] [fibonacci_action_client]: Sending goal with order 10
[INFO] [1733646140.721818659] [fibonacci_action_client]: Goal accepted, waiting for result.
[INFO] [1733646140.722624276] [fibonacci_action_client]: Received feedback: array('i', [0, 1, 1])
[INFO] [1733646140.972174740] [fibonacci_action_client]: Received feedback: array('i', [0, 1, 1, 2])
[INFO] [1733646141.223320779] [fibonacci_action_client]: Received feedback: array('i', [0, 1, 1, 2, 3])
[INFO] [1733646141.474724721] [fibonacci_action_client]: Received feedback: array('i', [0, 1, 1, 2, 3, 5])
[INFO] [1733646141.725524677] [fibonacci_action_client]: Received feedback: array('i', [0, 1, 1, 2, 3, 5, 8])
[INFO] [1733646141.976964032] [fibonacci_action_client]: Received feedback: array('i', [0, 1, 1, 2, 3, 5, 8, 13])
[INFO] [1733646142.228292599] [fibonacci_action_client]: Received feedback: array('i', [0, 1, 1, 2, 3, 5, 8, 13, 21])
[INFO] [1733646142.479372462] [fibonacci_action_client]: Received feedback: array('i', [0, 1, 1, 2, 3, 5, 8, 13, 21, 34])
[INFO] [1733646142.730285630] [fibonacci_action_client]: Received feedback: array('i', [0, 1, 1, 2, 3, 5, 8, 13, 21, 34, 55])
[INFO] [1733646142.982807029] [fibonacci_action_client]: Result: array('i', [0, 1, 1, 2, 3, 5, 8, 13, 21, 34, 55])
[INFO] [1733646143.233800890] [fibonacci_action_client]: Sending goal with order 10
[INFO] [1733646143.236875906] [fibonacci_action_client]: Goal accepted, waiting for result.
[INFO] [1733646143.237762496] [fibonacci_action_client]: Received feedback: array('i', [0, 1, 1])
[INFO] [1733646143.487968542] [fibonacci_action_client]: Received feedback: array('i', [0, 1, 1, 2])
[INFO] [1733646143.739151738] [fibonacci_action_client]: Received feedback: array('i', [0, 1, 1, 2, 3])
[INFO] [1733646143.990242350] [fibonacci_action_client]: Received feedback: array('i', [0, 1, 1, 2, 3, 5])
[INFO] [1733646144.241408517] [fibonacci_action_client]: Received feedback: array('i', [0, 1, 1, 2, 3, 5, 8])
[INFO] [1733646144.492693044] [fibonacci_action_client]: Received feedback: array('i', [0, 1, 1, 2, 3, 5, 8, 13])
[INFO] [1733646144.743982231] [fibonacci_action_client]: Received feedback: array('i', [0, 1, 1, 2, 3, 5, 8, 13, 21])
[INFO] [1733646144.994897384] [fibonacci_action_client]: Received feedback: array('i', [0, 1, 1, 2, 3, 5, 8, 13, 21, 34])
[INFO] [1733646145.245735792] [fibonacci_action_client]: Received feedback: array('i', [0, 1, 1, 2, 3, 5, 8, 13, 21, 34, 55])
[INFO] [1733646145.498451299] [fibonacci_action_client]: Result: array('i', [0, 1, 1, 2, 3, 5, 8, 13, 21, 34, 55])
[INFO] [1733646145.749182198] [fibonacci_action_client]: Sending goal with order 10
[INFO] [1733646145.750924431] [fibonacci_action_client]: Goal accepted, waiting for result.
[INFO] [1733646145.753833713] [fibonacci_action_client]: Received feedback: array('i', [0, 1, 1])
[INFO] [1733646146.004221437] [fibonacci_action_client]: Received feedback: array('i', [0, 1, 1, 2])
[INFO] [1733646146.254941153] [fibonacci_action_client]: Received feedback: array('i', [0, 1, 1, 2, 3])
[INFO] [1733646146.506172494] [fibonacci_action_client]: Received feedback: array('i', [0, 1, 1, 2, 3, 5])
[INFO] [1733646146.757178753] [fibonacci_action_client]: Received feedback: array('i', [0, 1, 1, 2, 3, 5, 8])
[INFO] [1733646147.008474814] [fibonacci_action_client]: Received feedback: array('i', [0, 1, 1, 2, 3, 5, 8, 13])
[INFO] [1733646147.259961583] [fibonacci_action_client]: Received feedback: array('i', [0, 1, 1, 2, 3, 5, 8, 13, 21])
[INFO] [1733646147.511110472] [fibonacci_action_client]: Received feedback: array('i', [0, 1, 1, 2, 3, 5, 8, 13, 21, 34])
[INFO] [1733646147.761885642] [fibonacci_action_client]: Received feedback: array('i', [0, 1, 1, 2, 3, 5, 8, 13, 21, 34, 55])
[INFO] [1733646148.014499138] [fibonacci_action_client]: Result: array('i', [0, 1, 1, 2, 3, 5, 8, 13, 21, 34, 55])
[INFO] [1733646148.265700901] [fibonacci_action_client]: Sending goal with order 10
[INFO] [1733646148.268771053] [fibonacci_action_client]: Goal accepted, waiting for result.
[INFO] [1733646148.269589309] [fibonacci_action_client]: Received feedback: array('i', [0, 1, 1])
[INFO] [1733646148.519565723] [fibonacci_action_client]: Received feedback: array('i', [0, 1, 1, 2])
[INFO] [1733646148.770633761] [fibonacci_action_client]: Received feedback: array('i', [0, 1, 1, 2, 3])
[INFO] [1733646149.021676558] [fibonacci_action_client]: Received feedback: array('i', [0, 1, 1, 2, 3, 5])
[INFO] [1733646149.272968429] [fibonacci_action_client]: Received feedback: array('i', [0, 1, 1, 2, 3, 5, 8])
[INFO] [1733646149.524262116] [fibonacci_action_client]: Received feedback: array('i', [0, 1, 1, 2, 3, 5, 8, 13])
[INFO] [1733646149.775442226] [fibonacci_action_client]: Received feedback: array('i', [0, 1, 1, 2, 3, 5, 8, 13, 21])
[INFO] [1733646150.026592202] [fibonacci_action_client]: Received feedback: array('i', [0, 1, 1, 2, 3, 5, 8, 13, 21, 34])
[INFO] [1733646150.277594162] [fibonacci_action_client]: Received feedback: array('i', [0, 1, 1, 2, 3, 5, 8, 13, 21, 34, 55])
[INFO] [1733646150.530129094] [fibonacci_action_client]: Result: array('i', [0, 1, 1, 2, 3, 5, 8, 13, 21, 34, 55])
[INFO] [1733646150.781600779] [fibonacci_action_client]: Sending goal with order 10
[INFO] [1733646150.784775295] [fibonacci_action_client]: Goal accepted, waiting for result.
[INFO] [1733646150.785556751] [fibonacci_action_client]: Received feedback: array('i', [0, 1, 1])
[INFO] [1733646151.035403804] [fibonacci_action_client]: Received feedback: array('i', [0, 1, 1, 2])
[INFO] [1733646151.286828131] [fibonacci_action_client]: Received feedback: array('i', [0, 1, 1, 2, 3])
[INFO] [1733646151.537618576] [fibonacci_action_client]: Received feedback: array('i', [0, 1, 1, 2, 3, 5])
[INFO] [1733646151.788947645] [fibonacci_action_client]: Received feedback: array('i', [0, 1, 1, 2, 3, 5, 8])
[INFO] [1733646152.040049009] [fibonacci_action_client]: Received feedback: array('i', [0, 1, 1, 2, 3, 5, 8, 13])
[INFO] [1733646152.291231261] [fibonacci_action_client]: Received feedback: array('i', [0, 1, 1, 2, 3, 5, 8, 13, 21])
[INFO] [1733646152.542507740] [fibonacci_action_client]: Received feedback: array('i', [0, 1, 1, 2, 3, 5, 8, 13, 21, 34])
[INFO] [1733646152.793264521] [fibonacci_action_client]: Received feedback: array('i', [0, 1, 1, 2, 3, 5, 8, 13, 21, 34, 55])
[INFO] [1733646153.046007083] [fibonacci_action_client]: Result: array('i', [0, 1, 1, 2, 3, 5, 8, 13, 21, 34, 55])
[INFO] [1733646153.296917770] [fibonacci_action_client]: Sending goal with order 10
[INFO] [1733646153.300136632] [fibonacci_action_client]: Goal accepted, waiting for result.
[INFO] [1733646153.300988228] [fibonacci_action_client]: Received feedback: array('i', [0, 1, 1])
[INFO] [1733646153.550887621] [fibonacci_action_client]: Received feedback: array('i', [0, 1, 1, 2])
[INFO] [1733646153.802015162] [fibonacci_action_client]: Received feedback: array('i', [0, 1, 1, 2, 3])
[INFO] [1733646154.053417675] [fibonacci_action_client]: Received feedback: array('i', [0, 1, 1, 2, 3, 5])
[INFO] [1733646154.304392018] [fibonacci_action_client]: Received feedback: array('i', [0, 1, 1, 2, 3, 5, 8])
[INFO] [1733646154.555580259] [fibonacci_action_client]: Received feedback: array('i', [0, 1, 1, 2, 3, 5, 8, 13])
[INFO] [1733646154.806817949] [fibonacci_action_client]: Received feedback: array('i', [0, 1, 1, 2, 3, 5, 8, 13, 21])
[INFO] [1733646155.057492766] [fibonacci_action_client]: Received feedback: array('i', [0, 1, 1, 2, 3, 5, 8, 13, 21, 34])
[INFO] [1733646155.308807892] [fibonacci_action_client]: Received feedback: array('i', [0, 1, 1, 2, 3, 5, 8, 13, 21, 34, 55])
[INFO] [1733646155.561461548] [fibonacci_action_client]: Result: array('i', [0, 1, 1, 2, 3, 5, 8, 13, 21, 34, 55])
[INFO] [1733646155.812518222] [fibonacci_action_client]: Sending goal with order 10
[INFO] [1733646155.815846147] [fibonacci_action_client]: Goal accepted, waiting for result.
[INFO] [1733646155.816717884] [fibonacci_action_client]: Received feedback: array('i', [0, 1, 1])
[INFO] [1733646156.066227575] [fibonacci_action_client]: Received feedback: array('i', [0, 1, 1, 2])
[INFO] [1733646156.317466093] [fibonacci_action_client]: Received feedback: array('i', [0, 1, 1, 2, 3])
[INFO] [1733646156.568754819] [fibonacci_action_client]: Received feedback: array('i', [0, 1, 1, 2, 3, 5])
[INFO] [1733646156.819732502] [fibonacci_action_client]: Received feedback: array('i', [0, 1, 1, 2, 3, 5, 8])
[INFO] [1733646157.070999371] [fibonacci_action_client]: Received feedback: array('i', [0, 1, 1, 2, 3, 5, 8, 13])
[INFO] [1733646157.321865841] [fibonacci_action_client]: Received feedback: array('i', [0, 1, 1, 2, 3, 5, 8, 13, 21])
[INFO] [1733646157.573124325] [fibonacci_action_client]: Received feedback: array('i', [0, 1, 1, 2, 3, 5, 8, 13, 21, 34])
[INFO] [1733646157.824142555] [fibonacci_action_client]: Received feedback: array('i', [0, 1, 1, 2, 3, 5, 8, 13, 21, 34, 55])
[INFO] [1733646158.076928441] [fibonacci_action_client]: Result: array('i', [0, 1, 1, 2, 3, 5, 8, 13, 21, 34, 55])
[INFO] [1733646158.328199325] [fibonacci_action_client]: Sending goal with order 10
[INFO] [1733646158.331413483] [fibonacci_action_client]: Goal accepted, waiting for result.
[INFO] [1733646158.332235429] [fibonacci_action_client]: Received feedback: array('i', [0, 1, 1])
[INFO] [1733646158.582144655] [fibonacci_action_client]: Received feedback: array('i', [0, 1, 1, 2])
[INFO] [1733646158.833474216] [fibonacci_action_client]: Received feedback: array('i', [0, 1, 1, 2, 3])
[INFO] [1733646159.084811770] [fibonacci_action_client]: Received feedback: array('i', [0, 1, 1, 2, 3, 5])
[INFO] [1733646159.336238247] [fibonacci_action_client]: Received feedback: array('i', [0, 1, 1, 2, 3, 5, 8])
[INFO] [1733646159.587142311] [fibonacci_action_client]: Received feedback: array('i', [0, 1, 1, 2, 3, 5, 8, 13])
[INFO] [1733646159.838351873] [fibonacci_action_client]: Received feedback: array('i', [0, 1, 1, 2, 3, 5, 8, 13, 21])
[INFO] [1733646160.089456494] [fibonacci_action_client]: Received feedback: array('i', [0, 1, 1, 2, 3, 5, 8, 13, 21, 34])
[INFO] [1733646160.340723466] [fibonacci_action_client]: Received feedback: array('i', [0, 1, 1, 2, 3, 5, 8, 13, 21, 34, 55])
[INFO] [1733646160.593392286] [fibonacci_action_client]: Result: array('i', [0, 1, 1, 2, 3, 5, 8, 13, 21, 34, 55])
[INFO] [1733646160.844527444] [fibonacci_action_client]: Sending goal with order 10
[INFO] [1733646160.848048274] [fibonacci_action_client]: Goal accepted, waiting for result.
[INFO] [1733646160.848902852] [fibonacci_action_client]: Received feedback: array('i', [0, 1, 1])
[INFO] [1733646161.098459258] [fibonacci_action_client]: Received feedback: array('i', [0, 1, 1, 2])
[INFO] [1733646161.349459863] [fibonacci_action_client]: Received feedback: array('i', [0, 1, 1, 2, 3])
[INFO] [1733646161.600748144] [fibonacci_action_client]: Received feedback: array('i', [0, 1, 1, 2, 3, 5])
[INFO] [1733646161.851626818] [fibonacci_action_client]: Received feedback: array('i', [0, 1, 1, 2, 3, 5, 8])
[INFO] [1733646162.102670099] [fibonacci_action_client]: Received feedback: array('i', [0, 1, 1, 2, 3, 5, 8, 13])
[INFO] [1733646162.353931425] [fibonacci_action_client]: Received feedback: array('i', [0, 1, 1, 2, 3, 5, 8, 13, 21])
[INFO] [1733646162.605046092] [fibonacci_action_client]: Received feedback: array('i', [0, 1, 1, 2, 3, 5, 8, 13, 21, 34])
[INFO] [1733646162.856262734] [fibonacci_action_client]: Received feedback: array('i', [0, 1, 1, 2, 3, 5, 8, 13, 21, 34, 55])
[INFO] [1733646163.108888133] [fibonacci_action_client]: Result: array('i', [0, 1, 1, 2, 3, 5, 8, 13, 21, 34, 55])
[INFO] [1733646163.360049611] [fibonacci_action_client]: Sending goal with order 10
[INFO] [1733646163.363201956] [fibonacci_action_client]: Goal accepted, waiting for result.
[INFO] [1733646163.364070447] [fibonacci_action_client]: Received feedback: array('i', [0, 1, 1])
[INFO] [1733646163.613924016] [fibonacci_action_client]: Received feedback: array('i', [0, 1, 1, 2])
[INFO] [1733646163.865281106] [fibonacci_action_client]: Received feedback: array('i', [0, 1, 1, 2, 3])
[INFO] [1733646164.116550441] [fibonacci_action_client]: Received feedback: array('i', [0, 1, 1, 2, 3, 5])
[INFO] [1733646164.367750095] [fibonacci_action_client]: Received feedback: array('i', [0, 1, 1, 2, 3, 5, 8])
[INFO] [1733646164.619190820] [fibonacci_action_client]: Received feedback: array('i', [0, 1, 1, 2, 3, 5, 8, 13])
[INFO] [1733646164.870223159] [fibonacci_action_client]: Received feedback: array('i', [0, 1, 1, 2, 3, 5, 8, 13, 21])
[INFO] [1733646165.121427142] [fibonacci_action_client]: Received feedback: array('i', [0, 1, 1, 2, 3, 5, 8, 13, 21, 34])
[INFO] [1733646165.372314646] [fibonacci_action_client]: Received feedback: array('i', [0, 1, 1, 2, 3, 5, 8, 13, 21, 34, 55])
[INFO] [1733646165.625189798] [fibonacci_action_client]: Result: array('i', [0, 1, 1, 2, 3, 5, 8, 13, 21, 34, 55])
[INFO] [1733646165.876375154] [fibonacci_action_client]: Sending goal with order 10
[INFO] [1733646165.879615431] [fibonacci_action_client]: Goal accepted, waiting for result.
[INFO] [1733646165.880445725] [fibonacci_action_client]: Received feedback: array('i', [0, 1, 1])
[INFO] [1733646166.130368978] [fibonacci_action_client]: Received feedback: array('i', [0, 1, 1, 2])
[INFO] [1733646166.381471877] [fibonacci_action_client]: Received feedback: array('i', [0, 1, 1, 2, 3])
[INFO] [1733646166.632990998] [fibonacci_action_client]: Received feedback: array('i', [0, 1, 1, 2, 3, 5])
[INFO] [1733646166.884280350] [fibonacci_action_client]: Received feedback: array('i', [0, 1, 1, 2, 3, 5, 8])
[INFO] [1733646167.135166522] [fibonacci_action_client]: Received feedback: array('i', [0, 1, 1, 2, 3, 5, 8, 13])
[INFO] [1733646167.386268030] [fibonacci_action_client]: Received feedback: array('i', [0, 1, 1, 2, 3, 5, 8, 13, 21])
[INFO] [1733646167.637740212] [fibonacci_action_client]: Received feedback: array('i', [0, 1, 1, 2, 3, 5, 8, 13, 21, 34])
[INFO] [1733646167.888638039] [fibonacci_action_client]: Received feedback: array('i', [0, 1, 1, 2, 3, 5, 8, 13, 21, 34, 55])
[INFO] [1733646170.880735499] [fibonacci_action_client]: Result not received due to timeout.
RAPL is set
