[INFO] [1733758889.719081324] [fibonacci_action_client]: Sending goal with order 10
[INFO] [1733758889.720606768] [fibonacci_action_client]: Goal accepted, waiting for result.
[INFO] [1733758889.732634444] [fibonacci_action_client]: Received feedback: array('i', [0, 1, 1])
[INFO] [1733758890.234369725] [fibonacci_action_client]: Received feedback: array('i', [0, 1, 1, 2])
[INFO] [1733758890.735849980] [fibonacci_action_client]: Received feedback: array('i', [0, 1, 1, 2, 3])
[INFO] [1733758891.237255431] [fibonacci_action_client]: Received feedback: array('i', [0, 1, 1, 2, 3, 5])
[INFO] [1733758891.738794465] [fibonacci_action_client]: Received feedback: array('i', [0, 1, 1, 2, 3, 5, 8])
[INFO] [1733758892.240100245] [fibonacci_action_client]: Received feedback: array('i', [0, 1, 1, 2, 3, 5, 8, 13])
[INFO] [1733758892.741782013] [fibonacci_action_client]: Received feedback: array('i', [0, 1, 1, 2, 3, 5, 8, 13, 21])
[INFO] [1733758893.242949544] [fibonacci_action_client]: Received feedback: array('i', [0, 1, 1, 2, 3, 5, 8, 13, 21, 34])
[INFO] [1733758893.744483284] [fibonacci_action_client]: Received feedback: array('i', [0, 1, 1, 2, 3, 5, 8, 13, 21, 34, 55])
[INFO] [1733758894.246691378] [fibonacci_action_client]: Result: array('i', [0, 1, 1, 2, 3, 5, 8, 13, 21, 34, 55])
[INFO] [1733758894.747906504] [fibonacci_action_client]: Sending goal with order 10
[INFO] [1733758894.749609068] [fibonacci_action_client]: Goal accepted, waiting for result.
[INFO] [1733758894.750574268] [fibonacci_action_client]: Received feedback: array('i', [0, 1, 1])
[INFO] [1733758895.252119940] [fibonacci_action_client]: Received feedback: array('i', [0, 1, 1, 2])
[INFO] [1733758895.753764144] [fibonacci_action_client]: Received feedback: array('i', [0, 1, 1, 2, 3])
[INFO] [1733758896.255068128] [fibonacci_action_client]: Received feedback: array('i', [0, 1, 1, 2, 3, 5])
[INFO] [1733758896.756572652] [fibonacci_action_client]: Received feedback: array('i', [0, 1, 1, 2, 3, 5, 8])
[INFO] [1733758897.257820157] [fibonacci_action_client]: Received feedback: array('i', [0, 1, 1, 2, 3, 5, 8, 13])
[INFO] [1733758897.758597668] [fibonacci_action_client]: Received feedback: array('i', [0, 1, 1, 2, 3, 5, 8, 13, 21])
[INFO] [1733758898.259705868] [fibonacci_action_client]: Received feedback: array('i', [0, 1, 1, 2, 3, 5, 8, 13, 21, 34])
[INFO] [1733758898.761442190] [fibonacci_action_client]: Received feedback: array('i', [0, 1, 1, 2, 3, 5, 8, 13, 21, 34, 55])
[INFO] [1733758899.263308778] [fibonacci_action_client]: Result: array('i', [0, 1, 1, 2, 3, 5, 8, 13, 21, 34, 55])
[INFO] [1733758899.764715239] [fibonacci_action_client]: Sending goal with order 10
[INFO] [1733758899.766324244] [fibonacci_action_client]: Goal accepted, waiting for result.
[INFO] [1733758899.767290074] [fibonacci_action_client]: Received feedback: array('i', [0, 1, 1])
[INFO] [1733758900.268973659] [fibonacci_action_client]: Received feedback: array('i', [0, 1, 1, 2])
[INFO] [1733758900.770342730] [fibonacci_action_client]: Received feedback: array('i', [0, 1, 1, 2, 3])
[INFO] [1733758901.271698008] [fibonacci_action_client]: Received feedback: array('i', [0, 1, 1, 2, 3, 5])
[INFO] [1733758901.772862023] [fibonacci_action_client]: Received feedback: array('i', [0, 1, 1, 2, 3, 5, 8])
[INFO] [1733758902.274924737] [fibonacci_action_client]: Received feedback: array('i', [0, 1, 1, 2, 3, 5, 8, 13])
[INFO] [1733758902.776238259] [fibonacci_action_client]: Received feedback: array('i', [0, 1, 1, 2, 3, 5, 8, 13, 21])
[INFO] [1733758903.277855618] [fibonacci_action_client]: Received feedback: array('i', [0, 1, 1, 2, 3, 5, 8, 13, 21, 34])
[INFO] [1733758903.778924840] [fibonacci_action_client]: Received feedback: array('i', [0, 1, 1, 2, 3, 5, 8, 13, 21, 34, 55])
[INFO] [1733758904.280711501] [fibonacci_action_client]: Result: array('i', [0, 1, 1, 2, 3, 5, 8, 13, 21, 34, 55])
[INFO] [1733758904.782004067] [fibonacci_action_client]: Sending goal with order 10
[INFO] [1733758904.783540355] [fibonacci_action_client]: Goal accepted, waiting for result.
[INFO] [1733758904.784506040] [fibonacci_action_client]: Received feedback: array('i', [0, 1, 1])
[INFO] [1733758905.285863497] [fibonacci_action_client]: Received feedback: array('i', [0, 1, 1, 2])
[INFO] [1733758905.787542936] [fibonacci_action_client]: Received feedback: array('i', [0, 1, 1, 2, 3])
[INFO] [1733758906.289083263] [fibonacci_action_client]: Received feedback: array('i', [0, 1, 1, 2, 3, 5])
[INFO] [1733758906.790624631] [fibonacci_action_client]: Received feedback: array('i', [0, 1, 1, 2, 3, 5, 8])
[INFO] [1733758907.292065538] [fibonacci_action_client]: Received feedback: array('i', [0, 1, 1, 2, 3, 5, 8, 13])
[INFO] [1733758907.793161812] [fibonacci_action_client]: Received feedback: array('i', [0, 1, 1, 2, 3, 5, 8, 13, 21])
[INFO] [1733758908.294472421] [fibonacci_action_client]: Received feedback: array('i', [0, 1, 1, 2, 3, 5, 8, 13, 21, 34])
[INFO] [1733758908.795920136] [fibonacci_action_client]: Received feedback: array('i', [0, 1, 1, 2, 3, 5, 8, 13, 21, 34, 55])
[INFO] [1733758909.297789439] [fibonacci_action_client]: Result: array('i', [0, 1, 1, 2, 3, 5, 8, 13, 21, 34, 55])
[INFO] [1733758909.798929061] [fibonacci_action_client]: Sending goal with order 10
[INFO] [1733758909.800480830] [fibonacci_action_client]: Goal accepted, waiting for result.
[INFO] [1733758909.801770334] [fibonacci_action_client]: Received feedback: array('i', [0, 1, 1])
[INFO] [1733758910.303332439] [fibonacci_action_client]: Received feedback: array('i', [0, 1, 1, 2])
[INFO] [1733758910.804861898] [fibonacci_action_client]: Received feedback: array('i', [0, 1, 1, 2, 3])
[INFO] [1733758911.306388087] [fibonacci_action_client]: Received feedback: array('i', [0, 1, 1, 2, 3, 5])
[INFO] [1733758911.807827834] [fibonacci_action_client]: Received feedback: array('i', [0, 1, 1, 2, 3, 5, 8])
[INFO] [1733758912.308920528] [fibonacci_action_client]: Received feedback: array('i', [0, 1, 1, 2, 3, 5, 8, 13])
[INFO] [1733758912.810558633] [fibonacci_action_client]: Received feedback: array('i', [0, 1, 1, 2, 3, 5, 8, 13, 21])
[INFO] [1733758913.312097318] [fibonacci_action_client]: Received feedback: array('i', [0, 1, 1, 2, 3, 5, 8, 13, 21, 34])
[INFO] [1733758913.813586859] [fibonacci_action_client]: Received feedback: array('i', [0, 1, 1, 2, 3, 5, 8, 13, 21, 34, 55])
[INFO] [1733758914.315460842] [fibonacci_action_client]: Result: array('i', [0, 1, 1, 2, 3, 5, 8, 13, 21, 34, 55])
[INFO] [1733758914.816395231] [fibonacci_action_client]: Sending goal with order 10
[INFO] [1733758914.818067901] [fibonacci_action_client]: Goal accepted, waiting for result.
[INFO] [1733758914.819216281] [fibonacci_action_client]: Received feedback: array('i', [0, 1, 1])
[INFO] [1733758915.320850734] [fibonacci_action_client]: Received feedback: array('i', [0, 1, 1, 2])
[INFO] [1733758915.822360594] [fibonacci_action_client]: Received feedback: array('i', [0, 1, 1, 2, 3])
[INFO] [1733758916.323788472] [fibonacci_action_client]: Received feedback: array('i', [0, 1, 1, 2, 3, 5])
[INFO] [1733758916.825375144] [fibonacci_action_client]: Received feedback: array('i', [0, 1, 1, 2, 3, 5, 8])
[INFO] [1733758917.326703084] [fibonacci_action_client]: Received feedback: array('i', [0, 1, 1, 2, 3, 5, 8, 13])
[INFO] [1733758917.827625954] [fibonacci_action_client]: Received feedback: array('i', [0, 1, 1, 2, 3, 5, 8, 13, 21])
[INFO] [1733758918.329111741] [fibonacci_action_client]: Received feedback: array('i', [0, 1, 1, 2, 3, 5, 8, 13, 21, 34])
[INFO] [1733758918.830435905] [fibonacci_action_client]: Received feedback: array('i', [0, 1, 1, 2, 3, 5, 8, 13, 21, 34, 55])
[INFO] [1733758919.331917804] [fibonacci_action_client]: Result: array('i', [0, 1, 1, 2, 3, 5, 8, 13, 21, 34, 55])
[INFO] [1733758919.833412736] [fibonacci_action_client]: Sending goal with order 10
[INFO] [1733758919.835017370] [fibonacci_action_client]: Goal accepted, waiting for result.
[INFO] [1733758919.836041613] [fibonacci_action_client]: Received feedback: array('i', [0, 1, 1])
[INFO] [1733758920.337572136] [fibonacci_action_client]: Received feedback: array('i', [0, 1, 1, 2])
[INFO] [1733758920.839024653] [fibonacci_action_client]: Received feedback: array('i', [0, 1, 1, 2, 3])
[INFO] [1733758921.340645102] [fibonacci_action_client]: Received feedback: array('i', [0, 1, 1, 2, 3, 5])
[INFO] [1733758921.842236266] [fibonacci_action_client]: Received feedback: array('i', [0, 1, 1, 2, 3, 5, 8])
[INFO] [1733758922.343419252] [fibonacci_action_client]: Received feedback: array('i', [0, 1, 1, 2, 3, 5, 8, 13])
[INFO] [1733758922.844968117] [fibonacci_action_client]: Received feedback: array('i', [0, 1, 1, 2, 3, 5, 8, 13, 21])
[INFO] [1733758923.346783373] [fibonacci_action_client]: Received feedback: array('i', [0, 1, 1, 2, 3, 5, 8, 13, 21, 34])
[INFO] [1733758923.848066763] [fibonacci_action_client]: Received feedback: array('i', [0, 1, 1, 2, 3, 5, 8, 13, 21, 34, 55])
[INFO] [1733758924.349777462] [fibonacci_action_client]: Result: array('i', [0, 1, 1, 2, 3, 5, 8, 13, 21, 34, 55])
[INFO] [1733758924.850941444] [fibonacci_action_client]: Sending goal with order 10
[INFO] [1733758924.852551674] [fibonacci_action_client]: Goal accepted, waiting for result.
[INFO] [1733758924.854075556] [fibonacci_action_client]: Received feedback: array('i', [0, 1, 1])
[INFO] [1733758925.354949540] [fibonacci_action_client]: Received feedback: array('i', [0, 1, 1, 2])
[INFO] [1733758925.856421371] [fibonacci_action_client]: Received feedback: array('i', [0, 1, 1, 2, 3])
[INFO] [1733758926.357878861] [fibonacci_action_client]: Received feedback: array('i', [0, 1, 1, 2, 3, 5])
[INFO] [1733758926.859062586] [fibonacci_action_client]: Received feedback: array('i', [0, 1, 1, 2, 3, 5, 8])
[INFO] [1733758927.360534352] [fibonacci_action_client]: Received feedback: array('i', [0, 1, 1, 2, 3, 5, 8, 13])
[INFO] [1733758927.861614105] [fibonacci_action_client]: Received feedback: array('i', [0, 1, 1, 2, 3, 5, 8, 13, 21])
[INFO] [1733758928.362897253] [fibonacci_action_client]: Received feedback: array('i', [0, 1, 1, 2, 3, 5, 8, 13, 21, 34])
[INFO] [1733758928.863786409] [fibonacci_action_client]: Received feedback: array('i', [0, 1, 1, 2, 3, 5, 8, 13, 21, 34, 55])
[INFO] [1733758929.365677973] [fibonacci_action_client]: Result: array('i', [0, 1, 1, 2, 3, 5, 8, 13, 21, 34, 55])
[INFO] [1733758929.866876438] [fibonacci_action_client]: Sending goal with order 10
[INFO] [1733758929.868513193] [fibonacci_action_client]: Goal accepted, waiting for result.
[INFO] [1733758929.869674993] [fibonacci_action_client]: Received feedback: array('i', [0, 1, 1])
[INFO] [1733758930.370922070] [fibonacci_action_client]: Received feedback: array('i', [0, 1, 1, 2])
[INFO] [1733758930.872194214] [fibonacci_action_client]: Received feedback: array('i', [0, 1, 1, 2, 3])
[INFO] [1733758931.373596911] [fibonacci_action_client]: Received feedback: array('i', [0, 1, 1, 2, 3, 5])
[INFO] [1733758931.874848312] [fibonacci_action_client]: Received feedback: array('i', [0, 1, 1, 2, 3, 5, 8])
[INFO] [1733758932.376015612] [fibonacci_action_client]: Received feedback: array('i', [0, 1, 1, 2, 3, 5, 8, 13])
[INFO] [1733758932.877529806] [fibonacci_action_client]: Received feedback: array('i', [0, 1, 1, 2, 3, 5, 8, 13, 21])
[INFO] [1733758933.378620871] [fibonacci_action_client]: Received feedback: array('i', [0, 1, 1, 2, 3, 5, 8, 13, 21, 34])
[INFO] [1733758933.880176977] [fibonacci_action_client]: Received feedback: array('i', [0, 1, 1, 2, 3, 5, 8, 13, 21, 34, 55])
[INFO] [1733758934.382058581] [fibonacci_action_client]: Result: array('i', [0, 1, 1, 2, 3, 5, 8, 13, 21, 34, 55])
[INFO] [1733758934.883140969] [fibonacci_action_client]: Sending goal with order 10
[INFO] [1733758934.884714879] [fibonacci_action_client]: Goal accepted, waiting for result.
[INFO] [1733758934.886211990] [fibonacci_action_client]: Received feedback: array('i', [0, 1, 1])
[INFO] [1733758935.387561932] [fibonacci_action_client]: Received feedback: array('i', [0, 1, 1, 2])
[INFO] [1733758935.889217372] [fibonacci_action_client]: Received feedback: array('i', [0, 1, 1, 2, 3])
[INFO] [1733758936.390435122] [fibonacci_action_client]: Received feedback: array('i', [0, 1, 1, 2, 3, 5])
[INFO] [1733758936.891699905] [fibonacci_action_client]: Received feedback: array('i', [0, 1, 1, 2, 3, 5, 8])
[INFO] [1733758937.392654482] [fibonacci_action_client]: Received feedback: array('i', [0, 1, 1, 2, 3, 5, 8, 13])
[INFO] [1733758937.893989607] [fibonacci_action_client]: Received feedback: array('i', [0, 1, 1, 2, 3, 5, 8, 13, 21])
[INFO] [1733758938.394615610] [fibonacci_action_client]: Received feedback: array('i', [0, 1, 1, 2, 3, 5, 8, 13, 21, 34])
[INFO] [1733758938.896020626] [fibonacci_action_client]: Received feedback: array('i', [0, 1, 1, 2, 3, 5, 8, 13, 21, 34, 55])
[INFO] [1733758939.397879068] [fibonacci_action_client]: Result: array('i', [0, 1, 1, 2, 3, 5, 8, 13, 21, 34, 55])
[INFO] [1733758939.899153449] [fibonacci_action_client]: Sending goal with order 10
[INFO] [1733758939.901139269] [fibonacci_action_client]: Goal accepted, waiting for result.
[INFO] [1733758939.902658786] [fibonacci_action_client]: Received feedback: array('i', [0, 1, 1])
[INFO] [1733758940.404260075] [fibonacci_action_client]: Received feedback: array('i', [0, 1, 1, 2])
[INFO] [1733758940.905837940] [fibonacci_action_client]: Received feedback: array('i', [0, 1, 1, 2, 3])
[INFO] [1733758941.407084496] [fibonacci_action_client]: Received feedback: array('i', [0, 1, 1, 2, 3, 5])
[INFO] [1733758941.908274951] [fibonacci_action_client]: Received feedback: array('i', [0, 1, 1, 2, 3, 5, 8])
[INFO] [1733758942.409795185] [fibonacci_action_client]: Received feedback: array('i', [0, 1, 1, 2, 3, 5, 8, 13])
[INFO] [1733758942.910836992] [fibonacci_action_client]: Received feedback: array('i', [0, 1, 1, 2, 3, 5, 8, 13, 21])
[INFO] [1733758943.412469688] [fibonacci_action_client]: Received feedback: array('i', [0, 1, 1, 2, 3, 5, 8, 13, 21, 34])
[INFO] [1733758943.913870062] [fibonacci_action_client]: Received feedback: array('i', [0, 1, 1, 2, 3, 5, 8, 13, 21, 34, 55])
[INFO] [1733758944.415520499] [fibonacci_action_client]: Result: array('i', [0, 1, 1, 2, 3, 5, 8, 13, 21, 34, 55])
[INFO] [1733758944.916587732] [fibonacci_action_client]: Sending goal with order 10
[INFO] [1733758944.918404458] [fibonacci_action_client]: Goal accepted, waiting for result.
[INFO] [1733758944.919964893] [fibonacci_action_client]: Received feedback: array('i', [0, 1, 1])
[INFO] [1733758945.421603003] [fibonacci_action_client]: Received feedback: array('i', [0, 1, 1, 2])
[INFO] [1733758945.922646571] [fibonacci_action_client]: Received feedback: array('i', [0, 1, 1, 2, 3])
[INFO] [1733758946.424104904] [fibonacci_action_client]: Received feedback: array('i', [0, 1, 1, 2, 3, 5])
[INFO] [1733758946.925149882] [fibonacci_action_client]: Received feedback: array('i', [0, 1, 1, 2, 3, 5, 8])
[INFO] [1733758947.426221753] [fibonacci_action_client]: Received feedback: array('i', [0, 1, 1, 2, 3, 5, 8, 13])
[INFO] [1733758947.927389791] [fibonacci_action_client]: Received feedback: array('i', [0, 1, 1, 2, 3, 5, 8, 13, 21])
[INFO] [1733758948.428861544] [fibonacci_action_client]: Received feedback: array('i', [0, 1, 1, 2, 3, 5, 8, 13, 21, 34])
[INFO] [1733758948.930241152] [fibonacci_action_client]: Received feedback: array('i', [0, 1, 1, 2, 3, 5, 8, 13, 21, 34, 55])
[INFO] [1733758949.431378208] [fibonacci_action_client]: Result: array('i', [0, 1, 1, 2, 3, 5, 8, 13, 21, 34, 55])
[INFO] [1733758949.932828323] [fibonacci_action_client]: Sending goal with order 10
[INFO] [1733758949.934434139] [fibonacci_action_client]: Goal accepted, waiting for result.
[INFO] [1733758949.935610985] [fibonacci_action_client]: Received feedback: array('i', [0, 1, 1])
[INFO] [1733758950.437092889] [fibonacci_action_client]: Received feedback: array('i', [0, 1, 1, 2])
[INFO] [1733758950.938559217] [fibonacci_action_client]: Received feedback: array('i', [0, 1, 1, 2, 3])
[INFO] [1733758951.439978148] [fibonacci_action_client]: Received feedback: array('i', [0, 1, 1, 2, 3, 5])
[INFO] [1733758951.941111592] [fibonacci_action_client]: Received feedback: array('i', [0, 1, 1, 2, 3, 5, 8])
[INFO] [1733758952.442619899] [fibonacci_action_client]: Received feedback: array('i', [0, 1, 1, 2, 3, 5, 8, 13])
[INFO] [1733758952.944007284] [fibonacci_action_client]: Received feedback: array('i', [0, 1, 1, 2, 3, 5, 8, 13, 21])
[INFO] [1733758953.445544499] [fibonacci_action_client]: Received feedback: array('i', [0, 1, 1, 2, 3, 5, 8, 13, 21, 34])
[INFO] [1733758953.947022178] [fibonacci_action_client]: Received feedback: array('i', [0, 1, 1, 2, 3, 5, 8, 13, 21, 34, 55])
[INFO] [1733758954.448720897] [fibonacci_action_client]: Result: array('i', [0, 1, 1, 2, 3, 5, 8, 13, 21, 34, 55])
[INFO] [1733758954.949770662] [fibonacci_action_client]: Sending goal with order 10
[INFO] [1733758954.951222714] [fibonacci_action_client]: Goal accepted, waiting for result.
[INFO] [1733758954.952449670] [fibonacci_action_client]: Received feedback: array('i', [0, 1, 1])
[INFO] [1733758955.454011598] [fibonacci_action_client]: Received feedback: array('i', [0, 1, 1, 2])
[INFO] [1733758955.954794970] [fibonacci_action_client]: Received feedback: array('i', [0, 1, 1, 2, 3])
[INFO] [1733758956.456111132] [fibonacci_action_client]: Received feedback: array('i', [0, 1, 1, 2, 3, 5])
[INFO] [1733758956.957742377] [fibonacci_action_client]: Received feedback: array('i', [0, 1, 1, 2, 3, 5, 8])
[INFO] [1733758957.458796498] [fibonacci_action_client]: Received feedback: array('i', [0, 1, 1, 2, 3, 5, 8, 13])
[INFO] [1733758957.959915578] [fibonacci_action_client]: Received feedback: array('i', [0, 1, 1, 2, 3, 5, 8, 13, 21])
[INFO] [1733758958.461544816] [fibonacci_action_client]: Received feedback: array('i', [0, 1, 1, 2, 3, 5, 8, 13, 21, 34])
[INFO] [1733758958.962809321] [fibonacci_action_client]: Received feedback: array('i', [0, 1, 1, 2, 3, 5, 8, 13, 21, 34, 55])
[INFO] [1733758959.464786560] [fibonacci_action_client]: Result: array('i', [0, 1, 1, 2, 3, 5, 8, 13, 21, 34, 55])
[INFO] [1733758959.965881508] [fibonacci_action_client]: Sending goal with order 10
[INFO] [1733758959.967646529] [fibonacci_action_client]: Goal accepted, waiting for result.
[INFO] [1733758959.969282314] [fibonacci_action_client]: Received feedback: array('i', [0, 1, 1])
[INFO] [1733758960.470881921] [fibonacci_action_client]: Received feedback: array('i', [0, 1, 1, 2])
[INFO] [1733758960.972322260] [fibonacci_action_client]: Received feedback: array('i', [0, 1, 1, 2, 3])
[INFO] [1733758961.473563848] [fibonacci_action_client]: Received feedback: array('i', [0, 1, 1, 2, 3, 5])
[INFO] [1733758961.975111774] [fibonacci_action_client]: Received feedback: array('i', [0, 1, 1, 2, 3, 5, 8])
[INFO] [1733758962.476539624] [fibonacci_action_client]: Received feedback: array('i', [0, 1, 1, 2, 3, 5, 8, 13])
[INFO] [1733758962.978224654] [fibonacci_action_client]: Received feedback: array('i', [0, 1, 1, 2, 3, 5, 8, 13, 21])
[INFO] [1733758963.479371452] [fibonacci_action_client]: Received feedback: array('i', [0, 1, 1, 2, 3, 5, 8, 13, 21, 34])
[INFO] [1733758963.980220530] [fibonacci_action_client]: Received feedback: array('i', [0, 1, 1, 2, 3, 5, 8, 13, 21, 34, 55])
[INFO] [1733758964.482197945] [fibonacci_action_client]: Result: array('i', [0, 1, 1, 2, 3, 5, 8, 13, 21, 34, 55])
[INFO] [1733758964.983211677] [fibonacci_action_client]: Sending goal with order 10
[INFO] [1733758964.984695313] [fibonacci_action_client]: Goal accepted, waiting for result.
[INFO] [1733758964.986026106] [fibonacci_action_client]: Received feedback: array('i', [0, 1, 1])
[INFO] [1733758965.487379197] [fibonacci_action_client]: Received feedback: array('i', [0, 1, 1, 2])
[INFO] [1733758965.988833729] [fibonacci_action_client]: Received feedback: array('i', [0, 1, 1, 2, 3])
[INFO] [1733758966.490339057] [fibonacci_action_client]: Received feedback: array('i', [0, 1, 1, 2, 3, 5])
[INFO] [1733758966.991543799] [fibonacci_action_client]: Received feedback: array('i', [0, 1, 1, 2, 3, 5, 8])
[INFO] [1733758967.492717910] [fibonacci_action_client]: Received feedback: array('i', [0, 1, 1, 2, 3, 5, 8, 13])
[INFO] [1733758967.993837179] [fibonacci_action_client]: Received feedback: array('i', [0, 1, 1, 2, 3, 5, 8, 13, 21])
[INFO] [1733758968.495348493] [fibonacci_action_client]: Received feedback: array('i', [0, 1, 1, 2, 3, 5, 8, 13, 21, 34])
[INFO] [1733758968.996831696] [fibonacci_action_client]: Received feedback: array('i', [0, 1, 1, 2, 3, 5, 8, 13, 21, 34, 55])
[INFO] [1733758969.499038902] [fibonacci_action_client]: Result: array('i', [0, 1, 1, 2, 3, 5, 8, 13, 21, 34, 55])
[INFO] [1733758970.000371226] [fibonacci_action_client]: Sending goal with order 10
[INFO] [1733758970.002367476] [fibonacci_action_client]: Goal accepted, waiting for result.
[INFO] [1733758970.004013648] [fibonacci_action_client]: Received feedback: array('i', [0, 1, 1])
[INFO] [1733758970.505448934] [fibonacci_action_client]: Received feedback: array('i', [0, 1, 1, 2])
[INFO] [1733758971.006962474] [fibonacci_action_client]: Received feedback: array('i', [0, 1, 1, 2, 3])
[INFO] [1733758971.508058172] [fibonacci_action_client]: Received feedback: array('i', [0, 1, 1, 2, 3, 5])
[INFO] [1733758972.009786240] [fibonacci_action_client]: Received feedback: array('i', [0, 1, 1, 2, 3, 5, 8])
[INFO] [1733758972.511368091] [fibonacci_action_client]: Received feedback: array('i', [0, 1, 1, 2, 3, 5, 8, 13])
[INFO] [1733758973.012834606] [fibonacci_action_client]: Received feedback: array('i', [0, 1, 1, 2, 3, 5, 8, 13, 21])
[INFO] [1733758973.514550158] [fibonacci_action_client]: Received feedback: array('i', [0, 1, 1, 2, 3, 5, 8, 13, 21, 34])
[INFO] [1733758974.015857633] [fibonacci_action_client]: Received feedback: array('i', [0, 1, 1, 2, 3, 5, 8, 13, 21, 34, 55])
[INFO] [1733758974.517831415] [fibonacci_action_client]: Result: array('i', [0, 1, 1, 2, 3, 5, 8, 13, 21, 34, 55])
[INFO] [1733758975.018851691] [fibonacci_action_client]: Sending goal with order 10
[INFO] [1733758975.020276104] [fibonacci_action_client]: Goal accepted, waiting for result.
[INFO] [1733758975.021644840] [fibonacci_action_client]: Received feedback: array('i', [0, 1, 1])
[INFO] [1733758975.522799783] [fibonacci_action_client]: Received feedback: array('i', [0, 1, 1, 2])
[INFO] [1733758976.024101725] [fibonacci_action_client]: Received feedback: array('i', [0, 1, 1, 2, 3])
[INFO] [1733758976.525664722] [fibonacci_action_client]: Received feedback: array('i', [0, 1, 1, 2, 3, 5])
[INFO] [1733758977.026629151] [fibonacci_action_client]: Received feedback: array('i', [0, 1, 1, 2, 3, 5, 8])
[INFO] [1733758977.527959193] [fibonacci_action_client]: Received feedback: array('i', [0, 1, 1, 2, 3, 5, 8, 13])
[INFO] [1733758978.029104719] [fibonacci_action_client]: Received feedback: array('i', [0, 1, 1, 2, 3, 5, 8, 13, 21])
[INFO] [1733758978.530525242] [fibonacci_action_client]: Received feedback: array('i', [0, 1, 1, 2, 3, 5, 8, 13, 21, 34])
[INFO] [1733758979.031996212] [fibonacci_action_client]: Received feedback: array('i', [0, 1, 1, 2, 3, 5, 8, 13, 21, 34, 55])
[INFO] [1733758979.534050526] [fibonacci_action_client]: Result: array('i', [0, 1, 1, 2, 3, 5, 8, 13, 21, 34, 55])
[INFO] [1733758980.035225478] [fibonacci_action_client]: Sending goal with order 10
[INFO] [1733758980.036825564] [fibonacci_action_client]: Goal accepted, waiting for result.
[INFO] [1733758980.038200489] [fibonacci_action_client]: Received feedback: array('i', [0, 1, 1])
[INFO] [1733758980.539122965] [fibonacci_action_client]: Received feedback: array('i', [0, 1, 1, 2])
[INFO] [1733758981.040553657] [fibonacci_action_client]: Received feedback: array('i', [0, 1, 1, 2, 3])
[INFO] [1733758981.541728531] [fibonacci_action_client]: Received feedback: array('i', [0, 1, 1, 2, 3, 5])
[INFO] [1733758982.042887907] [fibonacci_action_client]: Received feedback: array('i', [0, 1, 1, 2, 3, 5, 8])
[INFO] [1733758982.544517701] [fibonacci_action_client]: Received feedback: array('i', [0, 1, 1, 2, 3, 5, 8, 13])
[INFO] [1733758983.046020085] [fibonacci_action_client]: Received feedback: array('i', [0, 1, 1, 2, 3, 5, 8, 13, 21])
[INFO] [1733758983.547028835] [fibonacci_action_client]: Received feedback: array('i', [0, 1, 1, 2, 3, 5, 8, 13, 21, 34])
[INFO] [1733758984.048458180] [fibonacci_action_client]: Received feedback: array('i', [0, 1, 1, 2, 3, 5, 8, 13, 21, 34, 55])
[INFO] [1733758984.550669974] [fibonacci_action_client]: Result: array('i', [0, 1, 1, 2, 3, 5, 8, 13, 21, 34, 55])
[INFO] [1733758985.051701144] [fibonacci_action_client]: Sending goal with order 10
[INFO] [1733758985.053475740] [fibonacci_action_client]: Goal accepted, waiting for result.
[INFO] [1733758985.054862837] [fibonacci_action_client]: Received feedback: array('i', [0, 1, 1])
[INFO] [1733758985.555899197] [fibonacci_action_client]: Received feedback: array('i', [0, 1, 1, 2])
[INFO] [1733758986.057376920] [fibonacci_action_client]: Received feedback: array('i', [0, 1, 1, 2, 3])
[INFO] [1733758986.558887709] [fibonacci_action_client]: Received feedback: array('i', [0, 1, 1, 2, 3, 5])
[INFO] [1733758987.060250531] [fibonacci_action_client]: Received feedback: array('i', [0, 1, 1, 2, 3, 5, 8])
[INFO] [1733758987.561120992] [fibonacci_action_client]: Received feedback: array('i', [0, 1, 1, 2, 3, 5, 8, 13])
[INFO] [1733758988.062276892] [fibonacci_action_client]: Received feedback: array('i', [0, 1, 1, 2, 3, 5, 8, 13, 21])
[INFO] [1733758988.563002492] [fibonacci_action_client]: Received feedback: array('i', [0, 1, 1, 2, 3, 5, 8, 13, 21, 34])
[INFO] [1733758989.064266557] [fibonacci_action_client]: Received feedback: array('i', [0, 1, 1, 2, 3, 5, 8, 13, 21, 34, 55])
[INFO] [1733758989.566263307] [fibonacci_action_client]: Result: array('i', [0, 1, 1, 2, 3, 5, 8, 13, 21, 34, 55])
[INFO] [1733758990.067517966] [fibonacci_action_client]: Sending goal with order 10
[INFO] [1733758990.069138169] [fibonacci_action_client]: Goal accepted, waiting for result.
[INFO] [1733758990.070748555] [fibonacci_action_client]: Received feedback: array('i', [0, 1, 1])
[INFO] [1733758990.571184615] [fibonacci_action_client]: Received feedback: array('i', [0, 1, 1, 2])
[INFO] [1733758991.072707153] [fibonacci_action_client]: Received feedback: array('i', [0, 1, 1, 2, 3])
[INFO] [1733758991.573811082] [fibonacci_action_client]: Received feedback: array('i', [0, 1, 1, 2, 3, 5])
[INFO] [1733758992.075198466] [fibonacci_action_client]: Received feedback: array('i', [0, 1, 1, 2, 3, 5, 8])
[INFO] [1733758992.576755921] [fibonacci_action_client]: Received feedback: array('i', [0, 1, 1, 2, 3, 5, 8, 13])
[INFO] [1733758993.078356255] [fibonacci_action_client]: Received feedback: array('i', [0, 1, 1, 2, 3, 5, 8, 13, 21])
[INFO] [1733758993.579257260] [fibonacci_action_client]: Received feedback: array('i', [0, 1, 1, 2, 3, 5, 8, 13, 21, 34])
[INFO] [1733758994.080600481] [fibonacci_action_client]: Received feedback: array('i', [0, 1, 1, 2, 3, 5, 8, 13, 21, 34, 55])
[INFO] [1733758994.582455493] [fibonacci_action_client]: Result: array('i', [0, 1, 1, 2, 3, 5, 8, 13, 21, 34, 55])
[INFO] [1733758995.083724451] [fibonacci_action_client]: Sending goal with order 10
[INFO] [1733758995.085082701] [fibonacci_action_client]: Goal accepted, waiting for result.
[INFO] [1733758995.086508372] [fibonacci_action_client]: Received feedback: array('i', [0, 1, 1])
[INFO] [1733758995.587413276] [fibonacci_action_client]: Received feedback: array('i', [0, 1, 1, 2])
[INFO] [1733758996.088960424] [fibonacci_action_client]: Received feedback: array('i', [0, 1, 1, 2, 3])
[INFO] [1733758996.590650711] [fibonacci_action_client]: Received feedback: array('i', [0, 1, 1, 2, 3, 5])
[INFO] [1733758997.091836835] [fibonacci_action_client]: Received feedback: array('i', [0, 1, 1, 2, 3, 5, 8])
[INFO] [1733758997.593635113] [fibonacci_action_client]: Received feedback: array('i', [0, 1, 1, 2, 3, 5, 8, 13])
[INFO] [1733758998.094331350] [fibonacci_action_client]: Received feedback: array('i', [0, 1, 1, 2, 3, 5, 8, 13, 21])
[INFO] [1733758998.595949293] [fibonacci_action_client]: Received feedback: array('i', [0, 1, 1, 2, 3, 5, 8, 13, 21, 34])
[INFO] [1733758999.097603917] [fibonacci_action_client]: Received feedback: array('i', [0, 1, 1, 2, 3, 5, 8, 13, 21, 34, 55])
[INFO] [1733758999.599401131] [fibonacci_action_client]: Result: array('i', [0, 1, 1, 2, 3, 5, 8, 13, 21, 34, 55])
[INFO] [1733759000.100732979] [fibonacci_action_client]: Sending goal with order 10
[INFO] [1733759000.102436588] [fibonacci_action_client]: Goal accepted, waiting for result.
[INFO] [1733759000.103873987] [fibonacci_action_client]: Received feedback: array('i', [0, 1, 1])
[INFO] [1733759000.605116044] [fibonacci_action_client]: Received feedback: array('i', [0, 1, 1, 2])
[INFO] [1733759001.106712339] [fibonacci_action_client]: Received feedback: array('i', [0, 1, 1, 2, 3])
[INFO] [1733759001.607739244] [fibonacci_action_client]: Received feedback: array('i', [0, 1, 1, 2, 3, 5])
[INFO] [1733759002.109435034] [fibonacci_action_client]: Received feedback: array('i', [0, 1, 1, 2, 3, 5, 8])
[INFO] [1733759002.611050882] [fibonacci_action_client]: Received feedback: array('i', [0, 1, 1, 2, 3, 5, 8, 13])
[INFO] [1733759003.112444130] [fibonacci_action_client]: Received feedback: array('i', [0, 1, 1, 2, 3, 5, 8, 13, 21])
[INFO] [1733759003.613912595] [fibonacci_action_client]: Received feedback: array('i', [0, 1, 1, 2, 3, 5, 8, 13, 21, 34])
[INFO] [1733759004.115087388] [fibonacci_action_client]: Received feedback: array('i', [0, 1, 1, 2, 3, 5, 8, 13, 21, 34, 55])
[INFO] [1733759004.616628479] [fibonacci_action_client]: Result: array('i', [0, 1, 1, 2, 3, 5, 8, 13, 21, 34, 55])
[INFO] [1733759005.117780705] [fibonacci_action_client]: Sending goal with order 10
[INFO] [1733759005.119220779] [fibonacci_action_client]: Goal accepted, waiting for result.
[INFO] [1733759005.120629237] [fibonacci_action_client]: Received feedback: array('i', [0, 1, 1])
[INFO] [1733759005.621973668] [fibonacci_action_client]: Received feedback: array('i', [0, 1, 1, 2])
[INFO] [1733759006.123391657] [fibonacci_action_client]: Received feedback: array('i', [0, 1, 1, 2, 3])
[INFO] [1733759006.624867058] [fibonacci_action_client]: Received feedback: array('i', [0, 1, 1, 2, 3, 5])
[INFO] [1733759007.126030437] [fibonacci_action_client]: Received feedback: array('i', [0, 1, 1, 2, 3, 5, 8])
[INFO] [1733759007.626591555] [fibonacci_action_client]: Received feedback: array('i', [0, 1, 1, 2, 3, 5, 8, 13])
[INFO] [1733759008.127789095] [fibonacci_action_client]: Received feedback: array('i', [0, 1, 1, 2, 3, 5, 8, 13, 21])
[INFO] [1733759008.629371525] [fibonacci_action_client]: Received feedback: array('i', [0, 1, 1, 2, 3, 5, 8, 13, 21, 34])
[INFO] [1733759009.131147625] [fibonacci_action_client]: Received feedback: array('i', [0, 1, 1, 2, 3, 5, 8, 13, 21, 34, 55])
[INFO] [1733759009.632926071] [fibonacci_action_client]: Result: array('i', [0, 1, 1, 2, 3, 5, 8, 13, 21, 34, 55])
[INFO] [1733759010.133933077] [fibonacci_action_client]: Sending goal with order 10
[INFO] [1733759010.135460701] [fibonacci_action_client]: Goal accepted, waiting for result.
[INFO] [1733759010.136906772] [fibonacci_action_client]: Received feedback: array('i', [0, 1, 1])
[INFO] [1733759010.637975039] [fibonacci_action_client]: Received feedback: array('i', [0, 1, 1, 2])
[INFO] [1733759011.139250805] [fibonacci_action_client]: Received feedback: array('i', [0, 1, 1, 2, 3])
[INFO] [1733759011.640266979] [fibonacci_action_client]: Received feedback: array('i', [0, 1, 1, 2, 3, 5])
[INFO] [1733759012.141534077] [fibonacci_action_client]: Received feedback: array('i', [0, 1, 1, 2, 3, 5, 8])
[INFO] [1733759012.642979244] [fibonacci_action_client]: Received feedback: array('i', [0, 1, 1, 2, 3, 5, 8, 13])
[INFO] [1733759013.144257399] [fibonacci_action_client]: Received feedback: array('i', [0, 1, 1, 2, 3, 5, 8, 13, 21])
[INFO] [1733759013.645788959] [fibonacci_action_client]: Received feedback: array('i', [0, 1, 1, 2, 3, 5, 8, 13, 21, 34])
[INFO] [1733759014.146940427] [fibonacci_action_client]: Received feedback: array('i', [0, 1, 1, 2, 3, 5, 8, 13, 21, 34, 55])
[INFO] [1733759014.648912806] [fibonacci_action_client]: Result: array('i', [0, 1, 1, 2, 3, 5, 8, 13, 21, 34, 55])
[INFO] [1733759015.150337551] [fibonacci_action_client]: Sending goal with order 10
[INFO] [1733759015.151975395] [fibonacci_action_client]: Goal accepted, waiting for result.
[INFO] [1733759015.153536280] [fibonacci_action_client]: Received feedback: array('i', [0, 1, 1])
[INFO] [1733759015.654714167] [fibonacci_action_client]: Received feedback: array('i', [0, 1, 1, 2])
[INFO] [1733759016.156068746] [fibonacci_action_client]: Received feedback: array('i', [0, 1, 1, 2, 3])
[INFO] [1733759016.657197336] [fibonacci_action_client]: Received feedback: array('i', [0, 1, 1, 2, 3, 5])
[INFO] [1733759017.158330967] [fibonacci_action_client]: Received feedback: array('i', [0, 1, 1, 2, 3, 5, 8])
[INFO] [1733759017.659467657] [fibonacci_action_client]: Received feedback: array('i', [0, 1, 1, 2, 3, 5, 8, 13])
[INFO] [1733759018.160990611] [fibonacci_action_client]: Received feedback: array('i', [0, 1, 1, 2, 3, 5, 8, 13, 21])
[INFO] [1733759018.662641164] [fibonacci_action_client]: Received feedback: array('i', [0, 1, 1, 2, 3, 5, 8, 13, 21, 34])
[INFO] [1733759019.164305798] [fibonacci_action_client]: Received feedback: array('i', [0, 1, 1, 2, 3, 5, 8, 13, 21, 34, 55])
[INFO] [1733759019.666402550] [fibonacci_action_client]: Result: array('i', [0, 1, 1, 2, 3, 5, 8, 13, 21, 34, 55])
[INFO] [1733759020.167663744] [fibonacci_action_client]: Sending goal with order 10
[INFO] [1733759020.169338068] [fibonacci_action_client]: Goal accepted, waiting for result.
[INFO] [1733759020.170902217] [fibonacci_action_client]: Received feedback: array('i', [0, 1, 1])
[INFO] [1733759020.671993349] [fibonacci_action_client]: Received feedback: array('i', [0, 1, 1, 2])
[INFO] [1733759021.173312571] [fibonacci_action_client]: Received feedback: array('i', [0, 1, 1, 2, 3])
[INFO] [1733759021.674845416] [fibonacci_action_client]: Received feedback: array('i', [0, 1, 1, 2, 3, 5])
[INFO] [1733759022.176268676] [fibonacci_action_client]: Received feedback: array('i', [0, 1, 1, 2, 3, 5, 8])
[INFO] [1733759022.677892873] [fibonacci_action_client]: Received feedback: array('i', [0, 1, 1, 2, 3, 5, 8, 13])
[INFO] [1733759023.178933902] [fibonacci_action_client]: Received feedback: array('i', [0, 1, 1, 2, 3, 5, 8, 13, 21])
[INFO] [1733759023.680218864] [fibonacci_action_client]: Received feedback: array('i', [0, 1, 1, 2, 3, 5, 8, 13, 21, 34])
[INFO] [1733759024.181800175] [fibonacci_action_client]: Received feedback: array('i', [0, 1, 1, 2, 3, 5, 8, 13, 21, 34, 55])
[INFO] [1733759024.684063324] [fibonacci_action_client]: Result: array('i', [0, 1, 1, 2, 3, 5, 8, 13, 21, 34, 55])
[INFO] [1733759025.185581969] [fibonacci_action_client]: Sending goal with order 10
[INFO] [1733759025.187226012] [fibonacci_action_client]: Goal accepted, waiting for result.
[INFO] [1733759025.189097867] [fibonacci_action_client]: Received feedback: array('i', [0, 1, 1])
[INFO] [1733759025.690138561] [fibonacci_action_client]: Received feedback: array('i', [0, 1, 1, 2])
[INFO] [1733759026.191532211] [fibonacci_action_client]: Received feedback: array('i', [0, 1, 1, 2, 3])
[INFO] [1733759026.692648337] [fibonacci_action_client]: Received feedback: array('i', [0, 1, 1, 2, 3, 5])
[INFO] [1733759027.193809685] [fibonacci_action_client]: Received feedback: array('i', [0, 1, 1, 2, 3, 5, 8])
[INFO] [1733759027.694573862] [fibonacci_action_client]: Received feedback: array('i', [0, 1, 1, 2, 3, 5, 8, 13])
[INFO] [1733759028.196020665] [fibonacci_action_client]: Received feedback: array('i', [0, 1, 1, 2, 3, 5, 8, 13, 21])
[INFO] [1733759028.697539707] [fibonacci_action_client]: Received feedback: array('i', [0, 1, 1, 2, 3, 5, 8, 13, 21, 34])
[INFO] [1733759029.198972183] [fibonacci_action_client]: Received feedback: array('i', [0, 1, 1, 2, 3, 5, 8, 13, 21, 34, 55])
[INFO] [1733759029.701089993] [fibonacci_action_client]: Result: array('i', [0, 1, 1, 2, 3, 5, 8, 13, 21, 34, 55])
[INFO] [1733759030.201874735] [fibonacci_action_client]: Sending goal with order 10
[INFO] [1733759030.203409911] [fibonacci_action_client]: Goal accepted, waiting for result.
[INFO] [1733759030.205022701] [fibonacci_action_client]: Received feedback: array('i', [0, 1, 1])
[INFO] [1733759030.705864610] [fibonacci_action_client]: Received feedback: array('i', [0, 1, 1, 2])
[INFO] [1733759031.206812683] [fibonacci_action_client]: Received feedback: array('i', [0, 1, 1, 2, 3])
[INFO] [1733759031.708192394] [fibonacci_action_client]: Received feedback: array('i', [0, 1, 1, 2, 3, 5])
[INFO] [1733759032.209809971] [fibonacci_action_client]: Received feedback: array('i', [0, 1, 1, 2, 3, 5, 8])
[INFO] [1733759032.711078744] [fibonacci_action_client]: Received feedback: array('i', [0, 1, 1, 2, 3, 5, 8, 13])
[INFO] [1733759033.212463815] [fibonacci_action_client]: Received feedback: array('i', [0, 1, 1, 2, 3, 5, 8, 13, 21])
[INFO] [1733759033.713970244] [fibonacci_action_client]: Received feedback: array('i', [0, 1, 1, 2, 3, 5, 8, 13, 21, 34])
[INFO] [1733759034.215074724] [fibonacci_action_client]: Received feedback: array('i', [0, 1, 1, 2, 3, 5, 8, 13, 21, 34, 55])
[INFO] [1733759034.717209682] [fibonacci_action_client]: Result: array('i', [0, 1, 1, 2, 3, 5, 8, 13, 21, 34, 55])
[INFO] [1733759035.218093545] [fibonacci_action_client]: Sending goal with order 10
[INFO] [1733759035.219683974] [fibonacci_action_client]: Goal accepted, waiting for result.
[INFO] [1733759035.221360116] [fibonacci_action_client]: Received feedback: array('i', [0, 1, 1])
[INFO] [1733759035.722526435] [fibonacci_action_client]: Received feedback: array('i', [0, 1, 1, 2])
[INFO] [1733759036.223860410] [fibonacci_action_client]: Received feedback: array('i', [0, 1, 1, 2, 3])
[INFO] [1733759036.724975984] [fibonacci_action_client]: Received feedback: array('i', [0, 1, 1, 2, 3, 5])
[INFO] [1733759037.226318937] [fibonacci_action_client]: Received feedback: array('i', [0, 1, 1, 2, 3, 5, 8])
[INFO] [1733759037.727392202] [fibonacci_action_client]: Received feedback: array('i', [0, 1, 1, 2, 3, 5, 8, 13])
[INFO] [1733759038.228949188] [fibonacci_action_client]: Received feedback: array('i', [0, 1, 1, 2, 3, 5, 8, 13, 21])
[INFO] [1733759038.730344522] [fibonacci_action_client]: Received feedback: array('i', [0, 1, 1, 2, 3, 5, 8, 13, 21, 34])
[INFO] [1733759039.231851637] [fibonacci_action_client]: Received feedback: array('i', [0, 1, 1, 2, 3, 5, 8, 13, 21, 34, 55])
[INFO] [1733759039.733951506] [fibonacci_action_client]: Result: array('i', [0, 1, 1, 2, 3, 5, 8, 13, 21, 34, 55])
[INFO] [1733759040.235177011] [fibonacci_action_client]: Sending goal with order 10
[INFO] [1733759040.236794721] [fibonacci_action_client]: Goal accepted, waiting for result.
[INFO] [1733759040.238382966] [fibonacci_action_client]: Received feedback: array('i', [0, 1, 1])
[INFO] [1733759040.738943356] [fibonacci_action_client]: Received feedback: array('i', [0, 1, 1, 2])
[INFO] [1733759041.240450829] [fibonacci_action_client]: Received feedback: array('i', [0, 1, 1, 2, 3])
[INFO] [1733759041.741857074] [fibonacci_action_client]: Received feedback: array('i', [0, 1, 1, 2, 3, 5])
[INFO] [1733759042.242846199] [fibonacci_action_client]: Received feedback: array('i', [0, 1, 1, 2, 3, 5, 8])
[INFO] [1733759042.743955920] [fibonacci_action_client]: Received feedback: array('i', [0, 1, 1, 2, 3, 5, 8, 13])
[INFO] [1733759043.245504003] [fibonacci_action_client]: Received feedback: array('i', [0, 1, 1, 2, 3, 5, 8, 13, 21])
[INFO] [1733759043.747047389] [fibonacci_action_client]: Received feedback: array('i', [0, 1, 1, 2, 3, 5, 8, 13, 21, 34])
[INFO] [1733759044.248150566] [fibonacci_action_client]: Received feedback: array('i', [0, 1, 1, 2, 3, 5, 8, 13, 21, 34, 55])
[INFO] [1733759044.750321764] [fibonacci_action_client]: Result: array('i', [0, 1, 1, 2, 3, 5, 8, 13, 21, 34, 55])
[INFO] [1733759045.251551719] [fibonacci_action_client]: Sending goal with order 10
[INFO] [1733759045.253146105] [fibonacci_action_client]: Goal accepted, waiting for result.
[INFO] [1733759045.254798449] [fibonacci_action_client]: Received feedback: array('i', [0, 1, 1])
[INFO] [1733759045.755651502] [fibonacci_action_client]: Received feedback: array('i', [0, 1, 1, 2])
[INFO] [1733759046.257149029] [fibonacci_action_client]: Received feedback: array('i', [0, 1, 1, 2, 3])
[INFO] [1733759046.758257461] [fibonacci_action_client]: Received feedback: array('i', [0, 1, 1, 2, 3, 5])
[INFO] [1733759047.259490505] [fibonacci_action_client]: Received feedback: array('i', [0, 1, 1, 2, 3, 5, 8])
[INFO] [1733759047.760576764] [fibonacci_action_client]: Received feedback: array('i', [0, 1, 1, 2, 3, 5, 8, 13])
[INFO] [1733759048.262107658] [fibonacci_action_client]: Received feedback: array('i', [0, 1, 1, 2, 3, 5, 8, 13, 21])
[INFO] [1733759048.763673375] [fibonacci_action_client]: Received feedback: array('i', [0, 1, 1, 2, 3, 5, 8, 13, 21, 34])
[INFO] [1733759049.265137217] [fibonacci_action_client]: Received feedback: array('i', [0, 1, 1, 2, 3, 5, 8, 13, 21, 34, 55])
[INFO] [1733759049.767335737] [fibonacci_action_client]: Result: array('i', [0, 1, 1, 2, 3, 5, 8, 13, 21, 34, 55])
[INFO] [1733759050.268592698] [fibonacci_action_client]: Sending goal with order 10
[INFO] [1733759050.270182314] [fibonacci_action_client]: Goal accepted, waiting for result.
[INFO] [1733759050.272043614] [fibonacci_action_client]: Received feedback: array('i', [0, 1, 1])
[INFO] [1733759050.772893929] [fibonacci_action_client]: Received feedback: array('i', [0, 1, 1, 2])
[INFO] [1733759051.274158838] [fibonacci_action_client]: Received feedback: array('i', [0, 1, 1, 2, 3])
[INFO] [1733759051.775590801] [fibonacci_action_client]: Received feedback: array('i', [0, 1, 1, 2, 3, 5])
[INFO] [1733759052.277083540] [fibonacci_action_client]: Received feedback: array('i', [0, 1, 1, 2, 3, 5, 8])
[INFO] [1733759052.778599613] [fibonacci_action_client]: Received feedback: array('i', [0, 1, 1, 2, 3, 5, 8, 13])
[INFO] [1733759053.279913771] [fibonacci_action_client]: Received feedback: array('i', [0, 1, 1, 2, 3, 5, 8, 13, 21])
[INFO] [1733759053.781517798] [fibonacci_action_client]: Received feedback: array('i', [0, 1, 1, 2, 3, 5, 8, 13, 21, 34])
[INFO] [1733759054.282607816] [fibonacci_action_client]: Received feedback: array('i', [0, 1, 1, 2, 3, 5, 8, 13, 21, 34, 55])
[INFO] [1733759054.784837397] [fibonacci_action_client]: Result: array('i', [0, 1, 1, 2, 3, 5, 8, 13, 21, 34, 55])
[INFO] [1733759055.285868166] [fibonacci_action_client]: Sending goal with order 10
[INFO] [1733759055.287356409] [fibonacci_action_client]: Goal accepted, waiting for result.
[INFO] [1733759055.289033235] [fibonacci_action_client]: Received feedback: array('i', [0, 1, 1])
[INFO] [1733759055.790392170] [fibonacci_action_client]: Received feedback: array('i', [0, 1, 1, 2])
[INFO] [1733759056.291543680] [fibonacci_action_client]: Received feedback: array('i', [0, 1, 1, 2, 3])
[INFO] [1733759056.792763611] [fibonacci_action_client]: Received feedback: array('i', [0, 1, 1, 2, 3, 5])
[INFO] [1733759057.293863602] [fibonacci_action_client]: Received feedback: array('i', [0, 1, 1, 2, 3, 5, 8])
[INFO] [1733759057.794686256] [fibonacci_action_client]: Received feedback: array('i', [0, 1, 1, 2, 3, 5, 8, 13])
[INFO] [1733759058.296187871] [fibonacci_action_client]: Received feedback: array('i', [0, 1, 1, 2, 3, 5, 8, 13, 21])
[INFO] [1733759058.797852207] [fibonacci_action_client]: Received feedback: array('i', [0, 1, 1, 2, 3, 5, 8, 13, 21, 34])
[INFO] [1733759059.299018848] [fibonacci_action_client]: Received feedback: array('i', [0, 1, 1, 2, 3, 5, 8, 13, 21, 34, 55])
[INFO] [1733759059.801657842] [fibonacci_action_client]: Result: array('i', [0, 1, 1, 2, 3, 5, 8, 13, 21, 34, 55])
[INFO] [1733759060.302919468] [fibonacci_action_client]: Sending goal with order 10
[INFO] [1733759060.304898931] [fibonacci_action_client]: Goal accepted, waiting for result.
[INFO] [1733759060.307062410] [fibonacci_action_client]: Received feedback: array('i', [0, 1, 1])
[INFO] [1733759060.807893686] [fibonacci_action_client]: Received feedback: array('i', [0, 1, 1, 2])
[INFO] [1733759061.309048526] [fibonacci_action_client]: Received feedback: array('i', [0, 1, 1, 2, 3])
[INFO] [1733759061.810870127] [fibonacci_action_client]: Received feedback: array('i', [0, 1, 1, 2, 3, 5])
[INFO] [1733759062.312365285] [fibonacci_action_client]: Received feedback: array('i', [0, 1, 1, 2, 3, 5, 8])
[INFO] [1733759062.814012023] [fibonacci_action_client]: Received feedback: array('i', [0, 1, 1, 2, 3, 5, 8, 13])
[INFO] [1733759063.315022843] [fibonacci_action_client]: Received feedback: array('i', [0, 1, 1, 2, 3, 5, 8, 13, 21])
[INFO] [1733759063.816477509] [fibonacci_action_client]: Received feedback: array('i', [0, 1, 1, 2, 3, 5, 8, 13, 21, 34])
[INFO] [1733759064.317599584] [fibonacci_action_client]: Received feedback: array('i', [0, 1, 1, 2, 3, 5, 8, 13, 21, 34, 55])
[INFO] [1733759064.819747904] [fibonacci_action_client]: Result: array('i', [0, 1, 1, 2, 3, 5, 8, 13, 21, 34, 55])
[INFO] [1733759065.321173851] [fibonacci_action_client]: Sending goal with order 10
[INFO] [1733759065.322841971] [fibonacci_action_client]: Goal accepted, waiting for result.
[INFO] [1733759065.324605112] [fibonacci_action_client]: Received feedback: array('i', [0, 1, 1])
[INFO] [1733759065.825801112] [fibonacci_action_client]: Received feedback: array('i', [0, 1, 1, 2])
[INFO] [1733759066.326663945] [fibonacci_action_client]: Received feedback: array('i', [0, 1, 1, 2, 3])
[INFO] [1733759066.827792674] [fibonacci_action_client]: Received feedback: array('i', [0, 1, 1, 2, 3, 5])
[INFO] [1733759067.329092172] [fibonacci_action_client]: Received feedback: array('i', [0, 1, 1, 2, 3, 5, 8])
[INFO] [1733759067.830433102] [fibonacci_action_client]: Received feedback: array('i', [0, 1, 1, 2, 3, 5, 8, 13])
[INFO] [1733759068.331772311] [fibonacci_action_client]: Received feedback: array('i', [0, 1, 1, 2, 3, 5, 8, 13, 21])
[INFO] [1733759068.833268208] [fibonacci_action_client]: Received feedback: array('i', [0, 1, 1, 2, 3, 5, 8, 13, 21, 34])
[INFO] [1733759069.334945089] [fibonacci_action_client]: Received feedback: array('i', [0, 1, 1, 2, 3, 5, 8, 13, 21, 34, 55])
