[INFO] [1733802950.255819145] [fibonacci_action_server]: Executing goal...
[INFO] [1733802950.256815294] [fibonacci_action_server]: Feedback: array('i', [0, 1, 1])
[INFO] [1733802950.758518334] [fibonacci_action_server]: Feedback: array('i', [0, 1, 1, 2])
[INFO] [1733802951.260406919] [fibonacci_action_server]: Feedback: array('i', [0, 1, 1, 2, 3])
[INFO] [1733802951.762559081] [fibonacci_action_server]: Feedback: array('i', [0, 1, 1, 2, 3, 5])
[INFO] [1733802952.264871956] [fibonacci_action_server]: Feedback: array('i', [0, 1, 1, 2, 3, 5, 8])
[INFO] [1733802952.767043696] [fibonacci_action_server]: Feedback: array('i', [0, 1, 1, 2, 3, 5, 8, 13])
[INFO] [1733802953.268784145] [fibonacci_action_server]: Feedback: array('i', [0, 1, 1, 2, 3, 5, 8, 13, 21])
[INFO] [1733802953.770503189] [fibonacci_action_server]: Feedback: array('i', [0, 1, 1, 2, 3, 5, 8, 13, 21, 34])
[INFO] [1733802954.272175269] [fibonacci_action_server]: Feedback: array('i', [0, 1, 1, 2, 3, 5, 8, 13, 21, 34, 55])
[INFO] [1733802955.281058240] [fibonacci_action_server]: Executing goal...
[INFO] [1733802955.281957588] [fibonacci_action_server]: Feedback: array('i', [0, 1, 1])
[INFO] [1733802955.784120364] [fibonacci_action_server]: Feedback: array('i', [0, 1, 1, 2])
[INFO] [1733802956.285967809] [fibonacci_action_server]: Feedback: array('i', [0, 1, 1, 2, 3])
[INFO] [1733802956.787733623] [fibonacci_action_server]: Feedback: array('i', [0, 1, 1, 2, 3, 5])
[INFO] [1733802957.289563011] [fibonacci_action_server]: Feedback: array('i', [0, 1, 1, 2, 3, 5, 8])
[INFO] [1733802957.791316574] [fibonacci_action_server]: Feedback: array('i', [0, 1, 1, 2, 3, 5, 8, 13])
[INFO] [1733802958.293425820] [fibonacci_action_server]: Feedback: array('i', [0, 1, 1, 2, 3, 5, 8, 13, 21])
[INFO] [1733802958.795148426] [fibonacci_action_server]: Feedback: array('i', [0, 1, 1, 2, 3, 5, 8, 13, 21, 34])
[INFO] [1733802959.296777819] [fibonacci_action_server]: Feedback: array('i', [0, 1, 1, 2, 3, 5, 8, 13, 21, 34, 55])
[INFO] [1733802960.302439822] [fibonacci_action_server]: Executing goal...
[INFO] [1733802960.302815632] [fibonacci_action_server]: Feedback: array('i', [0, 1, 1])
[INFO] [1733802960.804181801] [fibonacci_action_server]: Feedback: array('i', [0, 1, 1, 2])
[INFO] [1733802961.305489079] [fibonacci_action_server]: Feedback: array('i', [0, 1, 1, 2, 3])
[INFO] [1733802961.807074324] [fibonacci_action_server]: Feedback: array('i', [0, 1, 1, 2, 3, 5])
[INFO] [1733802962.308585984] [fibonacci_action_server]: Feedback: array('i', [0, 1, 1, 2, 3, 5, 8])
[INFO] [1733802962.810144369] [fibonacci_action_server]: Feedback: array('i', [0, 1, 1, 2, 3, 5, 8, 13])
[INFO] [1733802963.311611887] [fibonacci_action_server]: Feedback: array('i', [0, 1, 1, 2, 3, 5, 8, 13, 21])
[INFO] [1733802963.812782267] [fibonacci_action_server]: Feedback: array('i', [0, 1, 1, 2, 3, 5, 8, 13, 21, 34])
[INFO] [1733802964.313774556] [fibonacci_action_server]: Feedback: array('i', [0, 1, 1, 2, 3, 5, 8, 13, 21, 34, 55])
[INFO] [1733802965.318886611] [fibonacci_action_server]: Executing goal...
[INFO] [1733802965.319299300] [fibonacci_action_server]: Feedback: array('i', [0, 1, 1])
[INFO] [1733802965.820686820] [fibonacci_action_server]: Feedback: array('i', [0, 1, 1, 2])
[INFO] [1733802966.322040707] [fibonacci_action_server]: Feedback: array('i', [0, 1, 1, 2, 3])
[INFO] [1733802966.823515509] [fibonacci_action_server]: Feedback: array('i', [0, 1, 1, 2, 3, 5])
[INFO] [1733802967.325034401] [fibonacci_action_server]: Feedback: array('i', [0, 1, 1, 2, 3, 5, 8])
[INFO] [1733802967.826075467] [fibonacci_action_server]: Feedback: array('i', [0, 1, 1, 2, 3, 5, 8, 13])
[INFO] [1733802968.327315917] [fibonacci_action_server]: Feedback: array('i', [0, 1, 1, 2, 3, 5, 8, 13, 21])
[INFO] [1733802968.828926269] [fibonacci_action_server]: Feedback: array('i', [0, 1, 1, 2, 3, 5, 8, 13, 21, 34])
[INFO] [1733802969.330623983] [fibonacci_action_server]: Feedback: array('i', [0, 1, 1, 2, 3, 5, 8, 13, 21, 34, 55])
[INFO] [1733802970.336841005] [fibonacci_action_server]: Executing goal...
[INFO] [1733802970.337508725] [fibonacci_action_server]: Feedback: array('i', [0, 1, 1])
[INFO] [1733802970.838732722] [fibonacci_action_server]: Feedback: array('i', [0, 1, 1, 2])
[INFO] [1733802971.339995110] [fibonacci_action_server]: Feedback: array('i', [0, 1, 1, 2, 3])
[INFO] [1733802971.841679735] [fibonacci_action_server]: Feedback: array('i', [0, 1, 1, 2, 3, 5])
[INFO] [1733802972.343186771] [fibonacci_action_server]: Feedback: array('i', [0, 1, 1, 2, 3, 5, 8])
[INFO] [1733802972.844632879] [fibonacci_action_server]: Feedback: array('i', [0, 1, 1, 2, 3, 5, 8, 13])
[INFO] [1733802973.345784875] [fibonacci_action_server]: Feedback: array('i', [0, 1, 1, 2, 3, 5, 8, 13, 21])
[INFO] [1733802973.846919493] [fibonacci_action_server]: Feedback: array('i', [0, 1, 1, 2, 3, 5, 8, 13, 21, 34])
[INFO] [1733802974.348089320] [fibonacci_action_server]: Feedback: array('i', [0, 1, 1, 2, 3, 5, 8, 13, 21, 34, 55])
[INFO] [1733802975.353537597] [fibonacci_action_server]: Executing goal...
[INFO] [1733802975.353917931] [fibonacci_action_server]: Feedback: array('i', [0, 1, 1])
[INFO] [1733802975.855203046] [fibonacci_action_server]: Feedback: array('i', [0, 1, 1, 2])
[INFO] [1733802976.356762343] [fibonacci_action_server]: Feedback: array('i', [0, 1, 1, 2, 3])
[INFO] [1733802976.857909951] [fibonacci_action_server]: Feedback: array('i', [0, 1, 1, 2, 3, 5])
[INFO] [1733802977.359435840] [fibonacci_action_server]: Feedback: array('i', [0, 1, 1, 2, 3, 5, 8])
[INFO] [1733802977.860952215] [fibonacci_action_server]: Feedback: array('i', [0, 1, 1, 2, 3, 5, 8, 13])
[INFO] [1733802978.362044213] [fibonacci_action_server]: Feedback: array('i', [0, 1, 1, 2, 3, 5, 8, 13, 21])
[INFO] [1733802978.863681676] [fibonacci_action_server]: Feedback: array('i', [0, 1, 1, 2, 3, 5, 8, 13, 21, 34])
[INFO] [1733802979.365267610] [fibonacci_action_server]: Feedback: array('i', [0, 1, 1, 2, 3, 5, 8, 13, 21, 34, 55])
[INFO] [1733802980.370506570] [fibonacci_action_server]: Executing goal...
[INFO] [1733802980.370886612] [fibonacci_action_server]: Feedback: array('i', [0, 1, 1])
[INFO] [1733802980.872190746] [fibonacci_action_server]: Feedback: array('i', [0, 1, 1, 2])
[INFO] [1733802981.373516800] [fibonacci_action_server]: Feedback: array('i', [0, 1, 1, 2, 3])
[INFO] [1733802981.874618016] [fibonacci_action_server]: Feedback: array('i', [0, 1, 1, 2, 3, 5])
[INFO] [1733802982.376102651] [fibonacci_action_server]: Feedback: array('i', [0, 1, 1, 2, 3, 5, 8])
[INFO] [1733802982.877751286] [fibonacci_action_server]: Feedback: array('i', [0, 1, 1, 2, 3, 5, 8, 13])
[INFO] [1733802983.379085735] [fibonacci_action_server]: Feedback: array('i', [0, 1, 1, 2, 3, 5, 8, 13, 21])
[INFO] [1733802983.880266472] [fibonacci_action_server]: Feedback: array('i', [0, 1, 1, 2, 3, 5, 8, 13, 21, 34])
[INFO] [1733802984.381585317] [fibonacci_action_server]: Feedback: array('i', [0, 1, 1, 2, 3, 5, 8, 13, 21, 34, 55])
[INFO] [1733802985.387644282] [fibonacci_action_server]: Executing goal...
[INFO] [1733802985.388286842] [fibonacci_action_server]: Feedback: array('i', [0, 1, 1])
[INFO] [1733802985.889754677] [fibonacci_action_server]: Feedback: array('i', [0, 1, 1, 2])
[INFO] [1733802986.391057456] [fibonacci_action_server]: Feedback: array('i', [0, 1, 1, 2, 3])
[INFO] [1733802986.892548958] [fibonacci_action_server]: Feedback: array('i', [0, 1, 1, 2, 3, 5])
[INFO] [1733802987.394101613] [fibonacci_action_server]: Feedback: array('i', [0, 1, 1, 2, 3, 5, 8])
[INFO] [1733802987.895529980] [fibonacci_action_server]: Feedback: array('i', [0, 1, 1, 2, 3, 5, 8, 13])
[INFO] [1733802988.396721984] [fibonacci_action_server]: Feedback: array('i', [0, 1, 1, 2, 3, 5, 8, 13, 21])
[INFO] [1733802988.897991830] [fibonacci_action_server]: Feedback: array('i', [0, 1, 1, 2, 3, 5, 8, 13, 21, 34])
[INFO] [1733802989.399247398] [fibonacci_action_server]: Feedback: array('i', [0, 1, 1, 2, 3, 5, 8, 13, 21, 34, 55])
[INFO] [1733802990.405307273] [fibonacci_action_server]: Executing goal...
[INFO] [1733802990.405965545] [fibonacci_action_server]: Feedback: array('i', [0, 1, 1])
[INFO] [1733802990.907049452] [fibonacci_action_server]: Feedback: array('i', [0, 1, 1, 2])
[INFO] [1733802991.408556441] [fibonacci_action_server]: Feedback: array('i', [0, 1, 1, 2, 3])
[INFO] [1733802991.909749523] [fibonacci_action_server]: Feedback: array('i', [0, 1, 1, 2, 3, 5])
[INFO] [1733802992.411138479] [fibonacci_action_server]: Feedback: array('i', [0, 1, 1, 2, 3, 5, 8])
[INFO] [1733802992.912328245] [fibonacci_action_server]: Feedback: array('i', [0, 1, 1, 2, 3, 5, 8, 13])
[INFO] [1733802993.413475044] [fibonacci_action_server]: Feedback: array('i', [0, 1, 1, 2, 3, 5, 8, 13, 21])
[INFO] [1733802993.914648969] [fibonacci_action_server]: Feedback: array('i', [0, 1, 1, 2, 3, 5, 8, 13, 21, 34])
[INFO] [1733802994.416085502] [fibonacci_action_server]: Feedback: array('i', [0, 1, 1, 2, 3, 5, 8, 13, 21, 34, 55])
[INFO] [1733802995.421923409] [fibonacci_action_server]: Executing goal...
[INFO] [1733802995.422587207] [fibonacci_action_server]: Feedback: array('i', [0, 1, 1])
[INFO] [1733802995.924039379] [fibonacci_action_server]: Feedback: array('i', [0, 1, 1, 2])
[INFO] [1733802996.425276133] [fibonacci_action_server]: Feedback: array('i', [0, 1, 1, 2, 3])
[INFO] [1733802996.926481906] [fibonacci_action_server]: Feedback: array('i', [0, 1, 1, 2, 3, 5])
[INFO] [1733802997.428009497] [fibonacci_action_server]: Feedback: array('i', [0, 1, 1, 2, 3, 5, 8])
[INFO] [1733802997.929651952] [fibonacci_action_server]: Feedback: array('i', [0, 1, 1, 2, 3, 5, 8, 13])
[INFO] [1733802998.431008880] [fibonacci_action_server]: Feedback: array('i', [0, 1, 1, 2, 3, 5, 8, 13, 21])
[INFO] [1733802998.932463236] [fibonacci_action_server]: Feedback: array('i', [0, 1, 1, 2, 3, 5, 8, 13, 21, 34])
[INFO] [1733802999.434047921] [fibonacci_action_server]: Feedback: array('i', [0, 1, 1, 2, 3, 5, 8, 13, 21, 34, 55])
[INFO] [1733803000.439871425] [fibonacci_action_server]: Executing goal...
[INFO] [1733803000.440245406] [fibonacci_action_server]: Feedback: array('i', [0, 1, 1])
[INFO] [1733803000.941514892] [fibonacci_action_server]: Feedback: array('i', [0, 1, 1, 2])
[INFO] [1733803001.442837533] [fibonacci_action_server]: Feedback: array('i', [0, 1, 1, 2, 3])
[INFO] [1733803001.944012684] [fibonacci_action_server]: Feedback: array('i', [0, 1, 1, 2, 3, 5])
[INFO] [1733803002.445167843] [fibonacci_action_server]: Feedback: array('i', [0, 1, 1, 2, 3, 5, 8])
[INFO] [1733803002.946386255] [fibonacci_action_server]: Feedback: array('i', [0, 1, 1, 2, 3, 5, 8, 13])
[INFO] [1733803003.447627517] [fibonacci_action_server]: Feedback: array('i', [0, 1, 1, 2, 3, 5, 8, 13, 21])
[INFO] [1733803003.949116323] [fibonacci_action_server]: Feedback: array('i', [0, 1, 1, 2, 3, 5, 8, 13, 21, 34])
[INFO] [1733803004.450125470] [fibonacci_action_server]: Feedback: array('i', [0, 1, 1, 2, 3, 5, 8, 13, 21, 34, 55])
[INFO] [1733803005.455783891] [fibonacci_action_server]: Executing goal...
[INFO] [1733803005.456153153] [fibonacci_action_server]: Feedback: array('i', [0, 1, 1])
[INFO] [1733803005.957630889] [fibonacci_action_server]: Feedback: array('i', [0, 1, 1, 2])
[INFO] [1733803006.459038625] [fibonacci_action_server]: Feedback: array('i', [0, 1, 1, 2, 3])
[INFO] [1733803006.960236449] [fibonacci_action_server]: Feedback: array('i', [0, 1, 1, 2, 3, 5])
[INFO] [1733803007.461831106] [fibonacci_action_server]: Feedback: array('i', [0, 1, 1, 2, 3, 5, 8])
[INFO] [1733803007.963286517] [fibonacci_action_server]: Feedback: array('i', [0, 1, 1, 2, 3, 5, 8, 13])
[INFO] [1733803008.464767424] [fibonacci_action_server]: Feedback: array('i', [0, 1, 1, 2, 3, 5, 8, 13, 21])
[INFO] [1733803008.966089941] [fibonacci_action_server]: Feedback: array('i', [0, 1, 1, 2, 3, 5, 8, 13, 21, 34])
[INFO] [1733803009.467581000] [fibonacci_action_server]: Feedback: array('i', [0, 1, 1, 2, 3, 5, 8, 13, 21, 34, 55])
[INFO] [1733803010.473080627] [fibonacci_action_server]: Executing goal...
[INFO] [1733803010.473520134] [fibonacci_action_server]: Feedback: array('i', [0, 1, 1])
[INFO] [1733803010.974860977] [fibonacci_action_server]: Feedback: array('i', [0, 1, 1, 2])
[INFO] [1733803011.476159579] [fibonacci_action_server]: Feedback: array('i', [0, 1, 1, 2, 3])
[INFO] [1733803011.977736557] [fibonacci_action_server]: Feedback: array('i', [0, 1, 1, 2, 3, 5])
[INFO] [1733803012.479119549] [fibonacci_action_server]: Feedback: array('i', [0, 1, 1, 2, 3, 5, 8])
[INFO] [1733803012.980401875] [fibonacci_action_server]: Feedback: array('i', [0, 1, 1, 2, 3, 5, 8, 13])
[INFO] [1733803013.481805293] [fibonacci_action_server]: Feedback: array('i', [0, 1, 1, 2, 3, 5, 8, 13, 21])
[INFO] [1733803013.983060950] [fibonacci_action_server]: Feedback: array('i', [0, 1, 1, 2, 3, 5, 8, 13, 21, 34])
[INFO] [1733803014.484574793] [fibonacci_action_server]: Feedback: array('i', [0, 1, 1, 2, 3, 5, 8, 13, 21, 34, 55])
[INFO] [1733803015.490394379] [fibonacci_action_server]: Executing goal...
[INFO] [1733803015.490804822] [fibonacci_action_server]: Feedback: array('i', [0, 1, 1])
[INFO] [1733803015.991900684] [fibonacci_action_server]: Feedback: array('i', [0, 1, 1, 2])
[INFO] [1733803016.493627662] [fibonacci_action_server]: Feedback: array('i', [0, 1, 1, 2, 3])
[INFO] [1733803016.994861944] [fibonacci_action_server]: Feedback: array('i', [0, 1, 1, 2, 3, 5])
[INFO] [1733803017.496448516] [fibonacci_action_server]: Feedback: array('i', [0, 1, 1, 2, 3, 5, 8])
[INFO] [1733803017.997933665] [fibonacci_action_server]: Feedback: array('i', [0, 1, 1, 2, 3, 5, 8, 13])
[INFO] [1733803018.499380476] [fibonacci_action_server]: Feedback: array('i', [0, 1, 1, 2, 3, 5, 8, 13, 21])
[INFO] [1733803019.000876589] [fibonacci_action_server]: Feedback: array('i', [0, 1, 1, 2, 3, 5, 8, 13, 21, 34])
[INFO] [1733803019.502178582] [fibonacci_action_server]: Feedback: array('i', [0, 1, 1, 2, 3, 5, 8, 13, 21, 34, 55])
[INFO] [1733803020.508248325] [fibonacci_action_server]: Executing goal...
[INFO] [1733803020.508656056] [fibonacci_action_server]: Feedback: array('i', [0, 1, 1])
[INFO] [1733803021.010135867] [fibonacci_action_server]: Feedback: array('i', [0, 1, 1, 2])
[INFO] [1733803021.511588003] [fibonacci_action_server]: Feedback: array('i', [0, 1, 1, 2, 3])
[INFO] [1733803022.013068009] [fibonacci_action_server]: Feedback: array('i', [0, 1, 1, 2, 3, 5])
[INFO] [1733803022.514281290] [fibonacci_action_server]: Feedback: array('i', [0, 1, 1, 2, 3, 5, 8])
[INFO] [1733803023.015453788] [fibonacci_action_server]: Feedback: array('i', [0, 1, 1, 2, 3, 5, 8, 13])
[INFO] [1733803023.516615779] [fibonacci_action_server]: Feedback: array('i', [0, 1, 1, 2, 3, 5, 8, 13, 21])
[INFO] [1733803024.018349247] [fibonacci_action_server]: Feedback: array('i', [0, 1, 1, 2, 3, 5, 8, 13, 21, 34])
[INFO] [1733803024.520203868] [fibonacci_action_server]: Feedback: array('i', [0, 1, 1, 2, 3, 5, 8, 13, 21, 34, 55])
[INFO] [1733803025.526038947] [fibonacci_action_server]: Executing goal...
[INFO] [1733803025.526433210] [fibonacci_action_server]: Feedback: array('i', [0, 1, 1])
[INFO] [1733803026.027760994] [fibonacci_action_server]: Feedback: array('i', [0, 1, 1, 2])
[INFO] [1733803026.529281934] [fibonacci_action_server]: Feedback: array('i', [0, 1, 1, 2, 3])
[INFO] [1733803027.030673202] [fibonacci_action_server]: Feedback: array('i', [0, 1, 1, 2, 3, 5])
[INFO] [1733803027.532233854] [fibonacci_action_server]: Feedback: array('i', [0, 1, 1, 2, 3, 5, 8])
[INFO] [1733803028.033763070] [fibonacci_action_server]: Feedback: array('i', [0, 1, 1, 2, 3, 5, 8, 13])
[INFO] [1733803028.535179872] [fibonacci_action_server]: Feedback: array('i', [0, 1, 1, 2, 3, 5, 8, 13, 21])
[INFO] [1733803029.036678630] [fibonacci_action_server]: Feedback: array('i', [0, 1, 1, 2, 3, 5, 8, 13, 21, 34])
[INFO] [1733803029.538147560] [fibonacci_action_server]: Feedback: array('i', [0, 1, 1, 2, 3, 5, 8, 13, 21, 34, 55])
[INFO] [1733803030.543282238] [fibonacci_action_server]: Executing goal...
[INFO] [1733803030.543662560] [fibonacci_action_server]: Feedback: array('i', [0, 1, 1])
[INFO] [1733803031.045052513] [fibonacci_action_server]: Feedback: array('i', [0, 1, 1, 2])
[INFO] [1733803031.546137383] [fibonacci_action_server]: Feedback: array('i', [0, 1, 1, 2, 3])
[INFO] [1733803032.047579090] [fibonacci_action_server]: Feedback: array('i', [0, 1, 1, 2, 3, 5])
[INFO] [1733803032.549084935] [fibonacci_action_server]: Feedback: array('i', [0, 1, 1, 2, 3, 5, 8])
[INFO] [1733803033.050246937] [fibonacci_action_server]: Feedback: array('i', [0, 1, 1, 2, 3, 5, 8, 13])
[INFO] [1733803033.551656681] [fibonacci_action_server]: Feedback: array('i', [0, 1, 1, 2, 3, 5, 8, 13, 21])
[INFO] [1733803034.053174426] [fibonacci_action_server]: Feedback: array('i', [0, 1, 1, 2, 3, 5, 8, 13, 21, 34])
[INFO] [1733803034.554750074] [fibonacci_action_server]: Feedback: array('i', [0, 1, 1, 2, 3, 5, 8, 13, 21, 34, 55])
[INFO] [1733803035.560724809] [fibonacci_action_server]: Executing goal...
[INFO] [1733803035.561095010] [fibonacci_action_server]: Feedback: array('i', [0, 1, 1])
[INFO] [1733803036.062026856] [fibonacci_action_server]: Feedback: array('i', [0, 1, 1, 2])
[INFO] [1733803036.563332436] [fibonacci_action_server]: Feedback: array('i', [0, 1, 1, 2, 3])
[INFO] [1733803037.064795471] [fibonacci_action_server]: Feedback: array('i', [0, 1, 1, 2, 3, 5])
[INFO] [1733803037.566163686] [fibonacci_action_server]: Feedback: array('i', [0, 1, 1, 2, 3, 5, 8])
[INFO] [1733803038.067840316] [fibonacci_action_server]: Feedback: array('i', [0, 1, 1, 2, 3, 5, 8, 13])
[INFO] [1733803038.569372962] [fibonacci_action_server]: Feedback: array('i', [0, 1, 1, 2, 3, 5, 8, 13, 21])
[INFO] [1733803039.070793000] [fibonacci_action_server]: Feedback: array('i', [0, 1, 1, 2, 3, 5, 8, 13, 21, 34])
[INFO] [1733803039.572295640] [fibonacci_action_server]: Feedback: array('i', [0, 1, 1, 2, 3, 5, 8, 13, 21, 34, 55])
[INFO] [1733803040.577656532] [fibonacci_action_server]: Executing goal...
[INFO] [1733803040.578093576] [fibonacci_action_server]: Feedback: array('i', [0, 1, 1])
[INFO] [1733803041.079543206] [fibonacci_action_server]: Feedback: array('i', [0, 1, 1, 2])
[INFO] [1733803041.581073615] [fibonacci_action_server]: Feedback: array('i', [0, 1, 1, 2, 3])
[INFO] [1733803042.082098976] [fibonacci_action_server]: Feedback: array('i', [0, 1, 1, 2, 3, 5])
[INFO] [1733803042.583502277] [fibonacci_action_server]: Feedback: array('i', [0, 1, 1, 2, 3, 5, 8])
[INFO] [1733803043.084723260] [fibonacci_action_server]: Feedback: array('i', [0, 1, 1, 2, 3, 5, 8, 13])
[INFO] [1733803043.586074961] [fibonacci_action_server]: Feedback: array('i', [0, 1, 1, 2, 3, 5, 8, 13, 21])
[INFO] [1733803044.087532185] [fibonacci_action_server]: Feedback: array('i', [0, 1, 1, 2, 3, 5, 8, 13, 21, 34])
[INFO] [1733803044.589167956] [fibonacci_action_server]: Feedback: array('i', [0, 1, 1, 2, 3, 5, 8, 13, 21, 34, 55])
[INFO] [1733803045.594975160] [fibonacci_action_server]: Executing goal...
[INFO] [1733803045.595348218] [fibonacci_action_server]: Feedback: array('i', [0, 1, 1])
[INFO] [1733803046.096688463] [fibonacci_action_server]: Feedback: array('i', [0, 1, 1, 2])
[INFO] [1733803046.598083674] [fibonacci_action_server]: Feedback: array('i', [0, 1, 1, 2, 3])
[INFO] [1733803047.099535846] [fibonacci_action_server]: Feedback: array('i', [0, 1, 1, 2, 3, 5])
[INFO] [1733803047.600853915] [fibonacci_action_server]: Feedback: array('i', [0, 1, 1, 2, 3, 5, 8])
[INFO] [1733803048.102469118] [fibonacci_action_server]: Feedback: array('i', [0, 1, 1, 2, 3, 5, 8, 13])
[INFO] [1733803048.604073800] [fibonacci_action_server]: Feedback: array('i', [0, 1, 1, 2, 3, 5, 8, 13, 21])
[INFO] [1733803049.105249141] [fibonacci_action_server]: Feedback: array('i', [0, 1, 1, 2, 3, 5, 8, 13, 21, 34])
[INFO] [1733803049.606679565] [fibonacci_action_server]: Feedback: array('i', [0, 1, 1, 2, 3, 5, 8, 13, 21, 34, 55])
[INFO] [1733803050.612046212] [fibonacci_action_server]: Executing goal...
[INFO] [1733803050.612432381] [fibonacci_action_server]: Feedback: array('i', [0, 1, 1])
[INFO] [1733803051.113944451] [fibonacci_action_server]: Feedback: array('i', [0, 1, 1, 2])
[INFO] [1733803051.615431601] [fibonacci_action_server]: Feedback: array('i', [0, 1, 1, 2, 3])
[INFO] [1733803052.116923283] [fibonacci_action_server]: Feedback: array('i', [0, 1, 1, 2, 3, 5])
[INFO] [1733803052.617910305] [fibonacci_action_server]: Feedback: array('i', [0, 1, 1, 2, 3, 5, 8])
[INFO] [1733803053.119055059] [fibonacci_action_server]: Feedback: array('i', [0, 1, 1, 2, 3, 5, 8, 13])
[INFO] [1733803053.620177095] [fibonacci_action_server]: Feedback: array('i', [0, 1, 1, 2, 3, 5, 8, 13, 21])
[INFO] [1733803054.121736018] [fibonacci_action_server]: Feedback: array('i', [0, 1, 1, 2, 3, 5, 8, 13, 21, 34])
[INFO] [1733803054.623235082] [fibonacci_action_server]: Feedback: array('i', [0, 1, 1, 2, 3, 5, 8, 13, 21, 34, 55])
[INFO] [1733803055.628629364] [fibonacci_action_server]: Executing goal...
[INFO] [1733803055.629011660] [fibonacci_action_server]: Feedback: array('i', [0, 1, 1])
[INFO] [1733803056.129820298] [fibonacci_action_server]: Feedback: array('i', [0, 1, 1, 2])
[INFO] [1733803056.630987589] [fibonacci_action_server]: Feedback: array('i', [0, 1, 1, 2, 3])
[INFO] [1733803057.132065718] [fibonacci_action_server]: Feedback: array('i', [0, 1, 1, 2, 3, 5])
[INFO] [1733803057.633219569] [fibonacci_action_server]: Feedback: array('i', [0, 1, 1, 2, 3, 5, 8])
[INFO] [1733803058.134555550] [fibonacci_action_server]: Feedback: array('i', [0, 1, 1, 2, 3, 5, 8, 13])
[INFO] [1733803058.635996966] [fibonacci_action_server]: Feedback: array('i', [0, 1, 1, 2, 3, 5, 8, 13, 21])
[INFO] [1733803059.137531878] [fibonacci_action_server]: Feedback: array('i', [0, 1, 1, 2, 3, 5, 8, 13, 21, 34])
[INFO] [1733803059.638969172] [fibonacci_action_server]: Feedback: array('i', [0, 1, 1, 2, 3, 5, 8, 13, 21, 34, 55])
[INFO] [1733803060.644882834] [fibonacci_action_server]: Executing goal...
[INFO] [1733803060.645260884] [fibonacci_action_server]: Feedback: array('i', [0, 1, 1])
[INFO] [1733803061.146502852] [fibonacci_action_server]: Feedback: array('i', [0, 1, 1, 2])
[INFO] [1733803061.647920753] [fibonacci_action_server]: Feedback: array('i', [0, 1, 1, 2, 3])
[INFO] [1733803062.149431030] [fibonacci_action_server]: Feedback: array('i', [0, 1, 1, 2, 3, 5])
[INFO] [1733803062.650947413] [fibonacci_action_server]: Feedback: array('i', [0, 1, 1, 2, 3, 5, 8])
[INFO] [1733803063.152715013] [fibonacci_action_server]: Feedback: array('i', [0, 1, 1, 2, 3, 5, 8, 13])
[INFO] [1733803063.653766787] [fibonacci_action_server]: Feedback: array('i', [0, 1, 1, 2, 3, 5, 8, 13, 21])
[INFO] [1733803064.155060473] [fibonacci_action_server]: Feedback: array('i', [0, 1, 1, 2, 3, 5, 8, 13, 21, 34])
[INFO] [1733803064.656352189] [fibonacci_action_server]: Feedback: array('i', [0, 1, 1, 2, 3, 5, 8, 13, 21, 34, 55])
[INFO] [1733803065.661932811] [fibonacci_action_server]: Executing goal...
[INFO] [1733803065.662476577] [fibonacci_action_server]: Feedback: array('i', [0, 1, 1])
[INFO] [1733803066.163805810] [fibonacci_action_server]: Feedback: array('i', [0, 1, 1, 2])
[INFO] [1733803066.665374457] [fibonacci_action_server]: Feedback: array('i', [0, 1, 1, 2, 3])
[INFO] [1733803067.166101096] [fibonacci_action_server]: Feedback: array('i', [0, 1, 1, 2, 3, 5])
[INFO] [1733803067.667572309] [fibonacci_action_server]: Feedback: array('i', [0, 1, 1, 2, 3, 5, 8])
[INFO] [1733803068.169107810] [fibonacci_action_server]: Feedback: array('i', [0, 1, 1, 2, 3, 5, 8, 13])
[INFO] [1733803068.670057198] [fibonacci_action_server]: Feedback: array('i', [0, 1, 1, 2, 3, 5, 8, 13, 21])
[INFO] [1733803069.171595444] [fibonacci_action_server]: Feedback: array('i', [0, 1, 1, 2, 3, 5, 8, 13, 21, 34])
[INFO] [1733803069.673103806] [fibonacci_action_server]: Feedback: array('i', [0, 1, 1, 2, 3, 5, 8, 13, 21, 34, 55])
[INFO] [1733803070.678912222] [fibonacci_action_server]: Executing goal...
[INFO] [1733803070.679321858] [fibonacci_action_server]: Feedback: array('i', [0, 1, 1])
[INFO] [1733803071.180689362] [fibonacci_action_server]: Feedback: array('i', [0, 1, 1, 2])
[INFO] [1733803071.682112933] [fibonacci_action_server]: Feedback: array('i', [0, 1, 1, 2, 3])
[INFO] [1733803072.183402469] [fibonacci_action_server]: Feedback: array('i', [0, 1, 1, 2, 3, 5])
[INFO] [1733803072.684600907] [fibonacci_action_server]: Feedback: array('i', [0, 1, 1, 2, 3, 5, 8])
[INFO] [1733803073.186168043] [fibonacci_action_server]: Feedback: array('i', [0, 1, 1, 2, 3, 5, 8, 13])
[INFO] [1733803073.687789569] [fibonacci_action_server]: Feedback: array('i', [0, 1, 1, 2, 3, 5, 8, 13, 21])
[INFO] [1733803074.189462931] [fibonacci_action_server]: Feedback: array('i', [0, 1, 1, 2, 3, 5, 8, 13, 21, 34])
[INFO] [1733803074.690864926] [fibonacci_action_server]: Feedback: array('i', [0, 1, 1, 2, 3, 5, 8, 13, 21, 34, 55])
[INFO] [1733803075.696747539] [fibonacci_action_server]: Executing goal...
[INFO] [1733803075.697128638] [fibonacci_action_server]: Feedback: array('i', [0, 1, 1])
[INFO] [1733803076.198104941] [fibonacci_action_server]: Feedback: array('i', [0, 1, 1, 2])
[INFO] [1733803076.699574733] [fibonacci_action_server]: Feedback: array('i', [0, 1, 1, 2, 3])
[INFO] [1733803077.200784065] [fibonacci_action_server]: Feedback: array('i', [0, 1, 1, 2, 3, 5])
[INFO] [1733803077.702120320] [fibonacci_action_server]: Feedback: array('i', [0, 1, 1, 2, 3, 5, 8])
[INFO] [1733803078.203548280] [fibonacci_action_server]: Feedback: array('i', [0, 1, 1, 2, 3, 5, 8, 13])
[INFO] [1733803078.705041299] [fibonacci_action_server]: Feedback: array('i', [0, 1, 1, 2, 3, 5, 8, 13, 21])
[INFO] [1733803079.206084651] [fibonacci_action_server]: Feedback: array('i', [0, 1, 1, 2, 3, 5, 8, 13, 21, 34])
[INFO] [1733803079.707604241] [fibonacci_action_server]: Feedback: array('i', [0, 1, 1, 2, 3, 5, 8, 13, 21, 34, 55])
[INFO] [1733803080.713082934] [fibonacci_action_server]: Executing goal...
[INFO] [1733803080.713486748] [fibonacci_action_server]: Feedback: array('i', [0, 1, 1])
[INFO] [1733803081.214097357] [fibonacci_action_server]: Feedback: array('i', [0, 1, 1, 2])
[INFO] [1733803081.715522181] [fibonacci_action_server]: Feedback: array('i', [0, 1, 1, 2, 3])
[INFO] [1733803082.216996833] [fibonacci_action_server]: Feedback: array('i', [0, 1, 1, 2, 3, 5])
[INFO] [1733803082.717732220] [fibonacci_action_server]: Feedback: array('i', [0, 1, 1, 2, 3, 5, 8])
[INFO] [1733803083.219454677] [fibonacci_action_server]: Feedback: array('i', [0, 1, 1, 2, 3, 5, 8, 13])
[INFO] [1733803083.720607088] [fibonacci_action_server]: Feedback: array('i', [0, 1, 1, 2, 3, 5, 8, 13, 21])
[INFO] [1733803084.222223466] [fibonacci_action_server]: Feedback: array('i', [0, 1, 1, 2, 3, 5, 8, 13, 21, 34])
[INFO] [1733803084.723513853] [fibonacci_action_server]: Feedback: array('i', [0, 1, 1, 2, 3, 5, 8, 13, 21, 34, 55])
[INFO] [1733803085.729734715] [fibonacci_action_server]: Executing goal...
[INFO] [1733803085.730251956] [fibonacci_action_server]: Feedback: array('i', [0, 1, 1])
[INFO] [1733803086.231554983] [fibonacci_action_server]: Feedback: array('i', [0, 1, 1, 2])
[INFO] [1733803086.733068137] [fibonacci_action_server]: Feedback: array('i', [0, 1, 1, 2, 3])
[INFO] [1733803087.234342592] [fibonacci_action_server]: Feedback: array('i', [0, 1, 1, 2, 3, 5])
[INFO] [1733803087.735956314] [fibonacci_action_server]: Feedback: array('i', [0, 1, 1, 2, 3, 5, 8])
[INFO] [1733803088.237446538] [fibonacci_action_server]: Feedback: array('i', [0, 1, 1, 2, 3, 5, 8, 13])
[INFO] [1733803088.739035560] [fibonacci_action_server]: Feedback: array('i', [0, 1, 1, 2, 3, 5, 8, 13, 21])
[INFO] [1733803089.240502514] [fibonacci_action_server]: Feedback: array('i', [0, 1, 1, 2, 3, 5, 8, 13, 21, 34])
[INFO] [1733803089.742106651] [fibonacci_action_server]: Feedback: array('i', [0, 1, 1, 2, 3, 5, 8, 13, 21, 34, 55])
[INFO] [1733803090.747794631] [fibonacci_action_server]: Executing goal...
[INFO] [1733803090.748164798] [fibonacci_action_server]: Feedback: array('i', [0, 1, 1])
[INFO] [1733803091.249643072] [fibonacci_action_server]: Feedback: array('i', [0, 1, 1, 2])
[INFO] [1733803091.751067535] [fibonacci_action_server]: Feedback: array('i', [0, 1, 1, 2, 3])
[INFO] [1733803092.252500986] [fibonacci_action_server]: Feedback: array('i', [0, 1, 1, 2, 3, 5])
[INFO] [1733803092.753691323] [fibonacci_action_server]: Feedback: array('i', [0, 1, 1, 2, 3, 5, 8])
[INFO] [1733803093.254836064] [fibonacci_action_server]: Feedback: array('i', [0, 1, 1, 2, 3, 5, 8, 13])
[INFO] [1733803093.755909071] [fibonacci_action_server]: Feedback: array('i', [0, 1, 1, 2, 3, 5, 8, 13, 21])
[INFO] [1733803094.257021799] [fibonacci_action_server]: Feedback: array('i', [0, 1, 1, 2, 3, 5, 8, 13, 21, 34])
[INFO] [1733803094.758632990] [fibonacci_action_server]: Feedback: array('i', [0, 1, 1, 2, 3, 5, 8, 13, 21, 34, 55])
[INFO] [1733803095.764879406] [fibonacci_action_server]: Executing goal...
[INFO] [1733803095.765284849] [fibonacci_action_server]: Feedback: array('i', [0, 1, 1])
[INFO] [1733803096.266040728] [fibonacci_action_server]: Feedback: array('i', [0, 1, 1, 2])
[INFO] [1733803096.767486805] [fibonacci_action_server]: Feedback: array('i', [0, 1, 1, 2, 3])
[INFO] [1733803097.268987348] [fibonacci_action_server]: Feedback: array('i', [0, 1, 1, 2, 3, 5])
[INFO] [1733803097.770208007] [fibonacci_action_server]: Feedback: array('i', [0, 1, 1, 2, 3, 5, 8])
[INFO] [1733803098.271822962] [fibonacci_action_server]: Feedback: array('i', [0, 1, 1, 2, 3, 5, 8, 13])
[INFO] [1733803098.773449439] [fibonacci_action_server]: Feedback: array('i', [0, 1, 1, 2, 3, 5, 8, 13, 21])
[INFO] [1733803099.274730234] [fibonacci_action_server]: Feedback: array('i', [0, 1, 1, 2, 3, 5, 8, 13, 21, 34])
[INFO] [1733803099.776173917] [fibonacci_action_server]: Feedback: array('i', [0, 1, 1, 2, 3, 5, 8, 13, 21, 34, 55])
[INFO] [1733803100.781871536] [fibonacci_action_server]: Executing goal...
[INFO] [1733803100.782302660] [fibonacci_action_server]: Feedback: array('i', [0, 1, 1])
[INFO] [1733803101.283786621] [fibonacci_action_server]: Feedback: array('i', [0, 1, 1, 2])
[INFO] [1733803101.785397547] [fibonacci_action_server]: Feedback: array('i', [0, 1, 1, 2, 3])
[INFO] [1733803102.286123599] [fibonacci_action_server]: Feedback: array('i', [0, 1, 1, 2, 3, 5])
[INFO] [1733803102.787407138] [fibonacci_action_server]: Feedback: array('i', [0, 1, 1, 2, 3, 5, 8])
[INFO] [1733803103.288590826] [fibonacci_action_server]: Feedback: array('i', [0, 1, 1, 2, 3, 5, 8, 13])
[INFO] [1733803103.789736531] [fibonacci_action_server]: Feedback: array('i', [0, 1, 1, 2, 3, 5, 8, 13, 21])
[INFO] [1733803104.290814685] [fibonacci_action_server]: Feedback: array('i', [0, 1, 1, 2, 3, 5, 8, 13, 21, 34])
[INFO] [1733803104.792360248] [fibonacci_action_server]: Feedback: array('i', [0, 1, 1, 2, 3, 5, 8, 13, 21, 34, 55])
[INFO] [1733803105.798569629] [fibonacci_action_server]: Executing goal...
[INFO] [1733803105.798947370] [fibonacci_action_server]: Feedback: array('i', [0, 1, 1])
[INFO] [1733803106.300263682] [fibonacci_action_server]: Feedback: array('i', [0, 1, 1, 2])
[INFO] [1733803106.801816751] [fibonacci_action_server]: Feedback: array('i', [0, 1, 1, 2, 3])
[INFO] [1733803107.303181103] [fibonacci_action_server]: Feedback: array('i', [0, 1, 1, 2, 3, 5])
[INFO] [1733803107.804411202] [fibonacci_action_server]: Feedback: array('i', [0, 1, 1, 2, 3, 5, 8])
[INFO] [1733803108.306024467] [fibonacci_action_server]: Feedback: array('i', [0, 1, 1, 2, 3, 5, 8, 13])
[INFO] [1733803108.807513714] [fibonacci_action_server]: Feedback: array('i', [0, 1, 1, 2, 3, 5, 8, 13, 21])
[INFO] [1733803109.309029040] [fibonacci_action_server]: Feedback: array('i', [0, 1, 1, 2, 3, 5, 8, 13, 21, 34])
[INFO] [1733803109.809890136] [fibonacci_action_server]: Feedback: array('i', [0, 1, 1, 2, 3, 5, 8, 13, 21, 34, 55])
[INFO] [1733803110.815653734] [fibonacci_action_server]: Executing goal...
[INFO] [1733803110.816055907] [fibonacci_action_server]: Feedback: array('i', [0, 1, 1])
[INFO] [1733803111.317443611] [fibonacci_action_server]: Feedback: array('i', [0, 1, 1, 2])
[INFO] [1733803111.818967642] [fibonacci_action_server]: Feedback: array('i', [0, 1, 1, 2, 3])
[INFO] [1733803112.320211652] [fibonacci_action_server]: Feedback: array('i', [0, 1, 1, 2, 3, 5])
[INFO] [1733803112.821715904] [fibonacci_action_server]: Feedback: array('i', [0, 1, 1, 2, 3, 5, 8])
[INFO] [1733803113.322929411] [fibonacci_action_server]: Feedback: array('i', [0, 1, 1, 2, 3, 5, 8, 13])
[INFO] [1733803113.824021106] [fibonacci_action_server]: Feedback: array('i', [0, 1, 1, 2, 3, 5, 8, 13, 21])
[INFO] [1733803114.325183704] [fibonacci_action_server]: Feedback: array('i', [0, 1, 1, 2, 3, 5, 8, 13, 21, 34])
[INFO] [1733803114.826295746] [fibonacci_action_server]: Feedback: array('i', [0, 1, 1, 2, 3, 5, 8, 13, 21, 34, 55])
[INFO] [1733803115.831603520] [fibonacci_action_server]: Executing goal...
[INFO] [1733803115.831975452] [fibonacci_action_server]: Feedback: array('i', [0, 1, 1])
[INFO] [1733803116.333381548] [fibonacci_action_server]: Feedback: array('i', [0, 1, 1, 2])
[INFO] [1733803116.834687567] [fibonacci_action_server]: Feedback: array('i', [0, 1, 1, 2, 3])
[INFO] [1733803117.335858414] [fibonacci_action_server]: Feedback: array('i', [0, 1, 1, 2, 3, 5])
[INFO] [1733803117.837474326] [fibonacci_action_server]: Feedback: array('i', [0, 1, 1, 2, 3, 5, 8])
[INFO] [1733803118.338584272] [fibonacci_action_server]: Feedback: array('i', [0, 1, 1, 2, 3, 5, 8, 13])
[INFO] [1733803118.840043309] [fibonacci_action_server]: Feedback: array('i', [0, 1, 1, 2, 3, 5, 8, 13, 21])
[INFO] [1733803119.341202532] [fibonacci_action_server]: Feedback: array('i', [0, 1, 1, 2, 3, 5, 8, 13, 21, 34])
[INFO] [1733803119.842401857] [fibonacci_action_server]: Feedback: array('i', [0, 1, 1, 2, 3, 5, 8, 13, 21, 34, 55])
[INFO] [1733803120.849143297] [fibonacci_action_server]: Executing goal...
[INFO] [1733803120.849532781] [fibonacci_action_server]: Feedback: array('i', [0, 1, 1])
[INFO] [1733803121.350697829] [fibonacci_action_server]: Feedback: array('i', [0, 1, 1, 2])
[INFO] [1733803121.852164321] [fibonacci_action_server]: Feedback: array('i', [0, 1, 1, 2, 3])
[INFO] [1733803122.353345554] [fibonacci_action_server]: Feedback: array('i', [0, 1, 1, 2, 3, 5])
[INFO] [1733803122.854482256] [fibonacci_action_server]: Feedback: array('i', [0, 1, 1, 2, 3, 5, 8])
[INFO] [1733803123.355668773] [fibonacci_action_server]: Feedback: array('i', [0, 1, 1, 2, 3, 5, 8, 13])
[INFO] [1733803123.856768610] [fibonacci_action_server]: Feedback: array('i', [0, 1, 1, 2, 3, 5, 8, 13, 21])
[INFO] [1733803124.358073937] [fibonacci_action_server]: Feedback: array('i', [0, 1, 1, 2, 3, 5, 8, 13, 21, 34])
[INFO] [1733803124.859491087] [fibonacci_action_server]: Feedback: array('i', [0, 1, 1, 2, 3, 5, 8, 13, 21, 34, 55])
[INFO] [1733803125.865763780] [fibonacci_action_server]: Executing goal...
[INFO] [1733803125.866139922] [fibonacci_action_server]: Feedback: array('i', [0, 1, 1])
[INFO] [1733803126.367200458] [fibonacci_action_server]: Feedback: array('i', [0, 1, 1, 2])
[INFO] [1733803126.868406642] [fibonacci_action_server]: Feedback: array('i', [0, 1, 1, 2, 3])
[INFO] [1733803127.370009762] [fibonacci_action_server]: Feedback: array('i', [0, 1, 1, 2, 3, 5])
[INFO] [1733803127.871481977] [fibonacci_action_server]: Feedback: array('i', [0, 1, 1, 2, 3, 5, 8])
[INFO] [1733803128.372969519] [fibonacci_action_server]: Feedback: array('i', [0, 1, 1, 2, 3, 5, 8, 13])
[INFO] [1733803128.874192769] [fibonacci_action_server]: Feedback: array('i', [0, 1, 1, 2, 3, 5, 8, 13, 21])
[INFO] [1733803129.375624577] [fibonacci_action_server]: Feedback: array('i', [0, 1, 1, 2, 3, 5, 8, 13, 21, 34])
[INFO] [1733803129.876904727] [fibonacci_action_server]: Feedback: array('i', [0, 1, 1, 2, 3, 5, 8, 13, 21, 34, 55])
[INFO] [1733803130.379440144] [fibonacci_action_server]: Shutting down node...
RAPL is set
