[INFO] [1733943663.060323212] [fibonacci_action_server]: Received goal request with order 10
[INFO] [1733943663.060545401] [fibonacci_action_server]: Executing goal...
[INFO] [1733943663.060653585] [fibonacci_action_server]: Feedback: [1]
[INFO] [1733943663.090557328] [fibonacci_action_server]: Received goal request with order 10
[INFO] [1733943663.090719453] [fibonacci_action_server]: Executing goal...
[INFO] [1733943663.090859523] [fibonacci_action_server]: Feedback: [1]
[INFO] [1733943663.097576554] [fibonacci_action_server]: Received goal request with order 10
[INFO] [1733943663.097748860] [fibonacci_action_server]: Executing goal...
[INFO] [1733943663.097834113] [fibonacci_action_server]: Feedback: [1]
[INFO] [1733943663.561003125] [fibonacci_action_server]: Feedback: [2]
[INFO] [1733943663.591009169] [fibonacci_action_server]: Feedback: [2]
[INFO] [1733943663.598332970] [fibonacci_action_server]: Feedback: [2]
[INFO] [1733943664.061364276] [fibonacci_action_server]: Feedback: [3]
[INFO] [1733943664.091331797] [fibonacci_action_server]: Feedback: [3]
[INFO] [1733943664.098796148] [fibonacci_action_server]: Feedback: [3]
[INFO] [1733943664.561620680] [fibonacci_action_server]: Feedback: [5]
[INFO] [1733943664.591610331] [fibonacci_action_server]: Feedback: [5]
[INFO] [1733943664.599185220] [fibonacci_action_server]: Feedback: [5]
[INFO] [1733943665.061902988] [fibonacci_action_server]: Feedback: [8]
[INFO] [1733943665.091802099] [fibonacci_action_server]: Feedback: [8]
[INFO] [1733943665.099452032] [fibonacci_action_server]: Feedback: [8]
[INFO] [1733943665.562312723] [fibonacci_action_server]: Feedback: [13]
[INFO] [1733943665.592002826] [fibonacci_action_server]: Feedback: [13]
[INFO] [1733943665.599642806] [fibonacci_action_server]: Feedback: [13]
[INFO] [1733943666.062568116] [fibonacci_action_server]: Feedback: [21]
[INFO] [1733943666.092190655] [fibonacci_action_server]: Feedback: [21]
[INFO] [1733943666.099805147] [fibonacci_action_server]: Feedback: [21]
[INFO] [1733943666.562825931] [fibonacci_action_server]: Feedback: [34]
[INFO] [1733943666.592392470] [fibonacci_action_server]: Feedback: [34]
[INFO] [1733943666.600055464] [fibonacci_action_server]: Feedback: [34]
[INFO] [1733943667.063839184] [fibonacci_action_server]: Feedback: [55]
[INFO] [1733943667.092596358] [fibonacci_action_server]: Feedback: [55]
[INFO] [1733943667.100282553] [fibonacci_action_server]: Feedback: [55]
[INFO] [1733943667.564099142] [fibonacci_action_server]: Goal succeeded
[INFO] [1733943667.592927087] [fibonacci_action_server]: Goal succeeded
[INFO] [1733943667.600631162] [fibonacci_action_server]: Goal succeeded
[INFO] [1733943667.873922832] [fibonacci_action_server]: Received goal request with order 10
[INFO] [1733943667.874200584] [fibonacci_action_server]: Executing goal...
[INFO] [1733943667.874285674] [fibonacci_action_server]: Feedback: [1]
[INFO] [1733943667.904207783] [fibonacci_action_server]: Received goal request with order 10
[INFO] [1733943667.904344408] [fibonacci_action_server]: Executing goal...
[INFO] [1733943667.904416054] [fibonacci_action_server]: Feedback: [1]
[INFO] [1733943668.374455346] [fibonacci_action_server]: Feedback: [2]
[INFO] [1733943668.404563183] [fibonacci_action_server]: Feedback: [2]
[INFO] [1733943668.712945211] [fibonacci_action_server]: Received goal request with order 10
[INFO] [1733943668.713092284] [fibonacci_action_server]: Executing goal...
[INFO] [1733943668.713173857] [fibonacci_action_server]: Feedback: [1]
[INFO] [1733943668.874667523] [fibonacci_action_server]: Feedback: [3]
[INFO] [1733943668.904803130] [fibonacci_action_server]: Feedback: [3]
[INFO] [1733943669.213358800] [fibonacci_action_server]: Feedback: [2]
[INFO] [1733943669.374885605] [fibonacci_action_server]: Feedback: [5]
[INFO] [1733943669.405030127] [fibonacci_action_server]: Feedback: [5]
[INFO] [1733943669.713656575] [fibonacci_action_server]: Feedback: [3]
[INFO] [1733943669.875128663] [fibonacci_action_server]: Feedback: [8]
[INFO] [1733943669.905212923] [fibonacci_action_server]: Feedback: [8]
[INFO] [1733943670.213850974] [fibonacci_action_server]: Feedback: [5]
[INFO] [1733943670.375357281] [fibonacci_action_server]: Feedback: [13]
[INFO] [1733943670.405450190] [fibonacci_action_server]: Feedback: [13]
[INFO] [1733943670.714124631] [fibonacci_action_server]: Feedback: [8]
[INFO] [1733943670.875796189] [fibonacci_action_server]: Feedback: [21]
[INFO] [1733943670.905649911] [fibonacci_action_server]: Feedback: [21]
[INFO] [1733943671.214528008] [fibonacci_action_server]: Feedback: [13]
[INFO] [1733943671.376172050] [fibonacci_action_server]: Feedback: [34]
[INFO] [1733943671.406084702] [fibonacci_action_server]: Feedback: [34]
[INFO] [1733943671.714705878] [fibonacci_action_server]: Feedback: [21]
[INFO] [1733943671.876540502] [fibonacci_action_server]: Feedback: [55]
[INFO] [1733943671.906326097] [fibonacci_action_server]: Feedback: [55]
[INFO] [1733943672.214947590] [fibonacci_action_server]: Feedback: [34]
[INFO] [1733943672.376779185] [fibonacci_action_server]: Goal succeeded
[INFO] [1733943672.406566766] [fibonacci_action_server]: Goal succeeded
[INFO] [1733943672.686471968] [fibonacci_action_server]: Received goal request with order 10
[INFO] [1733943672.686786656] [fibonacci_action_server]: Executing goal...
[INFO] [1733943672.686924736] [fibonacci_action_server]: Feedback: [1]
[INFO] [1733943672.716296104] [fibonacci_action_server]: Feedback: [55]
[INFO] [1733943672.716838361] [fibonacci_action_server]: Received goal request with order 10
[INFO] [1733943672.717057178] [fibonacci_action_server]: Executing goal...
[INFO] [1733943672.717161280] [fibonacci_action_server]: Feedback: [1]
[INFO] [1733943673.187128617] [fibonacci_action_server]: Feedback: [2]
[INFO] [1733943673.216821414] [fibonacci_action_server]: Goal succeeded
[INFO] [1733943673.217317889] [fibonacci_action_server]: Feedback: [2]
[INFO] [1733943673.687349120] [fibonacci_action_server]: Feedback: [3]
[INFO] [1733943673.717514123] [fibonacci_action_server]: Feedback: [3]
[INFO] [1733943673.725620348] [fibonacci_action_server]: Received goal request with order 10
[INFO] [1733943673.725733993] [fibonacci_action_server]: Executing goal...
[INFO] [1733943673.725785981] [fibonacci_action_server]: Feedback: [1]
[INFO] [1733943674.187629371] [fibonacci_action_server]: Feedback: [5]
[INFO] [1733943674.217760937] [fibonacci_action_server]: Feedback: [5]
[INFO] [1733943674.225991667] [fibonacci_action_server]: Feedback: [2]
[INFO] [1733943674.687885505] [fibonacci_action_server]: Feedback: [8]
[INFO] [1733943674.718012544] [fibonacci_action_server]: Feedback: [8]
[INFO] [1733943674.726469693] [fibonacci_action_server]: Feedback: [3]
[INFO] [1733943675.188100007] [fibonacci_action_server]: Feedback: [13]
[INFO] [1733943675.218210086] [fibonacci_action_server]: Feedback: [13]
[INFO] [1733943675.227008022] [fibonacci_action_server]: Feedback: [5]
[INFO] [1733943675.688284374] [fibonacci_action_server]: Feedback: [21]
[INFO] [1733943675.718371277] [fibonacci_action_server]: Feedback: [21]
[INFO] [1733943675.727196429] [fibonacci_action_server]: Feedback: [8]
[INFO] [1733943676.188515739] [fibonacci_action_server]: Feedback: [34]
[INFO] [1733943676.218554510] [fibonacci_action_server]: Feedback: [34]
[INFO] [1733943676.227361952] [fibonacci_action_server]: Feedback: [13]
[INFO] [1733943676.688938169] [fibonacci_action_server]: Feedback: [55]
[INFO] [1733943676.718761459] [fibonacci_action_server]: Feedback: [55]
[INFO] [1733943676.727570222] [fibonacci_action_server]: Feedback: [21]
[INFO] [1733943677.189496363] [fibonacci_action_server]: Goal succeeded
[INFO] [1733943677.219016777] [fibonacci_action_server]: Goal succeeded
[INFO] [1733943677.227746195] [fibonacci_action_server]: Feedback: [34]
[INFO] [1733943677.600593375] [fibonacci_action_server]: Received goal request with order 10
[INFO] [1733943677.610944887] [fibonacci_action_server]: Executing goal...
[INFO] [1733943677.611247698] [fibonacci_action_server]: Feedback: [1]
[INFO] [1733943677.630489129] [fibonacci_action_server]: Received goal request with order 10
[INFO] [1733943677.630733332] [fibonacci_action_server]: Executing goal...
[INFO] [1733943677.630919376] [fibonacci_action_server]: Feedback: [1]
[INFO] [1733943677.727907919] [fibonacci_action_server]: Feedback: [55]
[INFO] [1733943678.111506552] [fibonacci_action_server]: Feedback: [2]
[INFO] [1733943678.131097870] [fibonacci_action_server]: Feedback: [2]
[INFO] [1733943678.228152967] [fibonacci_action_server]: Goal succeeded
[INFO] [1733943678.611721967] [fibonacci_action_server]: Feedback: [3]
[INFO] [1733943678.631694648] [fibonacci_action_server]: Feedback: [3]
[INFO] [1733943678.638539280] [fibonacci_action_server]: Received goal request with order 10
[INFO] [1733943678.638730993] [fibonacci_action_server]: Executing goal...
[INFO] [1733943678.638785716] [fibonacci_action_server]: Feedback: [1]
[INFO] [1733943679.112039998] [fibonacci_action_server]: Feedback: [5]
[INFO] [1733943679.131915026] [fibonacci_action_server]: Feedback: [5]
[INFO] [1733943679.138925574] [fibonacci_action_server]: Feedback: [2]
[INFO] [1733943679.612313083] [fibonacci_action_server]: Feedback: [8]
[INFO] [1733943679.632109502] [fibonacci_action_server]: Feedback: [8]
[INFO] [1733943679.639216067] [fibonacci_action_server]: Feedback: [3]
[INFO] [1733943680.112547737] [fibonacci_action_server]: Feedback: [13]
[INFO] [1733943680.132448292] [fibonacci_action_server]: Feedback: [13]
[INFO] [1733943680.139534889] [fibonacci_action_server]: Feedback: [5]
[INFO] [1733943680.612773371] [fibonacci_action_server]: Feedback: [21]
[INFO] [1733943680.632645471] [fibonacci_action_server]: Feedback: [21]
[INFO] [1733943680.639745211] [fibonacci_action_server]: Feedback: [8]
[INFO] [1733943681.113003512] [fibonacci_action_server]: Feedback: [34]
[INFO] [1733943681.132955701] [fibonacci_action_server]: Feedback: [34]
[INFO] [1733943681.139925830] [fibonacci_action_server]: Feedback: [13]
[INFO] [1733943681.613413914] [fibonacci_action_server]: Feedback: [55]
[INFO] [1733943681.633208858] [fibonacci_action_server]: Feedback: [55]
[INFO] [1733943681.640237259] [fibonacci_action_server]: Feedback: [21]
[INFO] [1733943682.113738058] [fibonacci_action_server]: Goal succeeded
[INFO] [1733943682.133524733] [fibonacci_action_server]: Goal succeeded
[INFO] [1733943682.140523992] [fibonacci_action_server]: Feedback: [34]
[INFO] [1733943682.515627789] [fibonacci_action_server]: Received goal request with order 10
[INFO] [1733943682.515910296] [fibonacci_action_server]: Executing goal...
[INFO] [1733943682.516014405] [fibonacci_action_server]: Feedback: [1]
[INFO] [1733943682.559982429] [fibonacci_action_server]: Received goal request with order 10
[INFO] [1733943682.560164304] [fibonacci_action_server]: Executing goal...
[INFO] [1733943682.560293446] [fibonacci_action_server]: Feedback: [1]
[INFO] [1733943682.640735479] [fibonacci_action_server]: Feedback: [55]
[INFO] [1733943683.016171956] [fibonacci_action_server]: Feedback: [2]
[INFO] [1733943683.060625750] [fibonacci_action_server]: Feedback: [2]
[INFO] [1733943683.141017414] [fibonacci_action_server]: Goal succeeded
[INFO] [1733943683.516449722] [fibonacci_action_server]: Feedback: [3]
[INFO] [1733943683.557372216] [fibonacci_action_server]: Received goal request with order 10
[INFO] [1733943683.557549090] [fibonacci_action_server]: Executing goal...
[INFO] [1733943683.557667717] [fibonacci_action_server]: Feedback: [1]
[INFO] [1733943683.561340946] [fibonacci_action_server]: Feedback: [3]
[INFO] [1733943684.016665294] [fibonacci_action_server]: Feedback: [5]
[INFO] [1733943684.057855377] [fibonacci_action_server]: Feedback: [2]
[INFO] [1733943684.061511825] [fibonacci_action_server]: Feedback: [5]
[INFO] [1733943684.516941250] [fibonacci_action_server]: Feedback: [8]
[INFO] [1733943684.558072579] [fibonacci_action_server]: Feedback: [3]
[INFO] [1733943684.561692233] [fibonacci_action_server]: Feedback: [8]
[INFO] [1733943685.017297393] [fibonacci_action_server]: Feedback: [13]
[INFO] [1733943685.058331788] [fibonacci_action_server]: Feedback: [5]
[INFO] [1733943685.061930614] [fibonacci_action_server]: Feedback: [13]
[INFO] [1733943685.517531982] [fibonacci_action_server]: Feedback: [21]
[INFO] [1733943685.558573038] [fibonacci_action_server]: Feedback: [8]
[INFO] [1733943685.562204490] [fibonacci_action_server]: Feedback: [21]
[INFO] [1733943686.017732719] [fibonacci_action_server]: Feedback: [34]
[INFO] [1733943686.058795835] [fibonacci_action_server]: Feedback: [13]
[INFO] [1733943686.062693708] [fibonacci_action_server]: Feedback: [34]
[INFO] [1733943686.517969797] [fibonacci_action_server]: Feedback: [55]
[INFO] [1733943686.559022938] [fibonacci_action_server]: Feedback: [21]
[INFO] [1733943686.562936175] [fibonacci_action_server]: Feedback: [55]
[INFO] [1733943687.018242190] [fibonacci_action_server]: Goal succeeded
[INFO] [1733943687.059415663] [fibonacci_action_server]: Feedback: [34]
[INFO] [1733943687.063110983] [fibonacci_action_server]: Goal succeeded
[INFO] [1733943687.428811798] [fibonacci_action_server]: Received goal request with order 10
[INFO] [1733943687.429020338] [fibonacci_action_server]: Executing goal...
[INFO] [1733943687.429132974] [fibonacci_action_server]: Feedback: [1]
[INFO] [1733943687.475502208] [fibonacci_action_server]: Received goal request with order 10
[INFO] [1733943687.475668171] [fibonacci_action_server]: Executing goal...
[INFO] [1733943687.475792384] [fibonacci_action_server]: Feedback: [1]
[INFO] [1733943687.559775522] [fibonacci_action_server]: Feedback: [55]
[INFO] [1733943687.929481497] [fibonacci_action_server]: Feedback: [2]
[INFO] [1733943687.976085120] [fibonacci_action_server]: Feedback: [2]
[INFO] [1733943688.060078601] [fibonacci_action_server]: Goal succeeded
[INFO] [1733943688.429978208] [fibonacci_action_server]: Feedback: [3]
[INFO] [1733943688.471840776] [fibonacci_action_server]: Received goal request with order 10
[INFO] [1733943688.472042419] [fibonacci_action_server]: Executing goal...
[INFO] [1733943688.472098166] [fibonacci_action_server]: Feedback: [1]
[INFO] [1733943688.476442367] [fibonacci_action_server]: Feedback: [3]
[INFO] [1733943688.930526477] [fibonacci_action_server]: Feedback: [5]
[INFO] [1733943688.972384247] [fibonacci_action_server]: Feedback: [2]
[INFO] [1733943688.976798712] [fibonacci_action_server]: Feedback: [5]
[INFO] [1733943689.430804966] [fibonacci_action_server]: Feedback: [8]
[INFO] [1733943689.472624134] [fibonacci_action_server]: Feedback: [3]
[INFO] [1733943689.477158656] [fibonacci_action_server]: Feedback: [8]
[INFO] [1733943689.931026891] [fibonacci_action_server]: Feedback: [13]
[INFO] [1733943689.972876393] [fibonacci_action_server]: Feedback: [5]
[INFO] [1733943689.977390558] [fibonacci_action_server]: Feedback: [13]
[INFO] [1733943690.431219535] [fibonacci_action_server]: Feedback: [21]
[INFO] [1733943690.473071556] [fibonacci_action_server]: Feedback: [8]
[INFO] [1733943690.477581819] [fibonacci_action_server]: Feedback: [21]
[INFO] [1733943690.931462450] [fibonacci_action_server]: Feedback: [34]
[INFO] [1733943690.973250298] [fibonacci_action_server]: Feedback: [13]
[INFO] [1733943690.977758781] [fibonacci_action_server]: Feedback: [34]
[INFO] [1733943691.431781136] [fibonacci_action_server]: Feedback: [55]
[INFO] [1733943691.473410265] [fibonacci_action_server]: Feedback: [21]
[INFO] [1733943691.477915344] [fibonacci_action_server]: Feedback: [55]
[INFO] [1733943691.932033968] [fibonacci_action_server]: Goal succeeded
[INFO] [1733943691.973873584] [fibonacci_action_server]: Feedback: [34]
[INFO] [1733943691.978372356] [fibonacci_action_server]: Goal succeeded
[INFO] [1733943692.344531497] [fibonacci_action_server]: Received goal request with order 10
[INFO] [1733943692.344696178] [fibonacci_action_server]: Executing goal...
[INFO] [1733943692.344826911] [fibonacci_action_server]: Feedback: [1]
[INFO] [1733943692.390155379] [fibonacci_action_server]: Received goal request with order 10
[INFO] [1733943692.390380420] [fibonacci_action_server]: Executing goal...
[INFO] [1733943692.390471341] [fibonacci_action_server]: Feedback: [1]
[INFO] [1733943692.474294738] [fibonacci_action_server]: Feedback: [55]
[INFO] [1733943692.845266640] [fibonacci_action_server]: Feedback: [2]
[INFO] [1733943692.890670318] [fibonacci_action_server]: Feedback: [2]
[INFO] [1733943692.974869168] [fibonacci_action_server]: Goal succeeded
[INFO] [1733943693.345758642] [fibonacci_action_server]: Feedback: [3]
[INFO] [1733943693.386639787] [fibonacci_action_server]: Received goal request with order 10
[INFO] [1733943693.386821109] [fibonacci_action_server]: Executing goal...
[INFO] [1733943693.386920634] [fibonacci_action_server]: Feedback: [1]
[INFO] [1733943693.391268082] [fibonacci_action_server]: Feedback: [3]
[INFO] [1733943693.846299002] [fibonacci_action_server]: Feedback: [5]
[INFO] [1733943693.887435027] [fibonacci_action_server]: Feedback: [2]
[INFO] [1733943693.891746672] [fibonacci_action_server]: Feedback: [5]
[INFO] [1733943694.346694079] [fibonacci_action_server]: Feedback: [8]
[INFO] [1733943694.387795610] [fibonacci_action_server]: Feedback: [3]
[INFO] [1733943694.391935616] [fibonacci_action_server]: Feedback: [8]
[INFO] [1733943694.846944423] [fibonacci_action_server]: Feedback: [13]
[INFO] [1733943694.887999772] [fibonacci_action_server]: Feedback: [5]
[INFO] [1733943694.892275142] [fibonacci_action_server]: Feedback: [13]
[INFO] [1733943695.347194384] [fibonacci_action_server]: Feedback: [21]
[INFO] [1733943695.388376768] [fibonacci_action_server]: Feedback: [8]
[INFO] [1733943695.392494974] [fibonacci_action_server]: Feedback: [21]
[INFO] [1733943695.847694246] [fibonacci_action_server]: Feedback: [34]
[INFO] [1733943695.888598092] [fibonacci_action_server]: Feedback: [13]
[INFO] [1733943695.892641305] [fibonacci_action_server]: Feedback: [34]
[INFO] [1733943696.347965134] [fibonacci_action_server]: Feedback: [55]
[INFO] [1733943696.388852892] [fibonacci_action_server]: Feedback: [21]
[INFO] [1733943696.392955379] [fibonacci_action_server]: Feedback: [55]
[INFO] [1733943696.848378123] [fibonacci_action_server]: Goal succeeded
[INFO] [1733943696.889141948] [fibonacci_action_server]: Feedback: [34]
[INFO] [1733943696.893409565] [fibonacci_action_server]: Goal succeeded
[INFO] [1733943697.260248775] [fibonacci_action_server]: Received goal request with order 10
[INFO] [1733943697.260505800] [fibonacci_action_server]: Executing goal...
[INFO] [1733943697.260654267] [fibonacci_action_server]: Feedback: [1]
[INFO] [1733943697.306804535] [fibonacci_action_server]: Received goal request with order 10
[INFO] [1733943697.306961122] [fibonacci_action_server]: Executing goal...
[INFO] [1733943697.307014261] [fibonacci_action_server]: Feedback: [1]
[INFO] [1733943697.389540283] [fibonacci_action_server]: Feedback: [55]
[INFO] [1733943697.761086695] [fibonacci_action_server]: Feedback: [2]
[INFO] [1733943697.807424077] [fibonacci_action_server]: Feedback: [2]
[INFO] [1733943697.889769373] [fibonacci_action_server]: Goal succeeded
[INFO] [1733943698.261622488] [fibonacci_action_server]: Feedback: [3]
[INFO] [1733943698.302856020] [fibonacci_action_server]: Received goal request with order 10
[INFO] [1733943698.303094866] [fibonacci_action_server]: Executing goal...
[INFO] [1733943698.303198564] [fibonacci_action_server]: Feedback: [1]
[INFO] [1733943698.307980290] [fibonacci_action_server]: Feedback: [3]
[INFO] [1733943698.762251456] [fibonacci_action_server]: Feedback: [5]
[INFO] [1733943698.803358770] [fibonacci_action_server]: Feedback: [2]
[INFO] [1733943698.808196821] [fibonacci_action_server]: Feedback: [5]
[INFO] [1733943699.262486459] [fibonacci_action_server]: Feedback: [8]
[INFO] [1733943699.303616229] [fibonacci_action_server]: Feedback: [3]
[INFO] [1733943699.308351515] [fibonacci_action_server]: Feedback: [8]
[INFO] [1733943699.762666607] [fibonacci_action_server]: Feedback: [13]
[INFO] [1733943699.803839256] [fibonacci_action_server]: Feedback: [5]
[INFO] [1733943699.808578195] [fibonacci_action_server]: Feedback: [13]
[INFO] [1733943700.263218342] [fibonacci_action_server]: Feedback: [21]
[INFO] [1733943700.304066217] [fibonacci_action_server]: Feedback: [8]
[INFO] [1733943700.308892044] [fibonacci_action_server]: Feedback: [21]
[INFO] [1733943700.763453581] [fibonacci_action_server]: Feedback: [34]
[INFO] [1733943700.804253803] [fibonacci_action_server]: Feedback: [13]
[INFO] [1733943700.809241378] [fibonacci_action_server]: Feedback: [34]
[INFO] [1733943701.263695547] [fibonacci_action_server]: Feedback: [55]
[INFO] [1733943701.304461417] [fibonacci_action_server]: Feedback: [21]
[INFO] [1733943701.309427079] [fibonacci_action_server]: Feedback: [55]
[INFO] [1733943701.763918920] [fibonacci_action_server]: Goal succeeded
[INFO] [1733943701.804698459] [fibonacci_action_server]: Feedback: [34]
[INFO] [1733943701.809663791] [fibonacci_action_server]: Goal succeeded
[INFO] [1733943702.173499063] [fibonacci_action_server]: Received goal request with order 10
[INFO] [1733943702.173676943] [fibonacci_action_server]: Executing goal...
[INFO] [1733943702.173766507] [fibonacci_action_server]: Feedback: [1]
[INFO] [1733943702.220966503] [fibonacci_action_server]: Received goal request with order 10
[INFO] [1733943702.221203669] [fibonacci_action_server]: Executing goal...
[INFO] [1733943702.221265996] [fibonacci_action_server]: Feedback: [1]
[INFO] [1733943702.305042633] [fibonacci_action_server]: Feedback: [55]
[INFO] [1733943702.674117812] [fibonacci_action_server]: Feedback: [2]
[INFO] [1733943702.721403548] [fibonacci_action_server]: Feedback: [2]
[INFO] [1733943702.805338595] [fibonacci_action_server]: Goal succeeded
[INFO] [1733943703.174654092] [fibonacci_action_server]: Feedback: [3]
[INFO] [1733943703.216994939] [fibonacci_action_server]: Received goal request with order 10
[INFO] [1733943703.217208084] [fibonacci_action_server]: Executing goal...
[INFO] [1733943703.217302464] [fibonacci_action_server]: Feedback: [1]
[INFO] [1733943703.221657310] [fibonacci_action_server]: Feedback: [3]
[INFO] [1733943703.675157765] [fibonacci_action_server]: Feedback: [5]
[INFO] [1733943703.717497258] [fibonacci_action_server]: Feedback: [2]
[INFO] [1733943703.722153418] [fibonacci_action_server]: Feedback: [5]
[INFO] [1733943704.175526107] [fibonacci_action_server]: Feedback: [8]
[INFO] [1733943704.217863568] [fibonacci_action_server]: Feedback: [3]
[INFO] [1733943704.222683684] [fibonacci_action_server]: Feedback: [8]
[INFO] [1733943704.675709838] [fibonacci_action_server]: Feedback: [13]
[INFO] [1733943704.718177102] [fibonacci_action_server]: Feedback: [5]
[INFO] [1733943704.722956746] [fibonacci_action_server]: Feedback: [13]
[INFO] [1733943705.175922898] [fibonacci_action_server]: Feedback: [21]
[INFO] [1733943705.218439403] [fibonacci_action_server]: Feedback: [8]
[INFO] [1733943705.223377647] [fibonacci_action_server]: Feedback: [21]
[INFO] [1733943705.676197882] [fibonacci_action_server]: Feedback: [34]
[INFO] [1733943705.718760075] [fibonacci_action_server]: Feedback: [13]
[INFO] [1733943705.723569597] [fibonacci_action_server]: Feedback: [34]
[INFO] [1733943706.176390847] [fibonacci_action_server]: Feedback: [55]
[INFO] [1733943706.219073670] [fibonacci_action_server]: Feedback: [21]
[INFO] [1733943706.223758599] [fibonacci_action_server]: Feedback: [55]
[INFO] [1733943706.676781993] [fibonacci_action_server]: Goal succeeded
[INFO] [1733943706.719386243] [fibonacci_action_server]: Feedback: [34]
[INFO] [1733943706.723971144] [fibonacci_action_server]: Goal succeeded
[INFO] [1733943707.087330305] [fibonacci_action_server]: Received goal request with order 10
[INFO] [1733943707.087503270] [fibonacci_action_server]: Executing goal...
[INFO] [1733943707.087569789] [fibonacci_action_server]: Feedback: [1]
[INFO] [1733943707.135573639] [fibonacci_action_server]: Received goal request with order 10
[INFO] [1733943707.135861478] [fibonacci_action_server]: Executing goal...
[INFO] [1733943707.135950477] [fibonacci_action_server]: Feedback: [1]
[INFO] [1733943707.219757578] [fibonacci_action_server]: Feedback: [55]
[INFO] [1733943707.587778688] [fibonacci_action_server]: Feedback: [2]
[INFO] [1733943707.636134413] [fibonacci_action_server]: Feedback: [2]
[INFO] [1733943707.720022716] [fibonacci_action_server]: Goal succeeded
[INFO] [1733943708.087984649] [fibonacci_action_server]: Feedback: [3]
[INFO] [1733943708.130456955] [fibonacci_action_server]: Received goal request with order 10
[INFO] [1733943708.130616038] [fibonacci_action_server]: Executing goal...
[INFO] [1733943708.130668614] [fibonacci_action_server]: Feedback: [1]
[INFO] [1733943708.136326229] [fibonacci_action_server]: Feedback: [3]
[INFO] [1733943708.588272767] [fibonacci_action_server]: Feedback: [5]
[INFO] [1733943708.630859687] [fibonacci_action_server]: Feedback: [2]
[INFO] [1733943708.636518630] [fibonacci_action_server]: Feedback: [5]
[INFO] [1733943709.088615793] [fibonacci_action_server]: Feedback: [8]
[INFO] [1733943709.131391545] [fibonacci_action_server]: Feedback: [3]
[INFO] [1733943709.136858381] [fibonacci_action_server]: Feedback: [8]
[INFO] [1733943709.588989741] [fibonacci_action_server]: Feedback: [13]
[INFO] [1733943709.631706824] [fibonacci_action_server]: Feedback: [5]
[INFO] [1733943709.637221768] [fibonacci_action_server]: Feedback: [13]
[INFO] [1733943710.089195229] [fibonacci_action_server]: Feedback: [21]
[INFO] [1733943710.131910230] [fibonacci_action_server]: Feedback: [8]
[INFO] [1733943710.137675856] [fibonacci_action_server]: Feedback: [21]
[INFO] [1733943710.589477959] [fibonacci_action_server]: Feedback: [34]
[INFO] [1733943710.632213368] [fibonacci_action_server]: Feedback: [13]
[INFO] [1733943710.637906457] [fibonacci_action_server]: Feedback: [34]
[INFO] [1733943711.089981200] [fibonacci_action_server]: Feedback: [55]
[INFO] [1733943711.132440105] [fibonacci_action_server]: Feedback: [21]
[INFO] [1733943711.138125327] [fibonacci_action_server]: Feedback: [55]
[INFO] [1733943711.590480580] [fibonacci_action_server]: Goal succeeded
[INFO] [1733943711.632648653] [fibonacci_action_server]: Feedback: [34]
[INFO] [1733943711.638690489] [fibonacci_action_server]: Goal succeeded
[INFO] [1733943712.002468553] [fibonacci_action_server]: Received goal request with order 10
[INFO] [1733943712.002709565] [fibonacci_action_server]: Executing goal...
[INFO] [1733943712.002876985] [fibonacci_action_server]: Feedback: [1]
[INFO] [1733943712.052456149] [fibonacci_action_server]: Received goal request with order 10
[INFO] [1733943712.052687566] [fibonacci_action_server]: Executing goal...
[INFO] [1733943712.052773125] [fibonacci_action_server]: Feedback: [1]
[INFO] [1733943712.132936913] [fibonacci_action_server]: Feedback: [55]
[INFO] [1733943712.503280139] [fibonacci_action_server]: Feedback: [2]
[INFO] [1733943712.553073702] [fibonacci_action_server]: Feedback: [2]
[INFO] [1733943712.633150399] [fibonacci_action_server]: Goal succeeded
[INFO] [1733943713.003707962] [fibonacci_action_server]: Feedback: [3]
[INFO] [1733943713.046184506] [fibonacci_action_server]: Received goal request with order 10
[INFO] [1733943713.046401839] [fibonacci_action_server]: Executing goal...
[INFO] [1733943713.046539264] [fibonacci_action_server]: Feedback: [1]
[INFO] [1733943713.053568514] [fibonacci_action_server]: Feedback: [3]
[INFO] [1733943713.504004081] [fibonacci_action_server]: Feedback: [5]
[INFO] [1733943713.546968855] [fibonacci_action_server]: Feedback: [2]
[INFO] [1733943713.554018494] [fibonacci_action_server]: Feedback: [5]
[INFO] [1733943714.004256981] [fibonacci_action_server]: Feedback: [8]
[INFO] [1733943714.047248479] [fibonacci_action_server]: Feedback: [3]
[INFO] [1733943714.054281757] [fibonacci_action_server]: Feedback: [8]
[INFO] [1733943714.504464915] [fibonacci_action_server]: Feedback: [13]
[INFO] [1733943714.547441309] [fibonacci_action_server]: Feedback: [5]
[INFO] [1733943714.554444042] [fibonacci_action_server]: Feedback: [13]
[INFO] [1733943715.004701069] [fibonacci_action_server]: Feedback: [21]
[INFO] [1733943715.047652225] [fibonacci_action_server]: Feedback: [8]
[INFO] [1733943715.054665344] [fibonacci_action_server]: Feedback: [21]
[INFO] [1733943715.504917553] [fibonacci_action_server]: Feedback: [34]
[INFO] [1733943715.547835326] [fibonacci_action_server]: Feedback: [13]
[INFO] [1733943715.554890359] [fibonacci_action_server]: Feedback: [34]
[INFO] [1733943716.005262796] [fibonacci_action_server]: Feedback: [55]
[INFO] [1733943716.048035968] [fibonacci_action_server]: Feedback: [21]
[INFO] [1733943716.055106620] [fibonacci_action_server]: Feedback: [55]
[INFO] [1733943716.505599512] [fibonacci_action_server]: Goal succeeded
[INFO] [1733943716.548380572] [fibonacci_action_server]: Feedback: [34]
[INFO] [1733943716.555431284] [fibonacci_action_server]: Goal succeeded
[INFO] [1733943716.916260785] [fibonacci_action_server]: Received goal request with order 10
[INFO] [1733943716.916454419] [fibonacci_action_server]: Executing goal...
[INFO] [1733943716.916530660] [fibonacci_action_server]: Feedback: [1]
[INFO] [1733943716.967897115] [fibonacci_action_server]: Received goal request with order 10
[INFO] [1733943716.968138139] [fibonacci_action_server]: Executing goal...
[INFO] [1733943716.968203784] [fibonacci_action_server]: Feedback: [1]
[INFO] [1733943717.048845750] [fibonacci_action_server]: Feedback: [55]
[INFO] [1733943717.416774500] [fibonacci_action_server]: Feedback: [2]
[INFO] [1733943717.468353728] [fibonacci_action_server]: Feedback: [2]
[INFO] [1733943717.549151852] [fibonacci_action_server]: Goal succeeded
[INFO] [1733943717.917262928] [fibonacci_action_server]: Feedback: [3]
[INFO] [1733943717.960049300] [fibonacci_action_server]: Received goal request with order 10
[INFO] [1733943717.960251935] [fibonacci_action_server]: Executing goal...
[INFO] [1733943717.960375197] [fibonacci_action_server]: Feedback: [1]
[INFO] [1733943717.968503506] [fibonacci_action_server]: Feedback: [3]
[INFO] [1733943718.417466301] [fibonacci_action_server]: Feedback: [5]
[INFO] [1733943718.460714577] [fibonacci_action_server]: Feedback: [2]
[INFO] [1733943718.468832737] [fibonacci_action_server]: Feedback: [5]
[INFO] [1733943718.917680295] [fibonacci_action_server]: Feedback: [8]
[INFO] [1733943718.961050824] [fibonacci_action_server]: Feedback: [3]
[INFO] [1733943718.969170890] [fibonacci_action_server]: Feedback: [8]
[INFO] [1733943719.417896078] [fibonacci_action_server]: Feedback: [13]
[INFO] [1733943719.461303616] [fibonacci_action_server]: Feedback: [5]
[INFO] [1733943719.469528965] [fibonacci_action_server]: Feedback: [13]
[INFO] [1733943719.918108564] [fibonacci_action_server]: Feedback: [21]
[INFO] [1733943719.961510829] [fibonacci_action_server]: Feedback: [8]
[INFO] [1733943719.969747233] [fibonacci_action_server]: Feedback: [21]
[INFO] [1733943720.418464650] [fibonacci_action_server]: Feedback: [34]
[INFO] [1733943720.461733973] [fibonacci_action_server]: Feedback: [13]
[INFO] [1733943720.469938075] [fibonacci_action_server]: Feedback: [34]
[INFO] [1733943720.918755711] [fibonacci_action_server]: Feedback: [55]
[INFO] [1733943720.962010966] [fibonacci_action_server]: Feedback: [21]
[INFO] [1733943720.970158074] [fibonacci_action_server]: Feedback: [55]
[INFO] [1733943721.419083590] [fibonacci_action_server]: Goal succeeded
[INFO] [1733943721.462281613] [fibonacci_action_server]: Feedback: [34]
[INFO] [1733943721.470651141] [fibonacci_action_server]: Goal succeeded
[INFO] [1733943721.830227755] [fibonacci_action_server]: Received goal request with order 10
[INFO] [1733943721.830530751] [fibonacci_action_server]: Executing goal...
[INFO] [1733943721.830587072] [fibonacci_action_server]: Feedback: [1]
[INFO] [1733943721.881997276] [fibonacci_action_server]: Received goal request with order 10
[INFO] [1733943721.882272569] [fibonacci_action_server]: Executing goal...
[INFO] [1733943721.882366765] [fibonacci_action_server]: Feedback: [1]
[INFO] [1733943721.962482051] [fibonacci_action_server]: Feedback: [55]
[INFO] [1733943722.330766817] [fibonacci_action_server]: Feedback: [2]
[INFO] [1733943722.382669368] [fibonacci_action_server]: Feedback: [2]
[INFO] [1733943722.462936844] [fibonacci_action_server]: Goal succeeded
[INFO] [1733943722.831064507] [fibonacci_action_server]: Feedback: [3]
[INFO] [1733943722.876373116] [fibonacci_action_server]: Received goal request with order 10
[INFO] [1733943722.876644543] [fibonacci_action_server]: Executing goal...
[INFO] [1733943722.876746762] [fibonacci_action_server]: Feedback: [1]
[INFO] [1733943722.883024611] [fibonacci_action_server]: Feedback: [3]
[INFO] [1733943723.331707453] [fibonacci_action_server]: Feedback: [5]
[INFO] [1733943723.376953930] [fibonacci_action_server]: Feedback: [2]
[INFO] [1733943723.383392977] [fibonacci_action_server]: Feedback: [5]
[INFO] [1733943723.831921761] [fibonacci_action_server]: Feedback: [8]
[INFO] [1733943723.877288695] [fibonacci_action_server]: Feedback: [3]
[INFO] [1733943723.883722658] [fibonacci_action_server]: Feedback: [8]
[INFO] [1733943724.332307196] [fibonacci_action_server]: Feedback: [13]
[INFO] [1733943724.377597054] [fibonacci_action_server]: Feedback: [5]
[INFO] [1733943724.383897883] [fibonacci_action_server]: Feedback: [13]
[INFO] [1733943724.832699145] [fibonacci_action_server]: Feedback: [21]
[INFO] [1733943724.877829629] [fibonacci_action_server]: Feedback: [8]
[INFO] [1733943724.884073361] [fibonacci_action_server]: Feedback: [21]
[INFO] [1733943725.333011291] [fibonacci_action_server]: Feedback: [34]
[INFO] [1733943725.378026414] [fibonacci_action_server]: Feedback: [13]
[INFO] [1733943725.384354930] [fibonacci_action_server]: Feedback: [34]
[INFO] [1733943725.833228498] [fibonacci_action_server]: Feedback: [55]
[INFO] [1733943725.878241885] [fibonacci_action_server]: Feedback: [21]
[INFO] [1733943725.884513627] [fibonacci_action_server]: Feedback: [55]
[INFO] [1733943726.333527294] [fibonacci_action_server]: Goal succeeded
[INFO] [1733943726.378563718] [fibonacci_action_server]: Feedback: [34]
[INFO] [1733943726.384888712] [fibonacci_action_server]: Goal succeeded
[INFO] [1733943726.743987554] [fibonacci_action_server]: Received goal request with order 10
[INFO] [1733943726.744582252] [fibonacci_action_server]: Executing goal...
[INFO] [1733943726.744644300] [fibonacci_action_server]: Feedback: [1]
[INFO] [1733943726.796305648] [fibonacci_action_server]: Received goal request with order 10
[INFO] [1733943726.796491630] [fibonacci_action_server]: Executing goal...
[INFO] [1733943726.796566778] [fibonacci_action_server]: Feedback: [1]
[INFO] [1733943726.878833871] [fibonacci_action_server]: Feedback: [55]
[INFO] [1733943727.244816582] [fibonacci_action_server]: Feedback: [2]
[INFO] [1733943727.296747621] [fibonacci_action_server]: Feedback: [2]
[INFO] [1733943727.379266975] [fibonacci_action_server]: Goal succeeded
[INFO] [1733943727.745000266] [fibonacci_action_server]: Feedback: [3]
[INFO] [1733943727.790198318] [fibonacci_action_server]: Received goal request with order 10
[INFO] [1733943727.790446096] [fibonacci_action_server]: Executing goal...
[INFO] [1733943727.790544942] [fibonacci_action_server]: Feedback: [1]
[INFO] [1733943727.796948348] [fibonacci_action_server]: Feedback: [3]
[INFO] [1733943728.245339978] [fibonacci_action_server]: Feedback: [5]
[INFO] [1733943728.290783253] [fibonacci_action_server]: Feedback: [2]
[INFO] [1733943728.297395930] [fibonacci_action_server]: Feedback: [5]
[INFO] [1733943728.745565284] [fibonacci_action_server]: Feedback: [8]
[INFO] [1733943728.790965923] [fibonacci_action_server]: Feedback: [3]
[INFO] [1733943728.797652649] [fibonacci_action_server]: Feedback: [8]
[INFO] [1733943729.245740948] [fibonacci_action_server]: Feedback: [13]
[INFO] [1733943729.291198122] [fibonacci_action_server]: Feedback: [5]
[INFO] [1733943729.297867771] [fibonacci_action_server]: Feedback: [13]
[INFO] [1733943729.745967137] [fibonacci_action_server]: Feedback: [21]
[INFO] [1733943729.791419401] [fibonacci_action_server]: Feedback: [8]
[INFO] [1733943729.798011008] [fibonacci_action_server]: Feedback: [21]
[INFO] [1733943730.246168091] [fibonacci_action_server]: Feedback: [34]
[INFO] [1733943730.291637027] [fibonacci_action_server]: Feedback: [13]
[INFO] [1733943730.298180228] [fibonacci_action_server]: Feedback: [34]
[INFO] [1733943730.746496054] [fibonacci_action_server]: Feedback: [55]
[INFO] [1733943730.791822926] [fibonacci_action_server]: Feedback: [21]
[INFO] [1733943730.798394512] [fibonacci_action_server]: Feedback: [55]
[INFO] [1733943731.246836525] [fibonacci_action_server]: Goal succeeded
[INFO] [1733943731.292056635] [fibonacci_action_server]: Feedback: [34]
[INFO] [1733943731.298717877] [fibonacci_action_server]: Goal succeeded
[INFO] [1733943731.656981234] [fibonacci_action_server]: Received goal request with order 10
[INFO] [1733943731.657112011] [fibonacci_action_server]: Executing goal...
[INFO] [1733943731.657177721] [fibonacci_action_server]: Feedback: [1]
[INFO] [1733943731.714258972] [fibonacci_action_server]: Received goal request with order 10
[INFO] [1733943731.714426779] [fibonacci_action_server]: Executing goal...
[INFO] [1733943731.714529644] [fibonacci_action_server]: Feedback: [1]
[INFO] [1733943731.792300790] [fibonacci_action_server]: Feedback: [55]
[INFO] [1733943732.157330199] [fibonacci_action_server]: Feedback: [2]
[INFO] [1733943732.214687250] [fibonacci_action_server]: Feedback: [2]
[INFO] [1733943732.292572720] [fibonacci_action_server]: Goal succeeded
[INFO] [1733943732.657817748] [fibonacci_action_server]: Feedback: [3]
[INFO] [1733943732.703188449] [fibonacci_action_server]: Received goal request with order 10
[INFO] [1733943732.703365449] [fibonacci_action_server]: Executing goal...
[INFO] [1733943732.703446256] [fibonacci_action_server]: Feedback: [1]
[INFO] [1733943732.715186938] [fibonacci_action_server]: Feedback: [3]
[INFO] [1733943733.158075559] [fibonacci_action_server]: Feedback: [5]
[INFO] [1733943733.203927890] [fibonacci_action_server]: Feedback: [2]
[INFO] [1733943733.215360432] [fibonacci_action_server]: Feedback: [5]
[INFO] [1733943733.658313379] [fibonacci_action_server]: Feedback: [8]
[INFO] [1733943733.704184006] [fibonacci_action_server]: Feedback: [3]
[INFO] [1733943733.715546785] [fibonacci_action_server]: Feedback: [8]
[INFO] [1733943734.158854680] [fibonacci_action_server]: Feedback: [13]
[INFO] [1733943734.204469511] [fibonacci_action_server]: Feedback: [5]
[INFO] [1733943734.215784264] [fibonacci_action_server]: Feedback: [13]
[INFO] [1733943734.659201049] [fibonacci_action_server]: Feedback: [21]
[INFO] [1733943734.704683982] [fibonacci_action_server]: Feedback: [8]
[INFO] [1733943734.716130469] [fibonacci_action_server]: Feedback: [21]
[INFO] [1733943735.159483780] [fibonacci_action_server]: Feedback: [34]
[INFO] [1733943735.205052929] [fibonacci_action_server]: Feedback: [13]
[INFO] [1733943735.216432469] [fibonacci_action_server]: Feedback: [34]
[INFO] [1733943735.659676267] [fibonacci_action_server]: Feedback: [55]
[INFO] [1733943735.705263756] [fibonacci_action_server]: Feedback: [21]
[INFO] [1733943735.716763839] [fibonacci_action_server]: Feedback: [55]
[INFO] [1733943736.159942640] [fibonacci_action_server]: Goal succeeded
[INFO] [1733943736.205465724] [fibonacci_action_server]: Feedback: [34]
[INFO] [1733943736.217118803] [fibonacci_action_server]: Goal succeeded
[INFO] [1733943736.570029890] [fibonacci_action_server]: Received goal request with order 10
[INFO] [1733943736.570213961] [fibonacci_action_server]: Executing goal...
[INFO] [1733943736.570347777] [fibonacci_action_server]: Feedback: [1]
[INFO] [1733943736.627506694] [fibonacci_action_server]: Received goal request with order 10
[INFO] [1733943736.627802589] [fibonacci_action_server]: Executing goal...
[INFO] [1733943736.627972614] [fibonacci_action_server]: Feedback: [1]
[INFO] [1733943736.705667814] [fibonacci_action_server]: Feedback: [55]
[INFO] [1733943737.070521711] [fibonacci_action_server]: Feedback: [2]
[INFO] [1733943737.128145229] [fibonacci_action_server]: Feedback: [2]
[INFO] [1733943737.205915375] [fibonacci_action_server]: Goal succeeded
[INFO] [1733943737.570754896] [fibonacci_action_server]: Feedback: [3]
[INFO] [1733943737.615706497] [fibonacci_action_server]: Received goal request with order 10
[INFO] [1733943737.615911240] [fibonacci_action_server]: Executing goal...
[INFO] [1733943737.616005062] [fibonacci_action_server]: Feedback: [1]
[INFO] [1733943737.628411066] [fibonacci_action_server]: Feedback: [3]
[INFO] [1733943738.070964466] [fibonacci_action_server]: Feedback: [5]
[INFO] [1733943738.116333698] [fibonacci_action_server]: Feedback: [2]
[INFO] [1733943738.128759399] [fibonacci_action_server]: Feedback: [5]
[INFO] [1733943738.571241195] [fibonacci_action_server]: Feedback: [8]
[INFO] [1733943738.616638243] [fibonacci_action_server]: Feedback: [3]
[INFO] [1733943738.629128403] [fibonacci_action_server]: Feedback: [8]
[INFO] [1733943739.071698411] [fibonacci_action_server]: Feedback: [13]
[INFO] [1733943739.116941073] [fibonacci_action_server]: Feedback: [5]
[INFO] [1733943739.129315856] [fibonacci_action_server]: Feedback: [13]
[INFO] [1733943739.571859961] [fibonacci_action_server]: Feedback: [21]
[INFO] [1733943739.617248196] [fibonacci_action_server]: Feedback: [8]
[INFO] [1733943739.629641681] [fibonacci_action_server]: Feedback: [21]
[INFO] [1733943740.072029619] [fibonacci_action_server]: Feedback: [34]
[INFO] [1733943740.117670933] [fibonacci_action_server]: Feedback: [13]
[INFO] [1733943740.130089910] [fibonacci_action_server]: Feedback: [34]
[INFO] [1733943740.572273612] [fibonacci_action_server]: Feedback: [55]
[INFO] [1733943740.617988518] [fibonacci_action_server]: Feedback: [21]
[INFO] [1733943740.630604222] [fibonacci_action_server]: Feedback: [55]
[INFO] [1733943741.072546274] [fibonacci_action_server]: Goal succeeded
[INFO] [1733943741.118237018] [fibonacci_action_server]: Feedback: [34]
[INFO] [1733943741.130887907] [fibonacci_action_server]: Goal succeeded
[INFO] [1733943741.484647136] [fibonacci_action_server]: Received goal request with order 10
[INFO] [1733943741.484795794] [fibonacci_action_server]: Executing goal...
[INFO] [1733943741.484864886] [fibonacci_action_server]: Feedback: [1]
[INFO] [1733943741.542715172] [fibonacci_action_server]: Received goal request with order 10
[INFO] [1733943741.542874555] [fibonacci_action_server]: Executing goal...
[INFO] [1733943741.542932544] [fibonacci_action_server]: Feedback: [1]
[INFO] [1733943741.618482823] [fibonacci_action_server]: Feedback: [55]
[INFO] [1733943741.985272792] [fibonacci_action_server]: Feedback: [2]
[INFO] [1733943742.043119180] [fibonacci_action_server]: Feedback: [2]
[INFO] [1733943742.118874707] [fibonacci_action_server]: Goal succeeded
[INFO] [1733943742.485684570] [fibonacci_action_server]: Feedback: [3]
[INFO] [1733943742.530364936] [fibonacci_action_server]: Received goal request with order 10
[INFO] [1733943742.530543508] [fibonacci_action_server]: Executing goal...
[INFO] [1733943742.530584891] [fibonacci_action_server]: Feedback: [1]
[INFO] [1733943742.543341046] [fibonacci_action_server]: Feedback: [3]
[INFO] [1733943742.986216615] [fibonacci_action_server]: Feedback: [5]
[INFO] [1733943743.030771205] [fibonacci_action_server]: Feedback: [2]
[INFO] [1733943743.043520782] [fibonacci_action_server]: Feedback: [5]
[INFO] [1733943743.486698450] [fibonacci_action_server]: Feedback: [8]
[INFO] [1733943743.531182049] [fibonacci_action_server]: Feedback: [3]
[INFO] [1733943743.543924270] [fibonacci_action_server]: Feedback: [8]
[INFO] [1733943743.987119334] [fibonacci_action_server]: Feedback: [13]
[INFO] [1733943744.031680425] [fibonacci_action_server]: Feedback: [5]
[INFO] [1733943744.044130417] [fibonacci_action_server]: Feedback: [13]
[INFO] [1733943744.487334761] [fibonacci_action_server]: Feedback: [21]
[INFO] [1733943744.531865998] [fibonacci_action_server]: Feedback: [8]
[INFO] [1733943744.544470182] [fibonacci_action_server]: Feedback: [21]
[INFO] [1733943744.987875044] [fibonacci_action_server]: Feedback: [34]
[INFO] [1733943745.032056596] [fibonacci_action_server]: Feedback: [13]
[INFO] [1733943745.044880862] [fibonacci_action_server]: Feedback: [34]
[INFO] [1733943745.488067458] [fibonacci_action_server]: Feedback: [55]
[INFO] [1733943745.532261888] [fibonacci_action_server]: Feedback: [21]
[INFO] [1733943745.545103534] [fibonacci_action_server]: Feedback: [55]
[INFO] [1733943745.988506195] [fibonacci_action_server]: Goal succeeded
[INFO] [1733943746.032697491] [fibonacci_action_server]: Feedback: [34]
[INFO] [1733943746.045397672] [fibonacci_action_server]: Goal succeeded
[INFO] [1733943746.400993825] [fibonacci_action_server]: Received goal request with order 10
[INFO] [1733943746.401229675] [fibonacci_action_server]: Executing goal...
[INFO] [1733943746.401379376] [fibonacci_action_server]: Feedback: [1]
[INFO] [1733943746.458219446] [fibonacci_action_server]: Received goal request with order 10
[INFO] [1733943746.458443574] [fibonacci_action_server]: Executing goal...
[INFO] [1733943746.458582907] [fibonacci_action_server]: Feedback: [1]
[INFO] [1733943746.532887423] [fibonacci_action_server]: Feedback: [55]
[INFO] [1733943746.901557641] [fibonacci_action_server]: Feedback: [2]
[INFO] [1733943746.958788751] [fibonacci_action_server]: Feedback: [2]
[INFO] [1733943747.033422539] [fibonacci_action_server]: Goal succeeded
[INFO] [1733943747.401800000] [fibonacci_action_server]: Feedback: [3]
[INFO] [1733943747.445568903] [fibonacci_action_server]: Received goal request with order 10
[INFO] [1733943747.445759801] [fibonacci_action_server]: Executing goal...
[INFO] [1733943747.445896620] [fibonacci_action_server]: Feedback: [1]
[INFO] [1733943747.458971535] [fibonacci_action_server]: Feedback: [3]
[INFO] [1733943747.902110281] [fibonacci_action_server]: Feedback: [5]
[INFO] [1733943747.946278822] [fibonacci_action_server]: Feedback: [2]
[INFO] [1733943747.959437198] [fibonacci_action_server]: Feedback: [5]
[INFO] [1733943748.402319695] [fibonacci_action_server]: Feedback: [8]
[INFO] [1733943748.446689947] [fibonacci_action_server]: Feedback: [3]
[INFO] [1733943748.460048890] [fibonacci_action_server]: Feedback: [8]
[INFO] [1733943748.902503955] [fibonacci_action_server]: Feedback: [13]
[INFO] [1733943748.946902168] [fibonacci_action_server]: Feedback: [5]
[INFO] [1733943748.960268600] [fibonacci_action_server]: Feedback: [13]
[INFO] [1733943749.402707062] [fibonacci_action_server]: Feedback: [21]
[INFO] [1733943749.447120140] [fibonacci_action_server]: Feedback: [8]
[INFO] [1733943749.460512931] [fibonacci_action_server]: Feedback: [21]
[INFO] [1733943749.902952126] [fibonacci_action_server]: Feedback: [34]
[INFO] [1733943749.947339491] [fibonacci_action_server]: Feedback: [13]
[INFO] [1733943749.960726802] [fibonacci_action_server]: Feedback: [34]
[INFO] [1733943750.403139550] [fibonacci_action_server]: Feedback: [55]
[INFO] [1733943750.447722884] [fibonacci_action_server]: Feedback: [21]
[INFO] [1733943750.460911422] [fibonacci_action_server]: Feedback: [55]
[INFO] [1733943750.903519650] [fibonacci_action_server]: Goal succeeded
[INFO] [1733943750.947943560] [fibonacci_action_server]: Feedback: [34]
[INFO] [1733943750.961301846] [fibonacci_action_server]: Goal succeeded
[INFO] [1733943751.313857394] [fibonacci_action_server]: Received goal request with order 10
[INFO] [1733943751.314102629] [fibonacci_action_server]: Executing goal...
[INFO] [1733943751.314199726] [fibonacci_action_server]: Feedback: [1]
[INFO] [1733943751.373163310] [fibonacci_action_server]: Received goal request with order 10
[INFO] [1733943751.373362002] [fibonacci_action_server]: Executing goal...
[INFO] [1733943751.373443225] [fibonacci_action_server]: Feedback: [1]
[INFO] [1733943751.448135019] [fibonacci_action_server]: Feedback: [55]
[INFO] [1733943751.814705952] [fibonacci_action_server]: Feedback: [2]
[INFO] [1733943751.873631429] [fibonacci_action_server]: Feedback: [2]
[INFO] [1733943751.948399787] [fibonacci_action_server]: Goal succeeded
[INFO] [1733943752.314958517] [fibonacci_action_server]: Feedback: [3]
[INFO] [1733943752.360616433] [fibonacci_action_server]: Received goal request with order 10
[INFO] [1733943752.360786427] [fibonacci_action_server]: Executing goal...
[INFO] [1733943752.360847232] [fibonacci_action_server]: Feedback: [1]
[INFO] [1733943752.373798738] [fibonacci_action_server]: Feedback: [3]
[INFO] [1733943752.815238808] [fibonacci_action_server]: Feedback: [5]
[INFO] [1733943752.861112206] [fibonacci_action_server]: Feedback: [2]
[INFO] [1733943752.873979349] [fibonacci_action_server]: Feedback: [5]
[INFO] [1733943753.315484373] [fibonacci_action_server]: Feedback: [8]
[INFO] [1733943753.361459776] [fibonacci_action_server]: Feedback: [3]
[INFO] [1733943753.374167360] [fibonacci_action_server]: Feedback: [8]
[INFO] [1733943753.815697975] [fibonacci_action_server]: Feedback: [13]
[INFO] [1733943753.861810445] [fibonacci_action_server]: Feedback: [5]
[INFO] [1733943753.874425329] [fibonacci_action_server]: Feedback: [13]
[INFO] [1733943754.315939555] [fibonacci_action_server]: Feedback: [21]
[INFO] [1733943754.362300736] [fibonacci_action_server]: Feedback: [8]
[INFO] [1733943754.374768963] [fibonacci_action_server]: Feedback: [21]
[INFO] [1733943754.816177235] [fibonacci_action_server]: Feedback: [34]
[INFO] [1733943754.862520906] [fibonacci_action_server]: Feedback: [13]
[INFO] [1733943754.874996705] [fibonacci_action_server]: Feedback: [34]
[INFO] [1733943755.316500051] [fibonacci_action_server]: Feedback: [55]
[INFO] [1733943755.362747828] [fibonacci_action_server]: Feedback: [21]
[INFO] [1733943755.375168109] [fibonacci_action_server]: Feedback: [55]
[INFO] [1733943755.816768360] [fibonacci_action_server]: Goal succeeded
[INFO] [1733943755.863060215] [fibonacci_action_server]: Feedback: [34]
[INFO] [1733943755.875371118] [fibonacci_action_server]: Goal succeeded
[INFO] [1733943756.227394429] [fibonacci_action_server]: Received goal request with order 10
[INFO] [1733943756.227716294] [fibonacci_action_server]: Executing goal...
[INFO] [1733943756.227852189] [fibonacci_action_server]: Feedback: [1]
[INFO] [1733943756.287243607] [fibonacci_action_server]: Received goal request with order 10
[INFO] [1733943756.287376604] [fibonacci_action_server]: Executing goal...
[INFO] [1733943756.287434003] [fibonacci_action_server]: Feedback: [1]
[INFO] [1733943756.363427763] [fibonacci_action_server]: Feedback: [55]
[INFO] [1733943756.728009566] [fibonacci_action_server]: Feedback: [2]
[INFO] [1733943756.787629860] [fibonacci_action_server]: Feedback: [2]
[INFO] [1733943756.863893774] [fibonacci_action_server]: Goal succeeded
[INFO] [1733943757.228330464] [fibonacci_action_server]: Feedback: [3]
[INFO] [1733943757.274606411] [fibonacci_action_server]: Received goal request with order 10
[INFO] [1733943757.274842936] [fibonacci_action_server]: Executing goal...
[INFO] [1733943757.274898709] [fibonacci_action_server]: Feedback: [1]
[INFO] [1733943757.287833119] [fibonacci_action_server]: Feedback: [3]
[INFO] [1733943757.728536929] [fibonacci_action_server]: Feedback: [5]
[INFO] [1733943757.775259257] [fibonacci_action_server]: Feedback: [2]
[INFO] [1733943757.788015245] [fibonacci_action_server]: Feedback: [5]
[INFO] [1733943758.228723576] [fibonacci_action_server]: Feedback: [8]
[INFO] [1733943758.275513835] [fibonacci_action_server]: Feedback: [3]
[INFO] [1733943758.288324765] [fibonacci_action_server]: Feedback: [8]
[INFO] [1733943758.729179426] [fibonacci_action_server]: Feedback: [13]
[INFO] [1733943758.775723849] [fibonacci_action_server]: Feedback: [5]
[INFO] [1733943758.788693767] [fibonacci_action_server]: Feedback: [13]
[INFO] [1733943759.229454431] [fibonacci_action_server]: Feedback: [21]
[INFO] [1733943759.275898495] [fibonacci_action_server]: Feedback: [8]
[INFO] [1733943759.289030921] [fibonacci_action_server]: Feedback: [21]
[INFO] [1733943759.729813617] [fibonacci_action_server]: Feedback: [34]
[INFO] [1733943759.776136359] [fibonacci_action_server]: Feedback: [13]
[INFO] [1733943759.789377179] [fibonacci_action_server]: Feedback: [34]
[INFO] [1733943760.230171260] [fibonacci_action_server]: Feedback: [55]
[INFO] [1733943760.276347591] [fibonacci_action_server]: Feedback: [21]
[INFO] [1733943760.289579721] [fibonacci_action_server]: Feedback: [55]
[INFO] [1733943760.730738330] [fibonacci_action_server]: Goal succeeded
[INFO] [1733943760.776670688] [fibonacci_action_server]: Feedback: [34]
[INFO] [1733943760.789885820] [fibonacci_action_server]: Goal succeeded
[INFO] [1733943761.143149897] [fibonacci_action_server]: Received goal request with order 10
[INFO] [1733943761.143408079] [fibonacci_action_server]: Executing goal...
[INFO] [1733943761.143506355] [fibonacci_action_server]: Feedback: [1]
[INFO] [1733943761.201894631] [fibonacci_action_server]: Received goal request with order 10
[INFO] [1733943761.202029662] [fibonacci_action_server]: Executing goal...
[INFO] [1733943761.202086670] [fibonacci_action_server]: Feedback: [1]
[INFO] [1733943761.277096767] [fibonacci_action_server]: Feedback: [55]
[INFO] [1733943761.643986665] [fibonacci_action_server]: Feedback: [2]
[INFO] [1733943761.702374807] [fibonacci_action_server]: Feedback: [2]
[INFO] [1733943761.777516632] [fibonacci_action_server]: Goal succeeded
[INFO] [1733943762.144360437] [fibonacci_action_server]: Feedback: [3]
[INFO] [1733943762.189341875] [fibonacci_action_server]: Received goal request with order 10
[INFO] [1733943762.189498199] [fibonacci_action_server]: Executing goal...
[INFO] [1733943762.189577760] [fibonacci_action_server]: Feedback: [1]
[INFO] [1733943762.202750345] [fibonacci_action_server]: Feedback: [3]
[INFO] [1733943762.644706516] [fibonacci_action_server]: Feedback: [5]
[INFO] [1733943762.689802897] [fibonacci_action_server]: Feedback: [2]
[INFO] [1733943762.702928362] [fibonacci_action_server]: Feedback: [5]
[INFO] [1733943763.144931343] [fibonacci_action_server]: Feedback: [8]
[INFO] [1733943763.190141128] [fibonacci_action_server]: Feedback: [3]
[INFO] [1733943763.203392552] [fibonacci_action_server]: Feedback: [8]
[INFO] [1733943763.645151360] [fibonacci_action_server]: Feedback: [13]
[INFO] [1733943763.690482061] [fibonacci_action_server]: Feedback: [5]
[INFO] [1733943763.703940994] [fibonacci_action_server]: Feedback: [13]
[INFO] [1733943764.145592243] [fibonacci_action_server]: Feedback: [21]
[INFO] [1733943764.190985580] [fibonacci_action_server]: Feedback: [8]
[INFO] [1733943764.204221973] [fibonacci_action_server]: Feedback: [21]
[INFO] [1733943764.646074343] [fibonacci_action_server]: Feedback: [34]
[INFO] [1733943764.691434754] [fibonacci_action_server]: Feedback: [13]
[INFO] [1733943764.704580642] [fibonacci_action_server]: Feedback: [34]
[INFO] [1733943765.146326510] [fibonacci_action_server]: Feedback: [55]
[INFO] [1733943765.191962253] [fibonacci_action_server]: Feedback: [21]
[INFO] [1733943765.204804653] [fibonacci_action_server]: Feedback: [55]
[INFO] [1733943765.646587461] [fibonacci_action_server]: Goal succeeded
[INFO] [1733943765.692167339] [fibonacci_action_server]: Feedback: [34]
[INFO] [1733943765.705223466] [fibonacci_action_server]: Goal succeeded
[INFO] [1733943766.062504452] [fibonacci_action_server]: Received goal request with order 10
[INFO] [1733943766.062741720] [fibonacci_action_server]: Executing goal...
[INFO] [1733943766.062834951] [fibonacci_action_server]: Feedback: [1]
[INFO] [1733943766.117153265] [fibonacci_action_server]: Received goal request with order 10
[INFO] [1733943766.117446833] [fibonacci_action_server]: Executing goal...
[INFO] [1733943766.117584214] [fibonacci_action_server]: Feedback: [1]
[INFO] [1733943766.192417820] [fibonacci_action_server]: Feedback: [55]
[INFO] [1733943766.563001219] [fibonacci_action_server]: Feedback: [2]
[INFO] [1733943766.617774876] [fibonacci_action_server]: Feedback: [2]
[INFO] [1733943766.692661570] [fibonacci_action_server]: Goal succeeded
[INFO] [1733943767.063324618] [fibonacci_action_server]: Feedback: [3]
[INFO] [1733943767.103459915] [fibonacci_action_server]: Received goal request with order 10
[INFO] [1733943767.103646466] [fibonacci_action_server]: Executing goal...
[INFO] [1733943767.103743872] [fibonacci_action_server]: Feedback: [1]
[INFO] [1733943767.118090569] [fibonacci_action_server]: Feedback: [3]
[INFO] [1733943767.563595716] [fibonacci_action_server]: Feedback: [5]
[INFO] [1733943767.603913035] [fibonacci_action_server]: Feedback: [2]
[INFO] [1733943767.618394682] [fibonacci_action_server]: Feedback: [5]
[INFO] [1733943768.063792029] [fibonacci_action_server]: Feedback: [8]
[INFO] [1733943768.104118386] [fibonacci_action_server]: Feedback: [3]
[INFO] [1733943768.118617850] [fibonacci_action_server]: Feedback: [8]
[INFO] [1733943768.563997523] [fibonacci_action_server]: Feedback: [13]
[INFO] [1733943768.604298239] [fibonacci_action_server]: Feedback: [5]
[INFO] [1733943768.618808613] [fibonacci_action_server]: Feedback: [13]
[INFO] [1733943769.064203002] [fibonacci_action_server]: Feedback: [21]
[INFO] [1733943769.104644209] [fibonacci_action_server]: Feedback: [8]
[INFO] [1733943769.118983167] [fibonacci_action_server]: Feedback: [21]
[INFO] [1733943769.564423145] [fibonacci_action_server]: Feedback: [34]
[INFO] [1733943769.605055338] [fibonacci_action_server]: Feedback: [13]
[INFO] [1733943769.619379120] [fibonacci_action_server]: Feedback: [34]
[INFO] [1733943770.064754856] [fibonacci_action_server]: Feedback: [55]
[INFO] [1733943770.105297209] [fibonacci_action_server]: Feedback: [21]
[INFO] [1733943770.119573933] [fibonacci_action_server]: Feedback: [55]
[INFO] [1733943770.565036190] [fibonacci_action_server]: Goal succeeded
[INFO] [1733943770.605495053] [fibonacci_action_server]: Feedback: [34]
[INFO] [1733943770.619794824] [fibonacci_action_server]: Goal succeeded
[INFO] [1733943770.977387743] [fibonacci_action_server]: Received goal request with order 10
[INFO] [1733943770.977541850] [fibonacci_action_server]: Executing goal...
[INFO] [1733943770.977609832] [fibonacci_action_server]: Feedback: [1]
[INFO] [1733943771.032252229] [fibonacci_action_server]: Received goal request with order 10
[INFO] [1733943771.032517225] [fibonacci_action_server]: Executing goal...
[INFO] [1733943771.032619240] [fibonacci_action_server]: Feedback: [1]
[INFO] [1733943771.105691386] [fibonacci_action_server]: Feedback: [55]
[INFO] [1733943771.477776878] [fibonacci_action_server]: Feedback: [2]
[INFO] [1733943771.534763217] [fibonacci_action_server]: Feedback: [2]
[INFO] [1733943771.605953061] [fibonacci_action_server]: Goal succeeded
[INFO] [1733943771.978066070] [fibonacci_action_server]: Feedback: [3]
[INFO] [1733943772.016949317] [fibonacci_action_server]: Received goal request with order 10
[INFO] [1733943772.017131231] [fibonacci_action_server]: Executing goal...
[INFO] [1733943772.017187234] [fibonacci_action_server]: Feedback: [1]
[INFO] [1733943772.034962543] [fibonacci_action_server]: Feedback: [3]
[INFO] [1733943772.478509382] [fibonacci_action_server]: Feedback: [5]
[INFO] [1733943772.517388184] [fibonacci_action_server]: Feedback: [2]
[INFO] [1733943772.535263025] [fibonacci_action_server]: Feedback: [5]
[INFO] [1733943772.979006776] [fibonacci_action_server]: Feedback: [8]
[INFO] [1733943773.017689498] [fibonacci_action_server]: Feedback: [3]
[INFO] [1733943773.035487992] [fibonacci_action_server]: Feedback: [8]
[INFO] [1733943773.479244570] [fibonacci_action_server]: Feedback: [13]
[INFO] [1733943773.517938482] [fibonacci_action_server]: Feedback: [5]
[INFO] [1733943773.535812499] [fibonacci_action_server]: Feedback: [13]
[INFO] [1733943773.979468838] [fibonacci_action_server]: Feedback: [21]
[INFO] [1733943774.018173174] [fibonacci_action_server]: Feedback: [8]
[INFO] [1733943774.036029585] [fibonacci_action_server]: Feedback: [21]
[INFO] [1733943774.479773604] [fibonacci_action_server]: Feedback: [34]
[INFO] [1733943774.518409965] [fibonacci_action_server]: Feedback: [13]
[INFO] [1733943774.536312682] [fibonacci_action_server]: Feedback: [34]
[INFO] [1733943774.979992325] [fibonacci_action_server]: Feedback: [55]
[INFO] [1733943775.018762722] [fibonacci_action_server]: Feedback: [21]
[INFO] [1733943775.036549268] [fibonacci_action_server]: Feedback: [55]
[INFO] [1733943775.480253503] [fibonacci_action_server]: Goal succeeded
[INFO] [1733943775.518978355] [fibonacci_action_server]: Feedback: [34]
[INFO] [1733943775.536941058] [fibonacci_action_server]: Goal succeeded
[INFO] [1733943775.891712089] [fibonacci_action_server]: Received goal request with order 10
[INFO] [1733943775.891866125] [fibonacci_action_server]: Executing goal...
[INFO] [1733943775.891939946] [fibonacci_action_server]: Feedback: [1]
[INFO] [1733943775.946739843] [fibonacci_action_server]: Received goal request with order 10
[INFO] [1733943775.946932203] [fibonacci_action_server]: Executing goal...
[INFO] [1733943775.946998498] [fibonacci_action_server]: Feedback: [1]
[INFO] [1733943776.019225127] [fibonacci_action_server]: Feedback: [55]
[INFO] [1733943776.392140002] [fibonacci_action_server]: Feedback: [2]
[INFO] [1733943776.447498613] [fibonacci_action_server]: Feedback: [2]
[INFO] [1733943776.519499776] [fibonacci_action_server]: Goal succeeded
[INFO] [1733943776.892356219] [fibonacci_action_server]: Feedback: [3]
[INFO] [1733943776.931013867] [fibonacci_action_server]: Received goal request with order 10
[INFO] [1733943776.931182937] [fibonacci_action_server]: Executing goal...
[INFO] [1733943776.931235373] [fibonacci_action_server]: Feedback: [1]
[INFO] [1733943776.947797291] [fibonacci_action_server]: Feedback: [3]
[INFO] [1733943777.392881045] [fibonacci_action_server]: Feedback: [5]
[INFO] [1733943777.431428113] [fibonacci_action_server]: Feedback: [2]
[INFO] [1733943777.448036102] [fibonacci_action_server]: Feedback: [5]
[INFO] [1733943777.893390882] [fibonacci_action_server]: Feedback: [8]
[INFO] [1733943777.931689566] [fibonacci_action_server]: Feedback: [3]
[INFO] [1733943777.948268122] [fibonacci_action_server]: Feedback: [8]
[INFO] [1733943778.393650053] [fibonacci_action_server]: Feedback: [13]
[INFO] [1733943778.431980516] [fibonacci_action_server]: Feedback: [5]
[INFO] [1733943778.448482400] [fibonacci_action_server]: Feedback: [13]
[INFO] [1733943778.893832559] [fibonacci_action_server]: Feedback: [21]
[INFO] [1733943778.932189186] [fibonacci_action_server]: Feedback: [8]
[INFO] [1733943778.948638449] [fibonacci_action_server]: Feedback: [21]
[INFO] [1733943779.394063339] [fibonacci_action_server]: Feedback: [34]
[INFO] [1733943779.432441789] [fibonacci_action_server]: Feedback: [13]
[INFO] [1733943779.448974540] [fibonacci_action_server]: Feedback: [34]
[INFO] [1733943779.894317492] [fibonacci_action_server]: Feedback: [55]
[INFO] [1733943779.932701833] [fibonacci_action_server]: Feedback: [21]
[INFO] [1733943779.949271925] [fibonacci_action_server]: Feedback: [55]
[INFO] [1733943780.394915901] [fibonacci_action_server]: Goal succeeded
[INFO] [1733943780.433063499] [fibonacci_action_server]: Feedback: [34]
[INFO] [1733943780.449499737] [fibonacci_action_server]: Goal succeeded
[INFO] [1733943780.806137621] [fibonacci_action_server]: Received goal request with order 10
[INFO] [1733943780.806325675] [fibonacci_action_server]: Executing goal...
[INFO] [1733943780.806390231] [fibonacci_action_server]: Feedback: [1]
[INFO] [1733943780.861392047] [fibonacci_action_server]: Received goal request with order 10
[INFO] [1733943780.861541522] [fibonacci_action_server]: Executing goal...
[INFO] [1733943780.861612796] [fibonacci_action_server]: Feedback: [1]
[INFO] [1733943780.933267327] [fibonacci_action_server]: Feedback: [55]
[INFO] [1733943781.306601859] [fibonacci_action_server]: Feedback: [2]
[INFO] [1733943781.361895860] [fibonacci_action_server]: Feedback: [2]
[INFO] [1733943781.433530188] [fibonacci_action_server]: Goal succeeded
[INFO] [1733943781.806789171] [fibonacci_action_server]: Feedback: [3]
[INFO] [1733943781.844946865] [fibonacci_action_server]: Received goal request with order 10
[INFO] [1733943781.845108224] [fibonacci_action_server]: Executing goal...
[INFO] [1733943781.845164962] [fibonacci_action_server]: Feedback: [1]
[INFO] [1733943781.862312611] [fibonacci_action_server]: Feedback: [3]
[INFO] [1733943782.307040911] [fibonacci_action_server]: Feedback: [5]
[INFO] [1733943782.345352957] [fibonacci_action_server]: Feedback: [2]
[INFO] [1733943782.362500183] [fibonacci_action_server]: Feedback: [5]
[INFO] [1733943782.807424620] [fibonacci_action_server]: Feedback: [8]
[INFO] [1733943782.845569170] [fibonacci_action_server]: Feedback: [3]
[INFO] [1733943782.862697299] [fibonacci_action_server]: Feedback: [8]
[INFO] [1733943783.307739924] [fibonacci_action_server]: Feedback: [13]
[INFO] [1733943783.345785047] [fibonacci_action_server]: Feedback: [5]
[INFO] [1733943783.363010875] [fibonacci_action_server]: Feedback: [13]
[INFO] [1733943783.808100646] [fibonacci_action_server]: Feedback: [21]
[INFO] [1733943783.846113027] [fibonacci_action_server]: Feedback: [8]
[INFO] [1733943783.863247860] [fibonacci_action_server]: Feedback: [21]
[INFO] [1733943784.308433059] [fibonacci_action_server]: Feedback: [34]
[INFO] [1733943784.346329948] [fibonacci_action_server]: Feedback: [13]
[INFO] [1733943784.363456385] [fibonacci_action_server]: Feedback: [34]
[INFO] [1733943784.808779964] [fibonacci_action_server]: Feedback: [55]
[INFO] [1733943784.846742116] [fibonacci_action_server]: Feedback: [21]
[INFO] [1733943784.863651854] [fibonacci_action_server]: Feedback: [55]
[INFO] [1733943785.309066418] [fibonacci_action_server]: Goal succeeded
[INFO] [1733943785.347099796] [fibonacci_action_server]: Feedback: [34]
[INFO] [1733943785.363924036] [fibonacci_action_server]: Goal succeeded
[INFO] [1733943785.721196734] [fibonacci_action_server]: Received goal request with order 10
[INFO] [1733943785.721460545] [fibonacci_action_server]: Executing goal...
[INFO] [1733943785.721533859] [fibonacci_action_server]: Feedback: [1]
[INFO] [1733943785.775083302] [fibonacci_action_server]: Received goal request with order 10
[INFO] [1733943785.775371796] [fibonacci_action_server]: Executing goal...
[INFO] [1733943785.775438295] [fibonacci_action_server]: Feedback: [1]
[INFO] [1733943785.847423409] [fibonacci_action_server]: Feedback: [55]
[INFO] [1733943786.221752302] [fibonacci_action_server]: Feedback: [2]
[INFO] [1733943786.275641318] [fibonacci_action_server]: Feedback: [2]
[INFO] [1733943786.347742152] [fibonacci_action_server]: Goal succeeded
[INFO] [1733943786.722268081] [fibonacci_action_server]: Feedback: [3]
[INFO] [1733943786.758995393] [fibonacci_action_server]: Received goal request with order 10
[INFO] [1733943786.759233397] [fibonacci_action_server]: Executing goal...
[INFO] [1733943786.759372721] [fibonacci_action_server]: Feedback: [1]
[INFO] [1733943786.775917101] [fibonacci_action_server]: Feedback: [3]
[INFO] [1733943787.222479536] [fibonacci_action_server]: Feedback: [5]
[INFO] [1733943787.259855377] [fibonacci_action_server]: Feedback: [2]
[INFO] [1733943787.276255935] [fibonacci_action_server]: Feedback: [5]
[INFO] [1733943787.722682322] [fibonacci_action_server]: Feedback: [8]
[INFO] [1733943787.760051158] [fibonacci_action_server]: Feedback: [3]
[INFO] [1733943787.776627251] [fibonacci_action_server]: Feedback: [8]
[INFO] [1733943788.223195036] [fibonacci_action_server]: Feedback: [13]
[INFO] [1733943788.260265444] [fibonacci_action_server]: Feedback: [5]
[INFO] [1733943788.276944573] [fibonacci_action_server]: Feedback: [13]
[INFO] [1733943788.723542819] [fibonacci_action_server]: Feedback: [21]
[INFO] [1733943788.760464363] [fibonacci_action_server]: Feedback: [8]
[INFO] [1733943788.777430812] [fibonacci_action_server]: Feedback: [21]
[INFO] [1733943789.223756837] [fibonacci_action_server]: Feedback: [34]
[INFO] [1733943789.260702645] [fibonacci_action_server]: Feedback: [13]
[INFO] [1733943789.277969191] [fibonacci_action_server]: Feedback: [34]
[INFO] [1733943789.723928153] [fibonacci_action_server]: Feedback: [55]
[INFO] [1733943789.760856456] [fibonacci_action_server]: Feedback: [21]
[INFO] [1733943789.778245371] [fibonacci_action_server]: Feedback: [55]
[INFO] [1733943790.224145306] [fibonacci_action_server]: Goal succeeded
[INFO] [1733943790.261035439] [fibonacci_action_server]: Feedback: [34]
[INFO] [1733943790.278628956] [fibonacci_action_server]: Goal succeeded
[INFO] [1733943790.635382155] [fibonacci_action_server]: Received goal request with order 10
[INFO] [1733943790.635524592] [fibonacci_action_server]: Executing goal...
[INFO] [1733943790.635589481] [fibonacci_action_server]: Feedback: [1]
[INFO] [1733943790.689376271] [fibonacci_action_server]: Received goal request with order 10
[INFO] [1733943790.689514884] [fibonacci_action_server]: Executing goal...
[INFO] [1733943790.689579444] [fibonacci_action_server]: Feedback: [1]
[INFO] [1733943790.761221204] [fibonacci_action_server]: Feedback: [55]
[INFO] [1733943791.135777899] [fibonacci_action_server]: Feedback: [2]
[INFO] [1733943791.189712442] [fibonacci_action_server]: Feedback: [2]
[INFO] [1733943791.261479719] [fibonacci_action_server]: Goal succeeded
[INFO] [1733943791.636249429] [fibonacci_action_server]: Feedback: [3]
[INFO] [1733943791.672253368] [fibonacci_action_server]: Received goal request with order 10
[INFO] [1733943791.672409435] [fibonacci_action_server]: Executing goal...
[INFO] [1733943791.672479238] [fibonacci_action_server]: Feedback: [1]
[INFO] [1733943791.689883108] [fibonacci_action_server]: Feedback: [3]
[INFO] [1733943792.136703644] [fibonacci_action_server]: Feedback: [5]
[INFO] [1733943792.172669761] [fibonacci_action_server]: Feedback: [2]
[INFO] [1733943792.190056027] [fibonacci_action_server]: Feedback: [5]
[INFO] [1733943792.636945237] [fibonacci_action_server]: Feedback: [8]
[INFO] [1733943792.672980402] [fibonacci_action_server]: Feedback: [3]
[INFO] [1733943792.690260552] [fibonacci_action_server]: Feedback: [8]
[INFO] [1733943793.137308986] [fibonacci_action_server]: Feedback: [13]
[INFO] [1733943793.173328333] [fibonacci_action_server]: Feedback: [5]
[INFO] [1733943793.190437984] [fibonacci_action_server]: Feedback: [13]
[INFO] [1733943793.637628348] [fibonacci_action_server]: Feedback: [21]
[INFO] [1733943793.673791786] [fibonacci_action_server]: Feedback: [8]
[INFO] [1733943793.690696271] [fibonacci_action_server]: Feedback: [21]
[INFO] [1733943794.137854738] [fibonacci_action_server]: Feedback: [34]
[INFO] [1733943794.174130974] [fibonacci_action_server]: Feedback: [13]
[INFO] [1733943794.191069145] [fibonacci_action_server]: Feedback: [34]
[INFO] [1733943794.638122591] [fibonacci_action_server]: Feedback: [55]
[INFO] [1733943794.674385153] [fibonacci_action_server]: Feedback: [21]
[INFO] [1733943794.691411310] [fibonacci_action_server]: Feedback: [55]
[INFO] [1733943795.138390094] [fibonacci_action_server]: Goal succeeded
[INFO] [1733943795.174569726] [fibonacci_action_server]: Feedback: [34]
[INFO] [1733943795.191681611] [fibonacci_action_server]: Goal succeeded
[INFO] [1733943795.550117960] [fibonacci_action_server]: Received goal request with order 10
[INFO] [1733943795.550342273] [fibonacci_action_server]: Executing goal...
[INFO] [1733943795.550537324] [fibonacci_action_server]: Feedback: [1]
[INFO] [1733943795.603157390] [fibonacci_action_server]: Received goal request with order 10
[INFO] [1733943795.603316956] [fibonacci_action_server]: Executing goal...
[INFO] [1733943795.603398844] [fibonacci_action_server]: Feedback: [1]
[INFO] [1733943795.674796610] [fibonacci_action_server]: Feedback: [55]
[INFO] [1733943796.050716959] [fibonacci_action_server]: Feedback: [2]
[INFO] [1733943796.103823416] [fibonacci_action_server]: Feedback: [2]
[INFO] [1733943796.175138546] [fibonacci_action_server]: Goal succeeded
[INFO] [1733943796.550963994] [fibonacci_action_server]: Feedback: [3]
[INFO] [1733943796.585472162] [fibonacci_action_server]: Received goal request with order 10
[INFO] [1733943796.585641848] [fibonacci_action_server]: Executing goal...
[INFO] [1733943796.585716074] [fibonacci_action_server]: Feedback: [1]
[INFO] [1733943796.604027008] [fibonacci_action_server]: Feedback: [3]
[INFO] [1733943797.051226976] [fibonacci_action_server]: Feedback: [5]
[INFO] [1733943797.089480776] [fibonacci_action_server]: Feedback: [2]
[INFO] [1733943797.104235799] [fibonacci_action_server]: Feedback: [5]
[INFO] [1733943797.551458573] [fibonacci_action_server]: Feedback: [8]
[INFO] [1733943797.589727712] [fibonacci_action_server]: Feedback: [3]
[INFO] [1733943797.604467827] [fibonacci_action_server]: Feedback: [8]
[INFO] [1733943798.051665888] [fibonacci_action_server]: Feedback: [13]
[INFO] [1733943798.089938290] [fibonacci_action_server]: Feedback: [5]
[INFO] [1733943798.104713822] [fibonacci_action_server]: Feedback: [13]
[INFO] [1733943798.551876054] [fibonacci_action_server]: Feedback: [21]
[INFO] [1733943798.590201601] [fibonacci_action_server]: Feedback: [8]
[INFO] [1733943798.604895828] [fibonacci_action_server]: Feedback: [21]
[INFO] [1733943799.052081409] [fibonacci_action_server]: Feedback: [34]
[INFO] [1733943799.090548481] [fibonacci_action_server]: Feedback: [13]
[INFO] [1733943799.105117047] [fibonacci_action_server]: Feedback: [34]
[INFO] [1733943799.552320774] [fibonacci_action_server]: Feedback: [55]
[INFO] [1733943799.590909390] [fibonacci_action_server]: Feedback: [21]
[INFO] [1733943799.605513835] [fibonacci_action_server]: Feedback: [55]
[INFO] [1733943800.052536834] [fibonacci_action_server]: Goal succeeded
[INFO] [1733943800.091438970] [fibonacci_action_server]: Feedback: [34]
[INFO] [1733943800.106072246] [fibonacci_action_server]: Goal succeeded
[INFO] [1733943800.463627687] [fibonacci_action_server]: Received goal request with order 10
[INFO] [1733943800.463802690] [fibonacci_action_server]: Executing goal...
[INFO] [1733943800.463858673] [fibonacci_action_server]: Feedback: [1]
[INFO] [1733943800.516838647] [fibonacci_action_server]: Received goal request with order 10
[INFO] [1733943800.516969718] [fibonacci_action_server]: Executing goal...
[INFO] [1733943800.517030253] [fibonacci_action_server]: Feedback: [1]
[INFO] [1733943800.591634878] [fibonacci_action_server]: Feedback: [55]
[INFO] [1733943800.964018609] [fibonacci_action_server]: Feedback: [2]
[INFO] [1733943801.017218182] [fibonacci_action_server]: Feedback: [2]
[INFO] [1733943801.091877869] [fibonacci_action_server]: Goal succeeded
[INFO] [1733943801.464305338] [fibonacci_action_server]: Feedback: [3]
[INFO] [1733943801.500590927] [fibonacci_action_server]: Received goal request with order 10
[INFO] [1733943801.500747127] [fibonacci_action_server]: Executing goal...
[INFO] [1733943801.500810334] [fibonacci_action_server]: Feedback: [1]
[INFO] [1733943801.517397806] [fibonacci_action_server]: Feedback: [3]
[INFO] [1733943801.964504608] [fibonacci_action_server]: Feedback: [5]
[INFO] [1733943802.000997360] [fibonacci_action_server]: Feedback: [2]
[INFO] [1733943802.017760558] [fibonacci_action_server]: Feedback: [5]
[INFO] [1733943802.464675152] [fibonacci_action_server]: Feedback: [8]
[INFO] [1733943802.501236723] [fibonacci_action_server]: Feedback: [3]
[INFO] [1733943802.518012793] [fibonacci_action_server]: Feedback: [8]
[INFO] [1733943802.965035152] [fibonacci_action_server]: Feedback: [13]
[INFO] [1733943803.001474489] [fibonacci_action_server]: Feedback: [5]
[INFO] [1733943803.018254367] [fibonacci_action_server]: Feedback: [13]
[INFO] [1733943803.465373680] [fibonacci_action_server]: Feedback: [21]
[INFO] [1733943803.501804488] [fibonacci_action_server]: Feedback: [8]
[INFO] [1733943803.518459786] [fibonacci_action_server]: Feedback: [21]
[INFO] [1733943803.965545901] [fibonacci_action_server]: Feedback: [34]
[INFO] [1733943804.002185787] [fibonacci_action_server]: Feedback: [13]
[INFO] [1733943804.018771570] [fibonacci_action_server]: Feedback: [34]
[INFO] [1733943804.465745066] [fibonacci_action_server]: Feedback: [55]
[INFO] [1733943804.502413420] [fibonacci_action_server]: Feedback: [21]
[INFO] [1733943804.518988337] [fibonacci_action_server]: Feedback: [55]
[INFO] [1733943804.966043797] [fibonacci_action_server]: Goal succeeded
[INFO] [1733943805.002625746] [fibonacci_action_server]: Feedback: [34]
[INFO] [1733943805.019318300] [fibonacci_action_server]: Goal succeeded
[INFO] [1733943805.378391904] [fibonacci_action_server]: Received goal request with order 10
[INFO] [1733943805.378647332] [fibonacci_action_server]: Executing goal...
[INFO] [1733943805.378783895] [fibonacci_action_server]: Feedback: [1]
[INFO] [1733943805.430990645] [fibonacci_action_server]: Received goal request with order 10
[INFO] [1733943805.431229289] [fibonacci_action_server]: Executing goal...
[INFO] [1733943805.431304533] [fibonacci_action_server]: Feedback: [1]
[INFO] [1733943805.502855824] [fibonacci_action_server]: Feedback: [55]
[INFO] [1733943805.879188683] [fibonacci_action_server]: Feedback: [2]
[INFO] [1733943805.931482232] [fibonacci_action_server]: Feedback: [2]
[INFO] [1733943806.003156010] [fibonacci_action_server]: Goal succeeded
[INFO] [1733943806.379454927] [fibonacci_action_server]: Feedback: [3]
[INFO] [1733943806.415472923] [fibonacci_action_server]: Received goal request with order 10
[INFO] [1733943806.415658078] [fibonacci_action_server]: Executing goal...
[INFO] [1733943806.415757201] [fibonacci_action_server]: Feedback: [1]
[INFO] [1733943806.431668688] [fibonacci_action_server]: Feedback: [3]
[INFO] [1733943806.879666460] [fibonacci_action_server]: Feedback: [5]
[INFO] [1733943806.915903425] [fibonacci_action_server]: Feedback: [2]
[INFO] [1733943806.931854384] [fibonacci_action_server]: Feedback: [5]
[INFO] [1733943807.379934163] [fibonacci_action_server]: Feedback: [8]
[INFO] [1733943807.416250880] [fibonacci_action_server]: Feedback: [3]
[INFO] [1733943807.432196736] [fibonacci_action_server]: Feedback: [8]
[INFO] [1733943807.880290541] [fibonacci_action_server]: Feedback: [13]
[INFO] [1733943807.916476687] [fibonacci_action_server]: Feedback: [5]
[INFO] [1733943807.932460654] [fibonacci_action_server]: Feedback: [13]
[INFO] [1733943808.380491427] [fibonacci_action_server]: Feedback: [21]
[INFO] [1733943808.416807500] [fibonacci_action_server]: Feedback: [8]
[INFO] [1733943808.432642853] [fibonacci_action_server]: Feedback: [21]
[INFO] [1733943808.880849258] [fibonacci_action_server]: Feedback: [34]
[INFO] [1733943808.917353703] [fibonacci_action_server]: Feedback: [13]
[INFO] [1733943808.932997202] [fibonacci_action_server]: Feedback: [34]
[INFO] [1733943809.381108001] [fibonacci_action_server]: Feedback: [55]
[INFO] [1733943809.417580028] [fibonacci_action_server]: Feedback: [21]
[INFO] [1733943809.433230861] [fibonacci_action_server]: Feedback: [55]
[INFO] [1733943809.881707118] [fibonacci_action_server]: Goal succeeded
[INFO] [1733943809.917844458] [fibonacci_action_server]: Feedback: [34]
[INFO] [1733943809.933653343] [fibonacci_action_server]: Goal succeeded
[INFO] [1733943810.293700074] [fibonacci_action_server]: Received goal request with order 10
[INFO] [1733943810.294000870] [fibonacci_action_server]: Executing goal...
[INFO] [1733943810.294058385] [fibonacci_action_server]: Feedback: [1]
[INFO] [1733943810.345580279] [fibonacci_action_server]: Received goal request with order 10
[INFO] [1733943810.345745324] [fibonacci_action_server]: Executing goal...
[INFO] [1733943810.345854006] [fibonacci_action_server]: Feedback: [1]
[INFO] [1733943810.418066921] [fibonacci_action_server]: Feedback: [55]
[INFO] [1733943810.794444488] [fibonacci_action_server]: Feedback: [2]
[INFO] [1733943810.846022026] [fibonacci_action_server]: Feedback: [2]
[INFO] [1733943810.918336438] [fibonacci_action_server]: Goal succeeded
[INFO] [1733943811.294959785] [fibonacci_action_server]: Feedback: [3]
[INFO] [1733943811.329925473] [fibonacci_action_server]: Received goal request with order 10
[INFO] [1733943811.330063030] [fibonacci_action_server]: Executing goal...
[INFO] [1733943811.330122213] [fibonacci_action_server]: Feedback: [1]
[INFO] [1733943811.346247787] [fibonacci_action_server]: Feedback: [3]
[INFO] [1733943811.795226872] [fibonacci_action_server]: Feedback: [5]
[INFO] [1733943811.830345400] [fibonacci_action_server]: Feedback: [2]
[INFO] [1733943811.846504068] [fibonacci_action_server]: Feedback: [5]
[INFO] [1733943812.295548126] [fibonacci_action_server]: Feedback: [8]
[INFO] [1733943812.330822445] [fibonacci_action_server]: Feedback: [3]
[INFO] [1733943812.346970839] [fibonacci_action_server]: Feedback: [8]
[INFO] [1733943812.795860137] [fibonacci_action_server]: Feedback: [13]
[INFO] [1733943812.831182509] [fibonacci_action_server]: Feedback: [5]
[INFO] [1733943812.848553522] [fibonacci_action_server]: Feedback: [13]
[INFO] [1733943813.296047672] [fibonacci_action_server]: Feedback: [21]
[INFO] [1733943813.331394077] [fibonacci_action_server]: Feedback: [8]
[INFO] [1733943813.348887282] [fibonacci_action_server]: Feedback: [21]
[INFO] [1733943813.796312189] [fibonacci_action_server]: Feedback: [34]
[INFO] [1733943813.831985063] [fibonacci_action_server]: Feedback: [13]
[INFO] [1733943813.849106224] [fibonacci_action_server]: Feedback: [34]
[INFO] [1733943814.296558056] [fibonacci_action_server]: Feedback: [55]
[INFO] [1733943814.332197678] [fibonacci_action_server]: Feedback: [21]
[INFO] [1733943814.349455006] [fibonacci_action_server]: Feedback: [55]
[INFO] [1733943814.796894788] [fibonacci_action_server]: Goal succeeded
[INFO] [1733943814.832651944] [fibonacci_action_server]: Feedback: [34]
[INFO] [1733943814.849831847] [fibonacci_action_server]: Goal succeeded
[INFO] [1733943815.208078860] [fibonacci_action_server]: Received goal request with order 10
[INFO] [1733943815.208281490] [fibonacci_action_server]: Executing goal...
[INFO] [1733943815.208367574] [fibonacci_action_server]: Feedback: [1]
[INFO] [1733943815.261203789] [fibonacci_action_server]: Received goal request with order 10
[INFO] [1733943815.261358375] [fibonacci_action_server]: Executing goal...
[INFO] [1733943815.261423549] [fibonacci_action_server]: Feedback: [1]
[INFO] [1733943815.333206488] [fibonacci_action_server]: Feedback: [55]
[INFO] [1733943815.708581260] [fibonacci_action_server]: Feedback: [2]
[INFO] [1733943815.761608350] [fibonacci_action_server]: Feedback: [2]
[INFO] [1733943815.833565599] [fibonacci_action_server]: Goal succeeded
[INFO] [1733943816.208945933] [fibonacci_action_server]: Feedback: [3]
[INFO] [1733943816.244134396] [fibonacci_action_server]: Received goal request with order 10
[INFO] [1733943816.244391714] [fibonacci_action_server]: Executing goal...
[INFO] [1733943816.244476094] [fibonacci_action_server]: Feedback: [1]
[INFO] [1733943816.262117997] [fibonacci_action_server]: Feedback: [3]
[INFO] [1733943816.709209895] [fibonacci_action_server]: Feedback: [5]
[INFO] [1733943816.744772349] [fibonacci_action_server]: Feedback: [2]
[INFO] [1733943816.762465301] [fibonacci_action_server]: Feedback: [5]
[INFO] [1733943817.209706260] [fibonacci_action_server]: Feedback: [8]
[INFO] [1733943817.245022279] [fibonacci_action_server]: Feedback: [3]
[INFO] [1733943817.262705553] [fibonacci_action_server]: Feedback: [8]
[INFO] [1733943817.710110278] [fibonacci_action_server]: Feedback: [13]
[INFO] [1733943817.745250873] [fibonacci_action_server]: Feedback: [5]
[INFO] [1733943817.763256232] [fibonacci_action_server]: Feedback: [13]
[INFO] [1733943818.210345993] [fibonacci_action_server]: Feedback: [21]
[INFO] [1733943818.245582299] [fibonacci_action_server]: Feedback: [8]
[INFO] [1733943818.263608152] [fibonacci_action_server]: Feedback: [21]
[INFO] [1733943818.710524758] [fibonacci_action_server]: Feedback: [34]
[INFO] [1733943818.745845057] [fibonacci_action_server]: Feedback: [13]
[INFO] [1733943818.763803552] [fibonacci_action_server]: Feedback: [34]
[INFO] [1733943819.210748212] [fibonacci_action_server]: Feedback: [55]
[INFO] [1733943819.246062722] [fibonacci_action_server]: Feedback: [21]
[INFO] [1733943819.264010372] [fibonacci_action_server]: Feedback: [55]
[INFO] [1733943819.711053063] [fibonacci_action_server]: Goal succeeded
[INFO] [1733943819.746488404] [fibonacci_action_server]: Feedback: [34]
[INFO] [1733943819.764317955] [fibonacci_action_server]: Goal succeeded
[INFO] [1733943820.123074537] [fibonacci_action_server]: Received goal request with order 10
[INFO] [1733943820.123485064] [fibonacci_action_server]: Executing goal...
[INFO] [1733943820.123586315] [fibonacci_action_server]: Feedback: [1]
[INFO] [1733943820.175122031] [fibonacci_action_server]: Received goal request with order 10
[INFO] [1733943820.175294247] [fibonacci_action_server]: Executing goal...
[INFO] [1733943820.175348966] [fibonacci_action_server]: Feedback: [1]
[INFO] [1733943820.246713856] [fibonacci_action_server]: Feedback: [55]
[INFO] [1733943820.623751947] [fibonacci_action_server]: Feedback: [2]
[INFO] [1733943820.675536778] [fibonacci_action_server]: Feedback: [2]
[INFO] [1733943820.747002275] [fibonacci_action_server]: Goal succeeded
[INFO] [1733943821.123998411] [fibonacci_action_server]: Feedback: [3]
[INFO] [1733943821.157660553] [fibonacci_action_server]: Received goal request with order 10
[INFO] [1733943821.157905269] [fibonacci_action_server]: Executing goal...
[INFO] [1733943821.158024849] [fibonacci_action_server]: Feedback: [1]
[INFO] [1733943821.175746500] [fibonacci_action_server]: Feedback: [3]
[INFO] [1733943821.624202715] [fibonacci_action_server]: Feedback: [5]
[INFO] [1733943821.658318661] [fibonacci_action_server]: Feedback: [2]
[INFO] [1733943821.675940632] [fibonacci_action_server]: Feedback: [5]
[INFO] [1733943822.124548485] [fibonacci_action_server]: Feedback: [8]
[INFO] [1733943822.158838509] [fibonacci_action_server]: Feedback: [3]
[INFO] [1733943822.176228376] [fibonacci_action_server]: Feedback: [8]
[INFO] [1733943822.624842152] [fibonacci_action_server]: Feedback: [13]
[INFO] [1733943822.659084005] [fibonacci_action_server]: Feedback: [5]
[INFO] [1733943822.676500766] [fibonacci_action_server]: Feedback: [13]
[INFO] [1733943823.125039486] [fibonacci_action_server]: Feedback: [21]
[INFO] [1733943823.159259960] [fibonacci_action_server]: Feedback: [8]
[INFO] [1733943823.176720521] [fibonacci_action_server]: Feedback: [21]
[INFO] [1733943823.625379260] [fibonacci_action_server]: Feedback: [34]
[INFO] [1733943823.659680675] [fibonacci_action_server]: Feedback: [13]
[INFO] [1733943823.676931773] [fibonacci_action_server]: Feedback: [34]
[INFO] [1733943824.125601248] [fibonacci_action_server]: Feedback: [55]
[INFO] [1733943824.159898225] [fibonacci_action_server]: Feedback: [21]
[INFO] [1733943824.177162842] [fibonacci_action_server]: Feedback: [55]
[INFO] [1733943824.625981801] [fibonacci_action_server]: Goal succeeded
[INFO] [1733943824.660130897] [fibonacci_action_server]: Feedback: [34]
[INFO] [1733943824.677479226] [fibonacci_action_server]: Goal succeeded
[INFO] [1733943825.037112033] [fibonacci_action_server]: Received goal request with order 10
[INFO] [1733943825.037698669] [fibonacci_action_server]: Executing goal...
[INFO] [1733943825.037844715] [fibonacci_action_server]: Feedback: [1]
[INFO] [1733943825.089931936] [fibonacci_action_server]: Received goal request with order 10
[INFO] [1733943825.090835817] [fibonacci_action_server]: Executing goal...
[INFO] [1733943825.091150309] [fibonacci_action_server]: Feedback: [1]
[INFO] [1733943825.160347657] [fibonacci_action_server]: Feedback: [55]
[INFO] [1733943825.538006167] [fibonacci_action_server]: Feedback: [2]
[INFO] [1733943825.592158875] [fibonacci_action_server]: Feedback: [2]
[INFO] [1733943825.660753712] [fibonacci_action_server]: Goal succeeded
[INFO] [1733943826.038254109] [fibonacci_action_server]: Feedback: [3]
[INFO] [1733943826.073680494] [fibonacci_action_server]: Received goal request with order 10
[INFO] [1733943826.074192909] [fibonacci_action_server]: Executing goal...
[INFO] [1733943826.074548373] [fibonacci_action_server]: Feedback: [1]
[INFO] [1733943826.092420178] [fibonacci_action_server]: Feedback: [3]
[INFO] [1733943826.538626356] [fibonacci_action_server]: Feedback: [5]
[INFO] [1733943826.574765937] [fibonacci_action_server]: Feedback: [2]
[INFO] [1733943826.592807389] [fibonacci_action_server]: Feedback: [5]
[INFO] [1733943827.038835431] [fibonacci_action_server]: Feedback: [8]
[INFO] [1733943827.075035838] [fibonacci_action_server]: Feedback: [3]
[INFO] [1733943827.093101645] [fibonacci_action_server]: Feedback: [8]
[INFO] [1733943827.539064770] [fibonacci_action_server]: Feedback: [13]
[INFO] [1733943827.575342558] [fibonacci_action_server]: Feedback: [5]
[INFO] [1733943827.593471002] [fibonacci_action_server]: Feedback: [13]
[INFO] [1733943828.039278459] [fibonacci_action_server]: Feedback: [21]
[INFO] [1733943828.075593419] [fibonacci_action_server]: Feedback: [8]
[INFO] [1733943828.093791980] [fibonacci_action_server]: Feedback: [21]
[INFO] [1733943828.539684557] [fibonacci_action_server]: Feedback: [34]
[INFO] [1733943828.575845407] [fibonacci_action_server]: Feedback: [13]
[INFO] [1733943828.594174295] [fibonacci_action_server]: Feedback: [34]
[INFO] [1733943829.040010832] [fibonacci_action_server]: Feedback: [55]
[INFO] [1733943829.076103379] [fibonacci_action_server]: Feedback: [21]
[INFO] [1733943829.094337609] [fibonacci_action_server]: Feedback: [55]
[INFO] [1733943829.540293621] [fibonacci_action_server]: Goal succeeded
[INFO] [1733943829.576341661] [fibonacci_action_server]: Feedback: [34]
[INFO] [1733943829.594720832] [fibonacci_action_server]: Goal succeeded
[INFO] [1733943829.951058748] [fibonacci_action_server]: Received goal request with order 10
[INFO] [1733943829.951288773] [fibonacci_action_server]: Executing goal...
[INFO] [1733943829.951401739] [fibonacci_action_server]: Feedback: [1]
[INFO] [1733943830.007829328] [fibonacci_action_server]: Received goal request with order 10
[INFO] [1733943830.008015820] [fibonacci_action_server]: Executing goal...
[INFO] [1733943830.008087689] [fibonacci_action_server]: Feedback: [1]
[INFO] [1733943830.076508801] [fibonacci_action_server]: Feedback: [55]
[INFO] [1733943830.451770493] [fibonacci_action_server]: Feedback: [2]
[INFO] [1733943830.508371482] [fibonacci_action_server]: Feedback: [2]
[INFO] [1733943830.576736474] [fibonacci_action_server]: Goal succeeded
[INFO] [1733943830.951962907] [fibonacci_action_server]: Feedback: [3]
[INFO] [1733943830.989808363] [fibonacci_action_server]: Received goal request with order 10
[INFO] [1733943830.989952391] [fibonacci_action_server]: Executing goal...
[INFO] [1733943830.990010312] [fibonacci_action_server]: Feedback: [1]
[INFO] [1733943831.008734835] [fibonacci_action_server]: Feedback: [3]
[INFO] [1733943831.452262393] [fibonacci_action_server]: Feedback: [5]
[INFO] [1733943831.490169462] [fibonacci_action_server]: Feedback: [2]
[INFO] [1733943831.509242016] [fibonacci_action_server]: Feedback: [5]
[INFO] [1733943831.952505884] [fibonacci_action_server]: Feedback: [8]
[INFO] [1733943831.990408017] [fibonacci_action_server]: Feedback: [3]
[INFO] [1733943832.009477660] [fibonacci_action_server]: Feedback: [8]
[INFO] [1733943832.452709307] [fibonacci_action_server]: Feedback: [13]
[INFO] [1733943832.490613958] [fibonacci_action_server]: Feedback: [5]
[INFO] [1733943832.509839993] [fibonacci_action_server]: Feedback: [13]
[INFO] [1733943832.952956668] [fibonacci_action_server]: Feedback: [21]
[INFO] [1733943832.991092168] [fibonacci_action_server]: Feedback: [8]
[INFO] [1733943833.010197338] [fibonacci_action_server]: Feedback: [21]
[INFO] [1733943833.453165799] [fibonacci_action_server]: Feedback: [34]
[INFO] [1733943833.491303837] [fibonacci_action_server]: Feedback: [13]
[INFO] [1733943833.510683507] [fibonacci_action_server]: Feedback: [34]
[INFO] [1733943833.953501619] [fibonacci_action_server]: Feedback: [55]
[INFO] [1733943833.991517324] [fibonacci_action_server]: Feedback: [21]
[INFO] [1733943834.011034300] [fibonacci_action_server]: Feedback: [55]
[INFO] [1733943834.454038156] [fibonacci_action_server]: Goal succeeded
[INFO] [1733943834.491965233] [fibonacci_action_server]: Feedback: [34]
[INFO] [1733943834.511467591] [fibonacci_action_server]: Goal succeeded
[INFO] [1733943834.866822295] [fibonacci_action_server]: Received goal request with order 10
[INFO] [1733943834.867024147] [fibonacci_action_server]: Executing goal...
[INFO] [1733943834.867144028] [fibonacci_action_server]: Feedback: [1]
[INFO] [1733943834.924172200] [fibonacci_action_server]: Received goal request with order 10
[INFO] [1733943834.924487539] [fibonacci_action_server]: Executing goal...
[INFO] [1733943834.924619436] [fibonacci_action_server]: Feedback: [1]
[INFO] [1733943834.992353014] [fibonacci_action_server]: Feedback: [55]
[INFO] [1733943835.367302378] [fibonacci_action_server]: Feedback: [2]
[INFO] [1733943835.424809140] [fibonacci_action_server]: Feedback: [2]
[INFO] [1733943835.492632595] [fibonacci_action_server]: Goal succeeded
[INFO] [1733943835.867718098] [fibonacci_action_server]: Feedback: [3]
[INFO] [1733943835.903479634] [fibonacci_action_server]: Received goal request with order 10
[INFO] [1733943835.903722849] [fibonacci_action_server]: Executing goal...
[INFO] [1733943835.903785340] [fibonacci_action_server]: Feedback: [1]
[INFO] [1733943835.925019408] [fibonacci_action_server]: Feedback: [3]
[INFO] [1733943836.367969478] [fibonacci_action_server]: Feedback: [5]
[INFO] [1733943836.404027602] [fibonacci_action_server]: Feedback: [2]
[INFO] [1733943836.425228689] [fibonacci_action_server]: Feedback: [5]
[INFO] [1733943836.868288263] [fibonacci_action_server]: Feedback: [8]
[INFO] [1733943836.904378687] [fibonacci_action_server]: Feedback: [3]
[INFO] [1733943836.925391727] [fibonacci_action_server]: Feedback: [8]
[INFO] [1733943837.368900176] [fibonacci_action_server]: Feedback: [13]
[INFO] [1733943837.404646097] [fibonacci_action_server]: Feedback: [5]
[INFO] [1733943837.425602076] [fibonacci_action_server]: Feedback: [13]
[INFO] [1733943837.869279344] [fibonacci_action_server]: Feedback: [21]
[INFO] [1733943837.905119293] [fibonacci_action_server]: Feedback: [8]
[INFO] [1733943837.925930100] [fibonacci_action_server]: Feedback: [21]
[INFO] [1733943838.369653670] [fibonacci_action_server]: Feedback: [34]
[INFO] [1733943838.405501822] [fibonacci_action_server]: Feedback: [13]
[INFO] [1733943838.426169747] [fibonacci_action_server]: Feedback: [34]
[INFO] [1733943838.869902905] [fibonacci_action_server]: Feedback: [55]
[INFO] [1733943838.905704310] [fibonacci_action_server]: Feedback: [21]
[INFO] [1733943838.926412990] [fibonacci_action_server]: Feedback: [55]
[INFO] [1733943839.370157854] [fibonacci_action_server]: Goal succeeded
[INFO] [1733943839.405924782] [fibonacci_action_server]: Feedback: [34]
[INFO] [1733943839.426666720] [fibonacci_action_server]: Goal succeeded
[INFO] [1733943839.779872210] [fibonacci_action_server]: Received goal request with order 10
[INFO] [1733943839.780059640] [fibonacci_action_server]: Executing goal...
[INFO] [1733943839.780193506] [fibonacci_action_server]: Feedback: [1]
[INFO] [1733943839.837809536] [fibonacci_action_server]: Received goal request with order 10
[INFO] [1733943839.837952840] [fibonacci_action_server]: Executing goal...
[INFO] [1733943839.838009144] [fibonacci_action_server]: Feedback: [1]
[INFO] [1733943839.906379326] [fibonacci_action_server]: Feedback: [55]
[INFO] [1733943840.280860974] [fibonacci_action_server]: Feedback: [2]
[INFO] [1733943840.338163800] [fibonacci_action_server]: Feedback: [2]
[INFO] [1733943840.406752386] [fibonacci_action_server]: Goal succeeded
[INFO] [1733943840.781330315] [fibonacci_action_server]: Feedback: [3]
[INFO] [1733943840.817463895] [fibonacci_action_server]: Received goal request with order 10
[INFO] [1733943840.817700630] [fibonacci_action_server]: Executing goal...
[INFO] [1733943840.817754569] [fibonacci_action_server]: Feedback: [1]
[INFO] [1733943840.838408988] [fibonacci_action_server]: Feedback: [3]
[INFO] [1733943841.281595959] [fibonacci_action_server]: Feedback: [5]
[INFO] [1733943841.317968967] [fibonacci_action_server]: Feedback: [2]
[INFO] [1733943841.338637467] [fibonacci_action_server]: Feedback: [5]
[INFO] [1733943841.781874059] [fibonacci_action_server]: Feedback: [8]
[INFO] [1733943841.818189473] [fibonacci_action_server]: Feedback: [3]
[INFO] [1733943841.839214773] [fibonacci_action_server]: Feedback: [8]
[INFO] [1733943842.282209685] [fibonacci_action_server]: Feedback: [13]
[INFO] [1733943842.318509276] [fibonacci_action_server]: Feedback: [5]
[INFO] [1733943842.339527428] [fibonacci_action_server]: Feedback: [13]
[INFO] [1733943842.782666122] [fibonacci_action_server]: Feedback: [21]
[INFO] [1733943842.818725006] [fibonacci_action_server]: Feedback: [8]
[INFO] [1733943842.839785710] [fibonacci_action_server]: Feedback: [21]
[INFO] [1733943843.061801856] [fibonacci_action_server]: Timeout reached, shutting down node...
RAPL is set
