[INFO] [1733821492.523056987] [fibonacci_action_server]: Executing goal...
[INFO] [1733821492.523552873] [fibonacci_action_server]: Feedback: array('i', [0, 1, 1])
[INFO] [1733821493.024612268] [fibonacci_action_server]: Feedback: array('i', [0, 1, 1, 2])
[INFO] [1733821493.525798711] [fibonacci_action_server]: Feedback: array('i', [0, 1, 1, 2, 3])
[INFO] [1733821494.027441625] [fibonacci_action_server]: Feedback: array('i', [0, 1, 1, 2, 3, 5])
[INFO] [1733821494.529016774] [fibonacci_action_server]: Feedback: array('i', [0, 1, 1, 2, 3, 5, 8])
[INFO] [1733821495.030041008] [fibonacci_action_server]: Feedback: array('i', [0, 1, 1, 2, 3, 5, 8, 13])
[INFO] [1733821495.531609067] [fibonacci_action_server]: Feedback: array('i', [0, 1, 1, 2, 3, 5, 8, 13, 21])
[INFO] [1733821496.033108783] [fibonacci_action_server]: Feedback: array('i', [0, 1, 1, 2, 3, 5, 8, 13, 21, 34])
[INFO] [1733821496.534363469] [fibonacci_action_server]: Feedback: array('i', [0, 1, 1, 2, 3, 5, 8, 13, 21, 34, 55])
[INFO] [1733821497.038262752] [fibonacci_action_server]: Executing goal...
[INFO] [1733821497.038873688] [fibonacci_action_server]: Feedback: array('i', [0, 1, 1])
[INFO] [1733821497.540105743] [fibonacci_action_server]: Feedback: array('i', [0, 1, 1, 2])
[INFO] [1733821498.041635925] [fibonacci_action_server]: Feedback: array('i', [0, 1, 1, 2, 3])
[INFO] [1733821498.542997752] [fibonacci_action_server]: Feedback: array('i', [0, 1, 1, 2, 3, 5])
[INFO] [1733821499.044463652] [fibonacci_action_server]: Feedback: array('i', [0, 1, 1, 2, 3, 5, 8])
[INFO] [1733821499.546014164] [fibonacci_action_server]: Feedback: array('i', [0, 1, 1, 2, 3, 5, 8, 13])
[INFO] [1733821500.047466287] [fibonacci_action_server]: Feedback: array('i', [0, 1, 1, 2, 3, 5, 8, 13, 21])
[INFO] [1733821500.548729217] [fibonacci_action_server]: Feedback: array('i', [0, 1, 1, 2, 3, 5, 8, 13, 21, 34])
[INFO] [1733821501.050269806] [fibonacci_action_server]: Feedback: array('i', [0, 1, 1, 2, 3, 5, 8, 13, 21, 34, 55])
[INFO] [1733821501.553639835] [fibonacci_action_server]: Executing goal...
[INFO] [1733821501.554222097] [fibonacci_action_server]: Feedback: array('i', [0, 1, 1])
[INFO] [1733821502.055607437] [fibonacci_action_server]: Feedback: array('i', [0, 1, 1, 2])
[INFO] [1733821502.557176616] [fibonacci_action_server]: Feedback: array('i', [0, 1, 1, 2, 3])
[INFO] [1733821503.058197304] [fibonacci_action_server]: Feedback: array('i', [0, 1, 1, 2, 3, 5])
[INFO] [1733821503.559371424] [fibonacci_action_server]: Feedback: array('i', [0, 1, 1, 2, 3, 5, 8])
[INFO] [1733821504.060542517] [fibonacci_action_server]: Feedback: array('i', [0, 1, 1, 2, 3, 5, 8, 13])
[INFO] [1733821504.561694771] [fibonacci_action_server]: Feedback: array('i', [0, 1, 1, 2, 3, 5, 8, 13, 21])
[INFO] [1733821505.063153578] [fibonacci_action_server]: Feedback: array('i', [0, 1, 1, 2, 3, 5, 8, 13, 21, 34])
[INFO] [1733821505.564642939] [fibonacci_action_server]: Feedback: array('i', [0, 1, 1, 2, 3, 5, 8, 13, 21, 34, 55])
[INFO] [1733821506.068186657] [fibonacci_action_server]: Executing goal...
[INFO] [1733821506.068835148] [fibonacci_action_server]: Feedback: array('i', [0, 1, 1])
[INFO] [1733821506.570076055] [fibonacci_action_server]: Feedback: array('i', [0, 1, 1, 2])
[INFO] [1733821507.071497418] [fibonacci_action_server]: Feedback: array('i', [0, 1, 1, 2, 3])
[INFO] [1733821507.572983920] [fibonacci_action_server]: Feedback: array('i', [0, 1, 1, 2, 3, 5])
[INFO] [1733821508.074066905] [fibonacci_action_server]: Feedback: array('i', [0, 1, 1, 2, 3, 5, 8])
[INFO] [1733821508.575243971] [fibonacci_action_server]: Feedback: array('i', [0, 1, 1, 2, 3, 5, 8, 13])
[INFO] [1733821509.076530696] [fibonacci_action_server]: Feedback: array('i', [0, 1, 1, 2, 3, 5, 8, 13, 21])
[INFO] [1733821509.578055727] [fibonacci_action_server]: Feedback: array('i', [0, 1, 1, 2, 3, 5, 8, 13, 21, 34])
[INFO] [1733821510.079710758] [fibonacci_action_server]: Feedback: array('i', [0, 1, 1, 2, 3, 5, 8, 13, 21, 34, 55])
[INFO] [1733821510.583311248] [fibonacci_action_server]: Executing goal...
[INFO] [1733821510.583886649] [fibonacci_action_server]: Feedback: array('i', [0, 1, 1])
[INFO] [1733821511.085236214] [fibonacci_action_server]: Feedback: array('i', [0, 1, 1, 2])
[INFO] [1733821511.586117208] [fibonacci_action_server]: Feedback: array('i', [0, 1, 1, 2, 3])
[INFO] [1733821512.087681356] [fibonacci_action_server]: Feedback: array('i', [0, 1, 1, 2, 3, 5])
[INFO] [1733821512.589028302] [fibonacci_action_server]: Feedback: array('i', [0, 1, 1, 2, 3, 5, 8])
[INFO] [1733821513.090314355] [fibonacci_action_server]: Feedback: array('i', [0, 1, 1, 2, 3, 5, 8, 13])
[INFO] [1733821513.591648797] [fibonacci_action_server]: Feedback: array('i', [0, 1, 1, 2, 3, 5, 8, 13, 21])
[INFO] [1733821514.093047591] [fibonacci_action_server]: Feedback: array('i', [0, 1, 1, 2, 3, 5, 8, 13, 21, 34])
[INFO] [1733821514.594123954] [fibonacci_action_server]: Feedback: array('i', [0, 1, 1, 2, 3, 5, 8, 13, 21, 34, 55])
[INFO] [1733821515.096868384] [fibonacci_action_server]: Executing goal...
[INFO] [1733821515.097354876] [fibonacci_action_server]: Feedback: array('i', [0, 1, 1])
[INFO] [1733821515.598393172] [fibonacci_action_server]: Feedback: array('i', [0, 1, 1, 2])
[INFO] [1733821516.099621088] [fibonacci_action_server]: Feedback: array('i', [0, 1, 1, 2, 3])
[INFO] [1733821516.601201349] [fibonacci_action_server]: Feedback: array('i', [0, 1, 1, 2, 3, 5])
[INFO] [1733821517.102809111] [fibonacci_action_server]: Feedback: array('i', [0, 1, 1, 2, 3, 5, 8])
[INFO] [1733821517.604479825] [fibonacci_action_server]: Feedback: array('i', [0, 1, 1, 2, 3, 5, 8, 13])
[INFO] [1733821518.106111112] [fibonacci_action_server]: Feedback: array('i', [0, 1, 1, 2, 3, 5, 8, 13, 21])
[INFO] [1733821518.607713857] [fibonacci_action_server]: Feedback: array('i', [0, 1, 1, 2, 3, 5, 8, 13, 21, 34])
[INFO] [1733821519.109260936] [fibonacci_action_server]: Feedback: array('i', [0, 1, 1, 2, 3, 5, 8, 13, 21, 34, 55])
[INFO] [1733821519.612537066] [fibonacci_action_server]: Executing goal...
[INFO] [1733821519.612952537] [fibonacci_action_server]: Feedback: array('i', [0, 1, 1])
[INFO] [1733821520.113755864] [fibonacci_action_server]: Feedback: array('i', [0, 1, 1, 2])
[INFO] [1733821520.615182371] [fibonacci_action_server]: Feedback: array('i', [0, 1, 1, 2, 3])
[INFO] [1733821521.116890257] [fibonacci_action_server]: Feedback: array('i', [0, 1, 1, 2, 3, 5])
[INFO] [1733821521.618579199] [fibonacci_action_server]: Feedback: array('i', [0, 1, 1, 2, 3, 5, 8])
[INFO] [1733821522.119903852] [fibonacci_action_server]: Feedback: array('i', [0, 1, 1, 2, 3, 5, 8, 13])
[INFO] [1733821522.621482961] [fibonacci_action_server]: Feedback: array('i', [0, 1, 1, 2, 3, 5, 8, 13, 21])
[INFO] [1733821523.122800857] [fibonacci_action_server]: Feedback: array('i', [0, 1, 1, 2, 3, 5, 8, 13, 21, 34])
[INFO] [1733821523.624288588] [fibonacci_action_server]: Feedback: array('i', [0, 1, 1, 2, 3, 5, 8, 13, 21, 34, 55])
[INFO] [1733821524.127488528] [fibonacci_action_server]: Executing goal...
[INFO] [1733821524.128061808] [fibonacci_action_server]: Feedback: array('i', [0, 1, 1])
[INFO] [1733821524.629561048] [fibonacci_action_server]: Feedback: array('i', [0, 1, 1, 2])
[INFO] [1733821525.131006235] [fibonacci_action_server]: Feedback: array('i', [0, 1, 1, 2, 3])
[INFO] [1733821525.632503187] [fibonacci_action_server]: Feedback: array('i', [0, 1, 1, 2, 3, 5])
[INFO] [1733821526.134149951] [fibonacci_action_server]: Feedback: array('i', [0, 1, 1, 2, 3, 5, 8])
[INFO] [1733821526.635330878] [fibonacci_action_server]: Feedback: array('i', [0, 1, 1, 2, 3, 5, 8, 13])
[INFO] [1733821527.136543244] [fibonacci_action_server]: Feedback: array('i', [0, 1, 1, 2, 3, 5, 8, 13, 21])
[INFO] [1733821527.637939349] [fibonacci_action_server]: Feedback: array('i', [0, 1, 1, 2, 3, 5, 8, 13, 21, 34])
[INFO] [1733821528.139437191] [fibonacci_action_server]: Feedback: array('i', [0, 1, 1, 2, 3, 5, 8, 13, 21, 34, 55])
[INFO] [1733821528.642636778] [fibonacci_action_server]: Executing goal...
[INFO] [1733821528.642992397] [fibonacci_action_server]: Feedback: array('i', [0, 1, 1])
[INFO] [1733821529.144290227] [fibonacci_action_server]: Feedback: array('i', [0, 1, 1, 2])
[INFO] [1733821529.645867139] [fibonacci_action_server]: Feedback: array('i', [0, 1, 1, 2, 3])
[INFO] [1733821530.147442978] [fibonacci_action_server]: Feedback: array('i', [0, 1, 1, 2, 3, 5])
[INFO] [1733821530.648960179] [fibonacci_action_server]: Feedback: array('i', [0, 1, 1, 2, 3, 5, 8])
[INFO] [1733821531.150114185] [fibonacci_action_server]: Feedback: array('i', [0, 1, 1, 2, 3, 5, 8, 13])
[INFO] [1733821531.651467699] [fibonacci_action_server]: Feedback: array('i', [0, 1, 1, 2, 3, 5, 8, 13, 21])
[INFO] [1733821532.152936398] [fibonacci_action_server]: Feedback: array('i', [0, 1, 1, 2, 3, 5, 8, 13, 21, 34])
[INFO] [1733821532.654105010] [fibonacci_action_server]: Feedback: array('i', [0, 1, 1, 2, 3, 5, 8, 13, 21, 34, 55])
[INFO] [1733821533.157862464] [fibonacci_action_server]: Executing goal...
[INFO] [1733821533.158596571] [fibonacci_action_server]: Feedback: array('i', [0, 1, 1])
[INFO] [1733821533.660069606] [fibonacci_action_server]: Feedback: array('i', [0, 1, 1, 2])
[INFO] [1733821534.161430680] [fibonacci_action_server]: Feedback: array('i', [0, 1, 1, 2, 3])
[INFO] [1733821534.662755144] [fibonacci_action_server]: Feedback: array('i', [0, 1, 1, 2, 3, 5])
[INFO] [1733821535.164022463] [fibonacci_action_server]: Feedback: array('i', [0, 1, 1, 2, 3, 5, 8])
[INFO] [1733821535.665158426] [fibonacci_action_server]: Feedback: array('i', [0, 1, 1, 2, 3, 5, 8, 13])
[INFO] [1733821536.166136778] [fibonacci_action_server]: Feedback: array('i', [0, 1, 1, 2, 3, 5, 8, 13, 21])
[INFO] [1733821536.667682598] [fibonacci_action_server]: Feedback: array('i', [0, 1, 1, 2, 3, 5, 8, 13, 21, 34])
[INFO] [1733821537.168893246] [fibonacci_action_server]: Feedback: array('i', [0, 1, 1, 2, 3, 5, 8, 13, 21, 34, 55])
[INFO] [1733821537.671997945] [fibonacci_action_server]: Executing goal...
[INFO] [1733821537.672584254] [fibonacci_action_server]: Feedback: array('i', [0, 1, 1])
[INFO] [1733821538.173816864] [fibonacci_action_server]: Feedback: array('i', [0, 1, 1, 2])
[INFO] [1733821538.674926702] [fibonacci_action_server]: Feedback: array('i', [0, 1, 1, 2, 3])
[INFO] [1733821539.176103475] [fibonacci_action_server]: Feedback: array('i', [0, 1, 1, 2, 3, 5])
[INFO] [1733821539.677358461] [fibonacci_action_server]: Feedback: array('i', [0, 1, 1, 2, 3, 5, 8])
[INFO] [1733821540.178859412] [fibonacci_action_server]: Feedback: array('i', [0, 1, 1, 2, 3, 5, 8, 13])
[INFO] [1733821540.680173570] [fibonacci_action_server]: Feedback: array('i', [0, 1, 1, 2, 3, 5, 8, 13, 21])
[INFO] [1733821541.181753471] [fibonacci_action_server]: Feedback: array('i', [0, 1, 1, 2, 3, 5, 8, 13, 21, 34])
[INFO] [1733821541.683647493] [fibonacci_action_server]: Feedback: array('i', [0, 1, 1, 2, 3, 5, 8, 13, 21, 34, 55])
[INFO] [1733821542.187503849] [fibonacci_action_server]: Executing goal...
[INFO] [1733821542.188136519] [fibonacci_action_server]: Feedback: array('i', [0, 1, 1])
[INFO] [1733821542.689742691] [fibonacci_action_server]: Feedback: array('i', [0, 1, 1, 2])
[INFO] [1733821543.191104143] [fibonacci_action_server]: Feedback: array('i', [0, 1, 1, 2, 3])
[INFO] [1733821543.692314486] [fibonacci_action_server]: Feedback: array('i', [0, 1, 1, 2, 3, 5])
[INFO] [1733821544.193747407] [fibonacci_action_server]: Feedback: array('i', [0, 1, 1, 2, 3, 5, 8])
[INFO] [1733821544.695092735] [fibonacci_action_server]: Feedback: array('i', [0, 1, 1, 2, 3, 5, 8, 13])
[INFO] [1733821545.196546694] [fibonacci_action_server]: Feedback: array('i', [0, 1, 1, 2, 3, 5, 8, 13, 21])
[INFO] [1733821545.698062602] [fibonacci_action_server]: Feedback: array('i', [0, 1, 1, 2, 3, 5, 8, 13, 21, 34])
[INFO] [1733821546.199519570] [fibonacci_action_server]: Feedback: array('i', [0, 1, 1, 2, 3, 5, 8, 13, 21, 34, 55])
[INFO] [1733821546.703352223] [fibonacci_action_server]: Executing goal...
[INFO] [1733821546.703970674] [fibonacci_action_server]: Feedback: array('i', [0, 1, 1])
[INFO] [1733821547.205204765] [fibonacci_action_server]: Feedback: array('i', [0, 1, 1, 2])
[INFO] [1733821547.706725969] [fibonacci_action_server]: Feedback: array('i', [0, 1, 1, 2, 3])
[INFO] [1733821548.208199524] [fibonacci_action_server]: Feedback: array('i', [0, 1, 1, 2, 3, 5])
[INFO] [1733821548.709787281] [fibonacci_action_server]: Feedback: array('i', [0, 1, 1, 2, 3, 5, 8])
[INFO] [1733821549.211175124] [fibonacci_action_server]: Feedback: array('i', [0, 1, 1, 2, 3, 5, 8, 13])
[INFO] [1733821549.711890989] [fibonacci_action_server]: Feedback: array('i', [0, 1, 1, 2, 3, 5, 8, 13, 21])
[INFO] [1733821550.213013742] [fibonacci_action_server]: Feedback: array('i', [0, 1, 1, 2, 3, 5, 8, 13, 21, 34])
[INFO] [1733821550.713865683] [fibonacci_action_server]: Feedback: array('i', [0, 1, 1, 2, 3, 5, 8, 13, 21, 34, 55])
[INFO] [1733821551.217426162] [fibonacci_action_server]: Executing goal...
[INFO] [1733821551.218078019] [fibonacci_action_server]: Feedback: array('i', [0, 1, 1])
[INFO] [1733821551.719177085] [fibonacci_action_server]: Feedback: array('i', [0, 1, 1, 2])
[INFO] [1733821552.220617028] [fibonacci_action_server]: Feedback: array('i', [0, 1, 1, 2, 3])
[INFO] [1733821552.722090479] [fibonacci_action_server]: Feedback: array('i', [0, 1, 1, 2, 3, 5])
[INFO] [1733821553.223449876] [fibonacci_action_server]: Feedback: array('i', [0, 1, 1, 2, 3, 5, 8])
[INFO] [1733821553.724974707] [fibonacci_action_server]: Feedback: array('i', [0, 1, 1, 2, 3, 5, 8, 13])
[INFO] [1733821554.226173753] [fibonacci_action_server]: Feedback: array('i', [0, 1, 1, 2, 3, 5, 8, 13, 21])
[INFO] [1733821554.727368065] [fibonacci_action_server]: Feedback: array('i', [0, 1, 1, 2, 3, 5, 8, 13, 21, 34])
[INFO] [1733821555.228832238] [fibonacci_action_server]: Feedback: array('i', [0, 1, 1, 2, 3, 5, 8, 13, 21, 34, 55])
[INFO] [1733821555.732777215] [fibonacci_action_server]: Executing goal...
[INFO] [1733821555.733461891] [fibonacci_action_server]: Feedback: array('i', [0, 1, 1])
[INFO] [1733821556.234052889] [fibonacci_action_server]: Feedback: array('i', [0, 1, 1, 2])
[INFO] [1733821556.735501985] [fibonacci_action_server]: Feedback: array('i', [0, 1, 1, 2, 3])
[INFO] [1733821557.236957394] [fibonacci_action_server]: Feedback: array('i', [0, 1, 1, 2, 3, 5])
[INFO] [1733821557.738125559] [fibonacci_action_server]: Feedback: array('i', [0, 1, 1, 2, 3, 5, 8])
[INFO] [1733821558.239553674] [fibonacci_action_server]: Feedback: array('i', [0, 1, 1, 2, 3, 5, 8, 13])
[INFO] [1733821558.740963869] [fibonacci_action_server]: Feedback: array('i', [0, 1, 1, 2, 3, 5, 8, 13, 21])
[INFO] [1733821559.242332870] [fibonacci_action_server]: Feedback: array('i', [0, 1, 1, 2, 3, 5, 8, 13, 21, 34])
[INFO] [1733821559.743820111] [fibonacci_action_server]: Feedback: array('i', [0, 1, 1, 2, 3, 5, 8, 13, 21, 34, 55])
[INFO] [1733821560.247669841] [fibonacci_action_server]: Executing goal...
[INFO] [1733821560.248357566] [fibonacci_action_server]: Feedback: array('i', [0, 1, 1])
[INFO] [1733821560.749634846] [fibonacci_action_server]: Feedback: array('i', [0, 1, 1, 2])
[INFO] [1733821561.250925670] [fibonacci_action_server]: Feedback: array('i', [0, 1, 1, 2, 3])
[INFO] [1733821561.752119373] [fibonacci_action_server]: Feedback: array('i', [0, 1, 1, 2, 3, 5])
[INFO] [1733821562.253241672] [fibonacci_action_server]: Feedback: array('i', [0, 1, 1, 2, 3, 5, 8])
[INFO] [1733821562.754373130] [fibonacci_action_server]: Feedback: array('i', [0, 1, 1, 2, 3, 5, 8, 13])
[INFO] [1733821563.255798838] [fibonacci_action_server]: Feedback: array('i', [0, 1, 1, 2, 3, 5, 8, 13, 21])
[INFO] [1733821563.757277636] [fibonacci_action_server]: Feedback: array('i', [0, 1, 1, 2, 3, 5, 8, 13, 21, 34])
[INFO] [1733821564.258070462] [fibonacci_action_server]: Feedback: array('i', [0, 1, 1, 2, 3, 5, 8, 13, 21, 34, 55])
[INFO] [1733821564.761816729] [fibonacci_action_server]: Executing goal...
[INFO] [1733821564.762425795] [fibonacci_action_server]: Feedback: array('i', [0, 1, 1])
[INFO] [1733821565.263882549] [fibonacci_action_server]: Feedback: array('i', [0, 1, 1, 2])
[INFO] [1733821565.765565918] [fibonacci_action_server]: Feedback: array('i', [0, 1, 1, 2, 3])
[INFO] [1733821566.266896726] [fibonacci_action_server]: Feedback: array('i', [0, 1, 1, 2, 3, 5])
[INFO] [1733821566.768110699] [fibonacci_action_server]: Feedback: array('i', [0, 1, 1, 2, 3, 5, 8])
[INFO] [1733821567.269662048] [fibonacci_action_server]: Feedback: array('i', [0, 1, 1, 2, 3, 5, 8, 13])
[INFO] [1733821567.770968410] [fibonacci_action_server]: Feedback: array('i', [0, 1, 1, 2, 3, 5, 8, 13, 21])
[INFO] [1733821568.272460241] [fibonacci_action_server]: Feedback: array('i', [0, 1, 1, 2, 3, 5, 8, 13, 21, 34])
[INFO] [1733821568.773957950] [fibonacci_action_server]: Feedback: array('i', [0, 1, 1, 2, 3, 5, 8, 13, 21, 34, 55])
[INFO] [1733821569.277705414] [fibonacci_action_server]: Executing goal...
[INFO] [1733821569.278312444] [fibonacci_action_server]: Feedback: array('i', [0, 1, 1])
[INFO] [1733821569.779862112] [fibonacci_action_server]: Feedback: array('i', [0, 1, 1, 2])
[INFO] [1733821570.281494903] [fibonacci_action_server]: Feedback: array('i', [0, 1, 1, 2, 3])
[INFO] [1733821570.782794810] [fibonacci_action_server]: Feedback: array('i', [0, 1, 1, 2, 3, 5])
[INFO] [1733821571.284218913] [fibonacci_action_server]: Feedback: array('i', [0, 1, 1, 2, 3, 5, 8])
[INFO] [1733821571.785807201] [fibonacci_action_server]: Feedback: array('i', [0, 1, 1, 2, 3, 5, 8, 13])
[INFO] [1733821572.287119811] [fibonacci_action_server]: Feedback: array('i', [0, 1, 1, 2, 3, 5, 8, 13, 21])
[INFO] [1733821572.788357730] [fibonacci_action_server]: Feedback: array('i', [0, 1, 1, 2, 3, 5, 8, 13, 21, 34])
[INFO] [1733821573.289540289] [fibonacci_action_server]: Feedback: array('i', [0, 1, 1, 2, 3, 5, 8, 13, 21, 34, 55])
[INFO] [1733821573.792900412] [fibonacci_action_server]: Executing goal...
[INFO] [1733821573.793512477] [fibonacci_action_server]: Feedback: array('i', [0, 1, 1])
[INFO] [1733821574.294750639] [fibonacci_action_server]: Feedback: array('i', [0, 1, 1, 2])
[INFO] [1733821574.795993097] [fibonacci_action_server]: Feedback: array('i', [0, 1, 1, 2, 3])
[INFO] [1733821575.297488096] [fibonacci_action_server]: Feedback: array('i', [0, 1, 1, 2, 3, 5])
[INFO] [1733821575.798823577] [fibonacci_action_server]: Feedback: array('i', [0, 1, 1, 2, 3, 5, 8])
[INFO] [1733821576.300336876] [fibonacci_action_server]: Feedback: array('i', [0, 1, 1, 2, 3, 5, 8, 13])
[INFO] [1733821576.801264933] [fibonacci_action_server]: Feedback: array('i', [0, 1, 1, 2, 3, 5, 8, 13, 21])
[INFO] [1733821577.302610536] [fibonacci_action_server]: Feedback: array('i', [0, 1, 1, 2, 3, 5, 8, 13, 21, 34])
[INFO] [1733821577.804098687] [fibonacci_action_server]: Feedback: array('i', [0, 1, 1, 2, 3, 5, 8, 13, 21, 34, 55])
[INFO] [1733821578.306687731] [fibonacci_action_server]: Executing goal...
[INFO] [1733821578.307196896] [fibonacci_action_server]: Feedback: array('i', [0, 1, 1])
[INFO] [1733821578.808680249] [fibonacci_action_server]: Feedback: array('i', [0, 1, 1, 2])
[INFO] [1733821579.309861491] [fibonacci_action_server]: Feedback: array('i', [0, 1, 1, 2, 3])
[INFO] [1733821579.811288279] [fibonacci_action_server]: Feedback: array('i', [0, 1, 1, 2, 3, 5])
[INFO] [1733821580.312812164] [fibonacci_action_server]: Feedback: array('i', [0, 1, 1, 2, 3, 5, 8])
[INFO] [1733821580.814114109] [fibonacci_action_server]: Feedback: array('i', [0, 1, 1, 2, 3, 5, 8, 13])
[INFO] [1733821581.315608202] [fibonacci_action_server]: Feedback: array('i', [0, 1, 1, 2, 3, 5, 8, 13, 21])
[INFO] [1733821581.817092552] [fibonacci_action_server]: Feedback: array('i', [0, 1, 1, 2, 3, 5, 8, 13, 21, 34])
[INFO] [1733821582.318385545] [fibonacci_action_server]: Feedback: array('i', [0, 1, 1, 2, 3, 5, 8, 13, 21, 34, 55])
[INFO] [1733821582.821761483] [fibonacci_action_server]: Executing goal...
[INFO] [1733821582.822259072] [fibonacci_action_server]: Feedback: array('i', [0, 1, 1])
[INFO] [1733821583.323522630] [fibonacci_action_server]: Feedback: array('i', [0, 1, 1, 2])
[INFO] [1733821583.825028872] [fibonacci_action_server]: Feedback: array('i', [0, 1, 1, 2, 3])
[INFO] [1733821584.326077546] [fibonacci_action_server]: Feedback: array('i', [0, 1, 1, 2, 3, 5])
[INFO] [1733821584.827217739] [fibonacci_action_server]: Feedback: array('i', [0, 1, 1, 2, 3, 5, 8])
[INFO] [1733821585.328378606] [fibonacci_action_server]: Feedback: array('i', [0, 1, 1, 2, 3, 5, 8, 13])
[INFO] [1733821585.829712195] [fibonacci_action_server]: Feedback: array('i', [0, 1, 1, 2, 3, 5, 8, 13, 21])
[INFO] [1733821586.330993501] [fibonacci_action_server]: Feedback: array('i', [0, 1, 1, 2, 3, 5, 8, 13, 21, 34])
[INFO] [1733821586.832532771] [fibonacci_action_server]: Feedback: array('i', [0, 1, 1, 2, 3, 5, 8, 13, 21, 34, 55])
[INFO] [1733821587.335493592] [fibonacci_action_server]: Executing goal...
[INFO] [1733821587.335847544] [fibonacci_action_server]: Feedback: array('i', [0, 1, 1])
[INFO] [1733821587.837389589] [fibonacci_action_server]: Feedback: array('i', [0, 1, 1, 2])
[INFO] [1733821588.338115653] [fibonacci_action_server]: Feedback: array('i', [0, 1, 1, 2, 3])
[INFO] [1733821588.839541614] [fibonacci_action_server]: Feedback: array('i', [0, 1, 1, 2, 3, 5])
[INFO] [1733821589.341063096] [fibonacci_action_server]: Feedback: array('i', [0, 1, 1, 2, 3, 5, 8])
[INFO] [1733821589.842117870] [fibonacci_action_server]: Feedback: array('i', [0, 1, 1, 2, 3, 5, 8, 13])
[INFO] [1733821590.343460133] [fibonacci_action_server]: Feedback: array('i', [0, 1, 1, 2, 3, 5, 8, 13, 21])
[INFO] [1733821590.844773788] [fibonacci_action_server]: Feedback: array('i', [0, 1, 1, 2, 3, 5, 8, 13, 21, 34])
[INFO] [1733821591.346078246] [fibonacci_action_server]: Feedback: array('i', [0, 1, 1, 2, 3, 5, 8, 13, 21, 34, 55])
[INFO] [1733821591.849191576] [fibonacci_action_server]: Executing goal...
[INFO] [1733821591.849561271] [fibonacci_action_server]: Feedback: array('i', [0, 1, 1])
[INFO] [1733821592.350773435] [fibonacci_action_server]: Feedback: array('i', [0, 1, 1, 2])
[INFO] [1733821592.852267797] [fibonacci_action_server]: Feedback: array('i', [0, 1, 1, 2, 3])
[INFO] [1733821593.353835491] [fibonacci_action_server]: Feedback: array('i', [0, 1, 1, 2, 3, 5])
[INFO] [1733821593.855009653] [fibonacci_action_server]: Feedback: array('i', [0, 1, 1, 2, 3, 5, 8])
[INFO] [1733821594.356284403] [fibonacci_action_server]: Feedback: array('i', [0, 1, 1, 2, 3, 5, 8, 13])
[INFO] [1733821594.857776203] [fibonacci_action_server]: Feedback: array('i', [0, 1, 1, 2, 3, 5, 8, 13, 21])
[INFO] [1733821595.359241901] [fibonacci_action_server]: Feedback: array('i', [0, 1, 1, 2, 3, 5, 8, 13, 21, 34])
[INFO] [1733821595.860725935] [fibonacci_action_server]: Feedback: array('i', [0, 1, 1, 2, 3, 5, 8, 13, 21, 34, 55])
[INFO] [1733821596.363447002] [fibonacci_action_server]: Executing goal...
[INFO] [1733821596.363864719] [fibonacci_action_server]: Feedback: array('i', [0, 1, 1])
[INFO] [1733821596.864949725] [fibonacci_action_server]: Feedback: array('i', [0, 1, 1, 2])
[INFO] [1733821597.365769001] [fibonacci_action_server]: Feedback: array('i', [0, 1, 1, 2, 3])
[INFO] [1733821597.867017255] [fibonacci_action_server]: Feedback: array('i', [0, 1, 1, 2, 3, 5])
[INFO] [1733821598.368436165] [fibonacci_action_server]: Feedback: array('i', [0, 1, 1, 2, 3, 5, 8])
[INFO] [1733821598.870036440] [fibonacci_action_server]: Feedback: array('i', [0, 1, 1, 2, 3, 5, 8, 13])
[INFO] [1733821599.371585763] [fibonacci_action_server]: Feedback: array('i', [0, 1, 1, 2, 3, 5, 8, 13, 21])
[INFO] [1733821599.872906141] [fibonacci_action_server]: Feedback: array('i', [0, 1, 1, 2, 3, 5, 8, 13, 21, 34])
[INFO] [1733821600.373924454] [fibonacci_action_server]: Feedback: array('i', [0, 1, 1, 2, 3, 5, 8, 13, 21, 34, 55])
[INFO] [1733821600.877090557] [fibonacci_action_server]: Executing goal...
[INFO] [1733821600.877634571] [fibonacci_action_server]: Feedback: array('i', [0, 1, 1])
[INFO] [1733821601.378811172] [fibonacci_action_server]: Feedback: array('i', [0, 1, 1, 2])
[INFO] [1733821601.879956685] [fibonacci_action_server]: Feedback: array('i', [0, 1, 1, 2, 3])
[INFO] [1733821602.381501432] [fibonacci_action_server]: Feedback: array('i', [0, 1, 1, 2, 3, 5])
[INFO] [1733821602.883139508] [fibonacci_action_server]: Feedback: array('i', [0, 1, 1, 2, 3, 5, 8])
[INFO] [1733821603.384625164] [fibonacci_action_server]: Feedback: array('i', [0, 1, 1, 2, 3, 5, 8, 13])
[INFO] [1733821603.885742763] [fibonacci_action_server]: Feedback: array('i', [0, 1, 1, 2, 3, 5, 8, 13, 21])
[INFO] [1733821604.387286046] [fibonacci_action_server]: Feedback: array('i', [0, 1, 1, 2, 3, 5, 8, 13, 21, 34])
[INFO] [1733821604.888757552] [fibonacci_action_server]: Feedback: array('i', [0, 1, 1, 2, 3, 5, 8, 13, 21, 34, 55])
[INFO] [1733821605.391096284] [fibonacci_action_server]: Executing goal...
[INFO] [1733821605.391470791] [fibonacci_action_server]: Feedback: array('i', [0, 1, 1])
[INFO] [1733821605.892666627] [fibonacci_action_server]: Feedback: array('i', [0, 1, 1, 2])
[INFO] [1733821606.394104951] [fibonacci_action_server]: Feedback: array('i', [0, 1, 1, 2, 3])
[INFO] [1733821606.895618807] [fibonacci_action_server]: Feedback: array('i', [0, 1, 1, 2, 3, 5])
[INFO] [1733821607.397143842] [fibonacci_action_server]: Feedback: array('i', [0, 1, 1, 2, 3, 5, 8])
[INFO] [1733821607.898121680] [fibonacci_action_server]: Feedback: array('i', [0, 1, 1, 2, 3, 5, 8, 13])
[INFO] [1733821608.399307398] [fibonacci_action_server]: Feedback: array('i', [0, 1, 1, 2, 3, 5, 8, 13, 21])
[INFO] [1733821608.900442812] [fibonacci_action_server]: Feedback: array('i', [0, 1, 1, 2, 3, 5, 8, 13, 21, 34])
[INFO] [1733821609.401723383] [fibonacci_action_server]: Feedback: array('i', [0, 1, 1, 2, 3, 5, 8, 13, 21, 34, 55])
[INFO] [1733821609.904729280] [fibonacci_action_server]: Executing goal...
[INFO] [1733821609.905199965] [fibonacci_action_server]: Feedback: array('i', [0, 1, 1])
[INFO] [1733821610.406586758] [fibonacci_action_server]: Feedback: array('i', [0, 1, 1, 2])
[INFO] [1733821610.908012616] [fibonacci_action_server]: Feedback: array('i', [0, 1, 1, 2, 3])
[INFO] [1733821611.409638504] [fibonacci_action_server]: Feedback: array('i', [0, 1, 1, 2, 3, 5])
[INFO] [1733821611.911092657] [fibonacci_action_server]: Feedback: array('i', [0, 1, 1, 2, 3, 5, 8])
[INFO] [1733821612.412546243] [fibonacci_action_server]: Feedback: array('i', [0, 1, 1, 2, 3, 5, 8, 13])
[INFO] [1733821612.913950740] [fibonacci_action_server]: Feedback: array('i', [0, 1, 1, 2, 3, 5, 8, 13, 21])
[INFO] [1733821613.415342817] [fibonacci_action_server]: Feedback: array('i', [0, 1, 1, 2, 3, 5, 8, 13, 21, 34])
[INFO] [1733821613.916514875] [fibonacci_action_server]: Feedback: array('i', [0, 1, 1, 2, 3, 5, 8, 13, 21, 34, 55])
[INFO] [1733821614.419451854] [fibonacci_action_server]: Executing goal...
[INFO] [1733821614.419840541] [fibonacci_action_server]: Feedback: array('i', [0, 1, 1])
[INFO] [1733821614.921216332] [fibonacci_action_server]: Feedback: array('i', [0, 1, 1, 2])
[INFO] [1733821615.422723385] [fibonacci_action_server]: Feedback: array('i', [0, 1, 1, 2, 3])
[INFO] [1733821615.924209629] [fibonacci_action_server]: Feedback: array('i', [0, 1, 1, 2, 3, 5])
[INFO] [1733821616.425889919] [fibonacci_action_server]: Feedback: array('i', [0, 1, 1, 2, 3, 5, 8])
[INFO] [1733821616.927217562] [fibonacci_action_server]: Feedback: array('i', [0, 1, 1, 2, 3, 5, 8, 13])
[INFO] [1733821617.428493590] [fibonacci_action_server]: Feedback: array('i', [0, 1, 1, 2, 3, 5, 8, 13, 21])
[INFO] [1733821617.929782819] [fibonacci_action_server]: Feedback: array('i', [0, 1, 1, 2, 3, 5, 8, 13, 21, 34])
[INFO] [1733821618.431092089] [fibonacci_action_server]: Feedback: array('i', [0, 1, 1, 2, 3, 5, 8, 13, 21, 34, 55])
[INFO] [1733821618.934091106] [fibonacci_action_server]: Executing goal...
[INFO] [1733821618.934451950] [fibonacci_action_server]: Feedback: array('i', [0, 1, 1])
[INFO] [1733821619.435780568] [fibonacci_action_server]: Feedback: array('i', [0, 1, 1, 2])
[INFO] [1733821619.937472918] [fibonacci_action_server]: Feedback: array('i', [0, 1, 1, 2, 3])
[INFO] [1733821620.438849134] [fibonacci_action_server]: Feedback: array('i', [0, 1, 1, 2, 3, 5])
[INFO] [1733821620.940015923] [fibonacci_action_server]: Feedback: array('i', [0, 1, 1, 2, 3, 5, 8])
[INFO] [1733821621.441113111] [fibonacci_action_server]: Feedback: array('i', [0, 1, 1, 2, 3, 5, 8, 13])
[INFO] [1733821621.942003045] [fibonacci_action_server]: Feedback: array('i', [0, 1, 1, 2, 3, 5, 8, 13, 21])
[INFO] [1733821622.443476596] [fibonacci_action_server]: Feedback: array('i', [0, 1, 1, 2, 3, 5, 8, 13, 21, 34])
[INFO] [1733821622.945005875] [fibonacci_action_server]: Feedback: array('i', [0, 1, 1, 2, 3, 5, 8, 13, 21, 34, 55])
[INFO] [1733821623.447764039] [fibonacci_action_server]: Executing goal...
[INFO] [1733821623.448234790] [fibonacci_action_server]: Feedback: array('i', [0, 1, 1])
[INFO] [1733821623.949470805] [fibonacci_action_server]: Feedback: array('i', [0, 1, 1, 2])
[INFO] [1733821624.450762241] [fibonacci_action_server]: Feedback: array('i', [0, 1, 1, 2, 3])
[INFO] [1733821624.952019797] [fibonacci_action_server]: Feedback: array('i', [0, 1, 1, 2, 3, 5])
[INFO] [1733821625.453202412] [fibonacci_action_server]: Feedback: array('i', [0, 1, 1, 2, 3, 5, 8])
[INFO] [1733821625.954736006] [fibonacci_action_server]: Feedback: array('i', [0, 1, 1, 2, 3, 5, 8, 13])
[INFO] [1733821626.456232297] [fibonacci_action_server]: Feedback: array('i', [0, 1, 1, 2, 3, 5, 8, 13, 21])
[INFO] [1733821626.957554687] [fibonacci_action_server]: Feedback: array('i', [0, 1, 1, 2, 3, 5, 8, 13, 21, 34])
[INFO] [1733821627.458855525] [fibonacci_action_server]: Feedback: array('i', [0, 1, 1, 2, 3, 5, 8, 13, 21, 34, 55])
[INFO] [1733821627.961823600] [fibonacci_action_server]: Executing goal...
[INFO] [1733821627.962314889] [fibonacci_action_server]: Feedback: array('i', [0, 1, 1])
[INFO] [1733821628.463704051] [fibonacci_action_server]: Feedback: array('i', [0, 1, 1, 2])
[INFO] [1733821628.965141481] [fibonacci_action_server]: Feedback: array('i', [0, 1, 1, 2, 3])
[INFO] [1733821629.466587437] [fibonacci_action_server]: Feedback: array('i', [0, 1, 1, 2, 3, 5])
[INFO] [1733821629.968124064] [fibonacci_action_server]: Feedback: array('i', [0, 1, 1, 2, 3, 5, 8])
[INFO] [1733821630.469699806] [fibonacci_action_server]: Feedback: array('i', [0, 1, 1, 2, 3, 5, 8, 13])
[INFO] [1733821630.970987603] [fibonacci_action_server]: Feedback: array('i', [0, 1, 1, 2, 3, 5, 8, 13, 21])
[INFO] [1733821631.472196955] [fibonacci_action_server]: Feedback: array('i', [0, 1, 1, 2, 3, 5, 8, 13, 21, 34])
[INFO] [1733821631.973369572] [fibonacci_action_server]: Feedback: array('i', [0, 1, 1, 2, 3, 5, 8, 13, 21, 34, 55])
[INFO] [1733821632.476653358] [fibonacci_action_server]: Executing goal...
[INFO] [1733821632.477287799] [fibonacci_action_server]: Feedback: array('i', [0, 1, 1])
[INFO] [1733821632.978457540] [fibonacci_action_server]: Feedback: array('i', [0, 1, 1, 2])
[INFO] [1733821633.479668548] [fibonacci_action_server]: Feedback: array('i', [0, 1, 1, 2, 3])
[INFO] [1733821633.981212627] [fibonacci_action_server]: Feedback: array('i', [0, 1, 1, 2, 3, 5])
[INFO] [1733821634.482586975] [fibonacci_action_server]: Feedback: array('i', [0, 1, 1, 2, 3, 5, 8])
[INFO] [1733821634.984037768] [fibonacci_action_server]: Feedback: array('i', [0, 1, 1, 2, 3, 5, 8, 13])
[INFO] [1733821635.485621630] [fibonacci_action_server]: Feedback: array('i', [0, 1, 1, 2, 3, 5, 8, 13, 21])
[INFO] [1733821635.986933365] [fibonacci_action_server]: Feedback: array('i', [0, 1, 1, 2, 3, 5, 8, 13, 21, 34])
[INFO] [1733821636.488124171] [fibonacci_action_server]: Feedback: array('i', [0, 1, 1, 2, 3, 5, 8, 13, 21, 34, 55])
[INFO] [1733821636.991268157] [fibonacci_action_server]: Executing goal...
[INFO] [1733821636.991650641] [fibonacci_action_server]: Feedback: array('i', [0, 1, 1])
[INFO] [1733821637.493168343] [fibonacci_action_server]: Feedback: array('i', [0, 1, 1, 2])
[INFO] [1733821637.994666895] [fibonacci_action_server]: Feedback: array('i', [0, 1, 1, 2, 3])
[INFO] [1733821638.496151811] [fibonacci_action_server]: Feedback: array('i', [0, 1, 1, 2, 3, 5])
[INFO] [1733821638.997712355] [fibonacci_action_server]: Feedback: array('i', [0, 1, 1, 2, 3, 5, 8])
[INFO] [1733821639.499025949] [fibonacci_action_server]: Feedback: array('i', [0, 1, 1, 2, 3, 5, 8, 13])
[INFO] [1733821640.000315384] [fibonacci_action_server]: Feedback: array('i', [0, 1, 1, 2, 3, 5, 8, 13, 21])
[INFO] [1733821640.501542300] [fibonacci_action_server]: Feedback: array('i', [0, 1, 1, 2, 3, 5, 8, 13, 21, 34])
[INFO] [1733821641.003082537] [fibonacci_action_server]: Feedback: array('i', [0, 1, 1, 2, 3, 5, 8, 13, 21, 34, 55])
[INFO] [1733821641.506326533] [fibonacci_action_server]: Executing goal...
[INFO] [1733821641.506685178] [fibonacci_action_server]: Feedback: array('i', [0, 1, 1])
[INFO] [1733821642.008133927] [fibonacci_action_server]: Feedback: array('i', [0, 1, 1, 2])
[INFO] [1733821642.509732898] [fibonacci_action_server]: Feedback: array('i', [0, 1, 1, 2, 3])
[INFO] [1733821643.011044884] [fibonacci_action_server]: Feedback: array('i', [0, 1, 1, 2, 3, 5])
[INFO] [1733821643.512207925] [fibonacci_action_server]: Feedback: array('i', [0, 1, 1, 2, 3, 5, 8])
[INFO] [1733821644.013482409] [fibonacci_action_server]: Feedback: array('i', [0, 1, 1, 2, 3, 5, 8, 13])
[INFO] [1733821644.514607578] [fibonacci_action_server]: Feedback: array('i', [0, 1, 1, 2, 3, 5, 8, 13, 21])
[INFO] [1733821645.015821901] [fibonacci_action_server]: Feedback: array('i', [0, 1, 1, 2, 3, 5, 8, 13, 21, 34])
[INFO] [1733821645.517415735] [fibonacci_action_server]: Feedback: array('i', [0, 1, 1, 2, 3, 5, 8, 13, 21, 34, 55])
[INFO] [1733821646.020408890] [fibonacci_action_server]: Executing goal...
[INFO] [1733821646.020786121] [fibonacci_action_server]: Feedback: array('i', [0, 1, 1])
[INFO] [1733821646.522164719] [fibonacci_action_server]: Feedback: array('i', [0, 1, 1, 2])
[INFO] [1733821647.023591440] [fibonacci_action_server]: Feedback: array('i', [0, 1, 1, 2, 3])
[INFO] [1733821647.524976772] [fibonacci_action_server]: Feedback: array('i', [0, 1, 1, 2, 3, 5])
[INFO] [1733821648.026053911] [fibonacci_action_server]: Feedback: array('i', [0, 1, 1, 2, 3, 5, 8])
[INFO] [1733821648.527247601] [fibonacci_action_server]: Feedback: array('i', [0, 1, 1, 2, 3, 5, 8, 13])
[INFO] [1733821649.028641506] [fibonacci_action_server]: Feedback: array('i', [0, 1, 1, 2, 3, 5, 8, 13, 21])
[INFO] [1733821649.530136914] [fibonacci_action_server]: Feedback: array('i', [0, 1, 1, 2, 3, 5, 8, 13, 21, 34])
[INFO] [1733821650.031587822] [fibonacci_action_server]: Feedback: array('i', [0, 1, 1, 2, 3, 5, 8, 13, 21, 34, 55])
[INFO] [1733821650.534732968] [fibonacci_action_server]: Executing goal...
[INFO] [1733821650.535159517] [fibonacci_action_server]: Feedback: array('i', [0, 1, 1])
[INFO] [1733821651.036529138] [fibonacci_action_server]: Feedback: array('i', [0, 1, 1, 2])
[INFO] [1733821651.538097616] [fibonacci_action_server]: Feedback: array('i', [0, 1, 1, 2, 3])
[INFO] [1733821652.039407306] [fibonacci_action_server]: Feedback: array('i', [0, 1, 1, 2, 3, 5])
[INFO] [1733821652.540740570] [fibonacci_action_server]: Feedback: array('i', [0, 1, 1, 2, 3, 5, 8])
[INFO] [1733821653.041879374] [fibonacci_action_server]: Feedback: array('i', [0, 1, 1, 2, 3, 5, 8, 13])
[INFO] [1733821653.543194689] [fibonacci_action_server]: Feedback: array('i', [0, 1, 1, 2, 3, 5, 8, 13, 21])
[INFO] [1733821654.044410759] [fibonacci_action_server]: Feedback: array('i', [0, 1, 1, 2, 3, 5, 8, 13, 21, 34])
[INFO] [1733821654.545763478] [fibonacci_action_server]: Feedback: array('i', [0, 1, 1, 2, 3, 5, 8, 13, 21, 34, 55])
[INFO] [1733821655.048328018] [fibonacci_action_server]: Executing goal...
[INFO] [1733821655.048715183] [fibonacci_action_server]: Feedback: array('i', [0, 1, 1])
[INFO] [1733821655.549763048] [fibonacci_action_server]: Feedback: array('i', [0, 1, 1, 2])
[INFO] [1733821656.050870324] [fibonacci_action_server]: Feedback: array('i', [0, 1, 1, 2, 3])
[INFO] [1733821656.552421515] [fibonacci_action_server]: Feedback: array('i', [0, 1, 1, 2, 3, 5])
[INFO] [1733821657.053966955] [fibonacci_action_server]: Feedback: array('i', [0, 1, 1, 2, 3, 5, 8])
[INFO] [1733821657.555604161] [fibonacci_action_server]: Feedback: array('i', [0, 1, 1, 2, 3, 5, 8, 13])
[INFO] [1733821658.057168357] [fibonacci_action_server]: Feedback: array('i', [0, 1, 1, 2, 3, 5, 8, 13, 21])
[INFO] [1733821658.558535497] [fibonacci_action_server]: Feedback: array('i', [0, 1, 1, 2, 3, 5, 8, 13, 21, 34])
[INFO] [1733821659.059988005] [fibonacci_action_server]: Feedback: array('i', [0, 1, 1, 2, 3, 5, 8, 13, 21, 34, 55])
[INFO] [1733821659.563181223] [fibonacci_action_server]: Executing goal...
[INFO] [1733821659.563546528] [fibonacci_action_server]: Feedback: array('i', [0, 1, 1])
[INFO] [1733821660.064649030] [fibonacci_action_server]: Feedback: array('i', [0, 1, 1, 2])
[INFO] [1733821660.566207923] [fibonacci_action_server]: Feedback: array('i', [0, 1, 1, 2, 3])
[INFO] [1733821661.067638457] [fibonacci_action_server]: Feedback: array('i', [0, 1, 1, 2, 3, 5])
[INFO] [1733821661.569256298] [fibonacci_action_server]: Feedback: array('i', [0, 1, 1, 2, 3, 5, 8])
[INFO] [1733821662.070760782] [fibonacci_action_server]: Feedback: array('i', [0, 1, 1, 2, 3, 5, 8, 13])
[INFO] [1733821662.572253627] [fibonacci_action_server]: Feedback: array('i', [0, 1, 1, 2, 3, 5, 8, 13, 21])
[INFO] [1733821663.073757282] [fibonacci_action_server]: Feedback: array('i', [0, 1, 1, 2, 3, 5, 8, 13, 21, 34])
[INFO] [1733821663.575204481] [fibonacci_action_server]: Feedback: array('i', [0, 1, 1, 2, 3, 5, 8, 13, 21, 34, 55])
[INFO] [1733821664.078599285] [fibonacci_action_server]: Executing goal...
[INFO] [1733821664.079207999] [fibonacci_action_server]: Feedback: array('i', [0, 1, 1])
[INFO] [1733821664.580528237] [fibonacci_action_server]: Feedback: array('i', [0, 1, 1, 2])
[INFO] [1733821665.081894343] [fibonacci_action_server]: Feedback: array('i', [0, 1, 1, 2, 3])
[INFO] [1733821665.583326689] [fibonacci_action_server]: Feedback: array('i', [0, 1, 1, 2, 3, 5])
[INFO] [1733821666.084784108] [fibonacci_action_server]: Feedback: array('i', [0, 1, 1, 2, 3, 5, 8])
[INFO] [1733821666.585761211] [fibonacci_action_server]: Feedback: array('i', [0, 1, 1, 2, 3, 5, 8, 13])
[INFO] [1733821667.087037333] [fibonacci_action_server]: Feedback: array('i', [0, 1, 1, 2, 3, 5, 8, 13, 21])
[INFO] [1733821667.588183530] [fibonacci_action_server]: Feedback: array('i', [0, 1, 1, 2, 3, 5, 8, 13, 21, 34])
[INFO] [1733821668.089403174] [fibonacci_action_server]: Feedback: array('i', [0, 1, 1, 2, 3, 5, 8, 13, 21, 34, 55])
[INFO] [1733821668.592555521] [fibonacci_action_server]: Executing goal...
[INFO] [1733821668.593210039] [fibonacci_action_server]: Feedback: array('i', [0, 1, 1])
[INFO] [1733821669.094658121] [fibonacci_action_server]: Feedback: array('i', [0, 1, 1, 2])
[INFO] [1733821669.596296765] [fibonacci_action_server]: Feedback: array('i', [0, 1, 1, 2, 3])
[INFO] [1733821670.097874198] [fibonacci_action_server]: Feedback: array('i', [0, 1, 1, 2, 3, 5])
[INFO] [1733821670.599072620] [fibonacci_action_server]: Feedback: array('i', [0, 1, 1, 2, 3, 5, 8])
[INFO] [1733821671.100476131] [fibonacci_action_server]: Feedback: array('i', [0, 1, 1, 2, 3, 5, 8, 13])
[INFO] [1733821671.601893579] [fibonacci_action_server]: Feedback: array('i', [0, 1, 1, 2, 3, 5, 8, 13, 21])
[INFO] [1733821672.103443756] [fibonacci_action_server]: Feedback: array('i', [0, 1, 1, 2, 3, 5, 8, 13, 21, 34])
[INFO] [1733821672.605078848] [fibonacci_action_server]: Feedback: array('i', [0, 1, 1, 2, 3, 5, 8, 13, 21, 34, 55])
[INFO] [1733821673.108121571] [fibonacci_action_server]: Shutting down node...
RAPL is set
