[INFO] [1733770266.431938117] [fibonacci_action_client]: Sending goal with order 10
[INFO] [1733770266.434852038] [fibonacci_action_client]: Goal accepted, waiting for result.
[INFO] [1733770266.465227975] [fibonacci_action_client]: Received feedback: array('i', [0, 1, 1])
[INFO] [1733770266.966938012] [fibonacci_action_client]: Received feedback: array('i', [0, 1, 1, 2])
[INFO] [1733770267.468600646] [fibonacci_action_client]: Received feedback: array('i', [0, 1, 1, 2, 3])
[INFO] [1733770267.970534326] [fibonacci_action_client]: Received feedback: array('i', [0, 1, 1, 2, 3, 5])
[INFO] [1733770268.472935432] [fibonacci_action_client]: Received feedback: array('i', [0, 1, 1, 2, 3, 5, 8])
[INFO] [1733770268.974368203] [fibonacci_action_client]: Received feedback: array('i', [0, 1, 1, 2, 3, 5, 8, 13])
[INFO] [1733770269.475660116] [fibonacci_action_client]: Received feedback: array('i', [0, 1, 1, 2, 3, 5, 8, 13, 21])
[INFO] [1733770269.977373877] [fibonacci_action_client]: Received feedback: array('i', [0, 1, 1, 2, 3, 5, 8, 13, 21, 34])
[INFO] [1733770270.479289906] [fibonacci_action_client]: Received feedback: array('i', [0, 1, 1, 2, 3, 5, 8, 13, 21, 34, 55])
[INFO] [1733770270.982000691] [fibonacci_action_client]: Result: array('i', [0, 1, 1, 2, 3, 5, 8, 13, 21, 34, 55])
[INFO] [1733770271.484089642] [fibonacci_action_client]: Sending goal with order 10
[INFO] [1733770271.487314012] [fibonacci_action_client]: Goal accepted, waiting for result.
[INFO] [1733770271.491295805] [fibonacci_action_client]: Received feedback: array('i', [0, 1, 1])
[INFO] [1733770271.991842185] [fibonacci_action_client]: Received feedback: array('i', [0, 1, 1, 2])
[INFO] [1733770272.493768860] [fibonacci_action_client]: Received feedback: array('i', [0, 1, 1, 2, 3])
[INFO] [1733770272.995705712] [fibonacci_action_client]: Received feedback: array('i', [0, 1, 1, 2, 3, 5])
[INFO] [1733770273.497526423] [fibonacci_action_client]: Received feedback: array('i', [0, 1, 1, 2, 3, 5, 8])
[INFO] [1733770273.998322187] [fibonacci_action_client]: Received feedback: array('i', [0, 1, 1, 2, 3, 5, 8, 13])
[INFO] [1733770274.499775392] [fibonacci_action_client]: Received feedback: array('i', [0, 1, 1, 2, 3, 5, 8, 13, 21])
[INFO] [1733770275.001042575] [fibonacci_action_client]: Received feedback: array('i', [0, 1, 1, 2, 3, 5, 8, 13, 21, 34])
[INFO] [1733770275.502812006] [fibonacci_action_client]: Received feedback: array('i', [0, 1, 1, 2, 3, 5, 8, 13, 21, 34, 55])
[INFO] [1733770276.004125846] [fibonacci_action_client]: Result: array('i', [0, 1, 1, 2, 3, 5, 8, 13, 21, 34, 55])
[INFO] [1733770276.505340993] [fibonacci_action_client]: Sending goal with order 10
[INFO] [1733770276.507140973] [fibonacci_action_client]: Goal accepted, waiting for result.
[INFO] [1733770276.508394065] [fibonacci_action_client]: Received feedback: array('i', [0, 1, 1])
[INFO] [1733770277.009743029] [fibonacci_action_client]: Received feedback: array('i', [0, 1, 1, 2])
[INFO] [1733770277.511234368] [fibonacci_action_client]: Received feedback: array('i', [0, 1, 1, 2, 3])
[INFO] [1733770278.012254930] [fibonacci_action_client]: Received feedback: array('i', [0, 1, 1, 2, 3, 5])
[INFO] [1733770278.513405929] [fibonacci_action_client]: Received feedback: array('i', [0, 1, 1, 2, 3, 5, 8])
[INFO] [1733770279.014392747] [fibonacci_action_client]: Received feedback: array('i', [0, 1, 1, 2, 3, 5, 8, 13])
[INFO] [1733770279.515992556] [fibonacci_action_client]: Received feedback: array('i', [0, 1, 1, 2, 3, 5, 8, 13, 21])
[INFO] [1733770280.016962492] [fibonacci_action_client]: Received feedback: array('i', [0, 1, 1, 2, 3, 5, 8, 13, 21, 34])
[INFO] [1733770280.518391865] [fibonacci_action_client]: Received feedback: array('i', [0, 1, 1, 2, 3, 5, 8, 13, 21, 34, 55])
[INFO] [1733770281.019980638] [fibonacci_action_client]: Result: array('i', [0, 1, 1, 2, 3, 5, 8, 13, 21, 34, 55])
[INFO] [1733770281.521040853] [fibonacci_action_client]: Sending goal with order 10
[INFO] [1733770281.522502665] [fibonacci_action_client]: Goal accepted, waiting for result.
[INFO] [1733770281.523818208] [fibonacci_action_client]: Received feedback: array('i', [0, 1, 1])
[INFO] [1733770282.024908869] [fibonacci_action_client]: Received feedback: array('i', [0, 1, 1, 2])
[INFO] [1733770282.526143653] [fibonacci_action_client]: Received feedback: array('i', [0, 1, 1, 2, 3])
[INFO] [1733770283.026852132] [fibonacci_action_client]: Received feedback: array('i', [0, 1, 1, 2, 3, 5])
[INFO] [1733770283.528246438] [fibonacci_action_client]: Received feedback: array('i', [0, 1, 1, 2, 3, 5, 8])
[INFO] [1733770284.029196511] [fibonacci_action_client]: Received feedback: array('i', [0, 1, 1, 2, 3, 5, 8, 13])
[INFO] [1733770284.530388141] [fibonacci_action_client]: Received feedback: array('i', [0, 1, 1, 2, 3, 5, 8, 13, 21])
[INFO] [1733770285.031771994] [fibonacci_action_client]: Received feedback: array('i', [0, 1, 1, 2, 3, 5, 8, 13, 21, 34])
[INFO] [1733770285.533126418] [fibonacci_action_client]: Received feedback: array('i', [0, 1, 1, 2, 3, 5, 8, 13, 21, 34, 55])
[INFO] [1733770286.034565768] [fibonacci_action_client]: Result: array('i', [0, 1, 1, 2, 3, 5, 8, 13, 21, 34, 55])
[INFO] [1733770286.535681950] [fibonacci_action_client]: Sending goal with order 10
[INFO] [1733770286.537007266] [fibonacci_action_client]: Goal accepted, waiting for result.
[INFO] [1733770286.538227124] [fibonacci_action_client]: Received feedback: array('i', [0, 1, 1])
[INFO] [1733770287.040430438] [fibonacci_action_client]: Received feedback: array('i', [0, 1, 1, 2])
[INFO] [1733770287.541549589] [fibonacci_action_client]: Received feedback: array('i', [0, 1, 1, 2, 3])
[INFO] [1733770288.042637476] [fibonacci_action_client]: Received feedback: array('i', [0, 1, 1, 2, 3, 5])
[INFO] [1733770288.543747065] [fibonacci_action_client]: Received feedback: array('i', [0, 1, 1, 2, 3, 5, 8])
[INFO] [1733770289.045096645] [fibonacci_action_client]: Received feedback: array('i', [0, 1, 1, 2, 3, 5, 8, 13])
[INFO] [1733770289.551167560] [fibonacci_action_client]: Received feedback: array('i', [0, 1, 1, 2, 3, 5, 8, 13, 21])
[INFO] [1733770290.051773328] [fibonacci_action_client]: Received feedback: array('i', [0, 1, 1, 2, 3, 5, 8, 13, 21, 34])
[INFO] [1733770290.552920975] [fibonacci_action_client]: Received feedback: array('i', [0, 1, 1, 2, 3, 5, 8, 13, 21, 34, 55])
[INFO] [1733770291.054604326] [fibonacci_action_client]: Result: array('i', [0, 1, 1, 2, 3, 5, 8, 13, 21, 34, 55])
[INFO] [1733770291.555601320] [fibonacci_action_client]: Sending goal with order 10
[INFO] [1733770291.556861216] [fibonacci_action_client]: Goal accepted, waiting for result.
[INFO] [1733770291.558261880] [fibonacci_action_client]: Received feedback: array('i', [0, 1, 1])
[INFO] [1733770292.059460540] [fibonacci_action_client]: Received feedback: array('i', [0, 1, 1, 2])
[INFO] [1733770292.560869393] [fibonacci_action_client]: Received feedback: array('i', [0, 1, 1, 2, 3])
[INFO] [1733770293.062361821] [fibonacci_action_client]: Received feedback: array('i', [0, 1, 1, 2, 3, 5])
[INFO] [1733770293.563465132] [fibonacci_action_client]: Received feedback: array('i', [0, 1, 1, 2, 3, 5, 8])
[INFO] [1733770294.064788300] [fibonacci_action_client]: Received feedback: array('i', [0, 1, 1, 2, 3, 5, 8, 13])
[INFO] [1733770294.566075304] [fibonacci_action_client]: Received feedback: array('i', [0, 1, 1, 2, 3, 5, 8, 13, 21])
[INFO] [1733770295.067326868] [fibonacci_action_client]: Received feedback: array('i', [0, 1, 1, 2, 3, 5, 8, 13, 21, 34])
[INFO] [1733770295.568362236] [fibonacci_action_client]: Received feedback: array('i', [0, 1, 1, 2, 3, 5, 8, 13, 21, 34, 55])
[INFO] [1733770296.070154586] [fibonacci_action_client]: Result: array('i', [0, 1, 1, 2, 3, 5, 8, 13, 21, 34, 55])
[INFO] [1733770296.571368726] [fibonacci_action_client]: Sending goal with order 10
[INFO] [1733770296.572781038] [fibonacci_action_client]: Goal accepted, waiting for result.
[INFO] [1733770296.573831925] [fibonacci_action_client]: Received feedback: array('i', [0, 1, 1])
[INFO] [1733770297.075308988] [fibonacci_action_client]: Received feedback: array('i', [0, 1, 1, 2])
[INFO] [1733770297.576421855] [fibonacci_action_client]: Received feedback: array('i', [0, 1, 1, 2, 3])
[INFO] [1733770298.077509693] [fibonacci_action_client]: Received feedback: array('i', [0, 1, 1, 2, 3, 5])
[INFO] [1733770298.578837697] [fibonacci_action_client]: Received feedback: array('i', [0, 1, 1, 2, 3, 5, 8])
[INFO] [1733770299.079976881] [fibonacci_action_client]: Received feedback: array('i', [0, 1, 1, 2, 3, 5, 8, 13])
[INFO] [1733770299.581093458] [fibonacci_action_client]: Received feedback: array('i', [0, 1, 1, 2, 3, 5, 8, 13, 21])
[INFO] [1733770300.082564902] [fibonacci_action_client]: Received feedback: array('i', [0, 1, 1, 2, 3, 5, 8, 13, 21, 34])
[INFO] [1733770300.583646045] [fibonacci_action_client]: Received feedback: array('i', [0, 1, 1, 2, 3, 5, 8, 13, 21, 34, 55])
[INFO] [1733770301.085655933] [fibonacci_action_client]: Result: array('i', [0, 1, 1, 2, 3, 5, 8, 13, 21, 34, 55])
[INFO] [1733770301.586803167] [fibonacci_action_client]: Sending goal with order 10
[INFO] [1733770301.588587755] [fibonacci_action_client]: Goal accepted, waiting for result.
[INFO] [1733770301.590090663] [fibonacci_action_client]: Received feedback: array('i', [0, 1, 1])
[INFO] [1733770302.091441012] [fibonacci_action_client]: Received feedback: array('i', [0, 1, 1, 2])
[INFO] [1733770302.593028686] [fibonacci_action_client]: Received feedback: array('i', [0, 1, 1, 2, 3])
[INFO] [1733770303.094307688] [fibonacci_action_client]: Received feedback: array('i', [0, 1, 1, 2, 3, 5])
[INFO] [1733770303.595540686] [fibonacci_action_client]: Received feedback: array('i', [0, 1, 1, 2, 3, 5, 8])
[INFO] [1733770304.097332088] [fibonacci_action_client]: Received feedback: array('i', [0, 1, 1, 2, 3, 5, 8, 13])
[INFO] [1733770304.598323260] [fibonacci_action_client]: Received feedback: array('i', [0, 1, 1, 2, 3, 5, 8, 13, 21])
[INFO] [1733770305.099546279] [fibonacci_action_client]: Received feedback: array('i', [0, 1, 1, 2, 3, 5, 8, 13, 21, 34])
[INFO] [1733770305.600684763] [fibonacci_action_client]: Received feedback: array('i', [0, 1, 1, 2, 3, 5, 8, 13, 21, 34, 55])
[INFO] [1733770306.101966445] [fibonacci_action_client]: Result: array('i', [0, 1, 1, 2, 3, 5, 8, 13, 21, 34, 55])
[INFO] [1733770306.603049814] [fibonacci_action_client]: Sending goal with order 10
[INFO] [1733770306.604359048] [fibonacci_action_client]: Goal accepted, waiting for result.
[INFO] [1733770306.605629856] [fibonacci_action_client]: Received feedback: array('i', [0, 1, 1])
[INFO] [1733770307.106831863] [fibonacci_action_client]: Received feedback: array('i', [0, 1, 1, 2])
[INFO] [1733770307.608733802] [fibonacci_action_client]: Received feedback: array('i', [0, 1, 1, 2, 3])
[INFO] [1733770308.109774748] [fibonacci_action_client]: Received feedback: array('i', [0, 1, 1, 2, 3, 5])
[INFO] [1733770308.610579357] [fibonacci_action_client]: Received feedback: array('i', [0, 1, 1, 2, 3, 5, 8])
[INFO] [1733770309.112002610] [fibonacci_action_client]: Received feedback: array('i', [0, 1, 1, 2, 3, 5, 8, 13])
[INFO] [1733770309.613231808] [fibonacci_action_client]: Received feedback: array('i', [0, 1, 1, 2, 3, 5, 8, 13, 21])
[INFO] [1733770310.114531978] [fibonacci_action_client]: Received feedback: array('i', [0, 1, 1, 2, 3, 5, 8, 13, 21, 34])
[INFO] [1733770310.615631165] [fibonacci_action_client]: Received feedback: array('i', [0, 1, 1, 2, 3, 5, 8, 13, 21, 34, 55])
[INFO] [1733770311.119089531] [fibonacci_action_client]: Result: array('i', [0, 1, 1, 2, 3, 5, 8, 13, 21, 34, 55])
[INFO] [1733770311.620256589] [fibonacci_action_client]: Sending goal with order 10
[INFO] [1733770311.621690609] [fibonacci_action_client]: Goal accepted, waiting for result.
[INFO] [1733770311.622811279] [fibonacci_action_client]: Received feedback: array('i', [0, 1, 1])
[INFO] [1733770312.124050142] [fibonacci_action_client]: Received feedback: array('i', [0, 1, 1, 2])
[INFO] [1733770312.625729421] [fibonacci_action_client]: Received feedback: array('i', [0, 1, 1, 2, 3])
[INFO] [1733770313.126545925] [fibonacci_action_client]: Received feedback: array('i', [0, 1, 1, 2, 3, 5])
[INFO] [1733770313.627790047] [fibonacci_action_client]: Received feedback: array('i', [0, 1, 1, 2, 3, 5, 8])
[INFO] [1733770314.129272930] [fibonacci_action_client]: Received feedback: array('i', [0, 1, 1, 2, 3, 5, 8, 13])
[INFO] [1733770314.630245880] [fibonacci_action_client]: Received feedback: array('i', [0, 1, 1, 2, 3, 5, 8, 13, 21])
[INFO] [1733770315.131577384] [fibonacci_action_client]: Received feedback: array('i', [0, 1, 1, 2, 3, 5, 8, 13, 21, 34])
[INFO] [1733770315.633130210] [fibonacci_action_client]: Received feedback: array('i', [0, 1, 1, 2, 3, 5, 8, 13, 21, 34, 55])
[INFO] [1733770316.134275372] [fibonacci_action_client]: Result: array('i', [0, 1, 1, 2, 3, 5, 8, 13, 21, 34, 55])
[INFO] [1733770316.635204209] [fibonacci_action_client]: Sending goal with order 10
[INFO] [1733770316.636796350] [fibonacci_action_client]: Goal accepted, waiting for result.
[INFO] [1733770316.638272289] [fibonacci_action_client]: Received feedback: array('i', [0, 1, 1])
[INFO] [1733770317.139559038] [fibonacci_action_client]: Received feedback: array('i', [0, 1, 1, 2])
[INFO] [1733770317.640564230] [fibonacci_action_client]: Received feedback: array('i', [0, 1, 1, 2, 3])
[INFO] [1733770318.141741738] [fibonacci_action_client]: Received feedback: array('i', [0, 1, 1, 2, 3, 5])
[INFO] [1733770318.643968188] [fibonacci_action_client]: Received feedback: array('i', [0, 1, 1, 2, 3, 5, 8])
[INFO] [1733770319.144263020] [fibonacci_action_client]: Received feedback: array('i', [0, 1, 1, 2, 3, 5, 8, 13])
[INFO] [1733770319.645499281] [fibonacci_action_client]: Received feedback: array('i', [0, 1, 1, 2, 3, 5, 8, 13, 21])
[INFO] [1733770320.146898062] [fibonacci_action_client]: Received feedback: array('i', [0, 1, 1, 2, 3, 5, 8, 13, 21, 34])
[INFO] [1733770320.648061256] [fibonacci_action_client]: Received feedback: array('i', [0, 1, 1, 2, 3, 5, 8, 13, 21, 34, 55])
[INFO] [1733770321.149837255] [fibonacci_action_client]: Result: array('i', [0, 1, 1, 2, 3, 5, 8, 13, 21, 34, 55])
[INFO] [1733770321.651159763] [fibonacci_action_client]: Sending goal with order 10
[INFO] [1733770321.652678646] [fibonacci_action_client]: Goal accepted, waiting for result.
[INFO] [1733770321.653872152] [fibonacci_action_client]: Received feedback: array('i', [0, 1, 1])
[INFO] [1733770322.154888926] [fibonacci_action_client]: Received feedback: array('i', [0, 1, 1, 2])
[INFO] [1733770322.656281402] [fibonacci_action_client]: Received feedback: array('i', [0, 1, 1, 2, 3])
[INFO] [1733770323.157670187] [fibonacci_action_client]: Received feedback: array('i', [0, 1, 1, 2, 3, 5])
[INFO] [1733770323.658497530] [fibonacci_action_client]: Received feedback: array('i', [0, 1, 1, 2, 3, 5, 8])
[INFO] [1733770324.159954465] [fibonacci_action_client]: Received feedback: array('i', [0, 1, 1, 2, 3, 5, 8, 13])
[INFO] [1733770324.661176326] [fibonacci_action_client]: Received feedback: array('i', [0, 1, 1, 2, 3, 5, 8, 13, 21])
[INFO] [1733770325.162555386] [fibonacci_action_client]: Received feedback: array('i', [0, 1, 1, 2, 3, 5, 8, 13, 21, 34])
[INFO] [1733770325.663679687] [fibonacci_action_client]: Received feedback: array('i', [0, 1, 1, 2, 3, 5, 8, 13, 21, 34, 55])
[INFO] [1733770326.165153598] [fibonacci_action_client]: Result: array('i', [0, 1, 1, 2, 3, 5, 8, 13, 21, 34, 55])
[INFO] [1733770326.665758692] [fibonacci_action_client]: Sending goal with order 10
[INFO] [1733770326.667338473] [fibonacci_action_client]: Goal accepted, waiting for result.
[INFO] [1733770326.669147430] [fibonacci_action_client]: Received feedback: array('i', [0, 1, 1])
[INFO] [1733770327.170922789] [fibonacci_action_client]: Received feedback: array('i', [0, 1, 1, 2])
[INFO] [1733770327.672176512] [fibonacci_action_client]: Received feedback: array('i', [0, 1, 1, 2, 3])
[INFO] [1733770328.173643669] [fibonacci_action_client]: Received feedback: array('i', [0, 1, 1, 2, 3, 5])
[INFO] [1733770328.674845531] [fibonacci_action_client]: Received feedback: array('i', [0, 1, 1, 2, 3, 5, 8])
[INFO] [1733770329.176070318] [fibonacci_action_client]: Received feedback: array('i', [0, 1, 1, 2, 3, 5, 8, 13])
[INFO] [1733770329.677839895] [fibonacci_action_client]: Received feedback: array('i', [0, 1, 1, 2, 3, 5, 8, 13, 21])
[INFO] [1733770330.179253512] [fibonacci_action_client]: Received feedback: array('i', [0, 1, 1, 2, 3, 5, 8, 13, 21, 34])
[INFO] [1733770330.680319601] [fibonacci_action_client]: Received feedback: array('i', [0, 1, 1, 2, 3, 5, 8, 13, 21, 34, 55])
[INFO] [1733770331.182132799] [fibonacci_action_client]: Result: array('i', [0, 1, 1, 2, 3, 5, 8, 13, 21, 34, 55])
[INFO] [1733770331.683249229] [fibonacci_action_client]: Sending goal with order 10
[INFO] [1733770331.684747783] [fibonacci_action_client]: Goal accepted, waiting for result.
[INFO] [1733770331.685957796] [fibonacci_action_client]: Received feedback: array('i', [0, 1, 1])
[INFO] [1733770332.187098901] [fibonacci_action_client]: Received feedback: array('i', [0, 1, 1, 2])
[INFO] [1733770332.688575343] [fibonacci_action_client]: Received feedback: array('i', [0, 1, 1, 2, 3])
[INFO] [1733770333.189877870] [fibonacci_action_client]: Received feedback: array('i', [0, 1, 1, 2, 3, 5])
[INFO] [1733770333.690792992] [fibonacci_action_client]: Received feedback: array('i', [0, 1, 1, 2, 3, 5, 8])
[INFO] [1733770334.191902954] [fibonacci_action_client]: Received feedback: array('i', [0, 1, 1, 2, 3, 5, 8, 13])
[INFO] [1733770334.693284721] [fibonacci_action_client]: Received feedback: array('i', [0, 1, 1, 2, 3, 5, 8, 13, 21])
[INFO] [1733770335.194321344] [fibonacci_action_client]: Received feedback: array('i', [0, 1, 1, 2, 3, 5, 8, 13, 21, 34])
[INFO] [1733770335.695433514] [fibonacci_action_client]: Received feedback: array('i', [0, 1, 1, 2, 3, 5, 8, 13, 21, 34, 55])
[INFO] [1733770336.197064651] [fibonacci_action_client]: Result: array('i', [0, 1, 1, 2, 3, 5, 8, 13, 21, 34, 55])
[INFO] [1733770336.697956684] [fibonacci_action_client]: Sending goal with order 10
[INFO] [1733770336.699363252] [fibonacci_action_client]: Goal accepted, waiting for result.
[INFO] [1733770336.700815502] [fibonacci_action_client]: Received feedback: array('i', [0, 1, 1])
[INFO] [1733770337.202199935] [fibonacci_action_client]: Received feedback: array('i', [0, 1, 1, 2])
[INFO] [1733770337.703235531] [fibonacci_action_client]: Received feedback: array('i', [0, 1, 1, 2, 3])
[INFO] [1733770338.204689559] [fibonacci_action_client]: Received feedback: array('i', [0, 1, 1, 2, 3, 5])
[INFO] [1733770338.706164511] [fibonacci_action_client]: Received feedback: array('i', [0, 1, 1, 2, 3, 5, 8])
[INFO] [1733770339.207495171] [fibonacci_action_client]: Received feedback: array('i', [0, 1, 1, 2, 3, 5, 8, 13])
[INFO] [1733770339.708918990] [fibonacci_action_client]: Received feedback: array('i', [0, 1, 1, 2, 3, 5, 8, 13, 21])
[INFO] [1733770340.210241629] [fibonacci_action_client]: Received feedback: array('i', [0, 1, 1, 2, 3, 5, 8, 13, 21, 34])
[INFO] [1733770340.711555988] [fibonacci_action_client]: Received feedback: array('i', [0, 1, 1, 2, 3, 5, 8, 13, 21, 34, 55])
[INFO] [1733770341.213246847] [fibonacci_action_client]: Result: array('i', [0, 1, 1, 2, 3, 5, 8, 13, 21, 34, 55])
[INFO] [1733770341.713842176] [fibonacci_action_client]: Sending goal with order 10
[INFO] [1733770341.715128847] [fibonacci_action_client]: Goal accepted, waiting for result.
[INFO] [1733770341.716332904] [fibonacci_action_client]: Received feedback: array('i', [0, 1, 1])
[INFO] [1733770342.217336432] [fibonacci_action_client]: Received feedback: array('i', [0, 1, 1, 2])
[INFO] [1733770342.718516203] [fibonacci_action_client]: Received feedback: array('i', [0, 1, 1, 2, 3])
[INFO] [1733770343.219660677] [fibonacci_action_client]: Received feedback: array('i', [0, 1, 1, 2, 3, 5])
[INFO] [1733770343.720911384] [fibonacci_action_client]: Received feedback: array('i', [0, 1, 1, 2, 3, 5, 8])
[INFO] [1733770344.222125616] [fibonacci_action_client]: Received feedback: array('i', [0, 1, 1, 2, 3, 5, 8, 13])
[INFO] [1733770344.723492702] [fibonacci_action_client]: Received feedback: array('i', [0, 1, 1, 2, 3, 5, 8, 13, 21])
[INFO] [1733770345.224860351] [fibonacci_action_client]: Received feedback: array('i', [0, 1, 1, 2, 3, 5, 8, 13, 21, 34])
[INFO] [1733770345.726395557] [fibonacci_action_client]: Received feedback: array('i', [0, 1, 1, 2, 3, 5, 8, 13, 21, 34, 55])
[INFO] [1733770346.228070002] [fibonacci_action_client]: Result: array('i', [0, 1, 1, 2, 3, 5, 8, 13, 21, 34, 55])
[INFO] [1733770346.729556439] [fibonacci_action_client]: Sending goal with order 10
[INFO] [1733770346.731291648] [fibonacci_action_client]: Goal accepted, waiting for result.
[INFO] [1733770346.732846093] [fibonacci_action_client]: Received feedback: array('i', [0, 1, 1])
[INFO] [1733770347.234241423] [fibonacci_action_client]: Received feedback: array('i', [0, 1, 1, 2])
[INFO] [1733770347.735543963] [fibonacci_action_client]: Received feedback: array('i', [0, 1, 1, 2, 3])
[INFO] [1733770348.237019453] [fibonacci_action_client]: Received feedback: array('i', [0, 1, 1, 2, 3, 5])
[INFO] [1733770348.738100889] [fibonacci_action_client]: Received feedback: array('i', [0, 1, 1, 2, 3, 5, 8])
[INFO] [1733770349.239195713] [fibonacci_action_client]: Received feedback: array('i', [0, 1, 1, 2, 3, 5, 8, 13])
[INFO] [1733770349.740245256] [fibonacci_action_client]: Received feedback: array('i', [0, 1, 1, 2, 3, 5, 8, 13, 21])
[INFO] [1733770350.241158352] [fibonacci_action_client]: Received feedback: array('i', [0, 1, 1, 2, 3, 5, 8, 13, 21, 34])
[INFO] [1733770350.742383091] [fibonacci_action_client]: Received feedback: array('i', [0, 1, 1, 2, 3, 5, 8, 13, 21, 34, 55])
[INFO] [1733770351.244133702] [fibonacci_action_client]: Result: array('i', [0, 1, 1, 2, 3, 5, 8, 13, 21, 34, 55])
[INFO] [1733770351.745116120] [fibonacci_action_client]: Sending goal with order 10
[INFO] [1733770351.746468052] [fibonacci_action_client]: Goal accepted, waiting for result.
[INFO] [1733770351.747728636] [fibonacci_action_client]: Received feedback: array('i', [0, 1, 1])
[INFO] [1733770352.248680745] [fibonacci_action_client]: Received feedback: array('i', [0, 1, 1, 2])
[INFO] [1733770352.750299119] [fibonacci_action_client]: Received feedback: array('i', [0, 1, 1, 2, 3])
[INFO] [1733770353.251564835] [fibonacci_action_client]: Received feedback: array('i', [0, 1, 1, 2, 3, 5])
[INFO] [1733770353.752929548] [fibonacci_action_client]: Received feedback: array('i', [0, 1, 1, 2, 3, 5, 8])
[INFO] [1733770354.254439928] [fibonacci_action_client]: Received feedback: array('i', [0, 1, 1, 2, 3, 5, 8, 13])
[INFO] [1733770354.755669794] [fibonacci_action_client]: Received feedback: array('i', [0, 1, 1, 2, 3, 5, 8, 13, 21])
[INFO] [1733770355.256877112] [fibonacci_action_client]: Received feedback: array('i', [0, 1, 1, 2, 3, 5, 8, 13, 21, 34])
[INFO] [1733770355.758327903] [fibonacci_action_client]: Received feedback: array('i', [0, 1, 1, 2, 3, 5, 8, 13, 21, 34, 55])
[INFO] [1733770356.260323126] [fibonacci_action_client]: Result: array('i', [0, 1, 1, 2, 3, 5, 8, 13, 21, 34, 55])
[INFO] [1733770356.761717404] [fibonacci_action_client]: Sending goal with order 10
[INFO] [1733770356.763385198] [fibonacci_action_client]: Goal accepted, waiting for result.
[INFO] [1733770356.765084065] [fibonacci_action_client]: Received feedback: array('i', [0, 1, 1])
[INFO] [1733770357.266449683] [fibonacci_action_client]: Received feedback: array('i', [0, 1, 1, 2])
[INFO] [1733770357.767779144] [fibonacci_action_client]: Received feedback: array('i', [0, 1, 1, 2, 3])
[INFO] [1733770358.268917707] [fibonacci_action_client]: Received feedback: array('i', [0, 1, 1, 2, 3, 5])
[INFO] [1733770358.770212988] [fibonacci_action_client]: Received feedback: array('i', [0, 1, 1, 2, 3, 5, 8])
[INFO] [1733770359.270875466] [fibonacci_action_client]: Received feedback: array('i', [0, 1, 1, 2, 3, 5, 8, 13])
[INFO] [1733770359.771868505] [fibonacci_action_client]: Received feedback: array('i', [0, 1, 1, 2, 3, 5, 8, 13, 21])
[INFO] [1733770360.273952365] [fibonacci_action_client]: Received feedback: array('i', [0, 1, 1, 2, 3, 5, 8, 13, 21, 34])
[INFO] [1733770360.774051181] [fibonacci_action_client]: Received feedback: array('i', [0, 1, 1, 2, 3, 5, 8, 13, 21, 34, 55])
[INFO] [1733770361.275182126] [fibonacci_action_client]: Result: array('i', [0, 1, 1, 2, 3, 5, 8, 13, 21, 34, 55])
[INFO] [1733770361.776440468] [fibonacci_action_client]: Sending goal with order 10
[INFO] [1733770361.777874279] [fibonacci_action_client]: Goal accepted, waiting for result.
[INFO] [1733770361.779219197] [fibonacci_action_client]: Received feedback: array('i', [0, 1, 1])
[INFO] [1733770362.280409805] [fibonacci_action_client]: Received feedback: array('i', [0, 1, 1, 2])
[INFO] [1733770362.781795146] [fibonacci_action_client]: Received feedback: array('i', [0, 1, 1, 2, 3])
[INFO] [1733770363.282907154] [fibonacci_action_client]: Received feedback: array('i', [0, 1, 1, 2, 3, 5])
[INFO] [1733770363.784069216] [fibonacci_action_client]: Received feedback: array('i', [0, 1, 1, 2, 3, 5, 8])
[INFO] [1733770364.285438568] [fibonacci_action_client]: Received feedback: array('i', [0, 1, 1, 2, 3, 5, 8, 13])
[INFO] [1733770364.786809888] [fibonacci_action_client]: Received feedback: array('i', [0, 1, 1, 2, 3, 5, 8, 13, 21])
[INFO] [1733770365.287771273] [fibonacci_action_client]: Received feedback: array('i', [0, 1, 1, 2, 3, 5, 8, 13, 21, 34])
[INFO] [1733770365.789251597] [fibonacci_action_client]: Received feedback: array('i', [0, 1, 1, 2, 3, 5, 8, 13, 21, 34, 55])
[INFO] [1733770366.291394118] [fibonacci_action_client]: Result: array('i', [0, 1, 1, 2, 3, 5, 8, 13, 21, 34, 55])
[INFO] [1733770366.792361218] [fibonacci_action_client]: Sending goal with order 10
[INFO] [1733770366.794132292] [fibonacci_action_client]: Goal accepted, waiting for result.
[INFO] [1733770366.795982599] [fibonacci_action_client]: Received feedback: array('i', [0, 1, 1])
[INFO] [1733770367.297175545] [fibonacci_action_client]: Received feedback: array('i', [0, 1, 1, 2])
[INFO] [1733770367.798606107] [fibonacci_action_client]: Received feedback: array('i', [0, 1, 1, 2, 3])
[INFO] [1733770368.299873329] [fibonacci_action_client]: Received feedback: array('i', [0, 1, 1, 2, 3, 5])
[INFO] [1733770368.800818177] [fibonacci_action_client]: Received feedback: array('i', [0, 1, 1, 2, 3, 5, 8])
[INFO] [1733770369.302174551] [fibonacci_action_client]: Received feedback: array('i', [0, 1, 1, 2, 3, 5, 8, 13])
[INFO] [1733770369.803026153] [fibonacci_action_client]: Received feedback: array('i', [0, 1, 1, 2, 3, 5, 8, 13, 21])
[INFO] [1733770370.304517922] [fibonacci_action_client]: Received feedback: array('i', [0, 1, 1, 2, 3, 5, 8, 13, 21, 34])
[INFO] [1733770370.805985947] [fibonacci_action_client]: Received feedback: array('i', [0, 1, 1, 2, 3, 5, 8, 13, 21, 34, 55])
[INFO] [1733770371.307299205] [fibonacci_action_client]: Result: array('i', [0, 1, 1, 2, 3, 5, 8, 13, 21, 34, 55])
[INFO] [1733770371.808502381] [fibonacci_action_client]: Sending goal with order 10
[INFO] [1733770371.810011075] [fibonacci_action_client]: Goal accepted, waiting for result.
[INFO] [1733770371.811352409] [fibonacci_action_client]: Received feedback: array('i', [0, 1, 1])
[INFO] [1733770372.312564927] [fibonacci_action_client]: Received feedback: array('i', [0, 1, 1, 2])
[INFO] [1733770372.813641722] [fibonacci_action_client]: Received feedback: array('i', [0, 1, 1, 2, 3])
[INFO] [1733770373.315138704] [fibonacci_action_client]: Received feedback: array('i', [0, 1, 1, 2, 3, 5])
[INFO] [1733770373.816594012] [fibonacci_action_client]: Received feedback: array('i', [0, 1, 1, 2, 3, 5, 8])
[INFO] [1733770374.317940702] [fibonacci_action_client]: Received feedback: array('i', [0, 1, 1, 2, 3, 5, 8, 13])
[INFO] [1733770374.818819112] [fibonacci_action_client]: Received feedback: array('i', [0, 1, 1, 2, 3, 5, 8, 13, 21])
[INFO] [1733770375.320038758] [fibonacci_action_client]: Received feedback: array('i', [0, 1, 1, 2, 3, 5, 8, 13, 21, 34])
[INFO] [1733770375.821404914] [fibonacci_action_client]: Received feedback: array('i', [0, 1, 1, 2, 3, 5, 8, 13, 21, 34, 55])
[INFO] [1733770376.323064345] [fibonacci_action_client]: Result: array('i', [0, 1, 1, 2, 3, 5, 8, 13, 21, 34, 55])
[INFO] [1733770376.824061764] [fibonacci_action_client]: Sending goal with order 10
[INFO] [1733770376.825423545] [fibonacci_action_client]: Goal accepted, waiting for result.
[INFO] [1733770376.826933919] [fibonacci_action_client]: Received feedback: array('i', [0, 1, 1])
[INFO] [1733770377.327780838] [fibonacci_action_client]: Received feedback: array('i', [0, 1, 1, 2])
[INFO] [1733770377.828703364] [fibonacci_action_client]: Received feedback: array('i', [0, 1, 1, 2, 3])
[INFO] [1733770378.330236736] [fibonacci_action_client]: Received feedback: array('i', [0, 1, 1, 2, 3, 5])
[INFO] [1733770378.831783304] [fibonacci_action_client]: Received feedback: array('i', [0, 1, 1, 2, 3, 5, 8])
[INFO] [1733770379.332880029] [fibonacci_action_client]: Received feedback: array('i', [0, 1, 1, 2, 3, 5, 8, 13])
[INFO] [1733770379.834297231] [fibonacci_action_client]: Received feedback: array('i', [0, 1, 1, 2, 3, 5, 8, 13, 21])
[INFO] [1733770380.335539767] [fibonacci_action_client]: Received feedback: array('i', [0, 1, 1, 2, 3, 5, 8, 13, 21, 34])
[INFO] [1733770380.836620597] [fibonacci_action_client]: Received feedback: array('i', [0, 1, 1, 2, 3, 5, 8, 13, 21, 34, 55])
[INFO] [1733770381.338406412] [fibonacci_action_client]: Result: array('i', [0, 1, 1, 2, 3, 5, 8, 13, 21, 34, 55])
[INFO] [1733770381.839560833] [fibonacci_action_client]: Sending goal with order 10
[INFO] [1733770381.840989624] [fibonacci_action_client]: Goal accepted, waiting for result.
[INFO] [1733770381.842717826] [fibonacci_action_client]: Received feedback: array('i', [0, 1, 1])
[INFO] [1733770382.343515131] [fibonacci_action_client]: Received feedback: array('i', [0, 1, 1, 2])
[INFO] [1733770382.844923066] [fibonacci_action_client]: Received feedback: array('i', [0, 1, 1, 2, 3])
[INFO] [1733770383.346492405] [fibonacci_action_client]: Received feedback: array('i', [0, 1, 1, 2, 3, 5])
[INFO] [1733770383.847696500] [fibonacci_action_client]: Received feedback: array('i', [0, 1, 1, 2, 3, 5, 8])
[INFO] [1733770384.349105663] [fibonacci_action_client]: Received feedback: array('i', [0, 1, 1, 2, 3, 5, 8, 13])
[INFO] [1733770384.850095879] [fibonacci_action_client]: Received feedback: array('i', [0, 1, 1, 2, 3, 5, 8, 13, 21])
[INFO] [1733770385.350886486] [fibonacci_action_client]: Received feedback: array('i', [0, 1, 1, 2, 3, 5, 8, 13, 21, 34])
[INFO] [1733770385.852716171] [fibonacci_action_client]: Received feedback: array('i', [0, 1, 1, 2, 3, 5, 8, 13, 21, 34, 55])
[INFO] [1733770386.354118700] [fibonacci_action_client]: Result: array('i', [0, 1, 1, 2, 3, 5, 8, 13, 21, 34, 55])
[INFO] [1733770386.855151864] [fibonacci_action_client]: Sending goal with order 10
[INFO] [1733770386.856726687] [fibonacci_action_client]: Goal accepted, waiting for result.
[INFO] [1733770386.858827173] [fibonacci_action_client]: Received feedback: array('i', [0, 1, 1])
[INFO] [1733770387.359493448] [fibonacci_action_client]: Received feedback: array('i', [0, 1, 1, 2])
[INFO] [1733770387.860878984] [fibonacci_action_client]: Received feedback: array('i', [0, 1, 1, 2, 3])
[INFO] [1733770388.362335226] [fibonacci_action_client]: Received feedback: array('i', [0, 1, 1, 2, 3, 5])
[INFO] [1733770388.863697213] [fibonacci_action_client]: Received feedback: array('i', [0, 1, 1, 2, 3, 5, 8])
[INFO] [1733770389.365042145] [fibonacci_action_client]: Received feedback: array('i', [0, 1, 1, 2, 3, 5, 8, 13])
[INFO] [1733770389.866143092] [fibonacci_action_client]: Received feedback: array('i', [0, 1, 1, 2, 3, 5, 8, 13, 21])
[INFO] [1733770390.367675993] [fibonacci_action_client]: Received feedback: array('i', [0, 1, 1, 2, 3, 5, 8, 13, 21, 34])
[INFO] [1733770390.868986419] [fibonacci_action_client]: Received feedback: array('i', [0, 1, 1, 2, 3, 5, 8, 13, 21, 34, 55])
[INFO] [1733770391.370721302] [fibonacci_action_client]: Result: array('i', [0, 1, 1, 2, 3, 5, 8, 13, 21, 34, 55])
[INFO] [1733770391.871877062] [fibonacci_action_client]: Sending goal with order 10
[INFO] [1733770391.874189216] [fibonacci_action_client]: Goal accepted, waiting for result.
[INFO] [1733770391.877244135] [fibonacci_action_client]: Received feedback: array('i', [0, 1, 1])
[INFO] [1733770392.377968643] [fibonacci_action_client]: Received feedback: array('i', [0, 1, 1, 2])
[INFO] [1733770392.879279290] [fibonacci_action_client]: Received feedback: array('i', [0, 1, 1, 2, 3])
[INFO] [1733770393.380655393] [fibonacci_action_client]: Received feedback: array('i', [0, 1, 1, 2, 3, 5])
[INFO] [1733770393.882139669] [fibonacci_action_client]: Received feedback: array('i', [0, 1, 1, 2, 3, 5, 8])
[INFO] [1733770394.383154462] [fibonacci_action_client]: Received feedback: array('i', [0, 1, 1, 2, 3, 5, 8, 13])
[INFO] [1733770394.884315261] [fibonacci_action_client]: Received feedback: array('i', [0, 1, 1, 2, 3, 5, 8, 13, 21])
[INFO] [1733770395.385523939] [fibonacci_action_client]: Received feedback: array('i', [0, 1, 1, 2, 3, 5, 8, 13, 21, 34])
[INFO] [1733770395.886858374] [fibonacci_action_client]: Received feedback: array('i', [0, 1, 1, 2, 3, 5, 8, 13, 21, 34, 55])
[INFO] [1733770396.388842359] [fibonacci_action_client]: Result: array('i', [0, 1, 1, 2, 3, 5, 8, 13, 21, 34, 55])
[INFO] [1733770396.889892056] [fibonacci_action_client]: Sending goal with order 10
[INFO] [1733770396.891364653] [fibonacci_action_client]: Goal accepted, waiting for result.
[INFO] [1733770396.892943568] [fibonacci_action_client]: Received feedback: array('i', [0, 1, 1])
[INFO] [1733770397.394242646] [fibonacci_action_client]: Received feedback: array('i', [0, 1, 1, 2])
[INFO] [1733770397.895380862] [fibonacci_action_client]: Received feedback: array('i', [0, 1, 1, 2, 3])
[INFO] [1733770398.396567449] [fibonacci_action_client]: Received feedback: array('i', [0, 1, 1, 2, 3, 5])
[INFO] [1733770398.898398848] [fibonacci_action_client]: Received feedback: array('i', [0, 1, 1, 2, 3, 5, 8])
[INFO] [1733770399.398869120] [fibonacci_action_client]: Received feedback: array('i', [0, 1, 1, 2, 3, 5, 8, 13])
[INFO] [1733770399.900205497] [fibonacci_action_client]: Received feedback: array('i', [0, 1, 1, 2, 3, 5, 8, 13, 21])
[INFO] [1733770400.401673968] [fibonacci_action_client]: Received feedback: array('i', [0, 1, 1, 2, 3, 5, 8, 13, 21, 34])
[INFO] [1733770400.902495993] [fibonacci_action_client]: Received feedback: array('i', [0, 1, 1, 2, 3, 5, 8, 13, 21, 34, 55])
[INFO] [1733770401.404384688] [fibonacci_action_client]: Result: array('i', [0, 1, 1, 2, 3, 5, 8, 13, 21, 34, 55])
[INFO] [1733770401.905547833] [fibonacci_action_client]: Sending goal with order 10
[INFO] [1733770401.906979835] [fibonacci_action_client]: Goal accepted, waiting for result.
[INFO] [1733770401.908554117] [fibonacci_action_client]: Received feedback: array('i', [0, 1, 1])
[INFO] [1733770402.409748747] [fibonacci_action_client]: Received feedback: array('i', [0, 1, 1, 2])
[INFO] [1733770402.910681468] [fibonacci_action_client]: Received feedback: array('i', [0, 1, 1, 2, 3])
[INFO] [1733770403.411943939] [fibonacci_action_client]: Received feedback: array('i', [0, 1, 1, 2, 3, 5])
[INFO] [1733770403.912937780] [fibonacci_action_client]: Received feedback: array('i', [0, 1, 1, 2, 3, 5, 8])
[INFO] [1733770404.414580230] [fibonacci_action_client]: Received feedback: array('i', [0, 1, 1, 2, 3, 5, 8, 13])
[INFO] [1733770404.915817759] [fibonacci_action_client]: Received feedback: array('i', [0, 1, 1, 2, 3, 5, 8, 13, 21])
[INFO] [1733770405.417120868] [fibonacci_action_client]: Received feedback: array('i', [0, 1, 1, 2, 3, 5, 8, 13, 21, 34])
[INFO] [1733770405.918597311] [fibonacci_action_client]: Received feedback: array('i', [0, 1, 1, 2, 3, 5, 8, 13, 21, 34, 55])
[INFO] [1733770406.420276116] [fibonacci_action_client]: Result: array('i', [0, 1, 1, 2, 3, 5, 8, 13, 21, 34, 55])
[INFO] [1733770406.921270366] [fibonacci_action_client]: Sending goal with order 10
[INFO] [1733770406.922670855] [fibonacci_action_client]: Goal accepted, waiting for result.
[INFO] [1733770406.924236767] [fibonacci_action_client]: Received feedback: array('i', [0, 1, 1])
[INFO] [1733770407.425448822] [fibonacci_action_client]: Received feedback: array('i', [0, 1, 1, 2])
[INFO] [1733770407.926784726] [fibonacci_action_client]: Received feedback: array('i', [0, 1, 1, 2, 3])
[INFO] [1733770408.428138387] [fibonacci_action_client]: Received feedback: array('i', [0, 1, 1, 2, 3, 5])
[INFO] [1733770408.929268205] [fibonacci_action_client]: Received feedback: array('i', [0, 1, 1, 2, 3, 5, 8])
[INFO] [1733770409.430902857] [fibonacci_action_client]: Received feedback: array('i', [0, 1, 1, 2, 3, 5, 8, 13])
[INFO] [1733770409.932021909] [fibonacci_action_client]: Received feedback: array('i', [0, 1, 1, 2, 3, 5, 8, 13, 21])
[INFO] [1733770410.433393668] [fibonacci_action_client]: Received feedback: array('i', [0, 1, 1, 2, 3, 5, 8, 13, 21, 34])
[INFO] [1733770410.934458966] [fibonacci_action_client]: Received feedback: array('i', [0, 1, 1, 2, 3, 5, 8, 13, 21, 34, 55])
[INFO] [1733770411.437913786] [fibonacci_action_client]: Result: array('i', [0, 1, 1, 2, 3, 5, 8, 13, 21, 34, 55])
[INFO] [1733770411.938945252] [fibonacci_action_client]: Sending goal with order 10
[INFO] [1733770411.940632591] [fibonacci_action_client]: Goal accepted, waiting for result.
[INFO] [1733770411.943300785] [fibonacci_action_client]: Received feedback: array('i', [0, 1, 1])
[INFO] [1733770412.442683391] [fibonacci_action_client]: Received feedback: array('i', [0, 1, 1, 2])
[INFO] [1733770412.944001034] [fibonacci_action_client]: Received feedback: array('i', [0, 1, 1, 2, 3])
[INFO] [1733770413.445417257] [fibonacci_action_client]: Received feedback: array('i', [0, 1, 1, 2, 3, 5])
[INFO] [1733770413.946855611] [fibonacci_action_client]: Received feedback: array('i', [0, 1, 1, 2, 3, 5, 8])
[INFO] [1733770414.447999551] [fibonacci_action_client]: Received feedback: array('i', [0, 1, 1, 2, 3, 5, 8, 13])
[INFO] [1733770414.949504731] [fibonacci_action_client]: Received feedback: array('i', [0, 1, 1, 2, 3, 5, 8, 13, 21])
[INFO] [1733770415.450647005] [fibonacci_action_client]: Received feedback: array('i', [0, 1, 1, 2, 3, 5, 8, 13, 21, 34])
[INFO] [1733770415.951916616] [fibonacci_action_client]: Received feedback: array('i', [0, 1, 1, 2, 3, 5, 8, 13, 21, 34, 55])
[INFO] [1733770416.454006714] [fibonacci_action_client]: Result: array('i', [0, 1, 1, 2, 3, 5, 8, 13, 21, 34, 55])
[INFO] [1733770416.955119198] [fibonacci_action_client]: Sending goal with order 10
[INFO] [1733770416.956340703] [fibonacci_action_client]: Goal accepted, waiting for result.
[INFO] [1733770416.957975057] [fibonacci_action_client]: Received feedback: array('i', [0, 1, 1])
[INFO] [1733770417.458910510] [fibonacci_action_client]: Received feedback: array('i', [0, 1, 1, 2])
[INFO] [1733770417.960269408] [fibonacci_action_client]: Received feedback: array('i', [0, 1, 1, 2, 3])
[INFO] [1733770418.461477201] [fibonacci_action_client]: Received feedback: array('i', [0, 1, 1, 2, 3, 5])
[INFO] [1733770418.962561133] [fibonacci_action_client]: Received feedback: array('i', [0, 1, 1, 2, 3, 5, 8])
[INFO] [1733770419.463642237] [fibonacci_action_client]: Received feedback: array('i', [0, 1, 1, 2, 3, 5, 8, 13])
[INFO] [1733770419.965118131] [fibonacci_action_client]: Received feedback: array('i', [0, 1, 1, 2, 3, 5, 8, 13, 21])
[INFO] [1733770420.466504329] [fibonacci_action_client]: Received feedback: array('i', [0, 1, 1, 2, 3, 5, 8, 13, 21, 34])
[INFO] [1733770420.967828606] [fibonacci_action_client]: Received feedback: array('i', [0, 1, 1, 2, 3, 5, 8, 13, 21, 34, 55])
[INFO] [1733770421.469925074] [fibonacci_action_client]: Result: array('i', [0, 1, 1, 2, 3, 5, 8, 13, 21, 34, 55])
[INFO] [1733770421.971042960] [fibonacci_action_client]: Sending goal with order 10
[INFO] [1733770421.972897900] [fibonacci_action_client]: Goal accepted, waiting for result.
[INFO] [1733770421.974896190] [fibonacci_action_client]: Received feedback: array('i', [0, 1, 1])
[INFO] [1733770422.475498881] [fibonacci_action_client]: Received feedback: array('i', [0, 1, 1, 2])
[INFO] [1733770422.976872934] [fibonacci_action_client]: Received feedback: array('i', [0, 1, 1, 2, 3])
[INFO] [1733770423.477980922] [fibonacci_action_client]: Received feedback: array('i', [0, 1, 1, 2, 3, 5])
[INFO] [1733770423.978859776] [fibonacci_action_client]: Received feedback: array('i', [0, 1, 1, 2, 3, 5, 8])
[INFO] [1733770424.480226377] [fibonacci_action_client]: Received feedback: array('i', [0, 1, 1, 2, 3, 5, 8, 13])
[INFO] [1733770424.981403308] [fibonacci_action_client]: Received feedback: array('i', [0, 1, 1, 2, 3, 5, 8, 13, 21])
[INFO] [1733770425.482623696] [fibonacci_action_client]: Received feedback: array('i', [0, 1, 1, 2, 3, 5, 8, 13, 21, 34])
[INFO] [1733770425.983985013] [fibonacci_action_client]: Received feedback: array('i', [0, 1, 1, 2, 3, 5, 8, 13, 21, 34, 55])
[INFO] [1733770426.486350634] [fibonacci_action_client]: Result: array('i', [0, 1, 1, 2, 3, 5, 8, 13, 21, 34, 55])
[INFO] [1733770426.987578309] [fibonacci_action_client]: Sending goal with order 10
[INFO] [1733770426.989417658] [fibonacci_action_client]: Goal accepted, waiting for result.
[INFO] [1733770426.991292570] [fibonacci_action_client]: Received feedback: array('i', [0, 1, 1])
[INFO] [1733770427.492043088] [fibonacci_action_client]: Received feedback: array('i', [0, 1, 1, 2])
[INFO] [1733770427.993104646] [fibonacci_action_client]: Received feedback: array('i', [0, 1, 1, 2, 3])
[INFO] [1733770428.494293705] [fibonacci_action_client]: Received feedback: array('i', [0, 1, 1, 2, 3, 5])
[INFO] [1733770428.995805418] [fibonacci_action_client]: Received feedback: array('i', [0, 1, 1, 2, 3, 5, 8])
[INFO] [1733770429.497408697] [fibonacci_action_client]: Received feedback: array('i', [0, 1, 1, 2, 3, 5, 8, 13])
[INFO] [1733770429.998744439] [fibonacci_action_client]: Received feedback: array('i', [0, 1, 1, 2, 3, 5, 8, 13, 21])
[INFO] [1733770430.499887639] [fibonacci_action_client]: Received feedback: array('i', [0, 1, 1, 2, 3, 5, 8, 13, 21, 34])
[INFO] [1733770431.001253055] [fibonacci_action_client]: Received feedback: array('i', [0, 1, 1, 2, 3, 5, 8, 13, 21, 34, 55])
[INFO] [1733770431.502851792] [fibonacci_action_client]: Result: array('i', [0, 1, 1, 2, 3, 5, 8, 13, 21, 34, 55])
[INFO] [1733770432.003946634] [fibonacci_action_client]: Sending goal with order 10
[INFO] [1733770432.005215072] [fibonacci_action_client]: Goal accepted, waiting for result.
[INFO] [1733770432.006881688] [fibonacci_action_client]: Received feedback: array('i', [0, 1, 1])
[INFO] [1733770432.507680880] [fibonacci_action_client]: Received feedback: array('i', [0, 1, 1, 2])
[INFO] [1733770433.008945881] [fibonacci_action_client]: Received feedback: array('i', [0, 1, 1, 2, 3])
[INFO] [1733770433.510170655] [fibonacci_action_client]: Received feedback: array('i', [0, 1, 1, 2, 3, 5])
[INFO] [1733770434.010977073] [fibonacci_action_client]: Received feedback: array('i', [0, 1, 1, 2, 3, 5, 8])
[INFO] [1733770434.512244716] [fibonacci_action_client]: Received feedback: array('i', [0, 1, 1, 2, 3, 5, 8, 13])
[INFO] [1733770435.013655085] [fibonacci_action_client]: Received feedback: array('i', [0, 1, 1, 2, 3, 5, 8, 13, 21])
[INFO] [1733770435.514775916] [fibonacci_action_client]: Received feedback: array('i', [0, 1, 1, 2, 3, 5, 8, 13, 21, 34])
[INFO] [1733770436.016031417] [fibonacci_action_client]: Received feedback: array('i', [0, 1, 1, 2, 3, 5, 8, 13, 21, 34, 55])
[INFO] [1733770436.517815044] [fibonacci_action_client]: Result: array('i', [0, 1, 1, 2, 3, 5, 8, 13, 21, 34, 55])
[INFO] [1733770437.018805404] [fibonacci_action_client]: Sending goal with order 10
[INFO] [1733770437.020136624] [fibonacci_action_client]: Goal accepted, waiting for result.
[INFO] [1733770437.022395188] [fibonacci_action_client]: Received feedback: array('i', [0, 1, 1])
[INFO] [1733770437.522478275] [fibonacci_action_client]: Received feedback: array('i', [0, 1, 1, 2])
[INFO] [1733770438.023669452] [fibonacci_action_client]: Received feedback: array('i', [0, 1, 1, 2, 3])
[INFO] [1733770438.525048709] [fibonacci_action_client]: Received feedback: array('i', [0, 1, 1, 2, 3, 5])
[INFO] [1733770439.026492911] [fibonacci_action_client]: Received feedback: array('i', [0, 1, 1, 2, 3, 5, 8])
[INFO] [1733770439.527891649] [fibonacci_action_client]: Received feedback: array('i', [0, 1, 1, 2, 3, 5, 8, 13])
[INFO] [1733770440.029130731] [fibonacci_action_client]: Received feedback: array('i', [0, 1, 1, 2, 3, 5, 8, 13, 21])
[INFO] [1733770440.530584714] [fibonacci_action_client]: Received feedback: array('i', [0, 1, 1, 2, 3, 5, 8, 13, 21, 34])
[INFO] [1733770441.031923022] [fibonacci_action_client]: Received feedback: array('i', [0, 1, 1, 2, 3, 5, 8, 13, 21, 34, 55])
[INFO] [1733770441.533793143] [fibonacci_action_client]: Result: array('i', [0, 1, 1, 2, 3, 5, 8, 13, 21, 34, 55])
[INFO] [1733770442.034889674] [fibonacci_action_client]: Sending goal with order 10
[INFO] [1733770442.036314688] [fibonacci_action_client]: Goal accepted, waiting for result.
[INFO] [1733770442.038108608] [fibonacci_action_client]: Received feedback: array('i', [0, 1, 1])
[INFO] [1733770442.538696359] [fibonacci_action_client]: Received feedback: array('i', [0, 1, 1, 2])
[INFO] [1733770443.039782510] [fibonacci_action_client]: Received feedback: array('i', [0, 1, 1, 2, 3])
[INFO] [1733770443.541227959] [fibonacci_action_client]: Received feedback: array('i', [0, 1, 1, 2, 3, 5])
[INFO] [1733770444.042698408] [fibonacci_action_client]: Received feedback: array('i', [0, 1, 1, 2, 3, 5, 8])
[INFO] [1733770444.543756700] [fibonacci_action_client]: Received feedback: array('i', [0, 1, 1, 2, 3, 5, 8, 13])
[INFO] [1733770445.044751492] [fibonacci_action_client]: Received feedback: array('i', [0, 1, 1, 2, 3, 5, 8, 13, 21])
[INFO] [1733770445.546098367] [fibonacci_action_client]: Received feedback: array('i', [0, 1, 1, 2, 3, 5, 8, 13, 21, 34])
[INFO] [1733770446.046781077] [fibonacci_action_client]: Received feedback: array('i', [0, 1, 1, 2, 3, 5, 8, 13, 21, 34, 55])
